2022-12-10 09:19:11.692 UTC [INFO]  starting plugin manager
2022-12-10 09:19:11.694 UTC [TRACE] loaded config map: csv,github,hackernews,net
2022-12-10 09:19:11.694 UTC [TRACE] NewPluginManager
2022-12-10 09:19:11.695 UTC [TRACE] PluginManager setPluginCacheSizeMap: 4 connections.
2022-12-10 09:19:11.695 UTC [TRACE] Total cache size 0Mb
2022-12-10 09:19:11.695 UTC [INFO]  starting connection watcher
2022-12-10 09:19:11.695 UTC [INFO]  created ConnectionWatcher
2022-12-10 09:19:11.695 UTC [TRACE] about to serve
2022-12-10 09:19:11.764 UTC [TRACE] PluginManager Get, connections: '[csv]'
2022-12-10 09:19:11.765 UTC [TRACE] PluginManager getPlugin hub.steampipe.io/plugins/turbot/csv@latest connection 'csv'
2022-12-10 09:19:11.765 UTC [TRACE] PluginManager 0xc000095ae0 plugin hub.steampipe.io/plugins/turbot/csv@latest (csv) NOT started or starting - start now
2022-12-10 09:19:11.765 UTC [TRACE] ************ start plugin csv ********************
2022-12-10 09:19:11.765 UTC [TRACE] ************ plugin path /home/runner/.steampipe/plugins/hub.steampipe.io/plugins/turbot/csv@latest/steampipe-plugin-csv.plugin ********************
2022-12-10 09:19:11.798 UTC [TRACE] handleFileWatcherEvent ignoring first event
2022-12-10 09:19:11.820 UTC [DEBUG] starting plugin: path=/home/runner/.steampipe/plugins/hub.steampipe.io/plugins/turbot/csv@latest/steampipe-plugin-csv.plugin args=["/home/runner/.steampipe/plugins/hub.steampipe.io/plugins/turbot/csv@latest/steampipe-plugin-csv.plugin"]
2022-12-10 09:19:11.821 UTC [DEBUG] plugin started: path=/home/runner/.steampipe/plugins/hub.steampipe.io/plugins/turbot/csv@latest/steampipe-plugin-csv.plugin pid=1993
2022-12-10 09:19:11.821 UTC [DEBUG] waiting for RPC address: path=/home/runner/.steampipe/plugins/hub.steampipe.io/plugins/turbot/csv@latest/steampipe-plugin-csv.plugin
2022-12-10 09:19:11.828 UTC [INFO]  steampipe-plugin-csv.plugin: [INFO]  Initialise plugin 'steampipe-plugin-csv', using sdk version 4.1.8
2022-12-10 09:19:11.828 UTC [TRACE] steampipe-plugin-csv.plugin: [TRACE] no DefaultRetryConfig defined - creating empty
2022-12-10 09:19:11.828 UTC [TRACE] steampipe-plugin-csv.plugin: [TRACE] no DefaultIgnoreConfig defined - creating empty
2022-12-10 09:19:11.828 UTC [TRACE] steampipe-plugin-csv.plugin: [TRACE] telemetry.Init service 'steampipe-plugin-csv', tracingEnabled: false, metricsEnabled: false
2022-12-10 09:19:11.828 UTC [TRACE] steampipe-plugin-csv.plugin: [TRACE] metrics and tracing disabled' - returning
2022-12-10 09:19:11.829 UTC [DEBUG] steampipe-plugin-csv.plugin: plugin address: network=unix address=/tmp/plugin2950155610 timestamp=2022-12-10T09:19:11.829Z
2022-12-10 09:19:11.829 UTC [DEBUG] using plugin: version=0
2022-12-10 09:19:11.829 UTC [TRACE] NewPluginClient for plugin hub.steampipe.io/plugins/turbot/csv@latest
2022-12-10 09:19:11.830 UTC [TRACE] stdio: waiting for stdio data
2022-12-10 09:19:11.831 UTC [TRACE] supportedOperations: query_cache:true multiple_connections:true
2022-12-10 09:19:11.832 UTC [TRACE] steampipe-plugin-csv.plugin: [TRACE] SetAllConnectionConfigs setting 1 configs
2022-12-10 09:19:11.832 UTC [TRACE] steampipe-plugin-csv.plugin: [TRACE] connection csv build schema and table map
2022-12-10 09:19:11.832 UTC [DEBUG] steampipe-plugin-csv.plugin: [DEBUG] csv.tableCSV: path=/home/runner/work/steampipe-samples/steampipe-samples/all/hackernews/hn_items_all.csv detected_encoding=Unknown
2022-12-10 09:19:11.832 UTC [DEBUG] steampipe-plugin-csv.plugin: [DEBUG] csv.tableCSV: path=/home/runner/work/steampipe-samples/steampipe-samples/all/hackernews/new_sc.csv detected_encoding=Unknown
2022-12-10 09:19:11.832 UTC [DEBUG] steampipe-plugin-csv.plugin: [DEBUG] csv.tableCSV: path=/home/runner/work/steampipe-samples/steampipe-samples/all/hackernews/people.csv detected_encoding=Unknown
2022-12-10 09:19:11.832 UTC [TRACE] steampipe-plugin-csv.plugin: [TRACE] initialise table /home/runner/work/steampipe-samples/steampipe-samples/all/hackernews/hn_items_all.csv
2022-12-10 09:19:11.832 UTC [TRACE] steampipe-plugin-csv.plugin: [TRACE] no DefaultRetryConfig defined - creating empty
2022-12-10 09:19:11.832 UTC [TRACE] steampipe-plugin-csv.plugin: [TRACE] no DefaultIgnoreConfig defined - creating empty
2022-12-10 09:19:11.832 UTC [TRACE] steampipe-plugin-csv.plugin: [TRACE] apply plugin defaults for DefaultRetryConfig
2022-12-10 09:19:11.832 UTC [TRACE] steampipe-plugin-csv.plugin: [TRACE] apply plugin defaults for DefaultIgnoreConfig, table &{<nil> <nil>} plugin &{<nil> <nil>}
2022-12-10 09:19:11.832 UTC [TRACE] steampipe-plugin-csv.plugin: [TRACE] DefaultRetryConfig:
2022-12-10 09:19:11.832 UTC [TRACE] steampipe-plugin-csv.plugin: [TRACE] DefaultIgnoreConfig:
2022-12-10 09:19:11.832 UTC [TRACE] steampipe-plugin-csv.plugin: [TRACE] t.List.initialise
2022-12-10 09:19:11.832 UTC [TRACE] steampipe-plugin-csv.plugin: [TRACE] ListConfig.initialise table /home/runner/work/steampipe-samples/steampipe-samples/all/hackernews/hn_items_all.csv
2022-12-10 09:19:11.832 UTC [TRACE] steampipe-plugin-csv.plugin: [TRACE] ListConfig.initialise complete: RetryConfig: , IgnoreConfig
2022-12-10 09:19:11.832 UTC [TRACE] steampipe-plugin-csv.plugin: [TRACE] back from initialiseHydrateConfigs
2022-12-10 09:19:11.832 UTC [TRACE] steampipe-plugin-csv.plugin: [TRACE] initialise table /home/runner/work/steampipe-samples/steampipe-samples/all/hackernews/hn_items_all.csv COMPLETE
2022-12-10 09:19:11.832 UTC [TRACE] steampipe-plugin-csv.plugin: [TRACE] initialise table /home/runner/work/steampipe-samples/steampipe-samples/all/hackernews/new_sc.csv
2022-12-10 09:19:11.832 UTC [TRACE] steampipe-plugin-csv.plugin: [TRACE] no DefaultRetryConfig defined - creating empty
2022-12-10 09:19:11.832 UTC [TRACE] steampipe-plugin-csv.plugin: [TRACE] no DefaultIgnoreConfig defined - creating empty
2022-12-10 09:19:11.832 UTC [TRACE] steampipe-plugin-csv.plugin: [TRACE] apply plugin defaults for DefaultRetryConfig
2022-12-10 09:19:11.832 UTC [TRACE] steampipe-plugin-csv.plugin: [TRACE] apply plugin defaults for DefaultIgnoreConfig, table &{<nil> <nil>} plugin &{<nil> <nil>}
2022-12-10 09:19:11.832 UTC [TRACE] steampipe-plugin-csv.plugin: [TRACE] DefaultRetryConfig:
2022-12-10 09:19:11.832 UTC [TRACE] steampipe-plugin-csv.plugin: [TRACE] DefaultIgnoreConfig:
2022-12-10 09:19:11.832 UTC [TRACE] steampipe-plugin-csv.plugin: [TRACE] t.List.initialise
2022-12-10 09:19:11.832 UTC [TRACE] steampipe-plugin-csv.plugin: [TRACE] ListConfig.initialise table /home/runner/work/steampipe-samples/steampipe-samples/all/hackernews/new_sc.csv
2022-12-10 09:19:11.832 UTC [TRACE] steampipe-plugin-csv.plugin: [TRACE] ListConfig.initialise complete: RetryConfig: , IgnoreConfig
2022-12-10 09:19:11.832 UTC [TRACE] steampipe-plugin-csv.plugin: [TRACE] back from initialiseHydrateConfigs
2022-12-10 09:19:11.832 UTC [TRACE] steampipe-plugin-csv.plugin: [TRACE] initialise table /home/runner/work/steampipe-samples/steampipe-samples/all/hackernews/new_sc.csv COMPLETE
2022-12-10 09:19:11.832 UTC [TRACE] steampipe-plugin-csv.plugin: [TRACE] initialise table /home/runner/work/steampipe-samples/steampipe-samples/all/hackernews/people.csv
2022-12-10 09:19:11.832 UTC [TRACE] steampipe-plugin-csv.plugin: [TRACE] no DefaultRetryConfig defined - creating empty
2022-12-10 09:19:11.832 UTC [TRACE] steampipe-plugin-csv.plugin: [TRACE] no DefaultIgnoreConfig defined - creating empty
2022-12-10 09:19:11.832 UTC [TRACE] steampipe-plugin-csv.plugin: [TRACE] apply plugin defaults for DefaultRetryConfig
2022-12-10 09:19:11.832 UTC [TRACE] steampipe-plugin-csv.plugin: [TRACE] apply plugin defaults for DefaultIgnoreConfig, table &{<nil> <nil>} plugin &{<nil> <nil>}
2022-12-10 09:19:11.832 UTC [TRACE] steampipe-plugin-csv.plugin: [TRACE] DefaultRetryConfig:
2022-12-10 09:19:11.832 UTC [TRACE] steampipe-plugin-csv.plugin: [TRACE] DefaultIgnoreConfig:
2022-12-10 09:19:11.832 UTC [TRACE] steampipe-plugin-csv.plugin: [TRACE] t.List.initialise
2022-12-10 09:19:11.832 UTC [TRACE] steampipe-plugin-csv.plugin: [TRACE] ListConfig.initialise table /home/runner/work/steampipe-samples/steampipe-samples/all/hackernews/people.csv
2022-12-10 09:19:11.832 UTC [TRACE] steampipe-plugin-csv.plugin: [TRACE] ListConfig.initialise complete: RetryConfig: , IgnoreConfig
2022-12-10 09:19:11.832 UTC [TRACE] steampipe-plugin-csv.plugin: [TRACE] back from initialiseHydrateConfigs
2022-12-10 09:19:11.832 UTC [TRACE] steampipe-plugin-csv.plugin: [TRACE] initialise table /home/runner/work/steampipe-samples/steampipe-samples/all/hackernews/people.csv COMPLETE
2022-12-10 09:19:11.832 UTC [TRACE] steampipe-plugin-csv.plugin: [TRACE] validate plugin steampipe-plugin-csv, required columns []
2022-12-10 09:19:11.832 UTC [TRACE] steampipe-plugin-csv.plugin: [TRACE] validate DefaultRetryConfig
2022-12-10 09:19:11.832 UTC [TRACE] steampipe-plugin-csv.plugin: [TRACE] validate DefaultIgnoreConfig
2022-12-10 09:19:11.832 UTC [TRACE] steampipe-plugin-csv.plugin: [TRACE] validate table names
2022-12-10 09:19:11.832 UTC [TRACE] steampipe-plugin-csv.plugin: [TRACE] plugin has 0 validation errors
2022-12-10 09:19:11.832 UTC [TRACE] steampipe-plugin-csv.plugin: [TRACE] Plugin ensureCache creating cache, maxCacheStorageMb 0
2022-12-10 09:19:11.832 UTC [TRACE] steampipe-plugin-csv.plugin: [TRACE] createCacheStore for plugin 'steampipe-plugin-csv' setting max size to 0Mb, Shards: 2, max shard size: 0
2022-12-10 09:19:11.845 UTC [INFO]  steampipe-plugin-csv.plugin: [INFO]  query cache created
2022-12-10 09:19:11.845 UTC [DEBUG] steampipe-plugin-csv.plugin: [DEBUG] SetAllConnectionConfigs finished
2022-12-10 09:19:11.845 UTC [TRACE] PluginManager getPlugin complete, returning reattach config with PID: 1993
2022-12-10 09:19:11.846 UTC [TRACE] PluginManager Get returning reattach_map:{key:"csv" value:{protocol:"grpc" addr:{Network:"unix" Address:"/tmp/plugin2950155610"} pid:1993 supported_operations:{query_cache:true multiple_connections:true} connections:"csv" plugin:"hub.steampipe.io/plugins/turbot/csv@latest"}}
2022-12-10 09:19:11.929 UTC [TRACE] PluginManager Get, connections: '[csv]'
2022-12-10 09:19:11.929 UTC [TRACE] PluginManager getPlugin hub.steampipe.io/plugins/turbot/csv@latest connection 'csv'
2022-12-10 09:19:11.929 UTC [TRACE] connection csv found in connectionPluginMap
2022-12-10 09:19:11.929 UTC [TRACE] initialized: 1993
2022-12-10 09:19:11.929 UTC [TRACE] initialized: 1993
2022-12-10 09:19:11.929 UTC [TRACE] connection csv is loaded, check for running PID
2022-12-10 09:19:11.930 UTC [TRACE] PluginManager found 'csv' in map, pid 1993
2022-12-10 09:19:11.930 UTC [TRACE] PluginManager Get returning reattach_map:{key:"csv" value:{protocol:"grpc" addr:{Network:"unix" Address:"/tmp/plugin2950155610"} pid:1993 supported_operations:{query_cache:true multiple_connections:true} connections:"csv" plugin:"hub.steampipe.io/plugins/turbot/csv@latest"}}
2022-12-10 09:19:12.088 UTC [TRACE] PluginManager Get, connections: '[hackernews]'
2022-12-10 09:19:12.088 UTC [TRACE] PluginManager getPlugin hub.steampipe.io/plugins/turbot/hackernews@latest connection 'hackernews'
2022-12-10 09:19:12.088 UTC [TRACE] PluginManager 0xc000095ae0 plugin hub.steampipe.io/plugins/turbot/hackernews@latest (hackernews) NOT started or starting - start now
2022-12-10 09:19:12.088 UTC [TRACE] ************ start plugin hackernews ********************
2022-12-10 09:19:12.088 UTC [TRACE] ************ plugin path /home/runner/.steampipe/plugins/hub.steampipe.io/plugins/turbot/hackernews@latest/steampipe-plugin-hackernews.plugin ********************
2022-12-10 09:19:12.152 UTC [DEBUG] starting plugin: path=/home/runner/.steampipe/plugins/hub.steampipe.io/plugins/turbot/hackernews@latest/steampipe-plugin-hackernews.plugin args=["/home/runner/.steampipe/plugins/hub.steampipe.io/plugins/turbot/hackernews@latest/steampipe-plugin-hackernews.plugin"]
2022-12-10 09:19:12.153 UTC [DEBUG] plugin started: path=/home/runner/.steampipe/plugins/hub.steampipe.io/plugins/turbot/hackernews@latest/steampipe-plugin-hackernews.plugin pid=2015
2022-12-10 09:19:12.153 UTC [DEBUG] waiting for RPC address: path=/home/runner/.steampipe/plugins/hub.steampipe.io/plugins/turbot/hackernews@latest/steampipe-plugin-hackernews.plugin
2022-12-10 09:19:12.161 UTC [INFO]  steampipe-plugin-hackernews.plugin: [INFO]  Initialise plugin 'steampipe-plugin-hackernews', using sdk version 4.1.7
2022-12-10 09:19:12.161 UTC [TRACE] steampipe-plugin-hackernews.plugin: [TRACE] defaulting SchemaMode to SchemaModeStatic
2022-12-10 09:19:12.161 UTC [TRACE] steampipe-plugin-hackernews.plugin: [TRACE] no DefaultRetryConfig defined - creating empty
2022-12-10 09:19:12.161 UTC [TRACE] steampipe-plugin-hackernews.plugin: [TRACE] no DefaultIgnoreConfig defined - creating empty
2022-12-10 09:19:12.161 UTC [TRACE] steampipe-plugin-hackernews.plugin: [TRACE] Setting Ulimit: ulimit=2560
2022-12-10 09:19:12.161 UTC [TRACE] steampipe-plugin-hackernews.plugin: [TRACE] telemetry.Init service 'steampipe-plugin-hackernews', tracingEnabled: false, metricsEnabled: false
2022-12-10 09:19:12.161 UTC [TRACE] steampipe-plugin-hackernews.plugin: [TRACE] metrics and tracing disabled' - returning
2022-12-10 09:19:12.162 UTC [DEBUG] steampipe-plugin-hackernews.plugin: plugin address: address=/tmp/plugin762666616 network=unix timestamp=2022-12-10T09:19:12.162Z
2022-12-10 09:19:12.162 UTC [DEBUG] using plugin: version=0
2022-12-10 09:19:12.162 UTC [TRACE] NewPluginClient for plugin hub.steampipe.io/plugins/turbot/hackernews@latest
2022-12-10 09:19:12.163 UTC [TRACE] stdio: waiting for stdio data
2022-12-10 09:19:12.164 UTC [TRACE] supportedOperations: query_cache:true multiple_connections:true
2022-12-10 09:19:12.168 UTC [TRACE] steampipe-plugin-hackernews.plugin: [TRACE] SetAllConnectionConfigs setting 1 configs
2022-12-10 09:19:12.168 UTC [TRACE] steampipe-plugin-hackernews.plugin: [TRACE] connection hackernews build schema and table map
2022-12-10 09:19:12.168 UTC [TRACE] steampipe-plugin-hackernews.plugin: [TRACE] initialise table hackernews_user
2022-12-10 09:19:12.168 UTC [TRACE] steampipe-plugin-hackernews.plugin: [TRACE] no DefaultRetryConfig defined - creating empty
2022-12-10 09:19:12.168 UTC [TRACE] steampipe-plugin-hackernews.plugin: [TRACE] no DefaultIgnoreConfig defined - creating empty
2022-12-10 09:19:12.168 UTC [TRACE] steampipe-plugin-hackernews.plugin: [TRACE] apply plugin defaults for DefaultRetryConfig
2022-12-10 09:19:12.168 UTC [TRACE] steampipe-plugin-hackernews.plugin: [TRACE] apply plugin defaults for DefaultIgnoreConfig, table &{<nil> <nil>} plugin &{<nil> <nil>}
2022-12-10 09:19:12.168 UTC [TRACE] steampipe-plugin-hackernews.plugin: [TRACE] DefaultRetryConfig:
2022-12-10 09:19:12.168 UTC [TRACE] steampipe-plugin-hackernews.plugin: [TRACE] DefaultIgnoreConfig:
2022-12-10 09:19:12.168 UTC [TRACE] steampipe-plugin-hackernews.plugin: [TRACE] t.List.initialise
2022-12-10 09:19:12.168 UTC [TRACE] steampipe-plugin-hackernews.plugin: [TRACE] ListConfig.initialise table hackernews_user
2022-12-10 09:19:12.168 UTC [TRACE] steampipe-plugin-hackernews.plugin: [TRACE] ListConfig.initialise complete: RetryConfig: , IgnoreConfig
2022-12-10 09:19:12.168 UTC [TRACE] steampipe-plugin-hackernews.plugin: [TRACE] back from initialiseHydrateConfigs
2022-12-10 09:19:12.168 UTC [TRACE] steampipe-plugin-hackernews.plugin: [TRACE] initialise table hackernews_user COMPLETE
2022-12-10 09:19:12.168 UTC [TRACE] steampipe-plugin-hackernews.plugin: [TRACE] initialise table hackernews_ask_hn
2022-12-10 09:19:12.168 UTC [TRACE] steampipe-plugin-hackernews.plugin: [TRACE] no DefaultRetryConfig defined - creating empty
2022-12-10 09:19:12.168 UTC [TRACE] steampipe-plugin-hackernews.plugin: [TRACE] no DefaultIgnoreConfig defined - creating empty
2022-12-10 09:19:12.168 UTC [TRACE] steampipe-plugin-hackernews.plugin: [TRACE] apply plugin defaults for DefaultRetryConfig
2022-12-10 09:19:12.168 UTC [TRACE] steampipe-plugin-hackernews.plugin: [TRACE] apply plugin defaults for DefaultIgnoreConfig, table &{<nil> <nil>} plugin &{<nil> <nil>}
2022-12-10 09:19:12.168 UTC [TRACE] steampipe-plugin-hackernews.plugin: [TRACE] DefaultRetryConfig:
2022-12-10 09:19:12.168 UTC [TRACE] steampipe-plugin-hackernews.plugin: [TRACE] DefaultIgnoreConfig:
2022-12-10 09:19:12.168 UTC [TRACE] steampipe-plugin-hackernews.plugin: [TRACE] t.Get.initialise
2022-12-10 09:19:12.168 UTC [TRACE] steampipe-plugin-hackernews.plugin: [TRACE] GetConfig.initialise table hackernews_ask_hn
2022-12-10 09:19:12.168 UTC [TRACE] steampipe-plugin-hackernews.plugin: [TRACE] GetConfig.initialise complete: RetryConfig: , IgnoreConfig:
2022-12-10 09:19:12.168 UTC [TRACE] steampipe-plugin-hackernews.plugin: [TRACE] t.List.initialise
2022-12-10 09:19:12.168 UTC [TRACE] steampipe-plugin-hackernews.plugin: [TRACE] ListConfig.initialise table hackernews_ask_hn
2022-12-10 09:19:12.168 UTC [TRACE] steampipe-plugin-hackernews.plugin: [TRACE] ListConfig.initialise complete: RetryConfig: , IgnoreConfig
2022-12-10 09:19:12.168 UTC [TRACE] steampipe-plugin-hackernews.plugin: [TRACE] HydrateConfig.initialise func getItem, table hackernews_ask_hn
2022-12-10 09:19:12.168 UTC [TRACE] steampipe-plugin-hackernews.plugin: [TRACE] HydrateConfig.initialise complete: RetryConfig: , IgnoreConfig:
2022-12-10 09:19:12.168 UTC [TRACE] steampipe-plugin-hackernews.plugin: [TRACE] back from initialiseHydrateConfigs
2022-12-10 09:19:12.168 UTC [TRACE] steampipe-plugin-hackernews.plugin: [TRACE] initialise table hackernews_ask_hn COMPLETE
2022-12-10 09:19:12.168 UTC [TRACE] steampipe-plugin-hackernews.plugin: [TRACE] initialise table hackernews_best
2022-12-10 09:19:12.168 UTC [TRACE] steampipe-plugin-hackernews.plugin: [TRACE] no DefaultRetryConfig defined - creating empty
2022-12-10 09:19:12.168 UTC [TRACE] steampipe-plugin-hackernews.plugin: [TRACE] no DefaultIgnoreConfig defined - creating empty
2022-12-10 09:19:12.168 UTC [TRACE] steampipe-plugin-hackernews.plugin: [TRACE] apply plugin defaults for DefaultRetryConfig
2022-12-10 09:19:12.168 UTC [TRACE] steampipe-plugin-hackernews.plugin: [TRACE] apply plugin defaults for DefaultIgnoreConfig, table &{<nil> <nil>} plugin &{<nil> <nil>}
2022-12-10 09:19:12.168 UTC [TRACE] steampipe-plugin-hackernews.plugin: [TRACE] DefaultRetryConfig:
2022-12-10 09:19:12.168 UTC [TRACE] steampipe-plugin-hackernews.plugin: [TRACE] DefaultIgnoreConfig:
2022-12-10 09:19:12.168 UTC [TRACE] steampipe-plugin-hackernews.plugin: [TRACE] t.Get.initialise
2022-12-10 09:19:12.168 UTC [TRACE] steampipe-plugin-hackernews.plugin: [TRACE] GetConfig.initialise table hackernews_best
2022-12-10 09:19:12.168 UTC [TRACE] steampipe-plugin-hackernews.plugin: [TRACE] GetConfig.initialise complete: RetryConfig: , IgnoreConfig:
2022-12-10 09:19:12.168 UTC [TRACE] steampipe-plugin-hackernews.plugin: [TRACE] t.List.initialise
2022-12-10 09:19:12.168 UTC [TRACE] steampipe-plugin-hackernews.plugin: [TRACE] ListConfig.initialise table hackernews_best
2022-12-10 09:19:12.168 UTC [TRACE] steampipe-plugin-hackernews.plugin: [TRACE] ListConfig.initialise complete: RetryConfig: , IgnoreConfig
2022-12-10 09:19:12.168 UTC [TRACE] steampipe-plugin-hackernews.plugin: [TRACE] HydrateConfig.initialise func getItem, table hackernews_best
2022-12-10 09:19:12.168 UTC [TRACE] steampipe-plugin-hackernews.plugin: [TRACE] HydrateConfig.initialise complete: RetryConfig: , IgnoreConfig:
2022-12-10 09:19:12.168 UTC [TRACE] steampipe-plugin-hackernews.plugin: [TRACE] back from initialiseHydrateConfigs
2022-12-10 09:19:12.168 UTC [TRACE] steampipe-plugin-hackernews.plugin: [TRACE] initialise table hackernews_best COMPLETE
2022-12-10 09:19:12.168 UTC [TRACE] steampipe-plugin-hackernews.plugin: [TRACE] initialise table hackernews_item
2022-12-10 09:19:12.168 UTC [TRACE] steampipe-plugin-hackernews.plugin: [TRACE] no DefaultRetryConfig defined - creating empty
2022-12-10 09:19:12.168 UTC [TRACE] steampipe-plugin-hackernews.plugin: [TRACE] no DefaultIgnoreConfig defined - creating empty
2022-12-10 09:19:12.168 UTC [TRACE] steampipe-plugin-hackernews.plugin: [TRACE] apply plugin defaults for DefaultRetryConfig
2022-12-10 09:19:12.168 UTC [TRACE] steampipe-plugin-hackernews.plugin: [TRACE] apply plugin defaults for DefaultIgnoreConfig, table &{<nil> <nil>} plugin &{<nil> <nil>}
2022-12-10 09:19:12.168 UTC [TRACE] steampipe-plugin-hackernews.plugin: [TRACE] DefaultRetryConfig:
2022-12-10 09:19:12.168 UTC [TRACE] steampipe-plugin-hackernews.plugin: [TRACE] DefaultIgnoreConfig:
2022-12-10 09:19:12.168 UTC [TRACE] steampipe-plugin-hackernews.plugin: [TRACE] t.Get.initialise
2022-12-10 09:19:12.168 UTC [TRACE] steampipe-plugin-hackernews.plugin: [TRACE] GetConfig.initialise table hackernews_item
2022-12-10 09:19:12.168 UTC [TRACE] steampipe-plugin-hackernews.plugin: [TRACE] GetConfig.initialise complete: RetryConfig: , IgnoreConfig:
2022-12-10 09:19:12.168 UTC [TRACE] steampipe-plugin-hackernews.plugin: [TRACE] t.List.initialise
2022-12-10 09:19:12.168 UTC [TRACE] steampipe-plugin-hackernews.plugin: [TRACE] ListConfig.initialise table hackernews_item
2022-12-10 09:19:12.168 UTC [TRACE] steampipe-plugin-hackernews.plugin: [TRACE] ListConfig.initialise complete: RetryConfig: , IgnoreConfig
2022-12-10 09:19:12.168 UTC [TRACE] steampipe-plugin-hackernews.plugin: [TRACE] HydrateConfig.initialise func getItem, table hackernews_item
2022-12-10 09:19:12.168 UTC [TRACE] steampipe-plugin-hackernews.plugin: [TRACE] HydrateConfig.initialise complete: RetryConfig: , IgnoreConfig:
2022-12-10 09:19:12.168 UTC [TRACE] steampipe-plugin-hackernews.plugin: [TRACE] back from initialiseHydrateConfigs
2022-12-10 09:19:12.168 UTC [TRACE] steampipe-plugin-hackernews.plugin: [TRACE] initialise table hackernews_item COMPLETE
2022-12-10 09:19:12.168 UTC [TRACE] steampipe-plugin-hackernews.plugin: [TRACE] initialise table hackernews_job
2022-12-10 09:19:12.168 UTC [TRACE] steampipe-plugin-hackernews.plugin: [TRACE] no DefaultRetryConfig defined - creating empty
2022-12-10 09:19:12.168 UTC [TRACE] steampipe-plugin-hackernews.plugin: [TRACE] no DefaultIgnoreConfig defined - creating empty
2022-12-10 09:19:12.168 UTC [TRACE] steampipe-plugin-hackernews.plugin: [TRACE] apply plugin defaults for DefaultRetryConfig
2022-12-10 09:19:12.168 UTC [TRACE] steampipe-plugin-hackernews.plugin: [TRACE] apply plugin defaults for DefaultIgnoreConfig, table &{<nil> <nil>} plugin &{<nil> <nil>}
2022-12-10 09:19:12.168 UTC [TRACE] steampipe-plugin-hackernews.plugin: [TRACE] DefaultRetryConfig:
2022-12-10 09:19:12.168 UTC [TRACE] steampipe-plugin-hackernews.plugin: [TRACE] DefaultIgnoreConfig:
2022-12-10 09:19:12.168 UTC [TRACE] steampipe-plugin-hackernews.plugin: [TRACE] t.Get.initialise
2022-12-10 09:19:12.168 UTC [TRACE] steampipe-plugin-hackernews.plugin: [TRACE] GetConfig.initialise table hackernews_job
2022-12-10 09:19:12.168 UTC [TRACE] steampipe-plugin-hackernews.plugin: [TRACE] GetConfig.initialise complete: RetryConfig: , IgnoreConfig:
2022-12-10 09:19:12.168 UTC [TRACE] steampipe-plugin-hackernews.plugin: [TRACE] t.List.initialise
2022-12-10 09:19:12.168 UTC [TRACE] steampipe-plugin-hackernews.plugin: [TRACE] ListConfig.initialise table hackernews_job
2022-12-10 09:19:12.168 UTC [TRACE] steampipe-plugin-hackernews.plugin: [TRACE] ListConfig.initialise complete: RetryConfig: , IgnoreConfig
2022-12-10 09:19:12.168 UTC [TRACE] steampipe-plugin-hackernews.plugin: [TRACE] HydrateConfig.initialise func getItem, table hackernews_job
2022-12-10 09:19:12.168 UTC [TRACE] steampipe-plugin-hackernews.plugin: [TRACE] HydrateConfig.initialise complete: RetryConfig: , IgnoreConfig:
2022-12-10 09:19:12.168 UTC [TRACE] steampipe-plugin-hackernews.plugin: [TRACE] back from initialiseHydrateConfigs
2022-12-10 09:19:12.168 UTC [TRACE] steampipe-plugin-hackernews.plugin: [TRACE] initialise table hackernews_job COMPLETE
2022-12-10 09:19:12.168 UTC [TRACE] steampipe-plugin-hackernews.plugin: [TRACE] initialise table hackernews_new
2022-12-10 09:19:12.168 UTC [TRACE] steampipe-plugin-hackernews.plugin: [TRACE] no DefaultRetryConfig defined - creating empty
2022-12-10 09:19:12.168 UTC [TRACE] steampipe-plugin-hackernews.plugin: [TRACE] no DefaultIgnoreConfig defined - creating empty
2022-12-10 09:19:12.168 UTC [TRACE] steampipe-plugin-hackernews.plugin: [TRACE] apply plugin defaults for DefaultRetryConfig
2022-12-10 09:19:12.168 UTC [TRACE] steampipe-plugin-hackernews.plugin: [TRACE] apply plugin defaults for DefaultIgnoreConfig, table &{<nil> <nil>} plugin &{<nil> <nil>}
2022-12-10 09:19:12.168 UTC [TRACE] steampipe-plugin-hackernews.plugin: [TRACE] DefaultRetryConfig:
2022-12-10 09:19:12.168 UTC [TRACE] steampipe-plugin-hackernews.plugin: [TRACE] DefaultIgnoreConfig:
2022-12-10 09:19:12.168 UTC [TRACE] steampipe-plugin-hackernews.plugin: [TRACE] t.Get.initialise
2022-12-10 09:19:12.168 UTC [TRACE] steampipe-plugin-hackernews.plugin: [TRACE] GetConfig.initialise table hackernews_new
2022-12-10 09:19:12.168 UTC [TRACE] steampipe-plugin-hackernews.plugin: [TRACE] GetConfig.initialise complete: RetryConfig: , IgnoreConfig:
2022-12-10 09:19:12.168 UTC [TRACE] steampipe-plugin-hackernews.plugin: [TRACE] t.List.initialise
2022-12-10 09:19:12.168 UTC [TRACE] steampipe-plugin-hackernews.plugin: [TRACE] ListConfig.initialise table hackernews_new
2022-12-10 09:19:12.168 UTC [TRACE] steampipe-plugin-hackernews.plugin: [TRACE] ListConfig.initialise complete: RetryConfig: , IgnoreConfig
2022-12-10 09:19:12.168 UTC [TRACE] steampipe-plugin-hackernews.plugin: [TRACE] HydrateConfig.initialise func getItem, table hackernews_new
2022-12-10 09:19:12.168 UTC [TRACE] steampipe-plugin-hackernews.plugin: [TRACE] HydrateConfig.initialise complete: RetryConfig: , IgnoreConfig:
2022-12-10 09:19:12.168 UTC [TRACE] steampipe-plugin-hackernews.plugin: [TRACE] back from initialiseHydrateConfigs
2022-12-10 09:19:12.168 UTC [TRACE] steampipe-plugin-hackernews.plugin: [TRACE] initialise table hackernews_new COMPLETE
2022-12-10 09:19:12.168 UTC [TRACE] steampipe-plugin-hackernews.plugin: [TRACE] initialise table hackernews_show_hn
2022-12-10 09:19:12.168 UTC [TRACE] steampipe-plugin-hackernews.plugin: [TRACE] no DefaultRetryConfig defined - creating empty
2022-12-10 09:19:12.168 UTC [TRACE] steampipe-plugin-hackernews.plugin: [TRACE] no DefaultIgnoreConfig defined - creating empty
2022-12-10 09:19:12.168 UTC [TRACE] steampipe-plugin-hackernews.plugin: [TRACE] apply plugin defaults for DefaultRetryConfig
2022-12-10 09:19:12.168 UTC [TRACE] steampipe-plugin-hackernews.plugin: [TRACE] apply plugin defaults for DefaultIgnoreConfig, table &{<nil> <nil>} plugin &{<nil> <nil>}
2022-12-10 09:19:12.168 UTC [TRACE] steampipe-plugin-hackernews.plugin: [TRACE] DefaultRetryConfig:
2022-12-10 09:19:12.168 UTC [TRACE] steampipe-plugin-hackernews.plugin: [TRACE] DefaultIgnoreConfig:
2022-12-10 09:19:12.168 UTC [TRACE] steampipe-plugin-hackernews.plugin: [TRACE] t.Get.initialise
2022-12-10 09:19:12.168 UTC [TRACE] steampipe-plugin-hackernews.plugin: [TRACE] GetConfig.initialise table hackernews_show_hn
2022-12-10 09:19:12.168 UTC [TRACE] steampipe-plugin-hackernews.plugin: [TRACE] GetConfig.initialise complete: RetryConfig: , IgnoreConfig:
2022-12-10 09:19:12.168 UTC [TRACE] steampipe-plugin-hackernews.plugin: [TRACE] t.List.initialise
2022-12-10 09:19:12.168 UTC [TRACE] steampipe-plugin-hackernews.plugin: [TRACE] ListConfig.initialise table hackernews_show_hn
2022-12-10 09:19:12.168 UTC [TRACE] steampipe-plugin-hackernews.plugin: [TRACE] ListConfig.initialise complete: RetryConfig: , IgnoreConfig
2022-12-10 09:19:12.168 UTC [TRACE] steampipe-plugin-hackernews.plugin: [TRACE] HydrateConfig.initialise func getItem, table hackernews_show_hn
2022-12-10 09:19:12.168 UTC [TRACE] steampipe-plugin-hackernews.plugin: [TRACE] HydrateConfig.initialise complete: RetryConfig: , IgnoreConfig:
2022-12-10 09:19:12.168 UTC [TRACE] steampipe-plugin-hackernews.plugin: [TRACE] back from initialiseHydrateConfigs
2022-12-10 09:19:12.168 UTC [TRACE] steampipe-plugin-hackernews.plugin: [TRACE] initialise table hackernews_show_hn COMPLETE
2022-12-10 09:19:12.168 UTC [TRACE] steampipe-plugin-hackernews.plugin: [TRACE] initialise table hackernews_top
2022-12-10 09:19:12.168 UTC [TRACE] steampipe-plugin-hackernews.plugin: [TRACE] no DefaultRetryConfig defined - creating empty
2022-12-10 09:19:12.168 UTC [TRACE] steampipe-plugin-hackernews.plugin: [TRACE] no DefaultIgnoreConfig defined - creating empty
2022-12-10 09:19:12.168 UTC [TRACE] steampipe-plugin-hackernews.plugin: [TRACE] apply plugin defaults for DefaultRetryConfig
2022-12-10 09:19:12.168 UTC [TRACE] steampipe-plugin-hackernews.plugin: [TRACE] apply plugin defaults for DefaultIgnoreConfig, table &{<nil> <nil>} plugin &{<nil> <nil>}
2022-12-10 09:19:12.168 UTC [TRACE] steampipe-plugin-hackernews.plugin: [TRACE] DefaultRetryConfig:
2022-12-10 09:19:12.168 UTC [TRACE] steampipe-plugin-hackernews.plugin: [TRACE] DefaultIgnoreConfig:
2022-12-10 09:19:12.168 UTC [TRACE] steampipe-plugin-hackernews.plugin: [TRACE] t.Get.initialise
2022-12-10 09:19:12.168 UTC [TRACE] steampipe-plugin-hackernews.plugin: [TRACE] GetConfig.initialise table hackernews_top
2022-12-10 09:19:12.168 UTC [TRACE] steampipe-plugin-hackernews.plugin: [TRACE] GetConfig.initialise complete: RetryConfig: , IgnoreConfig:
2022-12-10 09:19:12.168 UTC [TRACE] steampipe-plugin-hackernews.plugin: [TRACE] t.List.initialise
2022-12-10 09:19:12.168 UTC [TRACE] steampipe-plugin-hackernews.plugin: [TRACE] ListConfig.initialise table hackernews_top
2022-12-10 09:19:12.168 UTC [TRACE] steampipe-plugin-hackernews.plugin: [TRACE] ListConfig.initialise complete: RetryConfig: , IgnoreConfig
2022-12-10 09:19:12.168 UTC [TRACE] steampipe-plugin-hackernews.plugin: [TRACE] HydrateConfig.initialise func getItem, table hackernews_top
2022-12-10 09:19:12.168 UTC [TRACE] steampipe-plugin-hackernews.plugin: [TRACE] HydrateConfig.initialise complete: RetryConfig: , IgnoreConfig:
2022-12-10 09:19:12.168 UTC [TRACE] steampipe-plugin-hackernews.plugin: [TRACE] back from initialiseHydrateConfigs
2022-12-10 09:19:12.168 UTC [TRACE] steampipe-plugin-hackernews.plugin: [TRACE] initialise table hackernews_top COMPLETE
2022-12-10 09:19:12.168 UTC [TRACE] steampipe-plugin-hackernews.plugin: [TRACE] validate plugin steampipe-plugin-hackernews, required columns []
2022-12-10 09:19:12.168 UTC [TRACE] steampipe-plugin-hackernews.plugin: [TRACE] validate DefaultRetryConfig
2022-12-10 09:19:12.168 UTC [TRACE] steampipe-plugin-hackernews.plugin: [TRACE] validate DefaultIgnoreConfig
2022-12-10 09:19:12.168 UTC [TRACE] steampipe-plugin-hackernews.plugin: [TRACE] validate table names
2022-12-10 09:19:12.168 UTC [TRACE] steampipe-plugin-hackernews.plugin: [TRACE] plugin has 0 validation errors
2022-12-10 09:19:12.168 UTC [TRACE] steampipe-plugin-hackernews.plugin: [TRACE] Plugin ensureCache creating cache, maxCacheStorageMb 0
2022-12-10 09:19:12.168 UTC [TRACE] steampipe-plugin-hackernews.plugin: [TRACE] createCacheStore for plugin 'steampipe-plugin-hackernews' setting max size to 0Mb, Shards: 2, max shard size: 0
2022-12-10 09:19:12.182 UTC [INFO]  steampipe-plugin-hackernews.plugin: [INFO]  query cache created
2022-12-10 09:19:12.182 UTC [DEBUG] steampipe-plugin-hackernews.plugin: [DEBUG] SetAllConnectionConfigs finished
2022-12-10 09:19:12.182 UTC [TRACE] PluginManager getPlugin complete, returning reattach config with PID: 2015
2022-12-10 09:19:12.183 UTC [TRACE] PluginManager Get returning reattach_map:{key:"hackernews" value:{protocol:"grpc" addr:{Network:"unix" Address:"/tmp/plugin762666616"} pid:2015 supported_operations:{query_cache:true multiple_connections:true} connections:"hackernews" plugin:"hub.steampipe.io/plugins/turbot/hackernews@latest"}}
2022-12-10 09:19:12.189 UTC [INFO]  steampipe-plugin-hackernews.plugin: [INFO]  1670663952474: Plugin Execute (1670663952474)
2022-12-10 09:19:12.190 UTC [TRACE] steampipe-plugin-hackernews.plugin: [TRACE] 1670663952474: No memory limit set
2022-12-10 09:19:12.190 UTC [INFO]  steampipe-plugin-hackernews.plugin: [INFO]  1670663952474: Plugin Execute, setting memory limit to -1Mb
2022-12-10 09:19:12.190 UTC [TRACE] steampipe-plugin-hackernews.plugin: [TRACE] 1670663952474: calling ExtractContextFromCarrier
2022-12-10 09:19:12.190 UTC [INFO]  steampipe-plugin-hackernews.plugin: [INFO]  1670663952474: Setting max concurrent connections to 25
2022-12-10 09:19:12.190 UTC [TRACE] steampipe-plugin-hackernews.plugin: [TRACE] 1670663952474: executeForConnection callId: 1670663952474, connectionCallId: hackernews-1670663952474, connection: hackernews table: hackernews_new cols: id,title,time,by,score,dead,deleted,descendants,kids,parent,parts,poll,text,type,url,_ctx
2022-12-10 09:19:12.190 UTC [TRACE] steampipe-plugin-hackernews.plugin: [TRACE] 1670663952474: got connection data
2022-12-10 09:19:12.190 UTC [TRACE] steampipe-plugin-hackernews.plugin: [TRACE] 1670663952474: Got query context, table: hackernews_new, cols: [id title time by score dead deleted descendants kids parent parts poll text type url _ctx]
2022-12-10 09:19:12.190 UTC [TRACE] steampipe-plugin-hackernews.plugin: [TRACE] 1670663952474: Start execute span
2022-12-10 09:19:12.190 UTC [INFO]  steampipe-plugin-hackernews.plugin: [INFO]  1670663952474: Setting free memory interval to 100 rows
2022-12-10 09:19:12.190 UTC [TRACE] steampipe-plugin-hackernews.plugin: [TRACE] 1670663952474: setFetchType map[time:quals:{fieldName:"time"  string_value:">"  value:{timestamp_value:{seconds:1670660352  nanos:64836000}}}]
2022-12-10 09:19:12.190 UTC [TRACE] steampipe-plugin-hackernews.plugin: [TRACE] 1670663952474: getMatchingQuals column:'id' operator: =
2022-12-10 09:19:12.190 UTC [TRACE] steampipe-plugin-hackernews.plugin: [TRACE] 1670663952474: getMatchingQuals returning false - qualMap does not contain any quals for column id
2022-12-10 09:19:12.191 UTC [TRACE] steampipe-plugin-hackernews.plugin: [TRACE] 1670663952474: GetUnsatisfiedKeyColumns for columns column:'id' operator: =
2022-12-10 09:19:12.191 UTC [TRACE] steampipe-plugin-hackernews.plugin: [TRACE] 1670663952474: key column NOT satisfied column:'id' operator: =
2022-12-10 09:19:12.191 UTC [TRACE] steampipe-plugin-hackernews.plugin: [TRACE] 1670663952474: satisfied: map[any_of: optional: required:]
2022-12-10 09:19:12.192 UTC [TRACE] steampipe-plugin-hackernews.plugin: [TRACE] 1670663952474: unsatisfied: map[any_of: optional: required:column:'id' operator: =]
2022-12-10 09:19:12.192 UTC [TRACE] steampipe-plugin-hackernews.plugin: [TRACE] 1670663952474: unsatisfied required KeyColumns: column:'id' operator: =
2022-12-10 09:19:12.192 UTC [TRACE] steampipe-plugin-hackernews.plugin: [TRACE] 1670663952474: Set fetchType to fetchTypeList
2022-12-10 09:19:12.192 UTC [TRACE] steampipe-plugin-hackernews.plugin: [TRACE] 1670663952474: Equals key column quals:
2022-12-10 09:19:12.193 UTC [DEBUG] steampipe-plugin-hackernews.plugin: {}
2022-12-10 09:19:12.193 UTC [TRACE] steampipe-plugin-hackernews.plugin: [TRACE] 1670663952474: All key column quals:
2022-12-10 09:19:12.193 UTC [DEBUG] steampipe-plugin-hackernews.plugin: {}
2022-12-10 09:19:12.193 UTC [TRACE] steampipe-plugin-hackernews.plugin: [TRACE] 1670663952474: GetMatrixItem
2022-12-10 09:19:12.193 UTC [TRACE] steampipe-plugin-hackernews.plugin: [TRACE] 1670663952474: creating query data
2022-12-10 09:19:12.193 UTC [INFO]  steampipe-plugin-hackernews.plugin: [INFO]  1670663952474: cacheEnabled, trying cache get (hackernews-1670663952474)
2022-12-10 09:19:12.193 UTC [TRACE] steampipe-plugin-hackernews.plugin: [TRACE] 1670663952474: QueryCache Get - indexBucketKey index__hackernewshackernews_new, quals
2022-12-10 09:19:12.193 UTC [TRACE] steampipe-plugin-hackernews.plugin: [TRACE] 1670663952474: QueryCache getCachedQueryResult - table hackernews_new, connectionName hackernews
2022-12-10 09:19:12.193 UTC [TRACE] steampipe-plugin-hackernews.plugin: [TRACE] 1670663952474: index bucket key: index__hackernewshackernews_new ttlSeconds 300 limit: -1
2022-12-10 09:19:12.193 UTC [TRACE] steampipe-plugin-hackernews.plugin: [TRACE] 1670663952474: doGet cache miss
2022-12-10 09:19:12.193 UTC [TRACE] steampipe-plugin-hackernews.plugin: [TRACE] 1670663952474: getCachedIndexBucket - no item retrieved for cache key index__hackernewshackernews_new
2022-12-10 09:19:12.193 UTC [TRACE] steampipe-plugin-hackernews.plugin: [TRACE] 1670663952474: getCachedQueryResult returned CACHE MISS - checking for pending transfers
2022-12-10 09:19:12.193 UTC [TRACE] steampipe-plugin-hackernews.plugin: [TRACE] 1670663952474: getPendingResultItem indexBucketKey index__hackernewshackernews_new, columns [id title time by score dead deleted descendants kids parent parts poll text type url _ctx], limit -1
2022-12-10 09:19:12.193 UTC [TRACE] steampipe-plugin-hackernews.plugin: [TRACE] 1670663952474: no pending index item - add pending result, indexBucketKey index__hackernewshackernews_new
2022-12-10 09:19:12.193 UTC [TRACE] steampipe-plugin-hackernews.plugin: [TRACE] 1670663952474: addPendingResult (hackernews-1670663952474) indexBucketKey index__hackernewshackernews_new, columns [id title time by score dead deleted descendants kids parent parts poll text type url _ctx], limit -1
2022-12-10 09:19:12.193 UTC [TRACE] steampipe-plugin-hackernews.plugin: [TRACE] 1670663952474: no index bucket found - creating one
2022-12-10 09:19:12.193 UTC [TRACE] steampipe-plugin-hackernews.plugin: [TRACE] 1670663952474: pendingIndexItem Lock count before 0
2022-12-10 09:19:12.193 UTC [TRACE] steampipe-plugin-hackernews.plugin: [TRACE] 1670663952474: addPendingResult added pending index item to bucket, (hackernews-1670663952474) indexBucketKey index__hackernewshackernews_new, resultKeyRoot hackernewshackernews_newid,title,time,by,score,dead,deleted,descendants,kids,parent,parts,poll,text,type,url,_ctx-1, pending item : 0xc0003cce10
2022-12-10 09:19:12.193 UTC [TRACE] steampipe-plugin-hackernews.plugin: [TRACE] 1670663952474: **** pending items (hackernews-1670663952474)****
2022-12-10 09:19:12.193 UTC [TRACE] steampipe-plugin-hackernews.plugin: [TRACE] 1670663952474: key: index__hackernewshackernews_new: item: 0xc0003cce10, count: 1, key:hackernewshackernews_newid,title,time,by,score,dead,deleted,descendants,kids,parent,parts,poll,text,type,url,_ctx-1
2022-12-10 09:19:12.193 UTC [TRACE] steampipe-plugin-hackernews.plugin: [TRACE] 1670663952474: ********
2022-12-10 09:19:12.193 UTC [TRACE] steampipe-plugin-hackernews.plugin: [TRACE] 1670663952474: getPendingResultItem returning <nil>
2022-12-10 09:19:12.193 UTC [INFO]  steampipe-plugin-hackernews.plugin: [INFO]  1670663952474: CACHE MISS
2022-12-10 09:19:12.193 UTC [TRACE] steampipe-plugin-hackernews.plugin: [TRACE] 1670663952474: cache MISS
2022-12-10 09:19:12.193 UTC [INFO]  steampipe-plugin-hackernews.plugin: [INFO]  1670663952474: queryCacheGet returned CACHE MISS (hackernews-1670663952474)
2022-12-10 09:19:12.193 UTC [TRACE] steampipe-plugin-hackernews.plugin: [TRACE] 1670663952474: StartSet (hackernews-1670663952474)
2022-12-10 09:19:12.193 UTC [TRACE] steampipe-plugin-hackernews.plugin: [TRACE] 1670663952474: calling fetchItems, table: hackernews_new, matrixItem: [], limit: -1,  connectionCallId: hackernews-1670663952474"
2022-12-10 09:19:12.193 UTC [TRACE] steampipe-plugin-hackernews.plugin: [TRACE] 1670663952474: buildRowsAsync connectionCallId: hackernews-1670663952474
2022-12-10 09:19:12.193 UTC [TRACE] steampipe-plugin-hackernews.plugin: [TRACE] 1670663952474: streamRows connectionCallId: hackernews-1670663952474
2022-12-10 09:19:12.193 UTC [TRACE] steampipe-plugin-hackernews.plugin: [TRACE] 1670663952474: QueryData streamRows (hackernews-1670663952474)
2022-12-10 09:19:12.193 UTC [TRACE] steampipe-plugin-hackernews.plugin: [TRACE] 1670663952474: executeListCall START (hackernews-1670663952474)
2022-12-10 09:19:12.193 UTC [TRACE] steampipe-plugin-hackernews.plugin: [TRACE] 1670663952474: GetUnsatisfiedKeyColumns for columns
2022-12-10 09:19:12.193 UTC [TRACE] steampipe-plugin-hackernews.plugin: [TRACE] 1670663952474: doList (hackernews-1670663952474)
2022-12-10 09:19:12.193 UTC [TRACE] steampipe-plugin-hackernews.plugin: [TRACE] 1670663952474: doList: no matrix item
2022-12-10 09:19:12.433 UTC [TRACE] steampipe-plugin-hackernews.plugin: [TRACE] 1670663952474: QueryData.fetchComplete
2022-12-10 09:19:12.433 UTC [TRACE] steampipe-plugin-hackernews.plugin: [TRACE] 1670663952474: executeListCall COMPLETE (hackernews-1670663952474)
2022-12-10 09:19:12.433 UTC [TRACE] steampipe-plugin-hackernews.plugin: [TRACE] 1670663952474: rowData chan returned nil - wait for rows to complete (hackernews-1670663952474)
2022-12-10 09:19:12.441 UTC [TRACE] stdio: received data: channel=STDOUT len=15
2022-12-10 09:19:12.441 UTC [TRACE] stdio: waiting for stdio data
2022-12-10 09:19:12.566 UTC [TRACE] stdio: received data: channel=STDOUT len=1024
2022-12-10 09:19:12.566 UTC [TRACE] stdio: waiting for stdio data
2022-12-10 09:19:12.585 UTC [TRACE] stdio: received data: channel=STDOUT len=268
2022-12-10 09:19:12.585 UTC [TRACE] stdio: waiting for stdio data
2022-12-10 09:19:12.622 UTC [TRACE] stdio: received data: channel=STDOUT len=300
2022-12-10 09:19:12.622 UTC [TRACE] stdio: waiting for stdio data
2022-12-10 09:19:12.622 UTC [TRACE] stdio: received data: channel=STDOUT len=245
2022-12-10 09:19:12.622 UTC [TRACE] stdio: waiting for stdio data
2022-12-10 09:19:12.694 UTC [TRACE] stdio: received data: channel=STDOUT len=476
2022-12-10 09:19:12.694 UTC [TRACE] stdio: waiting for stdio data
2022-12-10 09:19:12.728 UTC [TRACE] stdio: received data: channel=STDOUT len=806
2022-12-10 09:19:12.728 UTC [TRACE] stdio: waiting for stdio data
2022-12-10 09:19:12.779 UTC [TRACE] stdio: received data: channel=STDOUT len=1024
2022-12-10 09:19:12.779 UTC [TRACE] stdio: waiting for stdio data
2022-12-10 09:19:12.814 UTC [TRACE] steampipe-plugin-hackernews.plugin: [TRACE] 1670663952474: buildRowsAsync goroutine returning (hackernews-1670663952474)
2022-12-10 09:19:12.814 UTC [TRACE] steampipe-plugin-hackernews.plugin: [TRACE] 1670663952474: streamRows - nil row, stop streaming (hackernews-1670663952474)
2022-12-10 09:19:12.814 UTC [TRACE] steampipe-plugin-hackernews.plugin: [TRACE] 1670663952474: ------------------------------------
2022-12-10 09:19:12.814 UTC [TRACE] steampipe-plugin-hackernews.plugin: [TRACE] 1670663952474: Concurrency Summary
2022-12-10 09:19:12.814 UTC [TRACE] steampipe-plugin-hackernews.plugin: [TRACE] 1670663952474: ------------------------------------
2022-12-10 09:19:12.814 UTC [TRACE] steampipe-plugin-hackernews.plugin: [TRACE] 1670663952474: getItem                       : 200
2022-12-10 09:19:12.814 UTC [TRACE] steampipe-plugin-hackernews.plugin: [TRACE] 1670663952474: ------------------------------------
2022-12-10 09:19:12.814 UTC [TRACE] steampipe-plugin-hackernews.plugin: [TRACE] 1670663952474: Total                         : 200
2022-12-10 09:19:12.814 UTC [TRACE] steampipe-plugin-hackernews.plugin: [TRACE] 1670663952474: ------------------------------------
2022-12-10 09:19:12.814 UTC [TRACE] steampipe-plugin-hackernews.plugin: [TRACE] 1670663952474: QueryData streamRows DONE (hackernews-1670663952474)
2022-12-10 09:19:12.814 UTC [TRACE] steampipe-plugin-hackernews.plugin: [TRACE] 1670663952474: EndSet (hackernews-1670663952474) table hackernews_new
2022-12-10 09:19:12.814 UTC [TRACE] steampipe-plugin-hackernews.plugin: [TRACE] 1670663952474: QueryCache writePageToCache: 500 rows, pageCount 1, page key hackernewshackernews_newid,title,time,by,score,dead,deleted,descendants,kids,parent,parts,poll,text,type,url,_ctx-1-0
2022-12-10 09:19:12.815 UTC [TRACE] stdio: received data: channel=STDOUT len=376
2022-12-10 09:19:12.815 UTC [TRACE] stdio: waiting for stdio data
2022-12-10 09:19:12.818 UTC [TRACE] stdio: received data: channel=STDOUT len=58
2022-12-10 09:19:12.818 UTC [TRACE] stdio: waiting for stdio data
2022-12-10 09:19:12.824 UTC [TRACE] steampipe-plugin-hackernews.plugin: [TRACE] 1670663952474: writePageToCache Set - result written
2022-12-10 09:19:12.824 UTC [TRACE] steampipe-plugin-hackernews.plugin: [TRACE] 1670663952474: QueryCache EndSet - result written
2022-12-10 09:19:12.824 UTC [TRACE] steampipe-plugin-hackernews.plugin: [TRACE] 1670663952474: doGet cache miss
2022-12-10 09:19:12.824 UTC [TRACE] steampipe-plugin-hackernews.plugin: [TRACE] 1670663952474: getCachedIndexBucket - no item retrieved for cache key index__hackernewshackernews_new
2022-12-10 09:19:12.824 UTC [TRACE] steampipe-plugin-hackernews.plugin: [TRACE] 1670663952474: getCachedIndexBucket returned cache miss
2022-12-10 09:19:12.824 UTC [TRACE] steampipe-plugin-hackernews.plugin: [TRACE] 1670663952474: QueryCache EndSet - Added index item (0xc01ad96000) to bucket (0xc01aa5c7e0), page count 1,  key root hackernewshackernews_newid,title,time,by,score,dead,deleted,descendants,kids,parent,parts,poll,text,type,url,_ctx-1
2022-12-10 09:19:12.824 UTC [TRACE] steampipe-plugin-hackernews.plugin: [TRACE] 1670663952474: cacheSetIndexBucket index__hackernewshackernews_new
2022-12-10 09:19:12.824 UTC [TRACE] steampipe-plugin-hackernews.plugin: [TRACE] 1670663952474: QueryCache EndSet - IndexBucket written
2022-12-10 09:19:12.824 UTC [TRACE] steampipe-plugin-hackernews.plugin: [TRACE] 1670663952474: EndSet DEFER (hackernews-1670663952474) table hackernews_new
2022-12-10 09:19:12.824 UTC [TRACE] steampipe-plugin-hackernews.plugin: [TRACE] 1670663952474: calling pendingItemComplete (hackernews-1670663952474)
2022-12-10 09:19:12.824 UTC [TRACE] steampipe-plugin-hackernews.plugin: [TRACE] 1670663952474: pendingItemComplete (hackernews-1670663952474) indexBucketKey index__hackernewshackernews_new, columns [id title time by score dead deleted descendants kids parent parts poll text type url _ctx], limit -1
2022-12-10 09:19:12.824 UTC [TRACE] steampipe-plugin-hackernews.plugin: [TRACE] 1670663952474: got pending index bucket, (hackernews-1670663952474) len 1
2022-12-10 09:19:12.824 UTC [TRACE] steampipe-plugin-hackernews.plugin: [TRACE] 1670663952474: SatisfiesLimit limit -1, no item limit - satisfied
2022-12-10 09:19:12.824 UTC [TRACE] steampipe-plugin-hackernews.plugin: [TRACE] 1670663952474: found pending index item to satisfy columns id,title,time,by,score,dead,deleted,descendants,kids,parent,parts,poll,text,type,url,_ctx, limit -1
2022-12-10 09:19:12.824 UTC [TRACE] steampipe-plugin-hackernews.plugin: [TRACE] 1670663952474: found completed pending item (hackernews-1670663952474) 0xc0003cce10, key hackernewshackernews_newid,title,time,by,score,dead,deleted,descendants,kids,parent,parts,poll,text,type,url,_ctx-1 - removing from map as it is complete
2022-12-10 09:19:12.824 UTC [TRACE] steampipe-plugin-hackernews.plugin: [TRACE] 1670663952474: pendingIndexItem Unlock count before 1 key hackernewshackernews_newid,title,time,by,score,dead,deleted,descendants,kids,parent,parts,poll,text,type,url,_ctx-1
2022-12-10 09:19:12.824 UTC [TRACE] steampipe-plugin-hackernews.plugin: [TRACE] 1670663952474: deleted from pending, (hackernews-1670663952474) len 0
2022-12-10 09:19:12.824 UTC [TRACE] steampipe-plugin-hackernews.plugin: [TRACE] 1670663952474: pending bucket now empty - deleting key index__hackernewshackernews_new
2022-12-10 09:19:12.824 UTC [TRACE] steampipe-plugin-hackernews.plugin: [TRACE] 1670663952474: pendingItemComplete done (hackernews-1670663952474)
2022-12-10 09:19:12.824 UTC [TRACE] steampipe-plugin-hackernews.plugin: [TRACE] 1670663952474: cache set succeeded
2022-12-10 09:19:12.824 UTC [TRACE] steampipe-plugin-hackernews.plugin: [TRACE] 1670663952474: End execute span
2022-12-10 09:19:12.824 UTC [TRACE] steampipe-plugin-hackernews.plugin: [TRACE] 1670663952474: executeForConnection DEFER (hackernews-1670663952474)
2022-12-10 09:19:12.824 UTC [TRACE] steampipe-plugin-hackernews.plugin: [TRACE] 1670663952474: Execute complete callId: hackernews-1670663952474 table: hackernews_new
2022-12-10 09:19:12.824 UTC [TRACE] steampipe-plugin-hackernews.plugin: [TRACE] 1670663952474: executeForConnection hackernews returned
2022-12-10 09:19:12.824 UTC [TRACE] steampipe-plugin-hackernews.plugin: [TRACE] 1670663952474: output wg complete - send nil row
2022-12-10 09:19:12.825 UTC [TRACE] steampipe-plugin-hackernews.plugin: [TRACE] 1670663952474: empty row on output channel - we are done
2022-12-10 09:19:12.825 UTC [INFO]  steampipe-plugin-hackernews.plugin: [INFO]  1670663952474: Plugin Execute complete (1670663952474)
2022-12-10 09:19:12.906 UTC [TRACE] PluginManager Shutdown
2022-12-10 09:19:12.906 UTC [TRACE] killing plugin csv (1993)
2022-12-10 09:19:12.907 UTC [TRACE] steampipe-plugin-csv.plugin: [TRACE] FLUSHING instrumentation
2022-12-10 09:19:12.907 UTC [TRACE] steampipe-plugin-csv.plugin: [TRACE] Shutdown instrumentation
2022-12-10 09:19:12.907 UTC [DEBUG] stdio: received EOF, stopping recv loop: err="rpc error: code = Unavailable desc = error reading from server: EOF"
2022-12-10 09:19:12.908 UTC [INFO]  plugin process exited: path=/home/runner/.steampipe/plugins/hub.steampipe.io/plugins/turbot/csv@latest/steampipe-plugin-csv.plugin pid=1993
2022-12-10 09:19:12.908 UTC [DEBUG] plugin exited
2022-12-10 09:19:12.908 UTC [TRACE] killing plugin hackernews (2015)
2022-12-10 09:19:12.908 UTC [DEBUG] stdio: received EOF, stopping recv loop: err="rpc error: code = Unavailable desc = error reading from server: EOF"
2022-12-10 09:19:12.908 UTC [TRACE] steampipe-plugin-hackernews.plugin: [TRACE] 1670663952474: FLUSHING instrumentation
2022-12-10 09:19:12.908 UTC [TRACE] steampipe-plugin-hackernews.plugin: [TRACE] 1670663952474: Shutdown instrumentation
2022-12-10 09:19:12.911 UTC [INFO]  plugin process exited: path=/home/runner/.steampipe/plugins/hub.steampipe.io/plugins/turbot/hackernews@latest/steampipe-plugin-hackernews.plugin pid=2015
2022-12-10 09:19:12.911 UTC [DEBUG] plugin exited
2022-12-10 09:19:18.438 UTC [WARN]  steampipe-plugin-csv.plugin: [WARN]  1670663958196: getKeyColumnsForTable found no schema for table '/home/runner/work/steampipe-samples/steampipe-samples/all/hackernews/hn.csv'
2022-12-10 09:19:49.127 UTC [WARN]  steampipe-plugin-csv.plugin: [WARN]  1670663989503: getKeyColumnsForTable found no schema for table '/home/runner/work/steampipe-samples/steampipe-samples/all/hackernews/hn.csv'
2022-12-10 09:23:02.253 UTC [ERROR] steampipe-plugin-csv.plugin: [ERROR] csv.tableCSV: header_parse_error=EOF path=/home/runner/work/steampipe-samples/steampipe-samples/all/hackernews/new_sc.csv header=[]
2022-12-10 09:23:02.254 UTC [ERROR] steampipe-plugin-csv.plugin: [ERROR] csv.PluginTables: create_table_error="failed to parse file header /home/runner/work/steampipe-samples/steampipe-samples/all/hackernews/new_sc.csv: EOF" path=/home/runner/work/steampipe-samples/steampipe-samples/all/hackernews/new_sc.csv
2022-12-10 09:23:02.254 UTC [WARN]  failed to set connection config: failed to parse file header /home/runner/work/steampipe-samples/steampipe-samples/all/hackernews/new_sc.csv: EOF
2022-12-10 09:23:03.636 UTC [WARN]  steampipe-plugin-csv.plugin: [WARN]  1670664183693: getKeyColumnsForTable found no schema for table '/home/runner/work/steampipe-samples/steampipe-samples/all/hackernews/new_sc.csv'
2022-12-10 09:23:12.130 UTC [ERROR] steampipe-plugin-csv.plugin: [ERROR] csv.tableCSV: header_parse_error=EOF path=/home/runner/work/steampipe-samples/steampipe-samples/all/hackernews/hn_items_all.csv header=[]
2022-12-10 09:23:12.130 UTC [ERROR] steampipe-plugin-csv.plugin: [ERROR] csv.PluginTables: create_table_error="failed to parse file header /home/runner/work/steampipe-samples/steampipe-samples/all/hackernews/hn_items_all.csv: EOF" path=/home/runner/work/steampipe-samples/steampipe-samples/all/hackernews/hn_items_all.csv
2022-12-10 09:23:12.130 UTC [WARN]  failed to set connection config: failed to parse file header /home/runner/work/steampipe-samples/steampipe-samples/all/hackernews/hn_items_all.csv: EOF
2022-12-10 09:23:13.670 UTC [ERROR] steampipe-plugin-csv.plugin: [ERROR] csv.tableCSV: header_parse_error=EOF path=/home/runner/work/steampipe-samples/steampipe-samples/all/hackernews/people.csv header=[]
2022-12-10 09:23:13.670 UTC [ERROR] steampipe-plugin-csv.plugin: [ERROR] csv.PluginTables: create_table_error="failed to parse file header /home/runner/work/steampipe-samples/steampipe-samples/all/hackernews/people.csv: EOF" path=/home/runner/work/steampipe-samples/steampipe-samples/all/hackernews/people.csv
2022-12-10 09:23:13.670 UTC [WARN]  failed to set connection config: failed to parse file header /home/runner/work/steampipe-samples/steampipe-samples/all/hackernews/people.csv: EOF
