2022-07-09 12:25:48.811 UTC [INFO]  starting plugin manager
2022-07-09 12:25:48.811 UTC [TRACE] loaded config map: hackernews,csv
2022-07-09 12:25:48.811 UTC [INFO]  starting connection watcher
2022-07-09 12:25:48.811 UTC [INFO]  created ConnectionWatcher
2022-07-09 12:25:48.811 UTC [TRACE] about to serve
2022-07-09 12:25:48.873 UTC [TRACE] PluginManager Get, connections: '[csv]'
2022-07-09 12:25:48.873 UTC [TRACE] PluginManager getPlugin connection 'csv'
2022-07-09 12:25:48.873 UTC [TRACE] PluginManager 0xc00057e300 'csv' NOT found in map  - starting
2022-07-09 12:25:48.873 UTC [TRACE] ************ start plugin csv ********************
2022-07-09 12:25:48.874 UTC [DEBUG] starting plugin: path=/home/runner/.steampipe/plugins/hub.steampipe.io/plugins/turbot/csv@latest/steampipe-plugin-csv.plugin args=["/home/runner/.steampipe/plugins/hub.steampipe.io/plugins/turbot/csv@latest/steampipe-plugin-csv.plugin"]
2022-07-09 12:25:48.874 UTC [DEBUG] plugin started: path=/home/runner/.steampipe/plugins/hub.steampipe.io/plugins/turbot/csv@latest/steampipe-plugin-csv.plugin pid=1881
2022-07-09 12:25:48.874 UTC [DEBUG] waiting for RPC address: path=/home/runner/.steampipe/plugins/hub.steampipe.io/plugins/turbot/csv@latest/steampipe-plugin-csv.plugin
2022-07-09 12:25:48.879 UTC [DEBUG] steampipe-plugin-csv.plugin: 2022/07/09 12:25:48 [TRACE] Plugin Initialise creating connection manager
2022-07-09 12:25:48.882 UTC [TRACE] steampipe-plugin-csv.plugin: [TRACE] Setting Ulimit: ulimit=2560
2022-07-09 12:25:48.882 UTC [DEBUG] steampipe-plugin-csv.plugin: plugin address: address=/tmp/plugin2313529898 network=unix timestamp=2022-07-09T12:25:48.882Z
2022-07-09 12:25:48.882 UTC [DEBUG] using plugin: version=0
2022-07-09 12:25:48.882 UTC [TRACE] PluginManager getPlugin complete, returning reattach config with PID: 1881
2022-07-09 12:25:48.882 UTC [TRACE] PluginManager Get returning reattach_map:{key:"csv" value:{protocol:"grpc" addr:{Network:"unix" Address:"/tmp/plugin2313529898"} pid:1881}}
2022-07-09 12:25:48.884 UTC [TRACE] steampipe-plugin-csv.plugin: [TRACE] validate plugin steampipe-plugin-csv, required columns []
2022-07-09 12:25:48.886 UTC [INFO]  steampipe-plugin-csv.plugin: [INFO]  query cache created
2022-07-09 12:25:48.886 UTC [DEBUG] steampipe-plugin-csv.plugin: [DEBUG] SetConnectionConfig finished
2022-07-09 12:25:48.890 UTC [TRACE] PluginManager Get, connections: '[]'
2022-07-09 12:25:48.890 UTC [TRACE] PluginManager Get returning
2022-07-09 12:25:48.912 UTC [TRACE] handleFileWatcherEvent ignoring first event
2022-07-09 12:25:48.963 UTC [TRACE] PluginManager Get, connections: '[csv]'
2022-07-09 12:25:48.963 UTC [TRACE] PluginManager getPlugin connection 'csv'
2022-07-09 12:25:48.963 UTC [TRACE] initialized: 1881
2022-07-09 12:25:48.963 UTC [TRACE] connection csv is loaded, check for running PID
2022-07-09 12:25:48.964 UTC [TRACE] PluginManager found 'csv' in map, pid 1881, reattach protocol:"grpc" addr:{Network:"unix" Address:"/tmp/plugin2313529898"} pid:1881
2022-07-09 12:25:48.964 UTC [TRACE] PluginManager Get returning reattach_map:{key:"csv" value:{protocol:"grpc" addr:{Network:"unix" Address:"/tmp/plugin2313529898"} pid:1881}}
2022-07-09 12:25:49.145 UTC [TRACE] PluginManager Get, connections: '[hackernews]'
2022-07-09 12:25:49.145 UTC [TRACE] PluginManager getPlugin connection 'hackernews'
2022-07-09 12:25:49.145 UTC [TRACE] PluginManager 0xc00057e300 'hackernews' NOT found in map  - starting
2022-07-09 12:25:49.145 UTC [TRACE] ************ start plugin hackernews ********************
2022-07-09 12:25:49.145 UTC [DEBUG] starting plugin: path=/home/runner/.steampipe/plugins/hub.steampipe.io/plugins/turbot/hackernews@latest/steampipe-plugin-hackernews.plugin args=["/home/runner/.steampipe/plugins/hub.steampipe.io/plugins/turbot/hackernews@latest/steampipe-plugin-hackernews.plugin"]
2022-07-09 12:25:49.145 UTC [DEBUG] plugin started: path=/home/runner/.steampipe/plugins/hub.steampipe.io/plugins/turbot/hackernews@latest/steampipe-plugin-hackernews.plugin pid=1907
2022-07-09 12:25:49.145 UTC [DEBUG] waiting for RPC address: path=/home/runner/.steampipe/plugins/hub.steampipe.io/plugins/turbot/hackernews@latest/steampipe-plugin-hackernews.plugin
2022-07-09 12:25:49.150 UTC [DEBUG] steampipe-plugin-hackernews.plugin: 2022/07/09 12:25:49 [TRACE] Plugin Initialise creating connection manager
2022-07-09 12:25:49.153 UTC [TRACE] steampipe-plugin-hackernews.plugin: [TRACE] Setting Ulimit: ulimit=2560
2022-07-09 12:25:49.153 UTC [DEBUG] steampipe-plugin-hackernews.plugin: plugin address: address=/tmp/plugin539849531 network=unix timestamp=2022-07-09T12:25:49.153Z
2022-07-09 12:25:49.153 UTC [DEBUG] using plugin: version=0
2022-07-09 12:25:49.153 UTC [TRACE] PluginManager getPlugin complete, returning reattach config with PID: 1907
2022-07-09 12:25:49.153 UTC [TRACE] PluginManager Get returning reattach_map:{key:"hackernews" value:{protocol:"grpc" addr:{Network:"unix" Address:"/tmp/plugin539849531"} pid:1907}}
2022-07-09 12:25:49.154 UTC [TRACE] steampipe-plugin-hackernews.plugin: [TRACE] validate plugin steampipe-plugin-hackernews, required columns []
2022-07-09 12:25:49.156 UTC [INFO]  steampipe-plugin-hackernews.plugin: [INFO]  query cache created
2022-07-09 12:25:49.156 UTC [DEBUG] steampipe-plugin-hackernews.plugin: [DEBUG] SetConnectionConfig finished
2022-07-09 12:25:49.158 UTC [TRACE] steampipe-plugin-hackernews.plugin: [TRACE] EXECUTE callId: 1657369549190 table: hackernews_new cols: id,title,time,by,score,dead,deleted,descendants,kids,parent,parts,poll,text,type,url,_ctx
2022-07-09 12:25:49.158 UTC [TRACE] steampipe-plugin-hackernews.plugin: [TRACE] 1657369549190: Execute : connection=hackernews table=hackernews_new
2022-07-09 12:25:49.158 UTC [TRACE] steampipe-plugin-hackernews.plugin: [TRACE] 1657369549190: Got query context: table=hackernews_new cols=[id, title, time, by, score, dead, deleted, descendants, kids, parent, parts, poll, text, type, url, _ctx]
2022-07-09 12:25:49.158 UTC [TRACE] steampipe-plugin-hackernews.plugin: [TRACE] 1657369549190: setFetchType map[time:quals:{fieldName:"time"  string_value:">"  value:{timestamp_value:{seconds:1657365949  nanos:129515000}}}]
2022-07-09 12:25:49.159 UTC [TRACE] steampipe-plugin-hackernews.plugin: [TRACE] 1657369549190: getMatchingQuals column:'id' operator: =
2022-07-09 12:25:49.159 UTC [TRACE] steampipe-plugin-hackernews.plugin: [TRACE] 1657369549190: getMatchingQuals returning false - qualMap does not contain any quals for column id
2022-07-09 12:25:49.159 UTC [TRACE] steampipe-plugin-hackernews.plugin: [TRACE] 1657369549190: GetUnsatisfiedKeyColumns for columns column:'id' operator: =
2022-07-09 12:25:49.160 UTC [TRACE] steampipe-plugin-hackernews.plugin: [TRACE] 1657369549190: key column NOT satisfied column:'id' operator: =
2022-07-09 12:25:49.160 UTC [TRACE] steampipe-plugin-hackernews.plugin: [TRACE] 1657369549190: satisfied: map[any_of: optional: required:]
2022-07-09 12:25:49.161 UTC [TRACE] steampipe-plugin-hackernews.plugin: [TRACE] 1657369549190: unsatisfied: map[any_of: optional: required:column:'id' operator: =]
2022-07-09 12:25:49.162 UTC [TRACE] steampipe-plugin-hackernews.plugin: [TRACE] 1657369549190: unsatisfied required KeyColumns: column:'id' operator: =
2022-07-09 12:25:49.162 UTC [TRACE] steampipe-plugin-hackernews.plugin: [TRACE] 1657369549190: Set fetchType to fetchTypeList
2022-07-09 12:25:49.162 UTC [TRACE] steampipe-plugin-hackernews.plugin: [TRACE] 1657369549190: Equals key column quals:
2022-07-09 12:25:49.162 UTC [DEBUG] steampipe-plugin-hackernews.plugin: {}
2022-07-09 12:25:49.162 UTC [TRACE] steampipe-plugin-hackernews.plugin: [TRACE] 1657369549190: All key column quals:
2022-07-09 12:25:49.162 UTC [DEBUG] steampipe-plugin-hackernews.plugin: {}
2022-07-09 12:25:49.162 UTC [TRACE] steampipe-plugin-hackernews.plugin: [TRACE] 1657369549190: calling fetchItems: table=hackernews_new matrixItem=[] limit=<nil>
2022-07-09 12:25:49.162 UTC [TRACE] steampipe-plugin-hackernews.plugin: [TRACE] 1657369549190: Cache ENABLED callId: 1657369549190
2022-07-09 12:25:49.162 UTC [TRACE] steampipe-plugin-hackernews.plugin: [TRACE] 1657369549190: QueryCache Get - indexBucketKey index__hackernewshackernews_new, quals
2022-07-09 12:25:49.162 UTC [TRACE] steampipe-plugin-hackernews.plugin: [TRACE] 1657369549190: buildCacheQualMap col time, quals quals:{fieldName:"time"  string_value:">"  value:{timestamp_value:{seconds:1657365949  nanos:129515000}}}
2022-07-09 12:25:49.162 UTC [TRACE] steampipe-plugin-hackernews.plugin: [TRACE] 1657369549190: EXCLUDING COLUMN
2022-07-09 12:25:49.162 UTC [TRACE] steampipe-plugin-hackernews.plugin: [TRACE] 1657369549190: QueryCache getCachedResult - index bucket key: index__hackernewshackernews_new ttlSeconds 300
2022-07-09 12:25:49.162 UTC [TRACE] steampipe-plugin-hackernews.plugin: [TRACE] 1657369549190: getCachedResult - no index bucket
2022-07-09 12:25:49.162 UTC [TRACE] steampipe-plugin-hackernews.plugin: [TRACE] 1657369549190: getPendingResultItem indexBucketKey index__hackernewshackernews_new, columns [id title time by score dead deleted descendants kids parent parts poll text type url _ctx], limit -1
2022-07-09 12:25:49.162 UTC [TRACE] steampipe-plugin-hackernews.plugin: [TRACE] 1657369549190: no pending index item - add pending result
2022-07-09 12:25:49.162 UTC [TRACE] steampipe-plugin-hackernews.plugin: [TRACE] 1657369549190: addPendingResult indexBucketKey index__hackernewshackernews_new, columns [id title time by score dead deleted descendants kids parent parts poll text type url _ctx], limit -1
2022-07-09 12:25:49.162 UTC [TRACE] steampipe-plugin-hackernews.plugin: [TRACE] 1657369549190: no index bucket found - creating one
2022-07-09 12:25:49.162 UTC [TRACE] steampipe-plugin-hackernews.plugin: [TRACE] 1657369549190: pendingIndexItem Lock count before 0
2022-07-09 12:25:49.162 UTC [TRACE] steampipe-plugin-hackernews.plugin: [TRACE] 1657369549190: getPendingResultItem returning <nil>
2022-07-09 12:25:49.162 UTC [INFO]  steampipe-plugin-hackernews.plugin: [INFO]  1657369549190: CACHE MISS
2022-07-09 12:25:49.162 UTC [TRACE] steampipe-plugin-hackernews.plugin: [TRACE] 1657369549190: fetch items callId: 1657369549190
2022-07-09 12:25:49.162 UTC [TRACE] steampipe-plugin-hackernews.plugin: [TRACE] 1657369549190: buildRows callId: 1657369549190
2022-07-09 12:25:49.162 UTC [TRACE] steampipe-plugin-hackernews.plugin: [TRACE] 1657369549190: streamRows callId: 1657369549190
2022-07-09 12:25:49.162 UTC [TRACE] steampipe-plugin-hackernews.plugin: [TRACE] 1657369549190: executeListCall
2022-07-09 12:25:49.162 UTC [TRACE] steampipe-plugin-hackernews.plugin: [TRACE] 1657369549190: GetUnsatisfiedKeyColumns for columns
2022-07-09 12:25:49.162 UTC [TRACE] steampipe-plugin-hackernews.plugin: [TRACE] 1657369549190: doList: no matrix item
2022-07-09 12:25:49.320 UTC [TRACE] steampipe-plugin-hackernews.plugin: [TRACE] 1657369549190: rowData chan select - channel CLOSED
2022-07-09 12:25:49.320 UTC [TRACE] steampipe-plugin-hackernews.plugin: [TRACE] 1657369549190: wait for rows
2022-07-09 12:25:49.753 UTC [TRACE] steampipe-plugin-hackernews.plugin: [TRACE] 1657369549190: rowWg complete - CLOSING ROW CHANNEL
2022-07-09 12:25:49.753 UTC [TRACE] steampipe-plugin-hackernews.plugin: [TRACE] 1657369549190: row chan closed, stop streaming
2022-07-09 12:25:49.753 UTC [INFO]  steampipe-plugin-hackernews.plugin: [INFO]  1657369549190: ------------------------------------
2022-07-09 12:25:49.753 UTC [INFO]  steampipe-plugin-hackernews.plugin: [INFO]  1657369549190: Concurrency Summary
2022-07-09 12:25:49.753 UTC [INFO]  steampipe-plugin-hackernews.plugin: [INFO]  1657369549190: ------------------------------------
2022-07-09 12:25:49.753 UTC [INFO]  steampipe-plugin-hackernews.plugin: [INFO]  1657369549190: getItem                       : 200
2022-07-09 12:25:49.753 UTC [INFO]  steampipe-plugin-hackernews.plugin: [INFO]  1657369549190: ------------------------------------
2022-07-09 12:25:49.753 UTC [INFO]  steampipe-plugin-hackernews.plugin: [INFO]  1657369549190: Total                         : 200
2022-07-09 12:25:49.753 UTC [INFO]  steampipe-plugin-hackernews.plugin: [INFO]  1657369549190: ------------------------------------
2022-07-09 12:25:49.753 UTC [TRACE] steampipe-plugin-hackernews.plugin: [TRACE] 1657369549190: queryCache.Set callId: 1657369549190
2022-07-09 12:25:49.754 UTC [TRACE] steampipe-plugin-hackernews.plugin: [TRACE] 1657369549190: buildCacheQualMap col time, quals quals:{fieldName:"time"  string_value:">"  value:{timestamp_value:{seconds:1657365949  nanos:129515000}}}
2022-07-09 12:25:49.754 UTC [TRACE] steampipe-plugin-hackernews.plugin: [TRACE] 1657369549190: EXCLUDING COLUMN
2022-07-09 12:25:49.754 UTC [TRACE] steampipe-plugin-hackernews.plugin: [TRACE] 1657369549190: QueryCache Set - connectionName: hackernews, table: hackernews_new, columns: [_ctx by dead deleted descendants id kids parent parts poll score text time title type url], limit -1
2022-07-09 12:25:49.754 UTC [TRACE] steampipe-plugin-hackernews.plugin: [TRACE] 1657369549190: cache item cost = 64000 (500 rows, 16 columns)
2022-07-09 12:25:49.764 UTC [TRACE] steampipe-plugin-hackernews.plugin: [TRACE] 1657369549190: ------------------------------------
2022-07-09 12:25:49.764 UTC [TRACE] steampipe-plugin-hackernews.plugin: [TRACE] 1657369549190: Cache Metrics
2022-07-09 12:25:49.764 UTC [TRACE] steampipe-plugin-hackernews.plugin: [TRACE] 1657369549190: ------------------------------------
2022-07-09 12:25:49.764 UTC [TRACE] steampipe-plugin-hackernews.plugin: [TRACE] 1657369549190: MaxCost: 1073741824
2022-07-09 12:25:49.764 UTC [TRACE] steampipe-plugin-hackernews.plugin: [TRACE] 1657369549190: KeysAdded: 2
2022-07-09 12:25:49.764 UTC [TRACE] steampipe-plugin-hackernews.plugin: [TRACE] 1657369549190: CostAdded: 64113
2022-07-09 12:25:49.764 UTC [TRACE] steampipe-plugin-hackernews.plugin: [TRACE] 1657369549190: KeysEvicted: 0
2022-07-09 12:25:49.764 UTC [TRACE] steampipe-plugin-hackernews.plugin: [TRACE] 1657369549190: CostEvicted: 0
2022-07-09 12:25:49.764 UTC [TRACE] steampipe-plugin-hackernews.plugin: [TRACE] 1657369549190: ------------------------------------
2022-07-09 12:25:49.764 UTC [TRACE] steampipe-plugin-hackernews.plugin: [TRACE] 1657369549190: QueryCache Set() DONE
2022-07-09 12:25:49.764 UTC [TRACE] steampipe-plugin-hackernews.plugin: [TRACE] 1657369549190: pendingItemComplete indexBucketKey index__hackernewshackernews_new, columns [_ctx by dead deleted descendants id kids parent parts poll score text time title type url], limit -1
2022-07-09 12:25:49.764 UTC [TRACE] steampipe-plugin-hackernews.plugin: [TRACE] 1657369549190: got pending index bucket, len 1
2022-07-09 12:25:49.764 UTC [TRACE] steampipe-plugin-hackernews.plugin: [TRACE] 1657369549190: SatisfiesLimit limit -1, no item limit - satisfied
2022-07-09 12:25:49.764 UTC [TRACE] steampipe-plugin-hackernews.plugin: [TRACE] 1657369549190: found pending index item to satisfy columns _ctx,by,dead,deleted,descendants,id,kids,parent,parts,poll,score,text,time,title,type,url, limit -1
2022-07-09 12:25:49.764 UTC [TRACE] steampipe-plugin-hackernews.plugin: [TRACE] 1657369549190: got pending item hackernewshackernews_newid,title,time,by,score,dead,deleted,descendants,kids,parent,parts,poll,text,type,url,_ctx-1 - removing from map as it is complete
2022-07-09 12:25:49.764 UTC [TRACE] steampipe-plugin-hackernews.plugin: [TRACE] 1657369549190: pendingIndexItem Unlock count before 1
2022-07-09 12:25:49.764 UTC [TRACE] steampipe-plugin-hackernews.plugin: [TRACE] 1657369549190: deleted from pending, len 0
2022-07-09 12:25:49.764 UTC [TRACE] steampipe-plugin-hackernews.plugin: [TRACE] 1657369549190: pending bucket now empty - deleting key index__hackernewshackernews_new
2022-07-09 12:25:49.764 UTC [TRACE] steampipe-plugin-hackernews.plugin: [TRACE] 1657369549190: pendingItemComplete done
2022-07-09 12:25:49.764 UTC [TRACE] steampipe-plugin-hackernews.plugin: [TRACE] 1657369549190: Execute complete callId: 1657369549190 table: hackernews_new
2022-07-09 12:25:49.830 UTC [TRACE] PluginManager Shutdown map[csv:0xc00000d0c8 hackernews:0xc00000d4b8]
2022-07-09 12:25:49.830 UTC [TRACE] killing plugin csv (1881)
2022-07-09 12:25:49.831 UTC [TRACE] stdio: waiting for stdio data
2022-07-09 12:25:49.833 UTC [INFO]  plugin process exited: path=/home/runner/.steampipe/plugins/hub.steampipe.io/plugins/turbot/csv@latest/steampipe-plugin-csv.plugin pid=1881
2022-07-09 12:25:49.833 UTC [DEBUG] stdio: received EOF, stopping recv loop: err="rpc error: code = Unavailable desc = error reading from server: EOF"
2022-07-09 12:25:49.833 UTC [DEBUG] plugin exited
2022-07-09 12:25:49.833 UTC [TRACE] killing plugin hackernews (1907)
2022-07-09 12:25:49.834 UTC [TRACE] stdio: waiting for stdio data
2022-07-09 12:25:49.834 UTC [DEBUG] stdio: received EOF, stopping recv loop: err="rpc error: code = Unavailable desc = error reading from server: EOF"
2022-07-09 12:25:49.836 UTC [INFO]  plugin process exited: path=/home/runner/.steampipe/plugins/hub.steampipe.io/plugins/turbot/hackernews@latest/steampipe-plugin-hackernews.plugin pid=1907
2022-07-09 12:25:49.836 UTC [DEBUG] plugin exited
2022-07-09 12:25:50.223 UTC [INFO]  starting plugin manager
2022-07-09 12:25:50.223 UTC [TRACE] loaded config map: csv,hackernews
2022-07-09 12:25:50.223 UTC [INFO]  starting connection watcher
2022-07-09 12:25:50.223 UTC [INFO]  created ConnectionWatcher
2022-07-09 12:25:50.223 UTC [TRACE] about to serve
2022-07-09 12:25:50.286 UTC [TRACE] PluginManager Get, connections: '[csv]'
2022-07-09 12:25:50.287 UTC [TRACE] PluginManager getPlugin connection 'csv'
2022-07-09 12:25:50.287 UTC [TRACE] PluginManager 0xc000565a10 'csv' NOT found in map  - starting
2022-07-09 12:25:50.287 UTC [TRACE] ************ start plugin csv ********************
2022-07-09 12:25:50.287 UTC [DEBUG] starting plugin: path=/home/runner/.steampipe/plugins/hub.steampipe.io/plugins/turbot/csv@latest/steampipe-plugin-csv.plugin args=["/home/runner/.steampipe/plugins/hub.steampipe.io/plugins/turbot/csv@latest/steampipe-plugin-csv.plugin"]
2022-07-09 12:25:50.287 UTC [DEBUG] plugin started: path=/home/runner/.steampipe/plugins/hub.steampipe.io/plugins/turbot/csv@latest/steampipe-plugin-csv.plugin pid=1960
2022-07-09 12:25:50.287 UTC [DEBUG] waiting for RPC address: path=/home/runner/.steampipe/plugins/hub.steampipe.io/plugins/turbot/csv@latest/steampipe-plugin-csv.plugin
2022-07-09 12:25:50.292 UTC [DEBUG] steampipe-plugin-csv.plugin: 2022/07/09 12:25:50 [TRACE] Plugin Initialise creating connection manager
2022-07-09 12:25:50.296 UTC [TRACE] steampipe-plugin-csv.plugin: [TRACE] Setting Ulimit: ulimit=2560
2022-07-09 12:25:50.296 UTC [DEBUG] steampipe-plugin-csv.plugin: plugin address: address=/tmp/plugin3473255250 network=unix timestamp=2022-07-09T12:25:50.296Z
2022-07-09 12:25:50.296 UTC [DEBUG] using plugin: version=0
2022-07-09 12:25:50.296 UTC [TRACE] PluginManager getPlugin complete, returning reattach config with PID: 1960
2022-07-09 12:25:50.296 UTC [TRACE] PluginManager Get returning reattach_map:{key:"csv" value:{protocol:"grpc" addr:{Network:"unix" Address:"/tmp/plugin3473255250"} pid:1960}}
2022-07-09 12:25:50.299 UTC [TRACE] steampipe-plugin-csv.plugin: [TRACE] validate plugin steampipe-plugin-csv, required columns []
2022-07-09 12:25:50.300 UTC [INFO]  steampipe-plugin-csv.plugin: [INFO]  query cache created
2022-07-09 12:25:50.300 UTC [DEBUG] steampipe-plugin-csv.plugin: [DEBUG] SetConnectionConfig finished
2022-07-09 12:25:50.304 UTC [TRACE] PluginManager Get, connections: '[]'
2022-07-09 12:25:50.304 UTC [TRACE] PluginManager Get returning
2022-07-09 12:25:50.323 UTC [TRACE] handleFileWatcherEvent ignoring first event
2022-07-09 12:25:50.482 UTC [TRACE] PluginManager Get, connections: '[hackernews]'
2022-07-09 12:25:50.482 UTC [TRACE] PluginManager getPlugin connection 'hackernews'
2022-07-09 12:25:50.482 UTC [TRACE] PluginManager 0xc000565a10 'hackernews' NOT found in map  - starting
2022-07-09 12:25:50.482 UTC [TRACE] ************ start plugin hackernews ********************
2022-07-09 12:25:50.482 UTC [DEBUG] starting plugin: path=/home/runner/.steampipe/plugins/hub.steampipe.io/plugins/turbot/hackernews@latest/steampipe-plugin-hackernews.plugin args=["/home/runner/.steampipe/plugins/hub.steampipe.io/plugins/turbot/hackernews@latest/steampipe-plugin-hackernews.plugin"]
2022-07-09 12:25:50.482 UTC [DEBUG] plugin started: path=/home/runner/.steampipe/plugins/hub.steampipe.io/plugins/turbot/hackernews@latest/steampipe-plugin-hackernews.plugin pid=1977
2022-07-09 12:25:50.482 UTC [DEBUG] waiting for RPC address: path=/home/runner/.steampipe/plugins/hub.steampipe.io/plugins/turbot/hackernews@latest/steampipe-plugin-hackernews.plugin
2022-07-09 12:25:50.487 UTC [DEBUG] steampipe-plugin-hackernews.plugin: 2022/07/09 12:25:50 [TRACE] Plugin Initialise creating connection manager
2022-07-09 12:25:50.492 UTC [TRACE] steampipe-plugin-hackernews.plugin: [TRACE] Setting Ulimit: ulimit=2560
2022-07-09 12:25:50.493 UTC [DEBUG] steampipe-plugin-hackernews.plugin: plugin address: address=/tmp/plugin2150874525 network=unix timestamp=2022-07-09T12:25:50.492Z
2022-07-09 12:25:50.493 UTC [DEBUG] using plugin: version=0
2022-07-09 12:25:50.493 UTC [TRACE] PluginManager getPlugin complete, returning reattach config with PID: 1977
2022-07-09 12:25:50.493 UTC [TRACE] PluginManager Get returning reattach_map:{key:"hackernews" value:{protocol:"grpc" addr:{Network:"unix" Address:"/tmp/plugin2150874525"} pid:1977}}
2022-07-09 12:25:50.495 UTC [TRACE] steampipe-plugin-hackernews.plugin: [TRACE] validate plugin steampipe-plugin-hackernews, required columns []
2022-07-09 12:25:50.497 UTC [INFO]  steampipe-plugin-hackernews.plugin: [INFO]  query cache created
2022-07-09 12:25:50.497 UTC [DEBUG] steampipe-plugin-hackernews.plugin: [DEBUG] SetConnectionConfig finished
2022-07-09 12:25:50.499 UTC [TRACE] steampipe-plugin-hackernews.plugin: [TRACE] EXECUTE callId: 1657369550167 table: hackernews_new cols: time
2022-07-09 12:25:50.499 UTC [TRACE] steampipe-plugin-hackernews.plugin: [TRACE] 1657369550167: Execute : connection=hackernews table=hackernews_new
2022-07-09 12:25:50.499 UTC [TRACE] steampipe-plugin-hackernews.plugin: [TRACE] 1657369550167: Got query context: table=hackernews_new cols=[time]
2022-07-09 12:25:50.499 UTC [TRACE] steampipe-plugin-hackernews.plugin: [TRACE] 1657369550167: setFetchType map[time:quals:{fieldName:"time"  string_value:">"  value:{timestamp_value:{seconds:1657365950  nanos:467333000}}}]
2022-07-09 12:25:50.501 UTC [TRACE] steampipe-plugin-hackernews.plugin: [TRACE] 1657369550167: getMatchingQuals column:'id' operator: =
2022-07-09 12:25:50.501 UTC [TRACE] steampipe-plugin-hackernews.plugin: [TRACE] 1657369550167: getMatchingQuals returning false - qualMap does not contain any quals for column id
2022-07-09 12:25:50.501 UTC [TRACE] steampipe-plugin-hackernews.plugin: [TRACE] 1657369550167: GetUnsatisfiedKeyColumns for columns column:'id' operator: =
2022-07-09 12:25:50.501 UTC [TRACE] steampipe-plugin-hackernews.plugin: [TRACE] 1657369550167: key column NOT satisfied column:'id' operator: =
2022-07-09 12:25:50.501 UTC [TRACE] steampipe-plugin-hackernews.plugin: [TRACE] 1657369550167: satisfied: map[any_of: optional: required:]
2022-07-09 12:25:50.502 UTC [TRACE] steampipe-plugin-hackernews.plugin: [TRACE] 1657369550167: unsatisfied: map[any_of: optional: required:column:'id' operator: =]
2022-07-09 12:25:50.503 UTC [TRACE] steampipe-plugin-hackernews.plugin: [TRACE] 1657369550167: unsatisfied required KeyColumns: column:'id' operator: =
2022-07-09 12:25:50.503 UTC [TRACE] steampipe-plugin-hackernews.plugin: [TRACE] 1657369550167: Set fetchType to fetchTypeList
2022-07-09 12:25:50.503 UTC [TRACE] steampipe-plugin-hackernews.plugin: [TRACE] 1657369550167: Equals key column quals:
2022-07-09 12:25:50.503 UTC [DEBUG] steampipe-plugin-hackernews.plugin: {}
2022-07-09 12:25:50.503 UTC [TRACE] steampipe-plugin-hackernews.plugin: [TRACE] 1657369550167: All key column quals:
2022-07-09 12:25:50.503 UTC [DEBUG] steampipe-plugin-hackernews.plugin: {}
2022-07-09 12:25:50.503 UTC [TRACE] steampipe-plugin-hackernews.plugin: [TRACE] 1657369550167: calling fetchItems: table=hackernews_new matrixItem=[] limit=<nil>
2022-07-09 12:25:50.503 UTC [TRACE] steampipe-plugin-hackernews.plugin: [TRACE] 1657369550167: Cache ENABLED callId: 1657369550167
2022-07-09 12:25:50.503 UTC [TRACE] steampipe-plugin-hackernews.plugin: [TRACE] 1657369550167: QueryCache Get - indexBucketKey index__hackernewshackernews_new, quals
2022-07-09 12:25:50.503 UTC [TRACE] steampipe-plugin-hackernews.plugin: [TRACE] 1657369550167: buildCacheQualMap col time, quals quals:{fieldName:"time"  string_value:">"  value:{timestamp_value:{seconds:1657365950  nanos:467333000}}}
2022-07-09 12:25:50.503 UTC [TRACE] steampipe-plugin-hackernews.plugin: [TRACE] 1657369550167: EXCLUDING COLUMN
2022-07-09 12:25:50.503 UTC [TRACE] steampipe-plugin-hackernews.plugin: [TRACE] 1657369550167: QueryCache getCachedResult - index bucket key: index__hackernewshackernews_new ttlSeconds 300
2022-07-09 12:25:50.503 UTC [TRACE] steampipe-plugin-hackernews.plugin: [TRACE] 1657369550167: getCachedResult - no index bucket
2022-07-09 12:25:50.503 UTC [TRACE] steampipe-plugin-hackernews.plugin: [TRACE] 1657369550167: getPendingResultItem indexBucketKey index__hackernewshackernews_new, columns [time], limit -1
2022-07-09 12:25:50.503 UTC [TRACE] steampipe-plugin-hackernews.plugin: [TRACE] 1657369550167: no pending index item - add pending result
2022-07-09 12:25:50.503 UTC [TRACE] steampipe-plugin-hackernews.plugin: [TRACE] 1657369550167: addPendingResult indexBucketKey index__hackernewshackernews_new, columns [time], limit -1
2022-07-09 12:25:50.503 UTC [TRACE] steampipe-plugin-hackernews.plugin: [TRACE] 1657369550167: no index bucket found - creating one
2022-07-09 12:25:50.503 UTC [TRACE] steampipe-plugin-hackernews.plugin: [TRACE] 1657369550167: pendingIndexItem Lock count before 0
2022-07-09 12:25:50.503 UTC [TRACE] steampipe-plugin-hackernews.plugin: [TRACE] 1657369550167: getPendingResultItem returning <nil>
2022-07-09 12:25:50.503 UTC [INFO]  steampipe-plugin-hackernews.plugin: [INFO]  1657369550167: CACHE MISS
2022-07-09 12:25:50.503 UTC [TRACE] steampipe-plugin-hackernews.plugin: [TRACE] 1657369550167: fetch items callId: 1657369550167
2022-07-09 12:25:50.503 UTC [TRACE] steampipe-plugin-hackernews.plugin: [TRACE] 1657369550167: buildRows callId: 1657369550167
2022-07-09 12:25:50.503 UTC [TRACE] steampipe-plugin-hackernews.plugin: [TRACE] 1657369550167: streamRows callId: 1657369550167
2022-07-09 12:25:50.503 UTC [TRACE] steampipe-plugin-hackernews.plugin: [TRACE] 1657369550167: executeListCall
2022-07-09 12:25:50.503 UTC [TRACE] steampipe-plugin-hackernews.plugin: [TRACE] 1657369550167: GetUnsatisfiedKeyColumns for columns
2022-07-09 12:25:50.503 UTC [TRACE] steampipe-plugin-hackernews.plugin: [TRACE] 1657369550167: doList: no matrix item
2022-07-09 12:25:50.616 UTC [TRACE] steampipe-plugin-hackernews.plugin: [TRACE] 1657369550167: rowData chan select - channel CLOSED
2022-07-09 12:25:50.617 UTC [TRACE] steampipe-plugin-hackernews.plugin: [TRACE] 1657369550167: wait for rows
2022-07-09 12:25:51.002 UTC [TRACE] steampipe-plugin-hackernews.plugin: [TRACE] 1657369550167: rowWg complete - CLOSING ROW CHANNEL
2022-07-09 12:25:51.002 UTC [TRACE] steampipe-plugin-hackernews.plugin: [TRACE] 1657369550167: row chan closed, stop streaming
2022-07-09 12:25:51.002 UTC [INFO]  steampipe-plugin-hackernews.plugin: [INFO]  1657369550167: ------------------------------------
2022-07-09 12:25:51.002 UTC [INFO]  steampipe-plugin-hackernews.plugin: [INFO]  1657369550167: Concurrency Summary
2022-07-09 12:25:51.002 UTC [INFO]  steampipe-plugin-hackernews.plugin: [INFO]  1657369550167: ------------------------------------
2022-07-09 12:25:51.002 UTC [INFO]  steampipe-plugin-hackernews.plugin: [INFO]  1657369550167: getItem                       : 200
2022-07-09 12:25:51.002 UTC [INFO]  steampipe-plugin-hackernews.plugin: [INFO]  1657369550167: ------------------------------------
2022-07-09 12:25:51.002 UTC [INFO]  steampipe-plugin-hackernews.plugin: [INFO]  1657369550167: Total                         : 200
2022-07-09 12:25:51.002 UTC [INFO]  steampipe-plugin-hackernews.plugin: [INFO]  1657369550167: ------------------------------------
2022-07-09 12:25:51.002 UTC [TRACE] steampipe-plugin-hackernews.plugin: [TRACE] 1657369550167: queryCache.Set callId: 1657369550167
2022-07-09 12:25:51.002 UTC [TRACE] steampipe-plugin-hackernews.plugin: [TRACE] 1657369550167: buildCacheQualMap col time, quals quals:{fieldName:"time"  string_value:">"  value:{timestamp_value:{seconds:1657365950  nanos:467333000}}}
2022-07-09 12:25:51.002 UTC [TRACE] steampipe-plugin-hackernews.plugin: [TRACE] 1657369550167: EXCLUDING COLUMN
2022-07-09 12:25:51.002 UTC [TRACE] steampipe-plugin-hackernews.plugin: [TRACE] 1657369550167: QueryCache Set - connectionName: hackernews, table: hackernews_new, columns: [_ctx by dead deleted descendants id kids parent parts poll score text time title type url], limit -1
2022-07-09 12:25:51.002 UTC [TRACE] steampipe-plugin-hackernews.plugin: [TRACE] 1657369550167: cache item cost = 64000 (500 rows, 16 columns)
2022-07-09 12:25:51.013 UTC [TRACE] steampipe-plugin-hackernews.plugin: [TRACE] 1657369550167: ------------------------------------
2022-07-09 12:25:51.013 UTC [TRACE] steampipe-plugin-hackernews.plugin: [TRACE] 1657369550167: Cache Metrics
2022-07-09 12:25:51.013 UTC [TRACE] steampipe-plugin-hackernews.plugin: [TRACE] 1657369550167: ------------------------------------
2022-07-09 12:25:51.013 UTC [TRACE] steampipe-plugin-hackernews.plugin: [TRACE] 1657369550167: MaxCost: 1073741824
2022-07-09 12:25:51.013 UTC [TRACE] steampipe-plugin-hackernews.plugin: [TRACE] 1657369550167: KeysAdded: 2
2022-07-09 12:25:51.013 UTC [TRACE] steampipe-plugin-hackernews.plugin: [TRACE] 1657369550167: CostAdded: 64113
2022-07-09 12:25:51.013 UTC [TRACE] steampipe-plugin-hackernews.plugin: [TRACE] 1657369550167: KeysEvicted: 0
2022-07-09 12:25:51.013 UTC [TRACE] steampipe-plugin-hackernews.plugin: [TRACE] 1657369550167: CostEvicted: 0
2022-07-09 12:25:51.013 UTC [TRACE] steampipe-plugin-hackernews.plugin: [TRACE] 1657369550167: ------------------------------------
2022-07-09 12:25:51.013 UTC [TRACE] steampipe-plugin-hackernews.plugin: [TRACE] 1657369550167: QueryCache Set() DONE
2022-07-09 12:25:51.013 UTC [TRACE] steampipe-plugin-hackernews.plugin: [TRACE] 1657369550167: pendingItemComplete indexBucketKey index__hackernewshackernews_new, columns [_ctx by dead deleted descendants id kids parent parts poll score text time title type url], limit -1
2022-07-09 12:25:51.013 UTC [TRACE] steampipe-plugin-hackernews.plugin: [TRACE] 1657369550167: got pending index bucket, len 1
2022-07-09 12:25:51.013 UTC [TRACE] steampipe-plugin-hackernews.plugin: [TRACE] 1657369550167: SatisfiesLimit limit -1, no item limit - satisfied
2022-07-09 12:25:51.013 UTC [TRACE] steampipe-plugin-hackernews.plugin: [TRACE] 1657369550167: found pending index item to satisfy columns _ctx,by,dead,deleted,descendants,id,kids,parent,parts,poll,score,text,time,title,type,url, limit -1
2022-07-09 12:25:51.013 UTC [TRACE] steampipe-plugin-hackernews.plugin: [TRACE] 1657369550167: got pending item hackernewshackernews_newtime-1 - removing from map as it is complete
2022-07-09 12:25:51.013 UTC [TRACE] steampipe-plugin-hackernews.plugin: [TRACE] 1657369550167: pendingIndexItem Unlock count before 1
2022-07-09 12:25:51.013 UTC [TRACE] steampipe-plugin-hackernews.plugin: [TRACE] 1657369550167: deleted from pending, len 0
2022-07-09 12:25:51.013 UTC [TRACE] steampipe-plugin-hackernews.plugin: [TRACE] 1657369550167: pending bucket now empty - deleting key index__hackernewshackernews_new
2022-07-09 12:25:51.013 UTC [TRACE] steampipe-plugin-hackernews.plugin: [TRACE] 1657369550167: pendingItemComplete done
2022-07-09 12:25:51.013 UTC [TRACE] steampipe-plugin-hackernews.plugin: [TRACE] 1657369550167: Execute complete callId: 1657369550167 table: hackernews_new
2022-07-09 12:25:51.075 UTC [TRACE] PluginManager Shutdown map[csv:0xc00000cb58 hackernews:0xc00000c7f8]
2022-07-09 12:25:51.075 UTC [TRACE] killing plugin hackernews (1977)
2022-07-09 12:25:51.075 UTC [TRACE] stdio: waiting for stdio data
2022-07-09 12:25:51.076 UTC [DEBUG] stdio: received EOF, stopping recv loop: err="rpc error: code = Unavailable desc = error reading from server: EOF"
2022-07-09 12:25:51.077 UTC [INFO]  plugin process exited: path=/home/runner/.steampipe/plugins/hub.steampipe.io/plugins/turbot/hackernews@latest/steampipe-plugin-hackernews.plugin pid=1977
2022-07-09 12:25:51.077 UTC [DEBUG] plugin exited
2022-07-09 12:25:51.077 UTC [TRACE] killing plugin csv (1960)
2022-07-09 12:25:51.078 UTC [TRACE] stdio: waiting for stdio data
2022-07-09 12:25:51.079 UTC [INFO]  plugin process exited: path=/home/runner/.steampipe/plugins/hub.steampipe.io/plugins/turbot/csv@latest/steampipe-plugin-csv.plugin pid=1960
2022-07-09 12:25:51.079 UTC [DEBUG] stdio: received EOF, stopping recv loop: err="rpc error: code = Unavailable desc = error reading from server: EOF"
2022-07-09 12:25:51.079 UTC [DEBUG] plugin exited
