2022-11-02 20:20:26.954 UTC [WARN]  PluginManager setPluginCacheSizeMap: 1 connection.
2022-11-02 20:20:26.954 UTC [WARN]  Total cache size 0Mb
2022-11-02 20:20:27.021 UTC [WARN]  plugin configured with a nil SecureConfig
2022-11-02 20:20:29.490 UTC [WARN]  PluginManager setPluginCacheSizeMap: 2 connections.
2022-11-02 20:20:29.490 UTC [WARN]  Total cache size 0Mb
2022-11-02 20:20:29.557 UTC [WARN]  plugin configured with a nil SecureConfig
2022-11-02 20:20:31.506 UTC [WARN]  PluginManager setPluginCacheSizeMap: 3 connections.
2022-11-02 20:20:31.507 UTC [WARN]  Total cache size 0Mb
2022-11-02 20:20:31.574 UTC [WARN]  plugin configured with a nil SecureConfig
2022-11-02 20:20:31.616 UTC [WARN]  plugin configured with a nil SecureConfig
2022-11-02 20:20:33.542 UTC [WARN]  PluginManager setPluginCacheSizeMap: 4 connections.
2022-11-02 20:20:33.542 UTC [WARN]  Total cache size 0Mb
2022-11-02 20:20:33.609 UTC [WARN]  plugin configured with a nil SecureConfig
2022-11-02 20:20:33.658 UTC [WARN]  plugin configured with a nil SecureConfig
2022-11-02 20:20:35.092 UTC [INFO]  starting plugin manager
2022-11-02 20:20:35.093 UTC [TRACE] loaded config map: github,hackernews,net,csv
2022-11-02 20:20:35.093 UTC [TRACE] NewPluginManager
2022-11-02 20:20:35.093 UTC [WARN]  PluginManager setPluginCacheSizeMap: 4 connections.
2022-11-02 20:20:35.093 UTC [WARN]  Total cache size 0Mb
2022-11-02 20:20:35.093 UTC [INFO]  starting connection watcher
2022-11-02 20:20:35.093 UTC [INFO]  created ConnectionWatcher
2022-11-02 20:20:35.093 UTC [TRACE] about to serve
2022-11-02 20:20:35.161 UTC [TRACE] PluginManager Get, connections: '[csv]'
2022-11-02 20:20:35.161 UTC [TRACE] PluginManager getPlugin hub.steampipe.io/plugins/turbot/csv@latest connection 'csv'
2022-11-02 20:20:35.161 UTC [TRACE] PluginManager 0xc0005be820 plugin hub.steampipe.io/plugins/turbot/csv@latest (csv) NOT started or starting - start now
2022-11-02 20:20:35.161 UTC [TRACE] ************ start plugin csv ********************
2022-11-02 20:20:35.161 UTC [WARN]  plugin configured with a nil SecureConfig
2022-11-02 20:20:35.161 UTC [DEBUG] starting plugin: path=/home/runner/.steampipe/plugins/hub.steampipe.io/plugins/turbot/csv@latest/steampipe-plugin-csv.plugin args=["/home/runner/.steampipe/plugins/hub.steampipe.io/plugins/turbot/csv@latest/steampipe-plugin-csv.plugin"]
2022-11-02 20:20:35.162 UTC [DEBUG] plugin started: path=/home/runner/.steampipe/plugins/hub.steampipe.io/plugins/turbot/csv@latest/steampipe-plugin-csv.plugin pid=1938
2022-11-02 20:20:35.162 UTC [DEBUG] waiting for RPC address: path=/home/runner/.steampipe/plugins/hub.steampipe.io/plugins/turbot/csv@latest/steampipe-plugin-csv.plugin
2022-11-02 20:20:35.173 UTC [INFO]  steampipe-plugin-csv.plugin: [INFO]  Initialise plugin 'steampipe-plugin-csv', using sdk version 4.1.7
2022-11-02 20:20:35.173 UTC [TRACE] steampipe-plugin-csv.plugin: [TRACE] no DefaultRetryConfig defined - creating empty
2022-11-02 20:20:35.173 UTC [TRACE] steampipe-plugin-csv.plugin: [TRACE] no DefaultIgnoreConfig defined - creating empty
2022-11-02 20:20:35.173 UTC [TRACE] steampipe-plugin-csv.plugin: [TRACE] Setting Ulimit: ulimit=2560
2022-11-02 20:20:35.174 UTC [TRACE] steampipe-plugin-csv.plugin: [TRACE] telemetry.Init service 'steampipe-plugin-csv', tracingEnabled: false, metricsEnabled: false
2022-11-02 20:20:35.174 UTC [TRACE] steampipe-plugin-csv.plugin: [TRACE] metrics and tracing disabled' - returning
2022-11-02 20:20:35.174 UTC [DEBUG] steampipe-plugin-csv.plugin: plugin address: address=/tmp/plugin3989368308 network=unix timestamp=2022-11-02T20:20:35.174Z
2022-11-02 20:20:35.174 UTC [DEBUG] using plugin: version=0
2022-11-02 20:20:35.174 UTC [TRACE] NewPluginClient for plugin hub.steampipe.io/plugins/turbot/csv@latest
2022-11-02 20:20:35.175 UTC [TRACE] stdio: waiting for stdio data
2022-11-02 20:20:35.177 UTC [TRACE] supportedOperations: query_cache:true multiple_connections:true
2022-11-02 20:20:35.177 UTC [TRACE] steampipe-plugin-csv.plugin: [TRACE] SetAllConnectionConfigs setting 1 configs
2022-11-02 20:20:35.178 UTC [TRACE] steampipe-plugin-csv.plugin: [TRACE] connection csv build schema and table map
2022-11-02 20:20:35.178 UTC [DEBUG] steampipe-plugin-csv.plugin: [DEBUG] csv.tableCSV: path=/home/runner/work/steampipe-samples/steampipe-samples/all/hackernews/hn_items_all.csv detected_encoding=Unknown
2022-11-02 20:20:35.178 UTC [DEBUG] steampipe-plugin-csv.plugin: [DEBUG] csv.tableCSV: path=/home/runner/work/steampipe-samples/steampipe-samples/all/hackernews/new_sc.csv detected_encoding=Unknown
2022-11-02 20:20:35.178 UTC [DEBUG] steampipe-plugin-csv.plugin: [DEBUG] csv.tableCSV: path=/home/runner/work/steampipe-samples/steampipe-samples/all/hackernews/people.csv detected_encoding=Unknown
2022-11-02 20:20:35.178 UTC [TRACE] steampipe-plugin-csv.plugin: [TRACE] initialise table /home/runner/work/steampipe-samples/steampipe-samples/all/hackernews/hn_items_all.csv
2022-11-02 20:20:35.178 UTC [TRACE] steampipe-plugin-csv.plugin: [TRACE] no DefaultRetryConfig defined - creating empty
2022-11-02 20:20:35.178 UTC [TRACE] steampipe-plugin-csv.plugin: [TRACE] no DefaultIgnoreConfig defined - creating empty
2022-11-02 20:20:35.178 UTC [TRACE] steampipe-plugin-csv.plugin: [TRACE] apply plugin defaults for DefaultRetryConfig
2022-11-02 20:20:35.178 UTC [TRACE] steampipe-plugin-csv.plugin: [TRACE] apply plugin defaults for DefaultIgnoreConfig, table &{<nil> <nil>} plugin &{<nil> <nil>}
2022-11-02 20:20:35.178 UTC [TRACE] steampipe-plugin-csv.plugin: [TRACE] DefaultRetryConfig:
2022-11-02 20:20:35.178 UTC [TRACE] steampipe-plugin-csv.plugin: [TRACE] DefaultIgnoreConfig:
2022-11-02 20:20:35.178 UTC [TRACE] steampipe-plugin-csv.plugin: [TRACE] t.List.initialise
2022-11-02 20:20:35.178 UTC [TRACE] steampipe-plugin-csv.plugin: [TRACE] ListConfig.initialise table /home/runner/work/steampipe-samples/steampipe-samples/all/hackernews/hn_items_all.csv
2022-11-02 20:20:35.178 UTC [TRACE] steampipe-plugin-csv.plugin: [TRACE] ListConfig.initialise complete: RetryConfig: , IgnoreConfig
2022-11-02 20:20:35.178 UTC [TRACE] steampipe-plugin-csv.plugin: [TRACE] back from initialiseHydrateConfigs
2022-11-02 20:20:35.178 UTC [TRACE] steampipe-plugin-csv.plugin: [TRACE] initialise table /home/runner/work/steampipe-samples/steampipe-samples/all/hackernews/hn_items_all.csv COMPLETE
2022-11-02 20:20:35.178 UTC [TRACE] steampipe-plugin-csv.plugin: [TRACE] initialise table /home/runner/work/steampipe-samples/steampipe-samples/all/hackernews/new_sc.csv
2022-11-02 20:20:35.178 UTC [TRACE] steampipe-plugin-csv.plugin: [TRACE] no DefaultRetryConfig defined - creating empty
2022-11-02 20:20:35.178 UTC [TRACE] steampipe-plugin-csv.plugin: [TRACE] no DefaultIgnoreConfig defined - creating empty
2022-11-02 20:20:35.178 UTC [TRACE] steampipe-plugin-csv.plugin: [TRACE] apply plugin defaults for DefaultRetryConfig
2022-11-02 20:20:35.178 UTC [TRACE] steampipe-plugin-csv.plugin: [TRACE] apply plugin defaults for DefaultIgnoreConfig, table &{<nil> <nil>} plugin &{<nil> <nil>}
2022-11-02 20:20:35.178 UTC [TRACE] steampipe-plugin-csv.plugin: [TRACE] DefaultRetryConfig:
2022-11-02 20:20:35.178 UTC [TRACE] steampipe-plugin-csv.plugin: [TRACE] DefaultIgnoreConfig:
2022-11-02 20:20:35.178 UTC [TRACE] steampipe-plugin-csv.plugin: [TRACE] t.List.initialise
2022-11-02 20:20:35.178 UTC [TRACE] steampipe-plugin-csv.plugin: [TRACE] ListConfig.initialise table /home/runner/work/steampipe-samples/steampipe-samples/all/hackernews/new_sc.csv
2022-11-02 20:20:35.178 UTC [TRACE] steampipe-plugin-csv.plugin: [TRACE] ListConfig.initialise complete: RetryConfig: , IgnoreConfig
2022-11-02 20:20:35.178 UTC [TRACE] steampipe-plugin-csv.plugin: [TRACE] back from initialiseHydrateConfigs
2022-11-02 20:20:35.178 UTC [TRACE] steampipe-plugin-csv.plugin: [TRACE] initialise table /home/runner/work/steampipe-samples/steampipe-samples/all/hackernews/new_sc.csv COMPLETE
2022-11-02 20:20:35.178 UTC [TRACE] steampipe-plugin-csv.plugin: [TRACE] initialise table /home/runner/work/steampipe-samples/steampipe-samples/all/hackernews/people.csv
2022-11-02 20:20:35.178 UTC [TRACE] steampipe-plugin-csv.plugin: [TRACE] no DefaultRetryConfig defined - creating empty
2022-11-02 20:20:35.178 UTC [TRACE] steampipe-plugin-csv.plugin: [TRACE] no DefaultIgnoreConfig defined - creating empty
2022-11-02 20:20:35.178 UTC [TRACE] steampipe-plugin-csv.plugin: [TRACE] apply plugin defaults for DefaultRetryConfig
2022-11-02 20:20:35.178 UTC [TRACE] steampipe-plugin-csv.plugin: [TRACE] apply plugin defaults for DefaultIgnoreConfig, table &{<nil> <nil>} plugin &{<nil> <nil>}
2022-11-02 20:20:35.178 UTC [TRACE] steampipe-plugin-csv.plugin: [TRACE] DefaultRetryConfig:
2022-11-02 20:20:35.178 UTC [TRACE] steampipe-plugin-csv.plugin: [TRACE] DefaultIgnoreConfig:
2022-11-02 20:20:35.178 UTC [TRACE] steampipe-plugin-csv.plugin: [TRACE] t.List.initialise
2022-11-02 20:20:35.178 UTC [TRACE] steampipe-plugin-csv.plugin: [TRACE] ListConfig.initialise table /home/runner/work/steampipe-samples/steampipe-samples/all/hackernews/people.csv
2022-11-02 20:20:35.178 UTC [TRACE] steampipe-plugin-csv.plugin: [TRACE] ListConfig.initialise complete: RetryConfig: , IgnoreConfig
2022-11-02 20:20:35.178 UTC [TRACE] steampipe-plugin-csv.plugin: [TRACE] back from initialiseHydrateConfigs
2022-11-02 20:20:35.178 UTC [TRACE] steampipe-plugin-csv.plugin: [TRACE] initialise table /home/runner/work/steampipe-samples/steampipe-samples/all/hackernews/people.csv COMPLETE
2022-11-02 20:20:35.178 UTC [TRACE] steampipe-plugin-csv.plugin: [TRACE] validate plugin steampipe-plugin-csv, required columns []
2022-11-02 20:20:35.178 UTC [TRACE] steampipe-plugin-csv.plugin: [TRACE] validate DefaultRetryConfig
2022-11-02 20:20:35.178 UTC [TRACE] steampipe-plugin-csv.plugin: [TRACE] validate DefaultIgnoreConfig
2022-11-02 20:20:35.178 UTC [TRACE] steampipe-plugin-csv.plugin: [TRACE] validate table names
2022-11-02 20:20:35.178 UTC [TRACE] steampipe-plugin-csv.plugin: [TRACE] plugin has 0 validation errors
2022-11-02 20:20:35.178 UTC [TRACE] steampipe-plugin-csv.plugin: [TRACE] Plugin ensureCache creating cache, maxCacheStorageMb 0
2022-11-02 20:20:35.178 UTC [TRACE] steampipe-plugin-csv.plugin: [TRACE] createCacheStore for plugin 'steampipe-plugin-csv' setting max size to 0Mb, Shards: 2, max shard size: 0
2022-11-02 20:20:35.193 UTC [INFO]  steampipe-plugin-csv.plugin: [INFO]  query cache created
2022-11-02 20:20:35.193 UTC [DEBUG] steampipe-plugin-csv.plugin: [DEBUG] SetAllConnectionConfigs finished
2022-11-02 20:20:35.193 UTC [TRACE] PluginManager getPlugin complete, returning reattach config with PID: 1938
2022-11-02 20:20:35.193 UTC [TRACE] PluginManager Get returning reattach_map:{key:"csv" value:{protocol:"grpc" addr:{Network:"unix" Address:"/tmp/plugin3989368308"} pid:1938 supported_operations:{query_cache:true multiple_connections:true} connections:"csv" plugin:"hub.steampipe.io/plugins/turbot/csv@latest"}}
2022-11-02 20:20:35.195 UTC [TRACE] handleFileWatcherEvent ignoring first event
2022-11-02 20:20:35.280 UTC [TRACE] PluginManager Get, connections: '[csv]'
2022-11-02 20:20:35.280 UTC [TRACE] PluginManager getPlugin hub.steampipe.io/plugins/turbot/csv@latest connection 'csv'
2022-11-02 20:20:35.280 UTC [TRACE] connection csv found in connectionPluginMap
2022-11-02 20:20:35.280 UTC [TRACE] initialized: 1938
2022-11-02 20:20:35.280 UTC [TRACE] initialized: 1938
2022-11-02 20:20:35.280 UTC [TRACE] connection csv is loaded, check for running PID
2022-11-02 20:20:35.280 UTC [TRACE] PluginManager found 'csv' in map, pid 1938
2022-11-02 20:20:35.281 UTC [TRACE] PluginManager Get returning reattach_map:{key:"csv" value:{protocol:"grpc" addr:{Network:"unix" Address:"/tmp/plugin3989368308"} pid:1938 supported_operations:{query_cache:true multiple_connections:true} connections:"csv" plugin:"hub.steampipe.io/plugins/turbot/csv@latest"}}
2022-11-02 20:20:35.448 UTC [TRACE] PluginManager Get, connections: '[hackernews]'
2022-11-02 20:20:35.448 UTC [TRACE] PluginManager getPlugin hub.steampipe.io/plugins/turbot/hackernews@latest connection 'hackernews'
2022-11-02 20:20:35.448 UTC [TRACE] PluginManager 0xc0005be820 plugin hub.steampipe.io/plugins/turbot/hackernews@latest (hackernews) NOT started or starting - start now
2022-11-02 20:20:35.448 UTC [TRACE] ************ start plugin hackernews ********************
2022-11-02 20:20:35.448 UTC [WARN]  plugin configured with a nil SecureConfig
2022-11-02 20:20:35.448 UTC [DEBUG] starting plugin: path=/home/runner/.steampipe/plugins/hub.steampipe.io/plugins/turbot/hackernews@latest/steampipe-plugin-hackernews.plugin args=["/home/runner/.steampipe/plugins/hub.steampipe.io/plugins/turbot/hackernews@latest/steampipe-plugin-hackernews.plugin"]
2022-11-02 20:20:35.448 UTC [DEBUG] plugin started: path=/home/runner/.steampipe/plugins/hub.steampipe.io/plugins/turbot/hackernews@latest/steampipe-plugin-hackernews.plugin pid=1960
2022-11-02 20:20:35.448 UTC [DEBUG] waiting for RPC address: path=/home/runner/.steampipe/plugins/hub.steampipe.io/plugins/turbot/hackernews@latest/steampipe-plugin-hackernews.plugin
2022-11-02 20:20:35.458 UTC [INFO]  steampipe-plugin-hackernews.plugin: [INFO]  Initialise plugin 'steampipe-plugin-hackernews', using sdk version 4.1.7
2022-11-02 20:20:35.458 UTC [TRACE] steampipe-plugin-hackernews.plugin: [TRACE] defaulting SchemaMode to SchemaModeStatic
2022-11-02 20:20:35.458 UTC [TRACE] steampipe-plugin-hackernews.plugin: [TRACE] no DefaultRetryConfig defined - creating empty
2022-11-02 20:20:35.458 UTC [TRACE] steampipe-plugin-hackernews.plugin: [TRACE] no DefaultIgnoreConfig defined - creating empty
2022-11-02 20:20:35.458 UTC [TRACE] steampipe-plugin-hackernews.plugin: [TRACE] Setting Ulimit: ulimit=2560
2022-11-02 20:20:35.458 UTC [TRACE] steampipe-plugin-hackernews.plugin: [TRACE] telemetry.Init service 'steampipe-plugin-hackernews', tracingEnabled: false, metricsEnabled: false
2022-11-02 20:20:35.458 UTC [TRACE] steampipe-plugin-hackernews.plugin: [TRACE] metrics and tracing disabled' - returning
2022-11-02 20:20:35.459 UTC [DEBUG] steampipe-plugin-hackernews.plugin: plugin address: address=/tmp/plugin450897276 network=unix timestamp=2022-11-02T20:20:35.458Z
2022-11-02 20:20:35.459 UTC [DEBUG] using plugin: version=0
2022-11-02 20:20:35.459 UTC [TRACE] NewPluginClient for plugin hub.steampipe.io/plugins/turbot/hackernews@latest
2022-11-02 20:20:35.460 UTC [TRACE] stdio: waiting for stdio data
2022-11-02 20:20:35.461 UTC [TRACE] supportedOperations: query_cache:true multiple_connections:true
2022-11-02 20:20:35.461 UTC [TRACE] steampipe-plugin-hackernews.plugin: [TRACE] SetAllConnectionConfigs setting 1 configs
2022-11-02 20:20:35.461 UTC [TRACE] steampipe-plugin-hackernews.plugin: [TRACE] connection hackernews build schema and table map
2022-11-02 20:20:35.461 UTC [TRACE] steampipe-plugin-hackernews.plugin: [TRACE] initialise table hackernews_show_hn
2022-11-02 20:20:35.461 UTC [TRACE] steampipe-plugin-hackernews.plugin: [TRACE] no DefaultRetryConfig defined - creating empty
2022-11-02 20:20:35.461 UTC [TRACE] steampipe-plugin-hackernews.plugin: [TRACE] no DefaultIgnoreConfig defined - creating empty
2022-11-02 20:20:35.461 UTC [TRACE] steampipe-plugin-hackernews.plugin: [TRACE] apply plugin defaults for DefaultRetryConfig
2022-11-02 20:20:35.461 UTC [TRACE] steampipe-plugin-hackernews.plugin: [TRACE] apply plugin defaults for DefaultIgnoreConfig, table &{<nil> <nil>} plugin &{<nil> <nil>}
2022-11-02 20:20:35.461 UTC [TRACE] steampipe-plugin-hackernews.plugin: [TRACE] DefaultRetryConfig:
2022-11-02 20:20:35.461 UTC [TRACE] steampipe-plugin-hackernews.plugin: [TRACE] DefaultIgnoreConfig:
2022-11-02 20:20:35.461 UTC [TRACE] steampipe-plugin-hackernews.plugin: [TRACE] t.Get.initialise
2022-11-02 20:20:35.461 UTC [TRACE] steampipe-plugin-hackernews.plugin: [TRACE] GetConfig.initialise table hackernews_show_hn
2022-11-02 20:20:35.461 UTC [TRACE] steampipe-plugin-hackernews.plugin: [TRACE] GetConfig.initialise complete: RetryConfig: , IgnoreConfig:
2022-11-02 20:20:35.461 UTC [TRACE] steampipe-plugin-hackernews.plugin: [TRACE] t.List.initialise
2022-11-02 20:20:35.461 UTC [TRACE] steampipe-plugin-hackernews.plugin: [TRACE] ListConfig.initialise table hackernews_show_hn
2022-11-02 20:20:35.461 UTC [TRACE] steampipe-plugin-hackernews.plugin: [TRACE] ListConfig.initialise complete: RetryConfig: , IgnoreConfig
2022-11-02 20:20:35.461 UTC [TRACE] steampipe-plugin-hackernews.plugin: [TRACE] HydrateConfig.initialise func getItem, table hackernews_show_hn
2022-11-02 20:20:35.461 UTC [TRACE] steampipe-plugin-hackernews.plugin: [TRACE] HydrateConfig.initialise complete: RetryConfig: , IgnoreConfig:
2022-11-02 20:20:35.461 UTC [TRACE] steampipe-plugin-hackernews.plugin: [TRACE] back from initialiseHydrateConfigs
2022-11-02 20:20:35.461 UTC [TRACE] steampipe-plugin-hackernews.plugin: [TRACE] initialise table hackernews_show_hn COMPLETE
2022-11-02 20:20:35.461 UTC [TRACE] steampipe-plugin-hackernews.plugin: [TRACE] initialise table hackernews_top
2022-11-02 20:20:35.461 UTC [TRACE] steampipe-plugin-hackernews.plugin: [TRACE] no DefaultRetryConfig defined - creating empty
2022-11-02 20:20:35.461 UTC [TRACE] steampipe-plugin-hackernews.plugin: [TRACE] no DefaultIgnoreConfig defined - creating empty
2022-11-02 20:20:35.461 UTC [TRACE] steampipe-plugin-hackernews.plugin: [TRACE] apply plugin defaults for DefaultRetryConfig
2022-11-02 20:20:35.461 UTC [TRACE] steampipe-plugin-hackernews.plugin: [TRACE] apply plugin defaults for DefaultIgnoreConfig, table &{<nil> <nil>} plugin &{<nil> <nil>}
2022-11-02 20:20:35.461 UTC [TRACE] steampipe-plugin-hackernews.plugin: [TRACE] DefaultRetryConfig:
2022-11-02 20:20:35.461 UTC [TRACE] steampipe-plugin-hackernews.plugin: [TRACE] DefaultIgnoreConfig:
2022-11-02 20:20:35.461 UTC [TRACE] steampipe-plugin-hackernews.plugin: [TRACE] t.Get.initialise
2022-11-02 20:20:35.461 UTC [TRACE] steampipe-plugin-hackernews.plugin: [TRACE] GetConfig.initialise table hackernews_top
2022-11-02 20:20:35.461 UTC [TRACE] steampipe-plugin-hackernews.plugin: [TRACE] GetConfig.initialise complete: RetryConfig: , IgnoreConfig:
2022-11-02 20:20:35.461 UTC [TRACE] steampipe-plugin-hackernews.plugin: [TRACE] t.List.initialise
2022-11-02 20:20:35.461 UTC [TRACE] steampipe-plugin-hackernews.plugin: [TRACE] ListConfig.initialise table hackernews_top
2022-11-02 20:20:35.461 UTC [TRACE] steampipe-plugin-hackernews.plugin: [TRACE] ListConfig.initialise complete: RetryConfig: , IgnoreConfig
2022-11-02 20:20:35.461 UTC [TRACE] steampipe-plugin-hackernews.plugin: [TRACE] HydrateConfig.initialise func getItem, table hackernews_top
2022-11-02 20:20:35.461 UTC [TRACE] steampipe-plugin-hackernews.plugin: [TRACE] HydrateConfig.initialise complete: RetryConfig: , IgnoreConfig:
2022-11-02 20:20:35.461 UTC [TRACE] steampipe-plugin-hackernews.plugin: [TRACE] back from initialiseHydrateConfigs
2022-11-02 20:20:35.461 UTC [TRACE] steampipe-plugin-hackernews.plugin: [TRACE] initialise table hackernews_top COMPLETE
2022-11-02 20:20:35.461 UTC [TRACE] steampipe-plugin-hackernews.plugin: [TRACE] initialise table hackernews_user
2022-11-02 20:20:35.461 UTC [TRACE] steampipe-plugin-hackernews.plugin: [TRACE] no DefaultRetryConfig defined - creating empty
2022-11-02 20:20:35.461 UTC [TRACE] steampipe-plugin-hackernews.plugin: [TRACE] no DefaultIgnoreConfig defined - creating empty
2022-11-02 20:20:35.461 UTC [TRACE] steampipe-plugin-hackernews.plugin: [TRACE] apply plugin defaults for DefaultRetryConfig
2022-11-02 20:20:35.461 UTC [TRACE] steampipe-plugin-hackernews.plugin: [TRACE] apply plugin defaults for DefaultIgnoreConfig, table &{<nil> <nil>} plugin &{<nil> <nil>}
2022-11-02 20:20:35.461 UTC [TRACE] steampipe-plugin-hackernews.plugin: [TRACE] DefaultRetryConfig:
2022-11-02 20:20:35.461 UTC [TRACE] steampipe-plugin-hackernews.plugin: [TRACE] DefaultIgnoreConfig:
2022-11-02 20:20:35.461 UTC [TRACE] steampipe-plugin-hackernews.plugin: [TRACE] t.List.initialise
2022-11-02 20:20:35.461 UTC [TRACE] steampipe-plugin-hackernews.plugin: [TRACE] ListConfig.initialise table hackernews_user
2022-11-02 20:20:35.461 UTC [TRACE] steampipe-plugin-hackernews.plugin: [TRACE] ListConfig.initialise complete: RetryConfig: , IgnoreConfig
2022-11-02 20:20:35.461 UTC [TRACE] steampipe-plugin-hackernews.plugin: [TRACE] back from initialiseHydrateConfigs
2022-11-02 20:20:35.461 UTC [TRACE] steampipe-plugin-hackernews.plugin: [TRACE] initialise table hackernews_user COMPLETE
2022-11-02 20:20:35.461 UTC [TRACE] steampipe-plugin-hackernews.plugin: [TRACE] initialise table hackernews_ask_hn
2022-11-02 20:20:35.461 UTC [TRACE] steampipe-plugin-hackernews.plugin: [TRACE] no DefaultRetryConfig defined - creating empty
2022-11-02 20:20:35.461 UTC [TRACE] steampipe-plugin-hackernews.plugin: [TRACE] no DefaultIgnoreConfig defined - creating empty
2022-11-02 20:20:35.461 UTC [TRACE] steampipe-plugin-hackernews.plugin: [TRACE] apply plugin defaults for DefaultRetryConfig
2022-11-02 20:20:35.461 UTC [TRACE] steampipe-plugin-hackernews.plugin: [TRACE] apply plugin defaults for DefaultIgnoreConfig, table &{<nil> <nil>} plugin &{<nil> <nil>}
2022-11-02 20:20:35.461 UTC [TRACE] steampipe-plugin-hackernews.plugin: [TRACE] DefaultRetryConfig:
2022-11-02 20:20:35.461 UTC [TRACE] steampipe-plugin-hackernews.plugin: [TRACE] DefaultIgnoreConfig:
2022-11-02 20:20:35.461 UTC [TRACE] steampipe-plugin-hackernews.plugin: [TRACE] t.Get.initialise
2022-11-02 20:20:35.461 UTC [TRACE] steampipe-plugin-hackernews.plugin: [TRACE] GetConfig.initialise table hackernews_ask_hn
2022-11-02 20:20:35.461 UTC [TRACE] steampipe-plugin-hackernews.plugin: [TRACE] GetConfig.initialise complete: RetryConfig: , IgnoreConfig:
2022-11-02 20:20:35.461 UTC [TRACE] steampipe-plugin-hackernews.plugin: [TRACE] t.List.initialise
2022-11-02 20:20:35.461 UTC [TRACE] steampipe-plugin-hackernews.plugin: [TRACE] ListConfig.initialise table hackernews_ask_hn
2022-11-02 20:20:35.461 UTC [TRACE] steampipe-plugin-hackernews.plugin: [TRACE] ListConfig.initialise complete: RetryConfig: , IgnoreConfig
2022-11-02 20:20:35.461 UTC [TRACE] steampipe-plugin-hackernews.plugin: [TRACE] HydrateConfig.initialise func getItem, table hackernews_ask_hn
2022-11-02 20:20:35.461 UTC [TRACE] steampipe-plugin-hackernews.plugin: [TRACE] HydrateConfig.initialise complete: RetryConfig: , IgnoreConfig:
2022-11-02 20:20:35.461 UTC [TRACE] steampipe-plugin-hackernews.plugin: [TRACE] back from initialiseHydrateConfigs
2022-11-02 20:20:35.461 UTC [TRACE] steampipe-plugin-hackernews.plugin: [TRACE] initialise table hackernews_ask_hn COMPLETE
2022-11-02 20:20:35.461 UTC [TRACE] steampipe-plugin-hackernews.plugin: [TRACE] initialise table hackernews_best
2022-11-02 20:20:35.461 UTC [TRACE] steampipe-plugin-hackernews.plugin: [TRACE] no DefaultRetryConfig defined - creating empty
2022-11-02 20:20:35.461 UTC [TRACE] steampipe-plugin-hackernews.plugin: [TRACE] no DefaultIgnoreConfig defined - creating empty
2022-11-02 20:20:35.461 UTC [TRACE] steampipe-plugin-hackernews.plugin: [TRACE] apply plugin defaults for DefaultRetryConfig
2022-11-02 20:20:35.461 UTC [TRACE] steampipe-plugin-hackernews.plugin: [TRACE] apply plugin defaults for DefaultIgnoreConfig, table &{<nil> <nil>} plugin &{<nil> <nil>}
2022-11-02 20:20:35.461 UTC [TRACE] steampipe-plugin-hackernews.plugin: [TRACE] DefaultRetryConfig:
2022-11-02 20:20:35.461 UTC [TRACE] steampipe-plugin-hackernews.plugin: [TRACE] DefaultIgnoreConfig:
2022-11-02 20:20:35.461 UTC [TRACE] steampipe-plugin-hackernews.plugin: [TRACE] t.Get.initialise
2022-11-02 20:20:35.461 UTC [TRACE] steampipe-plugin-hackernews.plugin: [TRACE] GetConfig.initialise table hackernews_best
2022-11-02 20:20:35.461 UTC [TRACE] steampipe-plugin-hackernews.plugin: [TRACE] GetConfig.initialise complete: RetryConfig: , IgnoreConfig:
2022-11-02 20:20:35.461 UTC [TRACE] steampipe-plugin-hackernews.plugin: [TRACE] t.List.initialise
2022-11-02 20:20:35.461 UTC [TRACE] steampipe-plugin-hackernews.plugin: [TRACE] ListConfig.initialise table hackernews_best
2022-11-02 20:20:35.461 UTC [TRACE] steampipe-plugin-hackernews.plugin: [TRACE] ListConfig.initialise complete: RetryConfig: , IgnoreConfig
2022-11-02 20:20:35.461 UTC [TRACE] steampipe-plugin-hackernews.plugin: [TRACE] HydrateConfig.initialise func getItem, table hackernews_best
2022-11-02 20:20:35.461 UTC [TRACE] steampipe-plugin-hackernews.plugin: [TRACE] HydrateConfig.initialise complete: RetryConfig: , IgnoreConfig:
2022-11-02 20:20:35.461 UTC [TRACE] steampipe-plugin-hackernews.plugin: [TRACE] back from initialiseHydrateConfigs
2022-11-02 20:20:35.461 UTC [TRACE] steampipe-plugin-hackernews.plugin: [TRACE] initialise table hackernews_best COMPLETE
2022-11-02 20:20:35.461 UTC [TRACE] steampipe-plugin-hackernews.plugin: [TRACE] initialise table hackernews_item
2022-11-02 20:20:35.461 UTC [TRACE] steampipe-plugin-hackernews.plugin: [TRACE] no DefaultRetryConfig defined - creating empty
2022-11-02 20:20:35.461 UTC [TRACE] steampipe-plugin-hackernews.plugin: [TRACE] no DefaultIgnoreConfig defined - creating empty
2022-11-02 20:20:35.461 UTC [TRACE] steampipe-plugin-hackernews.plugin: [TRACE] apply plugin defaults for DefaultRetryConfig
2022-11-02 20:20:35.461 UTC [TRACE] steampipe-plugin-hackernews.plugin: [TRACE] apply plugin defaults for DefaultIgnoreConfig, table &{<nil> <nil>} plugin &{<nil> <nil>}
2022-11-02 20:20:35.461 UTC [TRACE] steampipe-plugin-hackernews.plugin: [TRACE] DefaultRetryConfig:
2022-11-02 20:20:35.461 UTC [TRACE] steampipe-plugin-hackernews.plugin: [TRACE] DefaultIgnoreConfig:
2022-11-02 20:20:35.461 UTC [TRACE] steampipe-plugin-hackernews.plugin: [TRACE] t.Get.initialise
2022-11-02 20:20:35.461 UTC [TRACE] steampipe-plugin-hackernews.plugin: [TRACE] GetConfig.initialise table hackernews_item
2022-11-02 20:20:35.461 UTC [TRACE] steampipe-plugin-hackernews.plugin: [TRACE] GetConfig.initialise complete: RetryConfig: , IgnoreConfig:
2022-11-02 20:20:35.461 UTC [TRACE] steampipe-plugin-hackernews.plugin: [TRACE] t.List.initialise
2022-11-02 20:20:35.461 UTC [TRACE] steampipe-plugin-hackernews.plugin: [TRACE] ListConfig.initialise table hackernews_item
2022-11-02 20:20:35.461 UTC [TRACE] steampipe-plugin-hackernews.plugin: [TRACE] ListConfig.initialise complete: RetryConfig: , IgnoreConfig
2022-11-02 20:20:35.461 UTC [TRACE] steampipe-plugin-hackernews.plugin: [TRACE] HydrateConfig.initialise func getItem, table hackernews_item
2022-11-02 20:20:35.461 UTC [TRACE] steampipe-plugin-hackernews.plugin: [TRACE] HydrateConfig.initialise complete: RetryConfig: , IgnoreConfig:
2022-11-02 20:20:35.461 UTC [TRACE] steampipe-plugin-hackernews.plugin: [TRACE] back from initialiseHydrateConfigs
2022-11-02 20:20:35.461 UTC [TRACE] steampipe-plugin-hackernews.plugin: [TRACE] initialise table hackernews_item COMPLETE
2022-11-02 20:20:35.462 UTC [TRACE] steampipe-plugin-hackernews.plugin: [TRACE] initialise table hackernews_job
2022-11-02 20:20:35.462 UTC [TRACE] steampipe-plugin-hackernews.plugin: [TRACE] no DefaultRetryConfig defined - creating empty
2022-11-02 20:20:35.462 UTC [TRACE] steampipe-plugin-hackernews.plugin: [TRACE] no DefaultIgnoreConfig defined - creating empty
2022-11-02 20:20:35.462 UTC [TRACE] steampipe-plugin-hackernews.plugin: [TRACE] apply plugin defaults for DefaultRetryConfig
2022-11-02 20:20:35.462 UTC [TRACE] steampipe-plugin-hackernews.plugin: [TRACE] apply plugin defaults for DefaultIgnoreConfig, table &{<nil> <nil>} plugin &{<nil> <nil>}
2022-11-02 20:20:35.462 UTC [TRACE] steampipe-plugin-hackernews.plugin: [TRACE] DefaultRetryConfig:
2022-11-02 20:20:35.462 UTC [TRACE] steampipe-plugin-hackernews.plugin: [TRACE] DefaultIgnoreConfig:
2022-11-02 20:20:35.462 UTC [TRACE] steampipe-plugin-hackernews.plugin: [TRACE] t.Get.initialise
2022-11-02 20:20:35.462 UTC [TRACE] steampipe-plugin-hackernews.plugin: [TRACE] GetConfig.initialise table hackernews_job
2022-11-02 20:20:35.462 UTC [TRACE] steampipe-plugin-hackernews.plugin: [TRACE] GetConfig.initialise complete: RetryConfig: , IgnoreConfig:
2022-11-02 20:20:35.462 UTC [TRACE] steampipe-plugin-hackernews.plugin: [TRACE] t.List.initialise
2022-11-02 20:20:35.462 UTC [TRACE] steampipe-plugin-hackernews.plugin: [TRACE] ListConfig.initialise table hackernews_job
2022-11-02 20:20:35.462 UTC [TRACE] steampipe-plugin-hackernews.plugin: [TRACE] ListConfig.initialise complete: RetryConfig: , IgnoreConfig
2022-11-02 20:20:35.462 UTC [TRACE] steampipe-plugin-hackernews.plugin: [TRACE] HydrateConfig.initialise func getItem, table hackernews_job
2022-11-02 20:20:35.462 UTC [TRACE] steampipe-plugin-hackernews.plugin: [TRACE] HydrateConfig.initialise complete: RetryConfig: , IgnoreConfig:
2022-11-02 20:20:35.462 UTC [TRACE] steampipe-plugin-hackernews.plugin: [TRACE] back from initialiseHydrateConfigs
2022-11-02 20:20:35.462 UTC [TRACE] steampipe-plugin-hackernews.plugin: [TRACE] initialise table hackernews_job COMPLETE
2022-11-02 20:20:35.462 UTC [TRACE] steampipe-plugin-hackernews.plugin: [TRACE] initialise table hackernews_new
2022-11-02 20:20:35.462 UTC [TRACE] steampipe-plugin-hackernews.plugin: [TRACE] no DefaultRetryConfig defined - creating empty
2022-11-02 20:20:35.462 UTC [TRACE] steampipe-plugin-hackernews.plugin: [TRACE] no DefaultIgnoreConfig defined - creating empty
2022-11-02 20:20:35.462 UTC [TRACE] steampipe-plugin-hackernews.plugin: [TRACE] apply plugin defaults for DefaultRetryConfig
2022-11-02 20:20:35.462 UTC [TRACE] steampipe-plugin-hackernews.plugin: [TRACE] apply plugin defaults for DefaultIgnoreConfig, table &{<nil> <nil>} plugin &{<nil> <nil>}
2022-11-02 20:20:35.462 UTC [TRACE] steampipe-plugin-hackernews.plugin: [TRACE] DefaultRetryConfig:
2022-11-02 20:20:35.462 UTC [TRACE] steampipe-plugin-hackernews.plugin: [TRACE] DefaultIgnoreConfig:
2022-11-02 20:20:35.462 UTC [TRACE] steampipe-plugin-hackernews.plugin: [TRACE] t.Get.initialise
2022-11-02 20:20:35.462 UTC [TRACE] steampipe-plugin-hackernews.plugin: [TRACE] GetConfig.initialise table hackernews_new
2022-11-02 20:20:35.462 UTC [TRACE] steampipe-plugin-hackernews.plugin: [TRACE] GetConfig.initialise complete: RetryConfig: , IgnoreConfig:
2022-11-02 20:20:35.462 UTC [TRACE] steampipe-plugin-hackernews.plugin: [TRACE] t.List.initialise
2022-11-02 20:20:35.462 UTC [TRACE] steampipe-plugin-hackernews.plugin: [TRACE] ListConfig.initialise table hackernews_new
2022-11-02 20:20:35.462 UTC [TRACE] steampipe-plugin-hackernews.plugin: [TRACE] ListConfig.initialise complete: RetryConfig: , IgnoreConfig
2022-11-02 20:20:35.462 UTC [TRACE] steampipe-plugin-hackernews.plugin: [TRACE] HydrateConfig.initialise func getItem, table hackernews_new
2022-11-02 20:20:35.462 UTC [TRACE] steampipe-plugin-hackernews.plugin: [TRACE] HydrateConfig.initialise complete: RetryConfig: , IgnoreConfig:
2022-11-02 20:20:35.462 UTC [TRACE] steampipe-plugin-hackernews.plugin: [TRACE] back from initialiseHydrateConfigs
2022-11-02 20:20:35.462 UTC [TRACE] steampipe-plugin-hackernews.plugin: [TRACE] initialise table hackernews_new COMPLETE
2022-11-02 20:20:35.462 UTC [TRACE] steampipe-plugin-hackernews.plugin: [TRACE] validate plugin steampipe-plugin-hackernews, required columns []
2022-11-02 20:20:35.462 UTC [TRACE] steampipe-plugin-hackernews.plugin: [TRACE] validate DefaultRetryConfig
2022-11-02 20:20:35.462 UTC [TRACE] steampipe-plugin-hackernews.plugin: [TRACE] validate DefaultIgnoreConfig
2022-11-02 20:20:35.462 UTC [TRACE] steampipe-plugin-hackernews.plugin: [TRACE] validate table names
2022-11-02 20:20:35.462 UTC [TRACE] steampipe-plugin-hackernews.plugin: [TRACE] plugin has 0 validation errors
2022-11-02 20:20:35.462 UTC [TRACE] steampipe-plugin-hackernews.plugin: [TRACE] Plugin ensureCache creating cache, maxCacheStorageMb 0
2022-11-02 20:20:35.462 UTC [TRACE] steampipe-plugin-hackernews.plugin: [TRACE] createCacheStore for plugin 'steampipe-plugin-hackernews' setting max size to 0Mb, Shards: 2, max shard size: 0
2022-11-02 20:20:35.479 UTC [INFO]  steampipe-plugin-hackernews.plugin: [INFO]  query cache created
2022-11-02 20:20:35.479 UTC [DEBUG] steampipe-plugin-hackernews.plugin: [DEBUG] SetAllConnectionConfigs finished
2022-11-02 20:20:35.479 UTC [TRACE] PluginManager getPlugin complete, returning reattach config with PID: 1960
2022-11-02 20:20:35.479 UTC [TRACE] PluginManager Get returning reattach_map:{key:"hackernews" value:{protocol:"grpc" addr:{Network:"unix" Address:"/tmp/plugin450897276"} pid:1960 supported_operations:{query_cache:true multiple_connections:true} connections:"hackernews" plugin:"hub.steampipe.io/plugins/turbot/hackernews@latest"}}
2022-11-02 20:20:35.487 UTC [INFO]  steampipe-plugin-hackernews.plugin: [INFO]  166742043551: Plugin Execute (166742043551)
2022-11-02 20:20:35.487 UTC [TRACE] steampipe-plugin-hackernews.plugin: [TRACE] 166742043551: No memory limit set
2022-11-02 20:20:35.487 UTC [INFO]  steampipe-plugin-hackernews.plugin: [INFO]  166742043551: Plugin Execute, setting memory limit to -1Mb
2022-11-02 20:20:35.487 UTC [TRACE] steampipe-plugin-hackernews.plugin: [TRACE] 166742043551: calling ExtractContextFromCarrier
2022-11-02 20:20:35.487 UTC [INFO]  steampipe-plugin-hackernews.plugin: [INFO]  166742043551: Setting max concurrent connections to 25
2022-11-02 20:20:35.487 UTC [TRACE] steampipe-plugin-hackernews.plugin: [TRACE] 166742043551: executeForConnection callId: 166742043551, connectionCallId: hackernews-166742043551, connection: hackernews table: hackernews_new cols: id,title,time,by,score,dead,deleted,descendants,kids,parent,parts,poll,text,type,url,_ctx
2022-11-02 20:20:35.487 UTC [TRACE] steampipe-plugin-hackernews.plugin: [TRACE] 166742043551: got connection data
2022-11-02 20:20:35.487 UTC [TRACE] steampipe-plugin-hackernews.plugin: [TRACE] 166742043551: Got query context, table: hackernews_new, cols: [id title time by score dead deleted descendants kids parent parts poll text type url _ctx]
2022-11-02 20:20:35.487 UTC [TRACE] steampipe-plugin-hackernews.plugin: [TRACE] 166742043551: Start execute span
2022-11-02 20:20:35.487 UTC [INFO]  steampipe-plugin-hackernews.plugin: [INFO]  166742043551: Setting free memory interval to 100 rows
2022-11-02 20:20:35.487 UTC [TRACE] steampipe-plugin-hackernews.plugin: [TRACE] 166742043551: setFetchType map[time:quals:{fieldName:"time"  string_value:">"  value:{timestamp_value:{seconds:1667416835  nanos:427678000}}}]
2022-11-02 20:20:35.487 UTC [TRACE] steampipe-plugin-hackernews.plugin: [TRACE] 166742043551: getMatchingQuals column:'id' operator: =
2022-11-02 20:20:35.487 UTC [TRACE] steampipe-plugin-hackernews.plugin: [TRACE] 166742043551: getMatchingQuals returning false - qualMap does not contain any quals for column id
2022-11-02 20:20:35.488 UTC [TRACE] steampipe-plugin-hackernews.plugin: [TRACE] 166742043551: GetUnsatisfiedKeyColumns for columns column:'id' operator: =
2022-11-02 20:20:35.489 UTC [TRACE] steampipe-plugin-hackernews.plugin: [TRACE] 166742043551: key column NOT satisfied column:'id' operator: =
2022-11-02 20:20:35.489 UTC [TRACE] steampipe-plugin-hackernews.plugin: [TRACE] 166742043551: satisfied: map[any_of: optional: required:]
2022-11-02 20:20:35.489 UTC [TRACE] steampipe-plugin-hackernews.plugin: [TRACE] 166742043551: unsatisfied: map[any_of: optional: required:column:'id' operator: =]
2022-11-02 20:20:35.490 UTC [TRACE] steampipe-plugin-hackernews.plugin: [TRACE] 166742043551: unsatisfied required KeyColumns: column:'id' operator: =
2022-11-02 20:20:35.490 UTC [TRACE] steampipe-plugin-hackernews.plugin: [TRACE] 166742043551: Set fetchType to fetchTypeList
2022-11-02 20:20:35.490 UTC [TRACE] steampipe-plugin-hackernews.plugin: [TRACE] 166742043551: Equals key column quals:
2022-11-02 20:20:35.490 UTC [DEBUG] steampipe-plugin-hackernews.plugin: {}
2022-11-02 20:20:35.490 UTC [TRACE] steampipe-plugin-hackernews.plugin: [TRACE] 166742043551: All key column quals:
2022-11-02 20:20:35.490 UTC [DEBUG] steampipe-plugin-hackernews.plugin: {}
2022-11-02 20:20:35.490 UTC [TRACE] steampipe-plugin-hackernews.plugin: [TRACE] 166742043551: GetMatrixItem
2022-11-02 20:20:35.490 UTC [TRACE] steampipe-plugin-hackernews.plugin: [TRACE] 166742043551: creating query data
2022-11-02 20:20:35.490 UTC [INFO]  steampipe-plugin-hackernews.plugin: [INFO]  166742043551: cacheEnabled, trying cache get (hackernews-166742043551)
2022-11-02 20:20:35.490 UTC [TRACE] steampipe-plugin-hackernews.plugin: [TRACE] 166742043551: QueryCache Get - indexBucketKey index__hackernewshackernews_new, quals
2022-11-02 20:20:35.490 UTC [TRACE] steampipe-plugin-hackernews.plugin: [TRACE] 166742043551: QueryCache getCachedQueryResult - table hackernews_new, connectionName hackernews
2022-11-02 20:20:35.490 UTC [TRACE] steampipe-plugin-hackernews.plugin: [TRACE] 166742043551: index bucket key: index__hackernewshackernews_new ttlSeconds 300 limit: -1
2022-11-02 20:20:35.490 UTC [TRACE] steampipe-plugin-hackernews.plugin: [TRACE] 166742043551: doGet cache miss
2022-11-02 20:20:35.490 UTC [TRACE] steampipe-plugin-hackernews.plugin: [TRACE] 166742043551: getCachedIndexBucket - no item retrieved for cache key index__hackernewshackernews_new
2022-11-02 20:20:35.490 UTC [TRACE] steampipe-plugin-hackernews.plugin: [TRACE] 166742043551: getCachedQueryResult returned CACHE MISS - checking for pending transfers
2022-11-02 20:20:35.490 UTC [TRACE] steampipe-plugin-hackernews.plugin: [TRACE] 166742043551: getPendingResultItem indexBucketKey index__hackernewshackernews_new, columns [id title time by score dead deleted descendants kids parent parts poll text type url _ctx], limit -1
2022-11-02 20:20:35.490 UTC [TRACE] steampipe-plugin-hackernews.plugin: [TRACE] 166742043551: no pending index item - add pending result, indexBucketKey index__hackernewshackernews_new
2022-11-02 20:20:35.490 UTC [TRACE] steampipe-plugin-hackernews.plugin: [TRACE] 166742043551: addPendingResult (hackernews-166742043551) indexBucketKey index__hackernewshackernews_new, columns [id title time by score dead deleted descendants kids parent parts poll text type url _ctx], limit -1
2022-11-02 20:20:35.490 UTC [TRACE] steampipe-plugin-hackernews.plugin: [TRACE] 166742043551: no index bucket found - creating one
2022-11-02 20:20:35.490 UTC [TRACE] steampipe-plugin-hackernews.plugin: [TRACE] 166742043551: pendingIndexItem Lock count before 0
2022-11-02 20:20:35.490 UTC [TRACE] steampipe-plugin-hackernews.plugin: [TRACE] 166742043551: addPendingResult added pending index item to bucket, (hackernews-166742043551) indexBucketKey index__hackernewshackernews_new, resultKeyRoot hackernewshackernews_newid,title,time,by,score,dead,deleted,descendants,kids,parent,parts,poll,text,type,url,_ctx-1, pending item : 0xc00040f710
2022-11-02 20:20:35.490 UTC [TRACE] steampipe-plugin-hackernews.plugin: [TRACE] 166742043551: **** pending items (hackernews-166742043551)****
2022-11-02 20:20:35.490 UTC [TRACE] steampipe-plugin-hackernews.plugin: [TRACE] 166742043551: key: index__hackernewshackernews_new: item: 0xc00040f710, count: 1, key:hackernewshackernews_newid,title,time,by,score,dead,deleted,descendants,kids,parent,parts,poll,text,type,url,_ctx-1
2022-11-02 20:20:35.490 UTC [TRACE] steampipe-plugin-hackernews.plugin: [TRACE] 166742043551: ********
2022-11-02 20:20:35.490 UTC [TRACE] steampipe-plugin-hackernews.plugin: [TRACE] 166742043551: getPendingResultItem returning <nil>
2022-11-02 20:20:35.490 UTC [INFO]  steampipe-plugin-hackernews.plugin: [INFO]  166742043551: CACHE MISS
2022-11-02 20:20:35.490 UTC [TRACE] steampipe-plugin-hackernews.plugin: [TRACE] 166742043551: cache MISS
2022-11-02 20:20:35.490 UTC [INFO]  steampipe-plugin-hackernews.plugin: [INFO]  166742043551: queryCacheGet returned CACHE MISS (hackernews-166742043551)
2022-11-02 20:20:35.490 UTC [TRACE] steampipe-plugin-hackernews.plugin: [TRACE] 166742043551: StartSet (hackernews-166742043551)
2022-11-02 20:20:35.490 UTC [TRACE] steampipe-plugin-hackernews.plugin: [TRACE] 166742043551: calling fetchItems, table: hackernews_new, matrixItem: [], limit: -1,  connectionCallId: hackernews-166742043551"
2022-11-02 20:20:35.490 UTC [TRACE] steampipe-plugin-hackernews.plugin: [TRACE] 166742043551: buildRowsAsync connectionCallId: hackernews-166742043551
2022-11-02 20:20:35.490 UTC [TRACE] steampipe-plugin-hackernews.plugin: [TRACE] 166742043551: streamRows connectionCallId: hackernews-166742043551
2022-11-02 20:20:35.490 UTC [TRACE] steampipe-plugin-hackernews.plugin: [TRACE] 166742043551: QueryData streamRows (hackernews-166742043551)
2022-11-02 20:20:35.490 UTC [TRACE] steampipe-plugin-hackernews.plugin: [TRACE] 166742043551: executeListCall START (hackernews-166742043551)
2022-11-02 20:20:35.490 UTC [TRACE] steampipe-plugin-hackernews.plugin: [TRACE] 166742043551: GetUnsatisfiedKeyColumns for columns
2022-11-02 20:20:35.490 UTC [TRACE] steampipe-plugin-hackernews.plugin: [TRACE] 166742043551: doList (hackernews-166742043551)
2022-11-02 20:20:35.490 UTC [TRACE] steampipe-plugin-hackernews.plugin: [TRACE] 166742043551: doList: no matrix item
2022-11-02 20:20:35.711 UTC [TRACE] steampipe-plugin-hackernews.plugin: [TRACE] 166742043551: QueryData.fetchComplete
2022-11-02 20:20:35.711 UTC [TRACE] steampipe-plugin-hackernews.plugin: [TRACE] 166742043551: executeListCall COMPLETE (hackernews-166742043551)
2022-11-02 20:20:35.711 UTC [TRACE] steampipe-plugin-hackernews.plugin: [TRACE] 166742043551: rowData chan returned nil - wait for rows to complete (hackernews-166742043551)
2022-11-02 20:20:35.765 UTC [TRACE] stdio: received data: channel=STDOUT len=17
2022-11-02 20:20:35.765 UTC [TRACE] stdio: waiting for stdio data
2022-11-02 20:20:35.877 UTC [TRACE] stdio: received data: channel=STDOUT len=1024
2022-11-02 20:20:35.877 UTC [TRACE] stdio: waiting for stdio data
2022-11-02 20:20:35.886 UTC [TRACE] stdio: received data: channel=STDOUT len=256
2022-11-02 20:20:35.886 UTC [TRACE] stdio: waiting for stdio data
2022-11-02 20:20:35.891 UTC [TRACE] stdio: received data: channel=STDOUT len=162
2022-11-02 20:20:35.891 UTC [TRACE] stdio: waiting for stdio data
2022-11-02 20:20:35.911 UTC [TRACE] stdio: received data: channel=STDOUT len=307
2022-11-02 20:20:35.911 UTC [TRACE] stdio: waiting for stdio data
2022-11-02 20:20:35.962 UTC [TRACE] stdio: received data: channel=STDOUT len=674
2022-11-02 20:20:35.962 UTC [TRACE] stdio: waiting for stdio data
2022-11-02 20:20:36.013 UTC [TRACE] stdio: received data: channel=STDOUT len=883
2022-11-02 20:20:36.013 UTC [TRACE] stdio: waiting for stdio data
2022-11-02 20:20:36.140 UTC [TRACE] stdio: received data: channel=STDOUT len=1024
2022-11-02 20:20:36.140 UTC [TRACE] stdio: waiting for stdio data
2022-11-02 20:20:36.183 UTC [TRACE] steampipe-plugin-hackernews.plugin: [TRACE] 166742043551: buildRowsAsync goroutine returning (hackernews-166742043551)
2022-11-02 20:20:36.183 UTC [TRACE] steampipe-plugin-hackernews.plugin: [TRACE] 166742043551: streamRows - nil row, stop streaming (hackernews-166742043551)
2022-11-02 20:20:36.183 UTC [TRACE] steampipe-plugin-hackernews.plugin: [TRACE] 166742043551: ------------------------------------
2022-11-02 20:20:36.183 UTC [TRACE] steampipe-plugin-hackernews.plugin: [TRACE] 166742043551: Concurrency Summary
2022-11-02 20:20:36.183 UTC [TRACE] steampipe-plugin-hackernews.plugin: [TRACE] 166742043551: ------------------------------------
2022-11-02 20:20:36.183 UTC [TRACE] steampipe-plugin-hackernews.plugin: [TRACE] 166742043551: getItem                       : 200
2022-11-02 20:20:36.183 UTC [TRACE] steampipe-plugin-hackernews.plugin: [TRACE] 166742043551: ------------------------------------
2022-11-02 20:20:36.183 UTC [TRACE] steampipe-plugin-hackernews.plugin: [TRACE] 166742043551: Total                         : 200
2022-11-02 20:20:36.183 UTC [TRACE] steampipe-plugin-hackernews.plugin: [TRACE] 166742043551: ------------------------------------
2022-11-02 20:20:36.183 UTC [TRACE] steampipe-plugin-hackernews.plugin: [TRACE] 166742043551: QueryData streamRows DONE (hackernews-166742043551)
2022-11-02 20:20:36.184 UTC [TRACE] steampipe-plugin-hackernews.plugin: [TRACE] 166742043551: EndSet (hackernews-166742043551) table hackernews_new
2022-11-02 20:20:36.184 UTC [TRACE] steampipe-plugin-hackernews.plugin: [TRACE] 166742043551: QueryCache writePageToCache: 500 rows, pageCount 1, page key hackernewshackernews_newid,title,time,by,score,dead,deleted,descendants,kids,parent,parts,poll,text,type,url,_ctx-1-0
2022-11-02 20:20:36.194 UTC [TRACE] steampipe-plugin-hackernews.plugin: [TRACE] 166742043551: writePageToCache Set - result written
2022-11-02 20:20:36.194 UTC [TRACE] steampipe-plugin-hackernews.plugin: [TRACE] 166742043551: QueryCache EndSet - result written
2022-11-02 20:20:36.194 UTC [TRACE] steampipe-plugin-hackernews.plugin: [TRACE] 166742043551: doGet cache miss
2022-11-02 20:20:36.194 UTC [TRACE] steampipe-plugin-hackernews.plugin: [TRACE] 166742043551: getCachedIndexBucket - no item retrieved for cache key index__hackernewshackernews_new
2022-11-02 20:20:36.194 UTC [TRACE] steampipe-plugin-hackernews.plugin: [TRACE] 166742043551: getCachedIndexBucket returned cache miss
2022-11-02 20:20:36.194 UTC [TRACE] steampipe-plugin-hackernews.plugin: [TRACE] 166742043551: QueryCache EndSet - Added index item (0xc01ab7c9c0) to bucket (0xc01ab48528), page count 1,  key root hackernewshackernews_newid,title,time,by,score,dead,deleted,descendants,kids,parent,parts,poll,text,type,url,_ctx-1
2022-11-02 20:20:36.194 UTC [TRACE] steampipe-plugin-hackernews.plugin: [TRACE] 166742043551: cacheSetIndexBucket index__hackernewshackernews_new
2022-11-02 20:20:36.194 UTC [TRACE] steampipe-plugin-hackernews.plugin: [TRACE] 166742043551: QueryCache EndSet - IndexBucket written
2022-11-02 20:20:36.194 UTC [TRACE] steampipe-plugin-hackernews.plugin: [TRACE] 166742043551: EndSet DEFER (hackernews-166742043551) table hackernews_new
2022-11-02 20:20:36.194 UTC [TRACE] steampipe-plugin-hackernews.plugin: [TRACE] 166742043551: calling pendingItemComplete (hackernews-166742043551)
2022-11-02 20:20:36.194 UTC [TRACE] steampipe-plugin-hackernews.plugin: [TRACE] 166742043551: pendingItemComplete (hackernews-166742043551) indexBucketKey index__hackernewshackernews_new, columns [id title time by score dead deleted descendants kids parent parts poll text type url _ctx], limit -1
2022-11-02 20:20:36.194 UTC [TRACE] steampipe-plugin-hackernews.plugin: [TRACE] 166742043551: got pending index bucket, (hackernews-166742043551) len 1
2022-11-02 20:20:36.194 UTC [TRACE] steampipe-plugin-hackernews.plugin: [TRACE] 166742043551: SatisfiesLimit limit -1, no item limit - satisfied
2022-11-02 20:20:36.195 UTC [TRACE] steampipe-plugin-hackernews.plugin: [TRACE] 166742043551: found pending index item to satisfy columns id,title,time,by,score,dead,deleted,descendants,kids,parent,parts,poll,text,type,url,_ctx, limit -1
2022-11-02 20:20:36.195 UTC [TRACE] steampipe-plugin-hackernews.plugin: [TRACE] 166742043551: found completed pending item (hackernews-166742043551) 0xc00040f710, key hackernewshackernews_newid,title,time,by,score,dead,deleted,descendants,kids,parent,parts,poll,text,type,url,_ctx-1 - removing from map as it is complete
2022-11-02 20:20:36.195 UTC [TRACE] steampipe-plugin-hackernews.plugin: [TRACE] 166742043551: pendingIndexItem Unlock count before 1 key hackernewshackernews_newid,title,time,by,score,dead,deleted,descendants,kids,parent,parts,poll,text,type,url,_ctx-1
2022-11-02 20:20:36.195 UTC [TRACE] steampipe-plugin-hackernews.plugin: [TRACE] 166742043551: deleted from pending, (hackernews-166742043551) len 0
2022-11-02 20:20:36.195 UTC [TRACE] steampipe-plugin-hackernews.plugin: [TRACE] 166742043551: pending bucket now empty - deleting key index__hackernewshackernews_new
2022-11-02 20:20:36.195 UTC [TRACE] steampipe-plugin-hackernews.plugin: [TRACE] 166742043551: pendingItemComplete done (hackernews-166742043551)
2022-11-02 20:20:36.195 UTC [TRACE] steampipe-plugin-hackernews.plugin: [TRACE] 166742043551: cache set succeeded
2022-11-02 20:20:36.195 UTC [TRACE] steampipe-plugin-hackernews.plugin: [TRACE] 166742043551: End execute span
2022-11-02 20:20:36.195 UTC [TRACE] steampipe-plugin-hackernews.plugin: [TRACE] 166742043551: executeForConnection DEFER (hackernews-166742043551)
2022-11-02 20:20:36.195 UTC [TRACE] steampipe-plugin-hackernews.plugin: [TRACE] 166742043551: Execute complete callId: hackernews-166742043551 table: hackernews_new
2022-11-02 20:20:36.195 UTC [TRACE] steampipe-plugin-hackernews.plugin: [TRACE] 166742043551: executeForConnection hackernews returned
2022-11-02 20:20:36.195 UTC [TRACE] steampipe-plugin-hackernews.plugin: [TRACE] 166742043551: output wg complete - send nil row
2022-11-02 20:20:36.195 UTC [TRACE] steampipe-plugin-hackernews.plugin: [TRACE] 166742043551: empty row on output channel - we are done
2022-11-02 20:20:36.195 UTC [INFO]  steampipe-plugin-hackernews.plugin: [INFO]  166742043551: Plugin Execute complete (166742043551)
2022-11-02 20:20:36.203 UTC [TRACE] stdio: received data: channel=STDOUT len=457
2022-11-02 20:20:36.203 UTC [TRACE] stdio: waiting for stdio data
2022-11-02 20:20:36.208 UTC [TRACE] stdio: received data: channel=STDOUT len=18
2022-11-02 20:20:36.208 UTC [TRACE] stdio: waiting for stdio data
2022-11-02 20:20:36.280 UTC [TRACE] PluginManager Shutdown
2022-11-02 20:20:36.281 UTC [TRACE] killing plugin csv (1938)
2022-11-02 20:20:36.281 UTC [TRACE] steampipe-plugin-csv.plugin: [TRACE] FLUSHING instrumentation
2022-11-02 20:20:36.281 UTC [TRACE] steampipe-plugin-csv.plugin: [TRACE] Shutdown instrumentation
2022-11-02 20:20:36.281 UTC [DEBUG] stdio: received EOF, stopping recv loop: err="rpc error: code = Unavailable desc = error reading from server: EOF"
2022-11-02 20:20:36.283 UTC [INFO]  plugin process exited: path=/home/runner/.steampipe/plugins/hub.steampipe.io/plugins/turbot/csv@latest/steampipe-plugin-csv.plugin pid=1938
2022-11-02 20:20:36.283 UTC [DEBUG] plugin exited
2022-11-02 20:20:36.283 UTC [TRACE] killing plugin hackernews (1960)
2022-11-02 20:20:36.284 UTC [DEBUG] stdio: received EOF, stopping recv loop: err="rpc error: code = Unavailable desc = error reading from server: EOF"
2022-11-02 20:20:36.284 UTC [TRACE] steampipe-plugin-hackernews.plugin: [TRACE] 166742043551: FLUSHING instrumentation
2022-11-02 20:20:36.284 UTC [TRACE] steampipe-plugin-hackernews.plugin: [TRACE] 166742043551: Shutdown instrumentation
2022-11-02 20:20:36.288 UTC [INFO]  plugin process exited: path=/home/runner/.steampipe/plugins/hub.steampipe.io/plugins/turbot/hackernews@latest/steampipe-plugin-hackernews.plugin pid=1960
2022-11-02 20:20:36.288 UTC [DEBUG] plugin exited
2022-11-02 20:20:40.773 UTC [WARN]  PluginManager setPluginCacheSizeMap: 4 connections.
2022-11-02 20:20:40.773 UTC [WARN]  Total cache size 0Mb
2022-11-02 20:20:40.842 UTC [WARN]  plugin configured with a nil SecureConfig
2022-11-02 20:20:41.133 UTC [WARN]  steampipe-plugin-csv.plugin: [WARN]  1667420441532: getKeyColumnsForTable found no schema for table '/home/runner/work/steampipe-samples/steampipe-samples/all/hackernews/hn.csv'
2022-11-02 20:21:10.631 UTC [WARN]  PluginManager setPluginCacheSizeMap: 4 connections.
2022-11-02 20:21:10.631 UTC [WARN]  Total cache size 0Mb
2022-11-02 20:21:10.699 UTC [WARN]  plugin configured with a nil SecureConfig
2022-11-02 20:21:10.906 UTC [WARN]  steampipe-plugin-csv.plugin: [WARN]  1667420470201: getKeyColumnsForTable found no schema for table '/home/runner/work/steampipe-samples/steampipe-samples/all/hackernews/hn.csv'
2022-11-02 20:21:39.981 UTC [WARN]  PluginManager setPluginCacheSizeMap: 4 connections.
2022-11-02 20:21:39.981 UTC [WARN]  Total cache size 0Mb
2022-11-02 20:21:40.049 UTC [WARN]  plugin configured with a nil SecureConfig
2022-11-02 20:21:41.474 UTC [WARN]  PluginManager setPluginCacheSizeMap: 4 connections.
2022-11-02 20:21:41.474 UTC [WARN]  Total cache size 0Mb
2022-11-02 20:21:41.542 UTC [WARN]  plugin configured with a nil SecureConfig
2022-11-02 20:21:42.703 UTC [WARN]  PluginManager setPluginCacheSizeMap: 4 connections.
2022-11-02 20:21:42.703 UTC [WARN]  Total cache size 0Mb
2022-11-02 20:21:42.772 UTC [WARN]  plugin configured with a nil SecureConfig
2022-11-02 20:21:43.711 UTC [WARN]  PluginManager setPluginCacheSizeMap: 4 connections.
2022-11-02 20:21:43.711 UTC [WARN]  Total cache size 0Mb
2022-11-02 20:21:43.780 UTC [WARN]  plugin configured with a nil SecureConfig
2022-11-02 20:21:44.779 UTC [WARN]  PluginManager setPluginCacheSizeMap: 4 connections.
2022-11-02 20:21:44.779 UTC [WARN]  Total cache size 0Mb
2022-11-02 20:21:44.847 UTC [WARN]  plugin configured with a nil SecureConfig
2022-11-02 20:21:45.800 UTC [WARN]  PluginManager setPluginCacheSizeMap: 4 connections.
2022-11-02 20:21:45.800 UTC [WARN]  Total cache size 0Mb
2022-11-02 20:21:45.868 UTC [WARN]  plugin configured with a nil SecureConfig
2022-11-02 20:21:46.865 UTC [WARN]  PluginManager setPluginCacheSizeMap: 4 connections.
2022-11-02 20:21:46.865 UTC [WARN]  Total cache size 0Mb
2022-11-02 20:21:46.937 UTC [WARN]  plugin configured with a nil SecureConfig
2022-11-02 20:21:47.898 UTC [WARN]  PluginManager setPluginCacheSizeMap: 4 connections.
2022-11-02 20:21:47.898 UTC [WARN]  Total cache size 0Mb
2022-11-02 20:21:47.967 UTC [WARN]  plugin configured with a nil SecureConfig
2022-11-02 20:21:48.168 UTC [WARN]  plugin configured with a nil SecureConfig
2022-11-02 20:23:34.512 UTC [WARN]  PluginManager setPluginCacheSizeMap: 4 connections.
2022-11-02 20:23:34.512 UTC [WARN]  Total cache size 0Mb
2022-11-02 20:23:34.583 UTC [WARN]  plugin configured with a nil SecureConfig
2022-11-02 20:23:35.552 UTC [WARN]  PluginManager setPluginCacheSizeMap: 4 connections.
2022-11-02 20:23:35.552 UTC [WARN]  Total cache size 0Mb
2022-11-02 20:23:35.621 UTC [WARN]  plugin configured with a nil SecureConfig
2022-11-02 20:23:35.639 UTC [ERROR] steampipe-plugin-csv.plugin: [ERROR] csv.tableCSV: header_parse_error=EOF path=/home/runner/work/steampipe-samples/steampipe-samples/all/hackernews/new_sc.csv header=[]
2022-11-02 20:23:35.639 UTC [ERROR] steampipe-plugin-csv.plugin: [ERROR] csv.PluginTables: create_table_error="failed to parse file header /home/runner/work/steampipe-samples/steampipe-samples/all/hackernews/new_sc.csv: EOF" path=/home/runner/work/steampipe-samples/steampipe-samples/all/hackernews/new_sc.csv
2022-11-02 20:23:35.639 UTC [WARN]  failed to set connection config: failed to parse file header /home/runner/work/steampipe-samples/steampipe-samples/all/hackernews/new_sc.csv: EOF
2022-11-02 20:23:36.540 UTC [WARN]  PluginManager setPluginCacheSizeMap: 4 connections.
2022-11-02 20:23:36.540 UTC [WARN]  Total cache size 0Mb
2022-11-02 20:23:36.610 UTC [WARN]  plugin configured with a nil SecureConfig
2022-11-02 20:23:36.808 UTC [WARN]  steampipe-plugin-csv.plugin: [WARN]  1667420616121: getKeyColumnsForTable found no schema for table '/home/runner/work/steampipe-samples/steampipe-samples/all/hackernews/new_sc.csv'
2022-11-02 20:23:41.304 UTC [WARN]  PluginManager setPluginCacheSizeMap: 4 connections.
2022-11-02 20:23:41.304 UTC [WARN]  Total cache size 0Mb
2022-11-02 20:23:41.372 UTC [WARN]  plugin configured with a nil SecureConfig
2022-11-02 20:23:42.307 UTC [WARN]  PluginManager setPluginCacheSizeMap: 4 connections.
2022-11-02 20:23:42.307 UTC [WARN]  Total cache size 0Mb
2022-11-02 20:23:42.375 UTC [WARN]  plugin configured with a nil SecureConfig
2022-11-02 20:23:43.322 UTC [WARN]  PluginManager setPluginCacheSizeMap: 4 connections.
2022-11-02 20:23:43.322 UTC [WARN]  Total cache size 0Mb
2022-11-02 20:23:43.390 UTC [WARN]  plugin configured with a nil SecureConfig
2022-11-02 20:23:44.303 UTC [WARN]  PluginManager setPluginCacheSizeMap: 4 connections.
2022-11-02 20:23:44.303 UTC [WARN]  Total cache size 0Mb
2022-11-02 20:23:44.372 UTC [WARN]  plugin configured with a nil SecureConfig
2022-11-02 20:23:44.388 UTC [ERROR] steampipe-plugin-csv.plugin: [ERROR] csv.tableCSV: header_parse_error=EOF path=/home/runner/work/steampipe-samples/steampipe-samples/all/hackernews/hn_items_all.csv header=[]
2022-11-02 20:23:44.388 UTC [ERROR] steampipe-plugin-csv.plugin: [ERROR] csv.PluginTables: create_table_error="failed to parse file header /home/runner/work/steampipe-samples/steampipe-samples/all/hackernews/hn_items_all.csv: EOF" path=/home/runner/work/steampipe-samples/steampipe-samples/all/hackernews/hn_items_all.csv
2022-11-02 20:23:44.388 UTC [WARN]  failed to set connection config: failed to parse file header /home/runner/work/steampipe-samples/steampipe-samples/all/hackernews/hn_items_all.csv: EOF
2022-11-02 20:23:45.641 UTC [WARN]  PluginManager setPluginCacheSizeMap: 4 connections.
2022-11-02 20:23:45.641 UTC [WARN]  Total cache size 0Mb
2022-11-02 20:23:45.710 UTC [WARN]  plugin configured with a nil SecureConfig
2022-11-02 20:23:45.726 UTC [WARN]  failed to set connection config: failed to parse file header /home/runner/work/steampipe-samples/steampipe-samples/all/hackernews/people.csv: EOF
2022-11-02 20:23:45.726 UTC [ERROR] steampipe-plugin-csv.plugin: [ERROR] csv.tableCSV: header_parse_error=EOF path=/home/runner/work/steampipe-samples/steampipe-samples/all/hackernews/people.csv header=[]
2022-11-02 20:23:45.726 UTC [ERROR] steampipe-plugin-csv.plugin: [ERROR] csv.PluginTables: create_table_error="failed to parse file header /home/runner/work/steampipe-samples/steampipe-samples/all/hackernews/people.csv: EOF" path=/home/runner/work/steampipe-samples/steampipe-samples/all/hackernews/people.csv
2022-11-02 20:23:45.888 UTC [WARN]  plugin configured with a nil SecureConfig
2022-11-02 20:23:45.932 UTC [WARN]  plugin configured with a nil SecureConfig
