2023-03-12 02:36:15.092 UTC [INFO]  starting plugin manager
2023-03-12 02:36:15.092 UTC [TRACE] loaded config map: csv,github,hackernews,net
2023-03-12 02:36:15.092 UTC [TRACE] NewPluginManager
2023-03-12 02:36:15.093 UTC [TRACE] PluginManager setPluginCacheSizeMap: 4 connections.
2023-03-12 02:36:15.093 UTC [TRACE] Total cache size 0Mb
2023-03-12 02:36:15.093 UTC [INFO]  starting connection watcher
2023-03-12 02:36:15.093 UTC [INFO]  created ConnectionWatcher
2023-03-12 02:36:15.093 UTC [TRACE] about to serve
2023-03-12 02:36:15.119 UTC [TRACE] PluginManager Get, connections: '[csv]'
2023-03-12 02:36:15.119 UTC [TRACE] PluginManager getPlugin hub.steampipe.io/plugins/turbot/csv@latest connection 'csv'
2023-03-12 02:36:15.119 UTC [TRACE] PluginManager 0xc000894b40 plugin hub.steampipe.io/plugins/turbot/csv@latest (csv) NOT started or starting - start now
2023-03-12 02:36:15.119 UTC [TRACE] ************ start plugin csv ********************
2023-03-12 02:36:15.119 UTC [TRACE] ************ plugin path /home/runner/.steampipe/plugins/hub.steampipe.io/plugins/turbot/csv@latest/steampipe-plugin-csv.plugin ********************
2023-03-12 02:36:15.195 UTC [DEBUG] starting plugin: path=/home/runner/.steampipe/plugins/hub.steampipe.io/plugins/turbot/csv@latest/steampipe-plugin-csv.plugin args=["/home/runner/.steampipe/plugins/hub.steampipe.io/plugins/turbot/csv@latest/steampipe-plugin-csv.plugin"]
2023-03-12 02:36:15.196 UTC [DEBUG] plugin started: path=/home/runner/.steampipe/plugins/hub.steampipe.io/plugins/turbot/csv@latest/steampipe-plugin-csv.plugin pid=2026
2023-03-12 02:36:15.196 UTC [DEBUG] waiting for RPC address: path=/home/runner/.steampipe/plugins/hub.steampipe.io/plugins/turbot/csv@latest/steampipe-plugin-csv.plugin
2023-03-12 02:36:15.210 UTC [INFO]  steampipe-plugin-csv.plugin: [INFO]  initialise plugin 'steampipe-plugin-csv', using sdk version 5.2.0
2023-03-12 02:36:15.210 UTC [TRACE] steampipe-plugin-csv.plugin: [TRACE] no DefaultRetryConfig defined - creating empty
2023-03-12 02:36:15.210 UTC [TRACE] steampipe-plugin-csv.plugin: [TRACE] no DefaultIgnoreConfig defined - creating empty
2023-03-12 02:36:15.210 UTC [TRACE] steampipe-plugin-csv.plugin: [TRACE] intialising defaultWatchedFilesChangedFunc
2023-03-12 02:36:15.210 UTC [TRACE] steampipe-plugin-csv.plugin: [TRACE] telemetry.Init service 'steampipe-plugin-csv', tracingEnabled: false, metricsEnabled: false
2023-03-12 02:36:15.210 UTC [TRACE] steampipe-plugin-csv.plugin: [TRACE] metrics and tracing disabled' - returning
2023-03-12 02:36:15.211 UTC [DEBUG] steampipe-plugin-csv.plugin: plugin address: address=/tmp/plugin3503517599 network=unix timestamp=2023-03-12T02:36:15.211Z
2023-03-12 02:36:15.211 UTC [DEBUG] using plugin: version=0
2023-03-12 02:36:15.211 UTC [TRACE] NewPluginClient for plugin hub.steampipe.io/plugins/turbot/csv@latest
2023-03-12 02:36:15.212 UTC [TRACE] stdio: waiting for stdio data
2023-03-12 02:36:15.215 UTC [TRACE] supportedOperations: query_cache:true  multiple_connections:true  message_stream:true
2023-03-12 02:36:15.216 UTC [TRACE] steampipe-plugin-csv.plugin: [TRACE] SetAllConnectionConfigs setting 1 configs
2023-03-12 02:36:15.216 UTC [TRACE] steampipe-plugin-csv.plugin: [TRACE] connection csv build schema and table map
2023-03-12 02:36:15.216 UTC [TRACE] steampipe-plugin-csv.plugin: [TRACE] Plugin steampipe-plugin-csv initialiseTables
2023-03-12 02:36:15.216 UTC [DEBUG] steampipe-plugin-csv.plugin: [DEBUG] csv.tableCSV: path=/home/runner/work/steampipe-samples/steampipe-samples/all/hackernews/hn_items_all.csv detected_encoding=Unknown
2023-03-12 02:36:15.216 UTC [DEBUG] steampipe-plugin-csv.plugin: [DEBUG] csv.tableCSV: path=/home/runner/work/steampipe-samples/steampipe-samples/all/hackernews/new_sc.csv detected_encoding=Unknown
2023-03-12 02:36:15.216 UTC [TRACE] steampipe-plugin-csv.plugin: [TRACE] initialise table /home/runner/work/steampipe-samples/steampipe-samples/all/hackernews/new_sc.csv
2023-03-12 02:36:15.216 UTC [TRACE] steampipe-plugin-csv.plugin: [TRACE] no DefaultRetryConfig defined - creating empty
2023-03-12 02:36:15.216 UTC [TRACE] steampipe-plugin-csv.plugin: [TRACE] no DefaultIgnoreConfig defined - creating empty
2023-03-12 02:36:15.216 UTC [TRACE] steampipe-plugin-csv.plugin: [TRACE] apply plugin defaults for DefaultRetryConfig
2023-03-12 02:36:15.216 UTC [TRACE] steampipe-plugin-csv.plugin: [TRACE] apply plugin defaults for DefaultIgnoreConfig, table &{<nil> <nil>} plugin &{<nil> <nil>}
2023-03-12 02:36:15.216 UTC [TRACE] steampipe-plugin-csv.plugin: [TRACE] DefaultRetryConfig:
2023-03-12 02:36:15.216 UTC [TRACE] steampipe-plugin-csv.plugin: [TRACE] DefaultIgnoreConfig:
2023-03-12 02:36:15.216 UTC [TRACE] steampipe-plugin-csv.plugin: [TRACE] t.List.initialise
2023-03-12 02:36:15.216 UTC [TRACE] steampipe-plugin-csv.plugin: [TRACE] ListConfig.initialise table /home/runner/work/steampipe-samples/steampipe-samples/all/hackernews/new_sc.csv
2023-03-12 02:36:15.216 UTC [TRACE] steampipe-plugin-csv.plugin: [TRACE] ListConfig.initialise complete: RetryConfig: , IgnoreConfig
2023-03-12 02:36:15.216 UTC [TRACE] steampipe-plugin-csv.plugin: [TRACE] back from initialiseHydrateConfigs
2023-03-12 02:36:15.216 UTC [TRACE] steampipe-plugin-csv.plugin: [TRACE] initialise table /home/runner/work/steampipe-samples/steampipe-samples/all/hackernews/new_sc.csv COMPLETE
2023-03-12 02:36:15.216 UTC [TRACE] steampipe-plugin-csv.plugin: [TRACE] initialise table /home/runner/work/steampipe-samples/steampipe-samples/all/hackernews/hn_items_all.csv
2023-03-12 02:36:15.216 UTC [TRACE] steampipe-plugin-csv.plugin: [TRACE] no DefaultRetryConfig defined - creating empty
2023-03-12 02:36:15.216 UTC [TRACE] steampipe-plugin-csv.plugin: [TRACE] no DefaultIgnoreConfig defined - creating empty
2023-03-12 02:36:15.216 UTC [TRACE] steampipe-plugin-csv.plugin: [TRACE] apply plugin defaults for DefaultRetryConfig
2023-03-12 02:36:15.216 UTC [TRACE] steampipe-plugin-csv.plugin: [TRACE] apply plugin defaults for DefaultIgnoreConfig, table &{<nil> <nil>} plugin &{<nil> <nil>}
2023-03-12 02:36:15.216 UTC [TRACE] steampipe-plugin-csv.plugin: [TRACE] DefaultRetryConfig:
2023-03-12 02:36:15.216 UTC [TRACE] steampipe-plugin-csv.plugin: [TRACE] DefaultIgnoreConfig:
2023-03-12 02:36:15.216 UTC [TRACE] steampipe-plugin-csv.plugin: [TRACE] t.List.initialise
2023-03-12 02:36:15.216 UTC [TRACE] steampipe-plugin-csv.plugin: [TRACE] ListConfig.initialise table /home/runner/work/steampipe-samples/steampipe-samples/all/hackernews/hn_items_all.csv
2023-03-12 02:36:15.216 UTC [TRACE] steampipe-plugin-csv.plugin: [TRACE] ListConfig.initialise complete: RetryConfig: , IgnoreConfig
2023-03-12 02:36:15.216 UTC [TRACE] steampipe-plugin-csv.plugin: [TRACE] back from initialiseHydrateConfigs
2023-03-12 02:36:15.216 UTC [TRACE] steampipe-plugin-csv.plugin: [TRACE] initialise table /home/runner/work/steampipe-samples/steampipe-samples/all/hackernews/hn_items_all.csv COMPLETE
2023-03-12 02:36:15.216 UTC [TRACE] steampipe-plugin-csv.plugin: [TRACE] validate plugin steampipe-plugin-csv, required columns []
2023-03-12 02:36:15.216 UTC [TRACE] steampipe-plugin-csv.plugin: [TRACE] validate DefaultRetryConfig
2023-03-12 02:36:15.216 UTC [TRACE] steampipe-plugin-csv.plugin: [TRACE] validate DefaultIgnoreConfig
2023-03-12 02:36:15.216 UTC [TRACE] steampipe-plugin-csv.plugin: [TRACE] validate table names
2023-03-12 02:36:15.222 UTC [INFO]  steampipe-plugin-csv.plugin: [INFO]  plugin validation result: 0 warnings 0 errors
2023-03-12 02:36:15.222 UTC [TRACE] steampipe-plugin-csv.plugin: [TRACE] SetAllConnectionConfigs added connection csv to map, setting watch paths
2023-03-12 02:36:15.222 UTC [TRACE] steampipe-plugin-csv.plugin: [TRACE] updateConnectionWatchPaths for connection csv, watch paths: [/home/runner/work/steampipe-samples/steampipe-samples/all/hackernews/*.csv]
2023-03-12 02:36:15.222 UTC [TRACE] steampipe-plugin-csv.plugin: [TRACE] ConnectionData.updateWatchPaths - create watcher options from the watchPaths [/home/runner/work/steampipe-samples/steampipe-samples/all/hackernews/*.csv]
2023-03-12 02:36:15.222 UTC [TRACE] steampipe-plugin-csv.plugin: [TRACE] ConnectionData.updateWatchPaths - created the new file watcher
2023-03-12 02:36:15.222 UTC [TRACE] steampipe-plugin-csv.plugin: [TRACE] Plugin ensureCache creating cache, maxCacheStorageMb 0
2023-03-12 02:36:15.223 UTC [TRACE] steampipe-plugin-csv.plugin: [TRACE] createCacheStore for plugin 'steampipe-plugin-csv' setting max size to 0Mb, Shards: 2, max shard size: 0
2023-03-12 02:36:15.238 UTC [INFO]  steampipe-plugin-csv.plugin: [INFO]  query cache created
2023-03-12 02:36:15.238 UTC [DEBUG] steampipe-plugin-csv.plugin: [DEBUG] SetAllConnectionConfigs finished
2023-03-12 02:36:15.240 UTC [TRACE] PluginMessageServer AddConnection for connections [csv]
2023-03-12 02:36:15.240 UTC [TRACE] openMessageStream for connection 'csv'
2023-03-12 02:36:15.240 UTC [TRACE] calling EstablishMessageStream
2023-03-12 02:36:15.240 UTC [TRACE] PluginManager getPlugin complete, returning reattach config with PID: 2026
2023-03-12 02:36:15.240 UTC [TRACE] runMessageListener connection 'csv'
2023-03-12 02:36:15.242 UTC [TRACE] steampipe-plugin-csv.plugin: [TRACE] plugin.EstablishMessageStream plugin 0xc0000fe1e0, stream 0xc0004d8fd0
2023-03-12 02:36:15.242 UTC [TRACE] steampipe-plugin-csv.plugin: [TRACE] plugin.EstablishMessageStream set on plugin: plugin.messageStream 0xc0004d8fd0
2023-03-12 02:36:15.283 UTC [TRACE] PluginManager Get, connections: '[csv]'
2023-03-12 02:36:15.283 UTC [TRACE] PluginManager getPlugin hub.steampipe.io/plugins/turbot/csv@latest connection 'csv'
2023-03-12 02:36:15.283 UTC [TRACE] connection csv found in connectionPluginMap
2023-03-12 02:36:15.283 UTC [TRACE] initialized: 2026
2023-03-12 02:36:15.283 UTC [TRACE] initialized: 2026
2023-03-12 02:36:15.283 UTC [TRACE] connection csv is loaded, check for running PID
2023-03-12 02:36:15.284 UTC [TRACE] PluginManager found 'csv' in map, pid 2026
2023-03-12 02:36:15.343 UTC [TRACE] PluginManager Get, connections: '[hackernews]'
2023-03-12 02:36:15.343 UTC [TRACE] PluginManager getPlugin hub.steampipe.io/plugins/turbot/hackernews@latest connection 'hackernews'
2023-03-12 02:36:15.343 UTC [TRACE] PluginManager 0xc000894b40 plugin hub.steampipe.io/plugins/turbot/hackernews@latest (hackernews) NOT started or starting - start now
2023-03-12 02:36:15.343 UTC [TRACE] ************ start plugin hackernews ********************
2023-03-12 02:36:15.343 UTC [TRACE] ************ plugin path /home/runner/.steampipe/plugins/hub.steampipe.io/plugins/turbot/hackernews@latest/steampipe-plugin-hackernews.plugin ********************
2023-03-12 02:36:15.405 UTC [DEBUG] starting plugin: path=/home/runner/.steampipe/plugins/hub.steampipe.io/plugins/turbot/hackernews@latest/steampipe-plugin-hackernews.plugin args=["/home/runner/.steampipe/plugins/hub.steampipe.io/plugins/turbot/hackernews@latest/steampipe-plugin-hackernews.plugin"]
2023-03-12 02:36:15.405 UTC [DEBUG] plugin started: path=/home/runner/.steampipe/plugins/hub.steampipe.io/plugins/turbot/hackernews@latest/steampipe-plugin-hackernews.plugin pid=2051
2023-03-12 02:36:15.405 UTC [DEBUG] waiting for RPC address: path=/home/runner/.steampipe/plugins/hub.steampipe.io/plugins/turbot/hackernews@latest/steampipe-plugin-hackernews.plugin
2023-03-12 02:36:15.415 UTC [INFO]  steampipe-plugin-hackernews.plugin: [INFO]  Initialise plugin 'steampipe-plugin-hackernews', using sdk version 4.1.7
2023-03-12 02:36:15.415 UTC [TRACE] steampipe-plugin-hackernews.plugin: [TRACE] defaulting SchemaMode to SchemaModeStatic
2023-03-12 02:36:15.415 UTC [TRACE] steampipe-plugin-hackernews.plugin: [TRACE] no DefaultRetryConfig defined - creating empty
2023-03-12 02:36:15.415 UTC [TRACE] steampipe-plugin-hackernews.plugin: [TRACE] no DefaultIgnoreConfig defined - creating empty
2023-03-12 02:36:15.415 UTC [TRACE] steampipe-plugin-hackernews.plugin: [TRACE] Setting Ulimit: ulimit=2560
2023-03-12 02:36:15.415 UTC [TRACE] steampipe-plugin-hackernews.plugin: [TRACE] telemetry.Init service 'steampipe-plugin-hackernews', tracingEnabled: false, metricsEnabled: false
2023-03-12 02:36:15.415 UTC [TRACE] steampipe-plugin-hackernews.plugin: [TRACE] metrics and tracing disabled' - returning
2023-03-12 02:36:15.415 UTC [DEBUG] steampipe-plugin-hackernews.plugin: plugin address: address=/tmp/plugin3546451967 network=unix timestamp=2023-03-12T02:36:15.415Z
2023-03-12 02:36:15.415 UTC [DEBUG] using plugin: version=0
2023-03-12 02:36:15.415 UTC [TRACE] NewPluginClient for plugin hub.steampipe.io/plugins/turbot/hackernews@latest
2023-03-12 02:36:15.416 UTC [TRACE] stdio: waiting for stdio data
2023-03-12 02:36:15.417 UTC [TRACE] supportedOperations: query_cache:true  multiple_connections:true
2023-03-12 02:36:15.417 UTC [TRACE] steampipe-plugin-hackernews.plugin: [TRACE] SetAllConnectionConfigs setting 1 configs
2023-03-12 02:36:15.417 UTC [TRACE] steampipe-plugin-hackernews.plugin: [TRACE] connection hackernews build schema and table map
2023-03-12 02:36:15.417 UTC [TRACE] steampipe-plugin-hackernews.plugin: [TRACE] initialise table hackernews_show_hn
2023-03-12 02:36:15.417 UTC [TRACE] steampipe-plugin-hackernews.plugin: [TRACE] no DefaultRetryConfig defined - creating empty
2023-03-12 02:36:15.417 UTC [TRACE] steampipe-plugin-hackernews.plugin: [TRACE] no DefaultIgnoreConfig defined - creating empty
2023-03-12 02:36:15.417 UTC [TRACE] steampipe-plugin-hackernews.plugin: [TRACE] apply plugin defaults for DefaultRetryConfig
2023-03-12 02:36:15.417 UTC [TRACE] steampipe-plugin-hackernews.plugin: [TRACE] apply plugin defaults for DefaultIgnoreConfig, table &{<nil> <nil>} plugin &{<nil> <nil>}
2023-03-12 02:36:15.417 UTC [TRACE] steampipe-plugin-hackernews.plugin: [TRACE] DefaultRetryConfig:
2023-03-12 02:36:15.417 UTC [TRACE] steampipe-plugin-hackernews.plugin: [TRACE] DefaultIgnoreConfig:
2023-03-12 02:36:15.417 UTC [TRACE] steampipe-plugin-hackernews.plugin: [TRACE] t.Get.initialise
2023-03-12 02:36:15.417 UTC [TRACE] steampipe-plugin-hackernews.plugin: [TRACE] GetConfig.initialise table hackernews_show_hn
2023-03-12 02:36:15.417 UTC [TRACE] steampipe-plugin-hackernews.plugin: [TRACE] GetConfig.initialise complete: RetryConfig: , IgnoreConfig:
2023-03-12 02:36:15.417 UTC [TRACE] steampipe-plugin-hackernews.plugin: [TRACE] t.List.initialise
2023-03-12 02:36:15.417 UTC [TRACE] steampipe-plugin-hackernews.plugin: [TRACE] ListConfig.initialise table hackernews_show_hn
2023-03-12 02:36:15.417 UTC [TRACE] steampipe-plugin-hackernews.plugin: [TRACE] ListConfig.initialise complete: RetryConfig: , IgnoreConfig
2023-03-12 02:36:15.417 UTC [TRACE] steampipe-plugin-hackernews.plugin: [TRACE] HydrateConfig.initialise func getItem, table hackernews_show_hn
2023-03-12 02:36:15.417 UTC [TRACE] steampipe-plugin-hackernews.plugin: [TRACE] HydrateConfig.initialise complete: RetryConfig: , IgnoreConfig:
2023-03-12 02:36:15.417 UTC [TRACE] steampipe-plugin-hackernews.plugin: [TRACE] back from initialiseHydrateConfigs
2023-03-12 02:36:15.417 UTC [TRACE] steampipe-plugin-hackernews.plugin: [TRACE] initialise table hackernews_show_hn COMPLETE
2023-03-12 02:36:15.417 UTC [TRACE] steampipe-plugin-hackernews.plugin: [TRACE] initialise table hackernews_top
2023-03-12 02:36:15.417 UTC [TRACE] steampipe-plugin-hackernews.plugin: [TRACE] no DefaultRetryConfig defined - creating empty
2023-03-12 02:36:15.417 UTC [TRACE] steampipe-plugin-hackernews.plugin: [TRACE] no DefaultIgnoreConfig defined - creating empty
2023-03-12 02:36:15.417 UTC [TRACE] steampipe-plugin-hackernews.plugin: [TRACE] apply plugin defaults for DefaultRetryConfig
2023-03-12 02:36:15.417 UTC [TRACE] steampipe-plugin-hackernews.plugin: [TRACE] apply plugin defaults for DefaultIgnoreConfig, table &{<nil> <nil>} plugin &{<nil> <nil>}
2023-03-12 02:36:15.417 UTC [TRACE] steampipe-plugin-hackernews.plugin: [TRACE] DefaultRetryConfig:
2023-03-12 02:36:15.417 UTC [TRACE] steampipe-plugin-hackernews.plugin: [TRACE] DefaultIgnoreConfig:
2023-03-12 02:36:15.417 UTC [TRACE] steampipe-plugin-hackernews.plugin: [TRACE] t.Get.initialise
2023-03-12 02:36:15.417 UTC [TRACE] steampipe-plugin-hackernews.plugin: [TRACE] GetConfig.initialise table hackernews_top
2023-03-12 02:36:15.418 UTC [TRACE] steampipe-plugin-hackernews.plugin: [TRACE] GetConfig.initialise complete: RetryConfig: , IgnoreConfig:
2023-03-12 02:36:15.418 UTC [TRACE] steampipe-plugin-hackernews.plugin: [TRACE] t.List.initialise
2023-03-12 02:36:15.418 UTC [TRACE] steampipe-plugin-hackernews.plugin: [TRACE] ListConfig.initialise table hackernews_top
2023-03-12 02:36:15.418 UTC [TRACE] steampipe-plugin-hackernews.plugin: [TRACE] ListConfig.initialise complete: RetryConfig: , IgnoreConfig
2023-03-12 02:36:15.418 UTC [TRACE] steampipe-plugin-hackernews.plugin: [TRACE] HydrateConfig.initialise func getItem, table hackernews_top
2023-03-12 02:36:15.418 UTC [TRACE] steampipe-plugin-hackernews.plugin: [TRACE] HydrateConfig.initialise complete: RetryConfig: , IgnoreConfig:
2023-03-12 02:36:15.418 UTC [TRACE] steampipe-plugin-hackernews.plugin: [TRACE] back from initialiseHydrateConfigs
2023-03-12 02:36:15.418 UTC [TRACE] steampipe-plugin-hackernews.plugin: [TRACE] initialise table hackernews_top COMPLETE
2023-03-12 02:36:15.418 UTC [TRACE] steampipe-plugin-hackernews.plugin: [TRACE] initialise table hackernews_user
2023-03-12 02:36:15.418 UTC [TRACE] steampipe-plugin-hackernews.plugin: [TRACE] no DefaultRetryConfig defined - creating empty
2023-03-12 02:36:15.418 UTC [TRACE] steampipe-plugin-hackernews.plugin: [TRACE] no DefaultIgnoreConfig defined - creating empty
2023-03-12 02:36:15.418 UTC [TRACE] steampipe-plugin-hackernews.plugin: [TRACE] apply plugin defaults for DefaultRetryConfig
2023-03-12 02:36:15.418 UTC [TRACE] steampipe-plugin-hackernews.plugin: [TRACE] apply plugin defaults for DefaultIgnoreConfig, table &{<nil> <nil>} plugin &{<nil> <nil>}
2023-03-12 02:36:15.418 UTC [TRACE] steampipe-plugin-hackernews.plugin: [TRACE] DefaultRetryConfig:
2023-03-12 02:36:15.418 UTC [TRACE] steampipe-plugin-hackernews.plugin: [TRACE] DefaultIgnoreConfig:
2023-03-12 02:36:15.418 UTC [TRACE] steampipe-plugin-hackernews.plugin: [TRACE] t.List.initialise
2023-03-12 02:36:15.418 UTC [TRACE] steampipe-plugin-hackernews.plugin: [TRACE] ListConfig.initialise table hackernews_user
2023-03-12 02:36:15.418 UTC [TRACE] steampipe-plugin-hackernews.plugin: [TRACE] ListConfig.initialise complete: RetryConfig: , IgnoreConfig
2023-03-12 02:36:15.418 UTC [TRACE] steampipe-plugin-hackernews.plugin: [TRACE] back from initialiseHydrateConfigs
2023-03-12 02:36:15.418 UTC [TRACE] steampipe-plugin-hackernews.plugin: [TRACE] initialise table hackernews_user COMPLETE
2023-03-12 02:36:15.418 UTC [TRACE] steampipe-plugin-hackernews.plugin: [TRACE] initialise table hackernews_ask_hn
2023-03-12 02:36:15.418 UTC [TRACE] steampipe-plugin-hackernews.plugin: [TRACE] no DefaultRetryConfig defined - creating empty
2023-03-12 02:36:15.418 UTC [TRACE] steampipe-plugin-hackernews.plugin: [TRACE] no DefaultIgnoreConfig defined - creating empty
2023-03-12 02:36:15.418 UTC [TRACE] steampipe-plugin-hackernews.plugin: [TRACE] apply plugin defaults for DefaultRetryConfig
2023-03-12 02:36:15.418 UTC [TRACE] steampipe-plugin-hackernews.plugin: [TRACE] apply plugin defaults for DefaultIgnoreConfig, table &{<nil> <nil>} plugin &{<nil> <nil>}
2023-03-12 02:36:15.418 UTC [TRACE] steampipe-plugin-hackernews.plugin: [TRACE] DefaultRetryConfig:
2023-03-12 02:36:15.418 UTC [TRACE] steampipe-plugin-hackernews.plugin: [TRACE] DefaultIgnoreConfig:
2023-03-12 02:36:15.418 UTC [TRACE] steampipe-plugin-hackernews.plugin: [TRACE] t.Get.initialise
2023-03-12 02:36:15.418 UTC [TRACE] steampipe-plugin-hackernews.plugin: [TRACE] GetConfig.initialise table hackernews_ask_hn
2023-03-12 02:36:15.418 UTC [TRACE] steampipe-plugin-hackernews.plugin: [TRACE] GetConfig.initialise complete: RetryConfig: , IgnoreConfig:
2023-03-12 02:36:15.418 UTC [TRACE] steampipe-plugin-hackernews.plugin: [TRACE] t.List.initialise
2023-03-12 02:36:15.418 UTC [TRACE] steampipe-plugin-hackernews.plugin: [TRACE] ListConfig.initialise table hackernews_ask_hn
2023-03-12 02:36:15.418 UTC [TRACE] steampipe-plugin-hackernews.plugin: [TRACE] ListConfig.initialise complete: RetryConfig: , IgnoreConfig
2023-03-12 02:36:15.418 UTC [TRACE] steampipe-plugin-hackernews.plugin: [TRACE] HydrateConfig.initialise func getItem, table hackernews_ask_hn
2023-03-12 02:36:15.418 UTC [TRACE] steampipe-plugin-hackernews.plugin: [TRACE] HydrateConfig.initialise complete: RetryConfig: , IgnoreConfig:
2023-03-12 02:36:15.418 UTC [TRACE] steampipe-plugin-hackernews.plugin: [TRACE] back from initialiseHydrateConfigs
2023-03-12 02:36:15.418 UTC [TRACE] steampipe-plugin-hackernews.plugin: [TRACE] initialise table hackernews_ask_hn COMPLETE
2023-03-12 02:36:15.418 UTC [TRACE] steampipe-plugin-hackernews.plugin: [TRACE] initialise table hackernews_best
2023-03-12 02:36:15.418 UTC [TRACE] steampipe-plugin-hackernews.plugin: [TRACE] no DefaultRetryConfig defined - creating empty
2023-03-12 02:36:15.418 UTC [TRACE] steampipe-plugin-hackernews.plugin: [TRACE] no DefaultIgnoreConfig defined - creating empty
2023-03-12 02:36:15.418 UTC [TRACE] steampipe-plugin-hackernews.plugin: [TRACE] apply plugin defaults for DefaultRetryConfig
2023-03-12 02:36:15.418 UTC [TRACE] steampipe-plugin-hackernews.plugin: [TRACE] apply plugin defaults for DefaultIgnoreConfig, table &{<nil> <nil>} plugin &{<nil> <nil>}
2023-03-12 02:36:15.418 UTC [TRACE] steampipe-plugin-hackernews.plugin: [TRACE] DefaultRetryConfig:
2023-03-12 02:36:15.418 UTC [TRACE] steampipe-plugin-hackernews.plugin: [TRACE] DefaultIgnoreConfig:
2023-03-12 02:36:15.418 UTC [TRACE] steampipe-plugin-hackernews.plugin: [TRACE] t.Get.initialise
2023-03-12 02:36:15.418 UTC [TRACE] steampipe-plugin-hackernews.plugin: [TRACE] GetConfig.initialise table hackernews_best
2023-03-12 02:36:15.418 UTC [TRACE] steampipe-plugin-hackernews.plugin: [TRACE] GetConfig.initialise complete: RetryConfig: , IgnoreConfig:
2023-03-12 02:36:15.418 UTC [TRACE] steampipe-plugin-hackernews.plugin: [TRACE] t.List.initialise
2023-03-12 02:36:15.418 UTC [TRACE] steampipe-plugin-hackernews.plugin: [TRACE] ListConfig.initialise table hackernews_best
2023-03-12 02:36:15.418 UTC [TRACE] steampipe-plugin-hackernews.plugin: [TRACE] ListConfig.initialise complete: RetryConfig: , IgnoreConfig
2023-03-12 02:36:15.418 UTC [TRACE] steampipe-plugin-hackernews.plugin: [TRACE] HydrateConfig.initialise func getItem, table hackernews_best
2023-03-12 02:36:15.418 UTC [TRACE] steampipe-plugin-hackernews.plugin: [TRACE] HydrateConfig.initialise complete: RetryConfig: , IgnoreConfig:
2023-03-12 02:36:15.418 UTC [TRACE] steampipe-plugin-hackernews.plugin: [TRACE] back from initialiseHydrateConfigs
2023-03-12 02:36:15.418 UTC [TRACE] steampipe-plugin-hackernews.plugin: [TRACE] initialise table hackernews_best COMPLETE
2023-03-12 02:36:15.418 UTC [TRACE] steampipe-plugin-hackernews.plugin: [TRACE] initialise table hackernews_item
2023-03-12 02:36:15.418 UTC [TRACE] steampipe-plugin-hackernews.plugin: [TRACE] no DefaultRetryConfig defined - creating empty
2023-03-12 02:36:15.418 UTC [TRACE] steampipe-plugin-hackernews.plugin: [TRACE] no DefaultIgnoreConfig defined - creating empty
2023-03-12 02:36:15.418 UTC [TRACE] steampipe-plugin-hackernews.plugin: [TRACE] apply plugin defaults for DefaultRetryConfig
2023-03-12 02:36:15.418 UTC [TRACE] steampipe-plugin-hackernews.plugin: [TRACE] apply plugin defaults for DefaultIgnoreConfig, table &{<nil> <nil>} plugin &{<nil> <nil>}
2023-03-12 02:36:15.418 UTC [TRACE] steampipe-plugin-hackernews.plugin: [TRACE] DefaultRetryConfig:
2023-03-12 02:36:15.418 UTC [TRACE] steampipe-plugin-hackernews.plugin: [TRACE] DefaultIgnoreConfig:
2023-03-12 02:36:15.418 UTC [TRACE] steampipe-plugin-hackernews.plugin: [TRACE] t.Get.initialise
2023-03-12 02:36:15.418 UTC [TRACE] steampipe-plugin-hackernews.plugin: [TRACE] GetConfig.initialise table hackernews_item
2023-03-12 02:36:15.418 UTC [TRACE] steampipe-plugin-hackernews.plugin: [TRACE] GetConfig.initialise complete: RetryConfig: , IgnoreConfig:
2023-03-12 02:36:15.418 UTC [TRACE] steampipe-plugin-hackernews.plugin: [TRACE] t.List.initialise
2023-03-12 02:36:15.418 UTC [TRACE] steampipe-plugin-hackernews.plugin: [TRACE] ListConfig.initialise table hackernews_item
2023-03-12 02:36:15.418 UTC [TRACE] steampipe-plugin-hackernews.plugin: [TRACE] ListConfig.initialise complete: RetryConfig: , IgnoreConfig
2023-03-12 02:36:15.418 UTC [TRACE] steampipe-plugin-hackernews.plugin: [TRACE] HydrateConfig.initialise func getItem, table hackernews_item
2023-03-12 02:36:15.418 UTC [TRACE] steampipe-plugin-hackernews.plugin: [TRACE] HydrateConfig.initialise complete: RetryConfig: , IgnoreConfig:
2023-03-12 02:36:15.418 UTC [TRACE] steampipe-plugin-hackernews.plugin: [TRACE] back from initialiseHydrateConfigs
2023-03-12 02:36:15.418 UTC [TRACE] steampipe-plugin-hackernews.plugin: [TRACE] initialise table hackernews_item COMPLETE
2023-03-12 02:36:15.418 UTC [TRACE] steampipe-plugin-hackernews.plugin: [TRACE] initialise table hackernews_job
2023-03-12 02:36:15.418 UTC [TRACE] steampipe-plugin-hackernews.plugin: [TRACE] no DefaultRetryConfig defined - creating empty
2023-03-12 02:36:15.418 UTC [TRACE] steampipe-plugin-hackernews.plugin: [TRACE] no DefaultIgnoreConfig defined - creating empty
2023-03-12 02:36:15.418 UTC [TRACE] steampipe-plugin-hackernews.plugin: [TRACE] apply plugin defaults for DefaultRetryConfig
2023-03-12 02:36:15.418 UTC [TRACE] steampipe-plugin-hackernews.plugin: [TRACE] apply plugin defaults for DefaultIgnoreConfig, table &{<nil> <nil>} plugin &{<nil> <nil>}
2023-03-12 02:36:15.418 UTC [TRACE] steampipe-plugin-hackernews.plugin: [TRACE] DefaultRetryConfig:
2023-03-12 02:36:15.418 UTC [TRACE] steampipe-plugin-hackernews.plugin: [TRACE] DefaultIgnoreConfig:
2023-03-12 02:36:15.418 UTC [TRACE] steampipe-plugin-hackernews.plugin: [TRACE] t.Get.initialise
2023-03-12 02:36:15.418 UTC [TRACE] steampipe-plugin-hackernews.plugin: [TRACE] GetConfig.initialise table hackernews_job
2023-03-12 02:36:15.418 UTC [TRACE] steampipe-plugin-hackernews.plugin: [TRACE] GetConfig.initialise complete: RetryConfig: , IgnoreConfig:
2023-03-12 02:36:15.418 UTC [TRACE] steampipe-plugin-hackernews.plugin: [TRACE] t.List.initialise
2023-03-12 02:36:15.418 UTC [TRACE] steampipe-plugin-hackernews.plugin: [TRACE] ListConfig.initialise table hackernews_job
2023-03-12 02:36:15.418 UTC [TRACE] steampipe-plugin-hackernews.plugin: [TRACE] ListConfig.initialise complete: RetryConfig: , IgnoreConfig
2023-03-12 02:36:15.418 UTC [TRACE] steampipe-plugin-hackernews.plugin: [TRACE] HydrateConfig.initialise func getItem, table hackernews_job
2023-03-12 02:36:15.418 UTC [TRACE] steampipe-plugin-hackernews.plugin: [TRACE] HydrateConfig.initialise complete: RetryConfig: , IgnoreConfig:
2023-03-12 02:36:15.418 UTC [TRACE] steampipe-plugin-hackernews.plugin: [TRACE] back from initialiseHydrateConfigs
2023-03-12 02:36:15.418 UTC [TRACE] steampipe-plugin-hackernews.plugin: [TRACE] initialise table hackernews_job COMPLETE
2023-03-12 02:36:15.418 UTC [TRACE] steampipe-plugin-hackernews.plugin: [TRACE] initialise table hackernews_new
2023-03-12 02:36:15.418 UTC [TRACE] steampipe-plugin-hackernews.plugin: [TRACE] no DefaultRetryConfig defined - creating empty
2023-03-12 02:36:15.418 UTC [TRACE] steampipe-plugin-hackernews.plugin: [TRACE] no DefaultIgnoreConfig defined - creating empty
2023-03-12 02:36:15.418 UTC [TRACE] steampipe-plugin-hackernews.plugin: [TRACE] apply plugin defaults for DefaultRetryConfig
2023-03-12 02:36:15.418 UTC [TRACE] steampipe-plugin-hackernews.plugin: [TRACE] apply plugin defaults for DefaultIgnoreConfig, table &{<nil> <nil>} plugin &{<nil> <nil>}
2023-03-12 02:36:15.418 UTC [TRACE] steampipe-plugin-hackernews.plugin: [TRACE] DefaultRetryConfig:
2023-03-12 02:36:15.418 UTC [TRACE] steampipe-plugin-hackernews.plugin: [TRACE] DefaultIgnoreConfig:
2023-03-12 02:36:15.418 UTC [TRACE] steampipe-plugin-hackernews.plugin: [TRACE] t.Get.initialise
2023-03-12 02:36:15.418 UTC [TRACE] steampipe-plugin-hackernews.plugin: [TRACE] GetConfig.initialise table hackernews_new
2023-03-12 02:36:15.418 UTC [TRACE] steampipe-plugin-hackernews.plugin: [TRACE] GetConfig.initialise complete: RetryConfig: , IgnoreConfig:
2023-03-12 02:36:15.418 UTC [TRACE] steampipe-plugin-hackernews.plugin: [TRACE] t.List.initialise
2023-03-12 02:36:15.418 UTC [TRACE] steampipe-plugin-hackernews.plugin: [TRACE] ListConfig.initialise table hackernews_new
2023-03-12 02:36:15.418 UTC [TRACE] steampipe-plugin-hackernews.plugin: [TRACE] ListConfig.initialise complete: RetryConfig: , IgnoreConfig
2023-03-12 02:36:15.418 UTC [TRACE] steampipe-plugin-hackernews.plugin: [TRACE] HydrateConfig.initialise func getItem, table hackernews_new
2023-03-12 02:36:15.418 UTC [TRACE] steampipe-plugin-hackernews.plugin: [TRACE] HydrateConfig.initialise complete: RetryConfig: , IgnoreConfig:
2023-03-12 02:36:15.418 UTC [TRACE] steampipe-plugin-hackernews.plugin: [TRACE] back from initialiseHydrateConfigs
2023-03-12 02:36:15.418 UTC [TRACE] steampipe-plugin-hackernews.plugin: [TRACE] initialise table hackernews_new COMPLETE
2023-03-12 02:36:15.418 UTC [TRACE] steampipe-plugin-hackernews.plugin: [TRACE] validate plugin steampipe-plugin-hackernews, required columns []
2023-03-12 02:36:15.418 UTC [TRACE] steampipe-plugin-hackernews.plugin: [TRACE] validate DefaultRetryConfig
2023-03-12 02:36:15.418 UTC [TRACE] steampipe-plugin-hackernews.plugin: [TRACE] validate DefaultIgnoreConfig
2023-03-12 02:36:15.418 UTC [TRACE] steampipe-plugin-hackernews.plugin: [TRACE] validate table names
2023-03-12 02:36:15.418 UTC [TRACE] steampipe-plugin-hackernews.plugin: [TRACE] plugin has 0 validation errors
2023-03-12 02:36:15.418 UTC [TRACE] steampipe-plugin-hackernews.plugin: [TRACE] Plugin ensureCache creating cache, maxCacheStorageMb 0
2023-03-12 02:36:15.418 UTC [TRACE] steampipe-plugin-hackernews.plugin: [TRACE] createCacheStore for plugin 'steampipe-plugin-hackernews' setting max size to 0Mb, Shards: 2, max shard size: 0
2023-03-12 02:36:15.433 UTC [INFO]  steampipe-plugin-hackernews.plugin: [INFO]  query cache created
2023-03-12 02:36:15.433 UTC [DEBUG] steampipe-plugin-hackernews.plugin: [DEBUG] SetAllConnectionConfigs finished
2023-03-12 02:36:15.434 UTC [TRACE] PluginManager getPlugin complete, returning reattach config with PID: 2051
2023-03-12 02:36:15.439 UTC [INFO]  steampipe-plugin-hackernews.plugin: [INFO]  1678588575308: Plugin Execute (1678588575308)
2023-03-12 02:36:15.439 UTC [TRACE] steampipe-plugin-hackernews.plugin: [TRACE] 1678588575308: No memory limit set
2023-03-12 02:36:15.439 UTC [INFO]  steampipe-plugin-hackernews.plugin: [INFO]  1678588575308: Plugin Execute, setting memory limit to -1Mb
2023-03-12 02:36:15.439 UTC [TRACE] steampipe-plugin-hackernews.plugin: [TRACE] 1678588575308: calling ExtractContextFromCarrier
2023-03-12 02:36:15.439 UTC [INFO]  steampipe-plugin-hackernews.plugin: [INFO]  1678588575308: Setting max concurrent connections to 25
2023-03-12 02:36:15.439 UTC [TRACE] steampipe-plugin-hackernews.plugin: [TRACE] 1678588575308: executeForConnection callId: 1678588575308, connectionCallId: hackernews-1678588575308, connection: hackernews table: hackernews_new cols: id,title,time,by,score,dead,deleted,descendants,kids,parent,parts,poll,text,type,url,_ctx
2023-03-12 02:36:15.439 UTC [TRACE] steampipe-plugin-hackernews.plugin: [TRACE] 1678588575308: got connection data
2023-03-12 02:36:15.439 UTC [TRACE] steampipe-plugin-hackernews.plugin: [TRACE] 1678588575308: Got query context, table: hackernews_new, cols: [id title time by score dead deleted descendants kids parent parts poll text type url _ctx]
2023-03-12 02:36:15.439 UTC [TRACE] steampipe-plugin-hackernews.plugin: [TRACE] 1678588575308: Start execute span
2023-03-12 02:36:15.439 UTC [INFO]  steampipe-plugin-hackernews.plugin: [INFO]  1678588575308: Setting free memory interval to 100 rows
2023-03-12 02:36:15.439 UTC [TRACE] steampipe-plugin-hackernews.plugin: [TRACE] 1678588575308: setFetchType map[time:quals:{fieldName:"time"  string_value:">"  value:{timestamp_value:{seconds:1678584975  nanos:314250000}}}]
2023-03-12 02:36:15.439 UTC [TRACE] steampipe-plugin-hackernews.plugin: [TRACE] 1678588575308: getMatchingQuals column:'id' operator: =
2023-03-12 02:36:15.439 UTC [TRACE] steampipe-plugin-hackernews.plugin: [TRACE] 1678588575308: getMatchingQuals returning false - qualMap does not contain any quals for column id
2023-03-12 02:36:15.440 UTC [TRACE] steampipe-plugin-hackernews.plugin: [TRACE] 1678588575308: GetUnsatisfiedKeyColumns for columns column:'id' operator: =
2023-03-12 02:36:15.440 UTC [TRACE] steampipe-plugin-hackernews.plugin: [TRACE] 1678588575308: key column NOT satisfied column:'id' operator: =
2023-03-12 02:36:15.440 UTC [TRACE] steampipe-plugin-hackernews.plugin: [TRACE] 1678588575308: satisfied: map[any_of: optional: required:]
2023-03-12 02:36:15.441 UTC [TRACE] steampipe-plugin-hackernews.plugin: [TRACE] 1678588575308: unsatisfied: map[any_of: optional: required:column:'id' operator: =]
2023-03-12 02:36:15.441 UTC [TRACE] steampipe-plugin-hackernews.plugin: [TRACE] 1678588575308: unsatisfied required KeyColumns: column:'id' operator: =
2023-03-12 02:36:15.441 UTC [TRACE] steampipe-plugin-hackernews.plugin: [TRACE] 1678588575308: Set fetchType to fetchTypeList
2023-03-12 02:36:15.441 UTC [TRACE] steampipe-plugin-hackernews.plugin: [TRACE] 1678588575308: Equals key column quals:
2023-03-12 02:36:15.442 UTC [DEBUG] steampipe-plugin-hackernews.plugin: {}
2023-03-12 02:36:15.442 UTC [TRACE] steampipe-plugin-hackernews.plugin: [TRACE] 1678588575308: All key column quals:
2023-03-12 02:36:15.442 UTC [DEBUG] steampipe-plugin-hackernews.plugin: {}
2023-03-12 02:36:15.442 UTC [TRACE] steampipe-plugin-hackernews.plugin: [TRACE] 1678588575308: GetMatrixItem
2023-03-12 02:36:15.442 UTC [TRACE] steampipe-plugin-hackernews.plugin: [TRACE] 1678588575308: creating query data
2023-03-12 02:36:15.442 UTC [INFO]  steampipe-plugin-hackernews.plugin: [INFO]  1678588575308: cacheEnabled, trying cache get (hackernews-1678588575308)
2023-03-12 02:36:15.442 UTC [TRACE] steampipe-plugin-hackernews.plugin: [TRACE] 1678588575308: QueryCache Get - indexBucketKey index__hackernewshackernews_new, quals
2023-03-12 02:36:15.442 UTC [TRACE] steampipe-plugin-hackernews.plugin: [TRACE] 1678588575308: QueryCache getCachedQueryResult - table hackernews_new, connectionName hackernews
2023-03-12 02:36:15.442 UTC [TRACE] steampipe-plugin-hackernews.plugin: [TRACE] 1678588575308: index bucket key: index__hackernewshackernews_new ttlSeconds 300 limit: -1
2023-03-12 02:36:15.442 UTC [TRACE] steampipe-plugin-hackernews.plugin: [TRACE] 1678588575308: doGet cache miss
2023-03-12 02:36:15.442 UTC [TRACE] steampipe-plugin-hackernews.plugin: [TRACE] 1678588575308: getCachedIndexBucket - no item retrieved for cache key index__hackernewshackernews_new
2023-03-12 02:36:15.442 UTC [TRACE] steampipe-plugin-hackernews.plugin: [TRACE] 1678588575308: getCachedQueryResult returned CACHE MISS - checking for pending transfers
2023-03-12 02:36:15.442 UTC [TRACE] steampipe-plugin-hackernews.plugin: [TRACE] 1678588575308: getPendingResultItem indexBucketKey index__hackernewshackernews_new, columns [id title time by score dead deleted descendants kids parent parts poll text type url _ctx], limit -1
2023-03-12 02:36:15.442 UTC [TRACE] steampipe-plugin-hackernews.plugin: [TRACE] 1678588575308: no pending index item - add pending result, indexBucketKey index__hackernewshackernews_new
2023-03-12 02:36:15.442 UTC [TRACE] steampipe-plugin-hackernews.plugin: [TRACE] 1678588575308: addPendingResult (hackernews-1678588575308) indexBucketKey index__hackernewshackernews_new, columns [id title time by score dead deleted descendants kids parent parts poll text type url _ctx], limit -1
2023-03-12 02:36:15.442 UTC [TRACE] steampipe-plugin-hackernews.plugin: [TRACE] 1678588575308: no index bucket found - creating one
2023-03-12 02:36:15.442 UTC [TRACE] steampipe-plugin-hackernews.plugin: [TRACE] 1678588575308: pendingIndexItem Lock count before 0
2023-03-12 02:36:15.442 UTC [TRACE] steampipe-plugin-hackernews.plugin: [TRACE] 1678588575308: addPendingResult added pending index item to bucket, (hackernews-1678588575308) indexBucketKey index__hackernewshackernews_new, resultKeyRoot hackernewshackernews_newid,title,time,by,score,dead,deleted,descendants,kids,parent,parts,poll,text,type,url,_ctx-1, pending item : 0xc0003b98c0
2023-03-12 02:36:15.442 UTC [TRACE] steampipe-plugin-hackernews.plugin: [TRACE] 1678588575308: **** pending items (hackernews-1678588575308)****
2023-03-12 02:36:15.442 UTC [TRACE] steampipe-plugin-hackernews.plugin: [TRACE] 1678588575308: key: index__hackernewshackernews_new: item: 0xc0003b98c0, count: 1, key:hackernewshackernews_newid,title,time,by,score,dead,deleted,descendants,kids,parent,parts,poll,text,type,url,_ctx-1
2023-03-12 02:36:15.442 UTC [TRACE] steampipe-plugin-hackernews.plugin: [TRACE] 1678588575308: ********
2023-03-12 02:36:15.442 UTC [TRACE] steampipe-plugin-hackernews.plugin: [TRACE] 1678588575308: getPendingResultItem returning <nil>
2023-03-12 02:36:15.442 UTC [INFO]  steampipe-plugin-hackernews.plugin: [INFO]  1678588575308: CACHE MISS
2023-03-12 02:36:15.442 UTC [TRACE] steampipe-plugin-hackernews.plugin: [TRACE] 1678588575308: cache MISS
2023-03-12 02:36:15.442 UTC [INFO]  steampipe-plugin-hackernews.plugin: [INFO]  1678588575308: queryCacheGet returned CACHE MISS (hackernews-1678588575308)
2023-03-12 02:36:15.442 UTC [TRACE] steampipe-plugin-hackernews.plugin: [TRACE] 1678588575308: StartSet (hackernews-1678588575308)
2023-03-12 02:36:15.442 UTC [TRACE] steampipe-plugin-hackernews.plugin: [TRACE] 1678588575308: calling fetchItems, table: hackernews_new, matrixItem: [], limit: -1,  connectionCallId: hackernews-1678588575308"
2023-03-12 02:36:15.442 UTC [TRACE] steampipe-plugin-hackernews.plugin: [TRACE] 1678588575308: buildRowsAsync connectionCallId: hackernews-1678588575308
2023-03-12 02:36:15.442 UTC [TRACE] steampipe-plugin-hackernews.plugin: [TRACE] 1678588575308: streamRows connectionCallId: hackernews-1678588575308
2023-03-12 02:36:15.442 UTC [TRACE] steampipe-plugin-hackernews.plugin: [TRACE] 1678588575308: QueryData streamRows (hackernews-1678588575308)
2023-03-12 02:36:15.442 UTC [TRACE] steampipe-plugin-hackernews.plugin: [TRACE] 1678588575308: executeListCall START (hackernews-1678588575308)
2023-03-12 02:36:15.442 UTC [TRACE] steampipe-plugin-hackernews.plugin: [TRACE] 1678588575308: GetUnsatisfiedKeyColumns for columns
2023-03-12 02:36:15.442 UTC [TRACE] steampipe-plugin-hackernews.plugin: [TRACE] 1678588575308: doList (hackernews-1678588575308)
2023-03-12 02:36:15.442 UTC [TRACE] steampipe-plugin-hackernews.plugin: [TRACE] 1678588575308: doList: no matrix item
2023-03-12 02:36:15.648 UTC [TRACE] steampipe-plugin-hackernews.plugin: [TRACE] 1678588575308: QueryData.fetchComplete
2023-03-12 02:36:15.648 UTC [TRACE] steampipe-plugin-hackernews.plugin: [TRACE] 1678588575308: executeListCall COMPLETE (hackernews-1678588575308)
2023-03-12 02:36:15.648 UTC [TRACE] steampipe-plugin-hackernews.plugin: [TRACE] 1678588575308: rowData chan returned nil - wait for rows to complete (hackernews-1678588575308)
2023-03-12 02:36:15.657 UTC [TRACE] stdio: received data: channel=STDOUT len=19
2023-03-12 02:36:15.657 UTC [TRACE] stdio: waiting for stdio data
2023-03-12 02:36:15.795 UTC [TRACE] stdio: received data: channel=STDOUT len=63
2023-03-12 02:36:15.795 UTC [TRACE] stdio: waiting for stdio data
2023-03-12 02:36:15.808 UTC [TRACE] stdio: received data: channel=STDOUT len=435
2023-03-12 02:36:15.808 UTC [TRACE] stdio: waiting for stdio data
2023-03-12 02:36:15.823 UTC [TRACE] stdio: received data: channel=STDOUT len=156
2023-03-12 02:36:15.823 UTC [TRACE] stdio: waiting for stdio data
2023-03-12 02:36:15.842 UTC [TRACE] stdio: received data: channel=STDOUT len=1024
2023-03-12 02:36:15.842 UTC [TRACE] stdio: waiting for stdio data
2023-03-12 02:36:15.868 UTC [TRACE] stdio: received data: channel=STDOUT len=118
2023-03-12 02:36:15.868 UTC [TRACE] stdio: waiting for stdio data
2023-03-12 02:36:15.946 UTC [TRACE] stdio: received data: channel=STDOUT len=311
2023-03-12 02:36:15.946 UTC [TRACE] stdio: waiting for stdio data
2023-03-12 02:36:15.960 UTC [TRACE] stdio: received data: channel=STDOUT len=1003
2023-03-12 02:36:15.960 UTC [TRACE] stdio: waiting for stdio data
2023-03-12 02:36:16.049 UTC [TRACE] stdio: received data: channel=STDOUT len=1024
2023-03-12 02:36:16.049 UTC [TRACE] stdio: waiting for stdio data
2023-03-12 02:36:16.057 UTC [TRACE] steampipe-plugin-hackernews.plugin: [TRACE] 1678588575308: buildRowsAsync goroutine returning (hackernews-1678588575308)
2023-03-12 02:36:16.057 UTC [TRACE] stdio: received data: channel=STDOUT len=18
2023-03-12 02:36:16.057 UTC [TRACE] stdio: waiting for stdio data
2023-03-12 02:36:16.058 UTC [TRACE] steampipe-plugin-hackernews.plugin: [TRACE] 1678588575308: streamRows - nil row, stop streaming (hackernews-1678588575308)
2023-03-12 02:36:16.058 UTC [TRACE] steampipe-plugin-hackernews.plugin: [TRACE] 1678588575308: ------------------------------------
2023-03-12 02:36:16.058 UTC [TRACE] steampipe-plugin-hackernews.plugin: [TRACE] 1678588575308: Concurrency Summary
2023-03-12 02:36:16.058 UTC [TRACE] steampipe-plugin-hackernews.plugin: [TRACE] 1678588575308: ------------------------------------
2023-03-12 02:36:16.058 UTC [TRACE] steampipe-plugin-hackernews.plugin: [TRACE] 1678588575308: getItem                       : 200
2023-03-12 02:36:16.058 UTC [TRACE] steampipe-plugin-hackernews.plugin: [TRACE] 1678588575308: ------------------------------------
2023-03-12 02:36:16.058 UTC [TRACE] steampipe-plugin-hackernews.plugin: [TRACE] 1678588575308: Total                         : 200
2023-03-12 02:36:16.058 UTC [TRACE] steampipe-plugin-hackernews.plugin: [TRACE] 1678588575308: ------------------------------------
2023-03-12 02:36:16.058 UTC [TRACE] steampipe-plugin-hackernews.plugin: [TRACE] 1678588575308: QueryData streamRows DONE (hackernews-1678588575308)
2023-03-12 02:36:16.058 UTC [TRACE] steampipe-plugin-hackernews.plugin: [TRACE] 1678588575308: EndSet (hackernews-1678588575308) table hackernews_new
2023-03-12 02:36:16.058 UTC [TRACE] steampipe-plugin-hackernews.plugin: [TRACE] 1678588575308: QueryCache writePageToCache: 500 rows, pageCount 1, page key hackernewshackernews_newid,title,time,by,score,dead,deleted,descendants,kids,parent,parts,poll,text,type,url,_ctx-1-0
2023-03-12 02:36:16.066 UTC [TRACE] steampipe-plugin-hackernews.plugin: [TRACE] 1678588575308: writePageToCache Set - result written
2023-03-12 02:36:16.067 UTC [TRACE] steampipe-plugin-hackernews.plugin: [TRACE] 1678588575308: QueryCache EndSet - result written
2023-03-12 02:36:16.067 UTC [TRACE] steampipe-plugin-hackernews.plugin: [TRACE] 1678588575308: doGet cache miss
2023-03-12 02:36:16.067 UTC [TRACE] steampipe-plugin-hackernews.plugin: [TRACE] 1678588575308: getCachedIndexBucket - no item retrieved for cache key index__hackernewshackernews_new
2023-03-12 02:36:16.067 UTC [TRACE] steampipe-plugin-hackernews.plugin: [TRACE] 1678588575308: getCachedIndexBucket returned cache miss
2023-03-12 02:36:16.067 UTC [TRACE] steampipe-plugin-hackernews.plugin: [TRACE] 1678588575308: QueryCache EndSet - Added index item (0xc0149f1500) to bucket (0xc01afb1800), page count 1,  key root hackernewshackernews_newid,title,time,by,score,dead,deleted,descendants,kids,parent,parts,poll,text,type,url,_ctx-1
2023-03-12 02:36:16.067 UTC [TRACE] steampipe-plugin-hackernews.plugin: [TRACE] 1678588575308: cacheSetIndexBucket index__hackernewshackernews_new
2023-03-12 02:36:16.067 UTC [TRACE] steampipe-plugin-hackernews.plugin: [TRACE] 1678588575308: QueryCache EndSet - IndexBucket written
2023-03-12 02:36:16.067 UTC [TRACE] steampipe-plugin-hackernews.plugin: [TRACE] 1678588575308: EndSet DEFER (hackernews-1678588575308) table hackernews_new
2023-03-12 02:36:16.067 UTC [TRACE] steampipe-plugin-hackernews.plugin: [TRACE] 1678588575308: calling pendingItemComplete (hackernews-1678588575308)
2023-03-12 02:36:16.067 UTC [TRACE] steampipe-plugin-hackernews.plugin: [TRACE] 1678588575308: pendingItemComplete (hackernews-1678588575308) indexBucketKey index__hackernewshackernews_new, columns [id title time by score dead deleted descendants kids parent parts poll text type url _ctx], limit -1
2023-03-12 02:36:16.067 UTC [TRACE] steampipe-plugin-hackernews.plugin: [TRACE] 1678588575308: got pending index bucket, (hackernews-1678588575308) len 1
2023-03-12 02:36:16.067 UTC [TRACE] steampipe-plugin-hackernews.plugin: [TRACE] 1678588575308: SatisfiesLimit limit -1, no item limit - satisfied
2023-03-12 02:36:16.067 UTC [TRACE] steampipe-plugin-hackernews.plugin: [TRACE] 1678588575308: found pending index item to satisfy columns id,title,time,by,score,dead,deleted,descendants,kids,parent,parts,poll,text,type,url,_ctx, limit -1
2023-03-12 02:36:16.067 UTC [TRACE] steampipe-plugin-hackernews.plugin: [TRACE] 1678588575308: found completed pending item (hackernews-1678588575308) 0xc0003b98c0, key hackernewshackernews_newid,title,time,by,score,dead,deleted,descendants,kids,parent,parts,poll,text,type,url,_ctx-1 - removing from map as it is complete
2023-03-12 02:36:16.067 UTC [TRACE] steampipe-plugin-hackernews.plugin: [TRACE] 1678588575308: pendingIndexItem Unlock count before 1 key hackernewshackernews_newid,title,time,by,score,dead,deleted,descendants,kids,parent,parts,poll,text,type,url,_ctx-1
2023-03-12 02:36:16.067 UTC [TRACE] steampipe-plugin-hackernews.plugin: [TRACE] 1678588575308: deleted from pending, (hackernews-1678588575308) len 0
2023-03-12 02:36:16.067 UTC [TRACE] steampipe-plugin-hackernews.plugin: [TRACE] 1678588575308: pending bucket now empty - deleting key index__hackernewshackernews_new
2023-03-12 02:36:16.067 UTC [TRACE] steampipe-plugin-hackernews.plugin: [TRACE] 1678588575308: pendingItemComplete done (hackernews-1678588575308)
2023-03-12 02:36:16.067 UTC [TRACE] steampipe-plugin-hackernews.plugin: [TRACE] 1678588575308: cache set succeeded
2023-03-12 02:36:16.067 UTC [TRACE] steampipe-plugin-hackernews.plugin: [TRACE] 1678588575308: End execute span
2023-03-12 02:36:16.067 UTC [TRACE] steampipe-plugin-hackernews.plugin: [TRACE] 1678588575308: executeForConnection DEFER (hackernews-1678588575308)
2023-03-12 02:36:16.067 UTC [TRACE] steampipe-plugin-hackernews.plugin: [TRACE] 1678588575308: Execute complete callId: hackernews-1678588575308 table: hackernews_new
2023-03-12 02:36:16.067 UTC [TRACE] steampipe-plugin-hackernews.plugin: [TRACE] 1678588575308: executeForConnection hackernews returned
2023-03-12 02:36:16.067 UTC [TRACE] steampipe-plugin-hackernews.plugin: [TRACE] 1678588575308: output wg complete - send nil row
2023-03-12 02:36:16.067 UTC [TRACE] steampipe-plugin-hackernews.plugin: [TRACE] 1678588575308: empty row on output channel - we are done
2023-03-12 02:36:16.067 UTC [INFO]  steampipe-plugin-hackernews.plugin: [INFO]  1678588575308: Plugin Execute complete (1678588575308)
2023-03-12 02:36:16.083 UTC [INFO]  PluginManager Shutdown
2023-03-12 02:36:16.083 UTC [INFO]  PluginManager killing plugin csv (2026)
2023-03-12 02:36:16.083 UTC [DEBUG] stdio: received EOF, stopping recv loop: err="rpc error: code = Unavailable desc = error reading from server: EOF"
2023-03-12 02:36:16.083 UTC [TRACE] receive error for connection 'csv': rpc error: code = Unavailable desc = error reading from server: EOF
2023-03-12 02:36:16.083 UTC [TRACE] cache listener received EOF for connection 'csv', returning
2023-03-12 02:36:16.083 UTC [TRACE] steampipe-plugin-csv.plugin: [TRACE] FLUSHING instrumentation
2023-03-12 02:36:16.083 UTC [TRACE] steampipe-plugin-csv.plugin: [TRACE] Shutdown instrumentation
2023-03-12 02:36:16.102 UTC [TRACE] steampipe-plugin-csv.plugin: [TRACE] file watcher event [no events]   ""
2023-03-12 02:36:16.102 UTC [TRACE] steampipe-plugin-csv.plugin: [TRACE] file watcher event [no events]   ""
2023-03-12 02:36:16.102 UTC [TRACE] steampipe-plugin-csv.plugin: [TRACE] ignore file change [no events]   ""
2023-03-12 02:36:16.102 UTC [TRACE] steampipe-plugin-csv.plugin: [TRACE] handleEvent error <nil>
2023-03-12 02:36:16.102 UTC [TRACE] steampipe-plugin-csv.plugin: [TRACE] file watcher event [no events]   ""
2023-03-12 02:36:16.102 UTC [TRACE] steampipe-plugin-csv.plugin: [TRACE] file watcher event [no events]   ""
2023-03-12 02:36:16.102 UTC [TRACE] steampipe-plugin-csv.plugin: [TRACE] ignore file change [no events]   ""
2023-03-12 02:36:16.102 UTC [TRACE] steampipe-plugin-csv.plugin: [TRACE] handleEvent error <nil>
2023-03-12 02:36:16.102 UTC [TRACE] steampipe-plugin-csv.plugin: [TRACE] file watcher event [no events]   ""
2023-03-12 02:36:16.102 UTC [TRACE] steampipe-plugin-csv.plugin: [TRACE] file watcher event [no events]   ""
2023-03-12 02:36:16.102 UTC [TRACE] steampipe-plugin-csv.plugin: [TRACE] ignore file change [no events]   ""
2023-03-12 02:36:16.102 UTC [TRACE] steampipe-plugin-csv.plugin: [TRACE] handleEvent error <nil>
2023-03-12 02:36:16.102 UTC [TRACE] steampipe-plugin-csv.plugin: [TRACE] file watcher event [no events]   ""
2023-03-12 02:36:16.102 UTC [TRACE] steampipe-plugin-csv.plugin: [TRACE] file watcher event [no events]   ""
2023-03-12 02:36:16.102 UTC [TRACE] steampipe-plugin-csv.plugin: [TRACE] ignore file change [no events]   ""
2023-03-12 02:36:16.102 UTC [TRACE] steampipe-plugin-csv.plugin: [TRACE] handleEvent error <nil>
2023-03-12 02:36:16.102 UTC [TRACE] steampipe-plugin-csv.plugin: [TRACE] file watcher event [no events]   ""
2023-03-12 02:36:16.102 UTC [TRACE] steampipe-plugin-csv.plugin: [TRACE] file watcher event [no events]   ""
2023-03-12 02:36:16.102 UTC [TRACE] steampipe-plugin-csv.plugin: [TRACE] ignore file change [no events]   ""
2023-03-12 02:36:16.102 UTC [TRACE] steampipe-plugin-csv.plugin: [TRACE] handleEvent error <nil>
2023-03-12 02:36:16.103 UTC [INFO]  plugin process exited: path=/home/runner/.steampipe/plugins/hub.steampipe.io/plugins/turbot/csv@latest/steampipe-plugin-csv.plugin pid=2026
2023-03-12 02:36:16.103 UTC [DEBUG] plugin exited
2023-03-12 02:36:16.103 UTC [INFO]  PluginManager killing plugin hackernews (2051)
2023-03-12 02:36:16.104 UTC [TRACE] steampipe-plugin-hackernews.plugin: [TRACE] 1678588575308: FLUSHING instrumentation
2023-03-12 02:36:16.104 UTC [TRACE] steampipe-plugin-hackernews.plugin: [TRACE] 1678588575308: Shutdown instrumentation
2023-03-12 02:36:16.104 UTC [DEBUG] stdio: received EOF, stopping recv loop: err="rpc error: code = Unavailable desc = error reading from server: EOF"
2023-03-12 02:36:16.106 UTC [INFO]  plugin process exited: path=/home/runner/.steampipe/plugins/hub.steampipe.io/plugins/turbot/hackernews@latest/steampipe-plugin-hackernews.plugin pid=2051
2023-03-12 02:36:16.106 UTC [DEBUG] plugin exited
2023-03-12 02:40:10.653 UTC [ERROR] steampipe-plugin-csv.plugin: [ERROR] csv.tableCSV: header_parse_error=EOF path=/home/runner/work/steampipe-samples/steampipe-samples/all/hackernews/new_sc.csv header=[]
2023-03-12 02:40:10.653 UTC [ERROR] steampipe-plugin-csv.plugin: [ERROR] csv.PluginTables: create_table_error="failed to parse file header /home/runner/work/steampipe-samples/steampipe-samples/all/hackernews/new_sc.csv: EOF" path=/home/runner/work/steampipe-samples/steampipe-samples/all/hackernews/new_sc.csv
2023-03-12 02:40:10.668 UTC [WARN]  failed to set connection config: failed to parse file header /home/runner/work/steampipe-samples/steampipe-samples/all/hackernews/new_sc.csv: EOF
2023-03-12 02:40:22.095 UTC [ERROR] steampipe-plugin-csv.plugin: [ERROR] csv.tableCSV: header_parse_error=EOF path=/home/runner/work/steampipe-samples/steampipe-samples/all/hackernews/hn_items_all.csv header=[]
2023-03-12 02:40:22.095 UTC [ERROR] steampipe-plugin-csv.plugin: [ERROR] csv.PluginTables: create_table_error="failed to parse file header /home/runner/work/steampipe-samples/steampipe-samples/all/hackernews/hn_items_all.csv: EOF" path=/home/runner/work/steampipe-samples/steampipe-samples/all/hackernews/hn_items_all.csv
2023-03-12 02:40:22.110 UTC [WARN]  failed to set connection config: failed to parse file header /home/runner/work/steampipe-samples/steampipe-samples/all/hackernews/hn_items_all.csv: EOF
