2022-07-17 05:32:56.355 UTC [INFO]  starting plugin manager
2022-07-17 05:32:56.355 UTC [TRACE] loaded config map: hackernews,net,csv
2022-07-17 05:32:56.355 UTC [INFO]  starting connection watcher
2022-07-17 05:32:56.355 UTC [INFO]  created ConnectionWatcher
2022-07-17 05:32:56.355 UTC [TRACE] about to serve
2022-07-17 05:32:56.419 UTC [TRACE] PluginManager Get, connections: '[csv]'
2022-07-17 05:32:56.420 UTC [TRACE] PluginManager getPlugin connection 'csv'
2022-07-17 05:32:56.420 UTC [TRACE] PluginManager 0xc0005e04b0 'csv' NOT found in map  - starting
2022-07-17 05:32:56.420 UTC [TRACE] ************ start plugin csv ********************
2022-07-17 05:32:56.420 UTC [DEBUG] starting plugin: path=/home/runner/.steampipe/plugins/hub.steampipe.io/plugins/turbot/csv@latest/steampipe-plugin-csv.plugin args=["/home/runner/.steampipe/plugins/hub.steampipe.io/plugins/turbot/csv@latest/steampipe-plugin-csv.plugin"]
2022-07-17 05:32:56.420 UTC [DEBUG] plugin started: path=/home/runner/.steampipe/plugins/hub.steampipe.io/plugins/turbot/csv@latest/steampipe-plugin-csv.plugin pid=1898
2022-07-17 05:32:56.420 UTC [DEBUG] waiting for RPC address: path=/home/runner/.steampipe/plugins/hub.steampipe.io/plugins/turbot/csv@latest/steampipe-plugin-csv.plugin
2022-07-17 05:32:56.426 UTC [DEBUG] steampipe-plugin-csv.plugin: 2022/07/17 05:32:56 [TRACE] Plugin Initialise creating connection manager
2022-07-17 05:32:56.429 UTC [TRACE] steampipe-plugin-csv.plugin: [TRACE] Setting Ulimit: ulimit=2560
2022-07-17 05:32:56.430 UTC [DEBUG] steampipe-plugin-csv.plugin: plugin address: address=/tmp/plugin1652909672 network=unix timestamp=2022-07-17T05:32:56.429Z
2022-07-17 05:32:56.430 UTC [DEBUG] using plugin: version=0
2022-07-17 05:32:56.430 UTC [TRACE] PluginManager getPlugin complete, returning reattach config with PID: 1898
2022-07-17 05:32:56.430 UTC [TRACE] PluginManager Get returning reattach_map:{key:"csv"  value:{protocol:"grpc"  addr:{Network:"unix"  Address:"/tmp/plugin1652909672"}  pid:1898}}
2022-07-17 05:32:56.439 UTC [TRACE] steampipe-plugin-csv.plugin: [TRACE] validate plugin steampipe-plugin-csv, required columns []
2022-07-17 05:32:56.439 UTC [INFO]  steampipe-plugin-csv.plugin: [INFO]  query cache created
2022-07-17 05:32:56.439 UTC [DEBUG] steampipe-plugin-csv.plugin: [DEBUG] SetConnectionConfig finished
2022-07-17 05:32:56.442 UTC [TRACE] PluginManager Get, connections: '[]'
2022-07-17 05:32:56.442 UTC [TRACE] PluginManager Get returning
2022-07-17 05:32:56.458 UTC [TRACE] handleFileWatcherEvent ignoring first event
2022-07-17 05:32:56.517 UTC [TRACE] PluginManager Get, connections: '[csv]'
2022-07-17 05:32:56.517 UTC [TRACE] PluginManager getPlugin connection 'csv'
2022-07-17 05:32:56.517 UTC [TRACE] initialized: 1898
2022-07-17 05:32:56.517 UTC [TRACE] connection csv is loaded, check for running PID
2022-07-17 05:32:56.518 UTC [TRACE] PluginManager found 'csv' in map, pid 1898, reattach protocol:"grpc"  addr:{Network:"unix"  Address:"/tmp/plugin1652909672"}  pid:1898
2022-07-17 05:32:56.518 UTC [TRACE] PluginManager Get returning reattach_map:{key:"csv"  value:{protocol:"grpc"  addr:{Network:"unix"  Address:"/tmp/plugin1652909672"}  pid:1898}}
2022-07-17 05:32:56.709 UTC [TRACE] PluginManager Get, connections: '[hackernews]'
2022-07-17 05:32:56.709 UTC [TRACE] PluginManager getPlugin connection 'hackernews'
2022-07-17 05:32:56.709 UTC [TRACE] PluginManager 0xc0005e04b0 'hackernews' NOT found in map  - starting
2022-07-17 05:32:56.709 UTC [TRACE] ************ start plugin hackernews ********************
2022-07-17 05:32:56.709 UTC [DEBUG] starting plugin: path=/home/runner/.steampipe/plugins/hub.steampipe.io/plugins/turbot/hackernews@latest/steampipe-plugin-hackernews.plugin args=["/home/runner/.steampipe/plugins/hub.steampipe.io/plugins/turbot/hackernews@latest/steampipe-plugin-hackernews.plugin"]
2022-07-17 05:32:56.709 UTC [DEBUG] plugin started: path=/home/runner/.steampipe/plugins/hub.steampipe.io/plugins/turbot/hackernews@latest/steampipe-plugin-hackernews.plugin pid=1923
2022-07-17 05:32:56.709 UTC [DEBUG] waiting for RPC address: path=/home/runner/.steampipe/plugins/hub.steampipe.io/plugins/turbot/hackernews@latest/steampipe-plugin-hackernews.plugin
2022-07-17 05:32:56.714 UTC [DEBUG] steampipe-plugin-hackernews.plugin: 2022/07/17 05:32:56 [TRACE] Plugin Initialise creating connection manager
2022-07-17 05:32:56.719 UTC [TRACE] steampipe-plugin-hackernews.plugin: [TRACE] Setting Ulimit: ulimit=2560
2022-07-17 05:32:56.719 UTC [DEBUG] steampipe-plugin-hackernews.plugin: plugin address: address=/tmp/plugin2417351401 network=unix timestamp=2022-07-17T05:32:56.719Z
2022-07-17 05:32:56.719 UTC [DEBUG] using plugin: version=0
2022-07-17 05:32:56.719 UTC [TRACE] PluginManager getPlugin complete, returning reattach config with PID: 1923
2022-07-17 05:32:56.719 UTC [TRACE] PluginManager Get returning reattach_map:{key:"hackernews"  value:{protocol:"grpc"  addr:{Network:"unix"  Address:"/tmp/plugin2417351401"}  pid:1923}}
2022-07-17 05:32:56.720 UTC [TRACE] steampipe-plugin-hackernews.plugin: [TRACE] validate plugin steampipe-plugin-hackernews, required columns []
2022-07-17 05:32:56.722 UTC [INFO]  steampipe-plugin-hackernews.plugin: [INFO]  query cache created
2022-07-17 05:32:56.722 UTC [DEBUG] steampipe-plugin-hackernews.plugin: [DEBUG] SetConnectionConfig finished
2022-07-17 05:32:56.724 UTC [TRACE] steampipe-plugin-hackernews.plugin: [TRACE] EXECUTE callId: 1658035976114 table: hackernews_new cols: id,title,time,by,score,dead,deleted,descendants,kids,parent,parts,poll,text,type,url,_ctx
2022-07-17 05:32:56.724 UTC [TRACE] steampipe-plugin-hackernews.plugin: [TRACE] 1658035976114: Execute : connection=hackernews table=hackernews_new
2022-07-17 05:32:56.724 UTC [TRACE] steampipe-plugin-hackernews.plugin: [TRACE] 1658035976114: Got query context: table=hackernews_new cols=[id, title, time, by, score, dead, deleted, descendants, kids, parent, parts, poll, text, type, url, _ctx]
2022-07-17 05:32:56.725 UTC [TRACE] steampipe-plugin-hackernews.plugin: [TRACE] 1658035976114: setFetchType map[time:quals:{fieldName:"time"  string_value:">"  value:{timestamp_value:{seconds:1658032376  nanos:692418000}}}]
2022-07-17 05:32:56.725 UTC [TRACE] steampipe-plugin-hackernews.plugin: [TRACE] 1658035976114: getMatchingQuals column:'id' operator: =
2022-07-17 05:32:56.725 UTC [TRACE] steampipe-plugin-hackernews.plugin: [TRACE] 1658035976114: getMatchingQuals returning false - qualMap does not contain any quals for column id
2022-07-17 05:32:56.726 UTC [TRACE] steampipe-plugin-hackernews.plugin: [TRACE] 1658035976114: GetUnsatisfiedKeyColumns for columns column:'id' operator: =
2022-07-17 05:32:56.727 UTC [TRACE] steampipe-plugin-hackernews.plugin: [TRACE] 1658035976114: key column NOT satisfied column:'id' operator: =
2022-07-17 05:32:56.727 UTC [TRACE] steampipe-plugin-hackernews.plugin: [TRACE] 1658035976114: satisfied: map[any_of: optional: required:]
2022-07-17 05:32:56.727 UTC [TRACE] steampipe-plugin-hackernews.plugin: [TRACE] 1658035976114: unsatisfied: map[any_of: optional: required:column:'id' operator: =]
2022-07-17 05:32:56.728 UTC [TRACE] steampipe-plugin-hackernews.plugin: [TRACE] 1658035976114: unsatisfied required KeyColumns: column:'id' operator: =
2022-07-17 05:32:56.728 UTC [TRACE] steampipe-plugin-hackernews.plugin: [TRACE] 1658035976114: Set fetchType to fetchTypeList
2022-07-17 05:32:56.728 UTC [TRACE] steampipe-plugin-hackernews.plugin: [TRACE] 1658035976114: Equals key column quals:
2022-07-17 05:32:56.728 UTC [DEBUG] steampipe-plugin-hackernews.plugin: {}
2022-07-17 05:32:56.728 UTC [TRACE] steampipe-plugin-hackernews.plugin: [TRACE] 1658035976114: All key column quals:
2022-07-17 05:32:56.728 UTC [DEBUG] steampipe-plugin-hackernews.plugin: {}
2022-07-17 05:32:56.728 UTC [TRACE] steampipe-plugin-hackernews.plugin: [TRACE] 1658035976114: calling fetchItems: table=hackernews_new matrixItem=[] limit=<nil>
2022-07-17 05:32:56.728 UTC [TRACE] steampipe-plugin-hackernews.plugin: [TRACE] 1658035976114: Cache ENABLED callId: 1658035976114
2022-07-17 05:32:56.728 UTC [TRACE] steampipe-plugin-hackernews.plugin: [TRACE] 1658035976114: QueryCache Get - indexBucketKey index__hackernewshackernews_new, quals
2022-07-17 05:32:56.728 UTC [TRACE] steampipe-plugin-hackernews.plugin: [TRACE] 1658035976114: buildCacheQualMap col time, quals quals:{fieldName:"time"  string_value:">"  value:{timestamp_value:{seconds:1658032376  nanos:692418000}}}
2022-07-17 05:32:56.728 UTC [TRACE] steampipe-plugin-hackernews.plugin: [TRACE] 1658035976114: EXCLUDING COLUMN
2022-07-17 05:32:56.728 UTC [TRACE] steampipe-plugin-hackernews.plugin: [TRACE] 1658035976114: QueryCache getCachedResult - index bucket key: index__hackernewshackernews_new ttlSeconds 300
2022-07-17 05:32:56.728 UTC [TRACE] steampipe-plugin-hackernews.plugin: [TRACE] 1658035976114: getCachedResult - no index bucket
2022-07-17 05:32:56.728 UTC [TRACE] steampipe-plugin-hackernews.plugin: [TRACE] 1658035976114: getPendingResultItem indexBucketKey index__hackernewshackernews_new, columns [id title time by score dead deleted descendants kids parent parts poll text type url _ctx], limit -1
2022-07-17 05:32:56.728 UTC [TRACE] steampipe-plugin-hackernews.plugin: [TRACE] 1658035976114: no pending index item - add pending result
2022-07-17 05:32:56.728 UTC [TRACE] steampipe-plugin-hackernews.plugin: [TRACE] 1658035976114: addPendingResult indexBucketKey index__hackernewshackernews_new, columns [id title time by score dead deleted descendants kids parent parts poll text type url _ctx], limit -1
2022-07-17 05:32:56.728 UTC [TRACE] steampipe-plugin-hackernews.plugin: [TRACE] 1658035976114: no index bucket found - creating one
2022-07-17 05:32:56.728 UTC [TRACE] steampipe-plugin-hackernews.plugin: [TRACE] 1658035976114: pendingIndexItem Lock count before 0
2022-07-17 05:32:56.728 UTC [TRACE] steampipe-plugin-hackernews.plugin: [TRACE] 1658035976114: getPendingResultItem returning <nil>
2022-07-17 05:32:56.728 UTC [INFO]  steampipe-plugin-hackernews.plugin: [INFO]  1658035976114: CACHE MISS
2022-07-17 05:32:56.728 UTC [TRACE] steampipe-plugin-hackernews.plugin: [TRACE] 1658035976114: fetch items callId: 1658035976114
2022-07-17 05:32:56.728 UTC [TRACE] steampipe-plugin-hackernews.plugin: [TRACE] 1658035976114: buildRows callId: 1658035976114
2022-07-17 05:32:56.728 UTC [TRACE] steampipe-plugin-hackernews.plugin: [TRACE] 1658035976114: streamRows callId: 1658035976114
2022-07-17 05:32:56.728 UTC [TRACE] steampipe-plugin-hackernews.plugin: [TRACE] 1658035976114: executeListCall
2022-07-17 05:32:56.728 UTC [TRACE] steampipe-plugin-hackernews.plugin: [TRACE] 1658035976114: GetUnsatisfiedKeyColumns for columns
2022-07-17 05:32:56.728 UTC [TRACE] steampipe-plugin-hackernews.plugin: [TRACE] 1658035976114: doList: no matrix item
2022-07-17 05:32:56.876 UTC [TRACE] steampipe-plugin-hackernews.plugin: [TRACE] 1658035976114: rowData chan select - channel CLOSED
2022-07-17 05:32:56.876 UTC [TRACE] steampipe-plugin-hackernews.plugin: [TRACE] 1658035976114: wait for rows
2022-07-17 05:32:57.237 UTC [TRACE] steampipe-plugin-hackernews.plugin: [TRACE] 1658035976114: rowWg complete - CLOSING ROW CHANNEL
2022-07-17 05:32:57.237 UTC [TRACE] steampipe-plugin-hackernews.plugin: [TRACE] 1658035976114: row chan closed, stop streaming
2022-07-17 05:32:57.237 UTC [INFO]  steampipe-plugin-hackernews.plugin: [INFO]  1658035976114: ------------------------------------
2022-07-17 05:32:57.237 UTC [INFO]  steampipe-plugin-hackernews.plugin: [INFO]  1658035976114: Concurrency Summary
2022-07-17 05:32:57.237 UTC [INFO]  steampipe-plugin-hackernews.plugin: [INFO]  1658035976114: ------------------------------------
2022-07-17 05:32:57.237 UTC [INFO]  steampipe-plugin-hackernews.plugin: [INFO]  1658035976114: getItem                       : 200
2022-07-17 05:32:57.237 UTC [INFO]  steampipe-plugin-hackernews.plugin: [INFO]  1658035976114: ------------------------------------
2022-07-17 05:32:57.237 UTC [INFO]  steampipe-plugin-hackernews.plugin: [INFO]  1658035976114: Total                         : 200
2022-07-17 05:32:57.237 UTC [INFO]  steampipe-plugin-hackernews.plugin: [INFO]  1658035976114: ------------------------------------
2022-07-17 05:32:57.237 UTC [TRACE] steampipe-plugin-hackernews.plugin: [TRACE] 1658035976114: queryCache.Set callId: 1658035976114
2022-07-17 05:32:57.237 UTC [TRACE] steampipe-plugin-hackernews.plugin: [TRACE] 1658035976114: buildCacheQualMap col time, quals quals:{fieldName:"time"  string_value:">"  value:{timestamp_value:{seconds:1658032376  nanos:692418000}}}
2022-07-17 05:32:57.237 UTC [TRACE] steampipe-plugin-hackernews.plugin: [TRACE] 1658035976114: EXCLUDING COLUMN
2022-07-17 05:32:57.237 UTC [TRACE] steampipe-plugin-hackernews.plugin: [TRACE] 1658035976114: QueryCache Set - connectionName: hackernews, table: hackernews_new, columns: [_ctx by dead deleted descendants id kids parent parts poll score text time title type url], limit -1
2022-07-17 05:32:57.237 UTC [TRACE] steampipe-plugin-hackernews.plugin: [TRACE] 1658035976114: cache item cost = 64000 (500 rows, 16 columns)
2022-07-17 05:32:57.248 UTC [TRACE] steampipe-plugin-hackernews.plugin: [TRACE] 1658035976114: ------------------------------------
2022-07-17 05:32:57.248 UTC [TRACE] steampipe-plugin-hackernews.plugin: [TRACE] 1658035976114: Cache Metrics
2022-07-17 05:32:57.248 UTC [TRACE] steampipe-plugin-hackernews.plugin: [TRACE] 1658035976114: ------------------------------------
2022-07-17 05:32:57.248 UTC [TRACE] steampipe-plugin-hackernews.plugin: [TRACE] 1658035976114: MaxCost: 1073741824
2022-07-17 05:32:57.248 UTC [TRACE] steampipe-plugin-hackernews.plugin: [TRACE] 1658035976114: KeysAdded: 2
2022-07-17 05:32:57.248 UTC [TRACE] steampipe-plugin-hackernews.plugin: [TRACE] 1658035976114: CostAdded: 64113
2022-07-17 05:32:57.248 UTC [TRACE] steampipe-plugin-hackernews.plugin: [TRACE] 1658035976114: KeysEvicted: 0
2022-07-17 05:32:57.248 UTC [TRACE] steampipe-plugin-hackernews.plugin: [TRACE] 1658035976114: CostEvicted: 0
2022-07-17 05:32:57.248 UTC [TRACE] steampipe-plugin-hackernews.plugin: [TRACE] 1658035976114: ------------------------------------
2022-07-17 05:32:57.248 UTC [TRACE] steampipe-plugin-hackernews.plugin: [TRACE] 1658035976114: QueryCache Set() DONE
2022-07-17 05:32:57.248 UTC [TRACE] steampipe-plugin-hackernews.plugin: [TRACE] 1658035976114: pendingItemComplete indexBucketKey index__hackernewshackernews_new, columns [_ctx by dead deleted descendants id kids parent parts poll score text time title type url], limit -1
2022-07-17 05:32:57.248 UTC [TRACE] steampipe-plugin-hackernews.plugin: [TRACE] 1658035976114: got pending index bucket, len 1
2022-07-17 05:32:57.248 UTC [TRACE] steampipe-plugin-hackernews.plugin: [TRACE] 1658035976114: SatisfiesLimit limit -1, no item limit - satisfied
2022-07-17 05:32:57.248 UTC [TRACE] steampipe-plugin-hackernews.plugin: [TRACE] 1658035976114: found pending index item to satisfy columns _ctx,by,dead,deleted,descendants,id,kids,parent,parts,poll,score,text,time,title,type,url, limit -1
2022-07-17 05:32:57.248 UTC [TRACE] steampipe-plugin-hackernews.plugin: [TRACE] 1658035976114: got pending item hackernewshackernews_newid,title,time,by,score,dead,deleted,descendants,kids,parent,parts,poll,text,type,url,_ctx-1 - removing from map as it is complete
2022-07-17 05:32:57.248 UTC [TRACE] steampipe-plugin-hackernews.plugin: [TRACE] 1658035976114: pendingIndexItem Unlock count before 1
2022-07-17 05:32:57.248 UTC [TRACE] steampipe-plugin-hackernews.plugin: [TRACE] 1658035976114: deleted from pending, len 0
2022-07-17 05:32:57.248 UTC [TRACE] steampipe-plugin-hackernews.plugin: [TRACE] 1658035976114: pending bucket now empty - deleting key index__hackernewshackernews_new
2022-07-17 05:32:57.248 UTC [TRACE] steampipe-plugin-hackernews.plugin: [TRACE] 1658035976114: pendingItemComplete done
2022-07-17 05:32:57.248 UTC [TRACE] steampipe-plugin-hackernews.plugin: [TRACE] 1658035976114: Execute complete callId: 1658035976114 table: hackernews_new
2022-07-17 05:32:57.313 UTC [TRACE] PluginManager Shutdown map[csv:0xc0001213b0 hackernews:0xc0005fe3d8]
2022-07-17 05:32:57.313 UTC [TRACE] killing plugin csv (1898)
2022-07-17 05:32:57.314 UTC [TRACE] stdio: waiting for stdio data
2022-07-17 05:32:57.315 UTC [DEBUG] stdio: received EOF, stopping recv loop: err="rpc error: code = Unavailable desc = error reading from server: EOF"
2022-07-17 05:32:57.315 UTC [INFO]  plugin process exited: path=/home/runner/.steampipe/plugins/hub.steampipe.io/plugins/turbot/csv@latest/steampipe-plugin-csv.plugin pid=1898
2022-07-17 05:32:57.315 UTC [DEBUG] plugin exited
2022-07-17 05:32:57.315 UTC [TRACE] killing plugin hackernews (1923)
2022-07-17 05:32:57.316 UTC [TRACE] stdio: waiting for stdio data
2022-07-17 05:32:57.317 UTC [TRACE] stdio: received data: channel=STDOUT len=467
2022-07-17 05:32:57.317 UTC [TRACE] stdio: waiting for stdio data
2022-07-17 05:32:57.317 UTC [DEBUG] stdio: received EOF, stopping recv loop: err="rpc error: code = Unavailable desc = error reading from server: EOF"
2022-07-17 05:32:57.318 UTC [INFO]  plugin process exited: path=/home/runner/.steampipe/plugins/hub.steampipe.io/plugins/turbot/hackernews@latest/steampipe-plugin-hackernews.plugin pid=1923
2022-07-17 05:32:57.318 UTC [DEBUG] plugin exited
2022-07-17 05:33:10.649 UTC [ERROR] steampipe-plugin-net.plugin: [ERROR] 1658035990506: listRequestResponses do request error: url=? request method=GET error="Get \"?\": unsupported protocol scheme \"\""
2022-07-17 05:34:19.458 UTC [ERROR] steampipe-plugin-csv.plugin: [ERROR] csv.tableCSV: header_parse_error=EOF path=/home/runner/work/steampipe-samples/steampipe-samples/all/hackernews/new_sc.csv header=[]
2022-07-17 05:34:19.458 UTC [ERROR] steampipe-plugin-csv.plugin: [ERROR] csv.PluginTables: create_table_error="failed to parse file header /home/runner/work/steampipe-samples/steampipe-samples/all/hackernews/new_sc.csv: EOF" path=/home/runner/work/steampipe-samples/steampipe-samples/all/hackernews/new_sc.csv
