2023-02-21 07:19:15.690 UTC [INFO]  starting plugin manager
2023-02-21 07:19:15.690 UTC [TRACE] loaded config map: csv,github,hackernews,net
2023-02-21 07:19:15.690 UTC [TRACE] NewPluginManager
2023-02-21 07:19:15.691 UTC [TRACE] PluginManager setPluginCacheSizeMap: 4 connections.
2023-02-21 07:19:15.691 UTC [TRACE] Total cache size 0Mb
2023-02-21 07:19:15.691 UTC [INFO]  starting connection watcher
2023-02-21 07:19:15.691 UTC [INFO]  created ConnectionWatcher
2023-02-21 07:19:15.691 UTC [TRACE] about to serve
2023-02-21 07:19:15.747 UTC [TRACE] PluginManager Get, connections: '[csv]'
2023-02-21 07:19:15.747 UTC [TRACE] PluginManager getPlugin hub.steampipe.io/plugins/turbot/csv@latest connection 'csv'
2023-02-21 07:19:15.747 UTC [TRACE] PluginManager 0xc000762690 plugin hub.steampipe.io/plugins/turbot/csv@latest (csv) NOT started or starting - start now
2023-02-21 07:19:15.747 UTC [TRACE] ************ start plugin csv ********************
2023-02-21 07:19:15.747 UTC [TRACE] ************ plugin path /home/runner/.steampipe/plugins/hub.steampipe.io/plugins/turbot/csv@latest/steampipe-plugin-csv.plugin ********************
2023-02-21 07:19:15.815 UTC [DEBUG] starting plugin: path=/home/runner/.steampipe/plugins/hub.steampipe.io/plugins/turbot/csv@latest/steampipe-plugin-csv.plugin args=["/home/runner/.steampipe/plugins/hub.steampipe.io/plugins/turbot/csv@latest/steampipe-plugin-csv.plugin"]
2023-02-21 07:19:15.816 UTC [DEBUG] plugin started: path=/home/runner/.steampipe/plugins/hub.steampipe.io/plugins/turbot/csv@latest/steampipe-plugin-csv.plugin pid=2054
2023-02-21 07:19:15.816 UTC [DEBUG] waiting for RPC address: path=/home/runner/.steampipe/plugins/hub.steampipe.io/plugins/turbot/csv@latest/steampipe-plugin-csv.plugin
2023-02-21 07:19:15.824 UTC [INFO]  steampipe-plugin-csv.plugin: [INFO]  Initialise plugin 'steampipe-plugin-csv', using sdk version 4.1.8
2023-02-21 07:19:15.824 UTC [TRACE] steampipe-plugin-csv.plugin: [TRACE] no DefaultRetryConfig defined - creating empty
2023-02-21 07:19:15.824 UTC [TRACE] steampipe-plugin-csv.plugin: [TRACE] no DefaultIgnoreConfig defined - creating empty
2023-02-21 07:19:15.829 UTC [TRACE] steampipe-plugin-csv.plugin: [TRACE] telemetry.Init service 'steampipe-plugin-csv', tracingEnabled: false, metricsEnabled: false
2023-02-21 07:19:15.829 UTC [TRACE] steampipe-plugin-csv.plugin: [TRACE] metrics and tracing disabled' - returning
2023-02-21 07:19:15.830 UTC [DEBUG] steampipe-plugin-csv.plugin: plugin address: address=/tmp/plugin3958314576 network=unix timestamp=2023-02-21T07:19:15.829Z
2023-02-21 07:19:15.830 UTC [DEBUG] using plugin: version=0
2023-02-21 07:19:15.830 UTC [TRACE] NewPluginClient for plugin hub.steampipe.io/plugins/turbot/csv@latest
2023-02-21 07:19:15.830 UTC [TRACE] stdio: waiting for stdio data
2023-02-21 07:19:15.831 UTC [TRACE] supportedOperations: query_cache:true  multiple_connections:true
2023-02-21 07:19:15.832 UTC [TRACE] steampipe-plugin-csv.plugin: [TRACE] SetAllConnectionConfigs setting 1 configs
2023-02-21 07:19:15.832 UTC [TRACE] steampipe-plugin-csv.plugin: [TRACE] connection csv build schema and table map
2023-02-21 07:19:15.832 UTC [DEBUG] steampipe-plugin-csv.plugin: [DEBUG] csv.tableCSV: path=/home/runner/work/steampipe-samples/steampipe-samples/all/hackernews/hn_items_all.csv detected_encoding=Unknown
2023-02-21 07:19:15.832 UTC [DEBUG] steampipe-plugin-csv.plugin: [DEBUG] csv.tableCSV: path=/home/runner/work/steampipe-samples/steampipe-samples/all/hackernews/new_sc.csv detected_encoding=Unknown
2023-02-21 07:19:15.832 UTC [TRACE] steampipe-plugin-csv.plugin: [TRACE] initialise table /home/runner/work/steampipe-samples/steampipe-samples/all/hackernews/new_sc.csv
2023-02-21 07:19:15.832 UTC [TRACE] steampipe-plugin-csv.plugin: [TRACE] no DefaultRetryConfig defined - creating empty
2023-02-21 07:19:15.832 UTC [TRACE] steampipe-plugin-csv.plugin: [TRACE] no DefaultIgnoreConfig defined - creating empty
2023-02-21 07:19:15.832 UTC [TRACE] steampipe-plugin-csv.plugin: [TRACE] apply plugin defaults for DefaultRetryConfig
2023-02-21 07:19:15.832 UTC [TRACE] steampipe-plugin-csv.plugin: [TRACE] apply plugin defaults for DefaultIgnoreConfig, table &{<nil> <nil>} plugin &{<nil> <nil>}
2023-02-21 07:19:15.832 UTC [TRACE] steampipe-plugin-csv.plugin: [TRACE] DefaultRetryConfig:
2023-02-21 07:19:15.832 UTC [TRACE] steampipe-plugin-csv.plugin: [TRACE] DefaultIgnoreConfig:
2023-02-21 07:19:15.832 UTC [TRACE] steampipe-plugin-csv.plugin: [TRACE] t.List.initialise
2023-02-21 07:19:15.832 UTC [TRACE] steampipe-plugin-csv.plugin: [TRACE] ListConfig.initialise table /home/runner/work/steampipe-samples/steampipe-samples/all/hackernews/new_sc.csv
2023-02-21 07:19:15.832 UTC [TRACE] steampipe-plugin-csv.plugin: [TRACE] ListConfig.initialise complete: RetryConfig: , IgnoreConfig
2023-02-21 07:19:15.832 UTC [TRACE] steampipe-plugin-csv.plugin: [TRACE] back from initialiseHydrateConfigs
2023-02-21 07:19:15.832 UTC [TRACE] steampipe-plugin-csv.plugin: [TRACE] initialise table /home/runner/work/steampipe-samples/steampipe-samples/all/hackernews/new_sc.csv COMPLETE
2023-02-21 07:19:15.832 UTC [TRACE] steampipe-plugin-csv.plugin: [TRACE] initialise table /home/runner/work/steampipe-samples/steampipe-samples/all/hackernews/hn_items_all.csv
2023-02-21 07:19:15.832 UTC [TRACE] steampipe-plugin-csv.plugin: [TRACE] no DefaultRetryConfig defined - creating empty
2023-02-21 07:19:15.832 UTC [TRACE] steampipe-plugin-csv.plugin: [TRACE] no DefaultIgnoreConfig defined - creating empty
2023-02-21 07:19:15.832 UTC [TRACE] steampipe-plugin-csv.plugin: [TRACE] apply plugin defaults for DefaultRetryConfig
2023-02-21 07:19:15.832 UTC [TRACE] steampipe-plugin-csv.plugin: [TRACE] apply plugin defaults for DefaultIgnoreConfig, table &{<nil> <nil>} plugin &{<nil> <nil>}
2023-02-21 07:19:15.832 UTC [TRACE] steampipe-plugin-csv.plugin: [TRACE] DefaultRetryConfig:
2023-02-21 07:19:15.832 UTC [TRACE] steampipe-plugin-csv.plugin: [TRACE] DefaultIgnoreConfig:
2023-02-21 07:19:15.832 UTC [TRACE] steampipe-plugin-csv.plugin: [TRACE] t.List.initialise
2023-02-21 07:19:15.832 UTC [TRACE] steampipe-plugin-csv.plugin: [TRACE] ListConfig.initialise table /home/runner/work/steampipe-samples/steampipe-samples/all/hackernews/hn_items_all.csv
2023-02-21 07:19:15.832 UTC [TRACE] steampipe-plugin-csv.plugin: [TRACE] ListConfig.initialise complete: RetryConfig: , IgnoreConfig
2023-02-21 07:19:15.832 UTC [TRACE] steampipe-plugin-csv.plugin: [TRACE] back from initialiseHydrateConfigs
2023-02-21 07:19:15.832 UTC [TRACE] steampipe-plugin-csv.plugin: [TRACE] initialise table /home/runner/work/steampipe-samples/steampipe-samples/all/hackernews/hn_items_all.csv COMPLETE
2023-02-21 07:19:15.832 UTC [TRACE] steampipe-plugin-csv.plugin: [TRACE] validate plugin steampipe-plugin-csv, required columns []
2023-02-21 07:19:15.832 UTC [TRACE] steampipe-plugin-csv.plugin: [TRACE] validate DefaultRetryConfig
2023-02-21 07:19:15.832 UTC [TRACE] steampipe-plugin-csv.plugin: [TRACE] validate DefaultIgnoreConfig
2023-02-21 07:19:15.832 UTC [TRACE] steampipe-plugin-csv.plugin: [TRACE] validate table names
2023-02-21 07:19:15.832 UTC [TRACE] steampipe-plugin-csv.plugin: [TRACE] plugin has 0 validation errors
2023-02-21 07:19:15.832 UTC [TRACE] steampipe-plugin-csv.plugin: [TRACE] Plugin ensureCache creating cache, maxCacheStorageMb 0
2023-02-21 07:19:15.832 UTC [TRACE] steampipe-plugin-csv.plugin: [TRACE] createCacheStore for plugin 'steampipe-plugin-csv' setting max size to 0Mb, Shards: 2, max shard size: 0
2023-02-21 07:19:15.844 UTC [INFO]  steampipe-plugin-csv.plugin: [INFO]  query cache created
2023-02-21 07:19:15.844 UTC [DEBUG] steampipe-plugin-csv.plugin: [DEBUG] SetAllConnectionConfigs finished
2023-02-21 07:19:15.844 UTC [TRACE] PluginManager getPlugin complete, returning reattach config with PID: 2054
2023-02-21 07:19:15.844 UTC [TRACE] PluginManager Get returning reattach_map:{key:"csv"  value:{protocol:"grpc"  addr:{Network:"unix"  Address:"/tmp/plugin3958314576"}  pid:2054  supported_operations:{query_cache:true  multiple_connections:true}  connections:"csv"  plugin:"hub.steampipe.io/plugins/turbot/csv@latest"}}
2023-02-21 07:19:15.882 UTC [TRACE] PluginManager Get, connections: '[csv]'
2023-02-21 07:19:15.882 UTC [TRACE] PluginManager getPlugin hub.steampipe.io/plugins/turbot/csv@latest connection 'csv'
2023-02-21 07:19:15.882 UTC [TRACE] connection csv found in connectionPluginMap
2023-02-21 07:19:15.882 UTC [TRACE] initialized: 2054
2023-02-21 07:19:15.882 UTC [TRACE] initialized: 2054
2023-02-21 07:19:15.882 UTC [TRACE] connection csv is loaded, check for running PID
2023-02-21 07:19:15.883 UTC [TRACE] PluginManager found 'csv' in map, pid 2054
2023-02-21 07:19:15.883 UTC [TRACE] PluginManager Get returning reattach_map:{key:"csv"  value:{protocol:"grpc"  addr:{Network:"unix"  Address:"/tmp/plugin3958314576"}  pid:2054  supported_operations:{query_cache:true  multiple_connections:true}  connections:"csv"  plugin:"hub.steampipe.io/plugins/turbot/csv@latest"}}
2023-02-21 07:19:15.934 UTC [TRACE] PluginManager Get, connections: '[hackernews]'
2023-02-21 07:19:15.934 UTC [TRACE] PluginManager getPlugin hub.steampipe.io/plugins/turbot/hackernews@latest connection 'hackernews'
2023-02-21 07:19:15.934 UTC [TRACE] PluginManager 0xc000762690 plugin hub.steampipe.io/plugins/turbot/hackernews@latest (hackernews) NOT started or starting - start now
2023-02-21 07:19:15.934 UTC [TRACE] ************ start plugin hackernews ********************
2023-02-21 07:19:15.934 UTC [TRACE] ************ plugin path /home/runner/.steampipe/plugins/hub.steampipe.io/plugins/turbot/hackernews@latest/steampipe-plugin-hackernews.plugin ********************
2023-02-21 07:19:16.009 UTC [DEBUG] starting plugin: path=/home/runner/.steampipe/plugins/hub.steampipe.io/plugins/turbot/hackernews@latest/steampipe-plugin-hackernews.plugin args=["/home/runner/.steampipe/plugins/hub.steampipe.io/plugins/turbot/hackernews@latest/steampipe-plugin-hackernews.plugin"]
2023-02-21 07:19:16.010 UTC [DEBUG] plugin started: path=/home/runner/.steampipe/plugins/hub.steampipe.io/plugins/turbot/hackernews@latest/steampipe-plugin-hackernews.plugin pid=2077
2023-02-21 07:19:16.010 UTC [DEBUG] waiting for RPC address: path=/home/runner/.steampipe/plugins/hub.steampipe.io/plugins/turbot/hackernews@latest/steampipe-plugin-hackernews.plugin
2023-02-21 07:19:16.018 UTC [INFO]  steampipe-plugin-hackernews.plugin: [INFO]  Initialise plugin 'steampipe-plugin-hackernews', using sdk version 4.1.7
2023-02-21 07:19:16.018 UTC [TRACE] steampipe-plugin-hackernews.plugin: [TRACE] defaulting SchemaMode to SchemaModeStatic
2023-02-21 07:19:16.018 UTC [TRACE] steampipe-plugin-hackernews.plugin: [TRACE] no DefaultRetryConfig defined - creating empty
2023-02-21 07:19:16.018 UTC [TRACE] steampipe-plugin-hackernews.plugin: [TRACE] no DefaultIgnoreConfig defined - creating empty
2023-02-21 07:19:16.018 UTC [TRACE] steampipe-plugin-hackernews.plugin: [TRACE] Setting Ulimit: ulimit=2560
2023-02-21 07:19:16.018 UTC [TRACE] steampipe-plugin-hackernews.plugin: [TRACE] telemetry.Init service 'steampipe-plugin-hackernews', tracingEnabled: false, metricsEnabled: false
2023-02-21 07:19:16.018 UTC [TRACE] steampipe-plugin-hackernews.plugin: [TRACE] metrics and tracing disabled' - returning
2023-02-21 07:19:16.019 UTC [DEBUG] steampipe-plugin-hackernews.plugin: plugin address: address=/tmp/plugin2426598785 network=unix timestamp=2023-02-21T07:19:16.018Z
2023-02-21 07:19:16.019 UTC [DEBUG] using plugin: version=0
2023-02-21 07:19:16.019 UTC [TRACE] NewPluginClient for plugin hub.steampipe.io/plugins/turbot/hackernews@latest
2023-02-21 07:19:16.020 UTC [TRACE] stdio: waiting for stdio data
2023-02-21 07:19:16.020 UTC [TRACE] supportedOperations: query_cache:true  multiple_connections:true
2023-02-21 07:19:16.020 UTC [TRACE] steampipe-plugin-hackernews.plugin: [TRACE] SetAllConnectionConfigs setting 1 configs
2023-02-21 07:19:16.020 UTC [TRACE] steampipe-plugin-hackernews.plugin: [TRACE] connection hackernews build schema and table map
2023-02-21 07:19:16.021 UTC [TRACE] steampipe-plugin-hackernews.plugin: [TRACE] initialise table hackernews_job
2023-02-21 07:19:16.021 UTC [TRACE] steampipe-plugin-hackernews.plugin: [TRACE] no DefaultRetryConfig defined - creating empty
2023-02-21 07:19:16.021 UTC [TRACE] steampipe-plugin-hackernews.plugin: [TRACE] no DefaultIgnoreConfig defined - creating empty
2023-02-21 07:19:16.021 UTC [TRACE] steampipe-plugin-hackernews.plugin: [TRACE] apply plugin defaults for DefaultRetryConfig
2023-02-21 07:19:16.021 UTC [TRACE] steampipe-plugin-hackernews.plugin: [TRACE] apply plugin defaults for DefaultIgnoreConfig, table &{<nil> <nil>} plugin &{<nil> <nil>}
2023-02-21 07:19:16.021 UTC [TRACE] steampipe-plugin-hackernews.plugin: [TRACE] DefaultRetryConfig:
2023-02-21 07:19:16.021 UTC [TRACE] steampipe-plugin-hackernews.plugin: [TRACE] DefaultIgnoreConfig:
2023-02-21 07:19:16.021 UTC [TRACE] steampipe-plugin-hackernews.plugin: [TRACE] t.Get.initialise
2023-02-21 07:19:16.021 UTC [TRACE] steampipe-plugin-hackernews.plugin: [TRACE] GetConfig.initialise table hackernews_job
2023-02-21 07:19:16.021 UTC [TRACE] steampipe-plugin-hackernews.plugin: [TRACE] GetConfig.initialise complete: RetryConfig: , IgnoreConfig:
2023-02-21 07:19:16.021 UTC [TRACE] steampipe-plugin-hackernews.plugin: [TRACE] t.List.initialise
2023-02-21 07:19:16.021 UTC [TRACE] steampipe-plugin-hackernews.plugin: [TRACE] ListConfig.initialise table hackernews_job
2023-02-21 07:19:16.021 UTC [TRACE] steampipe-plugin-hackernews.plugin: [TRACE] ListConfig.initialise complete: RetryConfig: , IgnoreConfig
2023-02-21 07:19:16.021 UTC [TRACE] steampipe-plugin-hackernews.plugin: [TRACE] HydrateConfig.initialise func getItem, table hackernews_job
2023-02-21 07:19:16.021 UTC [TRACE] steampipe-plugin-hackernews.plugin: [TRACE] HydrateConfig.initialise complete: RetryConfig: , IgnoreConfig:
2023-02-21 07:19:16.021 UTC [TRACE] steampipe-plugin-hackernews.plugin: [TRACE] back from initialiseHydrateConfigs
2023-02-21 07:19:16.021 UTC [TRACE] steampipe-plugin-hackernews.plugin: [TRACE] initialise table hackernews_job COMPLETE
2023-02-21 07:19:16.021 UTC [TRACE] steampipe-plugin-hackernews.plugin: [TRACE] initialise table hackernews_new
2023-02-21 07:19:16.021 UTC [TRACE] steampipe-plugin-hackernews.plugin: [TRACE] no DefaultRetryConfig defined - creating empty
2023-02-21 07:19:16.021 UTC [TRACE] steampipe-plugin-hackernews.plugin: [TRACE] no DefaultIgnoreConfig defined - creating empty
2023-02-21 07:19:16.021 UTC [TRACE] steampipe-plugin-hackernews.plugin: [TRACE] apply plugin defaults for DefaultRetryConfig
2023-02-21 07:19:16.021 UTC [TRACE] steampipe-plugin-hackernews.plugin: [TRACE] apply plugin defaults for DefaultIgnoreConfig, table &{<nil> <nil>} plugin &{<nil> <nil>}
2023-02-21 07:19:16.021 UTC [TRACE] steampipe-plugin-hackernews.plugin: [TRACE] DefaultRetryConfig:
2023-02-21 07:19:16.021 UTC [TRACE] steampipe-plugin-hackernews.plugin: [TRACE] DefaultIgnoreConfig:
2023-02-21 07:19:16.021 UTC [TRACE] steampipe-plugin-hackernews.plugin: [TRACE] t.Get.initialise
2023-02-21 07:19:16.021 UTC [TRACE] steampipe-plugin-hackernews.plugin: [TRACE] GetConfig.initialise table hackernews_new
2023-02-21 07:19:16.021 UTC [TRACE] steampipe-plugin-hackernews.plugin: [TRACE] GetConfig.initialise complete: RetryConfig: , IgnoreConfig:
2023-02-21 07:19:16.021 UTC [TRACE] steampipe-plugin-hackernews.plugin: [TRACE] t.List.initialise
2023-02-21 07:19:16.021 UTC [TRACE] steampipe-plugin-hackernews.plugin: [TRACE] ListConfig.initialise table hackernews_new
2023-02-21 07:19:16.021 UTC [TRACE] steampipe-plugin-hackernews.plugin: [TRACE] ListConfig.initialise complete: RetryConfig: , IgnoreConfig
2023-02-21 07:19:16.021 UTC [TRACE] steampipe-plugin-hackernews.plugin: [TRACE] HydrateConfig.initialise func getItem, table hackernews_new
2023-02-21 07:19:16.021 UTC [TRACE] steampipe-plugin-hackernews.plugin: [TRACE] HydrateConfig.initialise complete: RetryConfig: , IgnoreConfig:
2023-02-21 07:19:16.021 UTC [TRACE] steampipe-plugin-hackernews.plugin: [TRACE] back from initialiseHydrateConfigs
2023-02-21 07:19:16.021 UTC [TRACE] steampipe-plugin-hackernews.plugin: [TRACE] initialise table hackernews_new COMPLETE
2023-02-21 07:19:16.021 UTC [TRACE] steampipe-plugin-hackernews.plugin: [TRACE] initialise table hackernews_show_hn
2023-02-21 07:19:16.021 UTC [TRACE] steampipe-plugin-hackernews.plugin: [TRACE] no DefaultRetryConfig defined - creating empty
2023-02-21 07:19:16.021 UTC [TRACE] steampipe-plugin-hackernews.plugin: [TRACE] no DefaultIgnoreConfig defined - creating empty
2023-02-21 07:19:16.021 UTC [TRACE] steampipe-plugin-hackernews.plugin: [TRACE] apply plugin defaults for DefaultRetryConfig
2023-02-21 07:19:16.021 UTC [TRACE] steampipe-plugin-hackernews.plugin: [TRACE] apply plugin defaults for DefaultIgnoreConfig, table &{<nil> <nil>} plugin &{<nil> <nil>}
2023-02-21 07:19:16.021 UTC [TRACE] steampipe-plugin-hackernews.plugin: [TRACE] DefaultRetryConfig:
2023-02-21 07:19:16.021 UTC [TRACE] steampipe-plugin-hackernews.plugin: [TRACE] DefaultIgnoreConfig:
2023-02-21 07:19:16.021 UTC [TRACE] steampipe-plugin-hackernews.plugin: [TRACE] t.Get.initialise
2023-02-21 07:19:16.021 UTC [TRACE] steampipe-plugin-hackernews.plugin: [TRACE] GetConfig.initialise table hackernews_show_hn
2023-02-21 07:19:16.021 UTC [TRACE] steampipe-plugin-hackernews.plugin: [TRACE] GetConfig.initialise complete: RetryConfig: , IgnoreConfig:
2023-02-21 07:19:16.021 UTC [TRACE] steampipe-plugin-hackernews.plugin: [TRACE] t.List.initialise
2023-02-21 07:19:16.021 UTC [TRACE] steampipe-plugin-hackernews.plugin: [TRACE] ListConfig.initialise table hackernews_show_hn
2023-02-21 07:19:16.021 UTC [TRACE] steampipe-plugin-hackernews.plugin: [TRACE] ListConfig.initialise complete: RetryConfig: , IgnoreConfig
2023-02-21 07:19:16.021 UTC [TRACE] steampipe-plugin-hackernews.plugin: [TRACE] HydrateConfig.initialise func getItem, table hackernews_show_hn
2023-02-21 07:19:16.021 UTC [TRACE] steampipe-plugin-hackernews.plugin: [TRACE] HydrateConfig.initialise complete: RetryConfig: , IgnoreConfig:
2023-02-21 07:19:16.021 UTC [TRACE] steampipe-plugin-hackernews.plugin: [TRACE] back from initialiseHydrateConfigs
2023-02-21 07:19:16.021 UTC [TRACE] steampipe-plugin-hackernews.plugin: [TRACE] initialise table hackernews_show_hn COMPLETE
2023-02-21 07:19:16.021 UTC [TRACE] steampipe-plugin-hackernews.plugin: [TRACE] initialise table hackernews_top
2023-02-21 07:19:16.021 UTC [TRACE] steampipe-plugin-hackernews.plugin: [TRACE] no DefaultRetryConfig defined - creating empty
2023-02-21 07:19:16.021 UTC [TRACE] steampipe-plugin-hackernews.plugin: [TRACE] no DefaultIgnoreConfig defined - creating empty
2023-02-21 07:19:16.021 UTC [TRACE] steampipe-plugin-hackernews.plugin: [TRACE] apply plugin defaults for DefaultRetryConfig
2023-02-21 07:19:16.022 UTC [TRACE] steampipe-plugin-hackernews.plugin: [TRACE] apply plugin defaults for DefaultIgnoreConfig, table &{<nil> <nil>} plugin &{<nil> <nil>}
2023-02-21 07:19:16.022 UTC [TRACE] steampipe-plugin-hackernews.plugin: [TRACE] DefaultRetryConfig:
2023-02-21 07:19:16.022 UTC [TRACE] steampipe-plugin-hackernews.plugin: [TRACE] DefaultIgnoreConfig:
2023-02-21 07:19:16.022 UTC [TRACE] steampipe-plugin-hackernews.plugin: [TRACE] t.Get.initialise
2023-02-21 07:19:16.022 UTC [TRACE] steampipe-plugin-hackernews.plugin: [TRACE] GetConfig.initialise table hackernews_top
2023-02-21 07:19:16.022 UTC [TRACE] steampipe-plugin-hackernews.plugin: [TRACE] GetConfig.initialise complete: RetryConfig: , IgnoreConfig:
2023-02-21 07:19:16.022 UTC [TRACE] steampipe-plugin-hackernews.plugin: [TRACE] t.List.initialise
2023-02-21 07:19:16.022 UTC [TRACE] steampipe-plugin-hackernews.plugin: [TRACE] ListConfig.initialise table hackernews_top
2023-02-21 07:19:16.022 UTC [TRACE] steampipe-plugin-hackernews.plugin: [TRACE] ListConfig.initialise complete: RetryConfig: , IgnoreConfig
2023-02-21 07:19:16.022 UTC [TRACE] steampipe-plugin-hackernews.plugin: [TRACE] HydrateConfig.initialise func getItem, table hackernews_top
2023-02-21 07:19:16.022 UTC [TRACE] steampipe-plugin-hackernews.plugin: [TRACE] HydrateConfig.initialise complete: RetryConfig: , IgnoreConfig:
2023-02-21 07:19:16.022 UTC [TRACE] steampipe-plugin-hackernews.plugin: [TRACE] back from initialiseHydrateConfigs
2023-02-21 07:19:16.022 UTC [TRACE] steampipe-plugin-hackernews.plugin: [TRACE] initialise table hackernews_top COMPLETE
2023-02-21 07:19:16.022 UTC [TRACE] steampipe-plugin-hackernews.plugin: [TRACE] initialise table hackernews_user
2023-02-21 07:19:16.022 UTC [TRACE] steampipe-plugin-hackernews.plugin: [TRACE] no DefaultRetryConfig defined - creating empty
2023-02-21 07:19:16.022 UTC [TRACE] steampipe-plugin-hackernews.plugin: [TRACE] no DefaultIgnoreConfig defined - creating empty
2023-02-21 07:19:16.022 UTC [TRACE] steampipe-plugin-hackernews.plugin: [TRACE] apply plugin defaults for DefaultRetryConfig
2023-02-21 07:19:16.022 UTC [TRACE] steampipe-plugin-hackernews.plugin: [TRACE] apply plugin defaults for DefaultIgnoreConfig, table &{<nil> <nil>} plugin &{<nil> <nil>}
2023-02-21 07:19:16.022 UTC [TRACE] steampipe-plugin-hackernews.plugin: [TRACE] DefaultRetryConfig:
2023-02-21 07:19:16.022 UTC [TRACE] steampipe-plugin-hackernews.plugin: [TRACE] DefaultIgnoreConfig:
2023-02-21 07:19:16.022 UTC [TRACE] steampipe-plugin-hackernews.plugin: [TRACE] t.List.initialise
2023-02-21 07:19:16.022 UTC [TRACE] steampipe-plugin-hackernews.plugin: [TRACE] ListConfig.initialise table hackernews_user
2023-02-21 07:19:16.022 UTC [TRACE] steampipe-plugin-hackernews.plugin: [TRACE] ListConfig.initialise complete: RetryConfig: , IgnoreConfig
2023-02-21 07:19:16.022 UTC [TRACE] steampipe-plugin-hackernews.plugin: [TRACE] back from initialiseHydrateConfigs
2023-02-21 07:19:16.022 UTC [TRACE] steampipe-plugin-hackernews.plugin: [TRACE] initialise table hackernews_user COMPLETE
2023-02-21 07:19:16.022 UTC [TRACE] steampipe-plugin-hackernews.plugin: [TRACE] initialise table hackernews_ask_hn
2023-02-21 07:19:16.022 UTC [TRACE] steampipe-plugin-hackernews.plugin: [TRACE] no DefaultRetryConfig defined - creating empty
2023-02-21 07:19:16.022 UTC [TRACE] steampipe-plugin-hackernews.plugin: [TRACE] no DefaultIgnoreConfig defined - creating empty
2023-02-21 07:19:16.022 UTC [TRACE] steampipe-plugin-hackernews.plugin: [TRACE] apply plugin defaults for DefaultRetryConfig
2023-02-21 07:19:16.022 UTC [TRACE] steampipe-plugin-hackernews.plugin: [TRACE] apply plugin defaults for DefaultIgnoreConfig, table &{<nil> <nil>} plugin &{<nil> <nil>}
2023-02-21 07:19:16.022 UTC [TRACE] steampipe-plugin-hackernews.plugin: [TRACE] DefaultRetryConfig:
2023-02-21 07:19:16.022 UTC [TRACE] steampipe-plugin-hackernews.plugin: [TRACE] DefaultIgnoreConfig:
2023-02-21 07:19:16.022 UTC [TRACE] steampipe-plugin-hackernews.plugin: [TRACE] t.Get.initialise
2023-02-21 07:19:16.022 UTC [TRACE] steampipe-plugin-hackernews.plugin: [TRACE] GetConfig.initialise table hackernews_ask_hn
2023-02-21 07:19:16.022 UTC [TRACE] steampipe-plugin-hackernews.plugin: [TRACE] GetConfig.initialise complete: RetryConfig: , IgnoreConfig:
2023-02-21 07:19:16.022 UTC [TRACE] steampipe-plugin-hackernews.plugin: [TRACE] t.List.initialise
2023-02-21 07:19:16.022 UTC [TRACE] steampipe-plugin-hackernews.plugin: [TRACE] ListConfig.initialise table hackernews_ask_hn
2023-02-21 07:19:16.022 UTC [TRACE] steampipe-plugin-hackernews.plugin: [TRACE] ListConfig.initialise complete: RetryConfig: , IgnoreConfig
2023-02-21 07:19:16.022 UTC [TRACE] steampipe-plugin-hackernews.plugin: [TRACE] HydrateConfig.initialise func getItem, table hackernews_ask_hn
2023-02-21 07:19:16.022 UTC [TRACE] steampipe-plugin-hackernews.plugin: [TRACE] HydrateConfig.initialise complete: RetryConfig: , IgnoreConfig:
2023-02-21 07:19:16.022 UTC [TRACE] steampipe-plugin-hackernews.plugin: [TRACE] back from initialiseHydrateConfigs
2023-02-21 07:19:16.022 UTC [TRACE] steampipe-plugin-hackernews.plugin: [TRACE] initialise table hackernews_ask_hn COMPLETE
2023-02-21 07:19:16.022 UTC [TRACE] steampipe-plugin-hackernews.plugin: [TRACE] initialise table hackernews_best
2023-02-21 07:19:16.022 UTC [TRACE] steampipe-plugin-hackernews.plugin: [TRACE] no DefaultRetryConfig defined - creating empty
2023-02-21 07:19:16.022 UTC [TRACE] steampipe-plugin-hackernews.plugin: [TRACE] no DefaultIgnoreConfig defined - creating empty
2023-02-21 07:19:16.022 UTC [TRACE] steampipe-plugin-hackernews.plugin: [TRACE] apply plugin defaults for DefaultRetryConfig
2023-02-21 07:19:16.022 UTC [TRACE] steampipe-plugin-hackernews.plugin: [TRACE] apply plugin defaults for DefaultIgnoreConfig, table &{<nil> <nil>} plugin &{<nil> <nil>}
2023-02-21 07:19:16.022 UTC [TRACE] steampipe-plugin-hackernews.plugin: [TRACE] DefaultRetryConfig:
2023-02-21 07:19:16.022 UTC [TRACE] steampipe-plugin-hackernews.plugin: [TRACE] DefaultIgnoreConfig:
2023-02-21 07:19:16.022 UTC [TRACE] steampipe-plugin-hackernews.plugin: [TRACE] t.Get.initialise
2023-02-21 07:19:16.022 UTC [TRACE] steampipe-plugin-hackernews.plugin: [TRACE] GetConfig.initialise table hackernews_best
2023-02-21 07:19:16.022 UTC [TRACE] steampipe-plugin-hackernews.plugin: [TRACE] GetConfig.initialise complete: RetryConfig: , IgnoreConfig:
2023-02-21 07:19:16.022 UTC [TRACE] steampipe-plugin-hackernews.plugin: [TRACE] t.List.initialise
2023-02-21 07:19:16.022 UTC [TRACE] steampipe-plugin-hackernews.plugin: [TRACE] ListConfig.initialise table hackernews_best
2023-02-21 07:19:16.022 UTC [TRACE] steampipe-plugin-hackernews.plugin: [TRACE] ListConfig.initialise complete: RetryConfig: , IgnoreConfig
2023-02-21 07:19:16.023 UTC [TRACE] steampipe-plugin-hackernews.plugin: [TRACE] HydrateConfig.initialise func getItem, table hackernews_best
2023-02-21 07:19:16.023 UTC [TRACE] steampipe-plugin-hackernews.plugin: [TRACE] HydrateConfig.initialise complete: RetryConfig: , IgnoreConfig:
2023-02-21 07:19:16.023 UTC [TRACE] steampipe-plugin-hackernews.plugin: [TRACE] back from initialiseHydrateConfigs
2023-02-21 07:19:16.023 UTC [TRACE] steampipe-plugin-hackernews.plugin: [TRACE] initialise table hackernews_best COMPLETE
2023-02-21 07:19:16.023 UTC [TRACE] steampipe-plugin-hackernews.plugin: [TRACE] initialise table hackernews_item
2023-02-21 07:19:16.023 UTC [TRACE] steampipe-plugin-hackernews.plugin: [TRACE] no DefaultRetryConfig defined - creating empty
2023-02-21 07:19:16.023 UTC [TRACE] steampipe-plugin-hackernews.plugin: [TRACE] no DefaultIgnoreConfig defined - creating empty
2023-02-21 07:19:16.023 UTC [TRACE] steampipe-plugin-hackernews.plugin: [TRACE] apply plugin defaults for DefaultRetryConfig
2023-02-21 07:19:16.023 UTC [TRACE] steampipe-plugin-hackernews.plugin: [TRACE] apply plugin defaults for DefaultIgnoreConfig, table &{<nil> <nil>} plugin &{<nil> <nil>}
2023-02-21 07:19:16.023 UTC [TRACE] steampipe-plugin-hackernews.plugin: [TRACE] DefaultRetryConfig:
2023-02-21 07:19:16.023 UTC [TRACE] steampipe-plugin-hackernews.plugin: [TRACE] DefaultIgnoreConfig:
2023-02-21 07:19:16.023 UTC [TRACE] steampipe-plugin-hackernews.plugin: [TRACE] t.Get.initialise
2023-02-21 07:19:16.023 UTC [TRACE] steampipe-plugin-hackernews.plugin: [TRACE] GetConfig.initialise table hackernews_item
2023-02-21 07:19:16.023 UTC [TRACE] steampipe-plugin-hackernews.plugin: [TRACE] GetConfig.initialise complete: RetryConfig: , IgnoreConfig:
2023-02-21 07:19:16.023 UTC [TRACE] steampipe-plugin-hackernews.plugin: [TRACE] t.List.initialise
2023-02-21 07:19:16.023 UTC [TRACE] steampipe-plugin-hackernews.plugin: [TRACE] ListConfig.initialise table hackernews_item
2023-02-21 07:19:16.023 UTC [TRACE] steampipe-plugin-hackernews.plugin: [TRACE] ListConfig.initialise complete: RetryConfig: , IgnoreConfig
2023-02-21 07:19:16.023 UTC [TRACE] steampipe-plugin-hackernews.plugin: [TRACE] HydrateConfig.initialise func getItem, table hackernews_item
2023-02-21 07:19:16.023 UTC [TRACE] steampipe-plugin-hackernews.plugin: [TRACE] HydrateConfig.initialise complete: RetryConfig: , IgnoreConfig:
2023-02-21 07:19:16.023 UTC [TRACE] steampipe-plugin-hackernews.plugin: [TRACE] back from initialiseHydrateConfigs
2023-02-21 07:19:16.023 UTC [TRACE] steampipe-plugin-hackernews.plugin: [TRACE] initialise table hackernews_item COMPLETE
2023-02-21 07:19:16.023 UTC [TRACE] steampipe-plugin-hackernews.plugin: [TRACE] validate plugin steampipe-plugin-hackernews, required columns []
2023-02-21 07:19:16.023 UTC [TRACE] steampipe-plugin-hackernews.plugin: [TRACE] validate DefaultRetryConfig
2023-02-21 07:19:16.023 UTC [TRACE] steampipe-plugin-hackernews.plugin: [TRACE] validate DefaultIgnoreConfig
2023-02-21 07:19:16.023 UTC [TRACE] steampipe-plugin-hackernews.plugin: [TRACE] validate table names
2023-02-21 07:19:16.023 UTC [TRACE] steampipe-plugin-hackernews.plugin: [TRACE] plugin has 0 validation errors
2023-02-21 07:19:16.023 UTC [TRACE] steampipe-plugin-hackernews.plugin: [TRACE] Plugin ensureCache creating cache, maxCacheStorageMb 0
2023-02-21 07:19:16.023 UTC [TRACE] steampipe-plugin-hackernews.plugin: [TRACE] createCacheStore for plugin 'steampipe-plugin-hackernews' setting max size to 0Mb, Shards: 2, max shard size: 0
2023-02-21 07:19:16.035 UTC [INFO]  steampipe-plugin-hackernews.plugin: [INFO]  query cache created
2023-02-21 07:19:16.035 UTC [DEBUG] steampipe-plugin-hackernews.plugin: [DEBUG] SetAllConnectionConfigs finished
2023-02-21 07:19:16.035 UTC [TRACE] PluginManager getPlugin complete, returning reattach config with PID: 2077
2023-02-21 07:19:16.035 UTC [TRACE] PluginManager Get returning reattach_map:{key:"hackernews"  value:{protocol:"grpc"  addr:{Network:"unix"  Address:"/tmp/plugin2426598785"}  pid:2077  supported_operations:{query_cache:true  multiple_connections:true}  connections:"hackernews"  plugin:"hub.steampipe.io/plugins/turbot/hackernews@latest"}}
2023-02-21 07:19:16.041 UTC [INFO]  steampipe-plugin-hackernews.plugin: [INFO]  1676963956643: Plugin Execute (1676963956643)
2023-02-21 07:19:16.041 UTC [TRACE] steampipe-plugin-hackernews.plugin: [TRACE] 1676963956643: No memory limit set
2023-02-21 07:19:16.041 UTC [INFO]  steampipe-plugin-hackernews.plugin: [INFO]  1676963956643: Plugin Execute, setting memory limit to -1Mb
2023-02-21 07:19:16.041 UTC [TRACE] steampipe-plugin-hackernews.plugin: [TRACE] 1676963956643: calling ExtractContextFromCarrier
2023-02-21 07:19:16.041 UTC [INFO]  steampipe-plugin-hackernews.plugin: [INFO]  1676963956643: Setting max concurrent connections to 25
2023-02-21 07:19:16.041 UTC [TRACE] steampipe-plugin-hackernews.plugin: [TRACE] 1676963956643: executeForConnection callId: 1676963956643, connectionCallId: hackernews-1676963956643, connection: hackernews table: hackernews_new cols: id,title,time,by,score,dead,deleted,descendants,kids,parent,parts,poll,text,type,url,_ctx
2023-02-21 07:19:16.041 UTC [TRACE] steampipe-plugin-hackernews.plugin: [TRACE] 1676963956643: got connection data
2023-02-21 07:19:16.041 UTC [TRACE] steampipe-plugin-hackernews.plugin: [TRACE] 1676963956643: Got query context, table: hackernews_new, cols: [id title time by score dead deleted descendants kids parent parts poll text type url _ctx]
2023-02-21 07:19:16.041 UTC [TRACE] steampipe-plugin-hackernews.plugin: [TRACE] 1676963956643: Start execute span
2023-02-21 07:19:16.042 UTC [INFO]  steampipe-plugin-hackernews.plugin: [INFO]  1676963956643: Setting free memory interval to 100 rows
2023-02-21 07:19:16.042 UTC [TRACE] steampipe-plugin-hackernews.plugin: [TRACE] 1676963956643: setFetchType map[time:quals:{fieldName:"time"  string_value:">"  value:{timestamp_value:{seconds:1676960355  nanos:914016000}}}]
2023-02-21 07:19:16.042 UTC [TRACE] steampipe-plugin-hackernews.plugin: [TRACE] 1676963956643: getMatchingQuals column:'id' operator: =
2023-02-21 07:19:16.042 UTC [TRACE] steampipe-plugin-hackernews.plugin: [TRACE] 1676963956643: getMatchingQuals returning false - qualMap does not contain any quals for column id
2023-02-21 07:19:16.043 UTC [TRACE] steampipe-plugin-hackernews.plugin: [TRACE] 1676963956643: GetUnsatisfiedKeyColumns for columns column:'id' operator: =
2023-02-21 07:19:16.043 UTC [TRACE] steampipe-plugin-hackernews.plugin: [TRACE] 1676963956643: key column NOT satisfied column:'id' operator: =
2023-02-21 07:19:16.043 UTC [TRACE] steampipe-plugin-hackernews.plugin: [TRACE] 1676963956643: satisfied: map[any_of: optional: required:]
2023-02-21 07:19:16.044 UTC [TRACE] steampipe-plugin-hackernews.plugin: [TRACE] 1676963956643: unsatisfied: map[any_of: optional: required:column:'id' operator: =]
2023-02-21 07:19:16.045 UTC [TRACE] steampipe-plugin-hackernews.plugin: [TRACE] 1676963956643: unsatisfied required KeyColumns: column:'id' operator: =
2023-02-21 07:19:16.045 UTC [TRACE] steampipe-plugin-hackernews.plugin: [TRACE] 1676963956643: Set fetchType to fetchTypeList
2023-02-21 07:19:16.045 UTC [TRACE] steampipe-plugin-hackernews.plugin: [TRACE] 1676963956643: Equals key column quals:
2023-02-21 07:19:16.045 UTC [DEBUG] steampipe-plugin-hackernews.plugin: {}
2023-02-21 07:19:16.045 UTC [TRACE] steampipe-plugin-hackernews.plugin: [TRACE] 1676963956643: All key column quals:
2023-02-21 07:19:16.045 UTC [DEBUG] steampipe-plugin-hackernews.plugin: {}
2023-02-21 07:19:16.045 UTC [TRACE] steampipe-plugin-hackernews.plugin: [TRACE] 1676963956643: GetMatrixItem
2023-02-21 07:19:16.045 UTC [TRACE] steampipe-plugin-hackernews.plugin: [TRACE] 1676963956643: creating query data
2023-02-21 07:19:16.045 UTC [INFO]  steampipe-plugin-hackernews.plugin: [INFO]  1676963956643: cacheEnabled, trying cache get (hackernews-1676963956643)
2023-02-21 07:19:16.045 UTC [TRACE] steampipe-plugin-hackernews.plugin: [TRACE] 1676963956643: QueryCache Get - indexBucketKey index__hackernewshackernews_new, quals
2023-02-21 07:19:16.045 UTC [TRACE] steampipe-plugin-hackernews.plugin: [TRACE] 1676963956643: QueryCache getCachedQueryResult - table hackernews_new, connectionName hackernews
2023-02-21 07:19:16.045 UTC [TRACE] steampipe-plugin-hackernews.plugin: [TRACE] 1676963956643: index bucket key: index__hackernewshackernews_new ttlSeconds 300 limit: -1
2023-02-21 07:19:16.045 UTC [TRACE] steampipe-plugin-hackernews.plugin: [TRACE] 1676963956643: doGet cache miss
2023-02-21 07:19:16.045 UTC [TRACE] steampipe-plugin-hackernews.plugin: [TRACE] 1676963956643: getCachedIndexBucket - no item retrieved for cache key index__hackernewshackernews_new
2023-02-21 07:19:16.045 UTC [TRACE] steampipe-plugin-hackernews.plugin: [TRACE] 1676963956643: getCachedQueryResult returned CACHE MISS - checking for pending transfers
2023-02-21 07:19:16.045 UTC [TRACE] steampipe-plugin-hackernews.plugin: [TRACE] 1676963956643: getPendingResultItem indexBucketKey index__hackernewshackernews_new, columns [id title time by score dead deleted descendants kids parent parts poll text type url _ctx], limit -1
2023-02-21 07:19:16.045 UTC [TRACE] steampipe-plugin-hackernews.plugin: [TRACE] 1676963956643: no pending index item - add pending result, indexBucketKey index__hackernewshackernews_new
2023-02-21 07:19:16.045 UTC [TRACE] steampipe-plugin-hackernews.plugin: [TRACE] 1676963956643: addPendingResult (hackernews-1676963956643) indexBucketKey index__hackernewshackernews_new, columns [id title time by score dead deleted descendants kids parent parts poll text type url _ctx], limit -1
2023-02-21 07:19:16.045 UTC [TRACE] steampipe-plugin-hackernews.plugin: [TRACE] 1676963956643: no index bucket found - creating one
2023-02-21 07:19:16.045 UTC [TRACE] steampipe-plugin-hackernews.plugin: [TRACE] 1676963956643: pendingIndexItem Lock count before 0
2023-02-21 07:19:16.045 UTC [TRACE] steampipe-plugin-hackernews.plugin: [TRACE] 1676963956643: addPendingResult added pending index item to bucket, (hackernews-1676963956643) indexBucketKey index__hackernewshackernews_new, resultKeyRoot hackernewshackernews_newid,title,time,by,score,dead,deleted,descendants,kids,parent,parts,poll,text,type,url,_ctx-1, pending item : 0xc000454810
2023-02-21 07:19:16.045 UTC [TRACE] steampipe-plugin-hackernews.plugin: [TRACE] 1676963956643: **** pending items (hackernews-1676963956643)****
2023-02-21 07:19:16.045 UTC [TRACE] steampipe-plugin-hackernews.plugin: [TRACE] 1676963956643: key: index__hackernewshackernews_new: item: 0xc000454810, count: 1, key:hackernewshackernews_newid,title,time,by,score,dead,deleted,descendants,kids,parent,parts,poll,text,type,url,_ctx-1
2023-02-21 07:19:16.045 UTC [TRACE] steampipe-plugin-hackernews.plugin: [TRACE] 1676963956643: ********
2023-02-21 07:19:16.045 UTC [TRACE] steampipe-plugin-hackernews.plugin: [TRACE] 1676963956643: getPendingResultItem returning <nil>
2023-02-21 07:19:16.045 UTC [INFO]  steampipe-plugin-hackernews.plugin: [INFO]  1676963956643: CACHE MISS
2023-02-21 07:19:16.045 UTC [TRACE] steampipe-plugin-hackernews.plugin: [TRACE] 1676963956643: cache MISS
2023-02-21 07:19:16.045 UTC [INFO]  steampipe-plugin-hackernews.plugin: [INFO]  1676963956643: queryCacheGet returned CACHE MISS (hackernews-1676963956643)
2023-02-21 07:19:16.045 UTC [TRACE] steampipe-plugin-hackernews.plugin: [TRACE] 1676963956643: StartSet (hackernews-1676963956643)
2023-02-21 07:19:16.045 UTC [TRACE] steampipe-plugin-hackernews.plugin: [TRACE] 1676963956643: calling fetchItems, table: hackernews_new, matrixItem: [], limit: -1,  connectionCallId: hackernews-1676963956643"
2023-02-21 07:19:16.045 UTC [TRACE] steampipe-plugin-hackernews.plugin: [TRACE] 1676963956643: buildRowsAsync connectionCallId: hackernews-1676963956643
2023-02-21 07:19:16.045 UTC [TRACE] steampipe-plugin-hackernews.plugin: [TRACE] 1676963956643: streamRows connectionCallId: hackernews-1676963956643
2023-02-21 07:19:16.045 UTC [TRACE] steampipe-plugin-hackernews.plugin: [TRACE] 1676963956643: executeListCall START (hackernews-1676963956643)
2023-02-21 07:19:16.045 UTC [TRACE] steampipe-plugin-hackernews.plugin: [TRACE] 1676963956643: GetUnsatisfiedKeyColumns for columns
2023-02-21 07:19:16.045 UTC [TRACE] steampipe-plugin-hackernews.plugin: [TRACE] 1676963956643: doList (hackernews-1676963956643)
2023-02-21 07:19:16.045 UTC [TRACE] steampipe-plugin-hackernews.plugin: [TRACE] 1676963956643: doList: no matrix item
2023-02-21 07:19:16.046 UTC [TRACE] steampipe-plugin-hackernews.plugin: [TRACE] 1676963956643: QueryData streamRows (hackernews-1676963956643)
2023-02-21 07:19:16.287 UTC [TRACE] steampipe-plugin-hackernews.plugin: [TRACE] 1676963956643: QueryData.fetchComplete
2023-02-21 07:19:16.287 UTC [TRACE] steampipe-plugin-hackernews.plugin: [TRACE] 1676963956643: executeListCall COMPLETE (hackernews-1676963956643)
2023-02-21 07:19:16.287 UTC [TRACE] steampipe-plugin-hackernews.plugin: [TRACE] 1676963956643: rowData chan returned nil - wait for rows to complete (hackernews-1676963956643)
2023-02-21 07:19:16.309 UTC [TRACE] stdio: received data: channel=STDOUT len=21
2023-02-21 07:19:16.309 UTC [TRACE] stdio: waiting for stdio data
2023-02-21 07:19:16.432 UTC [TRACE] stdio: received data: channel=STDOUT len=31
2023-02-21 07:19:16.432 UTC [TRACE] stdio: waiting for stdio data
2023-02-21 07:19:16.497 UTC [TRACE] stdio: received data: channel=STDOUT len=110
2023-02-21 07:19:16.497 UTC [TRACE] stdio: waiting for stdio data
2023-02-21 07:19:16.546 UTC [TRACE] stdio: received data: channel=STDOUT len=1024
2023-02-21 07:19:16.546 UTC [TRACE] stdio: waiting for stdio data
2023-02-21 07:19:16.558 UTC [TRACE] stdio: received data: channel=STDOUT len=334
2023-02-21 07:19:16.558 UTC [TRACE] stdio: waiting for stdio data
2023-02-21 07:19:16.719 UTC [TRACE] stdio: received data: channel=STDOUT len=750
2023-02-21 07:19:16.719 UTC [TRACE] stdio: waiting for stdio data
2023-02-21 07:19:16.730 UTC [TRACE] stdio: received data: channel=STDOUT len=870
2023-02-21 07:19:16.731 UTC [TRACE] stdio: waiting for stdio data
2023-02-21 07:19:16.733 UTC [TRACE] stdio: received data: channel=STDOUT len=760
2023-02-21 07:19:16.733 UTC [TRACE] stdio: waiting for stdio data
2023-02-21 07:19:16.734 UTC [TRACE] stdio: received data: channel=STDOUT len=22
2023-02-21 07:19:16.734 UTC [TRACE] stdio: waiting for stdio data
2023-02-21 07:19:16.744 UTC [TRACE] stdio: received data: channel=STDOUT len=17
2023-02-21 07:19:16.744 UTC [TRACE] stdio: waiting for stdio data
2023-02-21 07:19:16.746 UTC [TRACE] stdio: received data: channel=STDOUT len=87
2023-02-21 07:19:16.746 UTC [TRACE] stdio: waiting for stdio data
2023-02-21 07:19:16.748 UTC [TRACE] stdio: received data: channel=STDOUT len=17
2023-02-21 07:19:16.748 UTC [TRACE] stdio: waiting for stdio data
2023-02-21 07:19:16.754 UTC [TRACE] stdio: received data: channel=STDOUT len=17
2023-02-21 07:19:16.754 UTC [TRACE] stdio: waiting for stdio data
2023-02-21 07:19:16.757 UTC [TRACE] stdio: received data: channel=STDOUT len=23
2023-02-21 07:19:16.757 UTC [TRACE] stdio: waiting for stdio data
2023-02-21 07:19:16.758 UTC [TRACE] stdio: received data: channel=STDOUT len=13
2023-02-21 07:19:16.758 UTC [TRACE] stdio: waiting for stdio data
2023-02-21 07:19:16.760 UTC [TRACE] stdio: received data: channel=STDOUT len=15
2023-02-21 07:19:16.760 UTC [TRACE] stdio: waiting for stdio data
2023-02-21 07:19:16.760 UTC [TRACE] stdio: received data: channel=STDOUT len=15
2023-02-21 07:19:16.760 UTC [TRACE] stdio: waiting for stdio data
2023-02-21 07:19:16.763 UTC [TRACE] stdio: received data: channel=STDOUT len=17
2023-02-21 07:19:16.763 UTC [TRACE] stdio: waiting for stdio data
2023-02-21 07:19:16.764 UTC [TRACE] stdio: received data: channel=STDOUT len=13
2023-02-21 07:19:16.764 UTC [TRACE] stdio: waiting for stdio data
2023-02-21 07:19:16.766 UTC [TRACE] stdio: received data: channel=STDOUT len=15
2023-02-21 07:19:16.766 UTC [TRACE] stdio: waiting for stdio data
2023-02-21 07:19:16.766 UTC [TRACE] stdio: received data: channel=STDOUT len=17
2023-02-21 07:19:16.766 UTC [TRACE] stdio: waiting for stdio data
2023-02-21 07:19:16.769 UTC [TRACE] stdio: received data: channel=STDOUT len=15
2023-02-21 07:19:16.769 UTC [TRACE] stdio: waiting for stdio data
2023-02-21 07:19:16.774 UTC [TRACE] stdio: received data: channel=STDOUT len=14
2023-02-21 07:19:16.774 UTC [TRACE] stdio: waiting for stdio data
2023-02-21 07:19:16.776 UTC [TRACE] stdio: received data: channel=STDOUT len=74
2023-02-21 07:19:16.776 UTC [TRACE] stdio: waiting for stdio data
2023-02-21 07:19:16.778 UTC [TRACE] stdio: received data: channel=STDOUT len=92
2023-02-21 07:19:16.778 UTC [TRACE] stdio: waiting for stdio data
2023-02-21 07:19:16.780 UTC [TRACE] stdio: received data: channel=STDOUT len=177
2023-02-21 07:19:16.780 UTC [TRACE] stdio: waiting for stdio data
2023-02-21 07:19:16.781 UTC [TRACE] steampipe-plugin-hackernews.plugin: [TRACE] 1676963956643: buildRowsAsync goroutine returning (hackernews-1676963956643)
2023-02-21 07:19:16.781 UTC [TRACE] steampipe-plugin-hackernews.plugin: [TRACE] 1676963956643: streamRows - nil row, stop streaming (hackernews-1676963956643)
2023-02-21 07:19:16.781 UTC [TRACE] steampipe-plugin-hackernews.plugin: [TRACE] 1676963956643: ------------------------------------
2023-02-21 07:19:16.781 UTC [TRACE] steampipe-plugin-hackernews.plugin: [TRACE] 1676963956643: Concurrency Summary
2023-02-21 07:19:16.781 UTC [TRACE] steampipe-plugin-hackernews.plugin: [TRACE] 1676963956643: ------------------------------------
2023-02-21 07:19:16.781 UTC [TRACE] steampipe-plugin-hackernews.plugin: [TRACE] 1676963956643: getItem                       : 200
2023-02-21 07:19:16.781 UTC [TRACE] steampipe-plugin-hackernews.plugin: [TRACE] 1676963956643: ------------------------------------
2023-02-21 07:19:16.781 UTC [TRACE] steampipe-plugin-hackernews.plugin: [TRACE] 1676963956643: Total                         : 200
2023-02-21 07:19:16.781 UTC [TRACE] steampipe-plugin-hackernews.plugin: [TRACE] 1676963956643: ------------------------------------
2023-02-21 07:19:16.781 UTC [TRACE] steampipe-plugin-hackernews.plugin: [TRACE] 1676963956643: QueryData streamRows DONE (hackernews-1676963956643)
2023-02-21 07:19:16.781 UTC [TRACE] steampipe-plugin-hackernews.plugin: [TRACE] 1676963956643: EndSet (hackernews-1676963956643) table hackernews_new
2023-02-21 07:19:16.781 UTC [TRACE] steampipe-plugin-hackernews.plugin: [TRACE] 1676963956643: QueryCache writePageToCache: 500 rows, pageCount 1, page key hackernewshackernews_newid,title,time,by,score,dead,deleted,descendants,kids,parent,parts,poll,text,type,url,_ctx-1-0
2023-02-21 07:19:16.788 UTC [TRACE] steampipe-plugin-hackernews.plugin: [TRACE] 1676963956643: writePageToCache Set - result written
2023-02-21 07:19:16.788 UTC [TRACE] steampipe-plugin-hackernews.plugin: [TRACE] 1676963956643: QueryCache EndSet - result written
2023-02-21 07:19:16.788 UTC [TRACE] steampipe-plugin-hackernews.plugin: [TRACE] 1676963956643: doGet cache miss
2023-02-21 07:19:16.788 UTC [TRACE] steampipe-plugin-hackernews.plugin: [TRACE] 1676963956643: getCachedIndexBucket - no item retrieved for cache key index__hackernewshackernews_new
2023-02-21 07:19:16.788 UTC [TRACE] steampipe-plugin-hackernews.plugin: [TRACE] 1676963956643: getCachedIndexBucket returned cache miss
2023-02-21 07:19:16.788 UTC [TRACE] steampipe-plugin-hackernews.plugin: [TRACE] 1676963956643: QueryCache EndSet - Added index item (0xc01aa56d20) to bucket (0xc01a98a8b8), page count 1,  key root hackernewshackernews_newid,title,time,by,score,dead,deleted,descendants,kids,parent,parts,poll,text,type,url,_ctx-1
2023-02-21 07:19:16.788 UTC [TRACE] steampipe-plugin-hackernews.plugin: [TRACE] 1676963956643: cacheSetIndexBucket index__hackernewshackernews_new
2023-02-21 07:19:16.788 UTC [TRACE] steampipe-plugin-hackernews.plugin: [TRACE] 1676963956643: QueryCache EndSet - IndexBucket written
2023-02-21 07:19:16.788 UTC [TRACE] steampipe-plugin-hackernews.plugin: [TRACE] 1676963956643: EndSet DEFER (hackernews-1676963956643) table hackernews_new
2023-02-21 07:19:16.788 UTC [TRACE] steampipe-plugin-hackernews.plugin: [TRACE] 1676963956643: calling pendingItemComplete (hackernews-1676963956643)
2023-02-21 07:19:16.788 UTC [TRACE] steampipe-plugin-hackernews.plugin: [TRACE] 1676963956643: pendingItemComplete (hackernews-1676963956643) indexBucketKey index__hackernewshackernews_new, columns [id title time by score dead deleted descendants kids parent parts poll text type url _ctx], limit -1
2023-02-21 07:19:16.788 UTC [TRACE] steampipe-plugin-hackernews.plugin: [TRACE] 1676963956643: got pending index bucket, (hackernews-1676963956643) len 1
2023-02-21 07:19:16.788 UTC [TRACE] steampipe-plugin-hackernews.plugin: [TRACE] 1676963956643: SatisfiesLimit limit -1, no item limit - satisfied
2023-02-21 07:19:16.788 UTC [TRACE] steampipe-plugin-hackernews.plugin: [TRACE] 1676963956643: found pending index item to satisfy columns id,title,time,by,score,dead,deleted,descendants,kids,parent,parts,poll,text,type,url,_ctx, limit -1
2023-02-21 07:19:16.788 UTC [TRACE] steampipe-plugin-hackernews.plugin: [TRACE] 1676963956643: found completed pending item (hackernews-1676963956643) 0xc000454810, key hackernewshackernews_newid,title,time,by,score,dead,deleted,descendants,kids,parent,parts,poll,text,type,url,_ctx-1 - removing from map as it is complete
2023-02-21 07:19:16.788 UTC [TRACE] steampipe-plugin-hackernews.plugin: [TRACE] 1676963956643: pendingIndexItem Unlock count before 1 key hackernewshackernews_newid,title,time,by,score,dead,deleted,descendants,kids,parent,parts,poll,text,type,url,_ctx-1
2023-02-21 07:19:16.788 UTC [TRACE] steampipe-plugin-hackernews.plugin: [TRACE] 1676963956643: deleted from pending, (hackernews-1676963956643) len 0
2023-02-21 07:19:16.788 UTC [TRACE] steampipe-plugin-hackernews.plugin: [TRACE] 1676963956643: pending bucket now empty - deleting key index__hackernewshackernews_new
2023-02-21 07:19:16.788 UTC [TRACE] steampipe-plugin-hackernews.plugin: [TRACE] 1676963956643: pendingItemComplete done (hackernews-1676963956643)
2023-02-21 07:19:16.789 UTC [TRACE] steampipe-plugin-hackernews.plugin: [TRACE] 1676963956643: cache set succeeded
2023-02-21 07:19:16.789 UTC [TRACE] steampipe-plugin-hackernews.plugin: [TRACE] 1676963956643: End execute span
2023-02-21 07:19:16.789 UTC [TRACE] steampipe-plugin-hackernews.plugin: [TRACE] 1676963956643: executeForConnection DEFER (hackernews-1676963956643)
2023-02-21 07:19:16.789 UTC [TRACE] steampipe-plugin-hackernews.plugin: [TRACE] 1676963956643: Execute complete callId: hackernews-1676963956643 table: hackernews_new
2023-02-21 07:19:16.789 UTC [TRACE] steampipe-plugin-hackernews.plugin: [TRACE] 1676963956643: executeForConnection hackernews returned
2023-02-21 07:19:16.789 UTC [TRACE] steampipe-plugin-hackernews.plugin: [TRACE] 1676963956643: output wg complete - send nil row
2023-02-21 07:19:16.789 UTC [TRACE] steampipe-plugin-hackernews.plugin: [TRACE] 1676963956643: empty row on output channel - we are done
2023-02-21 07:19:16.789 UTC [INFO]  steampipe-plugin-hackernews.plugin: [INFO]  1676963956643: Plugin Execute complete (1676963956643)
2023-02-21 07:19:16.813 UTC [TRACE] PluginManager Shutdown
2023-02-21 07:19:16.813 UTC [TRACE] killing plugin csv (2054)
2023-02-21 07:19:16.814 UTC [TRACE] steampipe-plugin-csv.plugin: [TRACE] FLUSHING instrumentation
2023-02-21 07:19:16.814 UTC [TRACE] steampipe-plugin-csv.plugin: [TRACE] Shutdown instrumentation
2023-02-21 07:19:16.814 UTC [DEBUG] stdio: received EOF, stopping recv loop: err="rpc error: code = Unavailable desc = error reading from server: EOF"
2023-02-21 07:19:16.815 UTC [INFO]  plugin process exited: path=/home/runner/.steampipe/plugins/hub.steampipe.io/plugins/turbot/csv@latest/steampipe-plugin-csv.plugin pid=2054
2023-02-21 07:19:16.815 UTC [DEBUG] plugin exited
2023-02-21 07:19:16.815 UTC [TRACE] killing plugin hackernews (2077)
2023-02-21 07:19:16.823 UTC [DEBUG] stdio: received EOF, stopping recv loop: err="rpc error: code = Unavailable desc = error reading from server: EOF"
2023-02-21 07:19:16.823 UTC [TRACE] steampipe-plugin-hackernews.plugin: [TRACE] 1676963956643: FLUSHING instrumentation
2023-02-21 07:19:16.823 UTC [TRACE] steampipe-plugin-hackernews.plugin: [TRACE] 1676963956643: Shutdown instrumentation
2023-02-21 07:19:16.826 UTC [INFO]  plugin process exited: path=/home/runner/.steampipe/plugins/hub.steampipe.io/plugins/turbot/hackernews@latest/steampipe-plugin-hackernews.plugin pid=2077
2023-02-21 07:19:16.826 UTC [DEBUG] plugin exited
2023-02-21 07:19:23.009 UTC [WARN]  steampipe-plugin-csv.plugin: [WARN]  1676963963961: getKeyColumnsForTable found no schema for table '/home/runner/work/steampipe-samples/steampipe-samples/all/hackernews/hn.csv'
2023-02-21 07:20:02.963 UTC [WARN]  steampipe-plugin-csv.plugin: [WARN]  1676964002159: getKeyColumnsForTable found no schema for table '/home/runner/work/steampipe-samples/steampipe-samples/all/hackernews/hn.csv'
2023-02-21 07:22:24.336 UTC [ERROR] steampipe-plugin-csv.plugin: [ERROR] csv.tableCSV: header_parse_error=EOF path=/home/runner/work/steampipe-samples/steampipe-samples/all/hackernews/new_sc.csv header=[]
2023-02-21 07:22:24.336 UTC [ERROR] steampipe-plugin-csv.plugin: [ERROR] csv.PluginTables: create_table_error="failed to parse file header /home/runner/work/steampipe-samples/steampipe-samples/all/hackernews/new_sc.csv: EOF" path=/home/runner/work/steampipe-samples/steampipe-samples/all/hackernews/new_sc.csv
2023-02-21 07:22:24.336 UTC [WARN]  failed to set connection config: failed to parse file header /home/runner/work/steampipe-samples/steampipe-samples/all/hackernews/new_sc.csv: EOF
2023-02-21 07:22:25.188 UTC [WARN]  steampipe-plugin-csv.plugin: [WARN]  1676964145842: getKeyColumnsForTable found no schema for table '/home/runner/work/steampipe-samples/steampipe-samples/all/hackernews/new_sc.csv'
2023-02-21 07:22:30.006 UTC [ERROR] steampipe-plugin-csv.plugin: [ERROR] csv.tableCSV: header_parse_error=EOF path=/home/runner/work/steampipe-samples/steampipe-samples/all/hackernews/hn_items_all.csv header=[]
2023-02-21 07:22:30.006 UTC [ERROR] steampipe-plugin-csv.plugin: [ERROR] csv.PluginTables: create_table_error="failed to parse file header /home/runner/work/steampipe-samples/steampipe-samples/all/hackernews/hn_items_all.csv: EOF" path=/home/runner/work/steampipe-samples/steampipe-samples/all/hackernews/hn_items_all.csv
2023-02-21 07:22:30.006 UTC [WARN]  failed to set connection config: failed to parse file header /home/runner/work/steampipe-samples/steampipe-samples/all/hackernews/hn_items_all.csv: EOF
