2023-01-21 13:20:01.888 UTC [INFO]  starting plugin manager
2023-01-21 13:20:01.889 UTC [TRACE] loaded config map: csv,github,hackernews,net
2023-01-21 13:20:01.889 UTC [TRACE] NewPluginManager
2023-01-21 13:20:01.890 UTC [TRACE] PluginManager setPluginCacheSizeMap: 4 connections.
2023-01-21 13:20:01.890 UTC [TRACE] Total cache size 0Mb
2023-01-21 13:20:01.890 UTC [INFO]  starting connection watcher
2023-01-21 13:20:01.891 UTC [INFO]  created ConnectionWatcher
2023-01-21 13:20:01.891 UTC [TRACE] about to serve
2023-01-21 13:20:01.949 UTC [TRACE] PluginManager Get, connections: '[csv]'
2023-01-21 13:20:01.949 UTC [TRACE] PluginManager getPlugin hub.steampipe.io/plugins/turbot/csv@latest connection 'csv'
2023-01-21 13:20:01.949 UTC [TRACE] PluginManager 0xc00073f220 plugin hub.steampipe.io/plugins/turbot/csv@latest (csv) NOT started or starting - start now
2023-01-21 13:20:01.949 UTC [TRACE] ************ start plugin csv ********************
2023-01-21 13:20:01.949 UTC [TRACE] ************ plugin path /home/runner/.steampipe/plugins/hub.steampipe.io/plugins/turbot/csv@latest/steampipe-plugin-csv.plugin ********************
2023-01-21 13:20:02.008 UTC [DEBUG] starting plugin: path=/home/runner/.steampipe/plugins/hub.steampipe.io/plugins/turbot/csv@latest/steampipe-plugin-csv.plugin args=["/home/runner/.steampipe/plugins/hub.steampipe.io/plugins/turbot/csv@latest/steampipe-plugin-csv.plugin"]
2023-01-21 13:20:02.009 UTC [DEBUG] plugin started: path=/home/runner/.steampipe/plugins/hub.steampipe.io/plugins/turbot/csv@latest/steampipe-plugin-csv.plugin pid=1977
2023-01-21 13:20:02.009 UTC [DEBUG] waiting for RPC address: path=/home/runner/.steampipe/plugins/hub.steampipe.io/plugins/turbot/csv@latest/steampipe-plugin-csv.plugin
2023-01-21 13:20:02.017 UTC [INFO]  steampipe-plugin-csv.plugin: [INFO]  Initialise plugin 'steampipe-plugin-csv', using sdk version 4.1.8
2023-01-21 13:20:02.017 UTC [TRACE] steampipe-plugin-csv.plugin: [TRACE] no DefaultRetryConfig defined - creating empty
2023-01-21 13:20:02.017 UTC [TRACE] steampipe-plugin-csv.plugin: [TRACE] no DefaultIgnoreConfig defined - creating empty
2023-01-21 13:20:02.018 UTC [TRACE] steampipe-plugin-csv.plugin: [TRACE] telemetry.Init service 'steampipe-plugin-csv', tracingEnabled: false, metricsEnabled: false
2023-01-21 13:20:02.018 UTC [TRACE] steampipe-plugin-csv.plugin: [TRACE] metrics and tracing disabled' - returning
2023-01-21 13:20:02.018 UTC [DEBUG] using plugin: version=0
2023-01-21 13:20:02.018 UTC [TRACE] NewPluginClient for plugin hub.steampipe.io/plugins/turbot/csv@latest
2023-01-21 13:20:02.018 UTC [DEBUG] steampipe-plugin-csv.plugin: plugin address: address=/tmp/plugin2501640485 network=unix timestamp=2023-01-21T13:20:02.018Z
2023-01-21 13:20:02.019 UTC [TRACE] stdio: waiting for stdio data
2023-01-21 13:20:02.021 UTC [TRACE] supportedOperations: query_cache:true  multiple_connections:true
2023-01-21 13:20:02.021 UTC [TRACE] steampipe-plugin-csv.plugin: [TRACE] SetAllConnectionConfigs setting 1 configs
2023-01-21 13:20:02.021 UTC [TRACE] steampipe-plugin-csv.plugin: [TRACE] connection csv build schema and table map
2023-01-21 13:20:02.021 UTC [DEBUG] steampipe-plugin-csv.plugin: [DEBUG] csv.tableCSV: path=/home/runner/work/steampipe-samples/steampipe-samples/all/hackernews/hn_items_all.csv detected_encoding=Unknown
2023-01-21 13:20:02.022 UTC [DEBUG] steampipe-plugin-csv.plugin: [DEBUG] csv.tableCSV: path=/home/runner/work/steampipe-samples/steampipe-samples/all/hackernews/new_sc.csv detected_encoding=Unknown
2023-01-21 13:20:02.022 UTC [DEBUG] steampipe-plugin-csv.plugin: [DEBUG] csv.tableCSV: path=/home/runner/work/steampipe-samples/steampipe-samples/all/hackernews/people.csv detected_encoding=Unknown
2023-01-21 13:20:02.022 UTC [TRACE] steampipe-plugin-csv.plugin: [TRACE] initialise table /home/runner/work/steampipe-samples/steampipe-samples/all/hackernews/hn_items_all.csv
2023-01-21 13:20:02.022 UTC [TRACE] steampipe-plugin-csv.plugin: [TRACE] no DefaultRetryConfig defined - creating empty
2023-01-21 13:20:02.022 UTC [TRACE] steampipe-plugin-csv.plugin: [TRACE] no DefaultIgnoreConfig defined - creating empty
2023-01-21 13:20:02.022 UTC [TRACE] steampipe-plugin-csv.plugin: [TRACE] apply plugin defaults for DefaultRetryConfig
2023-01-21 13:20:02.022 UTC [TRACE] steampipe-plugin-csv.plugin: [TRACE] apply plugin defaults for DefaultIgnoreConfig, table &{<nil> <nil>} plugin &{<nil> <nil>}
2023-01-21 13:20:02.022 UTC [TRACE] steampipe-plugin-csv.plugin: [TRACE] DefaultRetryConfig:
2023-01-21 13:20:02.022 UTC [TRACE] steampipe-plugin-csv.plugin: [TRACE] DefaultIgnoreConfig:
2023-01-21 13:20:02.022 UTC [TRACE] steampipe-plugin-csv.plugin: [TRACE] t.List.initialise
2023-01-21 13:20:02.022 UTC [TRACE] steampipe-plugin-csv.plugin: [TRACE] ListConfig.initialise table /home/runner/work/steampipe-samples/steampipe-samples/all/hackernews/hn_items_all.csv
2023-01-21 13:20:02.022 UTC [TRACE] steampipe-plugin-csv.plugin: [TRACE] ListConfig.initialise complete: RetryConfig: , IgnoreConfig
2023-01-21 13:20:02.022 UTC [TRACE] steampipe-plugin-csv.plugin: [TRACE] back from initialiseHydrateConfigs
2023-01-21 13:20:02.022 UTC [TRACE] steampipe-plugin-csv.plugin: [TRACE] initialise table /home/runner/work/steampipe-samples/steampipe-samples/all/hackernews/hn_items_all.csv COMPLETE
2023-01-21 13:20:02.022 UTC [TRACE] steampipe-plugin-csv.plugin: [TRACE] initialise table /home/runner/work/steampipe-samples/steampipe-samples/all/hackernews/new_sc.csv
2023-01-21 13:20:02.022 UTC [TRACE] steampipe-plugin-csv.plugin: [TRACE] no DefaultRetryConfig defined - creating empty
2023-01-21 13:20:02.022 UTC [TRACE] steampipe-plugin-csv.plugin: [TRACE] no DefaultIgnoreConfig defined - creating empty
2023-01-21 13:20:02.022 UTC [TRACE] steampipe-plugin-csv.plugin: [TRACE] apply plugin defaults for DefaultRetryConfig
2023-01-21 13:20:02.022 UTC [TRACE] steampipe-plugin-csv.plugin: [TRACE] apply plugin defaults for DefaultIgnoreConfig, table &{<nil> <nil>} plugin &{<nil> <nil>}
2023-01-21 13:20:02.022 UTC [TRACE] steampipe-plugin-csv.plugin: [TRACE] DefaultRetryConfig:
2023-01-21 13:20:02.022 UTC [TRACE] steampipe-plugin-csv.plugin: [TRACE] DefaultIgnoreConfig:
2023-01-21 13:20:02.022 UTC [TRACE] steampipe-plugin-csv.plugin: [TRACE] t.List.initialise
2023-01-21 13:20:02.022 UTC [TRACE] steampipe-plugin-csv.plugin: [TRACE] ListConfig.initialise table /home/runner/work/steampipe-samples/steampipe-samples/all/hackernews/new_sc.csv
2023-01-21 13:20:02.022 UTC [TRACE] steampipe-plugin-csv.plugin: [TRACE] ListConfig.initialise complete: RetryConfig: , IgnoreConfig
2023-01-21 13:20:02.022 UTC [TRACE] steampipe-plugin-csv.plugin: [TRACE] back from initialiseHydrateConfigs
2023-01-21 13:20:02.022 UTC [TRACE] steampipe-plugin-csv.plugin: [TRACE] initialise table /home/runner/work/steampipe-samples/steampipe-samples/all/hackernews/new_sc.csv COMPLETE
2023-01-21 13:20:02.022 UTC [TRACE] steampipe-plugin-csv.plugin: [TRACE] initialise table /home/runner/work/steampipe-samples/steampipe-samples/all/hackernews/people.csv
2023-01-21 13:20:02.022 UTC [TRACE] steampipe-plugin-csv.plugin: [TRACE] no DefaultRetryConfig defined - creating empty
2023-01-21 13:20:02.022 UTC [TRACE] steampipe-plugin-csv.plugin: [TRACE] no DefaultIgnoreConfig defined - creating empty
2023-01-21 13:20:02.022 UTC [TRACE] steampipe-plugin-csv.plugin: [TRACE] apply plugin defaults for DefaultRetryConfig
2023-01-21 13:20:02.022 UTC [TRACE] steampipe-plugin-csv.plugin: [TRACE] apply plugin defaults for DefaultIgnoreConfig, table &{<nil> <nil>} plugin &{<nil> <nil>}
2023-01-21 13:20:02.022 UTC [TRACE] steampipe-plugin-csv.plugin: [TRACE] DefaultRetryConfig:
2023-01-21 13:20:02.022 UTC [TRACE] steampipe-plugin-csv.plugin: [TRACE] DefaultIgnoreConfig:
2023-01-21 13:20:02.022 UTC [TRACE] steampipe-plugin-csv.plugin: [TRACE] t.List.initialise
2023-01-21 13:20:02.022 UTC [TRACE] steampipe-plugin-csv.plugin: [TRACE] ListConfig.initialise table /home/runner/work/steampipe-samples/steampipe-samples/all/hackernews/people.csv
2023-01-21 13:20:02.022 UTC [TRACE] steampipe-plugin-csv.plugin: [TRACE] ListConfig.initialise complete: RetryConfig: , IgnoreConfig
2023-01-21 13:20:02.022 UTC [TRACE] steampipe-plugin-csv.plugin: [TRACE] back from initialiseHydrateConfigs
2023-01-21 13:20:02.022 UTC [TRACE] steampipe-plugin-csv.plugin: [TRACE] initialise table /home/runner/work/steampipe-samples/steampipe-samples/all/hackernews/people.csv COMPLETE
2023-01-21 13:20:02.022 UTC [TRACE] steampipe-plugin-csv.plugin: [TRACE] validate plugin steampipe-plugin-csv, required columns []
2023-01-21 13:20:02.022 UTC [TRACE] steampipe-plugin-csv.plugin: [TRACE] validate DefaultRetryConfig
2023-01-21 13:20:02.022 UTC [TRACE] steampipe-plugin-csv.plugin: [TRACE] validate DefaultIgnoreConfig
2023-01-21 13:20:02.022 UTC [TRACE] steampipe-plugin-csv.plugin: [TRACE] validate table names
2023-01-21 13:20:02.022 UTC [TRACE] steampipe-plugin-csv.plugin: [TRACE] plugin has 0 validation errors
2023-01-21 13:20:02.022 UTC [TRACE] steampipe-plugin-csv.plugin: [TRACE] Plugin ensureCache creating cache, maxCacheStorageMb 0
2023-01-21 13:20:02.022 UTC [TRACE] steampipe-plugin-csv.plugin: [TRACE] createCacheStore for plugin 'steampipe-plugin-csv' setting max size to 0Mb, Shards: 2, max shard size: 0
2023-01-21 13:20:02.036 UTC [INFO]  steampipe-plugin-csv.plugin: [INFO]  query cache created
2023-01-21 13:20:02.036 UTC [DEBUG] steampipe-plugin-csv.plugin: [DEBUG] SetAllConnectionConfigs finished
2023-01-21 13:20:02.036 UTC [TRACE] PluginManager getPlugin complete, returning reattach config with PID: 1977
2023-01-21 13:20:02.036 UTC [TRACE] PluginManager Get returning reattach_map:{key:"csv"  value:{protocol:"grpc"  addr:{Network:"unix"  Address:"/tmp/plugin2501640485"}  pid:1977  supported_operations:{query_cache:true  multiple_connections:true}  connections:"csv"  plugin:"hub.steampipe.io/plugins/turbot/csv@latest"}}
2023-01-21 13:20:02.072 UTC [TRACE] PluginManager Get, connections: '[csv]'
2023-01-21 13:20:02.072 UTC [TRACE] PluginManager getPlugin hub.steampipe.io/plugins/turbot/csv@latest connection 'csv'
2023-01-21 13:20:02.072 UTC [TRACE] connection csv found in connectionPluginMap
2023-01-21 13:20:02.072 UTC [TRACE] initialized: 1977
2023-01-21 13:20:02.072 UTC [TRACE] initialized: 1977
2023-01-21 13:20:02.072 UTC [TRACE] connection csv is loaded, check for running PID
2023-01-21 13:20:02.072 UTC [TRACE] PluginManager found 'csv' in map, pid 1977
2023-01-21 13:20:02.072 UTC [TRACE] PluginManager Get returning reattach_map:{key:"csv"  value:{protocol:"grpc"  addr:{Network:"unix"  Address:"/tmp/plugin2501640485"}  pid:1977  supported_operations:{query_cache:true  multiple_connections:true}  connections:"csv"  plugin:"hub.steampipe.io/plugins/turbot/csv@latest"}}
2023-01-21 13:20:02.126 UTC [TRACE] PluginManager Get, connections: '[hackernews]'
2023-01-21 13:20:02.126 UTC [TRACE] PluginManager getPlugin hub.steampipe.io/plugins/turbot/hackernews@latest connection 'hackernews'
2023-01-21 13:20:02.126 UTC [TRACE] PluginManager 0xc00073f220 plugin hub.steampipe.io/plugins/turbot/hackernews@latest (hackernews) NOT started or starting - start now
2023-01-21 13:20:02.126 UTC [TRACE] ************ start plugin hackernews ********************
2023-01-21 13:20:02.126 UTC [TRACE] ************ plugin path /home/runner/.steampipe/plugins/hub.steampipe.io/plugins/turbot/hackernews@latest/steampipe-plugin-hackernews.plugin ********************
2023-01-21 13:20:02.188 UTC [DEBUG] starting plugin: path=/home/runner/.steampipe/plugins/hub.steampipe.io/plugins/turbot/hackernews@latest/steampipe-plugin-hackernews.plugin args=["/home/runner/.steampipe/plugins/hub.steampipe.io/plugins/turbot/hackernews@latest/steampipe-plugin-hackernews.plugin"]
2023-01-21 13:20:02.188 UTC [DEBUG] plugin started: path=/home/runner/.steampipe/plugins/hub.steampipe.io/plugins/turbot/hackernews@latest/steampipe-plugin-hackernews.plugin pid=2003
2023-01-21 13:20:02.188 UTC [DEBUG] waiting for RPC address: path=/home/runner/.steampipe/plugins/hub.steampipe.io/plugins/turbot/hackernews@latest/steampipe-plugin-hackernews.plugin
2023-01-21 13:20:02.197 UTC [INFO]  steampipe-plugin-hackernews.plugin: [INFO]  Initialise plugin 'steampipe-plugin-hackernews', using sdk version 4.1.7
2023-01-21 13:20:02.197 UTC [TRACE] steampipe-plugin-hackernews.plugin: [TRACE] defaulting SchemaMode to SchemaModeStatic
2023-01-21 13:20:02.197 UTC [TRACE] steampipe-plugin-hackernews.plugin: [TRACE] no DefaultRetryConfig defined - creating empty
2023-01-21 13:20:02.197 UTC [TRACE] steampipe-plugin-hackernews.plugin: [TRACE] no DefaultIgnoreConfig defined - creating empty
2023-01-21 13:20:02.197 UTC [TRACE] steampipe-plugin-hackernews.plugin: [TRACE] Setting Ulimit: ulimit=2560
2023-01-21 13:20:02.199 UTC [TRACE] steampipe-plugin-hackernews.plugin: [TRACE] telemetry.Init service 'steampipe-plugin-hackernews', tracingEnabled: false, metricsEnabled: false
2023-01-21 13:20:02.200 UTC [TRACE] steampipe-plugin-hackernews.plugin: [TRACE] metrics and tracing disabled' - returning
2023-01-21 13:20:02.200 UTC [DEBUG] steampipe-plugin-hackernews.plugin: plugin address: address=/tmp/plugin3897762943 network=unix timestamp=2023-01-21T13:20:02.200Z
2023-01-21 13:20:02.200 UTC [DEBUG] using plugin: version=0
2023-01-21 13:20:02.200 UTC [TRACE] NewPluginClient for plugin hub.steampipe.io/plugins/turbot/hackernews@latest
2023-01-21 13:20:02.201 UTC [TRACE] stdio: waiting for stdio data
2023-01-21 13:20:02.201 UTC [TRACE] supportedOperations: query_cache:true  multiple_connections:true
2023-01-21 13:20:02.202 UTC [TRACE] steampipe-plugin-hackernews.plugin: [TRACE] SetAllConnectionConfigs setting 1 configs
2023-01-21 13:20:02.202 UTC [TRACE] steampipe-plugin-hackernews.plugin: [TRACE] connection hackernews build schema and table map
2023-01-21 13:20:02.202 UTC [TRACE] steampipe-plugin-hackernews.plugin: [TRACE] initialise table hackernews_job
2023-01-21 13:20:02.202 UTC [TRACE] steampipe-plugin-hackernews.plugin: [TRACE] no DefaultRetryConfig defined - creating empty
2023-01-21 13:20:02.202 UTC [TRACE] steampipe-plugin-hackernews.plugin: [TRACE] no DefaultIgnoreConfig defined - creating empty
2023-01-21 13:20:02.202 UTC [TRACE] steampipe-plugin-hackernews.plugin: [TRACE] apply plugin defaults for DefaultRetryConfig
2023-01-21 13:20:02.202 UTC [TRACE] steampipe-plugin-hackernews.plugin: [TRACE] apply plugin defaults for DefaultIgnoreConfig, table &{<nil> <nil>} plugin &{<nil> <nil>}
2023-01-21 13:20:02.202 UTC [TRACE] steampipe-plugin-hackernews.plugin: [TRACE] DefaultRetryConfig:
2023-01-21 13:20:02.202 UTC [TRACE] steampipe-plugin-hackernews.plugin: [TRACE] DefaultIgnoreConfig:
2023-01-21 13:20:02.202 UTC [TRACE] steampipe-plugin-hackernews.plugin: [TRACE] t.Get.initialise
2023-01-21 13:20:02.202 UTC [TRACE] steampipe-plugin-hackernews.plugin: [TRACE] GetConfig.initialise table hackernews_job
2023-01-21 13:20:02.202 UTC [TRACE] steampipe-plugin-hackernews.plugin: [TRACE] GetConfig.initialise complete: RetryConfig: , IgnoreConfig:
2023-01-21 13:20:02.202 UTC [TRACE] steampipe-plugin-hackernews.plugin: [TRACE] t.List.initialise
2023-01-21 13:20:02.202 UTC [TRACE] steampipe-plugin-hackernews.plugin: [TRACE] ListConfig.initialise table hackernews_job
2023-01-21 13:20:02.202 UTC [TRACE] steampipe-plugin-hackernews.plugin: [TRACE] ListConfig.initialise complete: RetryConfig: , IgnoreConfig
2023-01-21 13:20:02.202 UTC [TRACE] steampipe-plugin-hackernews.plugin: [TRACE] HydrateConfig.initialise func getItem, table hackernews_job
2023-01-21 13:20:02.202 UTC [TRACE] steampipe-plugin-hackernews.plugin: [TRACE] HydrateConfig.initialise complete: RetryConfig: , IgnoreConfig:
2023-01-21 13:20:02.202 UTC [TRACE] steampipe-plugin-hackernews.plugin: [TRACE] back from initialiseHydrateConfigs
2023-01-21 13:20:02.202 UTC [TRACE] steampipe-plugin-hackernews.plugin: [TRACE] initialise table hackernews_job COMPLETE
2023-01-21 13:20:02.202 UTC [TRACE] steampipe-plugin-hackernews.plugin: [TRACE] initialise table hackernews_new
2023-01-21 13:20:02.202 UTC [TRACE] steampipe-plugin-hackernews.plugin: [TRACE] no DefaultRetryConfig defined - creating empty
2023-01-21 13:20:02.202 UTC [TRACE] steampipe-plugin-hackernews.plugin: [TRACE] no DefaultIgnoreConfig defined - creating empty
2023-01-21 13:20:02.202 UTC [TRACE] steampipe-plugin-hackernews.plugin: [TRACE] apply plugin defaults for DefaultRetryConfig
2023-01-21 13:20:02.202 UTC [TRACE] steampipe-plugin-hackernews.plugin: [TRACE] apply plugin defaults for DefaultIgnoreConfig, table &{<nil> <nil>} plugin &{<nil> <nil>}
2023-01-21 13:20:02.202 UTC [TRACE] steampipe-plugin-hackernews.plugin: [TRACE] DefaultRetryConfig:
2023-01-21 13:20:02.202 UTC [TRACE] steampipe-plugin-hackernews.plugin: [TRACE] DefaultIgnoreConfig:
2023-01-21 13:20:02.202 UTC [TRACE] steampipe-plugin-hackernews.plugin: [TRACE] t.Get.initialise
2023-01-21 13:20:02.202 UTC [TRACE] steampipe-plugin-hackernews.plugin: [TRACE] GetConfig.initialise table hackernews_new
2023-01-21 13:20:02.202 UTC [TRACE] steampipe-plugin-hackernews.plugin: [TRACE] GetConfig.initialise complete: RetryConfig: , IgnoreConfig:
2023-01-21 13:20:02.202 UTC [TRACE] steampipe-plugin-hackernews.plugin: [TRACE] t.List.initialise
2023-01-21 13:20:02.202 UTC [TRACE] steampipe-plugin-hackernews.plugin: [TRACE] ListConfig.initialise table hackernews_new
2023-01-21 13:20:02.202 UTC [TRACE] steampipe-plugin-hackernews.plugin: [TRACE] ListConfig.initialise complete: RetryConfig: , IgnoreConfig
2023-01-21 13:20:02.202 UTC [TRACE] steampipe-plugin-hackernews.plugin: [TRACE] HydrateConfig.initialise func getItem, table hackernews_new
2023-01-21 13:20:02.202 UTC [TRACE] steampipe-plugin-hackernews.plugin: [TRACE] HydrateConfig.initialise complete: RetryConfig: , IgnoreConfig:
2023-01-21 13:20:02.202 UTC [TRACE] steampipe-plugin-hackernews.plugin: [TRACE] back from initialiseHydrateConfigs
2023-01-21 13:20:02.202 UTC [TRACE] steampipe-plugin-hackernews.plugin: [TRACE] initialise table hackernews_new COMPLETE
2023-01-21 13:20:02.202 UTC [TRACE] steampipe-plugin-hackernews.plugin: [TRACE] initialise table hackernews_show_hn
2023-01-21 13:20:02.202 UTC [TRACE] steampipe-plugin-hackernews.plugin: [TRACE] no DefaultRetryConfig defined - creating empty
2023-01-21 13:20:02.202 UTC [TRACE] steampipe-plugin-hackernews.plugin: [TRACE] no DefaultIgnoreConfig defined - creating empty
2023-01-21 13:20:02.202 UTC [TRACE] steampipe-plugin-hackernews.plugin: [TRACE] apply plugin defaults for DefaultRetryConfig
2023-01-21 13:20:02.202 UTC [TRACE] steampipe-plugin-hackernews.plugin: [TRACE] apply plugin defaults for DefaultIgnoreConfig, table &{<nil> <nil>} plugin &{<nil> <nil>}
2023-01-21 13:20:02.202 UTC [TRACE] steampipe-plugin-hackernews.plugin: [TRACE] DefaultRetryConfig:
2023-01-21 13:20:02.202 UTC [TRACE] steampipe-plugin-hackernews.plugin: [TRACE] DefaultIgnoreConfig:
2023-01-21 13:20:02.202 UTC [TRACE] steampipe-plugin-hackernews.plugin: [TRACE] t.Get.initialise
2023-01-21 13:20:02.202 UTC [TRACE] steampipe-plugin-hackernews.plugin: [TRACE] GetConfig.initialise table hackernews_show_hn
2023-01-21 13:20:02.202 UTC [TRACE] steampipe-plugin-hackernews.plugin: [TRACE] GetConfig.initialise complete: RetryConfig: , IgnoreConfig:
2023-01-21 13:20:02.202 UTC [TRACE] steampipe-plugin-hackernews.plugin: [TRACE] t.List.initialise
2023-01-21 13:20:02.202 UTC [TRACE] steampipe-plugin-hackernews.plugin: [TRACE] ListConfig.initialise table hackernews_show_hn
2023-01-21 13:20:02.202 UTC [TRACE] steampipe-plugin-hackernews.plugin: [TRACE] ListConfig.initialise complete: RetryConfig: , IgnoreConfig
2023-01-21 13:20:02.202 UTC [TRACE] steampipe-plugin-hackernews.plugin: [TRACE] HydrateConfig.initialise func getItem, table hackernews_show_hn
2023-01-21 13:20:02.202 UTC [TRACE] steampipe-plugin-hackernews.plugin: [TRACE] HydrateConfig.initialise complete: RetryConfig: , IgnoreConfig:
2023-01-21 13:20:02.202 UTC [TRACE] steampipe-plugin-hackernews.plugin: [TRACE] back from initialiseHydrateConfigs
2023-01-21 13:20:02.202 UTC [TRACE] steampipe-plugin-hackernews.plugin: [TRACE] initialise table hackernews_show_hn COMPLETE
2023-01-21 13:20:02.202 UTC [TRACE] steampipe-plugin-hackernews.plugin: [TRACE] initialise table hackernews_top
2023-01-21 13:20:02.202 UTC [TRACE] steampipe-plugin-hackernews.plugin: [TRACE] no DefaultRetryConfig defined - creating empty
2023-01-21 13:20:02.202 UTC [TRACE] steampipe-plugin-hackernews.plugin: [TRACE] no DefaultIgnoreConfig defined - creating empty
2023-01-21 13:20:02.202 UTC [TRACE] steampipe-plugin-hackernews.plugin: [TRACE] apply plugin defaults for DefaultRetryConfig
2023-01-21 13:20:02.202 UTC [TRACE] steampipe-plugin-hackernews.plugin: [TRACE] apply plugin defaults for DefaultIgnoreConfig, table &{<nil> <nil>} plugin &{<nil> <nil>}
2023-01-21 13:20:02.202 UTC [TRACE] steampipe-plugin-hackernews.plugin: [TRACE] DefaultRetryConfig:
2023-01-21 13:20:02.202 UTC [TRACE] steampipe-plugin-hackernews.plugin: [TRACE] DefaultIgnoreConfig:
2023-01-21 13:20:02.202 UTC [TRACE] steampipe-plugin-hackernews.plugin: [TRACE] t.Get.initialise
2023-01-21 13:20:02.202 UTC [TRACE] steampipe-plugin-hackernews.plugin: [TRACE] GetConfig.initialise table hackernews_top
2023-01-21 13:20:02.202 UTC [TRACE] steampipe-plugin-hackernews.plugin: [TRACE] GetConfig.initialise complete: RetryConfig: , IgnoreConfig:
2023-01-21 13:20:02.202 UTC [TRACE] steampipe-plugin-hackernews.plugin: [TRACE] t.List.initialise
2023-01-21 13:20:02.202 UTC [TRACE] steampipe-plugin-hackernews.plugin: [TRACE] ListConfig.initialise table hackernews_top
2023-01-21 13:20:02.202 UTC [TRACE] steampipe-plugin-hackernews.plugin: [TRACE] ListConfig.initialise complete: RetryConfig: , IgnoreConfig
2023-01-21 13:20:02.202 UTC [TRACE] steampipe-plugin-hackernews.plugin: [TRACE] HydrateConfig.initialise func getItem, table hackernews_top
2023-01-21 13:20:02.202 UTC [TRACE] steampipe-plugin-hackernews.plugin: [TRACE] HydrateConfig.initialise complete: RetryConfig: , IgnoreConfig:
2023-01-21 13:20:02.202 UTC [TRACE] steampipe-plugin-hackernews.plugin: [TRACE] back from initialiseHydrateConfigs
2023-01-21 13:20:02.202 UTC [TRACE] steampipe-plugin-hackernews.plugin: [TRACE] initialise table hackernews_top COMPLETE
2023-01-21 13:20:02.202 UTC [TRACE] steampipe-plugin-hackernews.plugin: [TRACE] initialise table hackernews_user
2023-01-21 13:20:02.202 UTC [TRACE] steampipe-plugin-hackernews.plugin: [TRACE] no DefaultRetryConfig defined - creating empty
2023-01-21 13:20:02.202 UTC [TRACE] steampipe-plugin-hackernews.plugin: [TRACE] no DefaultIgnoreConfig defined - creating empty
2023-01-21 13:20:02.202 UTC [TRACE] steampipe-plugin-hackernews.plugin: [TRACE] apply plugin defaults for DefaultRetryConfig
2023-01-21 13:20:02.202 UTC [TRACE] steampipe-plugin-hackernews.plugin: [TRACE] apply plugin defaults for DefaultIgnoreConfig, table &{<nil> <nil>} plugin &{<nil> <nil>}
2023-01-21 13:20:02.202 UTC [TRACE] steampipe-plugin-hackernews.plugin: [TRACE] DefaultRetryConfig:
2023-01-21 13:20:02.202 UTC [TRACE] steampipe-plugin-hackernews.plugin: [TRACE] DefaultIgnoreConfig:
2023-01-21 13:20:02.202 UTC [TRACE] steampipe-plugin-hackernews.plugin: [TRACE] t.List.initialise
2023-01-21 13:20:02.202 UTC [TRACE] steampipe-plugin-hackernews.plugin: [TRACE] ListConfig.initialise table hackernews_user
2023-01-21 13:20:02.202 UTC [TRACE] steampipe-plugin-hackernews.plugin: [TRACE] ListConfig.initialise complete: RetryConfig: , IgnoreConfig
2023-01-21 13:20:02.202 UTC [TRACE] steampipe-plugin-hackernews.plugin: [TRACE] back from initialiseHydrateConfigs
2023-01-21 13:20:02.202 UTC [TRACE] steampipe-plugin-hackernews.plugin: [TRACE] initialise table hackernews_user COMPLETE
2023-01-21 13:20:02.202 UTC [TRACE] steampipe-plugin-hackernews.plugin: [TRACE] initialise table hackernews_ask_hn
2023-01-21 13:20:02.202 UTC [TRACE] steampipe-plugin-hackernews.plugin: [TRACE] no DefaultRetryConfig defined - creating empty
2023-01-21 13:20:02.202 UTC [TRACE] steampipe-plugin-hackernews.plugin: [TRACE] no DefaultIgnoreConfig defined - creating empty
2023-01-21 13:20:02.202 UTC [TRACE] steampipe-plugin-hackernews.plugin: [TRACE] apply plugin defaults for DefaultRetryConfig
2023-01-21 13:20:02.202 UTC [TRACE] steampipe-plugin-hackernews.plugin: [TRACE] apply plugin defaults for DefaultIgnoreConfig, table &{<nil> <nil>} plugin &{<nil> <nil>}
2023-01-21 13:20:02.202 UTC [TRACE] steampipe-plugin-hackernews.plugin: [TRACE] DefaultRetryConfig:
2023-01-21 13:20:02.202 UTC [TRACE] steampipe-plugin-hackernews.plugin: [TRACE] DefaultIgnoreConfig:
2023-01-21 13:20:02.202 UTC [TRACE] steampipe-plugin-hackernews.plugin: [TRACE] t.Get.initialise
2023-01-21 13:20:02.202 UTC [TRACE] steampipe-plugin-hackernews.plugin: [TRACE] GetConfig.initialise table hackernews_ask_hn
2023-01-21 13:20:02.202 UTC [TRACE] steampipe-plugin-hackernews.plugin: [TRACE] GetConfig.initialise complete: RetryConfig: , IgnoreConfig:
2023-01-21 13:20:02.202 UTC [TRACE] steampipe-plugin-hackernews.plugin: [TRACE] t.List.initialise
2023-01-21 13:20:02.202 UTC [TRACE] steampipe-plugin-hackernews.plugin: [TRACE] ListConfig.initialise table hackernews_ask_hn
2023-01-21 13:20:02.202 UTC [TRACE] steampipe-plugin-hackernews.plugin: [TRACE] ListConfig.initialise complete: RetryConfig: , IgnoreConfig
2023-01-21 13:20:02.202 UTC [TRACE] steampipe-plugin-hackernews.plugin: [TRACE] HydrateConfig.initialise func getItem, table hackernews_ask_hn
2023-01-21 13:20:02.202 UTC [TRACE] steampipe-plugin-hackernews.plugin: [TRACE] HydrateConfig.initialise complete: RetryConfig: , IgnoreConfig:
2023-01-21 13:20:02.202 UTC [TRACE] steampipe-plugin-hackernews.plugin: [TRACE] back from initialiseHydrateConfigs
2023-01-21 13:20:02.202 UTC [TRACE] steampipe-plugin-hackernews.plugin: [TRACE] initialise table hackernews_ask_hn COMPLETE
2023-01-21 13:20:02.202 UTC [TRACE] steampipe-plugin-hackernews.plugin: [TRACE] initialise table hackernews_best
2023-01-21 13:20:02.202 UTC [TRACE] steampipe-plugin-hackernews.plugin: [TRACE] no DefaultRetryConfig defined - creating empty
2023-01-21 13:20:02.202 UTC [TRACE] steampipe-plugin-hackernews.plugin: [TRACE] no DefaultIgnoreConfig defined - creating empty
2023-01-21 13:20:02.202 UTC [TRACE] steampipe-plugin-hackernews.plugin: [TRACE] apply plugin defaults for DefaultRetryConfig
2023-01-21 13:20:02.202 UTC [TRACE] steampipe-plugin-hackernews.plugin: [TRACE] apply plugin defaults for DefaultIgnoreConfig, table &{<nil> <nil>} plugin &{<nil> <nil>}
2023-01-21 13:20:02.202 UTC [TRACE] steampipe-plugin-hackernews.plugin: [TRACE] DefaultRetryConfig:
2023-01-21 13:20:02.202 UTC [TRACE] steampipe-plugin-hackernews.plugin: [TRACE] DefaultIgnoreConfig:
2023-01-21 13:20:02.202 UTC [TRACE] steampipe-plugin-hackernews.plugin: [TRACE] t.Get.initialise
2023-01-21 13:20:02.202 UTC [TRACE] steampipe-plugin-hackernews.plugin: [TRACE] GetConfig.initialise table hackernews_best
2023-01-21 13:20:02.202 UTC [TRACE] steampipe-plugin-hackernews.plugin: [TRACE] GetConfig.initialise complete: RetryConfig: , IgnoreConfig:
2023-01-21 13:20:02.202 UTC [TRACE] steampipe-plugin-hackernews.plugin: [TRACE] t.List.initialise
2023-01-21 13:20:02.202 UTC [TRACE] steampipe-plugin-hackernews.plugin: [TRACE] ListConfig.initialise table hackernews_best
2023-01-21 13:20:02.202 UTC [TRACE] steampipe-plugin-hackernews.plugin: [TRACE] ListConfig.initialise complete: RetryConfig: , IgnoreConfig
2023-01-21 13:20:02.202 UTC [TRACE] steampipe-plugin-hackernews.plugin: [TRACE] HydrateConfig.initialise func getItem, table hackernews_best
2023-01-21 13:20:02.202 UTC [TRACE] steampipe-plugin-hackernews.plugin: [TRACE] HydrateConfig.initialise complete: RetryConfig: , IgnoreConfig:
2023-01-21 13:20:02.202 UTC [TRACE] steampipe-plugin-hackernews.plugin: [TRACE] back from initialiseHydrateConfigs
2023-01-21 13:20:02.202 UTC [TRACE] steampipe-plugin-hackernews.plugin: [TRACE] initialise table hackernews_best COMPLETE
2023-01-21 13:20:02.202 UTC [TRACE] steampipe-plugin-hackernews.plugin: [TRACE] initialise table hackernews_item
2023-01-21 13:20:02.202 UTC [TRACE] steampipe-plugin-hackernews.plugin: [TRACE] no DefaultRetryConfig defined - creating empty
2023-01-21 13:20:02.202 UTC [TRACE] steampipe-plugin-hackernews.plugin: [TRACE] no DefaultIgnoreConfig defined - creating empty
2023-01-21 13:20:02.202 UTC [TRACE] steampipe-plugin-hackernews.plugin: [TRACE] apply plugin defaults for DefaultRetryConfig
2023-01-21 13:20:02.202 UTC [TRACE] steampipe-plugin-hackernews.plugin: [TRACE] apply plugin defaults for DefaultIgnoreConfig, table &{<nil> <nil>} plugin &{<nil> <nil>}
2023-01-21 13:20:02.202 UTC [TRACE] steampipe-plugin-hackernews.plugin: [TRACE] DefaultRetryConfig:
2023-01-21 13:20:02.202 UTC [TRACE] steampipe-plugin-hackernews.plugin: [TRACE] DefaultIgnoreConfig:
2023-01-21 13:20:02.202 UTC [TRACE] steampipe-plugin-hackernews.plugin: [TRACE] t.Get.initialise
2023-01-21 13:20:02.202 UTC [TRACE] steampipe-plugin-hackernews.plugin: [TRACE] GetConfig.initialise table hackernews_item
2023-01-21 13:20:02.202 UTC [TRACE] steampipe-plugin-hackernews.plugin: [TRACE] GetConfig.initialise complete: RetryConfig: , IgnoreConfig:
2023-01-21 13:20:02.202 UTC [TRACE] steampipe-plugin-hackernews.plugin: [TRACE] t.List.initialise
2023-01-21 13:20:02.202 UTC [TRACE] steampipe-plugin-hackernews.plugin: [TRACE] ListConfig.initialise table hackernews_item
2023-01-21 13:20:02.202 UTC [TRACE] steampipe-plugin-hackernews.plugin: [TRACE] ListConfig.initialise complete: RetryConfig: , IgnoreConfig
2023-01-21 13:20:02.202 UTC [TRACE] steampipe-plugin-hackernews.plugin: [TRACE] HydrateConfig.initialise func getItem, table hackernews_item
2023-01-21 13:20:02.202 UTC [TRACE] steampipe-plugin-hackernews.plugin: [TRACE] HydrateConfig.initialise complete: RetryConfig: , IgnoreConfig:
2023-01-21 13:20:02.202 UTC [TRACE] steampipe-plugin-hackernews.plugin: [TRACE] back from initialiseHydrateConfigs
2023-01-21 13:20:02.202 UTC [TRACE] steampipe-plugin-hackernews.plugin: [TRACE] initialise table hackernews_item COMPLETE
2023-01-21 13:20:02.202 UTC [TRACE] steampipe-plugin-hackernews.plugin: [TRACE] validate plugin steampipe-plugin-hackernews, required columns []
2023-01-21 13:20:02.202 UTC [TRACE] steampipe-plugin-hackernews.plugin: [TRACE] validate DefaultRetryConfig
2023-01-21 13:20:02.202 UTC [TRACE] steampipe-plugin-hackernews.plugin: [TRACE] validate DefaultIgnoreConfig
2023-01-21 13:20:02.202 UTC [TRACE] steampipe-plugin-hackernews.plugin: [TRACE] validate table names
2023-01-21 13:20:02.202 UTC [TRACE] steampipe-plugin-hackernews.plugin: [TRACE] plugin has 0 validation errors
2023-01-21 13:20:02.202 UTC [TRACE] steampipe-plugin-hackernews.plugin: [TRACE] Plugin ensureCache creating cache, maxCacheStorageMb 0
2023-01-21 13:20:02.202 UTC [TRACE] steampipe-plugin-hackernews.plugin: [TRACE] createCacheStore for plugin 'steampipe-plugin-hackernews' setting max size to 0Mb, Shards: 2, max shard size: 0
2023-01-21 13:20:02.218 UTC [INFO]  steampipe-plugin-hackernews.plugin: [INFO]  query cache created
2023-01-21 13:20:02.218 UTC [DEBUG] steampipe-plugin-hackernews.plugin: [DEBUG] SetAllConnectionConfigs finished
2023-01-21 13:20:02.218 UTC [TRACE] PluginManager getPlugin complete, returning reattach config with PID: 2003
2023-01-21 13:20:02.218 UTC [TRACE] PluginManager Get returning reattach_map:{key:"hackernews"  value:{protocol:"grpc"  addr:{Network:"unix"  Address:"/tmp/plugin3897762943"}  pid:2003  supported_operations:{query_cache:true  multiple_connections:true}  connections:"hackernews"  plugin:"hub.steampipe.io/plugins/turbot/hackernews@latest"}}
2023-01-21 13:20:02.225 UTC [INFO]  steampipe-plugin-hackernews.plugin: [INFO]  1674307202756: Plugin Execute (1674307202756)
2023-01-21 13:20:02.225 UTC [TRACE] steampipe-plugin-hackernews.plugin: [TRACE] 1674307202756: No memory limit set
2023-01-21 13:20:02.225 UTC [INFO]  steampipe-plugin-hackernews.plugin: [INFO]  1674307202756: Plugin Execute, setting memory limit to -1Mb
2023-01-21 13:20:02.225 UTC [TRACE] steampipe-plugin-hackernews.plugin: [TRACE] 1674307202756: calling ExtractContextFromCarrier
2023-01-21 13:20:02.225 UTC [INFO]  steampipe-plugin-hackernews.plugin: [INFO]  1674307202756: Setting max concurrent connections to 25
2023-01-21 13:20:02.225 UTC [TRACE] steampipe-plugin-hackernews.plugin: [TRACE] 1674307202756: executeForConnection callId: 1674307202756, connectionCallId: hackernews-1674307202756, connection: hackernews table: hackernews_new cols: id,title,time,by,score,dead,deleted,descendants,kids,parent,parts,poll,text,type,url,_ctx
2023-01-21 13:20:02.225 UTC [TRACE] steampipe-plugin-hackernews.plugin: [TRACE] 1674307202756: got connection data
2023-01-21 13:20:02.225 UTC [TRACE] steampipe-plugin-hackernews.plugin: [TRACE] 1674307202756: Got query context, table: hackernews_new, cols: [id title time by score dead deleted descendants kids parent parts poll text type url _ctx]
2023-01-21 13:20:02.225 UTC [TRACE] steampipe-plugin-hackernews.plugin: [TRACE] 1674307202756: Start execute span
2023-01-21 13:20:02.225 UTC [INFO]  steampipe-plugin-hackernews.plugin: [INFO]  1674307202756: Setting free memory interval to 100 rows
2023-01-21 13:20:02.226 UTC [TRACE] steampipe-plugin-hackernews.plugin: [TRACE] 1674307202756: setFetchType map[time:quals:{fieldName:"time"  string_value:">"  value:{timestamp_value:{seconds:1674303602  nanos:105057000}}}]
2023-01-21 13:20:02.226 UTC [TRACE] steampipe-plugin-hackernews.plugin: [TRACE] 1674307202756: getMatchingQuals column:'id' operator: =
2023-01-21 13:20:02.226 UTC [TRACE] steampipe-plugin-hackernews.plugin: [TRACE] 1674307202756: getMatchingQuals returning false - qualMap does not contain any quals for column id
2023-01-21 13:20:02.229 UTC [TRACE] steampipe-plugin-hackernews.plugin: [TRACE] 1674307202756: GetUnsatisfiedKeyColumns for columns column:'id' operator: =
2023-01-21 13:20:02.229 UTC [TRACE] steampipe-plugin-hackernews.plugin: [TRACE] 1674307202756: key column NOT satisfied column:'id' operator: =
2023-01-21 13:20:02.229 UTC [TRACE] steampipe-plugin-hackernews.plugin: [TRACE] 1674307202756: satisfied: map[any_of: optional: required:]
2023-01-21 13:20:02.229 UTC [TRACE] steampipe-plugin-hackernews.plugin: [TRACE] 1674307202756: unsatisfied: map[any_of: optional: required:column:'id' operator: =]
2023-01-21 13:20:02.229 UTC [TRACE] steampipe-plugin-hackernews.plugin: [TRACE] 1674307202756: unsatisfied required KeyColumns: column:'id' operator: =
2023-01-21 13:20:02.229 UTC [TRACE] steampipe-plugin-hackernews.plugin: [TRACE] 1674307202756: Set fetchType to fetchTypeList
2023-01-21 13:20:02.229 UTC [TRACE] steampipe-plugin-hackernews.plugin: [TRACE] 1674307202756: Equals key column quals:
2023-01-21 13:20:02.229 UTC [DEBUG] steampipe-plugin-hackernews.plugin: {}
2023-01-21 13:20:02.229 UTC [TRACE] steampipe-plugin-hackernews.plugin: [TRACE] 1674307202756: All key column quals:
2023-01-21 13:20:02.229 UTC [DEBUG] steampipe-plugin-hackernews.plugin: {}
2023-01-21 13:20:02.229 UTC [TRACE] steampipe-plugin-hackernews.plugin: [TRACE] 1674307202756: GetMatrixItem
2023-01-21 13:20:02.229 UTC [TRACE] steampipe-plugin-hackernews.plugin: [TRACE] 1674307202756: creating query data
2023-01-21 13:20:02.229 UTC [INFO]  steampipe-plugin-hackernews.plugin: [INFO]  1674307202756: cacheEnabled, trying cache get (hackernews-1674307202756)
2023-01-21 13:20:02.229 UTC [TRACE] steampipe-plugin-hackernews.plugin: [TRACE] 1674307202756: QueryCache Get - indexBucketKey index__hackernewshackernews_new, quals
2023-01-21 13:20:02.229 UTC [TRACE] steampipe-plugin-hackernews.plugin: [TRACE] 1674307202756: QueryCache getCachedQueryResult - table hackernews_new, connectionName hackernews
2023-01-21 13:20:02.229 UTC [TRACE] steampipe-plugin-hackernews.plugin: [TRACE] 1674307202756: index bucket key: index__hackernewshackernews_new ttlSeconds 300 limit: -1
2023-01-21 13:20:02.229 UTC [TRACE] steampipe-plugin-hackernews.plugin: [TRACE] 1674307202756: doGet cache miss
2023-01-21 13:20:02.229 UTC [TRACE] steampipe-plugin-hackernews.plugin: [TRACE] 1674307202756: getCachedIndexBucket - no item retrieved for cache key index__hackernewshackernews_new
2023-01-21 13:20:02.229 UTC [TRACE] steampipe-plugin-hackernews.plugin: [TRACE] 1674307202756: getCachedQueryResult returned CACHE MISS - checking for pending transfers
2023-01-21 13:20:02.229 UTC [TRACE] steampipe-plugin-hackernews.plugin: [TRACE] 1674307202756: getPendingResultItem indexBucketKey index__hackernewshackernews_new, columns [id title time by score dead deleted descendants kids parent parts poll text type url _ctx], limit -1
2023-01-21 13:20:02.229 UTC [TRACE] steampipe-plugin-hackernews.plugin: [TRACE] 1674307202756: no pending index item - add pending result, indexBucketKey index__hackernewshackernews_new
2023-01-21 13:20:02.229 UTC [TRACE] steampipe-plugin-hackernews.plugin: [TRACE] 1674307202756: addPendingResult (hackernews-1674307202756) indexBucketKey index__hackernewshackernews_new, columns [id title time by score dead deleted descendants kids parent parts poll text type url _ctx], limit -1
2023-01-21 13:20:02.229 UTC [TRACE] steampipe-plugin-hackernews.plugin: [TRACE] 1674307202756: no index bucket found - creating one
2023-01-21 13:20:02.229 UTC [TRACE] steampipe-plugin-hackernews.plugin: [TRACE] 1674307202756: pendingIndexItem Lock count before 0
2023-01-21 13:20:02.229 UTC [TRACE] steampipe-plugin-hackernews.plugin: [TRACE] 1674307202756: addPendingResult added pending index item to bucket, (hackernews-1674307202756) indexBucketKey index__hackernewshackernews_new, resultKeyRoot hackernewshackernews_newid,title,time,by,score,dead,deleted,descendants,kids,parent,parts,poll,text,type,url,_ctx-1, pending item : 0xc00043c810
2023-01-21 13:20:02.229 UTC [TRACE] steampipe-plugin-hackernews.plugin: [TRACE] 1674307202756: **** pending items (hackernews-1674307202756)****
2023-01-21 13:20:02.229 UTC [TRACE] steampipe-plugin-hackernews.plugin: [TRACE] 1674307202756: key: index__hackernewshackernews_new: item: 0xc00043c810, count: 1, key:hackernewshackernews_newid,title,time,by,score,dead,deleted,descendants,kids,parent,parts,poll,text,type,url,_ctx-1
2023-01-21 13:20:02.229 UTC [TRACE] steampipe-plugin-hackernews.plugin: [TRACE] 1674307202756: ********
2023-01-21 13:20:02.229 UTC [TRACE] steampipe-plugin-hackernews.plugin: [TRACE] 1674307202756: getPendingResultItem returning <nil>
2023-01-21 13:20:02.229 UTC [INFO]  steampipe-plugin-hackernews.plugin: [INFO]  1674307202756: CACHE MISS
2023-01-21 13:20:02.229 UTC [TRACE] steampipe-plugin-hackernews.plugin: [TRACE] 1674307202756: cache MISS
2023-01-21 13:20:02.229 UTC [INFO]  steampipe-plugin-hackernews.plugin: [INFO]  1674307202756: queryCacheGet returned CACHE MISS (hackernews-1674307202756)
2023-01-21 13:20:02.229 UTC [TRACE] steampipe-plugin-hackernews.plugin: [TRACE] 1674307202756: StartSet (hackernews-1674307202756)
2023-01-21 13:20:02.229 UTC [TRACE] steampipe-plugin-hackernews.plugin: [TRACE] 1674307202756: calling fetchItems, table: hackernews_new, matrixItem: [], limit: -1,  connectionCallId: hackernews-1674307202756"
2023-01-21 13:20:02.229 UTC [TRACE] steampipe-plugin-hackernews.plugin: [TRACE] 1674307202756: buildRowsAsync connectionCallId: hackernews-1674307202756
2023-01-21 13:20:02.229 UTC [TRACE] steampipe-plugin-hackernews.plugin: [TRACE] 1674307202756: streamRows connectionCallId: hackernews-1674307202756
2023-01-21 13:20:02.229 UTC [TRACE] steampipe-plugin-hackernews.plugin: [TRACE] 1674307202756: QueryData streamRows (hackernews-1674307202756)
2023-01-21 13:20:02.229 UTC [TRACE] steampipe-plugin-hackernews.plugin: [TRACE] 1674307202756: executeListCall START (hackernews-1674307202756)
2023-01-21 13:20:02.229 UTC [TRACE] steampipe-plugin-hackernews.plugin: [TRACE] 1674307202756: GetUnsatisfiedKeyColumns for columns
2023-01-21 13:20:02.229 UTC [TRACE] steampipe-plugin-hackernews.plugin: [TRACE] 1674307202756: doList (hackernews-1674307202756)
2023-01-21 13:20:02.229 UTC [TRACE] steampipe-plugin-hackernews.plugin: [TRACE] 1674307202756: doList: no matrix item
2023-01-21 13:20:02.431 UTC [TRACE] steampipe-plugin-hackernews.plugin: [TRACE] 1674307202756: QueryData.fetchComplete
2023-01-21 13:20:02.431 UTC [TRACE] steampipe-plugin-hackernews.plugin: [TRACE] 1674307202756: executeListCall COMPLETE (hackernews-1674307202756)
2023-01-21 13:20:02.431 UTC [TRACE] steampipe-plugin-hackernews.plugin: [TRACE] 1674307202756: rowData chan returned nil - wait for rows to complete (hackernews-1674307202756)
2023-01-21 13:20:02.460 UTC [TRACE] stdio: received data: channel=STDOUT len=17
2023-01-21 13:20:02.460 UTC [TRACE] stdio: waiting for stdio data
2023-01-21 13:20:02.545 UTC [TRACE] stdio: received data: channel=STDOUT len=14
2023-01-21 13:20:02.545 UTC [TRACE] stdio: waiting for stdio data
2023-01-21 13:20:02.546 UTC [TRACE] stdio: received data: channel=STDOUT len=17
2023-01-21 13:20:02.546 UTC [TRACE] stdio: waiting for stdio data
2023-01-21 13:20:02.549 UTC [TRACE] stdio: received data: channel=STDOUT len=106
2023-01-21 13:20:02.549 UTC [TRACE] stdio: waiting for stdio data
2023-01-21 13:20:02.552 UTC [TRACE] stdio: received data: channel=STDOUT len=312
2023-01-21 13:20:02.552 UTC [TRACE] stdio: waiting for stdio data
2023-01-21 13:20:02.560 UTC [TRACE] stdio: received data: channel=STDOUT len=358
2023-01-21 13:20:02.560 UTC [TRACE] stdio: waiting for stdio data
2023-01-21 13:20:02.571 UTC [TRACE] stdio: received data: channel=STDOUT len=276
2023-01-21 13:20:02.571 UTC [TRACE] stdio: waiting for stdio data
2023-01-21 13:20:02.618 UTC [TRACE] stdio: received data: channel=STDOUT len=1024
2023-01-21 13:20:02.618 UTC [TRACE] stdio: waiting for stdio data
2023-01-21 13:20:02.618 UTC [TRACE] stdio: received data: channel=STDOUT len=140
2023-01-21 13:20:02.618 UTC [TRACE] stdio: waiting for stdio data
2023-01-21 13:20:02.674 UTC [TRACE] stdio: received data: channel=STDOUT len=1024
2023-01-21 13:20:02.674 UTC [TRACE] stdio: waiting for stdio data
2023-01-21 13:20:02.696 UTC [TRACE] stdio: received data: channel=STDOUT len=257
2023-01-21 13:20:02.696 UTC [TRACE] stdio: waiting for stdio data
2023-01-21 13:20:02.705 UTC [TRACE] stdio: received data: channel=STDOUT len=416
2023-01-21 13:20:02.705 UTC [TRACE] stdio: waiting for stdio data
2023-01-21 13:20:02.814 UTC [TRACE] steampipe-plugin-hackernews.plugin: [TRACE] 1674307202756: buildRowsAsync goroutine returning (hackernews-1674307202756)
2023-01-21 13:20:02.816 UTC [TRACE] steampipe-plugin-hackernews.plugin: [TRACE] 1674307202756: streamRows - nil row, stop streaming (hackernews-1674307202756)
2023-01-21 13:20:02.816 UTC [TRACE] steampipe-plugin-hackernews.plugin: [TRACE] 1674307202756: ------------------------------------
2023-01-21 13:20:02.816 UTC [TRACE] steampipe-plugin-hackernews.plugin: [TRACE] 1674307202756: Concurrency Summary
2023-01-21 13:20:02.816 UTC [TRACE] steampipe-plugin-hackernews.plugin: [TRACE] 1674307202756: ------------------------------------
2023-01-21 13:20:02.816 UTC [TRACE] steampipe-plugin-hackernews.plugin: [TRACE] 1674307202756: getItem                       : 200
2023-01-21 13:20:02.816 UTC [TRACE] steampipe-plugin-hackernews.plugin: [TRACE] 1674307202756: ------------------------------------
2023-01-21 13:20:02.816 UTC [TRACE] steampipe-plugin-hackernews.plugin: [TRACE] 1674307202756: Total                         : 200
2023-01-21 13:20:02.816 UTC [TRACE] steampipe-plugin-hackernews.plugin: [TRACE] 1674307202756: ------------------------------------
2023-01-21 13:20:02.816 UTC [TRACE] steampipe-plugin-hackernews.plugin: [TRACE] 1674307202756: QueryData streamRows DONE (hackernews-1674307202756)
2023-01-21 13:20:02.816 UTC [TRACE] steampipe-plugin-hackernews.plugin: [TRACE] 1674307202756: EndSet (hackernews-1674307202756) table hackernews_new
2023-01-21 13:20:02.816 UTC [TRACE] steampipe-plugin-hackernews.plugin: [TRACE] 1674307202756: QueryCache writePageToCache: 500 rows, pageCount 1, page key hackernewshackernews_newid,title,time,by,score,dead,deleted,descendants,kids,parent,parts,poll,text,type,url,_ctx-1-0
2023-01-21 13:20:02.821 UTC [TRACE] stdio: received data: channel=STDOUT len=346
2023-01-21 13:20:02.821 UTC [TRACE] stdio: waiting for stdio data
2023-01-21 13:20:02.825 UTC [TRACE] steampipe-plugin-hackernews.plugin: [TRACE] 1674307202756: writePageToCache Set - result written
2023-01-21 13:20:02.825 UTC [TRACE] steampipe-plugin-hackernews.plugin: [TRACE] 1674307202756: QueryCache EndSet - result written
2023-01-21 13:20:02.825 UTC [TRACE] steampipe-plugin-hackernews.plugin: [TRACE] 1674307202756: doGet cache miss
2023-01-21 13:20:02.825 UTC [TRACE] steampipe-plugin-hackernews.plugin: [TRACE] 1674307202756: getCachedIndexBucket - no item retrieved for cache key index__hackernewshackernews_new
2023-01-21 13:20:02.825 UTC [TRACE] steampipe-plugin-hackernews.plugin: [TRACE] 1674307202756: getCachedIndexBucket returned cache miss
2023-01-21 13:20:02.825 UTC [TRACE] steampipe-plugin-hackernews.plugin: [TRACE] 1674307202756: QueryCache EndSet - Added index item (0xc0141acf00) to bucket (0xc01af5acd8), page count 1,  key root hackernewshackernews_newid,title,time,by,score,dead,deleted,descendants,kids,parent,parts,poll,text,type,url,_ctx-1
2023-01-21 13:20:02.825 UTC [TRACE] steampipe-plugin-hackernews.plugin: [TRACE] 1674307202756: cacheSetIndexBucket index__hackernewshackernews_new
2023-01-21 13:20:02.825 UTC [TRACE] steampipe-plugin-hackernews.plugin: [TRACE] 1674307202756: QueryCache EndSet - IndexBucket written
2023-01-21 13:20:02.825 UTC [TRACE] steampipe-plugin-hackernews.plugin: [TRACE] 1674307202756: EndSet DEFER (hackernews-1674307202756) table hackernews_new
2023-01-21 13:20:02.825 UTC [TRACE] steampipe-plugin-hackernews.plugin: [TRACE] 1674307202756: calling pendingItemComplete (hackernews-1674307202756)
2023-01-21 13:20:02.825 UTC [TRACE] steampipe-plugin-hackernews.plugin: [TRACE] 1674307202756: pendingItemComplete (hackernews-1674307202756) indexBucketKey index__hackernewshackernews_new, columns [id title time by score dead deleted descendants kids parent parts poll text type url _ctx], limit -1
2023-01-21 13:20:02.825 UTC [TRACE] steampipe-plugin-hackernews.plugin: [TRACE] 1674307202756: got pending index bucket, (hackernews-1674307202756) len 1
2023-01-21 13:20:02.825 UTC [TRACE] steampipe-plugin-hackernews.plugin: [TRACE] 1674307202756: SatisfiesLimit limit -1, no item limit - satisfied
2023-01-21 13:20:02.825 UTC [TRACE] steampipe-plugin-hackernews.plugin: [TRACE] 1674307202756: found pending index item to satisfy columns id,title,time,by,score,dead,deleted,descendants,kids,parent,parts,poll,text,type,url,_ctx, limit -1
2023-01-21 13:20:02.825 UTC [TRACE] steampipe-plugin-hackernews.plugin: [TRACE] 1674307202756: found completed pending item (hackernews-1674307202756) 0xc00043c810, key hackernewshackernews_newid,title,time,by,score,dead,deleted,descendants,kids,parent,parts,poll,text,type,url,_ctx-1 - removing from map as it is complete
2023-01-21 13:20:02.825 UTC [TRACE] steampipe-plugin-hackernews.plugin: [TRACE] 1674307202756: pendingIndexItem Unlock count before 1 key hackernewshackernews_newid,title,time,by,score,dead,deleted,descendants,kids,parent,parts,poll,text,type,url,_ctx-1
2023-01-21 13:20:02.825 UTC [TRACE] steampipe-plugin-hackernews.plugin: [TRACE] 1674307202756: deleted from pending, (hackernews-1674307202756) len 0
2023-01-21 13:20:02.825 UTC [TRACE] steampipe-plugin-hackernews.plugin: [TRACE] 1674307202756: pending bucket now empty - deleting key index__hackernewshackernews_new
2023-01-21 13:20:02.825 UTC [TRACE] steampipe-plugin-hackernews.plugin: [TRACE] 1674307202756: pendingItemComplete done (hackernews-1674307202756)
2023-01-21 13:20:02.825 UTC [TRACE] steampipe-plugin-hackernews.plugin: [TRACE] 1674307202756: cache set succeeded
2023-01-21 13:20:02.825 UTC [TRACE] steampipe-plugin-hackernews.plugin: [TRACE] 1674307202756: End execute span
2023-01-21 13:20:02.825 UTC [TRACE] steampipe-plugin-hackernews.plugin: [TRACE] 1674307202756: executeForConnection DEFER (hackernews-1674307202756)
2023-01-21 13:20:02.825 UTC [TRACE] steampipe-plugin-hackernews.plugin: [TRACE] 1674307202756: Execute complete callId: hackernews-1674307202756 table: hackernews_new
2023-01-21 13:20:02.825 UTC [TRACE] steampipe-plugin-hackernews.plugin: [TRACE] 1674307202756: executeForConnection hackernews returned
2023-01-21 13:20:02.825 UTC [TRACE] steampipe-plugin-hackernews.plugin: [TRACE] 1674307202756: output wg complete - send nil row
2023-01-21 13:20:02.825 UTC [TRACE] steampipe-plugin-hackernews.plugin: [TRACE] 1674307202756: empty row on output channel - we are done
2023-01-21 13:20:02.825 UTC [INFO]  steampipe-plugin-hackernews.plugin: [INFO]  1674307202756: Plugin Execute complete (1674307202756)
2023-01-21 13:20:02.841 UTC [TRACE] PluginManager Shutdown
2023-01-21 13:20:02.841 UTC [TRACE] killing plugin csv (1977)
2023-01-21 13:20:02.842 UTC [TRACE] steampipe-plugin-csv.plugin: [TRACE] FLUSHING instrumentation
2023-01-21 13:20:02.842 UTC [TRACE] steampipe-plugin-csv.plugin: [TRACE] Shutdown instrumentation
2023-01-21 13:20:02.842 UTC [INFO]  plugin process exited: path=/home/runner/.steampipe/plugins/hub.steampipe.io/plugins/turbot/csv@latest/steampipe-plugin-csv.plugin pid=1977
2023-01-21 13:20:02.842 UTC [DEBUG] stdio: received EOF, stopping recv loop: err="rpc error: code = Unavailable desc = error reading from server: EOF"
2023-01-21 13:20:02.842 UTC [DEBUG] plugin exited
2023-01-21 13:20:02.842 UTC [TRACE] killing plugin hackernews (2003)
2023-01-21 13:20:02.845 UTC [TRACE] steampipe-plugin-hackernews.plugin: [TRACE] 1674307202756: FLUSHING instrumentation
2023-01-21 13:20:02.845 UTC [TRACE] steampipe-plugin-hackernews.plugin: [TRACE] 1674307202756: Shutdown instrumentation
2023-01-21 13:20:02.845 UTC [INFO]  plugin process exited: path=/home/runner/.steampipe/plugins/hub.steampipe.io/plugins/turbot/hackernews@latest/steampipe-plugin-hackernews.plugin pid=2003
2023-01-21 13:20:02.845 UTC [DEBUG] stdio: received EOF, stopping recv loop: err="rpc error: code = Unavailable desc = error reading from server: EOF"
2023-01-21 13:20:02.845 UTC [DEBUG] plugin exited
2023-01-21 13:20:08.573 UTC [WARN]  steampipe-plugin-csv.plugin: [WARN]  1674307208913: getKeyColumnsForTable found no schema for table '/home/runner/work/steampipe-samples/steampipe-samples/all/hackernews/hn.csv'
2023-01-21 13:20:45.686 UTC [WARN]  steampipe-plugin-csv.plugin: [WARN]  1674307245161: getKeyColumnsForTable found no schema for table '/home/runner/work/steampipe-samples/steampipe-samples/all/hackernews/hn.csv'
2023-01-21 13:22:52.820 UTC [ERROR] steampipe-plugin-csv.plugin: [ERROR] csv.tableCSV: header_parse_error=EOF path=/home/runner/work/steampipe-samples/steampipe-samples/all/hackernews/new_sc.csv header=[]
2023-01-21 13:22:52.820 UTC [ERROR] steampipe-plugin-csv.plugin: [ERROR] csv.PluginTables: create_table_error="failed to parse file header /home/runner/work/steampipe-samples/steampipe-samples/all/hackernews/new_sc.csv: EOF" path=/home/runner/work/steampipe-samples/steampipe-samples/all/hackernews/new_sc.csv
2023-01-21 13:22:52.820 UTC [WARN]  failed to set connection config: failed to parse file header /home/runner/work/steampipe-samples/steampipe-samples/all/hackernews/new_sc.csv: EOF
2023-01-21 13:22:53.667 UTC [WARN]  steampipe-plugin-csv.plugin: [WARN]  1674307373707: getKeyColumnsForTable found no schema for table '/home/runner/work/steampipe-samples/steampipe-samples/all/hackernews/new_sc.csv'
2023-01-21 13:22:59.352 UTC [ERROR] steampipe-plugin-csv.plugin: [ERROR] csv.tableCSV: header_parse_error=EOF path=/home/runner/work/steampipe-samples/steampipe-samples/all/hackernews/hn_items_all.csv header=[]
2023-01-21 13:22:59.352 UTC [ERROR] steampipe-plugin-csv.plugin: [ERROR] csv.PluginTables: create_table_error="failed to parse file header /home/runner/work/steampipe-samples/steampipe-samples/all/hackernews/hn_items_all.csv: EOF" path=/home/runner/work/steampipe-samples/steampipe-samples/all/hackernews/hn_items_all.csv
2023-01-21 13:22:59.353 UTC [WARN]  failed to set connection config: failed to parse file header /home/runner/work/steampipe-samples/steampipe-samples/all/hackernews/hn_items_all.csv: EOF
2023-01-21 13:23:00.347 UTC [ERROR] steampipe-plugin-csv.plugin: [ERROR] csv.tableCSV: header_parse_error=EOF path=/home/runner/work/steampipe-samples/steampipe-samples/all/hackernews/people.csv header=[]
2023-01-21 13:23:00.347 UTC [ERROR] steampipe-plugin-csv.plugin: [ERROR] csv.PluginTables: create_table_error="failed to parse file header /home/runner/work/steampipe-samples/steampipe-samples/all/hackernews/people.csv: EOF" path=/home/runner/work/steampipe-samples/steampipe-samples/all/hackernews/people.csv
2023-01-21 13:23:00.347 UTC [WARN]  failed to set connection config: failed to parse file header /home/runner/work/steampipe-samples/steampipe-samples/all/hackernews/people.csv: EOF
