2022-11-22 23:19:59.746 UTC [INFO]  starting plugin manager
2022-11-22 23:19:59.746 UTC [TRACE] loaded config map: csv,github,hackernews,net
2022-11-22 23:19:59.746 UTC [TRACE] NewPluginManager
2022-11-22 23:19:59.748 UTC [TRACE] PluginManager setPluginCacheSizeMap: 4 connections.
2022-11-22 23:19:59.748 UTC [TRACE] Total cache size 0Mb
2022-11-22 23:19:59.748 UTC [INFO]  starting connection watcher
2022-11-22 23:19:59.748 UTC [INFO]  created ConnectionWatcher
2022-11-22 23:19:59.748 UTC [TRACE] about to serve
2022-11-22 23:19:59.823 UTC [TRACE] PluginManager Get, connections: '[csv]'
2022-11-22 23:19:59.823 UTC [TRACE] PluginManager getPlugin hub.steampipe.io/plugins/turbot/csv@latest connection 'csv'
2022-11-22 23:19:59.823 UTC [TRACE] PluginManager 0xc0004dd770 plugin hub.steampipe.io/plugins/turbot/csv@latest (csv) NOT started or starting - start now
2022-11-22 23:19:59.823 UTC [TRACE] ************ start plugin csv ********************
2022-11-22 23:19:59.823 UTC [TRACE] ************ plugin path /home/runner/.steampipe/plugins/hub.steampipe.io/plugins/turbot/csv@latest/steampipe-plugin-csv.plugin ********************
2022-11-22 23:19:59.848 UTC [TRACE] handleFileWatcherEvent ignoring first event
2022-11-22 23:19:59.894 UTC [DEBUG] starting plugin: path=/home/runner/.steampipe/plugins/hub.steampipe.io/plugins/turbot/csv@latest/steampipe-plugin-csv.plugin args=["/home/runner/.steampipe/plugins/hub.steampipe.io/plugins/turbot/csv@latest/steampipe-plugin-csv.plugin"]
2022-11-22 23:19:59.894 UTC [DEBUG] plugin started: path=/home/runner/.steampipe/plugins/hub.steampipe.io/plugins/turbot/csv@latest/steampipe-plugin-csv.plugin pid=2005
2022-11-22 23:19:59.894 UTC [DEBUG] waiting for RPC address: path=/home/runner/.steampipe/plugins/hub.steampipe.io/plugins/turbot/csv@latest/steampipe-plugin-csv.plugin
2022-11-22 23:19:59.909 UTC [INFO]  steampipe-plugin-csv.plugin: [INFO]  Initialise plugin 'steampipe-plugin-csv', using sdk version 4.1.8
2022-11-22 23:19:59.909 UTC [TRACE] steampipe-plugin-csv.plugin: [TRACE] no DefaultRetryConfig defined - creating empty
2022-11-22 23:19:59.909 UTC [TRACE] steampipe-plugin-csv.plugin: [TRACE] no DefaultIgnoreConfig defined - creating empty
2022-11-22 23:19:59.909 UTC [TRACE] steampipe-plugin-csv.plugin: [TRACE] telemetry.Init service 'steampipe-plugin-csv', tracingEnabled: false, metricsEnabled: false
2022-11-22 23:19:59.909 UTC [TRACE] steampipe-plugin-csv.plugin: [TRACE] metrics and tracing disabled' - returning
2022-11-22 23:19:59.910 UTC [DEBUG] steampipe-plugin-csv.plugin: plugin address: address=/tmp/plugin3334405461 network=unix timestamp=2022-11-22T23:19:59.910Z
2022-11-22 23:19:59.910 UTC [DEBUG] using plugin: version=0
2022-11-22 23:19:59.910 UTC [TRACE] NewPluginClient for plugin hub.steampipe.io/plugins/turbot/csv@latest
2022-11-22 23:19:59.911 UTC [TRACE] stdio: waiting for stdio data
2022-11-22 23:19:59.912 UTC [TRACE] supportedOperations: query_cache:true  multiple_connections:true
2022-11-22 23:19:59.912 UTC [TRACE] steampipe-plugin-csv.plugin: [TRACE] SetAllConnectionConfigs setting 1 configs
2022-11-22 23:19:59.913 UTC [TRACE] steampipe-plugin-csv.plugin: [TRACE] connection csv build schema and table map
2022-11-22 23:19:59.913 UTC [DEBUG] steampipe-plugin-csv.plugin: [DEBUG] csv.tableCSV: path=/home/runner/work/steampipe-samples/steampipe-samples/all/hackernews/hn_items_all.csv detected_encoding=Unknown
2022-11-22 23:19:59.913 UTC [DEBUG] steampipe-plugin-csv.plugin: [DEBUG] csv.tableCSV: path=/home/runner/work/steampipe-samples/steampipe-samples/all/hackernews/new_sc.csv detected_encoding=Unknown
2022-11-22 23:19:59.913 UTC [DEBUG] steampipe-plugin-csv.plugin: [DEBUG] csv.tableCSV: path=/home/runner/work/steampipe-samples/steampipe-samples/all/hackernews/people.csv detected_encoding=Unknown
2022-11-22 23:19:59.913 UTC [TRACE] steampipe-plugin-csv.plugin: [TRACE] initialise table /home/runner/work/steampipe-samples/steampipe-samples/all/hackernews/hn_items_all.csv
2022-11-22 23:19:59.913 UTC [TRACE] steampipe-plugin-csv.plugin: [TRACE] no DefaultRetryConfig defined - creating empty
2022-11-22 23:19:59.913 UTC [TRACE] steampipe-plugin-csv.plugin: [TRACE] no DefaultIgnoreConfig defined - creating empty
2022-11-22 23:19:59.913 UTC [TRACE] steampipe-plugin-csv.plugin: [TRACE] apply plugin defaults for DefaultRetryConfig
2022-11-22 23:19:59.913 UTC [TRACE] steampipe-plugin-csv.plugin: [TRACE] apply plugin defaults for DefaultIgnoreConfig, table &{<nil> <nil>} plugin &{<nil> <nil>}
2022-11-22 23:19:59.913 UTC [TRACE] steampipe-plugin-csv.plugin: [TRACE] DefaultRetryConfig:
2022-11-22 23:19:59.913 UTC [TRACE] steampipe-plugin-csv.plugin: [TRACE] DefaultIgnoreConfig:
2022-11-22 23:19:59.913 UTC [TRACE] steampipe-plugin-csv.plugin: [TRACE] t.List.initialise
2022-11-22 23:19:59.913 UTC [TRACE] steampipe-plugin-csv.plugin: [TRACE] ListConfig.initialise table /home/runner/work/steampipe-samples/steampipe-samples/all/hackernews/hn_items_all.csv
2022-11-22 23:19:59.913 UTC [TRACE] steampipe-plugin-csv.plugin: [TRACE] ListConfig.initialise complete: RetryConfig: , IgnoreConfig
2022-11-22 23:19:59.913 UTC [TRACE] steampipe-plugin-csv.plugin: [TRACE] back from initialiseHydrateConfigs
2022-11-22 23:19:59.913 UTC [TRACE] steampipe-plugin-csv.plugin: [TRACE] initialise table /home/runner/work/steampipe-samples/steampipe-samples/all/hackernews/hn_items_all.csv COMPLETE
2022-11-22 23:19:59.913 UTC [TRACE] steampipe-plugin-csv.plugin: [TRACE] initialise table /home/runner/work/steampipe-samples/steampipe-samples/all/hackernews/new_sc.csv
2022-11-22 23:19:59.913 UTC [TRACE] steampipe-plugin-csv.plugin: [TRACE] no DefaultRetryConfig defined - creating empty
2022-11-22 23:19:59.913 UTC [TRACE] steampipe-plugin-csv.plugin: [TRACE] no DefaultIgnoreConfig defined - creating empty
2022-11-22 23:19:59.913 UTC [TRACE] steampipe-plugin-csv.plugin: [TRACE] apply plugin defaults for DefaultRetryConfig
2022-11-22 23:19:59.913 UTC [TRACE] steampipe-plugin-csv.plugin: [TRACE] apply plugin defaults for DefaultIgnoreConfig, table &{<nil> <nil>} plugin &{<nil> <nil>}
2022-11-22 23:19:59.913 UTC [TRACE] steampipe-plugin-csv.plugin: [TRACE] DefaultRetryConfig:
2022-11-22 23:19:59.913 UTC [TRACE] steampipe-plugin-csv.plugin: [TRACE] DefaultIgnoreConfig:
2022-11-22 23:19:59.913 UTC [TRACE] steampipe-plugin-csv.plugin: [TRACE] t.List.initialise
2022-11-22 23:19:59.913 UTC [TRACE] steampipe-plugin-csv.plugin: [TRACE] ListConfig.initialise table /home/runner/work/steampipe-samples/steampipe-samples/all/hackernews/new_sc.csv
2022-11-22 23:19:59.913 UTC [TRACE] steampipe-plugin-csv.plugin: [TRACE] ListConfig.initialise complete: RetryConfig: , IgnoreConfig
2022-11-22 23:19:59.913 UTC [TRACE] steampipe-plugin-csv.plugin: [TRACE] back from initialiseHydrateConfigs
2022-11-22 23:19:59.913 UTC [TRACE] steampipe-plugin-csv.plugin: [TRACE] initialise table /home/runner/work/steampipe-samples/steampipe-samples/all/hackernews/new_sc.csv COMPLETE
2022-11-22 23:19:59.913 UTC [TRACE] steampipe-plugin-csv.plugin: [TRACE] initialise table /home/runner/work/steampipe-samples/steampipe-samples/all/hackernews/people.csv
2022-11-22 23:19:59.913 UTC [TRACE] steampipe-plugin-csv.plugin: [TRACE] no DefaultRetryConfig defined - creating empty
2022-11-22 23:19:59.913 UTC [TRACE] steampipe-plugin-csv.plugin: [TRACE] no DefaultIgnoreConfig defined - creating empty
2022-11-22 23:19:59.913 UTC [TRACE] steampipe-plugin-csv.plugin: [TRACE] apply plugin defaults for DefaultRetryConfig
2022-11-22 23:19:59.913 UTC [TRACE] steampipe-plugin-csv.plugin: [TRACE] apply plugin defaults for DefaultIgnoreConfig, table &{<nil> <nil>} plugin &{<nil> <nil>}
2022-11-22 23:19:59.913 UTC [TRACE] steampipe-plugin-csv.plugin: [TRACE] DefaultRetryConfig:
2022-11-22 23:19:59.913 UTC [TRACE] steampipe-plugin-csv.plugin: [TRACE] DefaultIgnoreConfig:
2022-11-22 23:19:59.913 UTC [TRACE] steampipe-plugin-csv.plugin: [TRACE] t.List.initialise
2022-11-22 23:19:59.913 UTC [TRACE] steampipe-plugin-csv.plugin: [TRACE] ListConfig.initialise table /home/runner/work/steampipe-samples/steampipe-samples/all/hackernews/people.csv
2022-11-22 23:19:59.913 UTC [TRACE] steampipe-plugin-csv.plugin: [TRACE] ListConfig.initialise complete: RetryConfig: , IgnoreConfig
2022-11-22 23:19:59.913 UTC [TRACE] steampipe-plugin-csv.plugin: [TRACE] back from initialiseHydrateConfigs
2022-11-22 23:19:59.913 UTC [TRACE] steampipe-plugin-csv.plugin: [TRACE] initialise table /home/runner/work/steampipe-samples/steampipe-samples/all/hackernews/people.csv COMPLETE
2022-11-22 23:19:59.913 UTC [TRACE] steampipe-plugin-csv.plugin: [TRACE] validate plugin steampipe-plugin-csv, required columns []
2022-11-22 23:19:59.913 UTC [TRACE] steampipe-plugin-csv.plugin: [TRACE] validate DefaultRetryConfig
2022-11-22 23:19:59.913 UTC [TRACE] steampipe-plugin-csv.plugin: [TRACE] validate DefaultIgnoreConfig
2022-11-22 23:19:59.913 UTC [TRACE] steampipe-plugin-csv.plugin: [TRACE] validate table names
2022-11-22 23:19:59.913 UTC [TRACE] steampipe-plugin-csv.plugin: [TRACE] plugin has 0 validation errors
2022-11-22 23:19:59.913 UTC [TRACE] steampipe-plugin-csv.plugin: [TRACE] Plugin ensureCache creating cache, maxCacheStorageMb 0
2022-11-22 23:19:59.913 UTC [TRACE] steampipe-plugin-csv.plugin: [TRACE] createCacheStore for plugin 'steampipe-plugin-csv' setting max size to 0Mb, Shards: 2, max shard size: 0
2022-11-22 23:19:59.929 UTC [INFO]  steampipe-plugin-csv.plugin: [INFO]  query cache created
2022-11-22 23:19:59.929 UTC [DEBUG] steampipe-plugin-csv.plugin: [DEBUG] SetAllConnectionConfigs finished
2022-11-22 23:19:59.929 UTC [TRACE] PluginManager getPlugin complete, returning reattach config with PID: 2005
2022-11-22 23:19:59.930 UTC [TRACE] PluginManager Get returning reattach_map:{key:"csv"  value:{protocol:"grpc"  addr:{Network:"unix"  Address:"/tmp/plugin3334405461"}  pid:2005  supported_operations:{query_cache:true  multiple_connections:true}  connections:"csv"  plugin:"hub.steampipe.io/plugins/turbot/csv@latest"}}
2022-11-22 23:20:00.014 UTC [TRACE] PluginManager Get, connections: '[csv]'
2022-11-22 23:20:00.014 UTC [TRACE] PluginManager getPlugin hub.steampipe.io/plugins/turbot/csv@latest connection 'csv'
2022-11-22 23:20:00.014 UTC [TRACE] connection csv found in connectionPluginMap
2022-11-22 23:20:00.014 UTC [TRACE] initialized: 2005
2022-11-22 23:20:00.014 UTC [TRACE] initialized: 2005
2022-11-22 23:20:00.014 UTC [TRACE] connection csv is loaded, check for running PID
2022-11-22 23:20:00.015 UTC [TRACE] PluginManager found 'csv' in map, pid 2005
2022-11-22 23:20:00.015 UTC [TRACE] PluginManager Get returning reattach_map:{key:"csv"  value:{protocol:"grpc"  addr:{Network:"unix"  Address:"/tmp/plugin3334405461"}  pid:2005  supported_operations:{query_cache:true  multiple_connections:true}  connections:"csv"  plugin:"hub.steampipe.io/plugins/turbot/csv@latest"}}
2022-11-22 23:20:00.175 UTC [TRACE] PluginManager Get, connections: '[hackernews]'
2022-11-22 23:20:00.175 UTC [TRACE] PluginManager getPlugin hub.steampipe.io/plugins/turbot/hackernews@latest connection 'hackernews'
2022-11-22 23:20:00.175 UTC [TRACE] PluginManager 0xc0004dd770 plugin hub.steampipe.io/plugins/turbot/hackernews@latest (hackernews) NOT started or starting - start now
2022-11-22 23:20:00.175 UTC [TRACE] ************ start plugin hackernews ********************
2022-11-22 23:20:00.175 UTC [TRACE] ************ plugin path /home/runner/.steampipe/plugins/hub.steampipe.io/plugins/turbot/hackernews@latest/steampipe-plugin-hackernews.plugin ********************
2022-11-22 23:20:00.248 UTC [DEBUG] starting plugin: path=/home/runner/.steampipe/plugins/hub.steampipe.io/plugins/turbot/hackernews@latest/steampipe-plugin-hackernews.plugin args=["/home/runner/.steampipe/plugins/hub.steampipe.io/plugins/turbot/hackernews@latest/steampipe-plugin-hackernews.plugin"]
2022-11-22 23:20:00.248 UTC [DEBUG] plugin started: path=/home/runner/.steampipe/plugins/hub.steampipe.io/plugins/turbot/hackernews@latest/steampipe-plugin-hackernews.plugin pid=2029
2022-11-22 23:20:00.248 UTC [DEBUG] waiting for RPC address: path=/home/runner/.steampipe/plugins/hub.steampipe.io/plugins/turbot/hackernews@latest/steampipe-plugin-hackernews.plugin
2022-11-22 23:20:00.259 UTC [INFO]  steampipe-plugin-hackernews.plugin: [INFO]  Initialise plugin 'steampipe-plugin-hackernews', using sdk version 4.1.7
2022-11-22 23:20:00.259 UTC [TRACE] steampipe-plugin-hackernews.plugin: [TRACE] defaulting SchemaMode to SchemaModeStatic
2022-11-22 23:20:00.259 UTC [TRACE] steampipe-plugin-hackernews.plugin: [TRACE] no DefaultRetryConfig defined - creating empty
2022-11-22 23:20:00.259 UTC [TRACE] steampipe-plugin-hackernews.plugin: [TRACE] no DefaultIgnoreConfig defined - creating empty
2022-11-22 23:20:00.259 UTC [TRACE] steampipe-plugin-hackernews.plugin: [TRACE] Setting Ulimit: ulimit=2560
2022-11-22 23:20:00.259 UTC [TRACE] steampipe-plugin-hackernews.plugin: [TRACE] telemetry.Init service 'steampipe-plugin-hackernews', tracingEnabled: false, metricsEnabled: false
2022-11-22 23:20:00.259 UTC [TRACE] steampipe-plugin-hackernews.plugin: [TRACE] metrics and tracing disabled' - returning
2022-11-22 23:20:00.260 UTC [DEBUG] using plugin: version=0
2022-11-22 23:20:00.260 UTC [TRACE] NewPluginClient for plugin hub.steampipe.io/plugins/turbot/hackernews@latest
2022-11-22 23:20:00.260 UTC [DEBUG] steampipe-plugin-hackernews.plugin: plugin address: address=/tmp/plugin3597907098 network=unix timestamp=2022-11-22T23:20:00.260Z
2022-11-22 23:20:00.261 UTC [TRACE] stdio: waiting for stdio data
2022-11-22 23:20:00.262 UTC [TRACE] supportedOperations: query_cache:true  multiple_connections:true
2022-11-22 23:20:00.263 UTC [TRACE] steampipe-plugin-hackernews.plugin: [TRACE] SetAllConnectionConfigs setting 1 configs
2022-11-22 23:20:00.263 UTC [TRACE] steampipe-plugin-hackernews.plugin: [TRACE] connection hackernews build schema and table map
2022-11-22 23:20:00.263 UTC [TRACE] steampipe-plugin-hackernews.plugin: [TRACE] initialise table hackernews_top
2022-11-22 23:20:00.263 UTC [TRACE] steampipe-plugin-hackernews.plugin: [TRACE] no DefaultRetryConfig defined - creating empty
2022-11-22 23:20:00.263 UTC [TRACE] steampipe-plugin-hackernews.plugin: [TRACE] no DefaultIgnoreConfig defined - creating empty
2022-11-22 23:20:00.263 UTC [TRACE] steampipe-plugin-hackernews.plugin: [TRACE] apply plugin defaults for DefaultRetryConfig
2022-11-22 23:20:00.263 UTC [TRACE] steampipe-plugin-hackernews.plugin: [TRACE] apply plugin defaults for DefaultIgnoreConfig, table &{<nil> <nil>} plugin &{<nil> <nil>}
2022-11-22 23:20:00.263 UTC [TRACE] steampipe-plugin-hackernews.plugin: [TRACE] DefaultRetryConfig:
2022-11-22 23:20:00.263 UTC [TRACE] steampipe-plugin-hackernews.plugin: [TRACE] DefaultIgnoreConfig:
2022-11-22 23:20:00.263 UTC [TRACE] steampipe-plugin-hackernews.plugin: [TRACE] t.Get.initialise
2022-11-22 23:20:00.263 UTC [TRACE] steampipe-plugin-hackernews.plugin: [TRACE] GetConfig.initialise table hackernews_top
2022-11-22 23:20:00.263 UTC [TRACE] steampipe-plugin-hackernews.plugin: [TRACE] GetConfig.initialise complete: RetryConfig: , IgnoreConfig:
2022-11-22 23:20:00.263 UTC [TRACE] steampipe-plugin-hackernews.plugin: [TRACE] t.List.initialise
2022-11-22 23:20:00.263 UTC [TRACE] steampipe-plugin-hackernews.plugin: [TRACE] ListConfig.initialise table hackernews_top
2022-11-22 23:20:00.263 UTC [TRACE] steampipe-plugin-hackernews.plugin: [TRACE] ListConfig.initialise complete: RetryConfig: , IgnoreConfig
2022-11-22 23:20:00.263 UTC [TRACE] steampipe-plugin-hackernews.plugin: [TRACE] HydrateConfig.initialise func getItem, table hackernews_top
2022-11-22 23:20:00.263 UTC [TRACE] steampipe-plugin-hackernews.plugin: [TRACE] HydrateConfig.initialise complete: RetryConfig: , IgnoreConfig:
2022-11-22 23:20:00.263 UTC [TRACE] steampipe-plugin-hackernews.plugin: [TRACE] back from initialiseHydrateConfigs
2022-11-22 23:20:00.263 UTC [TRACE] steampipe-plugin-hackernews.plugin: [TRACE] initialise table hackernews_top COMPLETE
2022-11-22 23:20:00.263 UTC [TRACE] steampipe-plugin-hackernews.plugin: [TRACE] initialise table hackernews_user
2022-11-22 23:20:00.263 UTC [TRACE] steampipe-plugin-hackernews.plugin: [TRACE] no DefaultRetryConfig defined - creating empty
2022-11-22 23:20:00.263 UTC [TRACE] steampipe-plugin-hackernews.plugin: [TRACE] no DefaultIgnoreConfig defined - creating empty
2022-11-22 23:20:00.263 UTC [TRACE] steampipe-plugin-hackernews.plugin: [TRACE] apply plugin defaults for DefaultRetryConfig
2022-11-22 23:20:00.263 UTC [TRACE] steampipe-plugin-hackernews.plugin: [TRACE] apply plugin defaults for DefaultIgnoreConfig, table &{<nil> <nil>} plugin &{<nil> <nil>}
2022-11-22 23:20:00.263 UTC [TRACE] steampipe-plugin-hackernews.plugin: [TRACE] DefaultRetryConfig:
2022-11-22 23:20:00.263 UTC [TRACE] steampipe-plugin-hackernews.plugin: [TRACE] DefaultIgnoreConfig:
2022-11-22 23:20:00.263 UTC [TRACE] steampipe-plugin-hackernews.plugin: [TRACE] t.List.initialise
2022-11-22 23:20:00.263 UTC [TRACE] steampipe-plugin-hackernews.plugin: [TRACE] ListConfig.initialise table hackernews_user
2022-11-22 23:20:00.263 UTC [TRACE] steampipe-plugin-hackernews.plugin: [TRACE] ListConfig.initialise complete: RetryConfig: , IgnoreConfig
2022-11-22 23:20:00.263 UTC [TRACE] steampipe-plugin-hackernews.plugin: [TRACE] back from initialiseHydrateConfigs
2022-11-22 23:20:00.263 UTC [TRACE] steampipe-plugin-hackernews.plugin: [TRACE] initialise table hackernews_user COMPLETE
2022-11-22 23:20:00.263 UTC [TRACE] steampipe-plugin-hackernews.plugin: [TRACE] initialise table hackernews_ask_hn
2022-11-22 23:20:00.263 UTC [TRACE] steampipe-plugin-hackernews.plugin: [TRACE] no DefaultRetryConfig defined - creating empty
2022-11-22 23:20:00.263 UTC [TRACE] steampipe-plugin-hackernews.plugin: [TRACE] no DefaultIgnoreConfig defined - creating empty
2022-11-22 23:20:00.263 UTC [TRACE] steampipe-plugin-hackernews.plugin: [TRACE] apply plugin defaults for DefaultRetryConfig
2022-11-22 23:20:00.263 UTC [TRACE] steampipe-plugin-hackernews.plugin: [TRACE] apply plugin defaults for DefaultIgnoreConfig, table &{<nil> <nil>} plugin &{<nil> <nil>}
2022-11-22 23:20:00.263 UTC [TRACE] steampipe-plugin-hackernews.plugin: [TRACE] DefaultRetryConfig:
2022-11-22 23:20:00.263 UTC [TRACE] steampipe-plugin-hackernews.plugin: [TRACE] DefaultIgnoreConfig:
2022-11-22 23:20:00.263 UTC [TRACE] steampipe-plugin-hackernews.plugin: [TRACE] t.Get.initialise
2022-11-22 23:20:00.263 UTC [TRACE] steampipe-plugin-hackernews.plugin: [TRACE] GetConfig.initialise table hackernews_ask_hn
2022-11-22 23:20:00.263 UTC [TRACE] steampipe-plugin-hackernews.plugin: [TRACE] GetConfig.initialise complete: RetryConfig: , IgnoreConfig:
2022-11-22 23:20:00.263 UTC [TRACE] steampipe-plugin-hackernews.plugin: [TRACE] t.List.initialise
2022-11-22 23:20:00.263 UTC [TRACE] steampipe-plugin-hackernews.plugin: [TRACE] ListConfig.initialise table hackernews_ask_hn
2022-11-22 23:20:00.263 UTC [TRACE] steampipe-plugin-hackernews.plugin: [TRACE] ListConfig.initialise complete: RetryConfig: , IgnoreConfig
2022-11-22 23:20:00.263 UTC [TRACE] steampipe-plugin-hackernews.plugin: [TRACE] HydrateConfig.initialise func getItem, table hackernews_ask_hn
2022-11-22 23:20:00.263 UTC [TRACE] steampipe-plugin-hackernews.plugin: [TRACE] HydrateConfig.initialise complete: RetryConfig: , IgnoreConfig:
2022-11-22 23:20:00.263 UTC [TRACE] steampipe-plugin-hackernews.plugin: [TRACE] back from initialiseHydrateConfigs
2022-11-22 23:20:00.263 UTC [TRACE] steampipe-plugin-hackernews.plugin: [TRACE] initialise table hackernews_ask_hn COMPLETE
2022-11-22 23:20:00.263 UTC [TRACE] steampipe-plugin-hackernews.plugin: [TRACE] initialise table hackernews_best
2022-11-22 23:20:00.263 UTC [TRACE] steampipe-plugin-hackernews.plugin: [TRACE] no DefaultRetryConfig defined - creating empty
2022-11-22 23:20:00.263 UTC [TRACE] steampipe-plugin-hackernews.plugin: [TRACE] no DefaultIgnoreConfig defined - creating empty
2022-11-22 23:20:00.263 UTC [TRACE] steampipe-plugin-hackernews.plugin: [TRACE] apply plugin defaults for DefaultRetryConfig
2022-11-22 23:20:00.263 UTC [TRACE] steampipe-plugin-hackernews.plugin: [TRACE] apply plugin defaults for DefaultIgnoreConfig, table &{<nil> <nil>} plugin &{<nil> <nil>}
2022-11-22 23:20:00.263 UTC [TRACE] steampipe-plugin-hackernews.plugin: [TRACE] DefaultRetryConfig:
2022-11-22 23:20:00.263 UTC [TRACE] steampipe-plugin-hackernews.plugin: [TRACE] DefaultIgnoreConfig:
2022-11-22 23:20:00.263 UTC [TRACE] steampipe-plugin-hackernews.plugin: [TRACE] t.Get.initialise
2022-11-22 23:20:00.263 UTC [TRACE] steampipe-plugin-hackernews.plugin: [TRACE] GetConfig.initialise table hackernews_best
2022-11-22 23:20:00.263 UTC [TRACE] steampipe-plugin-hackernews.plugin: [TRACE] GetConfig.initialise complete: RetryConfig: , IgnoreConfig:
2022-11-22 23:20:00.263 UTC [TRACE] steampipe-plugin-hackernews.plugin: [TRACE] t.List.initialise
2022-11-22 23:20:00.263 UTC [TRACE] steampipe-plugin-hackernews.plugin: [TRACE] ListConfig.initialise table hackernews_best
2022-11-22 23:20:00.263 UTC [TRACE] steampipe-plugin-hackernews.plugin: [TRACE] ListConfig.initialise complete: RetryConfig: , IgnoreConfig
2022-11-22 23:20:00.263 UTC [TRACE] steampipe-plugin-hackernews.plugin: [TRACE] HydrateConfig.initialise func getItem, table hackernews_best
2022-11-22 23:20:00.263 UTC [TRACE] steampipe-plugin-hackernews.plugin: [TRACE] HydrateConfig.initialise complete: RetryConfig: , IgnoreConfig:
2022-11-22 23:20:00.263 UTC [TRACE] steampipe-plugin-hackernews.plugin: [TRACE] back from initialiseHydrateConfigs
2022-11-22 23:20:00.263 UTC [TRACE] steampipe-plugin-hackernews.plugin: [TRACE] initialise table hackernews_best COMPLETE
2022-11-22 23:20:00.263 UTC [TRACE] steampipe-plugin-hackernews.plugin: [TRACE] initialise table hackernews_item
2022-11-22 23:20:00.263 UTC [TRACE] steampipe-plugin-hackernews.plugin: [TRACE] no DefaultRetryConfig defined - creating empty
2022-11-22 23:20:00.263 UTC [TRACE] steampipe-plugin-hackernews.plugin: [TRACE] no DefaultIgnoreConfig defined - creating empty
2022-11-22 23:20:00.263 UTC [TRACE] steampipe-plugin-hackernews.plugin: [TRACE] apply plugin defaults for DefaultRetryConfig
2022-11-22 23:20:00.263 UTC [TRACE] steampipe-plugin-hackernews.plugin: [TRACE] apply plugin defaults for DefaultIgnoreConfig, table &{<nil> <nil>} plugin &{<nil> <nil>}
2022-11-22 23:20:00.263 UTC [TRACE] steampipe-plugin-hackernews.plugin: [TRACE] DefaultRetryConfig:
2022-11-22 23:20:00.263 UTC [TRACE] steampipe-plugin-hackernews.plugin: [TRACE] DefaultIgnoreConfig:
2022-11-22 23:20:00.263 UTC [TRACE] steampipe-plugin-hackernews.plugin: [TRACE] t.Get.initialise
2022-11-22 23:20:00.263 UTC [TRACE] steampipe-plugin-hackernews.plugin: [TRACE] GetConfig.initialise table hackernews_item
2022-11-22 23:20:00.263 UTC [TRACE] steampipe-plugin-hackernews.plugin: [TRACE] GetConfig.initialise complete: RetryConfig: , IgnoreConfig:
2022-11-22 23:20:00.263 UTC [TRACE] steampipe-plugin-hackernews.plugin: [TRACE] t.List.initialise
2022-11-22 23:20:00.263 UTC [TRACE] steampipe-plugin-hackernews.plugin: [TRACE] ListConfig.initialise table hackernews_item
2022-11-22 23:20:00.263 UTC [TRACE] steampipe-plugin-hackernews.plugin: [TRACE] ListConfig.initialise complete: RetryConfig: , IgnoreConfig
2022-11-22 23:20:00.263 UTC [TRACE] steampipe-plugin-hackernews.plugin: [TRACE] HydrateConfig.initialise func getItem, table hackernews_item
2022-11-22 23:20:00.263 UTC [TRACE] steampipe-plugin-hackernews.plugin: [TRACE] HydrateConfig.initialise complete: RetryConfig: , IgnoreConfig:
2022-11-22 23:20:00.263 UTC [TRACE] steampipe-plugin-hackernews.plugin: [TRACE] back from initialiseHydrateConfigs
2022-11-22 23:20:00.263 UTC [TRACE] steampipe-plugin-hackernews.plugin: [TRACE] initialise table hackernews_item COMPLETE
2022-11-22 23:20:00.263 UTC [TRACE] steampipe-plugin-hackernews.plugin: [TRACE] initialise table hackernews_job
2022-11-22 23:20:00.263 UTC [TRACE] steampipe-plugin-hackernews.plugin: [TRACE] no DefaultRetryConfig defined - creating empty
2022-11-22 23:20:00.263 UTC [TRACE] steampipe-plugin-hackernews.plugin: [TRACE] no DefaultIgnoreConfig defined - creating empty
2022-11-22 23:20:00.263 UTC [TRACE] steampipe-plugin-hackernews.plugin: [TRACE] apply plugin defaults for DefaultRetryConfig
2022-11-22 23:20:00.263 UTC [TRACE] steampipe-plugin-hackernews.plugin: [TRACE] apply plugin defaults for DefaultIgnoreConfig, table &{<nil> <nil>} plugin &{<nil> <nil>}
2022-11-22 23:20:00.263 UTC [TRACE] steampipe-plugin-hackernews.plugin: [TRACE] DefaultRetryConfig:
2022-11-22 23:20:00.263 UTC [TRACE] steampipe-plugin-hackernews.plugin: [TRACE] DefaultIgnoreConfig:
2022-11-22 23:20:00.263 UTC [TRACE] steampipe-plugin-hackernews.plugin: [TRACE] t.Get.initialise
2022-11-22 23:20:00.263 UTC [TRACE] steampipe-plugin-hackernews.plugin: [TRACE] GetConfig.initialise table hackernews_job
2022-11-22 23:20:00.263 UTC [TRACE] steampipe-plugin-hackernews.plugin: [TRACE] GetConfig.initialise complete: RetryConfig: , IgnoreConfig:
2022-11-22 23:20:00.263 UTC [TRACE] steampipe-plugin-hackernews.plugin: [TRACE] t.List.initialise
2022-11-22 23:20:00.263 UTC [TRACE] steampipe-plugin-hackernews.plugin: [TRACE] ListConfig.initialise table hackernews_job
2022-11-22 23:20:00.263 UTC [TRACE] steampipe-plugin-hackernews.plugin: [TRACE] ListConfig.initialise complete: RetryConfig: , IgnoreConfig
2022-11-22 23:20:00.263 UTC [TRACE] steampipe-plugin-hackernews.plugin: [TRACE] HydrateConfig.initialise func getItem, table hackernews_job
2022-11-22 23:20:00.263 UTC [TRACE] steampipe-plugin-hackernews.plugin: [TRACE] HydrateConfig.initialise complete: RetryConfig: , IgnoreConfig:
2022-11-22 23:20:00.263 UTC [TRACE] steampipe-plugin-hackernews.plugin: [TRACE] back from initialiseHydrateConfigs
2022-11-22 23:20:00.263 UTC [TRACE] steampipe-plugin-hackernews.plugin: [TRACE] initialise table hackernews_job COMPLETE
2022-11-22 23:20:00.263 UTC [TRACE] steampipe-plugin-hackernews.plugin: [TRACE] initialise table hackernews_new
2022-11-22 23:20:00.263 UTC [TRACE] steampipe-plugin-hackernews.plugin: [TRACE] no DefaultRetryConfig defined - creating empty
2022-11-22 23:20:00.263 UTC [TRACE] steampipe-plugin-hackernews.plugin: [TRACE] no DefaultIgnoreConfig defined - creating empty
2022-11-22 23:20:00.263 UTC [TRACE] steampipe-plugin-hackernews.plugin: [TRACE] apply plugin defaults for DefaultRetryConfig
2022-11-22 23:20:00.263 UTC [TRACE] steampipe-plugin-hackernews.plugin: [TRACE] apply plugin defaults for DefaultIgnoreConfig, table &{<nil> <nil>} plugin &{<nil> <nil>}
2022-11-22 23:20:00.263 UTC [TRACE] steampipe-plugin-hackernews.plugin: [TRACE] DefaultRetryConfig:
2022-11-22 23:20:00.263 UTC [TRACE] steampipe-plugin-hackernews.plugin: [TRACE] DefaultIgnoreConfig:
2022-11-22 23:20:00.263 UTC [TRACE] steampipe-plugin-hackernews.plugin: [TRACE] t.Get.initialise
2022-11-22 23:20:00.263 UTC [TRACE] steampipe-plugin-hackernews.plugin: [TRACE] GetConfig.initialise table hackernews_new
2022-11-22 23:20:00.263 UTC [TRACE] steampipe-plugin-hackernews.plugin: [TRACE] GetConfig.initialise complete: RetryConfig: , IgnoreConfig:
2022-11-22 23:20:00.263 UTC [TRACE] steampipe-plugin-hackernews.plugin: [TRACE] t.List.initialise
2022-11-22 23:20:00.263 UTC [TRACE] steampipe-plugin-hackernews.plugin: [TRACE] ListConfig.initialise table hackernews_new
2022-11-22 23:20:00.263 UTC [TRACE] steampipe-plugin-hackernews.plugin: [TRACE] ListConfig.initialise complete: RetryConfig: , IgnoreConfig
2022-11-22 23:20:00.263 UTC [TRACE] steampipe-plugin-hackernews.plugin: [TRACE] HydrateConfig.initialise func getItem, table hackernews_new
2022-11-22 23:20:00.263 UTC [TRACE] steampipe-plugin-hackernews.plugin: [TRACE] HydrateConfig.initialise complete: RetryConfig: , IgnoreConfig:
2022-11-22 23:20:00.263 UTC [TRACE] steampipe-plugin-hackernews.plugin: [TRACE] back from initialiseHydrateConfigs
2022-11-22 23:20:00.263 UTC [TRACE] steampipe-plugin-hackernews.plugin: [TRACE] initialise table hackernews_new COMPLETE
2022-11-22 23:20:00.263 UTC [TRACE] steampipe-plugin-hackernews.plugin: [TRACE] initialise table hackernews_show_hn
2022-11-22 23:20:00.263 UTC [TRACE] steampipe-plugin-hackernews.plugin: [TRACE] no DefaultRetryConfig defined - creating empty
2022-11-22 23:20:00.263 UTC [TRACE] steampipe-plugin-hackernews.plugin: [TRACE] no DefaultIgnoreConfig defined - creating empty
2022-11-22 23:20:00.263 UTC [TRACE] steampipe-plugin-hackernews.plugin: [TRACE] apply plugin defaults for DefaultRetryConfig
2022-11-22 23:20:00.263 UTC [TRACE] steampipe-plugin-hackernews.plugin: [TRACE] apply plugin defaults for DefaultIgnoreConfig, table &{<nil> <nil>} plugin &{<nil> <nil>}
2022-11-22 23:20:00.263 UTC [TRACE] steampipe-plugin-hackernews.plugin: [TRACE] DefaultRetryConfig:
2022-11-22 23:20:00.263 UTC [TRACE] steampipe-plugin-hackernews.plugin: [TRACE] DefaultIgnoreConfig:
2022-11-22 23:20:00.263 UTC [TRACE] steampipe-plugin-hackernews.plugin: [TRACE] t.Get.initialise
2022-11-22 23:20:00.263 UTC [TRACE] steampipe-plugin-hackernews.plugin: [TRACE] GetConfig.initialise table hackernews_show_hn
2022-11-22 23:20:00.263 UTC [TRACE] steampipe-plugin-hackernews.plugin: [TRACE] GetConfig.initialise complete: RetryConfig: , IgnoreConfig:
2022-11-22 23:20:00.263 UTC [TRACE] steampipe-plugin-hackernews.plugin: [TRACE] t.List.initialise
2022-11-22 23:20:00.263 UTC [TRACE] steampipe-plugin-hackernews.plugin: [TRACE] ListConfig.initialise table hackernews_show_hn
2022-11-22 23:20:00.263 UTC [TRACE] steampipe-plugin-hackernews.plugin: [TRACE] ListConfig.initialise complete: RetryConfig: , IgnoreConfig
2022-11-22 23:20:00.263 UTC [TRACE] steampipe-plugin-hackernews.plugin: [TRACE] HydrateConfig.initialise func getItem, table hackernews_show_hn
2022-11-22 23:20:00.263 UTC [TRACE] steampipe-plugin-hackernews.plugin: [TRACE] HydrateConfig.initialise complete: RetryConfig: , IgnoreConfig:
2022-11-22 23:20:00.263 UTC [TRACE] steampipe-plugin-hackernews.plugin: [TRACE] back from initialiseHydrateConfigs
2022-11-22 23:20:00.263 UTC [TRACE] steampipe-plugin-hackernews.plugin: [TRACE] initialise table hackernews_show_hn COMPLETE
2022-11-22 23:20:00.263 UTC [TRACE] steampipe-plugin-hackernews.plugin: [TRACE] validate plugin steampipe-plugin-hackernews, required columns []
2022-11-22 23:20:00.263 UTC [TRACE] steampipe-plugin-hackernews.plugin: [TRACE] validate DefaultRetryConfig
2022-11-22 23:20:00.263 UTC [TRACE] steampipe-plugin-hackernews.plugin: [TRACE] validate DefaultIgnoreConfig
2022-11-22 23:20:00.263 UTC [TRACE] steampipe-plugin-hackernews.plugin: [TRACE] validate table names
2022-11-22 23:20:00.263 UTC [TRACE] steampipe-plugin-hackernews.plugin: [TRACE] plugin has 0 validation errors
2022-11-22 23:20:00.263 UTC [TRACE] steampipe-plugin-hackernews.plugin: [TRACE] Plugin ensureCache creating cache, maxCacheStorageMb 0
2022-11-22 23:20:00.263 UTC [TRACE] steampipe-plugin-hackernews.plugin: [TRACE] createCacheStore for plugin 'steampipe-plugin-hackernews' setting max size to 0Mb, Shards: 2, max shard size: 0
2022-11-22 23:20:00.280 UTC [INFO]  steampipe-plugin-hackernews.plugin: [INFO]  query cache created
2022-11-22 23:20:00.280 UTC [DEBUG] steampipe-plugin-hackernews.plugin: [DEBUG] SetAllConnectionConfigs finished
2022-11-22 23:20:00.280 UTC [TRACE] PluginManager getPlugin complete, returning reattach config with PID: 2029
2022-11-22 23:20:00.280 UTC [TRACE] PluginManager Get returning reattach_map:{key:"hackernews"  value:{protocol:"grpc"  addr:{Network:"unix"  Address:"/tmp/plugin3597907098"}  pid:2029  supported_operations:{query_cache:true  multiple_connections:true}  connections:"hackernews"  plugin:"hub.steampipe.io/plugins/turbot/hackernews@latest"}}
2022-11-22 23:20:00.284 UTC [INFO]  steampipe-plugin-hackernews.plugin: [INFO]  1669159200612: Plugin Execute (1669159200612)
2022-11-22 23:20:00.284 UTC [TRACE] steampipe-plugin-hackernews.plugin: [TRACE] 1669159200612: No memory limit set
2022-11-22 23:20:00.284 UTC [INFO]  steampipe-plugin-hackernews.plugin: [INFO]  1669159200612: Plugin Execute, setting memory limit to -1Mb
2022-11-22 23:20:00.284 UTC [TRACE] steampipe-plugin-hackernews.plugin: [TRACE] 1669159200612: calling ExtractContextFromCarrier
2022-11-22 23:20:00.284 UTC [INFO]  steampipe-plugin-hackernews.plugin: [INFO]  1669159200612: Setting max concurrent connections to 25
2022-11-22 23:20:00.284 UTC [TRACE] steampipe-plugin-hackernews.plugin: [TRACE] 1669159200612: executeForConnection callId: 1669159200612, connectionCallId: hackernews-1669159200612, connection: hackernews table: hackernews_new cols: id,title,time,by,score,dead,deleted,descendants,kids,parent,parts,poll,text,type,url,_ctx
2022-11-22 23:20:00.284 UTC [TRACE] steampipe-plugin-hackernews.plugin: [TRACE] 1669159200612: got connection data
2022-11-22 23:20:00.284 UTC [TRACE] steampipe-plugin-hackernews.plugin: [TRACE] 1669159200612: Got query context, table: hackernews_new, cols: [id title time by score dead deleted descendants kids parent parts poll text type url _ctx]
2022-11-22 23:20:00.284 UTC [TRACE] steampipe-plugin-hackernews.plugin: [TRACE] 1669159200612: Start execute span
2022-11-22 23:20:00.284 UTC [INFO]  steampipe-plugin-hackernews.plugin: [INFO]  1669159200612: Setting free memory interval to 100 rows
2022-11-22 23:20:00.285 UTC [TRACE] steampipe-plugin-hackernews.plugin: [TRACE] 1669159200612: setFetchType map[time:quals:{fieldName:"time"  string_value:">"  value:{timestamp_value:{seconds:1669155600  nanos:155247000}}}]
2022-11-22 23:20:00.285 UTC [TRACE] steampipe-plugin-hackernews.plugin: [TRACE] 1669159200612: getMatchingQuals column:'id' operator: =
2022-11-22 23:20:00.285 UTC [TRACE] steampipe-plugin-hackernews.plugin: [TRACE] 1669159200612: getMatchingQuals returning false - qualMap does not contain any quals for column id
2022-11-22 23:20:00.286 UTC [TRACE] steampipe-plugin-hackernews.plugin: [TRACE] 1669159200612: GetUnsatisfiedKeyColumns for columns column:'id' operator: =
2022-11-22 23:20:00.287 UTC [TRACE] steampipe-plugin-hackernews.plugin: [TRACE] 1669159200612: key column NOT satisfied column:'id' operator: =
2022-11-22 23:20:00.287 UTC [TRACE] steampipe-plugin-hackernews.plugin: [TRACE] 1669159200612: satisfied: map[any_of: optional: required:]
2022-11-22 23:20:00.287 UTC [TRACE] steampipe-plugin-hackernews.plugin: [TRACE] 1669159200612: unsatisfied: map[any_of: optional: required:column:'id' operator: =]
2022-11-22 23:20:00.288 UTC [TRACE] steampipe-plugin-hackernews.plugin: [TRACE] 1669159200612: unsatisfied required KeyColumns: column:'id' operator: =
2022-11-22 23:20:00.288 UTC [TRACE] steampipe-plugin-hackernews.plugin: [TRACE] 1669159200612: Set fetchType to fetchTypeList
2022-11-22 23:20:00.288 UTC [TRACE] steampipe-plugin-hackernews.plugin: [TRACE] 1669159200612: Equals key column quals:
2022-11-22 23:20:00.288 UTC [DEBUG] steampipe-plugin-hackernews.plugin: {}
2022-11-22 23:20:00.288 UTC [TRACE] steampipe-plugin-hackernews.plugin: [TRACE] 1669159200612: All key column quals:
2022-11-22 23:20:00.288 UTC [DEBUG] steampipe-plugin-hackernews.plugin: {}
2022-11-22 23:20:00.288 UTC [TRACE] steampipe-plugin-hackernews.plugin: [TRACE] 1669159200612: GetMatrixItem
2022-11-22 23:20:00.288 UTC [TRACE] steampipe-plugin-hackernews.plugin: [TRACE] 1669159200612: creating query data
2022-11-22 23:20:00.288 UTC [INFO]  steampipe-plugin-hackernews.plugin: [INFO]  1669159200612: cacheEnabled, trying cache get (hackernews-1669159200612)
2022-11-22 23:20:00.288 UTC [TRACE] steampipe-plugin-hackernews.plugin: [TRACE] 1669159200612: QueryCache Get - indexBucketKey index__hackernewshackernews_new, quals
2022-11-22 23:20:00.288 UTC [TRACE] steampipe-plugin-hackernews.plugin: [TRACE] 1669159200612: QueryCache getCachedQueryResult - table hackernews_new, connectionName hackernews
2022-11-22 23:20:00.288 UTC [TRACE] steampipe-plugin-hackernews.plugin: [TRACE] 1669159200612: index bucket key: index__hackernewshackernews_new ttlSeconds 300 limit: -1
2022-11-22 23:20:00.288 UTC [TRACE] steampipe-plugin-hackernews.plugin: [TRACE] 1669159200612: doGet cache miss
2022-11-22 23:20:00.288 UTC [TRACE] steampipe-plugin-hackernews.plugin: [TRACE] 1669159200612: getCachedIndexBucket - no item retrieved for cache key index__hackernewshackernews_new
2022-11-22 23:20:00.288 UTC [TRACE] steampipe-plugin-hackernews.plugin: [TRACE] 1669159200612: getCachedQueryResult returned CACHE MISS - checking for pending transfers
2022-11-22 23:20:00.288 UTC [TRACE] steampipe-plugin-hackernews.plugin: [TRACE] 1669159200612: getPendingResultItem indexBucketKey index__hackernewshackernews_new, columns [id title time by score dead deleted descendants kids parent parts poll text type url _ctx], limit -1
2022-11-22 23:20:00.288 UTC [TRACE] steampipe-plugin-hackernews.plugin: [TRACE] 1669159200612: no pending index item - add pending result, indexBucketKey index__hackernewshackernews_new
2022-11-22 23:20:00.288 UTC [TRACE] steampipe-plugin-hackernews.plugin: [TRACE] 1669159200612: addPendingResult (hackernews-1669159200612) indexBucketKey index__hackernewshackernews_new, columns [id title time by score dead deleted descendants kids parent parts poll text type url _ctx], limit -1
2022-11-22 23:20:00.288 UTC [TRACE] steampipe-plugin-hackernews.plugin: [TRACE] 1669159200612: no index bucket found - creating one
2022-11-22 23:20:00.288 UTC [TRACE] steampipe-plugin-hackernews.plugin: [TRACE] 1669159200612: pendingIndexItem Lock count before 0
2022-11-22 23:20:00.288 UTC [TRACE] steampipe-plugin-hackernews.plugin: [TRACE] 1669159200612: addPendingResult added pending index item to bucket, (hackernews-1669159200612) indexBucketKey index__hackernewshackernews_new, resultKeyRoot hackernewshackernews_newid,title,time,by,score,dead,deleted,descendants,kids,parent,parts,poll,text,type,url,_ctx-1, pending item : 0xc000436840
2022-11-22 23:20:00.288 UTC [TRACE] steampipe-plugin-hackernews.plugin: [TRACE] 1669159200612: **** pending items (hackernews-1669159200612)****
2022-11-22 23:20:00.288 UTC [TRACE] steampipe-plugin-hackernews.plugin: [TRACE] 1669159200612: key: index__hackernewshackernews_new: item: 0xc000436840, count: 1, key:hackernewshackernews_newid,title,time,by,score,dead,deleted,descendants,kids,parent,parts,poll,text,type,url,_ctx-1
2022-11-22 23:20:00.288 UTC [TRACE] steampipe-plugin-hackernews.plugin: [TRACE] 1669159200612: ********
2022-11-22 23:20:00.288 UTC [TRACE] steampipe-plugin-hackernews.plugin: [TRACE] 1669159200612: getPendingResultItem returning <nil>
2022-11-22 23:20:00.288 UTC [INFO]  steampipe-plugin-hackernews.plugin: [INFO]  1669159200612: CACHE MISS
2022-11-22 23:20:00.288 UTC [TRACE] steampipe-plugin-hackernews.plugin: [TRACE] 1669159200612: cache MISS
2022-11-22 23:20:00.288 UTC [INFO]  steampipe-plugin-hackernews.plugin: [INFO]  1669159200612: queryCacheGet returned CACHE MISS (hackernews-1669159200612)
2022-11-22 23:20:00.288 UTC [TRACE] steampipe-plugin-hackernews.plugin: [TRACE] 1669159200612: StartSet (hackernews-1669159200612)
2022-11-22 23:20:00.288 UTC [TRACE] steampipe-plugin-hackernews.plugin: [TRACE] 1669159200612: calling fetchItems, table: hackernews_new, matrixItem: [], limit: -1,  connectionCallId: hackernews-1669159200612"
2022-11-22 23:20:00.288 UTC [TRACE] steampipe-plugin-hackernews.plugin: [TRACE] 1669159200612: buildRowsAsync connectionCallId: hackernews-1669159200612
2022-11-22 23:20:00.288 UTC [TRACE] steampipe-plugin-hackernews.plugin: [TRACE] 1669159200612: streamRows connectionCallId: hackernews-1669159200612
2022-11-22 23:20:00.288 UTC [TRACE] steampipe-plugin-hackernews.plugin: [TRACE] 1669159200612: QueryData streamRows (hackernews-1669159200612)
2022-11-22 23:20:00.288 UTC [TRACE] steampipe-plugin-hackernews.plugin: [TRACE] 1669159200612: executeListCall START (hackernews-1669159200612)
2022-11-22 23:20:00.288 UTC [TRACE] steampipe-plugin-hackernews.plugin: [TRACE] 1669159200612: GetUnsatisfiedKeyColumns for columns
2022-11-22 23:20:00.288 UTC [TRACE] steampipe-plugin-hackernews.plugin: [TRACE] 1669159200612: doList (hackernews-1669159200612)
2022-11-22 23:20:00.288 UTC [TRACE] steampipe-plugin-hackernews.plugin: [TRACE] 1669159200612: doList: no matrix item
2022-11-22 23:20:00.446 UTC [TRACE] stdio: received data: channel=STDOUT len=19
2022-11-22 23:20:00.446 UTC [TRACE] stdio: waiting for stdio data
2022-11-22 23:20:00.450 UTC [TRACE] steampipe-plugin-hackernews.plugin: [TRACE] 1669159200612: QueryData.fetchComplete
2022-11-22 23:20:00.450 UTC [TRACE] steampipe-plugin-hackernews.plugin: [TRACE] 1669159200612: executeListCall COMPLETE (hackernews-1669159200612)
2022-11-22 23:20:00.450 UTC [TRACE] steampipe-plugin-hackernews.plugin: [TRACE] 1669159200612: rowData chan returned nil - wait for rows to complete (hackernews-1669159200612)
2022-11-22 23:20:00.591 UTC [TRACE] stdio: received data: channel=STDOUT len=647
2022-11-22 23:20:00.591 UTC [TRACE] stdio: waiting for stdio data
2022-11-22 23:20:00.621 UTC [TRACE] stdio: received data: channel=STDOUT len=1024
2022-11-22 23:20:00.621 UTC [TRACE] stdio: waiting for stdio data
2022-11-22 23:20:00.632 UTC [TRACE] stdio: received data: channel=STDOUT len=38
2022-11-22 23:20:00.632 UTC [TRACE] stdio: waiting for stdio data
2022-11-22 23:20:00.686 UTC [TRACE] stdio: received data: channel=STDOUT len=1024
2022-11-22 23:20:00.686 UTC [TRACE] stdio: waiting for stdio data
2022-11-22 23:20:00.784 UTC [TRACE] stdio: received data: channel=STDOUT len=705
2022-11-22 23:20:00.784 UTC [TRACE] stdio: waiting for stdio data
2022-11-22 23:20:00.791 UTC [TRACE] stdio: received data: channel=STDOUT len=1000
2022-11-22 23:20:00.791 UTC [TRACE] stdio: waiting for stdio data
2022-11-22 23:20:00.874 UTC [TRACE] stdio: received data: channel=STDOUT len=310
2022-11-22 23:20:00.874 UTC [TRACE] stdio: waiting for stdio data
2022-11-22 23:20:00.878 UTC [TRACE] steampipe-plugin-hackernews.plugin: [TRACE] 1669159200612: buildRowsAsync goroutine returning (hackernews-1669159200612)
2022-11-22 23:20:00.878 UTC [TRACE] steampipe-plugin-hackernews.plugin: [TRACE] 1669159200612: streamRows - nil row, stop streaming (hackernews-1669159200612)
2022-11-22 23:20:00.878 UTC [TRACE] steampipe-plugin-hackernews.plugin: [TRACE] 1669159200612: ------------------------------------
2022-11-22 23:20:00.878 UTC [TRACE] steampipe-plugin-hackernews.plugin: [TRACE] 1669159200612: Concurrency Summary
2022-11-22 23:20:00.878 UTC [TRACE] steampipe-plugin-hackernews.plugin: [TRACE] 1669159200612: ------------------------------------
2022-11-22 23:20:00.878 UTC [TRACE] steampipe-plugin-hackernews.plugin: [TRACE] 1669159200612: getItem                       : 200
2022-11-22 23:20:00.879 UTC [TRACE] steampipe-plugin-hackernews.plugin: [TRACE] 1669159200612: ------------------------------------
2022-11-22 23:20:00.879 UTC [TRACE] steampipe-plugin-hackernews.plugin: [TRACE] 1669159200612: Total                         : 200
2022-11-22 23:20:00.879 UTC [TRACE] steampipe-plugin-hackernews.plugin: [TRACE] 1669159200612: ------------------------------------
2022-11-22 23:20:00.879 UTC [TRACE] steampipe-plugin-hackernews.plugin: [TRACE] 1669159200612: QueryData streamRows DONE (hackernews-1669159200612)
2022-11-22 23:20:00.879 UTC [TRACE] steampipe-plugin-hackernews.plugin: [TRACE] 1669159200612: EndSet (hackernews-1669159200612) table hackernews_new
2022-11-22 23:20:00.879 UTC [TRACE] steampipe-plugin-hackernews.plugin: [TRACE] 1669159200612: QueryCache writePageToCache: 500 rows, pageCount 1, page key hackernewshackernews_newid,title,time,by,score,dead,deleted,descendants,kids,parent,parts,poll,text,type,url,_ctx-1-0
2022-11-22 23:20:00.887 UTC [TRACE] stdio: received data: channel=STDOUT len=89
2022-11-22 23:20:00.887 UTC [TRACE] stdio: waiting for stdio data
2022-11-22 23:20:00.890 UTC [TRACE] steampipe-plugin-hackernews.plugin: [TRACE] 1669159200612: writePageToCache Set - result written
2022-11-22 23:20:00.890 UTC [TRACE] steampipe-plugin-hackernews.plugin: [TRACE] 1669159200612: QueryCache EndSet - result written
2022-11-22 23:20:00.890 UTC [TRACE] steampipe-plugin-hackernews.plugin: [TRACE] 1669159200612: doGet cache miss
2022-11-22 23:20:00.890 UTC [TRACE] steampipe-plugin-hackernews.plugin: [TRACE] 1669159200612: getCachedIndexBucket - no item retrieved for cache key index__hackernewshackernews_new
2022-11-22 23:20:00.890 UTC [TRACE] steampipe-plugin-hackernews.plugin: [TRACE] 1669159200612: getCachedIndexBucket returned cache miss
2022-11-22 23:20:00.890 UTC [TRACE] steampipe-plugin-hackernews.plugin: [TRACE] 1669159200612: QueryCache EndSet - Added index item (0xc01aefb260) to bucket (0xc01ad59110), page count 1,  key root hackernewshackernews_newid,title,time,by,score,dead,deleted,descendants,kids,parent,parts,poll,text,type,url,_ctx-1
2022-11-22 23:20:00.890 UTC [TRACE] steampipe-plugin-hackernews.plugin: [TRACE] 1669159200612: cacheSetIndexBucket index__hackernewshackernews_new
2022-11-22 23:20:00.890 UTC [TRACE] steampipe-plugin-hackernews.plugin: [TRACE] 1669159200612: QueryCache EndSet - IndexBucket written
2022-11-22 23:20:00.890 UTC [TRACE] steampipe-plugin-hackernews.plugin: [TRACE] 1669159200612: EndSet DEFER (hackernews-1669159200612) table hackernews_new
2022-11-22 23:20:00.890 UTC [TRACE] steampipe-plugin-hackernews.plugin: [TRACE] 1669159200612: calling pendingItemComplete (hackernews-1669159200612)
2022-11-22 23:20:00.890 UTC [TRACE] steampipe-plugin-hackernews.plugin: [TRACE] 1669159200612: pendingItemComplete (hackernews-1669159200612) indexBucketKey index__hackernewshackernews_new, columns [id title time by score dead deleted descendants kids parent parts poll text type url _ctx], limit -1
2022-11-22 23:20:00.890 UTC [TRACE] steampipe-plugin-hackernews.plugin: [TRACE] 1669159200612: got pending index bucket, (hackernews-1669159200612) len 1
2022-11-22 23:20:00.890 UTC [TRACE] steampipe-plugin-hackernews.plugin: [TRACE] 1669159200612: SatisfiesLimit limit -1, no item limit - satisfied
2022-11-22 23:20:00.890 UTC [TRACE] steampipe-plugin-hackernews.plugin: [TRACE] 1669159200612: found pending index item to satisfy columns id,title,time,by,score,dead,deleted,descendants,kids,parent,parts,poll,text,type,url,_ctx, limit -1
2022-11-22 23:20:00.890 UTC [TRACE] steampipe-plugin-hackernews.plugin: [TRACE] 1669159200612: found completed pending item (hackernews-1669159200612) 0xc000436840, key hackernewshackernews_newid,title,time,by,score,dead,deleted,descendants,kids,parent,parts,poll,text,type,url,_ctx-1 - removing from map as it is complete
2022-11-22 23:20:00.890 UTC [TRACE] steampipe-plugin-hackernews.plugin: [TRACE] 1669159200612: pendingIndexItem Unlock count before 1 key hackernewshackernews_newid,title,time,by,score,dead,deleted,descendants,kids,parent,parts,poll,text,type,url,_ctx-1
2022-11-22 23:20:00.890 UTC [TRACE] steampipe-plugin-hackernews.plugin: [TRACE] 1669159200612: deleted from pending, (hackernews-1669159200612) len 0
2022-11-22 23:20:00.890 UTC [TRACE] steampipe-plugin-hackernews.plugin: [TRACE] 1669159200612: pending bucket now empty - deleting key index__hackernewshackernews_new
2022-11-22 23:20:00.890 UTC [TRACE] steampipe-plugin-hackernews.plugin: [TRACE] 1669159200612: pendingItemComplete done (hackernews-1669159200612)
2022-11-22 23:20:00.890 UTC [TRACE] steampipe-plugin-hackernews.plugin: [TRACE] 1669159200612: cache set succeeded
2022-11-22 23:20:00.890 UTC [TRACE] steampipe-plugin-hackernews.plugin: [TRACE] 1669159200612: End execute span
2022-11-22 23:20:00.890 UTC [TRACE] steampipe-plugin-hackernews.plugin: [TRACE] 1669159200612: executeForConnection DEFER (hackernews-1669159200612)
2022-11-22 23:20:00.890 UTC [TRACE] steampipe-plugin-hackernews.plugin: [TRACE] 1669159200612: Execute complete callId: hackernews-1669159200612 table: hackernews_new
2022-11-22 23:20:00.890 UTC [TRACE] steampipe-plugin-hackernews.plugin: [TRACE] 1669159200612: executeForConnection hackernews returned
2022-11-22 23:20:00.890 UTC [TRACE] steampipe-plugin-hackernews.plugin: [TRACE] 1669159200612: output wg complete - send nil row
2022-11-22 23:20:00.890 UTC [TRACE] steampipe-plugin-hackernews.plugin: [TRACE] 1669159200612: empty row on output channel - we are done
2022-11-22 23:20:00.890 UTC [INFO]  steampipe-plugin-hackernews.plugin: [INFO]  1669159200612: Plugin Execute complete (1669159200612)
2022-11-22 23:20:00.957 UTC [TRACE] PluginManager Shutdown
2022-11-22 23:20:00.957 UTC [TRACE] killing plugin csv (2005)
2022-11-22 23:20:00.961 UTC [TRACE] steampipe-plugin-csv.plugin: [TRACE] FLUSHING instrumentation
2022-11-22 23:20:00.961 UTC [TRACE] steampipe-plugin-csv.plugin: [TRACE] Shutdown instrumentation
2022-11-22 23:20:00.961 UTC [DEBUG] stdio: received EOF, stopping recv loop: err="rpc error: code = Unavailable desc = error reading from server: EOF"
2022-11-22 23:20:00.962 UTC [INFO]  plugin process exited: path=/home/runner/.steampipe/plugins/hub.steampipe.io/plugins/turbot/csv@latest/steampipe-plugin-csv.plugin pid=2005
2022-11-22 23:20:00.962 UTC [DEBUG] plugin exited
2022-11-22 23:20:00.962 UTC [TRACE] killing plugin hackernews (2029)
2022-11-22 23:20:00.963 UTC [DEBUG] stdio: received EOF, stopping recv loop: err="rpc error: code = Unavailable desc = error reading from server: EOF"
2022-11-22 23:20:00.964 UTC [TRACE] steampipe-plugin-hackernews.plugin: [TRACE] 1669159200612: FLUSHING instrumentation
2022-11-22 23:20:00.964 UTC [TRACE] steampipe-plugin-hackernews.plugin: [TRACE] 1669159200612: Shutdown instrumentation
2022-11-22 23:20:00.967 UTC [INFO]  plugin process exited: path=/home/runner/.steampipe/plugins/hub.steampipe.io/plugins/turbot/hackernews@latest/steampipe-plugin-hackernews.plugin pid=2029
2022-11-22 23:20:00.967 UTC [DEBUG] plugin exited
2022-11-22 23:20:06.307 UTC [WARN]  steampipe-plugin-csv.plugin: [WARN]  16691592068: getKeyColumnsForTable found no schema for table '/home/runner/work/steampipe-samples/steampipe-samples/all/hackernews/hn.csv'
2022-11-22 23:20:36.670 UTC [WARN]  steampipe-plugin-csv.plugin: [WARN]  1669159236792: getKeyColumnsForTable found no schema for table '/home/runner/work/steampipe-samples/steampipe-samples/all/hackernews/hn.csv'
2022-11-22 23:23:29.422 UTC [ERROR] steampipe-plugin-csv.plugin: [ERROR] csv.tableCSV: header_parse_error=EOF path=/home/runner/work/steampipe-samples/steampipe-samples/all/hackernews/new_sc.csv header=[]
2022-11-22 23:23:29.422 UTC [ERROR] steampipe-plugin-csv.plugin: [ERROR] csv.PluginTables: create_table_error="failed to parse file header /home/runner/work/steampipe-samples/steampipe-samples/all/hackernews/new_sc.csv: EOF" path=/home/runner/work/steampipe-samples/steampipe-samples/all/hackernews/new_sc.csv
2022-11-22 23:23:29.422 UTC [WARN]  failed to set connection config: failed to parse file header /home/runner/work/steampipe-samples/steampipe-samples/all/hackernews/new_sc.csv: EOF
2022-11-22 23:23:30.862 UTC [WARN]  steampipe-plugin-csv.plugin: [WARN]  166915941029: getKeyColumnsForTable found no schema for table '/home/runner/work/steampipe-samples/steampipe-samples/all/hackernews/new_sc.csv'
2022-11-22 23:23:39.966 UTC [ERROR] steampipe-plugin-csv.plugin: [ERROR] csv.tableCSV: header_parse_error=EOF path=/home/runner/work/steampipe-samples/steampipe-samples/all/hackernews/hn_items_all.csv header=[]
2022-11-22 23:23:39.966 UTC [ERROR] steampipe-plugin-csv.plugin: [ERROR] csv.PluginTables: create_table_error="failed to parse file header /home/runner/work/steampipe-samples/steampipe-samples/all/hackernews/hn_items_all.csv: EOF" path=/home/runner/work/steampipe-samples/steampipe-samples/all/hackernews/hn_items_all.csv
2022-11-22 23:23:39.966 UTC [WARN]  failed to set connection config: failed to parse file header /home/runner/work/steampipe-samples/steampipe-samples/all/hackernews/hn_items_all.csv: EOF
2022-11-22 23:23:41.558 UTC [ERROR] steampipe-plugin-csv.plugin: [ERROR] csv.tableCSV: header_parse_error=EOF path=/home/runner/work/steampipe-samples/steampipe-samples/all/hackernews/people.csv header=[]
2022-11-22 23:23:41.558 UTC [ERROR] steampipe-plugin-csv.plugin: [ERROR] csv.PluginTables: create_table_error="failed to parse file header /home/runner/work/steampipe-samples/steampipe-samples/all/hackernews/people.csv: EOF" path=/home/runner/work/steampipe-samples/steampipe-samples/all/hackernews/people.csv
2022-11-22 23:23:41.558 UTC [WARN]  failed to set connection config: failed to parse file header /home/runner/work/steampipe-samples/steampipe-samples/all/hackernews/people.csv: EOF
