2022-10-11 02:43:04.925 UTC [WARN]  PluginManager setPluginCacheSizeMap: 1 connection.
2022-10-11 02:43:04.926 UTC [WARN]  Total cache size 0Mb
2022-10-11 02:43:04.993 UTC [WARN]  plugin configured with a nil SecureConfig
2022-10-11 02:43:06.796 UTC [WARN]  PluginManager setPluginCacheSizeMap: 2 connections.
2022-10-11 02:43:06.796 UTC [WARN]  Total cache size 0Mb
2022-10-11 02:43:06.863 UTC [WARN]  plugin configured with a nil SecureConfig
2022-10-11 02:43:08.847 UTC [WARN]  PluginManager setPluginCacheSizeMap: 3 connections.
2022-10-11 02:43:08.847 UTC [WARN]  Total cache size 0Mb
2022-10-11 02:43:08.912 UTC [WARN]  plugin configured with a nil SecureConfig
2022-10-11 02:43:08.974 UTC [WARN]  plugin configured with a nil SecureConfig
2022-10-11 02:43:10.955 UTC [WARN]  PluginManager setPluginCacheSizeMap: 4 connections.
2022-10-11 02:43:10.955 UTC [WARN]  Total cache size 0Mb
2022-10-11 02:43:11.041 UTC [WARN]  plugin configured with a nil SecureConfig
2022-10-11 02:43:11.124 UTC [WARN]  plugin configured with a nil SecureConfig
2022-10-11 02:43:12.084 UTC [INFO]  starting plugin manager
2022-10-11 02:43:12.084 UTC [TRACE] loaded config map: csv,github,hackernews,net
2022-10-11 02:43:12.084 UTC [TRACE] NewPluginManager
2022-10-11 02:43:12.085 UTC [WARN]  PluginManager setPluginCacheSizeMap: 4 connections.
2022-10-11 02:43:12.085 UTC [WARN]  Total cache size 0Mb
2022-10-11 02:43:12.085 UTC [INFO]  starting connection watcher
2022-10-11 02:43:12.086 UTC [INFO]  created ConnectionWatcher
2022-10-11 02:43:12.086 UTC [TRACE] about to serve
2022-10-11 02:43:12.151 UTC [TRACE] PluginManager Get, connections: '[csv]'
2022-10-11 02:43:12.151 UTC [TRACE] PluginManager getPlugin hub.steampipe.io/plugins/turbot/csv@latest connection 'csv'
2022-10-11 02:43:12.151 UTC [TRACE] PluginManager 0xc0005f86e0 plugin hub.steampipe.io/plugins/turbot/csv@latest (csv) NOT started or starting - start now
2022-10-11 02:43:12.151 UTC [TRACE] ************ start plugin csv ********************
2022-10-11 02:43:12.151 UTC [WARN]  plugin configured with a nil SecureConfig
2022-10-11 02:43:12.151 UTC [DEBUG] starting plugin: path=/home/runner/.steampipe/plugins/hub.steampipe.io/plugins/turbot/csv@latest/steampipe-plugin-csv.plugin args=["/home/runner/.steampipe/plugins/hub.steampipe.io/plugins/turbot/csv@latest/steampipe-plugin-csv.plugin"]
2022-10-11 02:43:12.151 UTC [DEBUG] plugin started: path=/home/runner/.steampipe/plugins/hub.steampipe.io/plugins/turbot/csv@latest/steampipe-plugin-csv.plugin pid=1957
2022-10-11 02:43:12.152 UTC [DEBUG] waiting for RPC address: path=/home/runner/.steampipe/plugins/hub.steampipe.io/plugins/turbot/csv@latest/steampipe-plugin-csv.plugin
2022-10-11 02:43:12.159 UTC [INFO]  steampipe-plugin-csv.plugin: [INFO]  Initialise plugin 'steampipe-plugin-csv', using sdk version 4.1.7
2022-10-11 02:43:12.159 UTC [TRACE] steampipe-plugin-csv.plugin: [TRACE] no DefaultRetryConfig defined - creating empty
2022-10-11 02:43:12.159 UTC [TRACE] steampipe-plugin-csv.plugin: [TRACE] no DefaultIgnoreConfig defined - creating empty
2022-10-11 02:43:12.159 UTC [TRACE] steampipe-plugin-csv.plugin: [TRACE] Setting Ulimit: ulimit=2560
2022-10-11 02:43:12.160 UTC [TRACE] steampipe-plugin-csv.plugin: [TRACE] telemetry.Init service 'steampipe-plugin-csv', tracingEnabled: false, metricsEnabled: false
2022-10-11 02:43:12.160 UTC [TRACE] steampipe-plugin-csv.plugin: [TRACE] metrics and tracing disabled' - returning
2022-10-11 02:43:12.160 UTC [DEBUG] steampipe-plugin-csv.plugin: plugin address: address=/tmp/plugin1899831531 network=unix timestamp=2022-10-11T02:43:12.160Z
2022-10-11 02:43:12.160 UTC [DEBUG] using plugin: version=0
2022-10-11 02:43:12.160 UTC [TRACE] NewPluginClient for plugin hub.steampipe.io/plugins/turbot/csv@latest
2022-10-11 02:43:12.161 UTC [TRACE] stdio: waiting for stdio data
2022-10-11 02:43:12.163 UTC [TRACE] supportedOperations: query_cache:true multiple_connections:true
2022-10-11 02:43:12.163 UTC [TRACE] steampipe-plugin-csv.plugin: [TRACE] SetAllConnectionConfigs setting 1 configs
2022-10-11 02:43:12.164 UTC [TRACE] steampipe-plugin-csv.plugin: [TRACE] connection csv build schema and table map
2022-10-11 02:43:12.164 UTC [TRACE] steampipe-plugin-csv.plugin: [TRACE] initialise table /home/runner/work/steampipe-samples/steampipe-samples/all/hackernews/new_sc.csv
2022-10-11 02:43:12.164 UTC [TRACE] steampipe-plugin-csv.plugin: [TRACE] no DefaultRetryConfig defined - creating empty
2022-10-11 02:43:12.164 UTC [TRACE] steampipe-plugin-csv.plugin: [TRACE] no DefaultIgnoreConfig defined - creating empty
2022-10-11 02:43:12.164 UTC [TRACE] steampipe-plugin-csv.plugin: [TRACE] apply plugin defaults for DefaultRetryConfig
2022-10-11 02:43:12.164 UTC [TRACE] steampipe-plugin-csv.plugin: [TRACE] apply plugin defaults for DefaultIgnoreConfig, table &{<nil> <nil>} plugin &{<nil> <nil>}
2022-10-11 02:43:12.164 UTC [TRACE] steampipe-plugin-csv.plugin: [TRACE] DefaultRetryConfig:
2022-10-11 02:43:12.164 UTC [TRACE] steampipe-plugin-csv.plugin: [TRACE] DefaultIgnoreConfig:
2022-10-11 02:43:12.164 UTC [TRACE] steampipe-plugin-csv.plugin: [TRACE] t.List.initialise
2022-10-11 02:43:12.164 UTC [TRACE] steampipe-plugin-csv.plugin: [TRACE] ListConfig.initialise table /home/runner/work/steampipe-samples/steampipe-samples/all/hackernews/new_sc.csv
2022-10-11 02:43:12.164 UTC [TRACE] steampipe-plugin-csv.plugin: [TRACE] ListConfig.initialise complete: RetryConfig: , IgnoreConfig
2022-10-11 02:43:12.164 UTC [TRACE] steampipe-plugin-csv.plugin: [TRACE] back from initialiseHydrateConfigs
2022-10-11 02:43:12.164 UTC [TRACE] steampipe-plugin-csv.plugin: [TRACE] initialise table /home/runner/work/steampipe-samples/steampipe-samples/all/hackernews/new_sc.csv COMPLETE
2022-10-11 02:43:12.164 UTC [TRACE] steampipe-plugin-csv.plugin: [TRACE] initialise table /home/runner/work/steampipe-samples/steampipe-samples/all/hackernews/people.csv
2022-10-11 02:43:12.164 UTC [TRACE] steampipe-plugin-csv.plugin: [TRACE] no DefaultRetryConfig defined - creating empty
2022-10-11 02:43:12.164 UTC [TRACE] steampipe-plugin-csv.plugin: [TRACE] no DefaultIgnoreConfig defined - creating empty
2022-10-11 02:43:12.164 UTC [TRACE] steampipe-plugin-csv.plugin: [TRACE] apply plugin defaults for DefaultRetryConfig
2022-10-11 02:43:12.164 UTC [TRACE] steampipe-plugin-csv.plugin: [TRACE] apply plugin defaults for DefaultIgnoreConfig, table &{<nil> <nil>} plugin &{<nil> <nil>}
2022-10-11 02:43:12.164 UTC [TRACE] steampipe-plugin-csv.plugin: [TRACE] DefaultRetryConfig:
2022-10-11 02:43:12.164 UTC [TRACE] steampipe-plugin-csv.plugin: [TRACE] DefaultIgnoreConfig:
2022-10-11 02:43:12.164 UTC [TRACE] steampipe-plugin-csv.plugin: [TRACE] t.List.initialise
2022-10-11 02:43:12.164 UTC [TRACE] steampipe-plugin-csv.plugin: [TRACE] ListConfig.initialise table /home/runner/work/steampipe-samples/steampipe-samples/all/hackernews/people.csv
2022-10-11 02:43:12.164 UTC [TRACE] steampipe-plugin-csv.plugin: [TRACE] ListConfig.initialise complete: RetryConfig: , IgnoreConfig
2022-10-11 02:43:12.164 UTC [TRACE] steampipe-plugin-csv.plugin: [TRACE] back from initialiseHydrateConfigs
2022-10-11 02:43:12.164 UTC [TRACE] steampipe-plugin-csv.plugin: [TRACE] initialise table /home/runner/work/steampipe-samples/steampipe-samples/all/hackernews/people.csv COMPLETE
2022-10-11 02:43:12.164 UTC [TRACE] steampipe-plugin-csv.plugin: [TRACE] initialise table /home/runner/work/steampipe-samples/steampipe-samples/all/hackernews/hn_items_all.csv
2022-10-11 02:43:12.164 UTC [TRACE] steampipe-plugin-csv.plugin: [TRACE] no DefaultRetryConfig defined - creating empty
2022-10-11 02:43:12.164 UTC [TRACE] steampipe-plugin-csv.plugin: [TRACE] no DefaultIgnoreConfig defined - creating empty
2022-10-11 02:43:12.164 UTC [TRACE] steampipe-plugin-csv.plugin: [TRACE] apply plugin defaults for DefaultRetryConfig
2022-10-11 02:43:12.164 UTC [TRACE] steampipe-plugin-csv.plugin: [TRACE] apply plugin defaults for DefaultIgnoreConfig, table &{<nil> <nil>} plugin &{<nil> <nil>}
2022-10-11 02:43:12.164 UTC [TRACE] steampipe-plugin-csv.plugin: [TRACE] DefaultRetryConfig:
2022-10-11 02:43:12.164 UTC [TRACE] steampipe-plugin-csv.plugin: [TRACE] DefaultIgnoreConfig:
2022-10-11 02:43:12.164 UTC [TRACE] steampipe-plugin-csv.plugin: [TRACE] t.List.initialise
2022-10-11 02:43:12.164 UTC [TRACE] steampipe-plugin-csv.plugin: [TRACE] ListConfig.initialise table /home/runner/work/steampipe-samples/steampipe-samples/all/hackernews/hn_items_all.csv
2022-10-11 02:43:12.164 UTC [TRACE] steampipe-plugin-csv.plugin: [TRACE] ListConfig.initialise complete: RetryConfig: , IgnoreConfig
2022-10-11 02:43:12.164 UTC [TRACE] steampipe-plugin-csv.plugin: [TRACE] back from initialiseHydrateConfigs
2022-10-11 02:43:12.164 UTC [TRACE] steampipe-plugin-csv.plugin: [TRACE] initialise table /home/runner/work/steampipe-samples/steampipe-samples/all/hackernews/hn_items_all.csv COMPLETE
2022-10-11 02:43:12.164 UTC [TRACE] steampipe-plugin-csv.plugin: [TRACE] validate plugin steampipe-plugin-csv, required columns []
2022-10-11 02:43:12.164 UTC [TRACE] steampipe-plugin-csv.plugin: [TRACE] validate DefaultRetryConfig
2022-10-11 02:43:12.164 UTC [TRACE] steampipe-plugin-csv.plugin: [TRACE] validate DefaultIgnoreConfig
2022-10-11 02:43:12.164 UTC [TRACE] steampipe-plugin-csv.plugin: [TRACE] validate table names
2022-10-11 02:43:12.164 UTC [TRACE] steampipe-plugin-csv.plugin: [TRACE] plugin has 0 validation errors
2022-10-11 02:43:12.164 UTC [TRACE] steampipe-plugin-csv.plugin: [TRACE] Plugin ensureCache creating cache, maxCacheStorageMb 0
2022-10-11 02:43:12.164 UTC [TRACE] steampipe-plugin-csv.plugin: [TRACE] createCacheStore for plugin 'steampipe-plugin-csv' setting max size to 0Mb, Shards: 2, max shard size: 0
2022-10-11 02:43:12.181 UTC [INFO]  steampipe-plugin-csv.plugin: [INFO]  query cache created
2022-10-11 02:43:12.181 UTC [DEBUG] steampipe-plugin-csv.plugin: [DEBUG] SetAllConnectionConfigs finished
2022-10-11 02:43:12.181 UTC [TRACE] PluginManager getPlugin complete, returning reattach config with PID: 1957
2022-10-11 02:43:12.181 UTC [TRACE] PluginManager Get returning reattach_map:{key:"csv" value:{protocol:"grpc" addr:{Network:"unix" Address:"/tmp/plugin1899831531"} pid:1957 supported_operations:{query_cache:true multiple_connections:true} connections:"csv" plugin:"hub.steampipe.io/plugins/turbot/csv@latest"}}
2022-10-11 02:43:12.187 UTC [TRACE] handleFileWatcherEvent ignoring first event
2022-10-11 02:43:12.282 UTC [TRACE] PluginManager Get, connections: '[csv]'
2022-10-11 02:43:12.282 UTC [TRACE] PluginManager getPlugin hub.steampipe.io/plugins/turbot/csv@latest connection 'csv'
2022-10-11 02:43:12.282 UTC [TRACE] connection csv found in connectionPluginMap
2022-10-11 02:43:12.282 UTC [TRACE] initialized: 1957
2022-10-11 02:43:12.282 UTC [TRACE] initialized: 1957
2022-10-11 02:43:12.282 UTC [TRACE] connection csv is loaded, check for running PID
2022-10-11 02:43:12.282 UTC [TRACE] PluginManager found 'csv' in map, pid 1957
2022-10-11 02:43:12.282 UTC [TRACE] PluginManager Get returning reattach_map:{key:"csv" value:{protocol:"grpc" addr:{Network:"unix" Address:"/tmp/plugin1899831531"} pid:1957 supported_operations:{query_cache:true multiple_connections:true} connections:"csv" plugin:"hub.steampipe.io/plugins/turbot/csv@latest"}}
2022-10-11 02:43:12.439 UTC [TRACE] PluginManager Get, connections: '[hackernews]'
2022-10-11 02:43:12.439 UTC [TRACE] PluginManager getPlugin hub.steampipe.io/plugins/turbot/hackernews@latest connection 'hackernews'
2022-10-11 02:43:12.439 UTC [TRACE] PluginManager 0xc0005f86e0 plugin hub.steampipe.io/plugins/turbot/hackernews@latest (hackernews) NOT started or starting - start now
2022-10-11 02:43:12.439 UTC [TRACE] ************ start plugin hackernews ********************
2022-10-11 02:43:12.439 UTC [WARN]  plugin configured with a nil SecureConfig
2022-10-11 02:43:12.439 UTC [DEBUG] starting plugin: path=/home/runner/.steampipe/plugins/hub.steampipe.io/plugins/turbot/hackernews@latest/steampipe-plugin-hackernews.plugin args=["/home/runner/.steampipe/plugins/hub.steampipe.io/plugins/turbot/hackernews@latest/steampipe-plugin-hackernews.plugin"]
2022-10-11 02:43:12.439 UTC [DEBUG] plugin started: path=/home/runner/.steampipe/plugins/hub.steampipe.io/plugins/turbot/hackernews@latest/steampipe-plugin-hackernews.plugin pid=1980
2022-10-11 02:43:12.439 UTC [DEBUG] waiting for RPC address: path=/home/runner/.steampipe/plugins/hub.steampipe.io/plugins/turbot/hackernews@latest/steampipe-plugin-hackernews.plugin
2022-10-11 02:43:12.449 UTC [INFO]  steampipe-plugin-hackernews.plugin: [INFO]  Initialise plugin 'steampipe-plugin-hackernews', using sdk version 4.1.7
2022-10-11 02:43:12.449 UTC [TRACE] steampipe-plugin-hackernews.plugin: [TRACE] defaulting SchemaMode to SchemaModeStatic
2022-10-11 02:43:12.449 UTC [TRACE] steampipe-plugin-hackernews.plugin: [TRACE] no DefaultRetryConfig defined - creating empty
2022-10-11 02:43:12.449 UTC [TRACE] steampipe-plugin-hackernews.plugin: [TRACE] no DefaultIgnoreConfig defined - creating empty
2022-10-11 02:43:12.449 UTC [TRACE] steampipe-plugin-hackernews.plugin: [TRACE] Setting Ulimit: ulimit=2560
2022-10-11 02:43:12.450 UTC [TRACE] steampipe-plugin-hackernews.plugin: [TRACE] telemetry.Init service 'steampipe-plugin-hackernews', tracingEnabled: false, metricsEnabled: false
2022-10-11 02:43:12.450 UTC [TRACE] steampipe-plugin-hackernews.plugin: [TRACE] metrics and tracing disabled' - returning
2022-10-11 02:43:12.450 UTC [DEBUG] steampipe-plugin-hackernews.plugin: plugin address: network=unix address=/tmp/plugin4207737811 timestamp=2022-10-11T02:43:12.450Z
2022-10-11 02:43:12.450 UTC [DEBUG] using plugin: version=0
2022-10-11 02:43:12.450 UTC [TRACE] NewPluginClient for plugin hub.steampipe.io/plugins/turbot/hackernews@latest
2022-10-11 02:43:12.451 UTC [TRACE] stdio: waiting for stdio data
2022-10-11 02:43:12.452 UTC [TRACE] supportedOperations: query_cache:true multiple_connections:true
2022-10-11 02:43:12.453 UTC [TRACE] steampipe-plugin-hackernews.plugin: [TRACE] SetAllConnectionConfigs setting 1 configs
2022-10-11 02:43:12.453 UTC [TRACE] steampipe-plugin-hackernews.plugin: [TRACE] connection hackernews build schema and table map
2022-10-11 02:43:12.453 UTC [TRACE] steampipe-plugin-hackernews.plugin: [TRACE] initialise table hackernews_job
2022-10-11 02:43:12.453 UTC [TRACE] steampipe-plugin-hackernews.plugin: [TRACE] no DefaultRetryConfig defined - creating empty
2022-10-11 02:43:12.453 UTC [TRACE] steampipe-plugin-hackernews.plugin: [TRACE] no DefaultIgnoreConfig defined - creating empty
2022-10-11 02:43:12.453 UTC [TRACE] steampipe-plugin-hackernews.plugin: [TRACE] apply plugin defaults for DefaultRetryConfig
2022-10-11 02:43:12.453 UTC [TRACE] steampipe-plugin-hackernews.plugin: [TRACE] apply plugin defaults for DefaultIgnoreConfig, table &{<nil> <nil>} plugin &{<nil> <nil>}
2022-10-11 02:43:12.453 UTC [TRACE] steampipe-plugin-hackernews.plugin: [TRACE] DefaultRetryConfig:
2022-10-11 02:43:12.453 UTC [TRACE] steampipe-plugin-hackernews.plugin: [TRACE] DefaultIgnoreConfig:
2022-10-11 02:43:12.453 UTC [TRACE] steampipe-plugin-hackernews.plugin: [TRACE] t.Get.initialise
2022-10-11 02:43:12.453 UTC [TRACE] steampipe-plugin-hackernews.plugin: [TRACE] GetConfig.initialise table hackernews_job
2022-10-11 02:43:12.453 UTC [TRACE] steampipe-plugin-hackernews.plugin: [TRACE] GetConfig.initialise complete: RetryConfig: , IgnoreConfig:
2022-10-11 02:43:12.453 UTC [TRACE] steampipe-plugin-hackernews.plugin: [TRACE] t.List.initialise
2022-10-11 02:43:12.453 UTC [TRACE] steampipe-plugin-hackernews.plugin: [TRACE] ListConfig.initialise table hackernews_job
2022-10-11 02:43:12.453 UTC [TRACE] steampipe-plugin-hackernews.plugin: [TRACE] ListConfig.initialise complete: RetryConfig: , IgnoreConfig
2022-10-11 02:43:12.453 UTC [TRACE] steampipe-plugin-hackernews.plugin: [TRACE] HydrateConfig.initialise func getItem, table hackernews_job
2022-10-11 02:43:12.453 UTC [TRACE] steampipe-plugin-hackernews.plugin: [TRACE] HydrateConfig.initialise complete: RetryConfig: , IgnoreConfig:
2022-10-11 02:43:12.453 UTC [TRACE] steampipe-plugin-hackernews.plugin: [TRACE] back from initialiseHydrateConfigs
2022-10-11 02:43:12.453 UTC [TRACE] steampipe-plugin-hackernews.plugin: [TRACE] initialise table hackernews_job COMPLETE
2022-10-11 02:43:12.453 UTC [TRACE] steampipe-plugin-hackernews.plugin: [TRACE] initialise table hackernews_new
2022-10-11 02:43:12.453 UTC [TRACE] steampipe-plugin-hackernews.plugin: [TRACE] no DefaultRetryConfig defined - creating empty
2022-10-11 02:43:12.453 UTC [TRACE] steampipe-plugin-hackernews.plugin: [TRACE] no DefaultIgnoreConfig defined - creating empty
2022-10-11 02:43:12.453 UTC [TRACE] steampipe-plugin-hackernews.plugin: [TRACE] apply plugin defaults for DefaultRetryConfig
2022-10-11 02:43:12.453 UTC [TRACE] steampipe-plugin-hackernews.plugin: [TRACE] apply plugin defaults for DefaultIgnoreConfig, table &{<nil> <nil>} plugin &{<nil> <nil>}
2022-10-11 02:43:12.453 UTC [TRACE] steampipe-plugin-hackernews.plugin: [TRACE] DefaultRetryConfig:
2022-10-11 02:43:12.453 UTC [TRACE] steampipe-plugin-hackernews.plugin: [TRACE] DefaultIgnoreConfig:
2022-10-11 02:43:12.453 UTC [TRACE] steampipe-plugin-hackernews.plugin: [TRACE] t.Get.initialise
2022-10-11 02:43:12.453 UTC [TRACE] steampipe-plugin-hackernews.plugin: [TRACE] GetConfig.initialise table hackernews_new
2022-10-11 02:43:12.453 UTC [TRACE] steampipe-plugin-hackernews.plugin: [TRACE] GetConfig.initialise complete: RetryConfig: , IgnoreConfig:
2022-10-11 02:43:12.453 UTC [TRACE] steampipe-plugin-hackernews.plugin: [TRACE] t.List.initialise
2022-10-11 02:43:12.453 UTC [TRACE] steampipe-plugin-hackernews.plugin: [TRACE] ListConfig.initialise table hackernews_new
2022-10-11 02:43:12.453 UTC [TRACE] steampipe-plugin-hackernews.plugin: [TRACE] ListConfig.initialise complete: RetryConfig: , IgnoreConfig
2022-10-11 02:43:12.453 UTC [TRACE] steampipe-plugin-hackernews.plugin: [TRACE] HydrateConfig.initialise func getItem, table hackernews_new
2022-10-11 02:43:12.453 UTC [TRACE] steampipe-plugin-hackernews.plugin: [TRACE] HydrateConfig.initialise complete: RetryConfig: , IgnoreConfig:
2022-10-11 02:43:12.453 UTC [TRACE] steampipe-plugin-hackernews.plugin: [TRACE] back from initialiseHydrateConfigs
2022-10-11 02:43:12.453 UTC [TRACE] steampipe-plugin-hackernews.plugin: [TRACE] initialise table hackernews_new COMPLETE
2022-10-11 02:43:12.453 UTC [TRACE] steampipe-plugin-hackernews.plugin: [TRACE] initialise table hackernews_show_hn
2022-10-11 02:43:12.453 UTC [TRACE] steampipe-plugin-hackernews.plugin: [TRACE] no DefaultRetryConfig defined - creating empty
2022-10-11 02:43:12.453 UTC [TRACE] steampipe-plugin-hackernews.plugin: [TRACE] no DefaultIgnoreConfig defined - creating empty
2022-10-11 02:43:12.453 UTC [TRACE] steampipe-plugin-hackernews.plugin: [TRACE] apply plugin defaults for DefaultRetryConfig
2022-10-11 02:43:12.453 UTC [TRACE] steampipe-plugin-hackernews.plugin: [TRACE] apply plugin defaults for DefaultIgnoreConfig, table &{<nil> <nil>} plugin &{<nil> <nil>}
2022-10-11 02:43:12.453 UTC [TRACE] steampipe-plugin-hackernews.plugin: [TRACE] DefaultRetryConfig:
2022-10-11 02:43:12.453 UTC [TRACE] steampipe-plugin-hackernews.plugin: [TRACE] DefaultIgnoreConfig:
2022-10-11 02:43:12.453 UTC [TRACE] steampipe-plugin-hackernews.plugin: [TRACE] t.Get.initialise
2022-10-11 02:43:12.453 UTC [TRACE] steampipe-plugin-hackernews.plugin: [TRACE] GetConfig.initialise table hackernews_show_hn
2022-10-11 02:43:12.453 UTC [TRACE] steampipe-plugin-hackernews.plugin: [TRACE] GetConfig.initialise complete: RetryConfig: , IgnoreConfig:
2022-10-11 02:43:12.453 UTC [TRACE] steampipe-plugin-hackernews.plugin: [TRACE] t.List.initialise
2022-10-11 02:43:12.453 UTC [TRACE] steampipe-plugin-hackernews.plugin: [TRACE] ListConfig.initialise table hackernews_show_hn
2022-10-11 02:43:12.453 UTC [TRACE] steampipe-plugin-hackernews.plugin: [TRACE] ListConfig.initialise complete: RetryConfig: , IgnoreConfig
2022-10-11 02:43:12.453 UTC [TRACE] steampipe-plugin-hackernews.plugin: [TRACE] HydrateConfig.initialise func getItem, table hackernews_show_hn
2022-10-11 02:43:12.453 UTC [TRACE] steampipe-plugin-hackernews.plugin: [TRACE] HydrateConfig.initialise complete: RetryConfig: , IgnoreConfig:
2022-10-11 02:43:12.453 UTC [TRACE] steampipe-plugin-hackernews.plugin: [TRACE] back from initialiseHydrateConfigs
2022-10-11 02:43:12.453 UTC [TRACE] steampipe-plugin-hackernews.plugin: [TRACE] initialise table hackernews_show_hn COMPLETE
2022-10-11 02:43:12.453 UTC [TRACE] steampipe-plugin-hackernews.plugin: [TRACE] initialise table hackernews_top
2022-10-11 02:43:12.453 UTC [TRACE] steampipe-plugin-hackernews.plugin: [TRACE] no DefaultRetryConfig defined - creating empty
2022-10-11 02:43:12.453 UTC [TRACE] steampipe-plugin-hackernews.plugin: [TRACE] no DefaultIgnoreConfig defined - creating empty
2022-10-11 02:43:12.453 UTC [TRACE] steampipe-plugin-hackernews.plugin: [TRACE] apply plugin defaults for DefaultRetryConfig
2022-10-11 02:43:12.453 UTC [TRACE] steampipe-plugin-hackernews.plugin: [TRACE] apply plugin defaults for DefaultIgnoreConfig, table &{<nil> <nil>} plugin &{<nil> <nil>}
2022-10-11 02:43:12.453 UTC [TRACE] steampipe-plugin-hackernews.plugin: [TRACE] DefaultRetryConfig:
2022-10-11 02:43:12.453 UTC [TRACE] steampipe-plugin-hackernews.plugin: [TRACE] DefaultIgnoreConfig:
2022-10-11 02:43:12.453 UTC [TRACE] steampipe-plugin-hackernews.plugin: [TRACE] t.Get.initialise
2022-10-11 02:43:12.453 UTC [TRACE] steampipe-plugin-hackernews.plugin: [TRACE] GetConfig.initialise table hackernews_top
2022-10-11 02:43:12.453 UTC [TRACE] steampipe-plugin-hackernews.plugin: [TRACE] GetConfig.initialise complete: RetryConfig: , IgnoreConfig:
2022-10-11 02:43:12.453 UTC [TRACE] steampipe-plugin-hackernews.plugin: [TRACE] t.List.initialise
2022-10-11 02:43:12.453 UTC [TRACE] steampipe-plugin-hackernews.plugin: [TRACE] ListConfig.initialise table hackernews_top
2022-10-11 02:43:12.453 UTC [TRACE] steampipe-plugin-hackernews.plugin: [TRACE] ListConfig.initialise complete: RetryConfig: , IgnoreConfig
2022-10-11 02:43:12.453 UTC [TRACE] steampipe-plugin-hackernews.plugin: [TRACE] HydrateConfig.initialise func getItem, table hackernews_top
2022-10-11 02:43:12.453 UTC [TRACE] steampipe-plugin-hackernews.plugin: [TRACE] HydrateConfig.initialise complete: RetryConfig: , IgnoreConfig:
2022-10-11 02:43:12.453 UTC [TRACE] steampipe-plugin-hackernews.plugin: [TRACE] back from initialiseHydrateConfigs
2022-10-11 02:43:12.453 UTC [TRACE] steampipe-plugin-hackernews.plugin: [TRACE] initialise table hackernews_top COMPLETE
2022-10-11 02:43:12.453 UTC [TRACE] steampipe-plugin-hackernews.plugin: [TRACE] initialise table hackernews_user
2022-10-11 02:43:12.453 UTC [TRACE] steampipe-plugin-hackernews.plugin: [TRACE] no DefaultRetryConfig defined - creating empty
2022-10-11 02:43:12.453 UTC [TRACE] steampipe-plugin-hackernews.plugin: [TRACE] no DefaultIgnoreConfig defined - creating empty
2022-10-11 02:43:12.453 UTC [TRACE] steampipe-plugin-hackernews.plugin: [TRACE] apply plugin defaults for DefaultRetryConfig
2022-10-11 02:43:12.453 UTC [TRACE] steampipe-plugin-hackernews.plugin: [TRACE] apply plugin defaults for DefaultIgnoreConfig, table &{<nil> <nil>} plugin &{<nil> <nil>}
2022-10-11 02:43:12.453 UTC [TRACE] steampipe-plugin-hackernews.plugin: [TRACE] DefaultRetryConfig:
2022-10-11 02:43:12.453 UTC [TRACE] steampipe-plugin-hackernews.plugin: [TRACE] DefaultIgnoreConfig:
2022-10-11 02:43:12.453 UTC [TRACE] steampipe-plugin-hackernews.plugin: [TRACE] t.List.initialise
2022-10-11 02:43:12.453 UTC [TRACE] steampipe-plugin-hackernews.plugin: [TRACE] ListConfig.initialise table hackernews_user
2022-10-11 02:43:12.453 UTC [TRACE] steampipe-plugin-hackernews.plugin: [TRACE] ListConfig.initialise complete: RetryConfig: , IgnoreConfig
2022-10-11 02:43:12.453 UTC [TRACE] steampipe-plugin-hackernews.plugin: [TRACE] back from initialiseHydrateConfigs
2022-10-11 02:43:12.453 UTC [TRACE] steampipe-plugin-hackernews.plugin: [TRACE] initialise table hackernews_user COMPLETE
2022-10-11 02:43:12.453 UTC [TRACE] steampipe-plugin-hackernews.plugin: [TRACE] initialise table hackernews_ask_hn
2022-10-11 02:43:12.453 UTC [TRACE] steampipe-plugin-hackernews.plugin: [TRACE] no DefaultRetryConfig defined - creating empty
2022-10-11 02:43:12.453 UTC [TRACE] steampipe-plugin-hackernews.plugin: [TRACE] no DefaultIgnoreConfig defined - creating empty
2022-10-11 02:43:12.453 UTC [TRACE] steampipe-plugin-hackernews.plugin: [TRACE] apply plugin defaults for DefaultRetryConfig
2022-10-11 02:43:12.453 UTC [TRACE] steampipe-plugin-hackernews.plugin: [TRACE] apply plugin defaults for DefaultIgnoreConfig, table &{<nil> <nil>} plugin &{<nil> <nil>}
2022-10-11 02:43:12.453 UTC [TRACE] steampipe-plugin-hackernews.plugin: [TRACE] DefaultRetryConfig:
2022-10-11 02:43:12.453 UTC [TRACE] steampipe-plugin-hackernews.plugin: [TRACE] DefaultIgnoreConfig:
2022-10-11 02:43:12.453 UTC [TRACE] steampipe-plugin-hackernews.plugin: [TRACE] t.Get.initialise
2022-10-11 02:43:12.453 UTC [TRACE] steampipe-plugin-hackernews.plugin: [TRACE] GetConfig.initialise table hackernews_ask_hn
2022-10-11 02:43:12.453 UTC [TRACE] steampipe-plugin-hackernews.plugin: [TRACE] GetConfig.initialise complete: RetryConfig: , IgnoreConfig:
2022-10-11 02:43:12.453 UTC [TRACE] steampipe-plugin-hackernews.plugin: [TRACE] t.List.initialise
2022-10-11 02:43:12.453 UTC [TRACE] steampipe-plugin-hackernews.plugin: [TRACE] ListConfig.initialise table hackernews_ask_hn
2022-10-11 02:43:12.453 UTC [TRACE] steampipe-plugin-hackernews.plugin: [TRACE] ListConfig.initialise complete: RetryConfig: , IgnoreConfig
2022-10-11 02:43:12.453 UTC [TRACE] steampipe-plugin-hackernews.plugin: [TRACE] HydrateConfig.initialise func getItem, table hackernews_ask_hn
2022-10-11 02:43:12.453 UTC [TRACE] steampipe-plugin-hackernews.plugin: [TRACE] HydrateConfig.initialise complete: RetryConfig: , IgnoreConfig:
2022-10-11 02:43:12.453 UTC [TRACE] steampipe-plugin-hackernews.plugin: [TRACE] back from initialiseHydrateConfigs
2022-10-11 02:43:12.453 UTC [TRACE] steampipe-plugin-hackernews.plugin: [TRACE] initialise table hackernews_ask_hn COMPLETE
2022-10-11 02:43:12.453 UTC [TRACE] steampipe-plugin-hackernews.plugin: [TRACE] initialise table hackernews_best
2022-10-11 02:43:12.453 UTC [TRACE] steampipe-plugin-hackernews.plugin: [TRACE] no DefaultRetryConfig defined - creating empty
2022-10-11 02:43:12.453 UTC [TRACE] steampipe-plugin-hackernews.plugin: [TRACE] no DefaultIgnoreConfig defined - creating empty
2022-10-11 02:43:12.453 UTC [TRACE] steampipe-plugin-hackernews.plugin: [TRACE] apply plugin defaults for DefaultRetryConfig
2022-10-11 02:43:12.453 UTC [TRACE] steampipe-plugin-hackernews.plugin: [TRACE] apply plugin defaults for DefaultIgnoreConfig, table &{<nil> <nil>} plugin &{<nil> <nil>}
2022-10-11 02:43:12.453 UTC [TRACE] steampipe-plugin-hackernews.plugin: [TRACE] DefaultRetryConfig:
2022-10-11 02:43:12.453 UTC [TRACE] steampipe-plugin-hackernews.plugin: [TRACE] DefaultIgnoreConfig:
2022-10-11 02:43:12.453 UTC [TRACE] steampipe-plugin-hackernews.plugin: [TRACE] t.Get.initialise
2022-10-11 02:43:12.453 UTC [TRACE] steampipe-plugin-hackernews.plugin: [TRACE] GetConfig.initialise table hackernews_best
2022-10-11 02:43:12.453 UTC [TRACE] steampipe-plugin-hackernews.plugin: [TRACE] GetConfig.initialise complete: RetryConfig: , IgnoreConfig:
2022-10-11 02:43:12.453 UTC [TRACE] steampipe-plugin-hackernews.plugin: [TRACE] t.List.initialise
2022-10-11 02:43:12.453 UTC [TRACE] steampipe-plugin-hackernews.plugin: [TRACE] ListConfig.initialise table hackernews_best
2022-10-11 02:43:12.453 UTC [TRACE] steampipe-plugin-hackernews.plugin: [TRACE] ListConfig.initialise complete: RetryConfig: , IgnoreConfig
2022-10-11 02:43:12.453 UTC [TRACE] steampipe-plugin-hackernews.plugin: [TRACE] HydrateConfig.initialise func getItem, table hackernews_best
2022-10-11 02:43:12.453 UTC [TRACE] steampipe-plugin-hackernews.plugin: [TRACE] HydrateConfig.initialise complete: RetryConfig: , IgnoreConfig:
2022-10-11 02:43:12.453 UTC [TRACE] steampipe-plugin-hackernews.plugin: [TRACE] back from initialiseHydrateConfigs
2022-10-11 02:43:12.453 UTC [TRACE] steampipe-plugin-hackernews.plugin: [TRACE] initialise table hackernews_best COMPLETE
2022-10-11 02:43:12.453 UTC [TRACE] steampipe-plugin-hackernews.plugin: [TRACE] initialise table hackernews_item
2022-10-11 02:43:12.453 UTC [TRACE] steampipe-plugin-hackernews.plugin: [TRACE] no DefaultRetryConfig defined - creating empty
2022-10-11 02:43:12.453 UTC [TRACE] steampipe-plugin-hackernews.plugin: [TRACE] no DefaultIgnoreConfig defined - creating empty
2022-10-11 02:43:12.453 UTC [TRACE] steampipe-plugin-hackernews.plugin: [TRACE] apply plugin defaults for DefaultRetryConfig
2022-10-11 02:43:12.453 UTC [TRACE] steampipe-plugin-hackernews.plugin: [TRACE] apply plugin defaults for DefaultIgnoreConfig, table &{<nil> <nil>} plugin &{<nil> <nil>}
2022-10-11 02:43:12.453 UTC [TRACE] steampipe-plugin-hackernews.plugin: [TRACE] DefaultRetryConfig:
2022-10-11 02:43:12.453 UTC [TRACE] steampipe-plugin-hackernews.plugin: [TRACE] DefaultIgnoreConfig:
2022-10-11 02:43:12.453 UTC [TRACE] steampipe-plugin-hackernews.plugin: [TRACE] t.Get.initialise
2022-10-11 02:43:12.453 UTC [TRACE] steampipe-plugin-hackernews.plugin: [TRACE] GetConfig.initialise table hackernews_item
2022-10-11 02:43:12.453 UTC [TRACE] steampipe-plugin-hackernews.plugin: [TRACE] GetConfig.initialise complete: RetryConfig: , IgnoreConfig:
2022-10-11 02:43:12.453 UTC [TRACE] steampipe-plugin-hackernews.plugin: [TRACE] t.List.initialise
2022-10-11 02:43:12.453 UTC [TRACE] steampipe-plugin-hackernews.plugin: [TRACE] ListConfig.initialise table hackernews_item
2022-10-11 02:43:12.453 UTC [TRACE] steampipe-plugin-hackernews.plugin: [TRACE] ListConfig.initialise complete: RetryConfig: , IgnoreConfig
2022-10-11 02:43:12.453 UTC [TRACE] steampipe-plugin-hackernews.plugin: [TRACE] HydrateConfig.initialise func getItem, table hackernews_item
2022-10-11 02:43:12.453 UTC [TRACE] steampipe-plugin-hackernews.plugin: [TRACE] HydrateConfig.initialise complete: RetryConfig: , IgnoreConfig:
2022-10-11 02:43:12.453 UTC [TRACE] steampipe-plugin-hackernews.plugin: [TRACE] back from initialiseHydrateConfigs
2022-10-11 02:43:12.453 UTC [TRACE] steampipe-plugin-hackernews.plugin: [TRACE] initialise table hackernews_item COMPLETE
2022-10-11 02:43:12.453 UTC [TRACE] steampipe-plugin-hackernews.plugin: [TRACE] validate plugin steampipe-plugin-hackernews, required columns []
2022-10-11 02:43:12.453 UTC [TRACE] steampipe-plugin-hackernews.plugin: [TRACE] validate DefaultRetryConfig
2022-10-11 02:43:12.453 UTC [TRACE] steampipe-plugin-hackernews.plugin: [TRACE] validate DefaultIgnoreConfig
2022-10-11 02:43:12.453 UTC [TRACE] steampipe-plugin-hackernews.plugin: [TRACE] validate table names
2022-10-11 02:43:12.453 UTC [TRACE] steampipe-plugin-hackernews.plugin: [TRACE] plugin has 0 validation errors
2022-10-11 02:43:12.453 UTC [TRACE] steampipe-plugin-hackernews.plugin: [TRACE] Plugin ensureCache creating cache, maxCacheStorageMb 0
2022-10-11 02:43:12.453 UTC [TRACE] steampipe-plugin-hackernews.plugin: [TRACE] createCacheStore for plugin 'steampipe-plugin-hackernews' setting max size to 0Mb, Shards: 2, max shard size: 0
2022-10-11 02:43:12.467 UTC [INFO]  steampipe-plugin-hackernews.plugin: [INFO]  query cache created
2022-10-11 02:43:12.467 UTC [DEBUG] steampipe-plugin-hackernews.plugin: [DEBUG] SetAllConnectionConfigs finished
2022-10-11 02:43:12.467 UTC [TRACE] PluginManager getPlugin complete, returning reattach config with PID: 1980
2022-10-11 02:43:12.467 UTC [TRACE] PluginManager Get returning reattach_map:{key:"hackernews" value:{protocol:"grpc" addr:{Network:"unix" Address:"/tmp/plugin4207737811"} pid:1980 supported_operations:{query_cache:true multiple_connections:true} connections:"hackernews" plugin:"hub.steampipe.io/plugins/turbot/hackernews@latest"}}
2022-10-11 02:43:12.472 UTC [INFO]  steampipe-plugin-hackernews.plugin: [INFO]  1665456192809: Plugin Execute (1665456192809)
2022-10-11 02:43:12.472 UTC [TRACE] steampipe-plugin-hackernews.plugin: [TRACE] 1665456192809: No memory limit set
2022-10-11 02:43:12.472 UTC [INFO]  steampipe-plugin-hackernews.plugin: [INFO]  1665456192809: Plugin Execute, setting memory limit to -1Mb
2022-10-11 02:43:12.472 UTC [TRACE] steampipe-plugin-hackernews.plugin: [TRACE] 1665456192809: calling ExtractContextFromCarrier
2022-10-11 02:43:12.472 UTC [INFO]  steampipe-plugin-hackernews.plugin: [INFO]  1665456192809: Setting max concurrent connections to 25
2022-10-11 02:43:12.472 UTC [TRACE] steampipe-plugin-hackernews.plugin: [TRACE] 1665456192809: executeForConnection callId: 1665456192809, connectionCallId: hackernews-1665456192809, connection: hackernews table: hackernews_new cols: id,title,time,by,score,dead,deleted,descendants,kids,parent,parts,poll,text,type,url,_ctx
2022-10-11 02:43:12.472 UTC [TRACE] steampipe-plugin-hackernews.plugin: [TRACE] 1665456192809: got connection data
2022-10-11 02:43:12.472 UTC [TRACE] steampipe-plugin-hackernews.plugin: [TRACE] 1665456192809: Got query context, table: hackernews_new, cols: [id title time by score dead deleted descendants kids parent parts poll text type url _ctx]
2022-10-11 02:43:12.472 UTC [TRACE] steampipe-plugin-hackernews.plugin: [TRACE] 1665456192809: Start execute span
2022-10-11 02:43:12.472 UTC [INFO]  steampipe-plugin-hackernews.plugin: [INFO]  1665456192809: Setting free memory interval to 100 rows
2022-10-11 02:43:12.472 UTC [TRACE] steampipe-plugin-hackernews.plugin: [TRACE] 1665456192809: setFetchType map[time:quals:{fieldName:"time"  string_value:">"  value:{timestamp_value:{seconds:1665452592  nanos:422120000}}}]
2022-10-11 02:43:12.473 UTC [TRACE] steampipe-plugin-hackernews.plugin: [TRACE] 1665456192809: getMatchingQuals column:'id' operator: =
2022-10-11 02:43:12.473 UTC [TRACE] steampipe-plugin-hackernews.plugin: [TRACE] 1665456192809: getMatchingQuals returning false - qualMap does not contain any quals for column id
2022-10-11 02:43:12.473 UTC [TRACE] steampipe-plugin-hackernews.plugin: [TRACE] 1665456192809: GetUnsatisfiedKeyColumns for columns column:'id' operator: =
2022-10-11 02:43:12.474 UTC [TRACE] steampipe-plugin-hackernews.plugin: [TRACE] 1665456192809: key column NOT satisfied column:'id' operator: =
2022-10-11 02:43:12.474 UTC [TRACE] steampipe-plugin-hackernews.plugin: [TRACE] 1665456192809: satisfied: map[any_of: optional: required:]
2022-10-11 02:43:12.475 UTC [TRACE] steampipe-plugin-hackernews.plugin: [TRACE] 1665456192809: unsatisfied: map[any_of: optional: required:column:'id' operator: =]
2022-10-11 02:43:12.476 UTC [TRACE] steampipe-plugin-hackernews.plugin: [TRACE] 1665456192809: unsatisfied required KeyColumns: column:'id' operator: =
2022-10-11 02:43:12.476 UTC [TRACE] steampipe-plugin-hackernews.plugin: [TRACE] 1665456192809: Set fetchType to fetchTypeList
2022-10-11 02:43:12.476 UTC [TRACE] steampipe-plugin-hackernews.plugin: [TRACE] 1665456192809: Equals key column quals:
2022-10-11 02:43:12.476 UTC [DEBUG] steampipe-plugin-hackernews.plugin: {}
2022-10-11 02:43:12.476 UTC [TRACE] steampipe-plugin-hackernews.plugin: [TRACE] 1665456192809: All key column quals:
2022-10-11 02:43:12.476 UTC [DEBUG] steampipe-plugin-hackernews.plugin: {}
2022-10-11 02:43:12.476 UTC [TRACE] steampipe-plugin-hackernews.plugin: [TRACE] 1665456192809: GetMatrixItem
2022-10-11 02:43:12.476 UTC [TRACE] steampipe-plugin-hackernews.plugin: [TRACE] 1665456192809: creating query data
2022-10-11 02:43:12.476 UTC [INFO]  steampipe-plugin-hackernews.plugin: [INFO]  1665456192809: cacheEnabled, trying cache get (hackernews-1665456192809)
2022-10-11 02:43:12.476 UTC [TRACE] steampipe-plugin-hackernews.plugin: [TRACE] 1665456192809: QueryCache Get - indexBucketKey index__hackernewshackernews_new, quals
2022-10-11 02:43:12.476 UTC [TRACE] steampipe-plugin-hackernews.plugin: [TRACE] 1665456192809: QueryCache getCachedQueryResult - table hackernews_new, connectionName hackernews
2022-10-11 02:43:12.476 UTC [TRACE] steampipe-plugin-hackernews.plugin: [TRACE] 1665456192809: index bucket key: index__hackernewshackernews_new ttlSeconds 300 limit: -1
2022-10-11 02:43:12.476 UTC [TRACE] steampipe-plugin-hackernews.plugin: [TRACE] 1665456192809: doGet cache miss
2022-10-11 02:43:12.476 UTC [TRACE] steampipe-plugin-hackernews.plugin: [TRACE] 1665456192809: getCachedIndexBucket - no item retrieved for cache key index__hackernewshackernews_new
2022-10-11 02:43:12.476 UTC [TRACE] steampipe-plugin-hackernews.plugin: [TRACE] 1665456192809: getCachedQueryResult returned CACHE MISS - checking for pending transfers
2022-10-11 02:43:12.476 UTC [TRACE] steampipe-plugin-hackernews.plugin: [TRACE] 1665456192809: getPendingResultItem indexBucketKey index__hackernewshackernews_new, columns [id title time by score dead deleted descendants kids parent parts poll text type url _ctx], limit -1
2022-10-11 02:43:12.476 UTC [TRACE] steampipe-plugin-hackernews.plugin: [TRACE] 1665456192809: no pending index item - add pending result, indexBucketKey index__hackernewshackernews_new
2022-10-11 02:43:12.476 UTC [TRACE] steampipe-plugin-hackernews.plugin: [TRACE] 1665456192809: addPendingResult (hackernews-1665456192809) indexBucketKey index__hackernewshackernews_new, columns [id title time by score dead deleted descendants kids parent parts poll text type url _ctx], limit -1
2022-10-11 02:43:12.476 UTC [TRACE] steampipe-plugin-hackernews.plugin: [TRACE] 1665456192809: no index bucket found - creating one
2022-10-11 02:43:12.476 UTC [TRACE] steampipe-plugin-hackernews.plugin: [TRACE] 1665456192809: pendingIndexItem Lock count before 0
2022-10-11 02:43:12.476 UTC [TRACE] steampipe-plugin-hackernews.plugin: [TRACE] 1665456192809: addPendingResult added pending index item to bucket, (hackernews-1665456192809) indexBucketKey index__hackernewshackernews_new, resultKeyRoot hackernewshackernews_newid,title,time,by,score,dead,deleted,descendants,kids,parent,parts,poll,text,type,url,_ctx-1, pending item : 0xc00040e2d0
2022-10-11 02:43:12.476 UTC [TRACE] steampipe-plugin-hackernews.plugin: [TRACE] 1665456192809: **** pending items (hackernews-1665456192809)****
2022-10-11 02:43:12.476 UTC [TRACE] steampipe-plugin-hackernews.plugin: [TRACE] 1665456192809: key: index__hackernewshackernews_new: item: 0xc00040e2d0, count: 1, key:hackernewshackernews_newid,title,time,by,score,dead,deleted,descendants,kids,parent,parts,poll,text,type,url,_ctx-1
2022-10-11 02:43:12.476 UTC [TRACE] steampipe-plugin-hackernews.plugin: [TRACE] 1665456192809: ********
2022-10-11 02:43:12.476 UTC [TRACE] steampipe-plugin-hackernews.plugin: [TRACE] 1665456192809: getPendingResultItem returning <nil>
2022-10-11 02:43:12.476 UTC [INFO]  steampipe-plugin-hackernews.plugin: [INFO]  1665456192809: CACHE MISS
2022-10-11 02:43:12.476 UTC [TRACE] steampipe-plugin-hackernews.plugin: [TRACE] 1665456192809: cache MISS
2022-10-11 02:43:12.476 UTC [INFO]  steampipe-plugin-hackernews.plugin: [INFO]  1665456192809: queryCacheGet returned CACHE MISS (hackernews-1665456192809)
2022-10-11 02:43:12.476 UTC [TRACE] steampipe-plugin-hackernews.plugin: [TRACE] 1665456192809: StartSet (hackernews-1665456192809)
2022-10-11 02:43:12.476 UTC [TRACE] steampipe-plugin-hackernews.plugin: [TRACE] 1665456192809: calling fetchItems, table: hackernews_new, matrixItem: [], limit: -1,  connectionCallId: hackernews-1665456192809"
2022-10-11 02:43:12.476 UTC [TRACE] steampipe-plugin-hackernews.plugin: [TRACE] 1665456192809: buildRowsAsync connectionCallId: hackernews-1665456192809
2022-10-11 02:43:12.476 UTC [TRACE] steampipe-plugin-hackernews.plugin: [TRACE] 1665456192809: streamRows connectionCallId: hackernews-1665456192809
2022-10-11 02:43:12.476 UTC [TRACE] steampipe-plugin-hackernews.plugin: [TRACE] 1665456192809: QueryData streamRows (hackernews-1665456192809)
2022-10-11 02:43:12.476 UTC [TRACE] steampipe-plugin-hackernews.plugin: [TRACE] 1665456192809: executeListCall START (hackernews-1665456192809)
2022-10-11 02:43:12.476 UTC [TRACE] steampipe-plugin-hackernews.plugin: [TRACE] 1665456192809: GetUnsatisfiedKeyColumns for columns
2022-10-11 02:43:12.476 UTC [TRACE] steampipe-plugin-hackernews.plugin: [TRACE] 1665456192809: doList (hackernews-1665456192809)
2022-10-11 02:43:12.476 UTC [TRACE] steampipe-plugin-hackernews.plugin: [TRACE] 1665456192809: doList: no matrix item
2022-10-11 02:43:12.608 UTC [TRACE] steampipe-plugin-hackernews.plugin: [TRACE] 1665456192809: QueryData.fetchComplete
2022-10-11 02:43:12.608 UTC [TRACE] steampipe-plugin-hackernews.plugin: [TRACE] 1665456192809: executeListCall COMPLETE (hackernews-1665456192809)
2022-10-11 02:43:12.608 UTC [TRACE] steampipe-plugin-hackernews.plugin: [TRACE] 1665456192809: rowData chan returned nil - wait for rows to complete (hackernews-1665456192809)
2022-10-11 02:43:12.658 UTC [TRACE] stdio: received data: channel=STDOUT len=17
2022-10-11 02:43:12.658 UTC [TRACE] stdio: waiting for stdio data
2022-10-11 02:43:12.824 UTC [TRACE] stdio: received data: channel=STDOUT len=474
2022-10-11 02:43:12.824 UTC [TRACE] stdio: waiting for stdio data
2022-10-11 02:43:12.888 UTC [TRACE] stdio: received data: channel=STDOUT len=1024
2022-10-11 02:43:12.888 UTC [TRACE] stdio: waiting for stdio data
2022-10-11 02:43:12.993 UTC [TRACE] stdio: received data: channel=STDOUT len=108
2022-10-11 02:43:12.993 UTC [TRACE] stdio: waiting for stdio data
2022-10-11 02:43:13.013 UTC [TRACE] stdio: received data: channel=STDOUT len=1024
2022-10-11 02:43:13.013 UTC [TRACE] stdio: waiting for stdio data
2022-10-11 02:43:13.045 UTC [TRACE] stdio: received data: channel=STDOUT len=775
2022-10-11 02:43:13.045 UTC [TRACE] stdio: waiting for stdio data
2022-10-11 02:43:13.237 UTC [TRACE] steampipe-plugin-hackernews.plugin: [TRACE] 1665456192809: buildRowsAsync goroutine returning (hackernews-1665456192809)
2022-10-11 02:43:13.237 UTC [TRACE] steampipe-plugin-hackernews.plugin: [TRACE] 1665456192809: streamRows - nil row, stop streaming (hackernews-1665456192809)
2022-10-11 02:43:13.237 UTC [TRACE] steampipe-plugin-hackernews.plugin: [TRACE] 1665456192809: ------------------------------------
2022-10-11 02:43:13.237 UTC [TRACE] steampipe-plugin-hackernews.plugin: [TRACE] 1665456192809: Concurrency Summary
2022-10-11 02:43:13.237 UTC [TRACE] steampipe-plugin-hackernews.plugin: [TRACE] 1665456192809: ------------------------------------
2022-10-11 02:43:13.237 UTC [TRACE] steampipe-plugin-hackernews.plugin: [TRACE] 1665456192809: getItem                       : 200
2022-10-11 02:43:13.237 UTC [TRACE] steampipe-plugin-hackernews.plugin: [TRACE] 1665456192809: ------------------------------------
2022-10-11 02:43:13.237 UTC [TRACE] steampipe-plugin-hackernews.plugin: [TRACE] 1665456192809: Total                         : 200
2022-10-11 02:43:13.237 UTC [TRACE] steampipe-plugin-hackernews.plugin: [TRACE] 1665456192809: ------------------------------------
2022-10-11 02:43:13.237 UTC [TRACE] steampipe-plugin-hackernews.plugin: [TRACE] 1665456192809: QueryData streamRows DONE (hackernews-1665456192809)
2022-10-11 02:43:13.237 UTC [TRACE] steampipe-plugin-hackernews.plugin: [TRACE] 1665456192809: EndSet (hackernews-1665456192809) table hackernews_new
2022-10-11 02:43:13.237 UTC [TRACE] steampipe-plugin-hackernews.plugin: [TRACE] 1665456192809: QueryCache writePageToCache: 500 rows, pageCount 1, page key hackernewshackernews_newid,title,time,by,score,dead,deleted,descendants,kids,parent,parts,poll,text,type,url,_ctx-1-0
2022-10-11 02:43:13.254 UTC [TRACE] stdio: received data: channel=STDOUT len=673
2022-10-11 02:43:13.254 UTC [TRACE] stdio: waiting for stdio data
2022-10-11 02:43:13.256 UTC [TRACE] steampipe-plugin-hackernews.plugin: [TRACE] 1665456192809: writePageToCache Set - result written
2022-10-11 02:43:13.256 UTC [TRACE] steampipe-plugin-hackernews.plugin: [TRACE] 1665456192809: QueryCache EndSet - result written
2022-10-11 02:43:13.256 UTC [TRACE] steampipe-plugin-hackernews.plugin: [TRACE] 1665456192809: doGet cache miss
2022-10-11 02:43:13.256 UTC [TRACE] steampipe-plugin-hackernews.plugin: [TRACE] 1665456192809: getCachedIndexBucket - no item retrieved for cache key index__hackernewshackernews_new
2022-10-11 02:43:13.256 UTC [TRACE] steampipe-plugin-hackernews.plugin: [TRACE] 1665456192809: getCachedIndexBucket returned cache miss
2022-10-11 02:43:13.256 UTC [TRACE] steampipe-plugin-hackernews.plugin: [TRACE] 1665456192809: QueryCache EndSet - Added index item (0xc01ae44240) to bucket (0xc01ad54948), page count 1,  key root hackernewshackernews_newid,title,time,by,score,dead,deleted,descendants,kids,parent,parts,poll,text,type,url,_ctx-1
2022-10-11 02:43:13.256 UTC [TRACE] steampipe-plugin-hackernews.plugin: [TRACE] 1665456192809: cacheSetIndexBucket index__hackernewshackernews_new
2022-10-11 02:43:13.256 UTC [TRACE] steampipe-plugin-hackernews.plugin: [TRACE] 1665456192809: QueryCache EndSet - IndexBucket written
2022-10-11 02:43:13.256 UTC [TRACE] steampipe-plugin-hackernews.plugin: [TRACE] 1665456192809: EndSet DEFER (hackernews-1665456192809) table hackernews_new
2022-10-11 02:43:13.256 UTC [TRACE] steampipe-plugin-hackernews.plugin: [TRACE] 1665456192809: calling pendingItemComplete (hackernews-1665456192809)
2022-10-11 02:43:13.256 UTC [TRACE] steampipe-plugin-hackernews.plugin: [TRACE] 1665456192809: pendingItemComplete (hackernews-1665456192809) indexBucketKey index__hackernewshackernews_new, columns [id title time by score dead deleted descendants kids parent parts poll text type url _ctx], limit -1
2022-10-11 02:43:13.256 UTC [TRACE] steampipe-plugin-hackernews.plugin: [TRACE] 1665456192809: got pending index bucket, (hackernews-1665456192809) len 1
2022-10-11 02:43:13.256 UTC [TRACE] steampipe-plugin-hackernews.plugin: [TRACE] 1665456192809: SatisfiesLimit limit -1, no item limit - satisfied
2022-10-11 02:43:13.257 UTC [TRACE] steampipe-plugin-hackernews.plugin: [TRACE] 1665456192809: found pending index item to satisfy columns id,title,time,by,score,dead,deleted,descendants,kids,parent,parts,poll,text,type,url,_ctx, limit -1
2022-10-11 02:43:13.257 UTC [TRACE] steampipe-plugin-hackernews.plugin: [TRACE] 1665456192809: found completed pending item (hackernews-1665456192809) 0xc00040e2d0, key hackernewshackernews_newid,title,time,by,score,dead,deleted,descendants,kids,parent,parts,poll,text,type,url,_ctx-1 - removing from map as it is complete
2022-10-11 02:43:13.257 UTC [TRACE] steampipe-plugin-hackernews.plugin: [TRACE] 1665456192809: pendingIndexItem Unlock count before 1 key hackernewshackernews_newid,title,time,by,score,dead,deleted,descendants,kids,parent,parts,poll,text,type,url,_ctx-1
2022-10-11 02:43:13.257 UTC [TRACE] steampipe-plugin-hackernews.plugin: [TRACE] 1665456192809: deleted from pending, (hackernews-1665456192809) len 0
2022-10-11 02:43:13.257 UTC [TRACE] steampipe-plugin-hackernews.plugin: [TRACE] 1665456192809: pending bucket now empty - deleting key index__hackernewshackernews_new
2022-10-11 02:43:13.257 UTC [TRACE] steampipe-plugin-hackernews.plugin: [TRACE] 1665456192809: pendingItemComplete done (hackernews-1665456192809)
2022-10-11 02:43:13.257 UTC [TRACE] steampipe-plugin-hackernews.plugin: [TRACE] 1665456192809: cache set succeeded
2022-10-11 02:43:13.257 UTC [TRACE] steampipe-plugin-hackernews.plugin: [TRACE] 1665456192809: End execute span
2022-10-11 02:43:13.257 UTC [TRACE] steampipe-plugin-hackernews.plugin: [TRACE] 1665456192809: executeForConnection DEFER (hackernews-1665456192809)
2022-10-11 02:43:13.257 UTC [TRACE] steampipe-plugin-hackernews.plugin: [TRACE] 1665456192809: Execute complete callId: hackernews-1665456192809 table: hackernews_new
2022-10-11 02:43:13.257 UTC [TRACE] steampipe-plugin-hackernews.plugin: [TRACE] 1665456192809: executeForConnection hackernews returned
2022-10-11 02:43:13.257 UTC [TRACE] steampipe-plugin-hackernews.plugin: [TRACE] 1665456192809: output wg complete - send nil row
2022-10-11 02:43:13.257 UTC [TRACE] steampipe-plugin-hackernews.plugin: [TRACE] 1665456192809: empty row on output channel - we are done
2022-10-11 02:43:13.257 UTC [INFO]  steampipe-plugin-hackernews.plugin: [INFO]  1665456192809: Plugin Execute complete (1665456192809)
2022-10-11 02:43:13.325 UTC [TRACE] PluginManager Shutdown
2022-10-11 02:43:13.325 UTC [TRACE] killing plugin csv (1957)
2022-10-11 02:43:13.326 UTC [TRACE] steampipe-plugin-csv.plugin: [TRACE] FLUSHING instrumentation
2022-10-11 02:43:13.326 UTC [TRACE] steampipe-plugin-csv.plugin: [TRACE] Shutdown instrumentation
2022-10-11 02:43:13.327 UTC [DEBUG] stdio: received EOF, stopping recv loop: err="rpc error: code = Unavailable desc = error reading from server: EOF"
2022-10-11 02:43:13.327 UTC [INFO]  plugin process exited: path=/home/runner/.steampipe/plugins/hub.steampipe.io/plugins/turbot/csv@latest/steampipe-plugin-csv.plugin pid=1957
2022-10-11 02:43:13.327 UTC [DEBUG] plugin exited
2022-10-11 02:43:13.327 UTC [TRACE] killing plugin hackernews (1980)
2022-10-11 02:43:13.328 UTC [DEBUG] stdio: received EOF, stopping recv loop: err="rpc error: code = Unavailable desc = error reading from server: EOF"
2022-10-11 02:43:13.328 UTC [TRACE] steampipe-plugin-hackernews.plugin: [TRACE] 1665456192809: FLUSHING instrumentation
2022-10-11 02:43:13.328 UTC [TRACE] steampipe-plugin-hackernews.plugin: [TRACE] 1665456192809: Shutdown instrumentation
2022-10-11 02:43:13.337 UTC [INFO]  plugin process exited: path=/home/runner/.steampipe/plugins/hub.steampipe.io/plugins/turbot/hackernews@latest/steampipe-plugin-hackernews.plugin pid=1980
2022-10-11 02:43:13.337 UTC [DEBUG] plugin exited
2022-10-11 02:43:16.815 UTC [WARN]  PluginManager setPluginCacheSizeMap: 4 connections.
2022-10-11 02:43:16.815 UTC [WARN]  Total cache size 0Mb
2022-10-11 02:43:16.882 UTC [WARN]  plugin configured with a nil SecureConfig
2022-10-11 02:43:17.160 UTC [WARN]  steampipe-plugin-csv.plugin: [WARN]  166545619717: getKeyColumnsForTable found no schema for table '/home/runner/work/steampipe-samples/steampipe-samples/all/hackernews/hn.csv'
2022-10-11 02:43:38.885 UTC [WARN]  PluginManager setPluginCacheSizeMap: 4 connections.
2022-10-11 02:43:38.885 UTC [WARN]  Total cache size 0Mb
2022-10-11 02:43:38.950 UTC [WARN]  plugin configured with a nil SecureConfig
2022-10-11 02:43:39.136 UTC [WARN]  steampipe-plugin-csv.plugin: [WARN]  1665456219258: getKeyColumnsForTable found no schema for table '/home/runner/work/steampipe-samples/steampipe-samples/all/hackernews/hn.csv'
2022-10-11 02:44:00.019 UTC [WARN]  PluginManager setPluginCacheSizeMap: 4 connections.
2022-10-11 02:44:00.019 UTC [WARN]  Total cache size 0Mb
2022-10-11 02:44:00.090 UTC [WARN]  plugin configured with a nil SecureConfig
2022-10-11 02:44:01.277 UTC [WARN]  PluginManager setPluginCacheSizeMap: 4 connections.
2022-10-11 02:44:01.277 UTC [WARN]  Total cache size 0Mb
2022-10-11 02:44:01.344 UTC [WARN]  plugin configured with a nil SecureConfig
2022-10-11 02:44:02.315 UTC [WARN]  PluginManager setPluginCacheSizeMap: 4 connections.
2022-10-11 02:44:02.315 UTC [WARN]  Total cache size 0Mb
2022-10-11 02:44:02.383 UTC [WARN]  plugin configured with a nil SecureConfig
2022-10-11 02:44:03.210 UTC [WARN]  PluginManager setPluginCacheSizeMap: 4 connections.
2022-10-11 02:44:03.210 UTC [WARN]  Total cache size 0Mb
2022-10-11 02:44:03.278 UTC [WARN]  plugin configured with a nil SecureConfig
2022-10-11 02:44:04.149 UTC [WARN]  PluginManager setPluginCacheSizeMap: 4 connections.
2022-10-11 02:44:04.149 UTC [WARN]  Total cache size 0Mb
2022-10-11 02:44:04.219 UTC [WARN]  plugin configured with a nil SecureConfig
2022-10-11 02:44:05.069 UTC [WARN]  PluginManager setPluginCacheSizeMap: 4 connections.
2022-10-11 02:44:05.069 UTC [WARN]  Total cache size 0Mb
2022-10-11 02:44:05.134 UTC [WARN]  plugin configured with a nil SecureConfig
2022-10-11 02:44:05.975 UTC [WARN]  PluginManager setPluginCacheSizeMap: 4 connections.
2022-10-11 02:44:05.975 UTC [WARN]  Total cache size 0Mb
2022-10-11 02:44:06.043 UTC [WARN]  plugin configured with a nil SecureConfig
2022-10-11 02:44:06.862 UTC [WARN]  PluginManager setPluginCacheSizeMap: 4 connections.
2022-10-11 02:44:06.862 UTC [WARN]  Total cache size 0Mb
2022-10-11 02:44:06.929 UTC [WARN]  plugin configured with a nil SecureConfig
2022-10-11 02:44:07.108 UTC [WARN]  plugin configured with a nil SecureConfig
2022-10-11 02:45:46.454 UTC [WARN]  PluginManager setPluginCacheSizeMap: 4 connections.
2022-10-11 02:45:46.454 UTC [WARN]  Total cache size 0Mb
2022-10-11 02:45:46.520 UTC [WARN]  plugin configured with a nil SecureConfig
2022-10-11 02:45:47.325 UTC [WARN]  PluginManager setPluginCacheSizeMap: 4 connections.
2022-10-11 02:45:47.325 UTC [WARN]  Total cache size 0Mb
2022-10-11 02:45:47.391 UTC [WARN]  plugin configured with a nil SecureConfig
2022-10-11 02:45:47.405 UTC [ERROR] steampipe-plugin-csv.plugin: [ERROR] csv.tableCSV: header_parse_error=EOF path=/home/runner/work/steampipe-samples/steampipe-samples/all/hackernews/new_sc.csv header=[]
2022-10-11 02:45:47.405 UTC [ERROR] steampipe-plugin-csv.plugin: [ERROR] csv.PluginTables: create_table_error="failed to parse file header /home/runner/work/steampipe-samples/steampipe-samples/all/hackernews/new_sc.csv: EOF" path=/home/runner/work/steampipe-samples/steampipe-samples/all/hackernews/new_sc.csv
2022-10-11 02:45:47.406 UTC [WARN]  failed to set connection config: failed to parse file header /home/runner/work/steampipe-samples/steampipe-samples/all/hackernews/new_sc.csv: EOF
2022-10-11 02:45:48.203 UTC [WARN]  PluginManager setPluginCacheSizeMap: 4 connections.
2022-10-11 02:45:48.203 UTC [WARN]  Total cache size 0Mb
2022-10-11 02:45:48.272 UTC [WARN]  plugin configured with a nil SecureConfig
2022-10-11 02:45:48.461 UTC [WARN]  steampipe-plugin-csv.plugin: [WARN]  1665456348624: getKeyColumnsForTable found no schema for table '/home/runner/work/steampipe-samples/steampipe-samples/all/hackernews/new_sc.csv'
2022-10-11 02:45:52.820 UTC [WARN]  PluginManager setPluginCacheSizeMap: 4 connections.
2022-10-11 02:45:52.820 UTC [WARN]  Total cache size 0Mb
2022-10-11 02:45:52.887 UTC [WARN]  plugin configured with a nil SecureConfig
2022-10-11 02:45:53.698 UTC [WARN]  PluginManager setPluginCacheSizeMap: 4 connections.
2022-10-11 02:45:53.698 UTC [WARN]  Total cache size 0Mb
2022-10-11 02:45:53.764 UTC [WARN]  plugin configured with a nil SecureConfig
2022-10-11 02:45:53.778 UTC [ERROR] steampipe-plugin-csv.plugin: [ERROR] csv.tableCSV: header_parse_error=EOF path=/home/runner/work/steampipe-samples/steampipe-samples/all/hackernews/hn_items_all.csv header=[]
2022-10-11 02:45:53.778 UTC [ERROR] steampipe-plugin-csv.plugin: [ERROR] csv.PluginTables: create_table_error="failed to parse file header /home/runner/work/steampipe-samples/steampipe-samples/all/hackernews/hn_items_all.csv: EOF" path=/home/runner/work/steampipe-samples/steampipe-samples/all/hackernews/hn_items_all.csv
2022-10-11 02:45:53.778 UTC [WARN]  failed to set connection config: failed to parse file header /home/runner/work/steampipe-samples/steampipe-samples/all/hackernews/hn_items_all.csv: EOF
2022-10-11 02:45:54.909 UTC [WARN]  PluginManager setPluginCacheSizeMap: 4 connections.
2022-10-11 02:45:54.909 UTC [WARN]  Total cache size 0Mb
2022-10-11 02:45:54.976 UTC [WARN]  plugin configured with a nil SecureConfig
2022-10-11 02:45:54.990 UTC [ERROR] steampipe-plugin-csv.plugin: [ERROR] csv.tableCSV: header_parse_error=EOF path=/home/runner/work/steampipe-samples/steampipe-samples/all/hackernews/people.csv header=[]
2022-10-11 02:45:54.990 UTC [ERROR] steampipe-plugin-csv.plugin: [ERROR] csv.PluginTables: create_table_error="failed to parse file header /home/runner/work/steampipe-samples/steampipe-samples/all/hackernews/people.csv: EOF" path=/home/runner/work/steampipe-samples/steampipe-samples/all/hackernews/people.csv
2022-10-11 02:45:54.990 UTC [WARN]  failed to set connection config: failed to parse file header /home/runner/work/steampipe-samples/steampipe-samples/all/hackernews/people.csv: EOF
2022-10-11 02:45:55.144 UTC [WARN]  plugin configured with a nil SecureConfig
2022-10-11 02:45:55.184 UTC [WARN]  plugin configured with a nil SecureConfig
