2022-07-16 02:54:06.991 UTC [INFO]  starting plugin manager
2022-07-16 02:54:06.991 UTC [TRACE] loaded config map: csv,hackernews,net
2022-07-16 02:54:06.991 UTC [INFO]  starting connection watcher
2022-07-16 02:54:06.991 UTC [INFO]  created ConnectionWatcher
2022-07-16 02:54:06.991 UTC [TRACE] about to serve
2022-07-16 02:54:07.057 UTC [TRACE] PluginManager Get, connections: '[csv]'
2022-07-16 02:54:07.057 UTC [TRACE] PluginManager getPlugin connection 'csv'
2022-07-16 02:54:07.057 UTC [TRACE] PluginManager 0xc000372750 'csv' NOT found in map  - starting
2022-07-16 02:54:07.057 UTC [TRACE] ************ start plugin csv ********************
2022-07-16 02:54:07.057 UTC [DEBUG] starting plugin: path=/home/runner/.steampipe/plugins/hub.steampipe.io/plugins/turbot/csv@latest/steampipe-plugin-csv.plugin args=["/home/runner/.steampipe/plugins/hub.steampipe.io/plugins/turbot/csv@latest/steampipe-plugin-csv.plugin"]
2022-07-16 02:54:07.057 UTC [DEBUG] plugin started: path=/home/runner/.steampipe/plugins/hub.steampipe.io/plugins/turbot/csv@latest/steampipe-plugin-csv.plugin pid=1951
2022-07-16 02:54:07.057 UTC [DEBUG] waiting for RPC address: path=/home/runner/.steampipe/plugins/hub.steampipe.io/plugins/turbot/csv@latest/steampipe-plugin-csv.plugin
2022-07-16 02:54:07.063 UTC [DEBUG] steampipe-plugin-csv.plugin: 2022/07/16 02:54:07 [TRACE] Plugin Initialise creating connection manager
2022-07-16 02:54:07.078 UTC [TRACE] steampipe-plugin-csv.plugin: [TRACE] Setting Ulimit: ulimit=2560
2022-07-16 02:54:07.078 UTC [DEBUG] steampipe-plugin-csv.plugin: plugin address: address=/tmp/plugin111687972 network=unix timestamp=2022-07-16T02:54:07.078Z
2022-07-16 02:54:07.078 UTC [DEBUG] using plugin: version=0
2022-07-16 02:54:07.078 UTC [TRACE] PluginManager getPlugin complete, returning reattach config with PID: 1951
2022-07-16 02:54:07.078 UTC [TRACE] PluginManager Get returning reattach_map:{key:"csv"  value:{protocol:"grpc"  addr:{Network:"unix"  Address:"/tmp/plugin111687972"}  pid:1951}}
2022-07-16 02:54:07.081 UTC [TRACE] steampipe-plugin-csv.plugin: [TRACE] validate plugin steampipe-plugin-csv, required columns []
2022-07-16 02:54:07.086 UTC [INFO]  steampipe-plugin-csv.plugin: [INFO]  query cache created
2022-07-16 02:54:07.086 UTC [DEBUG] steampipe-plugin-csv.plugin: [DEBUG] SetConnectionConfig finished
2022-07-16 02:54:07.088 UTC [TRACE] PluginManager Get, connections: '[]'
2022-07-16 02:54:07.088 UTC [TRACE] PluginManager Get returning
2022-07-16 02:54:07.093 UTC [TRACE] handleFileWatcherEvent ignoring first event
2022-07-16 02:54:07.161 UTC [TRACE] PluginManager Get, connections: '[csv]'
2022-07-16 02:54:07.161 UTC [TRACE] PluginManager getPlugin connection 'csv'
2022-07-16 02:54:07.161 UTC [TRACE] initialized: 1951
2022-07-16 02:54:07.161 UTC [TRACE] connection csv is loaded, check for running PID
2022-07-16 02:54:07.162 UTC [TRACE] PluginManager found 'csv' in map, pid 1951, reattach protocol:"grpc"  addr:{Network:"unix"  Address:"/tmp/plugin111687972"}  pid:1951
2022-07-16 02:54:07.162 UTC [TRACE] PluginManager Get returning reattach_map:{key:"csv"  value:{protocol:"grpc"  addr:{Network:"unix"  Address:"/tmp/plugin111687972"}  pid:1951}}
2022-07-16 02:54:07.348 UTC [TRACE] PluginManager Get, connections: '[hackernews]'
2022-07-16 02:54:07.348 UTC [TRACE] PluginManager getPlugin connection 'hackernews'
2022-07-16 02:54:07.348 UTC [TRACE] PluginManager 0xc000372750 'hackernews' NOT found in map  - starting
2022-07-16 02:54:07.348 UTC [TRACE] ************ start plugin hackernews ********************
2022-07-16 02:54:07.349 UTC [DEBUG] starting plugin: path=/home/runner/.steampipe/plugins/hub.steampipe.io/plugins/turbot/hackernews@latest/steampipe-plugin-hackernews.plugin args=["/home/runner/.steampipe/plugins/hub.steampipe.io/plugins/turbot/hackernews@latest/steampipe-plugin-hackernews.plugin"]
2022-07-16 02:54:07.349 UTC [DEBUG] plugin started: path=/home/runner/.steampipe/plugins/hub.steampipe.io/plugins/turbot/hackernews@latest/steampipe-plugin-hackernews.plugin pid=1975
2022-07-16 02:54:07.349 UTC [DEBUG] waiting for RPC address: path=/home/runner/.steampipe/plugins/hub.steampipe.io/plugins/turbot/hackernews@latest/steampipe-plugin-hackernews.plugin
2022-07-16 02:54:07.353 UTC [DEBUG] steampipe-plugin-hackernews.plugin: 2022/07/16 02:54:07 [TRACE] Plugin Initialise creating connection manager
2022-07-16 02:54:07.358 UTC [TRACE] steampipe-plugin-hackernews.plugin: [TRACE] Setting Ulimit: ulimit=2560
2022-07-16 02:54:07.358 UTC [DEBUG] steampipe-plugin-hackernews.plugin: plugin address: address=/tmp/plugin3832597296 network=unix timestamp=2022-07-16T02:54:07.358Z
2022-07-16 02:54:07.358 UTC [DEBUG] using plugin: version=0
2022-07-16 02:54:07.358 UTC [TRACE] PluginManager getPlugin complete, returning reattach config with PID: 1975
2022-07-16 02:54:07.358 UTC [TRACE] PluginManager Get returning reattach_map:{key:"hackernews"  value:{protocol:"grpc"  addr:{Network:"unix"  Address:"/tmp/plugin3832597296"}  pid:1975}}
2022-07-16 02:54:07.360 UTC [TRACE] steampipe-plugin-hackernews.plugin: [TRACE] validate plugin steampipe-plugin-hackernews, required columns []
2022-07-16 02:54:07.362 UTC [INFO]  steampipe-plugin-hackernews.plugin: [INFO]  query cache created
2022-07-16 02:54:07.362 UTC [DEBUG] steampipe-plugin-hackernews.plugin: [DEBUG] SetConnectionConfig finished
2022-07-16 02:54:07.364 UTC [TRACE] steampipe-plugin-hackernews.plugin: [TRACE] EXECUTE callId: 165794004730 table: hackernews_new cols: id,title,time,by,score,dead,deleted,descendants,kids,parent,parts,poll,text,type,url,_ctx
2022-07-16 02:54:07.364 UTC [TRACE] steampipe-plugin-hackernews.plugin: [TRACE] 165794004730: Execute : connection=hackernews table=hackernews_new
2022-07-16 02:54:07.364 UTC [TRACE] steampipe-plugin-hackernews.plugin: [TRACE] 165794004730: Got query context: table=hackernews_new cols=[id, title, time, by, score, dead, deleted, descendants, kids, parent, parts, poll, text, type, url, _ctx]
2022-07-16 02:54:07.364 UTC [TRACE] steampipe-plugin-hackernews.plugin: [TRACE] 165794004730: setFetchType map[time:quals:{fieldName:"time"  string_value:">"  value:{timestamp_value:{seconds:1657936447  nanos:333176000}}}]
2022-07-16 02:54:07.365 UTC [TRACE] steampipe-plugin-hackernews.plugin: [TRACE] 165794004730: getMatchingQuals column:'id' operator: =
2022-07-16 02:54:07.365 UTC [TRACE] steampipe-plugin-hackernews.plugin: [TRACE] 165794004730: getMatchingQuals returning false - qualMap does not contain any quals for column id
2022-07-16 02:54:07.366 UTC [TRACE] steampipe-plugin-hackernews.plugin: [TRACE] 165794004730: GetUnsatisfiedKeyColumns for columns column:'id' operator: =
2022-07-16 02:54:07.366 UTC [TRACE] steampipe-plugin-hackernews.plugin: [TRACE] 165794004730: key column NOT satisfied column:'id' operator: =
2022-07-16 02:54:07.366 UTC [TRACE] steampipe-plugin-hackernews.plugin: [TRACE] 165794004730: satisfied: map[any_of: optional: required:]
2022-07-16 02:54:07.367 UTC [TRACE] steampipe-plugin-hackernews.plugin: [TRACE] 165794004730: unsatisfied: map[any_of: optional: required:column:'id' operator: =]
2022-07-16 02:54:07.368 UTC [TRACE] steampipe-plugin-hackernews.plugin: [TRACE] 165794004730: unsatisfied required KeyColumns: column:'id' operator: =
2022-07-16 02:54:07.368 UTC [TRACE] steampipe-plugin-hackernews.plugin: [TRACE] 165794004730: Set fetchType to fetchTypeList
2022-07-16 02:54:07.368 UTC [TRACE] steampipe-plugin-hackernews.plugin: [TRACE] 165794004730: Equals key column quals:
2022-07-16 02:54:07.368 UTC [DEBUG] steampipe-plugin-hackernews.plugin: {}
2022-07-16 02:54:07.368 UTC [TRACE] steampipe-plugin-hackernews.plugin: [TRACE] 165794004730: All key column quals:
2022-07-16 02:54:07.368 UTC [DEBUG] steampipe-plugin-hackernews.plugin: {}
2022-07-16 02:54:07.368 UTC [TRACE] steampipe-plugin-hackernews.plugin: [TRACE] 165794004730: calling fetchItems: table=hackernews_new matrixItem=[] limit=<nil>
2022-07-16 02:54:07.368 UTC [TRACE] steampipe-plugin-hackernews.plugin: [TRACE] 165794004730: Cache ENABLED callId: 165794004730
2022-07-16 02:54:07.368 UTC [TRACE] steampipe-plugin-hackernews.plugin: [TRACE] 165794004730: QueryCache Get - indexBucketKey index__hackernewshackernews_new, quals
2022-07-16 02:54:07.368 UTC [TRACE] steampipe-plugin-hackernews.plugin: [TRACE] 165794004730: buildCacheQualMap col time, quals quals:{fieldName:"time"  string_value:">"  value:{timestamp_value:{seconds:1657936447  nanos:333176000}}}
2022-07-16 02:54:07.368 UTC [TRACE] steampipe-plugin-hackernews.plugin: [TRACE] 165794004730: EXCLUDING COLUMN
2022-07-16 02:54:07.368 UTC [TRACE] steampipe-plugin-hackernews.plugin: [TRACE] 165794004730: QueryCache getCachedResult - index bucket key: index__hackernewshackernews_new ttlSeconds 300
2022-07-16 02:54:07.368 UTC [TRACE] steampipe-plugin-hackernews.plugin: [TRACE] 165794004730: getCachedResult - no index bucket
2022-07-16 02:54:07.368 UTC [TRACE] steampipe-plugin-hackernews.plugin: [TRACE] 165794004730: getPendingResultItem indexBucketKey index__hackernewshackernews_new, columns [id title time by score dead deleted descendants kids parent parts poll text type url _ctx], limit -1
2022-07-16 02:54:07.368 UTC [TRACE] steampipe-plugin-hackernews.plugin: [TRACE] 165794004730: no pending index item - add pending result
2022-07-16 02:54:07.368 UTC [TRACE] steampipe-plugin-hackernews.plugin: [TRACE] 165794004730: addPendingResult indexBucketKey index__hackernewshackernews_new, columns [id title time by score dead deleted descendants kids parent parts poll text type url _ctx], limit -1
2022-07-16 02:54:07.368 UTC [TRACE] steampipe-plugin-hackernews.plugin: [TRACE] 165794004730: no index bucket found - creating one
2022-07-16 02:54:07.368 UTC [TRACE] steampipe-plugin-hackernews.plugin: [TRACE] 165794004730: pendingIndexItem Lock count before 0
2022-07-16 02:54:07.368 UTC [TRACE] steampipe-plugin-hackernews.plugin: [TRACE] 165794004730: getPendingResultItem returning <nil>
2022-07-16 02:54:07.368 UTC [INFO]  steampipe-plugin-hackernews.plugin: [INFO]  165794004730: CACHE MISS
2022-07-16 02:54:07.368 UTC [TRACE] steampipe-plugin-hackernews.plugin: [TRACE] 165794004730: fetch items callId: 165794004730
2022-07-16 02:54:07.368 UTC [TRACE] steampipe-plugin-hackernews.plugin: [TRACE] 165794004730: buildRows callId: 165794004730
2022-07-16 02:54:07.368 UTC [TRACE] steampipe-plugin-hackernews.plugin: [TRACE] 165794004730: streamRows callId: 165794004730
2022-07-16 02:54:07.368 UTC [TRACE] steampipe-plugin-hackernews.plugin: [TRACE] 165794004730: executeListCall
2022-07-16 02:54:07.368 UTC [TRACE] steampipe-plugin-hackernews.plugin: [TRACE] 165794004730: GetUnsatisfiedKeyColumns for columns
2022-07-16 02:54:07.368 UTC [TRACE] steampipe-plugin-hackernews.plugin: [TRACE] 165794004730: doList: no matrix item
2022-07-16 02:54:07.481 UTC [TRACE] steampipe-plugin-hackernews.plugin: [TRACE] 165794004730: rowData chan select - channel CLOSED
2022-07-16 02:54:07.482 UTC [TRACE] steampipe-plugin-hackernews.plugin: [TRACE] 165794004730: wait for rows
2022-07-16 02:54:07.909 UTC [TRACE] steampipe-plugin-hackernews.plugin: [TRACE] 165794004730: rowWg complete - CLOSING ROW CHANNEL
2022-07-16 02:54:07.909 UTC [TRACE] steampipe-plugin-hackernews.plugin: [TRACE] 165794004730: row chan closed, stop streaming
2022-07-16 02:54:07.909 UTC [INFO]  steampipe-plugin-hackernews.plugin: [INFO]  165794004730: ------------------------------------
2022-07-16 02:54:07.909 UTC [INFO]  steampipe-plugin-hackernews.plugin: [INFO]  165794004730: Concurrency Summary
2022-07-16 02:54:07.909 UTC [INFO]  steampipe-plugin-hackernews.plugin: [INFO]  165794004730: ------------------------------------
2022-07-16 02:54:07.909 UTC [INFO]  steampipe-plugin-hackernews.plugin: [INFO]  165794004730: getItem                       : 200
2022-07-16 02:54:07.909 UTC [INFO]  steampipe-plugin-hackernews.plugin: [INFO]  165794004730: ------------------------------------
2022-07-16 02:54:07.909 UTC [INFO]  steampipe-plugin-hackernews.plugin: [INFO]  165794004730: Total                         : 200
2022-07-16 02:54:07.909 UTC [INFO]  steampipe-plugin-hackernews.plugin: [INFO]  165794004730: ------------------------------------
2022-07-16 02:54:07.909 UTC [TRACE] steampipe-plugin-hackernews.plugin: [TRACE] 165794004730: queryCache.Set callId: 165794004730
2022-07-16 02:54:07.910 UTC [TRACE] steampipe-plugin-hackernews.plugin: [TRACE] 165794004730: buildCacheQualMap col time, quals quals:{fieldName:"time"  string_value:">"  value:{timestamp_value:{seconds:1657936447  nanos:333176000}}}
2022-07-16 02:54:07.910 UTC [TRACE] steampipe-plugin-hackernews.plugin: [TRACE] 165794004730: EXCLUDING COLUMN
2022-07-16 02:54:07.910 UTC [TRACE] steampipe-plugin-hackernews.plugin: [TRACE] 165794004730: QueryCache Set - connectionName: hackernews, table: hackernews_new, columns: [_ctx by dead deleted descendants id kids parent parts poll score text time title type url], limit -1
2022-07-16 02:54:07.910 UTC [TRACE] steampipe-plugin-hackernews.plugin: [TRACE] 165794004730: cache item cost = 64000 (500 rows, 16 columns)
2022-07-16 02:54:07.920 UTC [TRACE] steampipe-plugin-hackernews.plugin: [TRACE] 165794004730: ------------------------------------
2022-07-16 02:54:07.920 UTC [TRACE] steampipe-plugin-hackernews.plugin: [TRACE] 165794004730: Cache Metrics
2022-07-16 02:54:07.920 UTC [TRACE] steampipe-plugin-hackernews.plugin: [TRACE] 165794004730: ------------------------------------
2022-07-16 02:54:07.920 UTC [TRACE] steampipe-plugin-hackernews.plugin: [TRACE] 165794004730: MaxCost: 1073741824
2022-07-16 02:54:07.920 UTC [TRACE] steampipe-plugin-hackernews.plugin: [TRACE] 165794004730: KeysAdded: 2
2022-07-16 02:54:07.920 UTC [TRACE] steampipe-plugin-hackernews.plugin: [TRACE] 165794004730: CostAdded: 64113
2022-07-16 02:54:07.920 UTC [TRACE] steampipe-plugin-hackernews.plugin: [TRACE] 165794004730: KeysEvicted: 0
2022-07-16 02:54:07.920 UTC [TRACE] steampipe-plugin-hackernews.plugin: [TRACE] 165794004730: CostEvicted: 0
2022-07-16 02:54:07.920 UTC [TRACE] steampipe-plugin-hackernews.plugin: [TRACE] 165794004730: ------------------------------------
2022-07-16 02:54:07.920 UTC [TRACE] steampipe-plugin-hackernews.plugin: [TRACE] 165794004730: QueryCache Set() DONE
2022-07-16 02:54:07.920 UTC [TRACE] steampipe-plugin-hackernews.plugin: [TRACE] 165794004730: pendingItemComplete indexBucketKey index__hackernewshackernews_new, columns [_ctx by dead deleted descendants id kids parent parts poll score text time title type url], limit -1
2022-07-16 02:54:07.920 UTC [TRACE] steampipe-plugin-hackernews.plugin: [TRACE] 165794004730: got pending index bucket, len 1
2022-07-16 02:54:07.920 UTC [TRACE] steampipe-plugin-hackernews.plugin: [TRACE] 165794004730: SatisfiesLimit limit -1, no item limit - satisfied
2022-07-16 02:54:07.920 UTC [TRACE] steampipe-plugin-hackernews.plugin: [TRACE] 165794004730: found pending index item to satisfy columns _ctx,by,dead,deleted,descendants,id,kids,parent,parts,poll,score,text,time,title,type,url, limit -1
2022-07-16 02:54:07.920 UTC [TRACE] steampipe-plugin-hackernews.plugin: [TRACE] 165794004730: got pending item hackernewshackernews_newid,title,time,by,score,dead,deleted,descendants,kids,parent,parts,poll,text,type,url,_ctx-1 - removing from map as it is complete
2022-07-16 02:54:07.920 UTC [TRACE] steampipe-plugin-hackernews.plugin: [TRACE] 165794004730: pendingIndexItem Unlock count before 1
2022-07-16 02:54:07.920 UTC [TRACE] steampipe-plugin-hackernews.plugin: [TRACE] 165794004730: deleted from pending, len 0
2022-07-16 02:54:07.920 UTC [TRACE] steampipe-plugin-hackernews.plugin: [TRACE] 165794004730: pending bucket now empty - deleting key index__hackernewshackernews_new
2022-07-16 02:54:07.920 UTC [TRACE] steampipe-plugin-hackernews.plugin: [TRACE] 165794004730: pendingItemComplete done
2022-07-16 02:54:07.920 UTC [TRACE] steampipe-plugin-hackernews.plugin: [TRACE] 165794004730: Execute complete callId: 165794004730 table: hackernews_new
2022-07-16 02:54:07.982 UTC [TRACE] PluginManager Shutdown map[csv:0xc00000d788 hackernews:0xc00000db78]
2022-07-16 02:54:07.982 UTC [TRACE] killing plugin hackernews (1975)
2022-07-16 02:54:07.982 UTC [TRACE] stdio: waiting for stdio data
2022-07-16 02:54:07.983 UTC [DEBUG] stdio: received EOF, stopping recv loop: err="rpc error: code = Unavailable desc = error reading from server: EOF"
2022-07-16 02:54:07.985 UTC [INFO]  plugin process exited: path=/home/runner/.steampipe/plugins/hub.steampipe.io/plugins/turbot/hackernews@latest/steampipe-plugin-hackernews.plugin pid=1975
2022-07-16 02:54:07.985 UTC [DEBUG] plugin exited
2022-07-16 02:54:07.985 UTC [TRACE] killing plugin csv (1951)
2022-07-16 02:54:07.986 UTC [TRACE] stdio: waiting for stdio data
2022-07-16 02:54:07.987 UTC [DEBUG] stdio: received EOF, stopping recv loop: err="rpc error: code = Unavailable desc = error reading from server: EOF"
2022-07-16 02:54:07.987 UTC [INFO]  plugin process exited: path=/home/runner/.steampipe/plugins/hub.steampipe.io/plugins/turbot/csv@latest/steampipe-plugin-csv.plugin pid=1951
2022-07-16 02:54:07.987 UTC [DEBUG] plugin exited
2022-07-16 02:54:08.382 UTC [INFO]  starting plugin manager
2022-07-16 02:54:08.383 UTC [TRACE] loaded config map: csv,hackernews,net
2022-07-16 02:54:08.383 UTC [INFO]  starting connection watcher
2022-07-16 02:54:08.383 UTC [INFO]  created ConnectionWatcher
2022-07-16 02:54:08.383 UTC [TRACE] about to serve
2022-07-16 02:54:08.445 UTC [TRACE] PluginManager Get, connections: '[csv]'
2022-07-16 02:54:08.445 UTC [TRACE] PluginManager getPlugin connection 'csv'
2022-07-16 02:54:08.445 UTC [TRACE] PluginManager 0xc0005a2570 'csv' NOT found in map  - starting
2022-07-16 02:54:08.445 UTC [TRACE] ************ start plugin csv ********************
2022-07-16 02:54:08.446 UTC [DEBUG] starting plugin: path=/home/runner/.steampipe/plugins/hub.steampipe.io/plugins/turbot/csv@latest/steampipe-plugin-csv.plugin args=["/home/runner/.steampipe/plugins/hub.steampipe.io/plugins/turbot/csv@latest/steampipe-plugin-csv.plugin"]
2022-07-16 02:54:08.446 UTC [DEBUG] plugin started: path=/home/runner/.steampipe/plugins/hub.steampipe.io/plugins/turbot/csv@latest/steampipe-plugin-csv.plugin pid=2028
2022-07-16 02:54:08.446 UTC [DEBUG] waiting for RPC address: path=/home/runner/.steampipe/plugins/hub.steampipe.io/plugins/turbot/csv@latest/steampipe-plugin-csv.plugin
2022-07-16 02:54:08.455 UTC [DEBUG] steampipe-plugin-csv.plugin: 2022/07/16 02:54:08 [TRACE] Plugin Initialise creating connection manager
2022-07-16 02:54:08.459 UTC [TRACE] steampipe-plugin-csv.plugin: [TRACE] Setting Ulimit: ulimit=2560
2022-07-16 02:54:08.459 UTC [DEBUG] steampipe-plugin-csv.plugin: plugin address: address=/tmp/plugin996922883 network=unix timestamp=2022-07-16T02:54:08.459Z
2022-07-16 02:54:08.459 UTC [DEBUG] using plugin: version=0
2022-07-16 02:54:08.459 UTC [TRACE] PluginManager getPlugin complete, returning reattach config with PID: 2028
2022-07-16 02:54:08.459 UTC [TRACE] PluginManager Get returning reattach_map:{key:"csv"  value:{protocol:"grpc"  addr:{Network:"unix"  Address:"/tmp/plugin996922883"}  pid:2028}}
2022-07-16 02:54:08.463 UTC [TRACE] steampipe-plugin-csv.plugin: [TRACE] validate plugin steampipe-plugin-csv, required columns []
2022-07-16 02:54:08.465 UTC [INFO]  steampipe-plugin-csv.plugin: [INFO]  query cache created
2022-07-16 02:54:08.465 UTC [DEBUG] steampipe-plugin-csv.plugin: [DEBUG] SetConnectionConfig finished
2022-07-16 02:54:08.467 UTC [TRACE] PluginManager Get, connections: '[]'
2022-07-16 02:54:08.467 UTC [TRACE] PluginManager Get returning
2022-07-16 02:54:08.485 UTC [TRACE] handleFileWatcherEvent ignoring first event
2022-07-16 02:54:08.655 UTC [TRACE] PluginManager Get, connections: '[hackernews]'
2022-07-16 02:54:08.655 UTC [TRACE] PluginManager getPlugin connection 'hackernews'
2022-07-16 02:54:08.655 UTC [TRACE] PluginManager 0xc0005a2570 'hackernews' NOT found in map  - starting
2022-07-16 02:54:08.655 UTC [TRACE] ************ start plugin hackernews ********************
2022-07-16 02:54:08.655 UTC [DEBUG] starting plugin: path=/home/runner/.steampipe/plugins/hub.steampipe.io/plugins/turbot/hackernews@latest/steampipe-plugin-hackernews.plugin args=["/home/runner/.steampipe/plugins/hub.steampipe.io/plugins/turbot/hackernews@latest/steampipe-plugin-hackernews.plugin"]
2022-07-16 02:54:08.655 UTC [DEBUG] plugin started: path=/home/runner/.steampipe/plugins/hub.steampipe.io/plugins/turbot/hackernews@latest/steampipe-plugin-hackernews.plugin pid=2044
2022-07-16 02:54:08.655 UTC [DEBUG] waiting for RPC address: path=/home/runner/.steampipe/plugins/hub.steampipe.io/plugins/turbot/hackernews@latest/steampipe-plugin-hackernews.plugin
2022-07-16 02:54:08.659 UTC [DEBUG] steampipe-plugin-hackernews.plugin: 2022/07/16 02:54:08 [TRACE] Plugin Initialise creating connection manager
2022-07-16 02:54:08.662 UTC [TRACE] steampipe-plugin-hackernews.plugin: [TRACE] Setting Ulimit: ulimit=2560
2022-07-16 02:54:08.662 UTC [DEBUG] steampipe-plugin-hackernews.plugin: plugin address: address=/tmp/plugin1754844801 network=unix timestamp=2022-07-16T02:54:08.662Z
2022-07-16 02:54:08.662 UTC [DEBUG] using plugin: version=0
2022-07-16 02:54:08.662 UTC [TRACE] PluginManager getPlugin complete, returning reattach config with PID: 2044
2022-07-16 02:54:08.663 UTC [TRACE] PluginManager Get returning reattach_map:{key:"hackernews"  value:{protocol:"grpc"  addr:{Network:"unix"  Address:"/tmp/plugin1754844801"}  pid:2044}}
2022-07-16 02:54:08.664 UTC [TRACE] steampipe-plugin-hackernews.plugin: [TRACE] validate plugin steampipe-plugin-hackernews, required columns []
2022-07-16 02:54:08.666 UTC [INFO]  steampipe-plugin-hackernews.plugin: [INFO]  query cache created
2022-07-16 02:54:08.666 UTC [DEBUG] steampipe-plugin-hackernews.plugin: [DEBUG] SetConnectionConfig finished
2022-07-16 02:54:08.668 UTC [TRACE] steampipe-plugin-hackernews.plugin: [TRACE] EXECUTE callId: 1657940048907 table: hackernews_new cols: time
2022-07-16 02:54:08.669 UTC [TRACE] steampipe-plugin-hackernews.plugin: [TRACE] 1657940048907: Execute : connection=hackernews table=hackernews_new
2022-07-16 02:54:08.669 UTC [TRACE] steampipe-plugin-hackernews.plugin: [TRACE] 1657940048907: Got query context: table=hackernews_new cols=[time]
2022-07-16 02:54:08.669 UTC [TRACE] steampipe-plugin-hackernews.plugin: [TRACE] 1657940048907: setFetchType map[time:quals:{fieldName:"time"  string_value:">"  value:{timestamp_value:{seconds:1657936448  nanos:639328000}}}]
2022-07-16 02:54:08.669 UTC [TRACE] steampipe-plugin-hackernews.plugin: [TRACE] 1657940048907: getMatchingQuals column:'id' operator: =
2022-07-16 02:54:08.669 UTC [TRACE] steampipe-plugin-hackernews.plugin: [TRACE] 1657940048907: getMatchingQuals returning false - qualMap does not contain any quals for column id
2022-07-16 02:54:08.670 UTC [TRACE] steampipe-plugin-hackernews.plugin: [TRACE] 1657940048907: GetUnsatisfiedKeyColumns for columns column:'id' operator: =
2022-07-16 02:54:08.671 UTC [TRACE] steampipe-plugin-hackernews.plugin: [TRACE] 1657940048907: key column NOT satisfied column:'id' operator: =
2022-07-16 02:54:08.671 UTC [TRACE] steampipe-plugin-hackernews.plugin: [TRACE] 1657940048907: satisfied: map[any_of: optional: required:]
2022-07-16 02:54:08.672 UTC [TRACE] steampipe-plugin-hackernews.plugin: [TRACE] 1657940048907: unsatisfied: map[any_of: optional: required:column:'id' operator: =]
2022-07-16 02:54:08.673 UTC [TRACE] steampipe-plugin-hackernews.plugin: [TRACE] 1657940048907: unsatisfied required KeyColumns: column:'id' operator: =
2022-07-16 02:54:08.673 UTC [TRACE] steampipe-plugin-hackernews.plugin: [TRACE] 1657940048907: Set fetchType to fetchTypeList
2022-07-16 02:54:08.673 UTC [TRACE] steampipe-plugin-hackernews.plugin: [TRACE] 1657940048907: Equals key column quals:
2022-07-16 02:54:08.673 UTC [DEBUG] steampipe-plugin-hackernews.plugin: {}
2022-07-16 02:54:08.673 UTC [TRACE] steampipe-plugin-hackernews.plugin: [TRACE] 1657940048907: All key column quals:
2022-07-16 02:54:08.673 UTC [DEBUG] steampipe-plugin-hackernews.plugin: {}
2022-07-16 02:54:08.673 UTC [TRACE] steampipe-plugin-hackernews.plugin: [TRACE] 1657940048907: calling fetchItems: table=hackernews_new matrixItem=[] limit=<nil>
2022-07-16 02:54:08.673 UTC [TRACE] steampipe-plugin-hackernews.plugin: [TRACE] 1657940048907: Cache ENABLED callId: 1657940048907
2022-07-16 02:54:08.673 UTC [TRACE] steampipe-plugin-hackernews.plugin: [TRACE] 1657940048907: QueryCache Get - indexBucketKey index__hackernewshackernews_new, quals
2022-07-16 02:54:08.673 UTC [TRACE] steampipe-plugin-hackernews.plugin: [TRACE] 1657940048907: buildCacheQualMap col time, quals quals:{fieldName:"time"  string_value:">"  value:{timestamp_value:{seconds:1657936448  nanos:639328000}}}
2022-07-16 02:54:08.673 UTC [TRACE] steampipe-plugin-hackernews.plugin: [TRACE] 1657940048907: EXCLUDING COLUMN
2022-07-16 02:54:08.673 UTC [TRACE] steampipe-plugin-hackernews.plugin: [TRACE] 1657940048907: QueryCache getCachedResult - index bucket key: index__hackernewshackernews_new ttlSeconds 300
2022-07-16 02:54:08.673 UTC [TRACE] steampipe-plugin-hackernews.plugin: [TRACE] 1657940048907: getCachedResult - no index bucket
2022-07-16 02:54:08.673 UTC [TRACE] steampipe-plugin-hackernews.plugin: [TRACE] 1657940048907: getPendingResultItem indexBucketKey index__hackernewshackernews_new, columns [time], limit -1
2022-07-16 02:54:08.673 UTC [TRACE] steampipe-plugin-hackernews.plugin: [TRACE] 1657940048907: no pending index item - add pending result
2022-07-16 02:54:08.673 UTC [TRACE] steampipe-plugin-hackernews.plugin: [TRACE] 1657940048907: addPendingResult indexBucketKey index__hackernewshackernews_new, columns [time], limit -1
2022-07-16 02:54:08.673 UTC [TRACE] steampipe-plugin-hackernews.plugin: [TRACE] 1657940048907: no index bucket found - creating one
2022-07-16 02:54:08.673 UTC [TRACE] steampipe-plugin-hackernews.plugin: [TRACE] 1657940048907: pendingIndexItem Lock count before 0
2022-07-16 02:54:08.673 UTC [TRACE] steampipe-plugin-hackernews.plugin: [TRACE] 1657940048907: getPendingResultItem returning <nil>
2022-07-16 02:54:08.673 UTC [INFO]  steampipe-plugin-hackernews.plugin: [INFO]  1657940048907: CACHE MISS
2022-07-16 02:54:08.673 UTC [TRACE] steampipe-plugin-hackernews.plugin: [TRACE] 1657940048907: fetch items callId: 1657940048907
2022-07-16 02:54:08.673 UTC [TRACE] steampipe-plugin-hackernews.plugin: [TRACE] 1657940048907: buildRows callId: 1657940048907
2022-07-16 02:54:08.673 UTC [TRACE] steampipe-plugin-hackernews.plugin: [TRACE] 1657940048907: streamRows callId: 1657940048907
2022-07-16 02:54:08.673 UTC [TRACE] steampipe-plugin-hackernews.plugin: [TRACE] 1657940048907: executeListCall
2022-07-16 02:54:08.673 UTC [TRACE] steampipe-plugin-hackernews.plugin: [TRACE] 1657940048907: GetUnsatisfiedKeyColumns for columns
2022-07-16 02:54:08.673 UTC [TRACE] steampipe-plugin-hackernews.plugin: [TRACE] 1657940048907: doList: no matrix item
2022-07-16 02:54:08.786 UTC [TRACE] steampipe-plugin-hackernews.plugin: [TRACE] 1657940048907: rowData chan select - channel CLOSED
2022-07-16 02:54:08.786 UTC [TRACE] steampipe-plugin-hackernews.plugin: [TRACE] 1657940048907: wait for rows
2022-07-16 02:54:09.323 UTC [TRACE] steampipe-plugin-hackernews.plugin: [TRACE] 1657940048907: rowWg complete - CLOSING ROW CHANNEL
2022-07-16 02:54:09.323 UTC [TRACE] steampipe-plugin-hackernews.plugin: [TRACE] 1657940048907: row chan closed, stop streaming
2022-07-16 02:54:09.323 UTC [INFO]  steampipe-plugin-hackernews.plugin: [INFO]  1657940048907: ------------------------------------
2022-07-16 02:54:09.323 UTC [INFO]  steampipe-plugin-hackernews.plugin: [INFO]  1657940048907: Concurrency Summary
2022-07-16 02:54:09.323 UTC [INFO]  steampipe-plugin-hackernews.plugin: [INFO]  1657940048907: ------------------------------------
2022-07-16 02:54:09.323 UTC [INFO]  steampipe-plugin-hackernews.plugin: [INFO]  1657940048907: getItem                       : 200
2022-07-16 02:54:09.323 UTC [INFO]  steampipe-plugin-hackernews.plugin: [INFO]  1657940048907: ------------------------------------
2022-07-16 02:54:09.323 UTC [INFO]  steampipe-plugin-hackernews.plugin: [INFO]  1657940048907: Total                         : 200
2022-07-16 02:54:09.323 UTC [INFO]  steampipe-plugin-hackernews.plugin: [INFO]  1657940048907: ------------------------------------
2022-07-16 02:54:09.323 UTC [TRACE] steampipe-plugin-hackernews.plugin: [TRACE] 1657940048907: queryCache.Set callId: 1657940048907
2022-07-16 02:54:09.323 UTC [TRACE] steampipe-plugin-hackernews.plugin: [TRACE] 1657940048907: buildCacheQualMap col time, quals quals:{fieldName:"time"  string_value:">"  value:{timestamp_value:{seconds:1657936448  nanos:639328000}}}
2022-07-16 02:54:09.323 UTC [TRACE] steampipe-plugin-hackernews.plugin: [TRACE] 1657940048907: EXCLUDING COLUMN
2022-07-16 02:54:09.323 UTC [TRACE] steampipe-plugin-hackernews.plugin: [TRACE] 1657940048907: QueryCache Set - connectionName: hackernews, table: hackernews_new, columns: [_ctx by dead deleted descendants id kids parent parts poll score text time title type url], limit -1
2022-07-16 02:54:09.323 UTC [TRACE] steampipe-plugin-hackernews.plugin: [TRACE] 1657940048907: cache item cost = 64000 (500 rows, 16 columns)
2022-07-16 02:54:09.334 UTC [TRACE] steampipe-plugin-hackernews.plugin: [TRACE] 1657940048907: ------------------------------------
2022-07-16 02:54:09.334 UTC [TRACE] steampipe-plugin-hackernews.plugin: [TRACE] 1657940048907: Cache Metrics
2022-07-16 02:54:09.334 UTC [TRACE] steampipe-plugin-hackernews.plugin: [TRACE] 1657940048907: ------------------------------------
2022-07-16 02:54:09.334 UTC [TRACE] steampipe-plugin-hackernews.plugin: [TRACE] 1657940048907: MaxCost: 1073741824
2022-07-16 02:54:09.334 UTC [TRACE] steampipe-plugin-hackernews.plugin: [TRACE] 1657940048907: KeysAdded: 2
2022-07-16 02:54:09.334 UTC [TRACE] steampipe-plugin-hackernews.plugin: [TRACE] 1657940048907: CostAdded: 64113
2022-07-16 02:54:09.334 UTC [TRACE] steampipe-plugin-hackernews.plugin: [TRACE] 1657940048907: KeysEvicted: 0
2022-07-16 02:54:09.334 UTC [TRACE] steampipe-plugin-hackernews.plugin: [TRACE] 1657940048907: CostEvicted: 0
2022-07-16 02:54:09.334 UTC [TRACE] steampipe-plugin-hackernews.plugin: [TRACE] 1657940048907: ------------------------------------
2022-07-16 02:54:09.334 UTC [TRACE] steampipe-plugin-hackernews.plugin: [TRACE] 1657940048907: QueryCache Set() DONE
2022-07-16 02:54:09.334 UTC [TRACE] steampipe-plugin-hackernews.plugin: [TRACE] 1657940048907: pendingItemComplete indexBucketKey index__hackernewshackernews_new, columns [_ctx by dead deleted descendants id kids parent parts poll score text time title type url], limit -1
2022-07-16 02:54:09.335 UTC [TRACE] steampipe-plugin-hackernews.plugin: [TRACE] 1657940048907: got pending index bucket, len 1
2022-07-16 02:54:09.335 UTC [TRACE] steampipe-plugin-hackernews.plugin: [TRACE] 1657940048907: SatisfiesLimit limit -1, no item limit - satisfied
2022-07-16 02:54:09.335 UTC [TRACE] steampipe-plugin-hackernews.plugin: [TRACE] 1657940048907: found pending index item to satisfy columns _ctx,by,dead,deleted,descendants,id,kids,parent,parts,poll,score,text,time,title,type,url, limit -1
2022-07-16 02:54:09.335 UTC [TRACE] steampipe-plugin-hackernews.plugin: [TRACE] 1657940048907: got pending item hackernewshackernews_newtime-1 - removing from map as it is complete
2022-07-16 02:54:09.335 UTC [TRACE] steampipe-plugin-hackernews.plugin: [TRACE] 1657940048907: pendingIndexItem Unlock count before 1
2022-07-16 02:54:09.335 UTC [TRACE] steampipe-plugin-hackernews.plugin: [TRACE] 1657940048907: deleted from pending, len 0
2022-07-16 02:54:09.335 UTC [TRACE] steampipe-plugin-hackernews.plugin: [TRACE] 1657940048907: pending bucket now empty - deleting key index__hackernewshackernews_new
2022-07-16 02:54:09.335 UTC [TRACE] steampipe-plugin-hackernews.plugin: [TRACE] 1657940048907: pendingItemComplete done
2022-07-16 02:54:09.335 UTC [TRACE] steampipe-plugin-hackernews.plugin: [TRACE] 1657940048907: Execute complete callId: 1657940048907 table: hackernews_new
2022-07-16 02:54:09.396 UTC [TRACE] PluginManager Shutdown map[csv:0xc0004f02e8 hackernews:0xc0004f0ac8]
2022-07-16 02:54:09.396 UTC [TRACE] killing plugin csv (2028)
2022-07-16 02:54:09.396 UTC [TRACE] stdio: waiting for stdio data
2022-07-16 02:54:09.397 UTC [DEBUG] stdio: received EOF, stopping recv loop: err="rpc error: code = Unavailable desc = error reading from server: EOF"
2022-07-16 02:54:09.397 UTC [INFO]  plugin process exited: path=/home/runner/.steampipe/plugins/hub.steampipe.io/plugins/turbot/csv@latest/steampipe-plugin-csv.plugin pid=2028
2022-07-16 02:54:09.397 UTC [DEBUG] plugin exited
2022-07-16 02:54:09.397 UTC [TRACE] killing plugin hackernews (2044)
2022-07-16 02:54:09.398 UTC [TRACE] stdio: waiting for stdio data
2022-07-16 02:54:09.399 UTC [DEBUG] stdio: received EOF, stopping recv loop: err="rpc error: code = Unavailable desc = error reading from server: EOF"
2022-07-16 02:54:09.400 UTC [INFO]  plugin process exited: path=/home/runner/.steampipe/plugins/hub.steampipe.io/plugins/turbot/hackernews@latest/steampipe-plugin-hackernews.plugin pid=2044
2022-07-16 02:54:09.400 UTC [DEBUG] plugin exited
2022-07-16 02:54:21.924 UTC [ERROR] steampipe-plugin-net.plugin: [ERROR] 1657940061940: listRequestResponses do request error: url=? request method=GET error="Get \"?\": unsupported protocol scheme \"\""
2022-07-16 02:55:26.457 UTC [ERROR] steampipe-plugin-csv.plugin: [ERROR] csv.tableCSV: header_parse_error=EOF path=/home/runner/work/steampipe-samples/steampipe-samples/all/hackernews/new_sc.csv header=[]
2022-07-16 02:55:26.457 UTC [ERROR] steampipe-plugin-csv.plugin: [ERROR] csv.PluginTables: create_table_error="failed to parse file header /home/runner/work/steampipe-samples/steampipe-samples/all/hackernews/new_sc.csv: EOF" path=/home/runner/work/steampipe-samples/steampipe-samples/all/hackernews/new_sc.csv
