2022-10-10 09:21:39.156 UTC [WARN]  PluginManager setPluginCacheSizeMap: 1 connection.
2022-10-10 09:21:39.156 UTC [WARN]  Total cache size 0Mb
2022-10-10 09:21:39.224 UTC [WARN]  plugin configured with a nil SecureConfig
2022-10-10 09:21:40.879 UTC [WARN]  PluginManager setPluginCacheSizeMap: 2 connections.
2022-10-10 09:21:40.879 UTC [WARN]  Total cache size 0Mb
2022-10-10 09:21:40.946 UTC [WARN]  plugin configured with a nil SecureConfig
2022-10-10 09:21:42.586 UTC [WARN]  PluginManager setPluginCacheSizeMap: 3 connections.
2022-10-10 09:21:42.586 UTC [WARN]  Total cache size 0Mb
2022-10-10 09:21:42.658 UTC [WARN]  plugin configured with a nil SecureConfig
2022-10-10 09:21:42.709 UTC [WARN]  plugin configured with a nil SecureConfig
2022-10-10 09:21:44.691 UTC [WARN]  PluginManager setPluginCacheSizeMap: 4 connections.
2022-10-10 09:21:44.691 UTC [WARN]  Total cache size 0Mb
2022-10-10 09:21:44.768 UTC [WARN]  plugin configured with a nil SecureConfig
2022-10-10 09:21:44.820 UTC [WARN]  plugin configured with a nil SecureConfig
2022-10-10 09:21:45.869 UTC [INFO]  starting plugin manager
2022-10-10 09:21:45.870 UTC [TRACE] loaded config map: net,csv,github,hackernews
2022-10-10 09:21:45.870 UTC [TRACE] NewPluginManager
2022-10-10 09:21:45.870 UTC [WARN]  PluginManager setPluginCacheSizeMap: 4 connections.
2022-10-10 09:21:45.870 UTC [WARN]  Total cache size 0Mb
2022-10-10 09:21:45.870 UTC [INFO]  starting connection watcher
2022-10-10 09:21:45.870 UTC [INFO]  created ConnectionWatcher
2022-10-10 09:21:45.871 UTC [TRACE] about to serve
2022-10-10 09:21:45.939 UTC [TRACE] PluginManager Get, connections: '[csv]'
2022-10-10 09:21:45.939 UTC [TRACE] PluginManager getPlugin hub.steampipe.io/plugins/turbot/csv@latest connection 'csv'
2022-10-10 09:21:45.939 UTC [TRACE] PluginManager 0xc0005fa7d0 plugin hub.steampipe.io/plugins/turbot/csv@latest (csv) NOT started or starting - start now
2022-10-10 09:21:45.939 UTC [TRACE] ************ start plugin csv ********************
2022-10-10 09:21:45.939 UTC [WARN]  plugin configured with a nil SecureConfig
2022-10-10 09:21:45.939 UTC [DEBUG] starting plugin: path=/home/runner/.steampipe/plugins/hub.steampipe.io/plugins/turbot/csv@latest/steampipe-plugin-csv.plugin args=["/home/runner/.steampipe/plugins/hub.steampipe.io/plugins/turbot/csv@latest/steampipe-plugin-csv.plugin"]
2022-10-10 09:21:45.939 UTC [DEBUG] plugin started: path=/home/runner/.steampipe/plugins/hub.steampipe.io/plugins/turbot/csv@latest/steampipe-plugin-csv.plugin pid=1986
2022-10-10 09:21:45.939 UTC [DEBUG] waiting for RPC address: path=/home/runner/.steampipe/plugins/hub.steampipe.io/plugins/turbot/csv@latest/steampipe-plugin-csv.plugin
2022-10-10 09:21:45.948 UTC [INFO]  steampipe-plugin-csv.plugin: [INFO]  Initialise plugin 'steampipe-plugin-csv', using sdk version 4.1.7
2022-10-10 09:21:45.948 UTC [TRACE] steampipe-plugin-csv.plugin: [TRACE] no DefaultRetryConfig defined - creating empty
2022-10-10 09:21:45.948 UTC [TRACE] steampipe-plugin-csv.plugin: [TRACE] no DefaultIgnoreConfig defined - creating empty
2022-10-10 09:21:45.948 UTC [TRACE] steampipe-plugin-csv.plugin: [TRACE] Setting Ulimit: ulimit=2560
2022-10-10 09:21:45.949 UTC [TRACE] steampipe-plugin-csv.plugin: [TRACE] telemetry.Init service 'steampipe-plugin-csv', tracingEnabled: false, metricsEnabled: false
2022-10-10 09:21:45.949 UTC [TRACE] steampipe-plugin-csv.plugin: [TRACE] metrics and tracing disabled' - returning
2022-10-10 09:21:45.949 UTC [DEBUG] steampipe-plugin-csv.plugin: plugin address: address=/tmp/plugin389359127 network=unix timestamp=2022-10-10T09:21:45.949Z
2022-10-10 09:21:45.949 UTC [DEBUG] using plugin: version=0
2022-10-10 09:21:45.949 UTC [TRACE] NewPluginClient for plugin hub.steampipe.io/plugins/turbot/csv@latest
2022-10-10 09:21:45.951 UTC [TRACE] stdio: waiting for stdio data
2022-10-10 09:21:45.952 UTC [TRACE] supportedOperations: query_cache:true multiple_connections:true
2022-10-10 09:21:45.954 UTC [TRACE] steampipe-plugin-csv.plugin: [TRACE] SetAllConnectionConfigs setting 1 configs
2022-10-10 09:21:45.954 UTC [TRACE] steampipe-plugin-csv.plugin: [TRACE] connection csv build schema and table map
2022-10-10 09:21:45.954 UTC [TRACE] steampipe-plugin-csv.plugin: [TRACE] initialise table /home/runner/work/steampipe-samples/steampipe-samples/all/hackernews/hn_items_all.csv
2022-10-10 09:21:45.954 UTC [TRACE] steampipe-plugin-csv.plugin: [TRACE] no DefaultRetryConfig defined - creating empty
2022-10-10 09:21:45.954 UTC [TRACE] steampipe-plugin-csv.plugin: [TRACE] no DefaultIgnoreConfig defined - creating empty
2022-10-10 09:21:45.954 UTC [TRACE] steampipe-plugin-csv.plugin: [TRACE] apply plugin defaults for DefaultRetryConfig
2022-10-10 09:21:45.954 UTC [TRACE] steampipe-plugin-csv.plugin: [TRACE] apply plugin defaults for DefaultIgnoreConfig, table &{<nil> <nil>} plugin &{<nil> <nil>}
2022-10-10 09:21:45.954 UTC [TRACE] steampipe-plugin-csv.plugin: [TRACE] DefaultRetryConfig:
2022-10-10 09:21:45.954 UTC [TRACE] steampipe-plugin-csv.plugin: [TRACE] DefaultIgnoreConfig:
2022-10-10 09:21:45.954 UTC [TRACE] steampipe-plugin-csv.plugin: [TRACE] t.List.initialise
2022-10-10 09:21:45.954 UTC [TRACE] steampipe-plugin-csv.plugin: [TRACE] ListConfig.initialise table /home/runner/work/steampipe-samples/steampipe-samples/all/hackernews/hn_items_all.csv
2022-10-10 09:21:45.954 UTC [TRACE] steampipe-plugin-csv.plugin: [TRACE] ListConfig.initialise complete: RetryConfig: , IgnoreConfig
2022-10-10 09:21:45.954 UTC [TRACE] steampipe-plugin-csv.plugin: [TRACE] back from initialiseHydrateConfigs
2022-10-10 09:21:45.954 UTC [TRACE] steampipe-plugin-csv.plugin: [TRACE] initialise table /home/runner/work/steampipe-samples/steampipe-samples/all/hackernews/hn_items_all.csv COMPLETE
2022-10-10 09:21:45.954 UTC [TRACE] steampipe-plugin-csv.plugin: [TRACE] initialise table /home/runner/work/steampipe-samples/steampipe-samples/all/hackernews/new_sc.csv
2022-10-10 09:21:45.954 UTC [TRACE] steampipe-plugin-csv.plugin: [TRACE] no DefaultRetryConfig defined - creating empty
2022-10-10 09:21:45.954 UTC [TRACE] steampipe-plugin-csv.plugin: [TRACE] no DefaultIgnoreConfig defined - creating empty
2022-10-10 09:21:45.954 UTC [TRACE] steampipe-plugin-csv.plugin: [TRACE] apply plugin defaults for DefaultRetryConfig
2022-10-10 09:21:45.954 UTC [TRACE] steampipe-plugin-csv.plugin: [TRACE] apply plugin defaults for DefaultIgnoreConfig, table &{<nil> <nil>} plugin &{<nil> <nil>}
2022-10-10 09:21:45.954 UTC [TRACE] steampipe-plugin-csv.plugin: [TRACE] DefaultRetryConfig:
2022-10-10 09:21:45.954 UTC [TRACE] steampipe-plugin-csv.plugin: [TRACE] DefaultIgnoreConfig:
2022-10-10 09:21:45.954 UTC [TRACE] steampipe-plugin-csv.plugin: [TRACE] t.List.initialise
2022-10-10 09:21:45.954 UTC [TRACE] steampipe-plugin-csv.plugin: [TRACE] ListConfig.initialise table /home/runner/work/steampipe-samples/steampipe-samples/all/hackernews/new_sc.csv
2022-10-10 09:21:45.954 UTC [TRACE] steampipe-plugin-csv.plugin: [TRACE] ListConfig.initialise complete: RetryConfig: , IgnoreConfig
2022-10-10 09:21:45.954 UTC [TRACE] steampipe-plugin-csv.plugin: [TRACE] back from initialiseHydrateConfigs
2022-10-10 09:21:45.954 UTC [TRACE] steampipe-plugin-csv.plugin: [TRACE] initialise table /home/runner/work/steampipe-samples/steampipe-samples/all/hackernews/new_sc.csv COMPLETE
2022-10-10 09:21:45.954 UTC [TRACE] steampipe-plugin-csv.plugin: [TRACE] initialise table /home/runner/work/steampipe-samples/steampipe-samples/all/hackernews/people.csv
2022-10-10 09:21:45.954 UTC [TRACE] steampipe-plugin-csv.plugin: [TRACE] no DefaultRetryConfig defined - creating empty
2022-10-10 09:21:45.954 UTC [TRACE] steampipe-plugin-csv.plugin: [TRACE] no DefaultIgnoreConfig defined - creating empty
2022-10-10 09:21:45.954 UTC [TRACE] steampipe-plugin-csv.plugin: [TRACE] apply plugin defaults for DefaultRetryConfig
2022-10-10 09:21:45.954 UTC [TRACE] steampipe-plugin-csv.plugin: [TRACE] apply plugin defaults for DefaultIgnoreConfig, table &{<nil> <nil>} plugin &{<nil> <nil>}
2022-10-10 09:21:45.954 UTC [TRACE] steampipe-plugin-csv.plugin: [TRACE] DefaultRetryConfig:
2022-10-10 09:21:45.954 UTC [TRACE] steampipe-plugin-csv.plugin: [TRACE] DefaultIgnoreConfig:
2022-10-10 09:21:45.954 UTC [TRACE] steampipe-plugin-csv.plugin: [TRACE] t.List.initialise
2022-10-10 09:21:45.954 UTC [TRACE] steampipe-plugin-csv.plugin: [TRACE] ListConfig.initialise table /home/runner/work/steampipe-samples/steampipe-samples/all/hackernews/people.csv
2022-10-10 09:21:45.954 UTC [TRACE] steampipe-plugin-csv.plugin: [TRACE] ListConfig.initialise complete: RetryConfig: , IgnoreConfig
2022-10-10 09:21:45.954 UTC [TRACE] steampipe-plugin-csv.plugin: [TRACE] back from initialiseHydrateConfigs
2022-10-10 09:21:45.954 UTC [TRACE] steampipe-plugin-csv.plugin: [TRACE] initialise table /home/runner/work/steampipe-samples/steampipe-samples/all/hackernews/people.csv COMPLETE
2022-10-10 09:21:45.954 UTC [TRACE] steampipe-plugin-csv.plugin: [TRACE] validate plugin steampipe-plugin-csv, required columns []
2022-10-10 09:21:45.954 UTC [TRACE] steampipe-plugin-csv.plugin: [TRACE] validate DefaultRetryConfig
2022-10-10 09:21:45.954 UTC [TRACE] steampipe-plugin-csv.plugin: [TRACE] validate DefaultIgnoreConfig
2022-10-10 09:21:45.954 UTC [TRACE] steampipe-plugin-csv.plugin: [TRACE] validate table names
2022-10-10 09:21:45.955 UTC [TRACE] steampipe-plugin-csv.plugin: [TRACE] plugin has 0 validation errors
2022-10-10 09:21:45.955 UTC [TRACE] steampipe-plugin-csv.plugin: [TRACE] Plugin ensureCache creating cache, maxCacheStorageMb 0
2022-10-10 09:21:45.955 UTC [TRACE] steampipe-plugin-csv.plugin: [TRACE] createCacheStore for plugin 'steampipe-plugin-csv' setting max size to 0Mb, Shards: 2, max shard size: 0
2022-10-10 09:21:45.968 UTC [INFO]  steampipe-plugin-csv.plugin: [INFO]  query cache created
2022-10-10 09:21:45.968 UTC [DEBUG] steampipe-plugin-csv.plugin: [DEBUG] SetAllConnectionConfigs finished
2022-10-10 09:21:45.968 UTC [TRACE] PluginManager getPlugin complete, returning reattach config with PID: 1986
2022-10-10 09:21:45.968 UTC [TRACE] PluginManager Get returning reattach_map:{key:"csv" value:{protocol:"grpc" addr:{Network:"unix" Address:"/tmp/plugin389359127"} pid:1986 supported_operations:{query_cache:true multiple_connections:true} connections:"csv" plugin:"hub.steampipe.io/plugins/turbot/csv@latest"}}
2022-10-10 09:21:45.972 UTC [TRACE] handleFileWatcherEvent ignoring first event
2022-10-10 09:21:46.061 UTC [TRACE] PluginManager Get, connections: '[csv]'
2022-10-10 09:21:46.061 UTC [TRACE] PluginManager getPlugin hub.steampipe.io/plugins/turbot/csv@latest connection 'csv'
2022-10-10 09:21:46.061 UTC [TRACE] connection csv found in connectionPluginMap
2022-10-10 09:21:46.061 UTC [TRACE] initialized: 1986
2022-10-10 09:21:46.061 UTC [TRACE] initialized: 1986
2022-10-10 09:21:46.061 UTC [TRACE] connection csv is loaded, check for running PID
2022-10-10 09:21:46.062 UTC [TRACE] PluginManager found 'csv' in map, pid 1986
2022-10-10 09:21:46.062 UTC [TRACE] PluginManager Get returning reattach_map:{key:"csv" value:{protocol:"grpc" addr:{Network:"unix" Address:"/tmp/plugin389359127"} pid:1986 supported_operations:{query_cache:true multiple_connections:true} connections:"csv" plugin:"hub.steampipe.io/plugins/turbot/csv@latest"}}
2022-10-10 09:21:46.244 UTC [TRACE] PluginManager Get, connections: '[hackernews]'
2022-10-10 09:21:46.244 UTC [TRACE] PluginManager getPlugin hub.steampipe.io/plugins/turbot/hackernews@latest connection 'hackernews'
2022-10-10 09:21:46.244 UTC [TRACE] PluginManager 0xc0005fa7d0 plugin hub.steampipe.io/plugins/turbot/hackernews@latest (hackernews) NOT started or starting - start now
2022-10-10 09:21:46.244 UTC [TRACE] ************ start plugin hackernews ********************
2022-10-10 09:21:46.244 UTC [WARN]  plugin configured with a nil SecureConfig
2022-10-10 09:21:46.244 UTC [DEBUG] starting plugin: path=/home/runner/.steampipe/plugins/hub.steampipe.io/plugins/turbot/hackernews@latest/steampipe-plugin-hackernews.plugin args=["/home/runner/.steampipe/plugins/hub.steampipe.io/plugins/turbot/hackernews@latest/steampipe-plugin-hackernews.plugin"]
2022-10-10 09:21:46.245 UTC [DEBUG] plugin started: path=/home/runner/.steampipe/plugins/hub.steampipe.io/plugins/turbot/hackernews@latest/steampipe-plugin-hackernews.plugin pid=2009
2022-10-10 09:21:46.245 UTC [DEBUG] waiting for RPC address: path=/home/runner/.steampipe/plugins/hub.steampipe.io/plugins/turbot/hackernews@latest/steampipe-plugin-hackernews.plugin
2022-10-10 09:21:46.264 UTC [INFO]  steampipe-plugin-hackernews.plugin: [INFO]  Initialise plugin 'steampipe-plugin-hackernews', using sdk version 4.1.7
2022-10-10 09:21:46.264 UTC [TRACE] steampipe-plugin-hackernews.plugin: [TRACE] defaulting SchemaMode to SchemaModeStatic
2022-10-10 09:21:46.264 UTC [TRACE] steampipe-plugin-hackernews.plugin: [TRACE] no DefaultRetryConfig defined - creating empty
2022-10-10 09:21:46.264 UTC [TRACE] steampipe-plugin-hackernews.plugin: [TRACE] no DefaultIgnoreConfig defined - creating empty
2022-10-10 09:21:46.264 UTC [TRACE] steampipe-plugin-hackernews.plugin: [TRACE] Setting Ulimit: ulimit=2560
2022-10-10 09:21:46.270 UTC [TRACE] steampipe-plugin-hackernews.plugin: [TRACE] telemetry.Init service 'steampipe-plugin-hackernews', tracingEnabled: false, metricsEnabled: false
2022-10-10 09:21:46.270 UTC [TRACE] steampipe-plugin-hackernews.plugin: [TRACE] metrics and tracing disabled' - returning
2022-10-10 09:21:46.270 UTC [DEBUG] steampipe-plugin-hackernews.plugin: plugin address: address=/tmp/plugin2059606937 network=unix timestamp=2022-10-10T09:21:46.270Z
2022-10-10 09:21:46.270 UTC [DEBUG] using plugin: version=0
2022-10-10 09:21:46.270 UTC [TRACE] NewPluginClient for plugin hub.steampipe.io/plugins/turbot/hackernews@latest
2022-10-10 09:21:46.271 UTC [TRACE] stdio: waiting for stdio data
2022-10-10 09:21:46.272 UTC [TRACE] supportedOperations: query_cache:true multiple_connections:true
2022-10-10 09:21:46.272 UTC [TRACE] steampipe-plugin-hackernews.plugin: [TRACE] SetAllConnectionConfigs setting 1 configs
2022-10-10 09:21:46.272 UTC [TRACE] steampipe-plugin-hackernews.plugin: [TRACE] connection hackernews build schema and table map
2022-10-10 09:21:46.272 UTC [TRACE] steampipe-plugin-hackernews.plugin: [TRACE] initialise table hackernews_job
2022-10-10 09:21:46.272 UTC [TRACE] steampipe-plugin-hackernews.plugin: [TRACE] no DefaultRetryConfig defined - creating empty
2022-10-10 09:21:46.272 UTC [TRACE] steampipe-plugin-hackernews.plugin: [TRACE] no DefaultIgnoreConfig defined - creating empty
2022-10-10 09:21:46.272 UTC [TRACE] steampipe-plugin-hackernews.plugin: [TRACE] apply plugin defaults for DefaultRetryConfig
2022-10-10 09:21:46.272 UTC [TRACE] steampipe-plugin-hackernews.plugin: [TRACE] apply plugin defaults for DefaultIgnoreConfig, table &{<nil> <nil>} plugin &{<nil> <nil>}
2022-10-10 09:21:46.273 UTC [TRACE] steampipe-plugin-hackernews.plugin: [TRACE] DefaultRetryConfig:
2022-10-10 09:21:46.273 UTC [TRACE] steampipe-plugin-hackernews.plugin: [TRACE] DefaultIgnoreConfig:
2022-10-10 09:21:46.273 UTC [TRACE] steampipe-plugin-hackernews.plugin: [TRACE] t.Get.initialise
2022-10-10 09:21:46.273 UTC [TRACE] steampipe-plugin-hackernews.plugin: [TRACE] GetConfig.initialise table hackernews_job
2022-10-10 09:21:46.273 UTC [TRACE] steampipe-plugin-hackernews.plugin: [TRACE] GetConfig.initialise complete: RetryConfig: , IgnoreConfig:
2022-10-10 09:21:46.273 UTC [TRACE] steampipe-plugin-hackernews.plugin: [TRACE] t.List.initialise
2022-10-10 09:21:46.273 UTC [TRACE] steampipe-plugin-hackernews.plugin: [TRACE] ListConfig.initialise table hackernews_job
2022-10-10 09:21:46.273 UTC [TRACE] steampipe-plugin-hackernews.plugin: [TRACE] ListConfig.initialise complete: RetryConfig: , IgnoreConfig
2022-10-10 09:21:46.273 UTC [TRACE] steampipe-plugin-hackernews.plugin: [TRACE] HydrateConfig.initialise func getItem, table hackernews_job
2022-10-10 09:21:46.273 UTC [TRACE] steampipe-plugin-hackernews.plugin: [TRACE] HydrateConfig.initialise complete: RetryConfig: , IgnoreConfig:
2022-10-10 09:21:46.273 UTC [TRACE] steampipe-plugin-hackernews.plugin: [TRACE] back from initialiseHydrateConfigs
2022-10-10 09:21:46.273 UTC [TRACE] steampipe-plugin-hackernews.plugin: [TRACE] initialise table hackernews_job COMPLETE
2022-10-10 09:21:46.273 UTC [TRACE] steampipe-plugin-hackernews.plugin: [TRACE] initialise table hackernews_new
2022-10-10 09:21:46.273 UTC [TRACE] steampipe-plugin-hackernews.plugin: [TRACE] no DefaultRetryConfig defined - creating empty
2022-10-10 09:21:46.273 UTC [TRACE] steampipe-plugin-hackernews.plugin: [TRACE] no DefaultIgnoreConfig defined - creating empty
2022-10-10 09:21:46.273 UTC [TRACE] steampipe-plugin-hackernews.plugin: [TRACE] apply plugin defaults for DefaultRetryConfig
2022-10-10 09:21:46.273 UTC [TRACE] steampipe-plugin-hackernews.plugin: [TRACE] apply plugin defaults for DefaultIgnoreConfig, table &{<nil> <nil>} plugin &{<nil> <nil>}
2022-10-10 09:21:46.273 UTC [TRACE] steampipe-plugin-hackernews.plugin: [TRACE] DefaultRetryConfig:
2022-10-10 09:21:46.273 UTC [TRACE] steampipe-plugin-hackernews.plugin: [TRACE] DefaultIgnoreConfig:
2022-10-10 09:21:46.273 UTC [TRACE] steampipe-plugin-hackernews.plugin: [TRACE] t.Get.initialise
2022-10-10 09:21:46.273 UTC [TRACE] steampipe-plugin-hackernews.plugin: [TRACE] GetConfig.initialise table hackernews_new
2022-10-10 09:21:46.273 UTC [TRACE] steampipe-plugin-hackernews.plugin: [TRACE] GetConfig.initialise complete: RetryConfig: , IgnoreConfig:
2022-10-10 09:21:46.273 UTC [TRACE] steampipe-plugin-hackernews.plugin: [TRACE] t.List.initialise
2022-10-10 09:21:46.273 UTC [TRACE] steampipe-plugin-hackernews.plugin: [TRACE] ListConfig.initialise table hackernews_new
2022-10-10 09:21:46.273 UTC [TRACE] steampipe-plugin-hackernews.plugin: [TRACE] ListConfig.initialise complete: RetryConfig: , IgnoreConfig
2022-10-10 09:21:46.273 UTC [TRACE] steampipe-plugin-hackernews.plugin: [TRACE] HydrateConfig.initialise func getItem, table hackernews_new
2022-10-10 09:21:46.273 UTC [TRACE] steampipe-plugin-hackernews.plugin: [TRACE] HydrateConfig.initialise complete: RetryConfig: , IgnoreConfig:
2022-10-10 09:21:46.273 UTC [TRACE] steampipe-plugin-hackernews.plugin: [TRACE] back from initialiseHydrateConfigs
2022-10-10 09:21:46.273 UTC [TRACE] steampipe-plugin-hackernews.plugin: [TRACE] initialise table hackernews_new COMPLETE
2022-10-10 09:21:46.273 UTC [TRACE] steampipe-plugin-hackernews.plugin: [TRACE] initialise table hackernews_show_hn
2022-10-10 09:21:46.273 UTC [TRACE] steampipe-plugin-hackernews.plugin: [TRACE] no DefaultRetryConfig defined - creating empty
2022-10-10 09:21:46.273 UTC [TRACE] steampipe-plugin-hackernews.plugin: [TRACE] no DefaultIgnoreConfig defined - creating empty
2022-10-10 09:21:46.273 UTC [TRACE] steampipe-plugin-hackernews.plugin: [TRACE] apply plugin defaults for DefaultRetryConfig
2022-10-10 09:21:46.273 UTC [TRACE] steampipe-plugin-hackernews.plugin: [TRACE] apply plugin defaults for DefaultIgnoreConfig, table &{<nil> <nil>} plugin &{<nil> <nil>}
2022-10-10 09:21:46.273 UTC [TRACE] steampipe-plugin-hackernews.plugin: [TRACE] DefaultRetryConfig:
2022-10-10 09:21:46.273 UTC [TRACE] steampipe-plugin-hackernews.plugin: [TRACE] DefaultIgnoreConfig:
2022-10-10 09:21:46.273 UTC [TRACE] steampipe-plugin-hackernews.plugin: [TRACE] t.Get.initialise
2022-10-10 09:21:46.273 UTC [TRACE] steampipe-plugin-hackernews.plugin: [TRACE] GetConfig.initialise table hackernews_show_hn
2022-10-10 09:21:46.273 UTC [TRACE] steampipe-plugin-hackernews.plugin: [TRACE] GetConfig.initialise complete: RetryConfig: , IgnoreConfig:
2022-10-10 09:21:46.273 UTC [TRACE] steampipe-plugin-hackernews.plugin: [TRACE] t.List.initialise
2022-10-10 09:21:46.273 UTC [TRACE] steampipe-plugin-hackernews.plugin: [TRACE] ListConfig.initialise table hackernews_show_hn
2022-10-10 09:21:46.273 UTC [TRACE] steampipe-plugin-hackernews.plugin: [TRACE] ListConfig.initialise complete: RetryConfig: , IgnoreConfig
2022-10-10 09:21:46.273 UTC [TRACE] steampipe-plugin-hackernews.plugin: [TRACE] HydrateConfig.initialise func getItem, table hackernews_show_hn
2022-10-10 09:21:46.273 UTC [TRACE] steampipe-plugin-hackernews.plugin: [TRACE] HydrateConfig.initialise complete: RetryConfig: , IgnoreConfig:
2022-10-10 09:21:46.273 UTC [TRACE] steampipe-plugin-hackernews.plugin: [TRACE] back from initialiseHydrateConfigs
2022-10-10 09:21:46.273 UTC [TRACE] steampipe-plugin-hackernews.plugin: [TRACE] initialise table hackernews_show_hn COMPLETE
2022-10-10 09:21:46.273 UTC [TRACE] steampipe-plugin-hackernews.plugin: [TRACE] initialise table hackernews_top
2022-10-10 09:21:46.273 UTC [TRACE] steampipe-plugin-hackernews.plugin: [TRACE] no DefaultRetryConfig defined - creating empty
2022-10-10 09:21:46.273 UTC [TRACE] steampipe-plugin-hackernews.plugin: [TRACE] no DefaultIgnoreConfig defined - creating empty
2022-10-10 09:21:46.273 UTC [TRACE] steampipe-plugin-hackernews.plugin: [TRACE] apply plugin defaults for DefaultRetryConfig
2022-10-10 09:21:46.273 UTC [TRACE] steampipe-plugin-hackernews.plugin: [TRACE] apply plugin defaults for DefaultIgnoreConfig, table &{<nil> <nil>} plugin &{<nil> <nil>}
2022-10-10 09:21:46.273 UTC [TRACE] steampipe-plugin-hackernews.plugin: [TRACE] DefaultRetryConfig:
2022-10-10 09:21:46.273 UTC [TRACE] steampipe-plugin-hackernews.plugin: [TRACE] DefaultIgnoreConfig:
2022-10-10 09:21:46.273 UTC [TRACE] steampipe-plugin-hackernews.plugin: [TRACE] t.Get.initialise
2022-10-10 09:21:46.273 UTC [TRACE] steampipe-plugin-hackernews.plugin: [TRACE] GetConfig.initialise table hackernews_top
2022-10-10 09:21:46.273 UTC [TRACE] steampipe-plugin-hackernews.plugin: [TRACE] GetConfig.initialise complete: RetryConfig: , IgnoreConfig:
2022-10-10 09:21:46.273 UTC [TRACE] steampipe-plugin-hackernews.plugin: [TRACE] t.List.initialise
2022-10-10 09:21:46.273 UTC [TRACE] steampipe-plugin-hackernews.plugin: [TRACE] ListConfig.initialise table hackernews_top
2022-10-10 09:21:46.273 UTC [TRACE] steampipe-plugin-hackernews.plugin: [TRACE] ListConfig.initialise complete: RetryConfig: , IgnoreConfig
2022-10-10 09:21:46.273 UTC [TRACE] steampipe-plugin-hackernews.plugin: [TRACE] HydrateConfig.initialise func getItem, table hackernews_top
2022-10-10 09:21:46.273 UTC [TRACE] steampipe-plugin-hackernews.plugin: [TRACE] HydrateConfig.initialise complete: RetryConfig: , IgnoreConfig:
2022-10-10 09:21:46.273 UTC [TRACE] steampipe-plugin-hackernews.plugin: [TRACE] back from initialiseHydrateConfigs
2022-10-10 09:21:46.273 UTC [TRACE] steampipe-plugin-hackernews.plugin: [TRACE] initialise table hackernews_top COMPLETE
2022-10-10 09:21:46.273 UTC [TRACE] steampipe-plugin-hackernews.plugin: [TRACE] initialise table hackernews_user
2022-10-10 09:21:46.273 UTC [TRACE] steampipe-plugin-hackernews.plugin: [TRACE] no DefaultRetryConfig defined - creating empty
2022-10-10 09:21:46.273 UTC [TRACE] steampipe-plugin-hackernews.plugin: [TRACE] no DefaultIgnoreConfig defined - creating empty
2022-10-10 09:21:46.273 UTC [TRACE] steampipe-plugin-hackernews.plugin: [TRACE] apply plugin defaults for DefaultRetryConfig
2022-10-10 09:21:46.273 UTC [TRACE] steampipe-plugin-hackernews.plugin: [TRACE] apply plugin defaults for DefaultIgnoreConfig, table &{<nil> <nil>} plugin &{<nil> <nil>}
2022-10-10 09:21:46.273 UTC [TRACE] steampipe-plugin-hackernews.plugin: [TRACE] DefaultRetryConfig:
2022-10-10 09:21:46.273 UTC [TRACE] steampipe-plugin-hackernews.plugin: [TRACE] DefaultIgnoreConfig:
2022-10-10 09:21:46.273 UTC [TRACE] steampipe-plugin-hackernews.plugin: [TRACE] t.List.initialise
2022-10-10 09:21:46.273 UTC [TRACE] steampipe-plugin-hackernews.plugin: [TRACE] ListConfig.initialise table hackernews_user
2022-10-10 09:21:46.273 UTC [TRACE] steampipe-plugin-hackernews.plugin: [TRACE] ListConfig.initialise complete: RetryConfig: , IgnoreConfig
2022-10-10 09:21:46.273 UTC [TRACE] steampipe-plugin-hackernews.plugin: [TRACE] back from initialiseHydrateConfigs
2022-10-10 09:21:46.273 UTC [TRACE] steampipe-plugin-hackernews.plugin: [TRACE] initialise table hackernews_user COMPLETE
2022-10-10 09:21:46.273 UTC [TRACE] steampipe-plugin-hackernews.plugin: [TRACE] initialise table hackernews_ask_hn
2022-10-10 09:21:46.273 UTC [TRACE] steampipe-plugin-hackernews.plugin: [TRACE] no DefaultRetryConfig defined - creating empty
2022-10-10 09:21:46.273 UTC [TRACE] steampipe-plugin-hackernews.plugin: [TRACE] no DefaultIgnoreConfig defined - creating empty
2022-10-10 09:21:46.273 UTC [TRACE] steampipe-plugin-hackernews.plugin: [TRACE] apply plugin defaults for DefaultRetryConfig
2022-10-10 09:21:46.273 UTC [TRACE] steampipe-plugin-hackernews.plugin: [TRACE] apply plugin defaults for DefaultIgnoreConfig, table &{<nil> <nil>} plugin &{<nil> <nil>}
2022-10-10 09:21:46.273 UTC [TRACE] steampipe-plugin-hackernews.plugin: [TRACE] DefaultRetryConfig:
2022-10-10 09:21:46.273 UTC [TRACE] steampipe-plugin-hackernews.plugin: [TRACE] DefaultIgnoreConfig:
2022-10-10 09:21:46.273 UTC [TRACE] steampipe-plugin-hackernews.plugin: [TRACE] t.Get.initialise
2022-10-10 09:21:46.273 UTC [TRACE] steampipe-plugin-hackernews.plugin: [TRACE] GetConfig.initialise table hackernews_ask_hn
2022-10-10 09:21:46.273 UTC [TRACE] steampipe-plugin-hackernews.plugin: [TRACE] GetConfig.initialise complete: RetryConfig: , IgnoreConfig:
2022-10-10 09:21:46.273 UTC [TRACE] steampipe-plugin-hackernews.plugin: [TRACE] t.List.initialise
2022-10-10 09:21:46.273 UTC [TRACE] steampipe-plugin-hackernews.plugin: [TRACE] ListConfig.initialise table hackernews_ask_hn
2022-10-10 09:21:46.273 UTC [TRACE] steampipe-plugin-hackernews.plugin: [TRACE] ListConfig.initialise complete: RetryConfig: , IgnoreConfig
2022-10-10 09:21:46.273 UTC [TRACE] steampipe-plugin-hackernews.plugin: [TRACE] HydrateConfig.initialise func getItem, table hackernews_ask_hn
2022-10-10 09:21:46.273 UTC [TRACE] steampipe-plugin-hackernews.plugin: [TRACE] HydrateConfig.initialise complete: RetryConfig: , IgnoreConfig:
2022-10-10 09:21:46.273 UTC [TRACE] steampipe-plugin-hackernews.plugin: [TRACE] back from initialiseHydrateConfigs
2022-10-10 09:21:46.274 UTC [TRACE] steampipe-plugin-hackernews.plugin: [TRACE] initialise table hackernews_ask_hn COMPLETE
2022-10-10 09:21:46.274 UTC [TRACE] steampipe-plugin-hackernews.plugin: [TRACE] initialise table hackernews_best
2022-10-10 09:21:46.274 UTC [TRACE] steampipe-plugin-hackernews.plugin: [TRACE] no DefaultRetryConfig defined - creating empty
2022-10-10 09:21:46.274 UTC [TRACE] steampipe-plugin-hackernews.plugin: [TRACE] no DefaultIgnoreConfig defined - creating empty
2022-10-10 09:21:46.274 UTC [TRACE] steampipe-plugin-hackernews.plugin: [TRACE] apply plugin defaults for DefaultRetryConfig
2022-10-10 09:21:46.274 UTC [TRACE] steampipe-plugin-hackernews.plugin: [TRACE] apply plugin defaults for DefaultIgnoreConfig, table &{<nil> <nil>} plugin &{<nil> <nil>}
2022-10-10 09:21:46.274 UTC [TRACE] steampipe-plugin-hackernews.plugin: [TRACE] DefaultRetryConfig:
2022-10-10 09:21:46.274 UTC [TRACE] steampipe-plugin-hackernews.plugin: [TRACE] DefaultIgnoreConfig:
2022-10-10 09:21:46.274 UTC [TRACE] steampipe-plugin-hackernews.plugin: [TRACE] t.Get.initialise
2022-10-10 09:21:46.274 UTC [TRACE] steampipe-plugin-hackernews.plugin: [TRACE] GetConfig.initialise table hackernews_best
2022-10-10 09:21:46.274 UTC [TRACE] steampipe-plugin-hackernews.plugin: [TRACE] GetConfig.initialise complete: RetryConfig: , IgnoreConfig:
2022-10-10 09:21:46.274 UTC [TRACE] steampipe-plugin-hackernews.plugin: [TRACE] t.List.initialise
2022-10-10 09:21:46.274 UTC [TRACE] steampipe-plugin-hackernews.plugin: [TRACE] ListConfig.initialise table hackernews_best
2022-10-10 09:21:46.274 UTC [TRACE] steampipe-plugin-hackernews.plugin: [TRACE] ListConfig.initialise complete: RetryConfig: , IgnoreConfig
2022-10-10 09:21:46.274 UTC [TRACE] steampipe-plugin-hackernews.plugin: [TRACE] HydrateConfig.initialise func getItem, table hackernews_best
2022-10-10 09:21:46.274 UTC [TRACE] steampipe-plugin-hackernews.plugin: [TRACE] HydrateConfig.initialise complete: RetryConfig: , IgnoreConfig:
2022-10-10 09:21:46.274 UTC [TRACE] steampipe-plugin-hackernews.plugin: [TRACE] back from initialiseHydrateConfigs
2022-10-10 09:21:46.274 UTC [TRACE] steampipe-plugin-hackernews.plugin: [TRACE] initialise table hackernews_best COMPLETE
2022-10-10 09:21:46.274 UTC [TRACE] steampipe-plugin-hackernews.plugin: [TRACE] initialise table hackernews_item
2022-10-10 09:21:46.274 UTC [TRACE] steampipe-plugin-hackernews.plugin: [TRACE] no DefaultRetryConfig defined - creating empty
2022-10-10 09:21:46.274 UTC [TRACE] steampipe-plugin-hackernews.plugin: [TRACE] no DefaultIgnoreConfig defined - creating empty
2022-10-10 09:21:46.274 UTC [TRACE] steampipe-plugin-hackernews.plugin: [TRACE] apply plugin defaults for DefaultRetryConfig
2022-10-10 09:21:46.274 UTC [TRACE] steampipe-plugin-hackernews.plugin: [TRACE] apply plugin defaults for DefaultIgnoreConfig, table &{<nil> <nil>} plugin &{<nil> <nil>}
2022-10-10 09:21:46.274 UTC [TRACE] steampipe-plugin-hackernews.plugin: [TRACE] DefaultRetryConfig:
2022-10-10 09:21:46.274 UTC [TRACE] steampipe-plugin-hackernews.plugin: [TRACE] DefaultIgnoreConfig:
2022-10-10 09:21:46.274 UTC [TRACE] steampipe-plugin-hackernews.plugin: [TRACE] t.Get.initialise
2022-10-10 09:21:46.274 UTC [TRACE] steampipe-plugin-hackernews.plugin: [TRACE] GetConfig.initialise table hackernews_item
2022-10-10 09:21:46.274 UTC [TRACE] steampipe-plugin-hackernews.plugin: [TRACE] GetConfig.initialise complete: RetryConfig: , IgnoreConfig:
2022-10-10 09:21:46.274 UTC [TRACE] steampipe-plugin-hackernews.plugin: [TRACE] t.List.initialise
2022-10-10 09:21:46.274 UTC [TRACE] steampipe-plugin-hackernews.plugin: [TRACE] ListConfig.initialise table hackernews_item
2022-10-10 09:21:46.274 UTC [TRACE] steampipe-plugin-hackernews.plugin: [TRACE] ListConfig.initialise complete: RetryConfig: , IgnoreConfig
2022-10-10 09:21:46.274 UTC [TRACE] steampipe-plugin-hackernews.plugin: [TRACE] HydrateConfig.initialise func getItem, table hackernews_item
2022-10-10 09:21:46.274 UTC [TRACE] steampipe-plugin-hackernews.plugin: [TRACE] HydrateConfig.initialise complete: RetryConfig: , IgnoreConfig:
2022-10-10 09:21:46.274 UTC [TRACE] steampipe-plugin-hackernews.plugin: [TRACE] back from initialiseHydrateConfigs
2022-10-10 09:21:46.274 UTC [TRACE] steampipe-plugin-hackernews.plugin: [TRACE] initialise table hackernews_item COMPLETE
2022-10-10 09:21:46.274 UTC [TRACE] steampipe-plugin-hackernews.plugin: [TRACE] validate plugin steampipe-plugin-hackernews, required columns []
2022-10-10 09:21:46.274 UTC [TRACE] steampipe-plugin-hackernews.plugin: [TRACE] validate DefaultRetryConfig
2022-10-10 09:21:46.274 UTC [TRACE] steampipe-plugin-hackernews.plugin: [TRACE] validate DefaultIgnoreConfig
2022-10-10 09:21:46.274 UTC [TRACE] steampipe-plugin-hackernews.plugin: [TRACE] validate table names
2022-10-10 09:21:46.274 UTC [TRACE] steampipe-plugin-hackernews.plugin: [TRACE] plugin has 0 validation errors
2022-10-10 09:21:46.274 UTC [TRACE] steampipe-plugin-hackernews.plugin: [TRACE] Plugin ensureCache creating cache, maxCacheStorageMb 0
2022-10-10 09:21:46.274 UTC [TRACE] steampipe-plugin-hackernews.plugin: [TRACE] createCacheStore for plugin 'steampipe-plugin-hackernews' setting max size to 0Mb, Shards: 2, max shard size: 0
2022-10-10 09:21:46.289 UTC [INFO]  steampipe-plugin-hackernews.plugin: [INFO]  query cache created
2022-10-10 09:21:46.289 UTC [DEBUG] steampipe-plugin-hackernews.plugin: [DEBUG] SetAllConnectionConfigs finished
2022-10-10 09:21:46.289 UTC [TRACE] PluginManager getPlugin complete, returning reattach config with PID: 2009
2022-10-10 09:21:46.290 UTC [TRACE] PluginManager Get returning reattach_map:{key:"hackernews" value:{protocol:"grpc" addr:{Network:"unix" Address:"/tmp/plugin2059606937"} pid:2009 supported_operations:{query_cache:true multiple_connections:true} connections:"hackernews" plugin:"hub.steampipe.io/plugins/turbot/hackernews@latest"}}
2022-10-10 09:21:46.296 UTC [INFO]  steampipe-plugin-hackernews.plugin: [INFO]  1665393706572: Plugin Execute (1665393706572)
2022-10-10 09:21:46.296 UTC [TRACE] steampipe-plugin-hackernews.plugin: [TRACE] 1665393706572: No memory limit set
2022-10-10 09:21:46.296 UTC [INFO]  steampipe-plugin-hackernews.plugin: [INFO]  1665393706572: Plugin Execute, setting memory limit to -1Mb
2022-10-10 09:21:46.296 UTC [TRACE] steampipe-plugin-hackernews.plugin: [TRACE] 1665393706572: calling ExtractContextFromCarrier
2022-10-10 09:21:46.296 UTC [INFO]  steampipe-plugin-hackernews.plugin: [INFO]  1665393706572: Setting max concurrent connections to 25
2022-10-10 09:21:46.296 UTC [TRACE] steampipe-plugin-hackernews.plugin: [TRACE] 1665393706572: executeForConnection callId: 1665393706572, connectionCallId: hackernews-1665393706572, connection: hackernews table: hackernews_new cols: id,title,time,by,score,dead,deleted,descendants,kids,parent,parts,poll,text,type,url,_ctx
2022-10-10 09:21:46.296 UTC [TRACE] steampipe-plugin-hackernews.plugin: [TRACE] 1665393706572: got connection data
2022-10-10 09:21:46.296 UTC [TRACE] steampipe-plugin-hackernews.plugin: [TRACE] 1665393706572: Got query context, table: hackernews_new, cols: [id title time by score dead deleted descendants kids parent parts poll text type url _ctx]
2022-10-10 09:21:46.296 UTC [TRACE] steampipe-plugin-hackernews.plugin: [TRACE] 1665393706572: Start execute span
2022-10-10 09:21:46.296 UTC [INFO]  steampipe-plugin-hackernews.plugin: [INFO]  1665393706572: Setting free memory interval to 100 rows
2022-10-10 09:21:46.296 UTC [TRACE] steampipe-plugin-hackernews.plugin: [TRACE] 1665393706572: setFetchType map[time:quals:{fieldName:"time"  string_value:">"  value:{timestamp_value:{seconds:1665390106  nanos:221222000}}}]
2022-10-10 09:21:46.297 UTC [TRACE] steampipe-plugin-hackernews.plugin: [TRACE] 1665393706572: getMatchingQuals column:'id' operator: =
2022-10-10 09:21:46.297 UTC [TRACE] steampipe-plugin-hackernews.plugin: [TRACE] 1665393706572: getMatchingQuals returning false - qualMap does not contain any quals for column id
2022-10-10 09:21:46.298 UTC [TRACE] steampipe-plugin-hackernews.plugin: [TRACE] 1665393706572: GetUnsatisfiedKeyColumns for columns column:'id' operator: =
2022-10-10 09:21:46.299 UTC [TRACE] steampipe-plugin-hackernews.plugin: [TRACE] 1665393706572: key column NOT satisfied column:'id' operator: =
2022-10-10 09:21:46.299 UTC [TRACE] steampipe-plugin-hackernews.plugin: [TRACE] 1665393706572: satisfied: map[any_of: optional: required:]
2022-10-10 09:21:46.300 UTC [TRACE] steampipe-plugin-hackernews.plugin: [TRACE] 1665393706572: unsatisfied: map[any_of: optional: required:column:'id' operator: =]
2022-10-10 09:21:46.301 UTC [TRACE] steampipe-plugin-hackernews.plugin: [TRACE] 1665393706572: unsatisfied required KeyColumns: column:'id' operator: =
2022-10-10 09:21:46.301 UTC [TRACE] steampipe-plugin-hackernews.plugin: [TRACE] 1665393706572: Set fetchType to fetchTypeList
2022-10-10 09:21:46.301 UTC [TRACE] steampipe-plugin-hackernews.plugin: [TRACE] 1665393706572: Equals key column quals:
2022-10-10 09:21:46.302 UTC [DEBUG] steampipe-plugin-hackernews.plugin: {}
2022-10-10 09:21:46.302 UTC [TRACE] steampipe-plugin-hackernews.plugin: [TRACE] 1665393706572: All key column quals:
2022-10-10 09:21:46.302 UTC [DEBUG] steampipe-plugin-hackernews.plugin: {}
2022-10-10 09:21:46.302 UTC [TRACE] steampipe-plugin-hackernews.plugin: [TRACE] 1665393706572: GetMatrixItem
2022-10-10 09:21:46.302 UTC [TRACE] steampipe-plugin-hackernews.plugin: [TRACE] 1665393706572: creating query data
2022-10-10 09:21:46.302 UTC [INFO]  steampipe-plugin-hackernews.plugin: [INFO]  1665393706572: cacheEnabled, trying cache get (hackernews-1665393706572)
2022-10-10 09:21:46.302 UTC [TRACE] steampipe-plugin-hackernews.plugin: [TRACE] 1665393706572: QueryCache Get - indexBucketKey index__hackernewshackernews_new, quals
2022-10-10 09:21:46.302 UTC [TRACE] steampipe-plugin-hackernews.plugin: [TRACE] 1665393706572: QueryCache getCachedQueryResult - table hackernews_new, connectionName hackernews
2022-10-10 09:21:46.302 UTC [TRACE] steampipe-plugin-hackernews.plugin: [TRACE] 1665393706572: index bucket key: index__hackernewshackernews_new ttlSeconds 300 limit: -1
2022-10-10 09:21:46.302 UTC [TRACE] steampipe-plugin-hackernews.plugin: [TRACE] 1665393706572: doGet cache miss
2022-10-10 09:21:46.302 UTC [TRACE] steampipe-plugin-hackernews.plugin: [TRACE] 1665393706572: getCachedIndexBucket - no item retrieved for cache key index__hackernewshackernews_new
2022-10-10 09:21:46.302 UTC [TRACE] steampipe-plugin-hackernews.plugin: [TRACE] 1665393706572: getCachedQueryResult returned CACHE MISS - checking for pending transfers
2022-10-10 09:21:46.302 UTC [TRACE] steampipe-plugin-hackernews.plugin: [TRACE] 1665393706572: getPendingResultItem indexBucketKey index__hackernewshackernews_new, columns [id title time by score dead deleted descendants kids parent parts poll text type url _ctx], limit -1
2022-10-10 09:21:46.302 UTC [TRACE] steampipe-plugin-hackernews.plugin: [TRACE] 1665393706572: no pending index item - add pending result, indexBucketKey index__hackernewshackernews_new
2022-10-10 09:21:46.302 UTC [TRACE] steampipe-plugin-hackernews.plugin: [TRACE] 1665393706572: addPendingResult (hackernews-1665393706572) indexBucketKey index__hackernewshackernews_new, columns [id title time by score dead deleted descendants kids parent parts poll text type url _ctx], limit -1
2022-10-10 09:21:46.302 UTC [TRACE] steampipe-plugin-hackernews.plugin: [TRACE] 1665393706572: no index bucket found - creating one
2022-10-10 09:21:46.302 UTC [TRACE] steampipe-plugin-hackernews.plugin: [TRACE] 1665393706572: pendingIndexItem Lock count before 0
2022-10-10 09:21:46.302 UTC [TRACE] steampipe-plugin-hackernews.plugin: [TRACE] 1665393706572: addPendingResult added pending index item to bucket, (hackernews-1665393706572) indexBucketKey index__hackernewshackernews_new, resultKeyRoot hackernewshackernews_newid,title,time,by,score,dead,deleted,descendants,kids,parent,parts,poll,text,type,url,_ctx-1, pending item : 0xc0140ea900
2022-10-10 09:21:46.302 UTC [TRACE] steampipe-plugin-hackernews.plugin: [TRACE] 1665393706572: **** pending items (hackernews-1665393706572)****
2022-10-10 09:21:46.302 UTC [TRACE] steampipe-plugin-hackernews.plugin: [TRACE] 1665393706572: key: index__hackernewshackernews_new: item: 0xc0140ea900, count: 1, key:hackernewshackernews_newid,title,time,by,score,dead,deleted,descendants,kids,parent,parts,poll,text,type,url,_ctx-1
2022-10-10 09:21:46.302 UTC [TRACE] steampipe-plugin-hackernews.plugin: [TRACE] 1665393706572: ********
2022-10-10 09:21:46.302 UTC [TRACE] steampipe-plugin-hackernews.plugin: [TRACE] 1665393706572: getPendingResultItem returning <nil>
2022-10-10 09:21:46.302 UTC [INFO]  steampipe-plugin-hackernews.plugin: [INFO]  1665393706572: CACHE MISS
2022-10-10 09:21:46.302 UTC [TRACE] steampipe-plugin-hackernews.plugin: [TRACE] 1665393706572: cache MISS
2022-10-10 09:21:46.302 UTC [INFO]  steampipe-plugin-hackernews.plugin: [INFO]  1665393706572: queryCacheGet returned CACHE MISS (hackernews-1665393706572)
2022-10-10 09:21:46.302 UTC [TRACE] steampipe-plugin-hackernews.plugin: [TRACE] 1665393706572: StartSet (hackernews-1665393706572)
2022-10-10 09:21:46.302 UTC [TRACE] steampipe-plugin-hackernews.plugin: [TRACE] 1665393706572: calling fetchItems, table: hackernews_new, matrixItem: [], limit: -1,  connectionCallId: hackernews-1665393706572"
2022-10-10 09:21:46.302 UTC [TRACE] steampipe-plugin-hackernews.plugin: [TRACE] 1665393706572: buildRowsAsync connectionCallId: hackernews-1665393706572
2022-10-10 09:21:46.302 UTC [TRACE] steampipe-plugin-hackernews.plugin: [TRACE] 1665393706572: streamRows connectionCallId: hackernews-1665393706572
2022-10-10 09:21:46.302 UTC [TRACE] steampipe-plugin-hackernews.plugin: [TRACE] 1665393706572: QueryData streamRows (hackernews-1665393706572)
2022-10-10 09:21:46.302 UTC [TRACE] steampipe-plugin-hackernews.plugin: [TRACE] 1665393706572: executeListCall START (hackernews-1665393706572)
2022-10-10 09:21:46.302 UTC [TRACE] steampipe-plugin-hackernews.plugin: [TRACE] 1665393706572: GetUnsatisfiedKeyColumns for columns
2022-10-10 09:21:46.302 UTC [TRACE] steampipe-plugin-hackernews.plugin: [TRACE] 1665393706572: doList (hackernews-1665393706572)
2022-10-10 09:21:46.302 UTC [TRACE] steampipe-plugin-hackernews.plugin: [TRACE] 1665393706572: doList: no matrix item
2022-10-10 09:21:46.464 UTC [TRACE] stdio: received data: channel=STDOUT len=16
2022-10-10 09:21:46.464 UTC [TRACE] stdio: waiting for stdio data
2022-10-10 09:21:46.643 UTC [TRACE] stdio: received data: channel=STDOUT len=940
2022-10-10 09:21:46.643 UTC [TRACE] stdio: waiting for stdio data
2022-10-10 09:21:46.770 UTC [TRACE] stdio: received data: channel=STDOUT len=1024
2022-10-10 09:21:46.770 UTC [TRACE] stdio: waiting for stdio data
2022-10-10 09:21:46.803 UTC [TRACE] stdio: received data: channel=STDOUT len=338
2022-10-10 09:21:46.803 UTC [TRACE] stdio: waiting for stdio data
2022-10-10 09:21:46.815 UTC [TRACE] stdio: received data: channel=STDOUT len=804
2022-10-10 09:21:46.815 UTC [TRACE] stdio: waiting for stdio data
2022-10-10 09:21:46.894 UTC [TRACE] steampipe-plugin-hackernews.plugin: [TRACE] 1665393706572: QueryData.fetchComplete
2022-10-10 09:21:46.894 UTC [TRACE] steampipe-plugin-hackernews.plugin: [TRACE] 1665393706572: executeListCall COMPLETE (hackernews-1665393706572)
2022-10-10 09:21:46.894 UTC [TRACE] steampipe-plugin-hackernews.plugin: [TRACE] 1665393706572: rowData chan returned nil - wait for rows to complete (hackernews-1665393706572)
2022-10-10 09:21:46.894 UTC [TRACE] stdio: received data: channel=STDOUT len=427
2022-10-10 09:21:46.894 UTC [TRACE] stdio: waiting for stdio data
2022-10-10 09:21:46.931 UTC [TRACE] stdio: received data: channel=STDOUT len=53
2022-10-10 09:21:46.931 UTC [TRACE] stdio: waiting for stdio data
2022-10-10 09:21:46.983 UTC [TRACE] stdio: received data: channel=STDOUT len=71
2022-10-10 09:21:46.983 UTC [TRACE] stdio: waiting for stdio data
2022-10-10 09:21:46.985 UTC [TRACE] stdio: received data: channel=STDOUT len=105
2022-10-10 09:21:46.985 UTC [TRACE] stdio: waiting for stdio data
2022-10-10 09:21:47.012 UTC [TRACE] stdio: received data: channel=STDOUT len=283
2022-10-10 09:21:47.012 UTC [TRACE] stdio: waiting for stdio data
2022-10-10 09:21:47.022 UTC [TRACE] stdio: received data: channel=STDOUT len=21
2022-10-10 09:21:47.022 UTC [TRACE] stdio: waiting for stdio data
2022-10-10 09:21:47.025 UTC [TRACE] stdio: received data: channel=STDOUT len=148
2022-10-10 09:21:47.025 UTC [TRACE] stdio: waiting for stdio data
2022-10-10 09:21:47.026 UTC [TRACE] stdio: received data: channel=STDOUT len=15
2022-10-10 09:21:47.026 UTC [TRACE] stdio: waiting for stdio data
2022-10-10 09:21:47.028 UTC [TRACE] stdio: received data: channel=STDOUT len=25
2022-10-10 09:21:47.028 UTC [TRACE] stdio: waiting for stdio data
2022-10-10 09:21:47.029 UTC [TRACE] stdio: received data: channel=STDOUT len=38
2022-10-10 09:21:47.029 UTC [TRACE] stdio: waiting for stdio data
2022-10-10 09:21:47.053 UTC [TRACE] stdio: received data: channel=STDOUT len=17
2022-10-10 09:21:47.053 UTC [TRACE] stdio: waiting for stdio data
2022-10-10 09:21:47.056 UTC [TRACE] steampipe-plugin-hackernews.plugin: [TRACE] 1665393706572: buildRowsAsync goroutine returning (hackernews-1665393706572)
2022-10-10 09:21:47.056 UTC [TRACE] steampipe-plugin-hackernews.plugin: [TRACE] 1665393706572: streamRows - nil row, stop streaming (hackernews-1665393706572)
2022-10-10 09:21:47.056 UTC [TRACE] steampipe-plugin-hackernews.plugin: [TRACE] 1665393706572: ------------------------------------
2022-10-10 09:21:47.056 UTC [TRACE] steampipe-plugin-hackernews.plugin: [TRACE] 1665393706572: Concurrency Summary
2022-10-10 09:21:47.056 UTC [TRACE] steampipe-plugin-hackernews.plugin: [TRACE] 1665393706572: ------------------------------------
2022-10-10 09:21:47.056 UTC [TRACE] steampipe-plugin-hackernews.plugin: [TRACE] 1665393706572: getItem                       : 200
2022-10-10 09:21:47.057 UTC [TRACE] steampipe-plugin-hackernews.plugin: [TRACE] 1665393706572: ------------------------------------
2022-10-10 09:21:47.057 UTC [TRACE] steampipe-plugin-hackernews.plugin: [TRACE] 1665393706572: Total                         : 200
2022-10-10 09:21:47.057 UTC [TRACE] steampipe-plugin-hackernews.plugin: [TRACE] 1665393706572: ------------------------------------
2022-10-10 09:21:47.057 UTC [TRACE] steampipe-plugin-hackernews.plugin: [TRACE] 1665393706572: QueryData streamRows DONE (hackernews-1665393706572)
2022-10-10 09:21:47.057 UTC [TRACE] steampipe-plugin-hackernews.plugin: [TRACE] 1665393706572: EndSet (hackernews-1665393706572) table hackernews_new
2022-10-10 09:21:47.057 UTC [TRACE] steampipe-plugin-hackernews.plugin: [TRACE] 1665393706572: QueryCache writePageToCache: 500 rows, pageCount 1, page key hackernewshackernews_newid,title,time,by,score,dead,deleted,descendants,kids,parent,parts,poll,text,type,url,_ctx-1-0
2022-10-10 09:21:47.070 UTC [TRACE] steampipe-plugin-hackernews.plugin: [TRACE] 1665393706572: writePageToCache Set - result written
2022-10-10 09:21:47.070 UTC [TRACE] steampipe-plugin-hackernews.plugin: [TRACE] 1665393706572: QueryCache EndSet - result written
2022-10-10 09:21:47.070 UTC [TRACE] steampipe-plugin-hackernews.plugin: [TRACE] 1665393706572: doGet cache miss
2022-10-10 09:21:47.070 UTC [TRACE] steampipe-plugin-hackernews.plugin: [TRACE] 1665393706572: getCachedIndexBucket - no item retrieved for cache key index__hackernewshackernews_new
2022-10-10 09:21:47.070 UTC [TRACE] steampipe-plugin-hackernews.plugin: [TRACE] 1665393706572: getCachedIndexBucket returned cache miss
2022-10-10 09:21:47.070 UTC [TRACE] steampipe-plugin-hackernews.plugin: [TRACE] 1665393706572: QueryCache EndSet - Added index item (0xc01ae5ec60) to bucket (0xc01ae12858), page count 1,  key root hackernewshackernews_newid,title,time,by,score,dead,deleted,descendants,kids,parent,parts,poll,text,type,url,_ctx-1
2022-10-10 09:21:47.070 UTC [TRACE] steampipe-plugin-hackernews.plugin: [TRACE] 1665393706572: cacheSetIndexBucket index__hackernewshackernews_new
2022-10-10 09:21:47.070 UTC [TRACE] steampipe-plugin-hackernews.plugin: [TRACE] 1665393706572: QueryCache EndSet - IndexBucket written
2022-10-10 09:21:47.070 UTC [TRACE] steampipe-plugin-hackernews.plugin: [TRACE] 1665393706572: EndSet DEFER (hackernews-1665393706572) table hackernews_new
2022-10-10 09:21:47.070 UTC [TRACE] steampipe-plugin-hackernews.plugin: [TRACE] 1665393706572: calling pendingItemComplete (hackernews-1665393706572)
2022-10-10 09:21:47.070 UTC [TRACE] steampipe-plugin-hackernews.plugin: [TRACE] 1665393706572: pendingItemComplete (hackernews-1665393706572) indexBucketKey index__hackernewshackernews_new, columns [id title time by score dead deleted descendants kids parent parts poll text type url _ctx], limit -1
2022-10-10 09:21:47.070 UTC [TRACE] steampipe-plugin-hackernews.plugin: [TRACE] 1665393706572: got pending index bucket, (hackernews-1665393706572) len 1
2022-10-10 09:21:47.070 UTC [TRACE] steampipe-plugin-hackernews.plugin: [TRACE] 1665393706572: SatisfiesLimit limit -1, no item limit - satisfied
2022-10-10 09:21:47.070 UTC [TRACE] steampipe-plugin-hackernews.plugin: [TRACE] 1665393706572: found pending index item to satisfy columns id,title,time,by,score,dead,deleted,descendants,kids,parent,parts,poll,text,type,url,_ctx, limit -1
2022-10-10 09:21:47.070 UTC [TRACE] steampipe-plugin-hackernews.plugin: [TRACE] 1665393706572: found completed pending item (hackernews-1665393706572) 0xc0140ea900, key hackernewshackernews_newid,title,time,by,score,dead,deleted,descendants,kids,parent,parts,poll,text,type,url,_ctx-1 - removing from map as it is complete
2022-10-10 09:21:47.070 UTC [TRACE] steampipe-plugin-hackernews.plugin: [TRACE] 1665393706572: pendingIndexItem Unlock count before 1 key hackernewshackernews_newid,title,time,by,score,dead,deleted,descendants,kids,parent,parts,poll,text,type,url,_ctx-1
2022-10-10 09:21:47.070 UTC [TRACE] steampipe-plugin-hackernews.plugin: [TRACE] 1665393706572: deleted from pending, (hackernews-1665393706572) len 0
2022-10-10 09:21:47.070 UTC [TRACE] steampipe-plugin-hackernews.plugin: [TRACE] 1665393706572: pending bucket now empty - deleting key index__hackernewshackernews_new
2022-10-10 09:21:47.070 UTC [TRACE] steampipe-plugin-hackernews.plugin: [TRACE] 1665393706572: pendingItemComplete done (hackernews-1665393706572)
2022-10-10 09:21:47.070 UTC [TRACE] steampipe-plugin-hackernews.plugin: [TRACE] 1665393706572: cache set succeeded
2022-10-10 09:21:47.070 UTC [TRACE] steampipe-plugin-hackernews.plugin: [TRACE] 1665393706572: End execute span
2022-10-10 09:21:47.070 UTC [TRACE] steampipe-plugin-hackernews.plugin: [TRACE] 1665393706572: executeForConnection DEFER (hackernews-1665393706572)
2022-10-10 09:21:47.070 UTC [TRACE] steampipe-plugin-hackernews.plugin: [TRACE] 1665393706572: Execute complete callId: hackernews-1665393706572 table: hackernews_new
2022-10-10 09:21:47.070 UTC [TRACE] steampipe-plugin-hackernews.plugin: [TRACE] 1665393706572: executeForConnection hackernews returned
2022-10-10 09:21:47.070 UTC [TRACE] steampipe-plugin-hackernews.plugin: [TRACE] 1665393706572: output wg complete - send nil row
2022-10-10 09:21:47.070 UTC [TRACE] steampipe-plugin-hackernews.plugin: [TRACE] 1665393706572: empty row on output channel - we are done
2022-10-10 09:21:47.070 UTC [INFO]  steampipe-plugin-hackernews.plugin: [INFO]  1665393706572: Plugin Execute complete (1665393706572)
2022-10-10 09:21:47.136 UTC [TRACE] PluginManager Shutdown
2022-10-10 09:21:47.137 UTC [TRACE] killing plugin csv (1986)
2022-10-10 09:21:47.138 UTC [TRACE] steampipe-plugin-csv.plugin: [TRACE] FLUSHING instrumentation
2022-10-10 09:21:47.138 UTC [TRACE] steampipe-plugin-csv.plugin: [TRACE] Shutdown instrumentation
2022-10-10 09:21:47.138 UTC [DEBUG] stdio: received EOF, stopping recv loop: err="rpc error: code = Unavailable desc = error reading from server: EOF"
2022-10-10 09:21:47.138 UTC [INFO]  plugin process exited: path=/home/runner/.steampipe/plugins/hub.steampipe.io/plugins/turbot/csv@latest/steampipe-plugin-csv.plugin pid=1986
2022-10-10 09:21:47.138 UTC [DEBUG] plugin exited
2022-10-10 09:21:47.138 UTC [TRACE] killing plugin hackernews (2009)
2022-10-10 09:21:47.139 UTC [TRACE] steampipe-plugin-hackernews.plugin: [TRACE] 1665393706572: FLUSHING instrumentation
2022-10-10 09:21:47.139 UTC [TRACE] steampipe-plugin-hackernews.plugin: [TRACE] 1665393706572: Shutdown instrumentation
2022-10-10 09:21:47.139 UTC [DEBUG] stdio: received EOF, stopping recv loop: err="rpc error: code = Unavailable desc = error reading from server: EOF"
2022-10-10 09:21:47.143 UTC [INFO]  plugin process exited: path=/home/runner/.steampipe/plugins/hub.steampipe.io/plugins/turbot/hackernews@latest/steampipe-plugin-hackernews.plugin pid=2009
2022-10-10 09:21:47.143 UTC [DEBUG] plugin exited
2022-10-10 09:21:51.227 UTC [WARN]  PluginManager setPluginCacheSizeMap: 4 connections.
2022-10-10 09:21:51.227 UTC [WARN]  Total cache size 0Mb
2022-10-10 09:21:51.295 UTC [WARN]  plugin configured with a nil SecureConfig
2022-10-10 09:21:51.596 UTC [WARN]  steampipe-plugin-csv.plugin: [WARN]  1665393711344: getKeyColumnsForTable found no schema for table '/home/runner/work/steampipe-samples/steampipe-samples/all/hackernews/hn.csv'
2022-10-10 09:22:16.833 UTC [WARN]  PluginManager setPluginCacheSizeMap: 4 connections.
2022-10-10 09:22:16.833 UTC [WARN]  Total cache size 0Mb
2022-10-10 09:22:16.902 UTC [WARN]  plugin configured with a nil SecureConfig
2022-10-10 09:22:17.101 UTC [WARN]  steampipe-plugin-csv.plugin: [WARN]  1665393737852: getKeyColumnsForTable found no schema for table '/home/runner/work/steampipe-samples/steampipe-samples/all/hackernews/hn.csv'
2022-10-10 09:22:41.919 UTC [WARN]  PluginManager setPluginCacheSizeMap: 4 connections.
2022-10-10 09:22:41.919 UTC [WARN]  Total cache size 0Mb
2022-10-10 09:22:41.987 UTC [WARN]  plugin configured with a nil SecureConfig
2022-10-10 09:22:43.311 UTC [WARN]  PluginManager setPluginCacheSizeMap: 4 connections.
2022-10-10 09:22:43.311 UTC [WARN]  Total cache size 0Mb
2022-10-10 09:22:43.380 UTC [WARN]  plugin configured with a nil SecureConfig
2022-10-10 09:22:44.475 UTC [WARN]  PluginManager setPluginCacheSizeMap: 4 connections.
2022-10-10 09:22:44.475 UTC [WARN]  Total cache size 0Mb
2022-10-10 09:22:44.547 UTC [WARN]  plugin configured with a nil SecureConfig
2022-10-10 09:22:45.456 UTC [WARN]  PluginManager setPluginCacheSizeMap: 4 connections.
2022-10-10 09:22:45.456 UTC [WARN]  Total cache size 0Mb
2022-10-10 09:22:45.526 UTC [WARN]  plugin configured with a nil SecureConfig
2022-10-10 09:22:46.517 UTC [WARN]  PluginManager setPluginCacheSizeMap: 4 connections.
2022-10-10 09:22:46.517 UTC [WARN]  Total cache size 0Mb
2022-10-10 09:22:46.586 UTC [WARN]  plugin configured with a nil SecureConfig
2022-10-10 09:22:47.492 UTC [WARN]  PluginManager setPluginCacheSizeMap: 4 connections.
2022-10-10 09:22:47.492 UTC [WARN]  Total cache size 0Mb
2022-10-10 09:22:47.564 UTC [WARN]  plugin configured with a nil SecureConfig
2022-10-10 09:22:48.550 UTC [WARN]  PluginManager setPluginCacheSizeMap: 4 connections.
2022-10-10 09:22:48.550 UTC [WARN]  Total cache size 0Mb
2022-10-10 09:22:48.620 UTC [WARN]  plugin configured with a nil SecureConfig
2022-10-10 09:22:49.554 UTC [WARN]  PluginManager setPluginCacheSizeMap: 4 connections.
2022-10-10 09:22:49.554 UTC [WARN]  Total cache size 0Mb
2022-10-10 09:22:49.622 UTC [WARN]  plugin configured with a nil SecureConfig
2022-10-10 09:22:49.815 UTC [WARN]  plugin configured with a nil SecureConfig
2022-10-10 09:24:15.239 UTC [WARN]  PluginManager setPluginCacheSizeMap: 4 connections.
2022-10-10 09:24:15.239 UTC [WARN]  Total cache size 0Mb
2022-10-10 09:24:15.308 UTC [WARN]  plugin configured with a nil SecureConfig
2022-10-10 09:24:16.195 UTC [WARN]  PluginManager setPluginCacheSizeMap: 4 connections.
2022-10-10 09:24:16.195 UTC [WARN]  Total cache size 0Mb
2022-10-10 09:24:16.265 UTC [WARN]  plugin configured with a nil SecureConfig
2022-10-10 09:24:16.284 UTC [ERROR] steampipe-plugin-csv.plugin: [ERROR] csv.tableCSV: header_parse_error=EOF path=/home/runner/work/steampipe-samples/steampipe-samples/all/hackernews/new_sc.csv header=[]
2022-10-10 09:24:16.284 UTC [ERROR] steampipe-plugin-csv.plugin: [ERROR] csv.PluginTables: create_table_error="failed to parse file header /home/runner/work/steampipe-samples/steampipe-samples/all/hackernews/new_sc.csv: EOF" path=/home/runner/work/steampipe-samples/steampipe-samples/all/hackernews/new_sc.csv
2022-10-10 09:24:16.284 UTC [WARN]  failed to set connection config: failed to parse file header /home/runner/work/steampipe-samples/steampipe-samples/all/hackernews/new_sc.csv: EOF
2022-10-10 09:24:17.139 UTC [WARN]  PluginManager setPluginCacheSizeMap: 4 connections.
2022-10-10 09:24:17.139 UTC [WARN]  Total cache size 0Mb
2022-10-10 09:24:17.208 UTC [WARN]  plugin configured with a nil SecureConfig
2022-10-10 09:24:17.412 UTC [WARN]  steampipe-plugin-csv.plugin: [WARN]  1665393857206: getKeyColumnsForTable found no schema for table '/home/runner/work/steampipe-samples/steampipe-samples/all/hackernews/new_sc.csv'
2022-10-10 09:24:22.292 UTC [WARN]  PluginManager setPluginCacheSizeMap: 4 connections.
2022-10-10 09:24:22.292 UTC [WARN]  Total cache size 0Mb
2022-10-10 09:24:22.367 UTC [WARN]  plugin configured with a nil SecureConfig
2022-10-10 09:24:23.237 UTC [WARN]  PluginManager setPluginCacheSizeMap: 4 connections.
2022-10-10 09:24:23.237 UTC [WARN]  Total cache size 0Mb
2022-10-10 09:24:23.308 UTC [WARN]  plugin configured with a nil SecureConfig
2022-10-10 09:24:23.323 UTC [ERROR] steampipe-plugin-csv.plugin: [ERROR] csv.tableCSV: header_parse_error=EOF path=/home/runner/work/steampipe-samples/steampipe-samples/all/hackernews/hn_items_all.csv header=[]
2022-10-10 09:24:23.323 UTC [ERROR] steampipe-plugin-csv.plugin: [ERROR] csv.PluginTables: create_table_error="failed to parse file header /home/runner/work/steampipe-samples/steampipe-samples/all/hackernews/hn_items_all.csv: EOF" path=/home/runner/work/steampipe-samples/steampipe-samples/all/hackernews/hn_items_all.csv
2022-10-10 09:24:23.323 UTC [WARN]  failed to set connection config: failed to parse file header /home/runner/work/steampipe-samples/steampipe-samples/all/hackernews/hn_items_all.csv: EOF
2022-10-10 09:24:24.538 UTC [WARN]  PluginManager setPluginCacheSizeMap: 4 connections.
2022-10-10 09:24:24.538 UTC [WARN]  Total cache size 0Mb
2022-10-10 09:24:24.612 UTC [WARN]  plugin configured with a nil SecureConfig
2022-10-10 09:24:24.627 UTC [ERROR] steampipe-plugin-csv.plugin: [ERROR] csv.tableCSV: header_parse_error=EOF path=/home/runner/work/steampipe-samples/steampipe-samples/all/hackernews/people.csv header=[]
2022-10-10 09:24:24.627 UTC [ERROR] steampipe-plugin-csv.plugin: [ERROR] csv.PluginTables: create_table_error="failed to parse file header /home/runner/work/steampipe-samples/steampipe-samples/all/hackernews/people.csv: EOF" path=/home/runner/work/steampipe-samples/steampipe-samples/all/hackernews/people.csv
2022-10-10 09:24:24.628 UTC [WARN]  failed to set connection config: failed to parse file header /home/runner/work/steampipe-samples/steampipe-samples/all/hackernews/people.csv: EOF
2022-10-10 09:24:24.786 UTC [WARN]  plugin configured with a nil SecureConfig
2022-10-10 09:24:24.830 UTC [WARN]  plugin configured with a nil SecureConfig
