2022-11-13 23:20:35.600 UTC [INFO]  starting plugin manager
2022-11-13 23:20:35.600 UTC [TRACE] loaded config map: net,csv,github,hackernews
2022-11-13 23:20:35.600 UTC [TRACE] NewPluginManager
2022-11-13 23:20:35.601 UTC [TRACE] PluginManager setPluginCacheSizeMap: 4 connections.
2022-11-13 23:20:35.601 UTC [TRACE] Total cache size 0Mb
2022-11-13 23:20:35.601 UTC [INFO]  starting connection watcher
2022-11-13 23:20:35.601 UTC [INFO]  created ConnectionWatcher
2022-11-13 23:20:35.601 UTC [TRACE] about to serve
2022-11-13 23:20:35.667 UTC [TRACE] PluginManager Get, connections: '[csv]'
2022-11-13 23:20:35.667 UTC [TRACE] PluginManager getPlugin hub.steampipe.io/plugins/turbot/csv@latest connection 'csv'
2022-11-13 23:20:35.667 UTC [TRACE] PluginManager 0xc000101e00 plugin hub.steampipe.io/plugins/turbot/csv@latest (csv) NOT started or starting - start now
2022-11-13 23:20:35.667 UTC [TRACE] ************ start plugin csv ********************
2022-11-13 23:20:35.667 UTC [TRACE] ************ plugin path /home/runner/.steampipe/plugins/hub.steampipe.io/plugins/turbot/csv@latest/steampipe-plugin-csv.plugin ********************
2022-11-13 23:20:35.702 UTC [TRACE] handleFileWatcherEvent ignoring first event
2022-11-13 23:20:35.736 UTC [DEBUG] starting plugin: path=/home/runner/.steampipe/plugins/hub.steampipe.io/plugins/turbot/csv@latest/steampipe-plugin-csv.plugin args=["/home/runner/.steampipe/plugins/hub.steampipe.io/plugins/turbot/csv@latest/steampipe-plugin-csv.plugin"]
2022-11-13 23:20:35.736 UTC [DEBUG] plugin started: path=/home/runner/.steampipe/plugins/hub.steampipe.io/plugins/turbot/csv@latest/steampipe-plugin-csv.plugin pid=1974
2022-11-13 23:20:35.736 UTC [DEBUG] waiting for RPC address: path=/home/runner/.steampipe/plugins/hub.steampipe.io/plugins/turbot/csv@latest/steampipe-plugin-csv.plugin
2022-11-13 23:20:35.742 UTC [INFO]  steampipe-plugin-csv.plugin: [INFO]  Initialise plugin 'steampipe-plugin-csv', using sdk version 4.1.7
2022-11-13 23:20:35.742 UTC [TRACE] steampipe-plugin-csv.plugin: [TRACE] no DefaultRetryConfig defined - creating empty
2022-11-13 23:20:35.742 UTC [TRACE] steampipe-plugin-csv.plugin: [TRACE] no DefaultIgnoreConfig defined - creating empty
2022-11-13 23:20:35.742 UTC [TRACE] steampipe-plugin-csv.plugin: [TRACE] Setting Ulimit: ulimit=2560
2022-11-13 23:20:35.743 UTC [DEBUG] using plugin: version=0
2022-11-13 23:20:35.743 UTC [TRACE] NewPluginClient for plugin hub.steampipe.io/plugins/turbot/csv@latest
2022-11-13 23:20:35.744 UTC [TRACE] steampipe-plugin-csv.plugin: [TRACE] telemetry.Init service 'steampipe-plugin-csv', tracingEnabled: false, metricsEnabled: false
2022-11-13 23:20:35.744 UTC [TRACE] steampipe-plugin-csv.plugin: [TRACE] metrics and tracing disabled' - returning
2022-11-13 23:20:35.744 UTC [DEBUG] steampipe-plugin-csv.plugin: plugin address: address=/tmp/plugin3687929909 network=unix timestamp=2022-11-13T23:20:35.743Z
2022-11-13 23:20:35.744 UTC [TRACE] stdio: waiting for stdio data
2022-11-13 23:20:35.745 UTC [TRACE] supportedOperations: query_cache:true multiple_connections:true
2022-11-13 23:20:35.745 UTC [TRACE] steampipe-plugin-csv.plugin: [TRACE] SetAllConnectionConfigs setting 1 configs
2022-11-13 23:20:35.745 UTC [TRACE] steampipe-plugin-csv.plugin: [TRACE] connection csv build schema and table map
2022-11-13 23:20:35.746 UTC [DEBUG] steampipe-plugin-csv.plugin: [DEBUG] csv.tableCSV: path=/home/runner/work/steampipe-samples/steampipe-samples/all/hackernews/hn_items_all.csv detected_encoding=Unknown
2022-11-13 23:20:35.746 UTC [DEBUG] steampipe-plugin-csv.plugin: [DEBUG] csv.tableCSV: path=/home/runner/work/steampipe-samples/steampipe-samples/all/hackernews/new_sc.csv detected_encoding=Unknown
2022-11-13 23:20:35.746 UTC [DEBUG] steampipe-plugin-csv.plugin: [DEBUG] csv.tableCSV: path=/home/runner/work/steampipe-samples/steampipe-samples/all/hackernews/people.csv detected_encoding=Unknown
2022-11-13 23:20:35.746 UTC [TRACE] steampipe-plugin-csv.plugin: [TRACE] initialise table /home/runner/work/steampipe-samples/steampipe-samples/all/hackernews/hn_items_all.csv
2022-11-13 23:20:35.746 UTC [TRACE] steampipe-plugin-csv.plugin: [TRACE] no DefaultRetryConfig defined - creating empty
2022-11-13 23:20:35.746 UTC [TRACE] steampipe-plugin-csv.plugin: [TRACE] no DefaultIgnoreConfig defined - creating empty
2022-11-13 23:20:35.746 UTC [TRACE] steampipe-plugin-csv.plugin: [TRACE] apply plugin defaults for DefaultRetryConfig
2022-11-13 23:20:35.746 UTC [TRACE] steampipe-plugin-csv.plugin: [TRACE] apply plugin defaults for DefaultIgnoreConfig, table &{<nil> <nil>} plugin &{<nil> <nil>}
2022-11-13 23:20:35.746 UTC [TRACE] steampipe-plugin-csv.plugin: [TRACE] DefaultRetryConfig:
2022-11-13 23:20:35.746 UTC [TRACE] steampipe-plugin-csv.plugin: [TRACE] DefaultIgnoreConfig:
2022-11-13 23:20:35.746 UTC [TRACE] steampipe-plugin-csv.plugin: [TRACE] t.List.initialise
2022-11-13 23:20:35.746 UTC [TRACE] steampipe-plugin-csv.plugin: [TRACE] ListConfig.initialise table /home/runner/work/steampipe-samples/steampipe-samples/all/hackernews/hn_items_all.csv
2022-11-13 23:20:35.746 UTC [TRACE] steampipe-plugin-csv.plugin: [TRACE] ListConfig.initialise complete: RetryConfig: , IgnoreConfig
2022-11-13 23:20:35.746 UTC [TRACE] steampipe-plugin-csv.plugin: [TRACE] back from initialiseHydrateConfigs
2022-11-13 23:20:35.746 UTC [TRACE] steampipe-plugin-csv.plugin: [TRACE] initialise table /home/runner/work/steampipe-samples/steampipe-samples/all/hackernews/hn_items_all.csv COMPLETE
2022-11-13 23:20:35.746 UTC [TRACE] steampipe-plugin-csv.plugin: [TRACE] initialise table /home/runner/work/steampipe-samples/steampipe-samples/all/hackernews/new_sc.csv
2022-11-13 23:20:35.746 UTC [TRACE] steampipe-plugin-csv.plugin: [TRACE] no DefaultRetryConfig defined - creating empty
2022-11-13 23:20:35.746 UTC [TRACE] steampipe-plugin-csv.plugin: [TRACE] no DefaultIgnoreConfig defined - creating empty
2022-11-13 23:20:35.746 UTC [TRACE] steampipe-plugin-csv.plugin: [TRACE] apply plugin defaults for DefaultRetryConfig
2022-11-13 23:20:35.746 UTC [TRACE] steampipe-plugin-csv.plugin: [TRACE] apply plugin defaults for DefaultIgnoreConfig, table &{<nil> <nil>} plugin &{<nil> <nil>}
2022-11-13 23:20:35.746 UTC [TRACE] steampipe-plugin-csv.plugin: [TRACE] DefaultRetryConfig:
2022-11-13 23:20:35.746 UTC [TRACE] steampipe-plugin-csv.plugin: [TRACE] DefaultIgnoreConfig:
2022-11-13 23:20:35.746 UTC [TRACE] steampipe-plugin-csv.plugin: [TRACE] t.List.initialise
2022-11-13 23:20:35.746 UTC [TRACE] steampipe-plugin-csv.plugin: [TRACE] ListConfig.initialise table /home/runner/work/steampipe-samples/steampipe-samples/all/hackernews/new_sc.csv
2022-11-13 23:20:35.746 UTC [TRACE] steampipe-plugin-csv.plugin: [TRACE] ListConfig.initialise complete: RetryConfig: , IgnoreConfig
2022-11-13 23:20:35.746 UTC [TRACE] steampipe-plugin-csv.plugin: [TRACE] back from initialiseHydrateConfigs
2022-11-13 23:20:35.746 UTC [TRACE] steampipe-plugin-csv.plugin: [TRACE] initialise table /home/runner/work/steampipe-samples/steampipe-samples/all/hackernews/new_sc.csv COMPLETE
2022-11-13 23:20:35.746 UTC [TRACE] steampipe-plugin-csv.plugin: [TRACE] initialise table /home/runner/work/steampipe-samples/steampipe-samples/all/hackernews/people.csv
2022-11-13 23:20:35.746 UTC [TRACE] steampipe-plugin-csv.plugin: [TRACE] no DefaultRetryConfig defined - creating empty
2022-11-13 23:20:35.746 UTC [TRACE] steampipe-plugin-csv.plugin: [TRACE] no DefaultIgnoreConfig defined - creating empty
2022-11-13 23:20:35.746 UTC [TRACE] steampipe-plugin-csv.plugin: [TRACE] apply plugin defaults for DefaultRetryConfig
2022-11-13 23:20:35.746 UTC [TRACE] steampipe-plugin-csv.plugin: [TRACE] apply plugin defaults for DefaultIgnoreConfig, table &{<nil> <nil>} plugin &{<nil> <nil>}
2022-11-13 23:20:35.746 UTC [TRACE] steampipe-plugin-csv.plugin: [TRACE] DefaultRetryConfig:
2022-11-13 23:20:35.746 UTC [TRACE] steampipe-plugin-csv.plugin: [TRACE] DefaultIgnoreConfig:
2022-11-13 23:20:35.746 UTC [TRACE] steampipe-plugin-csv.plugin: [TRACE] t.List.initialise
2022-11-13 23:20:35.746 UTC [TRACE] steampipe-plugin-csv.plugin: [TRACE] ListConfig.initialise table /home/runner/work/steampipe-samples/steampipe-samples/all/hackernews/people.csv
2022-11-13 23:20:35.746 UTC [TRACE] steampipe-plugin-csv.plugin: [TRACE] ListConfig.initialise complete: RetryConfig: , IgnoreConfig
2022-11-13 23:20:35.746 UTC [TRACE] steampipe-plugin-csv.plugin: [TRACE] back from initialiseHydrateConfigs
2022-11-13 23:20:35.746 UTC [TRACE] steampipe-plugin-csv.plugin: [TRACE] initialise table /home/runner/work/steampipe-samples/steampipe-samples/all/hackernews/people.csv COMPLETE
2022-11-13 23:20:35.746 UTC [TRACE] steampipe-plugin-csv.plugin: [TRACE] validate plugin steampipe-plugin-csv, required columns []
2022-11-13 23:20:35.746 UTC [TRACE] steampipe-plugin-csv.plugin: [TRACE] validate DefaultRetryConfig
2022-11-13 23:20:35.746 UTC [TRACE] steampipe-plugin-csv.plugin: [TRACE] validate DefaultIgnoreConfig
2022-11-13 23:20:35.746 UTC [TRACE] steampipe-plugin-csv.plugin: [TRACE] validate table names
2022-11-13 23:20:35.746 UTC [TRACE] steampipe-plugin-csv.plugin: [TRACE] plugin has 0 validation errors
2022-11-13 23:20:35.746 UTC [TRACE] steampipe-plugin-csv.plugin: [TRACE] Plugin ensureCache creating cache, maxCacheStorageMb 0
2022-11-13 23:20:35.746 UTC [TRACE] steampipe-plugin-csv.plugin: [TRACE] createCacheStore for plugin 'steampipe-plugin-csv' setting max size to 0Mb, Shards: 2, max shard size: 0
2022-11-13 23:20:35.757 UTC [INFO]  steampipe-plugin-csv.plugin: [INFO]  query cache created
2022-11-13 23:20:35.757 UTC [DEBUG] steampipe-plugin-csv.plugin: [DEBUG] SetAllConnectionConfigs finished
2022-11-13 23:20:35.757 UTC [TRACE] PluginManager getPlugin complete, returning reattach config with PID: 1974
2022-11-13 23:20:35.757 UTC [TRACE] PluginManager Get returning reattach_map:{key:"csv" value:{protocol:"grpc" addr:{Network:"unix" Address:"/tmp/plugin3687929909"} pid:1974 supported_operations:{query_cache:true multiple_connections:true} connections:"csv" plugin:"hub.steampipe.io/plugins/turbot/csv@latest"}}
2022-11-13 23:20:35.837 UTC [TRACE] PluginManager Get, connections: '[csv]'
2022-11-13 23:20:35.837 UTC [TRACE] PluginManager getPlugin hub.steampipe.io/plugins/turbot/csv@latest connection 'csv'
2022-11-13 23:20:35.837 UTC [TRACE] connection csv found in connectionPluginMap
2022-11-13 23:20:35.837 UTC [TRACE] initialized: 1974
2022-11-13 23:20:35.837 UTC [TRACE] initialized: 1974
2022-11-13 23:20:35.837 UTC [TRACE] connection csv is loaded, check for running PID
2022-11-13 23:20:35.838 UTC [TRACE] PluginManager found 'csv' in map, pid 1974
2022-11-13 23:20:35.838 UTC [TRACE] PluginManager Get returning reattach_map:{key:"csv" value:{protocol:"grpc" addr:{Network:"unix" Address:"/tmp/plugin3687929909"} pid:1974 supported_operations:{query_cache:true multiple_connections:true} connections:"csv" plugin:"hub.steampipe.io/plugins/turbot/csv@latest"}}
2022-11-13 23:20:35.981 UTC [TRACE] PluginManager Get, connections: '[hackernews]'
2022-11-13 23:20:35.981 UTC [TRACE] PluginManager getPlugin hub.steampipe.io/plugins/turbot/hackernews@latest connection 'hackernews'
2022-11-13 23:20:35.981 UTC [TRACE] PluginManager 0xc000101e00 plugin hub.steampipe.io/plugins/turbot/hackernews@latest (hackernews) NOT started or starting - start now
2022-11-13 23:20:35.981 UTC [TRACE] ************ start plugin hackernews ********************
2022-11-13 23:20:35.981 UTC [TRACE] ************ plugin path /home/runner/.steampipe/plugins/hub.steampipe.io/plugins/turbot/hackernews@latest/steampipe-plugin-hackernews.plugin ********************
2022-11-13 23:20:36.050 UTC [DEBUG] starting plugin: path=/home/runner/.steampipe/plugins/hub.steampipe.io/plugins/turbot/hackernews@latest/steampipe-plugin-hackernews.plugin args=["/home/runner/.steampipe/plugins/hub.steampipe.io/plugins/turbot/hackernews@latest/steampipe-plugin-hackernews.plugin"]
2022-11-13 23:20:36.050 UTC [DEBUG] plugin started: path=/home/runner/.steampipe/plugins/hub.steampipe.io/plugins/turbot/hackernews@latest/steampipe-plugin-hackernews.plugin pid=1996
2022-11-13 23:20:36.050 UTC [DEBUG] waiting for RPC address: path=/home/runner/.steampipe/plugins/hub.steampipe.io/plugins/turbot/hackernews@latest/steampipe-plugin-hackernews.plugin
2022-11-13 23:20:36.058 UTC [INFO]  steampipe-plugin-hackernews.plugin: [INFO]  Initialise plugin 'steampipe-plugin-hackernews', using sdk version 4.1.7
2022-11-13 23:20:36.058 UTC [TRACE] steampipe-plugin-hackernews.plugin: [TRACE] defaulting SchemaMode to SchemaModeStatic
2022-11-13 23:20:36.058 UTC [TRACE] steampipe-plugin-hackernews.plugin: [TRACE] no DefaultRetryConfig defined - creating empty
2022-11-13 23:20:36.058 UTC [TRACE] steampipe-plugin-hackernews.plugin: [TRACE] no DefaultIgnoreConfig defined - creating empty
2022-11-13 23:20:36.058 UTC [TRACE] steampipe-plugin-hackernews.plugin: [TRACE] Setting Ulimit: ulimit=2560
2022-11-13 23:20:36.058 UTC [TRACE] steampipe-plugin-hackernews.plugin: [TRACE] telemetry.Init service 'steampipe-plugin-hackernews', tracingEnabled: false, metricsEnabled: false
2022-11-13 23:20:36.058 UTC [TRACE] steampipe-plugin-hackernews.plugin: [TRACE] metrics and tracing disabled' - returning
2022-11-13 23:20:36.058 UTC [DEBUG] using plugin: version=0
2022-11-13 23:20:36.058 UTC [TRACE] NewPluginClient for plugin hub.steampipe.io/plugins/turbot/hackernews@latest
2022-11-13 23:20:36.059 UTC [DEBUG] steampipe-plugin-hackernews.plugin: plugin address: address=/tmp/plugin400995048 network=unix timestamp=2022-11-13T23:20:36.058Z
2022-11-13 23:20:36.060 UTC [TRACE] stdio: waiting for stdio data
2022-11-13 23:20:36.061 UTC [TRACE] supportedOperations: query_cache:true multiple_connections:true
2022-11-13 23:20:36.061 UTC [TRACE] steampipe-plugin-hackernews.plugin: [TRACE] SetAllConnectionConfigs setting 1 configs
2022-11-13 23:20:36.061 UTC [TRACE] steampipe-plugin-hackernews.plugin: [TRACE] connection hackernews build schema and table map
2022-11-13 23:20:36.061 UTC [TRACE] steampipe-plugin-hackernews.plugin: [TRACE] initialise table hackernews_job
2022-11-13 23:20:36.061 UTC [TRACE] steampipe-plugin-hackernews.plugin: [TRACE] no DefaultRetryConfig defined - creating empty
2022-11-13 23:20:36.061 UTC [TRACE] steampipe-plugin-hackernews.plugin: [TRACE] no DefaultIgnoreConfig defined - creating empty
2022-11-13 23:20:36.061 UTC [TRACE] steampipe-plugin-hackernews.plugin: [TRACE] apply plugin defaults for DefaultRetryConfig
2022-11-13 23:20:36.061 UTC [TRACE] steampipe-plugin-hackernews.plugin: [TRACE] apply plugin defaults for DefaultIgnoreConfig, table &{<nil> <nil>} plugin &{<nil> <nil>}
2022-11-13 23:20:36.061 UTC [TRACE] steampipe-plugin-hackernews.plugin: [TRACE] DefaultRetryConfig:
2022-11-13 23:20:36.061 UTC [TRACE] steampipe-plugin-hackernews.plugin: [TRACE] DefaultIgnoreConfig:
2022-11-13 23:20:36.061 UTC [TRACE] steampipe-plugin-hackernews.plugin: [TRACE] t.Get.initialise
2022-11-13 23:20:36.061 UTC [TRACE] steampipe-plugin-hackernews.plugin: [TRACE] GetConfig.initialise table hackernews_job
2022-11-13 23:20:36.061 UTC [TRACE] steampipe-plugin-hackernews.plugin: [TRACE] GetConfig.initialise complete: RetryConfig: , IgnoreConfig:
2022-11-13 23:20:36.061 UTC [TRACE] steampipe-plugin-hackernews.plugin: [TRACE] t.List.initialise
2022-11-13 23:20:36.061 UTC [TRACE] steampipe-plugin-hackernews.plugin: [TRACE] ListConfig.initialise table hackernews_job
2022-11-13 23:20:36.061 UTC [TRACE] steampipe-plugin-hackernews.plugin: [TRACE] ListConfig.initialise complete: RetryConfig: , IgnoreConfig
2022-11-13 23:20:36.061 UTC [TRACE] steampipe-plugin-hackernews.plugin: [TRACE] HydrateConfig.initialise func getItem, table hackernews_job
2022-11-13 23:20:36.061 UTC [TRACE] steampipe-plugin-hackernews.plugin: [TRACE] HydrateConfig.initialise complete: RetryConfig: , IgnoreConfig:
2022-11-13 23:20:36.061 UTC [TRACE] steampipe-plugin-hackernews.plugin: [TRACE] back from initialiseHydrateConfigs
2022-11-13 23:20:36.061 UTC [TRACE] steampipe-plugin-hackernews.plugin: [TRACE] initialise table hackernews_job COMPLETE
2022-11-13 23:20:36.061 UTC [TRACE] steampipe-plugin-hackernews.plugin: [TRACE] initialise table hackernews_new
2022-11-13 23:20:36.061 UTC [TRACE] steampipe-plugin-hackernews.plugin: [TRACE] no DefaultRetryConfig defined - creating empty
2022-11-13 23:20:36.061 UTC [TRACE] steampipe-plugin-hackernews.plugin: [TRACE] no DefaultIgnoreConfig defined - creating empty
2022-11-13 23:20:36.061 UTC [TRACE] steampipe-plugin-hackernews.plugin: [TRACE] apply plugin defaults for DefaultRetryConfig
2022-11-13 23:20:36.061 UTC [TRACE] steampipe-plugin-hackernews.plugin: [TRACE] apply plugin defaults for DefaultIgnoreConfig, table &{<nil> <nil>} plugin &{<nil> <nil>}
2022-11-13 23:20:36.061 UTC [TRACE] steampipe-plugin-hackernews.plugin: [TRACE] DefaultRetryConfig:
2022-11-13 23:20:36.061 UTC [TRACE] steampipe-plugin-hackernews.plugin: [TRACE] DefaultIgnoreConfig:
2022-11-13 23:20:36.061 UTC [TRACE] steampipe-plugin-hackernews.plugin: [TRACE] t.Get.initialise
2022-11-13 23:20:36.061 UTC [TRACE] steampipe-plugin-hackernews.plugin: [TRACE] GetConfig.initialise table hackernews_new
2022-11-13 23:20:36.061 UTC [TRACE] steampipe-plugin-hackernews.plugin: [TRACE] GetConfig.initialise complete: RetryConfig: , IgnoreConfig:
2022-11-13 23:20:36.061 UTC [TRACE] steampipe-plugin-hackernews.plugin: [TRACE] t.List.initialise
2022-11-13 23:20:36.061 UTC [TRACE] steampipe-plugin-hackernews.plugin: [TRACE] ListConfig.initialise table hackernews_new
2022-11-13 23:20:36.061 UTC [TRACE] steampipe-plugin-hackernews.plugin: [TRACE] ListConfig.initialise complete: RetryConfig: , IgnoreConfig
2022-11-13 23:20:36.061 UTC [TRACE] steampipe-plugin-hackernews.plugin: [TRACE] HydrateConfig.initialise func getItem, table hackernews_new
2022-11-13 23:20:36.061 UTC [TRACE] steampipe-plugin-hackernews.plugin: [TRACE] HydrateConfig.initialise complete: RetryConfig: , IgnoreConfig:
2022-11-13 23:20:36.061 UTC [TRACE] steampipe-plugin-hackernews.plugin: [TRACE] back from initialiseHydrateConfigs
2022-11-13 23:20:36.061 UTC [TRACE] steampipe-plugin-hackernews.plugin: [TRACE] initialise table hackernews_new COMPLETE
2022-11-13 23:20:36.061 UTC [TRACE] steampipe-plugin-hackernews.plugin: [TRACE] initialise table hackernews_show_hn
2022-11-13 23:20:36.061 UTC [TRACE] steampipe-plugin-hackernews.plugin: [TRACE] no DefaultRetryConfig defined - creating empty
2022-11-13 23:20:36.061 UTC [TRACE] steampipe-plugin-hackernews.plugin: [TRACE] no DefaultIgnoreConfig defined - creating empty
2022-11-13 23:20:36.061 UTC [TRACE] steampipe-plugin-hackernews.plugin: [TRACE] apply plugin defaults for DefaultRetryConfig
2022-11-13 23:20:36.061 UTC [TRACE] steampipe-plugin-hackernews.plugin: [TRACE] apply plugin defaults for DefaultIgnoreConfig, table &{<nil> <nil>} plugin &{<nil> <nil>}
2022-11-13 23:20:36.061 UTC [TRACE] steampipe-plugin-hackernews.plugin: [TRACE] DefaultRetryConfig:
2022-11-13 23:20:36.061 UTC [TRACE] steampipe-plugin-hackernews.plugin: [TRACE] DefaultIgnoreConfig:
2022-11-13 23:20:36.061 UTC [TRACE] steampipe-plugin-hackernews.plugin: [TRACE] t.Get.initialise
2022-11-13 23:20:36.061 UTC [TRACE] steampipe-plugin-hackernews.plugin: [TRACE] GetConfig.initialise table hackernews_show_hn
2022-11-13 23:20:36.061 UTC [TRACE] steampipe-plugin-hackernews.plugin: [TRACE] GetConfig.initialise complete: RetryConfig: , IgnoreConfig:
2022-11-13 23:20:36.061 UTC [TRACE] steampipe-plugin-hackernews.plugin: [TRACE] t.List.initialise
2022-11-13 23:20:36.061 UTC [TRACE] steampipe-plugin-hackernews.plugin: [TRACE] ListConfig.initialise table hackernews_show_hn
2022-11-13 23:20:36.061 UTC [TRACE] steampipe-plugin-hackernews.plugin: [TRACE] ListConfig.initialise complete: RetryConfig: , IgnoreConfig
2022-11-13 23:20:36.061 UTC [TRACE] steampipe-plugin-hackernews.plugin: [TRACE] HydrateConfig.initialise func getItem, table hackernews_show_hn
2022-11-13 23:20:36.061 UTC [TRACE] steampipe-plugin-hackernews.plugin: [TRACE] HydrateConfig.initialise complete: RetryConfig: , IgnoreConfig:
2022-11-13 23:20:36.061 UTC [TRACE] steampipe-plugin-hackernews.plugin: [TRACE] back from initialiseHydrateConfigs
2022-11-13 23:20:36.061 UTC [TRACE] steampipe-plugin-hackernews.plugin: [TRACE] initialise table hackernews_show_hn COMPLETE
2022-11-13 23:20:36.061 UTC [TRACE] steampipe-plugin-hackernews.plugin: [TRACE] initialise table hackernews_top
2022-11-13 23:20:36.061 UTC [TRACE] steampipe-plugin-hackernews.plugin: [TRACE] no DefaultRetryConfig defined - creating empty
2022-11-13 23:20:36.061 UTC [TRACE] steampipe-plugin-hackernews.plugin: [TRACE] no DefaultIgnoreConfig defined - creating empty
2022-11-13 23:20:36.061 UTC [TRACE] steampipe-plugin-hackernews.plugin: [TRACE] apply plugin defaults for DefaultRetryConfig
2022-11-13 23:20:36.061 UTC [TRACE] steampipe-plugin-hackernews.plugin: [TRACE] apply plugin defaults for DefaultIgnoreConfig, table &{<nil> <nil>} plugin &{<nil> <nil>}
2022-11-13 23:20:36.061 UTC [TRACE] steampipe-plugin-hackernews.plugin: [TRACE] DefaultRetryConfig:
2022-11-13 23:20:36.061 UTC [TRACE] steampipe-plugin-hackernews.plugin: [TRACE] DefaultIgnoreConfig:
2022-11-13 23:20:36.061 UTC [TRACE] steampipe-plugin-hackernews.plugin: [TRACE] t.Get.initialise
2022-11-13 23:20:36.061 UTC [TRACE] steampipe-plugin-hackernews.plugin: [TRACE] GetConfig.initialise table hackernews_top
2022-11-13 23:20:36.061 UTC [TRACE] steampipe-plugin-hackernews.plugin: [TRACE] GetConfig.initialise complete: RetryConfig: , IgnoreConfig:
2022-11-13 23:20:36.061 UTC [TRACE] steampipe-plugin-hackernews.plugin: [TRACE] t.List.initialise
2022-11-13 23:20:36.061 UTC [TRACE] steampipe-plugin-hackernews.plugin: [TRACE] ListConfig.initialise table hackernews_top
2022-11-13 23:20:36.061 UTC [TRACE] steampipe-plugin-hackernews.plugin: [TRACE] ListConfig.initialise complete: RetryConfig: , IgnoreConfig
2022-11-13 23:20:36.061 UTC [TRACE] steampipe-plugin-hackernews.plugin: [TRACE] HydrateConfig.initialise func getItem, table hackernews_top
2022-11-13 23:20:36.061 UTC [TRACE] steampipe-plugin-hackernews.plugin: [TRACE] HydrateConfig.initialise complete: RetryConfig: , IgnoreConfig:
2022-11-13 23:20:36.061 UTC [TRACE] steampipe-plugin-hackernews.plugin: [TRACE] back from initialiseHydrateConfigs
2022-11-13 23:20:36.061 UTC [TRACE] steampipe-plugin-hackernews.plugin: [TRACE] initialise table hackernews_top COMPLETE
2022-11-13 23:20:36.061 UTC [TRACE] steampipe-plugin-hackernews.plugin: [TRACE] initialise table hackernews_user
2022-11-13 23:20:36.061 UTC [TRACE] steampipe-plugin-hackernews.plugin: [TRACE] no DefaultRetryConfig defined - creating empty
2022-11-13 23:20:36.061 UTC [TRACE] steampipe-plugin-hackernews.plugin: [TRACE] no DefaultIgnoreConfig defined - creating empty
2022-11-13 23:20:36.061 UTC [TRACE] steampipe-plugin-hackernews.plugin: [TRACE] apply plugin defaults for DefaultRetryConfig
2022-11-13 23:20:36.061 UTC [TRACE] steampipe-plugin-hackernews.plugin: [TRACE] apply plugin defaults for DefaultIgnoreConfig, table &{<nil> <nil>} plugin &{<nil> <nil>}
2022-11-13 23:20:36.061 UTC [TRACE] steampipe-plugin-hackernews.plugin: [TRACE] DefaultRetryConfig:
2022-11-13 23:20:36.061 UTC [TRACE] steampipe-plugin-hackernews.plugin: [TRACE] DefaultIgnoreConfig:
2022-11-13 23:20:36.061 UTC [TRACE] steampipe-plugin-hackernews.plugin: [TRACE] t.List.initialise
2022-11-13 23:20:36.061 UTC [TRACE] steampipe-plugin-hackernews.plugin: [TRACE] ListConfig.initialise table hackernews_user
2022-11-13 23:20:36.061 UTC [TRACE] steampipe-plugin-hackernews.plugin: [TRACE] ListConfig.initialise complete: RetryConfig: , IgnoreConfig
2022-11-13 23:20:36.061 UTC [TRACE] steampipe-plugin-hackernews.plugin: [TRACE] back from initialiseHydrateConfigs
2022-11-13 23:20:36.061 UTC [TRACE] steampipe-plugin-hackernews.plugin: [TRACE] initialise table hackernews_user COMPLETE
2022-11-13 23:20:36.061 UTC [TRACE] steampipe-plugin-hackernews.plugin: [TRACE] initialise table hackernews_ask_hn
2022-11-13 23:20:36.061 UTC [TRACE] steampipe-plugin-hackernews.plugin: [TRACE] no DefaultRetryConfig defined - creating empty
2022-11-13 23:20:36.061 UTC [TRACE] steampipe-plugin-hackernews.plugin: [TRACE] no DefaultIgnoreConfig defined - creating empty
2022-11-13 23:20:36.061 UTC [TRACE] steampipe-plugin-hackernews.plugin: [TRACE] apply plugin defaults for DefaultRetryConfig
2022-11-13 23:20:36.061 UTC [TRACE] steampipe-plugin-hackernews.plugin: [TRACE] apply plugin defaults for DefaultIgnoreConfig, table &{<nil> <nil>} plugin &{<nil> <nil>}
2022-11-13 23:20:36.061 UTC [TRACE] steampipe-plugin-hackernews.plugin: [TRACE] DefaultRetryConfig:
2022-11-13 23:20:36.061 UTC [TRACE] steampipe-plugin-hackernews.plugin: [TRACE] DefaultIgnoreConfig:
2022-11-13 23:20:36.061 UTC [TRACE] steampipe-plugin-hackernews.plugin: [TRACE] t.Get.initialise
2022-11-13 23:20:36.061 UTC [TRACE] steampipe-plugin-hackernews.plugin: [TRACE] GetConfig.initialise table hackernews_ask_hn
2022-11-13 23:20:36.061 UTC [TRACE] steampipe-plugin-hackernews.plugin: [TRACE] GetConfig.initialise complete: RetryConfig: , IgnoreConfig:
2022-11-13 23:20:36.061 UTC [TRACE] steampipe-plugin-hackernews.plugin: [TRACE] t.List.initialise
2022-11-13 23:20:36.061 UTC [TRACE] steampipe-plugin-hackernews.plugin: [TRACE] ListConfig.initialise table hackernews_ask_hn
2022-11-13 23:20:36.061 UTC [TRACE] steampipe-plugin-hackernews.plugin: [TRACE] ListConfig.initialise complete: RetryConfig: , IgnoreConfig
2022-11-13 23:20:36.061 UTC [TRACE] steampipe-plugin-hackernews.plugin: [TRACE] HydrateConfig.initialise func getItem, table hackernews_ask_hn
2022-11-13 23:20:36.061 UTC [TRACE] steampipe-plugin-hackernews.plugin: [TRACE] HydrateConfig.initialise complete: RetryConfig: , IgnoreConfig:
2022-11-13 23:20:36.061 UTC [TRACE] steampipe-plugin-hackernews.plugin: [TRACE] back from initialiseHydrateConfigs
2022-11-13 23:20:36.061 UTC [TRACE] steampipe-plugin-hackernews.plugin: [TRACE] initialise table hackernews_ask_hn COMPLETE
2022-11-13 23:20:36.061 UTC [TRACE] steampipe-plugin-hackernews.plugin: [TRACE] initialise table hackernews_best
2022-11-13 23:20:36.061 UTC [TRACE] steampipe-plugin-hackernews.plugin: [TRACE] no DefaultRetryConfig defined - creating empty
2022-11-13 23:20:36.061 UTC [TRACE] steampipe-plugin-hackernews.plugin: [TRACE] no DefaultIgnoreConfig defined - creating empty
2022-11-13 23:20:36.061 UTC [TRACE] steampipe-plugin-hackernews.plugin: [TRACE] apply plugin defaults for DefaultRetryConfig
2022-11-13 23:20:36.061 UTC [TRACE] steampipe-plugin-hackernews.plugin: [TRACE] apply plugin defaults for DefaultIgnoreConfig, table &{<nil> <nil>} plugin &{<nil> <nil>}
2022-11-13 23:20:36.061 UTC [TRACE] steampipe-plugin-hackernews.plugin: [TRACE] DefaultRetryConfig:
2022-11-13 23:20:36.061 UTC [TRACE] steampipe-plugin-hackernews.plugin: [TRACE] DefaultIgnoreConfig:
2022-11-13 23:20:36.061 UTC [TRACE] steampipe-plugin-hackernews.plugin: [TRACE] t.Get.initialise
2022-11-13 23:20:36.061 UTC [TRACE] steampipe-plugin-hackernews.plugin: [TRACE] GetConfig.initialise table hackernews_best
2022-11-13 23:20:36.061 UTC [TRACE] steampipe-plugin-hackernews.plugin: [TRACE] GetConfig.initialise complete: RetryConfig: , IgnoreConfig:
2022-11-13 23:20:36.061 UTC [TRACE] steampipe-plugin-hackernews.plugin: [TRACE] t.List.initialise
2022-11-13 23:20:36.061 UTC [TRACE] steampipe-plugin-hackernews.plugin: [TRACE] ListConfig.initialise table hackernews_best
2022-11-13 23:20:36.061 UTC [TRACE] steampipe-plugin-hackernews.plugin: [TRACE] ListConfig.initialise complete: RetryConfig: , IgnoreConfig
2022-11-13 23:20:36.061 UTC [TRACE] steampipe-plugin-hackernews.plugin: [TRACE] HydrateConfig.initialise func getItem, table hackernews_best
2022-11-13 23:20:36.061 UTC [TRACE] steampipe-plugin-hackernews.plugin: [TRACE] HydrateConfig.initialise complete: RetryConfig: , IgnoreConfig:
2022-11-13 23:20:36.061 UTC [TRACE] steampipe-plugin-hackernews.plugin: [TRACE] back from initialiseHydrateConfigs
2022-11-13 23:20:36.061 UTC [TRACE] steampipe-plugin-hackernews.plugin: [TRACE] initialise table hackernews_best COMPLETE
2022-11-13 23:20:36.061 UTC [TRACE] steampipe-plugin-hackernews.plugin: [TRACE] initialise table hackernews_item
2022-11-13 23:20:36.061 UTC [TRACE] steampipe-plugin-hackernews.plugin: [TRACE] no DefaultRetryConfig defined - creating empty
2022-11-13 23:20:36.061 UTC [TRACE] steampipe-plugin-hackernews.plugin: [TRACE] no DefaultIgnoreConfig defined - creating empty
2022-11-13 23:20:36.061 UTC [TRACE] steampipe-plugin-hackernews.plugin: [TRACE] apply plugin defaults for DefaultRetryConfig
2022-11-13 23:20:36.061 UTC [TRACE] steampipe-plugin-hackernews.plugin: [TRACE] apply plugin defaults for DefaultIgnoreConfig, table &{<nil> <nil>} plugin &{<nil> <nil>}
2022-11-13 23:20:36.061 UTC [TRACE] steampipe-plugin-hackernews.plugin: [TRACE] DefaultRetryConfig:
2022-11-13 23:20:36.061 UTC [TRACE] steampipe-plugin-hackernews.plugin: [TRACE] DefaultIgnoreConfig:
2022-11-13 23:20:36.061 UTC [TRACE] steampipe-plugin-hackernews.plugin: [TRACE] t.Get.initialise
2022-11-13 23:20:36.061 UTC [TRACE] steampipe-plugin-hackernews.plugin: [TRACE] GetConfig.initialise table hackernews_item
2022-11-13 23:20:36.061 UTC [TRACE] steampipe-plugin-hackernews.plugin: [TRACE] GetConfig.initialise complete: RetryConfig: , IgnoreConfig:
2022-11-13 23:20:36.061 UTC [TRACE] steampipe-plugin-hackernews.plugin: [TRACE] t.List.initialise
2022-11-13 23:20:36.061 UTC [TRACE] steampipe-plugin-hackernews.plugin: [TRACE] ListConfig.initialise table hackernews_item
2022-11-13 23:20:36.061 UTC [TRACE] steampipe-plugin-hackernews.plugin: [TRACE] ListConfig.initialise complete: RetryConfig: , IgnoreConfig
2022-11-13 23:20:36.061 UTC [TRACE] steampipe-plugin-hackernews.plugin: [TRACE] HydrateConfig.initialise func getItem, table hackernews_item
2022-11-13 23:20:36.061 UTC [TRACE] steampipe-plugin-hackernews.plugin: [TRACE] HydrateConfig.initialise complete: RetryConfig: , IgnoreConfig:
2022-11-13 23:20:36.061 UTC [TRACE] steampipe-plugin-hackernews.plugin: [TRACE] back from initialiseHydrateConfigs
2022-11-13 23:20:36.061 UTC [TRACE] steampipe-plugin-hackernews.plugin: [TRACE] initialise table hackernews_item COMPLETE
2022-11-13 23:20:36.061 UTC [TRACE] steampipe-plugin-hackernews.plugin: [TRACE] validate plugin steampipe-plugin-hackernews, required columns []
2022-11-13 23:20:36.061 UTC [TRACE] steampipe-plugin-hackernews.plugin: [TRACE] validate DefaultRetryConfig
2022-11-13 23:20:36.061 UTC [TRACE] steampipe-plugin-hackernews.plugin: [TRACE] validate DefaultIgnoreConfig
2022-11-13 23:20:36.061 UTC [TRACE] steampipe-plugin-hackernews.plugin: [TRACE] validate table names
2022-11-13 23:20:36.061 UTC [TRACE] steampipe-plugin-hackernews.plugin: [TRACE] plugin has 0 validation errors
2022-11-13 23:20:36.061 UTC [TRACE] steampipe-plugin-hackernews.plugin: [TRACE] Plugin ensureCache creating cache, maxCacheStorageMb 0
2022-11-13 23:20:36.061 UTC [TRACE] steampipe-plugin-hackernews.plugin: [TRACE] createCacheStore for plugin 'steampipe-plugin-hackernews' setting max size to 0Mb, Shards: 2, max shard size: 0
2022-11-13 23:20:36.073 UTC [INFO]  steampipe-plugin-hackernews.plugin: [INFO]  query cache created
2022-11-13 23:20:36.073 UTC [DEBUG] steampipe-plugin-hackernews.plugin: [DEBUG] SetAllConnectionConfigs finished
2022-11-13 23:20:36.073 UTC [TRACE] PluginManager getPlugin complete, returning reattach config with PID: 1996
2022-11-13 23:20:36.073 UTC [TRACE] PluginManager Get returning reattach_map:{key:"hackernews" value:{protocol:"grpc" addr:{Network:"unix" Address:"/tmp/plugin400995048"} pid:1996 supported_operations:{query_cache:true multiple_connections:true} connections:"hackernews" plugin:"hub.steampipe.io/plugins/turbot/hackernews@latest"}}
2022-11-13 23:20:36.077 UTC [INFO]  steampipe-plugin-hackernews.plugin: [INFO]  1668381636714: Plugin Execute (1668381636714)
2022-11-13 23:20:36.077 UTC [TRACE] steampipe-plugin-hackernews.plugin: [TRACE] 1668381636714: No memory limit set
2022-11-13 23:20:36.077 UTC [INFO]  steampipe-plugin-hackernews.plugin: [INFO]  1668381636714: Plugin Execute, setting memory limit to -1Mb
2022-11-13 23:20:36.077 UTC [TRACE] steampipe-plugin-hackernews.plugin: [TRACE] 1668381636714: calling ExtractContextFromCarrier
2022-11-13 23:20:36.077 UTC [INFO]  steampipe-plugin-hackernews.plugin: [INFO]  1668381636714: Setting max concurrent connections to 25
2022-11-13 23:20:36.077 UTC [TRACE] steampipe-plugin-hackernews.plugin: [TRACE] 1668381636714: executeForConnection callId: 1668381636714, connectionCallId: hackernews-1668381636714, connection: hackernews table: hackernews_new cols: id,title,time,by,score,dead,deleted,descendants,kids,parent,parts,poll,text,type,url,_ctx
2022-11-13 23:20:36.077 UTC [TRACE] steampipe-plugin-hackernews.plugin: [TRACE] 1668381636714: got connection data
2022-11-13 23:20:36.077 UTC [TRACE] steampipe-plugin-hackernews.plugin: [TRACE] 1668381636714: Got query context, table: hackernews_new, cols: [id title time by score dead deleted descendants kids parent parts poll text type url _ctx]
2022-11-13 23:20:36.077 UTC [TRACE] steampipe-plugin-hackernews.plugin: [TRACE] 1668381636714: Start execute span
2022-11-13 23:20:36.077 UTC [INFO]  steampipe-plugin-hackernews.plugin: [INFO]  1668381636714: Setting free memory interval to 100 rows
2022-11-13 23:20:36.077 UTC [TRACE] steampipe-plugin-hackernews.plugin: [TRACE] 1668381636714: setFetchType map[time:quals:{fieldName:"time"  string_value:">"  value:{timestamp_value:{seconds:1668378035  nanos:966524000}}}]
2022-11-13 23:20:36.077 UTC [TRACE] steampipe-plugin-hackernews.plugin: [TRACE] 1668381636714: getMatchingQuals column:'id' operator: =
2022-11-13 23:20:36.077 UTC [TRACE] steampipe-plugin-hackernews.plugin: [TRACE] 1668381636714: getMatchingQuals returning false - qualMap does not contain any quals for column id
2022-11-13 23:20:36.078 UTC [TRACE] steampipe-plugin-hackernews.plugin: [TRACE] 1668381636714: GetUnsatisfiedKeyColumns for columns column:'id' operator: =
2022-11-13 23:20:36.078 UTC [TRACE] steampipe-plugin-hackernews.plugin: [TRACE] 1668381636714: key column NOT satisfied column:'id' operator: =
2022-11-13 23:20:36.078 UTC [TRACE] steampipe-plugin-hackernews.plugin: [TRACE] 1668381636714: satisfied: map[any_of: optional: required:]
2022-11-13 23:20:36.079 UTC [TRACE] steampipe-plugin-hackernews.plugin: [TRACE] 1668381636714: unsatisfied: map[any_of: optional: required:column:'id' operator: =]
2022-11-13 23:20:36.080 UTC [TRACE] steampipe-plugin-hackernews.plugin: [TRACE] 1668381636714: unsatisfied required KeyColumns: column:'id' operator: =
2022-11-13 23:20:36.080 UTC [TRACE] steampipe-plugin-hackernews.plugin: [TRACE] 1668381636714: Set fetchType to fetchTypeList
2022-11-13 23:20:36.080 UTC [TRACE] steampipe-plugin-hackernews.plugin: [TRACE] 1668381636714: Equals key column quals:
2022-11-13 23:20:36.080 UTC [DEBUG] steampipe-plugin-hackernews.plugin: {}
2022-11-13 23:20:36.080 UTC [TRACE] steampipe-plugin-hackernews.plugin: [TRACE] 1668381636714: All key column quals:
2022-11-13 23:20:36.080 UTC [DEBUG] steampipe-plugin-hackernews.plugin: {}
2022-11-13 23:20:36.080 UTC [TRACE] steampipe-plugin-hackernews.plugin: [TRACE] 1668381636714: GetMatrixItem
2022-11-13 23:20:36.080 UTC [TRACE] steampipe-plugin-hackernews.plugin: [TRACE] 1668381636714: creating query data
2022-11-13 23:20:36.080 UTC [INFO]  steampipe-plugin-hackernews.plugin: [INFO]  1668381636714: cacheEnabled, trying cache get (hackernews-1668381636714)
2022-11-13 23:20:36.080 UTC [TRACE] steampipe-plugin-hackernews.plugin: [TRACE] 1668381636714: QueryCache Get - indexBucketKey index__hackernewshackernews_new, quals
2022-11-13 23:20:36.080 UTC [TRACE] steampipe-plugin-hackernews.plugin: [TRACE] 1668381636714: QueryCache getCachedQueryResult - table hackernews_new, connectionName hackernews
2022-11-13 23:20:36.080 UTC [TRACE] steampipe-plugin-hackernews.plugin: [TRACE] 1668381636714: index bucket key: index__hackernewshackernews_new ttlSeconds 300 limit: -1
2022-11-13 23:20:36.080 UTC [TRACE] steampipe-plugin-hackernews.plugin: [TRACE] 1668381636714: doGet cache miss
2022-11-13 23:20:36.080 UTC [TRACE] steampipe-plugin-hackernews.plugin: [TRACE] 1668381636714: getCachedIndexBucket - no item retrieved for cache key index__hackernewshackernews_new
2022-11-13 23:20:36.080 UTC [TRACE] steampipe-plugin-hackernews.plugin: [TRACE] 1668381636714: getCachedQueryResult returned CACHE MISS - checking for pending transfers
2022-11-13 23:20:36.080 UTC [TRACE] steampipe-plugin-hackernews.plugin: [TRACE] 1668381636714: getPendingResultItem indexBucketKey index__hackernewshackernews_new, columns [id title time by score dead deleted descendants kids parent parts poll text type url _ctx], limit -1
2022-11-13 23:20:36.080 UTC [TRACE] steampipe-plugin-hackernews.plugin: [TRACE] 1668381636714: no pending index item - add pending result, indexBucketKey index__hackernewshackernews_new
2022-11-13 23:20:36.080 UTC [TRACE] steampipe-plugin-hackernews.plugin: [TRACE] 1668381636714: addPendingResult (hackernews-1668381636714) indexBucketKey index__hackernewshackernews_new, columns [id title time by score dead deleted descendants kids parent parts poll text type url _ctx], limit -1
2022-11-13 23:20:36.080 UTC [TRACE] steampipe-plugin-hackernews.plugin: [TRACE] 1668381636714: no index bucket found - creating one
2022-11-13 23:20:36.080 UTC [TRACE] steampipe-plugin-hackernews.plugin: [TRACE] 1668381636714: pendingIndexItem Lock count before 0
2022-11-13 23:20:36.080 UTC [TRACE] steampipe-plugin-hackernews.plugin: [TRACE] 1668381636714: addPendingResult added pending index item to bucket, (hackernews-1668381636714) indexBucketKey index__hackernewshackernews_new, resultKeyRoot hackernewshackernews_newid,title,time,by,score,dead,deleted,descendants,kids,parent,parts,poll,text,type,url,_ctx-1, pending item : 0xc00041ec60
2022-11-13 23:20:36.080 UTC [TRACE] steampipe-plugin-hackernews.plugin: [TRACE] 1668381636714: **** pending items (hackernews-1668381636714)****
2022-11-13 23:20:36.080 UTC [TRACE] steampipe-plugin-hackernews.plugin: [TRACE] 1668381636714: key: index__hackernewshackernews_new: item: 0xc00041ec60, count: 1, key:hackernewshackernews_newid,title,time,by,score,dead,deleted,descendants,kids,parent,parts,poll,text,type,url,_ctx-1
2022-11-13 23:20:36.080 UTC [TRACE] steampipe-plugin-hackernews.plugin: [TRACE] 1668381636714: ********
2022-11-13 23:20:36.080 UTC [TRACE] steampipe-plugin-hackernews.plugin: [TRACE] 1668381636714: getPendingResultItem returning <nil>
2022-11-13 23:20:36.080 UTC [INFO]  steampipe-plugin-hackernews.plugin: [INFO]  1668381636714: CACHE MISS
2022-11-13 23:20:36.080 UTC [TRACE] steampipe-plugin-hackernews.plugin: [TRACE] 1668381636714: cache MISS
2022-11-13 23:20:36.080 UTC [INFO]  steampipe-plugin-hackernews.plugin: [INFO]  1668381636714: queryCacheGet returned CACHE MISS (hackernews-1668381636714)
2022-11-13 23:20:36.080 UTC [TRACE] steampipe-plugin-hackernews.plugin: [TRACE] 1668381636714: StartSet (hackernews-1668381636714)
2022-11-13 23:20:36.080 UTC [TRACE] steampipe-plugin-hackernews.plugin: [TRACE] 1668381636714: calling fetchItems, table: hackernews_new, matrixItem: [], limit: -1,  connectionCallId: hackernews-1668381636714"
2022-11-13 23:20:36.080 UTC [TRACE] steampipe-plugin-hackernews.plugin: [TRACE] 1668381636714: buildRowsAsync connectionCallId: hackernews-1668381636714
2022-11-13 23:20:36.080 UTC [TRACE] steampipe-plugin-hackernews.plugin: [TRACE] 1668381636714: streamRows connectionCallId: hackernews-1668381636714
2022-11-13 23:20:36.080 UTC [TRACE] steampipe-plugin-hackernews.plugin: [TRACE] 1668381636714: QueryData streamRows (hackernews-1668381636714)
2022-11-13 23:20:36.080 UTC [TRACE] steampipe-plugin-hackernews.plugin: [TRACE] 1668381636714: executeListCall START (hackernews-1668381636714)
2022-11-13 23:20:36.080 UTC [TRACE] steampipe-plugin-hackernews.plugin: [TRACE] 1668381636714: GetUnsatisfiedKeyColumns for columns
2022-11-13 23:20:36.080 UTC [TRACE] steampipe-plugin-hackernews.plugin: [TRACE] 1668381636714: doList (hackernews-1668381636714)
2022-11-13 23:20:36.080 UTC [TRACE] steampipe-plugin-hackernews.plugin: [TRACE] 1668381636714: doList: no matrix item
2022-11-13 23:20:36.279 UTC [TRACE] steampipe-plugin-hackernews.plugin: [TRACE] 1668381636714: QueryData.fetchComplete
2022-11-13 23:20:36.279 UTC [TRACE] steampipe-plugin-hackernews.plugin: [TRACE] 1668381636714: executeListCall COMPLETE (hackernews-1668381636714)
2022-11-13 23:20:36.279 UTC [TRACE] steampipe-plugin-hackernews.plugin: [TRACE] 1668381636714: rowData chan returned nil - wait for rows to complete (hackernews-1668381636714)
2022-11-13 23:20:36.281 UTC [TRACE] stdio: received data: channel=STDOUT len=16
2022-11-13 23:20:36.281 UTC [TRACE] stdio: waiting for stdio data
2022-11-13 23:20:36.403 UTC [TRACE] stdio: received data: channel=STDOUT len=901
2022-11-13 23:20:36.403 UTC [TRACE] stdio: waiting for stdio data
2022-11-13 23:20:36.424 UTC [TRACE] stdio: received data: channel=STDOUT len=848
2022-11-13 23:20:36.424 UTC [TRACE] stdio: waiting for stdio data
2022-11-13 23:20:36.461 UTC [TRACE] stdio: received data: channel=STDOUT len=792
2022-11-13 23:20:36.461 UTC [TRACE] stdio: waiting for stdio data
2022-11-13 23:20:36.476 UTC [TRACE] stdio: received data: channel=STDOUT len=1024
2022-11-13 23:20:36.476 UTC [TRACE] stdio: waiting for stdio data
2022-11-13 23:20:36.606 UTC [TRACE] stdio: received data: channel=STDOUT len=879
2022-11-13 23:20:36.606 UTC [TRACE] stdio: waiting for stdio data
2022-11-13 23:20:36.634 UTC [TRACE] stdio: received data: channel=STDOUT len=55
2022-11-13 23:20:36.634 UTC [TRACE] stdio: waiting for stdio data
2022-11-13 23:20:36.647 UTC [TRACE] stdio: received data: channel=STDOUT len=856
2022-11-13 23:20:36.647 UTC [TRACE] stdio: waiting for stdio data
2022-11-13 23:20:36.655 UTC [TRACE] steampipe-plugin-hackernews.plugin: [TRACE] 1668381636714: buildRowsAsync goroutine returning (hackernews-1668381636714)
2022-11-13 23:20:36.655 UTC [TRACE] steampipe-plugin-hackernews.plugin: [TRACE] 1668381636714: streamRows - nil row, stop streaming (hackernews-1668381636714)
2022-11-13 23:20:36.655 UTC [TRACE] steampipe-plugin-hackernews.plugin: [TRACE] 1668381636714: ------------------------------------
2022-11-13 23:20:36.655 UTC [TRACE] steampipe-plugin-hackernews.plugin: [TRACE] 1668381636714: Concurrency Summary
2022-11-13 23:20:36.655 UTC [TRACE] steampipe-plugin-hackernews.plugin: [TRACE] 1668381636714: ------------------------------------
2022-11-13 23:20:36.655 UTC [TRACE] steampipe-plugin-hackernews.plugin: [TRACE] 1668381636714: getItem                       : 200
2022-11-13 23:20:36.655 UTC [TRACE] steampipe-plugin-hackernews.plugin: [TRACE] 1668381636714: ------------------------------------
2022-11-13 23:20:36.655 UTC [TRACE] steampipe-plugin-hackernews.plugin: [TRACE] 1668381636714: Total                         : 200
2022-11-13 23:20:36.655 UTC [TRACE] steampipe-plugin-hackernews.plugin: [TRACE] 1668381636714: ------------------------------------
2022-11-13 23:20:36.655 UTC [TRACE] steampipe-plugin-hackernews.plugin: [TRACE] 1668381636714: QueryData streamRows DONE (hackernews-1668381636714)
2022-11-13 23:20:36.655 UTC [TRACE] steampipe-plugin-hackernews.plugin: [TRACE] 1668381636714: EndSet (hackernews-1668381636714) table hackernews_new
2022-11-13 23:20:36.655 UTC [TRACE] steampipe-plugin-hackernews.plugin: [TRACE] 1668381636714: QueryCache writePageToCache: 500 rows, pageCount 1, page key hackernewshackernews_newid,title,time,by,score,dead,deleted,descendants,kids,parent,parts,poll,text,type,url,_ctx-1-0
2022-11-13 23:20:36.657 UTC [TRACE] stdio: received data: channel=STDOUT len=517
2022-11-13 23:20:36.657 UTC [TRACE] stdio: waiting for stdio data
2022-11-13 23:20:36.662 UTC [TRACE] steampipe-plugin-hackernews.plugin: [TRACE] 1668381636714: writePageToCache Set - result written
2022-11-13 23:20:36.662 UTC [TRACE] steampipe-plugin-hackernews.plugin: [TRACE] 1668381636714: QueryCache EndSet - result written
2022-11-13 23:20:36.662 UTC [TRACE] steampipe-plugin-hackernews.plugin: [TRACE] 1668381636714: doGet cache miss
2022-11-13 23:20:36.662 UTC [TRACE] steampipe-plugin-hackernews.plugin: [TRACE] 1668381636714: getCachedIndexBucket - no item retrieved for cache key index__hackernewshackernews_new
2022-11-13 23:20:36.662 UTC [TRACE] steampipe-plugin-hackernews.plugin: [TRACE] 1668381636714: getCachedIndexBucket returned cache miss
2022-11-13 23:20:36.662 UTC [TRACE] steampipe-plugin-hackernews.plugin: [TRACE] 1668381636714: QueryCache EndSet - Added index item (0xc01af9ed20) to bucket (0xc01aed87e0), page count 1,  key root hackernewshackernews_newid,title,time,by,score,dead,deleted,descendants,kids,parent,parts,poll,text,type,url,_ctx-1
2022-11-13 23:20:36.662 UTC [TRACE] steampipe-plugin-hackernews.plugin: [TRACE] 1668381636714: cacheSetIndexBucket index__hackernewshackernews_new
2022-11-13 23:20:36.662 UTC [TRACE] steampipe-plugin-hackernews.plugin: [TRACE] 1668381636714: QueryCache EndSet - IndexBucket written
2022-11-13 23:20:36.662 UTC [TRACE] steampipe-plugin-hackernews.plugin: [TRACE] 1668381636714: EndSet DEFER (hackernews-1668381636714) table hackernews_new
2022-11-13 23:20:36.662 UTC [TRACE] steampipe-plugin-hackernews.plugin: [TRACE] 1668381636714: calling pendingItemComplete (hackernews-1668381636714)
2022-11-13 23:20:36.662 UTC [TRACE] steampipe-plugin-hackernews.plugin: [TRACE] 1668381636714: pendingItemComplete (hackernews-1668381636714) indexBucketKey index__hackernewshackernews_new, columns [id title time by score dead deleted descendants kids parent parts poll text type url _ctx], limit -1
2022-11-13 23:20:36.662 UTC [TRACE] steampipe-plugin-hackernews.plugin: [TRACE] 1668381636714: got pending index bucket, (hackernews-1668381636714) len 1
2022-11-13 23:20:36.662 UTC [TRACE] steampipe-plugin-hackernews.plugin: [TRACE] 1668381636714: SatisfiesLimit limit -1, no item limit - satisfied
2022-11-13 23:20:36.662 UTC [TRACE] steampipe-plugin-hackernews.plugin: [TRACE] 1668381636714: found pending index item to satisfy columns id,title,time,by,score,dead,deleted,descendants,kids,parent,parts,poll,text,type,url,_ctx, limit -1
2022-11-13 23:20:36.662 UTC [TRACE] steampipe-plugin-hackernews.plugin: [TRACE] 1668381636714: found completed pending item (hackernews-1668381636714) 0xc00041ec60, key hackernewshackernews_newid,title,time,by,score,dead,deleted,descendants,kids,parent,parts,poll,text,type,url,_ctx-1 - removing from map as it is complete
2022-11-13 23:20:36.662 UTC [TRACE] steampipe-plugin-hackernews.plugin: [TRACE] 1668381636714: pendingIndexItem Unlock count before 1 key hackernewshackernews_newid,title,time,by,score,dead,deleted,descendants,kids,parent,parts,poll,text,type,url,_ctx-1
2022-11-13 23:20:36.662 UTC [TRACE] steampipe-plugin-hackernews.plugin: [TRACE] 1668381636714: deleted from pending, (hackernews-1668381636714) len 0
2022-11-13 23:20:36.662 UTC [TRACE] steampipe-plugin-hackernews.plugin: [TRACE] 1668381636714: pending bucket now empty - deleting key index__hackernewshackernews_new
2022-11-13 23:20:36.662 UTC [TRACE] steampipe-plugin-hackernews.plugin: [TRACE] 1668381636714: pendingItemComplete done (hackernews-1668381636714)
2022-11-13 23:20:36.662 UTC [TRACE] steampipe-plugin-hackernews.plugin: [TRACE] 1668381636714: cache set succeeded
2022-11-13 23:20:36.662 UTC [TRACE] steampipe-plugin-hackernews.plugin: [TRACE] 1668381636714: End execute span
2022-11-13 23:20:36.662 UTC [TRACE] steampipe-plugin-hackernews.plugin: [TRACE] 1668381636714: executeForConnection DEFER (hackernews-1668381636714)
2022-11-13 23:20:36.662 UTC [TRACE] steampipe-plugin-hackernews.plugin: [TRACE] 1668381636714: Execute complete callId: hackernews-1668381636714 table: hackernews_new
2022-11-13 23:20:36.662 UTC [TRACE] steampipe-plugin-hackernews.plugin: [TRACE] 1668381636714: executeForConnection hackernews returned
2022-11-13 23:20:36.662 UTC [TRACE] steampipe-plugin-hackernews.plugin: [TRACE] 1668381636714: output wg complete - send nil row
2022-11-13 23:20:36.662 UTC [TRACE] steampipe-plugin-hackernews.plugin: [TRACE] 1668381636714: empty row on output channel - we are done
2022-11-13 23:20:36.662 UTC [INFO]  steampipe-plugin-hackernews.plugin: [INFO]  1668381636714: Plugin Execute complete (1668381636714)
2022-11-13 23:20:36.725 UTC [TRACE] PluginManager Shutdown
2022-11-13 23:20:36.725 UTC [TRACE] killing plugin csv (1974)
2022-11-13 23:20:36.726 UTC [DEBUG] stdio: received EOF, stopping recv loop: err="rpc error: code = Unavailable desc = error reading from server: EOF"
2022-11-13 23:20:36.726 UTC [TRACE] steampipe-plugin-csv.plugin: [TRACE] FLUSHING instrumentation
2022-11-13 23:20:36.726 UTC [TRACE] steampipe-plugin-csv.plugin: [TRACE] Shutdown instrumentation
2022-11-13 23:20:36.727 UTC [INFO]  plugin process exited: path=/home/runner/.steampipe/plugins/hub.steampipe.io/plugins/turbot/csv@latest/steampipe-plugin-csv.plugin pid=1974
2022-11-13 23:20:36.727 UTC [DEBUG] plugin exited
2022-11-13 23:20:36.727 UTC [TRACE] killing plugin hackernews (1996)
2022-11-13 23:20:36.727 UTC [DEBUG] stdio: received EOF, stopping recv loop: err="rpc error: code = Unavailable desc = error reading from server: EOF"
2022-11-13 23:20:36.727 UTC [TRACE] steampipe-plugin-hackernews.plugin: [TRACE] 1668381636714: FLUSHING instrumentation
2022-11-13 23:20:36.727 UTC [TRACE] steampipe-plugin-hackernews.plugin: [TRACE] 1668381636714: Shutdown instrumentation
2022-11-13 23:20:36.729 UTC [INFO]  plugin process exited: path=/home/runner/.steampipe/plugins/hub.steampipe.io/plugins/turbot/hackernews@latest/steampipe-plugin-hackernews.plugin pid=1996
2022-11-13 23:20:36.729 UTC [DEBUG] plugin exited
2022-11-13 23:20:40.842 UTC [WARN]  steampipe-plugin-csv.plugin: [WARN]  1668381640166: getKeyColumnsForTable found no schema for table '/home/runner/work/steampipe-samples/steampipe-samples/all/hackernews/hn.csv'
2022-11-13 23:21:02.934 UTC [WARN]  steampipe-plugin-csv.plugin: [WARN]  1668381662875: getKeyColumnsForTable found no schema for table '/home/runner/work/steampipe-samples/steampipe-samples/all/hackernews/hn.csv'
2022-11-13 23:22:58.184 UTC [ERROR] steampipe-plugin-csv.plugin: [ERROR] csv.tableCSV: header_parse_error=EOF path=/home/runner/work/steampipe-samples/steampipe-samples/all/hackernews/new_sc.csv header=[]
2022-11-13 23:22:58.184 UTC [ERROR] steampipe-plugin-csv.plugin: [ERROR] csv.PluginTables: create_table_error="failed to parse file header /home/runner/work/steampipe-samples/steampipe-samples/all/hackernews/new_sc.csv: EOF" path=/home/runner/work/steampipe-samples/steampipe-samples/all/hackernews/new_sc.csv
2022-11-13 23:22:58.184 UTC [WARN]  failed to set connection config: failed to parse file header /home/runner/work/steampipe-samples/steampipe-samples/all/hackernews/new_sc.csv: EOF
2022-11-13 23:22:59.453 UTC [WARN]  steampipe-plugin-csv.plugin: [WARN]  1668381779460: getKeyColumnsForTable found no schema for table '/home/runner/work/steampipe-samples/steampipe-samples/all/hackernews/new_sc.csv'
2022-11-13 23:23:06.138 UTC [ERROR] steampipe-plugin-csv.plugin: [ERROR] csv.tableCSV: header_parse_error=EOF path=/home/runner/work/steampipe-samples/steampipe-samples/all/hackernews/hn_items_all.csv header=[]
2022-11-13 23:23:06.138 UTC [ERROR] steampipe-plugin-csv.plugin: [ERROR] csv.PluginTables: create_table_error="failed to parse file header /home/runner/work/steampipe-samples/steampipe-samples/all/hackernews/hn_items_all.csv: EOF" path=/home/runner/work/steampipe-samples/steampipe-samples/all/hackernews/hn_items_all.csv
2022-11-13 23:23:06.138 UTC [WARN]  failed to set connection config: failed to parse file header /home/runner/work/steampipe-samples/steampipe-samples/all/hackernews/hn_items_all.csv: EOF
2022-11-13 23:23:07.465 UTC [ERROR] steampipe-plugin-csv.plugin: [ERROR] csv.tableCSV: header_parse_error=EOF path=/home/runner/work/steampipe-samples/steampipe-samples/all/hackernews/people.csv header=[]
2022-11-13 23:23:07.465 UTC [ERROR] steampipe-plugin-csv.plugin: [ERROR] csv.PluginTables: create_table_error="failed to parse file header /home/runner/work/steampipe-samples/steampipe-samples/all/hackernews/people.csv: EOF" path=/home/runner/work/steampipe-samples/steampipe-samples/all/hackernews/people.csv
2022-11-13 23:23:07.465 UTC [WARN]  failed to set connection config: failed to parse file header /home/runner/work/steampipe-samples/steampipe-samples/all/hackernews/people.csv: EOF
