2022-12-28 18:20:21.513 UTC [INFO]  starting plugin manager
2022-12-28 18:20:21.514 UTC [TRACE] loaded config map: csv,github,hackernews,net
2022-12-28 18:20:21.514 UTC [TRACE] NewPluginManager
2022-12-28 18:20:21.515 UTC [TRACE] PluginManager setPluginCacheSizeMap: 4 connections.
2022-12-28 18:20:21.515 UTC [TRACE] Total cache size 0Mb
2022-12-28 18:20:21.515 UTC [INFO]  starting connection watcher
2022-12-28 18:20:21.515 UTC [INFO]  created ConnectionWatcher
2022-12-28 18:20:21.515 UTC [TRACE] about to serve
2022-12-28 18:20:21.583 UTC [TRACE] PluginManager Get, connections: '[csv]'
2022-12-28 18:20:21.583 UTC [TRACE] PluginManager getPlugin hub.steampipe.io/plugins/turbot/csv@latest connection 'csv'
2022-12-28 18:20:21.583 UTC [TRACE] PluginManager 0xc000101d10 plugin hub.steampipe.io/plugins/turbot/csv@latest (csv) NOT started or starting - start now
2022-12-28 18:20:21.583 UTC [TRACE] ************ start plugin csv ********************
2022-12-28 18:20:21.583 UTC [TRACE] ************ plugin path /home/runner/.steampipe/plugins/hub.steampipe.io/plugins/turbot/csv@latest/steampipe-plugin-csv.plugin ********************
2022-12-28 18:20:21.615 UTC [TRACE] handleFileWatcherEvent ignoring first event
2022-12-28 18:20:21.645 UTC [DEBUG] starting plugin: path=/home/runner/.steampipe/plugins/hub.steampipe.io/plugins/turbot/csv@latest/steampipe-plugin-csv.plugin args=["/home/runner/.steampipe/plugins/hub.steampipe.io/plugins/turbot/csv@latest/steampipe-plugin-csv.plugin"]
2022-12-28 18:20:21.645 UTC [DEBUG] plugin started: path=/home/runner/.steampipe/plugins/hub.steampipe.io/plugins/turbot/csv@latest/steampipe-plugin-csv.plugin pid=2081
2022-12-28 18:20:21.646 UTC [DEBUG] waiting for RPC address: path=/home/runner/.steampipe/plugins/hub.steampipe.io/plugins/turbot/csv@latest/steampipe-plugin-csv.plugin
2022-12-28 18:20:21.655 UTC [INFO]  steampipe-plugin-csv.plugin: [INFO]  Initialise plugin 'steampipe-plugin-csv', using sdk version 4.1.8
2022-12-28 18:20:21.655 UTC [TRACE] steampipe-plugin-csv.plugin: [TRACE] no DefaultRetryConfig defined - creating empty
2022-12-28 18:20:21.655 UTC [TRACE] steampipe-plugin-csv.plugin: [TRACE] no DefaultIgnoreConfig defined - creating empty
2022-12-28 18:20:21.655 UTC [TRACE] steampipe-plugin-csv.plugin: [TRACE] telemetry.Init service 'steampipe-plugin-csv', tracingEnabled: false, metricsEnabled: false
2022-12-28 18:20:21.655 UTC [TRACE] steampipe-plugin-csv.plugin: [TRACE] metrics and tracing disabled' - returning
2022-12-28 18:20:21.655 UTC [DEBUG] steampipe-plugin-csv.plugin: plugin address: address=/tmp/plugin3467411070 network=unix timestamp=2022-12-28T18:20:21.655Z
2022-12-28 18:20:21.655 UTC [DEBUG] using plugin: version=0
2022-12-28 18:20:21.655 UTC [TRACE] NewPluginClient for plugin hub.steampipe.io/plugins/turbot/csv@latest
2022-12-28 18:20:21.657 UTC [TRACE] stdio: waiting for stdio data
2022-12-28 18:20:21.658 UTC [TRACE] supportedOperations: query_cache:true multiple_connections:true
2022-12-28 18:20:21.659 UTC [TRACE] steampipe-plugin-csv.plugin: [TRACE] SetAllConnectionConfigs setting 1 configs
2022-12-28 18:20:21.659 UTC [TRACE] steampipe-plugin-csv.plugin: [TRACE] connection csv build schema and table map
2022-12-28 18:20:21.659 UTC [DEBUG] steampipe-plugin-csv.plugin: [DEBUG] csv.tableCSV: path=/home/runner/work/steampipe-samples/steampipe-samples/all/hackernews/hn_items_all.csv detected_encoding=Unknown
2022-12-28 18:20:21.659 UTC [DEBUG] steampipe-plugin-csv.plugin: [DEBUG] csv.tableCSV: path=/home/runner/work/steampipe-samples/steampipe-samples/all/hackernews/new_sc.csv detected_encoding=Unknown
2022-12-28 18:20:21.659 UTC [DEBUG] steampipe-plugin-csv.plugin: [DEBUG] csv.tableCSV: path=/home/runner/work/steampipe-samples/steampipe-samples/all/hackernews/people.csv detected_encoding=Unknown
2022-12-28 18:20:21.659 UTC [TRACE] steampipe-plugin-csv.plugin: [TRACE] initialise table /home/runner/work/steampipe-samples/steampipe-samples/all/hackernews/hn_items_all.csv
2022-12-28 18:20:21.659 UTC [TRACE] steampipe-plugin-csv.plugin: [TRACE] no DefaultRetryConfig defined - creating empty
2022-12-28 18:20:21.659 UTC [TRACE] steampipe-plugin-csv.plugin: [TRACE] no DefaultIgnoreConfig defined - creating empty
2022-12-28 18:20:21.659 UTC [TRACE] steampipe-plugin-csv.plugin: [TRACE] apply plugin defaults for DefaultRetryConfig
2022-12-28 18:20:21.659 UTC [TRACE] steampipe-plugin-csv.plugin: [TRACE] apply plugin defaults for DefaultIgnoreConfig, table &{<nil> <nil>} plugin &{<nil> <nil>}
2022-12-28 18:20:21.659 UTC [TRACE] steampipe-plugin-csv.plugin: [TRACE] DefaultRetryConfig:
2022-12-28 18:20:21.659 UTC [TRACE] steampipe-plugin-csv.plugin: [TRACE] DefaultIgnoreConfig:
2022-12-28 18:20:21.659 UTC [TRACE] steampipe-plugin-csv.plugin: [TRACE] t.List.initialise
2022-12-28 18:20:21.659 UTC [TRACE] steampipe-plugin-csv.plugin: [TRACE] ListConfig.initialise table /home/runner/work/steampipe-samples/steampipe-samples/all/hackernews/hn_items_all.csv
2022-12-28 18:20:21.659 UTC [TRACE] steampipe-plugin-csv.plugin: [TRACE] ListConfig.initialise complete: RetryConfig: , IgnoreConfig
2022-12-28 18:20:21.659 UTC [TRACE] steampipe-plugin-csv.plugin: [TRACE] back from initialiseHydrateConfigs
2022-12-28 18:20:21.659 UTC [TRACE] steampipe-plugin-csv.plugin: [TRACE] initialise table /home/runner/work/steampipe-samples/steampipe-samples/all/hackernews/hn_items_all.csv COMPLETE
2022-12-28 18:20:21.659 UTC [TRACE] steampipe-plugin-csv.plugin: [TRACE] initialise table /home/runner/work/steampipe-samples/steampipe-samples/all/hackernews/new_sc.csv
2022-12-28 18:20:21.659 UTC [TRACE] steampipe-plugin-csv.plugin: [TRACE] no DefaultRetryConfig defined - creating empty
2022-12-28 18:20:21.659 UTC [TRACE] steampipe-plugin-csv.plugin: [TRACE] no DefaultIgnoreConfig defined - creating empty
2022-12-28 18:20:21.659 UTC [TRACE] steampipe-plugin-csv.plugin: [TRACE] apply plugin defaults for DefaultRetryConfig
2022-12-28 18:20:21.659 UTC [TRACE] steampipe-plugin-csv.plugin: [TRACE] apply plugin defaults for DefaultIgnoreConfig, table &{<nil> <nil>} plugin &{<nil> <nil>}
2022-12-28 18:20:21.659 UTC [TRACE] steampipe-plugin-csv.plugin: [TRACE] DefaultRetryConfig:
2022-12-28 18:20:21.659 UTC [TRACE] steampipe-plugin-csv.plugin: [TRACE] DefaultIgnoreConfig:
2022-12-28 18:20:21.659 UTC [TRACE] steampipe-plugin-csv.plugin: [TRACE] t.List.initialise
2022-12-28 18:20:21.659 UTC [TRACE] steampipe-plugin-csv.plugin: [TRACE] ListConfig.initialise table /home/runner/work/steampipe-samples/steampipe-samples/all/hackernews/new_sc.csv
2022-12-28 18:20:21.659 UTC [TRACE] steampipe-plugin-csv.plugin: [TRACE] ListConfig.initialise complete: RetryConfig: , IgnoreConfig
2022-12-28 18:20:21.659 UTC [TRACE] steampipe-plugin-csv.plugin: [TRACE] back from initialiseHydrateConfigs
2022-12-28 18:20:21.659 UTC [TRACE] steampipe-plugin-csv.plugin: [TRACE] initialise table /home/runner/work/steampipe-samples/steampipe-samples/all/hackernews/new_sc.csv COMPLETE
2022-12-28 18:20:21.659 UTC [TRACE] steampipe-plugin-csv.plugin: [TRACE] initialise table /home/runner/work/steampipe-samples/steampipe-samples/all/hackernews/people.csv
2022-12-28 18:20:21.659 UTC [TRACE] steampipe-plugin-csv.plugin: [TRACE] no DefaultRetryConfig defined - creating empty
2022-12-28 18:20:21.659 UTC [TRACE] steampipe-plugin-csv.plugin: [TRACE] no DefaultIgnoreConfig defined - creating empty
2022-12-28 18:20:21.659 UTC [TRACE] steampipe-plugin-csv.plugin: [TRACE] apply plugin defaults for DefaultRetryConfig
2022-12-28 18:20:21.659 UTC [TRACE] steampipe-plugin-csv.plugin: [TRACE] apply plugin defaults for DefaultIgnoreConfig, table &{<nil> <nil>} plugin &{<nil> <nil>}
2022-12-28 18:20:21.659 UTC [TRACE] steampipe-plugin-csv.plugin: [TRACE] DefaultRetryConfig:
2022-12-28 18:20:21.659 UTC [TRACE] steampipe-plugin-csv.plugin: [TRACE] DefaultIgnoreConfig:
2022-12-28 18:20:21.659 UTC [TRACE] steampipe-plugin-csv.plugin: [TRACE] t.List.initialise
2022-12-28 18:20:21.659 UTC [TRACE] steampipe-plugin-csv.plugin: [TRACE] ListConfig.initialise table /home/runner/work/steampipe-samples/steampipe-samples/all/hackernews/people.csv
2022-12-28 18:20:21.659 UTC [TRACE] steampipe-plugin-csv.plugin: [TRACE] ListConfig.initialise complete: RetryConfig: , IgnoreConfig
2022-12-28 18:20:21.659 UTC [TRACE] steampipe-plugin-csv.plugin: [TRACE] back from initialiseHydrateConfigs
2022-12-28 18:20:21.659 UTC [TRACE] steampipe-plugin-csv.plugin: [TRACE] initialise table /home/runner/work/steampipe-samples/steampipe-samples/all/hackernews/people.csv COMPLETE
2022-12-28 18:20:21.659 UTC [TRACE] steampipe-plugin-csv.plugin: [TRACE] validate plugin steampipe-plugin-csv, required columns []
2022-12-28 18:20:21.659 UTC [TRACE] steampipe-plugin-csv.plugin: [TRACE] validate DefaultRetryConfig
2022-12-28 18:20:21.659 UTC [TRACE] steampipe-plugin-csv.plugin: [TRACE] validate DefaultIgnoreConfig
2022-12-28 18:20:21.659 UTC [TRACE] steampipe-plugin-csv.plugin: [TRACE] validate table names
2022-12-28 18:20:21.659 UTC [TRACE] steampipe-plugin-csv.plugin: [TRACE] plugin has 0 validation errors
2022-12-28 18:20:21.659 UTC [TRACE] steampipe-plugin-csv.plugin: [TRACE] Plugin ensureCache creating cache, maxCacheStorageMb 0
2022-12-28 18:20:21.659 UTC [TRACE] steampipe-plugin-csv.plugin: [TRACE] createCacheStore for plugin 'steampipe-plugin-csv' setting max size to 0Mb, Shards: 2, max shard size: 0
2022-12-28 18:20:21.674 UTC [INFO]  steampipe-plugin-csv.plugin: [INFO]  query cache created
2022-12-28 18:20:21.675 UTC [DEBUG] steampipe-plugin-csv.plugin: [DEBUG] SetAllConnectionConfigs finished
2022-12-28 18:20:21.675 UTC [TRACE] PluginManager getPlugin complete, returning reattach config with PID: 2081
2022-12-28 18:20:21.675 UTC [TRACE] PluginManager Get returning reattach_map:{key:"csv" value:{protocol:"grpc" addr:{Network:"unix" Address:"/tmp/plugin3467411070"} pid:2081 supported_operations:{query_cache:true multiple_connections:true} connections:"csv" plugin:"hub.steampipe.io/plugins/turbot/csv@latest"}}
2022-12-28 18:20:21.755 UTC [TRACE] PluginManager Get, connections: '[csv]'
2022-12-28 18:20:21.755 UTC [TRACE] PluginManager getPlugin hub.steampipe.io/plugins/turbot/csv@latest connection 'csv'
2022-12-28 18:20:21.755 UTC [TRACE] connection csv found in connectionPluginMap
2022-12-28 18:20:21.755 UTC [TRACE] initialized: 2081
2022-12-28 18:20:21.755 UTC [TRACE] initialized: 2081
2022-12-28 18:20:21.755 UTC [TRACE] connection csv is loaded, check for running PID
2022-12-28 18:20:21.756 UTC [TRACE] PluginManager found 'csv' in map, pid 2081
2022-12-28 18:20:21.756 UTC [TRACE] PluginManager Get returning reattach_map:{key:"csv" value:{protocol:"grpc" addr:{Network:"unix" Address:"/tmp/plugin3467411070"} pid:2081 supported_operations:{query_cache:true multiple_connections:true} connections:"csv" plugin:"hub.steampipe.io/plugins/turbot/csv@latest"}}
2022-12-28 18:20:21.907 UTC [TRACE] PluginManager Get, connections: '[hackernews]'
2022-12-28 18:20:21.907 UTC [TRACE] PluginManager getPlugin hub.steampipe.io/plugins/turbot/hackernews@latest connection 'hackernews'
2022-12-28 18:20:21.907 UTC [TRACE] PluginManager 0xc000101d10 plugin hub.steampipe.io/plugins/turbot/hackernews@latest (hackernews) NOT started or starting - start now
2022-12-28 18:20:21.908 UTC [TRACE] ************ start plugin hackernews ********************
2022-12-28 18:20:21.908 UTC [TRACE] ************ plugin path /home/runner/.steampipe/plugins/hub.steampipe.io/plugins/turbot/hackernews@latest/steampipe-plugin-hackernews.plugin ********************
2022-12-28 18:20:21.969 UTC [DEBUG] starting plugin: path=/home/runner/.steampipe/plugins/hub.steampipe.io/plugins/turbot/hackernews@latest/steampipe-plugin-hackernews.plugin args=["/home/runner/.steampipe/plugins/hub.steampipe.io/plugins/turbot/hackernews@latest/steampipe-plugin-hackernews.plugin"]
2022-12-28 18:20:21.969 UTC [DEBUG] plugin started: path=/home/runner/.steampipe/plugins/hub.steampipe.io/plugins/turbot/hackernews@latest/steampipe-plugin-hackernews.plugin pid=2105
2022-12-28 18:20:21.969 UTC [DEBUG] waiting for RPC address: path=/home/runner/.steampipe/plugins/hub.steampipe.io/plugins/turbot/hackernews@latest/steampipe-plugin-hackernews.plugin
2022-12-28 18:20:21.978 UTC [INFO]  steampipe-plugin-hackernews.plugin: [INFO]  Initialise plugin 'steampipe-plugin-hackernews', using sdk version 4.1.7
2022-12-28 18:20:21.978 UTC [TRACE] steampipe-plugin-hackernews.plugin: [TRACE] defaulting SchemaMode to SchemaModeStatic
2022-12-28 18:20:21.978 UTC [TRACE] steampipe-plugin-hackernews.plugin: [TRACE] no DefaultRetryConfig defined - creating empty
2022-12-28 18:20:21.978 UTC [TRACE] steampipe-plugin-hackernews.plugin: [TRACE] no DefaultIgnoreConfig defined - creating empty
2022-12-28 18:20:21.978 UTC [TRACE] steampipe-plugin-hackernews.plugin: [TRACE] Setting Ulimit: ulimit=2560
2022-12-28 18:20:21.980 UTC [TRACE] steampipe-plugin-hackernews.plugin: [TRACE] telemetry.Init service 'steampipe-plugin-hackernews', tracingEnabled: false, metricsEnabled: false
2022-12-28 18:20:21.981 UTC [TRACE] steampipe-plugin-hackernews.plugin: [TRACE] metrics and tracing disabled' - returning
2022-12-28 18:20:21.981 UTC [DEBUG] using plugin: version=0
2022-12-28 18:20:21.981 UTC [TRACE] NewPluginClient for plugin hub.steampipe.io/plugins/turbot/hackernews@latest
2022-12-28 18:20:21.981 UTC [DEBUG] steampipe-plugin-hackernews.plugin: plugin address: address=/tmp/plugin3132124831 network=unix timestamp=2022-12-28T18:20:21.981Z
2022-12-28 18:20:21.981 UTC [TRACE] stdio: waiting for stdio data
2022-12-28 18:20:21.982 UTC [TRACE] supportedOperations: query_cache:true multiple_connections:true
2022-12-28 18:20:21.982 UTC [TRACE] steampipe-plugin-hackernews.plugin: [TRACE] SetAllConnectionConfigs setting 1 configs
2022-12-28 18:20:21.982 UTC [TRACE] steampipe-plugin-hackernews.plugin: [TRACE] connection hackernews build schema and table map
2022-12-28 18:20:21.982 UTC [TRACE] steampipe-plugin-hackernews.plugin: [TRACE] initialise table hackernews_best
2022-12-28 18:20:21.982 UTC [TRACE] steampipe-plugin-hackernews.plugin: [TRACE] no DefaultRetryConfig defined - creating empty
2022-12-28 18:20:21.982 UTC [TRACE] steampipe-plugin-hackernews.plugin: [TRACE] no DefaultIgnoreConfig defined - creating empty
2022-12-28 18:20:21.982 UTC [TRACE] steampipe-plugin-hackernews.plugin: [TRACE] apply plugin defaults for DefaultRetryConfig
2022-12-28 18:20:21.982 UTC [TRACE] steampipe-plugin-hackernews.plugin: [TRACE] apply plugin defaults for DefaultIgnoreConfig, table &{<nil> <nil>} plugin &{<nil> <nil>}
2022-12-28 18:20:21.982 UTC [TRACE] steampipe-plugin-hackernews.plugin: [TRACE] DefaultRetryConfig:
2022-12-28 18:20:21.982 UTC [TRACE] steampipe-plugin-hackernews.plugin: [TRACE] DefaultIgnoreConfig:
2022-12-28 18:20:21.982 UTC [TRACE] steampipe-plugin-hackernews.plugin: [TRACE] t.Get.initialise
2022-12-28 18:20:21.982 UTC [TRACE] steampipe-plugin-hackernews.plugin: [TRACE] GetConfig.initialise table hackernews_best
2022-12-28 18:20:21.982 UTC [TRACE] steampipe-plugin-hackernews.plugin: [TRACE] GetConfig.initialise complete: RetryConfig: , IgnoreConfig:
2022-12-28 18:20:21.982 UTC [TRACE] steampipe-plugin-hackernews.plugin: [TRACE] t.List.initialise
2022-12-28 18:20:21.982 UTC [TRACE] steampipe-plugin-hackernews.plugin: [TRACE] ListConfig.initialise table hackernews_best
2022-12-28 18:20:21.982 UTC [TRACE] steampipe-plugin-hackernews.plugin: [TRACE] ListConfig.initialise complete: RetryConfig: , IgnoreConfig
2022-12-28 18:20:21.982 UTC [TRACE] steampipe-plugin-hackernews.plugin: [TRACE] HydrateConfig.initialise func getItem, table hackernews_best
2022-12-28 18:20:21.982 UTC [TRACE] steampipe-plugin-hackernews.plugin: [TRACE] HydrateConfig.initialise complete: RetryConfig: , IgnoreConfig:
2022-12-28 18:20:21.982 UTC [TRACE] steampipe-plugin-hackernews.plugin: [TRACE] back from initialiseHydrateConfigs
2022-12-28 18:20:21.982 UTC [TRACE] steampipe-plugin-hackernews.plugin: [TRACE] initialise table hackernews_best COMPLETE
2022-12-28 18:20:21.982 UTC [TRACE] steampipe-plugin-hackernews.plugin: [TRACE] initialise table hackernews_item
2022-12-28 18:20:21.982 UTC [TRACE] steampipe-plugin-hackernews.plugin: [TRACE] no DefaultRetryConfig defined - creating empty
2022-12-28 18:20:21.982 UTC [TRACE] steampipe-plugin-hackernews.plugin: [TRACE] no DefaultIgnoreConfig defined - creating empty
2022-12-28 18:20:21.982 UTC [TRACE] steampipe-plugin-hackernews.plugin: [TRACE] apply plugin defaults for DefaultRetryConfig
2022-12-28 18:20:21.982 UTC [TRACE] steampipe-plugin-hackernews.plugin: [TRACE] apply plugin defaults for DefaultIgnoreConfig, table &{<nil> <nil>} plugin &{<nil> <nil>}
2022-12-28 18:20:21.982 UTC [TRACE] steampipe-plugin-hackernews.plugin: [TRACE] DefaultRetryConfig:
2022-12-28 18:20:21.982 UTC [TRACE] steampipe-plugin-hackernews.plugin: [TRACE] DefaultIgnoreConfig:
2022-12-28 18:20:21.982 UTC [TRACE] steampipe-plugin-hackernews.plugin: [TRACE] t.Get.initialise
2022-12-28 18:20:21.982 UTC [TRACE] steampipe-plugin-hackernews.plugin: [TRACE] GetConfig.initialise table hackernews_item
2022-12-28 18:20:21.982 UTC [TRACE] steampipe-plugin-hackernews.plugin: [TRACE] GetConfig.initialise complete: RetryConfig: , IgnoreConfig:
2022-12-28 18:20:21.982 UTC [TRACE] steampipe-plugin-hackernews.plugin: [TRACE] t.List.initialise
2022-12-28 18:20:21.982 UTC [TRACE] steampipe-plugin-hackernews.plugin: [TRACE] ListConfig.initialise table hackernews_item
2022-12-28 18:20:21.982 UTC [TRACE] steampipe-plugin-hackernews.plugin: [TRACE] ListConfig.initialise complete: RetryConfig: , IgnoreConfig
2022-12-28 18:20:21.982 UTC [TRACE] steampipe-plugin-hackernews.plugin: [TRACE] HydrateConfig.initialise func getItem, table hackernews_item
2022-12-28 18:20:21.982 UTC [TRACE] steampipe-plugin-hackernews.plugin: [TRACE] HydrateConfig.initialise complete: RetryConfig: , IgnoreConfig:
2022-12-28 18:20:21.982 UTC [TRACE] steampipe-plugin-hackernews.plugin: [TRACE] back from initialiseHydrateConfigs
2022-12-28 18:20:21.982 UTC [TRACE] steampipe-plugin-hackernews.plugin: [TRACE] initialise table hackernews_item COMPLETE
2022-12-28 18:20:21.982 UTC [TRACE] steampipe-plugin-hackernews.plugin: [TRACE] initialise table hackernews_job
2022-12-28 18:20:21.982 UTC [TRACE] steampipe-plugin-hackernews.plugin: [TRACE] no DefaultRetryConfig defined - creating empty
2022-12-28 18:20:21.982 UTC [TRACE] steampipe-plugin-hackernews.plugin: [TRACE] no DefaultIgnoreConfig defined - creating empty
2022-12-28 18:20:21.982 UTC [TRACE] steampipe-plugin-hackernews.plugin: [TRACE] apply plugin defaults for DefaultRetryConfig
2022-12-28 18:20:21.982 UTC [TRACE] steampipe-plugin-hackernews.plugin: [TRACE] apply plugin defaults for DefaultIgnoreConfig, table &{<nil> <nil>} plugin &{<nil> <nil>}
2022-12-28 18:20:21.982 UTC [TRACE] steampipe-plugin-hackernews.plugin: [TRACE] DefaultRetryConfig:
2022-12-28 18:20:21.982 UTC [TRACE] steampipe-plugin-hackernews.plugin: [TRACE] DefaultIgnoreConfig:
2022-12-28 18:20:21.982 UTC [TRACE] steampipe-plugin-hackernews.plugin: [TRACE] t.Get.initialise
2022-12-28 18:20:21.982 UTC [TRACE] steampipe-plugin-hackernews.plugin: [TRACE] GetConfig.initialise table hackernews_job
2022-12-28 18:20:21.982 UTC [TRACE] steampipe-plugin-hackernews.plugin: [TRACE] GetConfig.initialise complete: RetryConfig: , IgnoreConfig:
2022-12-28 18:20:21.982 UTC [TRACE] steampipe-plugin-hackernews.plugin: [TRACE] t.List.initialise
2022-12-28 18:20:21.982 UTC [TRACE] steampipe-plugin-hackernews.plugin: [TRACE] ListConfig.initialise table hackernews_job
2022-12-28 18:20:21.982 UTC [TRACE] steampipe-plugin-hackernews.plugin: [TRACE] ListConfig.initialise complete: RetryConfig: , IgnoreConfig
2022-12-28 18:20:21.982 UTC [TRACE] steampipe-plugin-hackernews.plugin: [TRACE] HydrateConfig.initialise func getItem, table hackernews_job
2022-12-28 18:20:21.982 UTC [TRACE] steampipe-plugin-hackernews.plugin: [TRACE] HydrateConfig.initialise complete: RetryConfig: , IgnoreConfig:
2022-12-28 18:20:21.982 UTC [TRACE] steampipe-plugin-hackernews.plugin: [TRACE] back from initialiseHydrateConfigs
2022-12-28 18:20:21.982 UTC [TRACE] steampipe-plugin-hackernews.plugin: [TRACE] initialise table hackernews_job COMPLETE
2022-12-28 18:20:21.982 UTC [TRACE] steampipe-plugin-hackernews.plugin: [TRACE] initialise table hackernews_new
2022-12-28 18:20:21.982 UTC [TRACE] steampipe-plugin-hackernews.plugin: [TRACE] no DefaultRetryConfig defined - creating empty
2022-12-28 18:20:21.982 UTC [TRACE] steampipe-plugin-hackernews.plugin: [TRACE] no DefaultIgnoreConfig defined - creating empty
2022-12-28 18:20:21.982 UTC [TRACE] steampipe-plugin-hackernews.plugin: [TRACE] apply plugin defaults for DefaultRetryConfig
2022-12-28 18:20:21.982 UTC [TRACE] steampipe-plugin-hackernews.plugin: [TRACE] apply plugin defaults for DefaultIgnoreConfig, table &{<nil> <nil>} plugin &{<nil> <nil>}
2022-12-28 18:20:21.982 UTC [TRACE] steampipe-plugin-hackernews.plugin: [TRACE] DefaultRetryConfig:
2022-12-28 18:20:21.982 UTC [TRACE] steampipe-plugin-hackernews.plugin: [TRACE] DefaultIgnoreConfig:
2022-12-28 18:20:21.982 UTC [TRACE] steampipe-plugin-hackernews.plugin: [TRACE] t.Get.initialise
2022-12-28 18:20:21.982 UTC [TRACE] steampipe-plugin-hackernews.plugin: [TRACE] GetConfig.initialise table hackernews_new
2022-12-28 18:20:21.982 UTC [TRACE] steampipe-plugin-hackernews.plugin: [TRACE] GetConfig.initialise complete: RetryConfig: , IgnoreConfig:
2022-12-28 18:20:21.982 UTC [TRACE] steampipe-plugin-hackernews.plugin: [TRACE] t.List.initialise
2022-12-28 18:20:21.982 UTC [TRACE] steampipe-plugin-hackernews.plugin: [TRACE] ListConfig.initialise table hackernews_new
2022-12-28 18:20:21.982 UTC [TRACE] steampipe-plugin-hackernews.plugin: [TRACE] ListConfig.initialise complete: RetryConfig: , IgnoreConfig
2022-12-28 18:20:21.982 UTC [TRACE] steampipe-plugin-hackernews.plugin: [TRACE] HydrateConfig.initialise func getItem, table hackernews_new
2022-12-28 18:20:21.982 UTC [TRACE] steampipe-plugin-hackernews.plugin: [TRACE] HydrateConfig.initialise complete: RetryConfig: , IgnoreConfig:
2022-12-28 18:20:21.982 UTC [TRACE] steampipe-plugin-hackernews.plugin: [TRACE] back from initialiseHydrateConfigs
2022-12-28 18:20:21.982 UTC [TRACE] steampipe-plugin-hackernews.plugin: [TRACE] initialise table hackernews_new COMPLETE
2022-12-28 18:20:21.982 UTC [TRACE] steampipe-plugin-hackernews.plugin: [TRACE] initialise table hackernews_show_hn
2022-12-28 18:20:21.982 UTC [TRACE] steampipe-plugin-hackernews.plugin: [TRACE] no DefaultRetryConfig defined - creating empty
2022-12-28 18:20:21.983 UTC [TRACE] steampipe-plugin-hackernews.plugin: [TRACE] no DefaultIgnoreConfig defined - creating empty
2022-12-28 18:20:21.983 UTC [TRACE] steampipe-plugin-hackernews.plugin: [TRACE] apply plugin defaults for DefaultRetryConfig
2022-12-28 18:20:21.983 UTC [TRACE] steampipe-plugin-hackernews.plugin: [TRACE] apply plugin defaults for DefaultIgnoreConfig, table &{<nil> <nil>} plugin &{<nil> <nil>}
2022-12-28 18:20:21.983 UTC [TRACE] steampipe-plugin-hackernews.plugin: [TRACE] DefaultRetryConfig:
2022-12-28 18:20:21.983 UTC [TRACE] steampipe-plugin-hackernews.plugin: [TRACE] DefaultIgnoreConfig:
2022-12-28 18:20:21.983 UTC [TRACE] steampipe-plugin-hackernews.plugin: [TRACE] t.Get.initialise
2022-12-28 18:20:21.983 UTC [TRACE] steampipe-plugin-hackernews.plugin: [TRACE] GetConfig.initialise table hackernews_show_hn
2022-12-28 18:20:21.983 UTC [TRACE] steampipe-plugin-hackernews.plugin: [TRACE] GetConfig.initialise complete: RetryConfig: , IgnoreConfig:
2022-12-28 18:20:21.983 UTC [TRACE] steampipe-plugin-hackernews.plugin: [TRACE] t.List.initialise
2022-12-28 18:20:21.983 UTC [TRACE] steampipe-plugin-hackernews.plugin: [TRACE] ListConfig.initialise table hackernews_show_hn
2022-12-28 18:20:21.983 UTC [TRACE] steampipe-plugin-hackernews.plugin: [TRACE] ListConfig.initialise complete: RetryConfig: , IgnoreConfig
2022-12-28 18:20:21.983 UTC [TRACE] steampipe-plugin-hackernews.plugin: [TRACE] HydrateConfig.initialise func getItem, table hackernews_show_hn
2022-12-28 18:20:21.983 UTC [TRACE] steampipe-plugin-hackernews.plugin: [TRACE] HydrateConfig.initialise complete: RetryConfig: , IgnoreConfig:
2022-12-28 18:20:21.983 UTC [TRACE] steampipe-plugin-hackernews.plugin: [TRACE] back from initialiseHydrateConfigs
2022-12-28 18:20:21.983 UTC [TRACE] steampipe-plugin-hackernews.plugin: [TRACE] initialise table hackernews_show_hn COMPLETE
2022-12-28 18:20:21.983 UTC [TRACE] steampipe-plugin-hackernews.plugin: [TRACE] initialise table hackernews_top
2022-12-28 18:20:21.983 UTC [TRACE] steampipe-plugin-hackernews.plugin: [TRACE] no DefaultRetryConfig defined - creating empty
2022-12-28 18:20:21.983 UTC [TRACE] steampipe-plugin-hackernews.plugin: [TRACE] no DefaultIgnoreConfig defined - creating empty
2022-12-28 18:20:21.983 UTC [TRACE] steampipe-plugin-hackernews.plugin: [TRACE] apply plugin defaults for DefaultRetryConfig
2022-12-28 18:20:21.983 UTC [TRACE] steampipe-plugin-hackernews.plugin: [TRACE] apply plugin defaults for DefaultIgnoreConfig, table &{<nil> <nil>} plugin &{<nil> <nil>}
2022-12-28 18:20:21.983 UTC [TRACE] steampipe-plugin-hackernews.plugin: [TRACE] DefaultRetryConfig:
2022-12-28 18:20:21.983 UTC [TRACE] steampipe-plugin-hackernews.plugin: [TRACE] DefaultIgnoreConfig:
2022-12-28 18:20:21.983 UTC [TRACE] steampipe-plugin-hackernews.plugin: [TRACE] t.Get.initialise
2022-12-28 18:20:21.983 UTC [TRACE] steampipe-plugin-hackernews.plugin: [TRACE] GetConfig.initialise table hackernews_top
2022-12-28 18:20:21.983 UTC [TRACE] steampipe-plugin-hackernews.plugin: [TRACE] GetConfig.initialise complete: RetryConfig: , IgnoreConfig:
2022-12-28 18:20:21.983 UTC [TRACE] steampipe-plugin-hackernews.plugin: [TRACE] t.List.initialise
2022-12-28 18:20:21.983 UTC [TRACE] steampipe-plugin-hackernews.plugin: [TRACE] ListConfig.initialise table hackernews_top
2022-12-28 18:20:21.983 UTC [TRACE] steampipe-plugin-hackernews.plugin: [TRACE] ListConfig.initialise complete: RetryConfig: , IgnoreConfig
2022-12-28 18:20:21.983 UTC [TRACE] steampipe-plugin-hackernews.plugin: [TRACE] HydrateConfig.initialise func getItem, table hackernews_top
2022-12-28 18:20:21.983 UTC [TRACE] steampipe-plugin-hackernews.plugin: [TRACE] HydrateConfig.initialise complete: RetryConfig: , IgnoreConfig:
2022-12-28 18:20:21.983 UTC [TRACE] steampipe-plugin-hackernews.plugin: [TRACE] back from initialiseHydrateConfigs
2022-12-28 18:20:21.983 UTC [TRACE] steampipe-plugin-hackernews.plugin: [TRACE] initialise table hackernews_top COMPLETE
2022-12-28 18:20:21.983 UTC [TRACE] steampipe-plugin-hackernews.plugin: [TRACE] initialise table hackernews_user
2022-12-28 18:20:21.983 UTC [TRACE] steampipe-plugin-hackernews.plugin: [TRACE] no DefaultRetryConfig defined - creating empty
2022-12-28 18:20:21.983 UTC [TRACE] steampipe-plugin-hackernews.plugin: [TRACE] no DefaultIgnoreConfig defined - creating empty
2022-12-28 18:20:21.983 UTC [TRACE] steampipe-plugin-hackernews.plugin: [TRACE] apply plugin defaults for DefaultRetryConfig
2022-12-28 18:20:21.983 UTC [TRACE] steampipe-plugin-hackernews.plugin: [TRACE] apply plugin defaults for DefaultIgnoreConfig, table &{<nil> <nil>} plugin &{<nil> <nil>}
2022-12-28 18:20:21.983 UTC [TRACE] steampipe-plugin-hackernews.plugin: [TRACE] DefaultRetryConfig:
2022-12-28 18:20:21.983 UTC [TRACE] steampipe-plugin-hackernews.plugin: [TRACE] DefaultIgnoreConfig:
2022-12-28 18:20:21.983 UTC [TRACE] steampipe-plugin-hackernews.plugin: [TRACE] t.List.initialise
2022-12-28 18:20:21.983 UTC [TRACE] steampipe-plugin-hackernews.plugin: [TRACE] ListConfig.initialise table hackernews_user
2022-12-28 18:20:21.983 UTC [TRACE] steampipe-plugin-hackernews.plugin: [TRACE] ListConfig.initialise complete: RetryConfig: , IgnoreConfig
2022-12-28 18:20:21.983 UTC [TRACE] steampipe-plugin-hackernews.plugin: [TRACE] back from initialiseHydrateConfigs
2022-12-28 18:20:21.983 UTC [TRACE] steampipe-plugin-hackernews.plugin: [TRACE] initialise table hackernews_user COMPLETE
2022-12-28 18:20:21.983 UTC [TRACE] steampipe-plugin-hackernews.plugin: [TRACE] initialise table hackernews_ask_hn
2022-12-28 18:20:21.983 UTC [TRACE] steampipe-plugin-hackernews.plugin: [TRACE] no DefaultRetryConfig defined - creating empty
2022-12-28 18:20:21.983 UTC [TRACE] steampipe-plugin-hackernews.plugin: [TRACE] no DefaultIgnoreConfig defined - creating empty
2022-12-28 18:20:21.983 UTC [TRACE] steampipe-plugin-hackernews.plugin: [TRACE] apply plugin defaults for DefaultRetryConfig
2022-12-28 18:20:21.983 UTC [TRACE] steampipe-plugin-hackernews.plugin: [TRACE] apply plugin defaults for DefaultIgnoreConfig, table &{<nil> <nil>} plugin &{<nil> <nil>}
2022-12-28 18:20:21.983 UTC [TRACE] steampipe-plugin-hackernews.plugin: [TRACE] DefaultRetryConfig:
2022-12-28 18:20:21.983 UTC [TRACE] steampipe-plugin-hackernews.plugin: [TRACE] DefaultIgnoreConfig:
2022-12-28 18:20:21.983 UTC [TRACE] steampipe-plugin-hackernews.plugin: [TRACE] t.Get.initialise
2022-12-28 18:20:21.983 UTC [TRACE] steampipe-plugin-hackernews.plugin: [TRACE] GetConfig.initialise table hackernews_ask_hn
2022-12-28 18:20:21.983 UTC [TRACE] steampipe-plugin-hackernews.plugin: [TRACE] GetConfig.initialise complete: RetryConfig: , IgnoreConfig:
2022-12-28 18:20:21.983 UTC [TRACE] steampipe-plugin-hackernews.plugin: [TRACE] t.List.initialise
2022-12-28 18:20:21.983 UTC [TRACE] steampipe-plugin-hackernews.plugin: [TRACE] ListConfig.initialise table hackernews_ask_hn
2022-12-28 18:20:21.983 UTC [TRACE] steampipe-plugin-hackernews.plugin: [TRACE] ListConfig.initialise complete: RetryConfig: , IgnoreConfig
2022-12-28 18:20:21.983 UTC [TRACE] steampipe-plugin-hackernews.plugin: [TRACE] HydrateConfig.initialise func getItem, table hackernews_ask_hn
2022-12-28 18:20:21.983 UTC [TRACE] steampipe-plugin-hackernews.plugin: [TRACE] HydrateConfig.initialise complete: RetryConfig: , IgnoreConfig:
2022-12-28 18:20:21.983 UTC [TRACE] steampipe-plugin-hackernews.plugin: [TRACE] back from initialiseHydrateConfigs
2022-12-28 18:20:21.983 UTC [TRACE] steampipe-plugin-hackernews.plugin: [TRACE] initialise table hackernews_ask_hn COMPLETE
2022-12-28 18:20:21.983 UTC [TRACE] steampipe-plugin-hackernews.plugin: [TRACE] validate plugin steampipe-plugin-hackernews, required columns []
2022-12-28 18:20:21.983 UTC [TRACE] steampipe-plugin-hackernews.plugin: [TRACE] validate DefaultRetryConfig
2022-12-28 18:20:21.983 UTC [TRACE] steampipe-plugin-hackernews.plugin: [TRACE] validate DefaultIgnoreConfig
2022-12-28 18:20:21.983 UTC [TRACE] steampipe-plugin-hackernews.plugin: [TRACE] validate table names
2022-12-28 18:20:21.983 UTC [TRACE] steampipe-plugin-hackernews.plugin: [TRACE] plugin has 0 validation errors
2022-12-28 18:20:21.983 UTC [TRACE] steampipe-plugin-hackernews.plugin: [TRACE] Plugin ensureCache creating cache, maxCacheStorageMb 0
2022-12-28 18:20:21.983 UTC [TRACE] steampipe-plugin-hackernews.plugin: [TRACE] createCacheStore for plugin 'steampipe-plugin-hackernews' setting max size to 0Mb, Shards: 2, max shard size: 0
2022-12-28 18:20:21.995 UTC [INFO]  steampipe-plugin-hackernews.plugin: [INFO]  query cache created
2022-12-28 18:20:21.995 UTC [DEBUG] steampipe-plugin-hackernews.plugin: [DEBUG] SetAllConnectionConfigs finished
2022-12-28 18:20:21.995 UTC [TRACE] PluginManager getPlugin complete, returning reattach config with PID: 2105
2022-12-28 18:20:21.995 UTC [TRACE] PluginManager Get returning reattach_map:{key:"hackernews" value:{protocol:"grpc" addr:{Network:"unix" Address:"/tmp/plugin3132124831"} pid:2105 supported_operations:{query_cache:true multiple_connections:true} connections:"hackernews" plugin:"hub.steampipe.io/plugins/turbot/hackernews@latest"}}
2022-12-28 18:20:21.999 UTC [INFO]  steampipe-plugin-hackernews.plugin: [INFO]  1672251621132: Plugin Execute (1672251621132)
2022-12-28 18:20:21.999 UTC [TRACE] steampipe-plugin-hackernews.plugin: [TRACE] 1672251621132: No memory limit set
2022-12-28 18:20:21.999 UTC [INFO]  steampipe-plugin-hackernews.plugin: [INFO]  1672251621132: Plugin Execute, setting memory limit to -1Mb
2022-12-28 18:20:21.999 UTC [TRACE] steampipe-plugin-hackernews.plugin: [TRACE] 1672251621132: calling ExtractContextFromCarrier
2022-12-28 18:20:21.999 UTC [INFO]  steampipe-plugin-hackernews.plugin: [INFO]  1672251621132: Setting max concurrent connections to 25
2022-12-28 18:20:21.999 UTC [TRACE] steampipe-plugin-hackernews.plugin: [TRACE] 1672251621132: executeForConnection callId: 1672251621132, connectionCallId: hackernews-1672251621132, connection: hackernews table: hackernews_new cols: id,title,time,by,score,dead,deleted,descendants,kids,parent,parts,poll,text,type,url,_ctx
2022-12-28 18:20:21.999 UTC [TRACE] steampipe-plugin-hackernews.plugin: [TRACE] 1672251621132: got connection data
2022-12-28 18:20:21.999 UTC [TRACE] steampipe-plugin-hackernews.plugin: [TRACE] 1672251621132: Got query context, table: hackernews_new, cols: [id title time by score dead deleted descendants kids parent parts poll text type url _ctx]
2022-12-28 18:20:21.999 UTC [TRACE] steampipe-plugin-hackernews.plugin: [TRACE] 1672251621132: Start execute span
2022-12-28 18:20:21.999 UTC [INFO]  steampipe-plugin-hackernews.plugin: [INFO]  1672251621132: Setting free memory interval to 100 rows
2022-12-28 18:20:21.999 UTC [TRACE] steampipe-plugin-hackernews.plugin: [TRACE] 1672251621132: setFetchType map[time:quals:{fieldName:"time"  string_value:">"  value:{timestamp_value:{seconds:1672248021  nanos:887682000}}}]
2022-12-28 18:20:22.000 UTC [TRACE] steampipe-plugin-hackernews.plugin: [TRACE] 1672251621132: getMatchingQuals column:'id' operator: =
2022-12-28 18:20:22.000 UTC [TRACE] steampipe-plugin-hackernews.plugin: [TRACE] 1672251621132: getMatchingQuals returning false - qualMap does not contain any quals for column id
2022-12-28 18:20:22.001 UTC [TRACE] steampipe-plugin-hackernews.plugin: [TRACE] 1672251621132: GetUnsatisfiedKeyColumns for columns column:'id' operator: =
2022-12-28 18:20:22.001 UTC [TRACE] steampipe-plugin-hackernews.plugin: [TRACE] 1672251621132: key column NOT satisfied column:'id' operator: =
2022-12-28 18:20:22.001 UTC [TRACE] steampipe-plugin-hackernews.plugin: [TRACE] 1672251621132: satisfied: map[any_of: optional: required:]
2022-12-28 18:20:22.002 UTC [TRACE] steampipe-plugin-hackernews.plugin: [TRACE] 1672251621132: unsatisfied: map[any_of: optional: required:column:'id' operator: =]
2022-12-28 18:20:22.002 UTC [TRACE] steampipe-plugin-hackernews.plugin: [TRACE] 1672251621132: unsatisfied required KeyColumns: column:'id' operator: =
2022-12-28 18:20:22.002 UTC [TRACE] steampipe-plugin-hackernews.plugin: [TRACE] 1672251621132: Set fetchType to fetchTypeList
2022-12-28 18:20:22.002 UTC [TRACE] steampipe-plugin-hackernews.plugin: [TRACE] 1672251621132: Equals key column quals:
2022-12-28 18:20:22.002 UTC [DEBUG] steampipe-plugin-hackernews.plugin: {}
2022-12-28 18:20:22.002 UTC [TRACE] steampipe-plugin-hackernews.plugin: [TRACE] 1672251621132: All key column quals:
2022-12-28 18:20:22.002 UTC [DEBUG] steampipe-plugin-hackernews.plugin: {}
2022-12-28 18:20:22.002 UTC [TRACE] steampipe-plugin-hackernews.plugin: [TRACE] 1672251621132: GetMatrixItem
2022-12-28 18:20:22.002 UTC [TRACE] steampipe-plugin-hackernews.plugin: [TRACE] 1672251621132: creating query data
2022-12-28 18:20:22.002 UTC [INFO]  steampipe-plugin-hackernews.plugin: [INFO]  1672251621132: cacheEnabled, trying cache get (hackernews-1672251621132)
2022-12-28 18:20:22.002 UTC [TRACE] steampipe-plugin-hackernews.plugin: [TRACE] 1672251621132: QueryCache Get - indexBucketKey index__hackernewshackernews_new, quals
2022-12-28 18:20:22.002 UTC [TRACE] steampipe-plugin-hackernews.plugin: [TRACE] 1672251621132: QueryCache getCachedQueryResult - table hackernews_new, connectionName hackernews
2022-12-28 18:20:22.002 UTC [TRACE] steampipe-plugin-hackernews.plugin: [TRACE] 1672251621132: index bucket key: index__hackernewshackernews_new ttlSeconds 300 limit: -1
2022-12-28 18:20:22.002 UTC [TRACE] steampipe-plugin-hackernews.plugin: [TRACE] 1672251621132: doGet cache miss
2022-12-28 18:20:22.002 UTC [TRACE] steampipe-plugin-hackernews.plugin: [TRACE] 1672251621132: getCachedIndexBucket - no item retrieved for cache key index__hackernewshackernews_new
2022-12-28 18:20:22.002 UTC [TRACE] steampipe-plugin-hackernews.plugin: [TRACE] 1672251621132: getCachedQueryResult returned CACHE MISS - checking for pending transfers
2022-12-28 18:20:22.002 UTC [TRACE] steampipe-plugin-hackernews.plugin: [TRACE] 1672251621132: getPendingResultItem indexBucketKey index__hackernewshackernews_new, columns [id title time by score dead deleted descendants kids parent parts poll text type url _ctx], limit -1
2022-12-28 18:20:22.002 UTC [TRACE] steampipe-plugin-hackernews.plugin: [TRACE] 1672251621132: no pending index item - add pending result, indexBucketKey index__hackernewshackernews_new
2022-12-28 18:20:22.002 UTC [TRACE] steampipe-plugin-hackernews.plugin: [TRACE] 1672251621132: addPendingResult (hackernews-1672251621132) indexBucketKey index__hackernewshackernews_new, columns [id title time by score dead deleted descendants kids parent parts poll text type url _ctx], limit -1
2022-12-28 18:20:22.002 UTC [TRACE] steampipe-plugin-hackernews.plugin: [TRACE] 1672251621132: no index bucket found - creating one
2022-12-28 18:20:22.002 UTC [TRACE] steampipe-plugin-hackernews.plugin: [TRACE] 1672251621132: pendingIndexItem Lock count before 0
2022-12-28 18:20:22.002 UTC [TRACE] steampipe-plugin-hackernews.plugin: [TRACE] 1672251621132: addPendingResult added pending index item to bucket, (hackernews-1672251621132) indexBucketKey index__hackernewshackernews_new, resultKeyRoot hackernewshackernews_newid,title,time,by,score,dead,deleted,descendants,kids,parent,parts,poll,text,type,url,_ctx-1, pending item : 0xc0004067e0
2022-12-28 18:20:22.002 UTC [TRACE] steampipe-plugin-hackernews.plugin: [TRACE] 1672251621132: **** pending items (hackernews-1672251621132)****
2022-12-28 18:20:22.002 UTC [TRACE] steampipe-plugin-hackernews.plugin: [TRACE] 1672251621132: key: index__hackernewshackernews_new: item: 0xc0004067e0, count: 1, key:hackernewshackernews_newid,title,time,by,score,dead,deleted,descendants,kids,parent,parts,poll,text,type,url,_ctx-1
2022-12-28 18:20:22.002 UTC [TRACE] steampipe-plugin-hackernews.plugin: [TRACE] 1672251621132: ********
2022-12-28 18:20:22.002 UTC [TRACE] steampipe-plugin-hackernews.plugin: [TRACE] 1672251621132: getPendingResultItem returning <nil>
2022-12-28 18:20:22.002 UTC [INFO]  steampipe-plugin-hackernews.plugin: [INFO]  1672251621132: CACHE MISS
2022-12-28 18:20:22.002 UTC [TRACE] steampipe-plugin-hackernews.plugin: [TRACE] 1672251621132: cache MISS
2022-12-28 18:20:22.002 UTC [INFO]  steampipe-plugin-hackernews.plugin: [INFO]  1672251621132: queryCacheGet returned CACHE MISS (hackernews-1672251621132)
2022-12-28 18:20:22.002 UTC [TRACE] steampipe-plugin-hackernews.plugin: [TRACE] 1672251621132: StartSet (hackernews-1672251621132)
2022-12-28 18:20:22.002 UTC [TRACE] steampipe-plugin-hackernews.plugin: [TRACE] 1672251621132: calling fetchItems, table: hackernews_new, matrixItem: [], limit: -1,  connectionCallId: hackernews-1672251621132"
2022-12-28 18:20:22.002 UTC [TRACE] steampipe-plugin-hackernews.plugin: [TRACE] 1672251621132: buildRowsAsync connectionCallId: hackernews-1672251621132
2022-12-28 18:20:22.002 UTC [TRACE] steampipe-plugin-hackernews.plugin: [TRACE] 1672251621132: streamRows connectionCallId: hackernews-1672251621132
2022-12-28 18:20:22.002 UTC [TRACE] steampipe-plugin-hackernews.plugin: [TRACE] 1672251621132: QueryData streamRows (hackernews-1672251621132)
2022-12-28 18:20:22.002 UTC [TRACE] steampipe-plugin-hackernews.plugin: [TRACE] 1672251621132: executeListCall START (hackernews-1672251621132)
2022-12-28 18:20:22.002 UTC [TRACE] steampipe-plugin-hackernews.plugin: [TRACE] 1672251621132: GetUnsatisfiedKeyColumns for columns
2022-12-28 18:20:22.002 UTC [TRACE] steampipe-plugin-hackernews.plugin: [TRACE] 1672251621132: doList (hackernews-1672251621132)
2022-12-28 18:20:22.002 UTC [TRACE] steampipe-plugin-hackernews.plugin: [TRACE] 1672251621132: doList: no matrix item
2022-12-28 18:20:22.278 UTC [TRACE] steampipe-plugin-hackernews.plugin: [TRACE] 1672251621132: QueryData.fetchComplete
2022-12-28 18:20:22.279 UTC [TRACE] steampipe-plugin-hackernews.plugin: [TRACE] 1672251621132: executeListCall COMPLETE (hackernews-1672251621132)
2022-12-28 18:20:22.279 UTC [TRACE] steampipe-plugin-hackernews.plugin: [TRACE] 1672251621132: rowData chan returned nil - wait for rows to complete (hackernews-1672251621132)
2022-12-28 18:20:22.323 UTC [TRACE] stdio: received data: channel=STDOUT len=14
2022-12-28 18:20:22.323 UTC [TRACE] stdio: waiting for stdio data
2022-12-28 18:20:22.433 UTC [TRACE] stdio: received data: channel=STDOUT len=764
2022-12-28 18:20:22.433 UTC [TRACE] stdio: waiting for stdio data
2022-12-28 18:20:22.465 UTC [TRACE] stdio: received data: channel=STDOUT len=909
2022-12-28 18:20:22.465 UTC [TRACE] stdio: waiting for stdio data
2022-12-28 18:20:22.479 UTC [TRACE] stdio: received data: channel=STDOUT len=1024
2022-12-28 18:20:22.479 UTC [TRACE] stdio: waiting for stdio data
2022-12-28 18:20:22.585 UTC [TRACE] stdio: received data: channel=STDOUT len=486
2022-12-28 18:20:22.585 UTC [TRACE] stdio: waiting for stdio data
2022-12-28 18:20:22.624 UTC [TRACE] stdio: received data: channel=STDOUT len=1024
2022-12-28 18:20:22.624 UTC [TRACE] stdio: waiting for stdio data
2022-12-28 18:20:22.645 UTC [TRACE] steampipe-plugin-hackernews.plugin: [TRACE] 1672251621132: buildRowsAsync goroutine returning (hackernews-1672251621132)
2022-12-28 18:20:22.645 UTC [TRACE] steampipe-plugin-hackernews.plugin: [TRACE] 1672251621132: streamRows - nil row, stop streaming (hackernews-1672251621132)
2022-12-28 18:20:22.645 UTC [TRACE] steampipe-plugin-hackernews.plugin: [TRACE] 1672251621132: ------------------------------------
2022-12-28 18:20:22.645 UTC [TRACE] steampipe-plugin-hackernews.plugin: [TRACE] 1672251621132: Concurrency Summary
2022-12-28 18:20:22.645 UTC [TRACE] steampipe-plugin-hackernews.plugin: [TRACE] 1672251621132: ------------------------------------
2022-12-28 18:20:22.645 UTC [TRACE] steampipe-plugin-hackernews.plugin: [TRACE] 1672251621132: getItem                       : 200
2022-12-28 18:20:22.645 UTC [TRACE] steampipe-plugin-hackernews.plugin: [TRACE] 1672251621132: ------------------------------------
2022-12-28 18:20:22.645 UTC [TRACE] steampipe-plugin-hackernews.plugin: [TRACE] 1672251621132: Total                         : 200
2022-12-28 18:20:22.645 UTC [TRACE] steampipe-plugin-hackernews.plugin: [TRACE] 1672251621132: ------------------------------------
2022-12-28 18:20:22.645 UTC [TRACE] steampipe-plugin-hackernews.plugin: [TRACE] 1672251621132: QueryData streamRows DONE (hackernews-1672251621132)
2022-12-28 18:20:22.645 UTC [TRACE] steampipe-plugin-hackernews.plugin: [TRACE] 1672251621132: EndSet (hackernews-1672251621132) table hackernews_new
2022-12-28 18:20:22.645 UTC [TRACE] steampipe-plugin-hackernews.plugin: [TRACE] 1672251621132: QueryCache writePageToCache: 500 rows, pageCount 1, page key hackernewshackernews_newid,title,time,by,score,dead,deleted,descendants,kids,parent,parts,poll,text,type,url,_ctx-1-0
2022-12-28 18:20:22.653 UTC [TRACE] steampipe-plugin-hackernews.plugin: [TRACE] 1672251621132: writePageToCache Set - result written
2022-12-28 18:20:22.653 UTC [TRACE] steampipe-plugin-hackernews.plugin: [TRACE] 1672251621132: QueryCache EndSet - result written
2022-12-28 18:20:22.653 UTC [TRACE] steampipe-plugin-hackernews.plugin: [TRACE] 1672251621132: doGet cache miss
2022-12-28 18:20:22.653 UTC [TRACE] steampipe-plugin-hackernews.plugin: [TRACE] 1672251621132: getCachedIndexBucket - no item retrieved for cache key index__hackernewshackernews_new
2022-12-28 18:20:22.654 UTC [TRACE] steampipe-plugin-hackernews.plugin: [TRACE] 1672251621132: getCachedIndexBucket returned cache miss
2022-12-28 18:20:22.654 UTC [TRACE] steampipe-plugin-hackernews.plugin: [TRACE] 1672251621132: QueryCache EndSet - Added index item (0xc01ac4dec0) to bucket (0xc01ad320f0), page count 1,  key root hackernewshackernews_newid,title,time,by,score,dead,deleted,descendants,kids,parent,parts,poll,text,type,url,_ctx-1
2022-12-28 18:20:22.654 UTC [TRACE] steampipe-plugin-hackernews.plugin: [TRACE] 1672251621132: cacheSetIndexBucket index__hackernewshackernews_new
2022-12-28 18:20:22.654 UTC [TRACE] steampipe-plugin-hackernews.plugin: [TRACE] 1672251621132: QueryCache EndSet - IndexBucket written
2022-12-28 18:20:22.654 UTC [TRACE] steampipe-plugin-hackernews.plugin: [TRACE] 1672251621132: EndSet DEFER (hackernews-1672251621132) table hackernews_new
2022-12-28 18:20:22.654 UTC [TRACE] steampipe-plugin-hackernews.plugin: [TRACE] 1672251621132: calling pendingItemComplete (hackernews-1672251621132)
2022-12-28 18:20:22.654 UTC [TRACE] steampipe-plugin-hackernews.plugin: [TRACE] 1672251621132: pendingItemComplete (hackernews-1672251621132) indexBucketKey index__hackernewshackernews_new, columns [id title time by score dead deleted descendants kids parent parts poll text type url _ctx], limit -1
2022-12-28 18:20:22.654 UTC [TRACE] steampipe-plugin-hackernews.plugin: [TRACE] 1672251621132: got pending index bucket, (hackernews-1672251621132) len 1
2022-12-28 18:20:22.654 UTC [TRACE] steampipe-plugin-hackernews.plugin: [TRACE] 1672251621132: SatisfiesLimit limit -1, no item limit - satisfied
2022-12-28 18:20:22.654 UTC [TRACE] steampipe-plugin-hackernews.plugin: [TRACE] 1672251621132: found pending index item to satisfy columns id,title,time,by,score,dead,deleted,descendants,kids,parent,parts,poll,text,type,url,_ctx, limit -1
2022-12-28 18:20:22.654 UTC [TRACE] steampipe-plugin-hackernews.plugin: [TRACE] 1672251621132: found completed pending item (hackernews-1672251621132) 0xc0004067e0, key hackernewshackernews_newid,title,time,by,score,dead,deleted,descendants,kids,parent,parts,poll,text,type,url,_ctx-1 - removing from map as it is complete
2022-12-28 18:20:22.654 UTC [TRACE] steampipe-plugin-hackernews.plugin: [TRACE] 1672251621132: pendingIndexItem Unlock count before 1 key hackernewshackernews_newid,title,time,by,score,dead,deleted,descendants,kids,parent,parts,poll,text,type,url,_ctx-1
2022-12-28 18:20:22.654 UTC [TRACE] steampipe-plugin-hackernews.plugin: [TRACE] 1672251621132: deleted from pending, (hackernews-1672251621132) len 0
2022-12-28 18:20:22.654 UTC [TRACE] steampipe-plugin-hackernews.plugin: [TRACE] 1672251621132: pending bucket now empty - deleting key index__hackernewshackernews_new
2022-12-28 18:20:22.654 UTC [TRACE] steampipe-plugin-hackernews.plugin: [TRACE] 1672251621132: pendingItemComplete done (hackernews-1672251621132)
2022-12-28 18:20:22.654 UTC [TRACE] steampipe-plugin-hackernews.plugin: [TRACE] 1672251621132: cache set succeeded
2022-12-28 18:20:22.654 UTC [TRACE] steampipe-plugin-hackernews.plugin: [TRACE] 1672251621132: End execute span
2022-12-28 18:20:22.654 UTC [TRACE] steampipe-plugin-hackernews.plugin: [TRACE] 1672251621132: executeForConnection DEFER (hackernews-1672251621132)
2022-12-28 18:20:22.654 UTC [TRACE] steampipe-plugin-hackernews.plugin: [TRACE] 1672251621132: Execute complete callId: hackernews-1672251621132 table: hackernews_new
2022-12-28 18:20:22.654 UTC [TRACE] steampipe-plugin-hackernews.plugin: [TRACE] 1672251621132: executeForConnection hackernews returned
2022-12-28 18:20:22.654 UTC [TRACE] steampipe-plugin-hackernews.plugin: [TRACE] 1672251621132: output wg complete - send nil row
2022-12-28 18:20:22.654 UTC [TRACE] steampipe-plugin-hackernews.plugin: [TRACE] 1672251621132: empty row on output channel - we are done
2022-12-28 18:20:22.654 UTC [INFO]  steampipe-plugin-hackernews.plugin: [INFO]  1672251621132: Plugin Execute complete (1672251621132)
2022-12-28 18:20:22.743 UTC [TRACE] PluginManager Shutdown
2022-12-28 18:20:22.743 UTC [TRACE] killing plugin csv (2081)
2022-12-28 18:20:22.743 UTC [DEBUG] stdio: received EOF, stopping recv loop: err="rpc error: code = Unavailable desc = error reading from server: EOF"
2022-12-28 18:20:22.743 UTC [TRACE] steampipe-plugin-csv.plugin: [TRACE] FLUSHING instrumentation
2022-12-28 18:20:22.743 UTC [TRACE] steampipe-plugin-csv.plugin: [TRACE] Shutdown instrumentation
2022-12-28 18:20:22.744 UTC [INFO]  plugin process exited: path=/home/runner/.steampipe/plugins/hub.steampipe.io/plugins/turbot/csv@latest/steampipe-plugin-csv.plugin pid=2081
2022-12-28 18:20:22.744 UTC [DEBUG] plugin exited
2022-12-28 18:20:22.744 UTC [TRACE] killing plugin hackernews (2105)
2022-12-28 18:20:22.745 UTC [TRACE] steampipe-plugin-hackernews.plugin: [TRACE] 1672251621132: FLUSHING instrumentation
2022-12-28 18:20:22.745 UTC [TRACE] steampipe-plugin-hackernews.plugin: [TRACE] 1672251621132: Shutdown instrumentation
2022-12-28 18:20:22.745 UTC [DEBUG] stdio: received EOF, stopping recv loop: err="rpc error: code = Unavailable desc = error reading from server: EOF"
2022-12-28 18:20:22.747 UTC [INFO]  plugin process exited: path=/home/runner/.steampipe/plugins/hub.steampipe.io/plugins/turbot/hackernews@latest/steampipe-plugin-hackernews.plugin pid=2105
2022-12-28 18:20:22.747 UTC [DEBUG] plugin exited
2022-12-28 18:20:28.310 UTC [WARN]  steampipe-plugin-csv.plugin: [WARN]  1672251628733: getKeyColumnsForTable found no schema for table '/home/runner/work/steampipe-samples/steampipe-samples/all/hackernews/hn.csv'
2022-12-28 18:20:59.440 UTC [WARN]  steampipe-plugin-csv.plugin: [WARN]  1672251659979: getKeyColumnsForTable found no schema for table '/home/runner/work/steampipe-samples/steampipe-samples/all/hackernews/hn.csv'
2022-12-28 18:23:20.386 UTC [ERROR] steampipe-plugin-csv.plugin: [ERROR] csv.tableCSV: header_parse_error=EOF path=/home/runner/work/steampipe-samples/steampipe-samples/all/hackernews/new_sc.csv header=[]
2022-12-28 18:23:20.386 UTC [ERROR] steampipe-plugin-csv.plugin: [ERROR] csv.PluginTables: create_table_error="failed to parse file header /home/runner/work/steampipe-samples/steampipe-samples/all/hackernews/new_sc.csv: EOF" path=/home/runner/work/steampipe-samples/steampipe-samples/all/hackernews/new_sc.csv
2022-12-28 18:23:20.386 UTC [WARN]  failed to set connection config: failed to parse file header /home/runner/work/steampipe-samples/steampipe-samples/all/hackernews/new_sc.csv: EOF
2022-12-28 18:23:21.769 UTC [WARN]  steampipe-plugin-csv.plugin: [WARN]  167225180146: getKeyColumnsForTable found no schema for table '/home/runner/work/steampipe-samples/steampipe-samples/all/hackernews/new_sc.csv'
2022-12-28 18:23:29.268 UTC [ERROR] steampipe-plugin-csv.plugin: [ERROR] csv.tableCSV: header_parse_error=EOF path=/home/runner/work/steampipe-samples/steampipe-samples/all/hackernews/hn_items_all.csv header=[]
2022-12-28 18:23:29.268 UTC [ERROR] steampipe-plugin-csv.plugin: [ERROR] csv.PluginTables: create_table_error="failed to parse file header /home/runner/work/steampipe-samples/steampipe-samples/all/hackernews/hn_items_all.csv: EOF" path=/home/runner/work/steampipe-samples/steampipe-samples/all/hackernews/hn_items_all.csv
2022-12-28 18:23:29.268 UTC [WARN]  failed to set connection config: failed to parse file header /home/runner/work/steampipe-samples/steampipe-samples/all/hackernews/hn_items_all.csv: EOF
2022-12-28 18:23:30.722 UTC [ERROR] steampipe-plugin-csv.plugin: [ERROR] csv.tableCSV: header_parse_error=EOF path=/home/runner/work/steampipe-samples/steampipe-samples/all/hackernews/people.csv header=[]
2022-12-28 18:23:30.722 UTC [ERROR] steampipe-plugin-csv.plugin: [ERROR] csv.PluginTables: create_table_error="failed to parse file header /home/runner/work/steampipe-samples/steampipe-samples/all/hackernews/people.csv: EOF" path=/home/runner/work/steampipe-samples/steampipe-samples/all/hackernews/people.csv
2022-12-28 18:23:30.723 UTC [WARN]  failed to set connection config: failed to parse file header /home/runner/work/steampipe-samples/steampipe-samples/all/hackernews/people.csv: EOF
