2023-03-29 02:34:11.279 UTC [INFO]  starting plugin manager
2023-03-29 02:34:11.279 UTC [TRACE] loaded config map: hackernews,net,csv,github
2023-03-29 02:34:11.279 UTC [TRACE] NewPluginManager
2023-03-29 02:34:11.280 UTC [TRACE] PluginManager setPluginCacheSizeMap: 4 connections.
2023-03-29 02:34:11.280 UTC [TRACE] Total cache size 0Mb
2023-03-29 02:34:11.280 UTC [INFO]  starting connection watcher
2023-03-29 02:34:11.280 UTC [INFO]  created ConnectionWatcher
2023-03-29 02:34:11.280 UTC [TRACE] about to serve
2023-03-29 02:34:11.299 UTC [TRACE] PluginManager Get, connections: '[csv]'
2023-03-29 02:34:11.299 UTC [TRACE] PluginManager getPlugin hub.steampipe.io/plugins/turbot/csv@latest connection 'csv'
2023-03-29 02:34:11.299 UTC [TRACE] PluginManager 0xc0008be460 plugin hub.steampipe.io/plugins/turbot/csv@latest (csv) NOT started or starting - start now
2023-03-29 02:34:11.299 UTC [TRACE] ************ start plugin csv ********************
2023-03-29 02:34:11.299 UTC [TRACE] ************ plugin path /home/runner/.steampipe/plugins/hub.steampipe.io/plugins/turbot/csv@latest/steampipe-plugin-csv.plugin ********************
2023-03-29 02:34:11.373 UTC [DEBUG] starting plugin: path=/home/runner/.steampipe/plugins/hub.steampipe.io/plugins/turbot/csv@latest/steampipe-plugin-csv.plugin args=["/home/runner/.steampipe/plugins/hub.steampipe.io/plugins/turbot/csv@latest/steampipe-plugin-csv.plugin"]
2023-03-29 02:34:11.374 UTC [DEBUG] plugin started: path=/home/runner/.steampipe/plugins/hub.steampipe.io/plugins/turbot/csv@latest/steampipe-plugin-csv.plugin pid=2022
2023-03-29 02:34:11.374 UTC [DEBUG] waiting for RPC address: path=/home/runner/.steampipe/plugins/hub.steampipe.io/plugins/turbot/csv@latest/steampipe-plugin-csv.plugin
2023-03-29 02:34:11.387 UTC [INFO]  steampipe-plugin-csv.plugin: [INFO]  initialise plugin 'steampipe-plugin-csv', using sdk version 5.3.0
2023-03-29 02:34:11.387 UTC [TRACE] steampipe-plugin-csv.plugin: [TRACE] no DefaultRetryConfig defined - creating empty
2023-03-29 02:34:11.387 UTC [TRACE] steampipe-plugin-csv.plugin: [TRACE] no DefaultIgnoreConfig defined - creating empty
2023-03-29 02:34:11.387 UTC [TRACE] steampipe-plugin-csv.plugin: [TRACE] intialising defaultWatchedFilesChangedFunc
2023-03-29 02:34:11.387 UTC [TRACE] steampipe-plugin-csv.plugin: [TRACE] telemetry.Init service 'steampipe-plugin-csv', tracingEnabled: false, metricsEnabled: false
2023-03-29 02:34:11.387 UTC [TRACE] steampipe-plugin-csv.plugin: [TRACE] metrics and tracing disabled' - returning
2023-03-29 02:34:11.387 UTC [DEBUG] steampipe-plugin-csv.plugin: plugin address: address=/tmp/plugin1715856975 network=unix timestamp=2023-03-29T02:34:11.387Z
2023-03-29 02:34:11.387 UTC [DEBUG] using plugin: version=0
2023-03-29 02:34:11.387 UTC [TRACE] NewPluginClient for plugin hub.steampipe.io/plugins/turbot/csv@latest
2023-03-29 02:34:11.388 UTC [TRACE] stdio: waiting for stdio data
2023-03-29 02:34:11.389 UTC [TRACE] supportedOperations: query_cache:true  multiple_connections:true  message_stream:true
2023-03-29 02:34:11.390 UTC [TRACE] steampipe-plugin-csv.plugin: [TRACE] SetAllConnectionConfigs setting 1 configs
2023-03-29 02:34:11.390 UTC [TRACE] steampipe-plugin-csv.plugin: [TRACE] connection csv build schema and table map
2023-03-29 02:34:11.390 UTC [TRACE] steampipe-plugin-csv.plugin: [TRACE] Plugin steampipe-plugin-csv initialiseTables
2023-03-29 02:34:11.390 UTC [TRACE] steampipe-plugin-csv.plugin: [TRACE] getSourceFiles source: /home/runner/work/steampipe-samples/steampipe-samples/all/hackernews, glob: /home/runner/work/steampipe-samples/steampipe-samples/all/hackernews/*.csv
2023-03-29 02:34:11.395 UTC [DEBUG] steampipe-plugin-csv.plugin: [DEBUG] csv.tableCSV: path=/home/runner/work/steampipe-samples/steampipe-samples/all/hackernews/hn_items_all.csv detected_encoding=Unknown
2023-03-29 02:34:11.395 UTC [DEBUG] steampipe-plugin-csv.plugin: [DEBUG] csv.tableCSV: path=/home/runner/work/steampipe-samples/steampipe-samples/all/hackernews/new_sc.csv detected_encoding=Unknown
2023-03-29 02:34:11.395 UTC [TRACE] steampipe-plugin-csv.plugin: [TRACE] initialise table /home/runner/work/steampipe-samples/steampipe-samples/all/hackernews/hn_items_all.csv
2023-03-29 02:34:11.395 UTC [TRACE] steampipe-plugin-csv.plugin: [TRACE] no DefaultRetryConfig defined - creating empty
2023-03-29 02:34:11.395 UTC [TRACE] steampipe-plugin-csv.plugin: [TRACE] no DefaultIgnoreConfig defined - creating empty
2023-03-29 02:34:11.395 UTC [TRACE] steampipe-plugin-csv.plugin: [TRACE] apply plugin defaults for DefaultRetryConfig
2023-03-29 02:34:11.395 UTC [TRACE] steampipe-plugin-csv.plugin: [TRACE] apply plugin defaults for DefaultIgnoreConfig, table &{<nil> <nil>} plugin &{<nil> <nil>}
2023-03-29 02:34:11.395 UTC [TRACE] steampipe-plugin-csv.plugin: [TRACE] DefaultRetryConfig:
2023-03-29 02:34:11.395 UTC [TRACE] steampipe-plugin-csv.plugin: [TRACE] DefaultIgnoreConfig:
2023-03-29 02:34:11.395 UTC [TRACE] steampipe-plugin-csv.plugin: [TRACE] t.List.initialise
2023-03-29 02:34:11.395 UTC [TRACE] steampipe-plugin-csv.plugin: [TRACE] ListConfig.initialise table /home/runner/work/steampipe-samples/steampipe-samples/all/hackernews/hn_items_all.csv
2023-03-29 02:34:11.395 UTC [TRACE] steampipe-plugin-csv.plugin: [TRACE] ListConfig.initialise complete: RetryConfig: , IgnoreConfig
2023-03-29 02:34:11.395 UTC [TRACE] steampipe-plugin-csv.plugin: [TRACE] back from initialiseHydrateConfigs
2023-03-29 02:34:11.395 UTC [TRACE] steampipe-plugin-csv.plugin: [TRACE] initialise table /home/runner/work/steampipe-samples/steampipe-samples/all/hackernews/hn_items_all.csv COMPLETE
2023-03-29 02:34:11.395 UTC [TRACE] steampipe-plugin-csv.plugin: [TRACE] initialise table /home/runner/work/steampipe-samples/steampipe-samples/all/hackernews/new_sc.csv
2023-03-29 02:34:11.395 UTC [TRACE] steampipe-plugin-csv.plugin: [TRACE] no DefaultRetryConfig defined - creating empty
2023-03-29 02:34:11.395 UTC [TRACE] steampipe-plugin-csv.plugin: [TRACE] no DefaultIgnoreConfig defined - creating empty
2023-03-29 02:34:11.395 UTC [TRACE] steampipe-plugin-csv.plugin: [TRACE] apply plugin defaults for DefaultRetryConfig
2023-03-29 02:34:11.395 UTC [TRACE] steampipe-plugin-csv.plugin: [TRACE] apply plugin defaults for DefaultIgnoreConfig, table &{<nil> <nil>} plugin &{<nil> <nil>}
2023-03-29 02:34:11.395 UTC [TRACE] steampipe-plugin-csv.plugin: [TRACE] DefaultRetryConfig:
2023-03-29 02:34:11.395 UTC [TRACE] steampipe-plugin-csv.plugin: [TRACE] DefaultIgnoreConfig:
2023-03-29 02:34:11.395 UTC [TRACE] steampipe-plugin-csv.plugin: [TRACE] t.List.initialise
2023-03-29 02:34:11.395 UTC [TRACE] steampipe-plugin-csv.plugin: [TRACE] ListConfig.initialise table /home/runner/work/steampipe-samples/steampipe-samples/all/hackernews/new_sc.csv
2023-03-29 02:34:11.395 UTC [TRACE] steampipe-plugin-csv.plugin: [TRACE] ListConfig.initialise complete: RetryConfig: , IgnoreConfig
2023-03-29 02:34:11.395 UTC [TRACE] steampipe-plugin-csv.plugin: [TRACE] back from initialiseHydrateConfigs
2023-03-29 02:34:11.395 UTC [TRACE] steampipe-plugin-csv.plugin: [TRACE] initialise table /home/runner/work/steampipe-samples/steampipe-samples/all/hackernews/new_sc.csv COMPLETE
2023-03-29 02:34:11.395 UTC [TRACE] steampipe-plugin-csv.plugin: [TRACE] validate plugin steampipe-plugin-csv, required columns []
2023-03-29 02:34:11.395 UTC [TRACE] steampipe-plugin-csv.plugin: [TRACE] validate DefaultRetryConfig
2023-03-29 02:34:11.395 UTC [TRACE] steampipe-plugin-csv.plugin: [TRACE] validate DefaultIgnoreConfig
2023-03-29 02:34:11.395 UTC [TRACE] steampipe-plugin-csv.plugin: [TRACE] validate table names
2023-03-29 02:34:11.396 UTC [INFO]  steampipe-plugin-csv.plugin: [INFO]  plugin validation result: 0 warnings 0 errors
2023-03-29 02:34:11.396 UTC [TRACE] steampipe-plugin-csv.plugin: [TRACE] SetAllConnectionConfigs added connection csv to map, setting watch paths
2023-03-29 02:34:11.396 UTC [TRACE] steampipe-plugin-csv.plugin: [TRACE] updateConnectionWatchPaths for connection csv, watch paths: [/home/runner/work/steampipe-samples/steampipe-samples/all/hackernews/*.csv]
2023-03-29 02:34:11.396 UTC [TRACE] steampipe-plugin-csv.plugin: [TRACE] ConnectionData.updateWatchPaths - create watcher options from the watchPaths [/home/runner/work/steampipe-samples/steampipe-samples/all/hackernews/*.csv]
2023-03-29 02:34:11.396 UTC [TRACE] steampipe-plugin-csv.plugin: [TRACE] ConnectionData.updateWatchPaths - created the new file watcher
2023-03-29 02:34:11.396 UTC [TRACE] steampipe-plugin-csv.plugin: [TRACE] Plugin ensureCache creating cache, maxCacheStorageMb 0
2023-03-29 02:34:11.396 UTC [TRACE] steampipe-plugin-csv.plugin: [TRACE] createCacheStore for plugin 'steampipe-plugin-csv' setting max size to 0Mb, Shards: 2, max shard size: 0
2023-03-29 02:34:11.409 UTC [INFO]  steampipe-plugin-csv.plugin: [INFO]  query cache created
2023-03-29 02:34:11.409 UTC [DEBUG] steampipe-plugin-csv.plugin: [DEBUG] SetAllConnectionConfigs finished
2023-03-29 02:34:11.410 UTC [TRACE] PluginMessageServer AddConnection for connections [csv]
2023-03-29 02:34:11.410 UTC [TRACE] openMessageStream for connection 'csv'
2023-03-29 02:34:11.410 UTC [TRACE] calling EstablishMessageStream
2023-03-29 02:34:11.410 UTC [TRACE] PluginManager getPlugin complete, returning reattach config with PID: 2022
2023-03-29 02:34:11.411 UTC [TRACE] runMessageListener connection 'csv'
2023-03-29 02:34:11.412 UTC [TRACE] steampipe-plugin-csv.plugin: [TRACE] plugin.EstablishMessageStream plugin 0xc00010a000, stream 0xc000450af0
2023-03-29 02:34:11.412 UTC [TRACE] steampipe-plugin-csv.plugin: [TRACE] plugin.EstablishMessageStream set on plugin: plugin.messageStream 0xc000450af0
2023-03-29 02:34:11.456 UTC [TRACE] PluginManager Get, connections: '[csv]'
2023-03-29 02:34:11.456 UTC [TRACE] PluginManager getPlugin hub.steampipe.io/plugins/turbot/csv@latest connection 'csv'
2023-03-29 02:34:11.456 UTC [TRACE] connection csv found in connectionPluginMap
2023-03-29 02:34:11.456 UTC [TRACE] initialized: 2022
2023-03-29 02:34:11.456 UTC [TRACE] initialized: 2022
2023-03-29 02:34:11.456 UTC [TRACE] connection csv is loaded, check for running PID
2023-03-29 02:34:11.456 UTC [TRACE] PluginManager found 'csv' in map, pid 2022
2023-03-29 02:34:11.512 UTC [TRACE] PluginManager Get, connections: '[hackernews]'
2023-03-29 02:34:11.512 UTC [TRACE] PluginManager getPlugin hub.steampipe.io/plugins/turbot/hackernews@latest connection 'hackernews'
2023-03-29 02:34:11.512 UTC [TRACE] PluginManager 0xc0008be460 plugin hub.steampipe.io/plugins/turbot/hackernews@latest (hackernews) NOT started or starting - start now
2023-03-29 02:34:11.512 UTC [TRACE] ************ start plugin hackernews ********************
2023-03-29 02:34:11.512 UTC [TRACE] ************ plugin path /home/runner/.steampipe/plugins/hub.steampipe.io/plugins/turbot/hackernews@latest/steampipe-plugin-hackernews.plugin ********************
2023-03-29 02:34:11.575 UTC [DEBUG] starting plugin: path=/home/runner/.steampipe/plugins/hub.steampipe.io/plugins/turbot/hackernews@latest/steampipe-plugin-hackernews.plugin args=["/home/runner/.steampipe/plugins/hub.steampipe.io/plugins/turbot/hackernews@latest/steampipe-plugin-hackernews.plugin"]
2023-03-29 02:34:11.576 UTC [DEBUG] plugin started: path=/home/runner/.steampipe/plugins/hub.steampipe.io/plugins/turbot/hackernews@latest/steampipe-plugin-hackernews.plugin pid=2047
2023-03-29 02:34:11.576 UTC [DEBUG] waiting for RPC address: path=/home/runner/.steampipe/plugins/hub.steampipe.io/plugins/turbot/hackernews@latest/steampipe-plugin-hackernews.plugin
2023-03-29 02:34:11.583 UTC [INFO]  steampipe-plugin-hackernews.plugin: [INFO]  Initialise plugin 'steampipe-plugin-hackernews', using sdk version 4.1.7
2023-03-29 02:34:11.583 UTC [TRACE] steampipe-plugin-hackernews.plugin: [TRACE] defaulting SchemaMode to SchemaModeStatic
2023-03-29 02:34:11.583 UTC [TRACE] steampipe-plugin-hackernews.plugin: [TRACE] no DefaultRetryConfig defined - creating empty
2023-03-29 02:34:11.583 UTC [TRACE] steampipe-plugin-hackernews.plugin: [TRACE] no DefaultIgnoreConfig defined - creating empty
2023-03-29 02:34:11.583 UTC [TRACE] steampipe-plugin-hackernews.plugin: [TRACE] Setting Ulimit: ulimit=2560
2023-03-29 02:34:11.583 UTC [TRACE] steampipe-plugin-hackernews.plugin: [TRACE] telemetry.Init service 'steampipe-plugin-hackernews', tracingEnabled: false, metricsEnabled: false
2023-03-29 02:34:11.583 UTC [TRACE] steampipe-plugin-hackernews.plugin: [TRACE] metrics and tracing disabled' - returning
2023-03-29 02:34:11.584 UTC [DEBUG] steampipe-plugin-hackernews.plugin: plugin address: address=/tmp/plugin3242086229 network=unix timestamp=2023-03-29T02:34:11.584Z
2023-03-29 02:34:11.584 UTC [DEBUG] using plugin: version=0
2023-03-29 02:34:11.584 UTC [TRACE] NewPluginClient for plugin hub.steampipe.io/plugins/turbot/hackernews@latest
2023-03-29 02:34:11.585 UTC [TRACE] stdio: waiting for stdio data
2023-03-29 02:34:11.586 UTC [TRACE] supportedOperations: query_cache:true  multiple_connections:true
2023-03-29 02:34:11.587 UTC [TRACE] steampipe-plugin-hackernews.plugin: [TRACE] SetAllConnectionConfigs setting 1 configs
2023-03-29 02:34:11.587 UTC [TRACE] steampipe-plugin-hackernews.plugin: [TRACE] connection hackernews build schema and table map
2023-03-29 02:34:11.587 UTC [TRACE] steampipe-plugin-hackernews.plugin: [TRACE] initialise table hackernews_ask_hn
2023-03-29 02:34:11.587 UTC [TRACE] steampipe-plugin-hackernews.plugin: [TRACE] no DefaultRetryConfig defined - creating empty
2023-03-29 02:34:11.587 UTC [TRACE] steampipe-plugin-hackernews.plugin: [TRACE] no DefaultIgnoreConfig defined - creating empty
2023-03-29 02:34:11.587 UTC [TRACE] steampipe-plugin-hackernews.plugin: [TRACE] apply plugin defaults for DefaultRetryConfig
2023-03-29 02:34:11.587 UTC [TRACE] steampipe-plugin-hackernews.plugin: [TRACE] apply plugin defaults for DefaultIgnoreConfig, table &{<nil> <nil>} plugin &{<nil> <nil>}
2023-03-29 02:34:11.587 UTC [TRACE] steampipe-plugin-hackernews.plugin: [TRACE] DefaultRetryConfig:
2023-03-29 02:34:11.587 UTC [TRACE] steampipe-plugin-hackernews.plugin: [TRACE] DefaultIgnoreConfig:
2023-03-29 02:34:11.587 UTC [TRACE] steampipe-plugin-hackernews.plugin: [TRACE] t.Get.initialise
2023-03-29 02:34:11.587 UTC [TRACE] steampipe-plugin-hackernews.plugin: [TRACE] GetConfig.initialise table hackernews_ask_hn
2023-03-29 02:34:11.587 UTC [TRACE] steampipe-plugin-hackernews.plugin: [TRACE] GetConfig.initialise complete: RetryConfig: , IgnoreConfig:
2023-03-29 02:34:11.587 UTC [TRACE] steampipe-plugin-hackernews.plugin: [TRACE] t.List.initialise
2023-03-29 02:34:11.587 UTC [TRACE] steampipe-plugin-hackernews.plugin: [TRACE] ListConfig.initialise table hackernews_ask_hn
2023-03-29 02:34:11.587 UTC [TRACE] steampipe-plugin-hackernews.plugin: [TRACE] ListConfig.initialise complete: RetryConfig: , IgnoreConfig
2023-03-29 02:34:11.587 UTC [TRACE] steampipe-plugin-hackernews.plugin: [TRACE] HydrateConfig.initialise func getItem, table hackernews_ask_hn
2023-03-29 02:34:11.587 UTC [TRACE] steampipe-plugin-hackernews.plugin: [TRACE] HydrateConfig.initialise complete: RetryConfig: , IgnoreConfig:
2023-03-29 02:34:11.587 UTC [TRACE] steampipe-plugin-hackernews.plugin: [TRACE] back from initialiseHydrateConfigs
2023-03-29 02:34:11.587 UTC [TRACE] steampipe-plugin-hackernews.plugin: [TRACE] initialise table hackernews_ask_hn COMPLETE
2023-03-29 02:34:11.587 UTC [TRACE] steampipe-plugin-hackernews.plugin: [TRACE] initialise table hackernews_best
2023-03-29 02:34:11.587 UTC [TRACE] steampipe-plugin-hackernews.plugin: [TRACE] no DefaultRetryConfig defined - creating empty
2023-03-29 02:34:11.587 UTC [TRACE] steampipe-plugin-hackernews.plugin: [TRACE] no DefaultIgnoreConfig defined - creating empty
2023-03-29 02:34:11.587 UTC [TRACE] steampipe-plugin-hackernews.plugin: [TRACE] apply plugin defaults for DefaultRetryConfig
2023-03-29 02:34:11.587 UTC [TRACE] steampipe-plugin-hackernews.plugin: [TRACE] apply plugin defaults for DefaultIgnoreConfig, table &{<nil> <nil>} plugin &{<nil> <nil>}
2023-03-29 02:34:11.587 UTC [TRACE] steampipe-plugin-hackernews.plugin: [TRACE] DefaultRetryConfig:
2023-03-29 02:34:11.587 UTC [TRACE] steampipe-plugin-hackernews.plugin: [TRACE] DefaultIgnoreConfig:
2023-03-29 02:34:11.587 UTC [TRACE] steampipe-plugin-hackernews.plugin: [TRACE] t.Get.initialise
2023-03-29 02:34:11.587 UTC [TRACE] steampipe-plugin-hackernews.plugin: [TRACE] GetConfig.initialise table hackernews_best
2023-03-29 02:34:11.587 UTC [TRACE] steampipe-plugin-hackernews.plugin: [TRACE] GetConfig.initialise complete: RetryConfig: , IgnoreConfig:
2023-03-29 02:34:11.587 UTC [TRACE] steampipe-plugin-hackernews.plugin: [TRACE] t.List.initialise
2023-03-29 02:34:11.587 UTC [TRACE] steampipe-plugin-hackernews.plugin: [TRACE] ListConfig.initialise table hackernews_best
2023-03-29 02:34:11.587 UTC [TRACE] steampipe-plugin-hackernews.plugin: [TRACE] ListConfig.initialise complete: RetryConfig: , IgnoreConfig
2023-03-29 02:34:11.587 UTC [TRACE] steampipe-plugin-hackernews.plugin: [TRACE] HydrateConfig.initialise func getItem, table hackernews_best
2023-03-29 02:34:11.587 UTC [TRACE] steampipe-plugin-hackernews.plugin: [TRACE] HydrateConfig.initialise complete: RetryConfig: , IgnoreConfig:
2023-03-29 02:34:11.587 UTC [TRACE] steampipe-plugin-hackernews.plugin: [TRACE] back from initialiseHydrateConfigs
2023-03-29 02:34:11.587 UTC [TRACE] steampipe-plugin-hackernews.plugin: [TRACE] initialise table hackernews_best COMPLETE
2023-03-29 02:34:11.587 UTC [TRACE] steampipe-plugin-hackernews.plugin: [TRACE] initialise table hackernews_item
2023-03-29 02:34:11.587 UTC [TRACE] steampipe-plugin-hackernews.plugin: [TRACE] no DefaultRetryConfig defined - creating empty
2023-03-29 02:34:11.587 UTC [TRACE] steampipe-plugin-hackernews.plugin: [TRACE] no DefaultIgnoreConfig defined - creating empty
2023-03-29 02:34:11.587 UTC [TRACE] steampipe-plugin-hackernews.plugin: [TRACE] apply plugin defaults for DefaultRetryConfig
2023-03-29 02:34:11.587 UTC [TRACE] steampipe-plugin-hackernews.plugin: [TRACE] apply plugin defaults for DefaultIgnoreConfig, table &{<nil> <nil>} plugin &{<nil> <nil>}
2023-03-29 02:34:11.587 UTC [TRACE] steampipe-plugin-hackernews.plugin: [TRACE] DefaultRetryConfig:
2023-03-29 02:34:11.587 UTC [TRACE] steampipe-plugin-hackernews.plugin: [TRACE] DefaultIgnoreConfig:
2023-03-29 02:34:11.587 UTC [TRACE] steampipe-plugin-hackernews.plugin: [TRACE] t.Get.initialise
2023-03-29 02:34:11.587 UTC [TRACE] steampipe-plugin-hackernews.plugin: [TRACE] GetConfig.initialise table hackernews_item
2023-03-29 02:34:11.587 UTC [TRACE] steampipe-plugin-hackernews.plugin: [TRACE] GetConfig.initialise complete: RetryConfig: , IgnoreConfig:
2023-03-29 02:34:11.587 UTC [TRACE] steampipe-plugin-hackernews.plugin: [TRACE] t.List.initialise
2023-03-29 02:34:11.587 UTC [TRACE] steampipe-plugin-hackernews.plugin: [TRACE] ListConfig.initialise table hackernews_item
2023-03-29 02:34:11.587 UTC [TRACE] steampipe-plugin-hackernews.plugin: [TRACE] ListConfig.initialise complete: RetryConfig: , IgnoreConfig
2023-03-29 02:34:11.587 UTC [TRACE] steampipe-plugin-hackernews.plugin: [TRACE] HydrateConfig.initialise func getItem, table hackernews_item
2023-03-29 02:34:11.587 UTC [TRACE] steampipe-plugin-hackernews.plugin: [TRACE] HydrateConfig.initialise complete: RetryConfig: , IgnoreConfig:
2023-03-29 02:34:11.587 UTC [TRACE] steampipe-plugin-hackernews.plugin: [TRACE] back from initialiseHydrateConfigs
2023-03-29 02:34:11.587 UTC [TRACE] steampipe-plugin-hackernews.plugin: [TRACE] initialise table hackernews_item COMPLETE
2023-03-29 02:34:11.587 UTC [TRACE] steampipe-plugin-hackernews.plugin: [TRACE] initialise table hackernews_job
2023-03-29 02:34:11.587 UTC [TRACE] steampipe-plugin-hackernews.plugin: [TRACE] no DefaultRetryConfig defined - creating empty
2023-03-29 02:34:11.587 UTC [TRACE] steampipe-plugin-hackernews.plugin: [TRACE] no DefaultIgnoreConfig defined - creating empty
2023-03-29 02:34:11.587 UTC [TRACE] steampipe-plugin-hackernews.plugin: [TRACE] apply plugin defaults for DefaultRetryConfig
2023-03-29 02:34:11.587 UTC [TRACE] steampipe-plugin-hackernews.plugin: [TRACE] apply plugin defaults for DefaultIgnoreConfig, table &{<nil> <nil>} plugin &{<nil> <nil>}
2023-03-29 02:34:11.587 UTC [TRACE] steampipe-plugin-hackernews.plugin: [TRACE] DefaultRetryConfig:
2023-03-29 02:34:11.587 UTC [TRACE] steampipe-plugin-hackernews.plugin: [TRACE] DefaultIgnoreConfig:
2023-03-29 02:34:11.587 UTC [TRACE] steampipe-plugin-hackernews.plugin: [TRACE] t.Get.initialise
2023-03-29 02:34:11.587 UTC [TRACE] steampipe-plugin-hackernews.plugin: [TRACE] GetConfig.initialise table hackernews_job
2023-03-29 02:34:11.587 UTC [TRACE] steampipe-plugin-hackernews.plugin: [TRACE] GetConfig.initialise complete: RetryConfig: , IgnoreConfig:
2023-03-29 02:34:11.587 UTC [TRACE] steampipe-plugin-hackernews.plugin: [TRACE] t.List.initialise
2023-03-29 02:34:11.587 UTC [TRACE] steampipe-plugin-hackernews.plugin: [TRACE] ListConfig.initialise table hackernews_job
2023-03-29 02:34:11.587 UTC [TRACE] steampipe-plugin-hackernews.plugin: [TRACE] ListConfig.initialise complete: RetryConfig: , IgnoreConfig
2023-03-29 02:34:11.587 UTC [TRACE] steampipe-plugin-hackernews.plugin: [TRACE] HydrateConfig.initialise func getItem, table hackernews_job
2023-03-29 02:34:11.587 UTC [TRACE] steampipe-plugin-hackernews.plugin: [TRACE] HydrateConfig.initialise complete: RetryConfig: , IgnoreConfig:
2023-03-29 02:34:11.587 UTC [TRACE] steampipe-plugin-hackernews.plugin: [TRACE] back from initialiseHydrateConfigs
2023-03-29 02:34:11.587 UTC [TRACE] steampipe-plugin-hackernews.plugin: [TRACE] initialise table hackernews_job COMPLETE
2023-03-29 02:34:11.587 UTC [TRACE] steampipe-plugin-hackernews.plugin: [TRACE] initialise table hackernews_new
2023-03-29 02:34:11.587 UTC [TRACE] steampipe-plugin-hackernews.plugin: [TRACE] no DefaultRetryConfig defined - creating empty
2023-03-29 02:34:11.587 UTC [TRACE] steampipe-plugin-hackernews.plugin: [TRACE] no DefaultIgnoreConfig defined - creating empty
2023-03-29 02:34:11.587 UTC [TRACE] steampipe-plugin-hackernews.plugin: [TRACE] apply plugin defaults for DefaultRetryConfig
2023-03-29 02:34:11.587 UTC [TRACE] steampipe-plugin-hackernews.plugin: [TRACE] apply plugin defaults for DefaultIgnoreConfig, table &{<nil> <nil>} plugin &{<nil> <nil>}
2023-03-29 02:34:11.587 UTC [TRACE] steampipe-plugin-hackernews.plugin: [TRACE] DefaultRetryConfig:
2023-03-29 02:34:11.587 UTC [TRACE] steampipe-plugin-hackernews.plugin: [TRACE] DefaultIgnoreConfig:
2023-03-29 02:34:11.587 UTC [TRACE] steampipe-plugin-hackernews.plugin: [TRACE] t.Get.initialise
2023-03-29 02:34:11.587 UTC [TRACE] steampipe-plugin-hackernews.plugin: [TRACE] GetConfig.initialise table hackernews_new
2023-03-29 02:34:11.587 UTC [TRACE] steampipe-plugin-hackernews.plugin: [TRACE] GetConfig.initialise complete: RetryConfig: , IgnoreConfig:
2023-03-29 02:34:11.587 UTC [TRACE] steampipe-plugin-hackernews.plugin: [TRACE] t.List.initialise
2023-03-29 02:34:11.587 UTC [TRACE] steampipe-plugin-hackernews.plugin: [TRACE] ListConfig.initialise table hackernews_new
2023-03-29 02:34:11.587 UTC [TRACE] steampipe-plugin-hackernews.plugin: [TRACE] ListConfig.initialise complete: RetryConfig: , IgnoreConfig
2023-03-29 02:34:11.587 UTC [TRACE] steampipe-plugin-hackernews.plugin: [TRACE] HydrateConfig.initialise func getItem, table hackernews_new
2023-03-29 02:34:11.587 UTC [TRACE] steampipe-plugin-hackernews.plugin: [TRACE] HydrateConfig.initialise complete: RetryConfig: , IgnoreConfig:
2023-03-29 02:34:11.587 UTC [TRACE] steampipe-plugin-hackernews.plugin: [TRACE] back from initialiseHydrateConfigs
2023-03-29 02:34:11.587 UTC [TRACE] steampipe-plugin-hackernews.plugin: [TRACE] initialise table hackernews_new COMPLETE
2023-03-29 02:34:11.587 UTC [TRACE] steampipe-plugin-hackernews.plugin: [TRACE] initialise table hackernews_show_hn
2023-03-29 02:34:11.587 UTC [TRACE] steampipe-plugin-hackernews.plugin: [TRACE] no DefaultRetryConfig defined - creating empty
2023-03-29 02:34:11.587 UTC [TRACE] steampipe-plugin-hackernews.plugin: [TRACE] no DefaultIgnoreConfig defined - creating empty
2023-03-29 02:34:11.587 UTC [TRACE] steampipe-plugin-hackernews.plugin: [TRACE] apply plugin defaults for DefaultRetryConfig
2023-03-29 02:34:11.587 UTC [TRACE] steampipe-plugin-hackernews.plugin: [TRACE] apply plugin defaults for DefaultIgnoreConfig, table &{<nil> <nil>} plugin &{<nil> <nil>}
2023-03-29 02:34:11.587 UTC [TRACE] steampipe-plugin-hackernews.plugin: [TRACE] DefaultRetryConfig:
2023-03-29 02:34:11.587 UTC [TRACE] steampipe-plugin-hackernews.plugin: [TRACE] DefaultIgnoreConfig:
2023-03-29 02:34:11.587 UTC [TRACE] steampipe-plugin-hackernews.plugin: [TRACE] t.Get.initialise
2023-03-29 02:34:11.587 UTC [TRACE] steampipe-plugin-hackernews.plugin: [TRACE] GetConfig.initialise table hackernews_show_hn
2023-03-29 02:34:11.587 UTC [TRACE] steampipe-plugin-hackernews.plugin: [TRACE] GetConfig.initialise complete: RetryConfig: , IgnoreConfig:
2023-03-29 02:34:11.587 UTC [TRACE] steampipe-plugin-hackernews.plugin: [TRACE] t.List.initialise
2023-03-29 02:34:11.587 UTC [TRACE] steampipe-plugin-hackernews.plugin: [TRACE] ListConfig.initialise table hackernews_show_hn
2023-03-29 02:34:11.587 UTC [TRACE] steampipe-plugin-hackernews.plugin: [TRACE] ListConfig.initialise complete: RetryConfig: , IgnoreConfig
2023-03-29 02:34:11.587 UTC [TRACE] steampipe-plugin-hackernews.plugin: [TRACE] HydrateConfig.initialise func getItem, table hackernews_show_hn
2023-03-29 02:34:11.587 UTC [TRACE] steampipe-plugin-hackernews.plugin: [TRACE] HydrateConfig.initialise complete: RetryConfig: , IgnoreConfig:
2023-03-29 02:34:11.587 UTC [TRACE] steampipe-plugin-hackernews.plugin: [TRACE] back from initialiseHydrateConfigs
2023-03-29 02:34:11.587 UTC [TRACE] steampipe-plugin-hackernews.plugin: [TRACE] initialise table hackernews_show_hn COMPLETE
2023-03-29 02:34:11.587 UTC [TRACE] steampipe-plugin-hackernews.plugin: [TRACE] initialise table hackernews_top
2023-03-29 02:34:11.588 UTC [TRACE] steampipe-plugin-hackernews.plugin: [TRACE] no DefaultRetryConfig defined - creating empty
2023-03-29 02:34:11.588 UTC [TRACE] steampipe-plugin-hackernews.plugin: [TRACE] no DefaultIgnoreConfig defined - creating empty
2023-03-29 02:34:11.588 UTC [TRACE] steampipe-plugin-hackernews.plugin: [TRACE] apply plugin defaults for DefaultRetryConfig
2023-03-29 02:34:11.588 UTC [TRACE] steampipe-plugin-hackernews.plugin: [TRACE] apply plugin defaults for DefaultIgnoreConfig, table &{<nil> <nil>} plugin &{<nil> <nil>}
2023-03-29 02:34:11.588 UTC [TRACE] steampipe-plugin-hackernews.plugin: [TRACE] DefaultRetryConfig:
2023-03-29 02:34:11.588 UTC [TRACE] steampipe-plugin-hackernews.plugin: [TRACE] DefaultIgnoreConfig:
2023-03-29 02:34:11.588 UTC [TRACE] steampipe-plugin-hackernews.plugin: [TRACE] t.Get.initialise
2023-03-29 02:34:11.588 UTC [TRACE] steampipe-plugin-hackernews.plugin: [TRACE] GetConfig.initialise table hackernews_top
2023-03-29 02:34:11.588 UTC [TRACE] steampipe-plugin-hackernews.plugin: [TRACE] GetConfig.initialise complete: RetryConfig: , IgnoreConfig:
2023-03-29 02:34:11.588 UTC [TRACE] steampipe-plugin-hackernews.plugin: [TRACE] t.List.initialise
2023-03-29 02:34:11.588 UTC [TRACE] steampipe-plugin-hackernews.plugin: [TRACE] ListConfig.initialise table hackernews_top
2023-03-29 02:34:11.588 UTC [TRACE] steampipe-plugin-hackernews.plugin: [TRACE] ListConfig.initialise complete: RetryConfig: , IgnoreConfig
2023-03-29 02:34:11.588 UTC [TRACE] steampipe-plugin-hackernews.plugin: [TRACE] HydrateConfig.initialise func getItem, table hackernews_top
2023-03-29 02:34:11.588 UTC [TRACE] steampipe-plugin-hackernews.plugin: [TRACE] HydrateConfig.initialise complete: RetryConfig: , IgnoreConfig:
2023-03-29 02:34:11.588 UTC [TRACE] steampipe-plugin-hackernews.plugin: [TRACE] back from initialiseHydrateConfigs
2023-03-29 02:34:11.588 UTC [TRACE] steampipe-plugin-hackernews.plugin: [TRACE] initialise table hackernews_top COMPLETE
2023-03-29 02:34:11.588 UTC [TRACE] steampipe-plugin-hackernews.plugin: [TRACE] initialise table hackernews_user
2023-03-29 02:34:11.588 UTC [TRACE] steampipe-plugin-hackernews.plugin: [TRACE] no DefaultRetryConfig defined - creating empty
2023-03-29 02:34:11.588 UTC [TRACE] steampipe-plugin-hackernews.plugin: [TRACE] no DefaultIgnoreConfig defined - creating empty
2023-03-29 02:34:11.588 UTC [TRACE] steampipe-plugin-hackernews.plugin: [TRACE] apply plugin defaults for DefaultRetryConfig
2023-03-29 02:34:11.588 UTC [TRACE] steampipe-plugin-hackernews.plugin: [TRACE] apply plugin defaults for DefaultIgnoreConfig, table &{<nil> <nil>} plugin &{<nil> <nil>}
2023-03-29 02:34:11.588 UTC [TRACE] steampipe-plugin-hackernews.plugin: [TRACE] DefaultRetryConfig:
2023-03-29 02:34:11.588 UTC [TRACE] steampipe-plugin-hackernews.plugin: [TRACE] DefaultIgnoreConfig:
2023-03-29 02:34:11.588 UTC [TRACE] steampipe-plugin-hackernews.plugin: [TRACE] t.List.initialise
2023-03-29 02:34:11.588 UTC [TRACE] steampipe-plugin-hackernews.plugin: [TRACE] ListConfig.initialise table hackernews_user
2023-03-29 02:34:11.588 UTC [TRACE] steampipe-plugin-hackernews.plugin: [TRACE] ListConfig.initialise complete: RetryConfig: , IgnoreConfig
2023-03-29 02:34:11.588 UTC [TRACE] steampipe-plugin-hackernews.plugin: [TRACE] back from initialiseHydrateConfigs
2023-03-29 02:34:11.588 UTC [TRACE] steampipe-plugin-hackernews.plugin: [TRACE] initialise table hackernews_user COMPLETE
2023-03-29 02:34:11.588 UTC [TRACE] steampipe-plugin-hackernews.plugin: [TRACE] validate plugin steampipe-plugin-hackernews, required columns []
2023-03-29 02:34:11.588 UTC [TRACE] steampipe-plugin-hackernews.plugin: [TRACE] validate DefaultRetryConfig
2023-03-29 02:34:11.588 UTC [TRACE] steampipe-plugin-hackernews.plugin: [TRACE] validate DefaultIgnoreConfig
2023-03-29 02:34:11.588 UTC [TRACE] steampipe-plugin-hackernews.plugin: [TRACE] validate table names
2023-03-29 02:34:11.588 UTC [TRACE] steampipe-plugin-hackernews.plugin: [TRACE] plugin has 0 validation errors
2023-03-29 02:34:11.588 UTC [TRACE] steampipe-plugin-hackernews.plugin: [TRACE] Plugin ensureCache creating cache, maxCacheStorageMb 0
2023-03-29 02:34:11.588 UTC [TRACE] steampipe-plugin-hackernews.plugin: [TRACE] createCacheStore for plugin 'steampipe-plugin-hackernews' setting max size to 0Mb, Shards: 2, max shard size: 0
2023-03-29 02:34:11.598 UTC [INFO]  steampipe-plugin-hackernews.plugin: [INFO]  query cache created
2023-03-29 02:34:11.598 UTC [DEBUG] steampipe-plugin-hackernews.plugin: [DEBUG] SetAllConnectionConfigs finished
2023-03-29 02:34:11.599 UTC [TRACE] PluginManager getPlugin complete, returning reattach config with PID: 2047
2023-03-29 02:34:11.603 UTC [INFO]  steampipe-plugin-hackernews.plugin: [INFO]  1680057251493: Plugin Execute (1680057251493)
2023-03-29 02:34:11.603 UTC [TRACE] steampipe-plugin-hackernews.plugin: [TRACE] 1680057251493: No memory limit set
2023-03-29 02:34:11.603 UTC [INFO]  steampipe-plugin-hackernews.plugin: [INFO]  1680057251493: Plugin Execute, setting memory limit to -1Mb
2023-03-29 02:34:11.603 UTC [TRACE] steampipe-plugin-hackernews.plugin: [TRACE] 1680057251493: calling ExtractContextFromCarrier
2023-03-29 02:34:11.603 UTC [INFO]  steampipe-plugin-hackernews.plugin: [INFO]  1680057251493: Setting max concurrent connections to 25
2023-03-29 02:34:11.603 UTC [TRACE] steampipe-plugin-hackernews.plugin: [TRACE] 1680057251493: executeForConnection callId: 1680057251493, connectionCallId: hackernews-1680057251493, connection: hackernews table: hackernews_new cols: id,title,time,by,score,dead,deleted,descendants,kids,parent,parts,poll,text,type,url,_ctx
2023-03-29 02:34:11.603 UTC [TRACE] steampipe-plugin-hackernews.plugin: [TRACE] 1680057251493: got connection data
2023-03-29 02:34:11.603 UTC [TRACE] steampipe-plugin-hackernews.plugin: [TRACE] 1680057251493: Got query context, table: hackernews_new, cols: [id title time by score dead deleted descendants kids parent parts poll text type url _ctx]
2023-03-29 02:34:11.603 UTC [TRACE] steampipe-plugin-hackernews.plugin: [TRACE] 1680057251493: Start execute span
2023-03-29 02:34:11.603 UTC [INFO]  steampipe-plugin-hackernews.plugin: [INFO]  1680057251493: Setting free memory interval to 100 rows
2023-03-29 02:34:11.603 UTC [TRACE] steampipe-plugin-hackernews.plugin: [TRACE] 1680057251493: setFetchType map[time:quals:{fieldName:"time"  string_value:">"  value:{timestamp_value:{seconds:1680053651  nanos:486328000}}}]
2023-03-29 02:34:11.604 UTC [TRACE] steampipe-plugin-hackernews.plugin: [TRACE] 1680057251493: getMatchingQuals column:'id' operator: =
2023-03-29 02:34:11.604 UTC [TRACE] steampipe-plugin-hackernews.plugin: [TRACE] 1680057251493: getMatchingQuals returning false - qualMap does not contain any quals for column id
2023-03-29 02:34:11.604 UTC [TRACE] steampipe-plugin-hackernews.plugin: [TRACE] 1680057251493: GetUnsatisfiedKeyColumns for columns column:'id' operator: =
2023-03-29 02:34:11.605 UTC [TRACE] steampipe-plugin-hackernews.plugin: [TRACE] 1680057251493: key column NOT satisfied column:'id' operator: =
2023-03-29 02:34:11.605 UTC [TRACE] steampipe-plugin-hackernews.plugin: [TRACE] 1680057251493: satisfied: map[any_of: optional: required:]
2023-03-29 02:34:11.606 UTC [TRACE] steampipe-plugin-hackernews.plugin: [TRACE] 1680057251493: unsatisfied: map[any_of: optional: required:column:'id' operator: =]
2023-03-29 02:34:11.606 UTC [TRACE] steampipe-plugin-hackernews.plugin: [TRACE] 1680057251493: unsatisfied required KeyColumns: column:'id' operator: =
2023-03-29 02:34:11.606 UTC [TRACE] steampipe-plugin-hackernews.plugin: [TRACE] 1680057251493: Set fetchType to fetchTypeList
2023-03-29 02:34:11.606 UTC [TRACE] steampipe-plugin-hackernews.plugin: [TRACE] 1680057251493: Equals key column quals:
2023-03-29 02:34:11.606 UTC [DEBUG] steampipe-plugin-hackernews.plugin: {}
2023-03-29 02:34:11.606 UTC [TRACE] steampipe-plugin-hackernews.plugin: [TRACE] 1680057251493: All key column quals:
2023-03-29 02:34:11.606 UTC [DEBUG] steampipe-plugin-hackernews.plugin: {}
2023-03-29 02:34:11.606 UTC [TRACE] steampipe-plugin-hackernews.plugin: [TRACE] 1680057251493: GetMatrixItem
2023-03-29 02:34:11.606 UTC [TRACE] steampipe-plugin-hackernews.plugin: [TRACE] 1680057251493: creating query data
2023-03-29 02:34:11.606 UTC [INFO]  steampipe-plugin-hackernews.plugin: [INFO]  1680057251493: cacheEnabled, trying cache get (hackernews-1680057251493)
2023-03-29 02:34:11.606 UTC [TRACE] steampipe-plugin-hackernews.plugin: [TRACE] 1680057251493: QueryCache Get - indexBucketKey index__hackernewshackernews_new, quals
2023-03-29 02:34:11.606 UTC [TRACE] steampipe-plugin-hackernews.plugin: [TRACE] 1680057251493: QueryCache getCachedQueryResult - table hackernews_new, connectionName hackernews
2023-03-29 02:34:11.606 UTC [TRACE] steampipe-plugin-hackernews.plugin: [TRACE] 1680057251493: index bucket key: index__hackernewshackernews_new ttlSeconds 300 limit: -1
2023-03-29 02:34:11.606 UTC [TRACE] steampipe-plugin-hackernews.plugin: [TRACE] 1680057251493: doGet cache miss
2023-03-29 02:34:11.606 UTC [TRACE] steampipe-plugin-hackernews.plugin: [TRACE] 1680057251493: getCachedIndexBucket - no item retrieved for cache key index__hackernewshackernews_new
2023-03-29 02:34:11.606 UTC [TRACE] steampipe-plugin-hackernews.plugin: [TRACE] 1680057251493: getCachedQueryResult returned CACHE MISS - checking for pending transfers
2023-03-29 02:34:11.606 UTC [TRACE] steampipe-plugin-hackernews.plugin: [TRACE] 1680057251493: getPendingResultItem indexBucketKey index__hackernewshackernews_new, columns [id title time by score dead deleted descendants kids parent parts poll text type url _ctx], limit -1
2023-03-29 02:34:11.606 UTC [TRACE] steampipe-plugin-hackernews.plugin: [TRACE] 1680057251493: no pending index item - add pending result, indexBucketKey index__hackernewshackernews_new
2023-03-29 02:34:11.606 UTC [TRACE] steampipe-plugin-hackernews.plugin: [TRACE] 1680057251493: addPendingResult (hackernews-1680057251493) indexBucketKey index__hackernewshackernews_new, columns [id title time by score dead deleted descendants kids parent parts poll text type url _ctx], limit -1
2023-03-29 02:34:11.606 UTC [TRACE] steampipe-plugin-hackernews.plugin: [TRACE] 1680057251493: no index bucket found - creating one
2023-03-29 02:34:11.606 UTC [TRACE] steampipe-plugin-hackernews.plugin: [TRACE] 1680057251493: pendingIndexItem Lock count before 0
2023-03-29 02:34:11.606 UTC [TRACE] steampipe-plugin-hackernews.plugin: [TRACE] 1680057251493: addPendingResult added pending index item to bucket, (hackernews-1680057251493) indexBucketKey index__hackernewshackernews_new, resultKeyRoot hackernewshackernews_newid,title,time,by,score,dead,deleted,descendants,kids,parent,parts,poll,text,type,url,_ctx-1, pending item : 0xc0004c4c30
2023-03-29 02:34:11.606 UTC [TRACE] steampipe-plugin-hackernews.plugin: [TRACE] 1680057251493: **** pending items (hackernews-1680057251493)****
2023-03-29 02:34:11.606 UTC [TRACE] steampipe-plugin-hackernews.plugin: [TRACE] 1680057251493: key: index__hackernewshackernews_new: item: 0xc0004c4c30, count: 1, key:hackernewshackernews_newid,title,time,by,score,dead,deleted,descendants,kids,parent,parts,poll,text,type,url,_ctx-1
2023-03-29 02:34:11.606 UTC [TRACE] steampipe-plugin-hackernews.plugin: [TRACE] 1680057251493: ********
2023-03-29 02:34:11.606 UTC [TRACE] steampipe-plugin-hackernews.plugin: [TRACE] 1680057251493: getPendingResultItem returning <nil>
2023-03-29 02:34:11.606 UTC [INFO]  steampipe-plugin-hackernews.plugin: [INFO]  1680057251493: CACHE MISS
2023-03-29 02:34:11.606 UTC [TRACE] steampipe-plugin-hackernews.plugin: [TRACE] 1680057251493: cache MISS
2023-03-29 02:34:11.606 UTC [INFO]  steampipe-plugin-hackernews.plugin: [INFO]  1680057251493: queryCacheGet returned CACHE MISS (hackernews-1680057251493)
2023-03-29 02:34:11.606 UTC [TRACE] steampipe-plugin-hackernews.plugin: [TRACE] 1680057251493: StartSet (hackernews-1680057251493)
2023-03-29 02:34:11.606 UTC [TRACE] steampipe-plugin-hackernews.plugin: [TRACE] 1680057251493: calling fetchItems, table: hackernews_new, matrixItem: [], limit: -1,  connectionCallId: hackernews-1680057251493"
2023-03-29 02:34:11.606 UTC [TRACE] steampipe-plugin-hackernews.plugin: [TRACE] 1680057251493: buildRowsAsync connectionCallId: hackernews-1680057251493
2023-03-29 02:34:11.606 UTC [TRACE] steampipe-plugin-hackernews.plugin: [TRACE] 1680057251493: streamRows connectionCallId: hackernews-1680057251493
2023-03-29 02:34:11.606 UTC [TRACE] steampipe-plugin-hackernews.plugin: [TRACE] 1680057251493: QueryData streamRows (hackernews-1680057251493)
2023-03-29 02:34:11.606 UTC [TRACE] steampipe-plugin-hackernews.plugin: [TRACE] 1680057251493: executeListCall START (hackernews-1680057251493)
2023-03-29 02:34:11.606 UTC [TRACE] steampipe-plugin-hackernews.plugin: [TRACE] 1680057251493: GetUnsatisfiedKeyColumns for columns
2023-03-29 02:34:11.606 UTC [TRACE] steampipe-plugin-hackernews.plugin: [TRACE] 1680057251493: doList (hackernews-1680057251493)
2023-03-29 02:34:11.606 UTC [TRACE] steampipe-plugin-hackernews.plugin: [TRACE] 1680057251493: doList: no matrix item
2023-03-29 02:34:11.761 UTC [TRACE] stdio: received data: channel=STDOUT len=18
2023-03-29 02:34:11.761 UTC [TRACE] stdio: waiting for stdio data
2023-03-29 02:34:11.762 UTC [TRACE] steampipe-plugin-hackernews.plugin: [TRACE] 1680057251493: QueryData.fetchComplete
2023-03-29 02:34:11.762 UTC [TRACE] steampipe-plugin-hackernews.plugin: [TRACE] 1680057251493: executeListCall COMPLETE (hackernews-1680057251493)
2023-03-29 02:34:11.762 UTC [TRACE] steampipe-plugin-hackernews.plugin: [TRACE] 1680057251493: rowData chan returned nil - wait for rows to complete (hackernews-1680057251493)
2023-03-29 02:34:11.860 UTC [TRACE] stdio: received data: channel=STDOUT len=808
2023-03-29 02:34:11.860 UTC [TRACE] stdio: waiting for stdio data
2023-03-29 02:34:11.924 UTC [TRACE] stdio: received data: channel=STDOUT len=752
2023-03-29 02:34:11.924 UTC [TRACE] stdio: waiting for stdio data
2023-03-29 02:34:11.924 UTC [TRACE] stdio: received data: channel=STDOUT len=1024
2023-03-29 02:34:11.924 UTC [TRACE] stdio: waiting for stdio data
2023-03-29 02:34:11.924 UTC [TRACE] stdio: received data: channel=STDOUT len=281
2023-03-29 02:34:11.924 UTC [TRACE] stdio: waiting for stdio data
2023-03-29 02:34:12.014 UTC [TRACE] stdio: received data: channel=STDOUT len=909
2023-03-29 02:34:12.014 UTC [TRACE] stdio: waiting for stdio data
2023-03-29 02:34:12.108 UTC [TRACE] steampipe-plugin-hackernews.plugin: [TRACE] 1680057251493: buildRowsAsync goroutine returning (hackernews-1680057251493)
2023-03-29 02:34:12.108 UTC [TRACE] steampipe-plugin-hackernews.plugin: [TRACE] 1680057251493: streamRows - nil row, stop streaming (hackernews-1680057251493)
2023-03-29 02:34:12.108 UTC [TRACE] steampipe-plugin-hackernews.plugin: [TRACE] 1680057251493: ------------------------------------
2023-03-29 02:34:12.108 UTC [TRACE] steampipe-plugin-hackernews.plugin: [TRACE] 1680057251493: Concurrency Summary
2023-03-29 02:34:12.108 UTC [TRACE] steampipe-plugin-hackernews.plugin: [TRACE] 1680057251493: ------------------------------------
2023-03-29 02:34:12.108 UTC [TRACE] steampipe-plugin-hackernews.plugin: [TRACE] 1680057251493: getItem                       : 200
2023-03-29 02:34:12.108 UTC [TRACE] steampipe-plugin-hackernews.plugin: [TRACE] 1680057251493: ------------------------------------
2023-03-29 02:34:12.108 UTC [TRACE] steampipe-plugin-hackernews.plugin: [TRACE] 1680057251493: Total                         : 200
2023-03-29 02:34:12.108 UTC [TRACE] steampipe-plugin-hackernews.plugin: [TRACE] 1680057251493: ------------------------------------
2023-03-29 02:34:12.108 UTC [TRACE] steampipe-plugin-hackernews.plugin: [TRACE] 1680057251493: QueryData streamRows DONE (hackernews-1680057251493)
2023-03-29 02:34:12.108 UTC [TRACE] steampipe-plugin-hackernews.plugin: [TRACE] 1680057251493: EndSet (hackernews-1680057251493) table hackernews_new
2023-03-29 02:34:12.108 UTC [TRACE] steampipe-plugin-hackernews.plugin: [TRACE] 1680057251493: QueryCache writePageToCache: 500 rows, pageCount 1, page key hackernewshackernews_newid,title,time,by,score,dead,deleted,descendants,kids,parent,parts,poll,text,type,url,_ctx-1-0
2023-03-29 02:34:12.113 UTC [TRACE] stdio: received data: channel=STDOUT len=1024
2023-03-29 02:34:12.113 UTC [TRACE] stdio: waiting for stdio data
2023-03-29 02:34:12.116 UTC [TRACE] steampipe-plugin-hackernews.plugin: [TRACE] 1680057251493: writePageToCache Set - result written
2023-03-29 02:34:12.116 UTC [TRACE] steampipe-plugin-hackernews.plugin: [TRACE] 1680057251493: QueryCache EndSet - result written
2023-03-29 02:34:12.116 UTC [TRACE] steampipe-plugin-hackernews.plugin: [TRACE] 1680057251493: doGet cache miss
2023-03-29 02:34:12.116 UTC [TRACE] steampipe-plugin-hackernews.plugin: [TRACE] 1680057251493: getCachedIndexBucket - no item retrieved for cache key index__hackernewshackernews_new
2023-03-29 02:34:12.116 UTC [TRACE] steampipe-plugin-hackernews.plugin: [TRACE] 1680057251493: getCachedIndexBucket returned cache miss
2023-03-29 02:34:12.116 UTC [TRACE] steampipe-plugin-hackernews.plugin: [TRACE] 1680057251493: QueryCache EndSet - Added index item (0xc01ae1b4a0) to bucket (0xc01ae0e528), page count 1,  key root hackernewshackernews_newid,title,time,by,score,dead,deleted,descendants,kids,parent,parts,poll,text,type,url,_ctx-1
2023-03-29 02:34:12.116 UTC [TRACE] steampipe-plugin-hackernews.plugin: [TRACE] 1680057251493: cacheSetIndexBucket index__hackernewshackernews_new
2023-03-29 02:34:12.116 UTC [TRACE] steampipe-plugin-hackernews.plugin: [TRACE] 1680057251493: QueryCache EndSet - IndexBucket written
2023-03-29 02:34:12.116 UTC [TRACE] steampipe-plugin-hackernews.plugin: [TRACE] 1680057251493: EndSet DEFER (hackernews-1680057251493) table hackernews_new
2023-03-29 02:34:12.116 UTC [TRACE] steampipe-plugin-hackernews.plugin: [TRACE] 1680057251493: calling pendingItemComplete (hackernews-1680057251493)
2023-03-29 02:34:12.116 UTC [TRACE] steampipe-plugin-hackernews.plugin: [TRACE] 1680057251493: pendingItemComplete (hackernews-1680057251493) indexBucketKey index__hackernewshackernews_new, columns [id title time by score dead deleted descendants kids parent parts poll text type url _ctx], limit -1
2023-03-29 02:34:12.116 UTC [TRACE] steampipe-plugin-hackernews.plugin: [TRACE] 1680057251493: got pending index bucket, (hackernews-1680057251493) len 1
2023-03-29 02:34:12.116 UTC [TRACE] steampipe-plugin-hackernews.plugin: [TRACE] 1680057251493: SatisfiesLimit limit -1, no item limit - satisfied
2023-03-29 02:34:12.116 UTC [TRACE] steampipe-plugin-hackernews.plugin: [TRACE] 1680057251493: found pending index item to satisfy columns id,title,time,by,score,dead,deleted,descendants,kids,parent,parts,poll,text,type,url,_ctx, limit -1
2023-03-29 02:34:12.116 UTC [TRACE] steampipe-plugin-hackernews.plugin: [TRACE] 1680057251493: found completed pending item (hackernews-1680057251493) 0xc0004c4c30, key hackernewshackernews_newid,title,time,by,score,dead,deleted,descendants,kids,parent,parts,poll,text,type,url,_ctx-1 - removing from map as it is complete
2023-03-29 02:34:12.116 UTC [TRACE] steampipe-plugin-hackernews.plugin: [TRACE] 1680057251493: pendingIndexItem Unlock count before 1 key hackernewshackernews_newid,title,time,by,score,dead,deleted,descendants,kids,parent,parts,poll,text,type,url,_ctx-1
2023-03-29 02:34:12.116 UTC [TRACE] steampipe-plugin-hackernews.plugin: [TRACE] 1680057251493: deleted from pending, (hackernews-1680057251493) len 0
2023-03-29 02:34:12.116 UTC [TRACE] steampipe-plugin-hackernews.plugin: [TRACE] 1680057251493: pending bucket now empty - deleting key index__hackernewshackernews_new
2023-03-29 02:34:12.116 UTC [TRACE] steampipe-plugin-hackernews.plugin: [TRACE] 1680057251493: pendingItemComplete done (hackernews-1680057251493)
2023-03-29 02:34:12.116 UTC [TRACE] steampipe-plugin-hackernews.plugin: [TRACE] 1680057251493: cache set succeeded
2023-03-29 02:34:12.116 UTC [TRACE] steampipe-plugin-hackernews.plugin: [TRACE] 1680057251493: End execute span
2023-03-29 02:34:12.116 UTC [TRACE] steampipe-plugin-hackernews.plugin: [TRACE] 1680057251493: executeForConnection DEFER (hackernews-1680057251493)
2023-03-29 02:34:12.116 UTC [TRACE] steampipe-plugin-hackernews.plugin: [TRACE] 1680057251493: Execute complete callId: hackernews-1680057251493 table: hackernews_new
2023-03-29 02:34:12.116 UTC [TRACE] steampipe-plugin-hackernews.plugin: [TRACE] 1680057251493: executeForConnection hackernews returned
2023-03-29 02:34:12.116 UTC [TRACE] steampipe-plugin-hackernews.plugin: [TRACE] 1680057251493: output wg complete - send nil row
2023-03-29 02:34:12.116 UTC [TRACE] steampipe-plugin-hackernews.plugin: [TRACE] 1680057251493: empty row on output channel - we are done
2023-03-29 02:34:12.116 UTC [INFO]  steampipe-plugin-hackernews.plugin: [INFO]  1680057251493: Plugin Execute complete (1680057251493)
2023-03-29 02:34:12.143 UTC [INFO]  PluginManager Shutdown
2023-03-29 02:34:12.144 UTC [INFO]  PluginManager killing plugin csv (2022)
2023-03-29 02:34:12.144 UTC [TRACE] steampipe-plugin-csv.plugin: [TRACE] FLUSHING instrumentation
2023-03-29 02:34:12.144 UTC [TRACE] steampipe-plugin-csv.plugin: [TRACE] Shutdown instrumentation
2023-03-29 02:34:12.144 UTC [DEBUG] stdio: received EOF, stopping recv loop: err="rpc error: code = Unavailable desc = error reading from server: EOF"
2023-03-29 02:34:12.144 UTC [TRACE] receive error for connection 'csv': rpc error: code = Unavailable desc = error reading from server: EOF
2023-03-29 02:34:12.144 UTC [TRACE] cache listener received EOF for connection 'csv', returning
2023-03-29 02:34:12.151 UTC [TRACE] steampipe-plugin-csv.plugin: [TRACE] file watcher event [no events]   ""
2023-03-29 02:34:12.151 UTC [TRACE] steampipe-plugin-csv.plugin: [TRACE] file watcher event [no events]   ""
2023-03-29 02:34:12.151 UTC [TRACE] steampipe-plugin-csv.plugin: [TRACE] ignore file change [no events]   ""
2023-03-29 02:34:12.151 UTC [TRACE] steampipe-plugin-csv.plugin: [TRACE] handleEvent error <nil>
2023-03-29 02:34:12.152 UTC [INFO]  plugin process exited: path=/home/runner/.steampipe/plugins/hub.steampipe.io/plugins/turbot/csv@latest/steampipe-plugin-csv.plugin pid=2022
2023-03-29 02:34:12.152 UTC [DEBUG] plugin exited
2023-03-29 02:34:12.152 UTC [INFO]  PluginManager killing plugin hackernews (2047)
2023-03-29 02:34:12.152 UTC [DEBUG] stdio: received EOF, stopping recv loop: err="rpc error: code = Unavailable desc = error reading from server: EOF"
2023-03-29 02:34:12.152 UTC [TRACE] steampipe-plugin-hackernews.plugin: [TRACE] 1680057251493: FLUSHING instrumentation
2023-03-29 02:34:12.152 UTC [TRACE] steampipe-plugin-hackernews.plugin: [TRACE] 1680057251493: Shutdown instrumentation
2023-03-29 02:34:12.155 UTC [INFO]  plugin process exited: path=/home/runner/.steampipe/plugins/hub.steampipe.io/plugins/turbot/hackernews@latest/steampipe-plugin-hackernews.plugin pid=2047
2023-03-29 02:34:12.155 UTC [DEBUG] plugin exited
2023-03-29 02:36:30.255 UTC [ERROR] steampipe-plugin-csv.plugin: [ERROR] csv.tableCSV: header_parse_error=EOF path=/home/runner/work/steampipe-samples/steampipe-samples/all/hackernews/new_sc.csv header=[]
2023-03-29 02:36:30.255 UTC [ERROR] steampipe-plugin-csv.plugin: [ERROR] csv.PluginTables: create_table_error="failed to parse file header /home/runner/work/steampipe-samples/steampipe-samples/all/hackernews/new_sc.csv: EOF" path=/home/runner/work/steampipe-samples/steampipe-samples/all/hackernews/new_sc.csv
2023-03-29 02:36:30.271 UTC [WARN]  failed to set connection config: failed to parse file header /home/runner/work/steampipe-samples/steampipe-samples/all/hackernews/new_sc.csv: EOF
2023-03-29 02:36:44.522 UTC [ERROR] steampipe-plugin-csv.plugin: [ERROR] csv.tableCSV: header_parse_error=EOF path=/home/runner/work/steampipe-samples/steampipe-samples/all/hackernews/hn_items_all.csv header=[]
2023-03-29 02:36:44.522 UTC [ERROR] steampipe-plugin-csv.plugin: [ERROR] csv.PluginTables: create_table_error="failed to parse file header /home/runner/work/steampipe-samples/steampipe-samples/all/hackernews/hn_items_all.csv: EOF" path=/home/runner/work/steampipe-samples/steampipe-samples/all/hackernews/hn_items_all.csv
2023-03-29 02:36:44.535 UTC [WARN]  failed to set connection config: failed to parse file header /home/runner/work/steampipe-samples/steampipe-samples/all/hackernews/hn_items_all.csv: EOF
