2022-10-31 23:21:18.662 UTC [WARN]  PluginManager setPluginCacheSizeMap: 1 connection.
2022-10-31 23:21:18.662 UTC [WARN]  Total cache size 0Mb
2022-10-31 23:21:18.727 UTC [WARN]  plugin configured with a nil SecureConfig
2022-10-31 23:21:20.221 UTC [WARN]  PluginManager setPluginCacheSizeMap: 2 connections.
2022-10-31 23:21:20.221 UTC [WARN]  Total cache size 0Mb
2022-10-31 23:21:20.287 UTC [WARN]  plugin configured with a nil SecureConfig
2022-10-31 23:21:21.599 UTC [WARN]  PluginManager setPluginCacheSizeMap: 3 connections.
2022-10-31 23:21:21.599 UTC [WARN]  Total cache size 0Mb
2022-10-31 23:21:21.666 UTC [WARN]  plugin configured with a nil SecureConfig
2022-10-31 23:21:21.701 UTC [WARN]  plugin configured with a nil SecureConfig
2022-10-31 23:21:23.091 UTC [WARN]  PluginManager setPluginCacheSizeMap: 4 connections.
2022-10-31 23:21:23.091 UTC [WARN]  Total cache size 0Mb
2022-10-31 23:21:23.157 UTC [WARN]  plugin configured with a nil SecureConfig
2022-10-31 23:21:23.193 UTC [WARN]  plugin configured with a nil SecureConfig
2022-10-31 23:21:24.195 UTC [INFO]  starting plugin manager
2022-10-31 23:21:24.196 UTC [TRACE] loaded config map: net,csv,github,hackernews
2022-10-31 23:21:24.196 UTC [TRACE] NewPluginManager
2022-10-31 23:21:24.197 UTC [WARN]  PluginManager setPluginCacheSizeMap: 4 connections.
2022-10-31 23:21:24.197 UTC [WARN]  Total cache size 0Mb
2022-10-31 23:21:24.197 UTC [INFO]  starting connection watcher
2022-10-31 23:21:24.197 UTC [INFO]  created ConnectionWatcher
2022-10-31 23:21:24.197 UTC [TRACE] about to serve
2022-10-31 23:21:24.264 UTC [TRACE] PluginManager Get, connections: '[csv]'
2022-10-31 23:21:24.264 UTC [TRACE] PluginManager getPlugin hub.steampipe.io/plugins/turbot/csv@latest connection 'csv'
2022-10-31 23:21:24.264 UTC [TRACE] PluginManager 0xc000095f90 plugin hub.steampipe.io/plugins/turbot/csv@latest (csv) NOT started or starting - start now
2022-10-31 23:21:24.264 UTC [TRACE] ************ start plugin csv ********************
2022-10-31 23:21:24.265 UTC [WARN]  plugin configured with a nil SecureConfig
2022-10-31 23:21:24.265 UTC [DEBUG] starting plugin: path=/home/runner/.steampipe/plugins/hub.steampipe.io/plugins/turbot/csv@latest/steampipe-plugin-csv.plugin args=["/home/runner/.steampipe/plugins/hub.steampipe.io/plugins/turbot/csv@latest/steampipe-plugin-csv.plugin"]
2022-10-31 23:21:24.265 UTC [DEBUG] plugin started: path=/home/runner/.steampipe/plugins/hub.steampipe.io/plugins/turbot/csv@latest/steampipe-plugin-csv.plugin pid=1990
2022-10-31 23:21:24.265 UTC [DEBUG] waiting for RPC address: path=/home/runner/.steampipe/plugins/hub.steampipe.io/plugins/turbot/csv@latest/steampipe-plugin-csv.plugin
2022-10-31 23:21:24.275 UTC [INFO]  steampipe-plugin-csv.plugin: [INFO]  Initialise plugin 'steampipe-plugin-csv', using sdk version 4.1.7
2022-10-31 23:21:24.275 UTC [TRACE] steampipe-plugin-csv.plugin: [TRACE] no DefaultRetryConfig defined - creating empty
2022-10-31 23:21:24.275 UTC [TRACE] steampipe-plugin-csv.plugin: [TRACE] no DefaultIgnoreConfig defined - creating empty
2022-10-31 23:21:24.275 UTC [TRACE] steampipe-plugin-csv.plugin: [TRACE] Setting Ulimit: ulimit=2560
2022-10-31 23:21:24.275 UTC [TRACE] steampipe-plugin-csv.plugin: [TRACE] telemetry.Init service 'steampipe-plugin-csv', tracingEnabled: false, metricsEnabled: false
2022-10-31 23:21:24.275 UTC [TRACE] steampipe-plugin-csv.plugin: [TRACE] metrics and tracing disabled' - returning
2022-10-31 23:21:24.276 UTC [DEBUG] steampipe-plugin-csv.plugin: plugin address: network=unix address=/tmp/plugin1316088803 timestamp=2022-10-31T23:21:24.276Z
2022-10-31 23:21:24.276 UTC [DEBUG] using plugin: version=0
2022-10-31 23:21:24.276 UTC [TRACE] NewPluginClient for plugin hub.steampipe.io/plugins/turbot/csv@latest
2022-10-31 23:21:24.277 UTC [TRACE] stdio: waiting for stdio data
2022-10-31 23:21:24.278 UTC [TRACE] supportedOperations: query_cache:true multiple_connections:true
2022-10-31 23:21:24.279 UTC [TRACE] steampipe-plugin-csv.plugin: [TRACE] SetAllConnectionConfigs setting 1 configs
2022-10-31 23:21:24.279 UTC [TRACE] steampipe-plugin-csv.plugin: [TRACE] connection csv build schema and table map
2022-10-31 23:21:24.279 UTC [DEBUG] steampipe-plugin-csv.plugin: [DEBUG] csv.tableCSV: path=/home/runner/work/steampipe-samples/steampipe-samples/all/hackernews/hn_items_all.csv detected_encoding=Unknown
2022-10-31 23:21:24.279 UTC [DEBUG] steampipe-plugin-csv.plugin: [DEBUG] csv.tableCSV: path=/home/runner/work/steampipe-samples/steampipe-samples/all/hackernews/new_sc.csv detected_encoding=Unknown
2022-10-31 23:21:24.279 UTC [DEBUG] steampipe-plugin-csv.plugin: [DEBUG] csv.tableCSV: path=/home/runner/work/steampipe-samples/steampipe-samples/all/hackernews/people.csv detected_encoding=Unknown
2022-10-31 23:21:24.279 UTC [TRACE] steampipe-plugin-csv.plugin: [TRACE] initialise table /home/runner/work/steampipe-samples/steampipe-samples/all/hackernews/people.csv
2022-10-31 23:21:24.279 UTC [TRACE] steampipe-plugin-csv.plugin: [TRACE] no DefaultRetryConfig defined - creating empty
2022-10-31 23:21:24.279 UTC [TRACE] steampipe-plugin-csv.plugin: [TRACE] no DefaultIgnoreConfig defined - creating empty
2022-10-31 23:21:24.279 UTC [TRACE] steampipe-plugin-csv.plugin: [TRACE] apply plugin defaults for DefaultRetryConfig
2022-10-31 23:21:24.279 UTC [TRACE] steampipe-plugin-csv.plugin: [TRACE] apply plugin defaults for DefaultIgnoreConfig, table &{<nil> <nil>} plugin &{<nil> <nil>}
2022-10-31 23:21:24.279 UTC [TRACE] steampipe-plugin-csv.plugin: [TRACE] DefaultRetryConfig:
2022-10-31 23:21:24.279 UTC [TRACE] steampipe-plugin-csv.plugin: [TRACE] DefaultIgnoreConfig:
2022-10-31 23:21:24.279 UTC [TRACE] steampipe-plugin-csv.plugin: [TRACE] t.List.initialise
2022-10-31 23:21:24.279 UTC [TRACE] steampipe-plugin-csv.plugin: [TRACE] ListConfig.initialise table /home/runner/work/steampipe-samples/steampipe-samples/all/hackernews/people.csv
2022-10-31 23:21:24.279 UTC [TRACE] steampipe-plugin-csv.plugin: [TRACE] ListConfig.initialise complete: RetryConfig: , IgnoreConfig
2022-10-31 23:21:24.279 UTC [TRACE] steampipe-plugin-csv.plugin: [TRACE] back from initialiseHydrateConfigs
2022-10-31 23:21:24.279 UTC [TRACE] steampipe-plugin-csv.plugin: [TRACE] initialise table /home/runner/work/steampipe-samples/steampipe-samples/all/hackernews/people.csv COMPLETE
2022-10-31 23:21:24.279 UTC [TRACE] steampipe-plugin-csv.plugin: [TRACE] initialise table /home/runner/work/steampipe-samples/steampipe-samples/all/hackernews/hn_items_all.csv
2022-10-31 23:21:24.279 UTC [TRACE] steampipe-plugin-csv.plugin: [TRACE] no DefaultRetryConfig defined - creating empty
2022-10-31 23:21:24.279 UTC [TRACE] steampipe-plugin-csv.plugin: [TRACE] no DefaultIgnoreConfig defined - creating empty
2022-10-31 23:21:24.279 UTC [TRACE] steampipe-plugin-csv.plugin: [TRACE] apply plugin defaults for DefaultRetryConfig
2022-10-31 23:21:24.279 UTC [TRACE] steampipe-plugin-csv.plugin: [TRACE] apply plugin defaults for DefaultIgnoreConfig, table &{<nil> <nil>} plugin &{<nil> <nil>}
2022-10-31 23:21:24.279 UTC [TRACE] steampipe-plugin-csv.plugin: [TRACE] DefaultRetryConfig:
2022-10-31 23:21:24.279 UTC [TRACE] steampipe-plugin-csv.plugin: [TRACE] DefaultIgnoreConfig:
2022-10-31 23:21:24.279 UTC [TRACE] steampipe-plugin-csv.plugin: [TRACE] t.List.initialise
2022-10-31 23:21:24.279 UTC [TRACE] steampipe-plugin-csv.plugin: [TRACE] ListConfig.initialise table /home/runner/work/steampipe-samples/steampipe-samples/all/hackernews/hn_items_all.csv
2022-10-31 23:21:24.279 UTC [TRACE] steampipe-plugin-csv.plugin: [TRACE] ListConfig.initialise complete: RetryConfig: , IgnoreConfig
2022-10-31 23:21:24.279 UTC [TRACE] steampipe-plugin-csv.plugin: [TRACE] back from initialiseHydrateConfigs
2022-10-31 23:21:24.279 UTC [TRACE] steampipe-plugin-csv.plugin: [TRACE] initialise table /home/runner/work/steampipe-samples/steampipe-samples/all/hackernews/hn_items_all.csv COMPLETE
2022-10-31 23:21:24.279 UTC [TRACE] steampipe-plugin-csv.plugin: [TRACE] initialise table /home/runner/work/steampipe-samples/steampipe-samples/all/hackernews/new_sc.csv
2022-10-31 23:21:24.279 UTC [TRACE] steampipe-plugin-csv.plugin: [TRACE] no DefaultRetryConfig defined - creating empty
2022-10-31 23:21:24.279 UTC [TRACE] steampipe-plugin-csv.plugin: [TRACE] no DefaultIgnoreConfig defined - creating empty
2022-10-31 23:21:24.279 UTC [TRACE] steampipe-plugin-csv.plugin: [TRACE] apply plugin defaults for DefaultRetryConfig
2022-10-31 23:21:24.279 UTC [TRACE] steampipe-plugin-csv.plugin: [TRACE] apply plugin defaults for DefaultIgnoreConfig, table &{<nil> <nil>} plugin &{<nil> <nil>}
2022-10-31 23:21:24.279 UTC [TRACE] steampipe-plugin-csv.plugin: [TRACE] DefaultRetryConfig:
2022-10-31 23:21:24.279 UTC [TRACE] steampipe-plugin-csv.plugin: [TRACE] DefaultIgnoreConfig:
2022-10-31 23:21:24.279 UTC [TRACE] steampipe-plugin-csv.plugin: [TRACE] t.List.initialise
2022-10-31 23:21:24.279 UTC [TRACE] steampipe-plugin-csv.plugin: [TRACE] ListConfig.initialise table /home/runner/work/steampipe-samples/steampipe-samples/all/hackernews/new_sc.csv
2022-10-31 23:21:24.279 UTC [TRACE] steampipe-plugin-csv.plugin: [TRACE] ListConfig.initialise complete: RetryConfig: , IgnoreConfig
2022-10-31 23:21:24.279 UTC [TRACE] steampipe-plugin-csv.plugin: [TRACE] back from initialiseHydrateConfigs
2022-10-31 23:21:24.279 UTC [TRACE] steampipe-plugin-csv.plugin: [TRACE] initialise table /home/runner/work/steampipe-samples/steampipe-samples/all/hackernews/new_sc.csv COMPLETE
2022-10-31 23:21:24.279 UTC [TRACE] steampipe-plugin-csv.plugin: [TRACE] validate plugin steampipe-plugin-csv, required columns []
2022-10-31 23:21:24.279 UTC [TRACE] steampipe-plugin-csv.plugin: [TRACE] validate DefaultRetryConfig
2022-10-31 23:21:24.279 UTC [TRACE] steampipe-plugin-csv.plugin: [TRACE] validate DefaultIgnoreConfig
2022-10-31 23:21:24.279 UTC [TRACE] steampipe-plugin-csv.plugin: [TRACE] validate table names
2022-10-31 23:21:24.279 UTC [TRACE] steampipe-plugin-csv.plugin: [TRACE] plugin has 0 validation errors
2022-10-31 23:21:24.279 UTC [TRACE] steampipe-plugin-csv.plugin: [TRACE] Plugin ensureCache creating cache, maxCacheStorageMb 0
2022-10-31 23:21:24.279 UTC [TRACE] steampipe-plugin-csv.plugin: [TRACE] createCacheStore for plugin 'steampipe-plugin-csv' setting max size to 0Mb, Shards: 2, max shard size: 0
2022-10-31 23:21:24.292 UTC [INFO]  steampipe-plugin-csv.plugin: [INFO]  query cache created
2022-10-31 23:21:24.292 UTC [DEBUG] steampipe-plugin-csv.plugin: [DEBUG] SetAllConnectionConfigs finished
2022-10-31 23:21:24.293 UTC [TRACE] PluginManager getPlugin complete, returning reattach config with PID: 1990
2022-10-31 23:21:24.293 UTC [TRACE] PluginManager Get returning reattach_map:{key:"csv" value:{protocol:"grpc" addr:{Network:"unix" Address:"/tmp/plugin1316088803"} pid:1990 supported_operations:{query_cache:true multiple_connections:true} connections:"csv" plugin:"hub.steampipe.io/plugins/turbot/csv@latest"}}
2022-10-31 23:21:24.299 UTC [TRACE] handleFileWatcherEvent ignoring first event
2022-10-31 23:21:24.371 UTC [TRACE] PluginManager Get, connections: '[csv]'
2022-10-31 23:21:24.371 UTC [TRACE] PluginManager getPlugin hub.steampipe.io/plugins/turbot/csv@latest connection 'csv'
2022-10-31 23:21:24.371 UTC [TRACE] connection csv found in connectionPluginMap
2022-10-31 23:21:24.371 UTC [TRACE] initialized: 1990
2022-10-31 23:21:24.371 UTC [TRACE] initialized: 1990
2022-10-31 23:21:24.371 UTC [TRACE] connection csv is loaded, check for running PID
2022-10-31 23:21:24.372 UTC [TRACE] PluginManager found 'csv' in map, pid 1990
2022-10-31 23:21:24.372 UTC [TRACE] PluginManager Get returning reattach_map:{key:"csv" value:{protocol:"grpc" addr:{Network:"unix" Address:"/tmp/plugin1316088803"} pid:1990 supported_operations:{query_cache:true multiple_connections:true} connections:"csv" plugin:"hub.steampipe.io/plugins/turbot/csv@latest"}}
2022-10-31 23:21:24.523 UTC [TRACE] PluginManager Get, connections: '[hackernews]'
2022-10-31 23:21:24.523 UTC [TRACE] PluginManager getPlugin hub.steampipe.io/plugins/turbot/hackernews@latest connection 'hackernews'
2022-10-31 23:21:24.523 UTC [TRACE] PluginManager 0xc000095f90 plugin hub.steampipe.io/plugins/turbot/hackernews@latest (hackernews) NOT started or starting - start now
2022-10-31 23:21:24.523 UTC [TRACE] ************ start plugin hackernews ********************
2022-10-31 23:21:24.523 UTC [WARN]  plugin configured with a nil SecureConfig
2022-10-31 23:21:24.523 UTC [DEBUG] starting plugin: path=/home/runner/.steampipe/plugins/hub.steampipe.io/plugins/turbot/hackernews@latest/steampipe-plugin-hackernews.plugin args=["/home/runner/.steampipe/plugins/hub.steampipe.io/plugins/turbot/hackernews@latest/steampipe-plugin-hackernews.plugin"]
2022-10-31 23:21:24.523 UTC [DEBUG] plugin started: path=/home/runner/.steampipe/plugins/hub.steampipe.io/plugins/turbot/hackernews@latest/steampipe-plugin-hackernews.plugin pid=2013
2022-10-31 23:21:24.523 UTC [DEBUG] waiting for RPC address: path=/home/runner/.steampipe/plugins/hub.steampipe.io/plugins/turbot/hackernews@latest/steampipe-plugin-hackernews.plugin
2022-10-31 23:21:24.532 UTC [INFO]  steampipe-plugin-hackernews.plugin: [INFO]  Initialise plugin 'steampipe-plugin-hackernews', using sdk version 4.1.7
2022-10-31 23:21:24.532 UTC [TRACE] steampipe-plugin-hackernews.plugin: [TRACE] defaulting SchemaMode to SchemaModeStatic
2022-10-31 23:21:24.532 UTC [TRACE] steampipe-plugin-hackernews.plugin: [TRACE] no DefaultRetryConfig defined - creating empty
2022-10-31 23:21:24.532 UTC [TRACE] steampipe-plugin-hackernews.plugin: [TRACE] no DefaultIgnoreConfig defined - creating empty
2022-10-31 23:21:24.532 UTC [TRACE] steampipe-plugin-hackernews.plugin: [TRACE] Setting Ulimit: ulimit=2560
2022-10-31 23:21:24.532 UTC [TRACE] steampipe-plugin-hackernews.plugin: [TRACE] telemetry.Init service 'steampipe-plugin-hackernews', tracingEnabled: false, metricsEnabled: false
2022-10-31 23:21:24.532 UTC [TRACE] steampipe-plugin-hackernews.plugin: [TRACE] metrics and tracing disabled' - returning
2022-10-31 23:21:24.532 UTC [DEBUG] using plugin: version=0
2022-10-31 23:21:24.532 UTC [TRACE] NewPluginClient for plugin hub.steampipe.io/plugins/turbot/hackernews@latest
2022-10-31 23:21:24.533 UTC [DEBUG] steampipe-plugin-hackernews.plugin: plugin address: address=/tmp/plugin530787547 network=unix timestamp=2022-10-31T23:21:24.532Z
2022-10-31 23:21:24.533 UTC [TRACE] stdio: waiting for stdio data
2022-10-31 23:21:24.534 UTC [TRACE] supportedOperations: query_cache:true multiple_connections:true
2022-10-31 23:21:24.535 UTC [TRACE] steampipe-plugin-hackernews.plugin: [TRACE] SetAllConnectionConfigs setting 1 configs
2022-10-31 23:21:24.535 UTC [TRACE] steampipe-plugin-hackernews.plugin: [TRACE] connection hackernews build schema and table map
2022-10-31 23:21:24.535 UTC [TRACE] steampipe-plugin-hackernews.plugin: [TRACE] initialise table hackernews_ask_hn
2022-10-31 23:21:24.535 UTC [TRACE] steampipe-plugin-hackernews.plugin: [TRACE] no DefaultRetryConfig defined - creating empty
2022-10-31 23:21:24.535 UTC [TRACE] steampipe-plugin-hackernews.plugin: [TRACE] no DefaultIgnoreConfig defined - creating empty
2022-10-31 23:21:24.535 UTC [TRACE] steampipe-plugin-hackernews.plugin: [TRACE] apply plugin defaults for DefaultRetryConfig
2022-10-31 23:21:24.535 UTC [TRACE] steampipe-plugin-hackernews.plugin: [TRACE] apply plugin defaults for DefaultIgnoreConfig, table &{<nil> <nil>} plugin &{<nil> <nil>}
2022-10-31 23:21:24.535 UTC [TRACE] steampipe-plugin-hackernews.plugin: [TRACE] DefaultRetryConfig:
2022-10-31 23:21:24.535 UTC [TRACE] steampipe-plugin-hackernews.plugin: [TRACE] DefaultIgnoreConfig:
2022-10-31 23:21:24.535 UTC [TRACE] steampipe-plugin-hackernews.plugin: [TRACE] t.Get.initialise
2022-10-31 23:21:24.535 UTC [TRACE] steampipe-plugin-hackernews.plugin: [TRACE] GetConfig.initialise table hackernews_ask_hn
2022-10-31 23:21:24.535 UTC [TRACE] steampipe-plugin-hackernews.plugin: [TRACE] GetConfig.initialise complete: RetryConfig: , IgnoreConfig:
2022-10-31 23:21:24.535 UTC [TRACE] steampipe-plugin-hackernews.plugin: [TRACE] t.List.initialise
2022-10-31 23:21:24.535 UTC [TRACE] steampipe-plugin-hackernews.plugin: [TRACE] ListConfig.initialise table hackernews_ask_hn
2022-10-31 23:21:24.535 UTC [TRACE] steampipe-plugin-hackernews.plugin: [TRACE] ListConfig.initialise complete: RetryConfig: , IgnoreConfig
2022-10-31 23:21:24.535 UTC [TRACE] steampipe-plugin-hackernews.plugin: [TRACE] HydrateConfig.initialise func getItem, table hackernews_ask_hn
2022-10-31 23:21:24.535 UTC [TRACE] steampipe-plugin-hackernews.plugin: [TRACE] HydrateConfig.initialise complete: RetryConfig: , IgnoreConfig:
2022-10-31 23:21:24.535 UTC [TRACE] steampipe-plugin-hackernews.plugin: [TRACE] back from initialiseHydrateConfigs
2022-10-31 23:21:24.535 UTC [TRACE] steampipe-plugin-hackernews.plugin: [TRACE] initialise table hackernews_ask_hn COMPLETE
2022-10-31 23:21:24.535 UTC [TRACE] steampipe-plugin-hackernews.plugin: [TRACE] initialise table hackernews_best
2022-10-31 23:21:24.535 UTC [TRACE] steampipe-plugin-hackernews.plugin: [TRACE] no DefaultRetryConfig defined - creating empty
2022-10-31 23:21:24.535 UTC [TRACE] steampipe-plugin-hackernews.plugin: [TRACE] no DefaultIgnoreConfig defined - creating empty
2022-10-31 23:21:24.535 UTC [TRACE] steampipe-plugin-hackernews.plugin: [TRACE] apply plugin defaults for DefaultRetryConfig
2022-10-31 23:21:24.535 UTC [TRACE] steampipe-plugin-hackernews.plugin: [TRACE] apply plugin defaults for DefaultIgnoreConfig, table &{<nil> <nil>} plugin &{<nil> <nil>}
2022-10-31 23:21:24.535 UTC [TRACE] steampipe-plugin-hackernews.plugin: [TRACE] DefaultRetryConfig:
2022-10-31 23:21:24.535 UTC [TRACE] steampipe-plugin-hackernews.plugin: [TRACE] DefaultIgnoreConfig:
2022-10-31 23:21:24.535 UTC [TRACE] steampipe-plugin-hackernews.plugin: [TRACE] t.Get.initialise
2022-10-31 23:21:24.535 UTC [TRACE] steampipe-plugin-hackernews.plugin: [TRACE] GetConfig.initialise table hackernews_best
2022-10-31 23:21:24.535 UTC [TRACE] steampipe-plugin-hackernews.plugin: [TRACE] GetConfig.initialise complete: RetryConfig: , IgnoreConfig:
2022-10-31 23:21:24.535 UTC [TRACE] steampipe-plugin-hackernews.plugin: [TRACE] t.List.initialise
2022-10-31 23:21:24.535 UTC [TRACE] steampipe-plugin-hackernews.plugin: [TRACE] ListConfig.initialise table hackernews_best
2022-10-31 23:21:24.535 UTC [TRACE] steampipe-plugin-hackernews.plugin: [TRACE] ListConfig.initialise complete: RetryConfig: , IgnoreConfig
2022-10-31 23:21:24.535 UTC [TRACE] steampipe-plugin-hackernews.plugin: [TRACE] HydrateConfig.initialise func getItem, table hackernews_best
2022-10-31 23:21:24.535 UTC [TRACE] steampipe-plugin-hackernews.plugin: [TRACE] HydrateConfig.initialise complete: RetryConfig: , IgnoreConfig:
2022-10-31 23:21:24.535 UTC [TRACE] steampipe-plugin-hackernews.plugin: [TRACE] back from initialiseHydrateConfigs
2022-10-31 23:21:24.535 UTC [TRACE] steampipe-plugin-hackernews.plugin: [TRACE] initialise table hackernews_best COMPLETE
2022-10-31 23:21:24.535 UTC [TRACE] steampipe-plugin-hackernews.plugin: [TRACE] initialise table hackernews_item
2022-10-31 23:21:24.535 UTC [TRACE] steampipe-plugin-hackernews.plugin: [TRACE] no DefaultRetryConfig defined - creating empty
2022-10-31 23:21:24.535 UTC [TRACE] steampipe-plugin-hackernews.plugin: [TRACE] no DefaultIgnoreConfig defined - creating empty
2022-10-31 23:21:24.535 UTC [TRACE] steampipe-plugin-hackernews.plugin: [TRACE] apply plugin defaults for DefaultRetryConfig
2022-10-31 23:21:24.535 UTC [TRACE] steampipe-plugin-hackernews.plugin: [TRACE] apply plugin defaults for DefaultIgnoreConfig, table &{<nil> <nil>} plugin &{<nil> <nil>}
2022-10-31 23:21:24.535 UTC [TRACE] steampipe-plugin-hackernews.plugin: [TRACE] DefaultRetryConfig:
2022-10-31 23:21:24.535 UTC [TRACE] steampipe-plugin-hackernews.plugin: [TRACE] DefaultIgnoreConfig:
2022-10-31 23:21:24.535 UTC [TRACE] steampipe-plugin-hackernews.plugin: [TRACE] t.Get.initialise
2022-10-31 23:21:24.535 UTC [TRACE] steampipe-plugin-hackernews.plugin: [TRACE] GetConfig.initialise table hackernews_item
2022-10-31 23:21:24.535 UTC [TRACE] steampipe-plugin-hackernews.plugin: [TRACE] GetConfig.initialise complete: RetryConfig: , IgnoreConfig:
2022-10-31 23:21:24.535 UTC [TRACE] steampipe-plugin-hackernews.plugin: [TRACE] t.List.initialise
2022-10-31 23:21:24.535 UTC [TRACE] steampipe-plugin-hackernews.plugin: [TRACE] ListConfig.initialise table hackernews_item
2022-10-31 23:21:24.535 UTC [TRACE] steampipe-plugin-hackernews.plugin: [TRACE] ListConfig.initialise complete: RetryConfig: , IgnoreConfig
2022-10-31 23:21:24.535 UTC [TRACE] steampipe-plugin-hackernews.plugin: [TRACE] HydrateConfig.initialise func getItem, table hackernews_item
2022-10-31 23:21:24.535 UTC [TRACE] steampipe-plugin-hackernews.plugin: [TRACE] HydrateConfig.initialise complete: RetryConfig: , IgnoreConfig:
2022-10-31 23:21:24.535 UTC [TRACE] steampipe-plugin-hackernews.plugin: [TRACE] back from initialiseHydrateConfigs
2022-10-31 23:21:24.535 UTC [TRACE] steampipe-plugin-hackernews.plugin: [TRACE] initialise table hackernews_item COMPLETE
2022-10-31 23:21:24.535 UTC [TRACE] steampipe-plugin-hackernews.plugin: [TRACE] initialise table hackernews_job
2022-10-31 23:21:24.535 UTC [TRACE] steampipe-plugin-hackernews.plugin: [TRACE] no DefaultRetryConfig defined - creating empty
2022-10-31 23:21:24.535 UTC [TRACE] steampipe-plugin-hackernews.plugin: [TRACE] no DefaultIgnoreConfig defined - creating empty
2022-10-31 23:21:24.535 UTC [TRACE] steampipe-plugin-hackernews.plugin: [TRACE] apply plugin defaults for DefaultRetryConfig
2022-10-31 23:21:24.535 UTC [TRACE] steampipe-plugin-hackernews.plugin: [TRACE] apply plugin defaults for DefaultIgnoreConfig, table &{<nil> <nil>} plugin &{<nil> <nil>}
2022-10-31 23:21:24.535 UTC [TRACE] steampipe-plugin-hackernews.plugin: [TRACE] DefaultRetryConfig:
2022-10-31 23:21:24.535 UTC [TRACE] steampipe-plugin-hackernews.plugin: [TRACE] DefaultIgnoreConfig:
2022-10-31 23:21:24.535 UTC [TRACE] steampipe-plugin-hackernews.plugin: [TRACE] t.Get.initialise
2022-10-31 23:21:24.535 UTC [TRACE] steampipe-plugin-hackernews.plugin: [TRACE] GetConfig.initialise table hackernews_job
2022-10-31 23:21:24.535 UTC [TRACE] steampipe-plugin-hackernews.plugin: [TRACE] GetConfig.initialise complete: RetryConfig: , IgnoreConfig:
2022-10-31 23:21:24.535 UTC [TRACE] steampipe-plugin-hackernews.plugin: [TRACE] t.List.initialise
2022-10-31 23:21:24.535 UTC [TRACE] steampipe-plugin-hackernews.plugin: [TRACE] ListConfig.initialise table hackernews_job
2022-10-31 23:21:24.535 UTC [TRACE] steampipe-plugin-hackernews.plugin: [TRACE] ListConfig.initialise complete: RetryConfig: , IgnoreConfig
2022-10-31 23:21:24.535 UTC [TRACE] steampipe-plugin-hackernews.plugin: [TRACE] HydrateConfig.initialise func getItem, table hackernews_job
2022-10-31 23:21:24.535 UTC [TRACE] steampipe-plugin-hackernews.plugin: [TRACE] HydrateConfig.initialise complete: RetryConfig: , IgnoreConfig:
2022-10-31 23:21:24.535 UTC [TRACE] steampipe-plugin-hackernews.plugin: [TRACE] back from initialiseHydrateConfigs
2022-10-31 23:21:24.535 UTC [TRACE] steampipe-plugin-hackernews.plugin: [TRACE] initialise table hackernews_job COMPLETE
2022-10-31 23:21:24.535 UTC [TRACE] steampipe-plugin-hackernews.plugin: [TRACE] initialise table hackernews_new
2022-10-31 23:21:24.535 UTC [TRACE] steampipe-plugin-hackernews.plugin: [TRACE] no DefaultRetryConfig defined - creating empty
2022-10-31 23:21:24.535 UTC [TRACE] steampipe-plugin-hackernews.plugin: [TRACE] no DefaultIgnoreConfig defined - creating empty
2022-10-31 23:21:24.535 UTC [TRACE] steampipe-plugin-hackernews.plugin: [TRACE] apply plugin defaults for DefaultRetryConfig
2022-10-31 23:21:24.535 UTC [TRACE] steampipe-plugin-hackernews.plugin: [TRACE] apply plugin defaults for DefaultIgnoreConfig, table &{<nil> <nil>} plugin &{<nil> <nil>}
2022-10-31 23:21:24.535 UTC [TRACE] steampipe-plugin-hackernews.plugin: [TRACE] DefaultRetryConfig:
2022-10-31 23:21:24.535 UTC [TRACE] steampipe-plugin-hackernews.plugin: [TRACE] DefaultIgnoreConfig:
2022-10-31 23:21:24.535 UTC [TRACE] steampipe-plugin-hackernews.plugin: [TRACE] t.Get.initialise
2022-10-31 23:21:24.535 UTC [TRACE] steampipe-plugin-hackernews.plugin: [TRACE] GetConfig.initialise table hackernews_new
2022-10-31 23:21:24.535 UTC [TRACE] steampipe-plugin-hackernews.plugin: [TRACE] GetConfig.initialise complete: RetryConfig: , IgnoreConfig:
2022-10-31 23:21:24.535 UTC [TRACE] steampipe-plugin-hackernews.plugin: [TRACE] t.List.initialise
2022-10-31 23:21:24.535 UTC [TRACE] steampipe-plugin-hackernews.plugin: [TRACE] ListConfig.initialise table hackernews_new
2022-10-31 23:21:24.535 UTC [TRACE] steampipe-plugin-hackernews.plugin: [TRACE] ListConfig.initialise complete: RetryConfig: , IgnoreConfig
2022-10-31 23:21:24.535 UTC [TRACE] steampipe-plugin-hackernews.plugin: [TRACE] HydrateConfig.initialise func getItem, table hackernews_new
2022-10-31 23:21:24.535 UTC [TRACE] steampipe-plugin-hackernews.plugin: [TRACE] HydrateConfig.initialise complete: RetryConfig: , IgnoreConfig:
2022-10-31 23:21:24.535 UTC [TRACE] steampipe-plugin-hackernews.plugin: [TRACE] back from initialiseHydrateConfigs
2022-10-31 23:21:24.535 UTC [TRACE] steampipe-plugin-hackernews.plugin: [TRACE] initialise table hackernews_new COMPLETE
2022-10-31 23:21:24.535 UTC [TRACE] steampipe-plugin-hackernews.plugin: [TRACE] initialise table hackernews_show_hn
2022-10-31 23:21:24.535 UTC [TRACE] steampipe-plugin-hackernews.plugin: [TRACE] no DefaultRetryConfig defined - creating empty
2022-10-31 23:21:24.535 UTC [TRACE] steampipe-plugin-hackernews.plugin: [TRACE] no DefaultIgnoreConfig defined - creating empty
2022-10-31 23:21:24.535 UTC [TRACE] steampipe-plugin-hackernews.plugin: [TRACE] apply plugin defaults for DefaultRetryConfig
2022-10-31 23:21:24.535 UTC [TRACE] steampipe-plugin-hackernews.plugin: [TRACE] apply plugin defaults for DefaultIgnoreConfig, table &{<nil> <nil>} plugin &{<nil> <nil>}
2022-10-31 23:21:24.535 UTC [TRACE] steampipe-plugin-hackernews.plugin: [TRACE] DefaultRetryConfig:
2022-10-31 23:21:24.535 UTC [TRACE] steampipe-plugin-hackernews.plugin: [TRACE] DefaultIgnoreConfig:
2022-10-31 23:21:24.535 UTC [TRACE] steampipe-plugin-hackernews.plugin: [TRACE] t.Get.initialise
2022-10-31 23:21:24.535 UTC [TRACE] steampipe-plugin-hackernews.plugin: [TRACE] GetConfig.initialise table hackernews_show_hn
2022-10-31 23:21:24.535 UTC [TRACE] steampipe-plugin-hackernews.plugin: [TRACE] GetConfig.initialise complete: RetryConfig: , IgnoreConfig:
2022-10-31 23:21:24.535 UTC [TRACE] steampipe-plugin-hackernews.plugin: [TRACE] t.List.initialise
2022-10-31 23:21:24.535 UTC [TRACE] steampipe-plugin-hackernews.plugin: [TRACE] ListConfig.initialise table hackernews_show_hn
2022-10-31 23:21:24.535 UTC [TRACE] steampipe-plugin-hackernews.plugin: [TRACE] ListConfig.initialise complete: RetryConfig: , IgnoreConfig
2022-10-31 23:21:24.535 UTC [TRACE] steampipe-plugin-hackernews.plugin: [TRACE] HydrateConfig.initialise func getItem, table hackernews_show_hn
2022-10-31 23:21:24.535 UTC [TRACE] steampipe-plugin-hackernews.plugin: [TRACE] HydrateConfig.initialise complete: RetryConfig: , IgnoreConfig:
2022-10-31 23:21:24.535 UTC [TRACE] steampipe-plugin-hackernews.plugin: [TRACE] back from initialiseHydrateConfigs
2022-10-31 23:21:24.535 UTC [TRACE] steampipe-plugin-hackernews.plugin: [TRACE] initialise table hackernews_show_hn COMPLETE
2022-10-31 23:21:24.535 UTC [TRACE] steampipe-plugin-hackernews.plugin: [TRACE] initialise table hackernews_top
2022-10-31 23:21:24.535 UTC [TRACE] steampipe-plugin-hackernews.plugin: [TRACE] no DefaultRetryConfig defined - creating empty
2022-10-31 23:21:24.535 UTC [TRACE] steampipe-plugin-hackernews.plugin: [TRACE] no DefaultIgnoreConfig defined - creating empty
2022-10-31 23:21:24.535 UTC [TRACE] steampipe-plugin-hackernews.plugin: [TRACE] apply plugin defaults for DefaultRetryConfig
2022-10-31 23:21:24.535 UTC [TRACE] steampipe-plugin-hackernews.plugin: [TRACE] apply plugin defaults for DefaultIgnoreConfig, table &{<nil> <nil>} plugin &{<nil> <nil>}
2022-10-31 23:21:24.535 UTC [TRACE] steampipe-plugin-hackernews.plugin: [TRACE] DefaultRetryConfig:
2022-10-31 23:21:24.535 UTC [TRACE] steampipe-plugin-hackernews.plugin: [TRACE] DefaultIgnoreConfig:
2022-10-31 23:21:24.535 UTC [TRACE] steampipe-plugin-hackernews.plugin: [TRACE] t.Get.initialise
2022-10-31 23:21:24.535 UTC [TRACE] steampipe-plugin-hackernews.plugin: [TRACE] GetConfig.initialise table hackernews_top
2022-10-31 23:21:24.535 UTC [TRACE] steampipe-plugin-hackernews.plugin: [TRACE] GetConfig.initialise complete: RetryConfig: , IgnoreConfig:
2022-10-31 23:21:24.535 UTC [TRACE] steampipe-plugin-hackernews.plugin: [TRACE] t.List.initialise
2022-10-31 23:21:24.535 UTC [TRACE] steampipe-plugin-hackernews.plugin: [TRACE] ListConfig.initialise table hackernews_top
2022-10-31 23:21:24.535 UTC [TRACE] steampipe-plugin-hackernews.plugin: [TRACE] ListConfig.initialise complete: RetryConfig: , IgnoreConfig
2022-10-31 23:21:24.535 UTC [TRACE] steampipe-plugin-hackernews.plugin: [TRACE] HydrateConfig.initialise func getItem, table hackernews_top
2022-10-31 23:21:24.535 UTC [TRACE] steampipe-plugin-hackernews.plugin: [TRACE] HydrateConfig.initialise complete: RetryConfig: , IgnoreConfig:
2022-10-31 23:21:24.535 UTC [TRACE] steampipe-plugin-hackernews.plugin: [TRACE] back from initialiseHydrateConfigs
2022-10-31 23:21:24.535 UTC [TRACE] steampipe-plugin-hackernews.plugin: [TRACE] initialise table hackernews_top COMPLETE
2022-10-31 23:21:24.535 UTC [TRACE] steampipe-plugin-hackernews.plugin: [TRACE] initialise table hackernews_user
2022-10-31 23:21:24.535 UTC [TRACE] steampipe-plugin-hackernews.plugin: [TRACE] no DefaultRetryConfig defined - creating empty
2022-10-31 23:21:24.535 UTC [TRACE] steampipe-plugin-hackernews.plugin: [TRACE] no DefaultIgnoreConfig defined - creating empty
2022-10-31 23:21:24.535 UTC [TRACE] steampipe-plugin-hackernews.plugin: [TRACE] apply plugin defaults for DefaultRetryConfig
2022-10-31 23:21:24.535 UTC [TRACE] steampipe-plugin-hackernews.plugin: [TRACE] apply plugin defaults for DefaultIgnoreConfig, table &{<nil> <nil>} plugin &{<nil> <nil>}
2022-10-31 23:21:24.535 UTC [TRACE] steampipe-plugin-hackernews.plugin: [TRACE] DefaultRetryConfig:
2022-10-31 23:21:24.535 UTC [TRACE] steampipe-plugin-hackernews.plugin: [TRACE] DefaultIgnoreConfig:
2022-10-31 23:21:24.535 UTC [TRACE] steampipe-plugin-hackernews.plugin: [TRACE] t.List.initialise
2022-10-31 23:21:24.535 UTC [TRACE] steampipe-plugin-hackernews.plugin: [TRACE] ListConfig.initialise table hackernews_user
2022-10-31 23:21:24.535 UTC [TRACE] steampipe-plugin-hackernews.plugin: [TRACE] ListConfig.initialise complete: RetryConfig: , IgnoreConfig
2022-10-31 23:21:24.535 UTC [TRACE] steampipe-plugin-hackernews.plugin: [TRACE] back from initialiseHydrateConfigs
2022-10-31 23:21:24.535 UTC [TRACE] steampipe-plugin-hackernews.plugin: [TRACE] initialise table hackernews_user COMPLETE
2022-10-31 23:21:24.535 UTC [TRACE] steampipe-plugin-hackernews.plugin: [TRACE] validate plugin steampipe-plugin-hackernews, required columns []
2022-10-31 23:21:24.535 UTC [TRACE] steampipe-plugin-hackernews.plugin: [TRACE] validate DefaultRetryConfig
2022-10-31 23:21:24.535 UTC [TRACE] steampipe-plugin-hackernews.plugin: [TRACE] validate DefaultIgnoreConfig
2022-10-31 23:21:24.535 UTC [TRACE] steampipe-plugin-hackernews.plugin: [TRACE] validate table names
2022-10-31 23:21:24.535 UTC [TRACE] steampipe-plugin-hackernews.plugin: [TRACE] plugin has 0 validation errors
2022-10-31 23:21:24.535 UTC [TRACE] steampipe-plugin-hackernews.plugin: [TRACE] Plugin ensureCache creating cache, maxCacheStorageMb 0
2022-10-31 23:21:24.535 UTC [TRACE] steampipe-plugin-hackernews.plugin: [TRACE] createCacheStore for plugin 'steampipe-plugin-hackernews' setting max size to 0Mb, Shards: 2, max shard size: 0
2022-10-31 23:21:24.547 UTC [INFO]  steampipe-plugin-hackernews.plugin: [INFO]  query cache created
2022-10-31 23:21:24.547 UTC [DEBUG] steampipe-plugin-hackernews.plugin: [DEBUG] SetAllConnectionConfigs finished
2022-10-31 23:21:24.548 UTC [TRACE] PluginManager getPlugin complete, returning reattach config with PID: 2013
2022-10-31 23:21:24.548 UTC [TRACE] PluginManager Get returning reattach_map:{key:"hackernews" value:{protocol:"grpc" addr:{Network:"unix" Address:"/tmp/plugin530787547"} pid:2013 supported_operations:{query_cache:true multiple_connections:true} connections:"hackernews" plugin:"hub.steampipe.io/plugins/turbot/hackernews@latest"}}
2022-10-31 23:21:24.553 UTC [INFO]  steampipe-plugin-hackernews.plugin: [INFO]  1667258484847: Plugin Execute (1667258484847)
2022-10-31 23:21:24.553 UTC [TRACE] steampipe-plugin-hackernews.plugin: [TRACE] 1667258484847: No memory limit set
2022-10-31 23:21:24.553 UTC [INFO]  steampipe-plugin-hackernews.plugin: [INFO]  1667258484847: Plugin Execute, setting memory limit to -1Mb
2022-10-31 23:21:24.553 UTC [TRACE] steampipe-plugin-hackernews.plugin: [TRACE] 1667258484847: calling ExtractContextFromCarrier
2022-10-31 23:21:24.553 UTC [INFO]  steampipe-plugin-hackernews.plugin: [INFO]  1667258484847: Setting max concurrent connections to 25
2022-10-31 23:21:24.553 UTC [TRACE] steampipe-plugin-hackernews.plugin: [TRACE] 1667258484847: executeForConnection callId: 1667258484847, connectionCallId: hackernews-1667258484847, connection: hackernews table: hackernews_new cols: id,title,time,by,score,dead,deleted,descendants,kids,parent,parts,poll,text,type,url,_ctx
2022-10-31 23:21:24.553 UTC [TRACE] steampipe-plugin-hackernews.plugin: [TRACE] 1667258484847: got connection data
2022-10-31 23:21:24.553 UTC [TRACE] steampipe-plugin-hackernews.plugin: [TRACE] 1667258484847: Got query context, table: hackernews_new, cols: [id title time by score dead deleted descendants kids parent parts poll text type url _ctx]
2022-10-31 23:21:24.553 UTC [TRACE] steampipe-plugin-hackernews.plugin: [TRACE] 1667258484847: Start execute span
2022-10-31 23:21:24.553 UTC [INFO]  steampipe-plugin-hackernews.plugin: [INFO]  1667258484847: Setting free memory interval to 100 rows
2022-10-31 23:21:24.553 UTC [TRACE] steampipe-plugin-hackernews.plugin: [TRACE] 1667258484847: setFetchType map[time:quals:{fieldName:"time"  string_value:">"  value:{timestamp_value:{seconds:1667254884  nanos:505782000}}}]
2022-10-31 23:21:24.558 UTC [TRACE] steampipe-plugin-hackernews.plugin: [TRACE] 1667258484847: getMatchingQuals column:'id' operator: =
2022-10-31 23:21:24.558 UTC [TRACE] steampipe-plugin-hackernews.plugin: [TRACE] 1667258484847: getMatchingQuals returning false - qualMap does not contain any quals for column id
2022-10-31 23:21:24.558 UTC [TRACE] steampipe-plugin-hackernews.plugin: [TRACE] 1667258484847: GetUnsatisfiedKeyColumns for columns column:'id' operator: =
2022-10-31 23:21:24.559 UTC [TRACE] steampipe-plugin-hackernews.plugin: [TRACE] 1667258484847: key column NOT satisfied column:'id' operator: =
2022-10-31 23:21:24.559 UTC [TRACE] steampipe-plugin-hackernews.plugin: [TRACE] 1667258484847: satisfied: map[any_of: optional: required:]
2022-10-31 23:21:24.560 UTC [TRACE] steampipe-plugin-hackernews.plugin: [TRACE] 1667258484847: unsatisfied: map[any_of: optional: required:column:'id' operator: =]
2022-10-31 23:21:24.560 UTC [TRACE] steampipe-plugin-hackernews.plugin: [TRACE] 1667258484847: unsatisfied required KeyColumns: column:'id' operator: =
2022-10-31 23:21:24.560 UTC [TRACE] steampipe-plugin-hackernews.plugin: [TRACE] 1667258484847: Set fetchType to fetchTypeList
2022-10-31 23:21:24.560 UTC [TRACE] steampipe-plugin-hackernews.plugin: [TRACE] 1667258484847: Equals key column quals:
2022-10-31 23:21:24.560 UTC [DEBUG] steampipe-plugin-hackernews.plugin: {}
2022-10-31 23:21:24.560 UTC [TRACE] steampipe-plugin-hackernews.plugin: [TRACE] 1667258484847: All key column quals:
2022-10-31 23:21:24.560 UTC [DEBUG] steampipe-plugin-hackernews.plugin: {}
2022-10-31 23:21:24.560 UTC [TRACE] steampipe-plugin-hackernews.plugin: [TRACE] 1667258484847: GetMatrixItem
2022-10-31 23:21:24.560 UTC [TRACE] steampipe-plugin-hackernews.plugin: [TRACE] 1667258484847: creating query data
2022-10-31 23:21:24.560 UTC [INFO]  steampipe-plugin-hackernews.plugin: [INFO]  1667258484847: cacheEnabled, trying cache get (hackernews-1667258484847)
2022-10-31 23:21:24.560 UTC [TRACE] steampipe-plugin-hackernews.plugin: [TRACE] 1667258484847: QueryCache Get - indexBucketKey index__hackernewshackernews_new, quals
2022-10-31 23:21:24.560 UTC [TRACE] steampipe-plugin-hackernews.plugin: [TRACE] 1667258484847: QueryCache getCachedQueryResult - table hackernews_new, connectionName hackernews
2022-10-31 23:21:24.560 UTC [TRACE] steampipe-plugin-hackernews.plugin: [TRACE] 1667258484847: index bucket key: index__hackernewshackernews_new ttlSeconds 300 limit: -1
2022-10-31 23:21:24.560 UTC [TRACE] steampipe-plugin-hackernews.plugin: [TRACE] 1667258484847: doGet cache miss
2022-10-31 23:21:24.560 UTC [TRACE] steampipe-plugin-hackernews.plugin: [TRACE] 1667258484847: getCachedIndexBucket - no item retrieved for cache key index__hackernewshackernews_new
2022-10-31 23:21:24.560 UTC [TRACE] steampipe-plugin-hackernews.plugin: [TRACE] 1667258484847: getCachedQueryResult returned CACHE MISS - checking for pending transfers
2022-10-31 23:21:24.560 UTC [TRACE] steampipe-plugin-hackernews.plugin: [TRACE] 1667258484847: getPendingResultItem indexBucketKey index__hackernewshackernews_new, columns [id title time by score dead deleted descendants kids parent parts poll text type url _ctx], limit -1
2022-10-31 23:21:24.560 UTC [TRACE] steampipe-plugin-hackernews.plugin: [TRACE] 1667258484847: no pending index item - add pending result, indexBucketKey index__hackernewshackernews_new
2022-10-31 23:21:24.560 UTC [TRACE] steampipe-plugin-hackernews.plugin: [TRACE] 1667258484847: addPendingResult (hackernews-1667258484847) indexBucketKey index__hackernewshackernews_new, columns [id title time by score dead deleted descendants kids parent parts poll text type url _ctx], limit -1
2022-10-31 23:21:24.560 UTC [TRACE] steampipe-plugin-hackernews.plugin: [TRACE] 1667258484847: no index bucket found - creating one
2022-10-31 23:21:24.560 UTC [TRACE] steampipe-plugin-hackernews.plugin: [TRACE] 1667258484847: pendingIndexItem Lock count before 0
2022-10-31 23:21:24.560 UTC [TRACE] steampipe-plugin-hackernews.plugin: [TRACE] 1667258484847: addPendingResult added pending index item to bucket, (hackernews-1667258484847) indexBucketKey index__hackernewshackernews_new, resultKeyRoot hackernewshackernews_newid,title,time,by,score,dead,deleted,descendants,kids,parent,parts,poll,text,type,url,_ctx-1, pending item : 0xc000303710
2022-10-31 23:21:24.560 UTC [TRACE] steampipe-plugin-hackernews.plugin: [TRACE] 1667258484847: **** pending items (hackernews-1667258484847)****
2022-10-31 23:21:24.561 UTC [TRACE] steampipe-plugin-hackernews.plugin: [TRACE] 1667258484847: key: index__hackernewshackernews_new: item: 0xc000303710, count: 1, key:hackernewshackernews_newid,title,time,by,score,dead,deleted,descendants,kids,parent,parts,poll,text,type,url,_ctx-1
2022-10-31 23:21:24.561 UTC [TRACE] steampipe-plugin-hackernews.plugin: [TRACE] 1667258484847: ********
2022-10-31 23:21:24.561 UTC [TRACE] steampipe-plugin-hackernews.plugin: [TRACE] 1667258484847: getPendingResultItem returning <nil>
2022-10-31 23:21:24.561 UTC [INFO]  steampipe-plugin-hackernews.plugin: [INFO]  1667258484847: CACHE MISS
2022-10-31 23:21:24.561 UTC [TRACE] steampipe-plugin-hackernews.plugin: [TRACE] 1667258484847: cache MISS
2022-10-31 23:21:24.561 UTC [INFO]  steampipe-plugin-hackernews.plugin: [INFO]  1667258484847: queryCacheGet returned CACHE MISS (hackernews-1667258484847)
2022-10-31 23:21:24.561 UTC [TRACE] steampipe-plugin-hackernews.plugin: [TRACE] 1667258484847: StartSet (hackernews-1667258484847)
2022-10-31 23:21:24.561 UTC [TRACE] steampipe-plugin-hackernews.plugin: [TRACE] 1667258484847: calling fetchItems, table: hackernews_new, matrixItem: [], limit: -1,  connectionCallId: hackernews-1667258484847"
2022-10-31 23:21:24.561 UTC [TRACE] steampipe-plugin-hackernews.plugin: [TRACE] 1667258484847: buildRowsAsync connectionCallId: hackernews-1667258484847
2022-10-31 23:21:24.561 UTC [TRACE] steampipe-plugin-hackernews.plugin: [TRACE] 1667258484847: streamRows connectionCallId: hackernews-1667258484847
2022-10-31 23:21:24.561 UTC [TRACE] steampipe-plugin-hackernews.plugin: [TRACE] 1667258484847: QueryData streamRows (hackernews-1667258484847)
2022-10-31 23:21:24.561 UTC [TRACE] steampipe-plugin-hackernews.plugin: [TRACE] 1667258484847: executeListCall START (hackernews-1667258484847)
2022-10-31 23:21:24.561 UTC [TRACE] steampipe-plugin-hackernews.plugin: [TRACE] 1667258484847: GetUnsatisfiedKeyColumns for columns
2022-10-31 23:21:24.561 UTC [TRACE] steampipe-plugin-hackernews.plugin: [TRACE] 1667258484847: doList (hackernews-1667258484847)
2022-10-31 23:21:24.561 UTC [TRACE] steampipe-plugin-hackernews.plugin: [TRACE] 1667258484847: doList: no matrix item
2022-10-31 23:21:24.732 UTC [TRACE] steampipe-plugin-hackernews.plugin: [TRACE] 1667258484847: QueryData.fetchComplete
2022-10-31 23:21:24.732 UTC [TRACE] steampipe-plugin-hackernews.plugin: [TRACE] 1667258484847: executeListCall COMPLETE (hackernews-1667258484847)
2022-10-31 23:21:24.732 UTC [TRACE] steampipe-plugin-hackernews.plugin: [TRACE] 1667258484847: rowData chan returned nil - wait for rows to complete (hackernews-1667258484847)
2022-10-31 23:21:24.734 UTC [TRACE] stdio: received data: channel=STDOUT len=18
2022-10-31 23:21:24.734 UTC [TRACE] stdio: waiting for stdio data
2022-10-31 23:21:24.875 UTC [TRACE] stdio: received data: channel=STDOUT len=624
2022-10-31 23:21:24.875 UTC [TRACE] stdio: waiting for stdio data
2022-10-31 23:21:24.899 UTC [TRACE] stdio: received data: channel=STDOUT len=472
2022-10-31 23:21:24.899 UTC [TRACE] stdio: waiting for stdio data
2022-10-31 23:21:24.943 UTC [TRACE] stdio: received data: channel=STDOUT len=1024
2022-10-31 23:21:24.943 UTC [TRACE] stdio: waiting for stdio data
2022-10-31 23:21:25.006 UTC [TRACE] stdio: received data: channel=STDOUT len=1024
2022-10-31 23:21:25.006 UTC [TRACE] stdio: waiting for stdio data
2022-10-31 23:21:25.048 UTC [TRACE] stdio: received data: channel=STDOUT len=404
2022-10-31 23:21:25.048 UTC [TRACE] stdio: waiting for stdio data
2022-10-31 23:21:25.085 UTC [TRACE] steampipe-plugin-hackernews.plugin: [TRACE] 1667258484847: buildRowsAsync goroutine returning (hackernews-1667258484847)
2022-10-31 23:21:25.085 UTC [TRACE] steampipe-plugin-hackernews.plugin: [TRACE] 1667258484847: streamRows - nil row, stop streaming (hackernews-1667258484847)
2022-10-31 23:21:25.085 UTC [TRACE] steampipe-plugin-hackernews.plugin: [TRACE] 1667258484847: ------------------------------------
2022-10-31 23:21:25.085 UTC [TRACE] steampipe-plugin-hackernews.plugin: [TRACE] 1667258484847: Concurrency Summary
2022-10-31 23:21:25.085 UTC [TRACE] steampipe-plugin-hackernews.plugin: [TRACE] 1667258484847: ------------------------------------
2022-10-31 23:21:25.085 UTC [TRACE] steampipe-plugin-hackernews.plugin: [TRACE] 1667258484847: getItem                       : 200
2022-10-31 23:21:25.085 UTC [TRACE] steampipe-plugin-hackernews.plugin: [TRACE] 1667258484847: ------------------------------------
2022-10-31 23:21:25.085 UTC [TRACE] steampipe-plugin-hackernews.plugin: [TRACE] 1667258484847: Total                         : 200
2022-10-31 23:21:25.085 UTC [TRACE] steampipe-plugin-hackernews.plugin: [TRACE] 1667258484847: ------------------------------------
2022-10-31 23:21:25.085 UTC [TRACE] steampipe-plugin-hackernews.plugin: [TRACE] 1667258484847: QueryData streamRows DONE (hackernews-1667258484847)
2022-10-31 23:21:25.085 UTC [TRACE] steampipe-plugin-hackernews.plugin: [TRACE] 1667258484847: EndSet (hackernews-1667258484847) table hackernews_new
2022-10-31 23:21:25.085 UTC [TRACE] steampipe-plugin-hackernews.plugin: [TRACE] 1667258484847: QueryCache writePageToCache: 500 rows, pageCount 1, page key hackernewshackernews_newid,title,time,by,score,dead,deleted,descendants,kids,parent,parts,poll,text,type,url,_ctx-1-0
2022-10-31 23:21:25.086 UTC [TRACE] stdio: received data: channel=STDOUT len=24
2022-10-31 23:21:25.086 UTC [TRACE] stdio: waiting for stdio data
2022-10-31 23:21:25.094 UTC [TRACE] steampipe-plugin-hackernews.plugin: [TRACE] 1667258484847: writePageToCache Set - result written
2022-10-31 23:21:25.094 UTC [TRACE] steampipe-plugin-hackernews.plugin: [TRACE] 1667258484847: QueryCache EndSet - result written
2022-10-31 23:21:25.094 UTC [TRACE] steampipe-plugin-hackernews.plugin: [TRACE] 1667258484847: doGet cache miss
2022-10-31 23:21:25.094 UTC [TRACE] steampipe-plugin-hackernews.plugin: [TRACE] 1667258484847: getCachedIndexBucket - no item retrieved for cache key index__hackernewshackernews_new
2022-10-31 23:21:25.094 UTC [TRACE] steampipe-plugin-hackernews.plugin: [TRACE] 1667258484847: getCachedIndexBucket returned cache miss
2022-10-31 23:21:25.094 UTC [TRACE] steampipe-plugin-hackernews.plugin: [TRACE] 1667258484847: QueryCache EndSet - Added index item (0xc01a778de0) to bucket (0xc01a5096e0), page count 1,  key root hackernewshackernews_newid,title,time,by,score,dead,deleted,descendants,kids,parent,parts,poll,text,type,url,_ctx-1
2022-10-31 23:21:25.094 UTC [TRACE] steampipe-plugin-hackernews.plugin: [TRACE] 1667258484847: cacheSetIndexBucket index__hackernewshackernews_new
2022-10-31 23:21:25.094 UTC [TRACE] steampipe-plugin-hackernews.plugin: [TRACE] 1667258484847: QueryCache EndSet - IndexBucket written
2022-10-31 23:21:25.094 UTC [TRACE] steampipe-plugin-hackernews.plugin: [TRACE] 1667258484847: EndSet DEFER (hackernews-1667258484847) table hackernews_new
2022-10-31 23:21:25.094 UTC [TRACE] steampipe-plugin-hackernews.plugin: [TRACE] 1667258484847: calling pendingItemComplete (hackernews-1667258484847)
2022-10-31 23:21:25.094 UTC [TRACE] steampipe-plugin-hackernews.plugin: [TRACE] 1667258484847: pendingItemComplete (hackernews-1667258484847) indexBucketKey index__hackernewshackernews_new, columns [id title time by score dead deleted descendants kids parent parts poll text type url _ctx], limit -1
2022-10-31 23:21:25.094 UTC [TRACE] steampipe-plugin-hackernews.plugin: [TRACE] 1667258484847: got pending index bucket, (hackernews-1667258484847) len 1
2022-10-31 23:21:25.094 UTC [TRACE] steampipe-plugin-hackernews.plugin: [TRACE] 1667258484847: SatisfiesLimit limit -1, no item limit - satisfied
2022-10-31 23:21:25.094 UTC [TRACE] steampipe-plugin-hackernews.plugin: [TRACE] 1667258484847: found pending index item to satisfy columns id,title,time,by,score,dead,deleted,descendants,kids,parent,parts,poll,text,type,url,_ctx, limit -1
2022-10-31 23:21:25.094 UTC [TRACE] steampipe-plugin-hackernews.plugin: [TRACE] 1667258484847: found completed pending item (hackernews-1667258484847) 0xc000303710, key hackernewshackernews_newid,title,time,by,score,dead,deleted,descendants,kids,parent,parts,poll,text,type,url,_ctx-1 - removing from map as it is complete
2022-10-31 23:21:25.094 UTC [TRACE] steampipe-plugin-hackernews.plugin: [TRACE] 1667258484847: pendingIndexItem Unlock count before 1 key hackernewshackernews_newid,title,time,by,score,dead,deleted,descendants,kids,parent,parts,poll,text,type,url,_ctx-1
2022-10-31 23:21:25.094 UTC [TRACE] steampipe-plugin-hackernews.plugin: [TRACE] 1667258484847: deleted from pending, (hackernews-1667258484847) len 0
2022-10-31 23:21:25.094 UTC [TRACE] steampipe-plugin-hackernews.plugin: [TRACE] 1667258484847: pending bucket now empty - deleting key index__hackernewshackernews_new
2022-10-31 23:21:25.094 UTC [TRACE] steampipe-plugin-hackernews.plugin: [TRACE] 1667258484847: pendingItemComplete done (hackernews-1667258484847)
2022-10-31 23:21:25.094 UTC [TRACE] steampipe-plugin-hackernews.plugin: [TRACE] 1667258484847: cache set succeeded
2022-10-31 23:21:25.094 UTC [TRACE] steampipe-plugin-hackernews.plugin: [TRACE] 1667258484847: End execute span
2022-10-31 23:21:25.094 UTC [TRACE] steampipe-plugin-hackernews.plugin: [TRACE] 1667258484847: executeForConnection DEFER (hackernews-1667258484847)
2022-10-31 23:21:25.094 UTC [TRACE] steampipe-plugin-hackernews.plugin: [TRACE] 1667258484847: Execute complete callId: hackernews-1667258484847 table: hackernews_new
2022-10-31 23:21:25.094 UTC [TRACE] steampipe-plugin-hackernews.plugin: [TRACE] 1667258484847: executeForConnection hackernews returned
2022-10-31 23:21:25.095 UTC [TRACE] steampipe-plugin-hackernews.plugin: [TRACE] 1667258484847: output wg complete - send nil row
2022-10-31 23:21:25.095 UTC [TRACE] steampipe-plugin-hackernews.plugin: [TRACE] 1667258484847: empty row on output channel - we are done
2022-10-31 23:21:25.095 UTC [INFO]  steampipe-plugin-hackernews.plugin: [INFO]  1667258484847: Plugin Execute complete (1667258484847)
2022-10-31 23:21:25.135 UTC [TRACE] stdio: received data: channel=STDOUT len=415
2022-10-31 23:21:25.135 UTC [TRACE] stdio: waiting for stdio data
2022-10-31 23:21:25.200 UTC [TRACE] PluginManager Shutdown
2022-10-31 23:21:25.200 UTC [TRACE] killing plugin csv (1990)
2022-10-31 23:21:25.200 UTC [DEBUG] stdio: received EOF, stopping recv loop: err="rpc error: code = Unavailable desc = error reading from server: EOF"
2022-10-31 23:21:25.201 UTC [TRACE] steampipe-plugin-csv.plugin: [TRACE] FLUSHING instrumentation
2022-10-31 23:21:25.201 UTC [TRACE] steampipe-plugin-csv.plugin: [TRACE] Shutdown instrumentation
2022-10-31 23:21:25.202 UTC [INFO]  plugin process exited: path=/home/runner/.steampipe/plugins/hub.steampipe.io/plugins/turbot/csv@latest/steampipe-plugin-csv.plugin pid=1990
2022-10-31 23:21:25.202 UTC [DEBUG] plugin exited
2022-10-31 23:21:25.202 UTC [TRACE] killing plugin hackernews (2013)
2022-10-31 23:21:25.202 UTC [TRACE] steampipe-plugin-hackernews.plugin: [TRACE] 1667258484847: FLUSHING instrumentation
2022-10-31 23:21:25.202 UTC [TRACE] steampipe-plugin-hackernews.plugin: [TRACE] 1667258484847: Shutdown instrumentation
2022-10-31 23:21:25.202 UTC [DEBUG] stdio: received EOF, stopping recv loop: err="rpc error: code = Unavailable desc = error reading from server: EOF"
2022-10-31 23:21:25.209 UTC [INFO]  plugin process exited: path=/home/runner/.steampipe/plugins/hub.steampipe.io/plugins/turbot/hackernews@latest/steampipe-plugin-hackernews.plugin pid=2013
2022-10-31 23:21:25.209 UTC [DEBUG] plugin exited
2022-10-31 23:21:28.746 UTC [WARN]  PluginManager setPluginCacheSizeMap: 4 connections.
2022-10-31 23:21:28.746 UTC [WARN]  Total cache size 0Mb
2022-10-31 23:21:28.811 UTC [WARN]  plugin configured with a nil SecureConfig
2022-10-31 23:21:29.084 UTC [WARN]  steampipe-plugin-csv.plugin: [WARN]  1667258489145: getKeyColumnsForTable found no schema for table '/home/runner/work/steampipe-samples/steampipe-samples/all/hackernews/hn.csv'
2022-10-31 23:21:51.958 UTC [WARN]  PluginManager setPluginCacheSizeMap: 4 connections.
2022-10-31 23:21:51.958 UTC [WARN]  Total cache size 0Mb
2022-10-31 23:21:52.022 UTC [WARN]  plugin configured with a nil SecureConfig
2022-10-31 23:21:52.204 UTC [WARN]  steampipe-plugin-csv.plugin: [WARN]  1667258512983: getKeyColumnsForTable found no schema for table '/home/runner/work/steampipe-samples/steampipe-samples/all/hackernews/hn.csv'
2022-10-31 23:22:14.075 UTC [WARN]  PluginManager setPluginCacheSizeMap: 4 connections.
2022-10-31 23:22:14.075 UTC [WARN]  Total cache size 0Mb
2022-10-31 23:22:14.139 UTC [WARN]  plugin configured with a nil SecureConfig
2022-10-31 23:22:15.293 UTC [WARN]  PluginManager setPluginCacheSizeMap: 4 connections.
2022-10-31 23:22:15.293 UTC [WARN]  Total cache size 0Mb
2022-10-31 23:22:15.359 UTC [WARN]  plugin configured with a nil SecureConfig
2022-10-31 23:22:16.312 UTC [WARN]  PluginManager setPluginCacheSizeMap: 4 connections.
2022-10-31 23:22:16.312 UTC [WARN]  Total cache size 0Mb
2022-10-31 23:22:16.376 UTC [WARN]  plugin configured with a nil SecureConfig
2022-10-31 23:22:17.181 UTC [WARN]  PluginManager setPluginCacheSizeMap: 4 connections.
2022-10-31 23:22:17.181 UTC [WARN]  Total cache size 0Mb
2022-10-31 23:22:17.248 UTC [WARN]  plugin configured with a nil SecureConfig
2022-10-31 23:22:18.086 UTC [WARN]  PluginManager setPluginCacheSizeMap: 4 connections.
2022-10-31 23:22:18.086 UTC [WARN]  Total cache size 0Mb
2022-10-31 23:22:18.151 UTC [WARN]  plugin configured with a nil SecureConfig
2022-10-31 23:22:18.965 UTC [WARN]  PluginManager setPluginCacheSizeMap: 4 connections.
2022-10-31 23:22:18.965 UTC [WARN]  Total cache size 0Mb
2022-10-31 23:22:19.030 UTC [WARN]  plugin configured with a nil SecureConfig
2022-10-31 23:22:19.863 UTC [WARN]  PluginManager setPluginCacheSizeMap: 4 connections.
2022-10-31 23:22:19.863 UTC [WARN]  Total cache size 0Mb
2022-10-31 23:22:19.928 UTC [WARN]  plugin configured with a nil SecureConfig
2022-10-31 23:22:20.730 UTC [WARN]  PluginManager setPluginCacheSizeMap: 4 connections.
2022-10-31 23:22:20.730 UTC [WARN]  Total cache size 0Mb
2022-10-31 23:22:20.797 UTC [WARN]  plugin configured with a nil SecureConfig
2022-10-31 23:22:20.977 UTC [WARN]  plugin configured with a nil SecureConfig
2022-10-31 23:23:28.162 UTC [WARN]  PluginManager setPluginCacheSizeMap: 4 connections.
2022-10-31 23:23:28.162 UTC [WARN]  Total cache size 0Mb
2022-10-31 23:23:28.228 UTC [WARN]  plugin configured with a nil SecureConfig
2022-10-31 23:23:29.020 UTC [WARN]  PluginManager setPluginCacheSizeMap: 4 connections.
2022-10-31 23:23:29.020 UTC [WARN]  Total cache size 0Mb
2022-10-31 23:23:29.086 UTC [WARN]  plugin configured with a nil SecureConfig
2022-10-31 23:23:29.099 UTC [ERROR] steampipe-plugin-csv.plugin: [ERROR] csv.tableCSV: header_parse_error=EOF path=/home/runner/work/steampipe-samples/steampipe-samples/all/hackernews/new_sc.csv header=[]
2022-10-31 23:23:29.099 UTC [ERROR] steampipe-plugin-csv.plugin: [ERROR] csv.PluginTables: create_table_error="failed to parse file header /home/runner/work/steampipe-samples/steampipe-samples/all/hackernews/new_sc.csv: EOF" path=/home/runner/work/steampipe-samples/steampipe-samples/all/hackernews/new_sc.csv
2022-10-31 23:23:29.099 UTC [WARN]  failed to set connection config: failed to parse file header /home/runner/work/steampipe-samples/steampipe-samples/all/hackernews/new_sc.csv: EOF
2022-10-31 23:23:29.878 UTC [WARN]  PluginManager setPluginCacheSizeMap: 4 connections.
2022-10-31 23:23:29.878 UTC [WARN]  Total cache size 0Mb
2022-10-31 23:23:29.944 UTC [WARN]  plugin configured with a nil SecureConfig
2022-10-31 23:23:30.125 UTC [WARN]  steampipe-plugin-csv.plugin: [WARN]  1667258610563: getKeyColumnsForTable found no schema for table '/home/runner/work/steampipe-samples/steampipe-samples/all/hackernews/new_sc.csv'
2022-10-31 23:23:33.508 UTC [WARN]  PluginManager setPluginCacheSizeMap: 4 connections.
2022-10-31 23:23:33.508 UTC [WARN]  Total cache size 0Mb
2022-10-31 23:23:33.572 UTC [WARN]  plugin configured with a nil SecureConfig
2022-10-31 23:23:34.350 UTC [WARN]  PluginManager setPluginCacheSizeMap: 4 connections.
2022-10-31 23:23:34.350 UTC [WARN]  Total cache size 0Mb
2022-10-31 23:23:34.415 UTC [WARN]  plugin configured with a nil SecureConfig
2022-10-31 23:23:35.217 UTC [WARN]  PluginManager setPluginCacheSizeMap: 4 connections.
2022-10-31 23:23:35.217 UTC [WARN]  Total cache size 0Mb
2022-10-31 23:23:35.285 UTC [WARN]  plugin configured with a nil SecureConfig
2022-10-31 23:23:36.086 UTC [WARN]  PluginManager setPluginCacheSizeMap: 4 connections.
2022-10-31 23:23:36.086 UTC [WARN]  Total cache size 0Mb
2022-10-31 23:23:36.152 UTC [WARN]  plugin configured with a nil SecureConfig
2022-10-31 23:23:36.164 UTC [ERROR] steampipe-plugin-csv.plugin: [ERROR] csv.tableCSV: header_parse_error=EOF path=/home/runner/work/steampipe-samples/steampipe-samples/all/hackernews/hn_items_all.csv header=[]
2022-10-31 23:23:36.164 UTC [ERROR] steampipe-plugin-csv.plugin: [ERROR] csv.PluginTables: create_table_error="failed to parse file header /home/runner/work/steampipe-samples/steampipe-samples/all/hackernews/hn_items_all.csv: EOF" path=/home/runner/work/steampipe-samples/steampipe-samples/all/hackernews/hn_items_all.csv
2022-10-31 23:23:36.164 UTC [WARN]  failed to set connection config: failed to parse file header /home/runner/work/steampipe-samples/steampipe-samples/all/hackernews/hn_items_all.csv: EOF
2022-10-31 23:23:37.153 UTC [WARN]  PluginManager setPluginCacheSizeMap: 4 connections.
2022-10-31 23:23:37.153 UTC [WARN]  Total cache size 0Mb
2022-10-31 23:23:37.218 UTC [WARN]  plugin configured with a nil SecureConfig
2022-10-31 23:23:37.230 UTC [ERROR] steampipe-plugin-csv.plugin: [ERROR] csv.tableCSV: header_parse_error=EOF path=/home/runner/work/steampipe-samples/steampipe-samples/all/hackernews/people.csv header=[]
2022-10-31 23:23:37.230 UTC [ERROR] steampipe-plugin-csv.plugin: [ERROR] csv.PluginTables: create_table_error="failed to parse file header /home/runner/work/steampipe-samples/steampipe-samples/all/hackernews/people.csv: EOF" path=/home/runner/work/steampipe-samples/steampipe-samples/all/hackernews/people.csv
2022-10-31 23:23:37.230 UTC [WARN]  failed to set connection config: failed to parse file header /home/runner/work/steampipe-samples/steampipe-samples/all/hackernews/people.csv: EOF
2022-10-31 23:23:37.378 UTC [WARN]  plugin configured with a nil SecureConfig
2022-10-31 23:23:37.415 UTC [WARN]  plugin configured with a nil SecureConfig
