2022-10-18 06:38:25.143 UTC [WARN]  PluginManager setPluginCacheSizeMap: 1 connection.
2022-10-18 06:38:25.143 UTC [WARN]  Total cache size 0Mb
2022-10-18 06:38:25.209 UTC [WARN]  plugin configured with a nil SecureConfig
2022-10-18 06:38:26.746 UTC [WARN]  PluginManager setPluginCacheSizeMap: 2 connections.
2022-10-18 06:38:26.746 UTC [WARN]  Total cache size 0Mb
2022-10-18 06:38:26.830 UTC [WARN]  plugin configured with a nil SecureConfig
2022-10-18 06:38:28.382 UTC [WARN]  PluginManager setPluginCacheSizeMap: 3 connections.
2022-10-18 06:38:28.382 UTC [WARN]  Total cache size 0Mb
2022-10-18 06:38:28.456 UTC [WARN]  plugin configured with a nil SecureConfig
2022-10-18 06:38:28.507 UTC [WARN]  plugin configured with a nil SecureConfig
2022-10-18 06:38:30.119 UTC [WARN]  PluginManager setPluginCacheSizeMap: 4 connections.
2022-10-18 06:38:30.119 UTC [WARN]  Total cache size 0Mb
2022-10-18 06:38:30.185 UTC [WARN]  plugin configured with a nil SecureConfig
2022-10-18 06:38:30.247 UTC [WARN]  plugin configured with a nil SecureConfig
2022-10-18 06:38:31.248 UTC [INFO]  starting plugin manager
2022-10-18 06:38:31.248 UTC [TRACE] loaded config map: csv,github,hackernews,net
2022-10-18 06:38:31.248 UTC [TRACE] NewPluginManager
2022-10-18 06:38:31.249 UTC [WARN]  PluginManager setPluginCacheSizeMap: 4 connections.
2022-10-18 06:38:31.249 UTC [WARN]  Total cache size 0Mb
2022-10-18 06:38:31.249 UTC [INFO]  starting connection watcher
2022-10-18 06:38:31.249 UTC [INFO]  created ConnectionWatcher
2022-10-18 06:38:31.249 UTC [TRACE] about to serve
2022-10-18 06:38:31.316 UTC [TRACE] PluginManager Get, connections: '[csv]'
2022-10-18 06:38:31.316 UTC [TRACE] PluginManager getPlugin hub.steampipe.io/plugins/turbot/csv@latest connection 'csv'
2022-10-18 06:38:31.316 UTC [TRACE] PluginManager 0xc0002ecb90 plugin hub.steampipe.io/plugins/turbot/csv@latest (csv) NOT started or starting - start now
2022-10-18 06:38:31.316 UTC [TRACE] ************ start plugin csv ********************
2022-10-18 06:38:31.316 UTC [WARN]  plugin configured with a nil SecureConfig
2022-10-18 06:38:31.316 UTC [DEBUG] starting plugin: path=/home/runner/.steampipe/plugins/hub.steampipe.io/plugins/turbot/csv@latest/steampipe-plugin-csv.plugin args=["/home/runner/.steampipe/plugins/hub.steampipe.io/plugins/turbot/csv@latest/steampipe-plugin-csv.plugin"]
2022-10-18 06:38:31.317 UTC [DEBUG] plugin started: path=/home/runner/.steampipe/plugins/hub.steampipe.io/plugins/turbot/csv@latest/steampipe-plugin-csv.plugin pid=2097
2022-10-18 06:38:31.318 UTC [DEBUG] waiting for RPC address: path=/home/runner/.steampipe/plugins/hub.steampipe.io/plugins/turbot/csv@latest/steampipe-plugin-csv.plugin
2022-10-18 06:38:31.328 UTC [INFO]  steampipe-plugin-csv.plugin: [INFO]  Initialise plugin 'steampipe-plugin-csv', using sdk version 4.1.7
2022-10-18 06:38:31.328 UTC [TRACE] steampipe-plugin-csv.plugin: [TRACE] no DefaultRetryConfig defined - creating empty
2022-10-18 06:38:31.328 UTC [TRACE] steampipe-plugin-csv.plugin: [TRACE] no DefaultIgnoreConfig defined - creating empty
2022-10-18 06:38:31.328 UTC [TRACE] steampipe-plugin-csv.plugin: [TRACE] Setting Ulimit: ulimit=2560
2022-10-18 06:38:31.329 UTC [TRACE] steampipe-plugin-csv.plugin: [TRACE] telemetry.Init service 'steampipe-plugin-csv', tracingEnabled: false, metricsEnabled: false
2022-10-18 06:38:31.329 UTC [TRACE] steampipe-plugin-csv.plugin: [TRACE] metrics and tracing disabled' - returning
2022-10-18 06:38:31.330 UTC [DEBUG] steampipe-plugin-csv.plugin: plugin address: address=/tmp/plugin2386424876 network=unix timestamp=2022-10-18T06:38:31.329Z
2022-10-18 06:38:31.330 UTC [DEBUG] using plugin: version=0
2022-10-18 06:38:31.330 UTC [TRACE] NewPluginClient for plugin hub.steampipe.io/plugins/turbot/csv@latest
2022-10-18 06:38:31.330 UTC [TRACE] stdio: waiting for stdio data
2022-10-18 06:38:31.331 UTC [TRACE] supportedOperations: query_cache:true multiple_connections:true
2022-10-18 06:38:31.332 UTC [TRACE] steampipe-plugin-csv.plugin: [TRACE] SetAllConnectionConfigs setting 1 configs
2022-10-18 06:38:31.332 UTC [TRACE] steampipe-plugin-csv.plugin: [TRACE] connection csv build schema and table map
2022-10-18 06:38:31.332 UTC [TRACE] steampipe-plugin-csv.plugin: [TRACE] initialise table /home/runner/work/steampipe-samples/steampipe-samples/all/hackernews/hn_items_all.csv
2022-10-18 06:38:31.332 UTC [TRACE] steampipe-plugin-csv.plugin: [TRACE] no DefaultRetryConfig defined - creating empty
2022-10-18 06:38:31.332 UTC [TRACE] steampipe-plugin-csv.plugin: [TRACE] no DefaultIgnoreConfig defined - creating empty
2022-10-18 06:38:31.332 UTC [TRACE] steampipe-plugin-csv.plugin: [TRACE] apply plugin defaults for DefaultRetryConfig
2022-10-18 06:38:31.332 UTC [TRACE] steampipe-plugin-csv.plugin: [TRACE] apply plugin defaults for DefaultIgnoreConfig, table &{<nil> <nil>} plugin &{<nil> <nil>}
2022-10-18 06:38:31.332 UTC [TRACE] steampipe-plugin-csv.plugin: [TRACE] DefaultRetryConfig:
2022-10-18 06:38:31.332 UTC [TRACE] steampipe-plugin-csv.plugin: [TRACE] DefaultIgnoreConfig:
2022-10-18 06:38:31.332 UTC [TRACE] steampipe-plugin-csv.plugin: [TRACE] t.List.initialise
2022-10-18 06:38:31.332 UTC [TRACE] steampipe-plugin-csv.plugin: [TRACE] ListConfig.initialise table /home/runner/work/steampipe-samples/steampipe-samples/all/hackernews/hn_items_all.csv
2022-10-18 06:38:31.332 UTC [TRACE] steampipe-plugin-csv.plugin: [TRACE] ListConfig.initialise complete: RetryConfig: , IgnoreConfig
2022-10-18 06:38:31.332 UTC [TRACE] steampipe-plugin-csv.plugin: [TRACE] back from initialiseHydrateConfigs
2022-10-18 06:38:31.332 UTC [TRACE] steampipe-plugin-csv.plugin: [TRACE] initialise table /home/runner/work/steampipe-samples/steampipe-samples/all/hackernews/hn_items_all.csv COMPLETE
2022-10-18 06:38:31.332 UTC [TRACE] steampipe-plugin-csv.plugin: [TRACE] initialise table /home/runner/work/steampipe-samples/steampipe-samples/all/hackernews/new_sc.csv
2022-10-18 06:38:31.332 UTC [TRACE] steampipe-plugin-csv.plugin: [TRACE] no DefaultRetryConfig defined - creating empty
2022-10-18 06:38:31.332 UTC [TRACE] steampipe-plugin-csv.plugin: [TRACE] no DefaultIgnoreConfig defined - creating empty
2022-10-18 06:38:31.332 UTC [TRACE] steampipe-plugin-csv.plugin: [TRACE] apply plugin defaults for DefaultRetryConfig
2022-10-18 06:38:31.332 UTC [TRACE] steampipe-plugin-csv.plugin: [TRACE] apply plugin defaults for DefaultIgnoreConfig, table &{<nil> <nil>} plugin &{<nil> <nil>}
2022-10-18 06:38:31.332 UTC [TRACE] steampipe-plugin-csv.plugin: [TRACE] DefaultRetryConfig:
2022-10-18 06:38:31.332 UTC [TRACE] steampipe-plugin-csv.plugin: [TRACE] DefaultIgnoreConfig:
2022-10-18 06:38:31.332 UTC [TRACE] steampipe-plugin-csv.plugin: [TRACE] t.List.initialise
2022-10-18 06:38:31.332 UTC [TRACE] steampipe-plugin-csv.plugin: [TRACE] ListConfig.initialise table /home/runner/work/steampipe-samples/steampipe-samples/all/hackernews/new_sc.csv
2022-10-18 06:38:31.332 UTC [TRACE] steampipe-plugin-csv.plugin: [TRACE] ListConfig.initialise complete: RetryConfig: , IgnoreConfig
2022-10-18 06:38:31.332 UTC [TRACE] steampipe-plugin-csv.plugin: [TRACE] back from initialiseHydrateConfigs
2022-10-18 06:38:31.332 UTC [TRACE] steampipe-plugin-csv.plugin: [TRACE] initialise table /home/runner/work/steampipe-samples/steampipe-samples/all/hackernews/new_sc.csv COMPLETE
2022-10-18 06:38:31.332 UTC [TRACE] steampipe-plugin-csv.plugin: [TRACE] initialise table /home/runner/work/steampipe-samples/steampipe-samples/all/hackernews/people.csv
2022-10-18 06:38:31.332 UTC [TRACE] steampipe-plugin-csv.plugin: [TRACE] no DefaultRetryConfig defined - creating empty
2022-10-18 06:38:31.332 UTC [TRACE] steampipe-plugin-csv.plugin: [TRACE] no DefaultIgnoreConfig defined - creating empty
2022-10-18 06:38:31.332 UTC [TRACE] steampipe-plugin-csv.plugin: [TRACE] apply plugin defaults for DefaultRetryConfig
2022-10-18 06:38:31.332 UTC [TRACE] steampipe-plugin-csv.plugin: [TRACE] apply plugin defaults for DefaultIgnoreConfig, table &{<nil> <nil>} plugin &{<nil> <nil>}
2022-10-18 06:38:31.332 UTC [TRACE] steampipe-plugin-csv.plugin: [TRACE] DefaultRetryConfig:
2022-10-18 06:38:31.332 UTC [TRACE] steampipe-plugin-csv.plugin: [TRACE] DefaultIgnoreConfig:
2022-10-18 06:38:31.332 UTC [TRACE] steampipe-plugin-csv.plugin: [TRACE] t.List.initialise
2022-10-18 06:38:31.332 UTC [TRACE] steampipe-plugin-csv.plugin: [TRACE] ListConfig.initialise table /home/runner/work/steampipe-samples/steampipe-samples/all/hackernews/people.csv
2022-10-18 06:38:31.332 UTC [TRACE] steampipe-plugin-csv.plugin: [TRACE] ListConfig.initialise complete: RetryConfig: , IgnoreConfig
2022-10-18 06:38:31.332 UTC [TRACE] steampipe-plugin-csv.plugin: [TRACE] back from initialiseHydrateConfigs
2022-10-18 06:38:31.332 UTC [TRACE] steampipe-plugin-csv.plugin: [TRACE] initialise table /home/runner/work/steampipe-samples/steampipe-samples/all/hackernews/people.csv COMPLETE
2022-10-18 06:38:31.332 UTC [TRACE] steampipe-plugin-csv.plugin: [TRACE] validate plugin steampipe-plugin-csv, required columns []
2022-10-18 06:38:31.332 UTC [TRACE] steampipe-plugin-csv.plugin: [TRACE] validate DefaultRetryConfig
2022-10-18 06:38:31.332 UTC [TRACE] steampipe-plugin-csv.plugin: [TRACE] validate DefaultIgnoreConfig
2022-10-18 06:38:31.332 UTC [TRACE] steampipe-plugin-csv.plugin: [TRACE] validate table names
2022-10-18 06:38:31.332 UTC [TRACE] steampipe-plugin-csv.plugin: [TRACE] plugin has 0 validation errors
2022-10-18 06:38:31.332 UTC [TRACE] steampipe-plugin-csv.plugin: [TRACE] Plugin ensureCache creating cache, maxCacheStorageMb 0
2022-10-18 06:38:31.332 UTC [TRACE] steampipe-plugin-csv.plugin: [TRACE] createCacheStore for plugin 'steampipe-plugin-csv' setting max size to 0Mb, Shards: 2, max shard size: 0
2022-10-18 06:38:31.347 UTC [INFO]  steampipe-plugin-csv.plugin: [INFO]  query cache created
2022-10-18 06:38:31.347 UTC [DEBUG] steampipe-plugin-csv.plugin: [DEBUG] SetAllConnectionConfigs finished
2022-10-18 06:38:31.348 UTC [TRACE] PluginManager getPlugin complete, returning reattach config with PID: 2097
2022-10-18 06:38:31.348 UTC [TRACE] PluginManager Get returning reattach_map:{key:"csv" value:{protocol:"grpc" addr:{Network:"unix" Address:"/tmp/plugin2386424876"} pid:2097 supported_operations:{query_cache:true multiple_connections:true} connections:"csv" plugin:"hub.steampipe.io/plugins/turbot/csv@latest"}}
2022-10-18 06:38:31.351 UTC [TRACE] handleFileWatcherEvent ignoring first event
2022-10-18 06:38:31.434 UTC [TRACE] PluginManager Get, connections: '[csv]'
2022-10-18 06:38:31.434 UTC [TRACE] PluginManager getPlugin hub.steampipe.io/plugins/turbot/csv@latest connection 'csv'
2022-10-18 06:38:31.434 UTC [TRACE] connection csv found in connectionPluginMap
2022-10-18 06:38:31.434 UTC [TRACE] initialized: 2097
2022-10-18 06:38:31.434 UTC [TRACE] initialized: 2097
2022-10-18 06:38:31.434 UTC [TRACE] connection csv is loaded, check for running PID
2022-10-18 06:38:31.435 UTC [TRACE] PluginManager found 'csv' in map, pid 2097
2022-10-18 06:38:31.435 UTC [TRACE] PluginManager Get returning reattach_map:{key:"csv" value:{protocol:"grpc" addr:{Network:"unix" Address:"/tmp/plugin2386424876"} pid:2097 supported_operations:{query_cache:true multiple_connections:true} connections:"csv" plugin:"hub.steampipe.io/plugins/turbot/csv@latest"}}
2022-10-18 06:38:31.601 UTC [TRACE] PluginManager Get, connections: '[hackernews]'
2022-10-18 06:38:31.601 UTC [TRACE] PluginManager getPlugin hub.steampipe.io/plugins/turbot/hackernews@latest connection 'hackernews'
2022-10-18 06:38:31.601 UTC [TRACE] PluginManager 0xc0002ecb90 plugin hub.steampipe.io/plugins/turbot/hackernews@latest (hackernews) NOT started or starting - start now
2022-10-18 06:38:31.601 UTC [TRACE] ************ start plugin hackernews ********************
2022-10-18 06:38:31.601 UTC [WARN]  plugin configured with a nil SecureConfig
2022-10-18 06:38:31.601 UTC [DEBUG] starting plugin: path=/home/runner/.steampipe/plugins/hub.steampipe.io/plugins/turbot/hackernews@latest/steampipe-plugin-hackernews.plugin args=["/home/runner/.steampipe/plugins/hub.steampipe.io/plugins/turbot/hackernews@latest/steampipe-plugin-hackernews.plugin"]
2022-10-18 06:38:31.601 UTC [DEBUG] plugin started: path=/home/runner/.steampipe/plugins/hub.steampipe.io/plugins/turbot/hackernews@latest/steampipe-plugin-hackernews.plugin pid=2120
2022-10-18 06:38:31.601 UTC [DEBUG] waiting for RPC address: path=/home/runner/.steampipe/plugins/hub.steampipe.io/plugins/turbot/hackernews@latest/steampipe-plugin-hackernews.plugin
2022-10-18 06:38:31.611 UTC [INFO]  steampipe-plugin-hackernews.plugin: [INFO]  Initialise plugin 'steampipe-plugin-hackernews', using sdk version 4.1.7
2022-10-18 06:38:31.611 UTC [TRACE] steampipe-plugin-hackernews.plugin: [TRACE] defaulting SchemaMode to SchemaModeStatic
2022-10-18 06:38:31.611 UTC [TRACE] steampipe-plugin-hackernews.plugin: [TRACE] no DefaultRetryConfig defined - creating empty
2022-10-18 06:38:31.611 UTC [TRACE] steampipe-plugin-hackernews.plugin: [TRACE] no DefaultIgnoreConfig defined - creating empty
2022-10-18 06:38:31.611 UTC [TRACE] steampipe-plugin-hackernews.plugin: [TRACE] Setting Ulimit: ulimit=2560
2022-10-18 06:38:31.612 UTC [TRACE] steampipe-plugin-hackernews.plugin: [TRACE] telemetry.Init service 'steampipe-plugin-hackernews', tracingEnabled: false, metricsEnabled: false
2022-10-18 06:38:31.612 UTC [TRACE] steampipe-plugin-hackernews.plugin: [TRACE] metrics and tracing disabled' - returning
2022-10-18 06:38:31.612 UTC [DEBUG] steampipe-plugin-hackernews.plugin: plugin address: network=unix address=/tmp/plugin4190513046 timestamp=2022-10-18T06:38:31.612Z
2022-10-18 06:38:31.612 UTC [DEBUG] using plugin: version=0
2022-10-18 06:38:31.612 UTC [TRACE] NewPluginClient for plugin hub.steampipe.io/plugins/turbot/hackernews@latest
2022-10-18 06:38:31.614 UTC [TRACE] stdio: waiting for stdio data
2022-10-18 06:38:31.614 UTC [TRACE] supportedOperations: query_cache:true multiple_connections:true
2022-10-18 06:38:31.615 UTC [TRACE] steampipe-plugin-hackernews.plugin: [TRACE] SetAllConnectionConfigs setting 1 configs
2022-10-18 06:38:31.615 UTC [TRACE] steampipe-plugin-hackernews.plugin: [TRACE] connection hackernews build schema and table map
2022-10-18 06:38:31.615 UTC [TRACE] steampipe-plugin-hackernews.plugin: [TRACE] initialise table hackernews_show_hn
2022-10-18 06:38:31.615 UTC [TRACE] steampipe-plugin-hackernews.plugin: [TRACE] no DefaultRetryConfig defined - creating empty
2022-10-18 06:38:31.615 UTC [TRACE] steampipe-plugin-hackernews.plugin: [TRACE] no DefaultIgnoreConfig defined - creating empty
2022-10-18 06:38:31.615 UTC [TRACE] steampipe-plugin-hackernews.plugin: [TRACE] apply plugin defaults for DefaultRetryConfig
2022-10-18 06:38:31.615 UTC [TRACE] steampipe-plugin-hackernews.plugin: [TRACE] apply plugin defaults for DefaultIgnoreConfig, table &{<nil> <nil>} plugin &{<nil> <nil>}
2022-10-18 06:38:31.615 UTC [TRACE] steampipe-plugin-hackernews.plugin: [TRACE] DefaultRetryConfig:
2022-10-18 06:38:31.615 UTC [TRACE] steampipe-plugin-hackernews.plugin: [TRACE] DefaultIgnoreConfig:
2022-10-18 06:38:31.615 UTC [TRACE] steampipe-plugin-hackernews.plugin: [TRACE] t.Get.initialise
2022-10-18 06:38:31.615 UTC [TRACE] steampipe-plugin-hackernews.plugin: [TRACE] GetConfig.initialise table hackernews_show_hn
2022-10-18 06:38:31.615 UTC [TRACE] steampipe-plugin-hackernews.plugin: [TRACE] GetConfig.initialise complete: RetryConfig: , IgnoreConfig:
2022-10-18 06:38:31.615 UTC [TRACE] steampipe-plugin-hackernews.plugin: [TRACE] t.List.initialise
2022-10-18 06:38:31.615 UTC [TRACE] steampipe-plugin-hackernews.plugin: [TRACE] ListConfig.initialise table hackernews_show_hn
2022-10-18 06:38:31.615 UTC [TRACE] steampipe-plugin-hackernews.plugin: [TRACE] ListConfig.initialise complete: RetryConfig: , IgnoreConfig
2022-10-18 06:38:31.615 UTC [TRACE] steampipe-plugin-hackernews.plugin: [TRACE] HydrateConfig.initialise func getItem, table hackernews_show_hn
2022-10-18 06:38:31.615 UTC [TRACE] steampipe-plugin-hackernews.plugin: [TRACE] HydrateConfig.initialise complete: RetryConfig: , IgnoreConfig:
2022-10-18 06:38:31.615 UTC [TRACE] steampipe-plugin-hackernews.plugin: [TRACE] back from initialiseHydrateConfigs
2022-10-18 06:38:31.615 UTC [TRACE] steampipe-plugin-hackernews.plugin: [TRACE] initialise table hackernews_show_hn COMPLETE
2022-10-18 06:38:31.615 UTC [TRACE] steampipe-plugin-hackernews.plugin: [TRACE] initialise table hackernews_top
2022-10-18 06:38:31.615 UTC [TRACE] steampipe-plugin-hackernews.plugin: [TRACE] no DefaultRetryConfig defined - creating empty
2022-10-18 06:38:31.615 UTC [TRACE] steampipe-plugin-hackernews.plugin: [TRACE] no DefaultIgnoreConfig defined - creating empty
2022-10-18 06:38:31.615 UTC [TRACE] steampipe-plugin-hackernews.plugin: [TRACE] apply plugin defaults for DefaultRetryConfig
2022-10-18 06:38:31.615 UTC [TRACE] steampipe-plugin-hackernews.plugin: [TRACE] apply plugin defaults for DefaultIgnoreConfig, table &{<nil> <nil>} plugin &{<nil> <nil>}
2022-10-18 06:38:31.615 UTC [TRACE] steampipe-plugin-hackernews.plugin: [TRACE] DefaultRetryConfig:
2022-10-18 06:38:31.615 UTC [TRACE] steampipe-plugin-hackernews.plugin: [TRACE] DefaultIgnoreConfig:
2022-10-18 06:38:31.615 UTC [TRACE] steampipe-plugin-hackernews.plugin: [TRACE] t.Get.initialise
2022-10-18 06:38:31.615 UTC [TRACE] steampipe-plugin-hackernews.plugin: [TRACE] GetConfig.initialise table hackernews_top
2022-10-18 06:38:31.615 UTC [TRACE] steampipe-plugin-hackernews.plugin: [TRACE] GetConfig.initialise complete: RetryConfig: , IgnoreConfig:
2022-10-18 06:38:31.615 UTC [TRACE] steampipe-plugin-hackernews.plugin: [TRACE] t.List.initialise
2022-10-18 06:38:31.615 UTC [TRACE] steampipe-plugin-hackernews.plugin: [TRACE] ListConfig.initialise table hackernews_top
2022-10-18 06:38:31.615 UTC [TRACE] steampipe-plugin-hackernews.plugin: [TRACE] ListConfig.initialise complete: RetryConfig: , IgnoreConfig
2022-10-18 06:38:31.615 UTC [TRACE] steampipe-plugin-hackernews.plugin: [TRACE] HydrateConfig.initialise func getItem, table hackernews_top
2022-10-18 06:38:31.615 UTC [TRACE] steampipe-plugin-hackernews.plugin: [TRACE] HydrateConfig.initialise complete: RetryConfig: , IgnoreConfig:
2022-10-18 06:38:31.615 UTC [TRACE] steampipe-plugin-hackernews.plugin: [TRACE] back from initialiseHydrateConfigs
2022-10-18 06:38:31.615 UTC [TRACE] steampipe-plugin-hackernews.plugin: [TRACE] initialise table hackernews_top COMPLETE
2022-10-18 06:38:31.615 UTC [TRACE] steampipe-plugin-hackernews.plugin: [TRACE] initialise table hackernews_user
2022-10-18 06:38:31.615 UTC [TRACE] steampipe-plugin-hackernews.plugin: [TRACE] no DefaultRetryConfig defined - creating empty
2022-10-18 06:38:31.615 UTC [TRACE] steampipe-plugin-hackernews.plugin: [TRACE] no DefaultIgnoreConfig defined - creating empty
2022-10-18 06:38:31.615 UTC [TRACE] steampipe-plugin-hackernews.plugin: [TRACE] apply plugin defaults for DefaultRetryConfig
2022-10-18 06:38:31.615 UTC [TRACE] steampipe-plugin-hackernews.plugin: [TRACE] apply plugin defaults for DefaultIgnoreConfig, table &{<nil> <nil>} plugin &{<nil> <nil>}
2022-10-18 06:38:31.615 UTC [TRACE] steampipe-plugin-hackernews.plugin: [TRACE] DefaultRetryConfig:
2022-10-18 06:38:31.615 UTC [TRACE] steampipe-plugin-hackernews.plugin: [TRACE] DefaultIgnoreConfig:
2022-10-18 06:38:31.615 UTC [TRACE] steampipe-plugin-hackernews.plugin: [TRACE] t.List.initialise
2022-10-18 06:38:31.615 UTC [TRACE] steampipe-plugin-hackernews.plugin: [TRACE] ListConfig.initialise table hackernews_user
2022-10-18 06:38:31.615 UTC [TRACE] steampipe-plugin-hackernews.plugin: [TRACE] ListConfig.initialise complete: RetryConfig: , IgnoreConfig
2022-10-18 06:38:31.615 UTC [TRACE] steampipe-plugin-hackernews.plugin: [TRACE] back from initialiseHydrateConfigs
2022-10-18 06:38:31.615 UTC [TRACE] steampipe-plugin-hackernews.plugin: [TRACE] initialise table hackernews_user COMPLETE
2022-10-18 06:38:31.615 UTC [TRACE] steampipe-plugin-hackernews.plugin: [TRACE] initialise table hackernews_ask_hn
2022-10-18 06:38:31.615 UTC [TRACE] steampipe-plugin-hackernews.plugin: [TRACE] no DefaultRetryConfig defined - creating empty
2022-10-18 06:38:31.615 UTC [TRACE] steampipe-plugin-hackernews.plugin: [TRACE] no DefaultIgnoreConfig defined - creating empty
2022-10-18 06:38:31.615 UTC [TRACE] steampipe-plugin-hackernews.plugin: [TRACE] apply plugin defaults for DefaultRetryConfig
2022-10-18 06:38:31.615 UTC [TRACE] steampipe-plugin-hackernews.plugin: [TRACE] apply plugin defaults for DefaultIgnoreConfig, table &{<nil> <nil>} plugin &{<nil> <nil>}
2022-10-18 06:38:31.615 UTC [TRACE] steampipe-plugin-hackernews.plugin: [TRACE] DefaultRetryConfig:
2022-10-18 06:38:31.615 UTC [TRACE] steampipe-plugin-hackernews.plugin: [TRACE] DefaultIgnoreConfig:
2022-10-18 06:38:31.615 UTC [TRACE] steampipe-plugin-hackernews.plugin: [TRACE] t.Get.initialise
2022-10-18 06:38:31.615 UTC [TRACE] steampipe-plugin-hackernews.plugin: [TRACE] GetConfig.initialise table hackernews_ask_hn
2022-10-18 06:38:31.615 UTC [TRACE] steampipe-plugin-hackernews.plugin: [TRACE] GetConfig.initialise complete: RetryConfig: , IgnoreConfig:
2022-10-18 06:38:31.615 UTC [TRACE] steampipe-plugin-hackernews.plugin: [TRACE] t.List.initialise
2022-10-18 06:38:31.615 UTC [TRACE] steampipe-plugin-hackernews.plugin: [TRACE] ListConfig.initialise table hackernews_ask_hn
2022-10-18 06:38:31.615 UTC [TRACE] steampipe-plugin-hackernews.plugin: [TRACE] ListConfig.initialise complete: RetryConfig: , IgnoreConfig
2022-10-18 06:38:31.615 UTC [TRACE] steampipe-plugin-hackernews.plugin: [TRACE] HydrateConfig.initialise func getItem, table hackernews_ask_hn
2022-10-18 06:38:31.615 UTC [TRACE] steampipe-plugin-hackernews.plugin: [TRACE] HydrateConfig.initialise complete: RetryConfig: , IgnoreConfig:
2022-10-18 06:38:31.615 UTC [TRACE] steampipe-plugin-hackernews.plugin: [TRACE] back from initialiseHydrateConfigs
2022-10-18 06:38:31.615 UTC [TRACE] steampipe-plugin-hackernews.plugin: [TRACE] initialise table hackernews_ask_hn COMPLETE
2022-10-18 06:38:31.615 UTC [TRACE] steampipe-plugin-hackernews.plugin: [TRACE] initialise table hackernews_best
2022-10-18 06:38:31.615 UTC [TRACE] steampipe-plugin-hackernews.plugin: [TRACE] no DefaultRetryConfig defined - creating empty
2022-10-18 06:38:31.615 UTC [TRACE] steampipe-plugin-hackernews.plugin: [TRACE] no DefaultIgnoreConfig defined - creating empty
2022-10-18 06:38:31.615 UTC [TRACE] steampipe-plugin-hackernews.plugin: [TRACE] apply plugin defaults for DefaultRetryConfig
2022-10-18 06:38:31.615 UTC [TRACE] steampipe-plugin-hackernews.plugin: [TRACE] apply plugin defaults for DefaultIgnoreConfig, table &{<nil> <nil>} plugin &{<nil> <nil>}
2022-10-18 06:38:31.615 UTC [TRACE] steampipe-plugin-hackernews.plugin: [TRACE] DefaultRetryConfig:
2022-10-18 06:38:31.615 UTC [TRACE] steampipe-plugin-hackernews.plugin: [TRACE] DefaultIgnoreConfig:
2022-10-18 06:38:31.615 UTC [TRACE] steampipe-plugin-hackernews.plugin: [TRACE] t.Get.initialise
2022-10-18 06:38:31.615 UTC [TRACE] steampipe-plugin-hackernews.plugin: [TRACE] GetConfig.initialise table hackernews_best
2022-10-18 06:38:31.615 UTC [TRACE] steampipe-plugin-hackernews.plugin: [TRACE] GetConfig.initialise complete: RetryConfig: , IgnoreConfig:
2022-10-18 06:38:31.615 UTC [TRACE] steampipe-plugin-hackernews.plugin: [TRACE] t.List.initialise
2022-10-18 06:38:31.615 UTC [TRACE] steampipe-plugin-hackernews.plugin: [TRACE] ListConfig.initialise table hackernews_best
2022-10-18 06:38:31.615 UTC [TRACE] steampipe-plugin-hackernews.plugin: [TRACE] ListConfig.initialise complete: RetryConfig: , IgnoreConfig
2022-10-18 06:38:31.615 UTC [TRACE] steampipe-plugin-hackernews.plugin: [TRACE] HydrateConfig.initialise func getItem, table hackernews_best
2022-10-18 06:38:31.615 UTC [TRACE] steampipe-plugin-hackernews.plugin: [TRACE] HydrateConfig.initialise complete: RetryConfig: , IgnoreConfig:
2022-10-18 06:38:31.615 UTC [TRACE] steampipe-plugin-hackernews.plugin: [TRACE] back from initialiseHydrateConfigs
2022-10-18 06:38:31.615 UTC [TRACE] steampipe-plugin-hackernews.plugin: [TRACE] initialise table hackernews_best COMPLETE
2022-10-18 06:38:31.615 UTC [TRACE] steampipe-plugin-hackernews.plugin: [TRACE] initialise table hackernews_item
2022-10-18 06:38:31.615 UTC [TRACE] steampipe-plugin-hackernews.plugin: [TRACE] no DefaultRetryConfig defined - creating empty
2022-10-18 06:38:31.615 UTC [TRACE] steampipe-plugin-hackernews.plugin: [TRACE] no DefaultIgnoreConfig defined - creating empty
2022-10-18 06:38:31.615 UTC [TRACE] steampipe-plugin-hackernews.plugin: [TRACE] apply plugin defaults for DefaultRetryConfig
2022-10-18 06:38:31.615 UTC [TRACE] steampipe-plugin-hackernews.plugin: [TRACE] apply plugin defaults for DefaultIgnoreConfig, table &{<nil> <nil>} plugin &{<nil> <nil>}
2022-10-18 06:38:31.615 UTC [TRACE] steampipe-plugin-hackernews.plugin: [TRACE] DefaultRetryConfig:
2022-10-18 06:38:31.615 UTC [TRACE] steampipe-plugin-hackernews.plugin: [TRACE] DefaultIgnoreConfig:
2022-10-18 06:38:31.615 UTC [TRACE] steampipe-plugin-hackernews.plugin: [TRACE] t.Get.initialise
2022-10-18 06:38:31.615 UTC [TRACE] steampipe-plugin-hackernews.plugin: [TRACE] GetConfig.initialise table hackernews_item
2022-10-18 06:38:31.615 UTC [TRACE] steampipe-plugin-hackernews.plugin: [TRACE] GetConfig.initialise complete: RetryConfig: , IgnoreConfig:
2022-10-18 06:38:31.615 UTC [TRACE] steampipe-plugin-hackernews.plugin: [TRACE] t.List.initialise
2022-10-18 06:38:31.615 UTC [TRACE] steampipe-plugin-hackernews.plugin: [TRACE] ListConfig.initialise table hackernews_item
2022-10-18 06:38:31.615 UTC [TRACE] steampipe-plugin-hackernews.plugin: [TRACE] ListConfig.initialise complete: RetryConfig: , IgnoreConfig
2022-10-18 06:38:31.615 UTC [TRACE] steampipe-plugin-hackernews.plugin: [TRACE] HydrateConfig.initialise func getItem, table hackernews_item
2022-10-18 06:38:31.615 UTC [TRACE] steampipe-plugin-hackernews.plugin: [TRACE] HydrateConfig.initialise complete: RetryConfig: , IgnoreConfig:
2022-10-18 06:38:31.615 UTC [TRACE] steampipe-plugin-hackernews.plugin: [TRACE] back from initialiseHydrateConfigs
2022-10-18 06:38:31.615 UTC [TRACE] steampipe-plugin-hackernews.plugin: [TRACE] initialise table hackernews_item COMPLETE
2022-10-18 06:38:31.615 UTC [TRACE] steampipe-plugin-hackernews.plugin: [TRACE] initialise table hackernews_job
2022-10-18 06:38:31.615 UTC [TRACE] steampipe-plugin-hackernews.plugin: [TRACE] no DefaultRetryConfig defined - creating empty
2022-10-18 06:38:31.615 UTC [TRACE] steampipe-plugin-hackernews.plugin: [TRACE] no DefaultIgnoreConfig defined - creating empty
2022-10-18 06:38:31.615 UTC [TRACE] steampipe-plugin-hackernews.plugin: [TRACE] apply plugin defaults for DefaultRetryConfig
2022-10-18 06:38:31.615 UTC [TRACE] steampipe-plugin-hackernews.plugin: [TRACE] apply plugin defaults for DefaultIgnoreConfig, table &{<nil> <nil>} plugin &{<nil> <nil>}
2022-10-18 06:38:31.615 UTC [TRACE] steampipe-plugin-hackernews.plugin: [TRACE] DefaultRetryConfig:
2022-10-18 06:38:31.615 UTC [TRACE] steampipe-plugin-hackernews.plugin: [TRACE] DefaultIgnoreConfig:
2022-10-18 06:38:31.615 UTC [TRACE] steampipe-plugin-hackernews.plugin: [TRACE] t.Get.initialise
2022-10-18 06:38:31.615 UTC [TRACE] steampipe-plugin-hackernews.plugin: [TRACE] GetConfig.initialise table hackernews_job
2022-10-18 06:38:31.615 UTC [TRACE] steampipe-plugin-hackernews.plugin: [TRACE] GetConfig.initialise complete: RetryConfig: , IgnoreConfig:
2022-10-18 06:38:31.615 UTC [TRACE] steampipe-plugin-hackernews.plugin: [TRACE] t.List.initialise
2022-10-18 06:38:31.615 UTC [TRACE] steampipe-plugin-hackernews.plugin: [TRACE] ListConfig.initialise table hackernews_job
2022-10-18 06:38:31.615 UTC [TRACE] steampipe-plugin-hackernews.plugin: [TRACE] ListConfig.initialise complete: RetryConfig: , IgnoreConfig
2022-10-18 06:38:31.615 UTC [TRACE] steampipe-plugin-hackernews.plugin: [TRACE] HydrateConfig.initialise func getItem, table hackernews_job
2022-10-18 06:38:31.615 UTC [TRACE] steampipe-plugin-hackernews.plugin: [TRACE] HydrateConfig.initialise complete: RetryConfig: , IgnoreConfig:
2022-10-18 06:38:31.615 UTC [TRACE] steampipe-plugin-hackernews.plugin: [TRACE] back from initialiseHydrateConfigs
2022-10-18 06:38:31.615 UTC [TRACE] steampipe-plugin-hackernews.plugin: [TRACE] initialise table hackernews_job COMPLETE
2022-10-18 06:38:31.615 UTC [TRACE] steampipe-plugin-hackernews.plugin: [TRACE] initialise table hackernews_new
2022-10-18 06:38:31.615 UTC [TRACE] steampipe-plugin-hackernews.plugin: [TRACE] no DefaultRetryConfig defined - creating empty
2022-10-18 06:38:31.615 UTC [TRACE] steampipe-plugin-hackernews.plugin: [TRACE] no DefaultIgnoreConfig defined - creating empty
2022-10-18 06:38:31.615 UTC [TRACE] steampipe-plugin-hackernews.plugin: [TRACE] apply plugin defaults for DefaultRetryConfig
2022-10-18 06:38:31.615 UTC [TRACE] steampipe-plugin-hackernews.plugin: [TRACE] apply plugin defaults for DefaultIgnoreConfig, table &{<nil> <nil>} plugin &{<nil> <nil>}
2022-10-18 06:38:31.615 UTC [TRACE] steampipe-plugin-hackernews.plugin: [TRACE] DefaultRetryConfig:
2022-10-18 06:38:31.615 UTC [TRACE] steampipe-plugin-hackernews.plugin: [TRACE] DefaultIgnoreConfig:
2022-10-18 06:38:31.615 UTC [TRACE] steampipe-plugin-hackernews.plugin: [TRACE] t.Get.initialise
2022-10-18 06:38:31.615 UTC [TRACE] steampipe-plugin-hackernews.plugin: [TRACE] GetConfig.initialise table hackernews_new
2022-10-18 06:38:31.615 UTC [TRACE] steampipe-plugin-hackernews.plugin: [TRACE] GetConfig.initialise complete: RetryConfig: , IgnoreConfig:
2022-10-18 06:38:31.615 UTC [TRACE] steampipe-plugin-hackernews.plugin: [TRACE] t.List.initialise
2022-10-18 06:38:31.615 UTC [TRACE] steampipe-plugin-hackernews.plugin: [TRACE] ListConfig.initialise table hackernews_new
2022-10-18 06:38:31.615 UTC [TRACE] steampipe-plugin-hackernews.plugin: [TRACE] ListConfig.initialise complete: RetryConfig: , IgnoreConfig
2022-10-18 06:38:31.615 UTC [TRACE] steampipe-plugin-hackernews.plugin: [TRACE] HydrateConfig.initialise func getItem, table hackernews_new
2022-10-18 06:38:31.615 UTC [TRACE] steampipe-plugin-hackernews.plugin: [TRACE] HydrateConfig.initialise complete: RetryConfig: , IgnoreConfig:
2022-10-18 06:38:31.615 UTC [TRACE] steampipe-plugin-hackernews.plugin: [TRACE] back from initialiseHydrateConfigs
2022-10-18 06:38:31.615 UTC [TRACE] steampipe-plugin-hackernews.plugin: [TRACE] initialise table hackernews_new COMPLETE
2022-10-18 06:38:31.615 UTC [TRACE] steampipe-plugin-hackernews.plugin: [TRACE] validate plugin steampipe-plugin-hackernews, required columns []
2022-10-18 06:38:31.615 UTC [TRACE] steampipe-plugin-hackernews.plugin: [TRACE] validate DefaultRetryConfig
2022-10-18 06:38:31.615 UTC [TRACE] steampipe-plugin-hackernews.plugin: [TRACE] validate DefaultIgnoreConfig
2022-10-18 06:38:31.615 UTC [TRACE] steampipe-plugin-hackernews.plugin: [TRACE] validate table names
2022-10-18 06:38:31.615 UTC [TRACE] steampipe-plugin-hackernews.plugin: [TRACE] plugin has 0 validation errors
2022-10-18 06:38:31.615 UTC [TRACE] steampipe-plugin-hackernews.plugin: [TRACE] Plugin ensureCache creating cache, maxCacheStorageMb 0
2022-10-18 06:38:31.615 UTC [TRACE] steampipe-plugin-hackernews.plugin: [TRACE] createCacheStore for plugin 'steampipe-plugin-hackernews' setting max size to 0Mb, Shards: 2, max shard size: 0
2022-10-18 06:38:31.631 UTC [INFO]  steampipe-plugin-hackernews.plugin: [INFO]  query cache created
2022-10-18 06:38:31.631 UTC [DEBUG] steampipe-plugin-hackernews.plugin: [DEBUG] SetAllConnectionConfigs finished
2022-10-18 06:38:31.631 UTC [TRACE] PluginManager getPlugin complete, returning reattach config with PID: 2120
2022-10-18 06:38:31.631 UTC [TRACE] PluginManager Get returning reattach_map:{key:"hackernews" value:{protocol:"grpc" addr:{Network:"unix" Address:"/tmp/plugin4190513046"} pid:2120 supported_operations:{query_cache:true multiple_connections:true} connections:"hackernews" plugin:"hub.steampipe.io/plugins/turbot/hackernews@latest"}}
2022-10-18 06:38:31.637 UTC [INFO]  steampipe-plugin-hackernews.plugin: [INFO]  1666075111195: Plugin Execute (1666075111195)
2022-10-18 06:38:31.637 UTC [TRACE] steampipe-plugin-hackernews.plugin: [TRACE] 1666075111195: No memory limit set
2022-10-18 06:38:31.637 UTC [INFO]  steampipe-plugin-hackernews.plugin: [INFO]  1666075111195: Plugin Execute, setting memory limit to -1Mb
2022-10-18 06:38:31.637 UTC [TRACE] steampipe-plugin-hackernews.plugin: [TRACE] 1666075111195: calling ExtractContextFromCarrier
2022-10-18 06:38:31.637 UTC [INFO]  steampipe-plugin-hackernews.plugin: [INFO]  1666075111195: Setting max concurrent connections to 25
2022-10-18 06:38:31.637 UTC [TRACE] steampipe-plugin-hackernews.plugin: [TRACE] 1666075111195: executeForConnection callId: 1666075111195, connectionCallId: hackernews-1666075111195, connection: hackernews table: hackernews_new cols: id,title,time,by,score,dead,deleted,descendants,kids,parent,parts,poll,text,type,url,_ctx
2022-10-18 06:38:31.637 UTC [TRACE] steampipe-plugin-hackernews.plugin: [TRACE] 1666075111195: got connection data
2022-10-18 06:38:31.637 UTC [TRACE] steampipe-plugin-hackernews.plugin: [TRACE] 1666075111195: Got query context, table: hackernews_new, cols: [id title time by score dead deleted descendants kids parent parts poll text type url _ctx]
2022-10-18 06:38:31.637 UTC [TRACE] steampipe-plugin-hackernews.plugin: [TRACE] 1666075111195: Start execute span
2022-10-18 06:38:31.637 UTC [INFO]  steampipe-plugin-hackernews.plugin: [INFO]  1666075111195: Setting free memory interval to 100 rows
2022-10-18 06:38:31.640 UTC [TRACE] steampipe-plugin-hackernews.plugin: [TRACE] 1666075111195: setFetchType map[time:quals:{fieldName:"time"  string_value:">"  value:{timestamp_value:{seconds:1666071511  nanos:580108000}}}]
2022-10-18 06:38:31.640 UTC [TRACE] steampipe-plugin-hackernews.plugin: [TRACE] 1666075111195: getMatchingQuals column:'id' operator: =
2022-10-18 06:38:31.640 UTC [TRACE] steampipe-plugin-hackernews.plugin: [TRACE] 1666075111195: getMatchingQuals returning false - qualMap does not contain any quals for column id
2022-10-18 06:38:31.640 UTC [TRACE] steampipe-plugin-hackernews.plugin: [TRACE] 1666075111195: GetUnsatisfiedKeyColumns for columns column:'id' operator: =
2022-10-18 06:38:31.640 UTC [TRACE] steampipe-plugin-hackernews.plugin: [TRACE] 1666075111195: key column NOT satisfied column:'id' operator: =
2022-10-18 06:38:31.640 UTC [TRACE] steampipe-plugin-hackernews.plugin: [TRACE] 1666075111195: satisfied: map[any_of: optional: required:]
2022-10-18 06:38:31.640 UTC [TRACE] steampipe-plugin-hackernews.plugin: [TRACE] 1666075111195: unsatisfied: map[any_of: optional: required:column:'id' operator: =]
2022-10-18 06:38:31.641 UTC [TRACE] steampipe-plugin-hackernews.plugin: [TRACE] 1666075111195: unsatisfied required KeyColumns: column:'id' operator: =
2022-10-18 06:38:31.641 UTC [TRACE] steampipe-plugin-hackernews.plugin: [TRACE] 1666075111195: Set fetchType to fetchTypeList
2022-10-18 06:38:31.641 UTC [TRACE] steampipe-plugin-hackernews.plugin: [TRACE] 1666075111195: Equals key column quals:
2022-10-18 06:38:31.641 UTC [DEBUG] steampipe-plugin-hackernews.plugin: {}
2022-10-18 06:38:31.641 UTC [TRACE] steampipe-plugin-hackernews.plugin: [TRACE] 1666075111195: All key column quals:
2022-10-18 06:38:31.641 UTC [DEBUG] steampipe-plugin-hackernews.plugin: {}
2022-10-18 06:38:31.641 UTC [TRACE] steampipe-plugin-hackernews.plugin: [TRACE] 1666075111195: GetMatrixItem
2022-10-18 06:38:31.641 UTC [TRACE] steampipe-plugin-hackernews.plugin: [TRACE] 1666075111195: creating query data
2022-10-18 06:38:31.641 UTC [INFO]  steampipe-plugin-hackernews.plugin: [INFO]  1666075111195: cacheEnabled, trying cache get (hackernews-1666075111195)
2022-10-18 06:38:31.641 UTC [TRACE] steampipe-plugin-hackernews.plugin: [TRACE] 1666075111195: QueryCache Get - indexBucketKey index__hackernewshackernews_new, quals
2022-10-18 06:38:31.641 UTC [TRACE] steampipe-plugin-hackernews.plugin: [TRACE] 1666075111195: QueryCache getCachedQueryResult - table hackernews_new, connectionName hackernews
2022-10-18 06:38:31.641 UTC [TRACE] steampipe-plugin-hackernews.plugin: [TRACE] 1666075111195: index bucket key: index__hackernewshackernews_new ttlSeconds 300 limit: -1
2022-10-18 06:38:31.641 UTC [TRACE] steampipe-plugin-hackernews.plugin: [TRACE] 1666075111195: doGet cache miss
2022-10-18 06:38:31.641 UTC [TRACE] steampipe-plugin-hackernews.plugin: [TRACE] 1666075111195: getCachedIndexBucket - no item retrieved for cache key index__hackernewshackernews_new
2022-10-18 06:38:31.641 UTC [TRACE] steampipe-plugin-hackernews.plugin: [TRACE] 1666075111195: getCachedQueryResult returned CACHE MISS - checking for pending transfers
2022-10-18 06:38:31.641 UTC [TRACE] steampipe-plugin-hackernews.plugin: [TRACE] 1666075111195: getPendingResultItem indexBucketKey index__hackernewshackernews_new, columns [id title time by score dead deleted descendants kids parent parts poll text type url _ctx], limit -1
2022-10-18 06:38:31.641 UTC [TRACE] steampipe-plugin-hackernews.plugin: [TRACE] 1666075111195: no pending index item - add pending result, indexBucketKey index__hackernewshackernews_new
2022-10-18 06:38:31.641 UTC [TRACE] steampipe-plugin-hackernews.plugin: [TRACE] 1666075111195: addPendingResult (hackernews-1666075111195) indexBucketKey index__hackernewshackernews_new, columns [id title time by score dead deleted descendants kids parent parts poll text type url _ctx], limit -1
2022-10-18 06:38:31.641 UTC [TRACE] steampipe-plugin-hackernews.plugin: [TRACE] 1666075111195: no index bucket found - creating one
2022-10-18 06:38:31.641 UTC [TRACE] steampipe-plugin-hackernews.plugin: [TRACE] 1666075111195: pendingIndexItem Lock count before 0
2022-10-18 06:38:31.641 UTC [TRACE] steampipe-plugin-hackernews.plugin: [TRACE] 1666075111195: addPendingResult added pending index item to bucket, (hackernews-1666075111195) indexBucketKey index__hackernewshackernews_new, resultKeyRoot hackernewshackernews_newid,title,time,by,score,dead,deleted,descendants,kids,parent,parts,poll,text,type,url,_ctx-1, pending item : 0xc0003e7620
2022-10-18 06:38:31.641 UTC [TRACE] steampipe-plugin-hackernews.plugin: [TRACE] 1666075111195: **** pending items (hackernews-1666075111195)****
2022-10-18 06:38:31.641 UTC [TRACE] steampipe-plugin-hackernews.plugin: [TRACE] 1666075111195: key: index__hackernewshackernews_new: item: 0xc0003e7620, count: 1, key:hackernewshackernews_newid,title,time,by,score,dead,deleted,descendants,kids,parent,parts,poll,text,type,url,_ctx-1
2022-10-18 06:38:31.641 UTC [TRACE] steampipe-plugin-hackernews.plugin: [TRACE] 1666075111195: ********
2022-10-18 06:38:31.641 UTC [TRACE] steampipe-plugin-hackernews.plugin: [TRACE] 1666075111195: getPendingResultItem returning <nil>
2022-10-18 06:38:31.641 UTC [INFO]  steampipe-plugin-hackernews.plugin: [INFO]  1666075111195: CACHE MISS
2022-10-18 06:38:31.641 UTC [TRACE] steampipe-plugin-hackernews.plugin: [TRACE] 1666075111195: cache MISS
2022-10-18 06:38:31.641 UTC [INFO]  steampipe-plugin-hackernews.plugin: [INFO]  1666075111195: queryCacheGet returned CACHE MISS (hackernews-1666075111195)
2022-10-18 06:38:31.641 UTC [TRACE] steampipe-plugin-hackernews.plugin: [TRACE] 1666075111195: StartSet (hackernews-1666075111195)
2022-10-18 06:38:31.641 UTC [TRACE] steampipe-plugin-hackernews.plugin: [TRACE] 1666075111195: calling fetchItems, table: hackernews_new, matrixItem: [], limit: -1,  connectionCallId: hackernews-1666075111195"
2022-10-18 06:38:31.641 UTC [TRACE] steampipe-plugin-hackernews.plugin: [TRACE] 1666075111195: buildRowsAsync connectionCallId: hackernews-1666075111195
2022-10-18 06:38:31.641 UTC [TRACE] steampipe-plugin-hackernews.plugin: [TRACE] 1666075111195: streamRows connectionCallId: hackernews-1666075111195
2022-10-18 06:38:31.641 UTC [TRACE] steampipe-plugin-hackernews.plugin: [TRACE] 1666075111195: QueryData streamRows (hackernews-1666075111195)
2022-10-18 06:38:31.641 UTC [TRACE] steampipe-plugin-hackernews.plugin: [TRACE] 1666075111195: executeListCall START (hackernews-1666075111195)
2022-10-18 06:38:31.641 UTC [TRACE] steampipe-plugin-hackernews.plugin: [TRACE] 1666075111195: GetUnsatisfiedKeyColumns for columns
2022-10-18 06:38:31.641 UTC [TRACE] steampipe-plugin-hackernews.plugin: [TRACE] 1666075111195: doList (hackernews-1666075111195)
2022-10-18 06:38:31.641 UTC [TRACE] steampipe-plugin-hackernews.plugin: [TRACE] 1666075111195: doList: no matrix item
2022-10-18 06:38:31.819 UTC [TRACE] stdio: received data: channel=STDOUT len=19
2022-10-18 06:38:31.819 UTC [TRACE] stdio: waiting for stdio data
2022-10-18 06:38:31.819 UTC [TRACE] steampipe-plugin-hackernews.plugin: [TRACE] 1666075111195: QueryData.fetchComplete
2022-10-18 06:38:31.819 UTC [TRACE] steampipe-plugin-hackernews.plugin: [TRACE] 1666075111195: executeListCall COMPLETE (hackernews-1666075111195)
2022-10-18 06:38:31.819 UTC [TRACE] steampipe-plugin-hackernews.plugin: [TRACE] 1666075111195: rowData chan returned nil - wait for rows to complete (hackernews-1666075111195)
2022-10-18 06:38:31.977 UTC [TRACE] stdio: received data: channel=STDOUT len=761
2022-10-18 06:38:31.977 UTC [TRACE] stdio: waiting for stdio data
2022-10-18 06:38:32.025 UTC [TRACE] stdio: received data: channel=STDOUT len=757
2022-10-18 06:38:32.025 UTC [TRACE] stdio: waiting for stdio data
2022-10-18 06:38:32.063 UTC [TRACE] stdio: received data: channel=STDOUT len=1024
2022-10-18 06:38:32.063 UTC [TRACE] stdio: waiting for stdio data
2022-10-18 06:38:32.126 UTC [TRACE] stdio: received data: channel=STDOUT len=406
2022-10-18 06:38:32.126 UTC [TRACE] stdio: waiting for stdio data
2022-10-18 06:38:32.156 UTC [TRACE] stdio: received data: channel=STDOUT len=1024
2022-10-18 06:38:32.156 UTC [TRACE] stdio: waiting for stdio data
2022-10-18 06:38:32.192 UTC [TRACE] stdio: received data: channel=STDOUT len=11
2022-10-18 06:38:32.192 UTC [TRACE] stdio: waiting for stdio data
2022-10-18 06:38:32.199 UTC [TRACE] steampipe-plugin-hackernews.plugin: [TRACE] 1666075111195: buildRowsAsync goroutine returning (hackernews-1666075111195)
2022-10-18 06:38:32.199 UTC [TRACE] steampipe-plugin-hackernews.plugin: [TRACE] 1666075111195: streamRows - nil row, stop streaming (hackernews-1666075111195)
2022-10-18 06:38:32.199 UTC [TRACE] steampipe-plugin-hackernews.plugin: [TRACE] 1666075111195: ------------------------------------
2022-10-18 06:38:32.199 UTC [TRACE] steampipe-plugin-hackernews.plugin: [TRACE] 1666075111195: Concurrency Summary
2022-10-18 06:38:32.200 UTC [TRACE] steampipe-plugin-hackernews.plugin: [TRACE] 1666075111195: ------------------------------------
2022-10-18 06:38:32.200 UTC [TRACE] steampipe-plugin-hackernews.plugin: [TRACE] 1666075111195: getItem                       : 200
2022-10-18 06:38:32.200 UTC [TRACE] steampipe-plugin-hackernews.plugin: [TRACE] 1666075111195: ------------------------------------
2022-10-18 06:38:32.200 UTC [TRACE] steampipe-plugin-hackernews.plugin: [TRACE] 1666075111195: Total                         : 200
2022-10-18 06:38:32.200 UTC [TRACE] steampipe-plugin-hackernews.plugin: [TRACE] 1666075111195: ------------------------------------
2022-10-18 06:38:32.200 UTC [TRACE] steampipe-plugin-hackernews.plugin: [TRACE] 1666075111195: QueryData streamRows DONE (hackernews-1666075111195)
2022-10-18 06:38:32.200 UTC [TRACE] steampipe-plugin-hackernews.plugin: [TRACE] 1666075111195: EndSet (hackernews-1666075111195) table hackernews_new
2022-10-18 06:38:32.200 UTC [TRACE] steampipe-plugin-hackernews.plugin: [TRACE] 1666075111195: QueryCache writePageToCache: 500 rows, pageCount 1, page key hackernewshackernews_newid,title,time,by,score,dead,deleted,descendants,kids,parent,parts,poll,text,type,url,_ctx-1-0
2022-10-18 06:38:32.209 UTC [TRACE] steampipe-plugin-hackernews.plugin: [TRACE] 1666075111195: writePageToCache Set - result written
2022-10-18 06:38:32.209 UTC [TRACE] steampipe-plugin-hackernews.plugin: [TRACE] 1666075111195: QueryCache EndSet - result written
2022-10-18 06:38:32.210 UTC [TRACE] steampipe-plugin-hackernews.plugin: [TRACE] 1666075111195: doGet cache miss
2022-10-18 06:38:32.210 UTC [TRACE] steampipe-plugin-hackernews.plugin: [TRACE] 1666075111195: getCachedIndexBucket - no item retrieved for cache key index__hackernewshackernews_new
2022-10-18 06:38:32.210 UTC [TRACE] steampipe-plugin-hackernews.plugin: [TRACE] 1666075111195: getCachedIndexBucket returned cache miss
2022-10-18 06:38:32.210 UTC [TRACE] steampipe-plugin-hackernews.plugin: [TRACE] 1666075111195: QueryCache EndSet - Added index item (0xc01a2458c0) to bucket (0xc01a181038), page count 1,  key root hackernewshackernews_newid,title,time,by,score,dead,deleted,descendants,kids,parent,parts,poll,text,type,url,_ctx-1
2022-10-18 06:38:32.210 UTC [TRACE] steampipe-plugin-hackernews.plugin: [TRACE] 1666075111195: cacheSetIndexBucket index__hackernewshackernews_new
2022-10-18 06:38:32.210 UTC [TRACE] steampipe-plugin-hackernews.plugin: [TRACE] 1666075111195: QueryCache EndSet - IndexBucket written
2022-10-18 06:38:32.210 UTC [TRACE] steampipe-plugin-hackernews.plugin: [TRACE] 1666075111195: EndSet DEFER (hackernews-1666075111195) table hackernews_new
2022-10-18 06:38:32.210 UTC [TRACE] steampipe-plugin-hackernews.plugin: [TRACE] 1666075111195: calling pendingItemComplete (hackernews-1666075111195)
2022-10-18 06:38:32.210 UTC [TRACE] steampipe-plugin-hackernews.plugin: [TRACE] 1666075111195: pendingItemComplete (hackernews-1666075111195) indexBucketKey index__hackernewshackernews_new, columns [id title time by score dead deleted descendants kids parent parts poll text type url _ctx], limit -1
2022-10-18 06:38:32.210 UTC [TRACE] steampipe-plugin-hackernews.plugin: [TRACE] 1666075111195: got pending index bucket, (hackernews-1666075111195) len 1
2022-10-18 06:38:32.210 UTC [TRACE] steampipe-plugin-hackernews.plugin: [TRACE] 1666075111195: SatisfiesLimit limit -1, no item limit - satisfied
2022-10-18 06:38:32.210 UTC [TRACE] steampipe-plugin-hackernews.plugin: [TRACE] 1666075111195: found pending index item to satisfy columns id,title,time,by,score,dead,deleted,descendants,kids,parent,parts,poll,text,type,url,_ctx, limit -1
2022-10-18 06:38:32.210 UTC [TRACE] steampipe-plugin-hackernews.plugin: [TRACE] 1666075111195: found completed pending item (hackernews-1666075111195) 0xc0003e7620, key hackernewshackernews_newid,title,time,by,score,dead,deleted,descendants,kids,parent,parts,poll,text,type,url,_ctx-1 - removing from map as it is complete
2022-10-18 06:38:32.210 UTC [TRACE] steampipe-plugin-hackernews.plugin: [TRACE] 1666075111195: pendingIndexItem Unlock count before 1 key hackernewshackernews_newid,title,time,by,score,dead,deleted,descendants,kids,parent,parts,poll,text,type,url,_ctx-1
2022-10-18 06:38:32.210 UTC [TRACE] steampipe-plugin-hackernews.plugin: [TRACE] 1666075111195: deleted from pending, (hackernews-1666075111195) len 0
2022-10-18 06:38:32.210 UTC [TRACE] steampipe-plugin-hackernews.plugin: [TRACE] 1666075111195: pending bucket now empty - deleting key index__hackernewshackernews_new
2022-10-18 06:38:32.210 UTC [TRACE] steampipe-plugin-hackernews.plugin: [TRACE] 1666075111195: pendingItemComplete done (hackernews-1666075111195)
2022-10-18 06:38:32.210 UTC [TRACE] steampipe-plugin-hackernews.plugin: [TRACE] 1666075111195: cache set succeeded
2022-10-18 06:38:32.210 UTC [TRACE] steampipe-plugin-hackernews.plugin: [TRACE] 1666075111195: End execute span
2022-10-18 06:38:32.210 UTC [TRACE] steampipe-plugin-hackernews.plugin: [TRACE] 1666075111195: executeForConnection DEFER (hackernews-1666075111195)
2022-10-18 06:38:32.210 UTC [TRACE] steampipe-plugin-hackernews.plugin: [TRACE] 1666075111195: Execute complete callId: hackernews-1666075111195 table: hackernews_new
2022-10-18 06:38:32.210 UTC [TRACE] steampipe-plugin-hackernews.plugin: [TRACE] 1666075111195: executeForConnection hackernews returned
2022-10-18 06:38:32.210 UTC [TRACE] steampipe-plugin-hackernews.plugin: [TRACE] 1666075111195: output wg complete - send nil row
2022-10-18 06:38:32.210 UTC [TRACE] steampipe-plugin-hackernews.plugin: [TRACE] 1666075111195: empty row on output channel - we are done
2022-10-18 06:38:32.210 UTC [INFO]  steampipe-plugin-hackernews.plugin: [INFO]  1666075111195: Plugin Execute complete (1666075111195)
2022-10-18 06:38:32.211 UTC [TRACE] stdio: received data: channel=STDOUT len=814
2022-10-18 06:38:32.211 UTC [TRACE] stdio: waiting for stdio data
2022-10-18 06:38:32.296 UTC [TRACE] PluginManager Shutdown
2022-10-18 06:38:32.297 UTC [TRACE] killing plugin csv (2097)
2022-10-18 06:38:32.298 UTC [TRACE] steampipe-plugin-csv.plugin: [TRACE] FLUSHING instrumentation
2022-10-18 06:38:32.298 UTC [TRACE] steampipe-plugin-csv.plugin: [TRACE] Shutdown instrumentation
2022-10-18 06:38:32.298 UTC [DEBUG] stdio: received EOF, stopping recv loop: err="rpc error: code = Unavailable desc = error reading from server: EOF"
2022-10-18 06:38:32.298 UTC [INFO]  plugin process exited: path=/home/runner/.steampipe/plugins/hub.steampipe.io/plugins/turbot/csv@latest/steampipe-plugin-csv.plugin pid=2097
2022-10-18 06:38:32.298 UTC [DEBUG] plugin exited
2022-10-18 06:38:32.298 UTC [TRACE] killing plugin hackernews (2120)
2022-10-18 06:38:32.299 UTC [TRACE] steampipe-plugin-hackernews.plugin: [TRACE] 1666075111195: FLUSHING instrumentation
2022-10-18 06:38:32.299 UTC [TRACE] steampipe-plugin-hackernews.plugin: [TRACE] 1666075111195: Shutdown instrumentation
2022-10-18 06:38:32.299 UTC [DEBUG] stdio: received EOF, stopping recv loop: err="rpc error: code = Unavailable desc = error reading from server: EOF"
2022-10-18 06:38:32.302 UTC [INFO]  plugin process exited: path=/home/runner/.steampipe/plugins/hub.steampipe.io/plugins/turbot/hackernews@latest/steampipe-plugin-hackernews.plugin pid=2120
2022-10-18 06:38:32.302 UTC [DEBUG] plugin exited
2022-10-18 06:38:36.027 UTC [WARN]  PluginManager setPluginCacheSizeMap: 4 connections.
2022-10-18 06:38:36.027 UTC [WARN]  Total cache size 0Mb
2022-10-18 06:38:36.096 UTC [WARN]  plugin configured with a nil SecureConfig
2022-10-18 06:38:36.377 UTC [WARN]  steampipe-plugin-csv.plugin: [WARN]  1666075116661: getKeyColumnsForTable found no schema for table '/home/runner/work/steampipe-samples/steampipe-samples/all/hackernews/hn.csv'
2022-10-18 06:38:58.636 UTC [WARN]  PluginManager setPluginCacheSizeMap: 4 connections.
2022-10-18 06:38:58.636 UTC [WARN]  Total cache size 0Mb
2022-10-18 06:38:58.705 UTC [WARN]  plugin configured with a nil SecureConfig
2022-10-18 06:38:58.895 UTC [WARN]  steampipe-plugin-csv.plugin: [WARN]  166607513850: getKeyColumnsForTable found no schema for table '/home/runner/work/steampipe-samples/steampipe-samples/all/hackernews/hn.csv'
2022-10-18 06:39:20.998 UTC [WARN]  PluginManager setPluginCacheSizeMap: 4 connections.
2022-10-18 06:39:20.998 UTC [WARN]  Total cache size 0Mb
2022-10-18 06:39:21.067 UTC [WARN]  plugin configured with a nil SecureConfig
2022-10-18 06:39:22.301 UTC [WARN]  PluginManager setPluginCacheSizeMap: 4 connections.
2022-10-18 06:39:22.301 UTC [WARN]  Total cache size 0Mb
2022-10-18 06:39:22.369 UTC [WARN]  plugin configured with a nil SecureConfig
2022-10-18 06:39:23.406 UTC [WARN]  PluginManager setPluginCacheSizeMap: 4 connections.
2022-10-18 06:39:23.406 UTC [WARN]  Total cache size 0Mb
2022-10-18 06:39:23.472 UTC [WARN]  plugin configured with a nil SecureConfig
2022-10-18 06:39:24.327 UTC [WARN]  PluginManager setPluginCacheSizeMap: 4 connections.
2022-10-18 06:39:24.327 UTC [WARN]  Total cache size 0Mb
2022-10-18 06:39:24.394 UTC [WARN]  plugin configured with a nil SecureConfig
2022-10-18 06:39:25.276 UTC [WARN]  PluginManager setPluginCacheSizeMap: 4 connections.
2022-10-18 06:39:25.277 UTC [WARN]  Total cache size 0Mb
2022-10-18 06:39:25.343 UTC [WARN]  plugin configured with a nil SecureConfig
2022-10-18 06:39:26.229 UTC [WARN]  PluginManager setPluginCacheSizeMap: 4 connections.
2022-10-18 06:39:26.229 UTC [WARN]  Total cache size 0Mb
2022-10-18 06:39:26.302 UTC [WARN]  plugin configured with a nil SecureConfig
2022-10-18 06:39:27.160 UTC [WARN]  PluginManager setPluginCacheSizeMap: 4 connections.
2022-10-18 06:39:27.160 UTC [WARN]  Total cache size 0Mb
2022-10-18 06:39:27.227 UTC [WARN]  plugin configured with a nil SecureConfig
2022-10-18 06:39:28.078 UTC [WARN]  PluginManager setPluginCacheSizeMap: 4 connections.
2022-10-18 06:39:28.078 UTC [WARN]  Total cache size 0Mb
2022-10-18 06:39:28.145 UTC [WARN]  plugin configured with a nil SecureConfig
2022-10-18 06:39:28.334 UTC [WARN]  plugin configured with a nil SecureConfig
2022-10-18 06:40:45.483 UTC [WARN]  PluginManager setPluginCacheSizeMap: 4 connections.
2022-10-18 06:40:45.483 UTC [WARN]  Total cache size 0Mb
2022-10-18 06:40:45.551 UTC [WARN]  plugin configured with a nil SecureConfig
2022-10-18 06:40:46.408 UTC [WARN]  PluginManager setPluginCacheSizeMap: 4 connections.
2022-10-18 06:40:46.408 UTC [WARN]  Total cache size 0Mb
2022-10-18 06:40:46.474 UTC [WARN]  plugin configured with a nil SecureConfig
2022-10-18 06:40:46.489 UTC [ERROR] steampipe-plugin-csv.plugin: [ERROR] csv.tableCSV: header_parse_error=EOF path=/home/runner/work/steampipe-samples/steampipe-samples/all/hackernews/new_sc.csv header=[]
2022-10-18 06:40:46.489 UTC [ERROR] steampipe-plugin-csv.plugin: [ERROR] csv.PluginTables: create_table_error="failed to parse file header /home/runner/work/steampipe-samples/steampipe-samples/all/hackernews/new_sc.csv: EOF" path=/home/runner/work/steampipe-samples/steampipe-samples/all/hackernews/new_sc.csv
2022-10-18 06:40:46.489 UTC [WARN]  failed to set connection config: failed to parse file header /home/runner/work/steampipe-samples/steampipe-samples/all/hackernews/new_sc.csv: EOF
2022-10-18 06:40:47.300 UTC [WARN]  PluginManager setPluginCacheSizeMap: 4 connections.
2022-10-18 06:40:47.300 UTC [WARN]  Total cache size 0Mb
2022-10-18 06:40:47.368 UTC [WARN]  plugin configured with a nil SecureConfig
2022-10-18 06:40:47.565 UTC [WARN]  steampipe-plugin-csv.plugin: [WARN]  1666075247188: getKeyColumnsForTable found no schema for table '/home/runner/work/steampipe-samples/steampipe-samples/all/hackernews/new_sc.csv'
2022-10-18 06:40:50.808 UTC [WARN]  PluginManager setPluginCacheSizeMap: 4 connections.
2022-10-18 06:40:50.808 UTC [WARN]  Total cache size 0Mb
2022-10-18 06:40:50.883 UTC [WARN]  plugin configured with a nil SecureConfig
2022-10-18 06:40:51.713 UTC [WARN]  PluginManager setPluginCacheSizeMap: 4 connections.
2022-10-18 06:40:51.713 UTC [WARN]  Total cache size 0Mb
2022-10-18 06:40:51.780 UTC [WARN]  plugin configured with a nil SecureConfig
2022-10-18 06:40:52.618 UTC [WARN]  PluginManager setPluginCacheSizeMap: 4 connections.
2022-10-18 06:40:52.618 UTC [WARN]  Total cache size 0Mb
2022-10-18 06:40:52.684 UTC [WARN]  plugin configured with a nil SecureConfig
2022-10-18 06:40:53.523 UTC [WARN]  PluginManager setPluginCacheSizeMap: 4 connections.
2022-10-18 06:40:53.523 UTC [WARN]  Total cache size 0Mb
2022-10-18 06:40:53.595 UTC [WARN]  plugin configured with a nil SecureConfig
2022-10-18 06:40:53.610 UTC [ERROR] steampipe-plugin-csv.plugin: [ERROR] csv.tableCSV: header_parse_error=EOF path=/home/runner/work/steampipe-samples/steampipe-samples/all/hackernews/hn_items_all.csv header=[]
2022-10-18 06:40:53.610 UTC [ERROR] steampipe-plugin-csv.plugin: [ERROR] csv.PluginTables: create_table_error="failed to parse file header /home/runner/work/steampipe-samples/steampipe-samples/all/hackernews/hn_items_all.csv: EOF" path=/home/runner/work/steampipe-samples/steampipe-samples/all/hackernews/hn_items_all.csv
2022-10-18 06:40:53.610 UTC [WARN]  failed to set connection config: failed to parse file header /home/runner/work/steampipe-samples/steampipe-samples/all/hackernews/hn_items_all.csv: EOF
2022-10-18 06:40:54.668 UTC [WARN]  PluginManager setPluginCacheSizeMap: 4 connections.
2022-10-18 06:40:54.668 UTC [WARN]  Total cache size 0Mb
2022-10-18 06:40:54.735 UTC [WARN]  plugin configured with a nil SecureConfig
2022-10-18 06:40:54.751 UTC [ERROR] steampipe-plugin-csv.plugin: [ERROR] csv.tableCSV: header_parse_error=EOF path=/home/runner/work/steampipe-samples/steampipe-samples/all/hackernews/people.csv header=[]
2022-10-18 06:40:54.751 UTC [ERROR] steampipe-plugin-csv.plugin: [ERROR] csv.PluginTables: create_table_error="failed to parse file header /home/runner/work/steampipe-samples/steampipe-samples/all/hackernews/people.csv: EOF" path=/home/runner/work/steampipe-samples/steampipe-samples/all/hackernews/people.csv
2022-10-18 06:40:54.751 UTC [WARN]  failed to set connection config: failed to parse file header /home/runner/work/steampipe-samples/steampipe-samples/all/hackernews/people.csv: EOF
2022-10-18 06:40:54.906 UTC [WARN]  plugin configured with a nil SecureConfig
2022-10-18 06:40:54.946 UTC [WARN]  plugin configured with a nil SecureConfig
