2022-07-08 15:24:41.400 UTC [INFO]  starting plugin manager
2022-07-08 15:24:41.400 UTC [TRACE] loaded config map: hackernews
2022-07-08 15:24:41.400 UTC [INFO]  starting connection watcher
2022-07-08 15:24:41.400 UTC [INFO]  created ConnectionWatcher
2022-07-08 15:24:41.400 UTC [TRACE] about to serve
2022-07-08 15:24:41.465 UTC [TRACE] PluginManager Get, connections: '[]'
2022-07-08 15:24:41.465 UTC [TRACE] PluginManager Get returning
2022-07-08 15:24:41.469 UTC [TRACE] PluginManager Get, connections: '[]'
2022-07-08 15:24:41.469 UTC [TRACE] PluginManager Get returning
2022-07-08 15:24:41.502 UTC [TRACE] handleFileWatcherEvent ignoring first event
2022-07-08 15:24:41.657 UTC [TRACE] PluginManager Get, connections: '[hackernews]'
2022-07-08 15:24:41.657 UTC [TRACE] PluginManager getPlugin connection 'hackernews'
2022-07-08 15:24:41.657 UTC [TRACE] PluginManager 0xc00056d4a0 'hackernews' NOT found in map  - starting
2022-07-08 15:24:41.657 UTC [TRACE] ************ start plugin hackernews ********************
2022-07-08 15:24:41.657 UTC [DEBUG] starting plugin: path=/home/runner/.steampipe/plugins/hub.steampipe.io/plugins/turbot/hackernews@latest/steampipe-plugin-hackernews.plugin args=["/home/runner/.steampipe/plugins/hub.steampipe.io/plugins/turbot/hackernews@latest/steampipe-plugin-hackernews.plugin"]
2022-07-08 15:24:41.658 UTC [DEBUG] plugin started: path=/home/runner/.steampipe/plugins/hub.steampipe.io/plugins/turbot/hackernews@latest/steampipe-plugin-hackernews.plugin pid=1792
2022-07-08 15:24:41.658 UTC [DEBUG] waiting for RPC address: path=/home/runner/.steampipe/plugins/hub.steampipe.io/plugins/turbot/hackernews@latest/steampipe-plugin-hackernews.plugin
2022-07-08 15:24:41.662 UTC [DEBUG] steampipe-plugin-hackernews.plugin: 2022/07/08 15:24:41 [TRACE] Plugin Initialise creating connection manager
2022-07-08 15:24:41.665 UTC [TRACE] steampipe-plugin-hackernews.plugin: [TRACE] Setting Ulimit: ulimit=2560
2022-07-08 15:24:41.666 UTC [DEBUG] steampipe-plugin-hackernews.plugin: plugin address: network=unix address=/tmp/plugin2036329088 timestamp=2022-07-08T15:24:41.666Z
2022-07-08 15:24:41.666 UTC [DEBUG] using plugin: version=0
2022-07-08 15:24:41.666 UTC [TRACE] PluginManager getPlugin complete, returning reattach config with PID: 1792
2022-07-08 15:24:41.666 UTC [TRACE] PluginManager Get returning reattach_map:{key:"hackernews" value:{protocol:"grpc" addr:{Network:"unix" Address:"/tmp/plugin2036329088"} pid:1792}}
2022-07-08 15:24:41.667 UTC [TRACE] steampipe-plugin-hackernews.plugin: [TRACE] validate plugin steampipe-plugin-hackernews, required columns []
2022-07-08 15:24:41.670 UTC [INFO]  steampipe-plugin-hackernews.plugin: [INFO]  query cache created
2022-07-08 15:24:41.670 UTC [DEBUG] steampipe-plugin-hackernews.plugin: [DEBUG] SetConnectionConfig finished
2022-07-08 15:24:41.672 UTC [TRACE] steampipe-plugin-hackernews.plugin: [TRACE] EXECUTE callId: 1657293881802 table: hackernews_new cols: id,title,time,by,score,dead,deleted,descendants,kids,parent,parts,poll,text,type,url,_ctx
2022-07-08 15:24:41.672 UTC [TRACE] steampipe-plugin-hackernews.plugin: [TRACE] 1657293881802: Execute : connection=hackernews table=hackernews_new
2022-07-08 15:24:41.672 UTC [TRACE] steampipe-plugin-hackernews.plugin: [TRACE] 1657293881802: Got query context: table=hackernews_new cols=[id, title, time, by, score, dead, deleted, descendants, kids, parent, parts, poll, text, type, url, _ctx]
2022-07-08 15:24:41.672 UTC [TRACE] steampipe-plugin-hackernews.plugin: [TRACE] 1657293881802: setFetchType map[time:quals:{fieldName:"time"  string_value:">"  value:{timestamp_value:{seconds:1657290281  nanos:639426000}}}]
2022-07-08 15:24:41.673 UTC [TRACE] steampipe-plugin-hackernews.plugin: [TRACE] 1657293881802: getMatchingQuals column:'id' operator: =
2022-07-08 15:24:41.673 UTC [TRACE] steampipe-plugin-hackernews.plugin: [TRACE] 1657293881802: getMatchingQuals returning false - qualMap does not contain any quals for column id
2022-07-08 15:24:41.674 UTC [TRACE] steampipe-plugin-hackernews.plugin: [TRACE] 1657293881802: GetUnsatisfiedKeyColumns for columns column:'id' operator: =
2022-07-08 15:24:41.675 UTC [TRACE] steampipe-plugin-hackernews.plugin: [TRACE] 1657293881802: key column NOT satisfied column:'id' operator: =
2022-07-08 15:24:41.675 UTC [TRACE] steampipe-plugin-hackernews.plugin: [TRACE] 1657293881802: satisfied: map[any_of: optional: required:]
2022-07-08 15:24:41.675 UTC [TRACE] steampipe-plugin-hackernews.plugin: [TRACE] 1657293881802: unsatisfied: map[any_of: optional: required:column:'id' operator: =]
2022-07-08 15:24:41.676 UTC [TRACE] steampipe-plugin-hackernews.plugin: [TRACE] 1657293881802: unsatisfied required KeyColumns: column:'id' operator: =
2022-07-08 15:24:41.676 UTC [TRACE] steampipe-plugin-hackernews.plugin: [TRACE] 1657293881802: Set fetchType to fetchTypeList
2022-07-08 15:24:41.676 UTC [TRACE] steampipe-plugin-hackernews.plugin: [TRACE] 1657293881802: Equals key column quals:
2022-07-08 15:24:41.676 UTC [DEBUG] steampipe-plugin-hackernews.plugin: {}
2022-07-08 15:24:41.676 UTC [TRACE] steampipe-plugin-hackernews.plugin: [TRACE] 1657293881802: All key column quals:
2022-07-08 15:24:41.676 UTC [DEBUG] steampipe-plugin-hackernews.plugin: {}
2022-07-08 15:24:41.676 UTC [TRACE] steampipe-plugin-hackernews.plugin: [TRACE] 1657293881802: calling fetchItems: table=hackernews_new matrixItem=[] limit=<nil>
2022-07-08 15:24:41.676 UTC [TRACE] steampipe-plugin-hackernews.plugin: [TRACE] 1657293881802: Cache ENABLED callId: 1657293881802
2022-07-08 15:24:41.676 UTC [TRACE] steampipe-plugin-hackernews.plugin: [TRACE] 1657293881802: QueryCache Get - indexBucketKey index__hackernewshackernews_new, quals
2022-07-08 15:24:41.676 UTC [TRACE] steampipe-plugin-hackernews.plugin: [TRACE] 1657293881802: buildCacheQualMap col time, quals quals:{fieldName:"time"  string_value:">"  value:{timestamp_value:{seconds:1657290281  nanos:639426000}}}
2022-07-08 15:24:41.676 UTC [TRACE] steampipe-plugin-hackernews.plugin: [TRACE] 1657293881802: EXCLUDING COLUMN
2022-07-08 15:24:41.676 UTC [TRACE] steampipe-plugin-hackernews.plugin: [TRACE] 1657293881802: QueryCache getCachedResult - index bucket key: index__hackernewshackernews_new ttlSeconds 300
2022-07-08 15:24:41.676 UTC [TRACE] steampipe-plugin-hackernews.plugin: [TRACE] 1657293881802: getCachedResult - no index bucket
2022-07-08 15:24:41.676 UTC [TRACE] steampipe-plugin-hackernews.plugin: [TRACE] 1657293881802: getPendingResultItem indexBucketKey index__hackernewshackernews_new, columns [id title time by score dead deleted descendants kids parent parts poll text type url _ctx], limit -1
2022-07-08 15:24:41.676 UTC [TRACE] steampipe-plugin-hackernews.plugin: [TRACE] 1657293881802: no pending index item - add pending result
2022-07-08 15:24:41.676 UTC [TRACE] steampipe-plugin-hackernews.plugin: [TRACE] 1657293881802: addPendingResult indexBucketKey index__hackernewshackernews_new, columns [id title time by score dead deleted descendants kids parent parts poll text type url _ctx], limit -1
2022-07-08 15:24:41.676 UTC [TRACE] steampipe-plugin-hackernews.plugin: [TRACE] 1657293881802: no index bucket found - creating one
2022-07-08 15:24:41.676 UTC [TRACE] steampipe-plugin-hackernews.plugin: [TRACE] 1657293881802: pendingIndexItem Lock count before 0
2022-07-08 15:24:41.676 UTC [TRACE] steampipe-plugin-hackernews.plugin: [TRACE] 1657293881802: getPendingResultItem returning <nil>
2022-07-08 15:24:41.676 UTC [INFO]  steampipe-plugin-hackernews.plugin: [INFO]  1657293881802: CACHE MISS
2022-07-08 15:24:41.676 UTC [TRACE] steampipe-plugin-hackernews.plugin: [TRACE] 1657293881802: fetch items callId: 1657293881802
2022-07-08 15:24:41.676 UTC [TRACE] steampipe-plugin-hackernews.plugin: [TRACE] 1657293881802: buildRows callId: 1657293881802
2022-07-08 15:24:41.676 UTC [TRACE] steampipe-plugin-hackernews.plugin: [TRACE] 1657293881802: streamRows callId: 1657293881802
2022-07-08 15:24:41.676 UTC [TRACE] steampipe-plugin-hackernews.plugin: [TRACE] 1657293881802: executeListCall
2022-07-08 15:24:41.676 UTC [TRACE] steampipe-plugin-hackernews.plugin: [TRACE] 1657293881802: GetUnsatisfiedKeyColumns for columns
2022-07-08 15:24:41.676 UTC [TRACE] steampipe-plugin-hackernews.plugin: [TRACE] 1657293881802: doList: no matrix item
2022-07-08 15:24:41.803 UTC [TRACE] steampipe-plugin-hackernews.plugin: [TRACE] 1657293881802: rowData chan select - channel CLOSED
2022-07-08 15:24:41.804 UTC [TRACE] steampipe-plugin-hackernews.plugin: [TRACE] 1657293881802: wait for rows
2022-07-08 15:24:42.292 UTC [TRACE] steampipe-plugin-hackernews.plugin: [TRACE] 1657293881802: rowWg complete - CLOSING ROW CHANNEL
2022-07-08 15:24:42.292 UTC [TRACE] steampipe-plugin-hackernews.plugin: [TRACE] 1657293881802: row chan closed, stop streaming
2022-07-08 15:24:42.292 UTC [INFO]  steampipe-plugin-hackernews.plugin: [INFO]  1657293881802: ------------------------------------
2022-07-08 15:24:42.292 UTC [INFO]  steampipe-plugin-hackernews.plugin: [INFO]  1657293881802: Concurrency Summary
2022-07-08 15:24:42.292 UTC [INFO]  steampipe-plugin-hackernews.plugin: [INFO]  1657293881802: ------------------------------------
2022-07-08 15:24:42.292 UTC [INFO]  steampipe-plugin-hackernews.plugin: [INFO]  1657293881802: getItem                       : 200
2022-07-08 15:24:42.292 UTC [INFO]  steampipe-plugin-hackernews.plugin: [INFO]  1657293881802: ------------------------------------
2022-07-08 15:24:42.292 UTC [INFO]  steampipe-plugin-hackernews.plugin: [INFO]  1657293881802: Total                         : 200
2022-07-08 15:24:42.292 UTC [INFO]  steampipe-plugin-hackernews.plugin: [INFO]  1657293881802: ------------------------------------
2022-07-08 15:24:42.292 UTC [TRACE] steampipe-plugin-hackernews.plugin: [TRACE] 1657293881802: queryCache.Set callId: 1657293881802
2022-07-08 15:24:42.292 UTC [TRACE] steampipe-plugin-hackernews.plugin: [TRACE] 1657293881802: buildCacheQualMap col time, quals quals:{fieldName:"time"  string_value:">"  value:{timestamp_value:{seconds:1657290281  nanos:639426000}}}
2022-07-08 15:24:42.292 UTC [TRACE] steampipe-plugin-hackernews.plugin: [TRACE] 1657293881802: EXCLUDING COLUMN
2022-07-08 15:24:42.292 UTC [TRACE] steampipe-plugin-hackernews.plugin: [TRACE] 1657293881802: QueryCache Set - connectionName: hackernews, table: hackernews_new, columns: [_ctx by dead deleted descendants id kids parent parts poll score text time title type url], limit -1
2022-07-08 15:24:42.292 UTC [TRACE] steampipe-plugin-hackernews.plugin: [TRACE] 1657293881802: cache item cost = 64000 (500 rows, 16 columns)
2022-07-08 15:24:42.303 UTC [TRACE] steampipe-plugin-hackernews.plugin: [TRACE] 1657293881802: ------------------------------------
2022-07-08 15:24:42.303 UTC [TRACE] steampipe-plugin-hackernews.plugin: [TRACE] 1657293881802: Cache Metrics
2022-07-08 15:24:42.303 UTC [TRACE] steampipe-plugin-hackernews.plugin: [TRACE] 1657293881802: ------------------------------------
2022-07-08 15:24:42.303 UTC [TRACE] steampipe-plugin-hackernews.plugin: [TRACE] 1657293881802: MaxCost: 1073741824
2022-07-08 15:24:42.303 UTC [TRACE] steampipe-plugin-hackernews.plugin: [TRACE] 1657293881802: KeysAdded: 2
2022-07-08 15:24:42.303 UTC [TRACE] steampipe-plugin-hackernews.plugin: [TRACE] 1657293881802: CostAdded: 64113
2022-07-08 15:24:42.303 UTC [TRACE] steampipe-plugin-hackernews.plugin: [TRACE] 1657293881802: KeysEvicted: 0
2022-07-08 15:24:42.303 UTC [TRACE] steampipe-plugin-hackernews.plugin: [TRACE] 1657293881802: CostEvicted: 0
2022-07-08 15:24:42.303 UTC [TRACE] steampipe-plugin-hackernews.plugin: [TRACE] 1657293881802: ------------------------------------
2022-07-08 15:24:42.303 UTC [TRACE] steampipe-plugin-hackernews.plugin: [TRACE] 1657293881802: QueryCache Set() DONE
2022-07-08 15:24:42.303 UTC [TRACE] steampipe-plugin-hackernews.plugin: [TRACE] 1657293881802: pendingItemComplete indexBucketKey index__hackernewshackernews_new, columns [_ctx by dead deleted descendants id kids parent parts poll score text time title type url], limit -1
2022-07-08 15:24:42.303 UTC [TRACE] steampipe-plugin-hackernews.plugin: [TRACE] 1657293881802: got pending index bucket, len 1
2022-07-08 15:24:42.303 UTC [TRACE] steampipe-plugin-hackernews.plugin: [TRACE] 1657293881802: SatisfiesLimit limit -1, no item limit - satisfied
2022-07-08 15:24:42.303 UTC [TRACE] steampipe-plugin-hackernews.plugin: [TRACE] 1657293881802: found pending index item to satisfy columns _ctx,by,dead,deleted,descendants,id,kids,parent,parts,poll,score,text,time,title,type,url, limit -1
2022-07-08 15:24:42.303 UTC [TRACE] steampipe-plugin-hackernews.plugin: [TRACE] 1657293881802: got pending item hackernewshackernews_newid,title,time,by,score,dead,deleted,descendants,kids,parent,parts,poll,text,type,url,_ctx-1 - removing from map as it is complete
2022-07-08 15:24:42.303 UTC [TRACE] steampipe-plugin-hackernews.plugin: [TRACE] 1657293881802: pendingIndexItem Unlock count before 1
2022-07-08 15:24:42.303 UTC [TRACE] steampipe-plugin-hackernews.plugin: [TRACE] 1657293881802: deleted from pending, len 0
2022-07-08 15:24:42.303 UTC [TRACE] steampipe-plugin-hackernews.plugin: [TRACE] 1657293881802: pending bucket now empty - deleting key index__hackernewshackernews_new
2022-07-08 15:24:42.303 UTC [TRACE] steampipe-plugin-hackernews.plugin: [TRACE] 1657293881802: pendingItemComplete done
2022-07-08 15:24:42.303 UTC [TRACE] steampipe-plugin-hackernews.plugin: [TRACE] 1657293881802: Execute complete callId: 1657293881802 table: hackernews_new
2022-07-08 15:24:42.372 UTC [TRACE] PluginManager Shutdown map[hackernews:0xc00000caf8]
2022-07-08 15:24:42.372 UTC [TRACE] killing plugin hackernews (1792)
2022-07-08 15:24:42.373 UTC [TRACE] stdio: waiting for stdio data
2022-07-08 15:24:42.373 UTC [DEBUG] stdio: received EOF, stopping recv loop: err="rpc error: code = Unavailable desc = error reading from server: EOF"
2022-07-08 15:24:42.375 UTC [INFO]  plugin process exited: path=/home/runner/.steampipe/plugins/hub.steampipe.io/plugins/turbot/hackernews@latest/steampipe-plugin-hackernews.plugin pid=1792
2022-07-08 15:24:42.375 UTC [DEBUG] plugin exited
2022-07-08 15:24:42.771 UTC [INFO]  starting plugin manager
2022-07-08 15:24:42.772 UTC [TRACE] loaded config map: hackernews
2022-07-08 15:24:42.772 UTC [INFO]  starting connection watcher
2022-07-08 15:24:42.772 UTC [INFO]  created ConnectionWatcher
2022-07-08 15:24:42.772 UTC [TRACE] about to serve
2022-07-08 15:24:42.835 UTC [TRACE] PluginManager Get, connections: '[]'
2022-07-08 15:24:42.835 UTC [TRACE] PluginManager Get returning
2022-07-08 15:24:42.837 UTC [TRACE] PluginManager Get, connections: '[]'
2022-07-08 15:24:42.837 UTC [TRACE] PluginManager Get returning
2022-07-08 15:24:42.874 UTC [TRACE] handleFileWatcherEvent ignoring first event
2022-07-08 15:24:43.017 UTC [TRACE] PluginManager Get, connections: '[hackernews]'
2022-07-08 15:24:43.017 UTC [TRACE] PluginManager getPlugin connection 'hackernews'
2022-07-08 15:24:43.017 UTC [TRACE] PluginManager 0xc0005a2b40 'hackernews' NOT found in map  - starting
2022-07-08 15:24:43.017 UTC [TRACE] ************ start plugin hackernews ********************
2022-07-08 15:24:43.017 UTC [DEBUG] starting plugin: path=/home/runner/.steampipe/plugins/hub.steampipe.io/plugins/turbot/hackernews@latest/steampipe-plugin-hackernews.plugin args=["/home/runner/.steampipe/plugins/hub.steampipe.io/plugins/turbot/hackernews@latest/steampipe-plugin-hackernews.plugin"]
2022-07-08 15:24:43.018 UTC [DEBUG] plugin started: path=/home/runner/.steampipe/plugins/hub.steampipe.io/plugins/turbot/hackernews@latest/steampipe-plugin-hackernews.plugin pid=1853
2022-07-08 15:24:43.018 UTC [DEBUG] waiting for RPC address: path=/home/runner/.steampipe/plugins/hub.steampipe.io/plugins/turbot/hackernews@latest/steampipe-plugin-hackernews.plugin
2022-07-08 15:24:43.025 UTC [DEBUG] steampipe-plugin-hackernews.plugin: 2022/07/08 15:24:43 [TRACE] Plugin Initialise creating connection manager
2022-07-08 15:24:43.029 UTC [TRACE] steampipe-plugin-hackernews.plugin: [TRACE] Setting Ulimit: ulimit=2560
2022-07-08 15:24:43.030 UTC [DEBUG] steampipe-plugin-hackernews.plugin: plugin address: address=/tmp/plugin1175787578 network=unix timestamp=2022-07-08T15:24:43.030Z
2022-07-08 15:24:43.030 UTC [DEBUG] using plugin: version=0
2022-07-08 15:24:43.030 UTC [TRACE] PluginManager getPlugin complete, returning reattach config with PID: 1853
2022-07-08 15:24:43.030 UTC [TRACE] PluginManager Get returning reattach_map:{key:"hackernews" value:{protocol:"grpc" addr:{Network:"unix" Address:"/tmp/plugin1175787578"} pid:1853}}
2022-07-08 15:24:43.032 UTC [TRACE] steampipe-plugin-hackernews.plugin: [TRACE] validate plugin steampipe-plugin-hackernews, required columns []
2022-07-08 15:24:43.034 UTC [INFO]  steampipe-plugin-hackernews.plugin: [INFO]  query cache created
2022-07-08 15:24:43.034 UTC [DEBUG] steampipe-plugin-hackernews.plugin: [DEBUG] SetConnectionConfig finished
2022-07-08 15:24:43.036 UTC [TRACE] steampipe-plugin-hackernews.plugin: [TRACE] EXECUTE callId: 165729388337 table: hackernews_new cols: time
2022-07-08 15:24:43.036 UTC [TRACE] steampipe-plugin-hackernews.plugin: [TRACE] 165729388337: Execute : connection=hackernews table=hackernews_new
2022-07-08 15:24:43.036 UTC [TRACE] steampipe-plugin-hackernews.plugin: [TRACE] 165729388337: Got query context: table=hackernews_new cols=[time]
2022-07-08 15:24:43.036 UTC [TRACE] steampipe-plugin-hackernews.plugin: [TRACE] 165729388337: setFetchType map[time:quals:{fieldName:"time"  string_value:">"  value:{timestamp_value:{seconds:1657290283  nanos:2918000}}}]
2022-07-08 15:24:43.037 UTC [TRACE] steampipe-plugin-hackernews.plugin: [TRACE] 165729388337: getMatchingQuals column:'id' operator: =
2022-07-08 15:24:43.037 UTC [TRACE] steampipe-plugin-hackernews.plugin: [TRACE] 165729388337: getMatchingQuals returning false - qualMap does not contain any quals for column id
2022-07-08 15:24:43.038 UTC [TRACE] steampipe-plugin-hackernews.plugin: [TRACE] 165729388337: GetUnsatisfiedKeyColumns for columns column:'id' operator: =
2022-07-08 15:24:43.038 UTC [TRACE] steampipe-plugin-hackernews.plugin: [TRACE] 165729388337: key column NOT satisfied column:'id' operator: =
2022-07-08 15:24:43.038 UTC [TRACE] steampipe-plugin-hackernews.plugin: [TRACE] 165729388337: satisfied: map[any_of: optional: required:]
2022-07-08 15:24:43.039 UTC [TRACE] steampipe-plugin-hackernews.plugin: [TRACE] 165729388337: unsatisfied: map[any_of: optional: required:column:'id' operator: =]
2022-07-08 15:24:43.040 UTC [TRACE] steampipe-plugin-hackernews.plugin: [TRACE] 165729388337: unsatisfied required KeyColumns: column:'id' operator: =
2022-07-08 15:24:43.040 UTC [TRACE] steampipe-plugin-hackernews.plugin: [TRACE] 165729388337: Set fetchType to fetchTypeList
2022-07-08 15:24:43.040 UTC [TRACE] steampipe-plugin-hackernews.plugin: [TRACE] 165729388337: Equals key column quals:
2022-07-08 15:24:43.040 UTC [DEBUG] steampipe-plugin-hackernews.plugin: {}
2022-07-08 15:24:43.040 UTC [TRACE] steampipe-plugin-hackernews.plugin: [TRACE] 165729388337: All key column quals:
2022-07-08 15:24:43.040 UTC [DEBUG] steampipe-plugin-hackernews.plugin: {}
2022-07-08 15:24:43.040 UTC [TRACE] steampipe-plugin-hackernews.plugin: [TRACE] 165729388337: calling fetchItems: table=hackernews_new matrixItem=[] limit=<nil>
2022-07-08 15:24:43.040 UTC [TRACE] steampipe-plugin-hackernews.plugin: [TRACE] 165729388337: Cache ENABLED callId: 165729388337
2022-07-08 15:24:43.040 UTC [TRACE] steampipe-plugin-hackernews.plugin: [TRACE] 165729388337: QueryCache Get - indexBucketKey index__hackernewshackernews_new, quals
2022-07-08 15:24:43.040 UTC [TRACE] steampipe-plugin-hackernews.plugin: [TRACE] 165729388337: buildCacheQualMap col time, quals quals:{fieldName:"time"  string_value:">"  value:{timestamp_value:{seconds:1657290283  nanos:2918000}}}
2022-07-08 15:24:43.040 UTC [TRACE] steampipe-plugin-hackernews.plugin: [TRACE] 165729388337: EXCLUDING COLUMN
2022-07-08 15:24:43.040 UTC [TRACE] steampipe-plugin-hackernews.plugin: [TRACE] 165729388337: QueryCache getCachedResult - index bucket key: index__hackernewshackernews_new ttlSeconds 300
2022-07-08 15:24:43.040 UTC [TRACE] steampipe-plugin-hackernews.plugin: [TRACE] 165729388337: getCachedResult - no index bucket
2022-07-08 15:24:43.040 UTC [TRACE] steampipe-plugin-hackernews.plugin: [TRACE] 165729388337: getPendingResultItem indexBucketKey index__hackernewshackernews_new, columns [time], limit -1
2022-07-08 15:24:43.040 UTC [TRACE] steampipe-plugin-hackernews.plugin: [TRACE] 165729388337: no pending index item - add pending result
2022-07-08 15:24:43.040 UTC [TRACE] steampipe-plugin-hackernews.plugin: [TRACE] 165729388337: addPendingResult indexBucketKey index__hackernewshackernews_new, columns [time], limit -1
2022-07-08 15:24:43.040 UTC [TRACE] steampipe-plugin-hackernews.plugin: [TRACE] 165729388337: no index bucket found - creating one
2022-07-08 15:24:43.040 UTC [TRACE] steampipe-plugin-hackernews.plugin: [TRACE] 165729388337: pendingIndexItem Lock count before 0
2022-07-08 15:24:43.040 UTC [TRACE] steampipe-plugin-hackernews.plugin: [TRACE] 165729388337: getPendingResultItem returning <nil>
2022-07-08 15:24:43.040 UTC [INFO]  steampipe-plugin-hackernews.plugin: [INFO]  165729388337: CACHE MISS
2022-07-08 15:24:43.040 UTC [TRACE] steampipe-plugin-hackernews.plugin: [TRACE] 165729388337: fetch items callId: 165729388337
2022-07-08 15:24:43.040 UTC [TRACE] steampipe-plugin-hackernews.plugin: [TRACE] 165729388337: buildRows callId: 165729388337
2022-07-08 15:24:43.040 UTC [TRACE] steampipe-plugin-hackernews.plugin: [TRACE] 165729388337: streamRows callId: 165729388337
2022-07-08 15:24:43.040 UTC [TRACE] steampipe-plugin-hackernews.plugin: [TRACE] 165729388337: executeListCall
2022-07-08 15:24:43.040 UTC [TRACE] steampipe-plugin-hackernews.plugin: [TRACE] 165729388337: GetUnsatisfiedKeyColumns for columns
2022-07-08 15:24:43.040 UTC [TRACE] steampipe-plugin-hackernews.plugin: [TRACE] 165729388337: doList: no matrix item
2022-07-08 15:24:43.131 UTC [TRACE] steampipe-plugin-hackernews.plugin: [TRACE] 165729388337: rowData chan select - channel CLOSED
2022-07-08 15:24:43.131 UTC [TRACE] steampipe-plugin-hackernews.plugin: [TRACE] 165729388337: wait for rows
2022-07-08 15:24:43.532 UTC [TRACE] steampipe-plugin-hackernews.plugin: [TRACE] 165729388337: rowWg complete - CLOSING ROW CHANNEL
2022-07-08 15:24:43.532 UTC [TRACE] steampipe-plugin-hackernews.plugin: [TRACE] 165729388337: row chan closed, stop streaming
2022-07-08 15:24:43.532 UTC [INFO]  steampipe-plugin-hackernews.plugin: [INFO]  165729388337: ------------------------------------
2022-07-08 15:24:43.533 UTC [INFO]  steampipe-plugin-hackernews.plugin: [INFO]  165729388337: Concurrency Summary
2022-07-08 15:24:43.533 UTC [INFO]  steampipe-plugin-hackernews.plugin: [INFO]  165729388337: ------------------------------------
2022-07-08 15:24:43.533 UTC [INFO]  steampipe-plugin-hackernews.plugin: [INFO]  165729388337: getItem                       : 200
2022-07-08 15:24:43.533 UTC [INFO]  steampipe-plugin-hackernews.plugin: [INFO]  165729388337: ------------------------------------
2022-07-08 15:24:43.533 UTC [INFO]  steampipe-plugin-hackernews.plugin: [INFO]  165729388337: Total                         : 200
2022-07-08 15:24:43.533 UTC [INFO]  steampipe-plugin-hackernews.plugin: [INFO]  165729388337: ------------------------------------
2022-07-08 15:24:43.533 UTC [TRACE] steampipe-plugin-hackernews.plugin: [TRACE] 165729388337: queryCache.Set callId: 165729388337
2022-07-08 15:24:43.533 UTC [TRACE] steampipe-plugin-hackernews.plugin: [TRACE] 165729388337: buildCacheQualMap col time, quals quals:{fieldName:"time"  string_value:">"  value:{timestamp_value:{seconds:1657290283  nanos:2918000}}}
2022-07-08 15:24:43.533 UTC [TRACE] steampipe-plugin-hackernews.plugin: [TRACE] 165729388337: EXCLUDING COLUMN
2022-07-08 15:24:43.533 UTC [TRACE] steampipe-plugin-hackernews.plugin: [TRACE] 165729388337: QueryCache Set - connectionName: hackernews, table: hackernews_new, columns: [_ctx by dead deleted descendants id kids parent parts poll score text time title type url], limit -1
2022-07-08 15:24:43.533 UTC [TRACE] steampipe-plugin-hackernews.plugin: [TRACE] 165729388337: cache item cost = 64000 (500 rows, 16 columns)
2022-07-08 15:24:43.544 UTC [TRACE] steampipe-plugin-hackernews.plugin: [TRACE] 165729388337: ------------------------------------
2022-07-08 15:24:43.544 UTC [TRACE] steampipe-plugin-hackernews.plugin: [TRACE] 165729388337: Cache Metrics
2022-07-08 15:24:43.544 UTC [TRACE] steampipe-plugin-hackernews.plugin: [TRACE] 165729388337: ------------------------------------
2022-07-08 15:24:43.544 UTC [TRACE] steampipe-plugin-hackernews.plugin: [TRACE] 165729388337: MaxCost: 1073741824
2022-07-08 15:24:43.544 UTC [TRACE] steampipe-plugin-hackernews.plugin: [TRACE] 165729388337: KeysAdded: 2
2022-07-08 15:24:43.544 UTC [TRACE] steampipe-plugin-hackernews.plugin: [TRACE] 165729388337: CostAdded: 64113
2022-07-08 15:24:43.544 UTC [TRACE] steampipe-plugin-hackernews.plugin: [TRACE] 165729388337: KeysEvicted: 0
2022-07-08 15:24:43.544 UTC [TRACE] steampipe-plugin-hackernews.plugin: [TRACE] 165729388337: CostEvicted: 0
2022-07-08 15:24:43.544 UTC [TRACE] steampipe-plugin-hackernews.plugin: [TRACE] 165729388337: ------------------------------------
2022-07-08 15:24:43.544 UTC [TRACE] steampipe-plugin-hackernews.plugin: [TRACE] 165729388337: QueryCache Set() DONE
2022-07-08 15:24:43.544 UTC [TRACE] steampipe-plugin-hackernews.plugin: [TRACE] 165729388337: pendingItemComplete indexBucketKey index__hackernewshackernews_new, columns [_ctx by dead deleted descendants id kids parent parts poll score text time title type url], limit -1
2022-07-08 15:24:43.544 UTC [TRACE] steampipe-plugin-hackernews.plugin: [TRACE] 165729388337: got pending index bucket, len 1
2022-07-08 15:24:43.544 UTC [TRACE] steampipe-plugin-hackernews.plugin: [TRACE] 165729388337: SatisfiesLimit limit -1, no item limit - satisfied
2022-07-08 15:24:43.544 UTC [TRACE] steampipe-plugin-hackernews.plugin: [TRACE] 165729388337: found pending index item to satisfy columns _ctx,by,dead,deleted,descendants,id,kids,parent,parts,poll,score,text,time,title,type,url, limit -1
2022-07-08 15:24:43.544 UTC [TRACE] steampipe-plugin-hackernews.plugin: [TRACE] 165729388337: got pending item hackernewshackernews_newtime-1 - removing from map as it is complete
2022-07-08 15:24:43.544 UTC [TRACE] steampipe-plugin-hackernews.plugin: [TRACE] 165729388337: pendingIndexItem Unlock count before 1
2022-07-08 15:24:43.544 UTC [TRACE] steampipe-plugin-hackernews.plugin: [TRACE] 165729388337: deleted from pending, len 0
2022-07-08 15:24:43.544 UTC [TRACE] steampipe-plugin-hackernews.plugin: [TRACE] 165729388337: pending bucket now empty - deleting key index__hackernewshackernews_new
2022-07-08 15:24:43.544 UTC [TRACE] steampipe-plugin-hackernews.plugin: [TRACE] 165729388337: pendingItemComplete done
2022-07-08 15:24:43.544 UTC [TRACE] steampipe-plugin-hackernews.plugin: [TRACE] 165729388337: Execute complete callId: 165729388337 table: hackernews_new
2022-07-08 15:24:43.611 UTC [TRACE] PluginManager Shutdown map[hackernews:0xc00000d9c8]
2022-07-08 15:24:43.611 UTC [TRACE] killing plugin hackernews (1853)
2022-07-08 15:24:43.612 UTC [TRACE] stdio: waiting for stdio data
2022-07-08 15:24:43.614 UTC [INFO]  plugin process exited: path=/home/runner/.steampipe/plugins/hub.steampipe.io/plugins/turbot/hackernews@latest/steampipe-plugin-hackernews.plugin pid=1853
2022-07-08 15:24:43.614 UTC [DEBUG] stdio: received EOF, stopping recv loop: err="rpc error: code = Unavailable desc = error reading from server: EOF"
2022-07-08 15:24:43.614 UTC [DEBUG] plugin exited
