2022-10-02 03:39:59.435 UTC [WARN]  PluginManager setPluginCacheSizeMap: 1 connection.
2022-10-02 03:39:59.435 UTC [WARN]  Total cache size 0Mb
2022-10-02 03:39:59.504 UTC [WARN]  plugin configured with a nil SecureConfig
2022-10-02 03:40:02.148 UTC [WARN]  PluginManager setPluginCacheSizeMap: 2 connections.
2022-10-02 03:40:02.148 UTC [WARN]  Total cache size 0Mb
2022-10-02 03:40:02.218 UTC [WARN]  plugin configured with a nil SecureConfig
2022-10-02 03:40:04.037 UTC [WARN]  PluginManager setPluginCacheSizeMap: 3 connections.
2022-10-02 03:40:04.037 UTC [WARN]  Total cache size 0Mb
2022-10-02 03:40:04.105 UTC [WARN]  plugin configured with a nil SecureConfig
2022-10-02 03:40:04.154 UTC [WARN]  plugin configured with a nil SecureConfig
2022-10-02 03:40:06.456 UTC [WARN]  PluginManager setPluginCacheSizeMap: 4 connections.
2022-10-02 03:40:06.456 UTC [WARN]  Total cache size 0Mb
2022-10-02 03:40:06.531 UTC [WARN]  plugin configured with a nil SecureConfig
2022-10-02 03:40:06.571 UTC [WARN]  plugin configured with a nil SecureConfig
2022-10-02 03:40:07.530 UTC [INFO]  starting plugin manager
2022-10-02 03:40:07.532 UTC [TRACE] loaded config map: csv,github,hackernews,net
2022-10-02 03:40:07.532 UTC [TRACE] NewPluginManager
2022-10-02 03:40:07.532 UTC [WARN]  PluginManager setPluginCacheSizeMap: 4 connections.
2022-10-02 03:40:07.532 UTC [WARN]  Total cache size 0Mb
2022-10-02 03:40:07.532 UTC [INFO]  starting connection watcher
2022-10-02 03:40:07.533 UTC [INFO]  created ConnectionWatcher
2022-10-02 03:40:07.533 UTC [TRACE] about to serve
2022-10-02 03:40:07.600 UTC [TRACE] PluginManager Get, connections: '[csv]'
2022-10-02 03:40:07.600 UTC [TRACE] PluginManager getPlugin hub.steampipe.io/plugins/turbot/csv@latest connection 'csv'
2022-10-02 03:40:07.600 UTC [TRACE] PluginManager 0xc0005763c0 plugin hub.steampipe.io/plugins/turbot/csv@latest (csv) NOT started or starting - start now
2022-10-02 03:40:07.600 UTC [TRACE] ************ start plugin csv ********************
2022-10-02 03:40:07.600 UTC [WARN]  plugin configured with a nil SecureConfig
2022-10-02 03:40:07.600 UTC [DEBUG] starting plugin: path=/home/runner/.steampipe/plugins/hub.steampipe.io/plugins/turbot/csv@latest/steampipe-plugin-csv.plugin args=["/home/runner/.steampipe/plugins/hub.steampipe.io/plugins/turbot/csv@latest/steampipe-plugin-csv.plugin"]
2022-10-02 03:40:07.600 UTC [DEBUG] plugin started: path=/home/runner/.steampipe/plugins/hub.steampipe.io/plugins/turbot/csv@latest/steampipe-plugin-csv.plugin pid=2129
2022-10-02 03:40:07.600 UTC [DEBUG] waiting for RPC address: path=/home/runner/.steampipe/plugins/hub.steampipe.io/plugins/turbot/csv@latest/steampipe-plugin-csv.plugin
2022-10-02 03:40:07.612 UTC [INFO]  steampipe-plugin-csv.plugin: [INFO]  Initialise plugin 'steampipe-plugin-csv', using sdk version 4.1.7
2022-10-02 03:40:07.612 UTC [TRACE] steampipe-plugin-csv.plugin: [TRACE] no DefaultRetryConfig defined - creating empty
2022-10-02 03:40:07.612 UTC [TRACE] steampipe-plugin-csv.plugin: [TRACE] no DefaultIgnoreConfig defined - creating empty
2022-10-02 03:40:07.612 UTC [TRACE] steampipe-plugin-csv.plugin: [TRACE] Setting Ulimit: ulimit=2560
2022-10-02 03:40:07.612 UTC [TRACE] steampipe-plugin-csv.plugin: [TRACE] telemetry.Init service 'steampipe-plugin-csv', tracingEnabled: false, metricsEnabled: false
2022-10-02 03:40:07.612 UTC [TRACE] steampipe-plugin-csv.plugin: [TRACE] metrics and tracing disabled' - returning
2022-10-02 03:40:07.612 UTC [DEBUG] steampipe-plugin-csv.plugin: plugin address: network=unix address=/tmp/plugin3783058047 timestamp=2022-10-02T03:40:07.612Z
2022-10-02 03:40:07.612 UTC [DEBUG] using plugin: version=0
2022-10-02 03:40:07.612 UTC [TRACE] NewPluginClient for plugin hub.steampipe.io/plugins/turbot/csv@latest
2022-10-02 03:40:07.613 UTC [TRACE] stdio: waiting for stdio data
2022-10-02 03:40:07.615 UTC [TRACE] supportedOperations: query_cache:true multiple_connections:true
2022-10-02 03:40:07.617 UTC [TRACE] steampipe-plugin-csv.plugin: [TRACE] SetAllConnectionConfigs setting 1 configs
2022-10-02 03:40:07.617 UTC [TRACE] steampipe-plugin-csv.plugin: [TRACE] connection csv build schema and table map
2022-10-02 03:40:07.617 UTC [TRACE] steampipe-plugin-csv.plugin: [TRACE] initialise table /home/runner/work/steampipe-samples/steampipe-samples/all/hackernews/hn_items_all.csv
2022-10-02 03:40:07.617 UTC [TRACE] steampipe-plugin-csv.plugin: [TRACE] no DefaultRetryConfig defined - creating empty
2022-10-02 03:40:07.617 UTC [TRACE] steampipe-plugin-csv.plugin: [TRACE] no DefaultIgnoreConfig defined - creating empty
2022-10-02 03:40:07.617 UTC [TRACE] steampipe-plugin-csv.plugin: [TRACE] apply plugin defaults for DefaultRetryConfig
2022-10-02 03:40:07.617 UTC [TRACE] steampipe-plugin-csv.plugin: [TRACE] apply plugin defaults for DefaultIgnoreConfig, table &{<nil> <nil>} plugin &{<nil> <nil>}
2022-10-02 03:40:07.617 UTC [TRACE] steampipe-plugin-csv.plugin: [TRACE] DefaultRetryConfig:
2022-10-02 03:40:07.617 UTC [TRACE] steampipe-plugin-csv.plugin: [TRACE] DefaultIgnoreConfig:
2022-10-02 03:40:07.617 UTC [TRACE] steampipe-plugin-csv.plugin: [TRACE] t.List.initialise
2022-10-02 03:40:07.617 UTC [TRACE] steampipe-plugin-csv.plugin: [TRACE] ListConfig.initialise table /home/runner/work/steampipe-samples/steampipe-samples/all/hackernews/hn_items_all.csv
2022-10-02 03:40:07.617 UTC [TRACE] steampipe-plugin-csv.plugin: [TRACE] ListConfig.initialise complete: RetryConfig: , IgnoreConfig
2022-10-02 03:40:07.617 UTC [TRACE] steampipe-plugin-csv.plugin: [TRACE] back from initialiseHydrateConfigs
2022-10-02 03:40:07.617 UTC [TRACE] steampipe-plugin-csv.plugin: [TRACE] initialise table /home/runner/work/steampipe-samples/steampipe-samples/all/hackernews/hn_items_all.csv COMPLETE
2022-10-02 03:40:07.617 UTC [TRACE] steampipe-plugin-csv.plugin: [TRACE] initialise table /home/runner/work/steampipe-samples/steampipe-samples/all/hackernews/new_sc.csv
2022-10-02 03:40:07.617 UTC [TRACE] steampipe-plugin-csv.plugin: [TRACE] no DefaultRetryConfig defined - creating empty
2022-10-02 03:40:07.617 UTC [TRACE] steampipe-plugin-csv.plugin: [TRACE] no DefaultIgnoreConfig defined - creating empty
2022-10-02 03:40:07.617 UTC [TRACE] steampipe-plugin-csv.plugin: [TRACE] apply plugin defaults for DefaultRetryConfig
2022-10-02 03:40:07.617 UTC [TRACE] steampipe-plugin-csv.plugin: [TRACE] apply plugin defaults for DefaultIgnoreConfig, table &{<nil> <nil>} plugin &{<nil> <nil>}
2022-10-02 03:40:07.617 UTC [TRACE] steampipe-plugin-csv.plugin: [TRACE] DefaultRetryConfig:
2022-10-02 03:40:07.617 UTC [TRACE] steampipe-plugin-csv.plugin: [TRACE] DefaultIgnoreConfig:
2022-10-02 03:40:07.617 UTC [TRACE] steampipe-plugin-csv.plugin: [TRACE] t.List.initialise
2022-10-02 03:40:07.617 UTC [TRACE] steampipe-plugin-csv.plugin: [TRACE] ListConfig.initialise table /home/runner/work/steampipe-samples/steampipe-samples/all/hackernews/new_sc.csv
2022-10-02 03:40:07.617 UTC [TRACE] steampipe-plugin-csv.plugin: [TRACE] ListConfig.initialise complete: RetryConfig: , IgnoreConfig
2022-10-02 03:40:07.617 UTC [TRACE] steampipe-plugin-csv.plugin: [TRACE] back from initialiseHydrateConfigs
2022-10-02 03:40:07.617 UTC [TRACE] steampipe-plugin-csv.plugin: [TRACE] initialise table /home/runner/work/steampipe-samples/steampipe-samples/all/hackernews/new_sc.csv COMPLETE
2022-10-02 03:40:07.617 UTC [TRACE] steampipe-plugin-csv.plugin: [TRACE] initialise table /home/runner/work/steampipe-samples/steampipe-samples/all/hackernews/people.csv
2022-10-02 03:40:07.617 UTC [TRACE] steampipe-plugin-csv.plugin: [TRACE] no DefaultRetryConfig defined - creating empty
2022-10-02 03:40:07.617 UTC [TRACE] steampipe-plugin-csv.plugin: [TRACE] no DefaultIgnoreConfig defined - creating empty
2022-10-02 03:40:07.617 UTC [TRACE] steampipe-plugin-csv.plugin: [TRACE] apply plugin defaults for DefaultRetryConfig
2022-10-02 03:40:07.617 UTC [TRACE] steampipe-plugin-csv.plugin: [TRACE] apply plugin defaults for DefaultIgnoreConfig, table &{<nil> <nil>} plugin &{<nil> <nil>}
2022-10-02 03:40:07.617 UTC [TRACE] steampipe-plugin-csv.plugin: [TRACE] DefaultRetryConfig:
2022-10-02 03:40:07.617 UTC [TRACE] steampipe-plugin-csv.plugin: [TRACE] DefaultIgnoreConfig:
2022-10-02 03:40:07.617 UTC [TRACE] steampipe-plugin-csv.plugin: [TRACE] t.List.initialise
2022-10-02 03:40:07.617 UTC [TRACE] steampipe-plugin-csv.plugin: [TRACE] ListConfig.initialise table /home/runner/work/steampipe-samples/steampipe-samples/all/hackernews/people.csv
2022-10-02 03:40:07.617 UTC [TRACE] steampipe-plugin-csv.plugin: [TRACE] ListConfig.initialise complete: RetryConfig: , IgnoreConfig
2022-10-02 03:40:07.617 UTC [TRACE] steampipe-plugin-csv.plugin: [TRACE] back from initialiseHydrateConfigs
2022-10-02 03:40:07.617 UTC [TRACE] steampipe-plugin-csv.plugin: [TRACE] initialise table /home/runner/work/steampipe-samples/steampipe-samples/all/hackernews/people.csv COMPLETE
2022-10-02 03:40:07.617 UTC [TRACE] steampipe-plugin-csv.plugin: [TRACE] validate plugin steampipe-plugin-csv, required columns []
2022-10-02 03:40:07.617 UTC [TRACE] steampipe-plugin-csv.plugin: [TRACE] validate DefaultRetryConfig
2022-10-02 03:40:07.617 UTC [TRACE] steampipe-plugin-csv.plugin: [TRACE] validate DefaultIgnoreConfig
2022-10-02 03:40:07.617 UTC [TRACE] steampipe-plugin-csv.plugin: [TRACE] validate table names
2022-10-02 03:40:07.617 UTC [TRACE] steampipe-plugin-csv.plugin: [TRACE] plugin has 0 validation errors
2022-10-02 03:40:07.617 UTC [TRACE] steampipe-plugin-csv.plugin: [TRACE] Plugin ensureCache creating cache, maxCacheStorageMb 0
2022-10-02 03:40:07.617 UTC [TRACE] steampipe-plugin-csv.plugin: [TRACE] createCacheStore for plugin 'steampipe-plugin-csv' setting max size to 0Mb, Shards: 2, max shard size: 0
2022-10-02 03:40:07.634 UTC [TRACE] handleFileWatcherEvent ignoring first event
2022-10-02 03:40:07.638 UTC [INFO]  steampipe-plugin-csv.plugin: [INFO]  query cache created
2022-10-02 03:40:07.638 UTC [DEBUG] steampipe-plugin-csv.plugin: [DEBUG] SetAllConnectionConfigs finished
2022-10-02 03:40:07.639 UTC [TRACE] PluginManager getPlugin complete, returning reattach config with PID: 2129
2022-10-02 03:40:07.639 UTC [TRACE] PluginManager Get returning reattach_map:{key:"csv" value:{protocol:"grpc" addr:{Network:"unix" Address:"/tmp/plugin3783058047"} pid:2129 supported_operations:{query_cache:true multiple_connections:true} connections:"csv" plugin:"hub.steampipe.io/plugins/turbot/csv@latest"}}
2022-10-02 03:40:07.726 UTC [TRACE] PluginManager Get, connections: '[csv]'
2022-10-02 03:40:07.726 UTC [TRACE] PluginManager getPlugin hub.steampipe.io/plugins/turbot/csv@latest connection 'csv'
2022-10-02 03:40:07.726 UTC [TRACE] connection csv found in connectionPluginMap
2022-10-02 03:40:07.726 UTC [TRACE] initialized: 2129
2022-10-02 03:40:07.726 UTC [TRACE] initialized: 2129
2022-10-02 03:40:07.726 UTC [TRACE] connection csv is loaded, check for running PID
2022-10-02 03:40:07.726 UTC [TRACE] PluginManager found 'csv' in map, pid 2129
2022-10-02 03:40:07.726 UTC [TRACE] PluginManager Get returning reattach_map:{key:"csv" value:{protocol:"grpc" addr:{Network:"unix" Address:"/tmp/plugin3783058047"} pid:2129 supported_operations:{query_cache:true multiple_connections:true} connections:"csv" plugin:"hub.steampipe.io/plugins/turbot/csv@latest"}}
2022-10-02 03:40:07.884 UTC [TRACE] PluginManager Get, connections: '[hackernews]'
2022-10-02 03:40:07.884 UTC [TRACE] PluginManager getPlugin hub.steampipe.io/plugins/turbot/hackernews@latest connection 'hackernews'
2022-10-02 03:40:07.884 UTC [TRACE] PluginManager 0xc0005763c0 plugin hub.steampipe.io/plugins/turbot/hackernews@latest (hackernews) NOT started or starting - start now
2022-10-02 03:40:07.884 UTC [TRACE] ************ start plugin hackernews ********************
2022-10-02 03:40:07.884 UTC [WARN]  plugin configured with a nil SecureConfig
2022-10-02 03:40:07.884 UTC [DEBUG] starting plugin: path=/home/runner/.steampipe/plugins/hub.steampipe.io/plugins/turbot/hackernews@latest/steampipe-plugin-hackernews.plugin args=["/home/runner/.steampipe/plugins/hub.steampipe.io/plugins/turbot/hackernews@latest/steampipe-plugin-hackernews.plugin"]
2022-10-02 03:40:07.884 UTC [DEBUG] plugin started: path=/home/runner/.steampipe/plugins/hub.steampipe.io/plugins/turbot/hackernews@latest/steampipe-plugin-hackernews.plugin pid=2151
2022-10-02 03:40:07.884 UTC [DEBUG] waiting for RPC address: path=/home/runner/.steampipe/plugins/hub.steampipe.io/plugins/turbot/hackernews@latest/steampipe-plugin-hackernews.plugin
2022-10-02 03:40:07.896 UTC [INFO]  steampipe-plugin-hackernews.plugin: [INFO]  Initialise plugin 'steampipe-plugin-hackernews', using sdk version 4.1.7
2022-10-02 03:40:07.896 UTC [TRACE] steampipe-plugin-hackernews.plugin: [TRACE] defaulting SchemaMode to SchemaModeStatic
2022-10-02 03:40:07.896 UTC [TRACE] steampipe-plugin-hackernews.plugin: [TRACE] no DefaultRetryConfig defined - creating empty
2022-10-02 03:40:07.896 UTC [TRACE] steampipe-plugin-hackernews.plugin: [TRACE] no DefaultIgnoreConfig defined - creating empty
2022-10-02 03:40:07.896 UTC [TRACE] steampipe-plugin-hackernews.plugin: [TRACE] Setting Ulimit: ulimit=2560
2022-10-02 03:40:07.896 UTC [TRACE] steampipe-plugin-hackernews.plugin: [TRACE] telemetry.Init service 'steampipe-plugin-hackernews', tracingEnabled: false, metricsEnabled: false
2022-10-02 03:40:07.896 UTC [TRACE] steampipe-plugin-hackernews.plugin: [TRACE] metrics and tracing disabled' - returning
2022-10-02 03:40:07.898 UTC [DEBUG] steampipe-plugin-hackernews.plugin: plugin address: network=unix address=/tmp/plugin1224831981 timestamp=2022-10-02T03:40:07.898Z
2022-10-02 03:40:07.898 UTC [DEBUG] using plugin: version=0
2022-10-02 03:40:07.898 UTC [TRACE] NewPluginClient for plugin hub.steampipe.io/plugins/turbot/hackernews@latest
2022-10-02 03:40:07.899 UTC [TRACE] stdio: waiting for stdio data
2022-10-02 03:40:07.900 UTC [TRACE] supportedOperations: query_cache:true multiple_connections:true
2022-10-02 03:40:07.900 UTC [TRACE] steampipe-plugin-hackernews.plugin: [TRACE] SetAllConnectionConfigs setting 1 configs
2022-10-02 03:40:07.900 UTC [TRACE] steampipe-plugin-hackernews.plugin: [TRACE] connection hackernews build schema and table map
2022-10-02 03:40:07.900 UTC [TRACE] steampipe-plugin-hackernews.plugin: [TRACE] initialise table hackernews_item
2022-10-02 03:40:07.900 UTC [TRACE] steampipe-plugin-hackernews.plugin: [TRACE] no DefaultRetryConfig defined - creating empty
2022-10-02 03:40:07.900 UTC [TRACE] steampipe-plugin-hackernews.plugin: [TRACE] no DefaultIgnoreConfig defined - creating empty
2022-10-02 03:40:07.900 UTC [TRACE] steampipe-plugin-hackernews.plugin: [TRACE] apply plugin defaults for DefaultRetryConfig
2022-10-02 03:40:07.900 UTC [TRACE] steampipe-plugin-hackernews.plugin: [TRACE] apply plugin defaults for DefaultIgnoreConfig, table &{<nil> <nil>} plugin &{<nil> <nil>}
2022-10-02 03:40:07.900 UTC [TRACE] steampipe-plugin-hackernews.plugin: [TRACE] DefaultRetryConfig:
2022-10-02 03:40:07.900 UTC [TRACE] steampipe-plugin-hackernews.plugin: [TRACE] DefaultIgnoreConfig:
2022-10-02 03:40:07.900 UTC [TRACE] steampipe-plugin-hackernews.plugin: [TRACE] t.Get.initialise
2022-10-02 03:40:07.900 UTC [TRACE] steampipe-plugin-hackernews.plugin: [TRACE] GetConfig.initialise table hackernews_item
2022-10-02 03:40:07.900 UTC [TRACE] steampipe-plugin-hackernews.plugin: [TRACE] GetConfig.initialise complete: RetryConfig: , IgnoreConfig:
2022-10-02 03:40:07.900 UTC [TRACE] steampipe-plugin-hackernews.plugin: [TRACE] t.List.initialise
2022-10-02 03:40:07.900 UTC [TRACE] steampipe-plugin-hackernews.plugin: [TRACE] ListConfig.initialise table hackernews_item
2022-10-02 03:40:07.900 UTC [TRACE] steampipe-plugin-hackernews.plugin: [TRACE] ListConfig.initialise complete: RetryConfig: , IgnoreConfig
2022-10-02 03:40:07.900 UTC [TRACE] steampipe-plugin-hackernews.plugin: [TRACE] HydrateConfig.initialise func getItem, table hackernews_item
2022-10-02 03:40:07.900 UTC [TRACE] steampipe-plugin-hackernews.plugin: [TRACE] HydrateConfig.initialise complete: RetryConfig: , IgnoreConfig:
2022-10-02 03:40:07.900 UTC [TRACE] steampipe-plugin-hackernews.plugin: [TRACE] back from initialiseHydrateConfigs
2022-10-02 03:40:07.900 UTC [TRACE] steampipe-plugin-hackernews.plugin: [TRACE] initialise table hackernews_item COMPLETE
2022-10-02 03:40:07.900 UTC [TRACE] steampipe-plugin-hackernews.plugin: [TRACE] initialise table hackernews_job
2022-10-02 03:40:07.900 UTC [TRACE] steampipe-plugin-hackernews.plugin: [TRACE] no DefaultRetryConfig defined - creating empty
2022-10-02 03:40:07.900 UTC [TRACE] steampipe-plugin-hackernews.plugin: [TRACE] no DefaultIgnoreConfig defined - creating empty
2022-10-02 03:40:07.900 UTC [TRACE] steampipe-plugin-hackernews.plugin: [TRACE] apply plugin defaults for DefaultRetryConfig
2022-10-02 03:40:07.900 UTC [TRACE] steampipe-plugin-hackernews.plugin: [TRACE] apply plugin defaults for DefaultIgnoreConfig, table &{<nil> <nil>} plugin &{<nil> <nil>}
2022-10-02 03:40:07.900 UTC [TRACE] steampipe-plugin-hackernews.plugin: [TRACE] DefaultRetryConfig:
2022-10-02 03:40:07.900 UTC [TRACE] steampipe-plugin-hackernews.plugin: [TRACE] DefaultIgnoreConfig:
2022-10-02 03:40:07.900 UTC [TRACE] steampipe-plugin-hackernews.plugin: [TRACE] t.Get.initialise
2022-10-02 03:40:07.900 UTC [TRACE] steampipe-plugin-hackernews.plugin: [TRACE] GetConfig.initialise table hackernews_job
2022-10-02 03:40:07.900 UTC [TRACE] steampipe-plugin-hackernews.plugin: [TRACE] GetConfig.initialise complete: RetryConfig: , IgnoreConfig:
2022-10-02 03:40:07.900 UTC [TRACE] steampipe-plugin-hackernews.plugin: [TRACE] t.List.initialise
2022-10-02 03:40:07.900 UTC [TRACE] steampipe-plugin-hackernews.plugin: [TRACE] ListConfig.initialise table hackernews_job
2022-10-02 03:40:07.900 UTC [TRACE] steampipe-plugin-hackernews.plugin: [TRACE] ListConfig.initialise complete: RetryConfig: , IgnoreConfig
2022-10-02 03:40:07.900 UTC [TRACE] steampipe-plugin-hackernews.plugin: [TRACE] HydrateConfig.initialise func getItem, table hackernews_job
2022-10-02 03:40:07.900 UTC [TRACE] steampipe-plugin-hackernews.plugin: [TRACE] HydrateConfig.initialise complete: RetryConfig: , IgnoreConfig:
2022-10-02 03:40:07.900 UTC [TRACE] steampipe-plugin-hackernews.plugin: [TRACE] back from initialiseHydrateConfigs
2022-10-02 03:40:07.900 UTC [TRACE] steampipe-plugin-hackernews.plugin: [TRACE] initialise table hackernews_job COMPLETE
2022-10-02 03:40:07.900 UTC [TRACE] steampipe-plugin-hackernews.plugin: [TRACE] initialise table hackernews_new
2022-10-02 03:40:07.900 UTC [TRACE] steampipe-plugin-hackernews.plugin: [TRACE] no DefaultRetryConfig defined - creating empty
2022-10-02 03:40:07.900 UTC [TRACE] steampipe-plugin-hackernews.plugin: [TRACE] no DefaultIgnoreConfig defined - creating empty
2022-10-02 03:40:07.900 UTC [TRACE] steampipe-plugin-hackernews.plugin: [TRACE] apply plugin defaults for DefaultRetryConfig
2022-10-02 03:40:07.900 UTC [TRACE] steampipe-plugin-hackernews.plugin: [TRACE] apply plugin defaults for DefaultIgnoreConfig, table &{<nil> <nil>} plugin &{<nil> <nil>}
2022-10-02 03:40:07.900 UTC [TRACE] steampipe-plugin-hackernews.plugin: [TRACE] DefaultRetryConfig:
2022-10-02 03:40:07.900 UTC [TRACE] steampipe-plugin-hackernews.plugin: [TRACE] DefaultIgnoreConfig:
2022-10-02 03:40:07.900 UTC [TRACE] steampipe-plugin-hackernews.plugin: [TRACE] t.Get.initialise
2022-10-02 03:40:07.900 UTC [TRACE] steampipe-plugin-hackernews.plugin: [TRACE] GetConfig.initialise table hackernews_new
2022-10-02 03:40:07.900 UTC [TRACE] steampipe-plugin-hackernews.plugin: [TRACE] GetConfig.initialise complete: RetryConfig: , IgnoreConfig:
2022-10-02 03:40:07.900 UTC [TRACE] steampipe-plugin-hackernews.plugin: [TRACE] t.List.initialise
2022-10-02 03:40:07.900 UTC [TRACE] steampipe-plugin-hackernews.plugin: [TRACE] ListConfig.initialise table hackernews_new
2022-10-02 03:40:07.900 UTC [TRACE] steampipe-plugin-hackernews.plugin: [TRACE] ListConfig.initialise complete: RetryConfig: , IgnoreConfig
2022-10-02 03:40:07.900 UTC [TRACE] steampipe-plugin-hackernews.plugin: [TRACE] HydrateConfig.initialise func getItem, table hackernews_new
2022-10-02 03:40:07.901 UTC [TRACE] steampipe-plugin-hackernews.plugin: [TRACE] HydrateConfig.initialise complete: RetryConfig: , IgnoreConfig:
2022-10-02 03:40:07.901 UTC [TRACE] steampipe-plugin-hackernews.plugin: [TRACE] back from initialiseHydrateConfigs
2022-10-02 03:40:07.901 UTC [TRACE] steampipe-plugin-hackernews.plugin: [TRACE] initialise table hackernews_new COMPLETE
2022-10-02 03:40:07.901 UTC [TRACE] steampipe-plugin-hackernews.plugin: [TRACE] initialise table hackernews_show_hn
2022-10-02 03:40:07.901 UTC [TRACE] steampipe-plugin-hackernews.plugin: [TRACE] no DefaultRetryConfig defined - creating empty
2022-10-02 03:40:07.901 UTC [TRACE] steampipe-plugin-hackernews.plugin: [TRACE] no DefaultIgnoreConfig defined - creating empty
2022-10-02 03:40:07.901 UTC [TRACE] steampipe-plugin-hackernews.plugin: [TRACE] apply plugin defaults for DefaultRetryConfig
2022-10-02 03:40:07.901 UTC [TRACE] steampipe-plugin-hackernews.plugin: [TRACE] apply plugin defaults for DefaultIgnoreConfig, table &{<nil> <nil>} plugin &{<nil> <nil>}
2022-10-02 03:40:07.901 UTC [TRACE] steampipe-plugin-hackernews.plugin: [TRACE] DefaultRetryConfig:
2022-10-02 03:40:07.901 UTC [TRACE] steampipe-plugin-hackernews.plugin: [TRACE] DefaultIgnoreConfig:
2022-10-02 03:40:07.901 UTC [TRACE] steampipe-plugin-hackernews.plugin: [TRACE] t.Get.initialise
2022-10-02 03:40:07.901 UTC [TRACE] steampipe-plugin-hackernews.plugin: [TRACE] GetConfig.initialise table hackernews_show_hn
2022-10-02 03:40:07.901 UTC [TRACE] steampipe-plugin-hackernews.plugin: [TRACE] GetConfig.initialise complete: RetryConfig: , IgnoreConfig:
2022-10-02 03:40:07.901 UTC [TRACE] steampipe-plugin-hackernews.plugin: [TRACE] t.List.initialise
2022-10-02 03:40:07.901 UTC [TRACE] steampipe-plugin-hackernews.plugin: [TRACE] ListConfig.initialise table hackernews_show_hn
2022-10-02 03:40:07.901 UTC [TRACE] steampipe-plugin-hackernews.plugin: [TRACE] ListConfig.initialise complete: RetryConfig: , IgnoreConfig
2022-10-02 03:40:07.901 UTC [TRACE] steampipe-plugin-hackernews.plugin: [TRACE] HydrateConfig.initialise func getItem, table hackernews_show_hn
2022-10-02 03:40:07.901 UTC [TRACE] steampipe-plugin-hackernews.plugin: [TRACE] HydrateConfig.initialise complete: RetryConfig: , IgnoreConfig:
2022-10-02 03:40:07.901 UTC [TRACE] steampipe-plugin-hackernews.plugin: [TRACE] back from initialiseHydrateConfigs
2022-10-02 03:40:07.901 UTC [TRACE] steampipe-plugin-hackernews.plugin: [TRACE] initialise table hackernews_show_hn COMPLETE
2022-10-02 03:40:07.901 UTC [TRACE] steampipe-plugin-hackernews.plugin: [TRACE] initialise table hackernews_top
2022-10-02 03:40:07.901 UTC [TRACE] steampipe-plugin-hackernews.plugin: [TRACE] no DefaultRetryConfig defined - creating empty
2022-10-02 03:40:07.901 UTC [TRACE] steampipe-plugin-hackernews.plugin: [TRACE] no DefaultIgnoreConfig defined - creating empty
2022-10-02 03:40:07.901 UTC [TRACE] steampipe-plugin-hackernews.plugin: [TRACE] apply plugin defaults for DefaultRetryConfig
2022-10-02 03:40:07.901 UTC [TRACE] steampipe-plugin-hackernews.plugin: [TRACE] apply plugin defaults for DefaultIgnoreConfig, table &{<nil> <nil>} plugin &{<nil> <nil>}
2022-10-02 03:40:07.901 UTC [TRACE] steampipe-plugin-hackernews.plugin: [TRACE] DefaultRetryConfig:
2022-10-02 03:40:07.901 UTC [TRACE] steampipe-plugin-hackernews.plugin: [TRACE] DefaultIgnoreConfig:
2022-10-02 03:40:07.901 UTC [TRACE] steampipe-plugin-hackernews.plugin: [TRACE] t.Get.initialise
2022-10-02 03:40:07.901 UTC [TRACE] steampipe-plugin-hackernews.plugin: [TRACE] GetConfig.initialise table hackernews_top
2022-10-02 03:40:07.901 UTC [TRACE] steampipe-plugin-hackernews.plugin: [TRACE] GetConfig.initialise complete: RetryConfig: , IgnoreConfig:
2022-10-02 03:40:07.901 UTC [TRACE] steampipe-plugin-hackernews.plugin: [TRACE] t.List.initialise
2022-10-02 03:40:07.901 UTC [TRACE] steampipe-plugin-hackernews.plugin: [TRACE] ListConfig.initialise table hackernews_top
2022-10-02 03:40:07.901 UTC [TRACE] steampipe-plugin-hackernews.plugin: [TRACE] ListConfig.initialise complete: RetryConfig: , IgnoreConfig
2022-10-02 03:40:07.901 UTC [TRACE] steampipe-plugin-hackernews.plugin: [TRACE] HydrateConfig.initialise func getItem, table hackernews_top
2022-10-02 03:40:07.901 UTC [TRACE] steampipe-plugin-hackernews.plugin: [TRACE] HydrateConfig.initialise complete: RetryConfig: , IgnoreConfig:
2022-10-02 03:40:07.901 UTC [TRACE] steampipe-plugin-hackernews.plugin: [TRACE] back from initialiseHydrateConfigs
2022-10-02 03:40:07.901 UTC [TRACE] steampipe-plugin-hackernews.plugin: [TRACE] initialise table hackernews_top COMPLETE
2022-10-02 03:40:07.901 UTC [TRACE] steampipe-plugin-hackernews.plugin: [TRACE] initialise table hackernews_user
2022-10-02 03:40:07.901 UTC [TRACE] steampipe-plugin-hackernews.plugin: [TRACE] no DefaultRetryConfig defined - creating empty
2022-10-02 03:40:07.901 UTC [TRACE] steampipe-plugin-hackernews.plugin: [TRACE] no DefaultIgnoreConfig defined - creating empty
2022-10-02 03:40:07.901 UTC [TRACE] steampipe-plugin-hackernews.plugin: [TRACE] apply plugin defaults for DefaultRetryConfig
2022-10-02 03:40:07.901 UTC [TRACE] steampipe-plugin-hackernews.plugin: [TRACE] apply plugin defaults for DefaultIgnoreConfig, table &{<nil> <nil>} plugin &{<nil> <nil>}
2022-10-02 03:40:07.901 UTC [TRACE] steampipe-plugin-hackernews.plugin: [TRACE] DefaultRetryConfig:
2022-10-02 03:40:07.901 UTC [TRACE] steampipe-plugin-hackernews.plugin: [TRACE] DefaultIgnoreConfig:
2022-10-02 03:40:07.901 UTC [TRACE] steampipe-plugin-hackernews.plugin: [TRACE] t.List.initialise
2022-10-02 03:40:07.901 UTC [TRACE] steampipe-plugin-hackernews.plugin: [TRACE] ListConfig.initialise table hackernews_user
2022-10-02 03:40:07.901 UTC [TRACE] steampipe-plugin-hackernews.plugin: [TRACE] ListConfig.initialise complete: RetryConfig: , IgnoreConfig
2022-10-02 03:40:07.901 UTC [TRACE] steampipe-plugin-hackernews.plugin: [TRACE] back from initialiseHydrateConfigs
2022-10-02 03:40:07.901 UTC [TRACE] steampipe-plugin-hackernews.plugin: [TRACE] initialise table hackernews_user COMPLETE
2022-10-02 03:40:07.901 UTC [TRACE] steampipe-plugin-hackernews.plugin: [TRACE] initialise table hackernews_ask_hn
2022-10-02 03:40:07.901 UTC [TRACE] steampipe-plugin-hackernews.plugin: [TRACE] no DefaultRetryConfig defined - creating empty
2022-10-02 03:40:07.901 UTC [TRACE] steampipe-plugin-hackernews.plugin: [TRACE] no DefaultIgnoreConfig defined - creating empty
2022-10-02 03:40:07.901 UTC [TRACE] steampipe-plugin-hackernews.plugin: [TRACE] apply plugin defaults for DefaultRetryConfig
2022-10-02 03:40:07.901 UTC [TRACE] steampipe-plugin-hackernews.plugin: [TRACE] apply plugin defaults for DefaultIgnoreConfig, table &{<nil> <nil>} plugin &{<nil> <nil>}
2022-10-02 03:40:07.901 UTC [TRACE] steampipe-plugin-hackernews.plugin: [TRACE] DefaultRetryConfig:
2022-10-02 03:40:07.901 UTC [TRACE] steampipe-plugin-hackernews.plugin: [TRACE] DefaultIgnoreConfig:
2022-10-02 03:40:07.901 UTC [TRACE] steampipe-plugin-hackernews.plugin: [TRACE] t.Get.initialise
2022-10-02 03:40:07.901 UTC [TRACE] steampipe-plugin-hackernews.plugin: [TRACE] GetConfig.initialise table hackernews_ask_hn
2022-10-02 03:40:07.901 UTC [TRACE] steampipe-plugin-hackernews.plugin: [TRACE] GetConfig.initialise complete: RetryConfig: , IgnoreConfig:
2022-10-02 03:40:07.901 UTC [TRACE] steampipe-plugin-hackernews.plugin: [TRACE] t.List.initialise
2022-10-02 03:40:07.901 UTC [TRACE] steampipe-plugin-hackernews.plugin: [TRACE] ListConfig.initialise table hackernews_ask_hn
2022-10-02 03:40:07.901 UTC [TRACE] steampipe-plugin-hackernews.plugin: [TRACE] ListConfig.initialise complete: RetryConfig: , IgnoreConfig
2022-10-02 03:40:07.901 UTC [TRACE] steampipe-plugin-hackernews.plugin: [TRACE] HydrateConfig.initialise func getItem, table hackernews_ask_hn
2022-10-02 03:40:07.901 UTC [TRACE] steampipe-plugin-hackernews.plugin: [TRACE] HydrateConfig.initialise complete: RetryConfig: , IgnoreConfig:
2022-10-02 03:40:07.901 UTC [TRACE] steampipe-plugin-hackernews.plugin: [TRACE] back from initialiseHydrateConfigs
2022-10-02 03:40:07.901 UTC [TRACE] steampipe-plugin-hackernews.plugin: [TRACE] initialise table hackernews_ask_hn COMPLETE
2022-10-02 03:40:07.901 UTC [TRACE] steampipe-plugin-hackernews.plugin: [TRACE] initialise table hackernews_best
2022-10-02 03:40:07.901 UTC [TRACE] steampipe-plugin-hackernews.plugin: [TRACE] no DefaultRetryConfig defined - creating empty
2022-10-02 03:40:07.901 UTC [TRACE] steampipe-plugin-hackernews.plugin: [TRACE] no DefaultIgnoreConfig defined - creating empty
2022-10-02 03:40:07.901 UTC [TRACE] steampipe-plugin-hackernews.plugin: [TRACE] apply plugin defaults for DefaultRetryConfig
2022-10-02 03:40:07.901 UTC [TRACE] steampipe-plugin-hackernews.plugin: [TRACE] apply plugin defaults for DefaultIgnoreConfig, table &{<nil> <nil>} plugin &{<nil> <nil>}
2022-10-02 03:40:07.901 UTC [TRACE] steampipe-plugin-hackernews.plugin: [TRACE] DefaultRetryConfig:
2022-10-02 03:40:07.901 UTC [TRACE] steampipe-plugin-hackernews.plugin: [TRACE] DefaultIgnoreConfig:
2022-10-02 03:40:07.901 UTC [TRACE] steampipe-plugin-hackernews.plugin: [TRACE] t.Get.initialise
2022-10-02 03:40:07.901 UTC [TRACE] steampipe-plugin-hackernews.plugin: [TRACE] GetConfig.initialise table hackernews_best
2022-10-02 03:40:07.901 UTC [TRACE] steampipe-plugin-hackernews.plugin: [TRACE] GetConfig.initialise complete: RetryConfig: , IgnoreConfig:
2022-10-02 03:40:07.901 UTC [TRACE] steampipe-plugin-hackernews.plugin: [TRACE] t.List.initialise
2022-10-02 03:40:07.901 UTC [TRACE] steampipe-plugin-hackernews.plugin: [TRACE] ListConfig.initialise table hackernews_best
2022-10-02 03:40:07.901 UTC [TRACE] steampipe-plugin-hackernews.plugin: [TRACE] ListConfig.initialise complete: RetryConfig: , IgnoreConfig
2022-10-02 03:40:07.901 UTC [TRACE] steampipe-plugin-hackernews.plugin: [TRACE] HydrateConfig.initialise func getItem, table hackernews_best
2022-10-02 03:40:07.901 UTC [TRACE] steampipe-plugin-hackernews.plugin: [TRACE] HydrateConfig.initialise complete: RetryConfig: , IgnoreConfig:
2022-10-02 03:40:07.901 UTC [TRACE] steampipe-plugin-hackernews.plugin: [TRACE] back from initialiseHydrateConfigs
2022-10-02 03:40:07.901 UTC [TRACE] steampipe-plugin-hackernews.plugin: [TRACE] initialise table hackernews_best COMPLETE
2022-10-02 03:40:07.901 UTC [TRACE] steampipe-plugin-hackernews.plugin: [TRACE] validate plugin steampipe-plugin-hackernews, required columns []
2022-10-02 03:40:07.901 UTC [TRACE] steampipe-plugin-hackernews.plugin: [TRACE] validate DefaultRetryConfig
2022-10-02 03:40:07.901 UTC [TRACE] steampipe-plugin-hackernews.plugin: [TRACE] validate DefaultIgnoreConfig
2022-10-02 03:40:07.901 UTC [TRACE] steampipe-plugin-hackernews.plugin: [TRACE] validate table names
2022-10-02 03:40:07.901 UTC [TRACE] steampipe-plugin-hackernews.plugin: [TRACE] plugin has 0 validation errors
2022-10-02 03:40:07.901 UTC [TRACE] steampipe-plugin-hackernews.plugin: [TRACE] Plugin ensureCache creating cache, maxCacheStorageMb 0
2022-10-02 03:40:07.901 UTC [TRACE] steampipe-plugin-hackernews.plugin: [TRACE] createCacheStore for plugin 'steampipe-plugin-hackernews' setting max size to 0Mb, Shards: 2, max shard size: 0
2022-10-02 03:40:07.914 UTC [INFO]  steampipe-plugin-hackernews.plugin: [INFO]  query cache created
2022-10-02 03:40:07.914 UTC [DEBUG] steampipe-plugin-hackernews.plugin: [DEBUG] SetAllConnectionConfigs finished
2022-10-02 03:40:07.915 UTC [TRACE] PluginManager getPlugin complete, returning reattach config with PID: 2151
2022-10-02 03:40:07.915 UTC [TRACE] PluginManager Get returning reattach_map:{key:"hackernews" value:{protocol:"grpc" addr:{Network:"unix" Address:"/tmp/plugin1224831981"} pid:2151 supported_operations:{query_cache:true multiple_connections:true} connections:"hackernews" plugin:"hub.steampipe.io/plugins/turbot/hackernews@latest"}}
2022-10-02 03:40:07.921 UTC [INFO]  steampipe-plugin-hackernews.plugin: [INFO]  1664682007654: Plugin Execute (1664682007654)
2022-10-02 03:40:07.921 UTC [TRACE] steampipe-plugin-hackernews.plugin: [TRACE] 1664682007654: No memory limit set
2022-10-02 03:40:07.921 UTC [INFO]  steampipe-plugin-hackernews.plugin: [INFO]  1664682007654: Plugin Execute, setting memory limit to -1Mb
2022-10-02 03:40:07.921 UTC [TRACE] steampipe-plugin-hackernews.plugin: [TRACE] 1664682007654: calling ExtractContextFromCarrier
2022-10-02 03:40:07.921 UTC [INFO]  steampipe-plugin-hackernews.plugin: [INFO]  1664682007654: Setting max concurrent connections to 25
2022-10-02 03:40:07.921 UTC [TRACE] steampipe-plugin-hackernews.plugin: [TRACE] 1664682007654: executeForConnection callId: 1664682007654, connectionCallId: hackernews-1664682007654, connection: hackernews table: hackernews_new cols: id,title,time,by,score,dead,deleted,descendants,kids,parent,parts,poll,text,type,url,_ctx
2022-10-02 03:40:07.921 UTC [TRACE] steampipe-plugin-hackernews.plugin: [TRACE] 1664682007654: got connection data
2022-10-02 03:40:07.921 UTC [TRACE] steampipe-plugin-hackernews.plugin: [TRACE] 1664682007654: Got query context, table: hackernews_new, cols: [id title time by score dead deleted descendants kids parent parts poll text type url _ctx]
2022-10-02 03:40:07.921 UTC [TRACE] steampipe-plugin-hackernews.plugin: [TRACE] 1664682007654: Start execute span
2022-10-02 03:40:07.921 UTC [INFO]  steampipe-plugin-hackernews.plugin: [INFO]  1664682007654: Setting free memory interval to 100 rows
2022-10-02 03:40:07.921 UTC [TRACE] steampipe-plugin-hackernews.plugin: [TRACE] 1664682007654: setFetchType map[time:quals:{fieldName:"time"  string_value:">"  value:{timestamp_value:{seconds:1664678407  nanos:862480000}}}]
2022-10-02 03:40:07.922 UTC [TRACE] steampipe-plugin-hackernews.plugin: [TRACE] 1664682007654: getMatchingQuals column:'id' operator: =
2022-10-02 03:40:07.922 UTC [TRACE] steampipe-plugin-hackernews.plugin: [TRACE] 1664682007654: getMatchingQuals returning false - qualMap does not contain any quals for column id
2022-10-02 03:40:07.923 UTC [TRACE] steampipe-plugin-hackernews.plugin: [TRACE] 1664682007654: GetUnsatisfiedKeyColumns for columns column:'id' operator: =
2022-10-02 03:40:07.924 UTC [TRACE] steampipe-plugin-hackernews.plugin: [TRACE] 1664682007654: key column NOT satisfied column:'id' operator: =
2022-10-02 03:40:07.924 UTC [TRACE] steampipe-plugin-hackernews.plugin: [TRACE] 1664682007654: satisfied: map[any_of: optional: required:]
2022-10-02 03:40:07.924 UTC [TRACE] steampipe-plugin-hackernews.plugin: [TRACE] 1664682007654: unsatisfied: map[any_of: optional: required:column:'id' operator: =]
2022-10-02 03:40:07.925 UTC [TRACE] steampipe-plugin-hackernews.plugin: [TRACE] 1664682007654: unsatisfied required KeyColumns: column:'id' operator: =
2022-10-02 03:40:07.925 UTC [TRACE] steampipe-plugin-hackernews.plugin: [TRACE] 1664682007654: Set fetchType to fetchTypeList
2022-10-02 03:40:07.925 UTC [TRACE] steampipe-plugin-hackernews.plugin: [TRACE] 1664682007654: Equals key column quals:
2022-10-02 03:40:07.925 UTC [DEBUG] steampipe-plugin-hackernews.plugin: {}
2022-10-02 03:40:07.925 UTC [TRACE] steampipe-plugin-hackernews.plugin: [TRACE] 1664682007654: All key column quals:
2022-10-02 03:40:07.925 UTC [DEBUG] steampipe-plugin-hackernews.plugin: {}
2022-10-02 03:40:07.925 UTC [TRACE] steampipe-plugin-hackernews.plugin: [TRACE] 1664682007654: GetMatrixItem
2022-10-02 03:40:07.925 UTC [TRACE] steampipe-plugin-hackernews.plugin: [TRACE] 1664682007654: creating query data
2022-10-02 03:40:07.925 UTC [INFO]  steampipe-plugin-hackernews.plugin: [INFO]  1664682007654: cacheEnabled, trying cache get (hackernews-1664682007654)
2022-10-02 03:40:07.925 UTC [TRACE] steampipe-plugin-hackernews.plugin: [TRACE] 1664682007654: QueryCache Get - indexBucketKey index__hackernewshackernews_new, quals
2022-10-02 03:40:07.925 UTC [TRACE] steampipe-plugin-hackernews.plugin: [TRACE] 1664682007654: QueryCache getCachedQueryResult - table hackernews_new, connectionName hackernews
2022-10-02 03:40:07.925 UTC [TRACE] steampipe-plugin-hackernews.plugin: [TRACE] 1664682007654: index bucket key: index__hackernewshackernews_new ttlSeconds 300 limit: -1
2022-10-02 03:40:07.925 UTC [TRACE] steampipe-plugin-hackernews.plugin: [TRACE] 1664682007654: doGet cache miss
2022-10-02 03:40:07.925 UTC [TRACE] steampipe-plugin-hackernews.plugin: [TRACE] 1664682007654: getCachedIndexBucket - no item retrieved for cache key index__hackernewshackernews_new
2022-10-02 03:40:07.925 UTC [TRACE] steampipe-plugin-hackernews.plugin: [TRACE] 1664682007654: getCachedQueryResult returned CACHE MISS - checking for pending transfers
2022-10-02 03:40:07.925 UTC [TRACE] steampipe-plugin-hackernews.plugin: [TRACE] 1664682007654: getPendingResultItem indexBucketKey index__hackernewshackernews_new, columns [id title time by score dead deleted descendants kids parent parts poll text type url _ctx], limit -1
2022-10-02 03:40:07.925 UTC [TRACE] steampipe-plugin-hackernews.plugin: [TRACE] 1664682007654: no pending index item - add pending result, indexBucketKey index__hackernewshackernews_new
2022-10-02 03:40:07.925 UTC [TRACE] steampipe-plugin-hackernews.plugin: [TRACE] 1664682007654: addPendingResult (hackernews-1664682007654) indexBucketKey index__hackernewshackernews_new, columns [id title time by score dead deleted descendants kids parent parts poll text type url _ctx], limit -1
2022-10-02 03:40:07.925 UTC [TRACE] steampipe-plugin-hackernews.plugin: [TRACE] 1664682007654: no index bucket found - creating one
2022-10-02 03:40:07.925 UTC [TRACE] steampipe-plugin-hackernews.plugin: [TRACE] 1664682007654: pendingIndexItem Lock count before 0
2022-10-02 03:40:07.925 UTC [TRACE] steampipe-plugin-hackernews.plugin: [TRACE] 1664682007654: addPendingResult added pending index item to bucket, (hackernews-1664682007654) indexBucketKey index__hackernewshackernews_new, resultKeyRoot hackernewshackernews_newid,title,time,by,score,dead,deleted,descendants,kids,parent,parts,poll,text,type,url,_ctx-1, pending item : 0xc00043f5c0
2022-10-02 03:40:07.925 UTC [TRACE] steampipe-plugin-hackernews.plugin: [TRACE] 1664682007654: **** pending items (hackernews-1664682007654)****
2022-10-02 03:40:07.925 UTC [TRACE] steampipe-plugin-hackernews.plugin: [TRACE] 1664682007654: key: index__hackernewshackernews_new: item: 0xc00043f5c0, count: 1, key:hackernewshackernews_newid,title,time,by,score,dead,deleted,descendants,kids,parent,parts,poll,text,type,url,_ctx-1
2022-10-02 03:40:07.925 UTC [TRACE] steampipe-plugin-hackernews.plugin: [TRACE] 1664682007654: ********
2022-10-02 03:40:07.925 UTC [TRACE] steampipe-plugin-hackernews.plugin: [TRACE] 1664682007654: getPendingResultItem returning <nil>
2022-10-02 03:40:07.925 UTC [INFO]  steampipe-plugin-hackernews.plugin: [INFO]  1664682007654: CACHE MISS
2022-10-02 03:40:07.925 UTC [TRACE] steampipe-plugin-hackernews.plugin: [TRACE] 1664682007654: cache MISS
2022-10-02 03:40:07.925 UTC [INFO]  steampipe-plugin-hackernews.plugin: [INFO]  1664682007654: queryCacheGet returned CACHE MISS (hackernews-1664682007654)
2022-10-02 03:40:07.925 UTC [TRACE] steampipe-plugin-hackernews.plugin: [TRACE] 1664682007654: StartSet (hackernews-1664682007654)
2022-10-02 03:40:07.925 UTC [TRACE] steampipe-plugin-hackernews.plugin: [TRACE] 1664682007654: calling fetchItems, table: hackernews_new, matrixItem: [], limit: -1,  connectionCallId: hackernews-1664682007654"
2022-10-02 03:40:07.925 UTC [TRACE] steampipe-plugin-hackernews.plugin: [TRACE] 1664682007654: buildRowsAsync connectionCallId: hackernews-1664682007654
2022-10-02 03:40:07.925 UTC [TRACE] steampipe-plugin-hackernews.plugin: [TRACE] 1664682007654: streamRows connectionCallId: hackernews-1664682007654
2022-10-02 03:40:07.925 UTC [TRACE] steampipe-plugin-hackernews.plugin: [TRACE] 1664682007654: QueryData streamRows (hackernews-1664682007654)
2022-10-02 03:40:07.925 UTC [TRACE] steampipe-plugin-hackernews.plugin: [TRACE] 1664682007654: executeListCall START (hackernews-1664682007654)
2022-10-02 03:40:07.925 UTC [TRACE] steampipe-plugin-hackernews.plugin: [TRACE] 1664682007654: GetUnsatisfiedKeyColumns for columns
2022-10-02 03:40:07.925 UTC [TRACE] steampipe-plugin-hackernews.plugin: [TRACE] 1664682007654: doList (hackernews-1664682007654)
2022-10-02 03:40:07.925 UTC [TRACE] steampipe-plugin-hackernews.plugin: [TRACE] 1664682007654: doList: no matrix item
2022-10-02 03:40:08.149 UTC [TRACE] steampipe-plugin-hackernews.plugin: [TRACE] 1664682007654: QueryData.fetchComplete
2022-10-02 03:40:08.149 UTC [TRACE] steampipe-plugin-hackernews.plugin: [TRACE] 1664682007654: executeListCall COMPLETE (hackernews-1664682007654)
2022-10-02 03:40:08.150 UTC [TRACE] steampipe-plugin-hackernews.plugin: [TRACE] 1664682007654: rowData chan returned nil - wait for rows to complete (hackernews-1664682007654)
2022-10-02 03:40:08.189 UTC [TRACE] stdio: received data: channel=STDOUT len=23
2022-10-02 03:40:08.189 UTC [TRACE] stdio: waiting for stdio data
2022-10-02 03:40:08.321 UTC [TRACE] stdio: received data: channel=STDOUT len=1024
2022-10-02 03:40:08.321 UTC [TRACE] stdio: waiting for stdio data
2022-10-02 03:40:08.391 UTC [TRACE] stdio: received data: channel=STDOUT len=952
2022-10-02 03:40:08.391 UTC [TRACE] stdio: waiting for stdio data
2022-10-02 03:40:08.477 UTC [TRACE] stdio: received data: channel=STDOUT len=473
2022-10-02 03:40:08.477 UTC [TRACE] stdio: waiting for stdio data
2022-10-02 03:40:08.515 UTC [TRACE] stdio: received data: channel=STDOUT len=1019
2022-10-02 03:40:08.515 UTC [TRACE] stdio: waiting for stdio data
2022-10-02 03:40:08.609 UTC [TRACE] stdio: received data: channel=STDOUT len=751
2022-10-02 03:40:08.609 UTC [TRACE] stdio: waiting for stdio data
2022-10-02 03:40:08.629 UTC [TRACE] stdio: received data: channel=STDOUT len=1024
2022-10-02 03:40:08.630 UTC [TRACE] stdio: waiting for stdio data
2022-10-02 03:40:08.663 UTC [TRACE] steampipe-plugin-hackernews.plugin: [TRACE] 1664682007654: buildRowsAsync goroutine returning (hackernews-1664682007654)
2022-10-02 03:40:08.663 UTC [TRACE] steampipe-plugin-hackernews.plugin: [TRACE] 1664682007654: streamRows - nil row, stop streaming (hackernews-1664682007654)
2022-10-02 03:40:08.663 UTC [TRACE] steampipe-plugin-hackernews.plugin: [TRACE] 1664682007654: ------------------------------------
2022-10-02 03:40:08.663 UTC [TRACE] steampipe-plugin-hackernews.plugin: [TRACE] 1664682007654: Concurrency Summary
2022-10-02 03:40:08.663 UTC [TRACE] steampipe-plugin-hackernews.plugin: [TRACE] 1664682007654: ------------------------------------
2022-10-02 03:40:08.663 UTC [TRACE] steampipe-plugin-hackernews.plugin: [TRACE] 1664682007654: getItem                       : 200
2022-10-02 03:40:08.663 UTC [TRACE] steampipe-plugin-hackernews.plugin: [TRACE] 1664682007654: ------------------------------------
2022-10-02 03:40:08.663 UTC [TRACE] steampipe-plugin-hackernews.plugin: [TRACE] 1664682007654: Total                         : 200
2022-10-02 03:40:08.663 UTC [TRACE] steampipe-plugin-hackernews.plugin: [TRACE] 1664682007654: ------------------------------------
2022-10-02 03:40:08.663 UTC [TRACE] steampipe-plugin-hackernews.plugin: [TRACE] 1664682007654: QueryData streamRows DONE (hackernews-1664682007654)
2022-10-02 03:40:08.663 UTC [TRACE] steampipe-plugin-hackernews.plugin: [TRACE] 1664682007654: EndSet (hackernews-1664682007654) table hackernews_new
2022-10-02 03:40:08.663 UTC [TRACE] steampipe-plugin-hackernews.plugin: [TRACE] 1664682007654: QueryCache writePageToCache: 500 rows, pageCount 1, page key hackernewshackernews_newid,title,time,by,score,dead,deleted,descendants,kids,parent,parts,poll,text,type,url,_ctx-1-0
2022-10-02 03:40:08.673 UTC [TRACE] steampipe-plugin-hackernews.plugin: [TRACE] 1664682007654: writePageToCache Set - result written
2022-10-02 03:40:08.673 UTC [TRACE] steampipe-plugin-hackernews.plugin: [TRACE] 1664682007654: QueryCache EndSet - result written
2022-10-02 03:40:08.673 UTC [TRACE] steampipe-plugin-hackernews.plugin: [TRACE] 1664682007654: doGet cache miss
2022-10-02 03:40:08.673 UTC [TRACE] steampipe-plugin-hackernews.plugin: [TRACE] 1664682007654: getCachedIndexBucket - no item retrieved for cache key index__hackernewshackernews_new
2022-10-02 03:40:08.674 UTC [TRACE] steampipe-plugin-hackernews.plugin: [TRACE] 1664682007654: getCachedIndexBucket returned cache miss
2022-10-02 03:40:08.674 UTC [TRACE] steampipe-plugin-hackernews.plugin: [TRACE] 1664682007654: QueryCache EndSet - Added index item (0xc01afbaea0) to bucket (0xc01aeb0d80), page count 1,  key root hackernewshackernews_newid,title,time,by,score,dead,deleted,descendants,kids,parent,parts,poll,text,type,url,_ctx-1
2022-10-02 03:40:08.674 UTC [TRACE] steampipe-plugin-hackernews.plugin: [TRACE] 1664682007654: cacheSetIndexBucket index__hackernewshackernews_new
2022-10-02 03:40:08.674 UTC [TRACE] steampipe-plugin-hackernews.plugin: [TRACE] 1664682007654: QueryCache EndSet - IndexBucket written
2022-10-02 03:40:08.674 UTC [TRACE] steampipe-plugin-hackernews.plugin: [TRACE] 1664682007654: EndSet DEFER (hackernews-1664682007654) table hackernews_new
2022-10-02 03:40:08.674 UTC [TRACE] steampipe-plugin-hackernews.plugin: [TRACE] 1664682007654: calling pendingItemComplete (hackernews-1664682007654)
2022-10-02 03:40:08.674 UTC [TRACE] steampipe-plugin-hackernews.plugin: [TRACE] 1664682007654: pendingItemComplete (hackernews-1664682007654) indexBucketKey index__hackernewshackernews_new, columns [id title time by score dead deleted descendants kids parent parts poll text type url _ctx], limit -1
2022-10-02 03:40:08.674 UTC [TRACE] steampipe-plugin-hackernews.plugin: [TRACE] 1664682007654: got pending index bucket, (hackernews-1664682007654) len 1
2022-10-02 03:40:08.674 UTC [TRACE] steampipe-plugin-hackernews.plugin: [TRACE] 1664682007654: SatisfiesLimit limit -1, no item limit - satisfied
2022-10-02 03:40:08.674 UTC [TRACE] steampipe-plugin-hackernews.plugin: [TRACE] 1664682007654: found pending index item to satisfy columns id,title,time,by,score,dead,deleted,descendants,kids,parent,parts,poll,text,type,url,_ctx, limit -1
2022-10-02 03:40:08.674 UTC [TRACE] steampipe-plugin-hackernews.plugin: [TRACE] 1664682007654: found completed pending item (hackernews-1664682007654) 0xc00043f5c0, key hackernewshackernews_newid,title,time,by,score,dead,deleted,descendants,kids,parent,parts,poll,text,type,url,_ctx-1 - removing from map as it is complete
2022-10-02 03:40:08.674 UTC [TRACE] steampipe-plugin-hackernews.plugin: [TRACE] 1664682007654: pendingIndexItem Unlock count before 1 key hackernewshackernews_newid,title,time,by,score,dead,deleted,descendants,kids,parent,parts,poll,text,type,url,_ctx-1
2022-10-02 03:40:08.674 UTC [TRACE] steampipe-plugin-hackernews.plugin: [TRACE] 1664682007654: deleted from pending, (hackernews-1664682007654) len 0
2022-10-02 03:40:08.674 UTC [TRACE] steampipe-plugin-hackernews.plugin: [TRACE] 1664682007654: pending bucket now empty - deleting key index__hackernewshackernews_new
2022-10-02 03:40:08.674 UTC [TRACE] steampipe-plugin-hackernews.plugin: [TRACE] 1664682007654: pendingItemComplete done (hackernews-1664682007654)
2022-10-02 03:40:08.674 UTC [TRACE] steampipe-plugin-hackernews.plugin: [TRACE] 1664682007654: cache set succeeded
2022-10-02 03:40:08.674 UTC [TRACE] steampipe-plugin-hackernews.plugin: [TRACE] 1664682007654: End execute span
2022-10-02 03:40:08.674 UTC [TRACE] steampipe-plugin-hackernews.plugin: [TRACE] 1664682007654: executeForConnection DEFER (hackernews-1664682007654)
2022-10-02 03:40:08.674 UTC [TRACE] steampipe-plugin-hackernews.plugin: [TRACE] 1664682007654: Execute complete callId: hackernews-1664682007654 table: hackernews_new
2022-10-02 03:40:08.675 UTC [TRACE] steampipe-plugin-hackernews.plugin: [TRACE] 1664682007654: executeForConnection hackernews returned
2022-10-02 03:40:08.683 UTC [TRACE] steampipe-plugin-hackernews.plugin: [TRACE] 1664682007654: output wg complete - send nil row
2022-10-02 03:40:08.683 UTC [TRACE] steampipe-plugin-hackernews.plugin: [TRACE] 1664682007654: empty row on output channel - we are done
2022-10-02 03:40:08.683 UTC [INFO]  steampipe-plugin-hackernews.plugin: [INFO]  1664682007654: Plugin Execute complete (1664682007654)
2022-10-02 03:40:08.684 UTC [TRACE] stdio: received data: channel=STDOUT len=20
2022-10-02 03:40:08.684 UTC [TRACE] stdio: waiting for stdio data
2022-10-02 03:40:08.748 UTC [TRACE] PluginManager Shutdown
2022-10-02 03:40:08.748 UTC [TRACE] killing plugin csv (2129)
2022-10-02 03:40:08.749 UTC [DEBUG] stdio: received EOF, stopping recv loop: err="rpc error: code = Unavailable desc = error reading from server: EOF"
2022-10-02 03:40:08.749 UTC [TRACE] steampipe-plugin-csv.plugin: [TRACE] FLUSHING instrumentation
2022-10-02 03:40:08.749 UTC [TRACE] steampipe-plugin-csv.plugin: [TRACE] Shutdown instrumentation
2022-10-02 03:40:08.750 UTC [INFO]  plugin process exited: path=/home/runner/.steampipe/plugins/hub.steampipe.io/plugins/turbot/csv@latest/steampipe-plugin-csv.plugin pid=2129
2022-10-02 03:40:08.750 UTC [DEBUG] plugin exited
2022-10-02 03:40:08.750 UTC [TRACE] killing plugin hackernews (2151)
2022-10-02 03:40:08.751 UTC [DEBUG] stdio: received EOF, stopping recv loop: err="rpc error: code = Unavailable desc = error reading from server: EOF"
2022-10-02 03:40:08.751 UTC [TRACE] steampipe-plugin-hackernews.plugin: [TRACE] 1664682007654: FLUSHING instrumentation
2022-10-02 03:40:08.751 UTC [TRACE] steampipe-plugin-hackernews.plugin: [TRACE] 1664682007654: Shutdown instrumentation
2022-10-02 03:40:08.757 UTC [INFO]  plugin process exited: path=/home/runner/.steampipe/plugins/hub.steampipe.io/plugins/turbot/hackernews@latest/steampipe-plugin-hackernews.plugin pid=2151
2022-10-02 03:40:08.757 UTC [DEBUG] plugin exited
2022-10-02 03:40:12.192 UTC [WARN]  PluginManager setPluginCacheSizeMap: 4 connections.
2022-10-02 03:40:12.192 UTC [WARN]  Total cache size 0Mb
2022-10-02 03:40:12.258 UTC [WARN]  plugin configured with a nil SecureConfig
2022-10-02 03:40:12.537 UTC [WARN]  steampipe-plugin-csv.plugin: [WARN]  1664682012955: getKeyColumnsForTable found no schema for table '/home/runner/work/steampipe-samples/steampipe-samples/all/hackernews/hn.csv'
2022-10-02 03:40:34.039 UTC [WARN]  PluginManager setPluginCacheSizeMap: 4 connections.
2022-10-02 03:40:34.039 UTC [WARN]  Total cache size 0Mb
2022-10-02 03:40:34.111 UTC [WARN]  plugin configured with a nil SecureConfig
2022-10-02 03:40:34.302 UTC [WARN]  steampipe-plugin-csv.plugin: [WARN]  166468203480: getKeyColumnsForTable found no schema for table '/home/runner/work/steampipe-samples/steampipe-samples/all/hackernews/hn.csv'
2022-10-02 03:40:55.127 UTC [WARN]  PluginManager setPluginCacheSizeMap: 4 connections.
2022-10-02 03:40:55.127 UTC [WARN]  Total cache size 0Mb
2022-10-02 03:40:55.195 UTC [WARN]  plugin configured with a nil SecureConfig
2022-10-02 03:40:56.382 UTC [WARN]  PluginManager setPluginCacheSizeMap: 4 connections.
2022-10-02 03:40:56.382 UTC [WARN]  Total cache size 0Mb
2022-10-02 03:40:56.447 UTC [WARN]  plugin configured with a nil SecureConfig
2022-10-02 03:40:57.442 UTC [WARN]  PluginManager setPluginCacheSizeMap: 4 connections.
2022-10-02 03:40:57.442 UTC [WARN]  Total cache size 0Mb
2022-10-02 03:40:57.510 UTC [WARN]  plugin configured with a nil SecureConfig
2022-10-02 03:40:58.384 UTC [WARN]  PluginManager setPluginCacheSizeMap: 4 connections.
2022-10-02 03:40:58.384 UTC [WARN]  Total cache size 0Mb
2022-10-02 03:40:58.456 UTC [WARN]  plugin configured with a nil SecureConfig
2022-10-02 03:40:59.398 UTC [WARN]  PluginManager setPluginCacheSizeMap: 4 connections.
2022-10-02 03:40:59.398 UTC [WARN]  Total cache size 0Mb
2022-10-02 03:40:59.465 UTC [WARN]  plugin configured with a nil SecureConfig
2022-10-02 03:41:00.402 UTC [WARN]  PluginManager setPluginCacheSizeMap: 4 connections.
2022-10-02 03:41:00.402 UTC [WARN]  Total cache size 0Mb
2022-10-02 03:41:00.469 UTC [WARN]  plugin configured with a nil SecureConfig
2022-10-02 03:41:01.301 UTC [WARN]  PluginManager setPluginCacheSizeMap: 4 connections.
2022-10-02 03:41:01.301 UTC [WARN]  Total cache size 0Mb
2022-10-02 03:41:01.368 UTC [WARN]  plugin configured with a nil SecureConfig
2022-10-02 03:41:02.170 UTC [WARN]  PluginManager setPluginCacheSizeMap: 4 connections.
2022-10-02 03:41:02.170 UTC [WARN]  Total cache size 0Mb
2022-10-02 03:41:02.236 UTC [WARN]  plugin configured with a nil SecureConfig
2022-10-02 03:41:02.422 UTC [WARN]  plugin configured with a nil SecureConfig
2022-10-02 03:42:38.586 UTC [WARN]  PluginManager setPluginCacheSizeMap: 4 connections.
2022-10-02 03:42:38.586 UTC [WARN]  Total cache size 0Mb
2022-10-02 03:42:38.653 UTC [WARN]  plugin configured with a nil SecureConfig
2022-10-02 03:42:39.491 UTC [WARN]  PluginManager setPluginCacheSizeMap: 4 connections.
2022-10-02 03:42:39.491 UTC [WARN]  Total cache size 0Mb
2022-10-02 03:42:39.557 UTC [WARN]  plugin configured with a nil SecureConfig
2022-10-02 03:42:39.572 UTC [ERROR] steampipe-plugin-csv.plugin: [ERROR] csv.tableCSV: header_parse_error=EOF path=/home/runner/work/steampipe-samples/steampipe-samples/all/hackernews/new_sc.csv header=[]
2022-10-02 03:42:39.572 UTC [ERROR] steampipe-plugin-csv.plugin: [ERROR] csv.PluginTables: create_table_error="failed to parse file header /home/runner/work/steampipe-samples/steampipe-samples/all/hackernews/new_sc.csv: EOF" path=/home/runner/work/steampipe-samples/steampipe-samples/all/hackernews/new_sc.csv
2022-10-02 03:42:39.572 UTC [WARN]  failed to set connection config: failed to parse file header /home/runner/work/steampipe-samples/steampipe-samples/all/hackernews/new_sc.csv: EOF
2022-10-02 03:42:40.393 UTC [WARN]  PluginManager setPluginCacheSizeMap: 4 connections.
2022-10-02 03:42:40.393 UTC [WARN]  Total cache size 0Mb
2022-10-02 03:42:40.464 UTC [WARN]  plugin configured with a nil SecureConfig
2022-10-02 03:42:40.656 UTC [WARN]  steampipe-plugin-csv.plugin: [WARN]  1664682160138: getKeyColumnsForTable found no schema for table '/home/runner/work/steampipe-samples/steampipe-samples/all/hackernews/new_sc.csv'
2022-10-02 03:42:45.206 UTC [WARN]  PluginManager setPluginCacheSizeMap: 4 connections.
2022-10-02 03:42:45.206 UTC [WARN]  Total cache size 0Mb
2022-10-02 03:42:45.272 UTC [WARN]  plugin configured with a nil SecureConfig
2022-10-02 03:42:46.092 UTC [WARN]  PluginManager setPluginCacheSizeMap: 4 connections.
2022-10-02 03:42:46.092 UTC [WARN]  Total cache size 0Mb
2022-10-02 03:42:46.158 UTC [WARN]  plugin configured with a nil SecureConfig
2022-10-02 03:42:46.172 UTC [ERROR] steampipe-plugin-csv.plugin: [ERROR] csv.tableCSV: header_parse_error=EOF path=/home/runner/work/steampipe-samples/steampipe-samples/all/hackernews/hn_items_all.csv header=[]
2022-10-02 03:42:46.172 UTC [ERROR] steampipe-plugin-csv.plugin: [ERROR] csv.PluginTables: create_table_error="failed to parse file header /home/runner/work/steampipe-samples/steampipe-samples/all/hackernews/hn_items_all.csv: EOF" path=/home/runner/work/steampipe-samples/steampipe-samples/all/hackernews/hn_items_all.csv
2022-10-02 03:42:46.172 UTC [WARN]  failed to set connection config: failed to parse file header /home/runner/work/steampipe-samples/steampipe-samples/all/hackernews/hn_items_all.csv: EOF
2022-10-02 03:42:47.293 UTC [WARN]  PluginManager setPluginCacheSizeMap: 4 connections.
2022-10-02 03:42:47.293 UTC [WARN]  Total cache size 0Mb
2022-10-02 03:42:47.360 UTC [WARN]  plugin configured with a nil SecureConfig
2022-10-02 03:42:47.379 UTC [ERROR] steampipe-plugin-csv.plugin: [ERROR] csv.tableCSV: header_parse_error=EOF path=/home/runner/work/steampipe-samples/steampipe-samples/all/hackernews/people.csv header=[]
2022-10-02 03:42:47.379 UTC [ERROR] steampipe-plugin-csv.plugin: [ERROR] csv.PluginTables: create_table_error="failed to parse file header /home/runner/work/steampipe-samples/steampipe-samples/all/hackernews/people.csv: EOF" path=/home/runner/work/steampipe-samples/steampipe-samples/all/hackernews/people.csv
2022-10-02 03:42:47.379 UTC [WARN]  failed to set connection config: failed to parse file header /home/runner/work/steampipe-samples/steampipe-samples/all/hackernews/people.csv: EOF
2022-10-02 03:42:47.532 UTC [WARN]  plugin configured with a nil SecureConfig
2022-10-02 03:42:47.566 UTC [WARN]  plugin configured with a nil SecureConfig
