2023-01-18 01:48:33.953 UTC [INFO]  starting plugin manager
2023-01-18 01:48:33.954 UTC [TRACE] loaded config map: csv,github,hackernews,net
2023-01-18 01:48:33.954 UTC [TRACE] NewPluginManager
2023-01-18 01:48:33.955 UTC [TRACE] PluginManager setPluginCacheSizeMap: 4 connections.
2023-01-18 01:48:33.955 UTC [TRACE] Total cache size 0Mb
2023-01-18 01:48:33.955 UTC [INFO]  starting connection watcher
2023-01-18 01:48:33.955 UTC [INFO]  created ConnectionWatcher
2023-01-18 01:48:33.955 UTC [TRACE] about to serve
2023-01-18 01:48:34.012 UTC [TRACE] PluginManager Get, connections: '[csv]'
2023-01-18 01:48:34.012 UTC [TRACE] PluginManager getPlugin hub.steampipe.io/plugins/turbot/csv@latest connection 'csv'
2023-01-18 01:48:34.012 UTC [TRACE] PluginManager 0xc000780be0 plugin hub.steampipe.io/plugins/turbot/csv@latest (csv) NOT started or starting - start now
2023-01-18 01:48:34.012 UTC [TRACE] ************ start plugin csv ********************
2023-01-18 01:48:34.012 UTC [TRACE] ************ plugin path /home/runner/.steampipe/plugins/hub.steampipe.io/plugins/turbot/csv@latest/steampipe-plugin-csv.plugin ********************
2023-01-18 01:48:34.072 UTC [DEBUG] starting plugin: path=/home/runner/.steampipe/plugins/hub.steampipe.io/plugins/turbot/csv@latest/steampipe-plugin-csv.plugin args=["/home/runner/.steampipe/plugins/hub.steampipe.io/plugins/turbot/csv@latest/steampipe-plugin-csv.plugin"]
2023-01-18 01:48:34.073 UTC [DEBUG] plugin started: path=/home/runner/.steampipe/plugins/hub.steampipe.io/plugins/turbot/csv@latest/steampipe-plugin-csv.plugin pid=2035
2023-01-18 01:48:34.073 UTC [DEBUG] waiting for RPC address: path=/home/runner/.steampipe/plugins/hub.steampipe.io/plugins/turbot/csv@latest/steampipe-plugin-csv.plugin
2023-01-18 01:48:34.080 UTC [INFO]  steampipe-plugin-csv.plugin: [INFO]  Initialise plugin 'steampipe-plugin-csv', using sdk version 4.1.8
2023-01-18 01:48:34.080 UTC [TRACE] steampipe-plugin-csv.plugin: [TRACE] no DefaultRetryConfig defined - creating empty
2023-01-18 01:48:34.080 UTC [TRACE] steampipe-plugin-csv.plugin: [TRACE] no DefaultIgnoreConfig defined - creating empty
2023-01-18 01:48:34.081 UTC [TRACE] steampipe-plugin-csv.plugin: [TRACE] telemetry.Init service 'steampipe-plugin-csv', tracingEnabled: false, metricsEnabled: false
2023-01-18 01:48:34.081 UTC [TRACE] steampipe-plugin-csv.plugin: [TRACE] metrics and tracing disabled' - returning
2023-01-18 01:48:34.081 UTC [DEBUG] steampipe-plugin-csv.plugin: plugin address: address=/tmp/plugin456191808 network=unix timestamp=2023-01-18T01:48:34.081Z
2023-01-18 01:48:34.081 UTC [DEBUG] using plugin: version=0
2023-01-18 01:48:34.081 UTC [TRACE] NewPluginClient for plugin hub.steampipe.io/plugins/turbot/csv@latest
2023-01-18 01:48:34.082 UTC [TRACE] stdio: waiting for stdio data
2023-01-18 01:48:34.084 UTC [TRACE] supportedOperations: query_cache:true multiple_connections:true
2023-01-18 01:48:34.084 UTC [TRACE] steampipe-plugin-csv.plugin: [TRACE] SetAllConnectionConfigs setting 1 configs
2023-01-18 01:48:34.084 UTC [TRACE] steampipe-plugin-csv.plugin: [TRACE] connection csv build schema and table map
2023-01-18 01:48:34.084 UTC [DEBUG] steampipe-plugin-csv.plugin: [DEBUG] csv.tableCSV: path=/home/runner/work/steampipe-samples/steampipe-samples/all/hackernews/hn_items_all.csv detected_encoding=Unknown
2023-01-18 01:48:34.084 UTC [DEBUG] steampipe-plugin-csv.plugin: [DEBUG] csv.tableCSV: path=/home/runner/work/steampipe-samples/steampipe-samples/all/hackernews/new_sc.csv detected_encoding=Unknown
2023-01-18 01:48:34.084 UTC [DEBUG] steampipe-plugin-csv.plugin: [DEBUG] csv.tableCSV: path=/home/runner/work/steampipe-samples/steampipe-samples/all/hackernews/people.csv detected_encoding=Unknown
2023-01-18 01:48:34.084 UTC [TRACE] steampipe-plugin-csv.plugin: [TRACE] initialise table /home/runner/work/steampipe-samples/steampipe-samples/all/hackernews/new_sc.csv
2023-01-18 01:48:34.084 UTC [TRACE] steampipe-plugin-csv.plugin: [TRACE] no DefaultRetryConfig defined - creating empty
2023-01-18 01:48:34.084 UTC [TRACE] steampipe-plugin-csv.plugin: [TRACE] no DefaultIgnoreConfig defined - creating empty
2023-01-18 01:48:34.085 UTC [TRACE] steampipe-plugin-csv.plugin: [TRACE] apply plugin defaults for DefaultRetryConfig
2023-01-18 01:48:34.085 UTC [TRACE] steampipe-plugin-csv.plugin: [TRACE] apply plugin defaults for DefaultIgnoreConfig, table &{<nil> <nil>} plugin &{<nil> <nil>}
2023-01-18 01:48:34.085 UTC [TRACE] steampipe-plugin-csv.plugin: [TRACE] DefaultRetryConfig:
2023-01-18 01:48:34.085 UTC [TRACE] steampipe-plugin-csv.plugin: [TRACE] DefaultIgnoreConfig:
2023-01-18 01:48:34.085 UTC [TRACE] steampipe-plugin-csv.plugin: [TRACE] t.List.initialise
2023-01-18 01:48:34.085 UTC [TRACE] steampipe-plugin-csv.plugin: [TRACE] ListConfig.initialise table /home/runner/work/steampipe-samples/steampipe-samples/all/hackernews/new_sc.csv
2023-01-18 01:48:34.085 UTC [TRACE] steampipe-plugin-csv.plugin: [TRACE] ListConfig.initialise complete: RetryConfig: , IgnoreConfig
2023-01-18 01:48:34.085 UTC [TRACE] steampipe-plugin-csv.plugin: [TRACE] back from initialiseHydrateConfigs
2023-01-18 01:48:34.085 UTC [TRACE] steampipe-plugin-csv.plugin: [TRACE] initialise table /home/runner/work/steampipe-samples/steampipe-samples/all/hackernews/new_sc.csv COMPLETE
2023-01-18 01:48:34.085 UTC [TRACE] steampipe-plugin-csv.plugin: [TRACE] initialise table /home/runner/work/steampipe-samples/steampipe-samples/all/hackernews/people.csv
2023-01-18 01:48:34.085 UTC [TRACE] steampipe-plugin-csv.plugin: [TRACE] no DefaultRetryConfig defined - creating empty
2023-01-18 01:48:34.085 UTC [TRACE] steampipe-plugin-csv.plugin: [TRACE] no DefaultIgnoreConfig defined - creating empty
2023-01-18 01:48:34.085 UTC [TRACE] steampipe-plugin-csv.plugin: [TRACE] apply plugin defaults for DefaultRetryConfig
2023-01-18 01:48:34.085 UTC [TRACE] steampipe-plugin-csv.plugin: [TRACE] apply plugin defaults for DefaultIgnoreConfig, table &{<nil> <nil>} plugin &{<nil> <nil>}
2023-01-18 01:48:34.085 UTC [TRACE] steampipe-plugin-csv.plugin: [TRACE] DefaultRetryConfig:
2023-01-18 01:48:34.085 UTC [TRACE] steampipe-plugin-csv.plugin: [TRACE] DefaultIgnoreConfig:
2023-01-18 01:48:34.085 UTC [TRACE] steampipe-plugin-csv.plugin: [TRACE] t.List.initialise
2023-01-18 01:48:34.085 UTC [TRACE] steampipe-plugin-csv.plugin: [TRACE] ListConfig.initialise table /home/runner/work/steampipe-samples/steampipe-samples/all/hackernews/people.csv
2023-01-18 01:48:34.085 UTC [TRACE] steampipe-plugin-csv.plugin: [TRACE] ListConfig.initialise complete: RetryConfig: , IgnoreConfig
2023-01-18 01:48:34.085 UTC [TRACE] steampipe-plugin-csv.plugin: [TRACE] back from initialiseHydrateConfigs
2023-01-18 01:48:34.085 UTC [TRACE] steampipe-plugin-csv.plugin: [TRACE] initialise table /home/runner/work/steampipe-samples/steampipe-samples/all/hackernews/people.csv COMPLETE
2023-01-18 01:48:34.085 UTC [TRACE] steampipe-plugin-csv.plugin: [TRACE] initialise table /home/runner/work/steampipe-samples/steampipe-samples/all/hackernews/hn_items_all.csv
2023-01-18 01:48:34.085 UTC [TRACE] steampipe-plugin-csv.plugin: [TRACE] no DefaultRetryConfig defined - creating empty
2023-01-18 01:48:34.085 UTC [TRACE] steampipe-plugin-csv.plugin: [TRACE] no DefaultIgnoreConfig defined - creating empty
2023-01-18 01:48:34.085 UTC [TRACE] steampipe-plugin-csv.plugin: [TRACE] apply plugin defaults for DefaultRetryConfig
2023-01-18 01:48:34.085 UTC [TRACE] steampipe-plugin-csv.plugin: [TRACE] apply plugin defaults for DefaultIgnoreConfig, table &{<nil> <nil>} plugin &{<nil> <nil>}
2023-01-18 01:48:34.085 UTC [TRACE] steampipe-plugin-csv.plugin: [TRACE] DefaultRetryConfig:
2023-01-18 01:48:34.085 UTC [TRACE] steampipe-plugin-csv.plugin: [TRACE] DefaultIgnoreConfig:
2023-01-18 01:48:34.085 UTC [TRACE] steampipe-plugin-csv.plugin: [TRACE] t.List.initialise
2023-01-18 01:48:34.085 UTC [TRACE] steampipe-plugin-csv.plugin: [TRACE] ListConfig.initialise table /home/runner/work/steampipe-samples/steampipe-samples/all/hackernews/hn_items_all.csv
2023-01-18 01:48:34.085 UTC [TRACE] steampipe-plugin-csv.plugin: [TRACE] ListConfig.initialise complete: RetryConfig: , IgnoreConfig
2023-01-18 01:48:34.085 UTC [TRACE] steampipe-plugin-csv.plugin: [TRACE] back from initialiseHydrateConfigs
2023-01-18 01:48:34.085 UTC [TRACE] steampipe-plugin-csv.plugin: [TRACE] initialise table /home/runner/work/steampipe-samples/steampipe-samples/all/hackernews/hn_items_all.csv COMPLETE
2023-01-18 01:48:34.085 UTC [TRACE] steampipe-plugin-csv.plugin: [TRACE] validate plugin steampipe-plugin-csv, required columns []
2023-01-18 01:48:34.085 UTC [TRACE] steampipe-plugin-csv.plugin: [TRACE] validate DefaultRetryConfig
2023-01-18 01:48:34.085 UTC [TRACE] steampipe-plugin-csv.plugin: [TRACE] validate DefaultIgnoreConfig
2023-01-18 01:48:34.085 UTC [TRACE] steampipe-plugin-csv.plugin: [TRACE] validate table names
2023-01-18 01:48:34.085 UTC [TRACE] steampipe-plugin-csv.plugin: [TRACE] plugin has 0 validation errors
2023-01-18 01:48:34.085 UTC [TRACE] steampipe-plugin-csv.plugin: [TRACE] Plugin ensureCache creating cache, maxCacheStorageMb 0
2023-01-18 01:48:34.085 UTC [TRACE] steampipe-plugin-csv.plugin: [TRACE] createCacheStore for plugin 'steampipe-plugin-csv' setting max size to 0Mb, Shards: 2, max shard size: 0
2023-01-18 01:48:34.096 UTC [INFO]  steampipe-plugin-csv.plugin: [INFO]  query cache created
2023-01-18 01:48:34.096 UTC [DEBUG] steampipe-plugin-csv.plugin: [DEBUG] SetAllConnectionConfigs finished
2023-01-18 01:48:34.096 UTC [TRACE] PluginManager getPlugin complete, returning reattach config with PID: 2035
2023-01-18 01:48:34.096 UTC [TRACE] PluginManager Get returning reattach_map:{key:"csv" value:{protocol:"grpc" addr:{Network:"unix" Address:"/tmp/plugin456191808"} pid:2035 supported_operations:{query_cache:true multiple_connections:true} connections:"csv" plugin:"hub.steampipe.io/plugins/turbot/csv@latest"}}
2023-01-18 01:48:34.181 UTC [TRACE] PluginManager Get, connections: '[csv]'
2023-01-18 01:48:34.181 UTC [TRACE] PluginManager getPlugin hub.steampipe.io/plugins/turbot/csv@latest connection 'csv'
2023-01-18 01:48:34.181 UTC [TRACE] connection csv found in connectionPluginMap
2023-01-18 01:48:34.181 UTC [TRACE] initialized: 2035
2023-01-18 01:48:34.181 UTC [TRACE] initialized: 2035
2023-01-18 01:48:34.181 UTC [TRACE] connection csv is loaded, check for running PID
2023-01-18 01:48:34.182 UTC [TRACE] PluginManager found 'csv' in map, pid 2035
2023-01-18 01:48:34.182 UTC [TRACE] PluginManager Get returning reattach_map:{key:"csv" value:{protocol:"grpc" addr:{Network:"unix" Address:"/tmp/plugin456191808"} pid:2035 supported_operations:{query_cache:true multiple_connections:true} connections:"csv" plugin:"hub.steampipe.io/plugins/turbot/csv@latest"}}
2023-01-18 01:48:34.336 UTC [TRACE] PluginManager Get, connections: '[hackernews]'
2023-01-18 01:48:34.336 UTC [TRACE] PluginManager getPlugin hub.steampipe.io/plugins/turbot/hackernews@latest connection 'hackernews'
2023-01-18 01:48:34.336 UTC [TRACE] PluginManager 0xc000780be0 plugin hub.steampipe.io/plugins/turbot/hackernews@latest (hackernews) NOT started or starting - start now
2023-01-18 01:48:34.336 UTC [TRACE] ************ start plugin hackernews ********************
2023-01-18 01:48:34.336 UTC [TRACE] ************ plugin path /home/runner/.steampipe/plugins/hub.steampipe.io/plugins/turbot/hackernews@latest/steampipe-plugin-hackernews.plugin ********************
2023-01-18 01:48:34.399 UTC [DEBUG] starting plugin: path=/home/runner/.steampipe/plugins/hub.steampipe.io/plugins/turbot/hackernews@latest/steampipe-plugin-hackernews.plugin args=["/home/runner/.steampipe/plugins/hub.steampipe.io/plugins/turbot/hackernews@latest/steampipe-plugin-hackernews.plugin"]
2023-01-18 01:48:34.399 UTC [DEBUG] plugin started: path=/home/runner/.steampipe/plugins/hub.steampipe.io/plugins/turbot/hackernews@latest/steampipe-plugin-hackernews.plugin pid=2057
2023-01-18 01:48:34.399 UTC [DEBUG] waiting for RPC address: path=/home/runner/.steampipe/plugins/hub.steampipe.io/plugins/turbot/hackernews@latest/steampipe-plugin-hackernews.plugin
2023-01-18 01:48:34.408 UTC [INFO]  steampipe-plugin-hackernews.plugin: [INFO]  Initialise plugin 'steampipe-plugin-hackernews', using sdk version 4.1.7
2023-01-18 01:48:34.408 UTC [TRACE] steampipe-plugin-hackernews.plugin: [TRACE] defaulting SchemaMode to SchemaModeStatic
2023-01-18 01:48:34.408 UTC [TRACE] steampipe-plugin-hackernews.plugin: [TRACE] no DefaultRetryConfig defined - creating empty
2023-01-18 01:48:34.408 UTC [TRACE] steampipe-plugin-hackernews.plugin: [TRACE] no DefaultIgnoreConfig defined - creating empty
2023-01-18 01:48:34.408 UTC [TRACE] steampipe-plugin-hackernews.plugin: [TRACE] Setting Ulimit: ulimit=2560
2023-01-18 01:48:34.410 UTC [TRACE] steampipe-plugin-hackernews.plugin: [TRACE] telemetry.Init service 'steampipe-plugin-hackernews', tracingEnabled: false, metricsEnabled: false
2023-01-18 01:48:34.411 UTC [TRACE] steampipe-plugin-hackernews.plugin: [TRACE] metrics and tracing disabled' - returning
2023-01-18 01:48:34.411 UTC [DEBUG] steampipe-plugin-hackernews.plugin: plugin address: address=/tmp/plugin4259864449 network=unix timestamp=2023-01-18T01:48:34.411Z
2023-01-18 01:48:34.411 UTC [DEBUG] using plugin: version=0
2023-01-18 01:48:34.411 UTC [TRACE] NewPluginClient for plugin hub.steampipe.io/plugins/turbot/hackernews@latest
2023-01-18 01:48:34.411 UTC [TRACE] stdio: waiting for stdio data
2023-01-18 01:48:34.412 UTC [TRACE] supportedOperations: query_cache:true multiple_connections:true
2023-01-18 01:48:34.412 UTC [TRACE] steampipe-plugin-hackernews.plugin: [TRACE] SetAllConnectionConfigs setting 1 configs
2023-01-18 01:48:34.412 UTC [TRACE] steampipe-plugin-hackernews.plugin: [TRACE] connection hackernews build schema and table map
2023-01-18 01:48:34.412 UTC [TRACE] steampipe-plugin-hackernews.plugin: [TRACE] initialise table hackernews_show_hn
2023-01-18 01:48:34.412 UTC [TRACE] steampipe-plugin-hackernews.plugin: [TRACE] no DefaultRetryConfig defined - creating empty
2023-01-18 01:48:34.412 UTC [TRACE] steampipe-plugin-hackernews.plugin: [TRACE] no DefaultIgnoreConfig defined - creating empty
2023-01-18 01:48:34.412 UTC [TRACE] steampipe-plugin-hackernews.plugin: [TRACE] apply plugin defaults for DefaultRetryConfig
2023-01-18 01:48:34.412 UTC [TRACE] steampipe-plugin-hackernews.plugin: [TRACE] apply plugin defaults for DefaultIgnoreConfig, table &{<nil> <nil>} plugin &{<nil> <nil>}
2023-01-18 01:48:34.412 UTC [TRACE] steampipe-plugin-hackernews.plugin: [TRACE] DefaultRetryConfig:
2023-01-18 01:48:34.412 UTC [TRACE] steampipe-plugin-hackernews.plugin: [TRACE] DefaultIgnoreConfig:
2023-01-18 01:48:34.412 UTC [TRACE] steampipe-plugin-hackernews.plugin: [TRACE] t.Get.initialise
2023-01-18 01:48:34.412 UTC [TRACE] steampipe-plugin-hackernews.plugin: [TRACE] GetConfig.initialise table hackernews_show_hn
2023-01-18 01:48:34.412 UTC [TRACE] steampipe-plugin-hackernews.plugin: [TRACE] GetConfig.initialise complete: RetryConfig: , IgnoreConfig:
2023-01-18 01:48:34.412 UTC [TRACE] steampipe-plugin-hackernews.plugin: [TRACE] t.List.initialise
2023-01-18 01:48:34.412 UTC [TRACE] steampipe-plugin-hackernews.plugin: [TRACE] ListConfig.initialise table hackernews_show_hn
2023-01-18 01:48:34.412 UTC [TRACE] steampipe-plugin-hackernews.plugin: [TRACE] ListConfig.initialise complete: RetryConfig: , IgnoreConfig
2023-01-18 01:48:34.412 UTC [TRACE] steampipe-plugin-hackernews.plugin: [TRACE] HydrateConfig.initialise func getItem, table hackernews_show_hn
2023-01-18 01:48:34.412 UTC [TRACE] steampipe-plugin-hackernews.plugin: [TRACE] HydrateConfig.initialise complete: RetryConfig: , IgnoreConfig:
2023-01-18 01:48:34.412 UTC [TRACE] steampipe-plugin-hackernews.plugin: [TRACE] back from initialiseHydrateConfigs
2023-01-18 01:48:34.412 UTC [TRACE] steampipe-plugin-hackernews.plugin: [TRACE] initialise table hackernews_show_hn COMPLETE
2023-01-18 01:48:34.412 UTC [TRACE] steampipe-plugin-hackernews.plugin: [TRACE] initialise table hackernews_top
2023-01-18 01:48:34.412 UTC [TRACE] steampipe-plugin-hackernews.plugin: [TRACE] no DefaultRetryConfig defined - creating empty
2023-01-18 01:48:34.412 UTC [TRACE] steampipe-plugin-hackernews.plugin: [TRACE] no DefaultIgnoreConfig defined - creating empty
2023-01-18 01:48:34.412 UTC [TRACE] steampipe-plugin-hackernews.plugin: [TRACE] apply plugin defaults for DefaultRetryConfig
2023-01-18 01:48:34.412 UTC [TRACE] steampipe-plugin-hackernews.plugin: [TRACE] apply plugin defaults for DefaultIgnoreConfig, table &{<nil> <nil>} plugin &{<nil> <nil>}
2023-01-18 01:48:34.412 UTC [TRACE] steampipe-plugin-hackernews.plugin: [TRACE] DefaultRetryConfig:
2023-01-18 01:48:34.412 UTC [TRACE] steampipe-plugin-hackernews.plugin: [TRACE] DefaultIgnoreConfig:
2023-01-18 01:48:34.412 UTC [TRACE] steampipe-plugin-hackernews.plugin: [TRACE] t.Get.initialise
2023-01-18 01:48:34.412 UTC [TRACE] steampipe-plugin-hackernews.plugin: [TRACE] GetConfig.initialise table hackernews_top
2023-01-18 01:48:34.412 UTC [TRACE] steampipe-plugin-hackernews.plugin: [TRACE] GetConfig.initialise complete: RetryConfig: , IgnoreConfig:
2023-01-18 01:48:34.412 UTC [TRACE] steampipe-plugin-hackernews.plugin: [TRACE] t.List.initialise
2023-01-18 01:48:34.412 UTC [TRACE] steampipe-plugin-hackernews.plugin: [TRACE] ListConfig.initialise table hackernews_top
2023-01-18 01:48:34.412 UTC [TRACE] steampipe-plugin-hackernews.plugin: [TRACE] ListConfig.initialise complete: RetryConfig: , IgnoreConfig
2023-01-18 01:48:34.412 UTC [TRACE] steampipe-plugin-hackernews.plugin: [TRACE] HydrateConfig.initialise func getItem, table hackernews_top
2023-01-18 01:48:34.412 UTC [TRACE] steampipe-plugin-hackernews.plugin: [TRACE] HydrateConfig.initialise complete: RetryConfig: , IgnoreConfig:
2023-01-18 01:48:34.412 UTC [TRACE] steampipe-plugin-hackernews.plugin: [TRACE] back from initialiseHydrateConfigs
2023-01-18 01:48:34.412 UTC [TRACE] steampipe-plugin-hackernews.plugin: [TRACE] initialise table hackernews_top COMPLETE
2023-01-18 01:48:34.412 UTC [TRACE] steampipe-plugin-hackernews.plugin: [TRACE] initialise table hackernews_user
2023-01-18 01:48:34.412 UTC [TRACE] steampipe-plugin-hackernews.plugin: [TRACE] no DefaultRetryConfig defined - creating empty
2023-01-18 01:48:34.412 UTC [TRACE] steampipe-plugin-hackernews.plugin: [TRACE] no DefaultIgnoreConfig defined - creating empty
2023-01-18 01:48:34.412 UTC [TRACE] steampipe-plugin-hackernews.plugin: [TRACE] apply plugin defaults for DefaultRetryConfig
2023-01-18 01:48:34.412 UTC [TRACE] steampipe-plugin-hackernews.plugin: [TRACE] apply plugin defaults for DefaultIgnoreConfig, table &{<nil> <nil>} plugin &{<nil> <nil>}
2023-01-18 01:48:34.412 UTC [TRACE] steampipe-plugin-hackernews.plugin: [TRACE] DefaultRetryConfig:
2023-01-18 01:48:34.412 UTC [TRACE] steampipe-plugin-hackernews.plugin: [TRACE] DefaultIgnoreConfig:
2023-01-18 01:48:34.412 UTC [TRACE] steampipe-plugin-hackernews.plugin: [TRACE] t.List.initialise
2023-01-18 01:48:34.412 UTC [TRACE] steampipe-plugin-hackernews.plugin: [TRACE] ListConfig.initialise table hackernews_user
2023-01-18 01:48:34.412 UTC [TRACE] steampipe-plugin-hackernews.plugin: [TRACE] ListConfig.initialise complete: RetryConfig: , IgnoreConfig
2023-01-18 01:48:34.412 UTC [TRACE] steampipe-plugin-hackernews.plugin: [TRACE] back from initialiseHydrateConfigs
2023-01-18 01:48:34.412 UTC [TRACE] steampipe-plugin-hackernews.plugin: [TRACE] initialise table hackernews_user COMPLETE
2023-01-18 01:48:34.412 UTC [TRACE] steampipe-plugin-hackernews.plugin: [TRACE] initialise table hackernews_ask_hn
2023-01-18 01:48:34.412 UTC [TRACE] steampipe-plugin-hackernews.plugin: [TRACE] no DefaultRetryConfig defined - creating empty
2023-01-18 01:48:34.412 UTC [TRACE] steampipe-plugin-hackernews.plugin: [TRACE] no DefaultIgnoreConfig defined - creating empty
2023-01-18 01:48:34.412 UTC [TRACE] steampipe-plugin-hackernews.plugin: [TRACE] apply plugin defaults for DefaultRetryConfig
2023-01-18 01:48:34.412 UTC [TRACE] steampipe-plugin-hackernews.plugin: [TRACE] apply plugin defaults for DefaultIgnoreConfig, table &{<nil> <nil>} plugin &{<nil> <nil>}
2023-01-18 01:48:34.412 UTC [TRACE] steampipe-plugin-hackernews.plugin: [TRACE] DefaultRetryConfig:
2023-01-18 01:48:34.412 UTC [TRACE] steampipe-plugin-hackernews.plugin: [TRACE] DefaultIgnoreConfig:
2023-01-18 01:48:34.412 UTC [TRACE] steampipe-plugin-hackernews.plugin: [TRACE] t.Get.initialise
2023-01-18 01:48:34.412 UTC [TRACE] steampipe-plugin-hackernews.plugin: [TRACE] GetConfig.initialise table hackernews_ask_hn
2023-01-18 01:48:34.412 UTC [TRACE] steampipe-plugin-hackernews.plugin: [TRACE] GetConfig.initialise complete: RetryConfig: , IgnoreConfig:
2023-01-18 01:48:34.412 UTC [TRACE] steampipe-plugin-hackernews.plugin: [TRACE] t.List.initialise
2023-01-18 01:48:34.412 UTC [TRACE] steampipe-plugin-hackernews.plugin: [TRACE] ListConfig.initialise table hackernews_ask_hn
2023-01-18 01:48:34.412 UTC [TRACE] steampipe-plugin-hackernews.plugin: [TRACE] ListConfig.initialise complete: RetryConfig: , IgnoreConfig
2023-01-18 01:48:34.412 UTC [TRACE] steampipe-plugin-hackernews.plugin: [TRACE] HydrateConfig.initialise func getItem, table hackernews_ask_hn
2023-01-18 01:48:34.412 UTC [TRACE] steampipe-plugin-hackernews.plugin: [TRACE] HydrateConfig.initialise complete: RetryConfig: , IgnoreConfig:
2023-01-18 01:48:34.412 UTC [TRACE] steampipe-plugin-hackernews.plugin: [TRACE] back from initialiseHydrateConfigs
2023-01-18 01:48:34.412 UTC [TRACE] steampipe-plugin-hackernews.plugin: [TRACE] initialise table hackernews_ask_hn COMPLETE
2023-01-18 01:48:34.412 UTC [TRACE] steampipe-plugin-hackernews.plugin: [TRACE] initialise table hackernews_best
2023-01-18 01:48:34.412 UTC [TRACE] steampipe-plugin-hackernews.plugin: [TRACE] no DefaultRetryConfig defined - creating empty
2023-01-18 01:48:34.412 UTC [TRACE] steampipe-plugin-hackernews.plugin: [TRACE] no DefaultIgnoreConfig defined - creating empty
2023-01-18 01:48:34.412 UTC [TRACE] steampipe-plugin-hackernews.plugin: [TRACE] apply plugin defaults for DefaultRetryConfig
2023-01-18 01:48:34.412 UTC [TRACE] steampipe-plugin-hackernews.plugin: [TRACE] apply plugin defaults for DefaultIgnoreConfig, table &{<nil> <nil>} plugin &{<nil> <nil>}
2023-01-18 01:48:34.412 UTC [TRACE] steampipe-plugin-hackernews.plugin: [TRACE] DefaultRetryConfig:
2023-01-18 01:48:34.412 UTC [TRACE] steampipe-plugin-hackernews.plugin: [TRACE] DefaultIgnoreConfig:
2023-01-18 01:48:34.412 UTC [TRACE] steampipe-plugin-hackernews.plugin: [TRACE] t.Get.initialise
2023-01-18 01:48:34.412 UTC [TRACE] steampipe-plugin-hackernews.plugin: [TRACE] GetConfig.initialise table hackernews_best
2023-01-18 01:48:34.412 UTC [TRACE] steampipe-plugin-hackernews.plugin: [TRACE] GetConfig.initialise complete: RetryConfig: , IgnoreConfig:
2023-01-18 01:48:34.412 UTC [TRACE] steampipe-plugin-hackernews.plugin: [TRACE] t.List.initialise
2023-01-18 01:48:34.412 UTC [TRACE] steampipe-plugin-hackernews.plugin: [TRACE] ListConfig.initialise table hackernews_best
2023-01-18 01:48:34.412 UTC [TRACE] steampipe-plugin-hackernews.plugin: [TRACE] ListConfig.initialise complete: RetryConfig: , IgnoreConfig
2023-01-18 01:48:34.412 UTC [TRACE] steampipe-plugin-hackernews.plugin: [TRACE] HydrateConfig.initialise func getItem, table hackernews_best
2023-01-18 01:48:34.412 UTC [TRACE] steampipe-plugin-hackernews.plugin: [TRACE] HydrateConfig.initialise complete: RetryConfig: , IgnoreConfig:
2023-01-18 01:48:34.412 UTC [TRACE] steampipe-plugin-hackernews.plugin: [TRACE] back from initialiseHydrateConfigs
2023-01-18 01:48:34.412 UTC [TRACE] steampipe-plugin-hackernews.plugin: [TRACE] initialise table hackernews_best COMPLETE
2023-01-18 01:48:34.412 UTC [TRACE] steampipe-plugin-hackernews.plugin: [TRACE] initialise table hackernews_item
2023-01-18 01:48:34.412 UTC [TRACE] steampipe-plugin-hackernews.plugin: [TRACE] no DefaultRetryConfig defined - creating empty
2023-01-18 01:48:34.412 UTC [TRACE] steampipe-plugin-hackernews.plugin: [TRACE] no DefaultIgnoreConfig defined - creating empty
2023-01-18 01:48:34.412 UTC [TRACE] steampipe-plugin-hackernews.plugin: [TRACE] apply plugin defaults for DefaultRetryConfig
2023-01-18 01:48:34.412 UTC [TRACE] steampipe-plugin-hackernews.plugin: [TRACE] apply plugin defaults for DefaultIgnoreConfig, table &{<nil> <nil>} plugin &{<nil> <nil>}
2023-01-18 01:48:34.412 UTC [TRACE] steampipe-plugin-hackernews.plugin: [TRACE] DefaultRetryConfig:
2023-01-18 01:48:34.412 UTC [TRACE] steampipe-plugin-hackernews.plugin: [TRACE] DefaultIgnoreConfig:
2023-01-18 01:48:34.412 UTC [TRACE] steampipe-plugin-hackernews.plugin: [TRACE] t.Get.initialise
2023-01-18 01:48:34.413 UTC [TRACE] steampipe-plugin-hackernews.plugin: [TRACE] GetConfig.initialise table hackernews_item
2023-01-18 01:48:34.413 UTC [TRACE] steampipe-plugin-hackernews.plugin: [TRACE] GetConfig.initialise complete: RetryConfig: , IgnoreConfig:
2023-01-18 01:48:34.413 UTC [TRACE] steampipe-plugin-hackernews.plugin: [TRACE] t.List.initialise
2023-01-18 01:48:34.413 UTC [TRACE] steampipe-plugin-hackernews.plugin: [TRACE] ListConfig.initialise table hackernews_item
2023-01-18 01:48:34.413 UTC [TRACE] steampipe-plugin-hackernews.plugin: [TRACE] ListConfig.initialise complete: RetryConfig: , IgnoreConfig
2023-01-18 01:48:34.413 UTC [TRACE] steampipe-plugin-hackernews.plugin: [TRACE] HydrateConfig.initialise func getItem, table hackernews_item
2023-01-18 01:48:34.413 UTC [TRACE] steampipe-plugin-hackernews.plugin: [TRACE] HydrateConfig.initialise complete: RetryConfig: , IgnoreConfig:
2023-01-18 01:48:34.413 UTC [TRACE] steampipe-plugin-hackernews.plugin: [TRACE] back from initialiseHydrateConfigs
2023-01-18 01:48:34.413 UTC [TRACE] steampipe-plugin-hackernews.plugin: [TRACE] initialise table hackernews_item COMPLETE
2023-01-18 01:48:34.413 UTC [TRACE] steampipe-plugin-hackernews.plugin: [TRACE] initialise table hackernews_job
2023-01-18 01:48:34.413 UTC [TRACE] steampipe-plugin-hackernews.plugin: [TRACE] no DefaultRetryConfig defined - creating empty
2023-01-18 01:48:34.413 UTC [TRACE] steampipe-plugin-hackernews.plugin: [TRACE] no DefaultIgnoreConfig defined - creating empty
2023-01-18 01:48:34.413 UTC [TRACE] steampipe-plugin-hackernews.plugin: [TRACE] apply plugin defaults for DefaultRetryConfig
2023-01-18 01:48:34.413 UTC [TRACE] steampipe-plugin-hackernews.plugin: [TRACE] apply plugin defaults for DefaultIgnoreConfig, table &{<nil> <nil>} plugin &{<nil> <nil>}
2023-01-18 01:48:34.413 UTC [TRACE] steampipe-plugin-hackernews.plugin: [TRACE] DefaultRetryConfig:
2023-01-18 01:48:34.413 UTC [TRACE] steampipe-plugin-hackernews.plugin: [TRACE] DefaultIgnoreConfig:
2023-01-18 01:48:34.413 UTC [TRACE] steampipe-plugin-hackernews.plugin: [TRACE] t.Get.initialise
2023-01-18 01:48:34.413 UTC [TRACE] steampipe-plugin-hackernews.plugin: [TRACE] GetConfig.initialise table hackernews_job
2023-01-18 01:48:34.413 UTC [TRACE] steampipe-plugin-hackernews.plugin: [TRACE] GetConfig.initialise complete: RetryConfig: , IgnoreConfig:
2023-01-18 01:48:34.413 UTC [TRACE] steampipe-plugin-hackernews.plugin: [TRACE] t.List.initialise
2023-01-18 01:48:34.413 UTC [TRACE] steampipe-plugin-hackernews.plugin: [TRACE] ListConfig.initialise table hackernews_job
2023-01-18 01:48:34.413 UTC [TRACE] steampipe-plugin-hackernews.plugin: [TRACE] ListConfig.initialise complete: RetryConfig: , IgnoreConfig
2023-01-18 01:48:34.413 UTC [TRACE] steampipe-plugin-hackernews.plugin: [TRACE] HydrateConfig.initialise func getItem, table hackernews_job
2023-01-18 01:48:34.413 UTC [TRACE] steampipe-plugin-hackernews.plugin: [TRACE] HydrateConfig.initialise complete: RetryConfig: , IgnoreConfig:
2023-01-18 01:48:34.413 UTC [TRACE] steampipe-plugin-hackernews.plugin: [TRACE] back from initialiseHydrateConfigs
2023-01-18 01:48:34.413 UTC [TRACE] steampipe-plugin-hackernews.plugin: [TRACE] initialise table hackernews_job COMPLETE
2023-01-18 01:48:34.413 UTC [TRACE] steampipe-plugin-hackernews.plugin: [TRACE] initialise table hackernews_new
2023-01-18 01:48:34.413 UTC [TRACE] steampipe-plugin-hackernews.plugin: [TRACE] no DefaultRetryConfig defined - creating empty
2023-01-18 01:48:34.413 UTC [TRACE] steampipe-plugin-hackernews.plugin: [TRACE] no DefaultIgnoreConfig defined - creating empty
2023-01-18 01:48:34.413 UTC [TRACE] steampipe-plugin-hackernews.plugin: [TRACE] apply plugin defaults for DefaultRetryConfig
2023-01-18 01:48:34.413 UTC [TRACE] steampipe-plugin-hackernews.plugin: [TRACE] apply plugin defaults for DefaultIgnoreConfig, table &{<nil> <nil>} plugin &{<nil> <nil>}
2023-01-18 01:48:34.413 UTC [TRACE] steampipe-plugin-hackernews.plugin: [TRACE] DefaultRetryConfig:
2023-01-18 01:48:34.413 UTC [TRACE] steampipe-plugin-hackernews.plugin: [TRACE] DefaultIgnoreConfig:
2023-01-18 01:48:34.413 UTC [TRACE] steampipe-plugin-hackernews.plugin: [TRACE] t.Get.initialise
2023-01-18 01:48:34.413 UTC [TRACE] steampipe-plugin-hackernews.plugin: [TRACE] GetConfig.initialise table hackernews_new
2023-01-18 01:48:34.413 UTC [TRACE] steampipe-plugin-hackernews.plugin: [TRACE] GetConfig.initialise complete: RetryConfig: , IgnoreConfig:
2023-01-18 01:48:34.413 UTC [TRACE] steampipe-plugin-hackernews.plugin: [TRACE] t.List.initialise
2023-01-18 01:48:34.413 UTC [TRACE] steampipe-plugin-hackernews.plugin: [TRACE] ListConfig.initialise table hackernews_new
2023-01-18 01:48:34.413 UTC [TRACE] steampipe-plugin-hackernews.plugin: [TRACE] ListConfig.initialise complete: RetryConfig: , IgnoreConfig
2023-01-18 01:48:34.413 UTC [TRACE] steampipe-plugin-hackernews.plugin: [TRACE] HydrateConfig.initialise func getItem, table hackernews_new
2023-01-18 01:48:34.413 UTC [TRACE] steampipe-plugin-hackernews.plugin: [TRACE] HydrateConfig.initialise complete: RetryConfig: , IgnoreConfig:
2023-01-18 01:48:34.413 UTC [TRACE] steampipe-plugin-hackernews.plugin: [TRACE] back from initialiseHydrateConfigs
2023-01-18 01:48:34.413 UTC [TRACE] steampipe-plugin-hackernews.plugin: [TRACE] initialise table hackernews_new COMPLETE
2023-01-18 01:48:34.413 UTC [TRACE] steampipe-plugin-hackernews.plugin: [TRACE] validate plugin steampipe-plugin-hackernews, required columns []
2023-01-18 01:48:34.413 UTC [TRACE] steampipe-plugin-hackernews.plugin: [TRACE] validate DefaultRetryConfig
2023-01-18 01:48:34.413 UTC [TRACE] steampipe-plugin-hackernews.plugin: [TRACE] validate DefaultIgnoreConfig
2023-01-18 01:48:34.413 UTC [TRACE] steampipe-plugin-hackernews.plugin: [TRACE] validate table names
2023-01-18 01:48:34.413 UTC [TRACE] steampipe-plugin-hackernews.plugin: [TRACE] plugin has 0 validation errors
2023-01-18 01:48:34.413 UTC [TRACE] steampipe-plugin-hackernews.plugin: [TRACE] Plugin ensureCache creating cache, maxCacheStorageMb 0
2023-01-18 01:48:34.413 UTC [TRACE] steampipe-plugin-hackernews.plugin: [TRACE] createCacheStore for plugin 'steampipe-plugin-hackernews' setting max size to 0Mb, Shards: 2, max shard size: 0
2023-01-18 01:48:34.430 UTC [INFO]  steampipe-plugin-hackernews.plugin: [INFO]  query cache created
2023-01-18 01:48:34.430 UTC [DEBUG] steampipe-plugin-hackernews.plugin: [DEBUG] SetAllConnectionConfigs finished
2023-01-18 01:48:34.430 UTC [TRACE] PluginManager getPlugin complete, returning reattach config with PID: 2057
2023-01-18 01:48:34.430 UTC [TRACE] PluginManager Get returning reattach_map:{key:"hackernews" value:{protocol:"grpc" addr:{Network:"unix" Address:"/tmp/plugin4259864449"} pid:2057 supported_operations:{query_cache:true multiple_connections:true} connections:"hackernews" plugin:"hub.steampipe.io/plugins/turbot/hackernews@latest"}}
2023-01-18 01:48:34.436 UTC [INFO]  steampipe-plugin-hackernews.plugin: [INFO]  1674006514314: Plugin Execute (1674006514314)
2023-01-18 01:48:34.436 UTC [TRACE] steampipe-plugin-hackernews.plugin: [TRACE] 1674006514314: No memory limit set
2023-01-18 01:48:34.436 UTC [INFO]  steampipe-plugin-hackernews.plugin: [INFO]  1674006514314: Plugin Execute, setting memory limit to -1Mb
2023-01-18 01:48:34.436 UTC [TRACE] steampipe-plugin-hackernews.plugin: [TRACE] 1674006514314: calling ExtractContextFromCarrier
2023-01-18 01:48:34.436 UTC [INFO]  steampipe-plugin-hackernews.plugin: [INFO]  1674006514314: Setting max concurrent connections to 25
2023-01-18 01:48:34.436 UTC [TRACE] steampipe-plugin-hackernews.plugin: [TRACE] 1674006514314: executeForConnection callId: 1674006514314, connectionCallId: hackernews-1674006514314, connection: hackernews table: hackernews_new cols: id,title,time,by,score,dead,deleted,descendants,kids,parent,parts,poll,text,type,url,_ctx
2023-01-18 01:48:34.436 UTC [TRACE] steampipe-plugin-hackernews.plugin: [TRACE] 1674006514314: got connection data
2023-01-18 01:48:34.437 UTC [TRACE] steampipe-plugin-hackernews.plugin: [TRACE] 1674006514314: Got query context, table: hackernews_new, cols: [id title time by score dead deleted descendants kids parent parts poll text type url _ctx]
2023-01-18 01:48:34.437 UTC [TRACE] steampipe-plugin-hackernews.plugin: [TRACE] 1674006514314: Start execute span
2023-01-18 01:48:34.437 UTC [INFO]  steampipe-plugin-hackernews.plugin: [INFO]  1674006514314: Setting free memory interval to 100 rows
2023-01-18 01:48:34.437 UTC [TRACE] steampipe-plugin-hackernews.plugin: [TRACE] 1674006514314: setFetchType map[time:quals:{fieldName:"time"  string_value:">"  value:{timestamp_value:{seconds:1674002914  nanos:313119000}}}]
2023-01-18 01:48:34.437 UTC [TRACE] steampipe-plugin-hackernews.plugin: [TRACE] 1674006514314: getMatchingQuals column:'id' operator: =
2023-01-18 01:48:34.437 UTC [TRACE] steampipe-plugin-hackernews.plugin: [TRACE] 1674006514314: getMatchingQuals returning false - qualMap does not contain any quals for column id
2023-01-18 01:48:34.438 UTC [TRACE] steampipe-plugin-hackernews.plugin: [TRACE] 1674006514314: GetUnsatisfiedKeyColumns for columns column:'id' operator: =
2023-01-18 01:48:34.438 UTC [TRACE] steampipe-plugin-hackernews.plugin: [TRACE] 1674006514314: key column NOT satisfied column:'id' operator: =
2023-01-18 01:48:34.438 UTC [TRACE] steampipe-plugin-hackernews.plugin: [TRACE] 1674006514314: satisfied: map[any_of: optional: required:]
2023-01-18 01:48:34.439 UTC [TRACE] steampipe-plugin-hackernews.plugin: [TRACE] 1674006514314: unsatisfied: map[any_of: optional: required:column:'id' operator: =]
2023-01-18 01:48:34.440 UTC [TRACE] steampipe-plugin-hackernews.plugin: [TRACE] 1674006514314: unsatisfied required KeyColumns: column:'id' operator: =
2023-01-18 01:48:34.440 UTC [TRACE] steampipe-plugin-hackernews.plugin: [TRACE] 1674006514314: Set fetchType to fetchTypeList
2023-01-18 01:48:34.440 UTC [TRACE] steampipe-plugin-hackernews.plugin: [TRACE] 1674006514314: Equals key column quals:
2023-01-18 01:48:34.440 UTC [DEBUG] steampipe-plugin-hackernews.plugin: {}
2023-01-18 01:48:34.440 UTC [TRACE] steampipe-plugin-hackernews.plugin: [TRACE] 1674006514314: All key column quals:
2023-01-18 01:48:34.440 UTC [DEBUG] steampipe-plugin-hackernews.plugin: {}
2023-01-18 01:48:34.440 UTC [TRACE] steampipe-plugin-hackernews.plugin: [TRACE] 1674006514314: GetMatrixItem
2023-01-18 01:48:34.440 UTC [TRACE] steampipe-plugin-hackernews.plugin: [TRACE] 1674006514314: creating query data
2023-01-18 01:48:34.440 UTC [INFO]  steampipe-plugin-hackernews.plugin: [INFO]  1674006514314: cacheEnabled, trying cache get (hackernews-1674006514314)
2023-01-18 01:48:34.440 UTC [TRACE] steampipe-plugin-hackernews.plugin: [TRACE] 1674006514314: QueryCache Get - indexBucketKey index__hackernewshackernews_new, quals
2023-01-18 01:48:34.440 UTC [TRACE] steampipe-plugin-hackernews.plugin: [TRACE] 1674006514314: QueryCache getCachedQueryResult - table hackernews_new, connectionName hackernews
2023-01-18 01:48:34.440 UTC [TRACE] steampipe-plugin-hackernews.plugin: [TRACE] 1674006514314: index bucket key: index__hackernewshackernews_new ttlSeconds 300 limit: -1
2023-01-18 01:48:34.440 UTC [TRACE] steampipe-plugin-hackernews.plugin: [TRACE] 1674006514314: doGet cache miss
2023-01-18 01:48:34.440 UTC [TRACE] steampipe-plugin-hackernews.plugin: [TRACE] 1674006514314: getCachedIndexBucket - no item retrieved for cache key index__hackernewshackernews_new
2023-01-18 01:48:34.440 UTC [TRACE] steampipe-plugin-hackernews.plugin: [TRACE] 1674006514314: getCachedQueryResult returned CACHE MISS - checking for pending transfers
2023-01-18 01:48:34.440 UTC [TRACE] steampipe-plugin-hackernews.plugin: [TRACE] 1674006514314: getPendingResultItem indexBucketKey index__hackernewshackernews_new, columns [id title time by score dead deleted descendants kids parent parts poll text type url _ctx], limit -1
2023-01-18 01:48:34.440 UTC [TRACE] steampipe-plugin-hackernews.plugin: [TRACE] 1674006514314: no pending index item - add pending result, indexBucketKey index__hackernewshackernews_new
2023-01-18 01:48:34.440 UTC [TRACE] steampipe-plugin-hackernews.plugin: [TRACE] 1674006514314: addPendingResult (hackernews-1674006514314) indexBucketKey index__hackernewshackernews_new, columns [id title time by score dead deleted descendants kids parent parts poll text type url _ctx], limit -1
2023-01-18 01:48:34.440 UTC [TRACE] steampipe-plugin-hackernews.plugin: [TRACE] 1674006514314: no index bucket found - creating one
2023-01-18 01:48:34.440 UTC [TRACE] steampipe-plugin-hackernews.plugin: [TRACE] 1674006514314: pendingIndexItem Lock count before 0
2023-01-18 01:48:34.440 UTC [TRACE] steampipe-plugin-hackernews.plugin: [TRACE] 1674006514314: addPendingResult added pending index item to bucket, (hackernews-1674006514314) indexBucketKey index__hackernewshackernews_new, resultKeyRoot hackernewshackernews_newid,title,time,by,score,dead,deleted,descendants,kids,parent,parts,poll,text,type,url,_ctx-1, pending item : 0xc000428c00
2023-01-18 01:48:34.440 UTC [TRACE] steampipe-plugin-hackernews.plugin: [TRACE] 1674006514314: **** pending items (hackernews-1674006514314)****
2023-01-18 01:48:34.440 UTC [TRACE] steampipe-plugin-hackernews.plugin: [TRACE] 1674006514314: key: index__hackernewshackernews_new: item: 0xc000428c00, count: 1, key:hackernewshackernews_newid,title,time,by,score,dead,deleted,descendants,kids,parent,parts,poll,text,type,url,_ctx-1
2023-01-18 01:48:34.440 UTC [TRACE] steampipe-plugin-hackernews.plugin: [TRACE] 1674006514314: ********
2023-01-18 01:48:34.440 UTC [TRACE] steampipe-plugin-hackernews.plugin: [TRACE] 1674006514314: getPendingResultItem returning <nil>
2023-01-18 01:48:34.440 UTC [INFO]  steampipe-plugin-hackernews.plugin: [INFO]  1674006514314: CACHE MISS
2023-01-18 01:48:34.440 UTC [TRACE] steampipe-plugin-hackernews.plugin: [TRACE] 1674006514314: cache MISS
2023-01-18 01:48:34.440 UTC [INFO]  steampipe-plugin-hackernews.plugin: [INFO]  1674006514314: queryCacheGet returned CACHE MISS (hackernews-1674006514314)
2023-01-18 01:48:34.440 UTC [TRACE] steampipe-plugin-hackernews.plugin: [TRACE] 1674006514314: StartSet (hackernews-1674006514314)
2023-01-18 01:48:34.440 UTC [TRACE] steampipe-plugin-hackernews.plugin: [TRACE] 1674006514314: calling fetchItems, table: hackernews_new, matrixItem: [], limit: -1,  connectionCallId: hackernews-1674006514314"
2023-01-18 01:48:34.440 UTC [TRACE] steampipe-plugin-hackernews.plugin: [TRACE] 1674006514314: buildRowsAsync connectionCallId: hackernews-1674006514314
2023-01-18 01:48:34.440 UTC [TRACE] steampipe-plugin-hackernews.plugin: [TRACE] 1674006514314: streamRows connectionCallId: hackernews-1674006514314
2023-01-18 01:48:34.440 UTC [TRACE] steampipe-plugin-hackernews.plugin: [TRACE] 1674006514314: QueryData streamRows (hackernews-1674006514314)
2023-01-18 01:48:34.440 UTC [TRACE] steampipe-plugin-hackernews.plugin: [TRACE] 1674006514314: executeListCall START (hackernews-1674006514314)
2023-01-18 01:48:34.440 UTC [TRACE] steampipe-plugin-hackernews.plugin: [TRACE] 1674006514314: GetUnsatisfiedKeyColumns for columns
2023-01-18 01:48:34.440 UTC [TRACE] steampipe-plugin-hackernews.plugin: [TRACE] 1674006514314: doList (hackernews-1674006514314)
2023-01-18 01:48:34.440 UTC [TRACE] steampipe-plugin-hackernews.plugin: [TRACE] 1674006514314: doList: no matrix item
2023-01-18 01:48:34.599 UTC [TRACE] steampipe-plugin-hackernews.plugin: [TRACE] 1674006514314: QueryData.fetchComplete
2023-01-18 01:48:34.599 UTC [TRACE] steampipe-plugin-hackernews.plugin: [TRACE] 1674006514314: executeListCall COMPLETE (hackernews-1674006514314)
2023-01-18 01:48:34.599 UTC [TRACE] steampipe-plugin-hackernews.plugin: [TRACE] 1674006514314: rowData chan returned nil - wait for rows to complete (hackernews-1674006514314)
2023-01-18 01:48:34.608 UTC [TRACE] stdio: received data: channel=STDOUT len=19
2023-01-18 01:48:34.608 UTC [TRACE] stdio: waiting for stdio data
2023-01-18 01:48:34.716 UTC [TRACE] stdio: received data: channel=STDOUT len=909
2023-01-18 01:48:34.716 UTC [TRACE] stdio: waiting for stdio data
2023-01-18 01:48:34.761 UTC [TRACE] stdio: received data: channel=STDOUT len=1024
2023-01-18 01:48:34.761 UTC [TRACE] stdio: waiting for stdio data
2023-01-18 01:48:34.825 UTC [TRACE] stdio: received data: channel=STDOUT len=97
2023-01-18 01:48:34.825 UTC [TRACE] stdio: waiting for stdio data
2023-01-18 01:48:34.838 UTC [TRACE] stdio: received data: channel=STDOUT len=1024
2023-01-18 01:48:34.838 UTC [TRACE] stdio: waiting for stdio data
2023-01-18 01:48:34.899 UTC [TRACE] stdio: received data: channel=STDOUT len=1024
2023-01-18 01:48:34.899 UTC [TRACE] stdio: waiting for stdio data
2023-01-18 01:48:34.899 UTC [TRACE] stdio: received data: channel=STDOUT len=33
2023-01-18 01:48:34.899 UTC [TRACE] stdio: waiting for stdio data
2023-01-18 01:48:34.969 UTC [TRACE] stdio: received data: channel=STDOUT len=774
2023-01-18 01:48:34.969 UTC [TRACE] stdio: waiting for stdio data
2023-01-18 01:48:34.970 UTC [TRACE] steampipe-plugin-hackernews.plugin: [TRACE] 1674006514314: buildRowsAsync goroutine returning (hackernews-1674006514314)
2023-01-18 01:48:34.970 UTC [TRACE] steampipe-plugin-hackernews.plugin: [TRACE] 1674006514314: streamRows - nil row, stop streaming (hackernews-1674006514314)
2023-01-18 01:48:34.970 UTC [TRACE] steampipe-plugin-hackernews.plugin: [TRACE] 1674006514314: ------------------------------------
2023-01-18 01:48:34.970 UTC [TRACE] steampipe-plugin-hackernews.plugin: [TRACE] 1674006514314: Concurrency Summary
2023-01-18 01:48:34.970 UTC [TRACE] steampipe-plugin-hackernews.plugin: [TRACE] 1674006514314: ------------------------------------
2023-01-18 01:48:34.970 UTC [TRACE] steampipe-plugin-hackernews.plugin: [TRACE] 1674006514314: getItem                       : 200
2023-01-18 01:48:34.970 UTC [TRACE] steampipe-plugin-hackernews.plugin: [TRACE] 1674006514314: ------------------------------------
2023-01-18 01:48:34.970 UTC [TRACE] steampipe-plugin-hackernews.plugin: [TRACE] 1674006514314: Total                         : 200
2023-01-18 01:48:34.970 UTC [TRACE] steampipe-plugin-hackernews.plugin: [TRACE] 1674006514314: ------------------------------------
2023-01-18 01:48:34.970 UTC [TRACE] steampipe-plugin-hackernews.plugin: [TRACE] 1674006514314: QueryData streamRows DONE (hackernews-1674006514314)
2023-01-18 01:48:34.970 UTC [TRACE] steampipe-plugin-hackernews.plugin: [TRACE] 1674006514314: EndSet (hackernews-1674006514314) table hackernews_new
2023-01-18 01:48:34.970 UTC [TRACE] steampipe-plugin-hackernews.plugin: [TRACE] 1674006514314: QueryCache writePageToCache: 500 rows, pageCount 1, page key hackernewshackernews_newid,title,time,by,score,dead,deleted,descendants,kids,parent,parts,poll,text,type,url,_ctx-1-0
2023-01-18 01:48:34.979 UTC [TRACE] steampipe-plugin-hackernews.plugin: [TRACE] 1674006514314: writePageToCache Set - result written
2023-01-18 01:48:34.979 UTC [TRACE] steampipe-plugin-hackernews.plugin: [TRACE] 1674006514314: QueryCache EndSet - result written
2023-01-18 01:48:34.979 UTC [TRACE] steampipe-plugin-hackernews.plugin: [TRACE] 1674006514314: doGet cache miss
2023-01-18 01:48:34.979 UTC [TRACE] steampipe-plugin-hackernews.plugin: [TRACE] 1674006514314: getCachedIndexBucket - no item retrieved for cache key index__hackernewshackernews_new
2023-01-18 01:48:34.979 UTC [TRACE] steampipe-plugin-hackernews.plugin: [TRACE] 1674006514314: getCachedIndexBucket returned cache miss
2023-01-18 01:48:34.979 UTC [TRACE] steampipe-plugin-hackernews.plugin: [TRACE] 1674006514314: QueryCache EndSet - Added index item (0xc01b10c180) to bucket (0xc017a3e3d8), page count 1,  key root hackernewshackernews_newid,title,time,by,score,dead,deleted,descendants,kids,parent,parts,poll,text,type,url,_ctx-1
2023-01-18 01:48:34.979 UTC [TRACE] steampipe-plugin-hackernews.plugin: [TRACE] 1674006514314: cacheSetIndexBucket index__hackernewshackernews_new
2023-01-18 01:48:34.979 UTC [TRACE] steampipe-plugin-hackernews.plugin: [TRACE] 1674006514314: QueryCache EndSet - IndexBucket written
2023-01-18 01:48:34.979 UTC [TRACE] steampipe-plugin-hackernews.plugin: [TRACE] 1674006514314: EndSet DEFER (hackernews-1674006514314) table hackernews_new
2023-01-18 01:48:34.979 UTC [TRACE] steampipe-plugin-hackernews.plugin: [TRACE] 1674006514314: calling pendingItemComplete (hackernews-1674006514314)
2023-01-18 01:48:34.979 UTC [TRACE] steampipe-plugin-hackernews.plugin: [TRACE] 1674006514314: pendingItemComplete (hackernews-1674006514314) indexBucketKey index__hackernewshackernews_new, columns [id title time by score dead deleted descendants kids parent parts poll text type url _ctx], limit -1
2023-01-18 01:48:34.979 UTC [TRACE] steampipe-plugin-hackernews.plugin: [TRACE] 1674006514314: got pending index bucket, (hackernews-1674006514314) len 1
2023-01-18 01:48:34.979 UTC [TRACE] steampipe-plugin-hackernews.plugin: [TRACE] 1674006514314: SatisfiesLimit limit -1, no item limit - satisfied
2023-01-18 01:48:34.979 UTC [TRACE] steampipe-plugin-hackernews.plugin: [TRACE] 1674006514314: found pending index item to satisfy columns id,title,time,by,score,dead,deleted,descendants,kids,parent,parts,poll,text,type,url,_ctx, limit -1
2023-01-18 01:48:34.979 UTC [TRACE] steampipe-plugin-hackernews.plugin: [TRACE] 1674006514314: found completed pending item (hackernews-1674006514314) 0xc000428c00, key hackernewshackernews_newid,title,time,by,score,dead,deleted,descendants,kids,parent,parts,poll,text,type,url,_ctx-1 - removing from map as it is complete
2023-01-18 01:48:34.979 UTC [TRACE] steampipe-plugin-hackernews.plugin: [TRACE] 1674006514314: pendingIndexItem Unlock count before 1 key hackernewshackernews_newid,title,time,by,score,dead,deleted,descendants,kids,parent,parts,poll,text,type,url,_ctx-1
2023-01-18 01:48:34.979 UTC [TRACE] steampipe-plugin-hackernews.plugin: [TRACE] 1674006514314: deleted from pending, (hackernews-1674006514314) len 0
2023-01-18 01:48:34.979 UTC [TRACE] steampipe-plugin-hackernews.plugin: [TRACE] 1674006514314: pending bucket now empty - deleting key index__hackernewshackernews_new
2023-01-18 01:48:34.979 UTC [TRACE] steampipe-plugin-hackernews.plugin: [TRACE] 1674006514314: pendingItemComplete done (hackernews-1674006514314)
2023-01-18 01:48:34.979 UTC [TRACE] steampipe-plugin-hackernews.plugin: [TRACE] 1674006514314: cache set succeeded
2023-01-18 01:48:34.979 UTC [TRACE] steampipe-plugin-hackernews.plugin: [TRACE] 1674006514314: End execute span
2023-01-18 01:48:34.979 UTC [TRACE] steampipe-plugin-hackernews.plugin: [TRACE] 1674006514314: executeForConnection DEFER (hackernews-1674006514314)
2023-01-18 01:48:34.979 UTC [TRACE] steampipe-plugin-hackernews.plugin: [TRACE] 1674006514314: Execute complete callId: hackernews-1674006514314 table: hackernews_new
2023-01-18 01:48:34.979 UTC [TRACE] steampipe-plugin-hackernews.plugin: [TRACE] 1674006514314: executeForConnection hackernews returned
2023-01-18 01:48:34.979 UTC [TRACE] steampipe-plugin-hackernews.plugin: [TRACE] 1674006514314: output wg complete - send nil row
2023-01-18 01:48:34.979 UTC [TRACE] steampipe-plugin-hackernews.plugin: [TRACE] 1674006514314: empty row on output channel - we are done
2023-01-18 01:48:34.979 UTC [INFO]  steampipe-plugin-hackernews.plugin: [INFO]  1674006514314: Plugin Execute complete (1674006514314)
2023-01-18 01:48:35.044 UTC [TRACE] PluginManager Shutdown
2023-01-18 01:48:35.044 UTC [TRACE] killing plugin csv (2035)
2023-01-18 01:48:35.046 UTC [TRACE] steampipe-plugin-csv.plugin: [TRACE] FLUSHING instrumentation
2023-01-18 01:48:35.046 UTC [TRACE] steampipe-plugin-csv.plugin: [TRACE] Shutdown instrumentation
2023-01-18 01:48:35.046 UTC [INFO]  plugin process exited: path=/home/runner/.steampipe/plugins/hub.steampipe.io/plugins/turbot/csv@latest/steampipe-plugin-csv.plugin pid=2035
2023-01-18 01:48:35.046 UTC [DEBUG] stdio: received EOF, stopping recv loop: err="rpc error: code = Unavailable desc = error reading from server: EOF"
2023-01-18 01:48:35.046 UTC [DEBUG] plugin exited
2023-01-18 01:48:35.046 UTC [TRACE] killing plugin hackernews (2057)
2023-01-18 01:48:35.046 UTC [DEBUG] stdio: received EOF, stopping recv loop: err="rpc error: code = Unavailable desc = error reading from server: EOF"
2023-01-18 01:48:35.046 UTC [TRACE] steampipe-plugin-hackernews.plugin: [TRACE] 1674006514314: FLUSHING instrumentation
2023-01-18 01:48:35.046 UTC [TRACE] steampipe-plugin-hackernews.plugin: [TRACE] 1674006514314: Shutdown instrumentation
2023-01-18 01:48:35.049 UTC [INFO]  plugin process exited: path=/home/runner/.steampipe/plugins/hub.steampipe.io/plugins/turbot/hackernews@latest/steampipe-plugin-hackernews.plugin pid=2057
2023-01-18 01:48:35.049 UTC [DEBUG] plugin exited
2023-01-18 01:48:40.847 UTC [WARN]  steampipe-plugin-csv.plugin: [WARN]  1674006520644: getKeyColumnsForTable found no schema for table '/home/runner/work/steampipe-samples/steampipe-samples/all/hackernews/hn.csv'
2023-01-18 01:49:18.411 UTC [WARN]  steampipe-plugin-csv.plugin: [WARN]  1674006558576: getKeyColumnsForTable found no schema for table '/home/runner/work/steampipe-samples/steampipe-samples/all/hackernews/hn.csv'
2023-01-18 01:51:35.210 UTC [ERROR] steampipe-plugin-csv.plugin: [ERROR] csv.tableCSV: header_parse_error=EOF path=/home/runner/work/steampipe-samples/steampipe-samples/all/hackernews/new_sc.csv header=[]
2023-01-18 01:51:35.210 UTC [ERROR] steampipe-plugin-csv.plugin: [ERROR] csv.PluginTables: create_table_error="failed to parse file header /home/runner/work/steampipe-samples/steampipe-samples/all/hackernews/new_sc.csv: EOF" path=/home/runner/work/steampipe-samples/steampipe-samples/all/hackernews/new_sc.csv
2023-01-18 01:51:35.211 UTC [WARN]  failed to set connection config: failed to parse file header /home/runner/work/steampipe-samples/steampipe-samples/all/hackernews/new_sc.csv: EOF
2023-01-18 01:51:36.459 UTC [WARN]  steampipe-plugin-csv.plugin: [WARN]  1674006696848: getKeyColumnsForTable found no schema for table '/home/runner/work/steampipe-samples/steampipe-samples/all/hackernews/new_sc.csv'
2023-01-18 01:51:43.323 UTC [ERROR] steampipe-plugin-csv.plugin: [ERROR] csv.tableCSV: header_parse_error=EOF path=/home/runner/work/steampipe-samples/steampipe-samples/all/hackernews/hn_items_all.csv header=[]
2023-01-18 01:51:43.323 UTC [ERROR] steampipe-plugin-csv.plugin: [ERROR] csv.PluginTables: create_table_error="failed to parse file header /home/runner/work/steampipe-samples/steampipe-samples/all/hackernews/hn_items_all.csv: EOF" path=/home/runner/work/steampipe-samples/steampipe-samples/all/hackernews/hn_items_all.csv
2023-01-18 01:51:43.323 UTC [WARN]  failed to set connection config: failed to parse file header /home/runner/work/steampipe-samples/steampipe-samples/all/hackernews/hn_items_all.csv: EOF
2023-01-18 01:51:44.617 UTC [ERROR] steampipe-plugin-csv.plugin: [ERROR] csv.tableCSV: header_parse_error=EOF path=/home/runner/work/steampipe-samples/steampipe-samples/all/hackernews/people.csv header=[]
2023-01-18 01:51:44.617 UTC [ERROR] steampipe-plugin-csv.plugin: [ERROR] csv.PluginTables: create_table_error="failed to parse file header /home/runner/work/steampipe-samples/steampipe-samples/all/hackernews/people.csv: EOF" path=/home/runner/work/steampipe-samples/steampipe-samples/all/hackernews/people.csv
2023-01-18 01:51:44.617 UTC [WARN]  failed to set connection config: failed to parse file header /home/runner/work/steampipe-samples/steampipe-samples/all/hackernews/people.csv: EOF
