2023-03-02 23:19:51.276 UTC [INFO]  starting plugin manager
2023-03-02 23:19:51.277 UTC [TRACE] loaded config map: github,hackernews,net,csv
2023-03-02 23:19:51.277 UTC [TRACE] NewPluginManager
2023-03-02 23:19:51.277 UTC [TRACE] PluginManager setPluginCacheSizeMap: 4 connections.
2023-03-02 23:19:51.278 UTC [TRACE] Total cache size 0Mb
2023-03-02 23:19:51.278 UTC [INFO]  starting connection watcher
2023-03-02 23:19:51.278 UTC [INFO]  created ConnectionWatcher
2023-03-02 23:19:51.278 UTC [TRACE] about to serve
2023-03-02 23:19:51.339 UTC [TRACE] PluginManager Get, connections: '[csv]'
2023-03-02 23:19:51.339 UTC [TRACE] PluginManager getPlugin hub.steampipe.io/plugins/turbot/csv@latest connection 'csv'
2023-03-02 23:19:51.339 UTC [TRACE] PluginManager 0xc00074e2d0 plugin hub.steampipe.io/plugins/turbot/csv@latest (csv) NOT started or starting - start now
2023-03-02 23:19:51.339 UTC [TRACE] ************ start plugin csv ********************
2023-03-02 23:19:51.340 UTC [TRACE] ************ plugin path /home/runner/.steampipe/plugins/hub.steampipe.io/plugins/turbot/csv@latest/steampipe-plugin-csv.plugin ********************
2023-03-02 23:19:51.421 UTC [DEBUG] starting plugin: path=/home/runner/.steampipe/plugins/hub.steampipe.io/plugins/turbot/csv@latest/steampipe-plugin-csv.plugin args=["/home/runner/.steampipe/plugins/hub.steampipe.io/plugins/turbot/csv@latest/steampipe-plugin-csv.plugin"]
2023-03-02 23:19:51.422 UTC [DEBUG] plugin started: path=/home/runner/.steampipe/plugins/hub.steampipe.io/plugins/turbot/csv@latest/steampipe-plugin-csv.plugin pid=1932
2023-03-02 23:19:51.422 UTC [DEBUG] waiting for RPC address: path=/home/runner/.steampipe/plugins/hub.steampipe.io/plugins/turbot/csv@latest/steampipe-plugin-csv.plugin
2023-03-02 23:19:51.432 UTC [INFO]  steampipe-plugin-csv.plugin: [INFO]  Initialise plugin 'steampipe-plugin-csv', using sdk version 4.1.8
2023-03-02 23:19:51.432 UTC [TRACE] steampipe-plugin-csv.plugin: [TRACE] no DefaultRetryConfig defined - creating empty
2023-03-02 23:19:51.432 UTC [TRACE] steampipe-plugin-csv.plugin: [TRACE] no DefaultIgnoreConfig defined - creating empty
2023-03-02 23:19:51.433 UTC [TRACE] steampipe-plugin-csv.plugin: [TRACE] telemetry.Init service 'steampipe-plugin-csv', tracingEnabled: false, metricsEnabled: false
2023-03-02 23:19:51.433 UTC [TRACE] steampipe-plugin-csv.plugin: [TRACE] metrics and tracing disabled' - returning
2023-03-02 23:19:51.433 UTC [DEBUG] steampipe-plugin-csv.plugin: plugin address: address=/tmp/plugin3339529903 network=unix timestamp=2023-03-02T23:19:51.433Z
2023-03-02 23:19:51.433 UTC [DEBUG] using plugin: version=0
2023-03-02 23:19:51.433 UTC [TRACE] NewPluginClient for plugin hub.steampipe.io/plugins/turbot/csv@latest
2023-03-02 23:19:51.435 UTC [TRACE] stdio: waiting for stdio data
2023-03-02 23:19:51.437 UTC [TRACE] supportedOperations: query_cache:true  multiple_connections:true
2023-03-02 23:19:51.439 UTC [TRACE] steampipe-plugin-csv.plugin: [TRACE] SetAllConnectionConfigs setting 1 configs
2023-03-02 23:19:51.439 UTC [TRACE] steampipe-plugin-csv.plugin: [TRACE] connection csv build schema and table map
2023-03-02 23:19:51.439 UTC [DEBUG] steampipe-plugin-csv.plugin: [DEBUG] csv.tableCSV: path=/home/runner/work/steampipe-samples/steampipe-samples/all/hackernews/hn_items_all.csv detected_encoding=Unknown
2023-03-02 23:19:51.439 UTC [DEBUG] steampipe-plugin-csv.plugin: [DEBUG] csv.tableCSV: path=/home/runner/work/steampipe-samples/steampipe-samples/all/hackernews/new_sc.csv detected_encoding=Unknown
2023-03-02 23:19:51.439 UTC [TRACE] steampipe-plugin-csv.plugin: [TRACE] initialise table /home/runner/work/steampipe-samples/steampipe-samples/all/hackernews/hn_items_all.csv
2023-03-02 23:19:51.439 UTC [TRACE] steampipe-plugin-csv.plugin: [TRACE] no DefaultRetryConfig defined - creating empty
2023-03-02 23:19:51.439 UTC [TRACE] steampipe-plugin-csv.plugin: [TRACE] no DefaultIgnoreConfig defined - creating empty
2023-03-02 23:19:51.439 UTC [TRACE] steampipe-plugin-csv.plugin: [TRACE] apply plugin defaults for DefaultRetryConfig
2023-03-02 23:19:51.439 UTC [TRACE] steampipe-plugin-csv.plugin: [TRACE] apply plugin defaults for DefaultIgnoreConfig, table &{<nil> <nil>} plugin &{<nil> <nil>}
2023-03-02 23:19:51.439 UTC [TRACE] steampipe-plugin-csv.plugin: [TRACE] DefaultRetryConfig:
2023-03-02 23:19:51.439 UTC [TRACE] steampipe-plugin-csv.plugin: [TRACE] DefaultIgnoreConfig:
2023-03-02 23:19:51.439 UTC [TRACE] steampipe-plugin-csv.plugin: [TRACE] t.List.initialise
2023-03-02 23:19:51.439 UTC [TRACE] steampipe-plugin-csv.plugin: [TRACE] ListConfig.initialise table /home/runner/work/steampipe-samples/steampipe-samples/all/hackernews/hn_items_all.csv
2023-03-02 23:19:51.439 UTC [TRACE] steampipe-plugin-csv.plugin: [TRACE] ListConfig.initialise complete: RetryConfig: , IgnoreConfig
2023-03-02 23:19:51.439 UTC [TRACE] steampipe-plugin-csv.plugin: [TRACE] back from initialiseHydrateConfigs
2023-03-02 23:19:51.439 UTC [TRACE] steampipe-plugin-csv.plugin: [TRACE] initialise table /home/runner/work/steampipe-samples/steampipe-samples/all/hackernews/hn_items_all.csv COMPLETE
2023-03-02 23:19:51.439 UTC [TRACE] steampipe-plugin-csv.plugin: [TRACE] initialise table /home/runner/work/steampipe-samples/steampipe-samples/all/hackernews/new_sc.csv
2023-03-02 23:19:51.439 UTC [TRACE] steampipe-plugin-csv.plugin: [TRACE] no DefaultRetryConfig defined - creating empty
2023-03-02 23:19:51.439 UTC [TRACE] steampipe-plugin-csv.plugin: [TRACE] no DefaultIgnoreConfig defined - creating empty
2023-03-02 23:19:51.439 UTC [TRACE] steampipe-plugin-csv.plugin: [TRACE] apply plugin defaults for DefaultRetryConfig
2023-03-02 23:19:51.439 UTC [TRACE] steampipe-plugin-csv.plugin: [TRACE] apply plugin defaults for DefaultIgnoreConfig, table &{<nil> <nil>} plugin &{<nil> <nil>}
2023-03-02 23:19:51.439 UTC [TRACE] steampipe-plugin-csv.plugin: [TRACE] DefaultRetryConfig:
2023-03-02 23:19:51.439 UTC [TRACE] steampipe-plugin-csv.plugin: [TRACE] DefaultIgnoreConfig:
2023-03-02 23:19:51.439 UTC [TRACE] steampipe-plugin-csv.plugin: [TRACE] t.List.initialise
2023-03-02 23:19:51.439 UTC [TRACE] steampipe-plugin-csv.plugin: [TRACE] ListConfig.initialise table /home/runner/work/steampipe-samples/steampipe-samples/all/hackernews/new_sc.csv
2023-03-02 23:19:51.439 UTC [TRACE] steampipe-plugin-csv.plugin: [TRACE] ListConfig.initialise complete: RetryConfig: , IgnoreConfig
2023-03-02 23:19:51.439 UTC [TRACE] steampipe-plugin-csv.plugin: [TRACE] back from initialiseHydrateConfigs
2023-03-02 23:19:51.439 UTC [TRACE] steampipe-plugin-csv.plugin: [TRACE] initialise table /home/runner/work/steampipe-samples/steampipe-samples/all/hackernews/new_sc.csv COMPLETE
2023-03-02 23:19:51.439 UTC [TRACE] steampipe-plugin-csv.plugin: [TRACE] validate plugin steampipe-plugin-csv, required columns []
2023-03-02 23:19:51.439 UTC [TRACE] steampipe-plugin-csv.plugin: [TRACE] validate DefaultRetryConfig
2023-03-02 23:19:51.439 UTC [TRACE] steampipe-plugin-csv.plugin: [TRACE] validate DefaultIgnoreConfig
2023-03-02 23:19:51.439 UTC [TRACE] steampipe-plugin-csv.plugin: [TRACE] validate table names
2023-03-02 23:19:51.439 UTC [TRACE] steampipe-plugin-csv.plugin: [TRACE] plugin has 0 validation errors
2023-03-02 23:19:51.439 UTC [TRACE] steampipe-plugin-csv.plugin: [TRACE] Plugin ensureCache creating cache, maxCacheStorageMb 0
2023-03-02 23:19:51.439 UTC [TRACE] steampipe-plugin-csv.plugin: [TRACE] createCacheStore for plugin 'steampipe-plugin-csv' setting max size to 0Mb, Shards: 2, max shard size: 0
2023-03-02 23:19:51.453 UTC [INFO]  steampipe-plugin-csv.plugin: [INFO]  query cache created
2023-03-02 23:19:51.453 UTC [DEBUG] steampipe-plugin-csv.plugin: [DEBUG] SetAllConnectionConfigs finished
2023-03-02 23:19:51.454 UTC [TRACE] PluginManager getPlugin complete, returning reattach config with PID: 1932
2023-03-02 23:19:51.454 UTC [TRACE] PluginManager Get returning reattach_map:{key:"csv"  value:{protocol:"grpc"  addr:{Network:"unix"  Address:"/tmp/plugin3339529903"}  pid:1932  supported_operations:{query_cache:true  multiple_connections:true}  connections:"csv"  plugin:"hub.steampipe.io/plugins/turbot/csv@latest"}}
2023-03-02 23:19:51.497 UTC [TRACE] PluginManager Get, connections: '[csv]'
2023-03-02 23:19:51.498 UTC [TRACE] PluginManager getPlugin hub.steampipe.io/plugins/turbot/csv@latest connection 'csv'
2023-03-02 23:19:51.498 UTC [TRACE] connection csv found in connectionPluginMap
2023-03-02 23:19:51.498 UTC [TRACE] initialized: 1932
2023-03-02 23:19:51.498 UTC [TRACE] initialized: 1932
2023-03-02 23:19:51.498 UTC [TRACE] connection csv is loaded, check for running PID
2023-03-02 23:19:51.498 UTC [TRACE] PluginManager found 'csv' in map, pid 1932
2023-03-02 23:19:51.498 UTC [TRACE] PluginManager Get returning reattach_map:{key:"csv"  value:{protocol:"grpc"  addr:{Network:"unix"  Address:"/tmp/plugin3339529903"}  pid:1932  supported_operations:{query_cache:true  multiple_connections:true}  connections:"csv"  plugin:"hub.steampipe.io/plugins/turbot/csv@latest"}}
2023-03-02 23:19:51.558 UTC [TRACE] PluginManager Get, connections: '[hackernews]'
2023-03-02 23:19:51.559 UTC [TRACE] PluginManager getPlugin hub.steampipe.io/plugins/turbot/hackernews@latest connection 'hackernews'
2023-03-02 23:19:51.559 UTC [TRACE] PluginManager 0xc00074e2d0 plugin hub.steampipe.io/plugins/turbot/hackernews@latest (hackernews) NOT started or starting - start now
2023-03-02 23:19:51.559 UTC [TRACE] ************ start plugin hackernews ********************
2023-03-02 23:19:51.559 UTC [TRACE] ************ plugin path /home/runner/.steampipe/plugins/hub.steampipe.io/plugins/turbot/hackernews@latest/steampipe-plugin-hackernews.plugin ********************
2023-03-02 23:19:51.633 UTC [DEBUG] starting plugin: path=/home/runner/.steampipe/plugins/hub.steampipe.io/plugins/turbot/hackernews@latest/steampipe-plugin-hackernews.plugin args=["/home/runner/.steampipe/plugins/hub.steampipe.io/plugins/turbot/hackernews@latest/steampipe-plugin-hackernews.plugin"]
2023-03-02 23:19:51.633 UTC [DEBUG] plugin started: path=/home/runner/.steampipe/plugins/hub.steampipe.io/plugins/turbot/hackernews@latest/steampipe-plugin-hackernews.plugin pid=1956
2023-03-02 23:19:51.633 UTC [DEBUG] waiting for RPC address: path=/home/runner/.steampipe/plugins/hub.steampipe.io/plugins/turbot/hackernews@latest/steampipe-plugin-hackernews.plugin
2023-03-02 23:19:51.648 UTC [INFO]  steampipe-plugin-hackernews.plugin: [INFO]  Initialise plugin 'steampipe-plugin-hackernews', using sdk version 4.1.7
2023-03-02 23:19:51.648 UTC [TRACE] steampipe-plugin-hackernews.plugin: [TRACE] defaulting SchemaMode to SchemaModeStatic
2023-03-02 23:19:51.648 UTC [TRACE] steampipe-plugin-hackernews.plugin: [TRACE] no DefaultRetryConfig defined - creating empty
2023-03-02 23:19:51.648 UTC [TRACE] steampipe-plugin-hackernews.plugin: [TRACE] no DefaultIgnoreConfig defined - creating empty
2023-03-02 23:19:51.648 UTC [TRACE] steampipe-plugin-hackernews.plugin: [TRACE] Setting Ulimit: ulimit=2560
2023-03-02 23:19:51.649 UTC [TRACE] steampipe-plugin-hackernews.plugin: [TRACE] telemetry.Init service 'steampipe-plugin-hackernews', tracingEnabled: false, metricsEnabled: false
2023-03-02 23:19:51.649 UTC [TRACE] steampipe-plugin-hackernews.plugin: [TRACE] metrics and tracing disabled' - returning
2023-03-02 23:19:51.649 UTC [DEBUG] steampipe-plugin-hackernews.plugin: plugin address: address=/tmp/plugin2489531066 network=unix timestamp=2023-03-02T23:19:51.649Z
2023-03-02 23:19:51.649 UTC [DEBUG] using plugin: version=0
2023-03-02 23:19:51.649 UTC [TRACE] NewPluginClient for plugin hub.steampipe.io/plugins/turbot/hackernews@latest
2023-03-02 23:19:51.651 UTC [TRACE] stdio: waiting for stdio data
2023-03-02 23:19:51.652 UTC [TRACE] supportedOperations: query_cache:true  multiple_connections:true
2023-03-02 23:19:51.652 UTC [TRACE] steampipe-plugin-hackernews.plugin: [TRACE] SetAllConnectionConfigs setting 1 configs
2023-03-02 23:19:51.652 UTC [TRACE] steampipe-plugin-hackernews.plugin: [TRACE] connection hackernews build schema and table map
2023-03-02 23:19:51.652 UTC [TRACE] steampipe-plugin-hackernews.plugin: [TRACE] initialise table hackernews_best
2023-03-02 23:19:51.652 UTC [TRACE] steampipe-plugin-hackernews.plugin: [TRACE] no DefaultRetryConfig defined - creating empty
2023-03-02 23:19:51.652 UTC [TRACE] steampipe-plugin-hackernews.plugin: [TRACE] no DefaultIgnoreConfig defined - creating empty
2023-03-02 23:19:51.652 UTC [TRACE] steampipe-plugin-hackernews.plugin: [TRACE] apply plugin defaults for DefaultRetryConfig
2023-03-02 23:19:51.652 UTC [TRACE] steampipe-plugin-hackernews.plugin: [TRACE] apply plugin defaults for DefaultIgnoreConfig, table &{<nil> <nil>} plugin &{<nil> <nil>}
2023-03-02 23:19:51.652 UTC [TRACE] steampipe-plugin-hackernews.plugin: [TRACE] DefaultRetryConfig:
2023-03-02 23:19:51.652 UTC [TRACE] steampipe-plugin-hackernews.plugin: [TRACE] DefaultIgnoreConfig:
2023-03-02 23:19:51.652 UTC [TRACE] steampipe-plugin-hackernews.plugin: [TRACE] t.Get.initialise
2023-03-02 23:19:51.652 UTC [TRACE] steampipe-plugin-hackernews.plugin: [TRACE] GetConfig.initialise table hackernews_best
2023-03-02 23:19:51.652 UTC [TRACE] steampipe-plugin-hackernews.plugin: [TRACE] GetConfig.initialise complete: RetryConfig: , IgnoreConfig:
2023-03-02 23:19:51.652 UTC [TRACE] steampipe-plugin-hackernews.plugin: [TRACE] t.List.initialise
2023-03-02 23:19:51.652 UTC [TRACE] steampipe-plugin-hackernews.plugin: [TRACE] ListConfig.initialise table hackernews_best
2023-03-02 23:19:51.652 UTC [TRACE] steampipe-plugin-hackernews.plugin: [TRACE] ListConfig.initialise complete: RetryConfig: , IgnoreConfig
2023-03-02 23:19:51.652 UTC [TRACE] steampipe-plugin-hackernews.plugin: [TRACE] HydrateConfig.initialise func getItem, table hackernews_best
2023-03-02 23:19:51.652 UTC [TRACE] steampipe-plugin-hackernews.plugin: [TRACE] HydrateConfig.initialise complete: RetryConfig: , IgnoreConfig:
2023-03-02 23:19:51.652 UTC [TRACE] steampipe-plugin-hackernews.plugin: [TRACE] back from initialiseHydrateConfigs
2023-03-02 23:19:51.652 UTC [TRACE] steampipe-plugin-hackernews.plugin: [TRACE] initialise table hackernews_best COMPLETE
2023-03-02 23:19:51.652 UTC [TRACE] steampipe-plugin-hackernews.plugin: [TRACE] initialise table hackernews_item
2023-03-02 23:19:51.652 UTC [TRACE] steampipe-plugin-hackernews.plugin: [TRACE] no DefaultRetryConfig defined - creating empty
2023-03-02 23:19:51.652 UTC [TRACE] steampipe-plugin-hackernews.plugin: [TRACE] no DefaultIgnoreConfig defined - creating empty
2023-03-02 23:19:51.652 UTC [TRACE] steampipe-plugin-hackernews.plugin: [TRACE] apply plugin defaults for DefaultRetryConfig
2023-03-02 23:19:51.652 UTC [TRACE] steampipe-plugin-hackernews.plugin: [TRACE] apply plugin defaults for DefaultIgnoreConfig, table &{<nil> <nil>} plugin &{<nil> <nil>}
2023-03-02 23:19:51.652 UTC [TRACE] steampipe-plugin-hackernews.plugin: [TRACE] DefaultRetryConfig:
2023-03-02 23:19:51.652 UTC [TRACE] steampipe-plugin-hackernews.plugin: [TRACE] DefaultIgnoreConfig:
2023-03-02 23:19:51.652 UTC [TRACE] steampipe-plugin-hackernews.plugin: [TRACE] t.Get.initialise
2023-03-02 23:19:51.652 UTC [TRACE] steampipe-plugin-hackernews.plugin: [TRACE] GetConfig.initialise table hackernews_item
2023-03-02 23:19:51.652 UTC [TRACE] steampipe-plugin-hackernews.plugin: [TRACE] GetConfig.initialise complete: RetryConfig: , IgnoreConfig:
2023-03-02 23:19:51.652 UTC [TRACE] steampipe-plugin-hackernews.plugin: [TRACE] t.List.initialise
2023-03-02 23:19:51.652 UTC [TRACE] steampipe-plugin-hackernews.plugin: [TRACE] ListConfig.initialise table hackernews_item
2023-03-02 23:19:51.652 UTC [TRACE] steampipe-plugin-hackernews.plugin: [TRACE] ListConfig.initialise complete: RetryConfig: , IgnoreConfig
2023-03-02 23:19:51.652 UTC [TRACE] steampipe-plugin-hackernews.plugin: [TRACE] HydrateConfig.initialise func getItem, table hackernews_item
2023-03-02 23:19:51.652 UTC [TRACE] steampipe-plugin-hackernews.plugin: [TRACE] HydrateConfig.initialise complete: RetryConfig: , IgnoreConfig:
2023-03-02 23:19:51.652 UTC [TRACE] steampipe-plugin-hackernews.plugin: [TRACE] back from initialiseHydrateConfigs
2023-03-02 23:19:51.652 UTC [TRACE] steampipe-plugin-hackernews.plugin: [TRACE] initialise table hackernews_item COMPLETE
2023-03-02 23:19:51.652 UTC [TRACE] steampipe-plugin-hackernews.plugin: [TRACE] initialise table hackernews_job
2023-03-02 23:19:51.652 UTC [TRACE] steampipe-plugin-hackernews.plugin: [TRACE] no DefaultRetryConfig defined - creating empty
2023-03-02 23:19:51.652 UTC [TRACE] steampipe-plugin-hackernews.plugin: [TRACE] no DefaultIgnoreConfig defined - creating empty
2023-03-02 23:19:51.652 UTC [TRACE] steampipe-plugin-hackernews.plugin: [TRACE] apply plugin defaults for DefaultRetryConfig
2023-03-02 23:19:51.652 UTC [TRACE] steampipe-plugin-hackernews.plugin: [TRACE] apply plugin defaults for DefaultIgnoreConfig, table &{<nil> <nil>} plugin &{<nil> <nil>}
2023-03-02 23:19:51.652 UTC [TRACE] steampipe-plugin-hackernews.plugin: [TRACE] DefaultRetryConfig:
2023-03-02 23:19:51.652 UTC [TRACE] steampipe-plugin-hackernews.plugin: [TRACE] DefaultIgnoreConfig:
2023-03-02 23:19:51.652 UTC [TRACE] steampipe-plugin-hackernews.plugin: [TRACE] t.Get.initialise
2023-03-02 23:19:51.652 UTC [TRACE] steampipe-plugin-hackernews.plugin: [TRACE] GetConfig.initialise table hackernews_job
2023-03-02 23:19:51.652 UTC [TRACE] steampipe-plugin-hackernews.plugin: [TRACE] GetConfig.initialise complete: RetryConfig: , IgnoreConfig:
2023-03-02 23:19:51.652 UTC [TRACE] steampipe-plugin-hackernews.plugin: [TRACE] t.List.initialise
2023-03-02 23:19:51.652 UTC [TRACE] steampipe-plugin-hackernews.plugin: [TRACE] ListConfig.initialise table hackernews_job
2023-03-02 23:19:51.652 UTC [TRACE] steampipe-plugin-hackernews.plugin: [TRACE] ListConfig.initialise complete: RetryConfig: , IgnoreConfig
2023-03-02 23:19:51.652 UTC [TRACE] steampipe-plugin-hackernews.plugin: [TRACE] HydrateConfig.initialise func getItem, table hackernews_job
2023-03-02 23:19:51.652 UTC [TRACE] steampipe-plugin-hackernews.plugin: [TRACE] HydrateConfig.initialise complete: RetryConfig: , IgnoreConfig:
2023-03-02 23:19:51.652 UTC [TRACE] steampipe-plugin-hackernews.plugin: [TRACE] back from initialiseHydrateConfigs
2023-03-02 23:19:51.652 UTC [TRACE] steampipe-plugin-hackernews.plugin: [TRACE] initialise table hackernews_job COMPLETE
2023-03-02 23:19:51.652 UTC [TRACE] steampipe-plugin-hackernews.plugin: [TRACE] initialise table hackernews_new
2023-03-02 23:19:51.652 UTC [TRACE] steampipe-plugin-hackernews.plugin: [TRACE] no DefaultRetryConfig defined - creating empty
2023-03-02 23:19:51.652 UTC [TRACE] steampipe-plugin-hackernews.plugin: [TRACE] no DefaultIgnoreConfig defined - creating empty
2023-03-02 23:19:51.652 UTC [TRACE] steampipe-plugin-hackernews.plugin: [TRACE] apply plugin defaults for DefaultRetryConfig
2023-03-02 23:19:51.652 UTC [TRACE] steampipe-plugin-hackernews.plugin: [TRACE] apply plugin defaults for DefaultIgnoreConfig, table &{<nil> <nil>} plugin &{<nil> <nil>}
2023-03-02 23:19:51.652 UTC [TRACE] steampipe-plugin-hackernews.plugin: [TRACE] DefaultRetryConfig:
2023-03-02 23:19:51.652 UTC [TRACE] steampipe-plugin-hackernews.plugin: [TRACE] DefaultIgnoreConfig:
2023-03-02 23:19:51.652 UTC [TRACE] steampipe-plugin-hackernews.plugin: [TRACE] t.Get.initialise
2023-03-02 23:19:51.652 UTC [TRACE] steampipe-plugin-hackernews.plugin: [TRACE] GetConfig.initialise table hackernews_new
2023-03-02 23:19:51.652 UTC [TRACE] steampipe-plugin-hackernews.plugin: [TRACE] GetConfig.initialise complete: RetryConfig: , IgnoreConfig:
2023-03-02 23:19:51.652 UTC [TRACE] steampipe-plugin-hackernews.plugin: [TRACE] t.List.initialise
2023-03-02 23:19:51.652 UTC [TRACE] steampipe-plugin-hackernews.plugin: [TRACE] ListConfig.initialise table hackernews_new
2023-03-02 23:19:51.652 UTC [TRACE] steampipe-plugin-hackernews.plugin: [TRACE] ListConfig.initialise complete: RetryConfig: , IgnoreConfig
2023-03-02 23:19:51.652 UTC [TRACE] steampipe-plugin-hackernews.plugin: [TRACE] HydrateConfig.initialise func getItem, table hackernews_new
2023-03-02 23:19:51.652 UTC [TRACE] steampipe-plugin-hackernews.plugin: [TRACE] HydrateConfig.initialise complete: RetryConfig: , IgnoreConfig:
2023-03-02 23:19:51.652 UTC [TRACE] steampipe-plugin-hackernews.plugin: [TRACE] back from initialiseHydrateConfigs
2023-03-02 23:19:51.652 UTC [TRACE] steampipe-plugin-hackernews.plugin: [TRACE] initialise table hackernews_new COMPLETE
2023-03-02 23:19:51.652 UTC [TRACE] steampipe-plugin-hackernews.plugin: [TRACE] initialise table hackernews_show_hn
2023-03-02 23:19:51.652 UTC [TRACE] steampipe-plugin-hackernews.plugin: [TRACE] no DefaultRetryConfig defined - creating empty
2023-03-02 23:19:51.652 UTC [TRACE] steampipe-plugin-hackernews.plugin: [TRACE] no DefaultIgnoreConfig defined - creating empty
2023-03-02 23:19:51.652 UTC [TRACE] steampipe-plugin-hackernews.plugin: [TRACE] apply plugin defaults for DefaultRetryConfig
2023-03-02 23:19:51.652 UTC [TRACE] steampipe-plugin-hackernews.plugin: [TRACE] apply plugin defaults for DefaultIgnoreConfig, table &{<nil> <nil>} plugin &{<nil> <nil>}
2023-03-02 23:19:51.652 UTC [TRACE] steampipe-plugin-hackernews.plugin: [TRACE] DefaultRetryConfig:
2023-03-02 23:19:51.652 UTC [TRACE] steampipe-plugin-hackernews.plugin: [TRACE] DefaultIgnoreConfig:
2023-03-02 23:19:51.652 UTC [TRACE] steampipe-plugin-hackernews.plugin: [TRACE] t.Get.initialise
2023-03-02 23:19:51.652 UTC [TRACE] steampipe-plugin-hackernews.plugin: [TRACE] GetConfig.initialise table hackernews_show_hn
2023-03-02 23:19:51.652 UTC [TRACE] steampipe-plugin-hackernews.plugin: [TRACE] GetConfig.initialise complete: RetryConfig: , IgnoreConfig:
2023-03-02 23:19:51.652 UTC [TRACE] steampipe-plugin-hackernews.plugin: [TRACE] t.List.initialise
2023-03-02 23:19:51.652 UTC [TRACE] steampipe-plugin-hackernews.plugin: [TRACE] ListConfig.initialise table hackernews_show_hn
2023-03-02 23:19:51.652 UTC [TRACE] steampipe-plugin-hackernews.plugin: [TRACE] ListConfig.initialise complete: RetryConfig: , IgnoreConfig
2023-03-02 23:19:51.652 UTC [TRACE] steampipe-plugin-hackernews.plugin: [TRACE] HydrateConfig.initialise func getItem, table hackernews_show_hn
2023-03-02 23:19:51.652 UTC [TRACE] steampipe-plugin-hackernews.plugin: [TRACE] HydrateConfig.initialise complete: RetryConfig: , IgnoreConfig:
2023-03-02 23:19:51.652 UTC [TRACE] steampipe-plugin-hackernews.plugin: [TRACE] back from initialiseHydrateConfigs
2023-03-02 23:19:51.652 UTC [TRACE] steampipe-plugin-hackernews.plugin: [TRACE] initialise table hackernews_show_hn COMPLETE
2023-03-02 23:19:51.652 UTC [TRACE] steampipe-plugin-hackernews.plugin: [TRACE] initialise table hackernews_top
2023-03-02 23:19:51.652 UTC [TRACE] steampipe-plugin-hackernews.plugin: [TRACE] no DefaultRetryConfig defined - creating empty
2023-03-02 23:19:51.652 UTC [TRACE] steampipe-plugin-hackernews.plugin: [TRACE] no DefaultIgnoreConfig defined - creating empty
2023-03-02 23:19:51.652 UTC [TRACE] steampipe-plugin-hackernews.plugin: [TRACE] apply plugin defaults for DefaultRetryConfig
2023-03-02 23:19:51.652 UTC [TRACE] steampipe-plugin-hackernews.plugin: [TRACE] apply plugin defaults for DefaultIgnoreConfig, table &{<nil> <nil>} plugin &{<nil> <nil>}
2023-03-02 23:19:51.652 UTC [TRACE] steampipe-plugin-hackernews.plugin: [TRACE] DefaultRetryConfig:
2023-03-02 23:19:51.652 UTC [TRACE] steampipe-plugin-hackernews.plugin: [TRACE] DefaultIgnoreConfig:
2023-03-02 23:19:51.652 UTC [TRACE] steampipe-plugin-hackernews.plugin: [TRACE] t.Get.initialise
2023-03-02 23:19:51.652 UTC [TRACE] steampipe-plugin-hackernews.plugin: [TRACE] GetConfig.initialise table hackernews_top
2023-03-02 23:19:51.652 UTC [TRACE] steampipe-plugin-hackernews.plugin: [TRACE] GetConfig.initialise complete: RetryConfig: , IgnoreConfig:
2023-03-02 23:19:51.652 UTC [TRACE] steampipe-plugin-hackernews.plugin: [TRACE] t.List.initialise
2023-03-02 23:19:51.652 UTC [TRACE] steampipe-plugin-hackernews.plugin: [TRACE] ListConfig.initialise table hackernews_top
2023-03-02 23:19:51.652 UTC [TRACE] steampipe-plugin-hackernews.plugin: [TRACE] ListConfig.initialise complete: RetryConfig: , IgnoreConfig
2023-03-02 23:19:51.652 UTC [TRACE] steampipe-plugin-hackernews.plugin: [TRACE] HydrateConfig.initialise func getItem, table hackernews_top
2023-03-02 23:19:51.652 UTC [TRACE] steampipe-plugin-hackernews.plugin: [TRACE] HydrateConfig.initialise complete: RetryConfig: , IgnoreConfig:
2023-03-02 23:19:51.652 UTC [TRACE] steampipe-plugin-hackernews.plugin: [TRACE] back from initialiseHydrateConfigs
2023-03-02 23:19:51.652 UTC [TRACE] steampipe-plugin-hackernews.plugin: [TRACE] initialise table hackernews_top COMPLETE
2023-03-02 23:19:51.652 UTC [TRACE] steampipe-plugin-hackernews.plugin: [TRACE] initialise table hackernews_user
2023-03-02 23:19:51.652 UTC [TRACE] steampipe-plugin-hackernews.plugin: [TRACE] no DefaultRetryConfig defined - creating empty
2023-03-02 23:19:51.652 UTC [TRACE] steampipe-plugin-hackernews.plugin: [TRACE] no DefaultIgnoreConfig defined - creating empty
2023-03-02 23:19:51.652 UTC [TRACE] steampipe-plugin-hackernews.plugin: [TRACE] apply plugin defaults for DefaultRetryConfig
2023-03-02 23:19:51.652 UTC [TRACE] steampipe-plugin-hackernews.plugin: [TRACE] apply plugin defaults for DefaultIgnoreConfig, table &{<nil> <nil>} plugin &{<nil> <nil>}
2023-03-02 23:19:51.652 UTC [TRACE] steampipe-plugin-hackernews.plugin: [TRACE] DefaultRetryConfig:
2023-03-02 23:19:51.652 UTC [TRACE] steampipe-plugin-hackernews.plugin: [TRACE] DefaultIgnoreConfig:
2023-03-02 23:19:51.652 UTC [TRACE] steampipe-plugin-hackernews.plugin: [TRACE] t.List.initialise
2023-03-02 23:19:51.652 UTC [TRACE] steampipe-plugin-hackernews.plugin: [TRACE] ListConfig.initialise table hackernews_user
2023-03-02 23:19:51.652 UTC [TRACE] steampipe-plugin-hackernews.plugin: [TRACE] ListConfig.initialise complete: RetryConfig: , IgnoreConfig
2023-03-02 23:19:51.652 UTC [TRACE] steampipe-plugin-hackernews.plugin: [TRACE] back from initialiseHydrateConfigs
2023-03-02 23:19:51.652 UTC [TRACE] steampipe-plugin-hackernews.plugin: [TRACE] initialise table hackernews_user COMPLETE
2023-03-02 23:19:51.652 UTC [TRACE] steampipe-plugin-hackernews.plugin: [TRACE] initialise table hackernews_ask_hn
2023-03-02 23:19:51.652 UTC [TRACE] steampipe-plugin-hackernews.plugin: [TRACE] no DefaultRetryConfig defined - creating empty
2023-03-02 23:19:51.652 UTC [TRACE] steampipe-plugin-hackernews.plugin: [TRACE] no DefaultIgnoreConfig defined - creating empty
2023-03-02 23:19:51.652 UTC [TRACE] steampipe-plugin-hackernews.plugin: [TRACE] apply plugin defaults for DefaultRetryConfig
2023-03-02 23:19:51.652 UTC [TRACE] steampipe-plugin-hackernews.plugin: [TRACE] apply plugin defaults for DefaultIgnoreConfig, table &{<nil> <nil>} plugin &{<nil> <nil>}
2023-03-02 23:19:51.652 UTC [TRACE] steampipe-plugin-hackernews.plugin: [TRACE] DefaultRetryConfig:
2023-03-02 23:19:51.652 UTC [TRACE] steampipe-plugin-hackernews.plugin: [TRACE] DefaultIgnoreConfig:
2023-03-02 23:19:51.652 UTC [TRACE] steampipe-plugin-hackernews.plugin: [TRACE] t.Get.initialise
2023-03-02 23:19:51.652 UTC [TRACE] steampipe-plugin-hackernews.plugin: [TRACE] GetConfig.initialise table hackernews_ask_hn
2023-03-02 23:19:51.652 UTC [TRACE] steampipe-plugin-hackernews.plugin: [TRACE] GetConfig.initialise complete: RetryConfig: , IgnoreConfig:
2023-03-02 23:19:51.652 UTC [TRACE] steampipe-plugin-hackernews.plugin: [TRACE] t.List.initialise
2023-03-02 23:19:51.652 UTC [TRACE] steampipe-plugin-hackernews.plugin: [TRACE] ListConfig.initialise table hackernews_ask_hn
2023-03-02 23:19:51.652 UTC [TRACE] steampipe-plugin-hackernews.plugin: [TRACE] ListConfig.initialise complete: RetryConfig: , IgnoreConfig
2023-03-02 23:19:51.652 UTC [TRACE] steampipe-plugin-hackernews.plugin: [TRACE] HydrateConfig.initialise func getItem, table hackernews_ask_hn
2023-03-02 23:19:51.652 UTC [TRACE] steampipe-plugin-hackernews.plugin: [TRACE] HydrateConfig.initialise complete: RetryConfig: , IgnoreConfig:
2023-03-02 23:19:51.652 UTC [TRACE] steampipe-plugin-hackernews.plugin: [TRACE] back from initialiseHydrateConfigs
2023-03-02 23:19:51.652 UTC [TRACE] steampipe-plugin-hackernews.plugin: [TRACE] initialise table hackernews_ask_hn COMPLETE
2023-03-02 23:19:51.652 UTC [TRACE] steampipe-plugin-hackernews.plugin: [TRACE] validate plugin steampipe-plugin-hackernews, required columns []
2023-03-02 23:19:51.652 UTC [TRACE] steampipe-plugin-hackernews.plugin: [TRACE] validate DefaultRetryConfig
2023-03-02 23:19:51.653 UTC [TRACE] steampipe-plugin-hackernews.plugin: [TRACE] validate DefaultIgnoreConfig
2023-03-02 23:19:51.653 UTC [TRACE] steampipe-plugin-hackernews.plugin: [TRACE] validate table names
2023-03-02 23:19:51.653 UTC [TRACE] steampipe-plugin-hackernews.plugin: [TRACE] plugin has 0 validation errors
2023-03-02 23:19:51.653 UTC [TRACE] steampipe-plugin-hackernews.plugin: [TRACE] Plugin ensureCache creating cache, maxCacheStorageMb 0
2023-03-02 23:19:51.653 UTC [TRACE] steampipe-plugin-hackernews.plugin: [TRACE] createCacheStore for plugin 'steampipe-plugin-hackernews' setting max size to 0Mb, Shards: 2, max shard size: 0
2023-03-02 23:19:51.674 UTC [INFO]  steampipe-plugin-hackernews.plugin: [INFO]  query cache created
2023-03-02 23:19:51.674 UTC [DEBUG] steampipe-plugin-hackernews.plugin: [DEBUG] SetAllConnectionConfigs finished
2023-03-02 23:19:51.675 UTC [TRACE] PluginManager getPlugin complete, returning reattach config with PID: 1956
2023-03-02 23:19:51.675 UTC [TRACE] PluginManager Get returning reattach_map:{key:"hackernews"  value:{protocol:"grpc"  addr:{Network:"unix"  Address:"/tmp/plugin2489531066"}  pid:1956  supported_operations:{query_cache:true  multiple_connections:true}  connections:"hackernews"  plugin:"hub.steampipe.io/plugins/turbot/hackernews@latest"}}
2023-03-02 23:19:51.680 UTC [INFO]  steampipe-plugin-hackernews.plugin: [INFO]  1677799191472: Plugin Execute (1677799191472)
2023-03-02 23:19:51.680 UTC [TRACE] steampipe-plugin-hackernews.plugin: [TRACE] 1677799191472: No memory limit set
2023-03-02 23:19:51.680 UTC [INFO]  steampipe-plugin-hackernews.plugin: [INFO]  1677799191472: Plugin Execute, setting memory limit to -1Mb
2023-03-02 23:19:51.680 UTC [TRACE] steampipe-plugin-hackernews.plugin: [TRACE] 1677799191472: calling ExtractContextFromCarrier
2023-03-02 23:19:51.680 UTC [INFO]  steampipe-plugin-hackernews.plugin: [INFO]  1677799191472: Setting max concurrent connections to 25
2023-03-02 23:19:51.680 UTC [TRACE] steampipe-plugin-hackernews.plugin: [TRACE] 1677799191472: executeForConnection callId: 1677799191472, connectionCallId: hackernews-1677799191472, connection: hackernews table: hackernews_new cols: id,title,time,by,score,dead,deleted,descendants,kids,parent,parts,poll,text,type,url,_ctx
2023-03-02 23:19:51.680 UTC [TRACE] steampipe-plugin-hackernews.plugin: [TRACE] 1677799191472: got connection data
2023-03-02 23:19:51.680 UTC [TRACE] steampipe-plugin-hackernews.plugin: [TRACE] 1677799191472: Got query context, table: hackernews_new, cols: [id title time by score dead deleted descendants kids parent parts poll text type url _ctx]
2023-03-02 23:19:51.680 UTC [TRACE] steampipe-plugin-hackernews.plugin: [TRACE] 1677799191472: Start execute span
2023-03-02 23:19:51.680 UTC [INFO]  steampipe-plugin-hackernews.plugin: [INFO]  1677799191472: Setting free memory interval to 100 rows
2023-03-02 23:19:51.680 UTC [TRACE] steampipe-plugin-hackernews.plugin: [TRACE] 1677799191472: setFetchType map[time:quals:{fieldName:"time"  string_value:">"  value:{timestamp_value:{seconds:1677795591  nanos:534039000}}}]
2023-03-02 23:19:51.681 UTC [TRACE] steampipe-plugin-hackernews.plugin: [TRACE] 1677799191472: getMatchingQuals column:'id' operator: =
2023-03-02 23:19:51.681 UTC [TRACE] steampipe-plugin-hackernews.plugin: [TRACE] 1677799191472: getMatchingQuals returning false - qualMap does not contain any quals for column id
2023-03-02 23:19:51.682 UTC [TRACE] steampipe-plugin-hackernews.plugin: [TRACE] 1677799191472: GetUnsatisfiedKeyColumns for columns column:'id' operator: =
2023-03-02 23:19:51.682 UTC [TRACE] steampipe-plugin-hackernews.plugin: [TRACE] 1677799191472: key column NOT satisfied column:'id' operator: =
2023-03-02 23:19:51.682 UTC [TRACE] steampipe-plugin-hackernews.plugin: [TRACE] 1677799191472: satisfied: map[any_of: optional: required:]
2023-03-02 23:19:51.683 UTC [TRACE] steampipe-plugin-hackernews.plugin: [TRACE] 1677799191472: unsatisfied: map[any_of: optional: required:column:'id' operator: =]
2023-03-02 23:19:51.684 UTC [TRACE] steampipe-plugin-hackernews.plugin: [TRACE] 1677799191472: unsatisfied required KeyColumns: column:'id' operator: =
2023-03-02 23:19:51.684 UTC [TRACE] steampipe-plugin-hackernews.plugin: [TRACE] 1677799191472: Set fetchType to fetchTypeList
2023-03-02 23:19:51.684 UTC [TRACE] steampipe-plugin-hackernews.plugin: [TRACE] 1677799191472: Equals key column quals:
2023-03-02 23:19:51.684 UTC [DEBUG] steampipe-plugin-hackernews.plugin: {}
2023-03-02 23:19:51.684 UTC [TRACE] steampipe-plugin-hackernews.plugin: [TRACE] 1677799191472: All key column quals:
2023-03-02 23:19:51.684 UTC [DEBUG] steampipe-plugin-hackernews.plugin: {}
2023-03-02 23:19:51.684 UTC [TRACE] steampipe-plugin-hackernews.plugin: [TRACE] 1677799191472: GetMatrixItem
2023-03-02 23:19:51.684 UTC [TRACE] steampipe-plugin-hackernews.plugin: [TRACE] 1677799191472: creating query data
2023-03-02 23:19:51.684 UTC [INFO]  steampipe-plugin-hackernews.plugin: [INFO]  1677799191472: cacheEnabled, trying cache get (hackernews-1677799191472)
2023-03-02 23:19:51.684 UTC [TRACE] steampipe-plugin-hackernews.plugin: [TRACE] 1677799191472: QueryCache Get - indexBucketKey index__hackernewshackernews_new, quals
2023-03-02 23:19:51.684 UTC [TRACE] steampipe-plugin-hackernews.plugin: [TRACE] 1677799191472: QueryCache getCachedQueryResult - table hackernews_new, connectionName hackernews
2023-03-02 23:19:51.684 UTC [TRACE] steampipe-plugin-hackernews.plugin: [TRACE] 1677799191472: index bucket key: index__hackernewshackernews_new ttlSeconds 300 limit: -1
2023-03-02 23:19:51.684 UTC [TRACE] steampipe-plugin-hackernews.plugin: [TRACE] 1677799191472: doGet cache miss
2023-03-02 23:19:51.684 UTC [TRACE] steampipe-plugin-hackernews.plugin: [TRACE] 1677799191472: getCachedIndexBucket - no item retrieved for cache key index__hackernewshackernews_new
2023-03-02 23:19:51.684 UTC [TRACE] steampipe-plugin-hackernews.plugin: [TRACE] 1677799191472: getCachedQueryResult returned CACHE MISS - checking for pending transfers
2023-03-02 23:19:51.684 UTC [TRACE] steampipe-plugin-hackernews.plugin: [TRACE] 1677799191472: getPendingResultItem indexBucketKey index__hackernewshackernews_new, columns [id title time by score dead deleted descendants kids parent parts poll text type url _ctx], limit -1
2023-03-02 23:19:51.684 UTC [TRACE] steampipe-plugin-hackernews.plugin: [TRACE] 1677799191472: no pending index item - add pending result, indexBucketKey index__hackernewshackernews_new
2023-03-02 23:19:51.684 UTC [TRACE] steampipe-plugin-hackernews.plugin: [TRACE] 1677799191472: addPendingResult (hackernews-1677799191472) indexBucketKey index__hackernewshackernews_new, columns [id title time by score dead deleted descendants kids parent parts poll text type url _ctx], limit -1
2023-03-02 23:19:51.684 UTC [TRACE] steampipe-plugin-hackernews.plugin: [TRACE] 1677799191472: no index bucket found - creating one
2023-03-02 23:19:51.684 UTC [TRACE] steampipe-plugin-hackernews.plugin: [TRACE] 1677799191472: pendingIndexItem Lock count before 0
2023-03-02 23:19:51.684 UTC [TRACE] steampipe-plugin-hackernews.plugin: [TRACE] 1677799191472: addPendingResult added pending index item to bucket, (hackernews-1677799191472) indexBucketKey index__hackernewshackernews_new, resultKeyRoot hackernewshackernews_newid,title,time,by,score,dead,deleted,descendants,kids,parent,parts,poll,text,type,url,_ctx-1, pending item : 0xc000456060
2023-03-02 23:19:51.684 UTC [TRACE] steampipe-plugin-hackernews.plugin: [TRACE] 1677799191472: **** pending items (hackernews-1677799191472)****
2023-03-02 23:19:51.684 UTC [TRACE] steampipe-plugin-hackernews.plugin: [TRACE] 1677799191472: key: index__hackernewshackernews_new: item: 0xc000456060, count: 1, key:hackernewshackernews_newid,title,time,by,score,dead,deleted,descendants,kids,parent,parts,poll,text,type,url,_ctx-1
2023-03-02 23:19:51.684 UTC [TRACE] steampipe-plugin-hackernews.plugin: [TRACE] 1677799191472: ********
2023-03-02 23:19:51.684 UTC [TRACE] steampipe-plugin-hackernews.plugin: [TRACE] 1677799191472: getPendingResultItem returning <nil>
2023-03-02 23:19:51.684 UTC [INFO]  steampipe-plugin-hackernews.plugin: [INFO]  1677799191472: CACHE MISS
2023-03-02 23:19:51.684 UTC [TRACE] steampipe-plugin-hackernews.plugin: [TRACE] 1677799191472: cache MISS
2023-03-02 23:19:51.684 UTC [INFO]  steampipe-plugin-hackernews.plugin: [INFO]  1677799191472: queryCacheGet returned CACHE MISS (hackernews-1677799191472)
2023-03-02 23:19:51.684 UTC [TRACE] steampipe-plugin-hackernews.plugin: [TRACE] 1677799191472: StartSet (hackernews-1677799191472)
2023-03-02 23:19:51.684 UTC [TRACE] steampipe-plugin-hackernews.plugin: [TRACE] 1677799191472: calling fetchItems, table: hackernews_new, matrixItem: [], limit: -1,  connectionCallId: hackernews-1677799191472"
2023-03-02 23:19:51.684 UTC [TRACE] steampipe-plugin-hackernews.plugin: [TRACE] 1677799191472: buildRowsAsync connectionCallId: hackernews-1677799191472
2023-03-02 23:19:51.684 UTC [TRACE] steampipe-plugin-hackernews.plugin: [TRACE] 1677799191472: streamRows connectionCallId: hackernews-1677799191472
2023-03-02 23:19:51.684 UTC [TRACE] steampipe-plugin-hackernews.plugin: [TRACE] 1677799191472: QueryData streamRows (hackernews-1677799191472)
2023-03-02 23:19:51.684 UTC [TRACE] steampipe-plugin-hackernews.plugin: [TRACE] 1677799191472: executeListCall START (hackernews-1677799191472)
2023-03-02 23:19:51.684 UTC [TRACE] steampipe-plugin-hackernews.plugin: [TRACE] 1677799191472: GetUnsatisfiedKeyColumns for columns
2023-03-02 23:19:51.684 UTC [TRACE] steampipe-plugin-hackernews.plugin: [TRACE] 1677799191472: doList (hackernews-1677799191472)
2023-03-02 23:19:51.684 UTC [TRACE] steampipe-plugin-hackernews.plugin: [TRACE] 1677799191472: doList: no matrix item
2023-03-02 23:19:51.864 UTC [TRACE] stdio: received data: channel=STDOUT len=15
2023-03-02 23:19:51.864 UTC [TRACE] stdio: waiting for stdio data
2023-03-02 23:19:52.020 UTC [TRACE] stdio: received data: channel=STDOUT len=1024
2023-03-02 23:19:52.020 UTC [TRACE] stdio: waiting for stdio data
2023-03-02 23:19:52.049 UTC [TRACE] stdio: received data: channel=STDOUT len=170
2023-03-02 23:19:52.049 UTC [TRACE] stdio: waiting for stdio data
2023-03-02 23:19:52.099 UTC [TRACE] stdio: received data: channel=STDOUT len=1024
2023-03-02 23:19:52.099 UTC [TRACE] stdio: waiting for stdio data
2023-03-02 23:19:52.140 UTC [TRACE] stdio: received data: channel=STDOUT len=1024
2023-03-02 23:19:52.140 UTC [TRACE] stdio: waiting for stdio data
2023-03-02 23:19:52.230 UTC [TRACE] steampipe-plugin-hackernews.plugin: [TRACE] 1677799191472: QueryData.fetchComplete
2023-03-02 23:19:52.230 UTC [TRACE] steampipe-plugin-hackernews.plugin: [TRACE] 1677799191472: executeListCall COMPLETE (hackernews-1677799191472)
2023-03-02 23:19:52.230 UTC [TRACE] steampipe-plugin-hackernews.plugin: [TRACE] 1677799191472: rowData chan returned nil - wait for rows to complete (hackernews-1677799191472)
2023-03-02 23:19:52.238 UTC [TRACE] stdio: received data: channel=STDOUT len=529
2023-03-02 23:19:52.238 UTC [TRACE] stdio: waiting for stdio data
2023-03-02 23:19:52.249 UTC [TRACE] stdio: received data: channel=STDOUT len=147
2023-03-02 23:19:52.249 UTC [TRACE] stdio: waiting for stdio data
2023-03-02 23:19:52.259 UTC [TRACE] stdio: received data: channel=STDOUT len=21
2023-03-02 23:19:52.259 UTC [TRACE] stdio: waiting for stdio data
2023-03-02 23:19:52.330 UTC [TRACE] stdio: received data: channel=STDOUT len=312
2023-03-02 23:19:52.330 UTC [TRACE] stdio: waiting for stdio data
2023-03-02 23:19:52.335 UTC [TRACE] stdio: received data: channel=STDOUT len=48
2023-03-02 23:19:52.335 UTC [TRACE] stdio: waiting for stdio data
2023-03-02 23:19:52.343 UTC [TRACE] stdio: received data: channel=STDOUT len=37
2023-03-02 23:19:52.343 UTC [TRACE] stdio: waiting for stdio data
2023-03-02 23:19:52.343 UTC [TRACE] stdio: received data: channel=STDOUT len=41
2023-03-02 23:19:52.343 UTC [TRACE] stdio: waiting for stdio data
2023-03-02 23:19:52.348 UTC [TRACE] stdio: received data: channel=STDOUT len=25
2023-03-02 23:19:52.348 UTC [TRACE] stdio: waiting for stdio data
2023-03-02 23:19:52.348 UTC [TRACE] stdio: received data: channel=STDOUT len=34
2023-03-02 23:19:52.348 UTC [TRACE] stdio: waiting for stdio data
2023-03-02 23:19:52.350 UTC [TRACE] stdio: received data: channel=STDOUT len=41
2023-03-02 23:19:52.350 UTC [TRACE] stdio: waiting for stdio data
2023-03-02 23:19:52.355 UTC [TRACE] stdio: received data: channel=STDOUT len=200
2023-03-02 23:19:52.355 UTC [TRACE] stdio: waiting for stdio data
2023-03-02 23:19:52.359 UTC [TRACE] stdio: received data: channel=STDOUT len=369
2023-03-02 23:19:52.359 UTC [TRACE] stdio: waiting for stdio data
2023-03-02 23:19:52.360 UTC [TRACE] steampipe-plugin-hackernews.plugin: [TRACE] 1677799191472: buildRowsAsync goroutine returning (hackernews-1677799191472)
2023-03-02 23:19:52.360 UTC [TRACE] steampipe-plugin-hackernews.plugin: [TRACE] 1677799191472: streamRows - nil row, stop streaming (hackernews-1677799191472)
2023-03-02 23:19:52.360 UTC [TRACE] steampipe-plugin-hackernews.plugin: [TRACE] 1677799191472: ------------------------------------
2023-03-02 23:19:52.360 UTC [TRACE] steampipe-plugin-hackernews.plugin: [TRACE] 1677799191472: Concurrency Summary
2023-03-02 23:19:52.360 UTC [TRACE] steampipe-plugin-hackernews.plugin: [TRACE] 1677799191472: ------------------------------------
2023-03-02 23:19:52.360 UTC [TRACE] steampipe-plugin-hackernews.plugin: [TRACE] 1677799191472: getItem                       : 200
2023-03-02 23:19:52.360 UTC [TRACE] steampipe-plugin-hackernews.plugin: [TRACE] 1677799191472: ------------------------------------
2023-03-02 23:19:52.360 UTC [TRACE] steampipe-plugin-hackernews.plugin: [TRACE] 1677799191472: Total                         : 200
2023-03-02 23:19:52.360 UTC [TRACE] steampipe-plugin-hackernews.plugin: [TRACE] 1677799191472: ------------------------------------
2023-03-02 23:19:52.360 UTC [TRACE] steampipe-plugin-hackernews.plugin: [TRACE] 1677799191472: QueryData streamRows DONE (hackernews-1677799191472)
2023-03-02 23:19:52.360 UTC [TRACE] steampipe-plugin-hackernews.plugin: [TRACE] 1677799191472: EndSet (hackernews-1677799191472) table hackernews_new
2023-03-02 23:19:52.360 UTC [TRACE] steampipe-plugin-hackernews.plugin: [TRACE] 1677799191472: QueryCache writePageToCache: 500 rows, pageCount 1, page key hackernewshackernews_newid,title,time,by,score,dead,deleted,descendants,kids,parent,parts,poll,text,type,url,_ctx-1-0
2023-03-02 23:19:52.368 UTC [TRACE] steampipe-plugin-hackernews.plugin: [TRACE] 1677799191472: writePageToCache Set - result written
2023-03-02 23:19:52.368 UTC [TRACE] steampipe-plugin-hackernews.plugin: [TRACE] 1677799191472: QueryCache EndSet - result written
2023-03-02 23:19:52.368 UTC [TRACE] steampipe-plugin-hackernews.plugin: [TRACE] 1677799191472: doGet cache miss
2023-03-02 23:19:52.368 UTC [TRACE] steampipe-plugin-hackernews.plugin: [TRACE] 1677799191472: getCachedIndexBucket - no item retrieved for cache key index__hackernewshackernews_new
2023-03-02 23:19:52.368 UTC [TRACE] steampipe-plugin-hackernews.plugin: [TRACE] 1677799191472: getCachedIndexBucket returned cache miss
2023-03-02 23:19:52.368 UTC [TRACE] steampipe-plugin-hackernews.plugin: [TRACE] 1677799191472: QueryCache EndSet - Added index item (0xc01aec7740) to bucket (0xc01adda8e8), page count 1,  key root hackernewshackernews_newid,title,time,by,score,dead,deleted,descendants,kids,parent,parts,poll,text,type,url,_ctx-1
2023-03-02 23:19:52.368 UTC [TRACE] steampipe-plugin-hackernews.plugin: [TRACE] 1677799191472: cacheSetIndexBucket index__hackernewshackernews_new
2023-03-02 23:19:52.369 UTC [TRACE] steampipe-plugin-hackernews.plugin: [TRACE] 1677799191472: QueryCache EndSet - IndexBucket written
2023-03-02 23:19:52.369 UTC [TRACE] steampipe-plugin-hackernews.plugin: [TRACE] 1677799191472: EndSet DEFER (hackernews-1677799191472) table hackernews_new
2023-03-02 23:19:52.369 UTC [TRACE] steampipe-plugin-hackernews.plugin: [TRACE] 1677799191472: calling pendingItemComplete (hackernews-1677799191472)
2023-03-02 23:19:52.369 UTC [TRACE] steampipe-plugin-hackernews.plugin: [TRACE] 1677799191472: pendingItemComplete (hackernews-1677799191472) indexBucketKey index__hackernewshackernews_new, columns [id title time by score dead deleted descendants kids parent parts poll text type url _ctx], limit -1
2023-03-02 23:19:52.369 UTC [TRACE] steampipe-plugin-hackernews.plugin: [TRACE] 1677799191472: got pending index bucket, (hackernews-1677799191472) len 1
2023-03-02 23:19:52.369 UTC [TRACE] steampipe-plugin-hackernews.plugin: [TRACE] 1677799191472: SatisfiesLimit limit -1, no item limit - satisfied
2023-03-02 23:19:52.369 UTC [TRACE] steampipe-plugin-hackernews.plugin: [TRACE] 1677799191472: found pending index item to satisfy columns id,title,time,by,score,dead,deleted,descendants,kids,parent,parts,poll,text,type,url,_ctx, limit -1
2023-03-02 23:19:52.369 UTC [TRACE] steampipe-plugin-hackernews.plugin: [TRACE] 1677799191472: found completed pending item (hackernews-1677799191472) 0xc000456060, key hackernewshackernews_newid,title,time,by,score,dead,deleted,descendants,kids,parent,parts,poll,text,type,url,_ctx-1 - removing from map as it is complete
2023-03-02 23:19:52.369 UTC [TRACE] steampipe-plugin-hackernews.plugin: [TRACE] 1677799191472: pendingIndexItem Unlock count before 1 key hackernewshackernews_newid,title,time,by,score,dead,deleted,descendants,kids,parent,parts,poll,text,type,url,_ctx-1
2023-03-02 23:19:52.369 UTC [TRACE] steampipe-plugin-hackernews.plugin: [TRACE] 1677799191472: deleted from pending, (hackernews-1677799191472) len 0
2023-03-02 23:19:52.369 UTC [TRACE] steampipe-plugin-hackernews.plugin: [TRACE] 1677799191472: pending bucket now empty - deleting key index__hackernewshackernews_new
2023-03-02 23:19:52.369 UTC [TRACE] steampipe-plugin-hackernews.plugin: [TRACE] 1677799191472: pendingItemComplete done (hackernews-1677799191472)
2023-03-02 23:19:52.369 UTC [TRACE] steampipe-plugin-hackernews.plugin: [TRACE] 1677799191472: cache set succeeded
2023-03-02 23:19:52.369 UTC [TRACE] steampipe-plugin-hackernews.plugin: [TRACE] 1677799191472: End execute span
2023-03-02 23:19:52.369 UTC [TRACE] steampipe-plugin-hackernews.plugin: [TRACE] 1677799191472: executeForConnection DEFER (hackernews-1677799191472)
2023-03-02 23:19:52.369 UTC [TRACE] steampipe-plugin-hackernews.plugin: [TRACE] 1677799191472: Execute complete callId: hackernews-1677799191472 table: hackernews_new
2023-03-02 23:19:52.369 UTC [TRACE] steampipe-plugin-hackernews.plugin: [TRACE] 1677799191472: executeForConnection hackernews returned
2023-03-02 23:19:52.369 UTC [TRACE] steampipe-plugin-hackernews.plugin: [TRACE] 1677799191472: output wg complete - send nil row
2023-03-02 23:19:52.369 UTC [TRACE] steampipe-plugin-hackernews.plugin: [TRACE] 1677799191472: empty row on output channel - we are done
2023-03-02 23:19:52.369 UTC [INFO]  steampipe-plugin-hackernews.plugin: [INFO]  1677799191472: Plugin Execute complete (1677799191472)
2023-03-02 23:19:52.390 UTC [TRACE] PluginManager Shutdown
2023-03-02 23:19:52.390 UTC [TRACE] killing plugin csv (1932)
2023-03-02 23:19:52.392 UTC [DEBUG] stdio: received EOF, stopping recv loop: err="rpc error: code = Unavailable desc = error reading from server: EOF"
2023-03-02 23:19:52.392 UTC [TRACE] steampipe-plugin-csv.plugin: [TRACE] FLUSHING instrumentation
2023-03-02 23:19:52.392 UTC [TRACE] steampipe-plugin-csv.plugin: [TRACE] Shutdown instrumentation
2023-03-02 23:19:52.392 UTC [INFO]  plugin process exited: path=/home/runner/.steampipe/plugins/hub.steampipe.io/plugins/turbot/csv@latest/steampipe-plugin-csv.plugin pid=1932
2023-03-02 23:19:52.392 UTC [DEBUG] plugin exited
2023-03-02 23:19:52.392 UTC [TRACE] killing plugin hackernews (1956)
2023-03-02 23:19:52.396 UTC [TRACE] steampipe-plugin-hackernews.plugin: [TRACE] 1677799191472: FLUSHING instrumentation
2023-03-02 23:19:52.396 UTC [TRACE] steampipe-plugin-hackernews.plugin: [TRACE] 1677799191472: Shutdown instrumentation
2023-03-02 23:19:52.396 UTC [INFO]  plugin process exited: path=/home/runner/.steampipe/plugins/hub.steampipe.io/plugins/turbot/hackernews@latest/steampipe-plugin-hackernews.plugin pid=1956
2023-03-02 23:19:52.396 UTC [DEBUG] stdio: received EOF, stopping recv loop: err="rpc error: code = Unavailable desc = error reading from server: EOF"
2023-03-02 23:19:52.396 UTC [DEBUG] plugin exited
2023-03-02 23:20:00.430 UTC [WARN]  steampipe-plugin-csv.plugin: [WARN]  1677799200856: getKeyColumnsForTable found no schema for table '/home/runner/work/steampipe-samples/steampipe-samples/all/hackernews/hn.csv'
2023-03-02 23:20:49.833 UTC [WARN]  steampipe-plugin-csv.plugin: [WARN]  1677799249316: getKeyColumnsForTable found no schema for table '/home/runner/work/steampipe-samples/steampipe-samples/all/hackernews/hn.csv'
2023-03-02 23:23:35.980 UTC [ERROR] steampipe-plugin-csv.plugin: [ERROR] csv.tableCSV: header_parse_error=EOF path=/home/runner/work/steampipe-samples/steampipe-samples/all/hackernews/new_sc.csv header=[]
2023-03-02 23:23:35.980 UTC [ERROR] steampipe-plugin-csv.plugin: [ERROR] csv.PluginTables: create_table_error="failed to parse file header /home/runner/work/steampipe-samples/steampipe-samples/all/hackernews/new_sc.csv: EOF" path=/home/runner/work/steampipe-samples/steampipe-samples/all/hackernews/new_sc.csv
2023-03-02 23:23:35.980 UTC [WARN]  failed to set connection config: failed to parse file header /home/runner/work/steampipe-samples/steampipe-samples/all/hackernews/new_sc.csv: EOF
2023-03-02 23:23:36.973 UTC [WARN]  steampipe-plugin-csv.plugin: [WARN]  1677799416557: getKeyColumnsForTable found no schema for table '/home/runner/work/steampipe-samples/steampipe-samples/all/hackernews/new_sc.csv'
2023-03-02 23:23:43.894 UTC [ERROR] steampipe-plugin-csv.plugin: [ERROR] csv.tableCSV: header_parse_error=EOF path=/home/runner/work/steampipe-samples/steampipe-samples/all/hackernews/hn_items_all.csv header=[]
2023-03-02 23:23:43.895 UTC [ERROR] steampipe-plugin-csv.plugin: [ERROR] csv.PluginTables: create_table_error="failed to parse file header /home/runner/work/steampipe-samples/steampipe-samples/all/hackernews/hn_items_all.csv: EOF" path=/home/runner/work/steampipe-samples/steampipe-samples/all/hackernews/hn_items_all.csv
2023-03-02 23:23:43.895 UTC [WARN]  failed to set connection config: failed to parse file header /home/runner/work/steampipe-samples/steampipe-samples/all/hackernews/hn_items_all.csv: EOF
