2023-03-19 14:18:35.148 UTC [INFO]  starting plugin manager
2023-03-19 14:18:35.148 UTC [TRACE] loaded config map: hackernews,net,csv,github
2023-03-19 14:18:35.148 UTC [TRACE] NewPluginManager
2023-03-19 14:18:35.149 UTC [TRACE] PluginManager setPluginCacheSizeMap: 4 connections.
2023-03-19 14:18:35.149 UTC [TRACE] Total cache size 0Mb
2023-03-19 14:18:35.149 UTC [INFO]  starting connection watcher
2023-03-19 14:18:35.149 UTC [INFO]  created ConnectionWatcher
2023-03-19 14:18:35.149 UTC [TRACE] about to serve
2023-03-19 14:18:35.168 UTC [TRACE] PluginManager Get, connections: '[csv]'
2023-03-19 14:18:35.168 UTC [TRACE] PluginManager getPlugin hub.steampipe.io/plugins/turbot/csv@latest connection 'csv'
2023-03-19 14:18:35.168 UTC [TRACE] PluginManager 0xc0008886e0 plugin hub.steampipe.io/plugins/turbot/csv@latest (csv) NOT started or starting - start now
2023-03-19 14:18:35.168 UTC [TRACE] ************ start plugin csv ********************
2023-03-19 14:18:35.168 UTC [TRACE] ************ plugin path /home/runner/.steampipe/plugins/hub.steampipe.io/plugins/turbot/csv@latest/steampipe-plugin-csv.plugin ********************
2023-03-19 14:18:35.258 UTC [DEBUG] starting plugin: path=/home/runner/.steampipe/plugins/hub.steampipe.io/plugins/turbot/csv@latest/steampipe-plugin-csv.plugin args=["/home/runner/.steampipe/plugins/hub.steampipe.io/plugins/turbot/csv@latest/steampipe-plugin-csv.plugin"]
2023-03-19 14:18:35.258 UTC [DEBUG] plugin started: path=/home/runner/.steampipe/plugins/hub.steampipe.io/plugins/turbot/csv@latest/steampipe-plugin-csv.plugin pid=1991
2023-03-19 14:18:35.258 UTC [DEBUG] waiting for RPC address: path=/home/runner/.steampipe/plugins/hub.steampipe.io/plugins/turbot/csv@latest/steampipe-plugin-csv.plugin
2023-03-19 14:18:35.270 UTC [INFO]  steampipe-plugin-csv.plugin: [INFO]  initialise plugin 'steampipe-plugin-csv', using sdk version 5.2.0
2023-03-19 14:18:35.270 UTC [TRACE] steampipe-plugin-csv.plugin: [TRACE] no DefaultRetryConfig defined - creating empty
2023-03-19 14:18:35.270 UTC [TRACE] steampipe-plugin-csv.plugin: [TRACE] no DefaultIgnoreConfig defined - creating empty
2023-03-19 14:18:35.270 UTC [TRACE] steampipe-plugin-csv.plugin: [TRACE] intialising defaultWatchedFilesChangedFunc
2023-03-19 14:18:35.270 UTC [TRACE] steampipe-plugin-csv.plugin: [TRACE] telemetry.Init service 'steampipe-plugin-csv', tracingEnabled: false, metricsEnabled: false
2023-03-19 14:18:35.270 UTC [TRACE] steampipe-plugin-csv.plugin: [TRACE] metrics and tracing disabled' - returning
2023-03-19 14:18:35.270 UTC [DEBUG] steampipe-plugin-csv.plugin: plugin address: address=/tmp/plugin2750353025 network=unix timestamp=2023-03-19T14:18:35.270Z
2023-03-19 14:18:35.271 UTC [DEBUG] using plugin: version=0
2023-03-19 14:18:35.271 UTC [TRACE] NewPluginClient for plugin hub.steampipe.io/plugins/turbot/csv@latest
2023-03-19 14:18:35.271 UTC [TRACE] stdio: waiting for stdio data
2023-03-19 14:18:35.273 UTC [TRACE] supportedOperations: query_cache:true multiple_connections:true message_stream:true
2023-03-19 14:18:35.273 UTC [TRACE] steampipe-plugin-csv.plugin: [TRACE] SetAllConnectionConfigs setting 1 configs
2023-03-19 14:18:35.274 UTC [TRACE] steampipe-plugin-csv.plugin: [TRACE] connection csv build schema and table map
2023-03-19 14:18:35.274 UTC [TRACE] steampipe-plugin-csv.plugin: [TRACE] Plugin steampipe-plugin-csv initialiseTables
2023-03-19 14:18:35.274 UTC [DEBUG] steampipe-plugin-csv.plugin: [DEBUG] csv.tableCSV: path=/home/runner/work/steampipe-samples/steampipe-samples/all/hackernews/hn_items_all.csv detected_encoding=Unknown
2023-03-19 14:18:35.274 UTC [DEBUG] steampipe-plugin-csv.plugin: [DEBUG] csv.tableCSV: path=/home/runner/work/steampipe-samples/steampipe-samples/all/hackernews/new_sc.csv detected_encoding=Unknown
2023-03-19 14:18:35.274 UTC [TRACE] steampipe-plugin-csv.plugin: [TRACE] initialise table /home/runner/work/steampipe-samples/steampipe-samples/all/hackernews/new_sc.csv
2023-03-19 14:18:35.274 UTC [TRACE] steampipe-plugin-csv.plugin: [TRACE] no DefaultRetryConfig defined - creating empty
2023-03-19 14:18:35.274 UTC [TRACE] steampipe-plugin-csv.plugin: [TRACE] no DefaultIgnoreConfig defined - creating empty
2023-03-19 14:18:35.274 UTC [TRACE] steampipe-plugin-csv.plugin: [TRACE] apply plugin defaults for DefaultRetryConfig
2023-03-19 14:18:35.274 UTC [TRACE] steampipe-plugin-csv.plugin: [TRACE] apply plugin defaults for DefaultIgnoreConfig, table &{<nil> <nil>} plugin &{<nil> <nil>}
2023-03-19 14:18:35.274 UTC [TRACE] steampipe-plugin-csv.plugin: [TRACE] DefaultRetryConfig:
2023-03-19 14:18:35.274 UTC [TRACE] steampipe-plugin-csv.plugin: [TRACE] DefaultIgnoreConfig:
2023-03-19 14:18:35.274 UTC [TRACE] steampipe-plugin-csv.plugin: [TRACE] t.List.initialise
2023-03-19 14:18:35.274 UTC [TRACE] steampipe-plugin-csv.plugin: [TRACE] ListConfig.initialise table /home/runner/work/steampipe-samples/steampipe-samples/all/hackernews/new_sc.csv
2023-03-19 14:18:35.274 UTC [TRACE] steampipe-plugin-csv.plugin: [TRACE] ListConfig.initialise complete: RetryConfig: , IgnoreConfig
2023-03-19 14:18:35.274 UTC [TRACE] steampipe-plugin-csv.plugin: [TRACE] back from initialiseHydrateConfigs
2023-03-19 14:18:35.274 UTC [TRACE] steampipe-plugin-csv.plugin: [TRACE] initialise table /home/runner/work/steampipe-samples/steampipe-samples/all/hackernews/new_sc.csv COMPLETE
2023-03-19 14:18:35.274 UTC [TRACE] steampipe-plugin-csv.plugin: [TRACE] initialise table /home/runner/work/steampipe-samples/steampipe-samples/all/hackernews/hn_items_all.csv
2023-03-19 14:18:35.274 UTC [TRACE] steampipe-plugin-csv.plugin: [TRACE] no DefaultRetryConfig defined - creating empty
2023-03-19 14:18:35.274 UTC [TRACE] steampipe-plugin-csv.plugin: [TRACE] no DefaultIgnoreConfig defined - creating empty
2023-03-19 14:18:35.274 UTC [TRACE] steampipe-plugin-csv.plugin: [TRACE] apply plugin defaults for DefaultRetryConfig
2023-03-19 14:18:35.274 UTC [TRACE] steampipe-plugin-csv.plugin: [TRACE] apply plugin defaults for DefaultIgnoreConfig, table &{<nil> <nil>} plugin &{<nil> <nil>}
2023-03-19 14:18:35.274 UTC [TRACE] steampipe-plugin-csv.plugin: [TRACE] DefaultRetryConfig:
2023-03-19 14:18:35.274 UTC [TRACE] steampipe-plugin-csv.plugin: [TRACE] DefaultIgnoreConfig:
2023-03-19 14:18:35.274 UTC [TRACE] steampipe-plugin-csv.plugin: [TRACE] t.List.initialise
2023-03-19 14:18:35.274 UTC [TRACE] steampipe-plugin-csv.plugin: [TRACE] ListConfig.initialise table /home/runner/work/steampipe-samples/steampipe-samples/all/hackernews/hn_items_all.csv
2023-03-19 14:18:35.274 UTC [TRACE] steampipe-plugin-csv.plugin: [TRACE] ListConfig.initialise complete: RetryConfig: , IgnoreConfig
2023-03-19 14:18:35.274 UTC [TRACE] steampipe-plugin-csv.plugin: [TRACE] back from initialiseHydrateConfigs
2023-03-19 14:18:35.274 UTC [TRACE] steampipe-plugin-csv.plugin: [TRACE] initialise table /home/runner/work/steampipe-samples/steampipe-samples/all/hackernews/hn_items_all.csv COMPLETE
2023-03-19 14:18:35.274 UTC [TRACE] steampipe-plugin-csv.plugin: [TRACE] validate plugin steampipe-plugin-csv, required columns []
2023-03-19 14:18:35.274 UTC [TRACE] steampipe-plugin-csv.plugin: [TRACE] validate DefaultRetryConfig
2023-03-19 14:18:35.274 UTC [TRACE] steampipe-plugin-csv.plugin: [TRACE] validate DefaultIgnoreConfig
2023-03-19 14:18:35.274 UTC [TRACE] steampipe-plugin-csv.plugin: [TRACE] validate table names
2023-03-19 14:18:35.275 UTC [INFO]  steampipe-plugin-csv.plugin: [INFO]  plugin validation result: 0 warnings 0 errors
2023-03-19 14:18:35.275 UTC [TRACE] steampipe-plugin-csv.plugin: [TRACE] SetAllConnectionConfigs added connection csv to map, setting watch paths
2023-03-19 14:18:35.275 UTC [TRACE] steampipe-plugin-csv.plugin: [TRACE] updateConnectionWatchPaths for connection csv, watch paths: [/home/runner/work/steampipe-samples/steampipe-samples/all/hackernews/*.csv]
2023-03-19 14:18:35.275 UTC [TRACE] steampipe-plugin-csv.plugin: [TRACE] ConnectionData.updateWatchPaths - create watcher options from the watchPaths [/home/runner/work/steampipe-samples/steampipe-samples/all/hackernews/*.csv]
2023-03-19 14:18:35.275 UTC [TRACE] steampipe-plugin-csv.plugin: [TRACE] ConnectionData.updateWatchPaths - created the new file watcher
2023-03-19 14:18:35.275 UTC [TRACE] steampipe-plugin-csv.plugin: [TRACE] Plugin ensureCache creating cache, maxCacheStorageMb 0
2023-03-19 14:18:35.275 UTC [TRACE] steampipe-plugin-csv.plugin: [TRACE] createCacheStore for plugin 'steampipe-plugin-csv' setting max size to 0Mb, Shards: 2, max shard size: 0
2023-03-19 14:18:35.292 UTC [INFO]  steampipe-plugin-csv.plugin: [INFO]  query cache created
2023-03-19 14:18:35.292 UTC [DEBUG] steampipe-plugin-csv.plugin: [DEBUG] SetAllConnectionConfigs finished
2023-03-19 14:18:35.293 UTC [TRACE] PluginMessageServer AddConnection for connections [csv]
2023-03-19 14:18:35.293 UTC [TRACE] openMessageStream for connection 'csv'
2023-03-19 14:18:35.294 UTC [TRACE] calling EstablishMessageStream
2023-03-19 14:18:35.294 UTC [TRACE] PluginManager getPlugin complete, returning reattach config with PID: 1991
2023-03-19 14:18:35.294 UTC [TRACE] runMessageListener connection 'csv'
2023-03-19 14:18:35.294 UTC [TRACE] steampipe-plugin-csv.plugin: [TRACE] plugin.EstablishMessageStream plugin 0xc0000fe1e0, stream 0xc0002076b0
2023-03-19 14:18:35.294 UTC [TRACE] steampipe-plugin-csv.plugin: [TRACE] plugin.EstablishMessageStream set on plugin: plugin.messageStream 0xc0002076b0
2023-03-19 14:18:35.334 UTC [TRACE] PluginManager Get, connections: '[csv]'
2023-03-19 14:18:35.334 UTC [TRACE] PluginManager getPlugin hub.steampipe.io/plugins/turbot/csv@latest connection 'csv'
2023-03-19 14:18:35.334 UTC [TRACE] connection csv found in connectionPluginMap
2023-03-19 14:18:35.334 UTC [TRACE] initialized: 1991
2023-03-19 14:18:35.334 UTC [TRACE] initialized: 1991
2023-03-19 14:18:35.334 UTC [TRACE] connection csv is loaded, check for running PID
2023-03-19 14:18:35.334 UTC [TRACE] PluginManager found 'csv' in map, pid 1991
2023-03-19 14:18:35.383 UTC [TRACE] PluginManager Get, connections: '[hackernews]'
2023-03-19 14:18:35.383 UTC [TRACE] PluginManager getPlugin hub.steampipe.io/plugins/turbot/hackernews@latest connection 'hackernews'
2023-03-19 14:18:35.383 UTC [TRACE] PluginManager 0xc0008886e0 plugin hub.steampipe.io/plugins/turbot/hackernews@latest (hackernews) NOT started or starting - start now
2023-03-19 14:18:35.383 UTC [TRACE] ************ start plugin hackernews ********************
2023-03-19 14:18:35.383 UTC [TRACE] ************ plugin path /home/runner/.steampipe/plugins/hub.steampipe.io/plugins/turbot/hackernews@latest/steampipe-plugin-hackernews.plugin ********************
2023-03-19 14:18:35.452 UTC [DEBUG] starting plugin: path=/home/runner/.steampipe/plugins/hub.steampipe.io/plugins/turbot/hackernews@latest/steampipe-plugin-hackernews.plugin args=["/home/runner/.steampipe/plugins/hub.steampipe.io/plugins/turbot/hackernews@latest/steampipe-plugin-hackernews.plugin"]
2023-03-19 14:18:35.453 UTC [DEBUG] plugin started: path=/home/runner/.steampipe/plugins/hub.steampipe.io/plugins/turbot/hackernews@latest/steampipe-plugin-hackernews.plugin pid=2017
2023-03-19 14:18:35.453 UTC [DEBUG] waiting for RPC address: path=/home/runner/.steampipe/plugins/hub.steampipe.io/plugins/turbot/hackernews@latest/steampipe-plugin-hackernews.plugin
2023-03-19 14:18:35.462 UTC [INFO]  steampipe-plugin-hackernews.plugin: [INFO]  Initialise plugin 'steampipe-plugin-hackernews', using sdk version 4.1.7
2023-03-19 14:18:35.462 UTC [TRACE] steampipe-plugin-hackernews.plugin: [TRACE] defaulting SchemaMode to SchemaModeStatic
2023-03-19 14:18:35.462 UTC [TRACE] steampipe-plugin-hackernews.plugin: [TRACE] no DefaultRetryConfig defined - creating empty
2023-03-19 14:18:35.462 UTC [TRACE] steampipe-plugin-hackernews.plugin: [TRACE] no DefaultIgnoreConfig defined - creating empty
2023-03-19 14:18:35.462 UTC [TRACE] steampipe-plugin-hackernews.plugin: [TRACE] Setting Ulimit: ulimit=2560
2023-03-19 14:18:35.462 UTC [TRACE] steampipe-plugin-hackernews.plugin: [TRACE] telemetry.Init service 'steampipe-plugin-hackernews', tracingEnabled: false, metricsEnabled: false
2023-03-19 14:18:35.462 UTC [TRACE] steampipe-plugin-hackernews.plugin: [TRACE] metrics and tracing disabled' - returning
2023-03-19 14:18:35.463 UTC [DEBUG] steampipe-plugin-hackernews.plugin: plugin address: address=/tmp/plugin1040988383 network=unix timestamp=2023-03-19T14:18:35.462Z
2023-03-19 14:18:35.463 UTC [DEBUG] using plugin: version=0
2023-03-19 14:18:35.463 UTC [TRACE] NewPluginClient for plugin hub.steampipe.io/plugins/turbot/hackernews@latest
2023-03-19 14:18:35.463 UTC [TRACE] stdio: waiting for stdio data
2023-03-19 14:18:35.464 UTC [TRACE] supportedOperations: query_cache:true multiple_connections:true
2023-03-19 14:18:35.465 UTC [TRACE] steampipe-plugin-hackernews.plugin: [TRACE] SetAllConnectionConfigs setting 1 configs
2023-03-19 14:18:35.465 UTC [TRACE] steampipe-plugin-hackernews.plugin: [TRACE] connection hackernews build schema and table map
2023-03-19 14:18:35.465 UTC [TRACE] steampipe-plugin-hackernews.plugin: [TRACE] initialise table hackernews_best
2023-03-19 14:18:35.465 UTC [TRACE] steampipe-plugin-hackernews.plugin: [TRACE] no DefaultRetryConfig defined - creating empty
2023-03-19 14:18:35.465 UTC [TRACE] steampipe-plugin-hackernews.plugin: [TRACE] no DefaultIgnoreConfig defined - creating empty
2023-03-19 14:18:35.465 UTC [TRACE] steampipe-plugin-hackernews.plugin: [TRACE] apply plugin defaults for DefaultRetryConfig
2023-03-19 14:18:35.465 UTC [TRACE] steampipe-plugin-hackernews.plugin: [TRACE] apply plugin defaults for DefaultIgnoreConfig, table &{<nil> <nil>} plugin &{<nil> <nil>}
2023-03-19 14:18:35.465 UTC [TRACE] steampipe-plugin-hackernews.plugin: [TRACE] DefaultRetryConfig:
2023-03-19 14:18:35.465 UTC [TRACE] steampipe-plugin-hackernews.plugin: [TRACE] DefaultIgnoreConfig:
2023-03-19 14:18:35.465 UTC [TRACE] steampipe-plugin-hackernews.plugin: [TRACE] t.Get.initialise
2023-03-19 14:18:35.465 UTC [TRACE] steampipe-plugin-hackernews.plugin: [TRACE] GetConfig.initialise table hackernews_best
2023-03-19 14:18:35.465 UTC [TRACE] steampipe-plugin-hackernews.plugin: [TRACE] GetConfig.initialise complete: RetryConfig: , IgnoreConfig:
2023-03-19 14:18:35.465 UTC [TRACE] steampipe-plugin-hackernews.plugin: [TRACE] t.List.initialise
2023-03-19 14:18:35.465 UTC [TRACE] steampipe-plugin-hackernews.plugin: [TRACE] ListConfig.initialise table hackernews_best
2023-03-19 14:18:35.465 UTC [TRACE] steampipe-plugin-hackernews.plugin: [TRACE] ListConfig.initialise complete: RetryConfig: , IgnoreConfig
2023-03-19 14:18:35.465 UTC [TRACE] steampipe-plugin-hackernews.plugin: [TRACE] HydrateConfig.initialise func getItem, table hackernews_best
2023-03-19 14:18:35.465 UTC [TRACE] steampipe-plugin-hackernews.plugin: [TRACE] HydrateConfig.initialise complete: RetryConfig: , IgnoreConfig:
2023-03-19 14:18:35.465 UTC [TRACE] steampipe-plugin-hackernews.plugin: [TRACE] back from initialiseHydrateConfigs
2023-03-19 14:18:35.465 UTC [TRACE] steampipe-plugin-hackernews.plugin: [TRACE] initialise table hackernews_best COMPLETE
2023-03-19 14:18:35.465 UTC [TRACE] steampipe-plugin-hackernews.plugin: [TRACE] initialise table hackernews_item
2023-03-19 14:18:35.465 UTC [TRACE] steampipe-plugin-hackernews.plugin: [TRACE] no DefaultRetryConfig defined - creating empty
2023-03-19 14:18:35.465 UTC [TRACE] steampipe-plugin-hackernews.plugin: [TRACE] no DefaultIgnoreConfig defined - creating empty
2023-03-19 14:18:35.465 UTC [TRACE] steampipe-plugin-hackernews.plugin: [TRACE] apply plugin defaults for DefaultRetryConfig
2023-03-19 14:18:35.465 UTC [TRACE] steampipe-plugin-hackernews.plugin: [TRACE] apply plugin defaults for DefaultIgnoreConfig, table &{<nil> <nil>} plugin &{<nil> <nil>}
2023-03-19 14:18:35.465 UTC [TRACE] steampipe-plugin-hackernews.plugin: [TRACE] DefaultRetryConfig:
2023-03-19 14:18:35.465 UTC [TRACE] steampipe-plugin-hackernews.plugin: [TRACE] DefaultIgnoreConfig:
2023-03-19 14:18:35.465 UTC [TRACE] steampipe-plugin-hackernews.plugin: [TRACE] t.Get.initialise
2023-03-19 14:18:35.465 UTC [TRACE] steampipe-plugin-hackernews.plugin: [TRACE] GetConfig.initialise table hackernews_item
2023-03-19 14:18:35.465 UTC [TRACE] steampipe-plugin-hackernews.plugin: [TRACE] GetConfig.initialise complete: RetryConfig: , IgnoreConfig:
2023-03-19 14:18:35.465 UTC [TRACE] steampipe-plugin-hackernews.plugin: [TRACE] t.List.initialise
2023-03-19 14:18:35.465 UTC [TRACE] steampipe-plugin-hackernews.plugin: [TRACE] ListConfig.initialise table hackernews_item
2023-03-19 14:18:35.465 UTC [TRACE] steampipe-plugin-hackernews.plugin: [TRACE] ListConfig.initialise complete: RetryConfig: , IgnoreConfig
2023-03-19 14:18:35.465 UTC [TRACE] steampipe-plugin-hackernews.plugin: [TRACE] HydrateConfig.initialise func getItem, table hackernews_item
2023-03-19 14:18:35.465 UTC [TRACE] steampipe-plugin-hackernews.plugin: [TRACE] HydrateConfig.initialise complete: RetryConfig: , IgnoreConfig:
2023-03-19 14:18:35.465 UTC [TRACE] steampipe-plugin-hackernews.plugin: [TRACE] back from initialiseHydrateConfigs
2023-03-19 14:18:35.465 UTC [TRACE] steampipe-plugin-hackernews.plugin: [TRACE] initialise table hackernews_item COMPLETE
2023-03-19 14:18:35.465 UTC [TRACE] steampipe-plugin-hackernews.plugin: [TRACE] initialise table hackernews_job
2023-03-19 14:18:35.465 UTC [TRACE] steampipe-plugin-hackernews.plugin: [TRACE] no DefaultRetryConfig defined - creating empty
2023-03-19 14:18:35.465 UTC [TRACE] steampipe-plugin-hackernews.plugin: [TRACE] no DefaultIgnoreConfig defined - creating empty
2023-03-19 14:18:35.465 UTC [TRACE] steampipe-plugin-hackernews.plugin: [TRACE] apply plugin defaults for DefaultRetryConfig
2023-03-19 14:18:35.465 UTC [TRACE] steampipe-plugin-hackernews.plugin: [TRACE] apply plugin defaults for DefaultIgnoreConfig, table &{<nil> <nil>} plugin &{<nil> <nil>}
2023-03-19 14:18:35.465 UTC [TRACE] steampipe-plugin-hackernews.plugin: [TRACE] DefaultRetryConfig:
2023-03-19 14:18:35.465 UTC [TRACE] steampipe-plugin-hackernews.plugin: [TRACE] DefaultIgnoreConfig:
2023-03-19 14:18:35.465 UTC [TRACE] steampipe-plugin-hackernews.plugin: [TRACE] t.Get.initialise
2023-03-19 14:18:35.465 UTC [TRACE] steampipe-plugin-hackernews.plugin: [TRACE] GetConfig.initialise table hackernews_job
2023-03-19 14:18:35.465 UTC [TRACE] steampipe-plugin-hackernews.plugin: [TRACE] GetConfig.initialise complete: RetryConfig: , IgnoreConfig:
2023-03-19 14:18:35.465 UTC [TRACE] steampipe-plugin-hackernews.plugin: [TRACE] t.List.initialise
2023-03-19 14:18:35.465 UTC [TRACE] steampipe-plugin-hackernews.plugin: [TRACE] ListConfig.initialise table hackernews_job
2023-03-19 14:18:35.465 UTC [TRACE] steampipe-plugin-hackernews.plugin: [TRACE] ListConfig.initialise complete: RetryConfig: , IgnoreConfig
2023-03-19 14:18:35.465 UTC [TRACE] steampipe-plugin-hackernews.plugin: [TRACE] HydrateConfig.initialise func getItem, table hackernews_job
2023-03-19 14:18:35.465 UTC [TRACE] steampipe-plugin-hackernews.plugin: [TRACE] HydrateConfig.initialise complete: RetryConfig: , IgnoreConfig:
2023-03-19 14:18:35.465 UTC [TRACE] steampipe-plugin-hackernews.plugin: [TRACE] back from initialiseHydrateConfigs
2023-03-19 14:18:35.465 UTC [TRACE] steampipe-plugin-hackernews.plugin: [TRACE] initialise table hackernews_job COMPLETE
2023-03-19 14:18:35.465 UTC [TRACE] steampipe-plugin-hackernews.plugin: [TRACE] initialise table hackernews_new
2023-03-19 14:18:35.465 UTC [TRACE] steampipe-plugin-hackernews.plugin: [TRACE] no DefaultRetryConfig defined - creating empty
2023-03-19 14:18:35.465 UTC [TRACE] steampipe-plugin-hackernews.plugin: [TRACE] no DefaultIgnoreConfig defined - creating empty
2023-03-19 14:18:35.465 UTC [TRACE] steampipe-plugin-hackernews.plugin: [TRACE] apply plugin defaults for DefaultRetryConfig
2023-03-19 14:18:35.465 UTC [TRACE] steampipe-plugin-hackernews.plugin: [TRACE] apply plugin defaults for DefaultIgnoreConfig, table &{<nil> <nil>} plugin &{<nil> <nil>}
2023-03-19 14:18:35.465 UTC [TRACE] steampipe-plugin-hackernews.plugin: [TRACE] DefaultRetryConfig:
2023-03-19 14:18:35.465 UTC [TRACE] steampipe-plugin-hackernews.plugin: [TRACE] DefaultIgnoreConfig:
2023-03-19 14:18:35.465 UTC [TRACE] steampipe-plugin-hackernews.plugin: [TRACE] t.Get.initialise
2023-03-19 14:18:35.465 UTC [TRACE] steampipe-plugin-hackernews.plugin: [TRACE] GetConfig.initialise table hackernews_new
2023-03-19 14:18:35.465 UTC [TRACE] steampipe-plugin-hackernews.plugin: [TRACE] GetConfig.initialise complete: RetryConfig: , IgnoreConfig:
2023-03-19 14:18:35.465 UTC [TRACE] steampipe-plugin-hackernews.plugin: [TRACE] t.List.initialise
2023-03-19 14:18:35.465 UTC [TRACE] steampipe-plugin-hackernews.plugin: [TRACE] ListConfig.initialise table hackernews_new
2023-03-19 14:18:35.465 UTC [TRACE] steampipe-plugin-hackernews.plugin: [TRACE] ListConfig.initialise complete: RetryConfig: , IgnoreConfig
2023-03-19 14:18:35.465 UTC [TRACE] steampipe-plugin-hackernews.plugin: [TRACE] HydrateConfig.initialise func getItem, table hackernews_new
2023-03-19 14:18:35.465 UTC [TRACE] steampipe-plugin-hackernews.plugin: [TRACE] HydrateConfig.initialise complete: RetryConfig: , IgnoreConfig:
2023-03-19 14:18:35.465 UTC [TRACE] steampipe-plugin-hackernews.plugin: [TRACE] back from initialiseHydrateConfigs
2023-03-19 14:18:35.465 UTC [TRACE] steampipe-plugin-hackernews.plugin: [TRACE] initialise table hackernews_new COMPLETE
2023-03-19 14:18:35.465 UTC [TRACE] steampipe-plugin-hackernews.plugin: [TRACE] initialise table hackernews_show_hn
2023-03-19 14:18:35.465 UTC [TRACE] steampipe-plugin-hackernews.plugin: [TRACE] no DefaultRetryConfig defined - creating empty
2023-03-19 14:18:35.465 UTC [TRACE] steampipe-plugin-hackernews.plugin: [TRACE] no DefaultIgnoreConfig defined - creating empty
2023-03-19 14:18:35.465 UTC [TRACE] steampipe-plugin-hackernews.plugin: [TRACE] apply plugin defaults for DefaultRetryConfig
2023-03-19 14:18:35.465 UTC [TRACE] steampipe-plugin-hackernews.plugin: [TRACE] apply plugin defaults for DefaultIgnoreConfig, table &{<nil> <nil>} plugin &{<nil> <nil>}
2023-03-19 14:18:35.465 UTC [TRACE] steampipe-plugin-hackernews.plugin: [TRACE] DefaultRetryConfig:
2023-03-19 14:18:35.465 UTC [TRACE] steampipe-plugin-hackernews.plugin: [TRACE] DefaultIgnoreConfig:
2023-03-19 14:18:35.465 UTC [TRACE] steampipe-plugin-hackernews.plugin: [TRACE] t.Get.initialise
2023-03-19 14:18:35.465 UTC [TRACE] steampipe-plugin-hackernews.plugin: [TRACE] GetConfig.initialise table hackernews_show_hn
2023-03-19 14:18:35.465 UTC [TRACE] steampipe-plugin-hackernews.plugin: [TRACE] GetConfig.initialise complete: RetryConfig: , IgnoreConfig:
2023-03-19 14:18:35.465 UTC [TRACE] steampipe-plugin-hackernews.plugin: [TRACE] t.List.initialise
2023-03-19 14:18:35.465 UTC [TRACE] steampipe-plugin-hackernews.plugin: [TRACE] ListConfig.initialise table hackernews_show_hn
2023-03-19 14:18:35.465 UTC [TRACE] steampipe-plugin-hackernews.plugin: [TRACE] ListConfig.initialise complete: RetryConfig: , IgnoreConfig
2023-03-19 14:18:35.465 UTC [TRACE] steampipe-plugin-hackernews.plugin: [TRACE] HydrateConfig.initialise func getItem, table hackernews_show_hn
2023-03-19 14:18:35.465 UTC [TRACE] steampipe-plugin-hackernews.plugin: [TRACE] HydrateConfig.initialise complete: RetryConfig: , IgnoreConfig:
2023-03-19 14:18:35.465 UTC [TRACE] steampipe-plugin-hackernews.plugin: [TRACE] back from initialiseHydrateConfigs
2023-03-19 14:18:35.465 UTC [TRACE] steampipe-plugin-hackernews.plugin: [TRACE] initialise table hackernews_show_hn COMPLETE
2023-03-19 14:18:35.465 UTC [TRACE] steampipe-plugin-hackernews.plugin: [TRACE] initialise table hackernews_top
2023-03-19 14:18:35.465 UTC [TRACE] steampipe-plugin-hackernews.plugin: [TRACE] no DefaultRetryConfig defined - creating empty
2023-03-19 14:18:35.465 UTC [TRACE] steampipe-plugin-hackernews.plugin: [TRACE] no DefaultIgnoreConfig defined - creating empty
2023-03-19 14:18:35.465 UTC [TRACE] steampipe-plugin-hackernews.plugin: [TRACE] apply plugin defaults for DefaultRetryConfig
2023-03-19 14:18:35.465 UTC [TRACE] steampipe-plugin-hackernews.plugin: [TRACE] apply plugin defaults for DefaultIgnoreConfig, table &{<nil> <nil>} plugin &{<nil> <nil>}
2023-03-19 14:18:35.465 UTC [TRACE] steampipe-plugin-hackernews.plugin: [TRACE] DefaultRetryConfig:
2023-03-19 14:18:35.465 UTC [TRACE] steampipe-plugin-hackernews.plugin: [TRACE] DefaultIgnoreConfig:
2023-03-19 14:18:35.465 UTC [TRACE] steampipe-plugin-hackernews.plugin: [TRACE] t.Get.initialise
2023-03-19 14:18:35.465 UTC [TRACE] steampipe-plugin-hackernews.plugin: [TRACE] GetConfig.initialise table hackernews_top
2023-03-19 14:18:35.466 UTC [TRACE] steampipe-plugin-hackernews.plugin: [TRACE] GetConfig.initialise complete: RetryConfig: , IgnoreConfig:
2023-03-19 14:18:35.466 UTC [TRACE] steampipe-plugin-hackernews.plugin: [TRACE] t.List.initialise
2023-03-19 14:18:35.466 UTC [TRACE] steampipe-plugin-hackernews.plugin: [TRACE] ListConfig.initialise table hackernews_top
2023-03-19 14:18:35.466 UTC [TRACE] steampipe-plugin-hackernews.plugin: [TRACE] ListConfig.initialise complete: RetryConfig: , IgnoreConfig
2023-03-19 14:18:35.466 UTC [TRACE] steampipe-plugin-hackernews.plugin: [TRACE] HydrateConfig.initialise func getItem, table hackernews_top
2023-03-19 14:18:35.466 UTC [TRACE] steampipe-plugin-hackernews.plugin: [TRACE] HydrateConfig.initialise complete: RetryConfig: , IgnoreConfig:
2023-03-19 14:18:35.466 UTC [TRACE] steampipe-plugin-hackernews.plugin: [TRACE] back from initialiseHydrateConfigs
2023-03-19 14:18:35.466 UTC [TRACE] steampipe-plugin-hackernews.plugin: [TRACE] initialise table hackernews_top COMPLETE
2023-03-19 14:18:35.466 UTC [TRACE] steampipe-plugin-hackernews.plugin: [TRACE] initialise table hackernews_user
2023-03-19 14:18:35.466 UTC [TRACE] steampipe-plugin-hackernews.plugin: [TRACE] no DefaultRetryConfig defined - creating empty
2023-03-19 14:18:35.466 UTC [TRACE] steampipe-plugin-hackernews.plugin: [TRACE] no DefaultIgnoreConfig defined - creating empty
2023-03-19 14:18:35.466 UTC [TRACE] steampipe-plugin-hackernews.plugin: [TRACE] apply plugin defaults for DefaultRetryConfig
2023-03-19 14:18:35.466 UTC [TRACE] steampipe-plugin-hackernews.plugin: [TRACE] apply plugin defaults for DefaultIgnoreConfig, table &{<nil> <nil>} plugin &{<nil> <nil>}
2023-03-19 14:18:35.466 UTC [TRACE] steampipe-plugin-hackernews.plugin: [TRACE] DefaultRetryConfig:
2023-03-19 14:18:35.466 UTC [TRACE] steampipe-plugin-hackernews.plugin: [TRACE] DefaultIgnoreConfig:
2023-03-19 14:18:35.466 UTC [TRACE] steampipe-plugin-hackernews.plugin: [TRACE] t.List.initialise
2023-03-19 14:18:35.466 UTC [TRACE] steampipe-plugin-hackernews.plugin: [TRACE] ListConfig.initialise table hackernews_user
2023-03-19 14:18:35.466 UTC [TRACE] steampipe-plugin-hackernews.plugin: [TRACE] ListConfig.initialise complete: RetryConfig: , IgnoreConfig
2023-03-19 14:18:35.466 UTC [TRACE] steampipe-plugin-hackernews.plugin: [TRACE] back from initialiseHydrateConfigs
2023-03-19 14:18:35.466 UTC [TRACE] steampipe-plugin-hackernews.plugin: [TRACE] initialise table hackernews_user COMPLETE
2023-03-19 14:18:35.466 UTC [TRACE] steampipe-plugin-hackernews.plugin: [TRACE] initialise table hackernews_ask_hn
2023-03-19 14:18:35.466 UTC [TRACE] steampipe-plugin-hackernews.plugin: [TRACE] no DefaultRetryConfig defined - creating empty
2023-03-19 14:18:35.466 UTC [TRACE] steampipe-plugin-hackernews.plugin: [TRACE] no DefaultIgnoreConfig defined - creating empty
2023-03-19 14:18:35.466 UTC [TRACE] steampipe-plugin-hackernews.plugin: [TRACE] apply plugin defaults for DefaultRetryConfig
2023-03-19 14:18:35.466 UTC [TRACE] steampipe-plugin-hackernews.plugin: [TRACE] apply plugin defaults for DefaultIgnoreConfig, table &{<nil> <nil>} plugin &{<nil> <nil>}
2023-03-19 14:18:35.466 UTC [TRACE] steampipe-plugin-hackernews.plugin: [TRACE] DefaultRetryConfig:
2023-03-19 14:18:35.466 UTC [TRACE] steampipe-plugin-hackernews.plugin: [TRACE] DefaultIgnoreConfig:
2023-03-19 14:18:35.466 UTC [TRACE] steampipe-plugin-hackernews.plugin: [TRACE] t.Get.initialise
2023-03-19 14:18:35.466 UTC [TRACE] steampipe-plugin-hackernews.plugin: [TRACE] GetConfig.initialise table hackernews_ask_hn
2023-03-19 14:18:35.466 UTC [TRACE] steampipe-plugin-hackernews.plugin: [TRACE] GetConfig.initialise complete: RetryConfig: , IgnoreConfig:
2023-03-19 14:18:35.466 UTC [TRACE] steampipe-plugin-hackernews.plugin: [TRACE] t.List.initialise
2023-03-19 14:18:35.466 UTC [TRACE] steampipe-plugin-hackernews.plugin: [TRACE] ListConfig.initialise table hackernews_ask_hn
2023-03-19 14:18:35.466 UTC [TRACE] steampipe-plugin-hackernews.plugin: [TRACE] ListConfig.initialise complete: RetryConfig: , IgnoreConfig
2023-03-19 14:18:35.466 UTC [TRACE] steampipe-plugin-hackernews.plugin: [TRACE] HydrateConfig.initialise func getItem, table hackernews_ask_hn
2023-03-19 14:18:35.466 UTC [TRACE] steampipe-plugin-hackernews.plugin: [TRACE] HydrateConfig.initialise complete: RetryConfig: , IgnoreConfig:
2023-03-19 14:18:35.466 UTC [TRACE] steampipe-plugin-hackernews.plugin: [TRACE] back from initialiseHydrateConfigs
2023-03-19 14:18:35.466 UTC [TRACE] steampipe-plugin-hackernews.plugin: [TRACE] initialise table hackernews_ask_hn COMPLETE
2023-03-19 14:18:35.466 UTC [TRACE] steampipe-plugin-hackernews.plugin: [TRACE] validate plugin steampipe-plugin-hackernews, required columns []
2023-03-19 14:18:35.466 UTC [TRACE] steampipe-plugin-hackernews.plugin: [TRACE] validate DefaultRetryConfig
2023-03-19 14:18:35.466 UTC [TRACE] steampipe-plugin-hackernews.plugin: [TRACE] validate DefaultIgnoreConfig
2023-03-19 14:18:35.466 UTC [TRACE] steampipe-plugin-hackernews.plugin: [TRACE] validate table names
2023-03-19 14:18:35.466 UTC [TRACE] steampipe-plugin-hackernews.plugin: [TRACE] plugin has 0 validation errors
2023-03-19 14:18:35.466 UTC [TRACE] steampipe-plugin-hackernews.plugin: [TRACE] Plugin ensureCache creating cache, maxCacheStorageMb 0
2023-03-19 14:18:35.466 UTC [TRACE] steampipe-plugin-hackernews.plugin: [TRACE] createCacheStore for plugin 'steampipe-plugin-hackernews' setting max size to 0Mb, Shards: 2, max shard size: 0
2023-03-19 14:18:35.478 UTC [INFO]  steampipe-plugin-hackernews.plugin: [INFO]  query cache created
2023-03-19 14:18:35.478 UTC [DEBUG] steampipe-plugin-hackernews.plugin: [DEBUG] SetAllConnectionConfigs finished
2023-03-19 14:18:35.479 UTC [TRACE] PluginManager getPlugin complete, returning reattach config with PID: 2017
2023-03-19 14:18:35.482 UTC [INFO]  steampipe-plugin-hackernews.plugin: [INFO]  1679235515670: Plugin Execute (1679235515670)
2023-03-19 14:18:35.482 UTC [TRACE] steampipe-plugin-hackernews.plugin: [TRACE] 1679235515670: No memory limit set
2023-03-19 14:18:35.483 UTC [INFO]  steampipe-plugin-hackernews.plugin: [INFO]  1679235515670: Plugin Execute, setting memory limit to -1Mb
2023-03-19 14:18:35.483 UTC [TRACE] steampipe-plugin-hackernews.plugin: [TRACE] 1679235515670: calling ExtractContextFromCarrier
2023-03-19 14:18:35.483 UTC [INFO]  steampipe-plugin-hackernews.plugin: [INFO]  1679235515670: Setting max concurrent connections to 25
2023-03-19 14:18:35.483 UTC [TRACE] steampipe-plugin-hackernews.plugin: [TRACE] 1679235515670: executeForConnection callId: 1679235515670, connectionCallId: hackernews-1679235515670, connection: hackernews table: hackernews_new cols: id,title,time,by,score,dead,deleted,descendants,kids,parent,parts,poll,text,type,url,_ctx
2023-03-19 14:18:35.483 UTC [TRACE] steampipe-plugin-hackernews.plugin: [TRACE] 1679235515670: got connection data
2023-03-19 14:18:35.483 UTC [TRACE] steampipe-plugin-hackernews.plugin: [TRACE] 1679235515670: Got query context, table: hackernews_new, cols: [id title time by score dead deleted descendants kids parent parts poll text type url _ctx]
2023-03-19 14:18:35.483 UTC [TRACE] steampipe-plugin-hackernews.plugin: [TRACE] 1679235515670: Start execute span
2023-03-19 14:18:35.483 UTC [INFO]  steampipe-plugin-hackernews.plugin: [INFO]  1679235515670: Setting free memory interval to 100 rows
2023-03-19 14:18:35.483 UTC [TRACE] steampipe-plugin-hackernews.plugin: [TRACE] 1679235515670: setFetchType map[time:quals:{fieldName:"time"  string_value:">"  value:{timestamp_value:{seconds:1679231915  nanos:361790000}}}]
2023-03-19 14:18:35.483 UTC [TRACE] steampipe-plugin-hackernews.plugin: [TRACE] 1679235515670: getMatchingQuals column:'id' operator: =
2023-03-19 14:18:35.483 UTC [TRACE] steampipe-plugin-hackernews.plugin: [TRACE] 1679235515670: getMatchingQuals returning false - qualMap does not contain any quals for column id
2023-03-19 14:18:35.484 UTC [TRACE] steampipe-plugin-hackernews.plugin: [TRACE] 1679235515670: GetUnsatisfiedKeyColumns for columns column:'id' operator: =
2023-03-19 14:18:35.484 UTC [TRACE] steampipe-plugin-hackernews.plugin: [TRACE] 1679235515670: key column NOT satisfied column:'id' operator: =
2023-03-19 14:18:35.484 UTC [TRACE] steampipe-plugin-hackernews.plugin: [TRACE] 1679235515670: satisfied: map[any_of: optional: required:]
2023-03-19 14:18:35.485 UTC [TRACE] steampipe-plugin-hackernews.plugin: [TRACE] 1679235515670: unsatisfied: map[any_of: optional: required:column:'id' operator: =]
2023-03-19 14:18:35.485 UTC [TRACE] steampipe-plugin-hackernews.plugin: [TRACE] 1679235515670: unsatisfied required KeyColumns: column:'id' operator: =
2023-03-19 14:18:35.485 UTC [TRACE] steampipe-plugin-hackernews.plugin: [TRACE] 1679235515670: Set fetchType to fetchTypeList
2023-03-19 14:18:35.485 UTC [TRACE] steampipe-plugin-hackernews.plugin: [TRACE] 1679235515670: Equals key column quals:
2023-03-19 14:18:35.485 UTC [DEBUG] steampipe-plugin-hackernews.plugin: {}
2023-03-19 14:18:35.485 UTC [TRACE] steampipe-plugin-hackernews.plugin: [TRACE] 1679235515670: All key column quals:
2023-03-19 14:18:35.485 UTC [DEBUG] steampipe-plugin-hackernews.plugin: {}
2023-03-19 14:18:35.485 UTC [TRACE] steampipe-plugin-hackernews.plugin: [TRACE] 1679235515670: GetMatrixItem
2023-03-19 14:18:35.485 UTC [TRACE] steampipe-plugin-hackernews.plugin: [TRACE] 1679235515670: creating query data
2023-03-19 14:18:35.485 UTC [INFO]  steampipe-plugin-hackernews.plugin: [INFO]  1679235515670: cacheEnabled, trying cache get (hackernews-1679235515670)
2023-03-19 14:18:35.485 UTC [TRACE] steampipe-plugin-hackernews.plugin: [TRACE] 1679235515670: QueryCache Get - indexBucketKey index__hackernewshackernews_new, quals
2023-03-19 14:18:35.485 UTC [TRACE] steampipe-plugin-hackernews.plugin: [TRACE] 1679235515670: QueryCache getCachedQueryResult - table hackernews_new, connectionName hackernews
2023-03-19 14:18:35.485 UTC [TRACE] steampipe-plugin-hackernews.plugin: [TRACE] 1679235515670: index bucket key: index__hackernewshackernews_new ttlSeconds 300 limit: -1
2023-03-19 14:18:35.485 UTC [TRACE] steampipe-plugin-hackernews.plugin: [TRACE] 1679235515670: doGet cache miss
2023-03-19 14:18:35.485 UTC [TRACE] steampipe-plugin-hackernews.plugin: [TRACE] 1679235515670: getCachedIndexBucket - no item retrieved for cache key index__hackernewshackernews_new
2023-03-19 14:18:35.485 UTC [TRACE] steampipe-plugin-hackernews.plugin: [TRACE] 1679235515670: getCachedQueryResult returned CACHE MISS - checking for pending transfers
2023-03-19 14:18:35.485 UTC [TRACE] steampipe-plugin-hackernews.plugin: [TRACE] 1679235515670: getPendingResultItem indexBucketKey index__hackernewshackernews_new, columns [id title time by score dead deleted descendants kids parent parts poll text type url _ctx], limit -1
2023-03-19 14:18:35.485 UTC [TRACE] steampipe-plugin-hackernews.plugin: [TRACE] 1679235515670: no pending index item - add pending result, indexBucketKey index__hackernewshackernews_new
2023-03-19 14:18:35.485 UTC [TRACE] steampipe-plugin-hackernews.plugin: [TRACE] 1679235515670: addPendingResult (hackernews-1679235515670) indexBucketKey index__hackernewshackernews_new, columns [id title time by score dead deleted descendants kids parent parts poll text type url _ctx], limit -1
2023-03-19 14:18:35.485 UTC [TRACE] steampipe-plugin-hackernews.plugin: [TRACE] 1679235515670: no index bucket found - creating one
2023-03-19 14:18:35.485 UTC [TRACE] steampipe-plugin-hackernews.plugin: [TRACE] 1679235515670: pendingIndexItem Lock count before 0
2023-03-19 14:18:35.485 UTC [TRACE] steampipe-plugin-hackernews.plugin: [TRACE] 1679235515670: addPendingResult added pending index item to bucket, (hackernews-1679235515670) indexBucketKey index__hackernewshackernews_new, resultKeyRoot hackernewshackernews_newid,title,time,by,score,dead,deleted,descendants,kids,parent,parts,poll,text,type,url,_ctx-1, pending item : 0xc0003df440
2023-03-19 14:18:35.485 UTC [TRACE] steampipe-plugin-hackernews.plugin: [TRACE] 1679235515670: **** pending items (hackernews-1679235515670)****
2023-03-19 14:18:35.485 UTC [TRACE] steampipe-plugin-hackernews.plugin: [TRACE] 1679235515670: key: index__hackernewshackernews_new: item: 0xc0003df440, count: 1, key:hackernewshackernews_newid,title,time,by,score,dead,deleted,descendants,kids,parent,parts,poll,text,type,url,_ctx-1
2023-03-19 14:18:35.485 UTC [TRACE] steampipe-plugin-hackernews.plugin: [TRACE] 1679235515670: ********
2023-03-19 14:18:35.485 UTC [TRACE] steampipe-plugin-hackernews.plugin: [TRACE] 1679235515670: getPendingResultItem returning <nil>
2023-03-19 14:18:35.485 UTC [INFO]  steampipe-plugin-hackernews.plugin: [INFO]  1679235515670: CACHE MISS
2023-03-19 14:18:35.485 UTC [TRACE] steampipe-plugin-hackernews.plugin: [TRACE] 1679235515670: cache MISS
2023-03-19 14:18:35.485 UTC [INFO]  steampipe-plugin-hackernews.plugin: [INFO]  1679235515670: queryCacheGet returned CACHE MISS (hackernews-1679235515670)
2023-03-19 14:18:35.485 UTC [TRACE] steampipe-plugin-hackernews.plugin: [TRACE] 1679235515670: StartSet (hackernews-1679235515670)
2023-03-19 14:18:35.485 UTC [TRACE] steampipe-plugin-hackernews.plugin: [TRACE] 1679235515670: calling fetchItems, table: hackernews_new, matrixItem: [], limit: -1,  connectionCallId: hackernews-1679235515670"
2023-03-19 14:18:35.485 UTC [TRACE] steampipe-plugin-hackernews.plugin: [TRACE] 1679235515670: buildRowsAsync connectionCallId: hackernews-1679235515670
2023-03-19 14:18:35.485 UTC [TRACE] steampipe-plugin-hackernews.plugin: [TRACE] 1679235515670: streamRows connectionCallId: hackernews-1679235515670
2023-03-19 14:18:35.485 UTC [TRACE] steampipe-plugin-hackernews.plugin: [TRACE] 1679235515670: QueryData streamRows (hackernews-1679235515670)
2023-03-19 14:18:35.485 UTC [TRACE] steampipe-plugin-hackernews.plugin: [TRACE] 1679235515670: executeListCall START (hackernews-1679235515670)
2023-03-19 14:18:35.485 UTC [TRACE] steampipe-plugin-hackernews.plugin: [TRACE] 1679235515670: GetUnsatisfiedKeyColumns for columns
2023-03-19 14:18:35.485 UTC [TRACE] steampipe-plugin-hackernews.plugin: [TRACE] 1679235515670: doList (hackernews-1679235515670)
2023-03-19 14:18:35.485 UTC [TRACE] steampipe-plugin-hackernews.plugin: [TRACE] 1679235515670: doList: no matrix item
2023-03-19 14:18:35.645 UTC [TRACE] stdio: received data: channel=STDOUT len=16
2023-03-19 14:18:35.645 UTC [TRACE] stdio: waiting for stdio data
2023-03-19 14:18:35.645 UTC [TRACE] steampipe-plugin-hackernews.plugin: [TRACE] 1679235515670: QueryData.fetchComplete
2023-03-19 14:18:35.645 UTC [TRACE] steampipe-plugin-hackernews.plugin: [TRACE] 1679235515670: executeListCall COMPLETE (hackernews-1679235515670)
2023-03-19 14:18:35.646 UTC [TRACE] steampipe-plugin-hackernews.plugin: [TRACE] 1679235515670: rowData chan returned nil - wait for rows to complete (hackernews-1679235515670)
2023-03-19 14:18:35.788 UTC [TRACE] stdio: received data: channel=STDOUT len=1024
2023-03-19 14:18:35.788 UTC [TRACE] stdio: waiting for stdio data
2023-03-19 14:18:35.800 UTC [TRACE] stdio: received data: channel=STDOUT len=401
2023-03-19 14:18:35.800 UTC [TRACE] stdio: waiting for stdio data
2023-03-19 14:18:35.829 UTC [TRACE] stdio: received data: channel=STDOUT len=93
2023-03-19 14:18:35.829 UTC [TRACE] stdio: waiting for stdio data
2023-03-19 14:18:35.856 UTC [TRACE] stdio: received data: channel=STDOUT len=1024
2023-03-19 14:18:35.856 UTC [TRACE] stdio: waiting for stdio data
2023-03-19 14:18:36.000 UTC [TRACE] stdio: received data: channel=STDOUT len=1024
2023-03-19 14:18:36.000 UTC [TRACE] stdio: waiting for stdio data
2023-03-19 14:18:36.005 UTC [TRACE] steampipe-plugin-hackernews.plugin: [TRACE] 1679235515670: buildRowsAsync goroutine returning (hackernews-1679235515670)
2023-03-19 14:18:36.005 UTC [TRACE] steampipe-plugin-hackernews.plugin: [TRACE] 1679235515670: streamRows - nil row, stop streaming (hackernews-1679235515670)
2023-03-19 14:18:36.005 UTC [TRACE] steampipe-plugin-hackernews.plugin: [TRACE] 1679235515670: ------------------------------------
2023-03-19 14:18:36.005 UTC [TRACE] steampipe-plugin-hackernews.plugin: [TRACE] 1679235515670: Concurrency Summary
2023-03-19 14:18:36.005 UTC [TRACE] steampipe-plugin-hackernews.plugin: [TRACE] 1679235515670: ------------------------------------
2023-03-19 14:18:36.005 UTC [TRACE] steampipe-plugin-hackernews.plugin: [TRACE] 1679235515670: getItem                       : 200
2023-03-19 14:18:36.005 UTC [TRACE] steampipe-plugin-hackernews.plugin: [TRACE] 1679235515670: ------------------------------------
2023-03-19 14:18:36.005 UTC [TRACE] steampipe-plugin-hackernews.plugin: [TRACE] 1679235515670: Total                         : 200
2023-03-19 14:18:36.005 UTC [TRACE] steampipe-plugin-hackernews.plugin: [TRACE] 1679235515670: ------------------------------------
2023-03-19 14:18:36.005 UTC [TRACE] steampipe-plugin-hackernews.plugin: [TRACE] 1679235515670: QueryData streamRows DONE (hackernews-1679235515670)
2023-03-19 14:18:36.005 UTC [TRACE] steampipe-plugin-hackernews.plugin: [TRACE] 1679235515670: EndSet (hackernews-1679235515670) table hackernews_new
2023-03-19 14:18:36.005 UTC [TRACE] steampipe-plugin-hackernews.plugin: [TRACE] 1679235515670: QueryCache writePageToCache: 500 rows, pageCount 1, page key hackernewshackernews_newid,title,time,by,score,dead,deleted,descendants,kids,parent,parts,poll,text,type,url,_ctx-1-0
2023-03-19 14:18:36.012 UTC [TRACE] steampipe-plugin-hackernews.plugin: [TRACE] 1679235515670: writePageToCache Set - result written
2023-03-19 14:18:36.012 UTC [TRACE] steampipe-plugin-hackernews.plugin: [TRACE] 1679235515670: QueryCache EndSet - result written
2023-03-19 14:18:36.012 UTC [TRACE] steampipe-plugin-hackernews.plugin: [TRACE] 1679235515670: doGet cache miss
2023-03-19 14:18:36.012 UTC [TRACE] steampipe-plugin-hackernews.plugin: [TRACE] 1679235515670: getCachedIndexBucket - no item retrieved for cache key index__hackernewshackernews_new
2023-03-19 14:18:36.012 UTC [TRACE] steampipe-plugin-hackernews.plugin: [TRACE] 1679235515670: getCachedIndexBucket returned cache miss
2023-03-19 14:18:36.012 UTC [TRACE] steampipe-plugin-hackernews.plugin: [TRACE] 1679235515670: QueryCache EndSet - Added index item (0xc01ad68600) to bucket (0xc01ad740d8), page count 1,  key root hackernewshackernews_newid,title,time,by,score,dead,deleted,descendants,kids,parent,parts,poll,text,type,url,_ctx-1
2023-03-19 14:18:36.012 UTC [TRACE] steampipe-plugin-hackernews.plugin: [TRACE] 1679235515670: cacheSetIndexBucket index__hackernewshackernews_new
2023-03-19 14:18:36.012 UTC [TRACE] steampipe-plugin-hackernews.plugin: [TRACE] 1679235515670: QueryCache EndSet - IndexBucket written
2023-03-19 14:18:36.012 UTC [TRACE] steampipe-plugin-hackernews.plugin: [TRACE] 1679235515670: EndSet DEFER (hackernews-1679235515670) table hackernews_new
2023-03-19 14:18:36.012 UTC [TRACE] steampipe-plugin-hackernews.plugin: [TRACE] 1679235515670: calling pendingItemComplete (hackernews-1679235515670)
2023-03-19 14:18:36.012 UTC [TRACE] steampipe-plugin-hackernews.plugin: [TRACE] 1679235515670: pendingItemComplete (hackernews-1679235515670) indexBucketKey index__hackernewshackernews_new, columns [id title time by score dead deleted descendants kids parent parts poll text type url _ctx], limit -1
2023-03-19 14:18:36.012 UTC [TRACE] steampipe-plugin-hackernews.plugin: [TRACE] 1679235515670: got pending index bucket, (hackernews-1679235515670) len 1
2023-03-19 14:18:36.012 UTC [TRACE] steampipe-plugin-hackernews.plugin: [TRACE] 1679235515670: SatisfiesLimit limit -1, no item limit - satisfied
2023-03-19 14:18:36.012 UTC [TRACE] steampipe-plugin-hackernews.plugin: [TRACE] 1679235515670: found pending index item to satisfy columns id,title,time,by,score,dead,deleted,descendants,kids,parent,parts,poll,text,type,url,_ctx, limit -1
2023-03-19 14:18:36.012 UTC [TRACE] steampipe-plugin-hackernews.plugin: [TRACE] 1679235515670: found completed pending item (hackernews-1679235515670) 0xc0003df440, key hackernewshackernews_newid,title,time,by,score,dead,deleted,descendants,kids,parent,parts,poll,text,type,url,_ctx-1 - removing from map as it is complete
2023-03-19 14:18:36.012 UTC [TRACE] steampipe-plugin-hackernews.plugin: [TRACE] 1679235515670: pendingIndexItem Unlock count before 1 key hackernewshackernews_newid,title,time,by,score,dead,deleted,descendants,kids,parent,parts,poll,text,type,url,_ctx-1
2023-03-19 14:18:36.012 UTC [TRACE] steampipe-plugin-hackernews.plugin: [TRACE] 1679235515670: deleted from pending, (hackernews-1679235515670) len 0
2023-03-19 14:18:36.012 UTC [TRACE] steampipe-plugin-hackernews.plugin: [TRACE] 1679235515670: pending bucket now empty - deleting key index__hackernewshackernews_new
2023-03-19 14:18:36.012 UTC [TRACE] steampipe-plugin-hackernews.plugin: [TRACE] 1679235515670: pendingItemComplete done (hackernews-1679235515670)
2023-03-19 14:18:36.012 UTC [TRACE] steampipe-plugin-hackernews.plugin: [TRACE] 1679235515670: cache set succeeded
2023-03-19 14:18:36.012 UTC [TRACE] steampipe-plugin-hackernews.plugin: [TRACE] 1679235515670: End execute span
2023-03-19 14:18:36.012 UTC [TRACE] steampipe-plugin-hackernews.plugin: [TRACE] 1679235515670: executeForConnection DEFER (hackernews-1679235515670)
2023-03-19 14:18:36.012 UTC [TRACE] steampipe-plugin-hackernews.plugin: [TRACE] 1679235515670: Execute complete callId: hackernews-1679235515670 table: hackernews_new
2023-03-19 14:18:36.012 UTC [TRACE] steampipe-plugin-hackernews.plugin: [TRACE] 1679235515670: executeForConnection hackernews returned
2023-03-19 14:18:36.012 UTC [TRACE] steampipe-plugin-hackernews.plugin: [TRACE] 1679235515670: output wg complete - send nil row
2023-03-19 14:18:36.012 UTC [TRACE] steampipe-plugin-hackernews.plugin: [TRACE] 1679235515670: empty row on output channel - we are done
2023-03-19 14:18:36.012 UTC [INFO]  steampipe-plugin-hackernews.plugin: [INFO]  1679235515670: Plugin Execute complete (1679235515670)
2023-03-19 14:18:36.050 UTC [INFO]  PluginManager Shutdown
2023-03-19 14:18:36.050 UTC [INFO]  PluginManager killing plugin csv (1991)
2023-03-19 14:18:36.051 UTC [TRACE] receive error for connection 'csv': rpc error: code = Unavailable desc = error reading from server: EOF
2023-03-19 14:18:36.051 UTC [TRACE] cache listener received EOF for connection 'csv', returning
2023-03-19 14:18:36.051 UTC [DEBUG] stdio: received EOF, stopping recv loop: err="rpc error: code = Unavailable desc = error reading from server: EOF"
2023-03-19 14:18:36.051 UTC [TRACE] steampipe-plugin-csv.plugin: [TRACE] FLUSHING instrumentation
2023-03-19 14:18:36.051 UTC [TRACE] steampipe-plugin-csv.plugin: [TRACE] Shutdown instrumentation
2023-03-19 14:18:36.069 UTC [TRACE] steampipe-plugin-csv.plugin: [TRACE] file watcher event [no events]   ""
2023-03-19 14:18:36.069 UTC [TRACE] steampipe-plugin-csv.plugin: [TRACE] file watcher event [no events]   ""
2023-03-19 14:18:36.069 UTC [TRACE] steampipe-plugin-csv.plugin: [TRACE] ignore file change [no events]   ""
2023-03-19 14:18:36.069 UTC [TRACE] steampipe-plugin-csv.plugin: [TRACE] handleEvent error <nil>
2023-03-19 14:18:36.069 UTC [TRACE] steampipe-plugin-csv.plugin: [TRACE] file watcher event [no events]   ""
2023-03-19 14:18:36.069 UTC [TRACE] steampipe-plugin-csv.plugin: [TRACE] file watcher event [no events]   ""
2023-03-19 14:18:36.069 UTC [TRACE] steampipe-plugin-csv.plugin: [TRACE] ignore file change [no events]   ""
2023-03-19 14:18:36.069 UTC [TRACE] steampipe-plugin-csv.plugin: [TRACE] handleEvent error <nil>
2023-03-19 14:18:36.070 UTC [INFO]  plugin process exited: path=/home/runner/.steampipe/plugins/hub.steampipe.io/plugins/turbot/csv@latest/steampipe-plugin-csv.plugin pid=1991
2023-03-19 14:18:36.070 UTC [DEBUG] plugin exited
2023-03-19 14:18:36.070 UTC [INFO]  PluginManager killing plugin hackernews (2017)
2023-03-19 14:18:36.072 UTC [TRACE] steampipe-plugin-hackernews.plugin: [TRACE] 1679235515670: FLUSHING instrumentation
2023-03-19 14:18:36.072 UTC [TRACE] steampipe-plugin-hackernews.plugin: [TRACE] 1679235515670: Shutdown instrumentation
2023-03-19 14:18:36.073 UTC [INFO]  plugin process exited: path=/home/runner/.steampipe/plugins/hub.steampipe.io/plugins/turbot/hackernews@latest/steampipe-plugin-hackernews.plugin pid=2017
2023-03-19 14:18:36.073 UTC [DEBUG] stdio: received EOF, stopping recv loop: err="rpc error: code = Unavailable desc = error reading from server: EOF"
2023-03-19 14:18:36.073 UTC [DEBUG] plugin exited
2023-03-19 14:22:06.696 UTC [ERROR] steampipe-plugin-csv.plugin: [ERROR] csv.tableCSV: header_parse_error=EOF path=/home/runner/work/steampipe-samples/steampipe-samples/all/hackernews/new_sc.csv header=[]
2023-03-19 14:22:06.696 UTC [ERROR] steampipe-plugin-csv.plugin: [ERROR] csv.PluginTables: create_table_error="failed to parse file header /home/runner/work/steampipe-samples/steampipe-samples/all/hackernews/new_sc.csv: EOF" path=/home/runner/work/steampipe-samples/steampipe-samples/all/hackernews/new_sc.csv
2023-03-19 14:22:06.708 UTC [WARN]  failed to set connection config: failed to parse file header /home/runner/work/steampipe-samples/steampipe-samples/all/hackernews/new_sc.csv: EOF
2023-03-19 14:22:19.983 UTC [ERROR] steampipe-plugin-csv.plugin: [ERROR] csv.tableCSV: header_parse_error=EOF path=/home/runner/work/steampipe-samples/steampipe-samples/all/hackernews/hn_items_all.csv header=[]
2023-03-19 14:22:19.983 UTC [ERROR] steampipe-plugin-csv.plugin: [ERROR] csv.PluginTables: create_table_error="failed to parse file header /home/runner/work/steampipe-samples/steampipe-samples/all/hackernews/hn_items_all.csv: EOF" path=/home/runner/work/steampipe-samples/steampipe-samples/all/hackernews/hn_items_all.csv
2023-03-19 14:22:20.001 UTC [WARN]  failed to set connection config: failed to parse file header /home/runner/work/steampipe-samples/steampipe-samples/all/hackernews/hn_items_all.csv: EOF
