2023-04-03 19:16:43.995 UTC [INFO]  starting plugin manager
2023-04-03 19:16:43.996 UTC [TRACE] loaded config map: csv,github,hackernews,net
2023-04-03 19:16:43.996 UTC [TRACE] NewPluginManager
2023-04-03 19:16:43.997 UTC [TRACE] PluginManager setPluginCacheSizeMap: 4 connections.
2023-04-03 19:16:43.997 UTC [TRACE] Total cache size 0Mb
2023-04-03 19:16:43.997 UTC [INFO]  starting connection watcher
2023-04-03 19:16:43.998 UTC [INFO]  created ConnectionWatcher
2023-04-03 19:16:43.998 UTC [TRACE] about to serve
2023-04-03 19:16:44.017 UTC [TRACE] PluginManager Get, connections: '[csv]'
2023-04-03 19:16:44.017 UTC [TRACE] PluginManager getPlugin hub.steampipe.io/plugins/turbot/csv@latest connection 'csv'
2023-04-03 19:16:44.017 UTC [TRACE] PluginManager 0xc000932370 plugin hub.steampipe.io/plugins/turbot/csv@latest (csv) NOT started or starting - start now
2023-04-03 19:16:44.017 UTC [TRACE] ************ start plugin csv ********************
2023-04-03 19:16:44.017 UTC [TRACE] ************ plugin path /home/runner/.steampipe/plugins/hub.steampipe.io/plugins/turbot/csv@latest/steampipe-plugin-csv.plugin ********************
2023-04-03 19:16:44.091 UTC [DEBUG] starting plugin: path=/home/runner/.steampipe/plugins/hub.steampipe.io/plugins/turbot/csv@latest/steampipe-plugin-csv.plugin args=["/home/runner/.steampipe/plugins/hub.steampipe.io/plugins/turbot/csv@latest/steampipe-plugin-csv.plugin"]
2023-04-03 19:16:44.092 UTC [DEBUG] plugin started: path=/home/runner/.steampipe/plugins/hub.steampipe.io/plugins/turbot/csv@latest/steampipe-plugin-csv.plugin pid=2012
2023-04-03 19:16:44.092 UTC [DEBUG] waiting for RPC address: path=/home/runner/.steampipe/plugins/hub.steampipe.io/plugins/turbot/csv@latest/steampipe-plugin-csv.plugin
2023-04-03 19:16:44.105 UTC [INFO]  steampipe-plugin-csv.plugin: [INFO]  initialise plugin 'steampipe-plugin-csv', using sdk version 5.3.0
2023-04-03 19:16:44.105 UTC [TRACE] steampipe-plugin-csv.plugin: [TRACE] no DefaultRetryConfig defined - creating empty
2023-04-03 19:16:44.105 UTC [TRACE] steampipe-plugin-csv.plugin: [TRACE] no DefaultIgnoreConfig defined - creating empty
2023-04-03 19:16:44.105 UTC [TRACE] steampipe-plugin-csv.plugin: [TRACE] intialising defaultWatchedFilesChangedFunc
2023-04-03 19:16:44.106 UTC [TRACE] steampipe-plugin-csv.plugin: [TRACE] telemetry.Init service 'steampipe-plugin-csv', tracingEnabled: false, metricsEnabled: false
2023-04-03 19:16:44.106 UTC [TRACE] steampipe-plugin-csv.plugin: [TRACE] metrics and tracing disabled' - returning
2023-04-03 19:16:44.106 UTC [DEBUG] steampipe-plugin-csv.plugin: plugin address: address=/tmp/plugin198896943 network=unix timestamp=2023-04-03T19:16:44.106Z
2023-04-03 19:16:44.106 UTC [DEBUG] using plugin: version=0
2023-04-03 19:16:44.106 UTC [TRACE] NewPluginClient for plugin hub.steampipe.io/plugins/turbot/csv@latest
2023-04-03 19:16:44.108 UTC [TRACE] stdio: waiting for stdio data
2023-04-03 19:16:44.109 UTC [TRACE] supportedOperations: query_cache:true  multiple_connections:true  message_stream:true
2023-04-03 19:16:44.110 UTC [TRACE] steampipe-plugin-csv.plugin: [TRACE] SetAllConnectionConfigs setting 1 configs
2023-04-03 19:16:44.110 UTC [TRACE] steampipe-plugin-csv.plugin: [TRACE] connection csv build schema and table map
2023-04-03 19:16:44.110 UTC [TRACE] steampipe-plugin-csv.plugin: [TRACE] Plugin steampipe-plugin-csv initialiseTables
2023-04-03 19:16:44.110 UTC [TRACE] steampipe-plugin-csv.plugin: [TRACE] getSourceFiles source: /home/runner/work/steampipe-samples/steampipe-samples/all/hackernews, glob: /home/runner/work/steampipe-samples/steampipe-samples/all/hackernews/*.csv
2023-04-03 19:16:44.114 UTC [DEBUG] steampipe-plugin-csv.plugin: [DEBUG] csv.tableCSV: path=/home/runner/work/steampipe-samples/steampipe-samples/all/hackernews/hn_items_all.csv detected_encoding=Unknown
2023-04-03 19:16:44.114 UTC [DEBUG] steampipe-plugin-csv.plugin: [DEBUG] csv.tableCSV: path=/home/runner/work/steampipe-samples/steampipe-samples/all/hackernews/new_sc.csv detected_encoding=Unknown
2023-04-03 19:16:44.114 UTC [TRACE] steampipe-plugin-csv.plugin: [TRACE] initialise table /home/runner/work/steampipe-samples/steampipe-samples/all/hackernews/hn_items_all.csv
2023-04-03 19:16:44.114 UTC [TRACE] steampipe-plugin-csv.plugin: [TRACE] no DefaultRetryConfig defined - creating empty
2023-04-03 19:16:44.114 UTC [TRACE] steampipe-plugin-csv.plugin: [TRACE] no DefaultIgnoreConfig defined - creating empty
2023-04-03 19:16:44.114 UTC [TRACE] steampipe-plugin-csv.plugin: [TRACE] apply plugin defaults for DefaultRetryConfig
2023-04-03 19:16:44.114 UTC [TRACE] steampipe-plugin-csv.plugin: [TRACE] apply plugin defaults for DefaultIgnoreConfig, table &{<nil> <nil>} plugin &{<nil> <nil>}
2023-04-03 19:16:44.114 UTC [TRACE] steampipe-plugin-csv.plugin: [TRACE] DefaultRetryConfig:
2023-04-03 19:16:44.114 UTC [TRACE] steampipe-plugin-csv.plugin: [TRACE] DefaultIgnoreConfig:
2023-04-03 19:16:44.114 UTC [TRACE] steampipe-plugin-csv.plugin: [TRACE] t.List.initialise
2023-04-03 19:16:44.114 UTC [TRACE] steampipe-plugin-csv.plugin: [TRACE] ListConfig.initialise table /home/runner/work/steampipe-samples/steampipe-samples/all/hackernews/hn_items_all.csv
2023-04-03 19:16:44.114 UTC [TRACE] steampipe-plugin-csv.plugin: [TRACE] ListConfig.initialise complete: RetryConfig: , IgnoreConfig
2023-04-03 19:16:44.114 UTC [TRACE] steampipe-plugin-csv.plugin: [TRACE] back from initialiseHydrateConfigs
2023-04-03 19:16:44.114 UTC [TRACE] steampipe-plugin-csv.plugin: [TRACE] initialise table /home/runner/work/steampipe-samples/steampipe-samples/all/hackernews/hn_items_all.csv COMPLETE
2023-04-03 19:16:44.114 UTC [TRACE] steampipe-plugin-csv.plugin: [TRACE] initialise table /home/runner/work/steampipe-samples/steampipe-samples/all/hackernews/new_sc.csv
2023-04-03 19:16:44.114 UTC [TRACE] steampipe-plugin-csv.plugin: [TRACE] no DefaultRetryConfig defined - creating empty
2023-04-03 19:16:44.114 UTC [TRACE] steampipe-plugin-csv.plugin: [TRACE] no DefaultIgnoreConfig defined - creating empty
2023-04-03 19:16:44.114 UTC [TRACE] steampipe-plugin-csv.plugin: [TRACE] apply plugin defaults for DefaultRetryConfig
2023-04-03 19:16:44.114 UTC [TRACE] steampipe-plugin-csv.plugin: [TRACE] apply plugin defaults for DefaultIgnoreConfig, table &{<nil> <nil>} plugin &{<nil> <nil>}
2023-04-03 19:16:44.114 UTC [TRACE] steampipe-plugin-csv.plugin: [TRACE] DefaultRetryConfig:
2023-04-03 19:16:44.114 UTC [TRACE] steampipe-plugin-csv.plugin: [TRACE] DefaultIgnoreConfig:
2023-04-03 19:16:44.114 UTC [TRACE] steampipe-plugin-csv.plugin: [TRACE] t.List.initialise
2023-04-03 19:16:44.114 UTC [TRACE] steampipe-plugin-csv.plugin: [TRACE] ListConfig.initialise table /home/runner/work/steampipe-samples/steampipe-samples/all/hackernews/new_sc.csv
2023-04-03 19:16:44.115 UTC [TRACE] steampipe-plugin-csv.plugin: [TRACE] ListConfig.initialise complete: RetryConfig: , IgnoreConfig
2023-04-03 19:16:44.115 UTC [TRACE] steampipe-plugin-csv.plugin: [TRACE] back from initialiseHydrateConfigs
2023-04-03 19:16:44.115 UTC [TRACE] steampipe-plugin-csv.plugin: [TRACE] initialise table /home/runner/work/steampipe-samples/steampipe-samples/all/hackernews/new_sc.csv COMPLETE
2023-04-03 19:16:44.115 UTC [TRACE] steampipe-plugin-csv.plugin: [TRACE] validate plugin steampipe-plugin-csv, required columns []
2023-04-03 19:16:44.115 UTC [TRACE] steampipe-plugin-csv.plugin: [TRACE] validate DefaultRetryConfig
2023-04-03 19:16:44.115 UTC [TRACE] steampipe-plugin-csv.plugin: [TRACE] validate DefaultIgnoreConfig
2023-04-03 19:16:44.115 UTC [TRACE] steampipe-plugin-csv.plugin: [TRACE] validate table names
2023-04-03 19:16:44.117 UTC [INFO]  steampipe-plugin-csv.plugin: [INFO]  plugin validation result: 0 warnings 0 errors
2023-04-03 19:16:44.117 UTC [TRACE] steampipe-plugin-csv.plugin: [TRACE] SetAllConnectionConfigs added connection csv to map, setting watch paths
2023-04-03 19:16:44.117 UTC [TRACE] steampipe-plugin-csv.plugin: [TRACE] updateConnectionWatchPaths for connection csv, watch paths: [/home/runner/work/steampipe-samples/steampipe-samples/all/hackernews/*.csv]
2023-04-03 19:16:44.117 UTC [TRACE] steampipe-plugin-csv.plugin: [TRACE] ConnectionData.updateWatchPaths - create watcher options from the watchPaths [/home/runner/work/steampipe-samples/steampipe-samples/all/hackernews/*.csv]
2023-04-03 19:16:44.117 UTC [TRACE] steampipe-plugin-csv.plugin: [TRACE] ConnectionData.updateWatchPaths - created the new file watcher
2023-04-03 19:16:44.118 UTC [TRACE] steampipe-plugin-csv.plugin: [TRACE] Plugin ensureCache creating cache, maxCacheStorageMb 0
2023-04-03 19:16:44.118 UTC [TRACE] steampipe-plugin-csv.plugin: [TRACE] createCacheStore for plugin 'steampipe-plugin-csv' setting max size to 0Mb, Shards: 2, max shard size: 0
2023-04-03 19:16:44.131 UTC [INFO]  steampipe-plugin-csv.plugin: [INFO]  query cache created
2023-04-03 19:16:44.131 UTC [DEBUG] steampipe-plugin-csv.plugin: [DEBUG] SetAllConnectionConfigs finished
2023-04-03 19:16:44.133 UTC [TRACE] PluginMessageServer AddConnection for connections [csv]
2023-04-03 19:16:44.133 UTC [TRACE] openMessageStream for connection 'csv'
2023-04-03 19:16:44.134 UTC [TRACE] calling EstablishMessageStream
2023-04-03 19:16:44.134 UTC [TRACE] PluginManager getPlugin complete, returning reattach config with PID: 2012
2023-04-03 19:16:44.134 UTC [TRACE] runMessageListener connection 'csv'
2023-04-03 19:16:44.135 UTC [TRACE] steampipe-plugin-csv.plugin: [TRACE] plugin.EstablishMessageStream plugin 0xc0002ee000, stream 0xc000476240
2023-04-03 19:16:44.135 UTC [TRACE] steampipe-plugin-csv.plugin: [TRACE] plugin.EstablishMessageStream set on plugin: plugin.messageStream 0xc000476240
2023-04-03 19:16:44.176 UTC [TRACE] PluginManager Get, connections: '[csv]'
2023-04-03 19:16:44.176 UTC [TRACE] PluginManager getPlugin hub.steampipe.io/plugins/turbot/csv@latest connection 'csv'
2023-04-03 19:16:44.176 UTC [TRACE] connection csv found in connectionPluginMap
2023-04-03 19:16:44.176 UTC [TRACE] initialized: 2012
2023-04-03 19:16:44.176 UTC [TRACE] initialized: 2012
2023-04-03 19:16:44.176 UTC [TRACE] connection csv is loaded, check for running PID
2023-04-03 19:16:44.177 UTC [TRACE] PluginManager found 'csv' in map, pid 2012
2023-04-03 19:16:44.247 UTC [TRACE] PluginManager Get, connections: '[hackernews]'
2023-04-03 19:16:44.247 UTC [TRACE] PluginManager getPlugin hub.steampipe.io/plugins/turbot/hackernews@latest connection 'hackernews'
2023-04-03 19:16:44.247 UTC [TRACE] PluginManager 0xc000932370 plugin hub.steampipe.io/plugins/turbot/hackernews@latest (hackernews) NOT started or starting - start now
2023-04-03 19:16:44.247 UTC [TRACE] ************ start plugin hackernews ********************
2023-04-03 19:16:44.247 UTC [TRACE] ************ plugin path /home/runner/.steampipe/plugins/hub.steampipe.io/plugins/turbot/hackernews@latest/steampipe-plugin-hackernews.plugin ********************
2023-04-03 19:16:44.309 UTC [DEBUG] starting plugin: path=/home/runner/.steampipe/plugins/hub.steampipe.io/plugins/turbot/hackernews@latest/steampipe-plugin-hackernews.plugin args=["/home/runner/.steampipe/plugins/hub.steampipe.io/plugins/turbot/hackernews@latest/steampipe-plugin-hackernews.plugin"]
2023-04-03 19:16:44.309 UTC [DEBUG] plugin started: path=/home/runner/.steampipe/plugins/hub.steampipe.io/plugins/turbot/hackernews@latest/steampipe-plugin-hackernews.plugin pid=2035
2023-04-03 19:16:44.309 UTC [DEBUG] waiting for RPC address: path=/home/runner/.steampipe/plugins/hub.steampipe.io/plugins/turbot/hackernews@latest/steampipe-plugin-hackernews.plugin
2023-04-03 19:16:44.318 UTC [INFO]  steampipe-plugin-hackernews.plugin: [INFO]  Initialise plugin 'steampipe-plugin-hackernews', using sdk version 4.1.7
2023-04-03 19:16:44.318 UTC [TRACE] steampipe-plugin-hackernews.plugin: [TRACE] defaulting SchemaMode to SchemaModeStatic
2023-04-03 19:16:44.318 UTC [TRACE] steampipe-plugin-hackernews.plugin: [TRACE] no DefaultRetryConfig defined - creating empty
2023-04-03 19:16:44.318 UTC [TRACE] steampipe-plugin-hackernews.plugin: [TRACE] no DefaultIgnoreConfig defined - creating empty
2023-04-03 19:16:44.318 UTC [TRACE] steampipe-plugin-hackernews.plugin: [TRACE] Setting Ulimit: ulimit=2560
2023-04-03 19:16:44.318 UTC [TRACE] steampipe-plugin-hackernews.plugin: [TRACE] telemetry.Init service 'steampipe-plugin-hackernews', tracingEnabled: false, metricsEnabled: false
2023-04-03 19:16:44.319 UTC [TRACE] steampipe-plugin-hackernews.plugin: [TRACE] metrics and tracing disabled' - returning
2023-04-03 19:16:44.319 UTC [DEBUG] steampipe-plugin-hackernews.plugin: plugin address: address=/tmp/plugin2845182729 network=unix timestamp=2023-04-03T19:16:44.319Z
2023-04-03 19:16:44.319 UTC [DEBUG] using plugin: version=0
2023-04-03 19:16:44.319 UTC [TRACE] NewPluginClient for plugin hub.steampipe.io/plugins/turbot/hackernews@latest
2023-04-03 19:16:44.319 UTC [TRACE] stdio: waiting for stdio data
2023-04-03 19:16:44.321 UTC [TRACE] supportedOperations: query_cache:true  multiple_connections:true
2023-04-03 19:16:44.321 UTC [TRACE] steampipe-plugin-hackernews.plugin: [TRACE] SetAllConnectionConfigs setting 1 configs
2023-04-03 19:16:44.321 UTC [TRACE] steampipe-plugin-hackernews.plugin: [TRACE] connection hackernews build schema and table map
2023-04-03 19:16:44.321 UTC [TRACE] steampipe-plugin-hackernews.plugin: [TRACE] initialise table hackernews_user
2023-04-03 19:16:44.321 UTC [TRACE] steampipe-plugin-hackernews.plugin: [TRACE] no DefaultRetryConfig defined - creating empty
2023-04-03 19:16:44.321 UTC [TRACE] steampipe-plugin-hackernews.plugin: [TRACE] no DefaultIgnoreConfig defined - creating empty
2023-04-03 19:16:44.321 UTC [TRACE] steampipe-plugin-hackernews.plugin: [TRACE] apply plugin defaults for DefaultRetryConfig
2023-04-03 19:16:44.321 UTC [TRACE] steampipe-plugin-hackernews.plugin: [TRACE] apply plugin defaults for DefaultIgnoreConfig, table &{<nil> <nil>} plugin &{<nil> <nil>}
2023-04-03 19:16:44.321 UTC [TRACE] steampipe-plugin-hackernews.plugin: [TRACE] DefaultRetryConfig:
2023-04-03 19:16:44.321 UTC [TRACE] steampipe-plugin-hackernews.plugin: [TRACE] DefaultIgnoreConfig:
2023-04-03 19:16:44.321 UTC [TRACE] steampipe-plugin-hackernews.plugin: [TRACE] t.List.initialise
2023-04-03 19:16:44.321 UTC [TRACE] steampipe-plugin-hackernews.plugin: [TRACE] ListConfig.initialise table hackernews_user
2023-04-03 19:16:44.321 UTC [TRACE] steampipe-plugin-hackernews.plugin: [TRACE] ListConfig.initialise complete: RetryConfig: , IgnoreConfig
2023-04-03 19:16:44.321 UTC [TRACE] steampipe-plugin-hackernews.plugin: [TRACE] back from initialiseHydrateConfigs
2023-04-03 19:16:44.321 UTC [TRACE] steampipe-plugin-hackernews.plugin: [TRACE] initialise table hackernews_user COMPLETE
2023-04-03 19:16:44.321 UTC [TRACE] steampipe-plugin-hackernews.plugin: [TRACE] initialise table hackernews_ask_hn
2023-04-03 19:16:44.321 UTC [TRACE] steampipe-plugin-hackernews.plugin: [TRACE] no DefaultRetryConfig defined - creating empty
2023-04-03 19:16:44.321 UTC [TRACE] steampipe-plugin-hackernews.plugin: [TRACE] no DefaultIgnoreConfig defined - creating empty
2023-04-03 19:16:44.321 UTC [TRACE] steampipe-plugin-hackernews.plugin: [TRACE] apply plugin defaults for DefaultRetryConfig
2023-04-03 19:16:44.321 UTC [TRACE] steampipe-plugin-hackernews.plugin: [TRACE] apply plugin defaults for DefaultIgnoreConfig, table &{<nil> <nil>} plugin &{<nil> <nil>}
2023-04-03 19:16:44.321 UTC [TRACE] steampipe-plugin-hackernews.plugin: [TRACE] DefaultRetryConfig:
2023-04-03 19:16:44.321 UTC [TRACE] steampipe-plugin-hackernews.plugin: [TRACE] DefaultIgnoreConfig:
2023-04-03 19:16:44.321 UTC [TRACE] steampipe-plugin-hackernews.plugin: [TRACE] t.Get.initialise
2023-04-03 19:16:44.321 UTC [TRACE] steampipe-plugin-hackernews.plugin: [TRACE] GetConfig.initialise table hackernews_ask_hn
2023-04-03 19:16:44.321 UTC [TRACE] steampipe-plugin-hackernews.plugin: [TRACE] GetConfig.initialise complete: RetryConfig: , IgnoreConfig:
2023-04-03 19:16:44.321 UTC [TRACE] steampipe-plugin-hackernews.plugin: [TRACE] t.List.initialise
2023-04-03 19:16:44.321 UTC [TRACE] steampipe-plugin-hackernews.plugin: [TRACE] ListConfig.initialise table hackernews_ask_hn
2023-04-03 19:16:44.321 UTC [TRACE] steampipe-plugin-hackernews.plugin: [TRACE] ListConfig.initialise complete: RetryConfig: , IgnoreConfig
2023-04-03 19:16:44.321 UTC [TRACE] steampipe-plugin-hackernews.plugin: [TRACE] HydrateConfig.initialise func getItem, table hackernews_ask_hn
2023-04-03 19:16:44.321 UTC [TRACE] steampipe-plugin-hackernews.plugin: [TRACE] HydrateConfig.initialise complete: RetryConfig: , IgnoreConfig:
2023-04-03 19:16:44.321 UTC [TRACE] steampipe-plugin-hackernews.plugin: [TRACE] back from initialiseHydrateConfigs
2023-04-03 19:16:44.321 UTC [TRACE] steampipe-plugin-hackernews.plugin: [TRACE] initialise table hackernews_ask_hn COMPLETE
2023-04-03 19:16:44.321 UTC [TRACE] steampipe-plugin-hackernews.plugin: [TRACE] initialise table hackernews_best
2023-04-03 19:16:44.321 UTC [TRACE] steampipe-plugin-hackernews.plugin: [TRACE] no DefaultRetryConfig defined - creating empty
2023-04-03 19:16:44.321 UTC [TRACE] steampipe-plugin-hackernews.plugin: [TRACE] no DefaultIgnoreConfig defined - creating empty
2023-04-03 19:16:44.321 UTC [TRACE] steampipe-plugin-hackernews.plugin: [TRACE] apply plugin defaults for DefaultRetryConfig
2023-04-03 19:16:44.321 UTC [TRACE] steampipe-plugin-hackernews.plugin: [TRACE] apply plugin defaults for DefaultIgnoreConfig, table &{<nil> <nil>} plugin &{<nil> <nil>}
2023-04-03 19:16:44.321 UTC [TRACE] steampipe-plugin-hackernews.plugin: [TRACE] DefaultRetryConfig:
2023-04-03 19:16:44.321 UTC [TRACE] steampipe-plugin-hackernews.plugin: [TRACE] DefaultIgnoreConfig:
2023-04-03 19:16:44.321 UTC [TRACE] steampipe-plugin-hackernews.plugin: [TRACE] t.Get.initialise
2023-04-03 19:16:44.321 UTC [TRACE] steampipe-plugin-hackernews.plugin: [TRACE] GetConfig.initialise table hackernews_best
2023-04-03 19:16:44.321 UTC [TRACE] steampipe-plugin-hackernews.plugin: [TRACE] GetConfig.initialise complete: RetryConfig: , IgnoreConfig:
2023-04-03 19:16:44.321 UTC [TRACE] steampipe-plugin-hackernews.plugin: [TRACE] t.List.initialise
2023-04-03 19:16:44.321 UTC [TRACE] steampipe-plugin-hackernews.plugin: [TRACE] ListConfig.initialise table hackernews_best
2023-04-03 19:16:44.321 UTC [TRACE] steampipe-plugin-hackernews.plugin: [TRACE] ListConfig.initialise complete: RetryConfig: , IgnoreConfig
2023-04-03 19:16:44.321 UTC [TRACE] steampipe-plugin-hackernews.plugin: [TRACE] HydrateConfig.initialise func getItem, table hackernews_best
2023-04-03 19:16:44.321 UTC [TRACE] steampipe-plugin-hackernews.plugin: [TRACE] HydrateConfig.initialise complete: RetryConfig: , IgnoreConfig:
2023-04-03 19:16:44.321 UTC [TRACE] steampipe-plugin-hackernews.plugin: [TRACE] back from initialiseHydrateConfigs
2023-04-03 19:16:44.321 UTC [TRACE] steampipe-plugin-hackernews.plugin: [TRACE] initialise table hackernews_best COMPLETE
2023-04-03 19:16:44.321 UTC [TRACE] steampipe-plugin-hackernews.plugin: [TRACE] initialise table hackernews_item
2023-04-03 19:16:44.321 UTC [TRACE] steampipe-plugin-hackernews.plugin: [TRACE] no DefaultRetryConfig defined - creating empty
2023-04-03 19:16:44.321 UTC [TRACE] steampipe-plugin-hackernews.plugin: [TRACE] no DefaultIgnoreConfig defined - creating empty
2023-04-03 19:16:44.321 UTC [TRACE] steampipe-plugin-hackernews.plugin: [TRACE] apply plugin defaults for DefaultRetryConfig
2023-04-03 19:16:44.321 UTC [TRACE] steampipe-plugin-hackernews.plugin: [TRACE] apply plugin defaults for DefaultIgnoreConfig, table &{<nil> <nil>} plugin &{<nil> <nil>}
2023-04-03 19:16:44.321 UTC [TRACE] steampipe-plugin-hackernews.plugin: [TRACE] DefaultRetryConfig:
2023-04-03 19:16:44.321 UTC [TRACE] steampipe-plugin-hackernews.plugin: [TRACE] DefaultIgnoreConfig:
2023-04-03 19:16:44.321 UTC [TRACE] steampipe-plugin-hackernews.plugin: [TRACE] t.Get.initialise
2023-04-03 19:16:44.321 UTC [TRACE] steampipe-plugin-hackernews.plugin: [TRACE] GetConfig.initialise table hackernews_item
2023-04-03 19:16:44.321 UTC [TRACE] steampipe-plugin-hackernews.plugin: [TRACE] GetConfig.initialise complete: RetryConfig: , IgnoreConfig:
2023-04-03 19:16:44.321 UTC [TRACE] steampipe-plugin-hackernews.plugin: [TRACE] t.List.initialise
2023-04-03 19:16:44.321 UTC [TRACE] steampipe-plugin-hackernews.plugin: [TRACE] ListConfig.initialise table hackernews_item
2023-04-03 19:16:44.321 UTC [TRACE] steampipe-plugin-hackernews.plugin: [TRACE] ListConfig.initialise complete: RetryConfig: , IgnoreConfig
2023-04-03 19:16:44.321 UTC [TRACE] steampipe-plugin-hackernews.plugin: [TRACE] HydrateConfig.initialise func getItem, table hackernews_item
2023-04-03 19:16:44.321 UTC [TRACE] steampipe-plugin-hackernews.plugin: [TRACE] HydrateConfig.initialise complete: RetryConfig: , IgnoreConfig:
2023-04-03 19:16:44.321 UTC [TRACE] steampipe-plugin-hackernews.plugin: [TRACE] back from initialiseHydrateConfigs
2023-04-03 19:16:44.321 UTC [TRACE] steampipe-plugin-hackernews.plugin: [TRACE] initialise table hackernews_item COMPLETE
2023-04-03 19:16:44.321 UTC [TRACE] steampipe-plugin-hackernews.plugin: [TRACE] initialise table hackernews_job
2023-04-03 19:16:44.321 UTC [TRACE] steampipe-plugin-hackernews.plugin: [TRACE] no DefaultRetryConfig defined - creating empty
2023-04-03 19:16:44.321 UTC [TRACE] steampipe-plugin-hackernews.plugin: [TRACE] no DefaultIgnoreConfig defined - creating empty
2023-04-03 19:16:44.321 UTC [TRACE] steampipe-plugin-hackernews.plugin: [TRACE] apply plugin defaults for DefaultRetryConfig
2023-04-03 19:16:44.321 UTC [TRACE] steampipe-plugin-hackernews.plugin: [TRACE] apply plugin defaults for DefaultIgnoreConfig, table &{<nil> <nil>} plugin &{<nil> <nil>}
2023-04-03 19:16:44.321 UTC [TRACE] steampipe-plugin-hackernews.plugin: [TRACE] DefaultRetryConfig:
2023-04-03 19:16:44.321 UTC [TRACE] steampipe-plugin-hackernews.plugin: [TRACE] DefaultIgnoreConfig:
2023-04-03 19:16:44.321 UTC [TRACE] steampipe-plugin-hackernews.plugin: [TRACE] t.Get.initialise
2023-04-03 19:16:44.321 UTC [TRACE] steampipe-plugin-hackernews.plugin: [TRACE] GetConfig.initialise table hackernews_job
2023-04-03 19:16:44.321 UTC [TRACE] steampipe-plugin-hackernews.plugin: [TRACE] GetConfig.initialise complete: RetryConfig: , IgnoreConfig:
2023-04-03 19:16:44.321 UTC [TRACE] steampipe-plugin-hackernews.plugin: [TRACE] t.List.initialise
2023-04-03 19:16:44.321 UTC [TRACE] steampipe-plugin-hackernews.plugin: [TRACE] ListConfig.initialise table hackernews_job
2023-04-03 19:16:44.321 UTC [TRACE] steampipe-plugin-hackernews.plugin: [TRACE] ListConfig.initialise complete: RetryConfig: , IgnoreConfig
2023-04-03 19:16:44.321 UTC [TRACE] steampipe-plugin-hackernews.plugin: [TRACE] HydrateConfig.initialise func getItem, table hackernews_job
2023-04-03 19:16:44.321 UTC [TRACE] steampipe-plugin-hackernews.plugin: [TRACE] HydrateConfig.initialise complete: RetryConfig: , IgnoreConfig:
2023-04-03 19:16:44.321 UTC [TRACE] steampipe-plugin-hackernews.plugin: [TRACE] back from initialiseHydrateConfigs
2023-04-03 19:16:44.321 UTC [TRACE] steampipe-plugin-hackernews.plugin: [TRACE] initialise table hackernews_job COMPLETE
2023-04-03 19:16:44.321 UTC [TRACE] steampipe-plugin-hackernews.plugin: [TRACE] initialise table hackernews_new
2023-04-03 19:16:44.321 UTC [TRACE] steampipe-plugin-hackernews.plugin: [TRACE] no DefaultRetryConfig defined - creating empty
2023-04-03 19:16:44.321 UTC [TRACE] steampipe-plugin-hackernews.plugin: [TRACE] no DefaultIgnoreConfig defined - creating empty
2023-04-03 19:16:44.321 UTC [TRACE] steampipe-plugin-hackernews.plugin: [TRACE] apply plugin defaults for DefaultRetryConfig
2023-04-03 19:16:44.321 UTC [TRACE] steampipe-plugin-hackernews.plugin: [TRACE] apply plugin defaults for DefaultIgnoreConfig, table &{<nil> <nil>} plugin &{<nil> <nil>}
2023-04-03 19:16:44.321 UTC [TRACE] steampipe-plugin-hackernews.plugin: [TRACE] DefaultRetryConfig:
2023-04-03 19:16:44.321 UTC [TRACE] steampipe-plugin-hackernews.plugin: [TRACE] DefaultIgnoreConfig:
2023-04-03 19:16:44.321 UTC [TRACE] steampipe-plugin-hackernews.plugin: [TRACE] t.Get.initialise
2023-04-03 19:16:44.321 UTC [TRACE] steampipe-plugin-hackernews.plugin: [TRACE] GetConfig.initialise table hackernews_new
2023-04-03 19:16:44.321 UTC [TRACE] steampipe-plugin-hackernews.plugin: [TRACE] GetConfig.initialise complete: RetryConfig: , IgnoreConfig:
2023-04-03 19:16:44.321 UTC [TRACE] steampipe-plugin-hackernews.plugin: [TRACE] t.List.initialise
2023-04-03 19:16:44.321 UTC [TRACE] steampipe-plugin-hackernews.plugin: [TRACE] ListConfig.initialise table hackernews_new
2023-04-03 19:16:44.321 UTC [TRACE] steampipe-plugin-hackernews.plugin: [TRACE] ListConfig.initialise complete: RetryConfig: , IgnoreConfig
2023-04-03 19:16:44.321 UTC [TRACE] steampipe-plugin-hackernews.plugin: [TRACE] HydrateConfig.initialise func getItem, table hackernews_new
2023-04-03 19:16:44.321 UTC [TRACE] steampipe-plugin-hackernews.plugin: [TRACE] HydrateConfig.initialise complete: RetryConfig: , IgnoreConfig:
2023-04-03 19:16:44.321 UTC [TRACE] steampipe-plugin-hackernews.plugin: [TRACE] back from initialiseHydrateConfigs
2023-04-03 19:16:44.321 UTC [TRACE] steampipe-plugin-hackernews.plugin: [TRACE] initialise table hackernews_new COMPLETE
2023-04-03 19:16:44.321 UTC [TRACE] steampipe-plugin-hackernews.plugin: [TRACE] initialise table hackernews_show_hn
2023-04-03 19:16:44.321 UTC [TRACE] steampipe-plugin-hackernews.plugin: [TRACE] no DefaultRetryConfig defined - creating empty
2023-04-03 19:16:44.321 UTC [TRACE] steampipe-plugin-hackernews.plugin: [TRACE] no DefaultIgnoreConfig defined - creating empty
2023-04-03 19:16:44.321 UTC [TRACE] steampipe-plugin-hackernews.plugin: [TRACE] apply plugin defaults for DefaultRetryConfig
2023-04-03 19:16:44.321 UTC [TRACE] steampipe-plugin-hackernews.plugin: [TRACE] apply plugin defaults for DefaultIgnoreConfig, table &{<nil> <nil>} plugin &{<nil> <nil>}
2023-04-03 19:16:44.321 UTC [TRACE] steampipe-plugin-hackernews.plugin: [TRACE] DefaultRetryConfig:
2023-04-03 19:16:44.321 UTC [TRACE] steampipe-plugin-hackernews.plugin: [TRACE] DefaultIgnoreConfig:
2023-04-03 19:16:44.321 UTC [TRACE] steampipe-plugin-hackernews.plugin: [TRACE] t.Get.initialise
2023-04-03 19:16:44.321 UTC [TRACE] steampipe-plugin-hackernews.plugin: [TRACE] GetConfig.initialise table hackernews_show_hn
2023-04-03 19:16:44.321 UTC [TRACE] steampipe-plugin-hackernews.plugin: [TRACE] GetConfig.initialise complete: RetryConfig: , IgnoreConfig:
2023-04-03 19:16:44.321 UTC [TRACE] steampipe-plugin-hackernews.plugin: [TRACE] t.List.initialise
2023-04-03 19:16:44.321 UTC [TRACE] steampipe-plugin-hackernews.plugin: [TRACE] ListConfig.initialise table hackernews_show_hn
2023-04-03 19:16:44.321 UTC [TRACE] steampipe-plugin-hackernews.plugin: [TRACE] ListConfig.initialise complete: RetryConfig: , IgnoreConfig
2023-04-03 19:16:44.321 UTC [TRACE] steampipe-plugin-hackernews.plugin: [TRACE] HydrateConfig.initialise func getItem, table hackernews_show_hn
2023-04-03 19:16:44.321 UTC [TRACE] steampipe-plugin-hackernews.plugin: [TRACE] HydrateConfig.initialise complete: RetryConfig: , IgnoreConfig:
2023-04-03 19:16:44.321 UTC [TRACE] steampipe-plugin-hackernews.plugin: [TRACE] back from initialiseHydrateConfigs
2023-04-03 19:16:44.321 UTC [TRACE] steampipe-plugin-hackernews.plugin: [TRACE] initialise table hackernews_show_hn COMPLETE
2023-04-03 19:16:44.321 UTC [TRACE] steampipe-plugin-hackernews.plugin: [TRACE] initialise table hackernews_top
2023-04-03 19:16:44.321 UTC [TRACE] steampipe-plugin-hackernews.plugin: [TRACE] no DefaultRetryConfig defined - creating empty
2023-04-03 19:16:44.321 UTC [TRACE] steampipe-plugin-hackernews.plugin: [TRACE] no DefaultIgnoreConfig defined - creating empty
2023-04-03 19:16:44.321 UTC [TRACE] steampipe-plugin-hackernews.plugin: [TRACE] apply plugin defaults for DefaultRetryConfig
2023-04-03 19:16:44.321 UTC [TRACE] steampipe-plugin-hackernews.plugin: [TRACE] apply plugin defaults for DefaultIgnoreConfig, table &{<nil> <nil>} plugin &{<nil> <nil>}
2023-04-03 19:16:44.321 UTC [TRACE] steampipe-plugin-hackernews.plugin: [TRACE] DefaultRetryConfig:
2023-04-03 19:16:44.321 UTC [TRACE] steampipe-plugin-hackernews.plugin: [TRACE] DefaultIgnoreConfig:
2023-04-03 19:16:44.321 UTC [TRACE] steampipe-plugin-hackernews.plugin: [TRACE] t.Get.initialise
2023-04-03 19:16:44.321 UTC [TRACE] steampipe-plugin-hackernews.plugin: [TRACE] GetConfig.initialise table hackernews_top
2023-04-03 19:16:44.321 UTC [TRACE] steampipe-plugin-hackernews.plugin: [TRACE] GetConfig.initialise complete: RetryConfig: , IgnoreConfig:
2023-04-03 19:16:44.321 UTC [TRACE] steampipe-plugin-hackernews.plugin: [TRACE] t.List.initialise
2023-04-03 19:16:44.321 UTC [TRACE] steampipe-plugin-hackernews.plugin: [TRACE] ListConfig.initialise table hackernews_top
2023-04-03 19:16:44.321 UTC [TRACE] steampipe-plugin-hackernews.plugin: [TRACE] ListConfig.initialise complete: RetryConfig: , IgnoreConfig
2023-04-03 19:16:44.321 UTC [TRACE] steampipe-plugin-hackernews.plugin: [TRACE] HydrateConfig.initialise func getItem, table hackernews_top
2023-04-03 19:16:44.321 UTC [TRACE] steampipe-plugin-hackernews.plugin: [TRACE] HydrateConfig.initialise complete: RetryConfig: , IgnoreConfig:
2023-04-03 19:16:44.321 UTC [TRACE] steampipe-plugin-hackernews.plugin: [TRACE] back from initialiseHydrateConfigs
2023-04-03 19:16:44.321 UTC [TRACE] steampipe-plugin-hackernews.plugin: [TRACE] initialise table hackernews_top COMPLETE
2023-04-03 19:16:44.321 UTC [TRACE] steampipe-plugin-hackernews.plugin: [TRACE] validate plugin steampipe-plugin-hackernews, required columns []
2023-04-03 19:16:44.321 UTC [TRACE] steampipe-plugin-hackernews.plugin: [TRACE] validate DefaultRetryConfig
2023-04-03 19:16:44.321 UTC [TRACE] steampipe-plugin-hackernews.plugin: [TRACE] validate DefaultIgnoreConfig
2023-04-03 19:16:44.321 UTC [TRACE] steampipe-plugin-hackernews.plugin: [TRACE] validate table names
2023-04-03 19:16:44.321 UTC [TRACE] steampipe-plugin-hackernews.plugin: [TRACE] plugin has 0 validation errors
2023-04-03 19:16:44.321 UTC [TRACE] steampipe-plugin-hackernews.plugin: [TRACE] Plugin ensureCache creating cache, maxCacheStorageMb 0
2023-04-03 19:16:44.321 UTC [TRACE] steampipe-plugin-hackernews.plugin: [TRACE] createCacheStore for plugin 'steampipe-plugin-hackernews' setting max size to 0Mb, Shards: 2, max shard size: 0
2023-04-03 19:16:44.336 UTC [INFO]  steampipe-plugin-hackernews.plugin: [INFO]  query cache created
2023-04-03 19:16:44.336 UTC [DEBUG] steampipe-plugin-hackernews.plugin: [DEBUG] SetAllConnectionConfigs finished
2023-04-03 19:16:44.337 UTC [TRACE] PluginManager getPlugin complete, returning reattach config with PID: 2035
2023-04-03 19:16:44.341 UTC [INFO]  steampipe-plugin-hackernews.plugin: [INFO]  1680549404120: Plugin Execute (1680549404120)
2023-04-03 19:16:44.341 UTC [TRACE] steampipe-plugin-hackernews.plugin: [TRACE] 1680549404120: No memory limit set
2023-04-03 19:16:44.341 UTC [INFO]  steampipe-plugin-hackernews.plugin: [INFO]  1680549404120: Plugin Execute, setting memory limit to -1Mb
2023-04-03 19:16:44.341 UTC [TRACE] steampipe-plugin-hackernews.plugin: [TRACE] 1680549404120: calling ExtractContextFromCarrier
2023-04-03 19:16:44.341 UTC [INFO]  steampipe-plugin-hackernews.plugin: [INFO]  1680549404120: Setting max concurrent connections to 25
2023-04-03 19:16:44.341 UTC [TRACE] steampipe-plugin-hackernews.plugin: [TRACE] 1680549404120: executeForConnection callId: 1680549404120, connectionCallId: hackernews-1680549404120, connection: hackernews table: hackernews_new cols: id,title,time,by,score,dead,deleted,descendants,kids,parent,parts,poll,text,type,url,_ctx
2023-04-03 19:16:44.341 UTC [TRACE] steampipe-plugin-hackernews.plugin: [TRACE] 1680549404120: got connection data
2023-04-03 19:16:44.341 UTC [TRACE] steampipe-plugin-hackernews.plugin: [TRACE] 1680549404120: Got query context, table: hackernews_new, cols: [id title time by score dead deleted descendants kids parent parts poll text type url _ctx]
2023-04-03 19:16:44.341 UTC [TRACE] steampipe-plugin-hackernews.plugin: [TRACE] 1680549404120: Start execute span
2023-04-03 19:16:44.341 UTC [INFO]  steampipe-plugin-hackernews.plugin: [INFO]  1680549404120: Setting free memory interval to 100 rows
2023-04-03 19:16:44.341 UTC [TRACE] steampipe-plugin-hackernews.plugin: [TRACE] 1680549404120: setFetchType map[time:quals:{fieldName:"time"  string_value:">"  value:{timestamp_value:{seconds:1680545804  nanos:218421000}}}]
2023-04-03 19:16:44.342 UTC [TRACE] steampipe-plugin-hackernews.plugin: [TRACE] 1680549404120: getMatchingQuals column:'id' operator: =
2023-04-03 19:16:44.342 UTC [TRACE] steampipe-plugin-hackernews.plugin: [TRACE] 1680549404120: getMatchingQuals returning false - qualMap does not contain any quals for column id
2023-04-03 19:16:44.342 UTC [TRACE] steampipe-plugin-hackernews.plugin: [TRACE] 1680549404120: GetUnsatisfiedKeyColumns for columns column:'id' operator: =
2023-04-03 19:16:44.343 UTC [TRACE] steampipe-plugin-hackernews.plugin: [TRACE] 1680549404120: key column NOT satisfied column:'id' operator: =
2023-04-03 19:16:44.343 UTC [TRACE] steampipe-plugin-hackernews.plugin: [TRACE] 1680549404120: satisfied: map[any_of: optional: required:]
2023-04-03 19:16:44.344 UTC [TRACE] steampipe-plugin-hackernews.plugin: [TRACE] 1680549404120: unsatisfied: map[any_of: optional: required:column:'id' operator: =]
2023-04-03 19:16:44.345 UTC [TRACE] steampipe-plugin-hackernews.plugin: [TRACE] 1680549404120: unsatisfied required KeyColumns: column:'id' operator: =
2023-04-03 19:16:44.345 UTC [TRACE] steampipe-plugin-hackernews.plugin: [TRACE] 1680549404120: Set fetchType to fetchTypeList
2023-04-03 19:16:44.345 UTC [TRACE] steampipe-plugin-hackernews.plugin: [TRACE] 1680549404120: Equals key column quals:
2023-04-03 19:16:44.345 UTC [DEBUG] steampipe-plugin-hackernews.plugin: {}
2023-04-03 19:16:44.345 UTC [TRACE] steampipe-plugin-hackernews.plugin: [TRACE] 1680549404120: All key column quals:
2023-04-03 19:16:44.345 UTC [DEBUG] steampipe-plugin-hackernews.plugin: {}
2023-04-03 19:16:44.345 UTC [TRACE] steampipe-plugin-hackernews.plugin: [TRACE] 1680549404120: GetMatrixItem
2023-04-03 19:16:44.345 UTC [TRACE] steampipe-plugin-hackernews.plugin: [TRACE] 1680549404120: creating query data
2023-04-03 19:16:44.345 UTC [INFO]  steampipe-plugin-hackernews.plugin: [INFO]  1680549404120: cacheEnabled, trying cache get (hackernews-1680549404120)
2023-04-03 19:16:44.345 UTC [TRACE] steampipe-plugin-hackernews.plugin: [TRACE] 1680549404120: QueryCache Get - indexBucketKey index__hackernewshackernews_new, quals
2023-04-03 19:16:44.345 UTC [TRACE] steampipe-plugin-hackernews.plugin: [TRACE] 1680549404120: QueryCache getCachedQueryResult - table hackernews_new, connectionName hackernews
2023-04-03 19:16:44.345 UTC [TRACE] steampipe-plugin-hackernews.plugin: [TRACE] 1680549404120: index bucket key: index__hackernewshackernews_new ttlSeconds 300 limit: -1
2023-04-03 19:16:44.345 UTC [TRACE] steampipe-plugin-hackernews.plugin: [TRACE] 1680549404120: doGet cache miss
2023-04-03 19:16:44.345 UTC [TRACE] steampipe-plugin-hackernews.plugin: [TRACE] 1680549404120: getCachedIndexBucket - no item retrieved for cache key index__hackernewshackernews_new
2023-04-03 19:16:44.345 UTC [TRACE] steampipe-plugin-hackernews.plugin: [TRACE] 1680549404120: getCachedQueryResult returned CACHE MISS - checking for pending transfers
2023-04-03 19:16:44.345 UTC [TRACE] steampipe-plugin-hackernews.plugin: [TRACE] 1680549404120: getPendingResultItem indexBucketKey index__hackernewshackernews_new, columns [id title time by score dead deleted descendants kids parent parts poll text type url _ctx], limit -1
2023-04-03 19:16:44.345 UTC [TRACE] steampipe-plugin-hackernews.plugin: [TRACE] 1680549404120: no pending index item - add pending result, indexBucketKey index__hackernewshackernews_new
2023-04-03 19:16:44.345 UTC [TRACE] steampipe-plugin-hackernews.plugin: [TRACE] 1680549404120: addPendingResult (hackernews-1680549404120) indexBucketKey index__hackernewshackernews_new, columns [id title time by score dead deleted descendants kids parent parts poll text type url _ctx], limit -1
2023-04-03 19:16:44.345 UTC [TRACE] steampipe-plugin-hackernews.plugin: [TRACE] 1680549404120: no index bucket found - creating one
2023-04-03 19:16:44.345 UTC [TRACE] steampipe-plugin-hackernews.plugin: [TRACE] 1680549404120: pendingIndexItem Lock count before 0
2023-04-03 19:16:44.345 UTC [TRACE] steampipe-plugin-hackernews.plugin: [TRACE] 1680549404120: addPendingResult added pending index item to bucket, (hackernews-1680549404120) indexBucketKey index__hackernewshackernews_new, resultKeyRoot hackernewshackernews_newid,title,time,by,score,dead,deleted,descendants,kids,parent,parts,poll,text,type,url,_ctx-1, pending item : 0xc0003bf560
2023-04-03 19:16:44.345 UTC [TRACE] steampipe-plugin-hackernews.plugin: [TRACE] 1680549404120: **** pending items (hackernews-1680549404120)****
2023-04-03 19:16:44.345 UTC [TRACE] steampipe-plugin-hackernews.plugin: [TRACE] 1680549404120: key: index__hackernewshackernews_new: item: 0xc0003bf560, count: 1, key:hackernewshackernews_newid,title,time,by,score,dead,deleted,descendants,kids,parent,parts,poll,text,type,url,_ctx-1
2023-04-03 19:16:44.345 UTC [TRACE] steampipe-plugin-hackernews.plugin: [TRACE] 1680549404120: ********
2023-04-03 19:16:44.345 UTC [TRACE] steampipe-plugin-hackernews.plugin: [TRACE] 1680549404120: getPendingResultItem returning <nil>
2023-04-03 19:16:44.345 UTC [INFO]  steampipe-plugin-hackernews.plugin: [INFO]  1680549404120: CACHE MISS
2023-04-03 19:16:44.345 UTC [TRACE] steampipe-plugin-hackernews.plugin: [TRACE] 1680549404120: cache MISS
2023-04-03 19:16:44.345 UTC [INFO]  steampipe-plugin-hackernews.plugin: [INFO]  1680549404120: queryCacheGet returned CACHE MISS (hackernews-1680549404120)
2023-04-03 19:16:44.345 UTC [TRACE] steampipe-plugin-hackernews.plugin: [TRACE] 1680549404120: StartSet (hackernews-1680549404120)
2023-04-03 19:16:44.345 UTC [TRACE] steampipe-plugin-hackernews.plugin: [TRACE] 1680549404120: calling fetchItems, table: hackernews_new, matrixItem: [], limit: -1,  connectionCallId: hackernews-1680549404120"
2023-04-03 19:16:44.346 UTC [TRACE] steampipe-plugin-hackernews.plugin: [TRACE] 1680549404120: executeListCall START (hackernews-1680549404120)
2023-04-03 19:16:44.346 UTC [TRACE] steampipe-plugin-hackernews.plugin: [TRACE] 1680549404120: GetUnsatisfiedKeyColumns for columns
2023-04-03 19:16:44.346 UTC [TRACE] steampipe-plugin-hackernews.plugin: [TRACE] 1680549404120: doList (hackernews-1680549404120)
2023-04-03 19:16:44.346 UTC [TRACE] steampipe-plugin-hackernews.plugin: [TRACE] 1680549404120: doList: no matrix item
2023-04-03 19:16:44.346 UTC [TRACE] steampipe-plugin-hackernews.plugin: [TRACE] 1680549404120: buildRowsAsync connectionCallId: hackernews-1680549404120
2023-04-03 19:16:44.346 UTC [TRACE] steampipe-plugin-hackernews.plugin: [TRACE] 1680549404120: streamRows connectionCallId: hackernews-1680549404120
2023-04-03 19:16:44.346 UTC [TRACE] steampipe-plugin-hackernews.plugin: [TRACE] 1680549404120: QueryData streamRows (hackernews-1680549404120)
2023-04-03 19:16:44.482 UTC [TRACE] steampipe-plugin-hackernews.plugin: [TRACE] 1680549404120: QueryData.fetchComplete
2023-04-03 19:16:44.482 UTC [TRACE] steampipe-plugin-hackernews.plugin: [TRACE] 1680549404120: executeListCall COMPLETE (hackernews-1680549404120)
2023-04-03 19:16:44.482 UTC [TRACE] steampipe-plugin-hackernews.plugin: [TRACE] 1680549404120: rowData chan returned nil - wait for rows to complete (hackernews-1680549404120)
2023-04-03 19:16:44.563 UTC [TRACE] stdio: received data: channel=STDOUT len=25
2023-04-03 19:16:44.563 UTC [TRACE] stdio: waiting for stdio data
2023-04-03 19:16:44.674 UTC [TRACE] stdio: received data: channel=STDOUT len=643
2023-04-03 19:16:44.674 UTC [TRACE] stdio: waiting for stdio data
2023-04-03 19:16:44.676 UTC [TRACE] stdio: received data: channel=STDOUT len=1024
2023-04-03 19:16:44.676 UTC [TRACE] stdio: waiting for stdio data
2023-04-03 19:16:44.718 UTC [TRACE] stdio: received data: channel=STDOUT len=826
2023-04-03 19:16:44.718 UTC [TRACE] stdio: waiting for stdio data
2023-04-03 19:16:44.780 UTC [TRACE] stdio: received data: channel=STDOUT len=429
2023-04-03 19:16:44.780 UTC [TRACE] stdio: waiting for stdio data
2023-04-03 19:16:44.845 UTC [TRACE] stdio: received data: channel=STDOUT len=323
2023-04-03 19:16:44.845 UTC [TRACE] stdio: waiting for stdio data
2023-04-03 19:16:44.870 UTC [TRACE] stdio: received data: channel=STDOUT len=1024
2023-04-03 19:16:44.870 UTC [TRACE] stdio: waiting for stdio data
2023-04-03 19:16:44.890 UTC [TRACE] steampipe-plugin-hackernews.plugin: [TRACE] 1680549404120: buildRowsAsync goroutine returning (hackernews-1680549404120)
2023-04-03 19:16:44.890 UTC [TRACE] steampipe-plugin-hackernews.plugin: [TRACE] 1680549404120: streamRows - nil row, stop streaming (hackernews-1680549404120)
2023-04-03 19:16:44.890 UTC [TRACE] steampipe-plugin-hackernews.plugin: [TRACE] 1680549404120: ------------------------------------
2023-04-03 19:16:44.890 UTC [TRACE] steampipe-plugin-hackernews.plugin: [TRACE] 1680549404120: Concurrency Summary
2023-04-03 19:16:44.890 UTC [TRACE] steampipe-plugin-hackernews.plugin: [TRACE] 1680549404120: ------------------------------------
2023-04-03 19:16:44.890 UTC [TRACE] steampipe-plugin-hackernews.plugin: [TRACE] 1680549404120: getItem                       : 200
2023-04-03 19:16:44.890 UTC [TRACE] steampipe-plugin-hackernews.plugin: [TRACE] 1680549404120: ------------------------------------
2023-04-03 19:16:44.890 UTC [TRACE] steampipe-plugin-hackernews.plugin: [TRACE] 1680549404120: Total                         : 200
2023-04-03 19:16:44.890 UTC [TRACE] steampipe-plugin-hackernews.plugin: [TRACE] 1680549404120: ------------------------------------
2023-04-03 19:16:44.890 UTC [TRACE] steampipe-plugin-hackernews.plugin: [TRACE] 1680549404120: QueryData streamRows DONE (hackernews-1680549404120)
2023-04-03 19:16:44.890 UTC [TRACE] steampipe-plugin-hackernews.plugin: [TRACE] 1680549404120: EndSet (hackernews-1680549404120) table hackernews_new
2023-04-03 19:16:44.890 UTC [TRACE] steampipe-plugin-hackernews.plugin: [TRACE] 1680549404120: QueryCache writePageToCache: 500 rows, pageCount 1, page key hackernewshackernews_newid,title,time,by,score,dead,deleted,descendants,kids,parent,parts,poll,text,type,url,_ctx-1-0
2023-04-03 19:16:44.898 UTC [TRACE] steampipe-plugin-hackernews.plugin: [TRACE] 1680549404120: writePageToCache Set - result written
2023-04-03 19:16:44.898 UTC [TRACE] steampipe-plugin-hackernews.plugin: [TRACE] 1680549404120: QueryCache EndSet - result written
2023-04-03 19:16:44.899 UTC [TRACE] steampipe-plugin-hackernews.plugin: [TRACE] 1680549404120: doGet cache miss
2023-04-03 19:16:44.899 UTC [TRACE] steampipe-plugin-hackernews.plugin: [TRACE] 1680549404120: getCachedIndexBucket - no item retrieved for cache key index__hackernewshackernews_new
2023-04-03 19:16:44.899 UTC [TRACE] steampipe-plugin-hackernews.plugin: [TRACE] 1680549404120: getCachedIndexBucket returned cache miss
2023-04-03 19:16:44.899 UTC [TRACE] steampipe-plugin-hackernews.plugin: [TRACE] 1680549404120: QueryCache EndSet - Added index item (0xc0002e3ce0) to bucket (0xc0002de2e8), page count 1,  key root hackernewshackernews_newid,title,time,by,score,dead,deleted,descendants,kids,parent,parts,poll,text,type,url,_ctx-1
2023-04-03 19:16:44.899 UTC [TRACE] steampipe-plugin-hackernews.plugin: [TRACE] 1680549404120: cacheSetIndexBucket index__hackernewshackernews_new
2023-04-03 19:16:44.899 UTC [TRACE] steampipe-plugin-hackernews.plugin: [TRACE] 1680549404120: QueryCache EndSet - IndexBucket written
2023-04-03 19:16:44.899 UTC [TRACE] steampipe-plugin-hackernews.plugin: [TRACE] 1680549404120: EndSet DEFER (hackernews-1680549404120) table hackernews_new
2023-04-03 19:16:44.899 UTC [TRACE] steampipe-plugin-hackernews.plugin: [TRACE] 1680549404120: calling pendingItemComplete (hackernews-1680549404120)
2023-04-03 19:16:44.899 UTC [TRACE] steampipe-plugin-hackernews.plugin: [TRACE] 1680549404120: pendingItemComplete (hackernews-1680549404120) indexBucketKey index__hackernewshackernews_new, columns [id title time by score dead deleted descendants kids parent parts poll text type url _ctx], limit -1
2023-04-03 19:16:44.899 UTC [TRACE] steampipe-plugin-hackernews.plugin: [TRACE] 1680549404120: got pending index bucket, (hackernews-1680549404120) len 1
2023-04-03 19:16:44.899 UTC [TRACE] steampipe-plugin-hackernews.plugin: [TRACE] 1680549404120: SatisfiesLimit limit -1, no item limit - satisfied
2023-04-03 19:16:44.899 UTC [TRACE] steampipe-plugin-hackernews.plugin: [TRACE] 1680549404120: found pending index item to satisfy columns id,title,time,by,score,dead,deleted,descendants,kids,parent,parts,poll,text,type,url,_ctx, limit -1
2023-04-03 19:16:44.899 UTC [TRACE] steampipe-plugin-hackernews.plugin: [TRACE] 1680549404120: found completed pending item (hackernews-1680549404120) 0xc0003bf560, key hackernewshackernews_newid,title,time,by,score,dead,deleted,descendants,kids,parent,parts,poll,text,type,url,_ctx-1 - removing from map as it is complete
2023-04-03 19:16:44.899 UTC [TRACE] steampipe-plugin-hackernews.plugin: [TRACE] 1680549404120: pendingIndexItem Unlock count before 1 key hackernewshackernews_newid,title,time,by,score,dead,deleted,descendants,kids,parent,parts,poll,text,type,url,_ctx-1
2023-04-03 19:16:44.899 UTC [TRACE] steampipe-plugin-hackernews.plugin: [TRACE] 1680549404120: deleted from pending, (hackernews-1680549404120) len 0
2023-04-03 19:16:44.899 UTC [TRACE] steampipe-plugin-hackernews.plugin: [TRACE] 1680549404120: pending bucket now empty - deleting key index__hackernewshackernews_new
2023-04-03 19:16:44.899 UTC [TRACE] steampipe-plugin-hackernews.plugin: [TRACE] 1680549404120: pendingItemComplete done (hackernews-1680549404120)
2023-04-03 19:16:44.899 UTC [TRACE] steampipe-plugin-hackernews.plugin: [TRACE] 1680549404120: cache set succeeded
2023-04-03 19:16:44.899 UTC [TRACE] steampipe-plugin-hackernews.plugin: [TRACE] 1680549404120: End execute span
2023-04-03 19:16:44.899 UTC [TRACE] steampipe-plugin-hackernews.plugin: [TRACE] 1680549404120: executeForConnection DEFER (hackernews-1680549404120)
2023-04-03 19:16:44.899 UTC [TRACE] steampipe-plugin-hackernews.plugin: [TRACE] 1680549404120: Execute complete callId: hackernews-1680549404120 table: hackernews_new
2023-04-03 19:16:44.899 UTC [TRACE] steampipe-plugin-hackernews.plugin: [TRACE] 1680549404120: executeForConnection hackernews returned
2023-04-03 19:16:44.899 UTC [TRACE] steampipe-plugin-hackernews.plugin: [TRACE] 1680549404120: output wg complete - send nil row
2023-04-03 19:16:44.899 UTC [TRACE] steampipe-plugin-hackernews.plugin: [TRACE] 1680549404120: empty row on output channel - we are done
2023-04-03 19:16:44.899 UTC [INFO]  steampipe-plugin-hackernews.plugin: [INFO]  1680549404120: Plugin Execute complete (1680549404120)
2023-04-03 19:16:44.913 UTC [INFO]  PluginManager Shutdown
2023-04-03 19:16:44.913 UTC [INFO]  PluginManager killing plugin csv (2012)
2023-04-03 19:16:44.913 UTC [TRACE] steampipe-plugin-csv.plugin: [TRACE] FLUSHING instrumentation
2023-04-03 19:16:44.913 UTC [TRACE] steampipe-plugin-csv.plugin: [TRACE] Shutdown instrumentation
2023-04-03 19:16:44.913 UTC [DEBUG] stdio: received EOF, stopping recv loop: err="rpc error: code = Unavailable desc = error reading from server: EOF"
2023-04-03 19:16:44.913 UTC [TRACE] receive error for connection 'csv': rpc error: code = Unavailable desc = error reading from server: EOF
2023-04-03 19:16:44.913 UTC [TRACE] cache listener received EOF for connection 'csv', returning
2023-04-03 19:16:44.918 UTC [TRACE] steampipe-plugin-csv.plugin: [TRACE] file watcher event [no events]   ""
2023-04-03 19:16:44.918 UTC [TRACE] steampipe-plugin-csv.plugin: [TRACE] file watcher event [no events]   ""
2023-04-03 19:16:44.918 UTC [TRACE] steampipe-plugin-csv.plugin: [TRACE] ignore file change [no events]   ""
2023-04-03 19:16:44.918 UTC [TRACE] steampipe-plugin-csv.plugin: [TRACE] handleEvent error <nil>
2023-04-03 19:16:44.919 UTC [INFO]  plugin process exited: path=/home/runner/.steampipe/plugins/hub.steampipe.io/plugins/turbot/csv@latest/steampipe-plugin-csv.plugin pid=2012
2023-04-03 19:16:44.919 UTC [DEBUG] plugin exited
2023-04-03 19:16:44.919 UTC [INFO]  PluginManager killing plugin hackernews (2035)
2023-04-03 19:16:44.919 UTC [TRACE] steampipe-plugin-hackernews.plugin: [TRACE] 1680549404120: FLUSHING instrumentation
2023-04-03 19:16:44.919 UTC [TRACE] steampipe-plugin-hackernews.plugin: [TRACE] 1680549404120: Shutdown instrumentation
2023-04-03 19:16:44.919 UTC [DEBUG] stdio: received EOF, stopping recv loop: err="rpc error: code = Unavailable desc = error reading from server: EOF"
2023-04-03 19:16:44.921 UTC [INFO]  plugin process exited: path=/home/runner/.steampipe/plugins/hub.steampipe.io/plugins/turbot/hackernews@latest/steampipe-plugin-hackernews.plugin pid=2035
2023-04-03 19:16:44.921 UTC [DEBUG] plugin exited
2023-04-03 19:19:19.816 UTC [ERROR] steampipe-plugin-csv.plugin: [ERROR] csv.tableCSV: header_parse_error=EOF path=/home/runner/work/steampipe-samples/steampipe-samples/all/hackernews/new_sc.csv header=[]
2023-04-03 19:19:19.816 UTC [ERROR] steampipe-plugin-csv.plugin: [ERROR] csv.PluginTables: create_table_error="failed to parse file header /home/runner/work/steampipe-samples/steampipe-samples/all/hackernews/new_sc.csv: EOF" path=/home/runner/work/steampipe-samples/steampipe-samples/all/hackernews/new_sc.csv
2023-04-03 19:19:19.831 UTC [WARN]  failed to set connection config: failed to parse file header /home/runner/work/steampipe-samples/steampipe-samples/all/hackernews/new_sc.csv: EOF
2023-04-03 19:19:36.092 UTC [ERROR] steampipe-plugin-csv.plugin: [ERROR] csv.tableCSV: header_parse_error=EOF path=/home/runner/work/steampipe-samples/steampipe-samples/all/hackernews/hn_items_all.csv header=[]
2023-04-03 19:19:36.092 UTC [ERROR] steampipe-plugin-csv.plugin: [ERROR] csv.PluginTables: create_table_error="failed to parse file header /home/runner/work/steampipe-samples/steampipe-samples/all/hackernews/hn_items_all.csv: EOF" path=/home/runner/work/steampipe-samples/steampipe-samples/all/hackernews/hn_items_all.csv
2023-04-03 19:19:36.110 UTC [WARN]  failed to set connection config: failed to parse file header /home/runner/work/steampipe-samples/steampipe-samples/all/hackernews/hn_items_all.csv: EOF
