2022-07-18 02:44:50.115 UTC [INFO]  starting plugin manager
2022-07-18 02:44:50.115 UTC [TRACE] loaded config map: csv,github,hackernews,net
2022-07-18 02:44:50.115 UTC [INFO]  starting connection watcher
2022-07-18 02:44:50.115 UTC [INFO]  created ConnectionWatcher
2022-07-18 02:44:50.115 UTC [TRACE] about to serve
2022-07-18 02:44:50.179 UTC [TRACE] PluginManager Get, connections: '[csv]'
2022-07-18 02:44:50.179 UTC [TRACE] PluginManager getPlugin connection 'csv'
2022-07-18 02:44:50.179 UTC [TRACE] PluginManager 0xc0005bc9f0 'csv' NOT found in map  - starting
2022-07-18 02:44:50.179 UTC [TRACE] ************ start plugin csv ********************
2022-07-18 02:44:50.179 UTC [DEBUG] starting plugin: path=/home/runner/.steampipe/plugins/hub.steampipe.io/plugins/turbot/csv@latest/steampipe-plugin-csv.plugin args=["/home/runner/.steampipe/plugins/hub.steampipe.io/plugins/turbot/csv@latest/steampipe-plugin-csv.plugin"]
2022-07-18 02:44:50.180 UTC [DEBUG] plugin started: path=/home/runner/.steampipe/plugins/hub.steampipe.io/plugins/turbot/csv@latest/steampipe-plugin-csv.plugin pid=2224
2022-07-18 02:44:50.180 UTC [DEBUG] waiting for RPC address: path=/home/runner/.steampipe/plugins/hub.steampipe.io/plugins/turbot/csv@latest/steampipe-plugin-csv.plugin
2022-07-18 02:44:50.187 UTC [DEBUG] steampipe-plugin-csv.plugin: 2022/07/18 02:44:50 [TRACE] Plugin Initialise creating connection manager
2022-07-18 02:44:50.190 UTC [TRACE] steampipe-plugin-csv.plugin: [TRACE] Setting Ulimit: ulimit=2560
2022-07-18 02:44:50.191 UTC [DEBUG] steampipe-plugin-csv.plugin: plugin address: network=unix address=/tmp/plugin1792289218 timestamp=2022-07-18T02:44:50.190Z
2022-07-18 02:44:50.191 UTC [DEBUG] using plugin: version=0
2022-07-18 02:44:50.191 UTC [TRACE] PluginManager getPlugin complete, returning reattach config with PID: 2224
2022-07-18 02:44:50.191 UTC [TRACE] PluginManager Get returning reattach_map:{key:"csv"  value:{protocol:"grpc"  addr:{Network:"unix"  Address:"/tmp/plugin1792289218"}  pid:2224}}
2022-07-18 02:44:50.193 UTC [TRACE] steampipe-plugin-csv.plugin: [TRACE] validate plugin steampipe-plugin-csv, required columns []
2022-07-18 02:44:50.196 UTC [INFO]  steampipe-plugin-csv.plugin: [INFO]  query cache created
2022-07-18 02:44:50.196 UTC [DEBUG] steampipe-plugin-csv.plugin: [DEBUG] SetConnectionConfig finished
2022-07-18 02:44:50.199 UTC [TRACE] PluginManager Get, connections: '[]'
2022-07-18 02:44:50.199 UTC [TRACE] PluginManager Get returning
2022-07-18 02:44:50.217 UTC [TRACE] handleFileWatcherEvent ignoring first event
2022-07-18 02:44:50.273 UTC [TRACE] PluginManager Get, connections: '[csv]'
2022-07-18 02:44:50.273 UTC [TRACE] PluginManager getPlugin connection 'csv'
2022-07-18 02:44:50.273 UTC [TRACE] initialized: 2224
2022-07-18 02:44:50.273 UTC [TRACE] connection csv is loaded, check for running PID
2022-07-18 02:44:50.274 UTC [TRACE] PluginManager found 'csv' in map, pid 2224, reattach protocol:"grpc"  addr:{Network:"unix"  Address:"/tmp/plugin1792289218"}  pid:2224
2022-07-18 02:44:50.274 UTC [TRACE] PluginManager Get returning reattach_map:{key:"csv"  value:{protocol:"grpc"  addr:{Network:"unix"  Address:"/tmp/plugin1792289218"}  pid:2224}}
2022-07-18 02:44:50.474 UTC [TRACE] PluginManager Get, connections: '[hackernews]'
2022-07-18 02:44:50.474 UTC [TRACE] PluginManager getPlugin connection 'hackernews'
2022-07-18 02:44:50.474 UTC [TRACE] PluginManager 0xc0005bc9f0 'hackernews' NOT found in map  - starting
2022-07-18 02:44:50.474 UTC [TRACE] ************ start plugin hackernews ********************
2022-07-18 02:44:50.474 UTC [DEBUG] starting plugin: path=/home/runner/.steampipe/plugins/hub.steampipe.io/plugins/turbot/hackernews@latest/steampipe-plugin-hackernews.plugin args=["/home/runner/.steampipe/plugins/hub.steampipe.io/plugins/turbot/hackernews@latest/steampipe-plugin-hackernews.plugin"]
2022-07-18 02:44:50.475 UTC [DEBUG] plugin started: path=/home/runner/.steampipe/plugins/hub.steampipe.io/plugins/turbot/hackernews@latest/steampipe-plugin-hackernews.plugin pid=2249
2022-07-18 02:44:50.475 UTC [DEBUG] waiting for RPC address: path=/home/runner/.steampipe/plugins/hub.steampipe.io/plugins/turbot/hackernews@latest/steampipe-plugin-hackernews.plugin
2022-07-18 02:44:50.479 UTC [DEBUG] steampipe-plugin-hackernews.plugin: 2022/07/18 02:44:50 [TRACE] Plugin Initialise creating connection manager
2022-07-18 02:44:50.483 UTC [TRACE] steampipe-plugin-hackernews.plugin: [TRACE] Setting Ulimit: ulimit=2560
2022-07-18 02:44:50.483 UTC [DEBUG] steampipe-plugin-hackernews.plugin: plugin address: address=/tmp/plugin3510129620 network=unix timestamp=2022-07-18T02:44:50.483Z
2022-07-18 02:44:50.483 UTC [DEBUG] using plugin: version=0
2022-07-18 02:44:50.483 UTC [TRACE] PluginManager getPlugin complete, returning reattach config with PID: 2249
2022-07-18 02:44:50.483 UTC [TRACE] PluginManager Get returning reattach_map:{key:"hackernews"  value:{protocol:"grpc"  addr:{Network:"unix"  Address:"/tmp/plugin3510129620"}  pid:2249}}
2022-07-18 02:44:50.485 UTC [TRACE] steampipe-plugin-hackernews.plugin: [TRACE] validate plugin steampipe-plugin-hackernews, required columns []
2022-07-18 02:44:50.487 UTC [INFO]  steampipe-plugin-hackernews.plugin: [INFO]  query cache created
2022-07-18 02:44:50.487 UTC [DEBUG] steampipe-plugin-hackernews.plugin: [DEBUG] SetConnectionConfig finished
2022-07-18 02:44:50.489 UTC [TRACE] steampipe-plugin-hackernews.plugin: [TRACE] EXECUTE callId: 1658112290861 table: hackernews_new cols: id,title,time,by,score,dead,deleted,descendants,kids,parent,parts,poll,text,type,url,_ctx
2022-07-18 02:44:50.489 UTC [TRACE] steampipe-plugin-hackernews.plugin: [TRACE] 1658112290861: Execute : connection=hackernews table=hackernews_new
2022-07-18 02:44:50.489 UTC [TRACE] steampipe-plugin-hackernews.plugin: [TRACE] 1658112290861: Got query context: table=hackernews_new cols=[id, title, time, by, score, dead, deleted, descendants, kids, parent, parts, poll, text, type, url, _ctx]
2022-07-18 02:44:50.489 UTC [TRACE] steampipe-plugin-hackernews.plugin: [TRACE] 1658112290861: setFetchType map[time:quals:{fieldName:"time"  string_value:">"  value:{timestamp_value:{seconds:1658108690  nanos:456241000}}}]
2022-07-18 02:44:50.489 UTC [TRACE] steampipe-plugin-hackernews.plugin: [TRACE] 1658112290861: getMatchingQuals column:'id' operator: =
2022-07-18 02:44:50.489 UTC [TRACE] steampipe-plugin-hackernews.plugin: [TRACE] 1658112290861: getMatchingQuals returning false - qualMap does not contain any quals for column id
2022-07-18 02:44:50.490 UTC [TRACE] steampipe-plugin-hackernews.plugin: [TRACE] 1658112290861: GetUnsatisfiedKeyColumns for columns column:'id' operator: =
2022-07-18 02:44:50.491 UTC [TRACE] steampipe-plugin-hackernews.plugin: [TRACE] 1658112290861: key column NOT satisfied column:'id' operator: =
2022-07-18 02:44:50.491 UTC [TRACE] steampipe-plugin-hackernews.plugin: [TRACE] 1658112290861: satisfied: map[any_of: optional: required:]
2022-07-18 02:44:50.492 UTC [TRACE] steampipe-plugin-hackernews.plugin: [TRACE] 1658112290861: unsatisfied: map[any_of: optional: required:column:'id' operator: =]
2022-07-18 02:44:50.492 UTC [TRACE] steampipe-plugin-hackernews.plugin: [TRACE] 1658112290861: unsatisfied required KeyColumns: column:'id' operator: =
2022-07-18 02:44:50.492 UTC [TRACE] steampipe-plugin-hackernews.plugin: [TRACE] 1658112290861: Set fetchType to fetchTypeList
2022-07-18 02:44:50.492 UTC [TRACE] steampipe-plugin-hackernews.plugin: [TRACE] 1658112290861: Equals key column quals:
2022-07-18 02:44:50.492 UTC [DEBUG] steampipe-plugin-hackernews.plugin: {}
2022-07-18 02:44:50.492 UTC [TRACE] steampipe-plugin-hackernews.plugin: [TRACE] 1658112290861: All key column quals:
2022-07-18 02:44:50.492 UTC [DEBUG] steampipe-plugin-hackernews.plugin: {}
2022-07-18 02:44:50.492 UTC [TRACE] steampipe-plugin-hackernews.plugin: [TRACE] 1658112290861: calling fetchItems: table=hackernews_new matrixItem=[] limit=<nil>
2022-07-18 02:44:50.492 UTC [TRACE] steampipe-plugin-hackernews.plugin: [TRACE] 1658112290861: Cache ENABLED callId: 1658112290861
2022-07-18 02:44:50.492 UTC [TRACE] steampipe-plugin-hackernews.plugin: [TRACE] 1658112290861: QueryCache Get - indexBucketKey index__hackernewshackernews_new, quals
2022-07-18 02:44:50.492 UTC [TRACE] steampipe-plugin-hackernews.plugin: [TRACE] 1658112290861: buildCacheQualMap col time, quals quals:{fieldName:"time"  string_value:">"  value:{timestamp_value:{seconds:1658108690  nanos:456241000}}}
2022-07-18 02:44:50.492 UTC [TRACE] steampipe-plugin-hackernews.plugin: [TRACE] 1658112290861: EXCLUDING COLUMN
2022-07-18 02:44:50.492 UTC [TRACE] steampipe-plugin-hackernews.plugin: [TRACE] 1658112290861: QueryCache getCachedResult - index bucket key: index__hackernewshackernews_new ttlSeconds 300
2022-07-18 02:44:50.492 UTC [TRACE] steampipe-plugin-hackernews.plugin: [TRACE] 1658112290861: getCachedResult - no index bucket
2022-07-18 02:44:50.492 UTC [TRACE] steampipe-plugin-hackernews.plugin: [TRACE] 1658112290861: getPendingResultItem indexBucketKey index__hackernewshackernews_new, columns [id title time by score dead deleted descendants kids parent parts poll text type url _ctx], limit -1
2022-07-18 02:44:50.492 UTC [TRACE] steampipe-plugin-hackernews.plugin: [TRACE] 1658112290861: no pending index item - add pending result
2022-07-18 02:44:50.492 UTC [TRACE] steampipe-plugin-hackernews.plugin: [TRACE] 1658112290861: addPendingResult indexBucketKey index__hackernewshackernews_new, columns [id title time by score dead deleted descendants kids parent parts poll text type url _ctx], limit -1
2022-07-18 02:44:50.492 UTC [TRACE] steampipe-plugin-hackernews.plugin: [TRACE] 1658112290861: no index bucket found - creating one
2022-07-18 02:44:50.492 UTC [TRACE] steampipe-plugin-hackernews.plugin: [TRACE] 1658112290861: pendingIndexItem Lock count before 0
2022-07-18 02:44:50.492 UTC [TRACE] steampipe-plugin-hackernews.plugin: [TRACE] 1658112290861: getPendingResultItem returning <nil>
2022-07-18 02:44:50.492 UTC [INFO]  steampipe-plugin-hackernews.plugin: [INFO]  1658112290861: CACHE MISS
2022-07-18 02:44:50.492 UTC [TRACE] steampipe-plugin-hackernews.plugin: [TRACE] 1658112290861: fetch items callId: 1658112290861
2022-07-18 02:44:50.492 UTC [TRACE] steampipe-plugin-hackernews.plugin: [TRACE] 1658112290861: buildRows callId: 1658112290861
2022-07-18 02:44:50.492 UTC [TRACE] steampipe-plugin-hackernews.plugin: [TRACE] 1658112290861: streamRows callId: 1658112290861
2022-07-18 02:44:50.492 UTC [TRACE] steampipe-plugin-hackernews.plugin: [TRACE] 1658112290861: executeListCall
2022-07-18 02:44:50.492 UTC [TRACE] steampipe-plugin-hackernews.plugin: [TRACE] 1658112290861: GetUnsatisfiedKeyColumns for columns
2022-07-18 02:44:50.492 UTC [TRACE] steampipe-plugin-hackernews.plugin: [TRACE] 1658112290861: doList: no matrix item
2022-07-18 02:44:50.706 UTC [TRACE] steampipe-plugin-hackernews.plugin: [TRACE] 1658112290861: rowData chan select - channel CLOSED
2022-07-18 02:44:50.706 UTC [TRACE] steampipe-plugin-hackernews.plugin: [TRACE] 1658112290861: wait for rows
2022-07-18 02:44:51.206 UTC [TRACE] steampipe-plugin-hackernews.plugin: [TRACE] 1658112290861: rowWg complete - CLOSING ROW CHANNEL
2022-07-18 02:44:51.206 UTC [TRACE] steampipe-plugin-hackernews.plugin: [TRACE] 1658112290861: row chan closed, stop streaming
2022-07-18 02:44:51.206 UTC [INFO]  steampipe-plugin-hackernews.plugin: [INFO]  1658112290861: ------------------------------------
2022-07-18 02:44:51.206 UTC [INFO]  steampipe-plugin-hackernews.plugin: [INFO]  1658112290861: Concurrency Summary
2022-07-18 02:44:51.206 UTC [INFO]  steampipe-plugin-hackernews.plugin: [INFO]  1658112290861: ------------------------------------
2022-07-18 02:44:51.206 UTC [INFO]  steampipe-plugin-hackernews.plugin: [INFO]  1658112290861: getItem                       : 200
2022-07-18 02:44:51.206 UTC [INFO]  steampipe-plugin-hackernews.plugin: [INFO]  1658112290861: ------------------------------------
2022-07-18 02:44:51.206 UTC [INFO]  steampipe-plugin-hackernews.plugin: [INFO]  1658112290861: Total                         : 200
2022-07-18 02:44:51.206 UTC [INFO]  steampipe-plugin-hackernews.plugin: [INFO]  1658112290861: ------------------------------------
2022-07-18 02:44:51.206 UTC [TRACE] steampipe-plugin-hackernews.plugin: [TRACE] 1658112290861: queryCache.Set callId: 1658112290861
2022-07-18 02:44:51.206 UTC [TRACE] steampipe-plugin-hackernews.plugin: [TRACE] 1658112290861: buildCacheQualMap col time, quals quals:{fieldName:"time"  string_value:">"  value:{timestamp_value:{seconds:1658108690  nanos:456241000}}}
2022-07-18 02:44:51.206 UTC [TRACE] steampipe-plugin-hackernews.plugin: [TRACE] 1658112290861: EXCLUDING COLUMN
2022-07-18 02:44:51.206 UTC [TRACE] steampipe-plugin-hackernews.plugin: [TRACE] 1658112290861: QueryCache Set - connectionName: hackernews, table: hackernews_new, columns: [_ctx by dead deleted descendants id kids parent parts poll score text time title type url], limit -1
2022-07-18 02:44:51.206 UTC [TRACE] steampipe-plugin-hackernews.plugin: [TRACE] 1658112290861: cache item cost = 64000 (500 rows, 16 columns)
2022-07-18 02:44:51.216 UTC [TRACE] steampipe-plugin-hackernews.plugin: [TRACE] 1658112290861: ------------------------------------
2022-07-18 02:44:51.216 UTC [TRACE] steampipe-plugin-hackernews.plugin: [TRACE] 1658112290861: Cache Metrics
2022-07-18 02:44:51.217 UTC [TRACE] steampipe-plugin-hackernews.plugin: [TRACE] 1658112290861: ------------------------------------
2022-07-18 02:44:51.217 UTC [TRACE] steampipe-plugin-hackernews.plugin: [TRACE] 1658112290861: MaxCost: 1073741824
2022-07-18 02:44:51.217 UTC [TRACE] steampipe-plugin-hackernews.plugin: [TRACE] 1658112290861: KeysAdded: 2
2022-07-18 02:44:51.217 UTC [TRACE] steampipe-plugin-hackernews.plugin: [TRACE] 1658112290861: CostAdded: 64113
2022-07-18 02:44:51.217 UTC [TRACE] steampipe-plugin-hackernews.plugin: [TRACE] 1658112290861: KeysEvicted: 0
2022-07-18 02:44:51.217 UTC [TRACE] steampipe-plugin-hackernews.plugin: [TRACE] 1658112290861: CostEvicted: 0
2022-07-18 02:44:51.217 UTC [TRACE] steampipe-plugin-hackernews.plugin: [TRACE] 1658112290861: ------------------------------------
2022-07-18 02:44:51.217 UTC [TRACE] steampipe-plugin-hackernews.plugin: [TRACE] 1658112290861: QueryCache Set() DONE
2022-07-18 02:44:51.217 UTC [TRACE] steampipe-plugin-hackernews.plugin: [TRACE] 1658112290861: pendingItemComplete indexBucketKey index__hackernewshackernews_new, columns [_ctx by dead deleted descendants id kids parent parts poll score text time title type url], limit -1
2022-07-18 02:44:51.217 UTC [TRACE] steampipe-plugin-hackernews.plugin: [TRACE] 1658112290861: got pending index bucket, len 1
2022-07-18 02:44:51.217 UTC [TRACE] steampipe-plugin-hackernews.plugin: [TRACE] 1658112290861: SatisfiesLimit limit -1, no item limit - satisfied
2022-07-18 02:44:51.217 UTC [TRACE] steampipe-plugin-hackernews.plugin: [TRACE] 1658112290861: found pending index item to satisfy columns _ctx,by,dead,deleted,descendants,id,kids,parent,parts,poll,score,text,time,title,type,url, limit -1
2022-07-18 02:44:51.217 UTC [TRACE] steampipe-plugin-hackernews.plugin: [TRACE] 1658112290861: got pending item hackernewshackernews_newid,title,time,by,score,dead,deleted,descendants,kids,parent,parts,poll,text,type,url,_ctx-1 - removing from map as it is complete
2022-07-18 02:44:51.217 UTC [TRACE] steampipe-plugin-hackernews.plugin: [TRACE] 1658112290861: pendingIndexItem Unlock count before 1
2022-07-18 02:44:51.217 UTC [TRACE] steampipe-plugin-hackernews.plugin: [TRACE] 1658112290861: deleted from pending, len 0
2022-07-18 02:44:51.217 UTC [TRACE] steampipe-plugin-hackernews.plugin: [TRACE] 1658112290861: pending bucket now empty - deleting key index__hackernewshackernews_new
2022-07-18 02:44:51.217 UTC [TRACE] steampipe-plugin-hackernews.plugin: [TRACE] 1658112290861: pendingItemComplete done
2022-07-18 02:44:51.217 UTC [TRACE] steampipe-plugin-hackernews.plugin: [TRACE] 1658112290861: Execute complete callId: 1658112290861 table: hackernews_new
2022-07-18 02:44:51.278 UTC [TRACE] PluginManager Shutdown map[csv:0xc00000df20 hackernews:0xc00067e390]
2022-07-18 02:44:51.278 UTC [TRACE] killing plugin csv (2224)
2022-07-18 02:44:51.279 UTC [TRACE] stdio: waiting for stdio data
2022-07-18 02:44:51.280 UTC [INFO]  plugin process exited: path=/home/runner/.steampipe/plugins/hub.steampipe.io/plugins/turbot/csv@latest/steampipe-plugin-csv.plugin pid=2224
2022-07-18 02:44:51.280 UTC [DEBUG] stdio: received EOF, stopping recv loop: err="rpc error: code = Unavailable desc = error reading from server: EOF"
2022-07-18 02:44:51.280 UTC [DEBUG] plugin exited
2022-07-18 02:44:51.280 UTC [TRACE] killing plugin hackernews (2249)
2022-07-18 02:44:51.281 UTC [TRACE] stdio: waiting for stdio data
2022-07-18 02:44:51.281 UTC [DEBUG] stdio: received EOF, stopping recv loop: err="rpc error: code = Unavailable desc = error reading from server: EOF"
2022-07-18 02:44:51.283 UTC [INFO]  plugin process exited: path=/home/runner/.steampipe/plugins/hub.steampipe.io/plugins/turbot/hackernews@latest/steampipe-plugin-hackernews.plugin pid=2249
2022-07-18 02:44:51.283 UTC [DEBUG] plugin exited
2022-07-18 02:45:05.770 UTC [ERROR] steampipe-plugin-net.plugin: [ERROR] 1658112305230: listRequestResponses do request error: url=? request method=GET error="Get \"?\": unsupported protocol scheme \"\""
2022-07-18 02:46:55.630 UTC [ERROR] steampipe-plugin-csv.plugin: [ERROR] csv.tableCSV: header_parse_error=EOF path=/home/runner/work/steampipe-samples/steampipe-samples/all/hackernews/new_sc.csv header=[]
2022-07-18 02:46:55.630 UTC [ERROR] steampipe-plugin-csv.plugin: [ERROR] csv.PluginTables: create_table_error="failed to parse file header /home/runner/work/steampipe-samples/steampipe-samples/all/hackernews/new_sc.csv: EOF" path=/home/runner/work/steampipe-samples/steampipe-samples/all/hackernews/new_sc.csv
2022-07-18 02:46:59.444 UTC [ERROR] steampipe-plugin-csv.plugin: [ERROR] csv.tableCSV: header_parse_error=EOF path=/home/runner/work/steampipe-samples/steampipe-samples/all/hackernews/people.csv header=[]
2022-07-18 02:46:59.444 UTC [ERROR] steampipe-plugin-csv.plugin: [ERROR] csv.PluginTables: create_table_error="failed to parse file header /home/runner/work/steampipe-samples/steampipe-samples/all/hackernews/people.csv: EOF" path=/home/runner/work/steampipe-samples/steampipe-samples/all/hackernews/people.csv
2022-07-18 02:47:00.275 UTC [ERROR] steampipe-plugin-hackernews.plugin: [ERROR] 1658112419561: hackernews_user.getUser: unmarshal_json_error="invalid character '<' looking for beginning of value"
2022-07-18 02:47:00.275 UTC [ERROR] steampipe-plugin-hackernews.plugin: [ERROR] 1658112419561: streamRows error chan select: invalid character '<' looking for beginning of value
2022-07-18 02:47:00.275 UTC [WARN]  steampipe-plugin-hackernews.plugin: [WARN]  1658112419561: Execute call failed - cancelling pending item in cache
