2022-12-12 05:19:34.874 UTC [INFO]  starting plugin manager
2022-12-12 05:19:34.875 UTC [TRACE] loaded config map: csv,github,hackernews,net
2022-12-12 05:19:34.875 UTC [TRACE] NewPluginManager
2022-12-12 05:19:34.885 UTC [TRACE] PluginManager setPluginCacheSizeMap: 4 connections.
2022-12-12 05:19:34.885 UTC [TRACE] Total cache size 0Mb
2022-12-12 05:19:34.885 UTC [INFO]  starting connection watcher
2022-12-12 05:19:34.886 UTC [INFO]  created ConnectionWatcher
2022-12-12 05:19:34.886 UTC [TRACE] about to serve
2022-12-12 05:19:34.967 UTC [TRACE] PluginManager Get, connections: '[csv]'
2022-12-12 05:19:34.967 UTC [TRACE] PluginManager getPlugin hub.steampipe.io/plugins/turbot/csv@latest connection 'csv'
2022-12-12 05:19:34.967 UTC [TRACE] PluginManager 0xc0000958b0 plugin hub.steampipe.io/plugins/turbot/csv@latest (csv) NOT started or starting - start now
2022-12-12 05:19:34.967 UTC [TRACE] ************ start plugin csv ********************
2022-12-12 05:19:34.967 UTC [TRACE] ************ plugin path /home/runner/.steampipe/plugins/hub.steampipe.io/plugins/turbot/csv@latest/steampipe-plugin-csv.plugin ********************
2022-12-12 05:19:34.986 UTC [TRACE] handleFileWatcherEvent ignoring first event
2022-12-12 05:19:35.042 UTC [DEBUG] starting plugin: path=/home/runner/.steampipe/plugins/hub.steampipe.io/plugins/turbot/csv@latest/steampipe-plugin-csv.plugin args=["/home/runner/.steampipe/plugins/hub.steampipe.io/plugins/turbot/csv@latest/steampipe-plugin-csv.plugin"]
2022-12-12 05:19:35.042 UTC [DEBUG] plugin started: path=/home/runner/.steampipe/plugins/hub.steampipe.io/plugins/turbot/csv@latest/steampipe-plugin-csv.plugin pid=2000
2022-12-12 05:19:35.043 UTC [DEBUG] waiting for RPC address: path=/home/runner/.steampipe/plugins/hub.steampipe.io/plugins/turbot/csv@latest/steampipe-plugin-csv.plugin
2022-12-12 05:19:35.054 UTC [INFO]  steampipe-plugin-csv.plugin: [INFO]  Initialise plugin 'steampipe-plugin-csv', using sdk version 4.1.8
2022-12-12 05:19:35.054 UTC [TRACE] steampipe-plugin-csv.plugin: [TRACE] no DefaultRetryConfig defined - creating empty
2022-12-12 05:19:35.054 UTC [TRACE] steampipe-plugin-csv.plugin: [TRACE] no DefaultIgnoreConfig defined - creating empty
2022-12-12 05:19:35.054 UTC [TRACE] steampipe-plugin-csv.plugin: [TRACE] telemetry.Init service 'steampipe-plugin-csv', tracingEnabled: false, metricsEnabled: false
2022-12-12 05:19:35.054 UTC [TRACE] steampipe-plugin-csv.plugin: [TRACE] metrics and tracing disabled' - returning
2022-12-12 05:19:35.054 UTC [DEBUG] steampipe-plugin-csv.plugin: plugin address: address=/tmp/plugin3734936397 network=unix timestamp=2022-12-12T05:19:35.054Z
2022-12-12 05:19:35.054 UTC [DEBUG] using plugin: version=0
2022-12-12 05:19:35.054 UTC [TRACE] NewPluginClient for plugin hub.steampipe.io/plugins/turbot/csv@latest
2022-12-12 05:19:35.055 UTC [TRACE] stdio: waiting for stdio data
2022-12-12 05:19:35.058 UTC [TRACE] supportedOperations: query_cache:true multiple_connections:true
2022-12-12 05:19:35.059 UTC [TRACE] steampipe-plugin-csv.plugin: [TRACE] SetAllConnectionConfigs setting 1 configs
2022-12-12 05:19:35.059 UTC [TRACE] steampipe-plugin-csv.plugin: [TRACE] connection csv build schema and table map
2022-12-12 05:19:35.059 UTC [DEBUG] steampipe-plugin-csv.plugin: [DEBUG] csv.tableCSV: path=/home/runner/work/steampipe-samples/steampipe-samples/all/hackernews/hn_items_all.csv detected_encoding=Unknown
2022-12-12 05:19:35.059 UTC [DEBUG] steampipe-plugin-csv.plugin: [DEBUG] csv.tableCSV: path=/home/runner/work/steampipe-samples/steampipe-samples/all/hackernews/new_sc.csv detected_encoding=Unknown
2022-12-12 05:19:35.059 UTC [DEBUG] steampipe-plugin-csv.plugin: [DEBUG] csv.tableCSV: path=/home/runner/work/steampipe-samples/steampipe-samples/all/hackernews/people.csv detected_encoding=Unknown
2022-12-12 05:19:35.059 UTC [TRACE] steampipe-plugin-csv.plugin: [TRACE] initialise table /home/runner/work/steampipe-samples/steampipe-samples/all/hackernews/hn_items_all.csv
2022-12-12 05:19:35.059 UTC [TRACE] steampipe-plugin-csv.plugin: [TRACE] no DefaultRetryConfig defined - creating empty
2022-12-12 05:19:35.059 UTC [TRACE] steampipe-plugin-csv.plugin: [TRACE] no DefaultIgnoreConfig defined - creating empty
2022-12-12 05:19:35.059 UTC [TRACE] steampipe-plugin-csv.plugin: [TRACE] apply plugin defaults for DefaultRetryConfig
2022-12-12 05:19:35.059 UTC [TRACE] steampipe-plugin-csv.plugin: [TRACE] apply plugin defaults for DefaultIgnoreConfig, table &{<nil> <nil>} plugin &{<nil> <nil>}
2022-12-12 05:19:35.059 UTC [TRACE] steampipe-plugin-csv.plugin: [TRACE] DefaultRetryConfig:
2022-12-12 05:19:35.059 UTC [TRACE] steampipe-plugin-csv.plugin: [TRACE] DefaultIgnoreConfig:
2022-12-12 05:19:35.059 UTC [TRACE] steampipe-plugin-csv.plugin: [TRACE] t.List.initialise
2022-12-12 05:19:35.059 UTC [TRACE] steampipe-plugin-csv.plugin: [TRACE] ListConfig.initialise table /home/runner/work/steampipe-samples/steampipe-samples/all/hackernews/hn_items_all.csv
2022-12-12 05:19:35.059 UTC [TRACE] steampipe-plugin-csv.plugin: [TRACE] ListConfig.initialise complete: RetryConfig: , IgnoreConfig
2022-12-12 05:19:35.059 UTC [TRACE] steampipe-plugin-csv.plugin: [TRACE] back from initialiseHydrateConfigs
2022-12-12 05:19:35.059 UTC [TRACE] steampipe-plugin-csv.plugin: [TRACE] initialise table /home/runner/work/steampipe-samples/steampipe-samples/all/hackernews/hn_items_all.csv COMPLETE
2022-12-12 05:19:35.059 UTC [TRACE] steampipe-plugin-csv.plugin: [TRACE] initialise table /home/runner/work/steampipe-samples/steampipe-samples/all/hackernews/new_sc.csv
2022-12-12 05:19:35.059 UTC [TRACE] steampipe-plugin-csv.plugin: [TRACE] no DefaultRetryConfig defined - creating empty
2022-12-12 05:19:35.059 UTC [TRACE] steampipe-plugin-csv.plugin: [TRACE] no DefaultIgnoreConfig defined - creating empty
2022-12-12 05:19:35.059 UTC [TRACE] steampipe-plugin-csv.plugin: [TRACE] apply plugin defaults for DefaultRetryConfig
2022-12-12 05:19:35.059 UTC [TRACE] steampipe-plugin-csv.plugin: [TRACE] apply plugin defaults for DefaultIgnoreConfig, table &{<nil> <nil>} plugin &{<nil> <nil>}
2022-12-12 05:19:35.059 UTC [TRACE] steampipe-plugin-csv.plugin: [TRACE] DefaultRetryConfig:
2022-12-12 05:19:35.059 UTC [TRACE] steampipe-plugin-csv.plugin: [TRACE] DefaultIgnoreConfig:
2022-12-12 05:19:35.059 UTC [TRACE] steampipe-plugin-csv.plugin: [TRACE] t.List.initialise
2022-12-12 05:19:35.059 UTC [TRACE] steampipe-plugin-csv.plugin: [TRACE] ListConfig.initialise table /home/runner/work/steampipe-samples/steampipe-samples/all/hackernews/new_sc.csv
2022-12-12 05:19:35.059 UTC [TRACE] steampipe-plugin-csv.plugin: [TRACE] ListConfig.initialise complete: RetryConfig: , IgnoreConfig
2022-12-12 05:19:35.059 UTC [TRACE] steampipe-plugin-csv.plugin: [TRACE] back from initialiseHydrateConfigs
2022-12-12 05:19:35.059 UTC [TRACE] steampipe-plugin-csv.plugin: [TRACE] initialise table /home/runner/work/steampipe-samples/steampipe-samples/all/hackernews/new_sc.csv COMPLETE
2022-12-12 05:19:35.059 UTC [TRACE] steampipe-plugin-csv.plugin: [TRACE] initialise table /home/runner/work/steampipe-samples/steampipe-samples/all/hackernews/people.csv
2022-12-12 05:19:35.059 UTC [TRACE] steampipe-plugin-csv.plugin: [TRACE] no DefaultRetryConfig defined - creating empty
2022-12-12 05:19:35.059 UTC [TRACE] steampipe-plugin-csv.plugin: [TRACE] no DefaultIgnoreConfig defined - creating empty
2022-12-12 05:19:35.059 UTC [TRACE] steampipe-plugin-csv.plugin: [TRACE] apply plugin defaults for DefaultRetryConfig
2022-12-12 05:19:35.059 UTC [TRACE] steampipe-plugin-csv.plugin: [TRACE] apply plugin defaults for DefaultIgnoreConfig, table &{<nil> <nil>} plugin &{<nil> <nil>}
2022-12-12 05:19:35.059 UTC [TRACE] steampipe-plugin-csv.plugin: [TRACE] DefaultRetryConfig:
2022-12-12 05:19:35.059 UTC [TRACE] steampipe-plugin-csv.plugin: [TRACE] DefaultIgnoreConfig:
2022-12-12 05:19:35.059 UTC [TRACE] steampipe-plugin-csv.plugin: [TRACE] t.List.initialise
2022-12-12 05:19:35.059 UTC [TRACE] steampipe-plugin-csv.plugin: [TRACE] ListConfig.initialise table /home/runner/work/steampipe-samples/steampipe-samples/all/hackernews/people.csv
2022-12-12 05:19:35.059 UTC [TRACE] steampipe-plugin-csv.plugin: [TRACE] ListConfig.initialise complete: RetryConfig: , IgnoreConfig
2022-12-12 05:19:35.059 UTC [TRACE] steampipe-plugin-csv.plugin: [TRACE] back from initialiseHydrateConfigs
2022-12-12 05:19:35.059 UTC [TRACE] steampipe-plugin-csv.plugin: [TRACE] initialise table /home/runner/work/steampipe-samples/steampipe-samples/all/hackernews/people.csv COMPLETE
2022-12-12 05:19:35.059 UTC [TRACE] steampipe-plugin-csv.plugin: [TRACE] validate plugin steampipe-plugin-csv, required columns []
2022-12-12 05:19:35.060 UTC [TRACE] steampipe-plugin-csv.plugin: [TRACE] validate DefaultRetryConfig
2022-12-12 05:19:35.060 UTC [TRACE] steampipe-plugin-csv.plugin: [TRACE] validate DefaultIgnoreConfig
2022-12-12 05:19:35.060 UTC [TRACE] steampipe-plugin-csv.plugin: [TRACE] validate table names
2022-12-12 05:19:35.060 UTC [TRACE] steampipe-plugin-csv.plugin: [TRACE] plugin has 0 validation errors
2022-12-12 05:19:35.060 UTC [TRACE] steampipe-plugin-csv.plugin: [TRACE] Plugin ensureCache creating cache, maxCacheStorageMb 0
2022-12-12 05:19:35.060 UTC [TRACE] steampipe-plugin-csv.plugin: [TRACE] createCacheStore for plugin 'steampipe-plugin-csv' setting max size to 0Mb, Shards: 2, max shard size: 0
2022-12-12 05:19:35.077 UTC [INFO]  steampipe-plugin-csv.plugin: [INFO]  query cache created
2022-12-12 05:19:35.077 UTC [DEBUG] steampipe-plugin-csv.plugin: [DEBUG] SetAllConnectionConfigs finished
2022-12-12 05:19:35.077 UTC [TRACE] PluginManager getPlugin complete, returning reattach config with PID: 2000
2022-12-12 05:19:35.077 UTC [TRACE] PluginManager Get returning reattach_map:{key:"csv" value:{protocol:"grpc" addr:{Network:"unix" Address:"/tmp/plugin3734936397"} pid:2000 supported_operations:{query_cache:true multiple_connections:true} connections:"csv" plugin:"hub.steampipe.io/plugins/turbot/csv@latest"}}
2022-12-12 05:19:35.168 UTC [TRACE] PluginManager Get, connections: '[csv]'
2022-12-12 05:19:35.168 UTC [TRACE] PluginManager getPlugin hub.steampipe.io/plugins/turbot/csv@latest connection 'csv'
2022-12-12 05:19:35.168 UTC [TRACE] connection csv found in connectionPluginMap
2022-12-12 05:19:35.168 UTC [TRACE] initialized: 2000
2022-12-12 05:19:35.168 UTC [TRACE] initialized: 2000
2022-12-12 05:19:35.168 UTC [TRACE] connection csv is loaded, check for running PID
2022-12-12 05:19:35.168 UTC [TRACE] PluginManager found 'csv' in map, pid 2000
2022-12-12 05:19:35.168 UTC [TRACE] PluginManager Get returning reattach_map:{key:"csv" value:{protocol:"grpc" addr:{Network:"unix" Address:"/tmp/plugin3734936397"} pid:2000 supported_operations:{query_cache:true multiple_connections:true} connections:"csv" plugin:"hub.steampipe.io/plugins/turbot/csv@latest"}}
2022-12-12 05:19:35.338 UTC [TRACE] PluginManager Get, connections: '[hackernews]'
2022-12-12 05:19:35.339 UTC [TRACE] PluginManager getPlugin hub.steampipe.io/plugins/turbot/hackernews@latest connection 'hackernews'
2022-12-12 05:19:35.339 UTC [TRACE] PluginManager 0xc0000958b0 plugin hub.steampipe.io/plugins/turbot/hackernews@latest (hackernews) NOT started or starting - start now
2022-12-12 05:19:35.339 UTC [TRACE] ************ start plugin hackernews ********************
2022-12-12 05:19:35.339 UTC [TRACE] ************ plugin path /home/runner/.steampipe/plugins/hub.steampipe.io/plugins/turbot/hackernews@latest/steampipe-plugin-hackernews.plugin ********************
2022-12-12 05:19:35.418 UTC [DEBUG] starting plugin: path=/home/runner/.steampipe/plugins/hub.steampipe.io/plugins/turbot/hackernews@latest/steampipe-plugin-hackernews.plugin args=["/home/runner/.steampipe/plugins/hub.steampipe.io/plugins/turbot/hackernews@latest/steampipe-plugin-hackernews.plugin"]
2022-12-12 05:19:35.419 UTC [DEBUG] plugin started: path=/home/runner/.steampipe/plugins/hub.steampipe.io/plugins/turbot/hackernews@latest/steampipe-plugin-hackernews.plugin pid=2025
2022-12-12 05:19:35.419 UTC [DEBUG] waiting for RPC address: path=/home/runner/.steampipe/plugins/hub.steampipe.io/plugins/turbot/hackernews@latest/steampipe-plugin-hackernews.plugin
2022-12-12 05:19:35.431 UTC [INFO]  steampipe-plugin-hackernews.plugin: [INFO]  Initialise plugin 'steampipe-plugin-hackernews', using sdk version 4.1.7
2022-12-12 05:19:35.431 UTC [TRACE] steampipe-plugin-hackernews.plugin: [TRACE] defaulting SchemaMode to SchemaModeStatic
2022-12-12 05:19:35.431 UTC [TRACE] steampipe-plugin-hackernews.plugin: [TRACE] no DefaultRetryConfig defined - creating empty
2022-12-12 05:19:35.431 UTC [TRACE] steampipe-plugin-hackernews.plugin: [TRACE] no DefaultIgnoreConfig defined - creating empty
2022-12-12 05:19:35.431 UTC [TRACE] steampipe-plugin-hackernews.plugin: [TRACE] Setting Ulimit: ulimit=2560
2022-12-12 05:19:35.431 UTC [TRACE] steampipe-plugin-hackernews.plugin: [TRACE] telemetry.Init service 'steampipe-plugin-hackernews', tracingEnabled: false, metricsEnabled: false
2022-12-12 05:19:35.431 UTC [TRACE] steampipe-plugin-hackernews.plugin: [TRACE] metrics and tracing disabled' - returning
2022-12-12 05:19:35.433 UTC [DEBUG] steampipe-plugin-hackernews.plugin: plugin address: address=/tmp/plugin3095627063 network=unix timestamp=2022-12-12T05:19:35.433Z
2022-12-12 05:19:35.434 UTC [DEBUG] using plugin: version=0
2022-12-12 05:19:35.434 UTC [TRACE] NewPluginClient for plugin hub.steampipe.io/plugins/turbot/hackernews@latest
2022-12-12 05:19:35.436 UTC [TRACE] stdio: waiting for stdio data
2022-12-12 05:19:35.437 UTC [TRACE] supportedOperations: query_cache:true multiple_connections:true
2022-12-12 05:19:35.438 UTC [TRACE] steampipe-plugin-hackernews.plugin: [TRACE] SetAllConnectionConfigs setting 1 configs
2022-12-12 05:19:35.438 UTC [TRACE] steampipe-plugin-hackernews.plugin: [TRACE] connection hackernews build schema and table map
2022-12-12 05:19:35.438 UTC [TRACE] steampipe-plugin-hackernews.plugin: [TRACE] initialise table hackernews_user
2022-12-12 05:19:35.438 UTC [TRACE] steampipe-plugin-hackernews.plugin: [TRACE] no DefaultRetryConfig defined - creating empty
2022-12-12 05:19:35.438 UTC [TRACE] steampipe-plugin-hackernews.plugin: [TRACE] no DefaultIgnoreConfig defined - creating empty
2022-12-12 05:19:35.438 UTC [TRACE] steampipe-plugin-hackernews.plugin: [TRACE] apply plugin defaults for DefaultRetryConfig
2022-12-12 05:19:35.438 UTC [TRACE] steampipe-plugin-hackernews.plugin: [TRACE] apply plugin defaults for DefaultIgnoreConfig, table &{<nil> <nil>} plugin &{<nil> <nil>}
2022-12-12 05:19:35.438 UTC [TRACE] steampipe-plugin-hackernews.plugin: [TRACE] DefaultRetryConfig:
2022-12-12 05:19:35.438 UTC [TRACE] steampipe-plugin-hackernews.plugin: [TRACE] DefaultIgnoreConfig:
2022-12-12 05:19:35.438 UTC [TRACE] steampipe-plugin-hackernews.plugin: [TRACE] t.List.initialise
2022-12-12 05:19:35.438 UTC [TRACE] steampipe-plugin-hackernews.plugin: [TRACE] ListConfig.initialise table hackernews_user
2022-12-12 05:19:35.438 UTC [TRACE] steampipe-plugin-hackernews.plugin: [TRACE] ListConfig.initialise complete: RetryConfig: , IgnoreConfig
2022-12-12 05:19:35.438 UTC [TRACE] steampipe-plugin-hackernews.plugin: [TRACE] back from initialiseHydrateConfigs
2022-12-12 05:19:35.438 UTC [TRACE] steampipe-plugin-hackernews.plugin: [TRACE] initialise table hackernews_user COMPLETE
2022-12-12 05:19:35.438 UTC [TRACE] steampipe-plugin-hackernews.plugin: [TRACE] initialise table hackernews_ask_hn
2022-12-12 05:19:35.438 UTC [TRACE] steampipe-plugin-hackernews.plugin: [TRACE] no DefaultRetryConfig defined - creating empty
2022-12-12 05:19:35.438 UTC [TRACE] steampipe-plugin-hackernews.plugin: [TRACE] no DefaultIgnoreConfig defined - creating empty
2022-12-12 05:19:35.438 UTC [TRACE] steampipe-plugin-hackernews.plugin: [TRACE] apply plugin defaults for DefaultRetryConfig
2022-12-12 05:19:35.438 UTC [TRACE] steampipe-plugin-hackernews.plugin: [TRACE] apply plugin defaults for DefaultIgnoreConfig, table &{<nil> <nil>} plugin &{<nil> <nil>}
2022-12-12 05:19:35.438 UTC [TRACE] steampipe-plugin-hackernews.plugin: [TRACE] DefaultRetryConfig:
2022-12-12 05:19:35.438 UTC [TRACE] steampipe-plugin-hackernews.plugin: [TRACE] DefaultIgnoreConfig:
2022-12-12 05:19:35.438 UTC [TRACE] steampipe-plugin-hackernews.plugin: [TRACE] t.Get.initialise
2022-12-12 05:19:35.438 UTC [TRACE] steampipe-plugin-hackernews.plugin: [TRACE] GetConfig.initialise table hackernews_ask_hn
2022-12-12 05:19:35.438 UTC [TRACE] steampipe-plugin-hackernews.plugin: [TRACE] GetConfig.initialise complete: RetryConfig: , IgnoreConfig:
2022-12-12 05:19:35.438 UTC [TRACE] steampipe-plugin-hackernews.plugin: [TRACE] t.List.initialise
2022-12-12 05:19:35.438 UTC [TRACE] steampipe-plugin-hackernews.plugin: [TRACE] ListConfig.initialise table hackernews_ask_hn
2022-12-12 05:19:35.438 UTC [TRACE] steampipe-plugin-hackernews.plugin: [TRACE] ListConfig.initialise complete: RetryConfig: , IgnoreConfig
2022-12-12 05:19:35.438 UTC [TRACE] steampipe-plugin-hackernews.plugin: [TRACE] HydrateConfig.initialise func getItem, table hackernews_ask_hn
2022-12-12 05:19:35.438 UTC [TRACE] steampipe-plugin-hackernews.plugin: [TRACE] HydrateConfig.initialise complete: RetryConfig: , IgnoreConfig:
2022-12-12 05:19:35.438 UTC [TRACE] steampipe-plugin-hackernews.plugin: [TRACE] back from initialiseHydrateConfigs
2022-12-12 05:19:35.438 UTC [TRACE] steampipe-plugin-hackernews.plugin: [TRACE] initialise table hackernews_ask_hn COMPLETE
2022-12-12 05:19:35.438 UTC [TRACE] steampipe-plugin-hackernews.plugin: [TRACE] initialise table hackernews_best
2022-12-12 05:19:35.438 UTC [TRACE] steampipe-plugin-hackernews.plugin: [TRACE] no DefaultRetryConfig defined - creating empty
2022-12-12 05:19:35.438 UTC [TRACE] steampipe-plugin-hackernews.plugin: [TRACE] no DefaultIgnoreConfig defined - creating empty
2022-12-12 05:19:35.438 UTC [TRACE] steampipe-plugin-hackernews.plugin: [TRACE] apply plugin defaults for DefaultRetryConfig
2022-12-12 05:19:35.438 UTC [TRACE] steampipe-plugin-hackernews.plugin: [TRACE] apply plugin defaults for DefaultIgnoreConfig, table &{<nil> <nil>} plugin &{<nil> <nil>}
2022-12-12 05:19:35.438 UTC [TRACE] steampipe-plugin-hackernews.plugin: [TRACE] DefaultRetryConfig:
2022-12-12 05:19:35.438 UTC [TRACE] steampipe-plugin-hackernews.plugin: [TRACE] DefaultIgnoreConfig:
2022-12-12 05:19:35.438 UTC [TRACE] steampipe-plugin-hackernews.plugin: [TRACE] t.Get.initialise
2022-12-12 05:19:35.438 UTC [TRACE] steampipe-plugin-hackernews.plugin: [TRACE] GetConfig.initialise table hackernews_best
2022-12-12 05:19:35.438 UTC [TRACE] steampipe-plugin-hackernews.plugin: [TRACE] GetConfig.initialise complete: RetryConfig: , IgnoreConfig:
2022-12-12 05:19:35.438 UTC [TRACE] steampipe-plugin-hackernews.plugin: [TRACE] t.List.initialise
2022-12-12 05:19:35.438 UTC [TRACE] steampipe-plugin-hackernews.plugin: [TRACE] ListConfig.initialise table hackernews_best
2022-12-12 05:19:35.438 UTC [TRACE] steampipe-plugin-hackernews.plugin: [TRACE] ListConfig.initialise complete: RetryConfig: , IgnoreConfig
2022-12-12 05:19:35.438 UTC [TRACE] steampipe-plugin-hackernews.plugin: [TRACE] HydrateConfig.initialise func getItem, table hackernews_best
2022-12-12 05:19:35.438 UTC [TRACE] steampipe-plugin-hackernews.plugin: [TRACE] HydrateConfig.initialise complete: RetryConfig: , IgnoreConfig:
2022-12-12 05:19:35.438 UTC [TRACE] steampipe-plugin-hackernews.plugin: [TRACE] back from initialiseHydrateConfigs
2022-12-12 05:19:35.438 UTC [TRACE] steampipe-plugin-hackernews.plugin: [TRACE] initialise table hackernews_best COMPLETE
2022-12-12 05:19:35.438 UTC [TRACE] steampipe-plugin-hackernews.plugin: [TRACE] initialise table hackernews_item
2022-12-12 05:19:35.438 UTC [TRACE] steampipe-plugin-hackernews.plugin: [TRACE] no DefaultRetryConfig defined - creating empty
2022-12-12 05:19:35.438 UTC [TRACE] steampipe-plugin-hackernews.plugin: [TRACE] no DefaultIgnoreConfig defined - creating empty
2022-12-12 05:19:35.438 UTC [TRACE] steampipe-plugin-hackernews.plugin: [TRACE] apply plugin defaults for DefaultRetryConfig
2022-12-12 05:19:35.438 UTC [TRACE] steampipe-plugin-hackernews.plugin: [TRACE] apply plugin defaults for DefaultIgnoreConfig, table &{<nil> <nil>} plugin &{<nil> <nil>}
2022-12-12 05:19:35.438 UTC [TRACE] steampipe-plugin-hackernews.plugin: [TRACE] DefaultRetryConfig:
2022-12-12 05:19:35.438 UTC [TRACE] steampipe-plugin-hackernews.plugin: [TRACE] DefaultIgnoreConfig:
2022-12-12 05:19:35.438 UTC [TRACE] steampipe-plugin-hackernews.plugin: [TRACE] t.Get.initialise
2022-12-12 05:19:35.438 UTC [TRACE] steampipe-plugin-hackernews.plugin: [TRACE] GetConfig.initialise table hackernews_item
2022-12-12 05:19:35.438 UTC [TRACE] steampipe-plugin-hackernews.plugin: [TRACE] GetConfig.initialise complete: RetryConfig: , IgnoreConfig:
2022-12-12 05:19:35.438 UTC [TRACE] steampipe-plugin-hackernews.plugin: [TRACE] t.List.initialise
2022-12-12 05:19:35.438 UTC [TRACE] steampipe-plugin-hackernews.plugin: [TRACE] ListConfig.initialise table hackernews_item
2022-12-12 05:19:35.438 UTC [TRACE] steampipe-plugin-hackernews.plugin: [TRACE] ListConfig.initialise complete: RetryConfig: , IgnoreConfig
2022-12-12 05:19:35.438 UTC [TRACE] steampipe-plugin-hackernews.plugin: [TRACE] HydrateConfig.initialise func getItem, table hackernews_item
2022-12-12 05:19:35.438 UTC [TRACE] steampipe-plugin-hackernews.plugin: [TRACE] HydrateConfig.initialise complete: RetryConfig: , IgnoreConfig:
2022-12-12 05:19:35.438 UTC [TRACE] steampipe-plugin-hackernews.plugin: [TRACE] back from initialiseHydrateConfigs
2022-12-12 05:19:35.438 UTC [TRACE] steampipe-plugin-hackernews.plugin: [TRACE] initialise table hackernews_item COMPLETE
2022-12-12 05:19:35.438 UTC [TRACE] steampipe-plugin-hackernews.plugin: [TRACE] initialise table hackernews_job
2022-12-12 05:19:35.438 UTC [TRACE] steampipe-plugin-hackernews.plugin: [TRACE] no DefaultRetryConfig defined - creating empty
2022-12-12 05:19:35.438 UTC [TRACE] steampipe-plugin-hackernews.plugin: [TRACE] no DefaultIgnoreConfig defined - creating empty
2022-12-12 05:19:35.438 UTC [TRACE] steampipe-plugin-hackernews.plugin: [TRACE] apply plugin defaults for DefaultRetryConfig
2022-12-12 05:19:35.438 UTC [TRACE] steampipe-plugin-hackernews.plugin: [TRACE] apply plugin defaults for DefaultIgnoreConfig, table &{<nil> <nil>} plugin &{<nil> <nil>}
2022-12-12 05:19:35.438 UTC [TRACE] steampipe-plugin-hackernews.plugin: [TRACE] DefaultRetryConfig:
2022-12-12 05:19:35.438 UTC [TRACE] steampipe-plugin-hackernews.plugin: [TRACE] DefaultIgnoreConfig:
2022-12-12 05:19:35.438 UTC [TRACE] steampipe-plugin-hackernews.plugin: [TRACE] t.Get.initialise
2022-12-12 05:19:35.438 UTC [TRACE] steampipe-plugin-hackernews.plugin: [TRACE] GetConfig.initialise table hackernews_job
2022-12-12 05:19:35.438 UTC [TRACE] steampipe-plugin-hackernews.plugin: [TRACE] GetConfig.initialise complete: RetryConfig: , IgnoreConfig:
2022-12-12 05:19:35.438 UTC [TRACE] steampipe-plugin-hackernews.plugin: [TRACE] t.List.initialise
2022-12-12 05:19:35.438 UTC [TRACE] steampipe-plugin-hackernews.plugin: [TRACE] ListConfig.initialise table hackernews_job
2022-12-12 05:19:35.438 UTC [TRACE] steampipe-plugin-hackernews.plugin: [TRACE] ListConfig.initialise complete: RetryConfig: , IgnoreConfig
2022-12-12 05:19:35.438 UTC [TRACE] steampipe-plugin-hackernews.plugin: [TRACE] HydrateConfig.initialise func getItem, table hackernews_job
2022-12-12 05:19:35.438 UTC [TRACE] steampipe-plugin-hackernews.plugin: [TRACE] HydrateConfig.initialise complete: RetryConfig: , IgnoreConfig:
2022-12-12 05:19:35.438 UTC [TRACE] steampipe-plugin-hackernews.plugin: [TRACE] back from initialiseHydrateConfigs
2022-12-12 05:19:35.438 UTC [TRACE] steampipe-plugin-hackernews.plugin: [TRACE] initialise table hackernews_job COMPLETE
2022-12-12 05:19:35.438 UTC [TRACE] steampipe-plugin-hackernews.plugin: [TRACE] initialise table hackernews_new
2022-12-12 05:19:35.438 UTC [TRACE] steampipe-plugin-hackernews.plugin: [TRACE] no DefaultRetryConfig defined - creating empty
2022-12-12 05:19:35.438 UTC [TRACE] steampipe-plugin-hackernews.plugin: [TRACE] no DefaultIgnoreConfig defined - creating empty
2022-12-12 05:19:35.438 UTC [TRACE] steampipe-plugin-hackernews.plugin: [TRACE] apply plugin defaults for DefaultRetryConfig
2022-12-12 05:19:35.438 UTC [TRACE] steampipe-plugin-hackernews.plugin: [TRACE] apply plugin defaults for DefaultIgnoreConfig, table &{<nil> <nil>} plugin &{<nil> <nil>}
2022-12-12 05:19:35.438 UTC [TRACE] steampipe-plugin-hackernews.plugin: [TRACE] DefaultRetryConfig:
2022-12-12 05:19:35.438 UTC [TRACE] steampipe-plugin-hackernews.plugin: [TRACE] DefaultIgnoreConfig:
2022-12-12 05:19:35.438 UTC [TRACE] steampipe-plugin-hackernews.plugin: [TRACE] t.Get.initialise
2022-12-12 05:19:35.438 UTC [TRACE] steampipe-plugin-hackernews.plugin: [TRACE] GetConfig.initialise table hackernews_new
2022-12-12 05:19:35.438 UTC [TRACE] steampipe-plugin-hackernews.plugin: [TRACE] GetConfig.initialise complete: RetryConfig: , IgnoreConfig:
2022-12-12 05:19:35.438 UTC [TRACE] steampipe-plugin-hackernews.plugin: [TRACE] t.List.initialise
2022-12-12 05:19:35.438 UTC [TRACE] steampipe-plugin-hackernews.plugin: [TRACE] ListConfig.initialise table hackernews_new
2022-12-12 05:19:35.438 UTC [TRACE] steampipe-plugin-hackernews.plugin: [TRACE] ListConfig.initialise complete: RetryConfig: , IgnoreConfig
2022-12-12 05:19:35.438 UTC [TRACE] steampipe-plugin-hackernews.plugin: [TRACE] HydrateConfig.initialise func getItem, table hackernews_new
2022-12-12 05:19:35.438 UTC [TRACE] steampipe-plugin-hackernews.plugin: [TRACE] HydrateConfig.initialise complete: RetryConfig: , IgnoreConfig:
2022-12-12 05:19:35.438 UTC [TRACE] steampipe-plugin-hackernews.plugin: [TRACE] back from initialiseHydrateConfigs
2022-12-12 05:19:35.438 UTC [TRACE] steampipe-plugin-hackernews.plugin: [TRACE] initialise table hackernews_new COMPLETE
2022-12-12 05:19:35.438 UTC [TRACE] steampipe-plugin-hackernews.plugin: [TRACE] initialise table hackernews_show_hn
2022-12-12 05:19:35.438 UTC [TRACE] steampipe-plugin-hackernews.plugin: [TRACE] no DefaultRetryConfig defined - creating empty
2022-12-12 05:19:35.438 UTC [TRACE] steampipe-plugin-hackernews.plugin: [TRACE] no DefaultIgnoreConfig defined - creating empty
2022-12-12 05:19:35.438 UTC [TRACE] steampipe-plugin-hackernews.plugin: [TRACE] apply plugin defaults for DefaultRetryConfig
2022-12-12 05:19:35.438 UTC [TRACE] steampipe-plugin-hackernews.plugin: [TRACE] apply plugin defaults for DefaultIgnoreConfig, table &{<nil> <nil>} plugin &{<nil> <nil>}
2022-12-12 05:19:35.438 UTC [TRACE] steampipe-plugin-hackernews.plugin: [TRACE] DefaultRetryConfig:
2022-12-12 05:19:35.438 UTC [TRACE] steampipe-plugin-hackernews.plugin: [TRACE] DefaultIgnoreConfig:
2022-12-12 05:19:35.438 UTC [TRACE] steampipe-plugin-hackernews.plugin: [TRACE] t.Get.initialise
2022-12-12 05:19:35.438 UTC [TRACE] steampipe-plugin-hackernews.plugin: [TRACE] GetConfig.initialise table hackernews_show_hn
2022-12-12 05:19:35.438 UTC [TRACE] steampipe-plugin-hackernews.plugin: [TRACE] GetConfig.initialise complete: RetryConfig: , IgnoreConfig:
2022-12-12 05:19:35.438 UTC [TRACE] steampipe-plugin-hackernews.plugin: [TRACE] t.List.initialise
2022-12-12 05:19:35.438 UTC [TRACE] steampipe-plugin-hackernews.plugin: [TRACE] ListConfig.initialise table hackernews_show_hn
2022-12-12 05:19:35.438 UTC [TRACE] steampipe-plugin-hackernews.plugin: [TRACE] ListConfig.initialise complete: RetryConfig: , IgnoreConfig
2022-12-12 05:19:35.438 UTC [TRACE] steampipe-plugin-hackernews.plugin: [TRACE] HydrateConfig.initialise func getItem, table hackernews_show_hn
2022-12-12 05:19:35.438 UTC [TRACE] steampipe-plugin-hackernews.plugin: [TRACE] HydrateConfig.initialise complete: RetryConfig: , IgnoreConfig:
2022-12-12 05:19:35.438 UTC [TRACE] steampipe-plugin-hackernews.plugin: [TRACE] back from initialiseHydrateConfigs
2022-12-12 05:19:35.438 UTC [TRACE] steampipe-plugin-hackernews.plugin: [TRACE] initialise table hackernews_show_hn COMPLETE
2022-12-12 05:19:35.438 UTC [TRACE] steampipe-plugin-hackernews.plugin: [TRACE] initialise table hackernews_top
2022-12-12 05:19:35.438 UTC [TRACE] steampipe-plugin-hackernews.plugin: [TRACE] no DefaultRetryConfig defined - creating empty
2022-12-12 05:19:35.438 UTC [TRACE] steampipe-plugin-hackernews.plugin: [TRACE] no DefaultIgnoreConfig defined - creating empty
2022-12-12 05:19:35.438 UTC [TRACE] steampipe-plugin-hackernews.plugin: [TRACE] apply plugin defaults for DefaultRetryConfig
2022-12-12 05:19:35.438 UTC [TRACE] steampipe-plugin-hackernews.plugin: [TRACE] apply plugin defaults for DefaultIgnoreConfig, table &{<nil> <nil>} plugin &{<nil> <nil>}
2022-12-12 05:19:35.438 UTC [TRACE] steampipe-plugin-hackernews.plugin: [TRACE] DefaultRetryConfig:
2022-12-12 05:19:35.438 UTC [TRACE] steampipe-plugin-hackernews.plugin: [TRACE] DefaultIgnoreConfig:
2022-12-12 05:19:35.438 UTC [TRACE] steampipe-plugin-hackernews.plugin: [TRACE] t.Get.initialise
2022-12-12 05:19:35.438 UTC [TRACE] steampipe-plugin-hackernews.plugin: [TRACE] GetConfig.initialise table hackernews_top
2022-12-12 05:19:35.438 UTC [TRACE] steampipe-plugin-hackernews.plugin: [TRACE] GetConfig.initialise complete: RetryConfig: , IgnoreConfig:
2022-12-12 05:19:35.438 UTC [TRACE] steampipe-plugin-hackernews.plugin: [TRACE] t.List.initialise
2022-12-12 05:19:35.438 UTC [TRACE] steampipe-plugin-hackernews.plugin: [TRACE] ListConfig.initialise table hackernews_top
2022-12-12 05:19:35.438 UTC [TRACE] steampipe-plugin-hackernews.plugin: [TRACE] ListConfig.initialise complete: RetryConfig: , IgnoreConfig
2022-12-12 05:19:35.438 UTC [TRACE] steampipe-plugin-hackernews.plugin: [TRACE] HydrateConfig.initialise func getItem, table hackernews_top
2022-12-12 05:19:35.438 UTC [TRACE] steampipe-plugin-hackernews.plugin: [TRACE] HydrateConfig.initialise complete: RetryConfig: , IgnoreConfig:
2022-12-12 05:19:35.438 UTC [TRACE] steampipe-plugin-hackernews.plugin: [TRACE] back from initialiseHydrateConfigs
2022-12-12 05:19:35.438 UTC [TRACE] steampipe-plugin-hackernews.plugin: [TRACE] initialise table hackernews_top COMPLETE
2022-12-12 05:19:35.438 UTC [TRACE] steampipe-plugin-hackernews.plugin: [TRACE] validate plugin steampipe-plugin-hackernews, required columns []
2022-12-12 05:19:35.438 UTC [TRACE] steampipe-plugin-hackernews.plugin: [TRACE] validate DefaultRetryConfig
2022-12-12 05:19:35.438 UTC [TRACE] steampipe-plugin-hackernews.plugin: [TRACE] validate DefaultIgnoreConfig
2022-12-12 05:19:35.438 UTC [TRACE] steampipe-plugin-hackernews.plugin: [TRACE] validate table names
2022-12-12 05:19:35.438 UTC [TRACE] steampipe-plugin-hackernews.plugin: [TRACE] plugin has 0 validation errors
2022-12-12 05:19:35.438 UTC [TRACE] steampipe-plugin-hackernews.plugin: [TRACE] Plugin ensureCache creating cache, maxCacheStorageMb 0
2022-12-12 05:19:35.438 UTC [TRACE] steampipe-plugin-hackernews.plugin: [TRACE] createCacheStore for plugin 'steampipe-plugin-hackernews' setting max size to 0Mb, Shards: 2, max shard size: 0
2022-12-12 05:19:35.459 UTC [INFO]  steampipe-plugin-hackernews.plugin: [INFO]  query cache created
2022-12-12 05:19:35.459 UTC [DEBUG] steampipe-plugin-hackernews.plugin: [DEBUG] SetAllConnectionConfigs finished
2022-12-12 05:19:35.459 UTC [TRACE] PluginManager getPlugin complete, returning reattach config with PID: 2025
2022-12-12 05:19:35.459 UTC [TRACE] PluginManager Get returning reattach_map:{key:"hackernews" value:{protocol:"grpc" addr:{Network:"unix" Address:"/tmp/plugin3095627063"} pid:2025 supported_operations:{query_cache:true multiple_connections:true} connections:"hackernews" plugin:"hub.steampipe.io/plugins/turbot/hackernews@latest"}}
2022-12-12 05:19:35.465 UTC [INFO]  steampipe-plugin-hackernews.plugin: [INFO]  1670822375391: Plugin Execute (1670822375391)
2022-12-12 05:19:35.465 UTC [TRACE] steampipe-plugin-hackernews.plugin: [TRACE] 1670822375391: No memory limit set
2022-12-12 05:19:35.465 UTC [INFO]  steampipe-plugin-hackernews.plugin: [INFO]  1670822375391: Plugin Execute, setting memory limit to -1Mb
2022-12-12 05:19:35.465 UTC [TRACE] steampipe-plugin-hackernews.plugin: [TRACE] 1670822375391: calling ExtractContextFromCarrier
2022-12-12 05:19:35.465 UTC [INFO]  steampipe-plugin-hackernews.plugin: [INFO]  1670822375391: Setting max concurrent connections to 25
2022-12-12 05:19:35.465 UTC [TRACE] steampipe-plugin-hackernews.plugin: [TRACE] 1670822375391: executeForConnection callId: 1670822375391, connectionCallId: hackernews-1670822375391, connection: hackernews table: hackernews_new cols: id,title,time,by,score,dead,deleted,descendants,kids,parent,parts,poll,text,type,url,_ctx
2022-12-12 05:19:35.466 UTC [TRACE] steampipe-plugin-hackernews.plugin: [TRACE] 1670822375391: got connection data
2022-12-12 05:19:35.466 UTC [TRACE] steampipe-plugin-hackernews.plugin: [TRACE] 1670822375391: Got query context, table: hackernews_new, cols: [id title time by score dead deleted descendants kids parent parts poll text type url _ctx]
2022-12-12 05:19:35.466 UTC [TRACE] steampipe-plugin-hackernews.plugin: [TRACE] 1670822375391: Start execute span
2022-12-12 05:19:35.466 UTC [INFO]  steampipe-plugin-hackernews.plugin: [INFO]  1670822375391: Setting free memory interval to 100 rows
2022-12-12 05:19:35.466 UTC [TRACE] steampipe-plugin-hackernews.plugin: [TRACE] 1670822375391: setFetchType map[time:quals:{fieldName:"time"  string_value:">"  value:{timestamp_value:{seconds:1670818775  nanos:316848000}}}]
2022-12-12 05:19:35.467 UTC [TRACE] steampipe-plugin-hackernews.plugin: [TRACE] 1670822375391: getMatchingQuals column:'id' operator: =
2022-12-12 05:19:35.467 UTC [TRACE] steampipe-plugin-hackernews.plugin: [TRACE] 1670822375391: getMatchingQuals returning false - qualMap does not contain any quals for column id
2022-12-12 05:19:35.468 UTC [TRACE] steampipe-plugin-hackernews.plugin: [TRACE] 1670822375391: GetUnsatisfiedKeyColumns for columns column:'id' operator: =
2022-12-12 05:19:35.469 UTC [TRACE] steampipe-plugin-hackernews.plugin: [TRACE] 1670822375391: key column NOT satisfied column:'id' operator: =
2022-12-12 05:19:35.469 UTC [TRACE] steampipe-plugin-hackernews.plugin: [TRACE] 1670822375391: satisfied: map[any_of: optional: required:]
2022-12-12 05:19:35.470 UTC [TRACE] steampipe-plugin-hackernews.plugin: [TRACE] 1670822375391: unsatisfied: map[any_of: optional: required:column:'id' operator: =]
2022-12-12 05:19:35.471 UTC [TRACE] steampipe-plugin-hackernews.plugin: [TRACE] 1670822375391: unsatisfied required KeyColumns: column:'id' operator: =
2022-12-12 05:19:35.471 UTC [TRACE] steampipe-plugin-hackernews.plugin: [TRACE] 1670822375391: Set fetchType to fetchTypeList
2022-12-12 05:19:35.471 UTC [TRACE] steampipe-plugin-hackernews.plugin: [TRACE] 1670822375391: Equals key column quals:
2022-12-12 05:19:35.471 UTC [DEBUG] steampipe-plugin-hackernews.plugin: {}
2022-12-12 05:19:35.471 UTC [TRACE] steampipe-plugin-hackernews.plugin: [TRACE] 1670822375391: All key column quals:
2022-12-12 05:19:35.471 UTC [DEBUG] steampipe-plugin-hackernews.plugin: {}
2022-12-12 05:19:35.471 UTC [TRACE] steampipe-plugin-hackernews.plugin: [TRACE] 1670822375391: GetMatrixItem
2022-12-12 05:19:35.471 UTC [TRACE] steampipe-plugin-hackernews.plugin: [TRACE] 1670822375391: creating query data
2022-12-12 05:19:35.471 UTC [INFO]  steampipe-plugin-hackernews.plugin: [INFO]  1670822375391: cacheEnabled, trying cache get (hackernews-1670822375391)
2022-12-12 05:19:35.471 UTC [TRACE] steampipe-plugin-hackernews.plugin: [TRACE] 1670822375391: QueryCache Get - indexBucketKey index__hackernewshackernews_new, quals
2022-12-12 05:19:35.471 UTC [TRACE] steampipe-plugin-hackernews.plugin: [TRACE] 1670822375391: QueryCache getCachedQueryResult - table hackernews_new, connectionName hackernews
2022-12-12 05:19:35.471 UTC [TRACE] steampipe-plugin-hackernews.plugin: [TRACE] 1670822375391: index bucket key: index__hackernewshackernews_new ttlSeconds 300 limit: -1
2022-12-12 05:19:35.471 UTC [TRACE] steampipe-plugin-hackernews.plugin: [TRACE] 1670822375391: doGet cache miss
2022-12-12 05:19:35.471 UTC [TRACE] steampipe-plugin-hackernews.plugin: [TRACE] 1670822375391: getCachedIndexBucket - no item retrieved for cache key index__hackernewshackernews_new
2022-12-12 05:19:35.471 UTC [TRACE] steampipe-plugin-hackernews.plugin: [TRACE] 1670822375391: getCachedQueryResult returned CACHE MISS - checking for pending transfers
2022-12-12 05:19:35.471 UTC [TRACE] steampipe-plugin-hackernews.plugin: [TRACE] 1670822375391: getPendingResultItem indexBucketKey index__hackernewshackernews_new, columns [id title time by score dead deleted descendants kids parent parts poll text type url _ctx], limit -1
2022-12-12 05:19:35.471 UTC [TRACE] steampipe-plugin-hackernews.plugin: [TRACE] 1670822375391: no pending index item - add pending result, indexBucketKey index__hackernewshackernews_new
2022-12-12 05:19:35.472 UTC [TRACE] steampipe-plugin-hackernews.plugin: [TRACE] 1670822375391: addPendingResult (hackernews-1670822375391) indexBucketKey index__hackernewshackernews_new, columns [id title time by score dead deleted descendants kids parent parts poll text type url _ctx], limit -1
2022-12-12 05:19:35.472 UTC [TRACE] steampipe-plugin-hackernews.plugin: [TRACE] 1670822375391: no index bucket found - creating one
2022-12-12 05:19:35.472 UTC [TRACE] steampipe-plugin-hackernews.plugin: [TRACE] 1670822375391: pendingIndexItem Lock count before 0
2022-12-12 05:19:35.472 UTC [TRACE] steampipe-plugin-hackernews.plugin: [TRACE] 1670822375391: addPendingResult added pending index item to bucket, (hackernews-1670822375391) indexBucketKey index__hackernewshackernews_new, resultKeyRoot hackernewshackernews_newid,title,time,by,score,dead,deleted,descendants,kids,parent,parts,poll,text,type,url,_ctx-1, pending item : 0xc00040d080
2022-12-12 05:19:35.472 UTC [TRACE] steampipe-plugin-hackernews.plugin: [TRACE] 1670822375391: **** pending items (hackernews-1670822375391)****
2022-12-12 05:19:35.472 UTC [TRACE] steampipe-plugin-hackernews.plugin: [TRACE] 1670822375391: key: index__hackernewshackernews_new: item: 0xc00040d080, count: 1, key:hackernewshackernews_newid,title,time,by,score,dead,deleted,descendants,kids,parent,parts,poll,text,type,url,_ctx-1
2022-12-12 05:19:35.472 UTC [TRACE] steampipe-plugin-hackernews.plugin: [TRACE] 1670822375391: ********
2022-12-12 05:19:35.472 UTC [TRACE] steampipe-plugin-hackernews.plugin: [TRACE] 1670822375391: getPendingResultItem returning <nil>
2022-12-12 05:19:35.472 UTC [INFO]  steampipe-plugin-hackernews.plugin: [INFO]  1670822375391: CACHE MISS
2022-12-12 05:19:35.472 UTC [TRACE] steampipe-plugin-hackernews.plugin: [TRACE] 1670822375391: cache MISS
2022-12-12 05:19:35.472 UTC [INFO]  steampipe-plugin-hackernews.plugin: [INFO]  1670822375391: queryCacheGet returned CACHE MISS (hackernews-1670822375391)
2022-12-12 05:19:35.472 UTC [TRACE] steampipe-plugin-hackernews.plugin: [TRACE] 1670822375391: StartSet (hackernews-1670822375391)
2022-12-12 05:19:35.472 UTC [TRACE] steampipe-plugin-hackernews.plugin: [TRACE] 1670822375391: calling fetchItems, table: hackernews_new, matrixItem: [], limit: -1,  connectionCallId: hackernews-1670822375391"
2022-12-12 05:19:35.472 UTC [TRACE] steampipe-plugin-hackernews.plugin: [TRACE] 1670822375391: buildRowsAsync connectionCallId: hackernews-1670822375391
2022-12-12 05:19:35.472 UTC [TRACE] steampipe-plugin-hackernews.plugin: [TRACE] 1670822375391: streamRows connectionCallId: hackernews-1670822375391
2022-12-12 05:19:35.472 UTC [TRACE] steampipe-plugin-hackernews.plugin: [TRACE] 1670822375391: QueryData streamRows (hackernews-1670822375391)
2022-12-12 05:19:35.472 UTC [TRACE] steampipe-plugin-hackernews.plugin: [TRACE] 1670822375391: executeListCall START (hackernews-1670822375391)
2022-12-12 05:19:35.472 UTC [TRACE] steampipe-plugin-hackernews.plugin: [TRACE] 1670822375391: GetUnsatisfiedKeyColumns for columns
2022-12-12 05:19:35.472 UTC [TRACE] steampipe-plugin-hackernews.plugin: [TRACE] 1670822375391: doList (hackernews-1670822375391)
2022-12-12 05:19:35.472 UTC [TRACE] steampipe-plugin-hackernews.plugin: [TRACE] 1670822375391: doList: no matrix item
2022-12-12 05:19:35.863 UTC [TRACE] steampipe-plugin-hackernews.plugin: [TRACE] 1670822375391: QueryData.fetchComplete
2022-12-12 05:19:35.863 UTC [TRACE] steampipe-plugin-hackernews.plugin: [TRACE] 1670822375391: executeListCall COMPLETE (hackernews-1670822375391)
2022-12-12 05:19:35.864 UTC [TRACE] steampipe-plugin-hackernews.plugin: [TRACE] 1670822375391: rowData chan returned nil - wait for rows to complete (hackernews-1670822375391)
2022-12-12 05:19:35.924 UTC [TRACE] stdio: received data: channel=STDOUT len=18
2022-12-12 05:19:35.924 UTC [TRACE] stdio: waiting for stdio data
2022-12-12 05:19:36.083 UTC [TRACE] stdio: received data: channel=STDOUT len=1024
2022-12-12 05:19:36.083 UTC [TRACE] stdio: waiting for stdio data
2022-12-12 05:19:36.099 UTC [TRACE] stdio: received data: channel=STDOUT len=363
2022-12-12 05:19:36.099 UTC [TRACE] stdio: waiting for stdio data
2022-12-12 05:19:36.126 UTC [TRACE] stdio: received data: channel=STDOUT len=708
2022-12-12 05:19:36.126 UTC [TRACE] stdio: waiting for stdio data
2022-12-12 05:19:36.200 UTC [TRACE] stdio: received data: channel=STDOUT len=651
2022-12-12 05:19:36.200 UTC [TRACE] stdio: waiting for stdio data
2022-12-12 05:19:36.363 UTC [TRACE] stdio: received data: channel=STDOUT len=231
2022-12-12 05:19:36.363 UTC [TRACE] stdio: waiting for stdio data
2022-12-12 05:19:36.370 UTC [TRACE] stdio: received data: channel=STDOUT len=1024
2022-12-12 05:19:36.370 UTC [TRACE] stdio: waiting for stdio data
2022-12-12 05:19:36.429 UTC [TRACE] steampipe-plugin-hackernews.plugin: [TRACE] 1670822375391: buildRowsAsync goroutine returning (hackernews-1670822375391)
2022-12-12 05:19:36.429 UTC [TRACE] steampipe-plugin-hackernews.plugin: [TRACE] 1670822375391: streamRows - nil row, stop streaming (hackernews-1670822375391)
2022-12-12 05:19:36.429 UTC [TRACE] steampipe-plugin-hackernews.plugin: [TRACE] 1670822375391: ------------------------------------
2022-12-12 05:19:36.429 UTC [TRACE] steampipe-plugin-hackernews.plugin: [TRACE] 1670822375391: Concurrency Summary
2022-12-12 05:19:36.429 UTC [TRACE] steampipe-plugin-hackernews.plugin: [TRACE] 1670822375391: ------------------------------------
2022-12-12 05:19:36.429 UTC [TRACE] steampipe-plugin-hackernews.plugin: [TRACE] 1670822375391: getItem                       : 200
2022-12-12 05:19:36.429 UTC [TRACE] steampipe-plugin-hackernews.plugin: [TRACE] 1670822375391: ------------------------------------
2022-12-12 05:19:36.429 UTC [TRACE] steampipe-plugin-hackernews.plugin: [TRACE] 1670822375391: Total                         : 200
2022-12-12 05:19:36.429 UTC [TRACE] steampipe-plugin-hackernews.plugin: [TRACE] 1670822375391: ------------------------------------
2022-12-12 05:19:36.429 UTC [TRACE] steampipe-plugin-hackernews.plugin: [TRACE] 1670822375391: QueryData streamRows DONE (hackernews-1670822375391)
2022-12-12 05:19:36.429 UTC [TRACE] steampipe-plugin-hackernews.plugin: [TRACE] 1670822375391: EndSet (hackernews-1670822375391) table hackernews_new
2022-12-12 05:19:36.429 UTC [TRACE] steampipe-plugin-hackernews.plugin: [TRACE] 1670822375391: QueryCache writePageToCache: 500 rows, pageCount 1, page key hackernewshackernews_newid,title,time,by,score,dead,deleted,descendants,kids,parent,parts,poll,text,type,url,_ctx-1-0
2022-12-12 05:19:36.440 UTC [TRACE] steampipe-plugin-hackernews.plugin: [TRACE] 1670822375391: writePageToCache Set - result written
2022-12-12 05:19:36.440 UTC [TRACE] steampipe-plugin-hackernews.plugin: [TRACE] 1670822375391: QueryCache EndSet - result written
2022-12-12 05:19:36.440 UTC [TRACE] steampipe-plugin-hackernews.plugin: [TRACE] 1670822375391: doGet cache miss
2022-12-12 05:19:36.440 UTC [TRACE] steampipe-plugin-hackernews.plugin: [TRACE] 1670822375391: getCachedIndexBucket - no item retrieved for cache key index__hackernewshackernews_new
2022-12-12 05:19:36.440 UTC [TRACE] steampipe-plugin-hackernews.plugin: [TRACE] 1670822375391: getCachedIndexBucket returned cache miss
2022-12-12 05:19:36.440 UTC [TRACE] steampipe-plugin-hackernews.plugin: [TRACE] 1670822375391: QueryCache EndSet - Added index item (0xc01ab5ac00) to bucket (0xc01aa14b58), page count 1,  key root hackernewshackernews_newid,title,time,by,score,dead,deleted,descendants,kids,parent,parts,poll,text,type,url,_ctx-1
2022-12-12 05:19:36.440 UTC [TRACE] steampipe-plugin-hackernews.plugin: [TRACE] 1670822375391: cacheSetIndexBucket index__hackernewshackernews_new
2022-12-12 05:19:36.440 UTC [TRACE] steampipe-plugin-hackernews.plugin: [TRACE] 1670822375391: QueryCache EndSet - IndexBucket written
2022-12-12 05:19:36.440 UTC [TRACE] steampipe-plugin-hackernews.plugin: [TRACE] 1670822375391: EndSet DEFER (hackernews-1670822375391) table hackernews_new
2022-12-12 05:19:36.440 UTC [TRACE] steampipe-plugin-hackernews.plugin: [TRACE] 1670822375391: calling pendingItemComplete (hackernews-1670822375391)
2022-12-12 05:19:36.440 UTC [TRACE] steampipe-plugin-hackernews.plugin: [TRACE] 1670822375391: pendingItemComplete (hackernews-1670822375391) indexBucketKey index__hackernewshackernews_new, columns [id title time by score dead deleted descendants kids parent parts poll text type url _ctx], limit -1
2022-12-12 05:19:36.440 UTC [TRACE] steampipe-plugin-hackernews.plugin: [TRACE] 1670822375391: got pending index bucket, (hackernews-1670822375391) len 1
2022-12-12 05:19:36.440 UTC [TRACE] steampipe-plugin-hackernews.plugin: [TRACE] 1670822375391: SatisfiesLimit limit -1, no item limit - satisfied
2022-12-12 05:19:36.440 UTC [TRACE] steampipe-plugin-hackernews.plugin: [TRACE] 1670822375391: found pending index item to satisfy columns id,title,time,by,score,dead,deleted,descendants,kids,parent,parts,poll,text,type,url,_ctx, limit -1
2022-12-12 05:19:36.440 UTC [TRACE] steampipe-plugin-hackernews.plugin: [TRACE] 1670822375391: found completed pending item (hackernews-1670822375391) 0xc00040d080, key hackernewshackernews_newid,title,time,by,score,dead,deleted,descendants,kids,parent,parts,poll,text,type,url,_ctx-1 - removing from map as it is complete
2022-12-12 05:19:36.440 UTC [TRACE] steampipe-plugin-hackernews.plugin: [TRACE] 1670822375391: pendingIndexItem Unlock count before 1 key hackernewshackernews_newid,title,time,by,score,dead,deleted,descendants,kids,parent,parts,poll,text,type,url,_ctx-1
2022-12-12 05:19:36.440 UTC [TRACE] steampipe-plugin-hackernews.plugin: [TRACE] 1670822375391: deleted from pending, (hackernews-1670822375391) len 0
2022-12-12 05:19:36.440 UTC [TRACE] steampipe-plugin-hackernews.plugin: [TRACE] 1670822375391: pending bucket now empty - deleting key index__hackernewshackernews_new
2022-12-12 05:19:36.440 UTC [TRACE] steampipe-plugin-hackernews.plugin: [TRACE] 1670822375391: pendingItemComplete done (hackernews-1670822375391)
2022-12-12 05:19:36.440 UTC [TRACE] steampipe-plugin-hackernews.plugin: [TRACE] 1670822375391: cache set succeeded
2022-12-12 05:19:36.440 UTC [TRACE] steampipe-plugin-hackernews.plugin: [TRACE] 1670822375391: End execute span
2022-12-12 05:19:36.440 UTC [TRACE] steampipe-plugin-hackernews.plugin: [TRACE] 1670822375391: executeForConnection DEFER (hackernews-1670822375391)
2022-12-12 05:19:36.440 UTC [TRACE] steampipe-plugin-hackernews.plugin: [TRACE] 1670822375391: Execute complete callId: hackernews-1670822375391 table: hackernews_new
2022-12-12 05:19:36.440 UTC [TRACE] steampipe-plugin-hackernews.plugin: [TRACE] 1670822375391: executeForConnection hackernews returned
2022-12-12 05:19:36.441 UTC [TRACE] steampipe-plugin-hackernews.plugin: [TRACE] 1670822375391: output wg complete - send nil row
2022-12-12 05:19:36.441 UTC [TRACE] steampipe-plugin-hackernews.plugin: [TRACE] 1670822375391: empty row on output channel - we are done
2022-12-12 05:19:36.441 UTC [INFO]  steampipe-plugin-hackernews.plugin: [INFO]  1670822375391: Plugin Execute complete (1670822375391)
2022-12-12 05:19:36.489 UTC [TRACE] stdio: received data: channel=STDOUT len=199
2022-12-12 05:19:36.489 UTC [TRACE] stdio: waiting for stdio data
2022-12-12 05:19:36.536 UTC [TRACE] PluginManager Shutdown
2022-12-12 05:19:36.536 UTC [TRACE] killing plugin csv (2000)
2022-12-12 05:19:36.537 UTC [DEBUG] stdio: received EOF, stopping recv loop: err="rpc error: code = Unavailable desc = error reading from server: EOF"
2022-12-12 05:19:36.538 UTC [TRACE] steampipe-plugin-csv.plugin: [TRACE] FLUSHING instrumentation
2022-12-12 05:19:36.538 UTC [TRACE] steampipe-plugin-csv.plugin: [TRACE] Shutdown instrumentation
2022-12-12 05:19:36.539 UTC [INFO]  plugin process exited: path=/home/runner/.steampipe/plugins/hub.steampipe.io/plugins/turbot/csv@latest/steampipe-plugin-csv.plugin pid=2000
2022-12-12 05:19:36.539 UTC [DEBUG] plugin exited
2022-12-12 05:19:36.539 UTC [TRACE] killing plugin hackernews (2025)
2022-12-12 05:19:36.539 UTC [TRACE] steampipe-plugin-hackernews.plugin: [TRACE] 1670822375391: FLUSHING instrumentation
2022-12-12 05:19:36.539 UTC [TRACE] steampipe-plugin-hackernews.plugin: [TRACE] 1670822375391: Shutdown instrumentation
2022-12-12 05:19:36.540 UTC [DEBUG] stdio: received EOF, stopping recv loop: err="rpc error: code = Unavailable desc = error reading from server: EOF"
2022-12-12 05:19:36.544 UTC [INFO]  plugin process exited: path=/home/runner/.steampipe/plugins/hub.steampipe.io/plugins/turbot/hackernews@latest/steampipe-plugin-hackernews.plugin pid=2025
2022-12-12 05:19:36.544 UTC [DEBUG] plugin exited
2022-12-12 05:19:43.821 UTC [WARN]  steampipe-plugin-csv.plugin: [WARN]  1670822383765: getKeyColumnsForTable found no schema for table '/home/runner/work/steampipe-samples/steampipe-samples/all/hackernews/hn.csv'
2022-12-12 05:20:27.049 UTC [WARN]  steampipe-plugin-csv.plugin: [WARN]  1670822427735: getKeyColumnsForTable found no schema for table '/home/runner/work/steampipe-samples/steampipe-samples/all/hackernews/hn.csv'
2022-12-12 05:24:11.093 UTC [ERROR] steampipe-plugin-csv.plugin: [ERROR] csv.tableCSV: header_parse_error=EOF path=/home/runner/work/steampipe-samples/steampipe-samples/all/hackernews/new_sc.csv header=[]
2022-12-12 05:24:11.093 UTC [ERROR] steampipe-plugin-csv.plugin: [ERROR] csv.PluginTables: create_table_error="failed to parse file header /home/runner/work/steampipe-samples/steampipe-samples/all/hackernews/new_sc.csv: EOF" path=/home/runner/work/steampipe-samples/steampipe-samples/all/hackernews/new_sc.csv
2022-12-12 05:24:11.093 UTC [WARN]  failed to set connection config: failed to parse file header /home/runner/work/steampipe-samples/steampipe-samples/all/hackernews/new_sc.csv: EOF
2022-12-12 05:24:12.722 UTC [WARN]  steampipe-plugin-csv.plugin: [WARN]  1670822652998: getKeyColumnsForTable found no schema for table '/home/runner/work/steampipe-samples/steampipe-samples/all/hackernews/new_sc.csv'
2022-12-12 05:24:22.775 UTC [ERROR] steampipe-plugin-csv.plugin: [ERROR] csv.tableCSV: header_parse_error=EOF path=/home/runner/work/steampipe-samples/steampipe-samples/all/hackernews/hn_items_all.csv header=[]
2022-12-12 05:24:22.775 UTC [ERROR] steampipe-plugin-csv.plugin: [ERROR] csv.PluginTables: create_table_error="failed to parse file header /home/runner/work/steampipe-samples/steampipe-samples/all/hackernews/hn_items_all.csv: EOF" path=/home/runner/work/steampipe-samples/steampipe-samples/all/hackernews/hn_items_all.csv
2022-12-12 05:24:22.775 UTC [WARN]  failed to set connection config: failed to parse file header /home/runner/work/steampipe-samples/steampipe-samples/all/hackernews/hn_items_all.csv: EOF
2022-12-12 05:24:24.582 UTC [ERROR] steampipe-plugin-csv.plugin: [ERROR] csv.tableCSV: header_parse_error=EOF path=/home/runner/work/steampipe-samples/steampipe-samples/all/hackernews/people.csv header=[]
2022-12-12 05:24:24.582 UTC [ERROR] steampipe-plugin-csv.plugin: [ERROR] csv.PluginTables: create_table_error="failed to parse file header /home/runner/work/steampipe-samples/steampipe-samples/all/hackernews/people.csv: EOF" path=/home/runner/work/steampipe-samples/steampipe-samples/all/hackernews/people.csv
2022-12-12 05:24:24.582 UTC [WARN]  failed to set connection config: failed to parse file header /home/runner/work/steampipe-samples/steampipe-samples/all/hackernews/people.csv: EOF
