2023-03-05 02:44:47.169 UTC [INFO]  starting plugin manager
2023-03-05 02:44:47.169 UTC [TRACE] loaded config map: csv,github,hackernews,net
2023-03-05 02:44:47.169 UTC [TRACE] NewPluginManager
2023-03-05 02:44:47.170 UTC [TRACE] PluginManager setPluginCacheSizeMap: 4 connections.
2023-03-05 02:44:47.170 UTC [TRACE] Total cache size 0Mb
2023-03-05 02:44:47.170 UTC [INFO]  starting connection watcher
2023-03-05 02:44:47.170 UTC [INFO]  created ConnectionWatcher
2023-03-05 02:44:47.170 UTC [TRACE] about to serve
2023-03-05 02:44:47.230 UTC [TRACE] PluginManager Get, connections: '[csv]'
2023-03-05 02:44:47.230 UTC [TRACE] PluginManager getPlugin hub.steampipe.io/plugins/turbot/csv@latest connection 'csv'
2023-03-05 02:44:47.230 UTC [TRACE] PluginManager 0xc00071e0f0 plugin hub.steampipe.io/plugins/turbot/csv@latest (csv) NOT started or starting - start now
2023-03-05 02:44:47.230 UTC [TRACE] ************ start plugin csv ********************
2023-03-05 02:44:47.230 UTC [TRACE] ************ plugin path /home/runner/.steampipe/plugins/hub.steampipe.io/plugins/turbot/csv@latest/steampipe-plugin-csv.plugin ********************
2023-03-05 02:44:47.301 UTC [DEBUG] starting plugin: path=/home/runner/.steampipe/plugins/hub.steampipe.io/plugins/turbot/csv@latest/steampipe-plugin-csv.plugin args=["/home/runner/.steampipe/plugins/hub.steampipe.io/plugins/turbot/csv@latest/steampipe-plugin-csv.plugin"]
2023-03-05 02:44:47.301 UTC [DEBUG] plugin started: path=/home/runner/.steampipe/plugins/hub.steampipe.io/plugins/turbot/csv@latest/steampipe-plugin-csv.plugin pid=1964
2023-03-05 02:44:47.301 UTC [DEBUG] waiting for RPC address: path=/home/runner/.steampipe/plugins/hub.steampipe.io/plugins/turbot/csv@latest/steampipe-plugin-csv.plugin
2023-03-05 02:44:47.311 UTC [INFO]  steampipe-plugin-csv.plugin: [INFO]  Initialise plugin 'steampipe-plugin-csv', using sdk version 4.1.8
2023-03-05 02:44:47.311 UTC [TRACE] steampipe-plugin-csv.plugin: [TRACE] no DefaultRetryConfig defined - creating empty
2023-03-05 02:44:47.311 UTC [TRACE] steampipe-plugin-csv.plugin: [TRACE] no DefaultIgnoreConfig defined - creating empty
2023-03-05 02:44:47.316 UTC [TRACE] steampipe-plugin-csv.plugin: [TRACE] telemetry.Init service 'steampipe-plugin-csv', tracingEnabled: false, metricsEnabled: false
2023-03-05 02:44:47.316 UTC [TRACE] steampipe-plugin-csv.plugin: [TRACE] metrics and tracing disabled' - returning
2023-03-05 02:44:47.317 UTC [DEBUG] steampipe-plugin-csv.plugin: plugin address: address=/tmp/plugin469071321 network=unix timestamp=2023-03-05T02:44:47.317Z
2023-03-05 02:44:47.317 UTC [DEBUG] using plugin: version=0
2023-03-05 02:44:47.317 UTC [TRACE] NewPluginClient for plugin hub.steampipe.io/plugins/turbot/csv@latest
2023-03-05 02:44:47.320 UTC [TRACE] stdio: waiting for stdio data
2023-03-05 02:44:47.321 UTC [TRACE] supportedOperations: query_cache:true  multiple_connections:true
2023-03-05 02:44:47.323 UTC [TRACE] steampipe-plugin-csv.plugin: [TRACE] SetAllConnectionConfigs setting 1 configs
2023-03-05 02:44:47.324 UTC [TRACE] steampipe-plugin-csv.plugin: [TRACE] connection csv build schema and table map
2023-03-05 02:44:47.325 UTC [DEBUG] steampipe-plugin-csv.plugin: [DEBUG] csv.tableCSV: path=/home/runner/work/steampipe-samples/steampipe-samples/all/hackernews/hn_items_all.csv detected_encoding=Unknown
2023-03-05 02:44:47.325 UTC [DEBUG] steampipe-plugin-csv.plugin: [DEBUG] csv.tableCSV: path=/home/runner/work/steampipe-samples/steampipe-samples/all/hackernews/new_sc.csv detected_encoding=Unknown
2023-03-05 02:44:47.325 UTC [TRACE] steampipe-plugin-csv.plugin: [TRACE] initialise table /home/runner/work/steampipe-samples/steampipe-samples/all/hackernews/new_sc.csv
2023-03-05 02:44:47.325 UTC [TRACE] steampipe-plugin-csv.plugin: [TRACE] no DefaultRetryConfig defined - creating empty
2023-03-05 02:44:47.325 UTC [TRACE] steampipe-plugin-csv.plugin: [TRACE] no DefaultIgnoreConfig defined - creating empty
2023-03-05 02:44:47.325 UTC [TRACE] steampipe-plugin-csv.plugin: [TRACE] apply plugin defaults for DefaultRetryConfig
2023-03-05 02:44:47.325 UTC [TRACE] steampipe-plugin-csv.plugin: [TRACE] apply plugin defaults for DefaultIgnoreConfig, table &{<nil> <nil>} plugin &{<nil> <nil>}
2023-03-05 02:44:47.325 UTC [TRACE] steampipe-plugin-csv.plugin: [TRACE] DefaultRetryConfig:
2023-03-05 02:44:47.325 UTC [TRACE] steampipe-plugin-csv.plugin: [TRACE] DefaultIgnoreConfig:
2023-03-05 02:44:47.325 UTC [TRACE] steampipe-plugin-csv.plugin: [TRACE] t.List.initialise
2023-03-05 02:44:47.325 UTC [TRACE] steampipe-plugin-csv.plugin: [TRACE] ListConfig.initialise table /home/runner/work/steampipe-samples/steampipe-samples/all/hackernews/new_sc.csv
2023-03-05 02:44:47.325 UTC [TRACE] steampipe-plugin-csv.plugin: [TRACE] ListConfig.initialise complete: RetryConfig: , IgnoreConfig
2023-03-05 02:44:47.325 UTC [TRACE] steampipe-plugin-csv.plugin: [TRACE] back from initialiseHydrateConfigs
2023-03-05 02:44:47.325 UTC [TRACE] steampipe-plugin-csv.plugin: [TRACE] initialise table /home/runner/work/steampipe-samples/steampipe-samples/all/hackernews/new_sc.csv COMPLETE
2023-03-05 02:44:47.325 UTC [TRACE] steampipe-plugin-csv.plugin: [TRACE] initialise table /home/runner/work/steampipe-samples/steampipe-samples/all/hackernews/hn_items_all.csv
2023-03-05 02:44:47.325 UTC [TRACE] steampipe-plugin-csv.plugin: [TRACE] no DefaultRetryConfig defined - creating empty
2023-03-05 02:44:47.325 UTC [TRACE] steampipe-plugin-csv.plugin: [TRACE] no DefaultIgnoreConfig defined - creating empty
2023-03-05 02:44:47.325 UTC [TRACE] steampipe-plugin-csv.plugin: [TRACE] apply plugin defaults for DefaultRetryConfig
2023-03-05 02:44:47.325 UTC [TRACE] steampipe-plugin-csv.plugin: [TRACE] apply plugin defaults for DefaultIgnoreConfig, table &{<nil> <nil>} plugin &{<nil> <nil>}
2023-03-05 02:44:47.325 UTC [TRACE] steampipe-plugin-csv.plugin: [TRACE] DefaultRetryConfig:
2023-03-05 02:44:47.325 UTC [TRACE] steampipe-plugin-csv.plugin: [TRACE] DefaultIgnoreConfig:
2023-03-05 02:44:47.325 UTC [TRACE] steampipe-plugin-csv.plugin: [TRACE] t.List.initialise
2023-03-05 02:44:47.325 UTC [TRACE] steampipe-plugin-csv.plugin: [TRACE] ListConfig.initialise table /home/runner/work/steampipe-samples/steampipe-samples/all/hackernews/hn_items_all.csv
2023-03-05 02:44:47.325 UTC [TRACE] steampipe-plugin-csv.plugin: [TRACE] ListConfig.initialise complete: RetryConfig: , IgnoreConfig
2023-03-05 02:44:47.325 UTC [TRACE] steampipe-plugin-csv.plugin: [TRACE] back from initialiseHydrateConfigs
2023-03-05 02:44:47.325 UTC [TRACE] steampipe-plugin-csv.plugin: [TRACE] initialise table /home/runner/work/steampipe-samples/steampipe-samples/all/hackernews/hn_items_all.csv COMPLETE
2023-03-05 02:44:47.325 UTC [TRACE] steampipe-plugin-csv.plugin: [TRACE] validate plugin steampipe-plugin-csv, required columns []
2023-03-05 02:44:47.325 UTC [TRACE] steampipe-plugin-csv.plugin: [TRACE] validate DefaultRetryConfig
2023-03-05 02:44:47.325 UTC [TRACE] steampipe-plugin-csv.plugin: [TRACE] validate DefaultIgnoreConfig
2023-03-05 02:44:47.325 UTC [TRACE] steampipe-plugin-csv.plugin: [TRACE] validate table names
2023-03-05 02:44:47.325 UTC [TRACE] steampipe-plugin-csv.plugin: [TRACE] plugin has 0 validation errors
2023-03-05 02:44:47.325 UTC [TRACE] steampipe-plugin-csv.plugin: [TRACE] Plugin ensureCache creating cache, maxCacheStorageMb 0
2023-03-05 02:44:47.325 UTC [TRACE] steampipe-plugin-csv.plugin: [TRACE] createCacheStore for plugin 'steampipe-plugin-csv' setting max size to 0Mb, Shards: 2, max shard size: 0
2023-03-05 02:44:47.344 UTC [INFO]  steampipe-plugin-csv.plugin: [INFO]  query cache created
2023-03-05 02:44:47.344 UTC [DEBUG] steampipe-plugin-csv.plugin: [DEBUG] SetAllConnectionConfigs finished
2023-03-05 02:44:47.345 UTC [TRACE] PluginManager getPlugin complete, returning reattach config with PID: 1964
2023-03-05 02:44:47.345 UTC [TRACE] PluginManager Get returning reattach_map:{key:"csv"  value:{protocol:"grpc"  addr:{Network:"unix"  Address:"/tmp/plugin469071321"}  pid:1964  supported_operations:{query_cache:true  multiple_connections:true}  connections:"csv"  plugin:"hub.steampipe.io/plugins/turbot/csv@latest"}}
2023-03-05 02:44:47.386 UTC [TRACE] PluginManager Get, connections: '[csv]'
2023-03-05 02:44:47.386 UTC [TRACE] PluginManager getPlugin hub.steampipe.io/plugins/turbot/csv@latest connection 'csv'
2023-03-05 02:44:47.386 UTC [TRACE] connection csv found in connectionPluginMap
2023-03-05 02:44:47.386 UTC [TRACE] initialized: 1964
2023-03-05 02:44:47.386 UTC [TRACE] initialized: 1964
2023-03-05 02:44:47.386 UTC [TRACE] connection csv is loaded, check for running PID
2023-03-05 02:44:47.386 UTC [TRACE] PluginManager found 'csv' in map, pid 1964
2023-03-05 02:44:47.387 UTC [TRACE] PluginManager Get returning reattach_map:{key:"csv"  value:{protocol:"grpc"  addr:{Network:"unix"  Address:"/tmp/plugin469071321"}  pid:1964  supported_operations:{query_cache:true  multiple_connections:true}  connections:"csv"  plugin:"hub.steampipe.io/plugins/turbot/csv@latest"}}
2023-03-05 02:44:47.457 UTC [TRACE] PluginManager Get, connections: '[hackernews]'
2023-03-05 02:44:47.457 UTC [TRACE] PluginManager getPlugin hub.steampipe.io/plugins/turbot/hackernews@latest connection 'hackernews'
2023-03-05 02:44:47.457 UTC [TRACE] PluginManager 0xc00071e0f0 plugin hub.steampipe.io/plugins/turbot/hackernews@latest (hackernews) NOT started or starting - start now
2023-03-05 02:44:47.457 UTC [TRACE] ************ start plugin hackernews ********************
2023-03-05 02:44:47.457 UTC [TRACE] ************ plugin path /home/runner/.steampipe/plugins/hub.steampipe.io/plugins/turbot/hackernews@latest/steampipe-plugin-hackernews.plugin ********************
2023-03-05 02:44:47.527 UTC [DEBUG] starting plugin: path=/home/runner/.steampipe/plugins/hub.steampipe.io/plugins/turbot/hackernews@latest/steampipe-plugin-hackernews.plugin args=["/home/runner/.steampipe/plugins/hub.steampipe.io/plugins/turbot/hackernews@latest/steampipe-plugin-hackernews.plugin"]
2023-03-05 02:44:47.527 UTC [DEBUG] plugin started: path=/home/runner/.steampipe/plugins/hub.steampipe.io/plugins/turbot/hackernews@latest/steampipe-plugin-hackernews.plugin pid=1986
2023-03-05 02:44:47.527 UTC [DEBUG] waiting for RPC address: path=/home/runner/.steampipe/plugins/hub.steampipe.io/plugins/turbot/hackernews@latest/steampipe-plugin-hackernews.plugin
2023-03-05 02:44:47.537 UTC [INFO]  steampipe-plugin-hackernews.plugin: [INFO]  Initialise plugin 'steampipe-plugin-hackernews', using sdk version 4.1.7
2023-03-05 02:44:47.538 UTC [TRACE] steampipe-plugin-hackernews.plugin: [TRACE] defaulting SchemaMode to SchemaModeStatic
2023-03-05 02:44:47.538 UTC [TRACE] steampipe-plugin-hackernews.plugin: [TRACE] no DefaultRetryConfig defined - creating empty
2023-03-05 02:44:47.538 UTC [TRACE] steampipe-plugin-hackernews.plugin: [TRACE] no DefaultIgnoreConfig defined - creating empty
2023-03-05 02:44:47.538 UTC [TRACE] steampipe-plugin-hackernews.plugin: [TRACE] Setting Ulimit: ulimit=2560
2023-03-05 02:44:47.541 UTC [TRACE] steampipe-plugin-hackernews.plugin: [TRACE] telemetry.Init service 'steampipe-plugin-hackernews', tracingEnabled: false, metricsEnabled: false
2023-03-05 02:44:47.542 UTC [TRACE] steampipe-plugin-hackernews.plugin: [TRACE] metrics and tracing disabled' - returning
2023-03-05 02:44:47.543 UTC [DEBUG] steampipe-plugin-hackernews.plugin: plugin address: address=/tmp/plugin1917652260 network=unix timestamp=2023-03-05T02:44:47.543Z
2023-03-05 02:44:47.543 UTC [DEBUG] using plugin: version=0
2023-03-05 02:44:47.543 UTC [TRACE] NewPluginClient for plugin hub.steampipe.io/plugins/turbot/hackernews@latest
2023-03-05 02:44:47.544 UTC [TRACE] stdio: waiting for stdio data
2023-03-05 02:44:47.545 UTC [TRACE] supportedOperations: query_cache:true  multiple_connections:true
2023-03-05 02:44:47.548 UTC [TRACE] steampipe-plugin-hackernews.plugin: [TRACE] SetAllConnectionConfigs setting 1 configs
2023-03-05 02:44:47.548 UTC [TRACE] steampipe-plugin-hackernews.plugin: [TRACE] connection hackernews build schema and table map
2023-03-05 02:44:47.548 UTC [TRACE] steampipe-plugin-hackernews.plugin: [TRACE] initialise table hackernews_top
2023-03-05 02:44:47.548 UTC [TRACE] steampipe-plugin-hackernews.plugin: [TRACE] no DefaultRetryConfig defined - creating empty
2023-03-05 02:44:47.548 UTC [TRACE] steampipe-plugin-hackernews.plugin: [TRACE] no DefaultIgnoreConfig defined - creating empty
2023-03-05 02:44:47.548 UTC [TRACE] steampipe-plugin-hackernews.plugin: [TRACE] apply plugin defaults for DefaultRetryConfig
2023-03-05 02:44:47.548 UTC [TRACE] steampipe-plugin-hackernews.plugin: [TRACE] apply plugin defaults for DefaultIgnoreConfig, table &{<nil> <nil>} plugin &{<nil> <nil>}
2023-03-05 02:44:47.548 UTC [TRACE] steampipe-plugin-hackernews.plugin: [TRACE] DefaultRetryConfig:
2023-03-05 02:44:47.548 UTC [TRACE] steampipe-plugin-hackernews.plugin: [TRACE] DefaultIgnoreConfig:
2023-03-05 02:44:47.548 UTC [TRACE] steampipe-plugin-hackernews.plugin: [TRACE] t.Get.initialise
2023-03-05 02:44:47.548 UTC [TRACE] steampipe-plugin-hackernews.plugin: [TRACE] GetConfig.initialise table hackernews_top
2023-03-05 02:44:47.548 UTC [TRACE] steampipe-plugin-hackernews.plugin: [TRACE] GetConfig.initialise complete: RetryConfig: , IgnoreConfig:
2023-03-05 02:44:47.548 UTC [TRACE] steampipe-plugin-hackernews.plugin: [TRACE] t.List.initialise
2023-03-05 02:44:47.548 UTC [TRACE] steampipe-plugin-hackernews.plugin: [TRACE] ListConfig.initialise table hackernews_top
2023-03-05 02:44:47.548 UTC [TRACE] steampipe-plugin-hackernews.plugin: [TRACE] ListConfig.initialise complete: RetryConfig: , IgnoreConfig
2023-03-05 02:44:47.548 UTC [TRACE] steampipe-plugin-hackernews.plugin: [TRACE] HydrateConfig.initialise func getItem, table hackernews_top
2023-03-05 02:44:47.548 UTC [TRACE] steampipe-plugin-hackernews.plugin: [TRACE] HydrateConfig.initialise complete: RetryConfig: , IgnoreConfig:
2023-03-05 02:44:47.548 UTC [TRACE] steampipe-plugin-hackernews.plugin: [TRACE] back from initialiseHydrateConfigs
2023-03-05 02:44:47.548 UTC [TRACE] steampipe-plugin-hackernews.plugin: [TRACE] initialise table hackernews_top COMPLETE
2023-03-05 02:44:47.548 UTC [TRACE] steampipe-plugin-hackernews.plugin: [TRACE] initialise table hackernews_user
2023-03-05 02:44:47.548 UTC [TRACE] steampipe-plugin-hackernews.plugin: [TRACE] no DefaultRetryConfig defined - creating empty
2023-03-05 02:44:47.548 UTC [TRACE] steampipe-plugin-hackernews.plugin: [TRACE] no DefaultIgnoreConfig defined - creating empty
2023-03-05 02:44:47.548 UTC [TRACE] steampipe-plugin-hackernews.plugin: [TRACE] apply plugin defaults for DefaultRetryConfig
2023-03-05 02:44:47.548 UTC [TRACE] steampipe-plugin-hackernews.plugin: [TRACE] apply plugin defaults for DefaultIgnoreConfig, table &{<nil> <nil>} plugin &{<nil> <nil>}
2023-03-05 02:44:47.548 UTC [TRACE] steampipe-plugin-hackernews.plugin: [TRACE] DefaultRetryConfig:
2023-03-05 02:44:47.548 UTC [TRACE] steampipe-plugin-hackernews.plugin: [TRACE] DefaultIgnoreConfig:
2023-03-05 02:44:47.548 UTC [TRACE] steampipe-plugin-hackernews.plugin: [TRACE] t.List.initialise
2023-03-05 02:44:47.548 UTC [TRACE] steampipe-plugin-hackernews.plugin: [TRACE] ListConfig.initialise table hackernews_user
2023-03-05 02:44:47.548 UTC [TRACE] steampipe-plugin-hackernews.plugin: [TRACE] ListConfig.initialise complete: RetryConfig: , IgnoreConfig
2023-03-05 02:44:47.548 UTC [TRACE] steampipe-plugin-hackernews.plugin: [TRACE] back from initialiseHydrateConfigs
2023-03-05 02:44:47.548 UTC [TRACE] steampipe-plugin-hackernews.plugin: [TRACE] initialise table hackernews_user COMPLETE
2023-03-05 02:44:47.548 UTC [TRACE] steampipe-plugin-hackernews.plugin: [TRACE] initialise table hackernews_ask_hn
2023-03-05 02:44:47.548 UTC [TRACE] steampipe-plugin-hackernews.plugin: [TRACE] no DefaultRetryConfig defined - creating empty
2023-03-05 02:44:47.548 UTC [TRACE] steampipe-plugin-hackernews.plugin: [TRACE] no DefaultIgnoreConfig defined - creating empty
2023-03-05 02:44:47.548 UTC [TRACE] steampipe-plugin-hackernews.plugin: [TRACE] apply plugin defaults for DefaultRetryConfig
2023-03-05 02:44:47.548 UTC [TRACE] steampipe-plugin-hackernews.plugin: [TRACE] apply plugin defaults for DefaultIgnoreConfig, table &{<nil> <nil>} plugin &{<nil> <nil>}
2023-03-05 02:44:47.548 UTC [TRACE] steampipe-plugin-hackernews.plugin: [TRACE] DefaultRetryConfig:
2023-03-05 02:44:47.548 UTC [TRACE] steampipe-plugin-hackernews.plugin: [TRACE] DefaultIgnoreConfig:
2023-03-05 02:44:47.548 UTC [TRACE] steampipe-plugin-hackernews.plugin: [TRACE] t.Get.initialise
2023-03-05 02:44:47.548 UTC [TRACE] steampipe-plugin-hackernews.plugin: [TRACE] GetConfig.initialise table hackernews_ask_hn
2023-03-05 02:44:47.548 UTC [TRACE] steampipe-plugin-hackernews.plugin: [TRACE] GetConfig.initialise complete: RetryConfig: , IgnoreConfig:
2023-03-05 02:44:47.548 UTC [TRACE] steampipe-plugin-hackernews.plugin: [TRACE] t.List.initialise
2023-03-05 02:44:47.548 UTC [TRACE] steampipe-plugin-hackernews.plugin: [TRACE] ListConfig.initialise table hackernews_ask_hn
2023-03-05 02:44:47.548 UTC [TRACE] steampipe-plugin-hackernews.plugin: [TRACE] ListConfig.initialise complete: RetryConfig: , IgnoreConfig
2023-03-05 02:44:47.548 UTC [TRACE] steampipe-plugin-hackernews.plugin: [TRACE] HydrateConfig.initialise func getItem, table hackernews_ask_hn
2023-03-05 02:44:47.548 UTC [TRACE] steampipe-plugin-hackernews.plugin: [TRACE] HydrateConfig.initialise complete: RetryConfig: , IgnoreConfig:
2023-03-05 02:44:47.548 UTC [TRACE] steampipe-plugin-hackernews.plugin: [TRACE] back from initialiseHydrateConfigs
2023-03-05 02:44:47.548 UTC [TRACE] steampipe-plugin-hackernews.plugin: [TRACE] initialise table hackernews_ask_hn COMPLETE
2023-03-05 02:44:47.548 UTC [TRACE] steampipe-plugin-hackernews.plugin: [TRACE] initialise table hackernews_best
2023-03-05 02:44:47.548 UTC [TRACE] steampipe-plugin-hackernews.plugin: [TRACE] no DefaultRetryConfig defined - creating empty
2023-03-05 02:44:47.548 UTC [TRACE] steampipe-plugin-hackernews.plugin: [TRACE] no DefaultIgnoreConfig defined - creating empty
2023-03-05 02:44:47.548 UTC [TRACE] steampipe-plugin-hackernews.plugin: [TRACE] apply plugin defaults for DefaultRetryConfig
2023-03-05 02:44:47.548 UTC [TRACE] steampipe-plugin-hackernews.plugin: [TRACE] apply plugin defaults for DefaultIgnoreConfig, table &{<nil> <nil>} plugin &{<nil> <nil>}
2023-03-05 02:44:47.548 UTC [TRACE] steampipe-plugin-hackernews.plugin: [TRACE] DefaultRetryConfig:
2023-03-05 02:44:47.548 UTC [TRACE] steampipe-plugin-hackernews.plugin: [TRACE] DefaultIgnoreConfig:
2023-03-05 02:44:47.548 UTC [TRACE] steampipe-plugin-hackernews.plugin: [TRACE] t.Get.initialise
2023-03-05 02:44:47.548 UTC [TRACE] steampipe-plugin-hackernews.plugin: [TRACE] GetConfig.initialise table hackernews_best
2023-03-05 02:44:47.548 UTC [TRACE] steampipe-plugin-hackernews.plugin: [TRACE] GetConfig.initialise complete: RetryConfig: , IgnoreConfig:
2023-03-05 02:44:47.548 UTC [TRACE] steampipe-plugin-hackernews.plugin: [TRACE] t.List.initialise
2023-03-05 02:44:47.548 UTC [TRACE] steampipe-plugin-hackernews.plugin: [TRACE] ListConfig.initialise table hackernews_best
2023-03-05 02:44:47.548 UTC [TRACE] steampipe-plugin-hackernews.plugin: [TRACE] ListConfig.initialise complete: RetryConfig: , IgnoreConfig
2023-03-05 02:44:47.548 UTC [TRACE] steampipe-plugin-hackernews.plugin: [TRACE] HydrateConfig.initialise func getItem, table hackernews_best
2023-03-05 02:44:47.548 UTC [TRACE] steampipe-plugin-hackernews.plugin: [TRACE] HydrateConfig.initialise complete: RetryConfig: , IgnoreConfig:
2023-03-05 02:44:47.548 UTC [TRACE] steampipe-plugin-hackernews.plugin: [TRACE] back from initialiseHydrateConfigs
2023-03-05 02:44:47.548 UTC [TRACE] steampipe-plugin-hackernews.plugin: [TRACE] initialise table hackernews_best COMPLETE
2023-03-05 02:44:47.548 UTC [TRACE] steampipe-plugin-hackernews.plugin: [TRACE] initialise table hackernews_item
2023-03-05 02:44:47.548 UTC [TRACE] steampipe-plugin-hackernews.plugin: [TRACE] no DefaultRetryConfig defined - creating empty
2023-03-05 02:44:47.548 UTC [TRACE] steampipe-plugin-hackernews.plugin: [TRACE] no DefaultIgnoreConfig defined - creating empty
2023-03-05 02:44:47.548 UTC [TRACE] steampipe-plugin-hackernews.plugin: [TRACE] apply plugin defaults for DefaultRetryConfig
2023-03-05 02:44:47.548 UTC [TRACE] steampipe-plugin-hackernews.plugin: [TRACE] apply plugin defaults for DefaultIgnoreConfig, table &{<nil> <nil>} plugin &{<nil> <nil>}
2023-03-05 02:44:47.548 UTC [TRACE] steampipe-plugin-hackernews.plugin: [TRACE] DefaultRetryConfig:
2023-03-05 02:44:47.548 UTC [TRACE] steampipe-plugin-hackernews.plugin: [TRACE] DefaultIgnoreConfig:
2023-03-05 02:44:47.548 UTC [TRACE] steampipe-plugin-hackernews.plugin: [TRACE] t.Get.initialise
2023-03-05 02:44:47.548 UTC [TRACE] steampipe-plugin-hackernews.plugin: [TRACE] GetConfig.initialise table hackernews_item
2023-03-05 02:44:47.548 UTC [TRACE] steampipe-plugin-hackernews.plugin: [TRACE] GetConfig.initialise complete: RetryConfig: , IgnoreConfig:
2023-03-05 02:44:47.548 UTC [TRACE] steampipe-plugin-hackernews.plugin: [TRACE] t.List.initialise
2023-03-05 02:44:47.548 UTC [TRACE] steampipe-plugin-hackernews.plugin: [TRACE] ListConfig.initialise table hackernews_item
2023-03-05 02:44:47.548 UTC [TRACE] steampipe-plugin-hackernews.plugin: [TRACE] ListConfig.initialise complete: RetryConfig: , IgnoreConfig
2023-03-05 02:44:47.548 UTC [TRACE] steampipe-plugin-hackernews.plugin: [TRACE] HydrateConfig.initialise func getItem, table hackernews_item
2023-03-05 02:44:47.548 UTC [TRACE] steampipe-plugin-hackernews.plugin: [TRACE] HydrateConfig.initialise complete: RetryConfig: , IgnoreConfig:
2023-03-05 02:44:47.548 UTC [TRACE] steampipe-plugin-hackernews.plugin: [TRACE] back from initialiseHydrateConfigs
2023-03-05 02:44:47.548 UTC [TRACE] steampipe-plugin-hackernews.plugin: [TRACE] initialise table hackernews_item COMPLETE
2023-03-05 02:44:47.548 UTC [TRACE] steampipe-plugin-hackernews.plugin: [TRACE] initialise table hackernews_job
2023-03-05 02:44:47.548 UTC [TRACE] steampipe-plugin-hackernews.plugin: [TRACE] no DefaultRetryConfig defined - creating empty
2023-03-05 02:44:47.548 UTC [TRACE] steampipe-plugin-hackernews.plugin: [TRACE] no DefaultIgnoreConfig defined - creating empty
2023-03-05 02:44:47.548 UTC [TRACE] steampipe-plugin-hackernews.plugin: [TRACE] apply plugin defaults for DefaultRetryConfig
2023-03-05 02:44:47.548 UTC [TRACE] steampipe-plugin-hackernews.plugin: [TRACE] apply plugin defaults for DefaultIgnoreConfig, table &{<nil> <nil>} plugin &{<nil> <nil>}
2023-03-05 02:44:47.548 UTC [TRACE] steampipe-plugin-hackernews.plugin: [TRACE] DefaultRetryConfig:
2023-03-05 02:44:47.548 UTC [TRACE] steampipe-plugin-hackernews.plugin: [TRACE] DefaultIgnoreConfig:
2023-03-05 02:44:47.548 UTC [TRACE] steampipe-plugin-hackernews.plugin: [TRACE] t.Get.initialise
2023-03-05 02:44:47.548 UTC [TRACE] steampipe-plugin-hackernews.plugin: [TRACE] GetConfig.initialise table hackernews_job
2023-03-05 02:44:47.548 UTC [TRACE] steampipe-plugin-hackernews.plugin: [TRACE] GetConfig.initialise complete: RetryConfig: , IgnoreConfig:
2023-03-05 02:44:47.548 UTC [TRACE] steampipe-plugin-hackernews.plugin: [TRACE] t.List.initialise
2023-03-05 02:44:47.548 UTC [TRACE] steampipe-plugin-hackernews.plugin: [TRACE] ListConfig.initialise table hackernews_job
2023-03-05 02:44:47.548 UTC [TRACE] steampipe-plugin-hackernews.plugin: [TRACE] ListConfig.initialise complete: RetryConfig: , IgnoreConfig
2023-03-05 02:44:47.548 UTC [TRACE] steampipe-plugin-hackernews.plugin: [TRACE] HydrateConfig.initialise func getItem, table hackernews_job
2023-03-05 02:44:47.548 UTC [TRACE] steampipe-plugin-hackernews.plugin: [TRACE] HydrateConfig.initialise complete: RetryConfig: , IgnoreConfig:
2023-03-05 02:44:47.548 UTC [TRACE] steampipe-plugin-hackernews.plugin: [TRACE] back from initialiseHydrateConfigs
2023-03-05 02:44:47.548 UTC [TRACE] steampipe-plugin-hackernews.plugin: [TRACE] initialise table hackernews_job COMPLETE
2023-03-05 02:44:47.548 UTC [TRACE] steampipe-plugin-hackernews.plugin: [TRACE] initialise table hackernews_new
2023-03-05 02:44:47.548 UTC [TRACE] steampipe-plugin-hackernews.plugin: [TRACE] no DefaultRetryConfig defined - creating empty
2023-03-05 02:44:47.548 UTC [TRACE] steampipe-plugin-hackernews.plugin: [TRACE] no DefaultIgnoreConfig defined - creating empty
2023-03-05 02:44:47.548 UTC [TRACE] steampipe-plugin-hackernews.plugin: [TRACE] apply plugin defaults for DefaultRetryConfig
2023-03-05 02:44:47.548 UTC [TRACE] steampipe-plugin-hackernews.plugin: [TRACE] apply plugin defaults for DefaultIgnoreConfig, table &{<nil> <nil>} plugin &{<nil> <nil>}
2023-03-05 02:44:47.548 UTC [TRACE] steampipe-plugin-hackernews.plugin: [TRACE] DefaultRetryConfig:
2023-03-05 02:44:47.548 UTC [TRACE] steampipe-plugin-hackernews.plugin: [TRACE] DefaultIgnoreConfig:
2023-03-05 02:44:47.548 UTC [TRACE] steampipe-plugin-hackernews.plugin: [TRACE] t.Get.initialise
2023-03-05 02:44:47.548 UTC [TRACE] steampipe-plugin-hackernews.plugin: [TRACE] GetConfig.initialise table hackernews_new
2023-03-05 02:44:47.548 UTC [TRACE] steampipe-plugin-hackernews.plugin: [TRACE] GetConfig.initialise complete: RetryConfig: , IgnoreConfig:
2023-03-05 02:44:47.548 UTC [TRACE] steampipe-plugin-hackernews.plugin: [TRACE] t.List.initialise
2023-03-05 02:44:47.548 UTC [TRACE] steampipe-plugin-hackernews.plugin: [TRACE] ListConfig.initialise table hackernews_new
2023-03-05 02:44:47.548 UTC [TRACE] steampipe-plugin-hackernews.plugin: [TRACE] ListConfig.initialise complete: RetryConfig: , IgnoreConfig
2023-03-05 02:44:47.548 UTC [TRACE] steampipe-plugin-hackernews.plugin: [TRACE] HydrateConfig.initialise func getItem, table hackernews_new
2023-03-05 02:44:47.548 UTC [TRACE] steampipe-plugin-hackernews.plugin: [TRACE] HydrateConfig.initialise complete: RetryConfig: , IgnoreConfig:
2023-03-05 02:44:47.548 UTC [TRACE] steampipe-plugin-hackernews.plugin: [TRACE] back from initialiseHydrateConfigs
2023-03-05 02:44:47.548 UTC [TRACE] steampipe-plugin-hackernews.plugin: [TRACE] initialise table hackernews_new COMPLETE
2023-03-05 02:44:47.548 UTC [TRACE] steampipe-plugin-hackernews.plugin: [TRACE] initialise table hackernews_show_hn
2023-03-05 02:44:47.548 UTC [TRACE] steampipe-plugin-hackernews.plugin: [TRACE] no DefaultRetryConfig defined - creating empty
2023-03-05 02:44:47.548 UTC [TRACE] steampipe-plugin-hackernews.plugin: [TRACE] no DefaultIgnoreConfig defined - creating empty
2023-03-05 02:44:47.548 UTC [TRACE] steampipe-plugin-hackernews.plugin: [TRACE] apply plugin defaults for DefaultRetryConfig
2023-03-05 02:44:47.548 UTC [TRACE] steampipe-plugin-hackernews.plugin: [TRACE] apply plugin defaults for DefaultIgnoreConfig, table &{<nil> <nil>} plugin &{<nil> <nil>}
2023-03-05 02:44:47.548 UTC [TRACE] steampipe-plugin-hackernews.plugin: [TRACE] DefaultRetryConfig:
2023-03-05 02:44:47.548 UTC [TRACE] steampipe-plugin-hackernews.plugin: [TRACE] DefaultIgnoreConfig:
2023-03-05 02:44:47.548 UTC [TRACE] steampipe-plugin-hackernews.plugin: [TRACE] t.Get.initialise
2023-03-05 02:44:47.548 UTC [TRACE] steampipe-plugin-hackernews.plugin: [TRACE] GetConfig.initialise table hackernews_show_hn
2023-03-05 02:44:47.548 UTC [TRACE] steampipe-plugin-hackernews.plugin: [TRACE] GetConfig.initialise complete: RetryConfig: , IgnoreConfig:
2023-03-05 02:44:47.548 UTC [TRACE] steampipe-plugin-hackernews.plugin: [TRACE] t.List.initialise
2023-03-05 02:44:47.548 UTC [TRACE] steampipe-plugin-hackernews.plugin: [TRACE] ListConfig.initialise table hackernews_show_hn
2023-03-05 02:44:47.548 UTC [TRACE] steampipe-plugin-hackernews.plugin: [TRACE] ListConfig.initialise complete: RetryConfig: , IgnoreConfig
2023-03-05 02:44:47.548 UTC [TRACE] steampipe-plugin-hackernews.plugin: [TRACE] HydrateConfig.initialise func getItem, table hackernews_show_hn
2023-03-05 02:44:47.548 UTC [TRACE] steampipe-plugin-hackernews.plugin: [TRACE] HydrateConfig.initialise complete: RetryConfig: , IgnoreConfig:
2023-03-05 02:44:47.548 UTC [TRACE] steampipe-plugin-hackernews.plugin: [TRACE] back from initialiseHydrateConfigs
2023-03-05 02:44:47.548 UTC [TRACE] steampipe-plugin-hackernews.plugin: [TRACE] initialise table hackernews_show_hn COMPLETE
2023-03-05 02:44:47.548 UTC [TRACE] steampipe-plugin-hackernews.plugin: [TRACE] validate plugin steampipe-plugin-hackernews, required columns []
2023-03-05 02:44:47.548 UTC [TRACE] steampipe-plugin-hackernews.plugin: [TRACE] validate DefaultRetryConfig
2023-03-05 02:44:47.548 UTC [TRACE] steampipe-plugin-hackernews.plugin: [TRACE] validate DefaultIgnoreConfig
2023-03-05 02:44:47.548 UTC [TRACE] steampipe-plugin-hackernews.plugin: [TRACE] validate table names
2023-03-05 02:44:47.548 UTC [TRACE] steampipe-plugin-hackernews.plugin: [TRACE] plugin has 0 validation errors
2023-03-05 02:44:47.548 UTC [TRACE] steampipe-plugin-hackernews.plugin: [TRACE] Plugin ensureCache creating cache, maxCacheStorageMb 0
2023-03-05 02:44:47.548 UTC [TRACE] steampipe-plugin-hackernews.plugin: [TRACE] createCacheStore for plugin 'steampipe-plugin-hackernews' setting max size to 0Mb, Shards: 2, max shard size: 0
2023-03-05 02:44:47.564 UTC [INFO]  steampipe-plugin-hackernews.plugin: [INFO]  query cache created
2023-03-05 02:44:47.565 UTC [DEBUG] steampipe-plugin-hackernews.plugin: [DEBUG] SetAllConnectionConfigs finished
2023-03-05 02:44:47.565 UTC [TRACE] PluginManager getPlugin complete, returning reattach config with PID: 1986
2023-03-05 02:44:47.565 UTC [TRACE] PluginManager Get returning reattach_map:{key:"hackernews"  value:{protocol:"grpc"  addr:{Network:"unix"  Address:"/tmp/plugin1917652260"}  pid:1986  supported_operations:{query_cache:true  multiple_connections:true}  connections:"hackernews"  plugin:"hub.steampipe.io/plugins/turbot/hackernews@latest"}}
2023-03-05 02:44:47.573 UTC [INFO]  steampipe-plugin-hackernews.plugin: [INFO]  1677984287480: Plugin Execute (1677984287480)
2023-03-05 02:44:47.573 UTC [TRACE] steampipe-plugin-hackernews.plugin: [TRACE] 1677984287480: No memory limit set
2023-03-05 02:44:47.573 UTC [INFO]  steampipe-plugin-hackernews.plugin: [INFO]  1677984287480: Plugin Execute, setting memory limit to -1Mb
2023-03-05 02:44:47.573 UTC [TRACE] steampipe-plugin-hackernews.plugin: [TRACE] 1677984287480: calling ExtractContextFromCarrier
2023-03-05 02:44:47.573 UTC [INFO]  steampipe-plugin-hackernews.plugin: [INFO]  1677984287480: Setting max concurrent connections to 25
2023-03-05 02:44:47.573 UTC [TRACE] steampipe-plugin-hackernews.plugin: [TRACE] 1677984287480: executeForConnection callId: 1677984287480, connectionCallId: hackernews-1677984287480, connection: hackernews table: hackernews_new cols: id,title,time,by,score,dead,deleted,descendants,kids,parent,parts,poll,text,type,url,_ctx
2023-03-05 02:44:47.573 UTC [TRACE] steampipe-plugin-hackernews.plugin: [TRACE] 1677984287480: got connection data
2023-03-05 02:44:47.574 UTC [TRACE] steampipe-plugin-hackernews.plugin: [TRACE] 1677984287480: Got query context, table: hackernews_new, cols: [id title time by score dead deleted descendants kids parent parts poll text type url _ctx]
2023-03-05 02:44:47.574 UTC [TRACE] steampipe-plugin-hackernews.plugin: [TRACE] 1677984287480: Start execute span
2023-03-05 02:44:47.574 UTC [INFO]  steampipe-plugin-hackernews.plugin: [INFO]  1677984287480: Setting free memory interval to 100 rows
2023-03-05 02:44:47.574 UTC [TRACE] steampipe-plugin-hackernews.plugin: [TRACE] 1677984287480: setFetchType map[time:quals:{fieldName:"time"  string_value:">"  value:{timestamp_value:{seconds:1677980687  nanos:426117000}}}]
2023-03-05 02:44:47.575 UTC [TRACE] steampipe-plugin-hackernews.plugin: [TRACE] 1677984287480: getMatchingQuals column:'id' operator: =
2023-03-05 02:44:47.575 UTC [TRACE] steampipe-plugin-hackernews.plugin: [TRACE] 1677984287480: getMatchingQuals returning false - qualMap does not contain any quals for column id
2023-03-05 02:44:47.576 UTC [TRACE] steampipe-plugin-hackernews.plugin: [TRACE] 1677984287480: GetUnsatisfiedKeyColumns for columns column:'id' operator: =
2023-03-05 02:44:47.576 UTC [TRACE] steampipe-plugin-hackernews.plugin: [TRACE] 1677984287480: key column NOT satisfied column:'id' operator: =
2023-03-05 02:44:47.576 UTC [TRACE] steampipe-plugin-hackernews.plugin: [TRACE] 1677984287480: satisfied: map[any_of: optional: required:]
2023-03-05 02:44:47.577 UTC [TRACE] steampipe-plugin-hackernews.plugin: [TRACE] 1677984287480: unsatisfied: map[any_of: optional: required:column:'id' operator: =]
2023-03-05 02:44:47.582 UTC [TRACE] steampipe-plugin-hackernews.plugin: [TRACE] 1677984287480: unsatisfied required KeyColumns: column:'id' operator: =
2023-03-05 02:44:47.582 UTC [TRACE] steampipe-plugin-hackernews.plugin: [TRACE] 1677984287480: Set fetchType to fetchTypeList
2023-03-05 02:44:47.582 UTC [TRACE] steampipe-plugin-hackernews.plugin: [TRACE] 1677984287480: Equals key column quals:
2023-03-05 02:44:47.582 UTC [DEBUG] steampipe-plugin-hackernews.plugin: {}
2023-03-05 02:44:47.582 UTC [TRACE] steampipe-plugin-hackernews.plugin: [TRACE] 1677984287480: All key column quals:
2023-03-05 02:44:47.582 UTC [DEBUG] steampipe-plugin-hackernews.plugin: {}
2023-03-05 02:44:47.582 UTC [TRACE] steampipe-plugin-hackernews.plugin: [TRACE] 1677984287480: GetMatrixItem
2023-03-05 02:44:47.582 UTC [TRACE] steampipe-plugin-hackernews.plugin: [TRACE] 1677984287480: creating query data
2023-03-05 02:44:47.582 UTC [INFO]  steampipe-plugin-hackernews.plugin: [INFO]  1677984287480: cacheEnabled, trying cache get (hackernews-1677984287480)
2023-03-05 02:44:47.582 UTC [TRACE] steampipe-plugin-hackernews.plugin: [TRACE] 1677984287480: QueryCache Get - indexBucketKey index__hackernewshackernews_new, quals
2023-03-05 02:44:47.582 UTC [TRACE] steampipe-plugin-hackernews.plugin: [TRACE] 1677984287480: QueryCache getCachedQueryResult - table hackernews_new, connectionName hackernews
2023-03-05 02:44:47.582 UTC [TRACE] steampipe-plugin-hackernews.plugin: [TRACE] 1677984287480: index bucket key: index__hackernewshackernews_new ttlSeconds 300 limit: -1
2023-03-05 02:44:47.582 UTC [TRACE] steampipe-plugin-hackernews.plugin: [TRACE] 1677984287480: doGet cache miss
2023-03-05 02:44:47.582 UTC [TRACE] steampipe-plugin-hackernews.plugin: [TRACE] 1677984287480: getCachedIndexBucket - no item retrieved for cache key index__hackernewshackernews_new
2023-03-05 02:44:47.582 UTC [TRACE] steampipe-plugin-hackernews.plugin: [TRACE] 1677984287480: getCachedQueryResult returned CACHE MISS - checking for pending transfers
2023-03-05 02:44:47.582 UTC [TRACE] steampipe-plugin-hackernews.plugin: [TRACE] 1677984287480: getPendingResultItem indexBucketKey index__hackernewshackernews_new, columns [id title time by score dead deleted descendants kids parent parts poll text type url _ctx], limit -1
2023-03-05 02:44:47.582 UTC [TRACE] steampipe-plugin-hackernews.plugin: [TRACE] 1677984287480: no pending index item - add pending result, indexBucketKey index__hackernewshackernews_new
2023-03-05 02:44:47.582 UTC [TRACE] steampipe-plugin-hackernews.plugin: [TRACE] 1677984287480: addPendingResult (hackernews-1677984287480) indexBucketKey index__hackernewshackernews_new, columns [id title time by score dead deleted descendants kids parent parts poll text type url _ctx], limit -1
2023-03-05 02:44:47.582 UTC [TRACE] steampipe-plugin-hackernews.plugin: [TRACE] 1677984287480: no index bucket found - creating one
2023-03-05 02:44:47.582 UTC [TRACE] steampipe-plugin-hackernews.plugin: [TRACE] 1677984287480: pendingIndexItem Lock count before 0
2023-03-05 02:44:47.582 UTC [TRACE] steampipe-plugin-hackernews.plugin: [TRACE] 1677984287480: addPendingResult added pending index item to bucket, (hackernews-1677984287480) indexBucketKey index__hackernewshackernews_new, resultKeyRoot hackernewshackernews_newid,title,time,by,score,dead,deleted,descendants,kids,parent,parts,poll,text,type,url,_ctx-1, pending item : 0xc000424e40
2023-03-05 02:44:47.582 UTC [TRACE] steampipe-plugin-hackernews.plugin: [TRACE] 1677984287480: **** pending items (hackernews-1677984287480)****
2023-03-05 02:44:47.582 UTC [TRACE] steampipe-plugin-hackernews.plugin: [TRACE] 1677984287480: key: index__hackernewshackernews_new: item: 0xc000424e40, count: 1, key:hackernewshackernews_newid,title,time,by,score,dead,deleted,descendants,kids,parent,parts,poll,text,type,url,_ctx-1
2023-03-05 02:44:47.583 UTC [TRACE] steampipe-plugin-hackernews.plugin: [TRACE] 1677984287480: ********
2023-03-05 02:44:47.583 UTC [TRACE] steampipe-plugin-hackernews.plugin: [TRACE] 1677984287480: getPendingResultItem returning <nil>
2023-03-05 02:44:47.583 UTC [INFO]  steampipe-plugin-hackernews.plugin: [INFO]  1677984287480: CACHE MISS
2023-03-05 02:44:47.583 UTC [TRACE] steampipe-plugin-hackernews.plugin: [TRACE] 1677984287480: cache MISS
2023-03-05 02:44:47.583 UTC [INFO]  steampipe-plugin-hackernews.plugin: [INFO]  1677984287480: queryCacheGet returned CACHE MISS (hackernews-1677984287480)
2023-03-05 02:44:47.583 UTC [TRACE] steampipe-plugin-hackernews.plugin: [TRACE] 1677984287480: StartSet (hackernews-1677984287480)
2023-03-05 02:44:47.583 UTC [TRACE] steampipe-plugin-hackernews.plugin: [TRACE] 1677984287480: calling fetchItems, table: hackernews_new, matrixItem: [], limit: -1,  connectionCallId: hackernews-1677984287480"
2023-03-05 02:44:47.583 UTC [TRACE] steampipe-plugin-hackernews.plugin: [TRACE] 1677984287480: buildRowsAsync connectionCallId: hackernews-1677984287480
2023-03-05 02:44:47.583 UTC [TRACE] steampipe-plugin-hackernews.plugin: [TRACE] 1677984287480: streamRows connectionCallId: hackernews-1677984287480
2023-03-05 02:44:47.583 UTC [TRACE] steampipe-plugin-hackernews.plugin: [TRACE] 1677984287480: QueryData streamRows (hackernews-1677984287480)
2023-03-05 02:44:47.583 UTC [TRACE] steampipe-plugin-hackernews.plugin: [TRACE] 1677984287480: executeListCall START (hackernews-1677984287480)
2023-03-05 02:44:47.583 UTC [TRACE] steampipe-plugin-hackernews.plugin: [TRACE] 1677984287480: GetUnsatisfiedKeyColumns for columns
2023-03-05 02:44:47.583 UTC [TRACE] steampipe-plugin-hackernews.plugin: [TRACE] 1677984287480: doList (hackernews-1677984287480)
2023-03-05 02:44:47.583 UTC [TRACE] steampipe-plugin-hackernews.plugin: [TRACE] 1677984287480: doList: no matrix item
2023-03-05 02:44:47.820 UTC [TRACE] stdio: received data: channel=STDOUT len=16
2023-03-05 02:44:47.820 UTC [TRACE] stdio: waiting for stdio data
2023-03-05 02:44:47.979 UTC [TRACE] stdio: received data: channel=STDOUT len=595
2023-03-05 02:44:47.979 UTC [TRACE] stdio: waiting for stdio data
2023-03-05 02:44:48.002 UTC [TRACE] stdio: received data: channel=STDOUT len=1024
2023-03-05 02:44:48.002 UTC [TRACE] stdio: waiting for stdio data
2023-03-05 02:44:48.072 UTC [TRACE] stdio: received data: channel=STDOUT len=842
2023-03-05 02:44:48.072 UTC [TRACE] stdio: waiting for stdio data
2023-03-05 02:44:48.205 UTC [TRACE] stdio: received data: channel=STDOUT len=1024
2023-03-05 02:44:48.205 UTC [TRACE] stdio: waiting for stdio data
2023-03-05 02:44:48.230 UTC [TRACE] stdio: received data: channel=STDOUT len=456
2023-03-05 02:44:48.230 UTC [TRACE] stdio: waiting for stdio data
2023-03-05 02:44:48.231 UTC [TRACE] steampipe-plugin-hackernews.plugin: [TRACE] 1677984287480: QueryData.fetchComplete
2023-03-05 02:44:48.231 UTC [TRACE] steampipe-plugin-hackernews.plugin: [TRACE] 1677984287480: executeListCall COMPLETE (hackernews-1677984287480)
2023-03-05 02:44:48.231 UTC [TRACE] steampipe-plugin-hackernews.plugin: [TRACE] 1677984287480: rowData chan returned nil - wait for rows to complete (hackernews-1677984287480)
2023-03-05 02:44:48.276 UTC [TRACE] stdio: received data: channel=STDOUT len=18
2023-03-05 02:44:48.276 UTC [TRACE] stdio: waiting for stdio data
2023-03-05 02:44:48.279 UTC [TRACE] stdio: received data: channel=STDOUT len=36
2023-03-05 02:44:48.279 UTC [TRACE] stdio: waiting for stdio data
2023-03-05 02:44:48.345 UTC [TRACE] stdio: received data: channel=STDOUT len=73
2023-03-05 02:44:48.345 UTC [TRACE] stdio: waiting for stdio data
2023-03-05 02:44:48.350 UTC [TRACE] stdio: received data: channel=STDOUT len=20
2023-03-05 02:44:48.350 UTC [TRACE] stdio: waiting for stdio data
2023-03-05 02:44:48.353 UTC [TRACE] stdio: received data: channel=STDOUT len=52
2023-03-05 02:44:48.353 UTC [TRACE] stdio: waiting for stdio data
2023-03-05 02:44:48.358 UTC [TRACE] stdio: received data: channel=STDOUT len=193
2023-03-05 02:44:48.358 UTC [TRACE] stdio: waiting for stdio data
2023-03-05 02:44:48.360 UTC [TRACE] stdio: received data: channel=STDOUT len=154
2023-03-05 02:44:48.360 UTC [TRACE] stdio: waiting for stdio data
2023-03-05 02:44:48.361 UTC [TRACE] stdio: received data: channel=STDOUT len=16
2023-03-05 02:44:48.361 UTC [TRACE] stdio: waiting for stdio data
2023-03-05 02:44:48.367 UTC [TRACE] stdio: received data: channel=STDOUT len=36
2023-03-05 02:44:48.367 UTC [TRACE] stdio: waiting for stdio data
2023-03-05 02:44:48.368 UTC [TRACE] stdio: received data: channel=STDOUT len=67
2023-03-05 02:44:48.368 UTC [TRACE] stdio: waiting for stdio data
2023-03-05 02:44:48.378 UTC [TRACE] stdio: received data: channel=STDOUT len=17
2023-03-05 02:44:48.378 UTC [TRACE] stdio: waiting for stdio data
2023-03-05 02:44:48.379 UTC [TRACE] stdio: received data: channel=STDOUT len=91
2023-03-05 02:44:48.379 UTC [TRACE] stdio: waiting for stdio data
2023-03-05 02:44:48.379 UTC [TRACE] stdio: received data: channel=STDOUT len=44
2023-03-05 02:44:48.379 UTC [TRACE] stdio: waiting for stdio data
2023-03-05 02:44:48.385 UTC [TRACE] stdio: received data: channel=STDOUT len=97
2023-03-05 02:44:48.385 UTC [TRACE] stdio: waiting for stdio data
2023-03-05 02:44:48.388 UTC [TRACE] stdio: received data: channel=STDOUT len=77
2023-03-05 02:44:48.388 UTC [TRACE] stdio: waiting for stdio data
2023-03-05 02:44:48.389 UTC [TRACE] stdio: received data: channel=STDOUT len=16
2023-03-05 02:44:48.389 UTC [TRACE] stdio: waiting for stdio data
2023-03-05 02:44:48.390 UTC [TRACE] steampipe-plugin-hackernews.plugin: [TRACE] 1677984287480: buildRowsAsync goroutine returning (hackernews-1677984287480)
2023-03-05 02:44:48.390 UTC [TRACE] steampipe-plugin-hackernews.plugin: [TRACE] 1677984287480: streamRows - nil row, stop streaming (hackernews-1677984287480)
2023-03-05 02:44:48.390 UTC [TRACE] steampipe-plugin-hackernews.plugin: [TRACE] 1677984287480: ------------------------------------
2023-03-05 02:44:48.390 UTC [TRACE] steampipe-plugin-hackernews.plugin: [TRACE] 1677984287480: Concurrency Summary
2023-03-05 02:44:48.390 UTC [TRACE] steampipe-plugin-hackernews.plugin: [TRACE] 1677984287480: ------------------------------------
2023-03-05 02:44:48.390 UTC [TRACE] steampipe-plugin-hackernews.plugin: [TRACE] 1677984287480: getItem                       : 200
2023-03-05 02:44:48.390 UTC [TRACE] steampipe-plugin-hackernews.plugin: [TRACE] 1677984287480: ------------------------------------
2023-03-05 02:44:48.390 UTC [TRACE] steampipe-plugin-hackernews.plugin: [TRACE] 1677984287480: Total                         : 200
2023-03-05 02:44:48.390 UTC [TRACE] steampipe-plugin-hackernews.plugin: [TRACE] 1677984287480: ------------------------------------
2023-03-05 02:44:48.390 UTC [TRACE] steampipe-plugin-hackernews.plugin: [TRACE] 1677984287480: QueryData streamRows DONE (hackernews-1677984287480)
2023-03-05 02:44:48.390 UTC [TRACE] steampipe-plugin-hackernews.plugin: [TRACE] 1677984287480: EndSet (hackernews-1677984287480) table hackernews_new
2023-03-05 02:44:48.390 UTC [TRACE] steampipe-plugin-hackernews.plugin: [TRACE] 1677984287480: QueryCache writePageToCache: 500 rows, pageCount 1, page key hackernewshackernews_newid,title,time,by,score,dead,deleted,descendants,kids,parent,parts,poll,text,type,url,_ctx-1-0
2023-03-05 02:44:48.399 UTC [TRACE] steampipe-plugin-hackernews.plugin: [TRACE] 1677984287480: writePageToCache Set - result written
2023-03-05 02:44:48.399 UTC [TRACE] steampipe-plugin-hackernews.plugin: [TRACE] 1677984287480: QueryCache EndSet - result written
2023-03-05 02:44:48.399 UTC [TRACE] steampipe-plugin-hackernews.plugin: [TRACE] 1677984287480: doGet cache miss
2023-03-05 02:44:48.399 UTC [TRACE] steampipe-plugin-hackernews.plugin: [TRACE] 1677984287480: getCachedIndexBucket - no item retrieved for cache key index__hackernewshackernews_new
2023-03-05 02:44:48.399 UTC [TRACE] steampipe-plugin-hackernews.plugin: [TRACE] 1677984287480: getCachedIndexBucket returned cache miss
2023-03-05 02:44:48.399 UTC [TRACE] steampipe-plugin-hackernews.plugin: [TRACE] 1677984287480: QueryCache EndSet - Added index item (0xc01b02c7e0) to bucket (0xc019c92378), page count 1,  key root hackernewshackernews_newid,title,time,by,score,dead,deleted,descendants,kids,parent,parts,poll,text,type,url,_ctx-1
2023-03-05 02:44:48.399 UTC [TRACE] steampipe-plugin-hackernews.plugin: [TRACE] 1677984287480: cacheSetIndexBucket index__hackernewshackernews_new
2023-03-05 02:44:48.399 UTC [TRACE] steampipe-plugin-hackernews.plugin: [TRACE] 1677984287480: QueryCache EndSet - IndexBucket written
2023-03-05 02:44:48.399 UTC [TRACE] steampipe-plugin-hackernews.plugin: [TRACE] 1677984287480: EndSet DEFER (hackernews-1677984287480) table hackernews_new
2023-03-05 02:44:48.399 UTC [TRACE] steampipe-plugin-hackernews.plugin: [TRACE] 1677984287480: calling pendingItemComplete (hackernews-1677984287480)
2023-03-05 02:44:48.399 UTC [TRACE] steampipe-plugin-hackernews.plugin: [TRACE] 1677984287480: pendingItemComplete (hackernews-1677984287480) indexBucketKey index__hackernewshackernews_new, columns [id title time by score dead deleted descendants kids parent parts poll text type url _ctx], limit -1
2023-03-05 02:44:48.399 UTC [TRACE] steampipe-plugin-hackernews.plugin: [TRACE] 1677984287480: got pending index bucket, (hackernews-1677984287480) len 1
2023-03-05 02:44:48.399 UTC [TRACE] steampipe-plugin-hackernews.plugin: [TRACE] 1677984287480: SatisfiesLimit limit -1, no item limit - satisfied
2023-03-05 02:44:48.399 UTC [TRACE] steampipe-plugin-hackernews.plugin: [TRACE] 1677984287480: found pending index item to satisfy columns id,title,time,by,score,dead,deleted,descendants,kids,parent,parts,poll,text,type,url,_ctx, limit -1
2023-03-05 02:44:48.399 UTC [TRACE] steampipe-plugin-hackernews.plugin: [TRACE] 1677984287480: found completed pending item (hackernews-1677984287480) 0xc000424e40, key hackernewshackernews_newid,title,time,by,score,dead,deleted,descendants,kids,parent,parts,poll,text,type,url,_ctx-1 - removing from map as it is complete
2023-03-05 02:44:48.399 UTC [TRACE] steampipe-plugin-hackernews.plugin: [TRACE] 1677984287480: pendingIndexItem Unlock count before 1 key hackernewshackernews_newid,title,time,by,score,dead,deleted,descendants,kids,parent,parts,poll,text,type,url,_ctx-1
2023-03-05 02:44:48.399 UTC [TRACE] steampipe-plugin-hackernews.plugin: [TRACE] 1677984287480: deleted from pending, (hackernews-1677984287480) len 0
2023-03-05 02:44:48.399 UTC [TRACE] steampipe-plugin-hackernews.plugin: [TRACE] 1677984287480: pending bucket now empty - deleting key index__hackernewshackernews_new
2023-03-05 02:44:48.399 UTC [TRACE] steampipe-plugin-hackernews.plugin: [TRACE] 1677984287480: pendingItemComplete done (hackernews-1677984287480)
2023-03-05 02:44:48.399 UTC [TRACE] steampipe-plugin-hackernews.plugin: [TRACE] 1677984287480: cache set succeeded
2023-03-05 02:44:48.399 UTC [TRACE] steampipe-plugin-hackernews.plugin: [TRACE] 1677984287480: End execute span
2023-03-05 02:44:48.399 UTC [TRACE] steampipe-plugin-hackernews.plugin: [TRACE] 1677984287480: executeForConnection DEFER (hackernews-1677984287480)
2023-03-05 02:44:48.399 UTC [TRACE] steampipe-plugin-hackernews.plugin: [TRACE] 1677984287480: Execute complete callId: hackernews-1677984287480 table: hackernews_new
2023-03-05 02:44:48.399 UTC [TRACE] steampipe-plugin-hackernews.plugin: [TRACE] 1677984287480: executeForConnection hackernews returned
2023-03-05 02:44:48.399 UTC [TRACE] steampipe-plugin-hackernews.plugin: [TRACE] 1677984287480: output wg complete - send nil row
2023-03-05 02:44:48.399 UTC [TRACE] steampipe-plugin-hackernews.plugin: [TRACE] 1677984287480: empty row on output channel - we are done
2023-03-05 02:44:48.399 UTC [INFO]  steampipe-plugin-hackernews.plugin: [INFO]  1677984287480: Plugin Execute complete (1677984287480)
2023-03-05 02:44:48.415 UTC [TRACE] PluginManager Shutdown
2023-03-05 02:44:48.415 UTC [TRACE] killing plugin csv (1964)
2023-03-05 02:44:48.418 UTC [TRACE] steampipe-plugin-csv.plugin: [TRACE] FLUSHING instrumentation
2023-03-05 02:44:48.418 UTC [TRACE] steampipe-plugin-csv.plugin: [TRACE] Shutdown instrumentation
2023-03-05 02:44:48.418 UTC [DEBUG] stdio: received EOF, stopping recv loop: err="rpc error: code = Unavailable desc = error reading from server: EOF"
2023-03-05 02:44:48.419 UTC [INFO]  plugin process exited: path=/home/runner/.steampipe/plugins/hub.steampipe.io/plugins/turbot/csv@latest/steampipe-plugin-csv.plugin pid=1964
2023-03-05 02:44:48.419 UTC [DEBUG] plugin exited
2023-03-05 02:44:48.419 UTC [TRACE] killing plugin hackernews (1986)
2023-03-05 02:44:48.420 UTC [TRACE] steampipe-plugin-hackernews.plugin: [TRACE] 1677984287480: FLUSHING instrumentation
2023-03-05 02:44:48.420 UTC [TRACE] steampipe-plugin-hackernews.plugin: [TRACE] 1677984287480: Shutdown instrumentation
2023-03-05 02:44:48.420 UTC [DEBUG] stdio: received EOF, stopping recv loop: err="rpc error: code = Unavailable desc = error reading from server: EOF"
2023-03-05 02:44:48.422 UTC [INFO]  plugin process exited: path=/home/runner/.steampipe/plugins/hub.steampipe.io/plugins/turbot/hackernews@latest/steampipe-plugin-hackernews.plugin pid=1986
2023-03-05 02:44:48.422 UTC [DEBUG] plugin exited
2023-03-05 02:44:56.883 UTC [WARN]  steampipe-plugin-csv.plugin: [WARN]  1677984296495: getKeyColumnsForTable found no schema for table '/home/runner/work/steampipe-samples/steampipe-samples/all/hackernews/hn.csv'
2023-03-05 02:45:51.520 UTC [WARN]  steampipe-plugin-csv.plugin: [WARN]  1677984351381: getKeyColumnsForTable found no schema for table '/home/runner/work/steampipe-samples/steampipe-samples/all/hackernews/hn.csv'
2023-03-05 02:49:01.534 UTC [ERROR] steampipe-plugin-csv.plugin: [ERROR] csv.tableCSV: header_parse_error=EOF path=/home/runner/work/steampipe-samples/steampipe-samples/all/hackernews/new_sc.csv header=[]
2023-03-05 02:49:01.534 UTC [ERROR] steampipe-plugin-csv.plugin: [ERROR] csv.PluginTables: create_table_error="failed to parse file header /home/runner/work/steampipe-samples/steampipe-samples/all/hackernews/new_sc.csv: EOF" path=/home/runner/work/steampipe-samples/steampipe-samples/all/hackernews/new_sc.csv
2023-03-05 02:49:01.535 UTC [WARN]  failed to set connection config: failed to parse file header /home/runner/work/steampipe-samples/steampipe-samples/all/hackernews/new_sc.csv: EOF
2023-03-05 02:49:02.576 UTC [WARN]  steampipe-plugin-csv.plugin: [WARN]  1677984542171: getKeyColumnsForTable found no schema for table '/home/runner/work/steampipe-samples/steampipe-samples/all/hackernews/new_sc.csv'
2023-03-05 02:49:09.738 UTC [ERROR] steampipe-plugin-csv.plugin: [ERROR] csv.tableCSV: header_parse_error=EOF path=/home/runner/work/steampipe-samples/steampipe-samples/all/hackernews/hn_items_all.csv header=[]
2023-03-05 02:49:09.738 UTC [ERROR] steampipe-plugin-csv.plugin: [ERROR] csv.PluginTables: create_table_error="failed to parse file header /home/runner/work/steampipe-samples/steampipe-samples/all/hackernews/hn_items_all.csv: EOF" path=/home/runner/work/steampipe-samples/steampipe-samples/all/hackernews/hn_items_all.csv
2023-03-05 02:49:09.738 UTC [WARN]  failed to set connection config: failed to parse file header /home/runner/work/steampipe-samples/steampipe-samples/all/hackernews/hn_items_all.csv: EOF
