2023-01-16 04:20:27.708 UTC [INFO]  starting plugin manager
2023-01-16 04:20:27.708 UTC [TRACE] loaded config map: csv,github,hackernews,net
2023-01-16 04:20:27.708 UTC [TRACE] NewPluginManager
2023-01-16 04:20:27.709 UTC [TRACE] PluginManager setPluginCacheSizeMap: 4 connections.
2023-01-16 04:20:27.709 UTC [TRACE] Total cache size 0Mb
2023-01-16 04:20:27.709 UTC [INFO]  starting connection watcher
2023-01-16 04:20:27.709 UTC [INFO]  created ConnectionWatcher
2023-01-16 04:20:27.709 UTC [TRACE] about to serve
2023-01-16 04:20:27.765 UTC [TRACE] PluginManager Get, connections: '[csv]'
2023-01-16 04:20:27.765 UTC [TRACE] PluginManager getPlugin hub.steampipe.io/plugins/turbot/csv@latest connection 'csv'
2023-01-16 04:20:27.765 UTC [TRACE] PluginManager 0xc000725630 plugin hub.steampipe.io/plugins/turbot/csv@latest (csv) NOT started or starting - start now
2023-01-16 04:20:27.765 UTC [TRACE] ************ start plugin csv ********************
2023-01-16 04:20:27.765 UTC [TRACE] ************ plugin path /home/runner/.steampipe/plugins/hub.steampipe.io/plugins/turbot/csv@latest/steampipe-plugin-csv.plugin ********************
2023-01-16 04:20:27.834 UTC [DEBUG] starting plugin: path=/home/runner/.steampipe/plugins/hub.steampipe.io/plugins/turbot/csv@latest/steampipe-plugin-csv.plugin args=["/home/runner/.steampipe/plugins/hub.steampipe.io/plugins/turbot/csv@latest/steampipe-plugin-csv.plugin"]
2023-01-16 04:20:27.834 UTC [DEBUG] plugin started: path=/home/runner/.steampipe/plugins/hub.steampipe.io/plugins/turbot/csv@latest/steampipe-plugin-csv.plugin pid=2006
2023-01-16 04:20:27.834 UTC [DEBUG] waiting for RPC address: path=/home/runner/.steampipe/plugins/hub.steampipe.io/plugins/turbot/csv@latest/steampipe-plugin-csv.plugin
2023-01-16 04:20:27.843 UTC [INFO]  steampipe-plugin-csv.plugin: [INFO]  Initialise plugin 'steampipe-plugin-csv', using sdk version 4.1.8
2023-01-16 04:20:27.843 UTC [TRACE] steampipe-plugin-csv.plugin: [TRACE] no DefaultRetryConfig defined - creating empty
2023-01-16 04:20:27.843 UTC [TRACE] steampipe-plugin-csv.plugin: [TRACE] no DefaultIgnoreConfig defined - creating empty
2023-01-16 04:20:27.843 UTC [TRACE] steampipe-plugin-csv.plugin: [TRACE] telemetry.Init service 'steampipe-plugin-csv', tracingEnabled: false, metricsEnabled: false
2023-01-16 04:20:27.843 UTC [TRACE] steampipe-plugin-csv.plugin: [TRACE] metrics and tracing disabled' - returning
2023-01-16 04:20:27.844 UTC [DEBUG] steampipe-plugin-csv.plugin: plugin address: address=/tmp/plugin2106162349 network=unix timestamp=2023-01-16T04:20:27.844Z
2023-01-16 04:20:27.844 UTC [DEBUG] using plugin: version=0
2023-01-16 04:20:27.844 UTC [TRACE] NewPluginClient for plugin hub.steampipe.io/plugins/turbot/csv@latest
2023-01-16 04:20:27.845 UTC [TRACE] stdio: waiting for stdio data
2023-01-16 04:20:27.846 UTC [TRACE] supportedOperations: query_cache:true multiple_connections:true
2023-01-16 04:20:27.847 UTC [TRACE] steampipe-plugin-csv.plugin: [TRACE] SetAllConnectionConfigs setting 1 configs
2023-01-16 04:20:27.847 UTC [TRACE] steampipe-plugin-csv.plugin: [TRACE] connection csv build schema and table map
2023-01-16 04:20:27.847 UTC [DEBUG] steampipe-plugin-csv.plugin: [DEBUG] csv.tableCSV: path=/home/runner/work/steampipe-samples/steampipe-samples/all/hackernews/hn_items_all.csv detected_encoding=Unknown
2023-01-16 04:20:27.847 UTC [DEBUG] steampipe-plugin-csv.plugin: [DEBUG] csv.tableCSV: path=/home/runner/work/steampipe-samples/steampipe-samples/all/hackernews/new_sc.csv detected_encoding=Unknown
2023-01-16 04:20:27.847 UTC [DEBUG] steampipe-plugin-csv.plugin: [DEBUG] csv.tableCSV: path=/home/runner/work/steampipe-samples/steampipe-samples/all/hackernews/people.csv detected_encoding=Unknown
2023-01-16 04:20:27.847 UTC [TRACE] steampipe-plugin-csv.plugin: [TRACE] initialise table /home/runner/work/steampipe-samples/steampipe-samples/all/hackernews/new_sc.csv
2023-01-16 04:20:27.847 UTC [TRACE] steampipe-plugin-csv.plugin: [TRACE] no DefaultRetryConfig defined - creating empty
2023-01-16 04:20:27.847 UTC [TRACE] steampipe-plugin-csv.plugin: [TRACE] no DefaultIgnoreConfig defined - creating empty
2023-01-16 04:20:27.847 UTC [TRACE] steampipe-plugin-csv.plugin: [TRACE] apply plugin defaults for DefaultRetryConfig
2023-01-16 04:20:27.847 UTC [TRACE] steampipe-plugin-csv.plugin: [TRACE] apply plugin defaults for DefaultIgnoreConfig, table &{<nil> <nil>} plugin &{<nil> <nil>}
2023-01-16 04:20:27.847 UTC [TRACE] steampipe-plugin-csv.plugin: [TRACE] DefaultRetryConfig:
2023-01-16 04:20:27.847 UTC [TRACE] steampipe-plugin-csv.plugin: [TRACE] DefaultIgnoreConfig:
2023-01-16 04:20:27.847 UTC [TRACE] steampipe-plugin-csv.plugin: [TRACE] t.List.initialise
2023-01-16 04:20:27.847 UTC [TRACE] steampipe-plugin-csv.plugin: [TRACE] ListConfig.initialise table /home/runner/work/steampipe-samples/steampipe-samples/all/hackernews/new_sc.csv
2023-01-16 04:20:27.847 UTC [TRACE] steampipe-plugin-csv.plugin: [TRACE] ListConfig.initialise complete: RetryConfig: , IgnoreConfig
2023-01-16 04:20:27.847 UTC [TRACE] steampipe-plugin-csv.plugin: [TRACE] back from initialiseHydrateConfigs
2023-01-16 04:20:27.847 UTC [TRACE] steampipe-plugin-csv.plugin: [TRACE] initialise table /home/runner/work/steampipe-samples/steampipe-samples/all/hackernews/new_sc.csv COMPLETE
2023-01-16 04:20:27.847 UTC [TRACE] steampipe-plugin-csv.plugin: [TRACE] initialise table /home/runner/work/steampipe-samples/steampipe-samples/all/hackernews/people.csv
2023-01-16 04:20:27.847 UTC [TRACE] steampipe-plugin-csv.plugin: [TRACE] no DefaultRetryConfig defined - creating empty
2023-01-16 04:20:27.847 UTC [TRACE] steampipe-plugin-csv.plugin: [TRACE] no DefaultIgnoreConfig defined - creating empty
2023-01-16 04:20:27.847 UTC [TRACE] steampipe-plugin-csv.plugin: [TRACE] apply plugin defaults for DefaultRetryConfig
2023-01-16 04:20:27.847 UTC [TRACE] steampipe-plugin-csv.plugin: [TRACE] apply plugin defaults for DefaultIgnoreConfig, table &{<nil> <nil>} plugin &{<nil> <nil>}
2023-01-16 04:20:27.847 UTC [TRACE] steampipe-plugin-csv.plugin: [TRACE] DefaultRetryConfig:
2023-01-16 04:20:27.847 UTC [TRACE] steampipe-plugin-csv.plugin: [TRACE] DefaultIgnoreConfig:
2023-01-16 04:20:27.847 UTC [TRACE] steampipe-plugin-csv.plugin: [TRACE] t.List.initialise
2023-01-16 04:20:27.847 UTC [TRACE] steampipe-plugin-csv.plugin: [TRACE] ListConfig.initialise table /home/runner/work/steampipe-samples/steampipe-samples/all/hackernews/people.csv
2023-01-16 04:20:27.847 UTC [TRACE] steampipe-plugin-csv.plugin: [TRACE] ListConfig.initialise complete: RetryConfig: , IgnoreConfig
2023-01-16 04:20:27.847 UTC [TRACE] steampipe-plugin-csv.plugin: [TRACE] back from initialiseHydrateConfigs
2023-01-16 04:20:27.847 UTC [TRACE] steampipe-plugin-csv.plugin: [TRACE] initialise table /home/runner/work/steampipe-samples/steampipe-samples/all/hackernews/people.csv COMPLETE
2023-01-16 04:20:27.847 UTC [TRACE] steampipe-plugin-csv.plugin: [TRACE] initialise table /home/runner/work/steampipe-samples/steampipe-samples/all/hackernews/hn_items_all.csv
2023-01-16 04:20:27.847 UTC [TRACE] steampipe-plugin-csv.plugin: [TRACE] no DefaultRetryConfig defined - creating empty
2023-01-16 04:20:27.847 UTC [TRACE] steampipe-plugin-csv.plugin: [TRACE] no DefaultIgnoreConfig defined - creating empty
2023-01-16 04:20:27.847 UTC [TRACE] steampipe-plugin-csv.plugin: [TRACE] apply plugin defaults for DefaultRetryConfig
2023-01-16 04:20:27.847 UTC [TRACE] steampipe-plugin-csv.plugin: [TRACE] apply plugin defaults for DefaultIgnoreConfig, table &{<nil> <nil>} plugin &{<nil> <nil>}
2023-01-16 04:20:27.847 UTC [TRACE] steampipe-plugin-csv.plugin: [TRACE] DefaultRetryConfig:
2023-01-16 04:20:27.847 UTC [TRACE] steampipe-plugin-csv.plugin: [TRACE] DefaultIgnoreConfig:
2023-01-16 04:20:27.847 UTC [TRACE] steampipe-plugin-csv.plugin: [TRACE] t.List.initialise
2023-01-16 04:20:27.847 UTC [TRACE] steampipe-plugin-csv.plugin: [TRACE] ListConfig.initialise table /home/runner/work/steampipe-samples/steampipe-samples/all/hackernews/hn_items_all.csv
2023-01-16 04:20:27.847 UTC [TRACE] steampipe-plugin-csv.plugin: [TRACE] ListConfig.initialise complete: RetryConfig: , IgnoreConfig
2023-01-16 04:20:27.847 UTC [TRACE] steampipe-plugin-csv.plugin: [TRACE] back from initialiseHydrateConfigs
2023-01-16 04:20:27.848 UTC [TRACE] steampipe-plugin-csv.plugin: [TRACE] initialise table /home/runner/work/steampipe-samples/steampipe-samples/all/hackernews/hn_items_all.csv COMPLETE
2023-01-16 04:20:27.848 UTC [TRACE] steampipe-plugin-csv.plugin: [TRACE] validate plugin steampipe-plugin-csv, required columns []
2023-01-16 04:20:27.848 UTC [TRACE] steampipe-plugin-csv.plugin: [TRACE] validate DefaultRetryConfig
2023-01-16 04:20:27.848 UTC [TRACE] steampipe-plugin-csv.plugin: [TRACE] validate DefaultIgnoreConfig
2023-01-16 04:20:27.848 UTC [TRACE] steampipe-plugin-csv.plugin: [TRACE] validate table names
2023-01-16 04:20:27.848 UTC [TRACE] steampipe-plugin-csv.plugin: [TRACE] plugin has 0 validation errors
2023-01-16 04:20:27.848 UTC [TRACE] steampipe-plugin-csv.plugin: [TRACE] Plugin ensureCache creating cache, maxCacheStorageMb 0
2023-01-16 04:20:27.848 UTC [TRACE] steampipe-plugin-csv.plugin: [TRACE] createCacheStore for plugin 'steampipe-plugin-csv' setting max size to 0Mb, Shards: 2, max shard size: 0
2023-01-16 04:20:27.858 UTC [INFO]  steampipe-plugin-csv.plugin: [INFO]  query cache created
2023-01-16 04:20:27.858 UTC [DEBUG] steampipe-plugin-csv.plugin: [DEBUG] SetAllConnectionConfigs finished
2023-01-16 04:20:27.858 UTC [TRACE] PluginManager getPlugin complete, returning reattach config with PID: 2006
2023-01-16 04:20:27.858 UTC [TRACE] PluginManager Get returning reattach_map:{key:"csv" value:{protocol:"grpc" addr:{Network:"unix" Address:"/tmp/plugin2106162349"} pid:2006 supported_operations:{query_cache:true multiple_connections:true} connections:"csv" plugin:"hub.steampipe.io/plugins/turbot/csv@latest"}}
2023-01-16 04:20:27.942 UTC [TRACE] PluginManager Get, connections: '[csv]'
2023-01-16 04:20:27.942 UTC [TRACE] PluginManager getPlugin hub.steampipe.io/plugins/turbot/csv@latest connection 'csv'
2023-01-16 04:20:27.942 UTC [TRACE] connection csv found in connectionPluginMap
2023-01-16 04:20:27.942 UTC [TRACE] initialized: 2006
2023-01-16 04:20:27.942 UTC [TRACE] initialized: 2006
2023-01-16 04:20:27.942 UTC [TRACE] connection csv is loaded, check for running PID
2023-01-16 04:20:27.942 UTC [TRACE] PluginManager found 'csv' in map, pid 2006
2023-01-16 04:20:27.943 UTC [TRACE] PluginManager Get returning reattach_map:{key:"csv" value:{protocol:"grpc" addr:{Network:"unix" Address:"/tmp/plugin2106162349"} pid:2006 supported_operations:{query_cache:true multiple_connections:true} connections:"csv" plugin:"hub.steampipe.io/plugins/turbot/csv@latest"}}
2023-01-16 04:20:28.095 UTC [TRACE] PluginManager Get, connections: '[hackernews]'
2023-01-16 04:20:28.095 UTC [TRACE] PluginManager getPlugin hub.steampipe.io/plugins/turbot/hackernews@latest connection 'hackernews'
2023-01-16 04:20:28.095 UTC [TRACE] PluginManager 0xc000725630 plugin hub.steampipe.io/plugins/turbot/hackernews@latest (hackernews) NOT started or starting - start now
2023-01-16 04:20:28.095 UTC [TRACE] ************ start plugin hackernews ********************
2023-01-16 04:20:28.095 UTC [TRACE] ************ plugin path /home/runner/.steampipe/plugins/hub.steampipe.io/plugins/turbot/hackernews@latest/steampipe-plugin-hackernews.plugin ********************
2023-01-16 04:20:28.165 UTC [DEBUG] starting plugin: path=/home/runner/.steampipe/plugins/hub.steampipe.io/plugins/turbot/hackernews@latest/steampipe-plugin-hackernews.plugin args=["/home/runner/.steampipe/plugins/hub.steampipe.io/plugins/turbot/hackernews@latest/steampipe-plugin-hackernews.plugin"]
2023-01-16 04:20:28.166 UTC [DEBUG] plugin started: path=/home/runner/.steampipe/plugins/hub.steampipe.io/plugins/turbot/hackernews@latest/steampipe-plugin-hackernews.plugin pid=2029
2023-01-16 04:20:28.166 UTC [DEBUG] waiting for RPC address: path=/home/runner/.steampipe/plugins/hub.steampipe.io/plugins/turbot/hackernews@latest/steampipe-plugin-hackernews.plugin
2023-01-16 04:20:28.172 UTC [INFO]  steampipe-plugin-hackernews.plugin: [INFO]  Initialise plugin 'steampipe-plugin-hackernews', using sdk version 4.1.7
2023-01-16 04:20:28.172 UTC [TRACE] steampipe-plugin-hackernews.plugin: [TRACE] defaulting SchemaMode to SchemaModeStatic
2023-01-16 04:20:28.172 UTC [TRACE] steampipe-plugin-hackernews.plugin: [TRACE] no DefaultRetryConfig defined - creating empty
2023-01-16 04:20:28.172 UTC [TRACE] steampipe-plugin-hackernews.plugin: [TRACE] no DefaultIgnoreConfig defined - creating empty
2023-01-16 04:20:28.172 UTC [TRACE] steampipe-plugin-hackernews.plugin: [TRACE] Setting Ulimit: ulimit=2560
2023-01-16 04:20:28.173 UTC [TRACE] steampipe-plugin-hackernews.plugin: [TRACE] telemetry.Init service 'steampipe-plugin-hackernews', tracingEnabled: false, metricsEnabled: false
2023-01-16 04:20:28.173 UTC [TRACE] steampipe-plugin-hackernews.plugin: [TRACE] metrics and tracing disabled' - returning
2023-01-16 04:20:28.174 UTC [DEBUG] steampipe-plugin-hackernews.plugin: plugin address: address=/tmp/plugin950677623 network=unix timestamp=2023-01-16T04:20:28.174Z
2023-01-16 04:20:28.174 UTC [DEBUG] using plugin: version=0
2023-01-16 04:20:28.174 UTC [TRACE] NewPluginClient for plugin hub.steampipe.io/plugins/turbot/hackernews@latest
2023-01-16 04:20:28.175 UTC [TRACE] stdio: waiting for stdio data
2023-01-16 04:20:28.175 UTC [TRACE] supportedOperations: query_cache:true multiple_connections:true
2023-01-16 04:20:28.175 UTC [TRACE] steampipe-plugin-hackernews.plugin: [TRACE] SetAllConnectionConfigs setting 1 configs
2023-01-16 04:20:28.175 UTC [TRACE] steampipe-plugin-hackernews.plugin: [TRACE] connection hackernews build schema and table map
2023-01-16 04:20:28.175 UTC [TRACE] steampipe-plugin-hackernews.plugin: [TRACE] initialise table hackernews_show_hn
2023-01-16 04:20:28.175 UTC [TRACE] steampipe-plugin-hackernews.plugin: [TRACE] no DefaultRetryConfig defined - creating empty
2023-01-16 04:20:28.175 UTC [TRACE] steampipe-plugin-hackernews.plugin: [TRACE] no DefaultIgnoreConfig defined - creating empty
2023-01-16 04:20:28.175 UTC [TRACE] steampipe-plugin-hackernews.plugin: [TRACE] apply plugin defaults for DefaultRetryConfig
2023-01-16 04:20:28.175 UTC [TRACE] steampipe-plugin-hackernews.plugin: [TRACE] apply plugin defaults for DefaultIgnoreConfig, table &{<nil> <nil>} plugin &{<nil> <nil>}
2023-01-16 04:20:28.175 UTC [TRACE] steampipe-plugin-hackernews.plugin: [TRACE] DefaultRetryConfig:
2023-01-16 04:20:28.175 UTC [TRACE] steampipe-plugin-hackernews.plugin: [TRACE] DefaultIgnoreConfig:
2023-01-16 04:20:28.175 UTC [TRACE] steampipe-plugin-hackernews.plugin: [TRACE] t.Get.initialise
2023-01-16 04:20:28.175 UTC [TRACE] steampipe-plugin-hackernews.plugin: [TRACE] GetConfig.initialise table hackernews_show_hn
2023-01-16 04:20:28.175 UTC [TRACE] steampipe-plugin-hackernews.plugin: [TRACE] GetConfig.initialise complete: RetryConfig: , IgnoreConfig:
2023-01-16 04:20:28.175 UTC [TRACE] steampipe-plugin-hackernews.plugin: [TRACE] t.List.initialise
2023-01-16 04:20:28.175 UTC [TRACE] steampipe-plugin-hackernews.plugin: [TRACE] ListConfig.initialise table hackernews_show_hn
2023-01-16 04:20:28.175 UTC [TRACE] steampipe-plugin-hackernews.plugin: [TRACE] ListConfig.initialise complete: RetryConfig: , IgnoreConfig
2023-01-16 04:20:28.175 UTC [TRACE] steampipe-plugin-hackernews.plugin: [TRACE] HydrateConfig.initialise func getItem, table hackernews_show_hn
2023-01-16 04:20:28.175 UTC [TRACE] steampipe-plugin-hackernews.plugin: [TRACE] HydrateConfig.initialise complete: RetryConfig: , IgnoreConfig:
2023-01-16 04:20:28.175 UTC [TRACE] steampipe-plugin-hackernews.plugin: [TRACE] back from initialiseHydrateConfigs
2023-01-16 04:20:28.175 UTC [TRACE] steampipe-plugin-hackernews.plugin: [TRACE] initialise table hackernews_show_hn COMPLETE
2023-01-16 04:20:28.175 UTC [TRACE] steampipe-plugin-hackernews.plugin: [TRACE] initialise table hackernews_top
2023-01-16 04:20:28.175 UTC [TRACE] steampipe-plugin-hackernews.plugin: [TRACE] no DefaultRetryConfig defined - creating empty
2023-01-16 04:20:28.175 UTC [TRACE] steampipe-plugin-hackernews.plugin: [TRACE] no DefaultIgnoreConfig defined - creating empty
2023-01-16 04:20:28.175 UTC [TRACE] steampipe-plugin-hackernews.plugin: [TRACE] apply plugin defaults for DefaultRetryConfig
2023-01-16 04:20:28.175 UTC [TRACE] steampipe-plugin-hackernews.plugin: [TRACE] apply plugin defaults for DefaultIgnoreConfig, table &{<nil> <nil>} plugin &{<nil> <nil>}
2023-01-16 04:20:28.175 UTC [TRACE] steampipe-plugin-hackernews.plugin: [TRACE] DefaultRetryConfig:
2023-01-16 04:20:28.175 UTC [TRACE] steampipe-plugin-hackernews.plugin: [TRACE] DefaultIgnoreConfig:
2023-01-16 04:20:28.175 UTC [TRACE] steampipe-plugin-hackernews.plugin: [TRACE] t.Get.initialise
2023-01-16 04:20:28.175 UTC [TRACE] steampipe-plugin-hackernews.plugin: [TRACE] GetConfig.initialise table hackernews_top
2023-01-16 04:20:28.175 UTC [TRACE] steampipe-plugin-hackernews.plugin: [TRACE] GetConfig.initialise complete: RetryConfig: , IgnoreConfig:
2023-01-16 04:20:28.175 UTC [TRACE] steampipe-plugin-hackernews.plugin: [TRACE] t.List.initialise
2023-01-16 04:20:28.175 UTC [TRACE] steampipe-plugin-hackernews.plugin: [TRACE] ListConfig.initialise table hackernews_top
2023-01-16 04:20:28.175 UTC [TRACE] steampipe-plugin-hackernews.plugin: [TRACE] ListConfig.initialise complete: RetryConfig: , IgnoreConfig
2023-01-16 04:20:28.175 UTC [TRACE] steampipe-plugin-hackernews.plugin: [TRACE] HydrateConfig.initialise func getItem, table hackernews_top
2023-01-16 04:20:28.175 UTC [TRACE] steampipe-plugin-hackernews.plugin: [TRACE] HydrateConfig.initialise complete: RetryConfig: , IgnoreConfig:
2023-01-16 04:20:28.176 UTC [TRACE] steampipe-plugin-hackernews.plugin: [TRACE] back from initialiseHydrateConfigs
2023-01-16 04:20:28.176 UTC [TRACE] steampipe-plugin-hackernews.plugin: [TRACE] initialise table hackernews_top COMPLETE
2023-01-16 04:20:28.176 UTC [TRACE] steampipe-plugin-hackernews.plugin: [TRACE] initialise table hackernews_user
2023-01-16 04:20:28.176 UTC [TRACE] steampipe-plugin-hackernews.plugin: [TRACE] no DefaultRetryConfig defined - creating empty
2023-01-16 04:20:28.176 UTC [TRACE] steampipe-plugin-hackernews.plugin: [TRACE] no DefaultIgnoreConfig defined - creating empty
2023-01-16 04:20:28.176 UTC [TRACE] steampipe-plugin-hackernews.plugin: [TRACE] apply plugin defaults for DefaultRetryConfig
2023-01-16 04:20:28.176 UTC [TRACE] steampipe-plugin-hackernews.plugin: [TRACE] apply plugin defaults for DefaultIgnoreConfig, table &{<nil> <nil>} plugin &{<nil> <nil>}
2023-01-16 04:20:28.176 UTC [TRACE] steampipe-plugin-hackernews.plugin: [TRACE] DefaultRetryConfig:
2023-01-16 04:20:28.176 UTC [TRACE] steampipe-plugin-hackernews.plugin: [TRACE] DefaultIgnoreConfig:
2023-01-16 04:20:28.176 UTC [TRACE] steampipe-plugin-hackernews.plugin: [TRACE] t.List.initialise
2023-01-16 04:20:28.176 UTC [TRACE] steampipe-plugin-hackernews.plugin: [TRACE] ListConfig.initialise table hackernews_user
2023-01-16 04:20:28.176 UTC [TRACE] steampipe-plugin-hackernews.plugin: [TRACE] ListConfig.initialise complete: RetryConfig: , IgnoreConfig
2023-01-16 04:20:28.176 UTC [TRACE] steampipe-plugin-hackernews.plugin: [TRACE] back from initialiseHydrateConfigs
2023-01-16 04:20:28.176 UTC [TRACE] steampipe-plugin-hackernews.plugin: [TRACE] initialise table hackernews_user COMPLETE
2023-01-16 04:20:28.176 UTC [TRACE] steampipe-plugin-hackernews.plugin: [TRACE] initialise table hackernews_ask_hn
2023-01-16 04:20:28.176 UTC [TRACE] steampipe-plugin-hackernews.plugin: [TRACE] no DefaultRetryConfig defined - creating empty
2023-01-16 04:20:28.176 UTC [TRACE] steampipe-plugin-hackernews.plugin: [TRACE] no DefaultIgnoreConfig defined - creating empty
2023-01-16 04:20:28.176 UTC [TRACE] steampipe-plugin-hackernews.plugin: [TRACE] apply plugin defaults for DefaultRetryConfig
2023-01-16 04:20:28.176 UTC [TRACE] steampipe-plugin-hackernews.plugin: [TRACE] apply plugin defaults for DefaultIgnoreConfig, table &{<nil> <nil>} plugin &{<nil> <nil>}
2023-01-16 04:20:28.176 UTC [TRACE] steampipe-plugin-hackernews.plugin: [TRACE] DefaultRetryConfig:
2023-01-16 04:20:28.176 UTC [TRACE] steampipe-plugin-hackernews.plugin: [TRACE] DefaultIgnoreConfig:
2023-01-16 04:20:28.176 UTC [TRACE] steampipe-plugin-hackernews.plugin: [TRACE] t.Get.initialise
2023-01-16 04:20:28.176 UTC [TRACE] steampipe-plugin-hackernews.plugin: [TRACE] GetConfig.initialise table hackernews_ask_hn
2023-01-16 04:20:28.176 UTC [TRACE] steampipe-plugin-hackernews.plugin: [TRACE] GetConfig.initialise complete: RetryConfig: , IgnoreConfig:
2023-01-16 04:20:28.176 UTC [TRACE] steampipe-plugin-hackernews.plugin: [TRACE] t.List.initialise
2023-01-16 04:20:28.176 UTC [TRACE] steampipe-plugin-hackernews.plugin: [TRACE] ListConfig.initialise table hackernews_ask_hn
2023-01-16 04:20:28.176 UTC [TRACE] steampipe-plugin-hackernews.plugin: [TRACE] ListConfig.initialise complete: RetryConfig: , IgnoreConfig
2023-01-16 04:20:28.176 UTC [TRACE] steampipe-plugin-hackernews.plugin: [TRACE] HydrateConfig.initialise func getItem, table hackernews_ask_hn
2023-01-16 04:20:28.176 UTC [TRACE] steampipe-plugin-hackernews.plugin: [TRACE] HydrateConfig.initialise complete: RetryConfig: , IgnoreConfig:
2023-01-16 04:20:28.176 UTC [TRACE] steampipe-plugin-hackernews.plugin: [TRACE] back from initialiseHydrateConfigs
2023-01-16 04:20:28.176 UTC [TRACE] steampipe-plugin-hackernews.plugin: [TRACE] initialise table hackernews_ask_hn COMPLETE
2023-01-16 04:20:28.176 UTC [TRACE] steampipe-plugin-hackernews.plugin: [TRACE] initialise table hackernews_best
2023-01-16 04:20:28.176 UTC [TRACE] steampipe-plugin-hackernews.plugin: [TRACE] no DefaultRetryConfig defined - creating empty
2023-01-16 04:20:28.176 UTC [TRACE] steampipe-plugin-hackernews.plugin: [TRACE] no DefaultIgnoreConfig defined - creating empty
2023-01-16 04:20:28.176 UTC [TRACE] steampipe-plugin-hackernews.plugin: [TRACE] apply plugin defaults for DefaultRetryConfig
2023-01-16 04:20:28.176 UTC [TRACE] steampipe-plugin-hackernews.plugin: [TRACE] apply plugin defaults for DefaultIgnoreConfig, table &{<nil> <nil>} plugin &{<nil> <nil>}
2023-01-16 04:20:28.176 UTC [TRACE] steampipe-plugin-hackernews.plugin: [TRACE] DefaultRetryConfig:
2023-01-16 04:20:28.176 UTC [TRACE] steampipe-plugin-hackernews.plugin: [TRACE] DefaultIgnoreConfig:
2023-01-16 04:20:28.176 UTC [TRACE] steampipe-plugin-hackernews.plugin: [TRACE] t.Get.initialise
2023-01-16 04:20:28.176 UTC [TRACE] steampipe-plugin-hackernews.plugin: [TRACE] GetConfig.initialise table hackernews_best
2023-01-16 04:20:28.176 UTC [TRACE] steampipe-plugin-hackernews.plugin: [TRACE] GetConfig.initialise complete: RetryConfig: , IgnoreConfig:
2023-01-16 04:20:28.176 UTC [TRACE] steampipe-plugin-hackernews.plugin: [TRACE] t.List.initialise
2023-01-16 04:20:28.176 UTC [TRACE] steampipe-plugin-hackernews.plugin: [TRACE] ListConfig.initialise table hackernews_best
2023-01-16 04:20:28.176 UTC [TRACE] steampipe-plugin-hackernews.plugin: [TRACE] ListConfig.initialise complete: RetryConfig: , IgnoreConfig
2023-01-16 04:20:28.176 UTC [TRACE] steampipe-plugin-hackernews.plugin: [TRACE] HydrateConfig.initialise func getItem, table hackernews_best
2023-01-16 04:20:28.176 UTC [TRACE] steampipe-plugin-hackernews.plugin: [TRACE] HydrateConfig.initialise complete: RetryConfig: , IgnoreConfig:
2023-01-16 04:20:28.176 UTC [TRACE] steampipe-plugin-hackernews.plugin: [TRACE] back from initialiseHydrateConfigs
2023-01-16 04:20:28.176 UTC [TRACE] steampipe-plugin-hackernews.plugin: [TRACE] initialise table hackernews_best COMPLETE
2023-01-16 04:20:28.176 UTC [TRACE] steampipe-plugin-hackernews.plugin: [TRACE] initialise table hackernews_item
2023-01-16 04:20:28.176 UTC [TRACE] steampipe-plugin-hackernews.plugin: [TRACE] no DefaultRetryConfig defined - creating empty
2023-01-16 04:20:28.176 UTC [TRACE] steampipe-plugin-hackernews.plugin: [TRACE] no DefaultIgnoreConfig defined - creating empty
2023-01-16 04:20:28.176 UTC [TRACE] steampipe-plugin-hackernews.plugin: [TRACE] apply plugin defaults for DefaultRetryConfig
2023-01-16 04:20:28.176 UTC [TRACE] steampipe-plugin-hackernews.plugin: [TRACE] apply plugin defaults for DefaultIgnoreConfig, table &{<nil> <nil>} plugin &{<nil> <nil>}
2023-01-16 04:20:28.176 UTC [TRACE] steampipe-plugin-hackernews.plugin: [TRACE] DefaultRetryConfig:
2023-01-16 04:20:28.176 UTC [TRACE] steampipe-plugin-hackernews.plugin: [TRACE] DefaultIgnoreConfig:
2023-01-16 04:20:28.176 UTC [TRACE] steampipe-plugin-hackernews.plugin: [TRACE] t.Get.initialise
2023-01-16 04:20:28.176 UTC [TRACE] steampipe-plugin-hackernews.plugin: [TRACE] GetConfig.initialise table hackernews_item
2023-01-16 04:20:28.176 UTC [TRACE] steampipe-plugin-hackernews.plugin: [TRACE] GetConfig.initialise complete: RetryConfig: , IgnoreConfig:
2023-01-16 04:20:28.176 UTC [TRACE] steampipe-plugin-hackernews.plugin: [TRACE] t.List.initialise
2023-01-16 04:20:28.176 UTC [TRACE] steampipe-plugin-hackernews.plugin: [TRACE] ListConfig.initialise table hackernews_item
2023-01-16 04:20:28.176 UTC [TRACE] steampipe-plugin-hackernews.plugin: [TRACE] ListConfig.initialise complete: RetryConfig: , IgnoreConfig
2023-01-16 04:20:28.176 UTC [TRACE] steampipe-plugin-hackernews.plugin: [TRACE] HydrateConfig.initialise func getItem, table hackernews_item
2023-01-16 04:20:28.176 UTC [TRACE] steampipe-plugin-hackernews.plugin: [TRACE] HydrateConfig.initialise complete: RetryConfig: , IgnoreConfig:
2023-01-16 04:20:28.176 UTC [TRACE] steampipe-plugin-hackernews.plugin: [TRACE] back from initialiseHydrateConfigs
2023-01-16 04:20:28.176 UTC [TRACE] steampipe-plugin-hackernews.plugin: [TRACE] initialise table hackernews_item COMPLETE
2023-01-16 04:20:28.176 UTC [TRACE] steampipe-plugin-hackernews.plugin: [TRACE] initialise table hackernews_job
2023-01-16 04:20:28.176 UTC [TRACE] steampipe-plugin-hackernews.plugin: [TRACE] no DefaultRetryConfig defined - creating empty
2023-01-16 04:20:28.176 UTC [TRACE] steampipe-plugin-hackernews.plugin: [TRACE] no DefaultIgnoreConfig defined - creating empty
2023-01-16 04:20:28.176 UTC [TRACE] steampipe-plugin-hackernews.plugin: [TRACE] apply plugin defaults for DefaultRetryConfig
2023-01-16 04:20:28.176 UTC [TRACE] steampipe-plugin-hackernews.plugin: [TRACE] apply plugin defaults for DefaultIgnoreConfig, table &{<nil> <nil>} plugin &{<nil> <nil>}
2023-01-16 04:20:28.176 UTC [TRACE] steampipe-plugin-hackernews.plugin: [TRACE] DefaultRetryConfig:
2023-01-16 04:20:28.176 UTC [TRACE] steampipe-plugin-hackernews.plugin: [TRACE] DefaultIgnoreConfig:
2023-01-16 04:20:28.176 UTC [TRACE] steampipe-plugin-hackernews.plugin: [TRACE] t.Get.initialise
2023-01-16 04:20:28.176 UTC [TRACE] steampipe-plugin-hackernews.plugin: [TRACE] GetConfig.initialise table hackernews_job
2023-01-16 04:20:28.176 UTC [TRACE] steampipe-plugin-hackernews.plugin: [TRACE] GetConfig.initialise complete: RetryConfig: , IgnoreConfig:
2023-01-16 04:20:28.176 UTC [TRACE] steampipe-plugin-hackernews.plugin: [TRACE] t.List.initialise
2023-01-16 04:20:28.176 UTC [TRACE] steampipe-plugin-hackernews.plugin: [TRACE] ListConfig.initialise table hackernews_job
2023-01-16 04:20:28.176 UTC [TRACE] steampipe-plugin-hackernews.plugin: [TRACE] ListConfig.initialise complete: RetryConfig: , IgnoreConfig
2023-01-16 04:20:28.176 UTC [TRACE] steampipe-plugin-hackernews.plugin: [TRACE] HydrateConfig.initialise func getItem, table hackernews_job
2023-01-16 04:20:28.176 UTC [TRACE] steampipe-plugin-hackernews.plugin: [TRACE] HydrateConfig.initialise complete: RetryConfig: , IgnoreConfig:
2023-01-16 04:20:28.176 UTC [TRACE] steampipe-plugin-hackernews.plugin: [TRACE] back from initialiseHydrateConfigs
2023-01-16 04:20:28.176 UTC [TRACE] steampipe-plugin-hackernews.plugin: [TRACE] initialise table hackernews_job COMPLETE
2023-01-16 04:20:28.176 UTC [TRACE] steampipe-plugin-hackernews.plugin: [TRACE] initialise table hackernews_new
2023-01-16 04:20:28.176 UTC [TRACE] steampipe-plugin-hackernews.plugin: [TRACE] no DefaultRetryConfig defined - creating empty
2023-01-16 04:20:28.176 UTC [TRACE] steampipe-plugin-hackernews.plugin: [TRACE] no DefaultIgnoreConfig defined - creating empty
2023-01-16 04:20:28.176 UTC [TRACE] steampipe-plugin-hackernews.plugin: [TRACE] apply plugin defaults for DefaultRetryConfig
2023-01-16 04:20:28.176 UTC [TRACE] steampipe-plugin-hackernews.plugin: [TRACE] apply plugin defaults for DefaultIgnoreConfig, table &{<nil> <nil>} plugin &{<nil> <nil>}
2023-01-16 04:20:28.176 UTC [TRACE] steampipe-plugin-hackernews.plugin: [TRACE] DefaultRetryConfig:
2023-01-16 04:20:28.176 UTC [TRACE] steampipe-plugin-hackernews.plugin: [TRACE] DefaultIgnoreConfig:
2023-01-16 04:20:28.176 UTC [TRACE] steampipe-plugin-hackernews.plugin: [TRACE] t.Get.initialise
2023-01-16 04:20:28.176 UTC [TRACE] steampipe-plugin-hackernews.plugin: [TRACE] GetConfig.initialise table hackernews_new
2023-01-16 04:20:28.176 UTC [TRACE] steampipe-plugin-hackernews.plugin: [TRACE] GetConfig.initialise complete: RetryConfig: , IgnoreConfig:
2023-01-16 04:20:28.176 UTC [TRACE] steampipe-plugin-hackernews.plugin: [TRACE] t.List.initialise
2023-01-16 04:20:28.176 UTC [TRACE] steampipe-plugin-hackernews.plugin: [TRACE] ListConfig.initialise table hackernews_new
2023-01-16 04:20:28.176 UTC [TRACE] steampipe-plugin-hackernews.plugin: [TRACE] ListConfig.initialise complete: RetryConfig: , IgnoreConfig
2023-01-16 04:20:28.176 UTC [TRACE] steampipe-plugin-hackernews.plugin: [TRACE] HydrateConfig.initialise func getItem, table hackernews_new
2023-01-16 04:20:28.176 UTC [TRACE] steampipe-plugin-hackernews.plugin: [TRACE] HydrateConfig.initialise complete: RetryConfig: , IgnoreConfig:
2023-01-16 04:20:28.176 UTC [TRACE] steampipe-plugin-hackernews.plugin: [TRACE] back from initialiseHydrateConfigs
2023-01-16 04:20:28.176 UTC [TRACE] steampipe-plugin-hackernews.plugin: [TRACE] initialise table hackernews_new COMPLETE
2023-01-16 04:20:28.176 UTC [TRACE] steampipe-plugin-hackernews.plugin: [TRACE] validate plugin steampipe-plugin-hackernews, required columns []
2023-01-16 04:20:28.176 UTC [TRACE] steampipe-plugin-hackernews.plugin: [TRACE] validate DefaultRetryConfig
2023-01-16 04:20:28.176 UTC [TRACE] steampipe-plugin-hackernews.plugin: [TRACE] validate DefaultIgnoreConfig
2023-01-16 04:20:28.176 UTC [TRACE] steampipe-plugin-hackernews.plugin: [TRACE] validate table names
2023-01-16 04:20:28.176 UTC [TRACE] steampipe-plugin-hackernews.plugin: [TRACE] plugin has 0 validation errors
2023-01-16 04:20:28.176 UTC [TRACE] steampipe-plugin-hackernews.plugin: [TRACE] Plugin ensureCache creating cache, maxCacheStorageMb 0
2023-01-16 04:20:28.176 UTC [TRACE] steampipe-plugin-hackernews.plugin: [TRACE] createCacheStore for plugin 'steampipe-plugin-hackernews' setting max size to 0Mb, Shards: 2, max shard size: 0
2023-01-16 04:20:28.189 UTC [INFO]  steampipe-plugin-hackernews.plugin: [INFO]  query cache created
2023-01-16 04:20:28.189 UTC [DEBUG] steampipe-plugin-hackernews.plugin: [DEBUG] SetAllConnectionConfigs finished
2023-01-16 04:20:28.189 UTC [TRACE] PluginManager getPlugin complete, returning reattach config with PID: 2029
2023-01-16 04:20:28.189 UTC [TRACE] PluginManager Get returning reattach_map:{key:"hackernews" value:{protocol:"grpc" addr:{Network:"unix" Address:"/tmp/plugin950677623"} pid:2029 supported_operations:{query_cache:true multiple_connections:true} connections:"hackernews" plugin:"hub.steampipe.io/plugins/turbot/hackernews@latest"}}
2023-01-16 04:20:28.196 UTC [INFO]  steampipe-plugin-hackernews.plugin: [INFO]  1673842828748: Plugin Execute (1673842828748)
2023-01-16 04:20:28.196 UTC [TRACE] steampipe-plugin-hackernews.plugin: [TRACE] 1673842828748: No memory limit set
2023-01-16 04:20:28.196 UTC [INFO]  steampipe-plugin-hackernews.plugin: [INFO]  1673842828748: Plugin Execute, setting memory limit to -1Mb
2023-01-16 04:20:28.196 UTC [TRACE] steampipe-plugin-hackernews.plugin: [TRACE] 1673842828748: calling ExtractContextFromCarrier
2023-01-16 04:20:28.196 UTC [INFO]  steampipe-plugin-hackernews.plugin: [INFO]  1673842828748: Setting max concurrent connections to 25
2023-01-16 04:20:28.196 UTC [TRACE] steampipe-plugin-hackernews.plugin: [TRACE] 1673842828748: executeForConnection callId: 1673842828748, connectionCallId: hackernews-1673842828748, connection: hackernews table: hackernews_new cols: id,title,time,by,score,dead,deleted,descendants,kids,parent,parts,poll,text,type,url,_ctx
2023-01-16 04:20:28.196 UTC [TRACE] steampipe-plugin-hackernews.plugin: [TRACE] 1673842828748: got connection data
2023-01-16 04:20:28.196 UTC [TRACE] steampipe-plugin-hackernews.plugin: [TRACE] 1673842828748: Got query context, table: hackernews_new, cols: [id title time by score dead deleted descendants kids parent parts poll text type url _ctx]
2023-01-16 04:20:28.196 UTC [TRACE] steampipe-plugin-hackernews.plugin: [TRACE] 1673842828748: Start execute span
2023-01-16 04:20:28.196 UTC [INFO]  steampipe-plugin-hackernews.plugin: [INFO]  1673842828748: Setting free memory interval to 100 rows
2023-01-16 04:20:28.196 UTC [TRACE] steampipe-plugin-hackernews.plugin: [TRACE] 1673842828748: setFetchType map[time:quals:{fieldName:"time"  string_value:">"  value:{timestamp_value:{seconds:1673839228  nanos:74969000}}}]
2023-01-16 04:20:28.197 UTC [TRACE] steampipe-plugin-hackernews.plugin: [TRACE] 1673842828748: getMatchingQuals column:'id' operator: =
2023-01-16 04:20:28.197 UTC [TRACE] steampipe-plugin-hackernews.plugin: [TRACE] 1673842828748: getMatchingQuals returning false - qualMap does not contain any quals for column id
2023-01-16 04:20:28.197 UTC [TRACE] steampipe-plugin-hackernews.plugin: [TRACE] 1673842828748: GetUnsatisfiedKeyColumns for columns column:'id' operator: =
2023-01-16 04:20:28.198 UTC [TRACE] steampipe-plugin-hackernews.plugin: [TRACE] 1673842828748: key column NOT satisfied column:'id' operator: =
2023-01-16 04:20:28.198 UTC [TRACE] steampipe-plugin-hackernews.plugin: [TRACE] 1673842828748: satisfied: map[any_of: optional: required:]
2023-01-16 04:20:28.199 UTC [TRACE] steampipe-plugin-hackernews.plugin: [TRACE] 1673842828748: unsatisfied: map[any_of: optional: required:column:'id' operator: =]
2023-01-16 04:20:28.199 UTC [TRACE] steampipe-plugin-hackernews.plugin: [TRACE] 1673842828748: unsatisfied required KeyColumns: column:'id' operator: =
2023-01-16 04:20:28.199 UTC [TRACE] steampipe-plugin-hackernews.plugin: [TRACE] 1673842828748: Set fetchType to fetchTypeList
2023-01-16 04:20:28.199 UTC [TRACE] steampipe-plugin-hackernews.plugin: [TRACE] 1673842828748: Equals key column quals:
2023-01-16 04:20:28.199 UTC [DEBUG] steampipe-plugin-hackernews.plugin: {}
2023-01-16 04:20:28.199 UTC [TRACE] steampipe-plugin-hackernews.plugin: [TRACE] 1673842828748: All key column quals:
2023-01-16 04:20:28.199 UTC [DEBUG] steampipe-plugin-hackernews.plugin: {}
2023-01-16 04:20:28.199 UTC [TRACE] steampipe-plugin-hackernews.plugin: [TRACE] 1673842828748: GetMatrixItem
2023-01-16 04:20:28.199 UTC [TRACE] steampipe-plugin-hackernews.plugin: [TRACE] 1673842828748: creating query data
2023-01-16 04:20:28.199 UTC [INFO]  steampipe-plugin-hackernews.plugin: [INFO]  1673842828748: cacheEnabled, trying cache get (hackernews-1673842828748)
2023-01-16 04:20:28.199 UTC [TRACE] steampipe-plugin-hackernews.plugin: [TRACE] 1673842828748: QueryCache Get - indexBucketKey index__hackernewshackernews_new, quals
2023-01-16 04:20:28.200 UTC [TRACE] steampipe-plugin-hackernews.plugin: [TRACE] 1673842828748: QueryCache getCachedQueryResult - table hackernews_new, connectionName hackernews
2023-01-16 04:20:28.200 UTC [TRACE] steampipe-plugin-hackernews.plugin: [TRACE] 1673842828748: index bucket key: index__hackernewshackernews_new ttlSeconds 300 limit: -1
2023-01-16 04:20:28.200 UTC [TRACE] steampipe-plugin-hackernews.plugin: [TRACE] 1673842828748: doGet cache miss
2023-01-16 04:20:28.200 UTC [TRACE] steampipe-plugin-hackernews.plugin: [TRACE] 1673842828748: getCachedIndexBucket - no item retrieved for cache key index__hackernewshackernews_new
2023-01-16 04:20:28.200 UTC [TRACE] steampipe-plugin-hackernews.plugin: [TRACE] 1673842828748: getCachedQueryResult returned CACHE MISS - checking for pending transfers
2023-01-16 04:20:28.200 UTC [TRACE] steampipe-plugin-hackernews.plugin: [TRACE] 1673842828748: getPendingResultItem indexBucketKey index__hackernewshackernews_new, columns [id title time by score dead deleted descendants kids parent parts poll text type url _ctx], limit -1
2023-01-16 04:20:28.200 UTC [TRACE] steampipe-plugin-hackernews.plugin: [TRACE] 1673842828748: no pending index item - add pending result, indexBucketKey index__hackernewshackernews_new
2023-01-16 04:20:28.200 UTC [TRACE] steampipe-plugin-hackernews.plugin: [TRACE] 1673842828748: addPendingResult (hackernews-1673842828748) indexBucketKey index__hackernewshackernews_new, columns [id title time by score dead deleted descendants kids parent parts poll text type url _ctx], limit -1
2023-01-16 04:20:28.200 UTC [TRACE] steampipe-plugin-hackernews.plugin: [TRACE] 1673842828748: no index bucket found - creating one
2023-01-16 04:20:28.200 UTC [TRACE] steampipe-plugin-hackernews.plugin: [TRACE] 1673842828748: pendingIndexItem Lock count before 0
2023-01-16 04:20:28.200 UTC [TRACE] steampipe-plugin-hackernews.plugin: [TRACE] 1673842828748: addPendingResult added pending index item to bucket, (hackernews-1673842828748) indexBucketKey index__hackernewshackernews_new, resultKeyRoot hackernewshackernews_newid,title,time,by,score,dead,deleted,descendants,kids,parent,parts,poll,text,type,url,_ctx-1, pending item : 0xc0004ae1b0
2023-01-16 04:20:28.200 UTC [TRACE] steampipe-plugin-hackernews.plugin: [TRACE] 1673842828748: **** pending items (hackernews-1673842828748)****
2023-01-16 04:20:28.200 UTC [TRACE] steampipe-plugin-hackernews.plugin: [TRACE] 1673842828748: key: index__hackernewshackernews_new: item: 0xc0004ae1b0, count: 1, key:hackernewshackernews_newid,title,time,by,score,dead,deleted,descendants,kids,parent,parts,poll,text,type,url,_ctx-1
2023-01-16 04:20:28.200 UTC [TRACE] steampipe-plugin-hackernews.plugin: [TRACE] 1673842828748: ********
2023-01-16 04:20:28.200 UTC [TRACE] steampipe-plugin-hackernews.plugin: [TRACE] 1673842828748: getPendingResultItem returning <nil>
2023-01-16 04:20:28.200 UTC [INFO]  steampipe-plugin-hackernews.plugin: [INFO]  1673842828748: CACHE MISS
2023-01-16 04:20:28.200 UTC [TRACE] steampipe-plugin-hackernews.plugin: [TRACE] 1673842828748: cache MISS
2023-01-16 04:20:28.200 UTC [INFO]  steampipe-plugin-hackernews.plugin: [INFO]  1673842828748: queryCacheGet returned CACHE MISS (hackernews-1673842828748)
2023-01-16 04:20:28.200 UTC [TRACE] steampipe-plugin-hackernews.plugin: [TRACE] 1673842828748: StartSet (hackernews-1673842828748)
2023-01-16 04:20:28.200 UTC [TRACE] steampipe-plugin-hackernews.plugin: [TRACE] 1673842828748: calling fetchItems, table: hackernews_new, matrixItem: [], limit: -1,  connectionCallId: hackernews-1673842828748"
2023-01-16 04:20:28.200 UTC [TRACE] steampipe-plugin-hackernews.plugin: [TRACE] 1673842828748: buildRowsAsync connectionCallId: hackernews-1673842828748
2023-01-16 04:20:28.200 UTC [TRACE] steampipe-plugin-hackernews.plugin: [TRACE] 1673842828748: streamRows connectionCallId: hackernews-1673842828748
2023-01-16 04:20:28.200 UTC [TRACE] steampipe-plugin-hackernews.plugin: [TRACE] 1673842828748: QueryData streamRows (hackernews-1673842828748)
2023-01-16 04:20:28.200 UTC [TRACE] steampipe-plugin-hackernews.plugin: [TRACE] 1673842828748: executeListCall START (hackernews-1673842828748)
2023-01-16 04:20:28.200 UTC [TRACE] steampipe-plugin-hackernews.plugin: [TRACE] 1673842828748: GetUnsatisfiedKeyColumns for columns
2023-01-16 04:20:28.200 UTC [TRACE] steampipe-plugin-hackernews.plugin: [TRACE] 1673842828748: doList (hackernews-1673842828748)
2023-01-16 04:20:28.200 UTC [TRACE] steampipe-plugin-hackernews.plugin: [TRACE] 1673842828748: doList: no matrix item
2023-01-16 04:20:28.352 UTC [TRACE] steampipe-plugin-hackernews.plugin: [TRACE] 1673842828748: QueryData.fetchComplete
2023-01-16 04:20:28.352 UTC [TRACE] steampipe-plugin-hackernews.plugin: [TRACE] 1673842828748: executeListCall COMPLETE (hackernews-1673842828748)
2023-01-16 04:20:28.352 UTC [TRACE] steampipe-plugin-hackernews.plugin: [TRACE] 1673842828748: rowData chan returned nil - wait for rows to complete (hackernews-1673842828748)
2023-01-16 04:20:28.371 UTC [TRACE] stdio: received data: channel=STDOUT len=18
2023-01-16 04:20:28.371 UTC [TRACE] stdio: waiting for stdio data
2023-01-16 04:20:28.503 UTC [TRACE] stdio: received data: channel=STDOUT len=1024
2023-01-16 04:20:28.503 UTC [TRACE] stdio: waiting for stdio data
2023-01-16 04:20:28.564 UTC [TRACE] stdio: received data: channel=STDOUT len=1024
2023-01-16 04:20:28.564 UTC [TRACE] stdio: waiting for stdio data
2023-01-16 04:20:28.654 UTC [TRACE] stdio: received data: channel=STDOUT len=1024
2023-01-16 04:20:28.654 UTC [TRACE] stdio: waiting for stdio data
2023-01-16 04:20:28.673 UTC [TRACE] steampipe-plugin-hackernews.plugin: [TRACE] 1673842828748: buildRowsAsync goroutine returning (hackernews-1673842828748)
2023-01-16 04:20:28.673 UTC [TRACE] steampipe-plugin-hackernews.plugin: [TRACE] 1673842828748: streamRows - nil row, stop streaming (hackernews-1673842828748)
2023-01-16 04:20:28.673 UTC [TRACE] steampipe-plugin-hackernews.plugin: [TRACE] 1673842828748: ------------------------------------
2023-01-16 04:20:28.673 UTC [TRACE] steampipe-plugin-hackernews.plugin: [TRACE] 1673842828748: Concurrency Summary
2023-01-16 04:20:28.673 UTC [TRACE] steampipe-plugin-hackernews.plugin: [TRACE] 1673842828748: ------------------------------------
2023-01-16 04:20:28.673 UTC [TRACE] steampipe-plugin-hackernews.plugin: [TRACE] 1673842828748: getItem                       : 200
2023-01-16 04:20:28.673 UTC [TRACE] steampipe-plugin-hackernews.plugin: [TRACE] 1673842828748: ------------------------------------
2023-01-16 04:20:28.673 UTC [TRACE] steampipe-plugin-hackernews.plugin: [TRACE] 1673842828748: Total                         : 200
2023-01-16 04:20:28.673 UTC [TRACE] steampipe-plugin-hackernews.plugin: [TRACE] 1673842828748: ------------------------------------
2023-01-16 04:20:28.673 UTC [TRACE] steampipe-plugin-hackernews.plugin: [TRACE] 1673842828748: QueryData streamRows DONE (hackernews-1673842828748)
2023-01-16 04:20:28.674 UTC [TRACE] steampipe-plugin-hackernews.plugin: [TRACE] 1673842828748: EndSet (hackernews-1673842828748) table hackernews_new
2023-01-16 04:20:28.674 UTC [TRACE] steampipe-plugin-hackernews.plugin: [TRACE] 1673842828748: QueryCache writePageToCache: 500 rows, pageCount 1, page key hackernewshackernews_newid,title,time,by,score,dead,deleted,descendants,kids,parent,parts,poll,text,type,url,_ctx-1-0
2023-01-16 04:20:28.679 UTC [TRACE] stdio: received data: channel=STDOUT len=1005
2023-01-16 04:20:28.679 UTC [TRACE] stdio: waiting for stdio data
2023-01-16 04:20:28.681 UTC [TRACE] steampipe-plugin-hackernews.plugin: [TRACE] 1673842828748: writePageToCache Set - result written
2023-01-16 04:20:28.681 UTC [TRACE] steampipe-plugin-hackernews.plugin: [TRACE] 1673842828748: QueryCache EndSet - result written
2023-01-16 04:20:28.681 UTC [TRACE] steampipe-plugin-hackernews.plugin: [TRACE] 1673842828748: doGet cache miss
2023-01-16 04:20:28.681 UTC [TRACE] steampipe-plugin-hackernews.plugin: [TRACE] 1673842828748: getCachedIndexBucket - no item retrieved for cache key index__hackernewshackernews_new
2023-01-16 04:20:28.681 UTC [TRACE] steampipe-plugin-hackernews.plugin: [TRACE] 1673842828748: getCachedIndexBucket returned cache miss
2023-01-16 04:20:28.681 UTC [TRACE] steampipe-plugin-hackernews.plugin: [TRACE] 1673842828748: QueryCache EndSet - Added index item (0xc01a552120) to bucket (0xc01a35a858), page count 1,  key root hackernewshackernews_newid,title,time,by,score,dead,deleted,descendants,kids,parent,parts,poll,text,type,url,_ctx-1
2023-01-16 04:20:28.681 UTC [TRACE] steampipe-plugin-hackernews.plugin: [TRACE] 1673842828748: cacheSetIndexBucket index__hackernewshackernews_new
2023-01-16 04:20:28.682 UTC [TRACE] steampipe-plugin-hackernews.plugin: [TRACE] 1673842828748: QueryCache EndSet - IndexBucket written
2023-01-16 04:20:28.682 UTC [TRACE] steampipe-plugin-hackernews.plugin: [TRACE] 1673842828748: EndSet DEFER (hackernews-1673842828748) table hackernews_new
2023-01-16 04:20:28.682 UTC [TRACE] steampipe-plugin-hackernews.plugin: [TRACE] 1673842828748: calling pendingItemComplete (hackernews-1673842828748)
2023-01-16 04:20:28.682 UTC [TRACE] steampipe-plugin-hackernews.plugin: [TRACE] 1673842828748: pendingItemComplete (hackernews-1673842828748) indexBucketKey index__hackernewshackernews_new, columns [id title time by score dead deleted descendants kids parent parts poll text type url _ctx], limit -1
2023-01-16 04:20:28.682 UTC [TRACE] steampipe-plugin-hackernews.plugin: [TRACE] 1673842828748: got pending index bucket, (hackernews-1673842828748) len 1
2023-01-16 04:20:28.682 UTC [TRACE] steampipe-plugin-hackernews.plugin: [TRACE] 1673842828748: SatisfiesLimit limit -1, no item limit - satisfied
2023-01-16 04:20:28.682 UTC [TRACE] steampipe-plugin-hackernews.plugin: [TRACE] 1673842828748: found pending index item to satisfy columns id,title,time,by,score,dead,deleted,descendants,kids,parent,parts,poll,text,type,url,_ctx, limit -1
2023-01-16 04:20:28.682 UTC [TRACE] steampipe-plugin-hackernews.plugin: [TRACE] 1673842828748: found completed pending item (hackernews-1673842828748) 0xc0004ae1b0, key hackernewshackernews_newid,title,time,by,score,dead,deleted,descendants,kids,parent,parts,poll,text,type,url,_ctx-1 - removing from map as it is complete
2023-01-16 04:20:28.682 UTC [TRACE] steampipe-plugin-hackernews.plugin: [TRACE] 1673842828748: pendingIndexItem Unlock count before 1 key hackernewshackernews_newid,title,time,by,score,dead,deleted,descendants,kids,parent,parts,poll,text,type,url,_ctx-1
2023-01-16 04:20:28.682 UTC [TRACE] steampipe-plugin-hackernews.plugin: [TRACE] 1673842828748: deleted from pending, (hackernews-1673842828748) len 0
2023-01-16 04:20:28.682 UTC [TRACE] steampipe-plugin-hackernews.plugin: [TRACE] 1673842828748: pending bucket now empty - deleting key index__hackernewshackernews_new
2023-01-16 04:20:28.682 UTC [TRACE] steampipe-plugin-hackernews.plugin: [TRACE] 1673842828748: pendingItemComplete done (hackernews-1673842828748)
2023-01-16 04:20:28.682 UTC [TRACE] steampipe-plugin-hackernews.plugin: [TRACE] 1673842828748: cache set succeeded
2023-01-16 04:20:28.682 UTC [TRACE] steampipe-plugin-hackernews.plugin: [TRACE] 1673842828748: End execute span
2023-01-16 04:20:28.682 UTC [TRACE] steampipe-plugin-hackernews.plugin: [TRACE] 1673842828748: executeForConnection DEFER (hackernews-1673842828748)
2023-01-16 04:20:28.682 UTC [TRACE] steampipe-plugin-hackernews.plugin: [TRACE] 1673842828748: Execute complete callId: hackernews-1673842828748 table: hackernews_new
2023-01-16 04:20:28.682 UTC [TRACE] steampipe-plugin-hackernews.plugin: [TRACE] 1673842828748: executeForConnection hackernews returned
2023-01-16 04:20:28.682 UTC [TRACE] steampipe-plugin-hackernews.plugin: [TRACE] 1673842828748: output wg complete - send nil row
2023-01-16 04:20:28.682 UTC [TRACE] steampipe-plugin-hackernews.plugin: [TRACE] 1673842828748: empty row on output channel - we are done
2023-01-16 04:20:28.682 UTC [INFO]  steampipe-plugin-hackernews.plugin: [INFO]  1673842828748: Plugin Execute complete (1673842828748)
2023-01-16 04:20:28.759 UTC [TRACE] PluginManager Shutdown
2023-01-16 04:20:28.759 UTC [TRACE] killing plugin hackernews (2029)
2023-01-16 04:20:28.760 UTC [DEBUG] stdio: received EOF, stopping recv loop: err="rpc error: code = Unavailable desc = error reading from server: EOF"
2023-01-16 04:20:28.760 UTC [TRACE] steampipe-plugin-hackernews.plugin: [TRACE] 1673842828748: FLUSHING instrumentation
2023-01-16 04:20:28.760 UTC [TRACE] steampipe-plugin-hackernews.plugin: [TRACE] 1673842828748: Shutdown instrumentation
2023-01-16 04:20:28.762 UTC [INFO]  plugin process exited: path=/home/runner/.steampipe/plugins/hub.steampipe.io/plugins/turbot/hackernews@latest/steampipe-plugin-hackernews.plugin pid=2029
2023-01-16 04:20:28.762 UTC [DEBUG] plugin exited
2023-01-16 04:20:28.762 UTC [TRACE] killing plugin csv (2006)
2023-01-16 04:20:28.763 UTC [TRACE] steampipe-plugin-csv.plugin: [TRACE] FLUSHING instrumentation
2023-01-16 04:20:28.763 UTC [TRACE] steampipe-plugin-csv.plugin: [TRACE] Shutdown instrumentation
2023-01-16 04:20:28.763 UTC [INFO]  plugin process exited: path=/home/runner/.steampipe/plugins/hub.steampipe.io/plugins/turbot/csv@latest/steampipe-plugin-csv.plugin pid=2006
2023-01-16 04:20:28.763 UTC [DEBUG] stdio: received EOF, stopping recv loop: err="rpc error: code = Unavailable desc = error reading from server: EOF"
2023-01-16 04:20:28.763 UTC [DEBUG] plugin exited
2023-01-16 04:20:34.344 UTC [WARN]  steampipe-plugin-csv.plugin: [WARN]  1673842834369: getKeyColumnsForTable found no schema for table '/home/runner/work/steampipe-samples/steampipe-samples/all/hackernews/hn.csv'
2023-01-16 04:21:07.474 UTC [WARN]  steampipe-plugin-csv.plugin: [WARN]  1673842867301: getKeyColumnsForTable found no schema for table '/home/runner/work/steampipe-samples/steampipe-samples/all/hackernews/hn.csv'
2023-01-16 04:23:25.641 UTC [ERROR] steampipe-plugin-csv.plugin: [ERROR] csv.tableCSV: header_parse_error=EOF path=/home/runner/work/steampipe-samples/steampipe-samples/all/hackernews/new_sc.csv header=[]
2023-01-16 04:23:25.641 UTC [ERROR] steampipe-plugin-csv.plugin: [ERROR] csv.PluginTables: create_table_error="failed to parse file header /home/runner/work/steampipe-samples/steampipe-samples/all/hackernews/new_sc.csv: EOF" path=/home/runner/work/steampipe-samples/steampipe-samples/all/hackernews/new_sc.csv
2023-01-16 04:23:25.641 UTC [WARN]  failed to set connection config: failed to parse file header /home/runner/work/steampipe-samples/steampipe-samples/all/hackernews/new_sc.csv: EOF
2023-01-16 04:23:26.867 UTC [WARN]  steampipe-plugin-csv.plugin: [WARN]  1673843006601: getKeyColumnsForTable found no schema for table '/home/runner/work/steampipe-samples/steampipe-samples/all/hackernews/new_sc.csv'
2023-01-16 04:23:33.553 UTC [ERROR] steampipe-plugin-csv.plugin: [ERROR] csv.tableCSV: header_parse_error=EOF path=/home/runner/work/steampipe-samples/steampipe-samples/all/hackernews/hn_items_all.csv header=[]
2023-01-16 04:23:33.553 UTC [ERROR] steampipe-plugin-csv.plugin: [ERROR] csv.PluginTables: create_table_error="failed to parse file header /home/runner/work/steampipe-samples/steampipe-samples/all/hackernews/hn_items_all.csv: EOF" path=/home/runner/work/steampipe-samples/steampipe-samples/all/hackernews/hn_items_all.csv
2023-01-16 04:23:33.553 UTC [WARN]  failed to set connection config: failed to parse file header /home/runner/work/steampipe-samples/steampipe-samples/all/hackernews/hn_items_all.csv: EOF
2023-01-16 04:23:34.829 UTC [ERROR] steampipe-plugin-csv.plugin: [ERROR] csv.tableCSV: header_parse_error=EOF path=/home/runner/work/steampipe-samples/steampipe-samples/all/hackernews/people.csv header=[]
2023-01-16 04:23:34.829 UTC [ERROR] steampipe-plugin-csv.plugin: [ERROR] csv.PluginTables: create_table_error="failed to parse file header /home/runner/work/steampipe-samples/steampipe-samples/all/hackernews/people.csv: EOF" path=/home/runner/work/steampipe-samples/steampipe-samples/all/hackernews/people.csv
2023-01-16 04:23:34.829 UTC [WARN]  failed to set connection config: failed to parse file header /home/runner/work/steampipe-samples/steampipe-samples/all/hackernews/people.csv: EOF
