2022-07-12 04:38:49.920 UTC [INFO]  starting plugin manager
2022-07-12 04:38:49.920 UTC [TRACE] loaded config map: csv,hackernews,net
2022-07-12 04:38:49.920 UTC [INFO]  starting connection watcher
2022-07-12 04:38:49.920 UTC [INFO]  created ConnectionWatcher
2022-07-12 04:38:49.920 UTC [TRACE] about to serve
2022-07-12 04:38:49.985 UTC [TRACE] PluginManager Get, connections: '[csv]'
2022-07-12 04:38:49.985 UTC [TRACE] PluginManager getPlugin connection 'csv'
2022-07-12 04:38:49.986 UTC [TRACE] PluginManager 0xc0004a7e00 'csv' NOT found in map  - starting
2022-07-12 04:38:49.986 UTC [TRACE] ************ start plugin csv ********************
2022-07-12 04:38:49.986 UTC [DEBUG] starting plugin: path=/home/runner/.steampipe/plugins/hub.steampipe.io/plugins/turbot/csv@latest/steampipe-plugin-csv.plugin args=["/home/runner/.steampipe/plugins/hub.steampipe.io/plugins/turbot/csv@latest/steampipe-plugin-csv.plugin"]
2022-07-12 04:38:49.994 UTC [DEBUG] plugin started: path=/home/runner/.steampipe/plugins/hub.steampipe.io/plugins/turbot/csv@latest/steampipe-plugin-csv.plugin pid=1909
2022-07-12 04:38:49.994 UTC [DEBUG] waiting for RPC address: path=/home/runner/.steampipe/plugins/hub.steampipe.io/plugins/turbot/csv@latest/steampipe-plugin-csv.plugin
2022-07-12 04:38:49.997 UTC [DEBUG] steampipe-plugin-csv.plugin: 2022/07/12 04:38:49 [TRACE] Plugin Initialise creating connection manager
2022-07-12 04:38:50.010 UTC [TRACE] steampipe-plugin-csv.plugin: [TRACE] Setting Ulimit: ulimit=2560
2022-07-12 04:38:50.010 UTC [DEBUG] steampipe-plugin-csv.plugin: plugin address: address=/tmp/plugin349591927 network=unix timestamp=2022-07-12T04:38:50.010Z
2022-07-12 04:38:50.010 UTC [DEBUG] using plugin: version=0
2022-07-12 04:38:50.010 UTC [TRACE] PluginManager getPlugin complete, returning reattach config with PID: 1909
2022-07-12 04:38:50.010 UTC [TRACE] PluginManager Get returning reattach_map:{key:"csv" value:{protocol:"grpc" addr:{Network:"unix" Address:"/tmp/plugin349591927"} pid:1909}}
2022-07-12 04:38:50.015 UTC [TRACE] steampipe-plugin-csv.plugin: [TRACE] validate plugin steampipe-plugin-csv, required columns []
2022-07-12 04:38:50.017 UTC [INFO]  steampipe-plugin-csv.plugin: [INFO]  query cache created
2022-07-12 04:38:50.017 UTC [DEBUG] steampipe-plugin-csv.plugin: [DEBUG] SetConnectionConfig finished
2022-07-12 04:38:50.021 UTC [TRACE] PluginManager Get, connections: '[]'
2022-07-12 04:38:50.021 UTC [TRACE] PluginManager Get returning
2022-07-12 04:38:50.022 UTC [TRACE] handleFileWatcherEvent ignoring first event
2022-07-12 04:38:50.101 UTC [TRACE] PluginManager Get, connections: '[csv]'
2022-07-12 04:38:50.101 UTC [TRACE] PluginManager getPlugin connection 'csv'
2022-07-12 04:38:50.101 UTC [TRACE] initialized: 1909
2022-07-12 04:38:50.101 UTC [TRACE] connection csv is loaded, check for running PID
2022-07-12 04:38:50.101 UTC [TRACE] PluginManager found 'csv' in map, pid 1909, reattach protocol:"grpc" addr:{Network:"unix" Address:"/tmp/plugin349591927"} pid:1909
2022-07-12 04:38:50.101 UTC [TRACE] PluginManager Get returning reattach_map:{key:"csv" value:{protocol:"grpc" addr:{Network:"unix" Address:"/tmp/plugin349591927"} pid:1909}}
2022-07-12 04:38:50.307 UTC [TRACE] PluginManager Get, connections: '[hackernews]'
2022-07-12 04:38:50.307 UTC [TRACE] PluginManager getPlugin connection 'hackernews'
2022-07-12 04:38:50.307 UTC [TRACE] PluginManager 0xc0004a7e00 'hackernews' NOT found in map  - starting
2022-07-12 04:38:50.307 UTC [TRACE] ************ start plugin hackernews ********************
2022-07-12 04:38:50.308 UTC [DEBUG] starting plugin: path=/home/runner/.steampipe/plugins/hub.steampipe.io/plugins/turbot/hackernews@latest/steampipe-plugin-hackernews.plugin args=["/home/runner/.steampipe/plugins/hub.steampipe.io/plugins/turbot/hackernews@latest/steampipe-plugin-hackernews.plugin"]
2022-07-12 04:38:50.308 UTC [DEBUG] plugin started: path=/home/runner/.steampipe/plugins/hub.steampipe.io/plugins/turbot/hackernews@latest/steampipe-plugin-hackernews.plugin pid=1932
2022-07-12 04:38:50.308 UTC [DEBUG] waiting for RPC address: path=/home/runner/.steampipe/plugins/hub.steampipe.io/plugins/turbot/hackernews@latest/steampipe-plugin-hackernews.plugin
2022-07-12 04:38:50.313 UTC [DEBUG] steampipe-plugin-hackernews.plugin: 2022/07/12 04:38:50 [TRACE] Plugin Initialise creating connection manager
2022-07-12 04:38:50.318 UTC [TRACE] steampipe-plugin-hackernews.plugin: [TRACE] Setting Ulimit: ulimit=2560
2022-07-12 04:38:50.318 UTC [DEBUG] steampipe-plugin-hackernews.plugin: plugin address: address=/tmp/plugin1924438420 network=unix timestamp=2022-07-12T04:38:50.318Z
2022-07-12 04:38:50.318 UTC [DEBUG] using plugin: version=0
2022-07-12 04:38:50.318 UTC [TRACE] PluginManager getPlugin complete, returning reattach config with PID: 1932
2022-07-12 04:38:50.318 UTC [TRACE] PluginManager Get returning reattach_map:{key:"hackernews" value:{protocol:"grpc" addr:{Network:"unix" Address:"/tmp/plugin1924438420"} pid:1932}}
2022-07-12 04:38:50.320 UTC [TRACE] steampipe-plugin-hackernews.plugin: [TRACE] validate plugin steampipe-plugin-hackernews, required columns []
2022-07-12 04:38:50.323 UTC [INFO]  steampipe-plugin-hackernews.plugin: [INFO]  query cache created
2022-07-12 04:38:50.323 UTC [DEBUG] steampipe-plugin-hackernews.plugin: [DEBUG] SetConnectionConfig finished
2022-07-12 04:38:50.326 UTC [TRACE] steampipe-plugin-hackernews.plugin: [TRACE] EXECUTE callId: 1657600730683 table: hackernews_new cols: id,title,time,by,score,dead,deleted,descendants,kids,parent,parts,poll,text,type,url,_ctx
2022-07-12 04:38:50.326 UTC [TRACE] steampipe-plugin-hackernews.plugin: [TRACE] 1657600730683: Execute : connection=hackernews table=hackernews_new
2022-07-12 04:38:50.326 UTC [TRACE] steampipe-plugin-hackernews.plugin: [TRACE] 1657600730683: Got query context: table=hackernews_new cols=[id, title, time, by, score, dead, deleted, descendants, kids, parent, parts, poll, text, type, url, _ctx]
2022-07-12 04:38:50.326 UTC [TRACE] steampipe-plugin-hackernews.plugin: [TRACE] 1657600730683: setFetchType map[time:quals:{fieldName:"time"  string_value:">"  value:{timestamp_value:{seconds:1657597130  nanos:289123000}}}]
2022-07-12 04:38:50.326 UTC [TRACE] steampipe-plugin-hackernews.plugin: [TRACE] 1657600730683: getMatchingQuals column:'id' operator: =
2022-07-12 04:38:50.326 UTC [TRACE] steampipe-plugin-hackernews.plugin: [TRACE] 1657600730683: getMatchingQuals returning false - qualMap does not contain any quals for column id
2022-07-12 04:38:50.327 UTC [TRACE] steampipe-plugin-hackernews.plugin: [TRACE] 1657600730683: GetUnsatisfiedKeyColumns for columns column:'id' operator: =
2022-07-12 04:38:50.328 UTC [TRACE] steampipe-plugin-hackernews.plugin: [TRACE] 1657600730683: key column NOT satisfied column:'id' operator: =
2022-07-12 04:38:50.328 UTC [TRACE] steampipe-plugin-hackernews.plugin: [TRACE] 1657600730683: satisfied: map[any_of: optional: required:]
2022-07-12 04:38:50.329 UTC [TRACE] steampipe-plugin-hackernews.plugin: [TRACE] 1657600730683: unsatisfied: map[any_of: optional: required:column:'id' operator: =]
2022-07-12 04:38:50.330 UTC [TRACE] steampipe-plugin-hackernews.plugin: [TRACE] 1657600730683: unsatisfied required KeyColumns: column:'id' operator: =
2022-07-12 04:38:50.330 UTC [TRACE] steampipe-plugin-hackernews.plugin: [TRACE] 1657600730683: Set fetchType to fetchTypeList
2022-07-12 04:38:50.330 UTC [TRACE] steampipe-plugin-hackernews.plugin: [TRACE] 1657600730683: Equals key column quals:
2022-07-12 04:38:50.330 UTC [DEBUG] steampipe-plugin-hackernews.plugin: {}
2022-07-12 04:38:50.330 UTC [TRACE] steampipe-plugin-hackernews.plugin: [TRACE] 1657600730683: All key column quals:
2022-07-12 04:38:50.330 UTC [DEBUG] steampipe-plugin-hackernews.plugin: {}
2022-07-12 04:38:50.330 UTC [TRACE] steampipe-plugin-hackernews.plugin: [TRACE] 1657600730683: calling fetchItems: table=hackernews_new matrixItem=[] limit=<nil>
2022-07-12 04:38:50.330 UTC [TRACE] steampipe-plugin-hackernews.plugin: [TRACE] 1657600730683: Cache ENABLED callId: 1657600730683
2022-07-12 04:38:50.330 UTC [TRACE] steampipe-plugin-hackernews.plugin: [TRACE] 1657600730683: QueryCache Get - indexBucketKey index__hackernewshackernews_new, quals
2022-07-12 04:38:50.330 UTC [TRACE] steampipe-plugin-hackernews.plugin: [TRACE] 1657600730683: buildCacheQualMap col time, quals quals:{fieldName:"time"  string_value:">"  value:{timestamp_value:{seconds:1657597130  nanos:289123000}}}
2022-07-12 04:38:50.330 UTC [TRACE] steampipe-plugin-hackernews.plugin: [TRACE] 1657600730683: EXCLUDING COLUMN
2022-07-12 04:38:50.330 UTC [TRACE] steampipe-plugin-hackernews.plugin: [TRACE] 1657600730683: QueryCache getCachedResult - index bucket key: index__hackernewshackernews_new ttlSeconds 300
2022-07-12 04:38:50.330 UTC [TRACE] steampipe-plugin-hackernews.plugin: [TRACE] 1657600730683: getCachedResult - no index bucket
2022-07-12 04:38:50.330 UTC [TRACE] steampipe-plugin-hackernews.plugin: [TRACE] 1657600730683: getPendingResultItem indexBucketKey index__hackernewshackernews_new, columns [id title time by score dead deleted descendants kids parent parts poll text type url _ctx], limit -1
2022-07-12 04:38:50.330 UTC [TRACE] steampipe-plugin-hackernews.plugin: [TRACE] 1657600730683: no pending index item - add pending result
2022-07-12 04:38:50.330 UTC [TRACE] steampipe-plugin-hackernews.plugin: [TRACE] 1657600730683: addPendingResult indexBucketKey index__hackernewshackernews_new, columns [id title time by score dead deleted descendants kids parent parts poll text type url _ctx], limit -1
2022-07-12 04:38:50.330 UTC [TRACE] steampipe-plugin-hackernews.plugin: [TRACE] 1657600730683: no index bucket found - creating one
2022-07-12 04:38:50.330 UTC [TRACE] steampipe-plugin-hackernews.plugin: [TRACE] 1657600730683: pendingIndexItem Lock count before 0
2022-07-12 04:38:50.330 UTC [TRACE] steampipe-plugin-hackernews.plugin: [TRACE] 1657600730683: getPendingResultItem returning <nil>
2022-07-12 04:38:50.330 UTC [INFO]  steampipe-plugin-hackernews.plugin: [INFO]  1657600730683: CACHE MISS
2022-07-12 04:38:50.330 UTC [TRACE] steampipe-plugin-hackernews.plugin: [TRACE] 1657600730683: fetch items callId: 1657600730683
2022-07-12 04:38:50.330 UTC [TRACE] steampipe-plugin-hackernews.plugin: [TRACE] 1657600730683: buildRows callId: 1657600730683
2022-07-12 04:38:50.330 UTC [TRACE] steampipe-plugin-hackernews.plugin: [TRACE] 1657600730683: streamRows callId: 1657600730683
2022-07-12 04:38:50.330 UTC [TRACE] steampipe-plugin-hackernews.plugin: [TRACE] 1657600730683: executeListCall
2022-07-12 04:38:50.330 UTC [TRACE] steampipe-plugin-hackernews.plugin: [TRACE] 1657600730683: GetUnsatisfiedKeyColumns for columns
2022-07-12 04:38:50.330 UTC [TRACE] steampipe-plugin-hackernews.plugin: [TRACE] 1657600730683: doList: no matrix item
2022-07-12 04:38:50.562 UTC [TRACE] steampipe-plugin-hackernews.plugin: [TRACE] 1657600730683: rowData chan select - channel CLOSED
2022-07-12 04:38:50.562 UTC [TRACE] steampipe-plugin-hackernews.plugin: [TRACE] 1657600730683: wait for rows
2022-07-12 04:38:51.156 UTC [TRACE] steampipe-plugin-hackernews.plugin: [TRACE] 1657600730683: rowWg complete - CLOSING ROW CHANNEL
2022-07-12 04:38:51.156 UTC [TRACE] steampipe-plugin-hackernews.plugin: [TRACE] 1657600730683: row chan closed, stop streaming
2022-07-12 04:38:51.156 UTC [INFO]  steampipe-plugin-hackernews.plugin: [INFO]  1657600730683: ------------------------------------
2022-07-12 04:38:51.156 UTC [INFO]  steampipe-plugin-hackernews.plugin: [INFO]  1657600730683: Concurrency Summary
2022-07-12 04:38:51.156 UTC [INFO]  steampipe-plugin-hackernews.plugin: [INFO]  1657600730683: ------------------------------------
2022-07-12 04:38:51.156 UTC [INFO]  steampipe-plugin-hackernews.plugin: [INFO]  1657600730683: getItem                       : 200
2022-07-12 04:38:51.156 UTC [INFO]  steampipe-plugin-hackernews.plugin: [INFO]  1657600730683: ------------------------------------
2022-07-12 04:38:51.156 UTC [INFO]  steampipe-plugin-hackernews.plugin: [INFO]  1657600730683: Total                         : 200
2022-07-12 04:38:51.156 UTC [INFO]  steampipe-plugin-hackernews.plugin: [INFO]  1657600730683: ------------------------------------
2022-07-12 04:38:51.156 UTC [TRACE] steampipe-plugin-hackernews.plugin: [TRACE] 1657600730683: queryCache.Set callId: 1657600730683
2022-07-12 04:38:51.156 UTC [TRACE] steampipe-plugin-hackernews.plugin: [TRACE] 1657600730683: buildCacheQualMap col time, quals quals:{fieldName:"time"  string_value:">"  value:{timestamp_value:{seconds:1657597130  nanos:289123000}}}
2022-07-12 04:38:51.156 UTC [TRACE] steampipe-plugin-hackernews.plugin: [TRACE] 1657600730683: EXCLUDING COLUMN
2022-07-12 04:38:51.156 UTC [TRACE] steampipe-plugin-hackernews.plugin: [TRACE] 1657600730683: QueryCache Set - connectionName: hackernews, table: hackernews_new, columns: [_ctx by dead deleted descendants id kids parent parts poll score text time title type url], limit -1
2022-07-12 04:38:51.156 UTC [TRACE] steampipe-plugin-hackernews.plugin: [TRACE] 1657600730683: cache item cost = 64000 (500 rows, 16 columns)
2022-07-12 04:38:51.167 UTC [TRACE] steampipe-plugin-hackernews.plugin: [TRACE] 1657600730683: ------------------------------------
2022-07-12 04:38:51.167 UTC [TRACE] steampipe-plugin-hackernews.plugin: [TRACE] 1657600730683: Cache Metrics
2022-07-12 04:38:51.167 UTC [TRACE] steampipe-plugin-hackernews.plugin: [TRACE] 1657600730683: ------------------------------------
2022-07-12 04:38:51.167 UTC [TRACE] steampipe-plugin-hackernews.plugin: [TRACE] 1657600730683: MaxCost: 1073741824
2022-07-12 04:38:51.167 UTC [TRACE] steampipe-plugin-hackernews.plugin: [TRACE] 1657600730683: KeysAdded: 2
2022-07-12 04:38:51.167 UTC [TRACE] steampipe-plugin-hackernews.plugin: [TRACE] 1657600730683: CostAdded: 64113
2022-07-12 04:38:51.167 UTC [TRACE] steampipe-plugin-hackernews.plugin: [TRACE] 1657600730683: KeysEvicted: 0
2022-07-12 04:38:51.167 UTC [TRACE] steampipe-plugin-hackernews.plugin: [TRACE] 1657600730683: CostEvicted: 0
2022-07-12 04:38:51.167 UTC [TRACE] steampipe-plugin-hackernews.plugin: [TRACE] 1657600730683: ------------------------------------
2022-07-12 04:38:51.167 UTC [TRACE] steampipe-plugin-hackernews.plugin: [TRACE] 1657600730683: QueryCache Set() DONE
2022-07-12 04:38:51.167 UTC [TRACE] steampipe-plugin-hackernews.plugin: [TRACE] 1657600730683: pendingItemComplete indexBucketKey index__hackernewshackernews_new, columns [_ctx by dead deleted descendants id kids parent parts poll score text time title type url], limit -1
2022-07-12 04:38:51.167 UTC [TRACE] steampipe-plugin-hackernews.plugin: [TRACE] 1657600730683: got pending index bucket, len 1
2022-07-12 04:38:51.167 UTC [TRACE] steampipe-plugin-hackernews.plugin: [TRACE] 1657600730683: SatisfiesLimit limit -1, no item limit - satisfied
2022-07-12 04:38:51.167 UTC [TRACE] steampipe-plugin-hackernews.plugin: [TRACE] 1657600730683: found pending index item to satisfy columns _ctx,by,dead,deleted,descendants,id,kids,parent,parts,poll,score,text,time,title,type,url, limit -1
2022-07-12 04:38:51.167 UTC [TRACE] steampipe-plugin-hackernews.plugin: [TRACE] 1657600730683: got pending item hackernewshackernews_newid,title,time,by,score,dead,deleted,descendants,kids,parent,parts,poll,text,type,url,_ctx-1 - removing from map as it is complete
2022-07-12 04:38:51.167 UTC [TRACE] steampipe-plugin-hackernews.plugin: [TRACE] 1657600730683: pendingIndexItem Unlock count before 1
2022-07-12 04:38:51.167 UTC [TRACE] steampipe-plugin-hackernews.plugin: [TRACE] 1657600730683: deleted from pending, len 0
2022-07-12 04:38:51.167 UTC [TRACE] steampipe-plugin-hackernews.plugin: [TRACE] 1657600730683: pending bucket now empty - deleting key index__hackernewshackernews_new
2022-07-12 04:38:51.167 UTC [TRACE] steampipe-plugin-hackernews.plugin: [TRACE] 1657600730683: pendingItemComplete done
2022-07-12 04:38:51.167 UTC [TRACE] steampipe-plugin-hackernews.plugin: [TRACE] 1657600730683: Execute complete callId: 1657600730683 table: hackernews_new
2022-07-12 04:38:51.230 UTC [TRACE] PluginManager Shutdown map[csv:0xc00050b968 hackernews:0xc00050bad0]
2022-07-12 04:38:51.230 UTC [TRACE] killing plugin csv (1909)
2022-07-12 04:38:51.231 UTC [TRACE] stdio: waiting for stdio data
2022-07-12 04:38:51.232 UTC [DEBUG] stdio: received EOF, stopping recv loop: err="rpc error: code = Unavailable desc = error reading from server: EOF"
2022-07-12 04:38:51.232 UTC [INFO]  plugin process exited: path=/home/runner/.steampipe/plugins/hub.steampipe.io/plugins/turbot/csv@latest/steampipe-plugin-csv.plugin pid=1909
2022-07-12 04:38:51.232 UTC [DEBUG] plugin exited
2022-07-12 04:38:51.232 UTC [TRACE] killing plugin hackernews (1932)
2022-07-12 04:38:51.232 UTC [TRACE] stdio: waiting for stdio data
2022-07-12 04:38:51.233 UTC [DEBUG] stdio: received EOF, stopping recv loop: err="rpc error: code = Unavailable desc = error reading from server: EOF"
2022-07-12 04:38:51.234 UTC [INFO]  plugin process exited: path=/home/runner/.steampipe/plugins/hub.steampipe.io/plugins/turbot/hackernews@latest/steampipe-plugin-hackernews.plugin pid=1932
2022-07-12 04:38:51.234 UTC [DEBUG] plugin exited
2022-07-12 04:38:51.669 UTC [INFO]  starting plugin manager
2022-07-12 04:38:51.669 UTC [TRACE] loaded config map: hackernews,net,csv
2022-07-12 04:38:51.669 UTC [INFO]  starting connection watcher
2022-07-12 04:38:51.670 UTC [INFO]  created ConnectionWatcher
2022-07-12 04:38:51.670 UTC [TRACE] about to serve
2022-07-12 04:38:51.734 UTC [TRACE] PluginManager Get, connections: '[csv]'
2022-07-12 04:38:51.734 UTC [TRACE] PluginManager getPlugin connection 'csv'
2022-07-12 04:38:51.734 UTC [TRACE] PluginManager 0xc0005848d0 'csv' NOT found in map  - starting
2022-07-12 04:38:51.734 UTC [TRACE] ************ start plugin csv ********************
2022-07-12 04:38:51.734 UTC [DEBUG] starting plugin: path=/home/runner/.steampipe/plugins/hub.steampipe.io/plugins/turbot/csv@latest/steampipe-plugin-csv.plugin args=["/home/runner/.steampipe/plugins/hub.steampipe.io/plugins/turbot/csv@latest/steampipe-plugin-csv.plugin"]
2022-07-12 04:38:51.735 UTC [DEBUG] plugin started: path=/home/runner/.steampipe/plugins/hub.steampipe.io/plugins/turbot/csv@latest/steampipe-plugin-csv.plugin pid=1984
2022-07-12 04:38:51.735 UTC [DEBUG] waiting for RPC address: path=/home/runner/.steampipe/plugins/hub.steampipe.io/plugins/turbot/csv@latest/steampipe-plugin-csv.plugin
2022-07-12 04:38:51.741 UTC [DEBUG] steampipe-plugin-csv.plugin: 2022/07/12 04:38:51 [TRACE] Plugin Initialise creating connection manager
2022-07-12 04:38:51.746 UTC [TRACE] steampipe-plugin-csv.plugin: [TRACE] Setting Ulimit: ulimit=2560
2022-07-12 04:38:51.746 UTC [DEBUG] steampipe-plugin-csv.plugin: plugin address: address=/tmp/plugin2994805770 network=unix timestamp=2022-07-12T04:38:51.746Z
2022-07-12 04:38:51.746 UTC [DEBUG] using plugin: version=0
2022-07-12 04:38:51.746 UTC [TRACE] PluginManager getPlugin complete, returning reattach config with PID: 1984
2022-07-12 04:38:51.746 UTC [TRACE] PluginManager Get returning reattach_map:{key:"csv" value:{protocol:"grpc" addr:{Network:"unix" Address:"/tmp/plugin2994805770"} pid:1984}}
2022-07-12 04:38:51.749 UTC [TRACE] steampipe-plugin-csv.plugin: [TRACE] validate plugin steampipe-plugin-csv, required columns []
2022-07-12 04:38:51.751 UTC [INFO]  steampipe-plugin-csv.plugin: [INFO]  query cache created
2022-07-12 04:38:51.751 UTC [DEBUG] steampipe-plugin-csv.plugin: [DEBUG] SetConnectionConfig finished
2022-07-12 04:38:51.759 UTC [TRACE] PluginManager Get, connections: '[]'
2022-07-12 04:38:51.759 UTC [TRACE] PluginManager Get returning
2022-07-12 04:38:51.772 UTC [TRACE] handleFileWatcherEvent ignoring first event
2022-07-12 04:38:51.955 UTC [TRACE] PluginManager Get, connections: '[hackernews]'
2022-07-12 04:38:51.955 UTC [TRACE] PluginManager getPlugin connection 'hackernews'
2022-07-12 04:38:51.955 UTC [TRACE] PluginManager 0xc0005848d0 'hackernews' NOT found in map  - starting
2022-07-12 04:38:51.955 UTC [TRACE] ************ start plugin hackernews ********************
2022-07-12 04:38:51.955 UTC [DEBUG] starting plugin: path=/home/runner/.steampipe/plugins/hub.steampipe.io/plugins/turbot/hackernews@latest/steampipe-plugin-hackernews.plugin args=["/home/runner/.steampipe/plugins/hub.steampipe.io/plugins/turbot/hackernews@latest/steampipe-plugin-hackernews.plugin"]
2022-07-12 04:38:51.956 UTC [DEBUG] plugin started: path=/home/runner/.steampipe/plugins/hub.steampipe.io/plugins/turbot/hackernews@latest/steampipe-plugin-hackernews.plugin pid=2001
2022-07-12 04:38:51.956 UTC [DEBUG] waiting for RPC address: path=/home/runner/.steampipe/plugins/hub.steampipe.io/plugins/turbot/hackernews@latest/steampipe-plugin-hackernews.plugin
2022-07-12 04:38:51.961 UTC [DEBUG] steampipe-plugin-hackernews.plugin: 2022/07/12 04:38:51 [TRACE] Plugin Initialise creating connection manager
2022-07-12 04:38:51.966 UTC [TRACE] steampipe-plugin-hackernews.plugin: [TRACE] Setting Ulimit: ulimit=2560
2022-07-12 04:38:51.966 UTC [DEBUG] steampipe-plugin-hackernews.plugin: plugin address: address=/tmp/plugin1975553796 network=unix timestamp=2022-07-12T04:38:51.966Z
2022-07-12 04:38:51.966 UTC [DEBUG] using plugin: version=0
2022-07-12 04:38:51.966 UTC [TRACE] PluginManager getPlugin complete, returning reattach config with PID: 2001
2022-07-12 04:38:51.966 UTC [TRACE] PluginManager Get returning reattach_map:{key:"hackernews" value:{protocol:"grpc" addr:{Network:"unix" Address:"/tmp/plugin1975553796"} pid:2001}}
2022-07-12 04:38:51.968 UTC [TRACE] steampipe-plugin-hackernews.plugin: [TRACE] validate plugin steampipe-plugin-hackernews, required columns []
2022-07-12 04:38:51.970 UTC [INFO]  steampipe-plugin-hackernews.plugin: [INFO]  query cache created
2022-07-12 04:38:51.970 UTC [DEBUG] steampipe-plugin-hackernews.plugin: [DEBUG] SetConnectionConfig finished
2022-07-12 04:38:51.973 UTC [TRACE] steampipe-plugin-hackernews.plugin: [TRACE] EXECUTE callId: 1657600731154 table: hackernews_new cols: time
2022-07-12 04:38:51.973 UTC [TRACE] steampipe-plugin-hackernews.plugin: [TRACE] 1657600731154: Execute : connection=hackernews table=hackernews_new
2022-07-12 04:38:51.973 UTC [TRACE] steampipe-plugin-hackernews.plugin: [TRACE] 1657600731154: Got query context: table=hackernews_new cols=[time]
2022-07-12 04:38:51.973 UTC [TRACE] steampipe-plugin-hackernews.plugin: [TRACE] 1657600731154: setFetchType map[time:quals:{fieldName:"time"  string_value:">"  value:{timestamp_value:{seconds:1657597131  nanos:938386000}}}]
2022-07-12 04:38:51.974 UTC [TRACE] steampipe-plugin-hackernews.plugin: [TRACE] 1657600731154: getMatchingQuals column:'id' operator: =
2022-07-12 04:38:51.974 UTC [TRACE] steampipe-plugin-hackernews.plugin: [TRACE] 1657600731154: getMatchingQuals returning false - qualMap does not contain any quals for column id
2022-07-12 04:38:51.975 UTC [TRACE] steampipe-plugin-hackernews.plugin: [TRACE] 1657600731154: GetUnsatisfiedKeyColumns for columns column:'id' operator: =
2022-07-12 04:38:51.975 UTC [TRACE] steampipe-plugin-hackernews.plugin: [TRACE] 1657600731154: key column NOT satisfied column:'id' operator: =
2022-07-12 04:38:51.975 UTC [TRACE] steampipe-plugin-hackernews.plugin: [TRACE] 1657600731154: satisfied: map[any_of: optional: required:]
2022-07-12 04:38:51.976 UTC [TRACE] steampipe-plugin-hackernews.plugin: [TRACE] 1657600731154: unsatisfied: map[any_of: optional: required:column:'id' operator: =]
2022-07-12 04:38:51.977 UTC [TRACE] steampipe-plugin-hackernews.plugin: [TRACE] 1657600731154: unsatisfied required KeyColumns: column:'id' operator: =
2022-07-12 04:38:51.977 UTC [TRACE] steampipe-plugin-hackernews.plugin: [TRACE] 1657600731154: Set fetchType to fetchTypeList
2022-07-12 04:38:51.977 UTC [TRACE] steampipe-plugin-hackernews.plugin: [TRACE] 1657600731154: Equals key column quals:
2022-07-12 04:38:51.977 UTC [DEBUG] steampipe-plugin-hackernews.plugin: {}
2022-07-12 04:38:51.977 UTC [TRACE] steampipe-plugin-hackernews.plugin: [TRACE] 1657600731154: All key column quals:
2022-07-12 04:38:51.977 UTC [DEBUG] steampipe-plugin-hackernews.plugin: {}
2022-07-12 04:38:51.977 UTC [TRACE] steampipe-plugin-hackernews.plugin: [TRACE] 1657600731154: calling fetchItems: table=hackernews_new matrixItem=[] limit=<nil>
2022-07-12 04:38:51.977 UTC [TRACE] steampipe-plugin-hackernews.plugin: [TRACE] 1657600731154: Cache ENABLED callId: 1657600731154
2022-07-12 04:38:51.977 UTC [TRACE] steampipe-plugin-hackernews.plugin: [TRACE] 1657600731154: QueryCache Get - indexBucketKey index__hackernewshackernews_new, quals
2022-07-12 04:38:51.977 UTC [TRACE] steampipe-plugin-hackernews.plugin: [TRACE] 1657600731154: buildCacheQualMap col time, quals quals:{fieldName:"time"  string_value:">"  value:{timestamp_value:{seconds:1657597131  nanos:938386000}}}
2022-07-12 04:38:51.977 UTC [TRACE] steampipe-plugin-hackernews.plugin: [TRACE] 1657600731154: EXCLUDING COLUMN
2022-07-12 04:38:51.977 UTC [TRACE] steampipe-plugin-hackernews.plugin: [TRACE] 1657600731154: QueryCache getCachedResult - index bucket key: index__hackernewshackernews_new ttlSeconds 300
2022-07-12 04:38:51.977 UTC [TRACE] steampipe-plugin-hackernews.plugin: [TRACE] 1657600731154: getCachedResult - no index bucket
2022-07-12 04:38:51.977 UTC [TRACE] steampipe-plugin-hackernews.plugin: [TRACE] 1657600731154: getPendingResultItem indexBucketKey index__hackernewshackernews_new, columns [time], limit -1
2022-07-12 04:38:51.977 UTC [TRACE] steampipe-plugin-hackernews.plugin: [TRACE] 1657600731154: no pending index item - add pending result
2022-07-12 04:38:51.977 UTC [TRACE] steampipe-plugin-hackernews.plugin: [TRACE] 1657600731154: addPendingResult indexBucketKey index__hackernewshackernews_new, columns [time], limit -1
2022-07-12 04:38:51.977 UTC [TRACE] steampipe-plugin-hackernews.plugin: [TRACE] 1657600731154: no index bucket found - creating one
2022-07-12 04:38:51.977 UTC [TRACE] steampipe-plugin-hackernews.plugin: [TRACE] 1657600731154: pendingIndexItem Lock count before 0
2022-07-12 04:38:51.977 UTC [TRACE] steampipe-plugin-hackernews.plugin: [TRACE] 1657600731154: getPendingResultItem returning <nil>
2022-07-12 04:38:51.977 UTC [INFO]  steampipe-plugin-hackernews.plugin: [INFO]  1657600731154: CACHE MISS
2022-07-12 04:38:51.977 UTC [TRACE] steampipe-plugin-hackernews.plugin: [TRACE] 1657600731154: fetch items callId: 1657600731154
2022-07-12 04:38:51.977 UTC [TRACE] steampipe-plugin-hackernews.plugin: [TRACE] 1657600731154: buildRows callId: 1657600731154
2022-07-12 04:38:51.977 UTC [TRACE] steampipe-plugin-hackernews.plugin: [TRACE] 1657600731154: streamRows callId: 1657600731154
2022-07-12 04:38:51.977 UTC [TRACE] steampipe-plugin-hackernews.plugin: [TRACE] 1657600731154: executeListCall
2022-07-12 04:38:51.977 UTC [TRACE] steampipe-plugin-hackernews.plugin: [TRACE] 1657600731154: GetUnsatisfiedKeyColumns for columns
2022-07-12 04:38:51.977 UTC [TRACE] steampipe-plugin-hackernews.plugin: [TRACE] 1657600731154: doList: no matrix item
2022-07-12 04:38:52.088 UTC [TRACE] steampipe-plugin-hackernews.plugin: [TRACE] 1657600731154: rowData chan select - channel CLOSED
2022-07-12 04:38:52.088 UTC [TRACE] steampipe-plugin-hackernews.plugin: [TRACE] 1657600731154: wait for rows
2022-07-12 04:38:52.609 UTC [TRACE] steampipe-plugin-hackernews.plugin: [TRACE] 1657600731154: rowWg complete - CLOSING ROW CHANNEL
2022-07-12 04:38:52.609 UTC [TRACE] steampipe-plugin-hackernews.plugin: [TRACE] 1657600731154: row chan closed, stop streaming
2022-07-12 04:38:52.609 UTC [INFO]  steampipe-plugin-hackernews.plugin: [INFO]  1657600731154: ------------------------------------
2022-07-12 04:38:52.609 UTC [INFO]  steampipe-plugin-hackernews.plugin: [INFO]  1657600731154: Concurrency Summary
2022-07-12 04:38:52.609 UTC [INFO]  steampipe-plugin-hackernews.plugin: [INFO]  1657600731154: ------------------------------------
2022-07-12 04:38:52.609 UTC [INFO]  steampipe-plugin-hackernews.plugin: [INFO]  1657600731154: getItem                       : 200
2022-07-12 04:38:52.609 UTC [INFO]  steampipe-plugin-hackernews.plugin: [INFO]  1657600731154: ------------------------------------
2022-07-12 04:38:52.609 UTC [INFO]  steampipe-plugin-hackernews.plugin: [INFO]  1657600731154: Total                         : 200
2022-07-12 04:38:52.609 UTC [INFO]  steampipe-plugin-hackernews.plugin: [INFO]  1657600731154: ------------------------------------
2022-07-12 04:38:52.609 UTC [TRACE] steampipe-plugin-hackernews.plugin: [TRACE] 1657600731154: queryCache.Set callId: 1657600731154
2022-07-12 04:38:52.609 UTC [TRACE] steampipe-plugin-hackernews.plugin: [TRACE] 1657600731154: buildCacheQualMap col time, quals quals:{fieldName:"time"  string_value:">"  value:{timestamp_value:{seconds:1657597131  nanos:938386000}}}
2022-07-12 04:38:52.610 UTC [TRACE] steampipe-plugin-hackernews.plugin: [TRACE] 1657600731154: EXCLUDING COLUMN
2022-07-12 04:38:52.610 UTC [TRACE] steampipe-plugin-hackernews.plugin: [TRACE] 1657600731154: QueryCache Set - connectionName: hackernews, table: hackernews_new, columns: [_ctx by dead deleted descendants id kids parent parts poll score text time title type url], limit -1
2022-07-12 04:38:52.610 UTC [TRACE] steampipe-plugin-hackernews.plugin: [TRACE] 1657600731154: cache item cost = 64000 (500 rows, 16 columns)
2022-07-12 04:38:52.621 UTC [TRACE] steampipe-plugin-hackernews.plugin: [TRACE] 1657600731154: ------------------------------------
2022-07-12 04:38:52.621 UTC [TRACE] steampipe-plugin-hackernews.plugin: [TRACE] 1657600731154: Cache Metrics
2022-07-12 04:38:52.621 UTC [TRACE] steampipe-plugin-hackernews.plugin: [TRACE] 1657600731154: ------------------------------------
2022-07-12 04:38:52.621 UTC [TRACE] steampipe-plugin-hackernews.plugin: [TRACE] 1657600731154: MaxCost: 1073741824
2022-07-12 04:38:52.621 UTC [TRACE] steampipe-plugin-hackernews.plugin: [TRACE] 1657600731154: KeysAdded: 2
2022-07-12 04:38:52.621 UTC [TRACE] steampipe-plugin-hackernews.plugin: [TRACE] 1657600731154: CostAdded: 64113
2022-07-12 04:38:52.621 UTC [TRACE] steampipe-plugin-hackernews.plugin: [TRACE] 1657600731154: KeysEvicted: 0
2022-07-12 04:38:52.621 UTC [TRACE] steampipe-plugin-hackernews.plugin: [TRACE] 1657600731154: CostEvicted: 0
2022-07-12 04:38:52.621 UTC [TRACE] steampipe-plugin-hackernews.plugin: [TRACE] 1657600731154: ------------------------------------
2022-07-12 04:38:52.621 UTC [TRACE] steampipe-plugin-hackernews.plugin: [TRACE] 1657600731154: QueryCache Set() DONE
2022-07-12 04:38:52.621 UTC [TRACE] steampipe-plugin-hackernews.plugin: [TRACE] 1657600731154: pendingItemComplete indexBucketKey index__hackernewshackernews_new, columns [_ctx by dead deleted descendants id kids parent parts poll score text time title type url], limit -1
2022-07-12 04:38:52.621 UTC [TRACE] steampipe-plugin-hackernews.plugin: [TRACE] 1657600731154: got pending index bucket, len 1
2022-07-12 04:38:52.621 UTC [TRACE] steampipe-plugin-hackernews.plugin: [TRACE] 1657600731154: SatisfiesLimit limit -1, no item limit - satisfied
2022-07-12 04:38:52.621 UTC [TRACE] steampipe-plugin-hackernews.plugin: [TRACE] 1657600731154: found pending index item to satisfy columns _ctx,by,dead,deleted,descendants,id,kids,parent,parts,poll,score,text,time,title,type,url, limit -1
2022-07-12 04:38:52.621 UTC [TRACE] steampipe-plugin-hackernews.plugin: [TRACE] 1657600731154: got pending item hackernewshackernews_newtime-1 - removing from map as it is complete
2022-07-12 04:38:52.621 UTC [TRACE] steampipe-plugin-hackernews.plugin: [TRACE] 1657600731154: pendingIndexItem Unlock count before 1
2022-07-12 04:38:52.622 UTC [TRACE] steampipe-plugin-hackernews.plugin: [TRACE] 1657600731154: deleted from pending, len 0
2022-07-12 04:38:52.622 UTC [TRACE] steampipe-plugin-hackernews.plugin: [TRACE] 1657600731154: pending bucket now empty - deleting key index__hackernewshackernews_new
2022-07-12 04:38:52.622 UTC [TRACE] steampipe-plugin-hackernews.plugin: [TRACE] 1657600731154: pendingItemComplete done
2022-07-12 04:38:52.622 UTC [TRACE] steampipe-plugin-hackernews.plugin: [TRACE] 1657600731154: Execute complete callId: 1657600731154 table: hackernews_new
2022-07-12 04:38:52.689 UTC [TRACE] PluginManager Shutdown map[csv:0xc000117020 hackernews:0xc000116a50]
2022-07-12 04:38:52.689 UTC [TRACE] killing plugin csv (1984)
2022-07-12 04:38:52.690 UTC [TRACE] stdio: waiting for stdio data
2022-07-12 04:38:52.690 UTC [DEBUG] stdio: received EOF, stopping recv loop: err="rpc error: code = Unavailable desc = error reading from server: EOF"
2022-07-12 04:38:52.691 UTC [INFO]  plugin process exited: path=/home/runner/.steampipe/plugins/hub.steampipe.io/plugins/turbot/csv@latest/steampipe-plugin-csv.plugin pid=1984
2022-07-12 04:38:52.691 UTC [DEBUG] plugin exited
2022-07-12 04:38:52.691 UTC [TRACE] killing plugin hackernews (2001)
2022-07-12 04:38:52.692 UTC [TRACE] stdio: waiting for stdio data
2022-07-12 04:38:52.692 UTC [DEBUG] stdio: received EOF, stopping recv loop: err="rpc error: code = Unavailable desc = error reading from server: EOF"
2022-07-12 04:38:52.694 UTC [INFO]  plugin process exited: path=/home/runner/.steampipe/plugins/hub.steampipe.io/plugins/turbot/hackernews@latest/steampipe-plugin-hackernews.plugin pid=2001
2022-07-12 04:38:52.694 UTC [DEBUG] plugin exited
2022-07-12 04:39:06.613 UTC [ERROR] steampipe-plugin-net.plugin: [ERROR] 1657600746193: listRequestResponses do request error: url=? request method=GET error="Get \"?\": unsupported protocol scheme \"\""
2022-07-12 04:40:13.577 UTC [ERROR] steampipe-plugin-csv.plugin: [ERROR] csv.tableCSV: header_parse_error=EOF path=/home/runner/work/steampipe-samples/steampipe-samples/all/hackernews/new_sc.csv header=[]
2022-07-12 04:40:13.577 UTC [ERROR] steampipe-plugin-csv.plugin: [ERROR] csv.PluginTables: create_table_error="failed to parse file header /home/runner/work/steampipe-samples/steampipe-samples/all/hackernews/new_sc.csv: EOF" path=/home/runner/work/steampipe-samples/steampipe-samples/all/hackernews/new_sc.csv
