2022-12-21 06:20:21.020 UTC [INFO]  starting plugin manager
2022-12-21 06:20:21.021 UTC [TRACE] loaded config map: csv,github,hackernews,net
2022-12-21 06:20:21.021 UTC [TRACE] NewPluginManager
2022-12-21 06:20:21.022 UTC [TRACE] PluginManager setPluginCacheSizeMap: 4 connections.
2022-12-21 06:20:21.022 UTC [TRACE] Total cache size 0Mb
2022-12-21 06:20:21.022 UTC [INFO]  starting connection watcher
2022-12-21 06:20:21.023 UTC [INFO]  created ConnectionWatcher
2022-12-21 06:20:21.023 UTC [TRACE] about to serve
2022-12-21 06:20:21.094 UTC [TRACE] PluginManager Get, connections: '[csv]'
2022-12-21 06:20:21.094 UTC [TRACE] PluginManager getPlugin hub.steampipe.io/plugins/turbot/csv@latest connection 'csv'
2022-12-21 06:20:21.094 UTC [TRACE] PluginManager 0xc000328e60 plugin hub.steampipe.io/plugins/turbot/csv@latest (csv) NOT started or starting - start now
2022-12-21 06:20:21.094 UTC [TRACE] ************ start plugin csv ********************
2022-12-21 06:20:21.094 UTC [TRACE] ************ plugin path /home/runner/.steampipe/plugins/hub.steampipe.io/plugins/turbot/csv@latest/steampipe-plugin-csv.plugin ********************
2022-12-21 06:20:21.124 UTC [TRACE] handleFileWatcherEvent ignoring first event
2022-12-21 06:20:21.170 UTC [DEBUG] starting plugin: path=/home/runner/.steampipe/plugins/hub.steampipe.io/plugins/turbot/csv@latest/steampipe-plugin-csv.plugin args=["/home/runner/.steampipe/plugins/hub.steampipe.io/plugins/turbot/csv@latest/steampipe-plugin-csv.plugin"]
2022-12-21 06:20:21.170 UTC [DEBUG] plugin started: path=/home/runner/.steampipe/plugins/hub.steampipe.io/plugins/turbot/csv@latest/steampipe-plugin-csv.plugin pid=2111
2022-12-21 06:20:21.170 UTC [DEBUG] waiting for RPC address: path=/home/runner/.steampipe/plugins/hub.steampipe.io/plugins/turbot/csv@latest/steampipe-plugin-csv.plugin
2022-12-21 06:20:21.184 UTC [INFO]  steampipe-plugin-csv.plugin: [INFO]  Initialise plugin 'steampipe-plugin-csv', using sdk version 4.1.8
2022-12-21 06:20:21.184 UTC [TRACE] steampipe-plugin-csv.plugin: [TRACE] no DefaultRetryConfig defined - creating empty
2022-12-21 06:20:21.184 UTC [TRACE] steampipe-plugin-csv.plugin: [TRACE] no DefaultIgnoreConfig defined - creating empty
2022-12-21 06:20:21.184 UTC [TRACE] steampipe-plugin-csv.plugin: [TRACE] telemetry.Init service 'steampipe-plugin-csv', tracingEnabled: false, metricsEnabled: false
2022-12-21 06:20:21.184 UTC [TRACE] steampipe-plugin-csv.plugin: [TRACE] metrics and tracing disabled' - returning
2022-12-21 06:20:21.184 UTC [DEBUG] steampipe-plugin-csv.plugin: plugin address: address=/tmp/plugin312346375 network=unix timestamp=2022-12-21T06:20:21.184Z
2022-12-21 06:20:21.184 UTC [DEBUG] using plugin: version=0
2022-12-21 06:20:21.184 UTC [TRACE] NewPluginClient for plugin hub.steampipe.io/plugins/turbot/csv@latest
2022-12-21 06:20:21.185 UTC [TRACE] stdio: waiting for stdio data
2022-12-21 06:20:21.187 UTC [TRACE] supportedOperations: query_cache:true multiple_connections:true
2022-12-21 06:20:21.188 UTC [TRACE] steampipe-plugin-csv.plugin: [TRACE] SetAllConnectionConfigs setting 1 configs
2022-12-21 06:20:21.188 UTC [TRACE] steampipe-plugin-csv.plugin: [TRACE] connection csv build schema and table map
2022-12-21 06:20:21.188 UTC [DEBUG] steampipe-plugin-csv.plugin: [DEBUG] csv.tableCSV: path=/home/runner/work/steampipe-samples/steampipe-samples/all/hackernews/hn_items_all.csv detected_encoding=Unknown
2022-12-21 06:20:21.188 UTC [DEBUG] steampipe-plugin-csv.plugin: [DEBUG] csv.tableCSV: path=/home/runner/work/steampipe-samples/steampipe-samples/all/hackernews/new_sc.csv detected_encoding=Unknown
2022-12-21 06:20:21.188 UTC [DEBUG] steampipe-plugin-csv.plugin: [DEBUG] csv.tableCSV: path=/home/runner/work/steampipe-samples/steampipe-samples/all/hackernews/people.csv detected_encoding=Unknown
2022-12-21 06:20:21.188 UTC [TRACE] steampipe-plugin-csv.plugin: [TRACE] initialise table /home/runner/work/steampipe-samples/steampipe-samples/all/hackernews/new_sc.csv
2022-12-21 06:20:21.188 UTC [TRACE] steampipe-plugin-csv.plugin: [TRACE] no DefaultRetryConfig defined - creating empty
2022-12-21 06:20:21.188 UTC [TRACE] steampipe-plugin-csv.plugin: [TRACE] no DefaultIgnoreConfig defined - creating empty
2022-12-21 06:20:21.188 UTC [TRACE] steampipe-plugin-csv.plugin: [TRACE] apply plugin defaults for DefaultRetryConfig
2022-12-21 06:20:21.188 UTC [TRACE] steampipe-plugin-csv.plugin: [TRACE] apply plugin defaults for DefaultIgnoreConfig, table &{<nil> <nil>} plugin &{<nil> <nil>}
2022-12-21 06:20:21.188 UTC [TRACE] steampipe-plugin-csv.plugin: [TRACE] DefaultRetryConfig:
2022-12-21 06:20:21.188 UTC [TRACE] steampipe-plugin-csv.plugin: [TRACE] DefaultIgnoreConfig:
2022-12-21 06:20:21.188 UTC [TRACE] steampipe-plugin-csv.plugin: [TRACE] t.List.initialise
2022-12-21 06:20:21.188 UTC [TRACE] steampipe-plugin-csv.plugin: [TRACE] ListConfig.initialise table /home/runner/work/steampipe-samples/steampipe-samples/all/hackernews/new_sc.csv
2022-12-21 06:20:21.189 UTC [TRACE] steampipe-plugin-csv.plugin: [TRACE] ListConfig.initialise complete: RetryConfig: , IgnoreConfig
2022-12-21 06:20:21.189 UTC [TRACE] steampipe-plugin-csv.plugin: [TRACE] back from initialiseHydrateConfigs
2022-12-21 06:20:21.189 UTC [TRACE] steampipe-plugin-csv.plugin: [TRACE] initialise table /home/runner/work/steampipe-samples/steampipe-samples/all/hackernews/new_sc.csv COMPLETE
2022-12-21 06:20:21.189 UTC [TRACE] steampipe-plugin-csv.plugin: [TRACE] initialise table /home/runner/work/steampipe-samples/steampipe-samples/all/hackernews/people.csv
2022-12-21 06:20:21.189 UTC [TRACE] steampipe-plugin-csv.plugin: [TRACE] no DefaultRetryConfig defined - creating empty
2022-12-21 06:20:21.189 UTC [TRACE] steampipe-plugin-csv.plugin: [TRACE] no DefaultIgnoreConfig defined - creating empty
2022-12-21 06:20:21.189 UTC [TRACE] steampipe-plugin-csv.plugin: [TRACE] apply plugin defaults for DefaultRetryConfig
2022-12-21 06:20:21.189 UTC [TRACE] steampipe-plugin-csv.plugin: [TRACE] apply plugin defaults for DefaultIgnoreConfig, table &{<nil> <nil>} plugin &{<nil> <nil>}
2022-12-21 06:20:21.189 UTC [TRACE] steampipe-plugin-csv.plugin: [TRACE] DefaultRetryConfig:
2022-12-21 06:20:21.189 UTC [TRACE] steampipe-plugin-csv.plugin: [TRACE] DefaultIgnoreConfig:
2022-12-21 06:20:21.189 UTC [TRACE] steampipe-plugin-csv.plugin: [TRACE] t.List.initialise
2022-12-21 06:20:21.189 UTC [TRACE] steampipe-plugin-csv.plugin: [TRACE] ListConfig.initialise table /home/runner/work/steampipe-samples/steampipe-samples/all/hackernews/people.csv
2022-12-21 06:20:21.189 UTC [TRACE] steampipe-plugin-csv.plugin: [TRACE] ListConfig.initialise complete: RetryConfig: , IgnoreConfig
2022-12-21 06:20:21.189 UTC [TRACE] steampipe-plugin-csv.plugin: [TRACE] back from initialiseHydrateConfigs
2022-12-21 06:20:21.189 UTC [TRACE] steampipe-plugin-csv.plugin: [TRACE] initialise table /home/runner/work/steampipe-samples/steampipe-samples/all/hackernews/people.csv COMPLETE
2022-12-21 06:20:21.189 UTC [TRACE] steampipe-plugin-csv.plugin: [TRACE] initialise table /home/runner/work/steampipe-samples/steampipe-samples/all/hackernews/hn_items_all.csv
2022-12-21 06:20:21.189 UTC [TRACE] steampipe-plugin-csv.plugin: [TRACE] no DefaultRetryConfig defined - creating empty
2022-12-21 06:20:21.189 UTC [TRACE] steampipe-plugin-csv.plugin: [TRACE] no DefaultIgnoreConfig defined - creating empty
2022-12-21 06:20:21.189 UTC [TRACE] steampipe-plugin-csv.plugin: [TRACE] apply plugin defaults for DefaultRetryConfig
2022-12-21 06:20:21.189 UTC [TRACE] steampipe-plugin-csv.plugin: [TRACE] apply plugin defaults for DefaultIgnoreConfig, table &{<nil> <nil>} plugin &{<nil> <nil>}
2022-12-21 06:20:21.189 UTC [TRACE] steampipe-plugin-csv.plugin: [TRACE] DefaultRetryConfig:
2022-12-21 06:20:21.189 UTC [TRACE] steampipe-plugin-csv.plugin: [TRACE] DefaultIgnoreConfig:
2022-12-21 06:20:21.189 UTC [TRACE] steampipe-plugin-csv.plugin: [TRACE] t.List.initialise
2022-12-21 06:20:21.189 UTC [TRACE] steampipe-plugin-csv.plugin: [TRACE] ListConfig.initialise table /home/runner/work/steampipe-samples/steampipe-samples/all/hackernews/hn_items_all.csv
2022-12-21 06:20:21.189 UTC [TRACE] steampipe-plugin-csv.plugin: [TRACE] ListConfig.initialise complete: RetryConfig: , IgnoreConfig
2022-12-21 06:20:21.189 UTC [TRACE] steampipe-plugin-csv.plugin: [TRACE] back from initialiseHydrateConfigs
2022-12-21 06:20:21.189 UTC [TRACE] steampipe-plugin-csv.plugin: [TRACE] initialise table /home/runner/work/steampipe-samples/steampipe-samples/all/hackernews/hn_items_all.csv COMPLETE
2022-12-21 06:20:21.189 UTC [TRACE] steampipe-plugin-csv.plugin: [TRACE] validate plugin steampipe-plugin-csv, required columns []
2022-12-21 06:20:21.189 UTC [TRACE] steampipe-plugin-csv.plugin: [TRACE] validate DefaultRetryConfig
2022-12-21 06:20:21.189 UTC [TRACE] steampipe-plugin-csv.plugin: [TRACE] validate DefaultIgnoreConfig
2022-12-21 06:20:21.189 UTC [TRACE] steampipe-plugin-csv.plugin: [TRACE] validate table names
2022-12-21 06:20:21.189 UTC [TRACE] steampipe-plugin-csv.plugin: [TRACE] plugin has 0 validation errors
2022-12-21 06:20:21.189 UTC [TRACE] steampipe-plugin-csv.plugin: [TRACE] Plugin ensureCache creating cache, maxCacheStorageMb 0
2022-12-21 06:20:21.189 UTC [TRACE] steampipe-plugin-csv.plugin: [TRACE] createCacheStore for plugin 'steampipe-plugin-csv' setting max size to 0Mb, Shards: 2, max shard size: 0
2022-12-21 06:20:21.202 UTC [INFO]  steampipe-plugin-csv.plugin: [INFO]  query cache created
2022-12-21 06:20:21.202 UTC [DEBUG] steampipe-plugin-csv.plugin: [DEBUG] SetAllConnectionConfigs finished
2022-12-21 06:20:21.203 UTC [TRACE] PluginManager getPlugin complete, returning reattach config with PID: 2111
2022-12-21 06:20:21.203 UTC [TRACE] PluginManager Get returning reattach_map:{key:"csv" value:{protocol:"grpc" addr:{Network:"unix" Address:"/tmp/plugin312346375"} pid:2111 supported_operations:{query_cache:true multiple_connections:true} connections:"csv" plugin:"hub.steampipe.io/plugins/turbot/csv@latest"}}
2022-12-21 06:20:21.285 UTC [TRACE] PluginManager Get, connections: '[csv]'
2022-12-21 06:20:21.285 UTC [TRACE] PluginManager getPlugin hub.steampipe.io/plugins/turbot/csv@latest connection 'csv'
2022-12-21 06:20:21.285 UTC [TRACE] connection csv found in connectionPluginMap
2022-12-21 06:20:21.285 UTC [TRACE] initialized: 2111
2022-12-21 06:20:21.285 UTC [TRACE] initialized: 2111
2022-12-21 06:20:21.285 UTC [TRACE] connection csv is loaded, check for running PID
2022-12-21 06:20:21.286 UTC [TRACE] PluginManager found 'csv' in map, pid 2111
2022-12-21 06:20:21.286 UTC [TRACE] PluginManager Get returning reattach_map:{key:"csv" value:{protocol:"grpc" addr:{Network:"unix" Address:"/tmp/plugin312346375"} pid:2111 supported_operations:{query_cache:true multiple_connections:true} connections:"csv" plugin:"hub.steampipe.io/plugins/turbot/csv@latest"}}
2022-12-21 06:20:21.444 UTC [TRACE] PluginManager Get, connections: '[hackernews]'
2022-12-21 06:20:21.444 UTC [TRACE] PluginManager getPlugin hub.steampipe.io/plugins/turbot/hackernews@latest connection 'hackernews'
2022-12-21 06:20:21.444 UTC [TRACE] PluginManager 0xc000328e60 plugin hub.steampipe.io/plugins/turbot/hackernews@latest (hackernews) NOT started or starting - start now
2022-12-21 06:20:21.444 UTC [TRACE] ************ start plugin hackernews ********************
2022-12-21 06:20:21.444 UTC [TRACE] ************ plugin path /home/runner/.steampipe/plugins/hub.steampipe.io/plugins/turbot/hackernews@latest/steampipe-plugin-hackernews.plugin ********************
2022-12-21 06:20:21.526 UTC [DEBUG] starting plugin: path=/home/runner/.steampipe/plugins/hub.steampipe.io/plugins/turbot/hackernews@latest/steampipe-plugin-hackernews.plugin args=["/home/runner/.steampipe/plugins/hub.steampipe.io/plugins/turbot/hackernews@latest/steampipe-plugin-hackernews.plugin"]
2022-12-21 06:20:21.526 UTC [DEBUG] plugin started: path=/home/runner/.steampipe/plugins/hub.steampipe.io/plugins/turbot/hackernews@latest/steampipe-plugin-hackernews.plugin pid=2133
2022-12-21 06:20:21.526 UTC [DEBUG] waiting for RPC address: path=/home/runner/.steampipe/plugins/hub.steampipe.io/plugins/turbot/hackernews@latest/steampipe-plugin-hackernews.plugin
2022-12-21 06:20:21.535 UTC [INFO]  steampipe-plugin-hackernews.plugin: [INFO]  Initialise plugin 'steampipe-plugin-hackernews', using sdk version 4.1.7
2022-12-21 06:20:21.535 UTC [TRACE] steampipe-plugin-hackernews.plugin: [TRACE] defaulting SchemaMode to SchemaModeStatic
2022-12-21 06:20:21.535 UTC [TRACE] steampipe-plugin-hackernews.plugin: [TRACE] no DefaultRetryConfig defined - creating empty
2022-12-21 06:20:21.535 UTC [TRACE] steampipe-plugin-hackernews.plugin: [TRACE] no DefaultIgnoreConfig defined - creating empty
2022-12-21 06:20:21.535 UTC [TRACE] steampipe-plugin-hackernews.plugin: [TRACE] Setting Ulimit: ulimit=2560
2022-12-21 06:20:21.535 UTC [TRACE] steampipe-plugin-hackernews.plugin: [TRACE] telemetry.Init service 'steampipe-plugin-hackernews', tracingEnabled: false, metricsEnabled: false
2022-12-21 06:20:21.535 UTC [TRACE] steampipe-plugin-hackernews.plugin: [TRACE] metrics and tracing disabled' - returning
2022-12-21 06:20:21.535 UTC [DEBUG] steampipe-plugin-hackernews.plugin: plugin address: address=/tmp/plugin206770830 network=unix timestamp=2022-12-21T06:20:21.535Z
2022-12-21 06:20:21.536 UTC [DEBUG] using plugin: version=0
2022-12-21 06:20:21.536 UTC [TRACE] NewPluginClient for plugin hub.steampipe.io/plugins/turbot/hackernews@latest
2022-12-21 06:20:21.537 UTC [TRACE] stdio: waiting for stdio data
2022-12-21 06:20:21.537 UTC [TRACE] supportedOperations: query_cache:true multiple_connections:true
2022-12-21 06:20:21.538 UTC [TRACE] steampipe-plugin-hackernews.plugin: [TRACE] SetAllConnectionConfigs setting 1 configs
2022-12-21 06:20:21.538 UTC [TRACE] steampipe-plugin-hackernews.plugin: [TRACE] connection hackernews build schema and table map
2022-12-21 06:20:21.538 UTC [TRACE] steampipe-plugin-hackernews.plugin: [TRACE] initialise table hackernews_show_hn
2022-12-21 06:20:21.538 UTC [TRACE] steampipe-plugin-hackernews.plugin: [TRACE] no DefaultRetryConfig defined - creating empty
2022-12-21 06:20:21.538 UTC [TRACE] steampipe-plugin-hackernews.plugin: [TRACE] no DefaultIgnoreConfig defined - creating empty
2022-12-21 06:20:21.538 UTC [TRACE] steampipe-plugin-hackernews.plugin: [TRACE] apply plugin defaults for DefaultRetryConfig
2022-12-21 06:20:21.538 UTC [TRACE] steampipe-plugin-hackernews.plugin: [TRACE] apply plugin defaults for DefaultIgnoreConfig, table &{<nil> <nil>} plugin &{<nil> <nil>}
2022-12-21 06:20:21.538 UTC [TRACE] steampipe-plugin-hackernews.plugin: [TRACE] DefaultRetryConfig:
2022-12-21 06:20:21.538 UTC [TRACE] steampipe-plugin-hackernews.plugin: [TRACE] DefaultIgnoreConfig:
2022-12-21 06:20:21.538 UTC [TRACE] steampipe-plugin-hackernews.plugin: [TRACE] t.Get.initialise
2022-12-21 06:20:21.538 UTC [TRACE] steampipe-plugin-hackernews.plugin: [TRACE] GetConfig.initialise table hackernews_show_hn
2022-12-21 06:20:21.538 UTC [TRACE] steampipe-plugin-hackernews.plugin: [TRACE] GetConfig.initialise complete: RetryConfig: , IgnoreConfig:
2022-12-21 06:20:21.538 UTC [TRACE] steampipe-plugin-hackernews.plugin: [TRACE] t.List.initialise
2022-12-21 06:20:21.538 UTC [TRACE] steampipe-plugin-hackernews.plugin: [TRACE] ListConfig.initialise table hackernews_show_hn
2022-12-21 06:20:21.538 UTC [TRACE] steampipe-plugin-hackernews.plugin: [TRACE] ListConfig.initialise complete: RetryConfig: , IgnoreConfig
2022-12-21 06:20:21.538 UTC [TRACE] steampipe-plugin-hackernews.plugin: [TRACE] HydrateConfig.initialise func getItem, table hackernews_show_hn
2022-12-21 06:20:21.538 UTC [TRACE] steampipe-plugin-hackernews.plugin: [TRACE] HydrateConfig.initialise complete: RetryConfig: , IgnoreConfig:
2022-12-21 06:20:21.538 UTC [TRACE] steampipe-plugin-hackernews.plugin: [TRACE] back from initialiseHydrateConfigs
2022-12-21 06:20:21.538 UTC [TRACE] steampipe-plugin-hackernews.plugin: [TRACE] initialise table hackernews_show_hn COMPLETE
2022-12-21 06:20:21.538 UTC [TRACE] steampipe-plugin-hackernews.plugin: [TRACE] initialise table hackernews_top
2022-12-21 06:20:21.538 UTC [TRACE] steampipe-plugin-hackernews.plugin: [TRACE] no DefaultRetryConfig defined - creating empty
2022-12-21 06:20:21.538 UTC [TRACE] steampipe-plugin-hackernews.plugin: [TRACE] no DefaultIgnoreConfig defined - creating empty
2022-12-21 06:20:21.538 UTC [TRACE] steampipe-plugin-hackernews.plugin: [TRACE] apply plugin defaults for DefaultRetryConfig
2022-12-21 06:20:21.538 UTC [TRACE] steampipe-plugin-hackernews.plugin: [TRACE] apply plugin defaults for DefaultIgnoreConfig, table &{<nil> <nil>} plugin &{<nil> <nil>}
2022-12-21 06:20:21.538 UTC [TRACE] steampipe-plugin-hackernews.plugin: [TRACE] DefaultRetryConfig:
2022-12-21 06:20:21.538 UTC [TRACE] steampipe-plugin-hackernews.plugin: [TRACE] DefaultIgnoreConfig:
2022-12-21 06:20:21.538 UTC [TRACE] steampipe-plugin-hackernews.plugin: [TRACE] t.Get.initialise
2022-12-21 06:20:21.538 UTC [TRACE] steampipe-plugin-hackernews.plugin: [TRACE] GetConfig.initialise table hackernews_top
2022-12-21 06:20:21.538 UTC [TRACE] steampipe-plugin-hackernews.plugin: [TRACE] GetConfig.initialise complete: RetryConfig: , IgnoreConfig:
2022-12-21 06:20:21.539 UTC [TRACE] steampipe-plugin-hackernews.plugin: [TRACE] t.List.initialise
2022-12-21 06:20:21.539 UTC [TRACE] steampipe-plugin-hackernews.plugin: [TRACE] ListConfig.initialise table hackernews_top
2022-12-21 06:20:21.539 UTC [TRACE] steampipe-plugin-hackernews.plugin: [TRACE] ListConfig.initialise complete: RetryConfig: , IgnoreConfig
2022-12-21 06:20:21.539 UTC [TRACE] steampipe-plugin-hackernews.plugin: [TRACE] HydrateConfig.initialise func getItem, table hackernews_top
2022-12-21 06:20:21.539 UTC [TRACE] steampipe-plugin-hackernews.plugin: [TRACE] HydrateConfig.initialise complete: RetryConfig: , IgnoreConfig:
2022-12-21 06:20:21.539 UTC [TRACE] steampipe-plugin-hackernews.plugin: [TRACE] back from initialiseHydrateConfigs
2022-12-21 06:20:21.539 UTC [TRACE] steampipe-plugin-hackernews.plugin: [TRACE] initialise table hackernews_top COMPLETE
2022-12-21 06:20:21.539 UTC [TRACE] steampipe-plugin-hackernews.plugin: [TRACE] initialise table hackernews_user
2022-12-21 06:20:21.539 UTC [TRACE] steampipe-plugin-hackernews.plugin: [TRACE] no DefaultRetryConfig defined - creating empty
2022-12-21 06:20:21.539 UTC [TRACE] steampipe-plugin-hackernews.plugin: [TRACE] no DefaultIgnoreConfig defined - creating empty
2022-12-21 06:20:21.539 UTC [TRACE] steampipe-plugin-hackernews.plugin: [TRACE] apply plugin defaults for DefaultRetryConfig
2022-12-21 06:20:21.539 UTC [TRACE] steampipe-plugin-hackernews.plugin: [TRACE] apply plugin defaults for DefaultIgnoreConfig, table &{<nil> <nil>} plugin &{<nil> <nil>}
2022-12-21 06:20:21.539 UTC [TRACE] steampipe-plugin-hackernews.plugin: [TRACE] DefaultRetryConfig:
2022-12-21 06:20:21.539 UTC [TRACE] steampipe-plugin-hackernews.plugin: [TRACE] DefaultIgnoreConfig:
2022-12-21 06:20:21.539 UTC [TRACE] steampipe-plugin-hackernews.plugin: [TRACE] t.List.initialise
2022-12-21 06:20:21.539 UTC [TRACE] steampipe-plugin-hackernews.plugin: [TRACE] ListConfig.initialise table hackernews_user
2022-12-21 06:20:21.539 UTC [TRACE] steampipe-plugin-hackernews.plugin: [TRACE] ListConfig.initialise complete: RetryConfig: , IgnoreConfig
2022-12-21 06:20:21.539 UTC [TRACE] steampipe-plugin-hackernews.plugin: [TRACE] back from initialiseHydrateConfigs
2022-12-21 06:20:21.539 UTC [TRACE] steampipe-plugin-hackernews.plugin: [TRACE] initialise table hackernews_user COMPLETE
2022-12-21 06:20:21.539 UTC [TRACE] steampipe-plugin-hackernews.plugin: [TRACE] initialise table hackernews_ask_hn
2022-12-21 06:20:21.539 UTC [TRACE] steampipe-plugin-hackernews.plugin: [TRACE] no DefaultRetryConfig defined - creating empty
2022-12-21 06:20:21.539 UTC [TRACE] steampipe-plugin-hackernews.plugin: [TRACE] no DefaultIgnoreConfig defined - creating empty
2022-12-21 06:20:21.539 UTC [TRACE] steampipe-plugin-hackernews.plugin: [TRACE] apply plugin defaults for DefaultRetryConfig
2022-12-21 06:20:21.539 UTC [TRACE] steampipe-plugin-hackernews.plugin: [TRACE] apply plugin defaults for DefaultIgnoreConfig, table &{<nil> <nil>} plugin &{<nil> <nil>}
2022-12-21 06:20:21.539 UTC [TRACE] steampipe-plugin-hackernews.plugin: [TRACE] DefaultRetryConfig:
2022-12-21 06:20:21.539 UTC [TRACE] steampipe-plugin-hackernews.plugin: [TRACE] DefaultIgnoreConfig:
2022-12-21 06:20:21.539 UTC [TRACE] steampipe-plugin-hackernews.plugin: [TRACE] t.Get.initialise
2022-12-21 06:20:21.539 UTC [TRACE] steampipe-plugin-hackernews.plugin: [TRACE] GetConfig.initialise table hackernews_ask_hn
2022-12-21 06:20:21.539 UTC [TRACE] steampipe-plugin-hackernews.plugin: [TRACE] GetConfig.initialise complete: RetryConfig: , IgnoreConfig:
2022-12-21 06:20:21.539 UTC [TRACE] steampipe-plugin-hackernews.plugin: [TRACE] t.List.initialise
2022-12-21 06:20:21.539 UTC [TRACE] steampipe-plugin-hackernews.plugin: [TRACE] ListConfig.initialise table hackernews_ask_hn
2022-12-21 06:20:21.539 UTC [TRACE] steampipe-plugin-hackernews.plugin: [TRACE] ListConfig.initialise complete: RetryConfig: , IgnoreConfig
2022-12-21 06:20:21.539 UTC [TRACE] steampipe-plugin-hackernews.plugin: [TRACE] HydrateConfig.initialise func getItem, table hackernews_ask_hn
2022-12-21 06:20:21.539 UTC [TRACE] steampipe-plugin-hackernews.plugin: [TRACE] HydrateConfig.initialise complete: RetryConfig: , IgnoreConfig:
2022-12-21 06:20:21.539 UTC [TRACE] steampipe-plugin-hackernews.plugin: [TRACE] back from initialiseHydrateConfigs
2022-12-21 06:20:21.539 UTC [TRACE] steampipe-plugin-hackernews.plugin: [TRACE] initialise table hackernews_ask_hn COMPLETE
2022-12-21 06:20:21.539 UTC [TRACE] steampipe-plugin-hackernews.plugin: [TRACE] initialise table hackernews_best
2022-12-21 06:20:21.539 UTC [TRACE] steampipe-plugin-hackernews.plugin: [TRACE] no DefaultRetryConfig defined - creating empty
2022-12-21 06:20:21.539 UTC [TRACE] steampipe-plugin-hackernews.plugin: [TRACE] no DefaultIgnoreConfig defined - creating empty
2022-12-21 06:20:21.539 UTC [TRACE] steampipe-plugin-hackernews.plugin: [TRACE] apply plugin defaults for DefaultRetryConfig
2022-12-21 06:20:21.539 UTC [TRACE] steampipe-plugin-hackernews.plugin: [TRACE] apply plugin defaults for DefaultIgnoreConfig, table &{<nil> <nil>} plugin &{<nil> <nil>}
2022-12-21 06:20:21.539 UTC [TRACE] steampipe-plugin-hackernews.plugin: [TRACE] DefaultRetryConfig:
2022-12-21 06:20:21.539 UTC [TRACE] steampipe-plugin-hackernews.plugin: [TRACE] DefaultIgnoreConfig:
2022-12-21 06:20:21.539 UTC [TRACE] steampipe-plugin-hackernews.plugin: [TRACE] t.Get.initialise
2022-12-21 06:20:21.539 UTC [TRACE] steampipe-plugin-hackernews.plugin: [TRACE] GetConfig.initialise table hackernews_best
2022-12-21 06:20:21.539 UTC [TRACE] steampipe-plugin-hackernews.plugin: [TRACE] GetConfig.initialise complete: RetryConfig: , IgnoreConfig:
2022-12-21 06:20:21.539 UTC [TRACE] steampipe-plugin-hackernews.plugin: [TRACE] t.List.initialise
2022-12-21 06:20:21.539 UTC [TRACE] steampipe-plugin-hackernews.plugin: [TRACE] ListConfig.initialise table hackernews_best
2022-12-21 06:20:21.539 UTC [TRACE] steampipe-plugin-hackernews.plugin: [TRACE] ListConfig.initialise complete: RetryConfig: , IgnoreConfig
2022-12-21 06:20:21.539 UTC [TRACE] steampipe-plugin-hackernews.plugin: [TRACE] HydrateConfig.initialise func getItem, table hackernews_best
2022-12-21 06:20:21.539 UTC [TRACE] steampipe-plugin-hackernews.plugin: [TRACE] HydrateConfig.initialise complete: RetryConfig: , IgnoreConfig:
2022-12-21 06:20:21.539 UTC [TRACE] steampipe-plugin-hackernews.plugin: [TRACE] back from initialiseHydrateConfigs
2022-12-21 06:20:21.539 UTC [TRACE] steampipe-plugin-hackernews.plugin: [TRACE] initialise table hackernews_best COMPLETE
2022-12-21 06:20:21.539 UTC [TRACE] steampipe-plugin-hackernews.plugin: [TRACE] initialise table hackernews_item
2022-12-21 06:20:21.539 UTC [TRACE] steampipe-plugin-hackernews.plugin: [TRACE] no DefaultRetryConfig defined - creating empty
2022-12-21 06:20:21.539 UTC [TRACE] steampipe-plugin-hackernews.plugin: [TRACE] no DefaultIgnoreConfig defined - creating empty
2022-12-21 06:20:21.539 UTC [TRACE] steampipe-plugin-hackernews.plugin: [TRACE] apply plugin defaults for DefaultRetryConfig
2022-12-21 06:20:21.539 UTC [TRACE] steampipe-plugin-hackernews.plugin: [TRACE] apply plugin defaults for DefaultIgnoreConfig, table &{<nil> <nil>} plugin &{<nil> <nil>}
2022-12-21 06:20:21.539 UTC [TRACE] steampipe-plugin-hackernews.plugin: [TRACE] DefaultRetryConfig:
2022-12-21 06:20:21.539 UTC [TRACE] steampipe-plugin-hackernews.plugin: [TRACE] DefaultIgnoreConfig:
2022-12-21 06:20:21.539 UTC [TRACE] steampipe-plugin-hackernews.plugin: [TRACE] t.Get.initialise
2022-12-21 06:20:21.539 UTC [TRACE] steampipe-plugin-hackernews.plugin: [TRACE] GetConfig.initialise table hackernews_item
2022-12-21 06:20:21.539 UTC [TRACE] steampipe-plugin-hackernews.plugin: [TRACE] GetConfig.initialise complete: RetryConfig: , IgnoreConfig:
2022-12-21 06:20:21.539 UTC [TRACE] steampipe-plugin-hackernews.plugin: [TRACE] t.List.initialise
2022-12-21 06:20:21.539 UTC [TRACE] steampipe-plugin-hackernews.plugin: [TRACE] ListConfig.initialise table hackernews_item
2022-12-21 06:20:21.539 UTC [TRACE] steampipe-plugin-hackernews.plugin: [TRACE] ListConfig.initialise complete: RetryConfig: , IgnoreConfig
2022-12-21 06:20:21.539 UTC [TRACE] steampipe-plugin-hackernews.plugin: [TRACE] HydrateConfig.initialise func getItem, table hackernews_item
2022-12-21 06:20:21.539 UTC [TRACE] steampipe-plugin-hackernews.plugin: [TRACE] HydrateConfig.initialise complete: RetryConfig: , IgnoreConfig:
2022-12-21 06:20:21.539 UTC [TRACE] steampipe-plugin-hackernews.plugin: [TRACE] back from initialiseHydrateConfigs
2022-12-21 06:20:21.539 UTC [TRACE] steampipe-plugin-hackernews.plugin: [TRACE] initialise table hackernews_item COMPLETE
2022-12-21 06:20:21.539 UTC [TRACE] steampipe-plugin-hackernews.plugin: [TRACE] initialise table hackernews_job
2022-12-21 06:20:21.539 UTC [TRACE] steampipe-plugin-hackernews.plugin: [TRACE] no DefaultRetryConfig defined - creating empty
2022-12-21 06:20:21.539 UTC [TRACE] steampipe-plugin-hackernews.plugin: [TRACE] no DefaultIgnoreConfig defined - creating empty
2022-12-21 06:20:21.539 UTC [TRACE] steampipe-plugin-hackernews.plugin: [TRACE] apply plugin defaults for DefaultRetryConfig
2022-12-21 06:20:21.539 UTC [TRACE] steampipe-plugin-hackernews.plugin: [TRACE] apply plugin defaults for DefaultIgnoreConfig, table &{<nil> <nil>} plugin &{<nil> <nil>}
2022-12-21 06:20:21.539 UTC [TRACE] steampipe-plugin-hackernews.plugin: [TRACE] DefaultRetryConfig:
2022-12-21 06:20:21.539 UTC [TRACE] steampipe-plugin-hackernews.plugin: [TRACE] DefaultIgnoreConfig:
2022-12-21 06:20:21.539 UTC [TRACE] steampipe-plugin-hackernews.plugin: [TRACE] t.Get.initialise
2022-12-21 06:20:21.539 UTC [TRACE] steampipe-plugin-hackernews.plugin: [TRACE] GetConfig.initialise table hackernews_job
2022-12-21 06:20:21.539 UTC [TRACE] steampipe-plugin-hackernews.plugin: [TRACE] GetConfig.initialise complete: RetryConfig: , IgnoreConfig:
2022-12-21 06:20:21.539 UTC [TRACE] steampipe-plugin-hackernews.plugin: [TRACE] t.List.initialise
2022-12-21 06:20:21.539 UTC [TRACE] steampipe-plugin-hackernews.plugin: [TRACE] ListConfig.initialise table hackernews_job
2022-12-21 06:20:21.539 UTC [TRACE] steampipe-plugin-hackernews.plugin: [TRACE] ListConfig.initialise complete: RetryConfig: , IgnoreConfig
2022-12-21 06:20:21.539 UTC [TRACE] steampipe-plugin-hackernews.plugin: [TRACE] HydrateConfig.initialise func getItem, table hackernews_job
2022-12-21 06:20:21.539 UTC [TRACE] steampipe-plugin-hackernews.plugin: [TRACE] HydrateConfig.initialise complete: RetryConfig: , IgnoreConfig:
2022-12-21 06:20:21.539 UTC [TRACE] steampipe-plugin-hackernews.plugin: [TRACE] back from initialiseHydrateConfigs
2022-12-21 06:20:21.539 UTC [TRACE] steampipe-plugin-hackernews.plugin: [TRACE] initialise table hackernews_job COMPLETE
2022-12-21 06:20:21.539 UTC [TRACE] steampipe-plugin-hackernews.plugin: [TRACE] initialise table hackernews_new
2022-12-21 06:20:21.539 UTC [TRACE] steampipe-plugin-hackernews.plugin: [TRACE] no DefaultRetryConfig defined - creating empty
2022-12-21 06:20:21.539 UTC [TRACE] steampipe-plugin-hackernews.plugin: [TRACE] no DefaultIgnoreConfig defined - creating empty
2022-12-21 06:20:21.539 UTC [TRACE] steampipe-plugin-hackernews.plugin: [TRACE] apply plugin defaults for DefaultRetryConfig
2022-12-21 06:20:21.539 UTC [TRACE] steampipe-plugin-hackernews.plugin: [TRACE] apply plugin defaults for DefaultIgnoreConfig, table &{<nil> <nil>} plugin &{<nil> <nil>}
2022-12-21 06:20:21.539 UTC [TRACE] steampipe-plugin-hackernews.plugin: [TRACE] DefaultRetryConfig:
2022-12-21 06:20:21.539 UTC [TRACE] steampipe-plugin-hackernews.plugin: [TRACE] DefaultIgnoreConfig:
2022-12-21 06:20:21.539 UTC [TRACE] steampipe-plugin-hackernews.plugin: [TRACE] t.Get.initialise
2022-12-21 06:20:21.539 UTC [TRACE] steampipe-plugin-hackernews.plugin: [TRACE] GetConfig.initialise table hackernews_new
2022-12-21 06:20:21.539 UTC [TRACE] steampipe-plugin-hackernews.plugin: [TRACE] GetConfig.initialise complete: RetryConfig: , IgnoreConfig:
2022-12-21 06:20:21.539 UTC [TRACE] steampipe-plugin-hackernews.plugin: [TRACE] t.List.initialise
2022-12-21 06:20:21.539 UTC [TRACE] steampipe-plugin-hackernews.plugin: [TRACE] ListConfig.initialise table hackernews_new
2022-12-21 06:20:21.539 UTC [TRACE] steampipe-plugin-hackernews.plugin: [TRACE] ListConfig.initialise complete: RetryConfig: , IgnoreConfig
2022-12-21 06:20:21.539 UTC [TRACE] steampipe-plugin-hackernews.plugin: [TRACE] HydrateConfig.initialise func getItem, table hackernews_new
2022-12-21 06:20:21.539 UTC [TRACE] steampipe-plugin-hackernews.plugin: [TRACE] HydrateConfig.initialise complete: RetryConfig: , IgnoreConfig:
2022-12-21 06:20:21.539 UTC [TRACE] steampipe-plugin-hackernews.plugin: [TRACE] back from initialiseHydrateConfigs
2022-12-21 06:20:21.539 UTC [TRACE] steampipe-plugin-hackernews.plugin: [TRACE] initialise table hackernews_new COMPLETE
2022-12-21 06:20:21.539 UTC [TRACE] steampipe-plugin-hackernews.plugin: [TRACE] validate plugin steampipe-plugin-hackernews, required columns []
2022-12-21 06:20:21.539 UTC [TRACE] steampipe-plugin-hackernews.plugin: [TRACE] validate DefaultRetryConfig
2022-12-21 06:20:21.539 UTC [TRACE] steampipe-plugin-hackernews.plugin: [TRACE] validate DefaultIgnoreConfig
2022-12-21 06:20:21.539 UTC [TRACE] steampipe-plugin-hackernews.plugin: [TRACE] validate table names
2022-12-21 06:20:21.539 UTC [TRACE] steampipe-plugin-hackernews.plugin: [TRACE] plugin has 0 validation errors
2022-12-21 06:20:21.539 UTC [TRACE] steampipe-plugin-hackernews.plugin: [TRACE] Plugin ensureCache creating cache, maxCacheStorageMb 0
2022-12-21 06:20:21.539 UTC [TRACE] steampipe-plugin-hackernews.plugin: [TRACE] createCacheStore for plugin 'steampipe-plugin-hackernews' setting max size to 0Mb, Shards: 2, max shard size: 0
2022-12-21 06:20:21.557 UTC [INFO]  steampipe-plugin-hackernews.plugin: [INFO]  query cache created
2022-12-21 06:20:21.557 UTC [DEBUG] steampipe-plugin-hackernews.plugin: [DEBUG] SetAllConnectionConfigs finished
2022-12-21 06:20:21.558 UTC [TRACE] PluginManager getPlugin complete, returning reattach config with PID: 2133
2022-12-21 06:20:21.558 UTC [TRACE] PluginManager Get returning reattach_map:{key:"hackernews" value:{protocol:"grpc" addr:{Network:"unix" Address:"/tmp/plugin206770830"} pid:2133 supported_operations:{query_cache:true multiple_connections:true} connections:"hackernews" plugin:"hub.steampipe.io/plugins/turbot/hackernews@latest"}}
2022-12-21 06:20:21.563 UTC [INFO]  steampipe-plugin-hackernews.plugin: [INFO]  167160362147: Plugin Execute (167160362147)
2022-12-21 06:20:21.563 UTC [TRACE] steampipe-plugin-hackernews.plugin: [TRACE] 167160362147: No memory limit set
2022-12-21 06:20:21.563 UTC [INFO]  steampipe-plugin-hackernews.plugin: [INFO]  167160362147: Plugin Execute, setting memory limit to -1Mb
2022-12-21 06:20:21.563 UTC [TRACE] steampipe-plugin-hackernews.plugin: [TRACE] 167160362147: calling ExtractContextFromCarrier
2022-12-21 06:20:21.563 UTC [INFO]  steampipe-plugin-hackernews.plugin: [INFO]  167160362147: Setting max concurrent connections to 25
2022-12-21 06:20:21.563 UTC [TRACE] steampipe-plugin-hackernews.plugin: [TRACE] 167160362147: executeForConnection callId: 167160362147, connectionCallId: hackernews-167160362147, connection: hackernews table: hackernews_new cols: id,title,time,by,score,dead,deleted,descendants,kids,parent,parts,poll,text,type,url,_ctx
2022-12-21 06:20:21.563 UTC [TRACE] steampipe-plugin-hackernews.plugin: [TRACE] 167160362147: got connection data
2022-12-21 06:20:21.563 UTC [TRACE] steampipe-plugin-hackernews.plugin: [TRACE] 167160362147: Got query context, table: hackernews_new, cols: [id title time by score dead deleted descendants kids parent parts poll text type url _ctx]
2022-12-21 06:20:21.563 UTC [TRACE] steampipe-plugin-hackernews.plugin: [TRACE] 167160362147: Start execute span
2022-12-21 06:20:21.563 UTC [INFO]  steampipe-plugin-hackernews.plugin: [INFO]  167160362147: Setting free memory interval to 100 rows
2022-12-21 06:20:21.563 UTC [TRACE] steampipe-plugin-hackernews.plugin: [TRACE] 167160362147: setFetchType map[time:quals:{fieldName:"time"  string_value:">"  value:{timestamp_value:{seconds:1671600021  nanos:421125000}}}]
2022-12-21 06:20:21.564 UTC [TRACE] steampipe-plugin-hackernews.plugin: [TRACE] 167160362147: getMatchingQuals column:'id' operator: =
2022-12-21 06:20:21.564 UTC [TRACE] steampipe-plugin-hackernews.plugin: [TRACE] 167160362147: getMatchingQuals returning false - qualMap does not contain any quals for column id
2022-12-21 06:20:21.566 UTC [TRACE] steampipe-plugin-hackernews.plugin: [TRACE] 167160362147: GetUnsatisfiedKeyColumns for columns column:'id' operator: =
2022-12-21 06:20:21.566 UTC [TRACE] steampipe-plugin-hackernews.plugin: [TRACE] 167160362147: key column NOT satisfied column:'id' operator: =
2022-12-21 06:20:21.566 UTC [TRACE] steampipe-plugin-hackernews.plugin: [TRACE] 167160362147: satisfied: map[any_of: optional: required:]
2022-12-21 06:20:21.567 UTC [TRACE] steampipe-plugin-hackernews.plugin: [TRACE] 167160362147: unsatisfied: map[any_of: optional: required:column:'id' operator: =]
2022-12-21 06:20:21.567 UTC [TRACE] steampipe-plugin-hackernews.plugin: [TRACE] 167160362147: unsatisfied required KeyColumns: column:'id' operator: =
2022-12-21 06:20:21.567 UTC [TRACE] steampipe-plugin-hackernews.plugin: [TRACE] 167160362147: Set fetchType to fetchTypeList
2022-12-21 06:20:21.567 UTC [TRACE] steampipe-plugin-hackernews.plugin: [TRACE] 167160362147: Equals key column quals:
2022-12-21 06:20:21.567 UTC [DEBUG] steampipe-plugin-hackernews.plugin: {}
2022-12-21 06:20:21.567 UTC [TRACE] steampipe-plugin-hackernews.plugin: [TRACE] 167160362147: All key column quals:
2022-12-21 06:20:21.567 UTC [DEBUG] steampipe-plugin-hackernews.plugin: {}
2022-12-21 06:20:21.567 UTC [TRACE] steampipe-plugin-hackernews.plugin: [TRACE] 167160362147: GetMatrixItem
2022-12-21 06:20:21.567 UTC [TRACE] steampipe-plugin-hackernews.plugin: [TRACE] 167160362147: creating query data
2022-12-21 06:20:21.567 UTC [INFO]  steampipe-plugin-hackernews.plugin: [INFO]  167160362147: cacheEnabled, trying cache get (hackernews-167160362147)
2022-12-21 06:20:21.567 UTC [TRACE] steampipe-plugin-hackernews.plugin: [TRACE] 167160362147: QueryCache Get - indexBucketKey index__hackernewshackernews_new, quals
2022-12-21 06:20:21.567 UTC [TRACE] steampipe-plugin-hackernews.plugin: [TRACE] 167160362147: QueryCache getCachedQueryResult - table hackernews_new, connectionName hackernews
2022-12-21 06:20:21.567 UTC [TRACE] steampipe-plugin-hackernews.plugin: [TRACE] 167160362147: index bucket key: index__hackernewshackernews_new ttlSeconds 300 limit: -1
2022-12-21 06:20:21.567 UTC [TRACE] steampipe-plugin-hackernews.plugin: [TRACE] 167160362147: doGet cache miss
2022-12-21 06:20:21.568 UTC [TRACE] steampipe-plugin-hackernews.plugin: [TRACE] 167160362147: getCachedIndexBucket - no item retrieved for cache key index__hackernewshackernews_new
2022-12-21 06:20:21.568 UTC [TRACE] steampipe-plugin-hackernews.plugin: [TRACE] 167160362147: getCachedQueryResult returned CACHE MISS - checking for pending transfers
2022-12-21 06:20:21.568 UTC [TRACE] steampipe-plugin-hackernews.plugin: [TRACE] 167160362147: getPendingResultItem indexBucketKey index__hackernewshackernews_new, columns [id title time by score dead deleted descendants kids parent parts poll text type url _ctx], limit -1
2022-12-21 06:20:21.568 UTC [TRACE] steampipe-plugin-hackernews.plugin: [TRACE] 167160362147: no pending index item - add pending result, indexBucketKey index__hackernewshackernews_new
2022-12-21 06:20:21.568 UTC [TRACE] steampipe-plugin-hackernews.plugin: [TRACE] 167160362147: addPendingResult (hackernews-167160362147) indexBucketKey index__hackernewshackernews_new, columns [id title time by score dead deleted descendants kids parent parts poll text type url _ctx], limit -1
2022-12-21 06:20:21.568 UTC [TRACE] steampipe-plugin-hackernews.plugin: [TRACE] 167160362147: no index bucket found - creating one
2022-12-21 06:20:21.568 UTC [TRACE] steampipe-plugin-hackernews.plugin: [TRACE] 167160362147: pendingIndexItem Lock count before 0
2022-12-21 06:20:21.568 UTC [TRACE] steampipe-plugin-hackernews.plugin: [TRACE] 167160362147: addPendingResult added pending index item to bucket, (hackernews-167160362147) indexBucketKey index__hackernewshackernews_new, resultKeyRoot hackernewshackernews_newid,title,time,by,score,dead,deleted,descendants,kids,parent,parts,poll,text,type,url,_ctx-1, pending item : 0xc000455230
2022-12-21 06:20:21.568 UTC [TRACE] steampipe-plugin-hackernews.plugin: [TRACE] 167160362147: **** pending items (hackernews-167160362147)****
2022-12-21 06:20:21.568 UTC [TRACE] steampipe-plugin-hackernews.plugin: [TRACE] 167160362147: key: index__hackernewshackernews_new: item: 0xc000455230, count: 1, key:hackernewshackernews_newid,title,time,by,score,dead,deleted,descendants,kids,parent,parts,poll,text,type,url,_ctx-1
2022-12-21 06:20:21.568 UTC [TRACE] steampipe-plugin-hackernews.plugin: [TRACE] 167160362147: ********
2022-12-21 06:20:21.568 UTC [TRACE] steampipe-plugin-hackernews.plugin: [TRACE] 167160362147: getPendingResultItem returning <nil>
2022-12-21 06:20:21.568 UTC [INFO]  steampipe-plugin-hackernews.plugin: [INFO]  167160362147: CACHE MISS
2022-12-21 06:20:21.568 UTC [TRACE] steampipe-plugin-hackernews.plugin: [TRACE] 167160362147: cache MISS
2022-12-21 06:20:21.568 UTC [INFO]  steampipe-plugin-hackernews.plugin: [INFO]  167160362147: queryCacheGet returned CACHE MISS (hackernews-167160362147)
2022-12-21 06:20:21.568 UTC [TRACE] steampipe-plugin-hackernews.plugin: [TRACE] 167160362147: StartSet (hackernews-167160362147)
2022-12-21 06:20:21.568 UTC [TRACE] steampipe-plugin-hackernews.plugin: [TRACE] 167160362147: calling fetchItems, table: hackernews_new, matrixItem: [], limit: -1,  connectionCallId: hackernews-167160362147"
2022-12-21 06:20:21.568 UTC [TRACE] steampipe-plugin-hackernews.plugin: [TRACE] 167160362147: buildRowsAsync connectionCallId: hackernews-167160362147
2022-12-21 06:20:21.568 UTC [TRACE] steampipe-plugin-hackernews.plugin: [TRACE] 167160362147: streamRows connectionCallId: hackernews-167160362147
2022-12-21 06:20:21.568 UTC [TRACE] steampipe-plugin-hackernews.plugin: [TRACE] 167160362147: QueryData streamRows (hackernews-167160362147)
2022-12-21 06:20:21.568 UTC [TRACE] steampipe-plugin-hackernews.plugin: [TRACE] 167160362147: executeListCall START (hackernews-167160362147)
2022-12-21 06:20:21.568 UTC [TRACE] steampipe-plugin-hackernews.plugin: [TRACE] 167160362147: GetUnsatisfiedKeyColumns for columns
2022-12-21 06:20:21.568 UTC [TRACE] steampipe-plugin-hackernews.plugin: [TRACE] 167160362147: doList (hackernews-167160362147)
2022-12-21 06:20:21.568 UTC [TRACE] steampipe-plugin-hackernews.plugin: [TRACE] 167160362147: doList: no matrix item
2022-12-21 06:20:21.808 UTC [TRACE] stdio: received data: channel=STDOUT len=18
2022-12-21 06:20:21.808 UTC [TRACE] stdio: waiting for stdio data
2022-12-21 06:20:21.942 UTC [TRACE] stdio: received data: channel=STDOUT len=1024
2022-12-21 06:20:21.942 UTC [TRACE] stdio: waiting for stdio data
2022-12-21 06:20:21.965 UTC [TRACE] stdio: received data: channel=STDOUT len=190
2022-12-21 06:20:21.965 UTC [TRACE] stdio: waiting for stdio data
2022-12-21 06:20:21.991 UTC [TRACE] stdio: received data: channel=STDOUT len=894
2022-12-21 06:20:21.991 UTC [TRACE] stdio: waiting for stdio data
2022-12-21 06:20:22.068 UTC [TRACE] stdio: received data: channel=STDOUT len=860
2022-12-21 06:20:22.068 UTC [TRACE] stdio: waiting for stdio data
2022-12-21 06:20:22.111 UTC [TRACE] stdio: received data: channel=STDOUT len=810
2022-12-21 06:20:22.111 UTC [TRACE] stdio: waiting for stdio data
2022-12-21 06:20:22.111 UTC [TRACE] steampipe-plugin-hackernews.plugin: [TRACE] 167160362147: QueryData.fetchComplete
2022-12-21 06:20:22.111 UTC [TRACE] steampipe-plugin-hackernews.plugin: [TRACE] 167160362147: executeListCall COMPLETE (hackernews-167160362147)
2022-12-21 06:20:22.111 UTC [TRACE] steampipe-plugin-hackernews.plugin: [TRACE] 167160362147: rowData chan returned nil - wait for rows to complete (hackernews-167160362147)
2022-12-21 06:20:22.117 UTC [TRACE] stdio: received data: channel=STDOUT len=66
2022-12-21 06:20:22.117 UTC [TRACE] stdio: waiting for stdio data
2022-12-21 06:20:22.118 UTC [TRACE] stdio: received data: channel=STDOUT len=195
2022-12-21 06:20:22.118 UTC [TRACE] stdio: waiting for stdio data
2022-12-21 06:20:22.230 UTC [TRACE] stdio: received data: channel=STDOUT len=87
2022-12-21 06:20:22.230 UTC [TRACE] stdio: waiting for stdio data
2022-12-21 06:20:22.247 UTC [TRACE] stdio: received data: channel=STDOUT len=889
2022-12-21 06:20:22.247 UTC [TRACE] stdio: waiting for stdio data
2022-12-21 06:20:22.250 UTC [TRACE] stdio: received data: channel=STDOUT len=97
2022-12-21 06:20:22.250 UTC [TRACE] stdio: waiting for stdio data
2022-12-21 06:20:22.253 UTC [TRACE] stdio: received data: channel=STDOUT len=143
2022-12-21 06:20:22.253 UTC [TRACE] stdio: waiting for stdio data
2022-12-21 06:20:22.253 UTC [TRACE] stdio: received data: channel=STDOUT len=21
2022-12-21 06:20:22.253 UTC [TRACE] stdio: waiting for stdio data
2022-12-21 06:20:22.254 UTC [TRACE] steampipe-plugin-hackernews.plugin: [TRACE] 167160362147: buildRowsAsync goroutine returning (hackernews-167160362147)
2022-12-21 06:20:22.254 UTC [TRACE] steampipe-plugin-hackernews.plugin: [TRACE] 167160362147: streamRows - nil row, stop streaming (hackernews-167160362147)
2022-12-21 06:20:22.254 UTC [TRACE] steampipe-plugin-hackernews.plugin: [TRACE] 167160362147: ------------------------------------
2022-12-21 06:20:22.254 UTC [TRACE] steampipe-plugin-hackernews.plugin: [TRACE] 167160362147: Concurrency Summary
2022-12-21 06:20:22.254 UTC [TRACE] steampipe-plugin-hackernews.plugin: [TRACE] 167160362147: ------------------------------------
2022-12-21 06:20:22.254 UTC [TRACE] steampipe-plugin-hackernews.plugin: [TRACE] 167160362147: getItem                       : 200
2022-12-21 06:20:22.254 UTC [TRACE] steampipe-plugin-hackernews.plugin: [TRACE] 167160362147: ------------------------------------
2022-12-21 06:20:22.254 UTC [TRACE] steampipe-plugin-hackernews.plugin: [TRACE] 167160362147: Total                         : 200
2022-12-21 06:20:22.254 UTC [TRACE] steampipe-plugin-hackernews.plugin: [TRACE] 167160362147: ------------------------------------
2022-12-21 06:20:22.254 UTC [TRACE] steampipe-plugin-hackernews.plugin: [TRACE] 167160362147: QueryData streamRows DONE (hackernews-167160362147)
2022-12-21 06:20:22.254 UTC [TRACE] steampipe-plugin-hackernews.plugin: [TRACE] 167160362147: EndSet (hackernews-167160362147) table hackernews_new
2022-12-21 06:20:22.254 UTC [TRACE] steampipe-plugin-hackernews.plugin: [TRACE] 167160362147: QueryCache writePageToCache: 500 rows, pageCount 1, page key hackernewshackernews_newid,title,time,by,score,dead,deleted,descendants,kids,parent,parts,poll,text,type,url,_ctx-1-0
2022-12-21 06:20:22.262 UTC [TRACE] steampipe-plugin-hackernews.plugin: [TRACE] 167160362147: writePageToCache Set - result written
2022-12-21 06:20:22.262 UTC [TRACE] steampipe-plugin-hackernews.plugin: [TRACE] 167160362147: QueryCache EndSet - result written
2022-12-21 06:20:22.262 UTC [TRACE] steampipe-plugin-hackernews.plugin: [TRACE] 167160362147: doGet cache miss
2022-12-21 06:20:22.262 UTC [TRACE] steampipe-plugin-hackernews.plugin: [TRACE] 167160362147: getCachedIndexBucket - no item retrieved for cache key index__hackernewshackernews_new
2022-12-21 06:20:22.262 UTC [TRACE] steampipe-plugin-hackernews.plugin: [TRACE] 167160362147: getCachedIndexBucket returned cache miss
2022-12-21 06:20:22.262 UTC [TRACE] steampipe-plugin-hackernews.plugin: [TRACE] 167160362147: QueryCache EndSet - Added index item (0xc01af0c480) to bucket (0xc01ac1eb40), page count 1,  key root hackernewshackernews_newid,title,time,by,score,dead,deleted,descendants,kids,parent,parts,poll,text,type,url,_ctx-1
2022-12-21 06:20:22.262 UTC [TRACE] steampipe-plugin-hackernews.plugin: [TRACE] 167160362147: cacheSetIndexBucket index__hackernewshackernews_new
2022-12-21 06:20:22.262 UTC [TRACE] steampipe-plugin-hackernews.plugin: [TRACE] 167160362147: QueryCache EndSet - IndexBucket written
2022-12-21 06:20:22.262 UTC [TRACE] steampipe-plugin-hackernews.plugin: [TRACE] 167160362147: EndSet DEFER (hackernews-167160362147) table hackernews_new
2022-12-21 06:20:22.262 UTC [TRACE] steampipe-plugin-hackernews.plugin: [TRACE] 167160362147: calling pendingItemComplete (hackernews-167160362147)
2022-12-21 06:20:22.262 UTC [TRACE] steampipe-plugin-hackernews.plugin: [TRACE] 167160362147: pendingItemComplete (hackernews-167160362147) indexBucketKey index__hackernewshackernews_new, columns [id title time by score dead deleted descendants kids parent parts poll text type url _ctx], limit -1
2022-12-21 06:20:22.262 UTC [TRACE] steampipe-plugin-hackernews.plugin: [TRACE] 167160362147: got pending index bucket, (hackernews-167160362147) len 1
2022-12-21 06:20:22.263 UTC [TRACE] steampipe-plugin-hackernews.plugin: [TRACE] 167160362147: SatisfiesLimit limit -1, no item limit - satisfied
2022-12-21 06:20:22.263 UTC [TRACE] steampipe-plugin-hackernews.plugin: [TRACE] 167160362147: found pending index item to satisfy columns id,title,time,by,score,dead,deleted,descendants,kids,parent,parts,poll,text,type,url,_ctx, limit -1
2022-12-21 06:20:22.263 UTC [TRACE] steampipe-plugin-hackernews.plugin: [TRACE] 167160362147: found completed pending item (hackernews-167160362147) 0xc000455230, key hackernewshackernews_newid,title,time,by,score,dead,deleted,descendants,kids,parent,parts,poll,text,type,url,_ctx-1 - removing from map as it is complete
2022-12-21 06:20:22.263 UTC [TRACE] steampipe-plugin-hackernews.plugin: [TRACE] 167160362147: pendingIndexItem Unlock count before 1 key hackernewshackernews_newid,title,time,by,score,dead,deleted,descendants,kids,parent,parts,poll,text,type,url,_ctx-1
2022-12-21 06:20:22.263 UTC [TRACE] steampipe-plugin-hackernews.plugin: [TRACE] 167160362147: deleted from pending, (hackernews-167160362147) len 0
2022-12-21 06:20:22.263 UTC [TRACE] steampipe-plugin-hackernews.plugin: [TRACE] 167160362147: pending bucket now empty - deleting key index__hackernewshackernews_new
2022-12-21 06:20:22.263 UTC [TRACE] steampipe-plugin-hackernews.plugin: [TRACE] 167160362147: pendingItemComplete done (hackernews-167160362147)
2022-12-21 06:20:22.263 UTC [TRACE] steampipe-plugin-hackernews.plugin: [TRACE] 167160362147: cache set succeeded
2022-12-21 06:20:22.263 UTC [TRACE] steampipe-plugin-hackernews.plugin: [TRACE] 167160362147: End execute span
2022-12-21 06:20:22.263 UTC [TRACE] steampipe-plugin-hackernews.plugin: [TRACE] 167160362147: executeForConnection DEFER (hackernews-167160362147)
2022-12-21 06:20:22.263 UTC [TRACE] steampipe-plugin-hackernews.plugin: [TRACE] 167160362147: Execute complete callId: hackernews-167160362147 table: hackernews_new
2022-12-21 06:20:22.263 UTC [TRACE] steampipe-plugin-hackernews.plugin: [TRACE] 167160362147: executeForConnection hackernews returned
2022-12-21 06:20:22.263 UTC [TRACE] steampipe-plugin-hackernews.plugin: [TRACE] 167160362147: output wg complete - send nil row
2022-12-21 06:20:22.263 UTC [TRACE] steampipe-plugin-hackernews.plugin: [TRACE] 167160362147: empty row on output channel - we are done
2022-12-21 06:20:22.263 UTC [INFO]  steampipe-plugin-hackernews.plugin: [INFO]  167160362147: Plugin Execute complete (167160362147)
2022-12-21 06:20:22.338 UTC [TRACE] PluginManager Shutdown
2022-12-21 06:20:22.338 UTC [TRACE] killing plugin csv (2111)
2022-12-21 06:20:22.340 UTC [TRACE] steampipe-plugin-csv.plugin: [TRACE] FLUSHING instrumentation
2022-12-21 06:20:22.340 UTC [TRACE] steampipe-plugin-csv.plugin: [TRACE] Shutdown instrumentation
2022-12-21 06:20:22.340 UTC [INFO]  plugin process exited: path=/home/runner/.steampipe/plugins/hub.steampipe.io/plugins/turbot/csv@latest/steampipe-plugin-csv.plugin pid=2111
2022-12-21 06:20:22.340 UTC [DEBUG] stdio: received EOF, stopping recv loop: err="rpc error: code = Unavailable desc = error reading from server: EOF"
2022-12-21 06:20:22.340 UTC [DEBUG] plugin exited
2022-12-21 06:20:22.340 UTC [TRACE] killing plugin hackernews (2133)
2022-12-21 06:20:22.340 UTC [DEBUG] stdio: received EOF, stopping recv loop: err="rpc error: code = Unavailable desc = error reading from server: EOF"
2022-12-21 06:20:22.340 UTC [TRACE] steampipe-plugin-hackernews.plugin: [TRACE] 167160362147: FLUSHING instrumentation
2022-12-21 06:20:22.340 UTC [TRACE] steampipe-plugin-hackernews.plugin: [TRACE] 167160362147: Shutdown instrumentation
2022-12-21 06:20:22.343 UTC [INFO]  plugin process exited: path=/home/runner/.steampipe/plugins/hub.steampipe.io/plugins/turbot/hackernews@latest/steampipe-plugin-hackernews.plugin pid=2133
2022-12-21 06:20:22.343 UTC [DEBUG] plugin exited
2022-12-21 06:20:28.237 UTC [WARN]  steampipe-plugin-csv.plugin: [WARN]  1671603628329: getKeyColumnsForTable found no schema for table '/home/runner/work/steampipe-samples/steampipe-samples/all/hackernews/hn.csv'
2022-12-21 06:21:04.008 UTC [WARN]  steampipe-plugin-csv.plugin: [WARN]  1671603664162: getKeyColumnsForTable found no schema for table '/home/runner/work/steampipe-samples/steampipe-samples/all/hackernews/hn.csv'
2022-12-21 06:23:39.455 UTC [ERROR] steampipe-plugin-csv.plugin: [ERROR] csv.tableCSV: header_parse_error=EOF path=/home/runner/work/steampipe-samples/steampipe-samples/all/hackernews/new_sc.csv header=[]
2022-12-21 06:23:39.455 UTC [ERROR] steampipe-plugin-csv.plugin: [ERROR] csv.PluginTables: create_table_error="failed to parse file header /home/runner/work/steampipe-samples/steampipe-samples/all/hackernews/new_sc.csv: EOF" path=/home/runner/work/steampipe-samples/steampipe-samples/all/hackernews/new_sc.csv
2022-12-21 06:23:39.455 UTC [WARN]  failed to set connection config: failed to parse file header /home/runner/work/steampipe-samples/steampipe-samples/all/hackernews/new_sc.csv: EOF
2022-12-21 06:23:40.886 UTC [WARN]  steampipe-plugin-csv.plugin: [WARN]  167160382058: getKeyColumnsForTable found no schema for table '/home/runner/work/steampipe-samples/steampipe-samples/all/hackernews/new_sc.csv'
2022-12-21 06:23:48.670 UTC [ERROR] steampipe-plugin-csv.plugin: [ERROR] csv.tableCSV: header_parse_error=EOF path=/home/runner/work/steampipe-samples/steampipe-samples/all/hackernews/hn_items_all.csv header=[]
2022-12-21 06:23:48.670 UTC [ERROR] steampipe-plugin-csv.plugin: [ERROR] csv.PluginTables: create_table_error="failed to parse file header /home/runner/work/steampipe-samples/steampipe-samples/all/hackernews/hn_items_all.csv: EOF" path=/home/runner/work/steampipe-samples/steampipe-samples/all/hackernews/hn_items_all.csv
2022-12-21 06:23:48.670 UTC [WARN]  failed to set connection config: failed to parse file header /home/runner/work/steampipe-samples/steampipe-samples/all/hackernews/hn_items_all.csv: EOF
2022-12-21 06:23:50.226 UTC [ERROR] steampipe-plugin-csv.plugin: [ERROR] csv.tableCSV: header_parse_error=EOF path=/home/runner/work/steampipe-samples/steampipe-samples/all/hackernews/people.csv header=[]
2022-12-21 06:23:50.226 UTC [ERROR] steampipe-plugin-csv.plugin: [ERROR] csv.PluginTables: create_table_error="failed to parse file header /home/runner/work/steampipe-samples/steampipe-samples/all/hackernews/people.csv: EOF" path=/home/runner/work/steampipe-samples/steampipe-samples/all/hackernews/people.csv
2022-12-21 06:23:50.226 UTC [WARN]  failed to set connection config: failed to parse file header /home/runner/work/steampipe-samples/steampipe-samples/all/hackernews/people.csv: EOF
