2023-02-26 23:19:39.330 UTC [INFO]  starting plugin manager
2023-02-26 23:19:39.331 UTC [TRACE] loaded config map: github,hackernews,net,csv
2023-02-26 23:19:39.331 UTC [TRACE] NewPluginManager
2023-02-26 23:19:39.332 UTC [TRACE] PluginManager setPluginCacheSizeMap: 4 connections.
2023-02-26 23:19:39.332 UTC [TRACE] Total cache size 0Mb
2023-02-26 23:19:39.332 UTC [INFO]  starting connection watcher
2023-02-26 23:19:39.332 UTC [INFO]  created ConnectionWatcher
2023-02-26 23:19:39.332 UTC [TRACE] about to serve
2023-02-26 23:19:39.390 UTC [TRACE] PluginManager Get, connections: '[csv]'
2023-02-26 23:19:39.390 UTC [TRACE] PluginManager getPlugin hub.steampipe.io/plugins/turbot/csv@latest connection 'csv'
2023-02-26 23:19:39.390 UTC [TRACE] PluginManager 0xc0006dff40 plugin hub.steampipe.io/plugins/turbot/csv@latest (csv) NOT started or starting - start now
2023-02-26 23:19:39.390 UTC [TRACE] ************ start plugin csv ********************
2023-02-26 23:19:39.390 UTC [TRACE] ************ plugin path /home/runner/.steampipe/plugins/hub.steampipe.io/plugins/turbot/csv@latest/steampipe-plugin-csv.plugin ********************
2023-02-26 23:19:39.462 UTC [DEBUG] starting plugin: path=/home/runner/.steampipe/plugins/hub.steampipe.io/plugins/turbot/csv@latest/steampipe-plugin-csv.plugin args=["/home/runner/.steampipe/plugins/hub.steampipe.io/plugins/turbot/csv@latest/steampipe-plugin-csv.plugin"]
2023-02-26 23:19:39.463 UTC [DEBUG] plugin started: path=/home/runner/.steampipe/plugins/hub.steampipe.io/plugins/turbot/csv@latest/steampipe-plugin-csv.plugin pid=2027
2023-02-26 23:19:39.463 UTC [DEBUG] waiting for RPC address: path=/home/runner/.steampipe/plugins/hub.steampipe.io/plugins/turbot/csv@latest/steampipe-plugin-csv.plugin
2023-02-26 23:19:39.472 UTC [INFO]  steampipe-plugin-csv.plugin: [INFO]  Initialise plugin 'steampipe-plugin-csv', using sdk version 4.1.8
2023-02-26 23:19:39.472 UTC [TRACE] steampipe-plugin-csv.plugin: [TRACE] no DefaultRetryConfig defined - creating empty
2023-02-26 23:19:39.472 UTC [TRACE] steampipe-plugin-csv.plugin: [TRACE] no DefaultIgnoreConfig defined - creating empty
2023-02-26 23:19:39.473 UTC [TRACE] steampipe-plugin-csv.plugin: [TRACE] telemetry.Init service 'steampipe-plugin-csv', tracingEnabled: false, metricsEnabled: false
2023-02-26 23:19:39.473 UTC [TRACE] steampipe-plugin-csv.plugin: [TRACE] metrics and tracing disabled' - returning
2023-02-26 23:19:39.473 UTC [DEBUG] steampipe-plugin-csv.plugin: plugin address: address=/tmp/plugin1098394296 network=unix timestamp=2023-02-26T23:19:39.473Z
2023-02-26 23:19:39.473 UTC [DEBUG] using plugin: version=0
2023-02-26 23:19:39.473 UTC [TRACE] NewPluginClient for plugin hub.steampipe.io/plugins/turbot/csv@latest
2023-02-26 23:19:39.478 UTC [TRACE] stdio: waiting for stdio data
2023-02-26 23:19:39.479 UTC [TRACE] supportedOperations: query_cache:true  multiple_connections:true
2023-02-26 23:19:39.479 UTC [TRACE] steampipe-plugin-csv.plugin: [TRACE] SetAllConnectionConfigs setting 1 configs
2023-02-26 23:19:39.480 UTC [TRACE] steampipe-plugin-csv.plugin: [TRACE] connection csv build schema and table map
2023-02-26 23:19:39.480 UTC [DEBUG] steampipe-plugin-csv.plugin: [DEBUG] csv.tableCSV: path=/home/runner/work/steampipe-samples/steampipe-samples/all/hackernews/hn_items_all.csv detected_encoding=Unknown
2023-02-26 23:19:39.480 UTC [DEBUG] steampipe-plugin-csv.plugin: [DEBUG] csv.tableCSV: path=/home/runner/work/steampipe-samples/steampipe-samples/all/hackernews/new_sc.csv detected_encoding=Unknown
2023-02-26 23:19:39.480 UTC [TRACE] steampipe-plugin-csv.plugin: [TRACE] initialise table /home/runner/work/steampipe-samples/steampipe-samples/all/hackernews/hn_items_all.csv
2023-02-26 23:19:39.480 UTC [TRACE] steampipe-plugin-csv.plugin: [TRACE] no DefaultRetryConfig defined - creating empty
2023-02-26 23:19:39.480 UTC [TRACE] steampipe-plugin-csv.plugin: [TRACE] no DefaultIgnoreConfig defined - creating empty
2023-02-26 23:19:39.480 UTC [TRACE] steampipe-plugin-csv.plugin: [TRACE] apply plugin defaults for DefaultRetryConfig
2023-02-26 23:19:39.480 UTC [TRACE] steampipe-plugin-csv.plugin: [TRACE] apply plugin defaults for DefaultIgnoreConfig, table &{<nil> <nil>} plugin &{<nil> <nil>}
2023-02-26 23:19:39.480 UTC [TRACE] steampipe-plugin-csv.plugin: [TRACE] DefaultRetryConfig:
2023-02-26 23:19:39.480 UTC [TRACE] steampipe-plugin-csv.plugin: [TRACE] DefaultIgnoreConfig:
2023-02-26 23:19:39.480 UTC [TRACE] steampipe-plugin-csv.plugin: [TRACE] t.List.initialise
2023-02-26 23:19:39.480 UTC [TRACE] steampipe-plugin-csv.plugin: [TRACE] ListConfig.initialise table /home/runner/work/steampipe-samples/steampipe-samples/all/hackernews/hn_items_all.csv
2023-02-26 23:19:39.480 UTC [TRACE] steampipe-plugin-csv.plugin: [TRACE] ListConfig.initialise complete: RetryConfig: , IgnoreConfig
2023-02-26 23:19:39.480 UTC [TRACE] steampipe-plugin-csv.plugin: [TRACE] back from initialiseHydrateConfigs
2023-02-26 23:19:39.480 UTC [TRACE] steampipe-plugin-csv.plugin: [TRACE] initialise table /home/runner/work/steampipe-samples/steampipe-samples/all/hackernews/hn_items_all.csv COMPLETE
2023-02-26 23:19:39.480 UTC [TRACE] steampipe-plugin-csv.plugin: [TRACE] initialise table /home/runner/work/steampipe-samples/steampipe-samples/all/hackernews/new_sc.csv
2023-02-26 23:19:39.480 UTC [TRACE] steampipe-plugin-csv.plugin: [TRACE] no DefaultRetryConfig defined - creating empty
2023-02-26 23:19:39.480 UTC [TRACE] steampipe-plugin-csv.plugin: [TRACE] no DefaultIgnoreConfig defined - creating empty
2023-02-26 23:19:39.480 UTC [TRACE] steampipe-plugin-csv.plugin: [TRACE] apply plugin defaults for DefaultRetryConfig
2023-02-26 23:19:39.480 UTC [TRACE] steampipe-plugin-csv.plugin: [TRACE] apply plugin defaults for DefaultIgnoreConfig, table &{<nil> <nil>} plugin &{<nil> <nil>}
2023-02-26 23:19:39.480 UTC [TRACE] steampipe-plugin-csv.plugin: [TRACE] DefaultRetryConfig:
2023-02-26 23:19:39.480 UTC [TRACE] steampipe-plugin-csv.plugin: [TRACE] DefaultIgnoreConfig:
2023-02-26 23:19:39.480 UTC [TRACE] steampipe-plugin-csv.plugin: [TRACE] t.List.initialise
2023-02-26 23:19:39.480 UTC [TRACE] steampipe-plugin-csv.plugin: [TRACE] ListConfig.initialise table /home/runner/work/steampipe-samples/steampipe-samples/all/hackernews/new_sc.csv
2023-02-26 23:19:39.480 UTC [TRACE] steampipe-plugin-csv.plugin: [TRACE] ListConfig.initialise complete: RetryConfig: , IgnoreConfig
2023-02-26 23:19:39.480 UTC [TRACE] steampipe-plugin-csv.plugin: [TRACE] back from initialiseHydrateConfigs
2023-02-26 23:19:39.480 UTC [TRACE] steampipe-plugin-csv.plugin: [TRACE] initialise table /home/runner/work/steampipe-samples/steampipe-samples/all/hackernews/new_sc.csv COMPLETE
2023-02-26 23:19:39.480 UTC [TRACE] steampipe-plugin-csv.plugin: [TRACE] validate plugin steampipe-plugin-csv, required columns []
2023-02-26 23:19:39.480 UTC [TRACE] steampipe-plugin-csv.plugin: [TRACE] validate DefaultRetryConfig
2023-02-26 23:19:39.480 UTC [TRACE] steampipe-plugin-csv.plugin: [TRACE] validate DefaultIgnoreConfig
2023-02-26 23:19:39.480 UTC [TRACE] steampipe-plugin-csv.plugin: [TRACE] validate table names
2023-02-26 23:19:39.480 UTC [TRACE] steampipe-plugin-csv.plugin: [TRACE] plugin has 0 validation errors
2023-02-26 23:19:39.480 UTC [TRACE] steampipe-plugin-csv.plugin: [TRACE] Plugin ensureCache creating cache, maxCacheStorageMb 0
2023-02-26 23:19:39.480 UTC [TRACE] steampipe-plugin-csv.plugin: [TRACE] createCacheStore for plugin 'steampipe-plugin-csv' setting max size to 0Mb, Shards: 2, max shard size: 0
2023-02-26 23:19:39.495 UTC [INFO]  steampipe-plugin-csv.plugin: [INFO]  query cache created
2023-02-26 23:19:39.496 UTC [DEBUG] steampipe-plugin-csv.plugin: [DEBUG] SetAllConnectionConfigs finished
2023-02-26 23:19:39.496 UTC [TRACE] PluginManager getPlugin complete, returning reattach config with PID: 2027
2023-02-26 23:19:39.496 UTC [TRACE] PluginManager Get returning reattach_map:{key:"csv"  value:{protocol:"grpc"  addr:{Network:"unix"  Address:"/tmp/plugin1098394296"}  pid:2027  supported_operations:{query_cache:true  multiple_connections:true}  connections:"csv"  plugin:"hub.steampipe.io/plugins/turbot/csv@latest"}}
2023-02-26 23:19:39.541 UTC [TRACE] PluginManager Get, connections: '[csv]'
2023-02-26 23:19:39.542 UTC [TRACE] PluginManager getPlugin hub.steampipe.io/plugins/turbot/csv@latest connection 'csv'
2023-02-26 23:19:39.542 UTC [TRACE] connection csv found in connectionPluginMap
2023-02-26 23:19:39.542 UTC [TRACE] initialized: 2027
2023-02-26 23:19:39.542 UTC [TRACE] initialized: 2027
2023-02-26 23:19:39.542 UTC [TRACE] connection csv is loaded, check for running PID
2023-02-26 23:19:39.542 UTC [TRACE] PluginManager found 'csv' in map, pid 2027
2023-02-26 23:19:39.542 UTC [TRACE] PluginManager Get returning reattach_map:{key:"csv"  value:{protocol:"grpc"  addr:{Network:"unix"  Address:"/tmp/plugin1098394296"}  pid:2027  supported_operations:{query_cache:true  multiple_connections:true}  connections:"csv"  plugin:"hub.steampipe.io/plugins/turbot/csv@latest"}}
2023-02-26 23:19:39.598 UTC [TRACE] PluginManager Get, connections: '[hackernews]'
2023-02-26 23:19:39.598 UTC [TRACE] PluginManager getPlugin hub.steampipe.io/plugins/turbot/hackernews@latest connection 'hackernews'
2023-02-26 23:19:39.598 UTC [TRACE] PluginManager 0xc0006dff40 plugin hub.steampipe.io/plugins/turbot/hackernews@latest (hackernews) NOT started or starting - start now
2023-02-26 23:19:39.598 UTC [TRACE] ************ start plugin hackernews ********************
2023-02-26 23:19:39.598 UTC [TRACE] ************ plugin path /home/runner/.steampipe/plugins/hub.steampipe.io/plugins/turbot/hackernews@latest/steampipe-plugin-hackernews.plugin ********************
2023-02-26 23:19:39.671 UTC [DEBUG] starting plugin: path=/home/runner/.steampipe/plugins/hub.steampipe.io/plugins/turbot/hackernews@latest/steampipe-plugin-hackernews.plugin args=["/home/runner/.steampipe/plugins/hub.steampipe.io/plugins/turbot/hackernews@latest/steampipe-plugin-hackernews.plugin"]
2023-02-26 23:19:39.671 UTC [DEBUG] plugin started: path=/home/runner/.steampipe/plugins/hub.steampipe.io/plugins/turbot/hackernews@latest/steampipe-plugin-hackernews.plugin pid=2052
2023-02-26 23:19:39.671 UTC [DEBUG] waiting for RPC address: path=/home/runner/.steampipe/plugins/hub.steampipe.io/plugins/turbot/hackernews@latest/steampipe-plugin-hackernews.plugin
2023-02-26 23:19:39.682 UTC [INFO]  steampipe-plugin-hackernews.plugin: [INFO]  Initialise plugin 'steampipe-plugin-hackernews', using sdk version 4.1.7
2023-02-26 23:19:39.682 UTC [TRACE] steampipe-plugin-hackernews.plugin: [TRACE] defaulting SchemaMode to SchemaModeStatic
2023-02-26 23:19:39.682 UTC [TRACE] steampipe-plugin-hackernews.plugin: [TRACE] no DefaultRetryConfig defined - creating empty
2023-02-26 23:19:39.682 UTC [TRACE] steampipe-plugin-hackernews.plugin: [TRACE] no DefaultIgnoreConfig defined - creating empty
2023-02-26 23:19:39.682 UTC [TRACE] steampipe-plugin-hackernews.plugin: [TRACE] Setting Ulimit: ulimit=2560
2023-02-26 23:19:39.683 UTC [TRACE] steampipe-plugin-hackernews.plugin: [TRACE] telemetry.Init service 'steampipe-plugin-hackernews', tracingEnabled: false, metricsEnabled: false
2023-02-26 23:19:39.683 UTC [TRACE] steampipe-plugin-hackernews.plugin: [TRACE] metrics and tracing disabled' - returning
2023-02-26 23:19:39.684 UTC [DEBUG] using plugin: version=0
2023-02-26 23:19:39.684 UTC [TRACE] NewPluginClient for plugin hub.steampipe.io/plugins/turbot/hackernews@latest
2023-02-26 23:19:39.685 UTC [DEBUG] steampipe-plugin-hackernews.plugin: plugin address: address=/tmp/plugin2417724256 network=unix timestamp=2023-02-26T23:19:39.684Z
2023-02-26 23:19:39.685 UTC [TRACE] stdio: waiting for stdio data
2023-02-26 23:19:39.686 UTC [TRACE] supportedOperations: query_cache:true  multiple_connections:true
2023-02-26 23:19:39.686 UTC [TRACE] steampipe-plugin-hackernews.plugin: [TRACE] SetAllConnectionConfigs setting 1 configs
2023-02-26 23:19:39.686 UTC [TRACE] steampipe-plugin-hackernews.plugin: [TRACE] connection hackernews build schema and table map
2023-02-26 23:19:39.686 UTC [TRACE] steampipe-plugin-hackernews.plugin: [TRACE] initialise table hackernews_top
2023-02-26 23:19:39.686 UTC [TRACE] steampipe-plugin-hackernews.plugin: [TRACE] no DefaultRetryConfig defined - creating empty
2023-02-26 23:19:39.686 UTC [TRACE] steampipe-plugin-hackernews.plugin: [TRACE] no DefaultIgnoreConfig defined - creating empty
2023-02-26 23:19:39.686 UTC [TRACE] steampipe-plugin-hackernews.plugin: [TRACE] apply plugin defaults for DefaultRetryConfig
2023-02-26 23:19:39.686 UTC [TRACE] steampipe-plugin-hackernews.plugin: [TRACE] apply plugin defaults for DefaultIgnoreConfig, table &{<nil> <nil>} plugin &{<nil> <nil>}
2023-02-26 23:19:39.686 UTC [TRACE] steampipe-plugin-hackernews.plugin: [TRACE] DefaultRetryConfig:
2023-02-26 23:19:39.686 UTC [TRACE] steampipe-plugin-hackernews.plugin: [TRACE] DefaultIgnoreConfig:
2023-02-26 23:19:39.686 UTC [TRACE] steampipe-plugin-hackernews.plugin: [TRACE] t.Get.initialise
2023-02-26 23:19:39.686 UTC [TRACE] steampipe-plugin-hackernews.plugin: [TRACE] GetConfig.initialise table hackernews_top
2023-02-26 23:19:39.686 UTC [TRACE] steampipe-plugin-hackernews.plugin: [TRACE] GetConfig.initialise complete: RetryConfig: , IgnoreConfig:
2023-02-26 23:19:39.686 UTC [TRACE] steampipe-plugin-hackernews.plugin: [TRACE] t.List.initialise
2023-02-26 23:19:39.686 UTC [TRACE] steampipe-plugin-hackernews.plugin: [TRACE] ListConfig.initialise table hackernews_top
2023-02-26 23:19:39.686 UTC [TRACE] steampipe-plugin-hackernews.plugin: [TRACE] ListConfig.initialise complete: RetryConfig: , IgnoreConfig
2023-02-26 23:19:39.686 UTC [TRACE] steampipe-plugin-hackernews.plugin: [TRACE] HydrateConfig.initialise func getItem, table hackernews_top
2023-02-26 23:19:39.686 UTC [TRACE] steampipe-plugin-hackernews.plugin: [TRACE] HydrateConfig.initialise complete: RetryConfig: , IgnoreConfig:
2023-02-26 23:19:39.686 UTC [TRACE] steampipe-plugin-hackernews.plugin: [TRACE] back from initialiseHydrateConfigs
2023-02-26 23:19:39.686 UTC [TRACE] steampipe-plugin-hackernews.plugin: [TRACE] initialise table hackernews_top COMPLETE
2023-02-26 23:19:39.686 UTC [TRACE] steampipe-plugin-hackernews.plugin: [TRACE] initialise table hackernews_user
2023-02-26 23:19:39.686 UTC [TRACE] steampipe-plugin-hackernews.plugin: [TRACE] no DefaultRetryConfig defined - creating empty
2023-02-26 23:19:39.686 UTC [TRACE] steampipe-plugin-hackernews.plugin: [TRACE] no DefaultIgnoreConfig defined - creating empty
2023-02-26 23:19:39.686 UTC [TRACE] steampipe-plugin-hackernews.plugin: [TRACE] apply plugin defaults for DefaultRetryConfig
2023-02-26 23:19:39.686 UTC [TRACE] steampipe-plugin-hackernews.plugin: [TRACE] apply plugin defaults for DefaultIgnoreConfig, table &{<nil> <nil>} plugin &{<nil> <nil>}
2023-02-26 23:19:39.686 UTC [TRACE] steampipe-plugin-hackernews.plugin: [TRACE] DefaultRetryConfig:
2023-02-26 23:19:39.686 UTC [TRACE] steampipe-plugin-hackernews.plugin: [TRACE] DefaultIgnoreConfig:
2023-02-26 23:19:39.686 UTC [TRACE] steampipe-plugin-hackernews.plugin: [TRACE] t.List.initialise
2023-02-26 23:19:39.686 UTC [TRACE] steampipe-plugin-hackernews.plugin: [TRACE] ListConfig.initialise table hackernews_user
2023-02-26 23:19:39.686 UTC [TRACE] steampipe-plugin-hackernews.plugin: [TRACE] ListConfig.initialise complete: RetryConfig: , IgnoreConfig
2023-02-26 23:19:39.686 UTC [TRACE] steampipe-plugin-hackernews.plugin: [TRACE] back from initialiseHydrateConfigs
2023-02-26 23:19:39.686 UTC [TRACE] steampipe-plugin-hackernews.plugin: [TRACE] initialise table hackernews_user COMPLETE
2023-02-26 23:19:39.686 UTC [TRACE] steampipe-plugin-hackernews.plugin: [TRACE] initialise table hackernews_ask_hn
2023-02-26 23:19:39.686 UTC [TRACE] steampipe-plugin-hackernews.plugin: [TRACE] no DefaultRetryConfig defined - creating empty
2023-02-26 23:19:39.687 UTC [TRACE] steampipe-plugin-hackernews.plugin: [TRACE] no DefaultIgnoreConfig defined - creating empty
2023-02-26 23:19:39.687 UTC [TRACE] steampipe-plugin-hackernews.plugin: [TRACE] apply plugin defaults for DefaultRetryConfig
2023-02-26 23:19:39.687 UTC [TRACE] steampipe-plugin-hackernews.plugin: [TRACE] apply plugin defaults for DefaultIgnoreConfig, table &{<nil> <nil>} plugin &{<nil> <nil>}
2023-02-26 23:19:39.687 UTC [TRACE] steampipe-plugin-hackernews.plugin: [TRACE] DefaultRetryConfig:
2023-02-26 23:19:39.687 UTC [TRACE] steampipe-plugin-hackernews.plugin: [TRACE] DefaultIgnoreConfig:
2023-02-26 23:19:39.687 UTC [TRACE] steampipe-plugin-hackernews.plugin: [TRACE] t.Get.initialise
2023-02-26 23:19:39.687 UTC [TRACE] steampipe-plugin-hackernews.plugin: [TRACE] GetConfig.initialise table hackernews_ask_hn
2023-02-26 23:19:39.687 UTC [TRACE] steampipe-plugin-hackernews.plugin: [TRACE] GetConfig.initialise complete: RetryConfig: , IgnoreConfig:
2023-02-26 23:19:39.687 UTC [TRACE] steampipe-plugin-hackernews.plugin: [TRACE] t.List.initialise
2023-02-26 23:19:39.687 UTC [TRACE] steampipe-plugin-hackernews.plugin: [TRACE] ListConfig.initialise table hackernews_ask_hn
2023-02-26 23:19:39.687 UTC [TRACE] steampipe-plugin-hackernews.plugin: [TRACE] ListConfig.initialise complete: RetryConfig: , IgnoreConfig
2023-02-26 23:19:39.687 UTC [TRACE] steampipe-plugin-hackernews.plugin: [TRACE] HydrateConfig.initialise func getItem, table hackernews_ask_hn
2023-02-26 23:19:39.687 UTC [TRACE] steampipe-plugin-hackernews.plugin: [TRACE] HydrateConfig.initialise complete: RetryConfig: , IgnoreConfig:
2023-02-26 23:19:39.687 UTC [TRACE] steampipe-plugin-hackernews.plugin: [TRACE] back from initialiseHydrateConfigs
2023-02-26 23:19:39.687 UTC [TRACE] steampipe-plugin-hackernews.plugin: [TRACE] initialise table hackernews_ask_hn COMPLETE
2023-02-26 23:19:39.687 UTC [TRACE] steampipe-plugin-hackernews.plugin: [TRACE] initialise table hackernews_best
2023-02-26 23:19:39.687 UTC [TRACE] steampipe-plugin-hackernews.plugin: [TRACE] no DefaultRetryConfig defined - creating empty
2023-02-26 23:19:39.687 UTC [TRACE] steampipe-plugin-hackernews.plugin: [TRACE] no DefaultIgnoreConfig defined - creating empty
2023-02-26 23:19:39.687 UTC [TRACE] steampipe-plugin-hackernews.plugin: [TRACE] apply plugin defaults for DefaultRetryConfig
2023-02-26 23:19:39.687 UTC [TRACE] steampipe-plugin-hackernews.plugin: [TRACE] apply plugin defaults for DefaultIgnoreConfig, table &{<nil> <nil>} plugin &{<nil> <nil>}
2023-02-26 23:19:39.687 UTC [TRACE] steampipe-plugin-hackernews.plugin: [TRACE] DefaultRetryConfig:
2023-02-26 23:19:39.687 UTC [TRACE] steampipe-plugin-hackernews.plugin: [TRACE] DefaultIgnoreConfig:
2023-02-26 23:19:39.687 UTC [TRACE] steampipe-plugin-hackernews.plugin: [TRACE] t.Get.initialise
2023-02-26 23:19:39.687 UTC [TRACE] steampipe-plugin-hackernews.plugin: [TRACE] GetConfig.initialise table hackernews_best
2023-02-26 23:19:39.687 UTC [TRACE] steampipe-plugin-hackernews.plugin: [TRACE] GetConfig.initialise complete: RetryConfig: , IgnoreConfig:
2023-02-26 23:19:39.687 UTC [TRACE] steampipe-plugin-hackernews.plugin: [TRACE] t.List.initialise
2023-02-26 23:19:39.687 UTC [TRACE] steampipe-plugin-hackernews.plugin: [TRACE] ListConfig.initialise table hackernews_best
2023-02-26 23:19:39.687 UTC [TRACE] steampipe-plugin-hackernews.plugin: [TRACE] ListConfig.initialise complete: RetryConfig: , IgnoreConfig
2023-02-26 23:19:39.687 UTC [TRACE] steampipe-plugin-hackernews.plugin: [TRACE] HydrateConfig.initialise func getItem, table hackernews_best
2023-02-26 23:19:39.687 UTC [TRACE] steampipe-plugin-hackernews.plugin: [TRACE] HydrateConfig.initialise complete: RetryConfig: , IgnoreConfig:
2023-02-26 23:19:39.687 UTC [TRACE] steampipe-plugin-hackernews.plugin: [TRACE] back from initialiseHydrateConfigs
2023-02-26 23:19:39.687 UTC [TRACE] steampipe-plugin-hackernews.plugin: [TRACE] initialise table hackernews_best COMPLETE
2023-02-26 23:19:39.687 UTC [TRACE] steampipe-plugin-hackernews.plugin: [TRACE] initialise table hackernews_item
2023-02-26 23:19:39.687 UTC [TRACE] steampipe-plugin-hackernews.plugin: [TRACE] no DefaultRetryConfig defined - creating empty
2023-02-26 23:19:39.687 UTC [TRACE] steampipe-plugin-hackernews.plugin: [TRACE] no DefaultIgnoreConfig defined - creating empty
2023-02-26 23:19:39.687 UTC [TRACE] steampipe-plugin-hackernews.plugin: [TRACE] apply plugin defaults for DefaultRetryConfig
2023-02-26 23:19:39.687 UTC [TRACE] steampipe-plugin-hackernews.plugin: [TRACE] apply plugin defaults for DefaultIgnoreConfig, table &{<nil> <nil>} plugin &{<nil> <nil>}
2023-02-26 23:19:39.687 UTC [TRACE] steampipe-plugin-hackernews.plugin: [TRACE] DefaultRetryConfig:
2023-02-26 23:19:39.687 UTC [TRACE] steampipe-plugin-hackernews.plugin: [TRACE] DefaultIgnoreConfig:
2023-02-26 23:19:39.687 UTC [TRACE] steampipe-plugin-hackernews.plugin: [TRACE] t.Get.initialise
2023-02-26 23:19:39.687 UTC [TRACE] steampipe-plugin-hackernews.plugin: [TRACE] GetConfig.initialise table hackernews_item
2023-02-26 23:19:39.687 UTC [TRACE] steampipe-plugin-hackernews.plugin: [TRACE] GetConfig.initialise complete: RetryConfig: , IgnoreConfig:
2023-02-26 23:19:39.687 UTC [TRACE] steampipe-plugin-hackernews.plugin: [TRACE] t.List.initialise
2023-02-26 23:19:39.687 UTC [TRACE] steampipe-plugin-hackernews.plugin: [TRACE] ListConfig.initialise table hackernews_item
2023-02-26 23:19:39.687 UTC [TRACE] steampipe-plugin-hackernews.plugin: [TRACE] ListConfig.initialise complete: RetryConfig: , IgnoreConfig
2023-02-26 23:19:39.687 UTC [TRACE] steampipe-plugin-hackernews.plugin: [TRACE] HydrateConfig.initialise func getItem, table hackernews_item
2023-02-26 23:19:39.687 UTC [TRACE] steampipe-plugin-hackernews.plugin: [TRACE] HydrateConfig.initialise complete: RetryConfig: , IgnoreConfig:
2023-02-26 23:19:39.687 UTC [TRACE] steampipe-plugin-hackernews.plugin: [TRACE] back from initialiseHydrateConfigs
2023-02-26 23:19:39.687 UTC [TRACE] steampipe-plugin-hackernews.plugin: [TRACE] initialise table hackernews_item COMPLETE
2023-02-26 23:19:39.687 UTC [TRACE] steampipe-plugin-hackernews.plugin: [TRACE] initialise table hackernews_job
2023-02-26 23:19:39.687 UTC [TRACE] steampipe-plugin-hackernews.plugin: [TRACE] no DefaultRetryConfig defined - creating empty
2023-02-26 23:19:39.687 UTC [TRACE] steampipe-plugin-hackernews.plugin: [TRACE] no DefaultIgnoreConfig defined - creating empty
2023-02-26 23:19:39.687 UTC [TRACE] steampipe-plugin-hackernews.plugin: [TRACE] apply plugin defaults for DefaultRetryConfig
2023-02-26 23:19:39.687 UTC [TRACE] steampipe-plugin-hackernews.plugin: [TRACE] apply plugin defaults for DefaultIgnoreConfig, table &{<nil> <nil>} plugin &{<nil> <nil>}
2023-02-26 23:19:39.687 UTC [TRACE] steampipe-plugin-hackernews.plugin: [TRACE] DefaultRetryConfig:
2023-02-26 23:19:39.688 UTC [TRACE] steampipe-plugin-hackernews.plugin: [TRACE] DefaultIgnoreConfig:
2023-02-26 23:19:39.688 UTC [TRACE] steampipe-plugin-hackernews.plugin: [TRACE] t.Get.initialise
2023-02-26 23:19:39.688 UTC [TRACE] steampipe-plugin-hackernews.plugin: [TRACE] GetConfig.initialise table hackernews_job
2023-02-26 23:19:39.688 UTC [TRACE] steampipe-plugin-hackernews.plugin: [TRACE] GetConfig.initialise complete: RetryConfig: , IgnoreConfig:
2023-02-26 23:19:39.688 UTC [TRACE] steampipe-plugin-hackernews.plugin: [TRACE] t.List.initialise
2023-02-26 23:19:39.688 UTC [TRACE] steampipe-plugin-hackernews.plugin: [TRACE] ListConfig.initialise table hackernews_job
2023-02-26 23:19:39.688 UTC [TRACE] steampipe-plugin-hackernews.plugin: [TRACE] ListConfig.initialise complete: RetryConfig: , IgnoreConfig
2023-02-26 23:19:39.688 UTC [TRACE] steampipe-plugin-hackernews.plugin: [TRACE] HydrateConfig.initialise func getItem, table hackernews_job
2023-02-26 23:19:39.688 UTC [TRACE] steampipe-plugin-hackernews.plugin: [TRACE] HydrateConfig.initialise complete: RetryConfig: , IgnoreConfig:
2023-02-26 23:19:39.688 UTC [TRACE] steampipe-plugin-hackernews.plugin: [TRACE] back from initialiseHydrateConfigs
2023-02-26 23:19:39.688 UTC [TRACE] steampipe-plugin-hackernews.plugin: [TRACE] initialise table hackernews_job COMPLETE
2023-02-26 23:19:39.688 UTC [TRACE] steampipe-plugin-hackernews.plugin: [TRACE] initialise table hackernews_new
2023-02-26 23:19:39.688 UTC [TRACE] steampipe-plugin-hackernews.plugin: [TRACE] no DefaultRetryConfig defined - creating empty
2023-02-26 23:19:39.688 UTC [TRACE] steampipe-plugin-hackernews.plugin: [TRACE] no DefaultIgnoreConfig defined - creating empty
2023-02-26 23:19:39.688 UTC [TRACE] steampipe-plugin-hackernews.plugin: [TRACE] apply plugin defaults for DefaultRetryConfig
2023-02-26 23:19:39.688 UTC [TRACE] steampipe-plugin-hackernews.plugin: [TRACE] apply plugin defaults for DefaultIgnoreConfig, table &{<nil> <nil>} plugin &{<nil> <nil>}
2023-02-26 23:19:39.688 UTC [TRACE] steampipe-plugin-hackernews.plugin: [TRACE] DefaultRetryConfig:
2023-02-26 23:19:39.688 UTC [TRACE] steampipe-plugin-hackernews.plugin: [TRACE] DefaultIgnoreConfig:
2023-02-26 23:19:39.688 UTC [TRACE] steampipe-plugin-hackernews.plugin: [TRACE] t.Get.initialise
2023-02-26 23:19:39.688 UTC [TRACE] steampipe-plugin-hackernews.plugin: [TRACE] GetConfig.initialise table hackernews_new
2023-02-26 23:19:39.688 UTC [TRACE] steampipe-plugin-hackernews.plugin: [TRACE] GetConfig.initialise complete: RetryConfig: , IgnoreConfig:
2023-02-26 23:19:39.688 UTC [TRACE] steampipe-plugin-hackernews.plugin: [TRACE] t.List.initialise
2023-02-26 23:19:39.688 UTC [TRACE] steampipe-plugin-hackernews.plugin: [TRACE] ListConfig.initialise table hackernews_new
2023-02-26 23:19:39.688 UTC [TRACE] steampipe-plugin-hackernews.plugin: [TRACE] ListConfig.initialise complete: RetryConfig: , IgnoreConfig
2023-02-26 23:19:39.688 UTC [TRACE] steampipe-plugin-hackernews.plugin: [TRACE] HydrateConfig.initialise func getItem, table hackernews_new
2023-02-26 23:19:39.688 UTC [TRACE] steampipe-plugin-hackernews.plugin: [TRACE] HydrateConfig.initialise complete: RetryConfig: , IgnoreConfig:
2023-02-26 23:19:39.688 UTC [TRACE] steampipe-plugin-hackernews.plugin: [TRACE] back from initialiseHydrateConfigs
2023-02-26 23:19:39.688 UTC [TRACE] steampipe-plugin-hackernews.plugin: [TRACE] initialise table hackernews_new COMPLETE
2023-02-26 23:19:39.688 UTC [TRACE] steampipe-plugin-hackernews.plugin: [TRACE] initialise table hackernews_show_hn
2023-02-26 23:19:39.688 UTC [TRACE] steampipe-plugin-hackernews.plugin: [TRACE] no DefaultRetryConfig defined - creating empty
2023-02-26 23:19:39.688 UTC [TRACE] steampipe-plugin-hackernews.plugin: [TRACE] no DefaultIgnoreConfig defined - creating empty
2023-02-26 23:19:39.688 UTC [TRACE] steampipe-plugin-hackernews.plugin: [TRACE] apply plugin defaults for DefaultRetryConfig
2023-02-26 23:19:39.688 UTC [TRACE] steampipe-plugin-hackernews.plugin: [TRACE] apply plugin defaults for DefaultIgnoreConfig, table &{<nil> <nil>} plugin &{<nil> <nil>}
2023-02-26 23:19:39.688 UTC [TRACE] steampipe-plugin-hackernews.plugin: [TRACE] DefaultRetryConfig:
2023-02-26 23:19:39.688 UTC [TRACE] steampipe-plugin-hackernews.plugin: [TRACE] DefaultIgnoreConfig:
2023-02-26 23:19:39.688 UTC [TRACE] steampipe-plugin-hackernews.plugin: [TRACE] t.Get.initialise
2023-02-26 23:19:39.688 UTC [TRACE] steampipe-plugin-hackernews.plugin: [TRACE] GetConfig.initialise table hackernews_show_hn
2023-02-26 23:19:39.688 UTC [TRACE] steampipe-plugin-hackernews.plugin: [TRACE] GetConfig.initialise complete: RetryConfig: , IgnoreConfig:
2023-02-26 23:19:39.688 UTC [TRACE] steampipe-plugin-hackernews.plugin: [TRACE] t.List.initialise
2023-02-26 23:19:39.688 UTC [TRACE] steampipe-plugin-hackernews.plugin: [TRACE] ListConfig.initialise table hackernews_show_hn
2023-02-26 23:19:39.688 UTC [TRACE] steampipe-plugin-hackernews.plugin: [TRACE] ListConfig.initialise complete: RetryConfig: , IgnoreConfig
2023-02-26 23:19:39.688 UTC [TRACE] steampipe-plugin-hackernews.plugin: [TRACE] HydrateConfig.initialise func getItem, table hackernews_show_hn
2023-02-26 23:19:39.688 UTC [TRACE] steampipe-plugin-hackernews.plugin: [TRACE] HydrateConfig.initialise complete: RetryConfig: , IgnoreConfig:
2023-02-26 23:19:39.688 UTC [TRACE] steampipe-plugin-hackernews.plugin: [TRACE] back from initialiseHydrateConfigs
2023-02-26 23:19:39.688 UTC [TRACE] steampipe-plugin-hackernews.plugin: [TRACE] initialise table hackernews_show_hn COMPLETE
2023-02-26 23:19:39.688 UTC [TRACE] steampipe-plugin-hackernews.plugin: [TRACE] validate plugin steampipe-plugin-hackernews, required columns []
2023-02-26 23:19:39.688 UTC [TRACE] steampipe-plugin-hackernews.plugin: [TRACE] validate DefaultRetryConfig
2023-02-26 23:19:39.688 UTC [TRACE] steampipe-plugin-hackernews.plugin: [TRACE] validate DefaultIgnoreConfig
2023-02-26 23:19:39.688 UTC [TRACE] steampipe-plugin-hackernews.plugin: [TRACE] validate table names
2023-02-26 23:19:39.689 UTC [TRACE] steampipe-plugin-hackernews.plugin: [TRACE] plugin has 0 validation errors
2023-02-26 23:19:39.689 UTC [TRACE] steampipe-plugin-hackernews.plugin: [TRACE] Plugin ensureCache creating cache, maxCacheStorageMb 0
2023-02-26 23:19:39.689 UTC [TRACE] steampipe-plugin-hackernews.plugin: [TRACE] createCacheStore for plugin 'steampipe-plugin-hackernews' setting max size to 0Mb, Shards: 2, max shard size: 0
2023-02-26 23:19:39.703 UTC [INFO]  steampipe-plugin-hackernews.plugin: [INFO]  query cache created
2023-02-26 23:19:39.703 UTC [DEBUG] steampipe-plugin-hackernews.plugin: [DEBUG] SetAllConnectionConfigs finished
2023-02-26 23:19:39.703 UTC [TRACE] PluginManager getPlugin complete, returning reattach config with PID: 2052
2023-02-26 23:19:39.703 UTC [TRACE] PluginManager Get returning reattach_map:{key:"hackernews"  value:{protocol:"grpc"  addr:{Network:"unix"  Address:"/tmp/plugin2417724256"}  pid:2052  supported_operations:{query_cache:true  multiple_connections:true}  connections:"hackernews"  plugin:"hub.steampipe.io/plugins/turbot/hackernews@latest"}}
2023-02-26 23:19:39.711 UTC [INFO]  steampipe-plugin-hackernews.plugin: [INFO]  1677453579414: Plugin Execute (1677453579414)
2023-02-26 23:19:39.711 UTC [TRACE] steampipe-plugin-hackernews.plugin: [TRACE] 1677453579414: No memory limit set
2023-02-26 23:19:39.711 UTC [INFO]  steampipe-plugin-hackernews.plugin: [INFO]  1677453579414: Plugin Execute, setting memory limit to -1Mb
2023-02-26 23:19:39.711 UTC [TRACE] steampipe-plugin-hackernews.plugin: [TRACE] 1677453579414: calling ExtractContextFromCarrier
2023-02-26 23:19:39.711 UTC [INFO]  steampipe-plugin-hackernews.plugin: [INFO]  1677453579414: Setting max concurrent connections to 25
2023-02-26 23:19:39.711 UTC [TRACE] steampipe-plugin-hackernews.plugin: [TRACE] 1677453579414: executeForConnection callId: 1677453579414, connectionCallId: hackernews-1677453579414, connection: hackernews table: hackernews_new cols: id,title,time,by,score,dead,deleted,descendants,kids,parent,parts,poll,text,type,url,_ctx
2023-02-26 23:19:39.711 UTC [TRACE] steampipe-plugin-hackernews.plugin: [TRACE] 1677453579414: got connection data
2023-02-26 23:19:39.711 UTC [TRACE] steampipe-plugin-hackernews.plugin: [TRACE] 1677453579414: Got query context, table: hackernews_new, cols: [id title time by score dead deleted descendants kids parent parts poll text type url _ctx]
2023-02-26 23:19:39.711 UTC [TRACE] steampipe-plugin-hackernews.plugin: [TRACE] 1677453579414: Start execute span
2023-02-26 23:19:39.711 UTC [INFO]  steampipe-plugin-hackernews.plugin: [INFO]  1677453579414: Setting free memory interval to 100 rows
2023-02-26 23:19:39.712 UTC [TRACE] steampipe-plugin-hackernews.plugin: [TRACE] 1677453579414: setFetchType map[time:quals:{fieldName:"time"  string_value:">"  value:{timestamp_value:{seconds:1677449979  nanos:574634000}}}]
2023-02-26 23:19:39.712 UTC [TRACE] steampipe-plugin-hackernews.plugin: [TRACE] 1677453579414: getMatchingQuals column:'id' operator: =
2023-02-26 23:19:39.712 UTC [TRACE] steampipe-plugin-hackernews.plugin: [TRACE] 1677453579414: getMatchingQuals returning false - qualMap does not contain any quals for column id
2023-02-26 23:19:39.713 UTC [TRACE] steampipe-plugin-hackernews.plugin: [TRACE] 1677453579414: GetUnsatisfiedKeyColumns for columns column:'id' operator: =
2023-02-26 23:19:39.714 UTC [TRACE] steampipe-plugin-hackernews.plugin: [TRACE] 1677453579414: key column NOT satisfied column:'id' operator: =
2023-02-26 23:19:39.714 UTC [TRACE] steampipe-plugin-hackernews.plugin: [TRACE] 1677453579414: satisfied: map[any_of: optional: required:]
2023-02-26 23:19:39.714 UTC [TRACE] steampipe-plugin-hackernews.plugin: [TRACE] 1677453579414: unsatisfied: map[any_of: optional: required:column:'id' operator: =]
2023-02-26 23:19:39.715 UTC [TRACE] steampipe-plugin-hackernews.plugin: [TRACE] 1677453579414: unsatisfied required KeyColumns: column:'id' operator: =
2023-02-26 23:19:39.715 UTC [TRACE] steampipe-plugin-hackernews.plugin: [TRACE] 1677453579414: Set fetchType to fetchTypeList
2023-02-26 23:19:39.715 UTC [TRACE] steampipe-plugin-hackernews.plugin: [TRACE] 1677453579414: Equals key column quals:
2023-02-26 23:19:39.715 UTC [DEBUG] steampipe-plugin-hackernews.plugin: {}
2023-02-26 23:19:39.715 UTC [TRACE] steampipe-plugin-hackernews.plugin: [TRACE] 1677453579414: All key column quals:
2023-02-26 23:19:39.715 UTC [DEBUG] steampipe-plugin-hackernews.plugin: {}
2023-02-26 23:19:39.715 UTC [TRACE] steampipe-plugin-hackernews.plugin: [TRACE] 1677453579414: GetMatrixItem
2023-02-26 23:19:39.715 UTC [TRACE] steampipe-plugin-hackernews.plugin: [TRACE] 1677453579414: creating query data
2023-02-26 23:19:39.715 UTC [INFO]  steampipe-plugin-hackernews.plugin: [INFO]  1677453579414: cacheEnabled, trying cache get (hackernews-1677453579414)
2023-02-26 23:19:39.715 UTC [TRACE] steampipe-plugin-hackernews.plugin: [TRACE] 1677453579414: QueryCache Get - indexBucketKey index__hackernewshackernews_new, quals
2023-02-26 23:19:39.715 UTC [TRACE] steampipe-plugin-hackernews.plugin: [TRACE] 1677453579414: QueryCache getCachedQueryResult - table hackernews_new, connectionName hackernews
2023-02-26 23:19:39.715 UTC [TRACE] steampipe-plugin-hackernews.plugin: [TRACE] 1677453579414: index bucket key: index__hackernewshackernews_new ttlSeconds 300 limit: -1
2023-02-26 23:19:39.715 UTC [TRACE] steampipe-plugin-hackernews.plugin: [TRACE] 1677453579414: doGet cache miss
2023-02-26 23:19:39.715 UTC [TRACE] steampipe-plugin-hackernews.plugin: [TRACE] 1677453579414: getCachedIndexBucket - no item retrieved for cache key index__hackernewshackernews_new
2023-02-26 23:19:39.715 UTC [TRACE] steampipe-plugin-hackernews.plugin: [TRACE] 1677453579414: getCachedQueryResult returned CACHE MISS - checking for pending transfers
2023-02-26 23:19:39.715 UTC [TRACE] steampipe-plugin-hackernews.plugin: [TRACE] 1677453579414: getPendingResultItem indexBucketKey index__hackernewshackernews_new, columns [id title time by score dead deleted descendants kids parent parts poll text type url _ctx], limit -1
2023-02-26 23:19:39.715 UTC [TRACE] steampipe-plugin-hackernews.plugin: [TRACE] 1677453579414: no pending index item - add pending result, indexBucketKey index__hackernewshackernews_new
2023-02-26 23:19:39.715 UTC [TRACE] steampipe-plugin-hackernews.plugin: [TRACE] 1677453579414: addPendingResult (hackernews-1677453579414) indexBucketKey index__hackernewshackernews_new, columns [id title time by score dead deleted descendants kids parent parts poll text type url _ctx], limit -1
2023-02-26 23:19:39.715 UTC [TRACE] steampipe-plugin-hackernews.plugin: [TRACE] 1677453579414: no index bucket found - creating one
2023-02-26 23:19:39.715 UTC [TRACE] steampipe-plugin-hackernews.plugin: [TRACE] 1677453579414: pendingIndexItem Lock count before 0
2023-02-26 23:19:39.715 UTC [TRACE] steampipe-plugin-hackernews.plugin: [TRACE] 1677453579414: addPendingResult added pending index item to bucket, (hackernews-1677453579414) indexBucketKey index__hackernewshackernews_new, resultKeyRoot hackernewshackernews_newid,title,time,by,score,dead,deleted,descendants,kids,parent,parts,poll,text,type,url,_ctx-1, pending item : 0xc0004cea20
2023-02-26 23:19:39.715 UTC [TRACE] steampipe-plugin-hackernews.plugin: [TRACE] 1677453579414: **** pending items (hackernews-1677453579414)****
2023-02-26 23:19:39.715 UTC [TRACE] steampipe-plugin-hackernews.plugin: [TRACE] 1677453579414: key: index__hackernewshackernews_new: item: 0xc0004cea20, count: 1, key:hackernewshackernews_newid,title,time,by,score,dead,deleted,descendants,kids,parent,parts,poll,text,type,url,_ctx-1
2023-02-26 23:19:39.715 UTC [TRACE] steampipe-plugin-hackernews.plugin: [TRACE] 1677453579414: ********
2023-02-26 23:19:39.715 UTC [TRACE] steampipe-plugin-hackernews.plugin: [TRACE] 1677453579414: getPendingResultItem returning <nil>
2023-02-26 23:19:39.715 UTC [INFO]  steampipe-plugin-hackernews.plugin: [INFO]  1677453579414: CACHE MISS
2023-02-26 23:19:39.715 UTC [TRACE] steampipe-plugin-hackernews.plugin: [TRACE] 1677453579414: cache MISS
2023-02-26 23:19:39.715 UTC [INFO]  steampipe-plugin-hackernews.plugin: [INFO]  1677453579414: queryCacheGet returned CACHE MISS (hackernews-1677453579414)
2023-02-26 23:19:39.715 UTC [TRACE] steampipe-plugin-hackernews.plugin: [TRACE] 1677453579414: StartSet (hackernews-1677453579414)
2023-02-26 23:19:39.715 UTC [TRACE] steampipe-plugin-hackernews.plugin: [TRACE] 1677453579414: calling fetchItems, table: hackernews_new, matrixItem: [], limit: -1,  connectionCallId: hackernews-1677453579414"
2023-02-26 23:19:39.715 UTC [TRACE] steampipe-plugin-hackernews.plugin: [TRACE] 1677453579414: buildRowsAsync connectionCallId: hackernews-1677453579414
2023-02-26 23:19:39.715 UTC [TRACE] steampipe-plugin-hackernews.plugin: [TRACE] 1677453579414: streamRows connectionCallId: hackernews-1677453579414
2023-02-26 23:19:39.715 UTC [TRACE] steampipe-plugin-hackernews.plugin: [TRACE] 1677453579414: QueryData streamRows (hackernews-1677453579414)
2023-02-26 23:19:39.715 UTC [TRACE] steampipe-plugin-hackernews.plugin: [TRACE] 1677453579414: executeListCall START (hackernews-1677453579414)
2023-02-26 23:19:39.715 UTC [TRACE] steampipe-plugin-hackernews.plugin: [TRACE] 1677453579414: GetUnsatisfiedKeyColumns for columns
2023-02-26 23:19:39.715 UTC [TRACE] steampipe-plugin-hackernews.plugin: [TRACE] 1677453579414: doList (hackernews-1677453579414)
2023-02-26 23:19:39.715 UTC [TRACE] steampipe-plugin-hackernews.plugin: [TRACE] 1677453579414: doList: no matrix item
2023-02-26 23:19:39.936 UTC [TRACE] steampipe-plugin-hackernews.plugin: [TRACE] 1677453579414: QueryData.fetchComplete
2023-02-26 23:19:39.936 UTC [TRACE] steampipe-plugin-hackernews.plugin: [TRACE] 1677453579414: executeListCall COMPLETE (hackernews-1677453579414)
2023-02-26 23:19:39.936 UTC [TRACE] steampipe-plugin-hackernews.plugin: [TRACE] 1677453579414: rowData chan returned nil - wait for rows to complete (hackernews-1677453579414)
2023-02-26 23:19:39.938 UTC [TRACE] stdio: received data: channel=STDOUT len=21
2023-02-26 23:19:39.938 UTC [TRACE] stdio: waiting for stdio data
2023-02-26 23:19:40.091 UTC [TRACE] stdio: received data: channel=STDOUT len=1024
2023-02-26 23:19:40.091 UTC [TRACE] stdio: waiting for stdio data
2023-02-26 23:19:40.091 UTC [TRACE] stdio: received data: channel=STDOUT len=47
2023-02-26 23:19:40.091 UTC [TRACE] stdio: waiting for stdio data
2023-02-26 23:19:40.095 UTC [TRACE] stdio: received data: channel=STDOUT len=19
2023-02-26 23:19:40.095 UTC [TRACE] stdio: waiting for stdio data
2023-02-26 23:19:40.148 UTC [TRACE] stdio: received data: channel=STDOUT len=1024
2023-02-26 23:19:40.148 UTC [TRACE] stdio: waiting for stdio data
2023-02-26 23:19:40.290 UTC [TRACE] stdio: received data: channel=STDOUT len=425
2023-02-26 23:19:40.290 UTC [TRACE] stdio: waiting for stdio data
2023-02-26 23:19:40.328 UTC [TRACE] stdio: received data: channel=STDOUT len=1024
2023-02-26 23:19:40.328 UTC [TRACE] stdio: waiting for stdio data
2023-02-26 23:19:40.328 UTC [TRACE] stdio: received data: channel=STDOUT len=1024
2023-02-26 23:19:40.328 UTC [TRACE] stdio: waiting for stdio data
2023-02-26 23:19:40.328 UTC [TRACE] stdio: received data: channel=STDOUT len=56
2023-02-26 23:19:40.328 UTC [TRACE] stdio: waiting for stdio data
2023-02-26 23:19:40.347 UTC [TRACE] stdio: received data: channel=STDOUT len=241
2023-02-26 23:19:40.347 UTC [TRACE] stdio: waiting for stdio data
2023-02-26 23:19:40.384 UTC [TRACE] steampipe-plugin-hackernews.plugin: [TRACE] 1677453579414: buildRowsAsync goroutine returning (hackernews-1677453579414)
2023-02-26 23:19:40.384 UTC [TRACE] steampipe-plugin-hackernews.plugin: [TRACE] 1677453579414: streamRows - nil row, stop streaming (hackernews-1677453579414)
2023-02-26 23:19:40.384 UTC [TRACE] steampipe-plugin-hackernews.plugin: [TRACE] 1677453579414: ------------------------------------
2023-02-26 23:19:40.384 UTC [TRACE] steampipe-plugin-hackernews.plugin: [TRACE] 1677453579414: Concurrency Summary
2023-02-26 23:19:40.384 UTC [TRACE] steampipe-plugin-hackernews.plugin: [TRACE] 1677453579414: ------------------------------------
2023-02-26 23:19:40.384 UTC [TRACE] steampipe-plugin-hackernews.plugin: [TRACE] 1677453579414: getItem                       : 200
2023-02-26 23:19:40.384 UTC [TRACE] steampipe-plugin-hackernews.plugin: [TRACE] 1677453579414: ------------------------------------
2023-02-26 23:19:40.384 UTC [TRACE] steampipe-plugin-hackernews.plugin: [TRACE] 1677453579414: Total                         : 200
2023-02-26 23:19:40.384 UTC [TRACE] steampipe-plugin-hackernews.plugin: [TRACE] 1677453579414: ------------------------------------
2023-02-26 23:19:40.384 UTC [TRACE] steampipe-plugin-hackernews.plugin: [TRACE] 1677453579414: QueryData streamRows DONE (hackernews-1677453579414)
2023-02-26 23:19:40.384 UTC [TRACE] steampipe-plugin-hackernews.plugin: [TRACE] 1677453579414: EndSet (hackernews-1677453579414) table hackernews_new
2023-02-26 23:19:40.384 UTC [TRACE] steampipe-plugin-hackernews.plugin: [TRACE] 1677453579414: QueryCache writePageToCache: 500 rows, pageCount 1, page key hackernewshackernews_newid,title,time,by,score,dead,deleted,descendants,kids,parent,parts,poll,text,type,url,_ctx-1-0
2023-02-26 23:19:40.387 UTC [TRACE] stdio: received data: channel=STDOUT len=37
2023-02-26 23:19:40.387 UTC [TRACE] stdio: waiting for stdio data
2023-02-26 23:19:40.394 UTC [TRACE] steampipe-plugin-hackernews.plugin: [TRACE] 1677453579414: writePageToCache Set - result written
2023-02-26 23:19:40.394 UTC [TRACE] steampipe-plugin-hackernews.plugin: [TRACE] 1677453579414: QueryCache EndSet - result written
2023-02-26 23:19:40.394 UTC [TRACE] steampipe-plugin-hackernews.plugin: [TRACE] 1677453579414: doGet cache miss
2023-02-26 23:19:40.394 UTC [TRACE] steampipe-plugin-hackernews.plugin: [TRACE] 1677453579414: getCachedIndexBucket - no item retrieved for cache key index__hackernewshackernews_new
2023-02-26 23:19:40.394 UTC [TRACE] steampipe-plugin-hackernews.plugin: [TRACE] 1677453579414: getCachedIndexBucket returned cache miss
2023-02-26 23:19:40.394 UTC [TRACE] steampipe-plugin-hackernews.plugin: [TRACE] 1677453579414: QueryCache EndSet - Added index item (0xc01afd2180) to bucket (0xc01afca0d8), page count 1,  key root hackernewshackernews_newid,title,time,by,score,dead,deleted,descendants,kids,parent,parts,poll,text,type,url,_ctx-1
2023-02-26 23:19:40.394 UTC [TRACE] steampipe-plugin-hackernews.plugin: [TRACE] 1677453579414: cacheSetIndexBucket index__hackernewshackernews_new
2023-02-26 23:19:40.394 UTC [TRACE] steampipe-plugin-hackernews.plugin: [TRACE] 1677453579414: QueryCache EndSet - IndexBucket written
2023-02-26 23:19:40.394 UTC [TRACE] steampipe-plugin-hackernews.plugin: [TRACE] 1677453579414: EndSet DEFER (hackernews-1677453579414) table hackernews_new
2023-02-26 23:19:40.394 UTC [TRACE] steampipe-plugin-hackernews.plugin: [TRACE] 1677453579414: calling pendingItemComplete (hackernews-1677453579414)
2023-02-26 23:19:40.394 UTC [TRACE] steampipe-plugin-hackernews.plugin: [TRACE] 1677453579414: pendingItemComplete (hackernews-1677453579414) indexBucketKey index__hackernewshackernews_new, columns [id title time by score dead deleted descendants kids parent parts poll text type url _ctx], limit -1
2023-02-26 23:19:40.394 UTC [TRACE] steampipe-plugin-hackernews.plugin: [TRACE] 1677453579414: got pending index bucket, (hackernews-1677453579414) len 1
2023-02-26 23:19:40.394 UTC [TRACE] steampipe-plugin-hackernews.plugin: [TRACE] 1677453579414: SatisfiesLimit limit -1, no item limit - satisfied
2023-02-26 23:19:40.394 UTC [TRACE] steampipe-plugin-hackernews.plugin: [TRACE] 1677453579414: found pending index item to satisfy columns id,title,time,by,score,dead,deleted,descendants,kids,parent,parts,poll,text,type,url,_ctx, limit -1
2023-02-26 23:19:40.394 UTC [TRACE] steampipe-plugin-hackernews.plugin: [TRACE] 1677453579414: found completed pending item (hackernews-1677453579414) 0xc0004cea20, key hackernewshackernews_newid,title,time,by,score,dead,deleted,descendants,kids,parent,parts,poll,text,type,url,_ctx-1 - removing from map as it is complete
2023-02-26 23:19:40.394 UTC [TRACE] steampipe-plugin-hackernews.plugin: [TRACE] 1677453579414: pendingIndexItem Unlock count before 1 key hackernewshackernews_newid,title,time,by,score,dead,deleted,descendants,kids,parent,parts,poll,text,type,url,_ctx-1
2023-02-26 23:19:40.394 UTC [TRACE] steampipe-plugin-hackernews.plugin: [TRACE] 1677453579414: deleted from pending, (hackernews-1677453579414) len 0
2023-02-26 23:19:40.394 UTC [TRACE] steampipe-plugin-hackernews.plugin: [TRACE] 1677453579414: pending bucket now empty - deleting key index__hackernewshackernews_new
2023-02-26 23:19:40.394 UTC [TRACE] steampipe-plugin-hackernews.plugin: [TRACE] 1677453579414: pendingItemComplete done (hackernews-1677453579414)
2023-02-26 23:19:40.394 UTC [TRACE] steampipe-plugin-hackernews.plugin: [TRACE] 1677453579414: cache set succeeded
2023-02-26 23:19:40.394 UTC [TRACE] steampipe-plugin-hackernews.plugin: [TRACE] 1677453579414: End execute span
2023-02-26 23:19:40.394 UTC [TRACE] steampipe-plugin-hackernews.plugin: [TRACE] 1677453579414: executeForConnection DEFER (hackernews-1677453579414)
2023-02-26 23:19:40.394 UTC [TRACE] steampipe-plugin-hackernews.plugin: [TRACE] 1677453579414: Execute complete callId: hackernews-1677453579414 table: hackernews_new
2023-02-26 23:19:40.394 UTC [TRACE] steampipe-plugin-hackernews.plugin: [TRACE] 1677453579414: executeForConnection hackernews returned
2023-02-26 23:19:40.394 UTC [TRACE] steampipe-plugin-hackernews.plugin: [TRACE] 1677453579414: output wg complete - send nil row
2023-02-26 23:19:40.394 UTC [TRACE] steampipe-plugin-hackernews.plugin: [TRACE] 1677453579414: empty row on output channel - we are done
2023-02-26 23:19:40.394 UTC [INFO]  steampipe-plugin-hackernews.plugin: [INFO]  1677453579414: Plugin Execute complete (1677453579414)
2023-02-26 23:19:40.414 UTC [TRACE] PluginManager Shutdown
2023-02-26 23:19:40.414 UTC [TRACE] killing plugin csv (2027)
2023-02-26 23:19:40.416 UTC [TRACE] steampipe-plugin-csv.plugin: [TRACE] FLUSHING instrumentation
2023-02-26 23:19:40.416 UTC [TRACE] steampipe-plugin-csv.plugin: [TRACE] Shutdown instrumentation
2023-02-26 23:19:40.416 UTC [INFO]  plugin process exited: path=/home/runner/.steampipe/plugins/hub.steampipe.io/plugins/turbot/csv@latest/steampipe-plugin-csv.plugin pid=2027
2023-02-26 23:19:40.416 UTC [DEBUG] plugin exited
2023-02-26 23:19:40.416 UTC [TRACE] killing plugin hackernews (2052)
2023-02-26 23:19:40.416 UTC [DEBUG] stdio: received EOF, stopping recv loop: err="rpc error: code = Unavailable desc = error reading from server: EOF"
2023-02-26 23:19:40.416 UTC [DEBUG] stdio: received EOF, stopping recv loop: err="rpc error: code = Unavailable desc = error reading from server: EOF"
2023-02-26 23:19:40.416 UTC [TRACE] steampipe-plugin-hackernews.plugin: [TRACE] 1677453579414: FLUSHING instrumentation
2023-02-26 23:19:40.416 UTC [TRACE] steampipe-plugin-hackernews.plugin: [TRACE] 1677453579414: Shutdown instrumentation
2023-02-26 23:19:40.420 UTC [INFO]  plugin process exited: path=/home/runner/.steampipe/plugins/hub.steampipe.io/plugins/turbot/hackernews@latest/steampipe-plugin-hackernews.plugin pid=2052
2023-02-26 23:19:40.420 UTC [DEBUG] plugin exited
2023-02-26 23:19:47.900 UTC [WARN]  steampipe-plugin-csv.plugin: [WARN]  1677453587124: getKeyColumnsForTable found no schema for table '/home/runner/work/steampipe-samples/steampipe-samples/all/hackernews/hn.csv'
2023-02-26 23:20:35.182 UTC [WARN]  steampipe-plugin-csv.plugin: [WARN]  1677453635295: getKeyColumnsForTable found no schema for table '/home/runner/work/steampipe-samples/steampipe-samples/all/hackernews/hn.csv'
2023-02-26 23:23:11.467 UTC [ERROR] steampipe-plugin-csv.plugin: [ERROR] csv.tableCSV: header_parse_error=EOF path=/home/runner/work/steampipe-samples/steampipe-samples/all/hackernews/new_sc.csv header=[]
2023-02-26 23:23:11.467 UTC [ERROR] steampipe-plugin-csv.plugin: [ERROR] csv.PluginTables: create_table_error="failed to parse file header /home/runner/work/steampipe-samples/steampipe-samples/all/hackernews/new_sc.csv: EOF" path=/home/runner/work/steampipe-samples/steampipe-samples/all/hackernews/new_sc.csv
2023-02-26 23:23:11.468 UTC [WARN]  failed to set connection config: failed to parse file header /home/runner/work/steampipe-samples/steampipe-samples/all/hackernews/new_sc.csv: EOF
2023-02-26 23:23:12.400 UTC [WARN]  steampipe-plugin-csv.plugin: [WARN]  1677453792337: getKeyColumnsForTable found no schema for table '/home/runner/work/steampipe-samples/steampipe-samples/all/hackernews/new_sc.csv'
2023-02-26 23:23:18.298 UTC [ERROR] steampipe-plugin-csv.plugin: [ERROR] csv.tableCSV: header_parse_error=EOF path=/home/runner/work/steampipe-samples/steampipe-samples/all/hackernews/hn_items_all.csv header=[]
2023-02-26 23:23:18.298 UTC [ERROR] steampipe-plugin-csv.plugin: [ERROR] csv.PluginTables: create_table_error="failed to parse file header /home/runner/work/steampipe-samples/steampipe-samples/all/hackernews/hn_items_all.csv: EOF" path=/home/runner/work/steampipe-samples/steampipe-samples/all/hackernews/hn_items_all.csv
2023-02-26 23:23:18.299 UTC [WARN]  failed to set connection config: failed to parse file header /home/runner/work/steampipe-samples/steampipe-samples/all/hackernews/hn_items_all.csv: EOF
