2022-11-25 18:20:35.676 UTC [INFO]  starting plugin manager
2022-11-25 18:20:35.676 UTC [TRACE] loaded config map: hackernews,net,csv,github
2022-11-25 18:20:35.676 UTC [TRACE] NewPluginManager
2022-11-25 18:20:35.678 UTC [TRACE] PluginManager setPluginCacheSizeMap: 4 connections.
2022-11-25 18:20:35.678 UTC [TRACE] Total cache size 0Mb
2022-11-25 18:20:35.678 UTC [INFO]  starting connection watcher
2022-11-25 18:20:35.678 UTC [INFO]  created ConnectionWatcher
2022-11-25 18:20:35.678 UTC [TRACE] about to serve
2022-11-25 18:20:35.745 UTC [TRACE] PluginManager Get, connections: '[csv]'
2022-11-25 18:20:35.745 UTC [TRACE] PluginManager getPlugin hub.steampipe.io/plugins/turbot/csv@latest connection 'csv'
2022-11-25 18:20:35.745 UTC [TRACE] PluginManager 0xc000147900 plugin hub.steampipe.io/plugins/turbot/csv@latest (csv) NOT started or starting - start now
2022-11-25 18:20:35.745 UTC [TRACE] ************ start plugin csv ********************
2022-11-25 18:20:35.745 UTC [TRACE] ************ plugin path /home/runner/.steampipe/plugins/hub.steampipe.io/plugins/turbot/csv@latest/steampipe-plugin-csv.plugin ********************
2022-11-25 18:20:35.779 UTC [TRACE] handleFileWatcherEvent ignoring first event
2022-11-25 18:20:35.806 UTC [DEBUG] starting plugin: path=/home/runner/.steampipe/plugins/hub.steampipe.io/plugins/turbot/csv@latest/steampipe-plugin-csv.plugin args=["/home/runner/.steampipe/plugins/hub.steampipe.io/plugins/turbot/csv@latest/steampipe-plugin-csv.plugin"]
2022-11-25 18:20:35.806 UTC [DEBUG] plugin started: path=/home/runner/.steampipe/plugins/hub.steampipe.io/plugins/turbot/csv@latest/steampipe-plugin-csv.plugin pid=2046
2022-11-25 18:20:35.806 UTC [DEBUG] waiting for RPC address: path=/home/runner/.steampipe/plugins/hub.steampipe.io/plugins/turbot/csv@latest/steampipe-plugin-csv.plugin
2022-11-25 18:20:35.814 UTC [INFO]  steampipe-plugin-csv.plugin: [INFO]  Initialise plugin 'steampipe-plugin-csv', using sdk version 4.1.8
2022-11-25 18:20:35.814 UTC [TRACE] steampipe-plugin-csv.plugin: [TRACE] no DefaultRetryConfig defined - creating empty
2022-11-25 18:20:35.814 UTC [TRACE] steampipe-plugin-csv.plugin: [TRACE] no DefaultIgnoreConfig defined - creating empty
2022-11-25 18:20:35.814 UTC [TRACE] steampipe-plugin-csv.plugin: [TRACE] telemetry.Init service 'steampipe-plugin-csv', tracingEnabled: false, metricsEnabled: false
2022-11-25 18:20:35.814 UTC [TRACE] steampipe-plugin-csv.plugin: [TRACE] metrics and tracing disabled' - returning
2022-11-25 18:20:35.814 UTC [DEBUG] steampipe-plugin-csv.plugin: plugin address: address=/tmp/plugin3491163253 network=unix timestamp=2022-11-25T18:20:35.814Z
2022-11-25 18:20:35.814 UTC [DEBUG] using plugin: version=0
2022-11-25 18:20:35.814 UTC [TRACE] NewPluginClient for plugin hub.steampipe.io/plugins/turbot/csv@latest
2022-11-25 18:20:35.816 UTC [TRACE] stdio: waiting for stdio data
2022-11-25 18:20:35.817 UTC [TRACE] supportedOperations: query_cache:true  multiple_connections:true
2022-11-25 18:20:35.818 UTC [TRACE] steampipe-plugin-csv.plugin: [TRACE] SetAllConnectionConfigs setting 1 configs
2022-11-25 18:20:35.818 UTC [TRACE] steampipe-plugin-csv.plugin: [TRACE] connection csv build schema and table map
2022-11-25 18:20:35.818 UTC [DEBUG] steampipe-plugin-csv.plugin: [DEBUG] csv.tableCSV: path=/home/runner/work/steampipe-samples/steampipe-samples/all/hackernews/hn_items_all.csv detected_encoding=Unknown
2022-11-25 18:20:35.818 UTC [DEBUG] steampipe-plugin-csv.plugin: [DEBUG] csv.tableCSV: path=/home/runner/work/steampipe-samples/steampipe-samples/all/hackernews/new_sc.csv detected_encoding=Unknown
2022-11-25 18:20:35.818 UTC [DEBUG] steampipe-plugin-csv.plugin: [DEBUG] csv.tableCSV: path=/home/runner/work/steampipe-samples/steampipe-samples/all/hackernews/people.csv detected_encoding=Unknown
2022-11-25 18:20:35.818 UTC [TRACE] steampipe-plugin-csv.plugin: [TRACE] initialise table /home/runner/work/steampipe-samples/steampipe-samples/all/hackernews/new_sc.csv
2022-11-25 18:20:35.818 UTC [TRACE] steampipe-plugin-csv.plugin: [TRACE] no DefaultRetryConfig defined - creating empty
2022-11-25 18:20:35.818 UTC [TRACE] steampipe-plugin-csv.plugin: [TRACE] no DefaultIgnoreConfig defined - creating empty
2022-11-25 18:20:35.818 UTC [TRACE] steampipe-plugin-csv.plugin: [TRACE] apply plugin defaults for DefaultRetryConfig
2022-11-25 18:20:35.818 UTC [TRACE] steampipe-plugin-csv.plugin: [TRACE] apply plugin defaults for DefaultIgnoreConfig, table &{<nil> <nil>} plugin &{<nil> <nil>}
2022-11-25 18:20:35.818 UTC [TRACE] steampipe-plugin-csv.plugin: [TRACE] DefaultRetryConfig:
2022-11-25 18:20:35.818 UTC [TRACE] steampipe-plugin-csv.plugin: [TRACE] DefaultIgnoreConfig:
2022-11-25 18:20:35.818 UTC [TRACE] steampipe-plugin-csv.plugin: [TRACE] t.List.initialise
2022-11-25 18:20:35.818 UTC [TRACE] steampipe-plugin-csv.plugin: [TRACE] ListConfig.initialise table /home/runner/work/steampipe-samples/steampipe-samples/all/hackernews/new_sc.csv
2022-11-25 18:20:35.818 UTC [TRACE] steampipe-plugin-csv.plugin: [TRACE] ListConfig.initialise complete: RetryConfig: , IgnoreConfig
2022-11-25 18:20:35.818 UTC [TRACE] steampipe-plugin-csv.plugin: [TRACE] back from initialiseHydrateConfigs
2022-11-25 18:20:35.818 UTC [TRACE] steampipe-plugin-csv.plugin: [TRACE] initialise table /home/runner/work/steampipe-samples/steampipe-samples/all/hackernews/new_sc.csv COMPLETE
2022-11-25 18:20:35.818 UTC [TRACE] steampipe-plugin-csv.plugin: [TRACE] initialise table /home/runner/work/steampipe-samples/steampipe-samples/all/hackernews/people.csv
2022-11-25 18:20:35.818 UTC [TRACE] steampipe-plugin-csv.plugin: [TRACE] no DefaultRetryConfig defined - creating empty
2022-11-25 18:20:35.818 UTC [TRACE] steampipe-plugin-csv.plugin: [TRACE] no DefaultIgnoreConfig defined - creating empty
2022-11-25 18:20:35.818 UTC [TRACE] steampipe-plugin-csv.plugin: [TRACE] apply plugin defaults for DefaultRetryConfig
2022-11-25 18:20:35.818 UTC [TRACE] steampipe-plugin-csv.plugin: [TRACE] apply plugin defaults for DefaultIgnoreConfig, table &{<nil> <nil>} plugin &{<nil> <nil>}
2022-11-25 18:20:35.818 UTC [TRACE] steampipe-plugin-csv.plugin: [TRACE] DefaultRetryConfig:
2022-11-25 18:20:35.818 UTC [TRACE] steampipe-plugin-csv.plugin: [TRACE] DefaultIgnoreConfig:
2022-11-25 18:20:35.818 UTC [TRACE] steampipe-plugin-csv.plugin: [TRACE] t.List.initialise
2022-11-25 18:20:35.818 UTC [TRACE] steampipe-plugin-csv.plugin: [TRACE] ListConfig.initialise table /home/runner/work/steampipe-samples/steampipe-samples/all/hackernews/people.csv
2022-11-25 18:20:35.818 UTC [TRACE] steampipe-plugin-csv.plugin: [TRACE] ListConfig.initialise complete: RetryConfig: , IgnoreConfig
2022-11-25 18:20:35.818 UTC [TRACE] steampipe-plugin-csv.plugin: [TRACE] back from initialiseHydrateConfigs
2022-11-25 18:20:35.818 UTC [TRACE] steampipe-plugin-csv.plugin: [TRACE] initialise table /home/runner/work/steampipe-samples/steampipe-samples/all/hackernews/people.csv COMPLETE
2022-11-25 18:20:35.818 UTC [TRACE] steampipe-plugin-csv.plugin: [TRACE] initialise table /home/runner/work/steampipe-samples/steampipe-samples/all/hackernews/hn_items_all.csv
2022-11-25 18:20:35.818 UTC [TRACE] steampipe-plugin-csv.plugin: [TRACE] no DefaultRetryConfig defined - creating empty
2022-11-25 18:20:35.818 UTC [TRACE] steampipe-plugin-csv.plugin: [TRACE] no DefaultIgnoreConfig defined - creating empty
2022-11-25 18:20:35.818 UTC [TRACE] steampipe-plugin-csv.plugin: [TRACE] apply plugin defaults for DefaultRetryConfig
2022-11-25 18:20:35.818 UTC [TRACE] steampipe-plugin-csv.plugin: [TRACE] apply plugin defaults for DefaultIgnoreConfig, table &{<nil> <nil>} plugin &{<nil> <nil>}
2022-11-25 18:20:35.818 UTC [TRACE] steampipe-plugin-csv.plugin: [TRACE] DefaultRetryConfig:
2022-11-25 18:20:35.818 UTC [TRACE] steampipe-plugin-csv.plugin: [TRACE] DefaultIgnoreConfig:
2022-11-25 18:20:35.818 UTC [TRACE] steampipe-plugin-csv.plugin: [TRACE] t.List.initialise
2022-11-25 18:20:35.818 UTC [TRACE] steampipe-plugin-csv.plugin: [TRACE] ListConfig.initialise table /home/runner/work/steampipe-samples/steampipe-samples/all/hackernews/hn_items_all.csv
2022-11-25 18:20:35.818 UTC [TRACE] steampipe-plugin-csv.plugin: [TRACE] ListConfig.initialise complete: RetryConfig: , IgnoreConfig
2022-11-25 18:20:35.818 UTC [TRACE] steampipe-plugin-csv.plugin: [TRACE] back from initialiseHydrateConfigs
2022-11-25 18:20:35.818 UTC [TRACE] steampipe-plugin-csv.plugin: [TRACE] initialise table /home/runner/work/steampipe-samples/steampipe-samples/all/hackernews/hn_items_all.csv COMPLETE
2022-11-25 18:20:35.818 UTC [TRACE] steampipe-plugin-csv.plugin: [TRACE] validate plugin steampipe-plugin-csv, required columns []
2022-11-25 18:20:35.818 UTC [TRACE] steampipe-plugin-csv.plugin: [TRACE] validate DefaultRetryConfig
2022-11-25 18:20:35.818 UTC [TRACE] steampipe-plugin-csv.plugin: [TRACE] validate DefaultIgnoreConfig
2022-11-25 18:20:35.818 UTC [TRACE] steampipe-plugin-csv.plugin: [TRACE] validate table names
2022-11-25 18:20:35.818 UTC [TRACE] steampipe-plugin-csv.plugin: [TRACE] plugin has 0 validation errors
2022-11-25 18:20:35.818 UTC [TRACE] steampipe-plugin-csv.plugin: [TRACE] Plugin ensureCache creating cache, maxCacheStorageMb 0
2022-11-25 18:20:35.818 UTC [TRACE] steampipe-plugin-csv.plugin: [TRACE] createCacheStore for plugin 'steampipe-plugin-csv' setting max size to 0Mb, Shards: 2, max shard size: 0
2022-11-25 18:20:35.830 UTC [INFO]  steampipe-plugin-csv.plugin: [INFO]  query cache created
2022-11-25 18:20:35.830 UTC [DEBUG] steampipe-plugin-csv.plugin: [DEBUG] SetAllConnectionConfigs finished
2022-11-25 18:20:35.831 UTC [TRACE] PluginManager getPlugin complete, returning reattach config with PID: 2046
2022-11-25 18:20:35.831 UTC [TRACE] PluginManager Get returning reattach_map:{key:"csv"  value:{protocol:"grpc"  addr:{Network:"unix"  Address:"/tmp/plugin3491163253"}  pid:2046  supported_operations:{query_cache:true  multiple_connections:true}  connections:"csv"  plugin:"hub.steampipe.io/plugins/turbot/csv@latest"}}
2022-11-25 18:20:35.909 UTC [TRACE] PluginManager Get, connections: '[csv]'
2022-11-25 18:20:35.909 UTC [TRACE] PluginManager getPlugin hub.steampipe.io/plugins/turbot/csv@latest connection 'csv'
2022-11-25 18:20:35.909 UTC [TRACE] connection csv found in connectionPluginMap
2022-11-25 18:20:35.909 UTC [TRACE] initialized: 2046
2022-11-25 18:20:35.909 UTC [TRACE] initialized: 2046
2022-11-25 18:20:35.909 UTC [TRACE] connection csv is loaded, check for running PID
2022-11-25 18:20:35.909 UTC [TRACE] PluginManager found 'csv' in map, pid 2046
2022-11-25 18:20:35.909 UTC [TRACE] PluginManager Get returning reattach_map:{key:"csv"  value:{protocol:"grpc"  addr:{Network:"unix"  Address:"/tmp/plugin3491163253"}  pid:2046  supported_operations:{query_cache:true  multiple_connections:true}  connections:"csv"  plugin:"hub.steampipe.io/plugins/turbot/csv@latest"}}
2022-11-25 18:20:36.055 UTC [TRACE] PluginManager Get, connections: '[hackernews]'
2022-11-25 18:20:36.055 UTC [TRACE] PluginManager getPlugin hub.steampipe.io/plugins/turbot/hackernews@latest connection 'hackernews'
2022-11-25 18:20:36.055 UTC [TRACE] PluginManager 0xc000147900 plugin hub.steampipe.io/plugins/turbot/hackernews@latest (hackernews) NOT started or starting - start now
2022-11-25 18:20:36.055 UTC [TRACE] ************ start plugin hackernews ********************
2022-11-25 18:20:36.055 UTC [TRACE] ************ plugin path /home/runner/.steampipe/plugins/hub.steampipe.io/plugins/turbot/hackernews@latest/steampipe-plugin-hackernews.plugin ********************
2022-11-25 18:20:36.116 UTC [DEBUG] starting plugin: path=/home/runner/.steampipe/plugins/hub.steampipe.io/plugins/turbot/hackernews@latest/steampipe-plugin-hackernews.plugin args=["/home/runner/.steampipe/plugins/hub.steampipe.io/plugins/turbot/hackernews@latest/steampipe-plugin-hackernews.plugin"]
2022-11-25 18:20:36.116 UTC [DEBUG] plugin started: path=/home/runner/.steampipe/plugins/hub.steampipe.io/plugins/turbot/hackernews@latest/steampipe-plugin-hackernews.plugin pid=2069
2022-11-25 18:20:36.116 UTC [DEBUG] waiting for RPC address: path=/home/runner/.steampipe/plugins/hub.steampipe.io/plugins/turbot/hackernews@latest/steampipe-plugin-hackernews.plugin
2022-11-25 18:20:36.126 UTC [INFO]  steampipe-plugin-hackernews.plugin: [INFO]  Initialise plugin 'steampipe-plugin-hackernews', using sdk version 4.1.7
2022-11-25 18:20:36.126 UTC [TRACE] steampipe-plugin-hackernews.plugin: [TRACE] defaulting SchemaMode to SchemaModeStatic
2022-11-25 18:20:36.126 UTC [TRACE] steampipe-plugin-hackernews.plugin: [TRACE] no DefaultRetryConfig defined - creating empty
2022-11-25 18:20:36.126 UTC [TRACE] steampipe-plugin-hackernews.plugin: [TRACE] no DefaultIgnoreConfig defined - creating empty
2022-11-25 18:20:36.126 UTC [TRACE] steampipe-plugin-hackernews.plugin: [TRACE] Setting Ulimit: ulimit=2560
2022-11-25 18:20:36.126 UTC [TRACE] steampipe-plugin-hackernews.plugin: [TRACE] telemetry.Init service 'steampipe-plugin-hackernews', tracingEnabled: false, metricsEnabled: false
2022-11-25 18:20:36.126 UTC [TRACE] steampipe-plugin-hackernews.plugin: [TRACE] metrics and tracing disabled' - returning
2022-11-25 18:20:36.127 UTC [DEBUG] steampipe-plugin-hackernews.plugin: plugin address: address=/tmp/plugin388588825 network=unix timestamp=2022-11-25T18:20:36.127Z
2022-11-25 18:20:36.128 UTC [DEBUG] using plugin: version=0
2022-11-25 18:20:36.128 UTC [TRACE] NewPluginClient for plugin hub.steampipe.io/plugins/turbot/hackernews@latest
2022-11-25 18:20:36.128 UTC [TRACE] stdio: waiting for stdio data
2022-11-25 18:20:36.129 UTC [TRACE] supportedOperations: query_cache:true  multiple_connections:true
2022-11-25 18:20:36.130 UTC [TRACE] steampipe-plugin-hackernews.plugin: [TRACE] SetAllConnectionConfigs setting 1 configs
2022-11-25 18:20:36.130 UTC [TRACE] steampipe-plugin-hackernews.plugin: [TRACE] connection hackernews build schema and table map
2022-11-25 18:20:36.130 UTC [TRACE] steampipe-plugin-hackernews.plugin: [TRACE] initialise table hackernews_top
2022-11-25 18:20:36.130 UTC [TRACE] steampipe-plugin-hackernews.plugin: [TRACE] no DefaultRetryConfig defined - creating empty
2022-11-25 18:20:36.130 UTC [TRACE] steampipe-plugin-hackernews.plugin: [TRACE] no DefaultIgnoreConfig defined - creating empty
2022-11-25 18:20:36.130 UTC [TRACE] steampipe-plugin-hackernews.plugin: [TRACE] apply plugin defaults for DefaultRetryConfig
2022-11-25 18:20:36.130 UTC [TRACE] steampipe-plugin-hackernews.plugin: [TRACE] apply plugin defaults for DefaultIgnoreConfig, table &{<nil> <nil>} plugin &{<nil> <nil>}
2022-11-25 18:20:36.130 UTC [TRACE] steampipe-plugin-hackernews.plugin: [TRACE] DefaultRetryConfig:
2022-11-25 18:20:36.130 UTC [TRACE] steampipe-plugin-hackernews.plugin: [TRACE] DefaultIgnoreConfig:
2022-11-25 18:20:36.130 UTC [TRACE] steampipe-plugin-hackernews.plugin: [TRACE] t.Get.initialise
2022-11-25 18:20:36.130 UTC [TRACE] steampipe-plugin-hackernews.plugin: [TRACE] GetConfig.initialise table hackernews_top
2022-11-25 18:20:36.130 UTC [TRACE] steampipe-plugin-hackernews.plugin: [TRACE] GetConfig.initialise complete: RetryConfig: , IgnoreConfig:
2022-11-25 18:20:36.130 UTC [TRACE] steampipe-plugin-hackernews.plugin: [TRACE] t.List.initialise
2022-11-25 18:20:36.130 UTC [TRACE] steampipe-plugin-hackernews.plugin: [TRACE] ListConfig.initialise table hackernews_top
2022-11-25 18:20:36.130 UTC [TRACE] steampipe-plugin-hackernews.plugin: [TRACE] ListConfig.initialise complete: RetryConfig: , IgnoreConfig
2022-11-25 18:20:36.130 UTC [TRACE] steampipe-plugin-hackernews.plugin: [TRACE] HydrateConfig.initialise func getItem, table hackernews_top
2022-11-25 18:20:36.130 UTC [TRACE] steampipe-plugin-hackernews.plugin: [TRACE] HydrateConfig.initialise complete: RetryConfig: , IgnoreConfig:
2022-11-25 18:20:36.130 UTC [TRACE] steampipe-plugin-hackernews.plugin: [TRACE] back from initialiseHydrateConfigs
2022-11-25 18:20:36.130 UTC [TRACE] steampipe-plugin-hackernews.plugin: [TRACE] initialise table hackernews_top COMPLETE
2022-11-25 18:20:36.130 UTC [TRACE] steampipe-plugin-hackernews.plugin: [TRACE] initialise table hackernews_user
2022-11-25 18:20:36.130 UTC [TRACE] steampipe-plugin-hackernews.plugin: [TRACE] no DefaultRetryConfig defined - creating empty
2022-11-25 18:20:36.130 UTC [TRACE] steampipe-plugin-hackernews.plugin: [TRACE] no DefaultIgnoreConfig defined - creating empty
2022-11-25 18:20:36.130 UTC [TRACE] steampipe-plugin-hackernews.plugin: [TRACE] apply plugin defaults for DefaultRetryConfig
2022-11-25 18:20:36.130 UTC [TRACE] steampipe-plugin-hackernews.plugin: [TRACE] apply plugin defaults for DefaultIgnoreConfig, table &{<nil> <nil>} plugin &{<nil> <nil>}
2022-11-25 18:20:36.130 UTC [TRACE] steampipe-plugin-hackernews.plugin: [TRACE] DefaultRetryConfig:
2022-11-25 18:20:36.130 UTC [TRACE] steampipe-plugin-hackernews.plugin: [TRACE] DefaultIgnoreConfig:
2022-11-25 18:20:36.130 UTC [TRACE] steampipe-plugin-hackernews.plugin: [TRACE] t.List.initialise
2022-11-25 18:20:36.130 UTC [TRACE] steampipe-plugin-hackernews.plugin: [TRACE] ListConfig.initialise table hackernews_user
2022-11-25 18:20:36.130 UTC [TRACE] steampipe-plugin-hackernews.plugin: [TRACE] ListConfig.initialise complete: RetryConfig: , IgnoreConfig
2022-11-25 18:20:36.130 UTC [TRACE] steampipe-plugin-hackernews.plugin: [TRACE] back from initialiseHydrateConfigs
2022-11-25 18:20:36.130 UTC [TRACE] steampipe-plugin-hackernews.plugin: [TRACE] initialise table hackernews_user COMPLETE
2022-11-25 18:20:36.130 UTC [TRACE] steampipe-plugin-hackernews.plugin: [TRACE] initialise table hackernews_ask_hn
2022-11-25 18:20:36.130 UTC [TRACE] steampipe-plugin-hackernews.plugin: [TRACE] no DefaultRetryConfig defined - creating empty
2022-11-25 18:20:36.130 UTC [TRACE] steampipe-plugin-hackernews.plugin: [TRACE] no DefaultIgnoreConfig defined - creating empty
2022-11-25 18:20:36.130 UTC [TRACE] steampipe-plugin-hackernews.plugin: [TRACE] apply plugin defaults for DefaultRetryConfig
2022-11-25 18:20:36.130 UTC [TRACE] steampipe-plugin-hackernews.plugin: [TRACE] apply plugin defaults for DefaultIgnoreConfig, table &{<nil> <nil>} plugin &{<nil> <nil>}
2022-11-25 18:20:36.130 UTC [TRACE] steampipe-plugin-hackernews.plugin: [TRACE] DefaultRetryConfig:
2022-11-25 18:20:36.130 UTC [TRACE] steampipe-plugin-hackernews.plugin: [TRACE] DefaultIgnoreConfig:
2022-11-25 18:20:36.130 UTC [TRACE] steampipe-plugin-hackernews.plugin: [TRACE] t.Get.initialise
2022-11-25 18:20:36.130 UTC [TRACE] steampipe-plugin-hackernews.plugin: [TRACE] GetConfig.initialise table hackernews_ask_hn
2022-11-25 18:20:36.130 UTC [TRACE] steampipe-plugin-hackernews.plugin: [TRACE] GetConfig.initialise complete: RetryConfig: , IgnoreConfig:
2022-11-25 18:20:36.130 UTC [TRACE] steampipe-plugin-hackernews.plugin: [TRACE] t.List.initialise
2022-11-25 18:20:36.130 UTC [TRACE] steampipe-plugin-hackernews.plugin: [TRACE] ListConfig.initialise table hackernews_ask_hn
2022-11-25 18:20:36.130 UTC [TRACE] steampipe-plugin-hackernews.plugin: [TRACE] ListConfig.initialise complete: RetryConfig: , IgnoreConfig
2022-11-25 18:20:36.130 UTC [TRACE] steampipe-plugin-hackernews.plugin: [TRACE] HydrateConfig.initialise func getItem, table hackernews_ask_hn
2022-11-25 18:20:36.130 UTC [TRACE] steampipe-plugin-hackernews.plugin: [TRACE] HydrateConfig.initialise complete: RetryConfig: , IgnoreConfig:
2022-11-25 18:20:36.130 UTC [TRACE] steampipe-plugin-hackernews.plugin: [TRACE] back from initialiseHydrateConfigs
2022-11-25 18:20:36.130 UTC [TRACE] steampipe-plugin-hackernews.plugin: [TRACE] initialise table hackernews_ask_hn COMPLETE
2022-11-25 18:20:36.130 UTC [TRACE] steampipe-plugin-hackernews.plugin: [TRACE] initialise table hackernews_best
2022-11-25 18:20:36.130 UTC [TRACE] steampipe-plugin-hackernews.plugin: [TRACE] no DefaultRetryConfig defined - creating empty
2022-11-25 18:20:36.130 UTC [TRACE] steampipe-plugin-hackernews.plugin: [TRACE] no DefaultIgnoreConfig defined - creating empty
2022-11-25 18:20:36.130 UTC [TRACE] steampipe-plugin-hackernews.plugin: [TRACE] apply plugin defaults for DefaultRetryConfig
2022-11-25 18:20:36.130 UTC [TRACE] steampipe-plugin-hackernews.plugin: [TRACE] apply plugin defaults for DefaultIgnoreConfig, table &{<nil> <nil>} plugin &{<nil> <nil>}
2022-11-25 18:20:36.130 UTC [TRACE] steampipe-plugin-hackernews.plugin: [TRACE] DefaultRetryConfig:
2022-11-25 18:20:36.130 UTC [TRACE] steampipe-plugin-hackernews.plugin: [TRACE] DefaultIgnoreConfig:
2022-11-25 18:20:36.130 UTC [TRACE] steampipe-plugin-hackernews.plugin: [TRACE] t.Get.initialise
2022-11-25 18:20:36.130 UTC [TRACE] steampipe-plugin-hackernews.plugin: [TRACE] GetConfig.initialise table hackernews_best
2022-11-25 18:20:36.130 UTC [TRACE] steampipe-plugin-hackernews.plugin: [TRACE] GetConfig.initialise complete: RetryConfig: , IgnoreConfig:
2022-11-25 18:20:36.130 UTC [TRACE] steampipe-plugin-hackernews.plugin: [TRACE] t.List.initialise
2022-11-25 18:20:36.130 UTC [TRACE] steampipe-plugin-hackernews.plugin: [TRACE] ListConfig.initialise table hackernews_best
2022-11-25 18:20:36.130 UTC [TRACE] steampipe-plugin-hackernews.plugin: [TRACE] ListConfig.initialise complete: RetryConfig: , IgnoreConfig
2022-11-25 18:20:36.130 UTC [TRACE] steampipe-plugin-hackernews.plugin: [TRACE] HydrateConfig.initialise func getItem, table hackernews_best
2022-11-25 18:20:36.130 UTC [TRACE] steampipe-plugin-hackernews.plugin: [TRACE] HydrateConfig.initialise complete: RetryConfig: , IgnoreConfig:
2022-11-25 18:20:36.130 UTC [TRACE] steampipe-plugin-hackernews.plugin: [TRACE] back from initialiseHydrateConfigs
2022-11-25 18:20:36.130 UTC [TRACE] steampipe-plugin-hackernews.plugin: [TRACE] initialise table hackernews_best COMPLETE
2022-11-25 18:20:36.130 UTC [TRACE] steampipe-plugin-hackernews.plugin: [TRACE] initialise table hackernews_item
2022-11-25 18:20:36.130 UTC [TRACE] steampipe-plugin-hackernews.plugin: [TRACE] no DefaultRetryConfig defined - creating empty
2022-11-25 18:20:36.130 UTC [TRACE] steampipe-plugin-hackernews.plugin: [TRACE] no DefaultIgnoreConfig defined - creating empty
2022-11-25 18:20:36.130 UTC [TRACE] steampipe-plugin-hackernews.plugin: [TRACE] apply plugin defaults for DefaultRetryConfig
2022-11-25 18:20:36.130 UTC [TRACE] steampipe-plugin-hackernews.plugin: [TRACE] apply plugin defaults for DefaultIgnoreConfig, table &{<nil> <nil>} plugin &{<nil> <nil>}
2022-11-25 18:20:36.130 UTC [TRACE] steampipe-plugin-hackernews.plugin: [TRACE] DefaultRetryConfig:
2022-11-25 18:20:36.130 UTC [TRACE] steampipe-plugin-hackernews.plugin: [TRACE] DefaultIgnoreConfig:
2022-11-25 18:20:36.130 UTC [TRACE] steampipe-plugin-hackernews.plugin: [TRACE] t.Get.initialise
2022-11-25 18:20:36.130 UTC [TRACE] steampipe-plugin-hackernews.plugin: [TRACE] GetConfig.initialise table hackernews_item
2022-11-25 18:20:36.130 UTC [TRACE] steampipe-plugin-hackernews.plugin: [TRACE] GetConfig.initialise complete: RetryConfig: , IgnoreConfig:
2022-11-25 18:20:36.130 UTC [TRACE] steampipe-plugin-hackernews.plugin: [TRACE] t.List.initialise
2022-11-25 18:20:36.130 UTC [TRACE] steampipe-plugin-hackernews.plugin: [TRACE] ListConfig.initialise table hackernews_item
2022-11-25 18:20:36.130 UTC [TRACE] steampipe-plugin-hackernews.plugin: [TRACE] ListConfig.initialise complete: RetryConfig: , IgnoreConfig
2022-11-25 18:20:36.130 UTC [TRACE] steampipe-plugin-hackernews.plugin: [TRACE] HydrateConfig.initialise func getItem, table hackernews_item
2022-11-25 18:20:36.130 UTC [TRACE] steampipe-plugin-hackernews.plugin: [TRACE] HydrateConfig.initialise complete: RetryConfig: , IgnoreConfig:
2022-11-25 18:20:36.130 UTC [TRACE] steampipe-plugin-hackernews.plugin: [TRACE] back from initialiseHydrateConfigs
2022-11-25 18:20:36.130 UTC [TRACE] steampipe-plugin-hackernews.plugin: [TRACE] initialise table hackernews_item COMPLETE
2022-11-25 18:20:36.130 UTC [TRACE] steampipe-plugin-hackernews.plugin: [TRACE] initialise table hackernews_job
2022-11-25 18:20:36.130 UTC [TRACE] steampipe-plugin-hackernews.plugin: [TRACE] no DefaultRetryConfig defined - creating empty
2022-11-25 18:20:36.130 UTC [TRACE] steampipe-plugin-hackernews.plugin: [TRACE] no DefaultIgnoreConfig defined - creating empty
2022-11-25 18:20:36.130 UTC [TRACE] steampipe-plugin-hackernews.plugin: [TRACE] apply plugin defaults for DefaultRetryConfig
2022-11-25 18:20:36.130 UTC [TRACE] steampipe-plugin-hackernews.plugin: [TRACE] apply plugin defaults for DefaultIgnoreConfig, table &{<nil> <nil>} plugin &{<nil> <nil>}
2022-11-25 18:20:36.130 UTC [TRACE] steampipe-plugin-hackernews.plugin: [TRACE] DefaultRetryConfig:
2022-11-25 18:20:36.130 UTC [TRACE] steampipe-plugin-hackernews.plugin: [TRACE] DefaultIgnoreConfig:
2022-11-25 18:20:36.130 UTC [TRACE] steampipe-plugin-hackernews.plugin: [TRACE] t.Get.initialise
2022-11-25 18:20:36.130 UTC [TRACE] steampipe-plugin-hackernews.plugin: [TRACE] GetConfig.initialise table hackernews_job
2022-11-25 18:20:36.130 UTC [TRACE] steampipe-plugin-hackernews.plugin: [TRACE] GetConfig.initialise complete: RetryConfig: , IgnoreConfig:
2022-11-25 18:20:36.130 UTC [TRACE] steampipe-plugin-hackernews.plugin: [TRACE] t.List.initialise
2022-11-25 18:20:36.130 UTC [TRACE] steampipe-plugin-hackernews.plugin: [TRACE] ListConfig.initialise table hackernews_job
2022-11-25 18:20:36.130 UTC [TRACE] steampipe-plugin-hackernews.plugin: [TRACE] ListConfig.initialise complete: RetryConfig: , IgnoreConfig
2022-11-25 18:20:36.130 UTC [TRACE] steampipe-plugin-hackernews.plugin: [TRACE] HydrateConfig.initialise func getItem, table hackernews_job
2022-11-25 18:20:36.130 UTC [TRACE] steampipe-plugin-hackernews.plugin: [TRACE] HydrateConfig.initialise complete: RetryConfig: , IgnoreConfig:
2022-11-25 18:20:36.130 UTC [TRACE] steampipe-plugin-hackernews.plugin: [TRACE] back from initialiseHydrateConfigs
2022-11-25 18:20:36.130 UTC [TRACE] steampipe-plugin-hackernews.plugin: [TRACE] initialise table hackernews_job COMPLETE
2022-11-25 18:20:36.130 UTC [TRACE] steampipe-plugin-hackernews.plugin: [TRACE] initialise table hackernews_new
2022-11-25 18:20:36.130 UTC [TRACE] steampipe-plugin-hackernews.plugin: [TRACE] no DefaultRetryConfig defined - creating empty
2022-11-25 18:20:36.130 UTC [TRACE] steampipe-plugin-hackernews.plugin: [TRACE] no DefaultIgnoreConfig defined - creating empty
2022-11-25 18:20:36.130 UTC [TRACE] steampipe-plugin-hackernews.plugin: [TRACE] apply plugin defaults for DefaultRetryConfig
2022-11-25 18:20:36.130 UTC [TRACE] steampipe-plugin-hackernews.plugin: [TRACE] apply plugin defaults for DefaultIgnoreConfig, table &{<nil> <nil>} plugin &{<nil> <nil>}
2022-11-25 18:20:36.130 UTC [TRACE] steampipe-plugin-hackernews.plugin: [TRACE] DefaultRetryConfig:
2022-11-25 18:20:36.130 UTC [TRACE] steampipe-plugin-hackernews.plugin: [TRACE] DefaultIgnoreConfig:
2022-11-25 18:20:36.130 UTC [TRACE] steampipe-plugin-hackernews.plugin: [TRACE] t.Get.initialise
2022-11-25 18:20:36.130 UTC [TRACE] steampipe-plugin-hackernews.plugin: [TRACE] GetConfig.initialise table hackernews_new
2022-11-25 18:20:36.130 UTC [TRACE] steampipe-plugin-hackernews.plugin: [TRACE] GetConfig.initialise complete: RetryConfig: , IgnoreConfig:
2022-11-25 18:20:36.130 UTC [TRACE] steampipe-plugin-hackernews.plugin: [TRACE] t.List.initialise
2022-11-25 18:20:36.130 UTC [TRACE] steampipe-plugin-hackernews.plugin: [TRACE] ListConfig.initialise table hackernews_new
2022-11-25 18:20:36.130 UTC [TRACE] steampipe-plugin-hackernews.plugin: [TRACE] ListConfig.initialise complete: RetryConfig: , IgnoreConfig
2022-11-25 18:20:36.130 UTC [TRACE] steampipe-plugin-hackernews.plugin: [TRACE] HydrateConfig.initialise func getItem, table hackernews_new
2022-11-25 18:20:36.130 UTC [TRACE] steampipe-plugin-hackernews.plugin: [TRACE] HydrateConfig.initialise complete: RetryConfig: , IgnoreConfig:
2022-11-25 18:20:36.130 UTC [TRACE] steampipe-plugin-hackernews.plugin: [TRACE] back from initialiseHydrateConfigs
2022-11-25 18:20:36.130 UTC [TRACE] steampipe-plugin-hackernews.plugin: [TRACE] initialise table hackernews_new COMPLETE
2022-11-25 18:20:36.130 UTC [TRACE] steampipe-plugin-hackernews.plugin: [TRACE] initialise table hackernews_show_hn
2022-11-25 18:20:36.130 UTC [TRACE] steampipe-plugin-hackernews.plugin: [TRACE] no DefaultRetryConfig defined - creating empty
2022-11-25 18:20:36.130 UTC [TRACE] steampipe-plugin-hackernews.plugin: [TRACE] no DefaultIgnoreConfig defined - creating empty
2022-11-25 18:20:36.130 UTC [TRACE] steampipe-plugin-hackernews.plugin: [TRACE] apply plugin defaults for DefaultRetryConfig
2022-11-25 18:20:36.130 UTC [TRACE] steampipe-plugin-hackernews.plugin: [TRACE] apply plugin defaults for DefaultIgnoreConfig, table &{<nil> <nil>} plugin &{<nil> <nil>}
2022-11-25 18:20:36.130 UTC [TRACE] steampipe-plugin-hackernews.plugin: [TRACE] DefaultRetryConfig:
2022-11-25 18:20:36.130 UTC [TRACE] steampipe-plugin-hackernews.plugin: [TRACE] DefaultIgnoreConfig:
2022-11-25 18:20:36.130 UTC [TRACE] steampipe-plugin-hackernews.plugin: [TRACE] t.Get.initialise
2022-11-25 18:20:36.130 UTC [TRACE] steampipe-plugin-hackernews.plugin: [TRACE] GetConfig.initialise table hackernews_show_hn
2022-11-25 18:20:36.130 UTC [TRACE] steampipe-plugin-hackernews.plugin: [TRACE] GetConfig.initialise complete: RetryConfig: , IgnoreConfig:
2022-11-25 18:20:36.130 UTC [TRACE] steampipe-plugin-hackernews.plugin: [TRACE] t.List.initialise
2022-11-25 18:20:36.130 UTC [TRACE] steampipe-plugin-hackernews.plugin: [TRACE] ListConfig.initialise table hackernews_show_hn
2022-11-25 18:20:36.130 UTC [TRACE] steampipe-plugin-hackernews.plugin: [TRACE] ListConfig.initialise complete: RetryConfig: , IgnoreConfig
2022-11-25 18:20:36.130 UTC [TRACE] steampipe-plugin-hackernews.plugin: [TRACE] HydrateConfig.initialise func getItem, table hackernews_show_hn
2022-11-25 18:20:36.130 UTC [TRACE] steampipe-plugin-hackernews.plugin: [TRACE] HydrateConfig.initialise complete: RetryConfig: , IgnoreConfig:
2022-11-25 18:20:36.130 UTC [TRACE] steampipe-plugin-hackernews.plugin: [TRACE] back from initialiseHydrateConfigs
2022-11-25 18:20:36.130 UTC [TRACE] steampipe-plugin-hackernews.plugin: [TRACE] initialise table hackernews_show_hn COMPLETE
2022-11-25 18:20:36.130 UTC [TRACE] steampipe-plugin-hackernews.plugin: [TRACE] validate plugin steampipe-plugin-hackernews, required columns []
2022-11-25 18:20:36.130 UTC [TRACE] steampipe-plugin-hackernews.plugin: [TRACE] validate DefaultRetryConfig
2022-11-25 18:20:36.130 UTC [TRACE] steampipe-plugin-hackernews.plugin: [TRACE] validate DefaultIgnoreConfig
2022-11-25 18:20:36.130 UTC [TRACE] steampipe-plugin-hackernews.plugin: [TRACE] validate table names
2022-11-25 18:20:36.130 UTC [TRACE] steampipe-plugin-hackernews.plugin: [TRACE] plugin has 0 validation errors
2022-11-25 18:20:36.130 UTC [TRACE] steampipe-plugin-hackernews.plugin: [TRACE] Plugin ensureCache creating cache, maxCacheStorageMb 0
2022-11-25 18:20:36.130 UTC [TRACE] steampipe-plugin-hackernews.plugin: [TRACE] createCacheStore for plugin 'steampipe-plugin-hackernews' setting max size to 0Mb, Shards: 2, max shard size: 0
2022-11-25 18:20:36.143 UTC [INFO]  steampipe-plugin-hackernews.plugin: [INFO]  query cache created
2022-11-25 18:20:36.143 UTC [DEBUG] steampipe-plugin-hackernews.plugin: [DEBUG] SetAllConnectionConfigs finished
2022-11-25 18:20:36.143 UTC [TRACE] PluginManager getPlugin complete, returning reattach config with PID: 2069
2022-11-25 18:20:36.143 UTC [TRACE] PluginManager Get returning reattach_map:{key:"hackernews"  value:{protocol:"grpc"  addr:{Network:"unix"  Address:"/tmp/plugin388588825"}  pid:2069  supported_operations:{query_cache:true  multiple_connections:true}  connections:"hackernews"  plugin:"hub.steampipe.io/plugins/turbot/hackernews@latest"}}
2022-11-25 18:20:36.148 UTC [INFO]  steampipe-plugin-hackernews.plugin: [INFO]  1669400436833: Plugin Execute (1669400436833)
2022-11-25 18:20:36.148 UTC [TRACE] steampipe-plugin-hackernews.plugin: [TRACE] 1669400436833: No memory limit set
2022-11-25 18:20:36.148 UTC [INFO]  steampipe-plugin-hackernews.plugin: [INFO]  1669400436833: Plugin Execute, setting memory limit to -1Mb
2022-11-25 18:20:36.148 UTC [TRACE] steampipe-plugin-hackernews.plugin: [TRACE] 1669400436833: calling ExtractContextFromCarrier
2022-11-25 18:20:36.148 UTC [INFO]  steampipe-plugin-hackernews.plugin: [INFO]  1669400436833: Setting max concurrent connections to 25
2022-11-25 18:20:36.148 UTC [TRACE] steampipe-plugin-hackernews.plugin: [TRACE] 1669400436833: executeForConnection callId: 1669400436833, connectionCallId: hackernews-1669400436833, connection: hackernews table: hackernews_new cols: id,title,time,by,score,dead,deleted,descendants,kids,parent,parts,poll,text,type,url,_ctx
2022-11-25 18:20:36.148 UTC [TRACE] steampipe-plugin-hackernews.plugin: [TRACE] 1669400436833: got connection data
2022-11-25 18:20:36.148 UTC [TRACE] steampipe-plugin-hackernews.plugin: [TRACE] 1669400436833: Got query context, table: hackernews_new, cols: [id title time by score dead deleted descendants kids parent parts poll text type url _ctx]
2022-11-25 18:20:36.148 UTC [TRACE] steampipe-plugin-hackernews.plugin: [TRACE] 1669400436833: Start execute span
2022-11-25 18:20:36.148 UTC [INFO]  steampipe-plugin-hackernews.plugin: [INFO]  1669400436833: Setting free memory interval to 100 rows
2022-11-25 18:20:36.148 UTC [TRACE] steampipe-plugin-hackernews.plugin: [TRACE] 1669400436833: setFetchType map[time:quals:{fieldName:"time"  string_value:">"  value:{timestamp_value:{seconds:1669396836  nanos:39159000}}}]
2022-11-25 18:20:36.149 UTC [TRACE] steampipe-plugin-hackernews.plugin: [TRACE] 1669400436833: getMatchingQuals column:'id' operator: =
2022-11-25 18:20:36.149 UTC [TRACE] steampipe-plugin-hackernews.plugin: [TRACE] 1669400436833: getMatchingQuals returning false - qualMap does not contain any quals for column id
2022-11-25 18:20:36.150 UTC [TRACE] steampipe-plugin-hackernews.plugin: [TRACE] 1669400436833: GetUnsatisfiedKeyColumns for columns column:'id' operator: =
2022-11-25 18:20:36.150 UTC [TRACE] steampipe-plugin-hackernews.plugin: [TRACE] 1669400436833: key column NOT satisfied column:'id' operator: =
2022-11-25 18:20:36.150 UTC [TRACE] steampipe-plugin-hackernews.plugin: [TRACE] 1669400436833: satisfied: map[any_of: optional: required:]
2022-11-25 18:20:36.151 UTC [TRACE] steampipe-plugin-hackernews.plugin: [TRACE] 1669400436833: unsatisfied: map[any_of: optional: required:column:'id' operator: =]
2022-11-25 18:20:36.151 UTC [TRACE] steampipe-plugin-hackernews.plugin: [TRACE] 1669400436833: unsatisfied required KeyColumns: column:'id' operator: =
2022-11-25 18:20:36.151 UTC [TRACE] steampipe-plugin-hackernews.plugin: [TRACE] 1669400436833: Set fetchType to fetchTypeList
2022-11-25 18:20:36.151 UTC [TRACE] steampipe-plugin-hackernews.plugin: [TRACE] 1669400436833: Equals key column quals:
2022-11-25 18:20:36.151 UTC [DEBUG] steampipe-plugin-hackernews.plugin: {}
2022-11-25 18:20:36.152 UTC [TRACE] steampipe-plugin-hackernews.plugin: [TRACE] 1669400436833: All key column quals:
2022-11-25 18:20:36.152 UTC [DEBUG] steampipe-plugin-hackernews.plugin: {}
2022-11-25 18:20:36.152 UTC [TRACE] steampipe-plugin-hackernews.plugin: [TRACE] 1669400436833: GetMatrixItem
2022-11-25 18:20:36.152 UTC [TRACE] steampipe-plugin-hackernews.plugin: [TRACE] 1669400436833: creating query data
2022-11-25 18:20:36.152 UTC [INFO]  steampipe-plugin-hackernews.plugin: [INFO]  1669400436833: cacheEnabled, trying cache get (hackernews-1669400436833)
2022-11-25 18:20:36.152 UTC [TRACE] steampipe-plugin-hackernews.plugin: [TRACE] 1669400436833: QueryCache Get - indexBucketKey index__hackernewshackernews_new, quals
2022-11-25 18:20:36.152 UTC [TRACE] steampipe-plugin-hackernews.plugin: [TRACE] 1669400436833: QueryCache getCachedQueryResult - table hackernews_new, connectionName hackernews
2022-11-25 18:20:36.152 UTC [TRACE] steampipe-plugin-hackernews.plugin: [TRACE] 1669400436833: index bucket key: index__hackernewshackernews_new ttlSeconds 300 limit: -1
2022-11-25 18:20:36.152 UTC [TRACE] steampipe-plugin-hackernews.plugin: [TRACE] 1669400436833: doGet cache miss
2022-11-25 18:20:36.152 UTC [TRACE] steampipe-plugin-hackernews.plugin: [TRACE] 1669400436833: getCachedIndexBucket - no item retrieved for cache key index__hackernewshackernews_new
2022-11-25 18:20:36.152 UTC [TRACE] steampipe-plugin-hackernews.plugin: [TRACE] 1669400436833: getCachedQueryResult returned CACHE MISS - checking for pending transfers
2022-11-25 18:20:36.152 UTC [TRACE] steampipe-plugin-hackernews.plugin: [TRACE] 1669400436833: getPendingResultItem indexBucketKey index__hackernewshackernews_new, columns [id title time by score dead deleted descendants kids parent parts poll text type url _ctx], limit -1
2022-11-25 18:20:36.152 UTC [TRACE] steampipe-plugin-hackernews.plugin: [TRACE] 1669400436833: no pending index item - add pending result, indexBucketKey index__hackernewshackernews_new
2022-11-25 18:20:36.152 UTC [TRACE] steampipe-plugin-hackernews.plugin: [TRACE] 1669400436833: addPendingResult (hackernews-1669400436833) indexBucketKey index__hackernewshackernews_new, columns [id title time by score dead deleted descendants kids parent parts poll text type url _ctx], limit -1
2022-11-25 18:20:36.152 UTC [TRACE] steampipe-plugin-hackernews.plugin: [TRACE] 1669400436833: no index bucket found - creating one
2022-11-25 18:20:36.152 UTC [TRACE] steampipe-plugin-hackernews.plugin: [TRACE] 1669400436833: pendingIndexItem Lock count before 0
2022-11-25 18:20:36.152 UTC [TRACE] steampipe-plugin-hackernews.plugin: [TRACE] 1669400436833: addPendingResult added pending index item to bucket, (hackernews-1669400436833) indexBucketKey index__hackernewshackernews_new, resultKeyRoot hackernewshackernews_newid,title,time,by,score,dead,deleted,descendants,kids,parent,parts,poll,text,type,url,_ctx-1, pending item : 0xc0003f8f00
2022-11-25 18:20:36.152 UTC [TRACE] steampipe-plugin-hackernews.plugin: [TRACE] 1669400436833: **** pending items (hackernews-1669400436833)****
2022-11-25 18:20:36.152 UTC [TRACE] steampipe-plugin-hackernews.plugin: [TRACE] 1669400436833: key: index__hackernewshackernews_new: item: 0xc0003f8f00, count: 1, key:hackernewshackernews_newid,title,time,by,score,dead,deleted,descendants,kids,parent,parts,poll,text,type,url,_ctx-1
2022-11-25 18:20:36.152 UTC [TRACE] steampipe-plugin-hackernews.plugin: [TRACE] 1669400436833: ********
2022-11-25 18:20:36.152 UTC [TRACE] steampipe-plugin-hackernews.plugin: [TRACE] 1669400436833: getPendingResultItem returning <nil>
2022-11-25 18:20:36.152 UTC [INFO]  steampipe-plugin-hackernews.plugin: [INFO]  1669400436833: CACHE MISS
2022-11-25 18:20:36.152 UTC [TRACE] steampipe-plugin-hackernews.plugin: [TRACE] 1669400436833: cache MISS
2022-11-25 18:20:36.152 UTC [INFO]  steampipe-plugin-hackernews.plugin: [INFO]  1669400436833: queryCacheGet returned CACHE MISS (hackernews-1669400436833)
2022-11-25 18:20:36.152 UTC [TRACE] steampipe-plugin-hackernews.plugin: [TRACE] 1669400436833: StartSet (hackernews-1669400436833)
2022-11-25 18:20:36.152 UTC [TRACE] steampipe-plugin-hackernews.plugin: [TRACE] 1669400436833: calling fetchItems, table: hackernews_new, matrixItem: [], limit: -1,  connectionCallId: hackernews-1669400436833"
2022-11-25 18:20:36.153 UTC [TRACE] steampipe-plugin-hackernews.plugin: [TRACE] 1669400436833: executeListCall START (hackernews-1669400436833)
2022-11-25 18:20:36.153 UTC [TRACE] steampipe-plugin-hackernews.plugin: [TRACE] 1669400436833: GetUnsatisfiedKeyColumns for columns
2022-11-25 18:20:36.153 UTC [TRACE] steampipe-plugin-hackernews.plugin: [TRACE] 1669400436833: doList (hackernews-1669400436833)
2022-11-25 18:20:36.153 UTC [TRACE] steampipe-plugin-hackernews.plugin: [TRACE] 1669400436833: doList: no matrix item
2022-11-25 18:20:36.153 UTC [TRACE] steampipe-plugin-hackernews.plugin: [TRACE] 1669400436833: buildRowsAsync connectionCallId: hackernews-1669400436833
2022-11-25 18:20:36.153 UTC [TRACE] steampipe-plugin-hackernews.plugin: [TRACE] 1669400436833: streamRows connectionCallId: hackernews-1669400436833
2022-11-25 18:20:36.153 UTC [TRACE] steampipe-plugin-hackernews.plugin: [TRACE] 1669400436833: QueryData streamRows (hackernews-1669400436833)
2022-11-25 18:20:36.318 UTC [TRACE] steampipe-plugin-hackernews.plugin: [TRACE] 1669400436833: QueryData.fetchComplete
2022-11-25 18:20:36.318 UTC [TRACE] steampipe-plugin-hackernews.plugin: [TRACE] 1669400436833: executeListCall COMPLETE (hackernews-1669400436833)
2022-11-25 18:20:36.318 UTC [TRACE] steampipe-plugin-hackernews.plugin: [TRACE] 1669400436833: rowData chan returned nil - wait for rows to complete (hackernews-1669400436833)
2022-11-25 18:20:36.385 UTC [TRACE] stdio: received data: channel=STDOUT len=478
2022-11-25 18:20:36.385 UTC [TRACE] stdio: waiting for stdio data
2022-11-25 18:20:36.483 UTC [TRACE] stdio: received data: channel=STDOUT len=728
2022-11-25 18:20:36.483 UTC [TRACE] stdio: waiting for stdio data
2022-11-25 18:20:36.502 UTC [TRACE] stdio: received data: channel=STDOUT len=1024
2022-11-25 18:20:36.502 UTC [TRACE] stdio: waiting for stdio data
2022-11-25 18:20:36.502 UTC [TRACE] stdio: received data: channel=STDOUT len=93
2022-11-25 18:20:36.502 UTC [TRACE] stdio: waiting for stdio data
2022-11-25 18:20:36.525 UTC [TRACE] stdio: received data: channel=STDOUT len=1024
2022-11-25 18:20:36.525 UTC [TRACE] stdio: waiting for stdio data
2022-11-25 18:20:36.569 UTC [TRACE] stdio: received data: channel=STDOUT len=586
2022-11-25 18:20:36.570 UTC [TRACE] stdio: waiting for stdio data
2022-11-25 18:20:36.671 UTC [TRACE] steampipe-plugin-hackernews.plugin: [TRACE] 1669400436833: buildRowsAsync goroutine returning (hackernews-1669400436833)
2022-11-25 18:20:36.671 UTC [TRACE] steampipe-plugin-hackernews.plugin: [TRACE] 1669400436833: streamRows - nil row, stop streaming (hackernews-1669400436833)
2022-11-25 18:20:36.671 UTC [TRACE] steampipe-plugin-hackernews.plugin: [TRACE] 1669400436833: ------------------------------------
2022-11-25 18:20:36.671 UTC [TRACE] steampipe-plugin-hackernews.plugin: [TRACE] 1669400436833: Concurrency Summary
2022-11-25 18:20:36.671 UTC [TRACE] steampipe-plugin-hackernews.plugin: [TRACE] 1669400436833: ------------------------------------
2022-11-25 18:20:36.671 UTC [TRACE] steampipe-plugin-hackernews.plugin: [TRACE] 1669400436833: getItem                       : 200
2022-11-25 18:20:36.671 UTC [TRACE] steampipe-plugin-hackernews.plugin: [TRACE] 1669400436833: ------------------------------------
2022-11-25 18:20:36.671 UTC [TRACE] steampipe-plugin-hackernews.plugin: [TRACE] 1669400436833: Total                         : 200
2022-11-25 18:20:36.671 UTC [TRACE] steampipe-plugin-hackernews.plugin: [TRACE] 1669400436833: ------------------------------------
2022-11-25 18:20:36.671 UTC [TRACE] steampipe-plugin-hackernews.plugin: [TRACE] 1669400436833: QueryData streamRows DONE (hackernews-1669400436833)
2022-11-25 18:20:36.671 UTC [TRACE] steampipe-plugin-hackernews.plugin: [TRACE] 1669400436833: EndSet (hackernews-1669400436833) table hackernews_new
2022-11-25 18:20:36.671 UTC [TRACE] steampipe-plugin-hackernews.plugin: [TRACE] 1669400436833: QueryCache writePageToCache: 500 rows, pageCount 1, page key hackernewshackernews_newid,title,time,by,score,dead,deleted,descendants,kids,parent,parts,poll,text,type,url,_ctx-1-0
2022-11-25 18:20:36.678 UTC [TRACE] steampipe-plugin-hackernews.plugin: [TRACE] 1669400436833: writePageToCache Set - result written
2022-11-25 18:20:36.678 UTC [TRACE] steampipe-plugin-hackernews.plugin: [TRACE] 1669400436833: QueryCache EndSet - result written
2022-11-25 18:20:36.678 UTC [TRACE] steampipe-plugin-hackernews.plugin: [TRACE] 1669400436833: doGet cache miss
2022-11-25 18:20:36.678 UTC [TRACE] steampipe-plugin-hackernews.plugin: [TRACE] 1669400436833: getCachedIndexBucket - no item retrieved for cache key index__hackernewshackernews_new
2022-11-25 18:20:36.678 UTC [TRACE] steampipe-plugin-hackernews.plugin: [TRACE] 1669400436833: getCachedIndexBucket returned cache miss
2022-11-25 18:20:36.678 UTC [TRACE] steampipe-plugin-hackernews.plugin: [TRACE] 1669400436833: QueryCache EndSet - Added index item (0xc01afff500) to bucket (0xc01ae48978), page count 1,  key root hackernewshackernews_newid,title,time,by,score,dead,deleted,descendants,kids,parent,parts,poll,text,type,url,_ctx-1
2022-11-25 18:20:36.678 UTC [TRACE] steampipe-plugin-hackernews.plugin: [TRACE] 1669400436833: cacheSetIndexBucket index__hackernewshackernews_new
2022-11-25 18:20:36.678 UTC [TRACE] steampipe-plugin-hackernews.plugin: [TRACE] 1669400436833: QueryCache EndSet - IndexBucket written
2022-11-25 18:20:36.678 UTC [TRACE] steampipe-plugin-hackernews.plugin: [TRACE] 1669400436833: EndSet DEFER (hackernews-1669400436833) table hackernews_new
2022-11-25 18:20:36.678 UTC [TRACE] steampipe-plugin-hackernews.plugin: [TRACE] 1669400436833: calling pendingItemComplete (hackernews-1669400436833)
2022-11-25 18:20:36.678 UTC [TRACE] steampipe-plugin-hackernews.plugin: [TRACE] 1669400436833: pendingItemComplete (hackernews-1669400436833) indexBucketKey index__hackernewshackernews_new, columns [id title time by score dead deleted descendants kids parent parts poll text type url _ctx], limit -1
2022-11-25 18:20:36.678 UTC [TRACE] steampipe-plugin-hackernews.plugin: [TRACE] 1669400436833: got pending index bucket, (hackernews-1669400436833) len 1
2022-11-25 18:20:36.678 UTC [TRACE] steampipe-plugin-hackernews.plugin: [TRACE] 1669400436833: SatisfiesLimit limit -1, no item limit - satisfied
2022-11-25 18:20:36.678 UTC [TRACE] steampipe-plugin-hackernews.plugin: [TRACE] 1669400436833: found pending index item to satisfy columns id,title,time,by,score,dead,deleted,descendants,kids,parent,parts,poll,text,type,url,_ctx, limit -1
2022-11-25 18:20:36.678 UTC [TRACE] steampipe-plugin-hackernews.plugin: [TRACE] 1669400436833: found completed pending item (hackernews-1669400436833) 0xc0003f8f00, key hackernewshackernews_newid,title,time,by,score,dead,deleted,descendants,kids,parent,parts,poll,text,type,url,_ctx-1 - removing from map as it is complete
2022-11-25 18:20:36.678 UTC [TRACE] steampipe-plugin-hackernews.plugin: [TRACE] 1669400436833: pendingIndexItem Unlock count before 1 key hackernewshackernews_newid,title,time,by,score,dead,deleted,descendants,kids,parent,parts,poll,text,type,url,_ctx-1
2022-11-25 18:20:36.678 UTC [TRACE] steampipe-plugin-hackernews.plugin: [TRACE] 1669400436833: deleted from pending, (hackernews-1669400436833) len 0
2022-11-25 18:20:36.678 UTC [TRACE] steampipe-plugin-hackernews.plugin: [TRACE] 1669400436833: pending bucket now empty - deleting key index__hackernewshackernews_new
2022-11-25 18:20:36.678 UTC [TRACE] steampipe-plugin-hackernews.plugin: [TRACE] 1669400436833: pendingItemComplete done (hackernews-1669400436833)
2022-11-25 18:20:36.678 UTC [TRACE] steampipe-plugin-hackernews.plugin: [TRACE] 1669400436833: cache set succeeded
2022-11-25 18:20:36.678 UTC [TRACE] steampipe-plugin-hackernews.plugin: [TRACE] 1669400436833: End execute span
2022-11-25 18:20:36.678 UTC [TRACE] steampipe-plugin-hackernews.plugin: [TRACE] 1669400436833: executeForConnection DEFER (hackernews-1669400436833)
2022-11-25 18:20:36.678 UTC [TRACE] steampipe-plugin-hackernews.plugin: [TRACE] 1669400436833: Execute complete callId: hackernews-1669400436833 table: hackernews_new
2022-11-25 18:20:36.678 UTC [TRACE] steampipe-plugin-hackernews.plugin: [TRACE] 1669400436833: executeForConnection hackernews returned
2022-11-25 18:20:36.678 UTC [TRACE] steampipe-plugin-hackernews.plugin: [TRACE] 1669400436833: output wg complete - send nil row
2022-11-25 18:20:36.678 UTC [TRACE] steampipe-plugin-hackernews.plugin: [TRACE] 1669400436833: empty row on output channel - we are done
2022-11-25 18:20:36.678 UTC [INFO]  steampipe-plugin-hackernews.plugin: [INFO]  1669400436833: Plugin Execute complete (1669400436833)
2022-11-25 18:20:36.685 UTC [TRACE] stdio: received data: channel=STDOUT len=284
2022-11-25 18:20:36.685 UTC [TRACE] stdio: waiting for stdio data
2022-11-25 18:20:36.685 UTC [TRACE] stdio: received data: channel=STDOUT len=1024
2022-11-25 18:20:36.685 UTC [TRACE] stdio: waiting for stdio data
2022-11-25 18:20:36.754 UTC [TRACE] PluginManager Shutdown
2022-11-25 18:20:36.754 UTC [TRACE] killing plugin csv (2046)
2022-11-25 18:20:36.754 UTC [DEBUG] stdio: received EOF, stopping recv loop: err="rpc error: code = Unavailable desc = error reading from server: read unix @->/tmp/plugin3491163253: read: connection reset by peer"
2022-11-25 18:20:36.754 UTC [TRACE] steampipe-plugin-csv.plugin: [TRACE] FLUSHING instrumentation
2022-11-25 18:20:36.754 UTC [TRACE] steampipe-plugin-csv.plugin: [TRACE] Shutdown instrumentation
2022-11-25 18:20:36.755 UTC [INFO]  plugin process exited: path=/home/runner/.steampipe/plugins/hub.steampipe.io/plugins/turbot/csv@latest/steampipe-plugin-csv.plugin pid=2046
2022-11-25 18:20:36.756 UTC [DEBUG] plugin exited
2022-11-25 18:20:36.756 UTC [TRACE] killing plugin hackernews (2069)
2022-11-25 18:20:36.756 UTC [DEBUG] stdio: received EOF, stopping recv loop: err="rpc error: code = Unavailable desc = error reading from server: EOF"
2022-11-25 18:20:36.756 UTC [TRACE] steampipe-plugin-hackernews.plugin: [TRACE] 1669400436833: FLUSHING instrumentation
2022-11-25 18:20:36.756 UTC [TRACE] steampipe-plugin-hackernews.plugin: [TRACE] 1669400436833: Shutdown instrumentation
2022-11-25 18:20:36.759 UTC [INFO]  plugin process exited: path=/home/runner/.steampipe/plugins/hub.steampipe.io/plugins/turbot/hackernews@latest/steampipe-plugin-hackernews.plugin pid=2069
2022-11-25 18:20:36.759 UTC [DEBUG] plugin exited
2022-11-25 18:20:41.323 UTC [WARN]  steampipe-plugin-csv.plugin: [WARN]  1669400441393: getKeyColumnsForTable found no schema for table '/home/runner/work/steampipe-samples/steampipe-samples/all/hackernews/hn.csv'
2022-11-25 18:21:06.828 UTC [WARN]  steampipe-plugin-csv.plugin: [WARN]  1669400466831: getKeyColumnsForTable found no schema for table '/home/runner/work/steampipe-samples/steampipe-samples/all/hackernews/hn.csv'
2022-11-25 18:23:41.574 UTC [ERROR] steampipe-plugin-csv.plugin: [ERROR] csv.tableCSV: header_parse_error=EOF path=/home/runner/work/steampipe-samples/steampipe-samples/all/hackernews/new_sc.csv header=[]
2022-11-25 18:23:41.574 UTC [ERROR] steampipe-plugin-csv.plugin: [ERROR] csv.PluginTables: create_table_error="failed to parse file header /home/runner/work/steampipe-samples/steampipe-samples/all/hackernews/new_sc.csv: EOF" path=/home/runner/work/steampipe-samples/steampipe-samples/all/hackernews/new_sc.csv
2022-11-25 18:23:41.574 UTC [WARN]  failed to set connection config: failed to parse file header /home/runner/work/steampipe-samples/steampipe-samples/all/hackernews/new_sc.csv: EOF
2022-11-25 18:23:42.894 UTC [WARN]  steampipe-plugin-csv.plugin: [WARN]  1669400622106: getKeyColumnsForTable found no schema for table '/home/runner/work/steampipe-samples/steampipe-samples/all/hackernews/new_sc.csv'
2022-11-25 18:23:50.903 UTC [ERROR] steampipe-plugin-csv.plugin: [ERROR] csv.tableCSV: header_parse_error=EOF path=/home/runner/work/steampipe-samples/steampipe-samples/all/hackernews/hn_items_all.csv header=[]
2022-11-25 18:23:50.903 UTC [ERROR] steampipe-plugin-csv.plugin: [ERROR] csv.PluginTables: create_table_error="failed to parse file header /home/runner/work/steampipe-samples/steampipe-samples/all/hackernews/hn_items_all.csv: EOF" path=/home/runner/work/steampipe-samples/steampipe-samples/all/hackernews/hn_items_all.csv
2022-11-25 18:23:50.903 UTC [WARN]  failed to set connection config: failed to parse file header /home/runner/work/steampipe-samples/steampipe-samples/all/hackernews/hn_items_all.csv: EOF
2022-11-25 18:23:52.286 UTC [WARN]  failed to set connection config: failed to parse file header /home/runner/work/steampipe-samples/steampipe-samples/all/hackernews/people.csv: EOF
2022-11-25 18:23:52.286 UTC [ERROR] steampipe-plugin-csv.plugin: [ERROR] csv.tableCSV: header_parse_error=EOF path=/home/runner/work/steampipe-samples/steampipe-samples/all/hackernews/people.csv header=[]
2022-11-25 18:23:52.286 UTC [ERROR] steampipe-plugin-csv.plugin: [ERROR] csv.PluginTables: create_table_error="failed to parse file header /home/runner/work/steampipe-samples/steampipe-samples/all/hackernews/people.csv: EOF" path=/home/runner/work/steampipe-samples/steampipe-samples/all/hackernews/people.csv
