2022-12-25 10:19:35.515 UTC [INFO]  starting plugin manager
2022-12-25 10:19:35.515 UTC [TRACE] loaded config map: hackernews,net,csv,github
2022-12-25 10:19:35.515 UTC [TRACE] NewPluginManager
2022-12-25 10:19:35.516 UTC [TRACE] PluginManager setPluginCacheSizeMap: 4 connections.
2022-12-25 10:19:35.516 UTC [TRACE] Total cache size 0Mb
2022-12-25 10:19:35.516 UTC [INFO]  starting connection watcher
2022-12-25 10:19:35.517 UTC [INFO]  created ConnectionWatcher
2022-12-25 10:19:35.517 UTC [TRACE] about to serve
2022-12-25 10:19:35.588 UTC [TRACE] PluginManager Get, connections: '[csv]'
2022-12-25 10:19:35.588 UTC [TRACE] PluginManager getPlugin hub.steampipe.io/plugins/turbot/csv@latest connection 'csv'
2022-12-25 10:19:35.588 UTC [TRACE] PluginManager 0xc000312aa0 plugin hub.steampipe.io/plugins/turbot/csv@latest (csv) NOT started or starting - start now
2022-12-25 10:19:35.588 UTC [TRACE] ************ start plugin csv ********************
2022-12-25 10:19:35.588 UTC [TRACE] ************ plugin path /home/runner/.steampipe/plugins/hub.steampipe.io/plugins/turbot/csv@latest/steampipe-plugin-csv.plugin ********************
2022-12-25 10:19:35.618 UTC [TRACE] handleFileWatcherEvent ignoring first event
2022-12-25 10:19:35.656 UTC [DEBUG] starting plugin: path=/home/runner/.steampipe/plugins/hub.steampipe.io/plugins/turbot/csv@latest/steampipe-plugin-csv.plugin args=["/home/runner/.steampipe/plugins/hub.steampipe.io/plugins/turbot/csv@latest/steampipe-plugin-csv.plugin"]
2022-12-25 10:19:35.657 UTC [DEBUG] plugin started: path=/home/runner/.steampipe/plugins/hub.steampipe.io/plugins/turbot/csv@latest/steampipe-plugin-csv.plugin pid=2047
2022-12-25 10:19:35.657 UTC [DEBUG] waiting for RPC address: path=/home/runner/.steampipe/plugins/hub.steampipe.io/plugins/turbot/csv@latest/steampipe-plugin-csv.plugin
2022-12-25 10:19:35.667 UTC [INFO]  steampipe-plugin-csv.plugin: [INFO]  Initialise plugin 'steampipe-plugin-csv', using sdk version 4.1.8
2022-12-25 10:19:35.667 UTC [TRACE] steampipe-plugin-csv.plugin: [TRACE] no DefaultRetryConfig defined - creating empty
2022-12-25 10:19:35.667 UTC [TRACE] steampipe-plugin-csv.plugin: [TRACE] no DefaultIgnoreConfig defined - creating empty
2022-12-25 10:19:35.667 UTC [TRACE] steampipe-plugin-csv.plugin: [TRACE] telemetry.Init service 'steampipe-plugin-csv', tracingEnabled: false, metricsEnabled: false
2022-12-25 10:19:35.667 UTC [TRACE] steampipe-plugin-csv.plugin: [TRACE] metrics and tracing disabled' - returning
2022-12-25 10:19:35.667 UTC [DEBUG] steampipe-plugin-csv.plugin: plugin address: address=/tmp/plugin793264709 network=unix timestamp=2022-12-25T10:19:35.667Z
2022-12-25 10:19:35.668 UTC [DEBUG] using plugin: version=0
2022-12-25 10:19:35.668 UTC [TRACE] NewPluginClient for plugin hub.steampipe.io/plugins/turbot/csv@latest
2022-12-25 10:19:35.669 UTC [TRACE] stdio: waiting for stdio data
2022-12-25 10:19:35.670 UTC [TRACE] supportedOperations: query_cache:true multiple_connections:true
2022-12-25 10:19:35.671 UTC [TRACE] steampipe-plugin-csv.plugin: [TRACE] SetAllConnectionConfigs setting 1 configs
2022-12-25 10:19:35.671 UTC [TRACE] steampipe-plugin-csv.plugin: [TRACE] connection csv build schema and table map
2022-12-25 10:19:35.671 UTC [DEBUG] steampipe-plugin-csv.plugin: [DEBUG] csv.tableCSV: path=/home/runner/work/steampipe-samples/steampipe-samples/all/hackernews/hn_items_all.csv detected_encoding=Unknown
2022-12-25 10:19:35.671 UTC [DEBUG] steampipe-plugin-csv.plugin: [DEBUG] csv.tableCSV: path=/home/runner/work/steampipe-samples/steampipe-samples/all/hackernews/new_sc.csv detected_encoding=Unknown
2022-12-25 10:19:35.671 UTC [DEBUG] steampipe-plugin-csv.plugin: [DEBUG] csv.tableCSV: path=/home/runner/work/steampipe-samples/steampipe-samples/all/hackernews/people.csv detected_encoding=Unknown
2022-12-25 10:19:35.671 UTC [TRACE] steampipe-plugin-csv.plugin: [TRACE] initialise table /home/runner/work/steampipe-samples/steampipe-samples/all/hackernews/people.csv
2022-12-25 10:19:35.671 UTC [TRACE] steampipe-plugin-csv.plugin: [TRACE] no DefaultRetryConfig defined - creating empty
2022-12-25 10:19:35.671 UTC [TRACE] steampipe-plugin-csv.plugin: [TRACE] no DefaultIgnoreConfig defined - creating empty
2022-12-25 10:19:35.671 UTC [TRACE] steampipe-plugin-csv.plugin: [TRACE] apply plugin defaults for DefaultRetryConfig
2022-12-25 10:19:35.671 UTC [TRACE] steampipe-plugin-csv.plugin: [TRACE] apply plugin defaults for DefaultIgnoreConfig, table &{<nil> <nil>} plugin &{<nil> <nil>}
2022-12-25 10:19:35.671 UTC [TRACE] steampipe-plugin-csv.plugin: [TRACE] DefaultRetryConfig:
2022-12-25 10:19:35.671 UTC [TRACE] steampipe-plugin-csv.plugin: [TRACE] DefaultIgnoreConfig:
2022-12-25 10:19:35.671 UTC [TRACE] steampipe-plugin-csv.plugin: [TRACE] t.List.initialise
2022-12-25 10:19:35.671 UTC [TRACE] steampipe-plugin-csv.plugin: [TRACE] ListConfig.initialise table /home/runner/work/steampipe-samples/steampipe-samples/all/hackernews/people.csv
2022-12-25 10:19:35.671 UTC [TRACE] steampipe-plugin-csv.plugin: [TRACE] ListConfig.initialise complete: RetryConfig: , IgnoreConfig
2022-12-25 10:19:35.671 UTC [TRACE] steampipe-plugin-csv.plugin: [TRACE] back from initialiseHydrateConfigs
2022-12-25 10:19:35.671 UTC [TRACE] steampipe-plugin-csv.plugin: [TRACE] initialise table /home/runner/work/steampipe-samples/steampipe-samples/all/hackernews/people.csv COMPLETE
2022-12-25 10:19:35.671 UTC [TRACE] steampipe-plugin-csv.plugin: [TRACE] initialise table /home/runner/work/steampipe-samples/steampipe-samples/all/hackernews/hn_items_all.csv
2022-12-25 10:19:35.671 UTC [TRACE] steampipe-plugin-csv.plugin: [TRACE] no DefaultRetryConfig defined - creating empty
2022-12-25 10:19:35.671 UTC [TRACE] steampipe-plugin-csv.plugin: [TRACE] no DefaultIgnoreConfig defined - creating empty
2022-12-25 10:19:35.671 UTC [TRACE] steampipe-plugin-csv.plugin: [TRACE] apply plugin defaults for DefaultRetryConfig
2022-12-25 10:19:35.671 UTC [TRACE] steampipe-plugin-csv.plugin: [TRACE] apply plugin defaults for DefaultIgnoreConfig, table &{<nil> <nil>} plugin &{<nil> <nil>}
2022-12-25 10:19:35.671 UTC [TRACE] steampipe-plugin-csv.plugin: [TRACE] DefaultRetryConfig:
2022-12-25 10:19:35.671 UTC [TRACE] steampipe-plugin-csv.plugin: [TRACE] DefaultIgnoreConfig:
2022-12-25 10:19:35.671 UTC [TRACE] steampipe-plugin-csv.plugin: [TRACE] t.List.initialise
2022-12-25 10:19:35.671 UTC [TRACE] steampipe-plugin-csv.plugin: [TRACE] ListConfig.initialise table /home/runner/work/steampipe-samples/steampipe-samples/all/hackernews/hn_items_all.csv
2022-12-25 10:19:35.671 UTC [TRACE] steampipe-plugin-csv.plugin: [TRACE] ListConfig.initialise complete: RetryConfig: , IgnoreConfig
2022-12-25 10:19:35.671 UTC [TRACE] steampipe-plugin-csv.plugin: [TRACE] back from initialiseHydrateConfigs
2022-12-25 10:19:35.671 UTC [TRACE] steampipe-plugin-csv.plugin: [TRACE] initialise table /home/runner/work/steampipe-samples/steampipe-samples/all/hackernews/hn_items_all.csv COMPLETE
2022-12-25 10:19:35.671 UTC [TRACE] steampipe-plugin-csv.plugin: [TRACE] initialise table /home/runner/work/steampipe-samples/steampipe-samples/all/hackernews/new_sc.csv
2022-12-25 10:19:35.671 UTC [TRACE] steampipe-plugin-csv.plugin: [TRACE] no DefaultRetryConfig defined - creating empty
2022-12-25 10:19:35.671 UTC [TRACE] steampipe-plugin-csv.plugin: [TRACE] no DefaultIgnoreConfig defined - creating empty
2022-12-25 10:19:35.671 UTC [TRACE] steampipe-plugin-csv.plugin: [TRACE] apply plugin defaults for DefaultRetryConfig
2022-12-25 10:19:35.671 UTC [TRACE] steampipe-plugin-csv.plugin: [TRACE] apply plugin defaults for DefaultIgnoreConfig, table &{<nil> <nil>} plugin &{<nil> <nil>}
2022-12-25 10:19:35.671 UTC [TRACE] steampipe-plugin-csv.plugin: [TRACE] DefaultRetryConfig:
2022-12-25 10:19:35.671 UTC [TRACE] steampipe-plugin-csv.plugin: [TRACE] DefaultIgnoreConfig:
2022-12-25 10:19:35.671 UTC [TRACE] steampipe-plugin-csv.plugin: [TRACE] t.List.initialise
2022-12-25 10:19:35.671 UTC [TRACE] steampipe-plugin-csv.plugin: [TRACE] ListConfig.initialise table /home/runner/work/steampipe-samples/steampipe-samples/all/hackernews/new_sc.csv
2022-12-25 10:19:35.671 UTC [TRACE] steampipe-plugin-csv.plugin: [TRACE] ListConfig.initialise complete: RetryConfig: , IgnoreConfig
2022-12-25 10:19:35.671 UTC [TRACE] steampipe-plugin-csv.plugin: [TRACE] back from initialiseHydrateConfigs
2022-12-25 10:19:35.671 UTC [TRACE] steampipe-plugin-csv.plugin: [TRACE] initialise table /home/runner/work/steampipe-samples/steampipe-samples/all/hackernews/new_sc.csv COMPLETE
2022-12-25 10:19:35.671 UTC [TRACE] steampipe-plugin-csv.plugin: [TRACE] validate plugin steampipe-plugin-csv, required columns []
2022-12-25 10:19:35.671 UTC [TRACE] steampipe-plugin-csv.plugin: [TRACE] validate DefaultRetryConfig
2022-12-25 10:19:35.671 UTC [TRACE] steampipe-plugin-csv.plugin: [TRACE] validate DefaultIgnoreConfig
2022-12-25 10:19:35.671 UTC [TRACE] steampipe-plugin-csv.plugin: [TRACE] validate table names
2022-12-25 10:19:35.671 UTC [TRACE] steampipe-plugin-csv.plugin: [TRACE] plugin has 0 validation errors
2022-12-25 10:19:35.671 UTC [TRACE] steampipe-plugin-csv.plugin: [TRACE] Plugin ensureCache creating cache, maxCacheStorageMb 0
2022-12-25 10:19:35.671 UTC [TRACE] steampipe-plugin-csv.plugin: [TRACE] createCacheStore for plugin 'steampipe-plugin-csv' setting max size to 0Mb, Shards: 2, max shard size: 0
2022-12-25 10:19:35.690 UTC [INFO]  steampipe-plugin-csv.plugin: [INFO]  query cache created
2022-12-25 10:19:35.690 UTC [DEBUG] steampipe-plugin-csv.plugin: [DEBUG] SetAllConnectionConfigs finished
2022-12-25 10:19:35.690 UTC [TRACE] PluginManager getPlugin complete, returning reattach config with PID: 2047
2022-12-25 10:19:35.690 UTC [TRACE] PluginManager Get returning reattach_map:{key:"csv" value:{protocol:"grpc" addr:{Network:"unix" Address:"/tmp/plugin793264709"} pid:2047 supported_operations:{query_cache:true multiple_connections:true} connections:"csv" plugin:"hub.steampipe.io/plugins/turbot/csv@latest"}}
2022-12-25 10:19:35.779 UTC [TRACE] PluginManager Get, connections: '[csv]'
2022-12-25 10:19:35.779 UTC [TRACE] PluginManager getPlugin hub.steampipe.io/plugins/turbot/csv@latest connection 'csv'
2022-12-25 10:19:35.779 UTC [TRACE] connection csv found in connectionPluginMap
2022-12-25 10:19:35.779 UTC [TRACE] initialized: 2047
2022-12-25 10:19:35.779 UTC [TRACE] initialized: 2047
2022-12-25 10:19:35.779 UTC [TRACE] connection csv is loaded, check for running PID
2022-12-25 10:19:35.779 UTC [TRACE] PluginManager found 'csv' in map, pid 2047
2022-12-25 10:19:35.780 UTC [TRACE] PluginManager Get returning reattach_map:{key:"csv" value:{protocol:"grpc" addr:{Network:"unix" Address:"/tmp/plugin793264709"} pid:2047 supported_operations:{query_cache:true multiple_connections:true} connections:"csv" plugin:"hub.steampipe.io/plugins/turbot/csv@latest"}}
2022-12-25 10:19:35.938 UTC [TRACE] PluginManager Get, connections: '[hackernews]'
2022-12-25 10:19:35.938 UTC [TRACE] PluginManager getPlugin hub.steampipe.io/plugins/turbot/hackernews@latest connection 'hackernews'
2022-12-25 10:19:35.938 UTC [TRACE] PluginManager 0xc000312aa0 plugin hub.steampipe.io/plugins/turbot/hackernews@latest (hackernews) NOT started or starting - start now
2022-12-25 10:19:35.938 UTC [TRACE] ************ start plugin hackernews ********************
2022-12-25 10:19:35.938 UTC [TRACE] ************ plugin path /home/runner/.steampipe/plugins/hub.steampipe.io/plugins/turbot/hackernews@latest/steampipe-plugin-hackernews.plugin ********************
2022-12-25 10:19:36.007 UTC [DEBUG] starting plugin: path=/home/runner/.steampipe/plugins/hub.steampipe.io/plugins/turbot/hackernews@latest/steampipe-plugin-hackernews.plugin args=["/home/runner/.steampipe/plugins/hub.steampipe.io/plugins/turbot/hackernews@latest/steampipe-plugin-hackernews.plugin"]
2022-12-25 10:19:36.007 UTC [DEBUG] plugin started: path=/home/runner/.steampipe/plugins/hub.steampipe.io/plugins/turbot/hackernews@latest/steampipe-plugin-hackernews.plugin pid=2072
2022-12-25 10:19:36.007 UTC [DEBUG] waiting for RPC address: path=/home/runner/.steampipe/plugins/hub.steampipe.io/plugins/turbot/hackernews@latest/steampipe-plugin-hackernews.plugin
2022-12-25 10:19:36.016 UTC [INFO]  steampipe-plugin-hackernews.plugin: [INFO]  Initialise plugin 'steampipe-plugin-hackernews', using sdk version 4.1.7
2022-12-25 10:19:36.016 UTC [TRACE] steampipe-plugin-hackernews.plugin: [TRACE] defaulting SchemaMode to SchemaModeStatic
2022-12-25 10:19:36.016 UTC [TRACE] steampipe-plugin-hackernews.plugin: [TRACE] no DefaultRetryConfig defined - creating empty
2022-12-25 10:19:36.016 UTC [TRACE] steampipe-plugin-hackernews.plugin: [TRACE] no DefaultIgnoreConfig defined - creating empty
2022-12-25 10:19:36.016 UTC [TRACE] steampipe-plugin-hackernews.plugin: [TRACE] Setting Ulimit: ulimit=2560
2022-12-25 10:19:36.016 UTC [TRACE] steampipe-plugin-hackernews.plugin: [TRACE] telemetry.Init service 'steampipe-plugin-hackernews', tracingEnabled: false, metricsEnabled: false
2022-12-25 10:19:36.016 UTC [TRACE] steampipe-plugin-hackernews.plugin: [TRACE] metrics and tracing disabled' - returning
2022-12-25 10:19:36.016 UTC [DEBUG] steampipe-plugin-hackernews.plugin: plugin address: address=/tmp/plugin944576857 network=unix timestamp=2022-12-25T10:19:36.016Z
2022-12-25 10:19:36.016 UTC [DEBUG] using plugin: version=0
2022-12-25 10:19:36.016 UTC [TRACE] NewPluginClient for plugin hub.steampipe.io/plugins/turbot/hackernews@latest
2022-12-25 10:19:36.018 UTC [TRACE] stdio: waiting for stdio data
2022-12-25 10:19:36.019 UTC [TRACE] supportedOperations: query_cache:true multiple_connections:true
2022-12-25 10:19:36.019 UTC [TRACE] steampipe-plugin-hackernews.plugin: [TRACE] SetAllConnectionConfigs setting 1 configs
2022-12-25 10:19:36.019 UTC [TRACE] steampipe-plugin-hackernews.plugin: [TRACE] connection hackernews build schema and table map
2022-12-25 10:19:36.019 UTC [TRACE] steampipe-plugin-hackernews.plugin: [TRACE] initialise table hackernews_user
2022-12-25 10:19:36.019 UTC [TRACE] steampipe-plugin-hackernews.plugin: [TRACE] no DefaultRetryConfig defined - creating empty
2022-12-25 10:19:36.019 UTC [TRACE] steampipe-plugin-hackernews.plugin: [TRACE] no DefaultIgnoreConfig defined - creating empty
2022-12-25 10:19:36.019 UTC [TRACE] steampipe-plugin-hackernews.plugin: [TRACE] apply plugin defaults for DefaultRetryConfig
2022-12-25 10:19:36.019 UTC [TRACE] steampipe-plugin-hackernews.plugin: [TRACE] apply plugin defaults for DefaultIgnoreConfig, table &{<nil> <nil>} plugin &{<nil> <nil>}
2022-12-25 10:19:36.019 UTC [TRACE] steampipe-plugin-hackernews.plugin: [TRACE] DefaultRetryConfig:
2022-12-25 10:19:36.019 UTC [TRACE] steampipe-plugin-hackernews.plugin: [TRACE] DefaultIgnoreConfig:
2022-12-25 10:19:36.019 UTC [TRACE] steampipe-plugin-hackernews.plugin: [TRACE] t.List.initialise
2022-12-25 10:19:36.019 UTC [TRACE] steampipe-plugin-hackernews.plugin: [TRACE] ListConfig.initialise table hackernews_user
2022-12-25 10:19:36.019 UTC [TRACE] steampipe-plugin-hackernews.plugin: [TRACE] ListConfig.initialise complete: RetryConfig: , IgnoreConfig
2022-12-25 10:19:36.019 UTC [TRACE] steampipe-plugin-hackernews.plugin: [TRACE] back from initialiseHydrateConfigs
2022-12-25 10:19:36.019 UTC [TRACE] steampipe-plugin-hackernews.plugin: [TRACE] initialise table hackernews_user COMPLETE
2022-12-25 10:19:36.019 UTC [TRACE] steampipe-plugin-hackernews.plugin: [TRACE] initialise table hackernews_ask_hn
2022-12-25 10:19:36.019 UTC [TRACE] steampipe-plugin-hackernews.plugin: [TRACE] no DefaultRetryConfig defined - creating empty
2022-12-25 10:19:36.019 UTC [TRACE] steampipe-plugin-hackernews.plugin: [TRACE] no DefaultIgnoreConfig defined - creating empty
2022-12-25 10:19:36.019 UTC [TRACE] steampipe-plugin-hackernews.plugin: [TRACE] apply plugin defaults for DefaultRetryConfig
2022-12-25 10:19:36.019 UTC [TRACE] steampipe-plugin-hackernews.plugin: [TRACE] apply plugin defaults for DefaultIgnoreConfig, table &{<nil> <nil>} plugin &{<nil> <nil>}
2022-12-25 10:19:36.019 UTC [TRACE] steampipe-plugin-hackernews.plugin: [TRACE] DefaultRetryConfig:
2022-12-25 10:19:36.019 UTC [TRACE] steampipe-plugin-hackernews.plugin: [TRACE] DefaultIgnoreConfig:
2022-12-25 10:19:36.019 UTC [TRACE] steampipe-plugin-hackernews.plugin: [TRACE] t.Get.initialise
2022-12-25 10:19:36.019 UTC [TRACE] steampipe-plugin-hackernews.plugin: [TRACE] GetConfig.initialise table hackernews_ask_hn
2022-12-25 10:19:36.019 UTC [TRACE] steampipe-plugin-hackernews.plugin: [TRACE] GetConfig.initialise complete: RetryConfig: , IgnoreConfig:
2022-12-25 10:19:36.019 UTC [TRACE] steampipe-plugin-hackernews.plugin: [TRACE] t.List.initialise
2022-12-25 10:19:36.019 UTC [TRACE] steampipe-plugin-hackernews.plugin: [TRACE] ListConfig.initialise table hackernews_ask_hn
2022-12-25 10:19:36.019 UTC [TRACE] steampipe-plugin-hackernews.plugin: [TRACE] ListConfig.initialise complete: RetryConfig: , IgnoreConfig
2022-12-25 10:19:36.019 UTC [TRACE] steampipe-plugin-hackernews.plugin: [TRACE] HydrateConfig.initialise func getItem, table hackernews_ask_hn
2022-12-25 10:19:36.019 UTC [TRACE] steampipe-plugin-hackernews.plugin: [TRACE] HydrateConfig.initialise complete: RetryConfig: , IgnoreConfig:
2022-12-25 10:19:36.019 UTC [TRACE] steampipe-plugin-hackernews.plugin: [TRACE] back from initialiseHydrateConfigs
2022-12-25 10:19:36.019 UTC [TRACE] steampipe-plugin-hackernews.plugin: [TRACE] initialise table hackernews_ask_hn COMPLETE
2022-12-25 10:19:36.019 UTC [TRACE] steampipe-plugin-hackernews.plugin: [TRACE] initialise table hackernews_best
2022-12-25 10:19:36.019 UTC [TRACE] steampipe-plugin-hackernews.plugin: [TRACE] no DefaultRetryConfig defined - creating empty
2022-12-25 10:19:36.019 UTC [TRACE] steampipe-plugin-hackernews.plugin: [TRACE] no DefaultIgnoreConfig defined - creating empty
2022-12-25 10:19:36.019 UTC [TRACE] steampipe-plugin-hackernews.plugin: [TRACE] apply plugin defaults for DefaultRetryConfig
2022-12-25 10:19:36.019 UTC [TRACE] steampipe-plugin-hackernews.plugin: [TRACE] apply plugin defaults for DefaultIgnoreConfig, table &{<nil> <nil>} plugin &{<nil> <nil>}
2022-12-25 10:19:36.019 UTC [TRACE] steampipe-plugin-hackernews.plugin: [TRACE] DefaultRetryConfig:
2022-12-25 10:19:36.019 UTC [TRACE] steampipe-plugin-hackernews.plugin: [TRACE] DefaultIgnoreConfig:
2022-12-25 10:19:36.019 UTC [TRACE] steampipe-plugin-hackernews.plugin: [TRACE] t.Get.initialise
2022-12-25 10:19:36.019 UTC [TRACE] steampipe-plugin-hackernews.plugin: [TRACE] GetConfig.initialise table hackernews_best
2022-12-25 10:19:36.019 UTC [TRACE] steampipe-plugin-hackernews.plugin: [TRACE] GetConfig.initialise complete: RetryConfig: , IgnoreConfig:
2022-12-25 10:19:36.019 UTC [TRACE] steampipe-plugin-hackernews.plugin: [TRACE] t.List.initialise
2022-12-25 10:19:36.019 UTC [TRACE] steampipe-plugin-hackernews.plugin: [TRACE] ListConfig.initialise table hackernews_best
2022-12-25 10:19:36.019 UTC [TRACE] steampipe-plugin-hackernews.plugin: [TRACE] ListConfig.initialise complete: RetryConfig: , IgnoreConfig
2022-12-25 10:19:36.019 UTC [TRACE] steampipe-plugin-hackernews.plugin: [TRACE] HydrateConfig.initialise func getItem, table hackernews_best
2022-12-25 10:19:36.019 UTC [TRACE] steampipe-plugin-hackernews.plugin: [TRACE] HydrateConfig.initialise complete: RetryConfig: , IgnoreConfig:
2022-12-25 10:19:36.019 UTC [TRACE] steampipe-plugin-hackernews.plugin: [TRACE] back from initialiseHydrateConfigs
2022-12-25 10:19:36.019 UTC [TRACE] steampipe-plugin-hackernews.plugin: [TRACE] initialise table hackernews_best COMPLETE
2022-12-25 10:19:36.019 UTC [TRACE] steampipe-plugin-hackernews.plugin: [TRACE] initialise table hackernews_item
2022-12-25 10:19:36.019 UTC [TRACE] steampipe-plugin-hackernews.plugin: [TRACE] no DefaultRetryConfig defined - creating empty
2022-12-25 10:19:36.020 UTC [TRACE] steampipe-plugin-hackernews.plugin: [TRACE] no DefaultIgnoreConfig defined - creating empty
2022-12-25 10:19:36.020 UTC [TRACE] steampipe-plugin-hackernews.plugin: [TRACE] apply plugin defaults for DefaultRetryConfig
2022-12-25 10:19:36.020 UTC [TRACE] steampipe-plugin-hackernews.plugin: [TRACE] apply plugin defaults for DefaultIgnoreConfig, table &{<nil> <nil>} plugin &{<nil> <nil>}
2022-12-25 10:19:36.020 UTC [TRACE] steampipe-plugin-hackernews.plugin: [TRACE] DefaultRetryConfig:
2022-12-25 10:19:36.020 UTC [TRACE] steampipe-plugin-hackernews.plugin: [TRACE] DefaultIgnoreConfig:
2022-12-25 10:19:36.020 UTC [TRACE] steampipe-plugin-hackernews.plugin: [TRACE] t.Get.initialise
2022-12-25 10:19:36.020 UTC [TRACE] steampipe-plugin-hackernews.plugin: [TRACE] GetConfig.initialise table hackernews_item
2022-12-25 10:19:36.020 UTC [TRACE] steampipe-plugin-hackernews.plugin: [TRACE] GetConfig.initialise complete: RetryConfig: , IgnoreConfig:
2022-12-25 10:19:36.020 UTC [TRACE] steampipe-plugin-hackernews.plugin: [TRACE] t.List.initialise
2022-12-25 10:19:36.020 UTC [TRACE] steampipe-plugin-hackernews.plugin: [TRACE] ListConfig.initialise table hackernews_item
2022-12-25 10:19:36.020 UTC [TRACE] steampipe-plugin-hackernews.plugin: [TRACE] ListConfig.initialise complete: RetryConfig: , IgnoreConfig
2022-12-25 10:19:36.020 UTC [TRACE] steampipe-plugin-hackernews.plugin: [TRACE] HydrateConfig.initialise func getItem, table hackernews_item
2022-12-25 10:19:36.020 UTC [TRACE] steampipe-plugin-hackernews.plugin: [TRACE] HydrateConfig.initialise complete: RetryConfig: , IgnoreConfig:
2022-12-25 10:19:36.020 UTC [TRACE] steampipe-plugin-hackernews.plugin: [TRACE] back from initialiseHydrateConfigs
2022-12-25 10:19:36.020 UTC [TRACE] steampipe-plugin-hackernews.plugin: [TRACE] initialise table hackernews_item COMPLETE
2022-12-25 10:19:36.020 UTC [TRACE] steampipe-plugin-hackernews.plugin: [TRACE] initialise table hackernews_job
2022-12-25 10:19:36.020 UTC [TRACE] steampipe-plugin-hackernews.plugin: [TRACE] no DefaultRetryConfig defined - creating empty
2022-12-25 10:19:36.020 UTC [TRACE] steampipe-plugin-hackernews.plugin: [TRACE] no DefaultIgnoreConfig defined - creating empty
2022-12-25 10:19:36.020 UTC [TRACE] steampipe-plugin-hackernews.plugin: [TRACE] apply plugin defaults for DefaultRetryConfig
2022-12-25 10:19:36.020 UTC [TRACE] steampipe-plugin-hackernews.plugin: [TRACE] apply plugin defaults for DefaultIgnoreConfig, table &{<nil> <nil>} plugin &{<nil> <nil>}
2022-12-25 10:19:36.020 UTC [TRACE] steampipe-plugin-hackernews.plugin: [TRACE] DefaultRetryConfig:
2022-12-25 10:19:36.020 UTC [TRACE] steampipe-plugin-hackernews.plugin: [TRACE] DefaultIgnoreConfig:
2022-12-25 10:19:36.020 UTC [TRACE] steampipe-plugin-hackernews.plugin: [TRACE] t.Get.initialise
2022-12-25 10:19:36.020 UTC [TRACE] steampipe-plugin-hackernews.plugin: [TRACE] GetConfig.initialise table hackernews_job
2022-12-25 10:19:36.020 UTC [TRACE] steampipe-plugin-hackernews.plugin: [TRACE] GetConfig.initialise complete: RetryConfig: , IgnoreConfig:
2022-12-25 10:19:36.020 UTC [TRACE] steampipe-plugin-hackernews.plugin: [TRACE] t.List.initialise
2022-12-25 10:19:36.020 UTC [TRACE] steampipe-plugin-hackernews.plugin: [TRACE] ListConfig.initialise table hackernews_job
2022-12-25 10:19:36.020 UTC [TRACE] steampipe-plugin-hackernews.plugin: [TRACE] ListConfig.initialise complete: RetryConfig: , IgnoreConfig
2022-12-25 10:19:36.020 UTC [TRACE] steampipe-plugin-hackernews.plugin: [TRACE] HydrateConfig.initialise func getItem, table hackernews_job
2022-12-25 10:19:36.020 UTC [TRACE] steampipe-plugin-hackernews.plugin: [TRACE] HydrateConfig.initialise complete: RetryConfig: , IgnoreConfig:
2022-12-25 10:19:36.020 UTC [TRACE] steampipe-plugin-hackernews.plugin: [TRACE] back from initialiseHydrateConfigs
2022-12-25 10:19:36.020 UTC [TRACE] steampipe-plugin-hackernews.plugin: [TRACE] initialise table hackernews_job COMPLETE
2022-12-25 10:19:36.020 UTC [TRACE] steampipe-plugin-hackernews.plugin: [TRACE] initialise table hackernews_new
2022-12-25 10:19:36.020 UTC [TRACE] steampipe-plugin-hackernews.plugin: [TRACE] no DefaultRetryConfig defined - creating empty
2022-12-25 10:19:36.020 UTC [TRACE] steampipe-plugin-hackernews.plugin: [TRACE] no DefaultIgnoreConfig defined - creating empty
2022-12-25 10:19:36.020 UTC [TRACE] steampipe-plugin-hackernews.plugin: [TRACE] apply plugin defaults for DefaultRetryConfig
2022-12-25 10:19:36.020 UTC [TRACE] steampipe-plugin-hackernews.plugin: [TRACE] apply plugin defaults for DefaultIgnoreConfig, table &{<nil> <nil>} plugin &{<nil> <nil>}
2022-12-25 10:19:36.020 UTC [TRACE] steampipe-plugin-hackernews.plugin: [TRACE] DefaultRetryConfig:
2022-12-25 10:19:36.020 UTC [TRACE] steampipe-plugin-hackernews.plugin: [TRACE] DefaultIgnoreConfig:
2022-12-25 10:19:36.020 UTC [TRACE] steampipe-plugin-hackernews.plugin: [TRACE] t.Get.initialise
2022-12-25 10:19:36.020 UTC [TRACE] steampipe-plugin-hackernews.plugin: [TRACE] GetConfig.initialise table hackernews_new
2022-12-25 10:19:36.020 UTC [TRACE] steampipe-plugin-hackernews.plugin: [TRACE] GetConfig.initialise complete: RetryConfig: , IgnoreConfig:
2022-12-25 10:19:36.020 UTC [TRACE] steampipe-plugin-hackernews.plugin: [TRACE] t.List.initialise
2022-12-25 10:19:36.020 UTC [TRACE] steampipe-plugin-hackernews.plugin: [TRACE] ListConfig.initialise table hackernews_new
2022-12-25 10:19:36.020 UTC [TRACE] steampipe-plugin-hackernews.plugin: [TRACE] ListConfig.initialise complete: RetryConfig: , IgnoreConfig
2022-12-25 10:19:36.020 UTC [TRACE] steampipe-plugin-hackernews.plugin: [TRACE] HydrateConfig.initialise func getItem, table hackernews_new
2022-12-25 10:19:36.020 UTC [TRACE] steampipe-plugin-hackernews.plugin: [TRACE] HydrateConfig.initialise complete: RetryConfig: , IgnoreConfig:
2022-12-25 10:19:36.020 UTC [TRACE] steampipe-plugin-hackernews.plugin: [TRACE] back from initialiseHydrateConfigs
2022-12-25 10:19:36.020 UTC [TRACE] steampipe-plugin-hackernews.plugin: [TRACE] initialise table hackernews_new COMPLETE
2022-12-25 10:19:36.020 UTC [TRACE] steampipe-plugin-hackernews.plugin: [TRACE] initialise table hackernews_show_hn
2022-12-25 10:19:36.020 UTC [TRACE] steampipe-plugin-hackernews.plugin: [TRACE] no DefaultRetryConfig defined - creating empty
2022-12-25 10:19:36.020 UTC [TRACE] steampipe-plugin-hackernews.plugin: [TRACE] no DefaultIgnoreConfig defined - creating empty
2022-12-25 10:19:36.020 UTC [TRACE] steampipe-plugin-hackernews.plugin: [TRACE] apply plugin defaults for DefaultRetryConfig
2022-12-25 10:19:36.020 UTC [TRACE] steampipe-plugin-hackernews.plugin: [TRACE] apply plugin defaults for DefaultIgnoreConfig, table &{<nil> <nil>} plugin &{<nil> <nil>}
2022-12-25 10:19:36.020 UTC [TRACE] steampipe-plugin-hackernews.plugin: [TRACE] DefaultRetryConfig:
2022-12-25 10:19:36.020 UTC [TRACE] steampipe-plugin-hackernews.plugin: [TRACE] DefaultIgnoreConfig:
2022-12-25 10:19:36.020 UTC [TRACE] steampipe-plugin-hackernews.plugin: [TRACE] t.Get.initialise
2022-12-25 10:19:36.020 UTC [TRACE] steampipe-plugin-hackernews.plugin: [TRACE] GetConfig.initialise table hackernews_show_hn
2022-12-25 10:19:36.020 UTC [TRACE] steampipe-plugin-hackernews.plugin: [TRACE] GetConfig.initialise complete: RetryConfig: , IgnoreConfig:
2022-12-25 10:19:36.020 UTC [TRACE] steampipe-plugin-hackernews.plugin: [TRACE] t.List.initialise
2022-12-25 10:19:36.020 UTC [TRACE] steampipe-plugin-hackernews.plugin: [TRACE] ListConfig.initialise table hackernews_show_hn
2022-12-25 10:19:36.020 UTC [TRACE] steampipe-plugin-hackernews.plugin: [TRACE] ListConfig.initialise complete: RetryConfig: , IgnoreConfig
2022-12-25 10:19:36.020 UTC [TRACE] steampipe-plugin-hackernews.plugin: [TRACE] HydrateConfig.initialise func getItem, table hackernews_show_hn
2022-12-25 10:19:36.020 UTC [TRACE] steampipe-plugin-hackernews.plugin: [TRACE] HydrateConfig.initialise complete: RetryConfig: , IgnoreConfig:
2022-12-25 10:19:36.020 UTC [TRACE] steampipe-plugin-hackernews.plugin: [TRACE] back from initialiseHydrateConfigs
2022-12-25 10:19:36.020 UTC [TRACE] steampipe-plugin-hackernews.plugin: [TRACE] initialise table hackernews_show_hn COMPLETE
2022-12-25 10:19:36.020 UTC [TRACE] steampipe-plugin-hackernews.plugin: [TRACE] initialise table hackernews_top
2022-12-25 10:19:36.020 UTC [TRACE] steampipe-plugin-hackernews.plugin: [TRACE] no DefaultRetryConfig defined - creating empty
2022-12-25 10:19:36.020 UTC [TRACE] steampipe-plugin-hackernews.plugin: [TRACE] no DefaultIgnoreConfig defined - creating empty
2022-12-25 10:19:36.020 UTC [TRACE] steampipe-plugin-hackernews.plugin: [TRACE] apply plugin defaults for DefaultRetryConfig
2022-12-25 10:19:36.020 UTC [TRACE] steampipe-plugin-hackernews.plugin: [TRACE] apply plugin defaults for DefaultIgnoreConfig, table &{<nil> <nil>} plugin &{<nil> <nil>}
2022-12-25 10:19:36.020 UTC [TRACE] steampipe-plugin-hackernews.plugin: [TRACE] DefaultRetryConfig:
2022-12-25 10:19:36.020 UTC [TRACE] steampipe-plugin-hackernews.plugin: [TRACE] DefaultIgnoreConfig:
2022-12-25 10:19:36.020 UTC [TRACE] steampipe-plugin-hackernews.plugin: [TRACE] t.Get.initialise
2022-12-25 10:19:36.020 UTC [TRACE] steampipe-plugin-hackernews.plugin: [TRACE] GetConfig.initialise table hackernews_top
2022-12-25 10:19:36.020 UTC [TRACE] steampipe-plugin-hackernews.plugin: [TRACE] GetConfig.initialise complete: RetryConfig: , IgnoreConfig:
2022-12-25 10:19:36.020 UTC [TRACE] steampipe-plugin-hackernews.plugin: [TRACE] t.List.initialise
2022-12-25 10:19:36.020 UTC [TRACE] steampipe-plugin-hackernews.plugin: [TRACE] ListConfig.initialise table hackernews_top
2022-12-25 10:19:36.020 UTC [TRACE] steampipe-plugin-hackernews.plugin: [TRACE] ListConfig.initialise complete: RetryConfig: , IgnoreConfig
2022-12-25 10:19:36.020 UTC [TRACE] steampipe-plugin-hackernews.plugin: [TRACE] HydrateConfig.initialise func getItem, table hackernews_top
2022-12-25 10:19:36.020 UTC [TRACE] steampipe-plugin-hackernews.plugin: [TRACE] HydrateConfig.initialise complete: RetryConfig: , IgnoreConfig:
2022-12-25 10:19:36.020 UTC [TRACE] steampipe-plugin-hackernews.plugin: [TRACE] back from initialiseHydrateConfigs
2022-12-25 10:19:36.020 UTC [TRACE] steampipe-plugin-hackernews.plugin: [TRACE] initialise table hackernews_top COMPLETE
2022-12-25 10:19:36.020 UTC [TRACE] steampipe-plugin-hackernews.plugin: [TRACE] validate plugin steampipe-plugin-hackernews, required columns []
2022-12-25 10:19:36.020 UTC [TRACE] steampipe-plugin-hackernews.plugin: [TRACE] validate DefaultRetryConfig
2022-12-25 10:19:36.020 UTC [TRACE] steampipe-plugin-hackernews.plugin: [TRACE] validate DefaultIgnoreConfig
2022-12-25 10:19:36.020 UTC [TRACE] steampipe-plugin-hackernews.plugin: [TRACE] validate table names
2022-12-25 10:19:36.020 UTC [TRACE] steampipe-plugin-hackernews.plugin: [TRACE] plugin has 0 validation errors
2022-12-25 10:19:36.020 UTC [TRACE] steampipe-plugin-hackernews.plugin: [TRACE] Plugin ensureCache creating cache, maxCacheStorageMb 0
2022-12-25 10:19:36.020 UTC [TRACE] steampipe-plugin-hackernews.plugin: [TRACE] createCacheStore for plugin 'steampipe-plugin-hackernews' setting max size to 0Mb, Shards: 2, max shard size: 0
2022-12-25 10:19:36.035 UTC [INFO]  steampipe-plugin-hackernews.plugin: [INFO]  query cache created
2022-12-25 10:19:36.035 UTC [DEBUG] steampipe-plugin-hackernews.plugin: [DEBUG] SetAllConnectionConfigs finished
2022-12-25 10:19:36.035 UTC [TRACE] PluginManager getPlugin complete, returning reattach config with PID: 2072
2022-12-25 10:19:36.035 UTC [TRACE] PluginManager Get returning reattach_map:{key:"hackernews" value:{protocol:"grpc" addr:{Network:"unix" Address:"/tmp/plugin944576857"} pid:2072 supported_operations:{query_cache:true multiple_connections:true} connections:"hackernews" plugin:"hub.steampipe.io/plugins/turbot/hackernews@latest"}}
2022-12-25 10:19:36.042 UTC [INFO]  steampipe-plugin-hackernews.plugin: [INFO]  1671963576814: Plugin Execute (1671963576814)
2022-12-25 10:19:36.042 UTC [TRACE] steampipe-plugin-hackernews.plugin: [TRACE] 1671963576814: No memory limit set
2022-12-25 10:19:36.042 UTC [INFO]  steampipe-plugin-hackernews.plugin: [INFO]  1671963576814: Plugin Execute, setting memory limit to -1Mb
2022-12-25 10:19:36.042 UTC [TRACE] steampipe-plugin-hackernews.plugin: [TRACE] 1671963576814: calling ExtractContextFromCarrier
2022-12-25 10:19:36.043 UTC [INFO]  steampipe-plugin-hackernews.plugin: [INFO]  1671963576814: Setting max concurrent connections to 25
2022-12-25 10:19:36.043 UTC [TRACE] steampipe-plugin-hackernews.plugin: [TRACE] 1671963576814: executeForConnection callId: 1671963576814, connectionCallId: hackernews-1671963576814, connection: hackernews table: hackernews_new cols: id,title,time,by,score,dead,deleted,descendants,kids,parent,parts,poll,text,type,url,_ctx
2022-12-25 10:19:36.043 UTC [TRACE] steampipe-plugin-hackernews.plugin: [TRACE] 1671963576814: got connection data
2022-12-25 10:19:36.043 UTC [TRACE] steampipe-plugin-hackernews.plugin: [TRACE] 1671963576814: Got query context, table: hackernews_new, cols: [id title time by score dead deleted descendants kids parent parts poll text type url _ctx]
2022-12-25 10:19:36.043 UTC [TRACE] steampipe-plugin-hackernews.plugin: [TRACE] 1671963576814: Start execute span
2022-12-25 10:19:36.043 UTC [INFO]  steampipe-plugin-hackernews.plugin: [INFO]  1671963576814: Setting free memory interval to 100 rows
2022-12-25 10:19:36.043 UTC [TRACE] steampipe-plugin-hackernews.plugin: [TRACE] 1671963576814: setFetchType map[time:quals:{fieldName:"time"  string_value:">"  value:{timestamp_value:{seconds:1671959975  nanos:916239000}}}]
2022-12-25 10:19:36.044 UTC [TRACE] steampipe-plugin-hackernews.plugin: [TRACE] 1671963576814: getMatchingQuals column:'id' operator: =
2022-12-25 10:19:36.044 UTC [TRACE] steampipe-plugin-hackernews.plugin: [TRACE] 1671963576814: getMatchingQuals returning false - qualMap does not contain any quals for column id
2022-12-25 10:19:36.044 UTC [TRACE] steampipe-plugin-hackernews.plugin: [TRACE] 1671963576814: GetUnsatisfiedKeyColumns for columns column:'id' operator: =
2022-12-25 10:19:36.045 UTC [TRACE] steampipe-plugin-hackernews.plugin: [TRACE] 1671963576814: key column NOT satisfied column:'id' operator: =
2022-12-25 10:19:36.045 UTC [TRACE] steampipe-plugin-hackernews.plugin: [TRACE] 1671963576814: satisfied: map[any_of: optional: required:]
2022-12-25 10:19:36.046 UTC [TRACE] steampipe-plugin-hackernews.plugin: [TRACE] 1671963576814: unsatisfied: map[any_of: optional: required:column:'id' operator: =]
2022-12-25 10:19:36.046 UTC [TRACE] steampipe-plugin-hackernews.plugin: [TRACE] 1671963576814: unsatisfied required KeyColumns: column:'id' operator: =
2022-12-25 10:19:36.047 UTC [TRACE] steampipe-plugin-hackernews.plugin: [TRACE] 1671963576814: Set fetchType to fetchTypeList
2022-12-25 10:19:36.047 UTC [TRACE] steampipe-plugin-hackernews.plugin: [TRACE] 1671963576814: Equals key column quals:
2022-12-25 10:19:36.047 UTC [DEBUG] steampipe-plugin-hackernews.plugin: {}
2022-12-25 10:19:36.047 UTC [TRACE] steampipe-plugin-hackernews.plugin: [TRACE] 1671963576814: All key column quals:
2022-12-25 10:19:36.047 UTC [DEBUG] steampipe-plugin-hackernews.plugin: {}
2022-12-25 10:19:36.047 UTC [TRACE] steampipe-plugin-hackernews.plugin: [TRACE] 1671963576814: GetMatrixItem
2022-12-25 10:19:36.047 UTC [TRACE] steampipe-plugin-hackernews.plugin: [TRACE] 1671963576814: creating query data
2022-12-25 10:19:36.047 UTC [INFO]  steampipe-plugin-hackernews.plugin: [INFO]  1671963576814: cacheEnabled, trying cache get (hackernews-1671963576814)
2022-12-25 10:19:36.047 UTC [TRACE] steampipe-plugin-hackernews.plugin: [TRACE] 1671963576814: QueryCache Get - indexBucketKey index__hackernewshackernews_new, quals
2022-12-25 10:19:36.047 UTC [TRACE] steampipe-plugin-hackernews.plugin: [TRACE] 1671963576814: QueryCache getCachedQueryResult - table hackernews_new, connectionName hackernews
2022-12-25 10:19:36.047 UTC [TRACE] steampipe-plugin-hackernews.plugin: [TRACE] 1671963576814: index bucket key: index__hackernewshackernews_new ttlSeconds 300 limit: -1
2022-12-25 10:19:36.047 UTC [TRACE] steampipe-plugin-hackernews.plugin: [TRACE] 1671963576814: doGet cache miss
2022-12-25 10:19:36.047 UTC [TRACE] steampipe-plugin-hackernews.plugin: [TRACE] 1671963576814: getCachedIndexBucket - no item retrieved for cache key index__hackernewshackernews_new
2022-12-25 10:19:36.047 UTC [TRACE] steampipe-plugin-hackernews.plugin: [TRACE] 1671963576814: getCachedQueryResult returned CACHE MISS - checking for pending transfers
2022-12-25 10:19:36.047 UTC [TRACE] steampipe-plugin-hackernews.plugin: [TRACE] 1671963576814: getPendingResultItem indexBucketKey index__hackernewshackernews_new, columns [id title time by score dead deleted descendants kids parent parts poll text type url _ctx], limit -1
2022-12-25 10:19:36.047 UTC [TRACE] steampipe-plugin-hackernews.plugin: [TRACE] 1671963576814: no pending index item - add pending result, indexBucketKey index__hackernewshackernews_new
2022-12-25 10:19:36.047 UTC [TRACE] steampipe-plugin-hackernews.plugin: [TRACE] 1671963576814: addPendingResult (hackernews-1671963576814) indexBucketKey index__hackernewshackernews_new, columns [id title time by score dead deleted descendants kids parent parts poll text type url _ctx], limit -1
2022-12-25 10:19:36.047 UTC [TRACE] steampipe-plugin-hackernews.plugin: [TRACE] 1671963576814: no index bucket found - creating one
2022-12-25 10:19:36.047 UTC [TRACE] steampipe-plugin-hackernews.plugin: [TRACE] 1671963576814: pendingIndexItem Lock count before 0
2022-12-25 10:19:36.047 UTC [TRACE] steampipe-plugin-hackernews.plugin: [TRACE] 1671963576814: addPendingResult added pending index item to bucket, (hackernews-1671963576814) indexBucketKey index__hackernewshackernews_new, resultKeyRoot hackernewshackernews_newid,title,time,by,score,dead,deleted,descendants,kids,parent,parts,poll,text,type,url,_ctx-1, pending item : 0xc0003ed8f0
2022-12-25 10:19:36.047 UTC [TRACE] steampipe-plugin-hackernews.plugin: [TRACE] 1671963576814: **** pending items (hackernews-1671963576814)****
2022-12-25 10:19:36.047 UTC [TRACE] steampipe-plugin-hackernews.plugin: [TRACE] 1671963576814: key: index__hackernewshackernews_new: item: 0xc0003ed8f0, count: 1, key:hackernewshackernews_newid,title,time,by,score,dead,deleted,descendants,kids,parent,parts,poll,text,type,url,_ctx-1
2022-12-25 10:19:36.047 UTC [TRACE] steampipe-plugin-hackernews.plugin: [TRACE] 1671963576814: ********
2022-12-25 10:19:36.047 UTC [TRACE] steampipe-plugin-hackernews.plugin: [TRACE] 1671963576814: getPendingResultItem returning <nil>
2022-12-25 10:19:36.047 UTC [INFO]  steampipe-plugin-hackernews.plugin: [INFO]  1671963576814: CACHE MISS
2022-12-25 10:19:36.047 UTC [TRACE] steampipe-plugin-hackernews.plugin: [TRACE] 1671963576814: cache MISS
2022-12-25 10:19:36.047 UTC [INFO]  steampipe-plugin-hackernews.plugin: [INFO]  1671963576814: queryCacheGet returned CACHE MISS (hackernews-1671963576814)
2022-12-25 10:19:36.047 UTC [TRACE] steampipe-plugin-hackernews.plugin: [TRACE] 1671963576814: StartSet (hackernews-1671963576814)
2022-12-25 10:19:36.047 UTC [TRACE] steampipe-plugin-hackernews.plugin: [TRACE] 1671963576814: calling fetchItems, table: hackernews_new, matrixItem: [], limit: -1,  connectionCallId: hackernews-1671963576814"
2022-12-25 10:19:36.047 UTC [TRACE] steampipe-plugin-hackernews.plugin: [TRACE] 1671963576814: buildRowsAsync connectionCallId: hackernews-1671963576814
2022-12-25 10:19:36.047 UTC [TRACE] steampipe-plugin-hackernews.plugin: [TRACE] 1671963576814: streamRows connectionCallId: hackernews-1671963576814
2022-12-25 10:19:36.048 UTC [TRACE] steampipe-plugin-hackernews.plugin: [TRACE] 1671963576814: QueryData streamRows (hackernews-1671963576814)
2022-12-25 10:19:36.048 UTC [TRACE] steampipe-plugin-hackernews.plugin: [TRACE] 1671963576814: executeListCall START (hackernews-1671963576814)
2022-12-25 10:19:36.048 UTC [TRACE] steampipe-plugin-hackernews.plugin: [TRACE] 1671963576814: GetUnsatisfiedKeyColumns for columns
2022-12-25 10:19:36.048 UTC [TRACE] steampipe-plugin-hackernews.plugin: [TRACE] 1671963576814: doList (hackernews-1671963576814)
2022-12-25 10:19:36.048 UTC [TRACE] steampipe-plugin-hackernews.plugin: [TRACE] 1671963576814: doList: no matrix item
2022-12-25 10:19:36.264 UTC [TRACE] steampipe-plugin-hackernews.plugin: [TRACE] 1671963576814: QueryData.fetchComplete
2022-12-25 10:19:36.264 UTC [TRACE] steampipe-plugin-hackernews.plugin: [TRACE] 1671963576814: executeListCall COMPLETE (hackernews-1671963576814)
2022-12-25 10:19:36.264 UTC [TRACE] steampipe-plugin-hackernews.plugin: [TRACE] 1671963576814: rowData chan returned nil - wait for rows to complete (hackernews-1671963576814)
2022-12-25 10:19:36.299 UTC [TRACE] stdio: received data: channel=STDOUT len=15
2022-12-25 10:19:36.299 UTC [TRACE] stdio: waiting for stdio data
2022-12-25 10:19:36.459 UTC [TRACE] stdio: received data: channel=STDOUT len=1024
2022-12-25 10:19:36.459 UTC [TRACE] stdio: waiting for stdio data
2022-12-25 10:19:36.518 UTC [TRACE] stdio: received data: channel=STDOUT len=1024
2022-12-25 10:19:36.518 UTC [TRACE] stdio: waiting for stdio data
2022-12-25 10:19:36.641 UTC [TRACE] stdio: received data: channel=STDOUT len=1024
2022-12-25 10:19:36.641 UTC [TRACE] stdio: waiting for stdio data
2022-12-25 10:19:36.641 UTC [TRACE] stdio: received data: channel=STDOUT len=147
2022-12-25 10:19:36.641 UTC [TRACE] stdio: waiting for stdio data
2022-12-25 10:19:36.719 UTC [TRACE] stdio: received data: channel=STDOUT len=1024
2022-12-25 10:19:36.719 UTC [TRACE] stdio: waiting for stdio data
2022-12-25 10:19:36.719 UTC [TRACE] stdio: received data: channel=STDOUT len=349
2022-12-25 10:19:36.719 UTC [TRACE] stdio: waiting for stdio data
2022-12-25 10:19:36.723 UTC [TRACE] stdio: received data: channel=STDOUT len=55
2022-12-25 10:19:36.723 UTC [TRACE] stdio: waiting for stdio data
2022-12-25 10:19:36.729 UTC [TRACE] stdio: received data: channel=STDOUT len=55
2022-12-25 10:19:36.729 UTC [TRACE] stdio: waiting for stdio data
2022-12-25 10:19:36.777 UTC [TRACE] steampipe-plugin-hackernews.plugin: [TRACE] 1671963576814: buildRowsAsync goroutine returning (hackernews-1671963576814)
2022-12-25 10:19:36.777 UTC [TRACE] steampipe-plugin-hackernews.plugin: [TRACE] 1671963576814: streamRows - nil row, stop streaming (hackernews-1671963576814)
2022-12-25 10:19:36.778 UTC [TRACE] steampipe-plugin-hackernews.plugin: [TRACE] 1671963576814: ------------------------------------
2022-12-25 10:19:36.778 UTC [TRACE] steampipe-plugin-hackernews.plugin: [TRACE] 1671963576814: Concurrency Summary
2022-12-25 10:19:36.778 UTC [TRACE] steampipe-plugin-hackernews.plugin: [TRACE] 1671963576814: ------------------------------------
2022-12-25 10:19:36.778 UTC [TRACE] steampipe-plugin-hackernews.plugin: [TRACE] 1671963576814: getItem                       : 200
2022-12-25 10:19:36.778 UTC [TRACE] steampipe-plugin-hackernews.plugin: [TRACE] 1671963576814: ------------------------------------
2022-12-25 10:19:36.778 UTC [TRACE] steampipe-plugin-hackernews.plugin: [TRACE] 1671963576814: Total                         : 200
2022-12-25 10:19:36.778 UTC [TRACE] steampipe-plugin-hackernews.plugin: [TRACE] 1671963576814: ------------------------------------
2022-12-25 10:19:36.778 UTC [TRACE] steampipe-plugin-hackernews.plugin: [TRACE] 1671963576814: QueryData streamRows DONE (hackernews-1671963576814)
2022-12-25 10:19:36.778 UTC [TRACE] steampipe-plugin-hackernews.plugin: [TRACE] 1671963576814: EndSet (hackernews-1671963576814) table hackernews_new
2022-12-25 10:19:36.778 UTC [TRACE] steampipe-plugin-hackernews.plugin: [TRACE] 1671963576814: QueryCache writePageToCache: 500 rows, pageCount 1, page key hackernewshackernews_newid,title,time,by,score,dead,deleted,descendants,kids,parent,parts,poll,text,type,url,_ctx-1-0
2022-12-25 10:19:36.787 UTC [TRACE] steampipe-plugin-hackernews.plugin: [TRACE] 1671963576814: writePageToCache Set - result written
2022-12-25 10:19:36.787 UTC [TRACE] steampipe-plugin-hackernews.plugin: [TRACE] 1671963576814: QueryCache EndSet - result written
2022-12-25 10:19:36.787 UTC [TRACE] steampipe-plugin-hackernews.plugin: [TRACE] 1671963576814: doGet cache miss
2022-12-25 10:19:36.787 UTC [TRACE] steampipe-plugin-hackernews.plugin: [TRACE] 1671963576814: getCachedIndexBucket - no item retrieved for cache key index__hackernewshackernews_new
2022-12-25 10:19:36.787 UTC [TRACE] steampipe-plugin-hackernews.plugin: [TRACE] 1671963576814: getCachedIndexBucket returned cache miss
2022-12-25 10:19:36.787 UTC [TRACE] steampipe-plugin-hackernews.plugin: [TRACE] 1671963576814: QueryCache EndSet - Added index item (0xc01ac916e0) to bucket (0xc01a9fdda0), page count 1,  key root hackernewshackernews_newid,title,time,by,score,dead,deleted,descendants,kids,parent,parts,poll,text,type,url,_ctx-1
2022-12-25 10:19:36.787 UTC [TRACE] steampipe-plugin-hackernews.plugin: [TRACE] 1671963576814: cacheSetIndexBucket index__hackernewshackernews_new
2022-12-25 10:19:36.787 UTC [TRACE] steampipe-plugin-hackernews.plugin: [TRACE] 1671963576814: QueryCache EndSet - IndexBucket written
2022-12-25 10:19:36.787 UTC [TRACE] steampipe-plugin-hackernews.plugin: [TRACE] 1671963576814: EndSet DEFER (hackernews-1671963576814) table hackernews_new
2022-12-25 10:19:36.787 UTC [TRACE] steampipe-plugin-hackernews.plugin: [TRACE] 1671963576814: calling pendingItemComplete (hackernews-1671963576814)
2022-12-25 10:19:36.787 UTC [TRACE] steampipe-plugin-hackernews.plugin: [TRACE] 1671963576814: pendingItemComplete (hackernews-1671963576814) indexBucketKey index__hackernewshackernews_new, columns [id title time by score dead deleted descendants kids parent parts poll text type url _ctx], limit -1
2022-12-25 10:19:36.787 UTC [TRACE] steampipe-plugin-hackernews.plugin: [TRACE] 1671963576814: got pending index bucket, (hackernews-1671963576814) len 1
2022-12-25 10:19:36.787 UTC [TRACE] steampipe-plugin-hackernews.plugin: [TRACE] 1671963576814: SatisfiesLimit limit -1, no item limit - satisfied
2022-12-25 10:19:36.787 UTC [TRACE] steampipe-plugin-hackernews.plugin: [TRACE] 1671963576814: found pending index item to satisfy columns id,title,time,by,score,dead,deleted,descendants,kids,parent,parts,poll,text,type,url,_ctx, limit -1
2022-12-25 10:19:36.788 UTC [TRACE] steampipe-plugin-hackernews.plugin: [TRACE] 1671963576814: found completed pending item (hackernews-1671963576814) 0xc0003ed8f0, key hackernewshackernews_newid,title,time,by,score,dead,deleted,descendants,kids,parent,parts,poll,text,type,url,_ctx-1 - removing from map as it is complete
2022-12-25 10:19:36.788 UTC [TRACE] steampipe-plugin-hackernews.plugin: [TRACE] 1671963576814: pendingIndexItem Unlock count before 1 key hackernewshackernews_newid,title,time,by,score,dead,deleted,descendants,kids,parent,parts,poll,text,type,url,_ctx-1
2022-12-25 10:19:36.788 UTC [TRACE] steampipe-plugin-hackernews.plugin: [TRACE] 1671963576814: deleted from pending, (hackernews-1671963576814) len 0
2022-12-25 10:19:36.788 UTC [TRACE] steampipe-plugin-hackernews.plugin: [TRACE] 1671963576814: pending bucket now empty - deleting key index__hackernewshackernews_new
2022-12-25 10:19:36.788 UTC [TRACE] steampipe-plugin-hackernews.plugin: [TRACE] 1671963576814: pendingItemComplete done (hackernews-1671963576814)
2022-12-25 10:19:36.788 UTC [TRACE] steampipe-plugin-hackernews.plugin: [TRACE] 1671963576814: cache set succeeded
2022-12-25 10:19:36.788 UTC [TRACE] steampipe-plugin-hackernews.plugin: [TRACE] 1671963576814: End execute span
2022-12-25 10:19:36.788 UTC [TRACE] steampipe-plugin-hackernews.plugin: [TRACE] 1671963576814: executeForConnection DEFER (hackernews-1671963576814)
2022-12-25 10:19:36.788 UTC [TRACE] steampipe-plugin-hackernews.plugin: [TRACE] 1671963576814: Execute complete callId: hackernews-1671963576814 table: hackernews_new
2022-12-25 10:19:36.788 UTC [TRACE] steampipe-plugin-hackernews.plugin: [TRACE] 1671963576814: executeForConnection hackernews returned
2022-12-25 10:19:36.788 UTC [TRACE] steampipe-plugin-hackernews.plugin: [TRACE] 1671963576814: output wg complete - send nil row
2022-12-25 10:19:36.788 UTC [TRACE] steampipe-plugin-hackernews.plugin: [TRACE] 1671963576814: empty row on output channel - we are done
2022-12-25 10:19:36.788 UTC [INFO]  steampipe-plugin-hackernews.plugin: [INFO]  1671963576814: Plugin Execute complete (1671963576814)
2022-12-25 10:19:36.877 UTC [TRACE] PluginManager Shutdown
2022-12-25 10:19:36.877 UTC [TRACE] killing plugin csv (2047)
2022-12-25 10:19:36.878 UTC [TRACE] steampipe-plugin-csv.plugin: [TRACE] FLUSHING instrumentation
2022-12-25 10:19:36.878 UTC [TRACE] steampipe-plugin-csv.plugin: [TRACE] Shutdown instrumentation
2022-12-25 10:19:36.878 UTC [DEBUG] stdio: received EOF, stopping recv loop: err="rpc error: code = Unavailable desc = error reading from server: EOF"
2022-12-25 10:19:36.879 UTC [INFO]  plugin process exited: path=/home/runner/.steampipe/plugins/hub.steampipe.io/plugins/turbot/csv@latest/steampipe-plugin-csv.plugin pid=2047
2022-12-25 10:19:36.879 UTC [DEBUG] plugin exited
2022-12-25 10:19:36.879 UTC [TRACE] killing plugin hackernews (2072)
2022-12-25 10:19:36.879 UTC [DEBUG] stdio: received EOF, stopping recv loop: err="rpc error: code = Unavailable desc = error reading from server: EOF"
2022-12-25 10:19:36.879 UTC [TRACE] steampipe-plugin-hackernews.plugin: [TRACE] 1671963576814: FLUSHING instrumentation
2022-12-25 10:19:36.879 UTC [TRACE] steampipe-plugin-hackernews.plugin: [TRACE] 1671963576814: Shutdown instrumentation
2022-12-25 10:19:36.882 UTC [INFO]  plugin process exited: path=/home/runner/.steampipe/plugins/hub.steampipe.io/plugins/turbot/hackernews@latest/steampipe-plugin-hackernews.plugin pid=2072
2022-12-25 10:19:36.882 UTC [DEBUG] plugin exited
2022-12-25 10:19:43.459 UTC [WARN]  steampipe-plugin-csv.plugin: [WARN]  1671963583442: getKeyColumnsForTable found no schema for table '/home/runner/work/steampipe-samples/steampipe-samples/all/hackernews/hn.csv'
2022-12-25 10:20:22.178 UTC [WARN]  steampipe-plugin-csv.plugin: [WARN]  167196362284: getKeyColumnsForTable found no schema for table '/home/runner/work/steampipe-samples/steampipe-samples/all/hackernews/hn.csv'
2022-12-25 10:23:19.399 UTC [ERROR] steampipe-plugin-csv.plugin: [ERROR] csv.tableCSV: header_parse_error=EOF path=/home/runner/work/steampipe-samples/steampipe-samples/all/hackernews/new_sc.csv header=[]
2022-12-25 10:23:19.400 UTC [ERROR] steampipe-plugin-csv.plugin: [ERROR] csv.PluginTables: create_table_error="failed to parse file header /home/runner/work/steampipe-samples/steampipe-samples/all/hackernews/new_sc.csv: EOF" path=/home/runner/work/steampipe-samples/steampipe-samples/all/hackernews/new_sc.csv
2022-12-25 10:23:19.400 UTC [WARN]  failed to set connection config: failed to parse file header /home/runner/work/steampipe-samples/steampipe-samples/all/hackernews/new_sc.csv: EOF
2022-12-25 10:23:20.930 UTC [WARN]  steampipe-plugin-csv.plugin: [WARN]  1671963800403: getKeyColumnsForTable found no schema for table '/home/runner/work/steampipe-samples/steampipe-samples/all/hackernews/new_sc.csv'
2022-12-25 10:23:29.528 UTC [ERROR] steampipe-plugin-csv.plugin: [ERROR] csv.tableCSV: header_parse_error=EOF path=/home/runner/work/steampipe-samples/steampipe-samples/all/hackernews/hn_items_all.csv header=[]
2022-12-25 10:23:29.528 UTC [ERROR] steampipe-plugin-csv.plugin: [ERROR] csv.PluginTables: create_table_error="failed to parse file header /home/runner/work/steampipe-samples/steampipe-samples/all/hackernews/hn_items_all.csv: EOF" path=/home/runner/work/steampipe-samples/steampipe-samples/all/hackernews/hn_items_all.csv
2022-12-25 10:23:29.528 UTC [WARN]  failed to set connection config: failed to parse file header /home/runner/work/steampipe-samples/steampipe-samples/all/hackernews/hn_items_all.csv: EOF
2022-12-25 10:23:31.217 UTC [ERROR] steampipe-plugin-csv.plugin: [ERROR] csv.tableCSV: header_parse_error=EOF path=/home/runner/work/steampipe-samples/steampipe-samples/all/hackernews/people.csv header=[]
2022-12-25 10:23:31.217 UTC [ERROR] steampipe-plugin-csv.plugin: [ERROR] csv.PluginTables: create_table_error="failed to parse file header /home/runner/work/steampipe-samples/steampipe-samples/all/hackernews/people.csv: EOF" path=/home/runner/work/steampipe-samples/steampipe-samples/all/hackernews/people.csv
2022-12-25 10:23:31.217 UTC [WARN]  failed to set connection config: failed to parse file header /home/runner/work/steampipe-samples/steampipe-samples/all/hackernews/people.csv: EOF
