2023-03-17 12:21:47.055 UTC [INFO]  starting plugin manager
2023-03-17 12:21:47.055 UTC [TRACE] loaded config map: net,csv,github,hackernews
2023-03-17 12:21:47.055 UTC [TRACE] NewPluginManager
2023-03-17 12:21:47.056 UTC [TRACE] PluginManager setPluginCacheSizeMap: 4 connections.
2023-03-17 12:21:47.056 UTC [TRACE] Total cache size 0Mb
2023-03-17 12:21:47.056 UTC [INFO]  starting connection watcher
2023-03-17 12:21:47.056 UTC [INFO]  created ConnectionWatcher
2023-03-17 12:21:47.056 UTC [TRACE] about to serve
2023-03-17 12:21:47.080 UTC [TRACE] PluginManager Get, connections: '[csv]'
2023-03-17 12:21:47.080 UTC [TRACE] PluginManager getPlugin hub.steampipe.io/plugins/turbot/csv@latest connection 'csv'
2023-03-17 12:21:47.080 UTC [TRACE] PluginManager 0xc000337270 plugin hub.steampipe.io/plugins/turbot/csv@latest (csv) NOT started or starting - start now
2023-03-17 12:21:47.080 UTC [TRACE] ************ start plugin csv ********************
2023-03-17 12:21:47.080 UTC [TRACE] ************ plugin path /home/runner/.steampipe/plugins/hub.steampipe.io/plugins/turbot/csv@latest/steampipe-plugin-csv.plugin ********************
2023-03-17 12:21:47.158 UTC [DEBUG] starting plugin: path=/home/runner/.steampipe/plugins/hub.steampipe.io/plugins/turbot/csv@latest/steampipe-plugin-csv.plugin args=["/home/runner/.steampipe/plugins/hub.steampipe.io/plugins/turbot/csv@latest/steampipe-plugin-csv.plugin"]
2023-03-17 12:21:47.158 UTC [DEBUG] plugin started: path=/home/runner/.steampipe/plugins/hub.steampipe.io/plugins/turbot/csv@latest/steampipe-plugin-csv.plugin pid=1999
2023-03-17 12:21:47.158 UTC [DEBUG] waiting for RPC address: path=/home/runner/.steampipe/plugins/hub.steampipe.io/plugins/turbot/csv@latest/steampipe-plugin-csv.plugin
2023-03-17 12:21:47.170 UTC [INFO]  steampipe-plugin-csv.plugin: [INFO]  initialise plugin 'steampipe-plugin-csv', using sdk version 5.2.0
2023-03-17 12:21:47.170 UTC [TRACE] steampipe-plugin-csv.plugin: [TRACE] no DefaultRetryConfig defined - creating empty
2023-03-17 12:21:47.170 UTC [TRACE] steampipe-plugin-csv.plugin: [TRACE] no DefaultIgnoreConfig defined - creating empty
2023-03-17 12:21:47.170 UTC [TRACE] steampipe-plugin-csv.plugin: [TRACE] intialising defaultWatchedFilesChangedFunc
2023-03-17 12:21:47.170 UTC [TRACE] steampipe-plugin-csv.plugin: [TRACE] telemetry.Init service 'steampipe-plugin-csv', tracingEnabled: false, metricsEnabled: false
2023-03-17 12:21:47.170 UTC [TRACE] steampipe-plugin-csv.plugin: [TRACE] metrics and tracing disabled' - returning
2023-03-17 12:21:47.170 UTC [DEBUG] steampipe-plugin-csv.plugin: plugin address: address=/tmp/plugin1613888498 network=unix timestamp=2023-03-17T12:21:47.170Z
2023-03-17 12:21:47.170 UTC [DEBUG] using plugin: version=0
2023-03-17 12:21:47.171 UTC [TRACE] NewPluginClient for plugin hub.steampipe.io/plugins/turbot/csv@latest
2023-03-17 12:21:47.173 UTC [TRACE] stdio: waiting for stdio data
2023-03-17 12:21:47.174 UTC [TRACE] supportedOperations: query_cache:true multiple_connections:true message_stream:true
2023-03-17 12:21:47.174 UTC [TRACE] steampipe-plugin-csv.plugin: [TRACE] SetAllConnectionConfigs setting 1 configs
2023-03-17 12:21:47.174 UTC [TRACE] steampipe-plugin-csv.plugin: [TRACE] connection csv build schema and table map
2023-03-17 12:21:47.174 UTC [TRACE] steampipe-plugin-csv.plugin: [TRACE] Plugin steampipe-plugin-csv initialiseTables
2023-03-17 12:21:47.174 UTC [DEBUG] steampipe-plugin-csv.plugin: [DEBUG] csv.tableCSV: path=/home/runner/work/steampipe-samples/steampipe-samples/all/hackernews/hn_items_all.csv detected_encoding=Unknown
2023-03-17 12:21:47.174 UTC [DEBUG] steampipe-plugin-csv.plugin: [DEBUG] csv.tableCSV: path=/home/runner/work/steampipe-samples/steampipe-samples/all/hackernews/new_sc.csv detected_encoding=Unknown
2023-03-17 12:21:47.174 UTC [TRACE] steampipe-plugin-csv.plugin: [TRACE] initialise table /home/runner/work/steampipe-samples/steampipe-samples/all/hackernews/hn_items_all.csv
2023-03-17 12:21:47.174 UTC [TRACE] steampipe-plugin-csv.plugin: [TRACE] no DefaultRetryConfig defined - creating empty
2023-03-17 12:21:47.174 UTC [TRACE] steampipe-plugin-csv.plugin: [TRACE] no DefaultIgnoreConfig defined - creating empty
2023-03-17 12:21:47.174 UTC [TRACE] steampipe-plugin-csv.plugin: [TRACE] apply plugin defaults for DefaultRetryConfig
2023-03-17 12:21:47.174 UTC [TRACE] steampipe-plugin-csv.plugin: [TRACE] apply plugin defaults for DefaultIgnoreConfig, table &{<nil> <nil>} plugin &{<nil> <nil>}
2023-03-17 12:21:47.174 UTC [TRACE] steampipe-plugin-csv.plugin: [TRACE] DefaultRetryConfig:
2023-03-17 12:21:47.174 UTC [TRACE] steampipe-plugin-csv.plugin: [TRACE] DefaultIgnoreConfig:
2023-03-17 12:21:47.174 UTC [TRACE] steampipe-plugin-csv.plugin: [TRACE] t.List.initialise
2023-03-17 12:21:47.174 UTC [TRACE] steampipe-plugin-csv.plugin: [TRACE] ListConfig.initialise table /home/runner/work/steampipe-samples/steampipe-samples/all/hackernews/hn_items_all.csv
2023-03-17 12:21:47.174 UTC [TRACE] steampipe-plugin-csv.plugin: [TRACE] ListConfig.initialise complete: RetryConfig: , IgnoreConfig
2023-03-17 12:21:47.174 UTC [TRACE] steampipe-plugin-csv.plugin: [TRACE] back from initialiseHydrateConfigs
2023-03-17 12:21:47.174 UTC [TRACE] steampipe-plugin-csv.plugin: [TRACE] initialise table /home/runner/work/steampipe-samples/steampipe-samples/all/hackernews/hn_items_all.csv COMPLETE
2023-03-17 12:21:47.174 UTC [TRACE] steampipe-plugin-csv.plugin: [TRACE] initialise table /home/runner/work/steampipe-samples/steampipe-samples/all/hackernews/new_sc.csv
2023-03-17 12:21:47.174 UTC [TRACE] steampipe-plugin-csv.plugin: [TRACE] no DefaultRetryConfig defined - creating empty
2023-03-17 12:21:47.174 UTC [TRACE] steampipe-plugin-csv.plugin: [TRACE] no DefaultIgnoreConfig defined - creating empty
2023-03-17 12:21:47.174 UTC [TRACE] steampipe-plugin-csv.plugin: [TRACE] apply plugin defaults for DefaultRetryConfig
2023-03-17 12:21:47.174 UTC [TRACE] steampipe-plugin-csv.plugin: [TRACE] apply plugin defaults for DefaultIgnoreConfig, table &{<nil> <nil>} plugin &{<nil> <nil>}
2023-03-17 12:21:47.174 UTC [TRACE] steampipe-plugin-csv.plugin: [TRACE] DefaultRetryConfig:
2023-03-17 12:21:47.174 UTC [TRACE] steampipe-plugin-csv.plugin: [TRACE] DefaultIgnoreConfig:
2023-03-17 12:21:47.174 UTC [TRACE] steampipe-plugin-csv.plugin: [TRACE] t.List.initialise
2023-03-17 12:21:47.174 UTC [TRACE] steampipe-plugin-csv.plugin: [TRACE] ListConfig.initialise table /home/runner/work/steampipe-samples/steampipe-samples/all/hackernews/new_sc.csv
2023-03-17 12:21:47.174 UTC [TRACE] steampipe-plugin-csv.plugin: [TRACE] ListConfig.initialise complete: RetryConfig: , IgnoreConfig
2023-03-17 12:21:47.174 UTC [TRACE] steampipe-plugin-csv.plugin: [TRACE] back from initialiseHydrateConfigs
2023-03-17 12:21:47.174 UTC [TRACE] steampipe-plugin-csv.plugin: [TRACE] initialise table /home/runner/work/steampipe-samples/steampipe-samples/all/hackernews/new_sc.csv COMPLETE
2023-03-17 12:21:47.174 UTC [TRACE] steampipe-plugin-csv.plugin: [TRACE] validate plugin steampipe-plugin-csv, required columns []
2023-03-17 12:21:47.174 UTC [TRACE] steampipe-plugin-csv.plugin: [TRACE] validate DefaultRetryConfig
2023-03-17 12:21:47.174 UTC [TRACE] steampipe-plugin-csv.plugin: [TRACE] validate DefaultIgnoreConfig
2023-03-17 12:21:47.174 UTC [TRACE] steampipe-plugin-csv.plugin: [TRACE] validate table names
2023-03-17 12:21:47.176 UTC [INFO]  steampipe-plugin-csv.plugin: [INFO]  plugin validation result: 0 warnings 0 errors
2023-03-17 12:21:47.176 UTC [TRACE] steampipe-plugin-csv.plugin: [TRACE] SetAllConnectionConfigs added connection csv to map, setting watch paths
2023-03-17 12:21:47.176 UTC [TRACE] steampipe-plugin-csv.plugin: [TRACE] updateConnectionWatchPaths for connection csv, watch paths: [/home/runner/work/steampipe-samples/steampipe-samples/all/hackernews/*.csv]
2023-03-17 12:21:47.176 UTC [TRACE] steampipe-plugin-csv.plugin: [TRACE] ConnectionData.updateWatchPaths - create watcher options from the watchPaths [/home/runner/work/steampipe-samples/steampipe-samples/all/hackernews/*.csv]
2023-03-17 12:21:47.176 UTC [TRACE] steampipe-plugin-csv.plugin: [TRACE] ConnectionData.updateWatchPaths - created the new file watcher
2023-03-17 12:21:47.176 UTC [TRACE] steampipe-plugin-csv.plugin: [TRACE] Plugin ensureCache creating cache, maxCacheStorageMb 0
2023-03-17 12:21:47.176 UTC [TRACE] steampipe-plugin-csv.plugin: [TRACE] createCacheStore for plugin 'steampipe-plugin-csv' setting max size to 0Mb, Shards: 2, max shard size: 0
2023-03-17 12:21:47.193 UTC [INFO]  steampipe-plugin-csv.plugin: [INFO]  query cache created
2023-03-17 12:21:47.193 UTC [DEBUG] steampipe-plugin-csv.plugin: [DEBUG] SetAllConnectionConfigs finished
2023-03-17 12:21:47.194 UTC [TRACE] PluginMessageServer AddConnection for connections [csv]
2023-03-17 12:21:47.194 UTC [TRACE] openMessageStream for connection 'csv'
2023-03-17 12:21:47.194 UTC [TRACE] calling EstablishMessageStream
2023-03-17 12:21:47.194 UTC [TRACE] PluginManager getPlugin complete, returning reattach config with PID: 1999
2023-03-17 12:21:47.195 UTC [TRACE] runMessageListener connection 'csv'
2023-03-17 12:21:47.195 UTC [TRACE] steampipe-plugin-csv.plugin: [TRACE] plugin.EstablishMessageStream plugin 0xc00017e1e0, stream 0xc000270c20
2023-03-17 12:21:47.195 UTC [TRACE] steampipe-plugin-csv.plugin: [TRACE] plugin.EstablishMessageStream set on plugin: plugin.messageStream 0xc000270c20
2023-03-17 12:21:47.239 UTC [TRACE] PluginManager Get, connections: '[csv]'
2023-03-17 12:21:47.239 UTC [TRACE] PluginManager getPlugin hub.steampipe.io/plugins/turbot/csv@latest connection 'csv'
2023-03-17 12:21:47.239 UTC [TRACE] connection csv found in connectionPluginMap
2023-03-17 12:21:47.239 UTC [TRACE] initialized: 1999
2023-03-17 12:21:47.239 UTC [TRACE] initialized: 1999
2023-03-17 12:21:47.239 UTC [TRACE] connection csv is loaded, check for running PID
2023-03-17 12:21:47.240 UTC [TRACE] PluginManager found 'csv' in map, pid 1999
2023-03-17 12:21:47.311 UTC [TRACE] PluginManager Get, connections: '[hackernews]'
2023-03-17 12:21:47.311 UTC [TRACE] PluginManager getPlugin hub.steampipe.io/plugins/turbot/hackernews@latest connection 'hackernews'
2023-03-17 12:21:47.311 UTC [TRACE] PluginManager 0xc000337270 plugin hub.steampipe.io/plugins/turbot/hackernews@latest (hackernews) NOT started or starting - start now
2023-03-17 12:21:47.311 UTC [TRACE] ************ start plugin hackernews ********************
2023-03-17 12:21:47.311 UTC [TRACE] ************ plugin path /home/runner/.steampipe/plugins/hub.steampipe.io/plugins/turbot/hackernews@latest/steampipe-plugin-hackernews.plugin ********************
2023-03-17 12:21:47.375 UTC [DEBUG] starting plugin: path=/home/runner/.steampipe/plugins/hub.steampipe.io/plugins/turbot/hackernews@latest/steampipe-plugin-hackernews.plugin args=["/home/runner/.steampipe/plugins/hub.steampipe.io/plugins/turbot/hackernews@latest/steampipe-plugin-hackernews.plugin"]
2023-03-17 12:21:47.375 UTC [DEBUG] plugin started: path=/home/runner/.steampipe/plugins/hub.steampipe.io/plugins/turbot/hackernews@latest/steampipe-plugin-hackernews.plugin pid=2023
2023-03-17 12:21:47.375 UTC [DEBUG] waiting for RPC address: path=/home/runner/.steampipe/plugins/hub.steampipe.io/plugins/turbot/hackernews@latest/steampipe-plugin-hackernews.plugin
2023-03-17 12:21:47.383 UTC [INFO]  steampipe-plugin-hackernews.plugin: [INFO]  Initialise plugin 'steampipe-plugin-hackernews', using sdk version 4.1.7
2023-03-17 12:21:47.383 UTC [TRACE] steampipe-plugin-hackernews.plugin: [TRACE] defaulting SchemaMode to SchemaModeStatic
2023-03-17 12:21:47.383 UTC [TRACE] steampipe-plugin-hackernews.plugin: [TRACE] no DefaultRetryConfig defined - creating empty
2023-03-17 12:21:47.383 UTC [TRACE] steampipe-plugin-hackernews.plugin: [TRACE] no DefaultIgnoreConfig defined - creating empty
2023-03-17 12:21:47.383 UTC [TRACE] steampipe-plugin-hackernews.plugin: [TRACE] Setting Ulimit: ulimit=2560
2023-03-17 12:21:47.384 UTC [TRACE] steampipe-plugin-hackernews.plugin: [TRACE] telemetry.Init service 'steampipe-plugin-hackernews', tracingEnabled: false, metricsEnabled: false
2023-03-17 12:21:47.384 UTC [TRACE] steampipe-plugin-hackernews.plugin: [TRACE] metrics and tracing disabled' - returning
2023-03-17 12:21:47.385 UTC [DEBUG] steampipe-plugin-hackernews.plugin: plugin address: address=/tmp/plugin990045480 network=unix timestamp=2023-03-17T12:21:47.385Z
2023-03-17 12:21:47.385 UTC [DEBUG] using plugin: version=0
2023-03-17 12:21:47.385 UTC [TRACE] NewPluginClient for plugin hub.steampipe.io/plugins/turbot/hackernews@latest
2023-03-17 12:21:47.386 UTC [TRACE] stdio: waiting for stdio data
2023-03-17 12:21:47.386 UTC [TRACE] supportedOperations: query_cache:true multiple_connections:true
2023-03-17 12:21:47.387 UTC [TRACE] steampipe-plugin-hackernews.plugin: [TRACE] SetAllConnectionConfigs setting 1 configs
2023-03-17 12:21:47.387 UTC [TRACE] steampipe-plugin-hackernews.plugin: [TRACE] connection hackernews build schema and table map
2023-03-17 12:21:47.387 UTC [TRACE] steampipe-plugin-hackernews.plugin: [TRACE] initialise table hackernews_show_hn
2023-03-17 12:21:47.387 UTC [TRACE] steampipe-plugin-hackernews.plugin: [TRACE] no DefaultRetryConfig defined - creating empty
2023-03-17 12:21:47.387 UTC [TRACE] steampipe-plugin-hackernews.plugin: [TRACE] no DefaultIgnoreConfig defined - creating empty
2023-03-17 12:21:47.387 UTC [TRACE] steampipe-plugin-hackernews.plugin: [TRACE] apply plugin defaults for DefaultRetryConfig
2023-03-17 12:21:47.387 UTC [TRACE] steampipe-plugin-hackernews.plugin: [TRACE] apply plugin defaults for DefaultIgnoreConfig, table &{<nil> <nil>} plugin &{<nil> <nil>}
2023-03-17 12:21:47.387 UTC [TRACE] steampipe-plugin-hackernews.plugin: [TRACE] DefaultRetryConfig:
2023-03-17 12:21:47.387 UTC [TRACE] steampipe-plugin-hackernews.plugin: [TRACE] DefaultIgnoreConfig:
2023-03-17 12:21:47.387 UTC [TRACE] steampipe-plugin-hackernews.plugin: [TRACE] t.Get.initialise
2023-03-17 12:21:47.387 UTC [TRACE] steampipe-plugin-hackernews.plugin: [TRACE] GetConfig.initialise table hackernews_show_hn
2023-03-17 12:21:47.387 UTC [TRACE] steampipe-plugin-hackernews.plugin: [TRACE] GetConfig.initialise complete: RetryConfig: , IgnoreConfig:
2023-03-17 12:21:47.387 UTC [TRACE] steampipe-plugin-hackernews.plugin: [TRACE] t.List.initialise
2023-03-17 12:21:47.387 UTC [TRACE] steampipe-plugin-hackernews.plugin: [TRACE] ListConfig.initialise table hackernews_show_hn
2023-03-17 12:21:47.387 UTC [TRACE] steampipe-plugin-hackernews.plugin: [TRACE] ListConfig.initialise complete: RetryConfig: , IgnoreConfig
2023-03-17 12:21:47.387 UTC [TRACE] steampipe-plugin-hackernews.plugin: [TRACE] HydrateConfig.initialise func getItem, table hackernews_show_hn
2023-03-17 12:21:47.387 UTC [TRACE] steampipe-plugin-hackernews.plugin: [TRACE] HydrateConfig.initialise complete: RetryConfig: , IgnoreConfig:
2023-03-17 12:21:47.387 UTC [TRACE] steampipe-plugin-hackernews.plugin: [TRACE] back from initialiseHydrateConfigs
2023-03-17 12:21:47.387 UTC [TRACE] steampipe-plugin-hackernews.plugin: [TRACE] initialise table hackernews_show_hn COMPLETE
2023-03-17 12:21:47.387 UTC [TRACE] steampipe-plugin-hackernews.plugin: [TRACE] initialise table hackernews_top
2023-03-17 12:21:47.387 UTC [TRACE] steampipe-plugin-hackernews.plugin: [TRACE] no DefaultRetryConfig defined - creating empty
2023-03-17 12:21:47.387 UTC [TRACE] steampipe-plugin-hackernews.plugin: [TRACE] no DefaultIgnoreConfig defined - creating empty
2023-03-17 12:21:47.387 UTC [TRACE] steampipe-plugin-hackernews.plugin: [TRACE] apply plugin defaults for DefaultRetryConfig
2023-03-17 12:21:47.387 UTC [TRACE] steampipe-plugin-hackernews.plugin: [TRACE] apply plugin defaults for DefaultIgnoreConfig, table &{<nil> <nil>} plugin &{<nil> <nil>}
2023-03-17 12:21:47.387 UTC [TRACE] steampipe-plugin-hackernews.plugin: [TRACE] DefaultRetryConfig:
2023-03-17 12:21:47.387 UTC [TRACE] steampipe-plugin-hackernews.plugin: [TRACE] DefaultIgnoreConfig:
2023-03-17 12:21:47.387 UTC [TRACE] steampipe-plugin-hackernews.plugin: [TRACE] t.Get.initialise
2023-03-17 12:21:47.387 UTC [TRACE] steampipe-plugin-hackernews.plugin: [TRACE] GetConfig.initialise table hackernews_top
2023-03-17 12:21:47.387 UTC [TRACE] steampipe-plugin-hackernews.plugin: [TRACE] GetConfig.initialise complete: RetryConfig: , IgnoreConfig:
2023-03-17 12:21:47.387 UTC [TRACE] steampipe-plugin-hackernews.plugin: [TRACE] t.List.initialise
2023-03-17 12:21:47.387 UTC [TRACE] steampipe-plugin-hackernews.plugin: [TRACE] ListConfig.initialise table hackernews_top
2023-03-17 12:21:47.387 UTC [TRACE] steampipe-plugin-hackernews.plugin: [TRACE] ListConfig.initialise complete: RetryConfig: , IgnoreConfig
2023-03-17 12:21:47.387 UTC [TRACE] steampipe-plugin-hackernews.plugin: [TRACE] HydrateConfig.initialise func getItem, table hackernews_top
2023-03-17 12:21:47.387 UTC [TRACE] steampipe-plugin-hackernews.plugin: [TRACE] HydrateConfig.initialise complete: RetryConfig: , IgnoreConfig:
2023-03-17 12:21:47.387 UTC [TRACE] steampipe-plugin-hackernews.plugin: [TRACE] back from initialiseHydrateConfigs
2023-03-17 12:21:47.387 UTC [TRACE] steampipe-plugin-hackernews.plugin: [TRACE] initialise table hackernews_top COMPLETE
2023-03-17 12:21:47.387 UTC [TRACE] steampipe-plugin-hackernews.plugin: [TRACE] initialise table hackernews_user
2023-03-17 12:21:47.387 UTC [TRACE] steampipe-plugin-hackernews.plugin: [TRACE] no DefaultRetryConfig defined - creating empty
2023-03-17 12:21:47.388 UTC [TRACE] steampipe-plugin-hackernews.plugin: [TRACE] no DefaultIgnoreConfig defined - creating empty
2023-03-17 12:21:47.388 UTC [TRACE] steampipe-plugin-hackernews.plugin: [TRACE] apply plugin defaults for DefaultRetryConfig
2023-03-17 12:21:47.388 UTC [TRACE] steampipe-plugin-hackernews.plugin: [TRACE] apply plugin defaults for DefaultIgnoreConfig, table &{<nil> <nil>} plugin &{<nil> <nil>}
2023-03-17 12:21:47.388 UTC [TRACE] steampipe-plugin-hackernews.plugin: [TRACE] DefaultRetryConfig:
2023-03-17 12:21:47.388 UTC [TRACE] steampipe-plugin-hackernews.plugin: [TRACE] DefaultIgnoreConfig:
2023-03-17 12:21:47.388 UTC [TRACE] steampipe-plugin-hackernews.plugin: [TRACE] t.List.initialise
2023-03-17 12:21:47.388 UTC [TRACE] steampipe-plugin-hackernews.plugin: [TRACE] ListConfig.initialise table hackernews_user
2023-03-17 12:21:47.388 UTC [TRACE] steampipe-plugin-hackernews.plugin: [TRACE] ListConfig.initialise complete: RetryConfig: , IgnoreConfig
2023-03-17 12:21:47.388 UTC [TRACE] steampipe-plugin-hackernews.plugin: [TRACE] back from initialiseHydrateConfigs
2023-03-17 12:21:47.388 UTC [TRACE] steampipe-plugin-hackernews.plugin: [TRACE] initialise table hackernews_user COMPLETE
2023-03-17 12:21:47.388 UTC [TRACE] steampipe-plugin-hackernews.plugin: [TRACE] initialise table hackernews_ask_hn
2023-03-17 12:21:47.388 UTC [TRACE] steampipe-plugin-hackernews.plugin: [TRACE] no DefaultRetryConfig defined - creating empty
2023-03-17 12:21:47.388 UTC [TRACE] steampipe-plugin-hackernews.plugin: [TRACE] no DefaultIgnoreConfig defined - creating empty
2023-03-17 12:21:47.388 UTC [TRACE] steampipe-plugin-hackernews.plugin: [TRACE] apply plugin defaults for DefaultRetryConfig
2023-03-17 12:21:47.388 UTC [TRACE] steampipe-plugin-hackernews.plugin: [TRACE] apply plugin defaults for DefaultIgnoreConfig, table &{<nil> <nil>} plugin &{<nil> <nil>}
2023-03-17 12:21:47.388 UTC [TRACE] steampipe-plugin-hackernews.plugin: [TRACE] DefaultRetryConfig:
2023-03-17 12:21:47.388 UTC [TRACE] steampipe-plugin-hackernews.plugin: [TRACE] DefaultIgnoreConfig:
2023-03-17 12:21:47.388 UTC [TRACE] steampipe-plugin-hackernews.plugin: [TRACE] t.Get.initialise
2023-03-17 12:21:47.388 UTC [TRACE] steampipe-plugin-hackernews.plugin: [TRACE] GetConfig.initialise table hackernews_ask_hn
2023-03-17 12:21:47.388 UTC [TRACE] steampipe-plugin-hackernews.plugin: [TRACE] GetConfig.initialise complete: RetryConfig: , IgnoreConfig:
2023-03-17 12:21:47.388 UTC [TRACE] steampipe-plugin-hackernews.plugin: [TRACE] t.List.initialise
2023-03-17 12:21:47.388 UTC [TRACE] steampipe-plugin-hackernews.plugin: [TRACE] ListConfig.initialise table hackernews_ask_hn
2023-03-17 12:21:47.388 UTC [TRACE] steampipe-plugin-hackernews.plugin: [TRACE] ListConfig.initialise complete: RetryConfig: , IgnoreConfig
2023-03-17 12:21:47.388 UTC [TRACE] steampipe-plugin-hackernews.plugin: [TRACE] HydrateConfig.initialise func getItem, table hackernews_ask_hn
2023-03-17 12:21:47.388 UTC [TRACE] steampipe-plugin-hackernews.plugin: [TRACE] HydrateConfig.initialise complete: RetryConfig: , IgnoreConfig:
2023-03-17 12:21:47.388 UTC [TRACE] steampipe-plugin-hackernews.plugin: [TRACE] back from initialiseHydrateConfigs
2023-03-17 12:21:47.388 UTC [TRACE] steampipe-plugin-hackernews.plugin: [TRACE] initialise table hackernews_ask_hn COMPLETE
2023-03-17 12:21:47.388 UTC [TRACE] steampipe-plugin-hackernews.plugin: [TRACE] initialise table hackernews_best
2023-03-17 12:21:47.388 UTC [TRACE] steampipe-plugin-hackernews.plugin: [TRACE] no DefaultRetryConfig defined - creating empty
2023-03-17 12:21:47.388 UTC [TRACE] steampipe-plugin-hackernews.plugin: [TRACE] no DefaultIgnoreConfig defined - creating empty
2023-03-17 12:21:47.388 UTC [TRACE] steampipe-plugin-hackernews.plugin: [TRACE] apply plugin defaults for DefaultRetryConfig
2023-03-17 12:21:47.388 UTC [TRACE] steampipe-plugin-hackernews.plugin: [TRACE] apply plugin defaults for DefaultIgnoreConfig, table &{<nil> <nil>} plugin &{<nil> <nil>}
2023-03-17 12:21:47.388 UTC [TRACE] steampipe-plugin-hackernews.plugin: [TRACE] DefaultRetryConfig:
2023-03-17 12:21:47.388 UTC [TRACE] steampipe-plugin-hackernews.plugin: [TRACE] DefaultIgnoreConfig:
2023-03-17 12:21:47.388 UTC [TRACE] steampipe-plugin-hackernews.plugin: [TRACE] t.Get.initialise
2023-03-17 12:21:47.388 UTC [TRACE] steampipe-plugin-hackernews.plugin: [TRACE] GetConfig.initialise table hackernews_best
2023-03-17 12:21:47.388 UTC [TRACE] steampipe-plugin-hackernews.plugin: [TRACE] GetConfig.initialise complete: RetryConfig: , IgnoreConfig:
2023-03-17 12:21:47.388 UTC [TRACE] steampipe-plugin-hackernews.plugin: [TRACE] t.List.initialise
2023-03-17 12:21:47.388 UTC [TRACE] steampipe-plugin-hackernews.plugin: [TRACE] ListConfig.initialise table hackernews_best
2023-03-17 12:21:47.388 UTC [TRACE] steampipe-plugin-hackernews.plugin: [TRACE] ListConfig.initialise complete: RetryConfig: , IgnoreConfig
2023-03-17 12:21:47.388 UTC [TRACE] steampipe-plugin-hackernews.plugin: [TRACE] HydrateConfig.initialise func getItem, table hackernews_best
2023-03-17 12:21:47.388 UTC [TRACE] steampipe-plugin-hackernews.plugin: [TRACE] HydrateConfig.initialise complete: RetryConfig: , IgnoreConfig:
2023-03-17 12:21:47.388 UTC [TRACE] steampipe-plugin-hackernews.plugin: [TRACE] back from initialiseHydrateConfigs
2023-03-17 12:21:47.388 UTC [TRACE] steampipe-plugin-hackernews.plugin: [TRACE] initialise table hackernews_best COMPLETE
2023-03-17 12:21:47.388 UTC [TRACE] steampipe-plugin-hackernews.plugin: [TRACE] initialise table hackernews_item
2023-03-17 12:21:47.388 UTC [TRACE] steampipe-plugin-hackernews.plugin: [TRACE] no DefaultRetryConfig defined - creating empty
2023-03-17 12:21:47.388 UTC [TRACE] steampipe-plugin-hackernews.plugin: [TRACE] no DefaultIgnoreConfig defined - creating empty
2023-03-17 12:21:47.388 UTC [TRACE] steampipe-plugin-hackernews.plugin: [TRACE] apply plugin defaults for DefaultRetryConfig
2023-03-17 12:21:47.388 UTC [TRACE] steampipe-plugin-hackernews.plugin: [TRACE] apply plugin defaults for DefaultIgnoreConfig, table &{<nil> <nil>} plugin &{<nil> <nil>}
2023-03-17 12:21:47.388 UTC [TRACE] steampipe-plugin-hackernews.plugin: [TRACE] DefaultRetryConfig:
2023-03-17 12:21:47.388 UTC [TRACE] steampipe-plugin-hackernews.plugin: [TRACE] DefaultIgnoreConfig:
2023-03-17 12:21:47.388 UTC [TRACE] steampipe-plugin-hackernews.plugin: [TRACE] t.Get.initialise
2023-03-17 12:21:47.388 UTC [TRACE] steampipe-plugin-hackernews.plugin: [TRACE] GetConfig.initialise table hackernews_item
2023-03-17 12:21:47.388 UTC [TRACE] steampipe-plugin-hackernews.plugin: [TRACE] GetConfig.initialise complete: RetryConfig: , IgnoreConfig:
2023-03-17 12:21:47.389 UTC [TRACE] steampipe-plugin-hackernews.plugin: [TRACE] t.List.initialise
2023-03-17 12:21:47.389 UTC [TRACE] steampipe-plugin-hackernews.plugin: [TRACE] ListConfig.initialise table hackernews_item
2023-03-17 12:21:47.389 UTC [TRACE] steampipe-plugin-hackernews.plugin: [TRACE] ListConfig.initialise complete: RetryConfig: , IgnoreConfig
2023-03-17 12:21:47.389 UTC [TRACE] steampipe-plugin-hackernews.plugin: [TRACE] HydrateConfig.initialise func getItem, table hackernews_item
2023-03-17 12:21:47.389 UTC [TRACE] steampipe-plugin-hackernews.plugin: [TRACE] HydrateConfig.initialise complete: RetryConfig: , IgnoreConfig:
2023-03-17 12:21:47.389 UTC [TRACE] steampipe-plugin-hackernews.plugin: [TRACE] back from initialiseHydrateConfigs
2023-03-17 12:21:47.389 UTC [TRACE] steampipe-plugin-hackernews.plugin: [TRACE] initialise table hackernews_item COMPLETE
2023-03-17 12:21:47.389 UTC [TRACE] steampipe-plugin-hackernews.plugin: [TRACE] initialise table hackernews_job
2023-03-17 12:21:47.389 UTC [TRACE] steampipe-plugin-hackernews.plugin: [TRACE] no DefaultRetryConfig defined - creating empty
2023-03-17 12:21:47.389 UTC [TRACE] steampipe-plugin-hackernews.plugin: [TRACE] no DefaultIgnoreConfig defined - creating empty
2023-03-17 12:21:47.389 UTC [TRACE] steampipe-plugin-hackernews.plugin: [TRACE] apply plugin defaults for DefaultRetryConfig
2023-03-17 12:21:47.389 UTC [TRACE] steampipe-plugin-hackernews.plugin: [TRACE] apply plugin defaults for DefaultIgnoreConfig, table &{<nil> <nil>} plugin &{<nil> <nil>}
2023-03-17 12:21:47.389 UTC [TRACE] steampipe-plugin-hackernews.plugin: [TRACE] DefaultRetryConfig:
2023-03-17 12:21:47.389 UTC [TRACE] steampipe-plugin-hackernews.plugin: [TRACE] DefaultIgnoreConfig:
2023-03-17 12:21:47.389 UTC [TRACE] steampipe-plugin-hackernews.plugin: [TRACE] t.Get.initialise
2023-03-17 12:21:47.389 UTC [TRACE] steampipe-plugin-hackernews.plugin: [TRACE] GetConfig.initialise table hackernews_job
2023-03-17 12:21:47.389 UTC [TRACE] steampipe-plugin-hackernews.plugin: [TRACE] GetConfig.initialise complete: RetryConfig: , IgnoreConfig:
2023-03-17 12:21:47.389 UTC [TRACE] steampipe-plugin-hackernews.plugin: [TRACE] t.List.initialise
2023-03-17 12:21:47.389 UTC [TRACE] steampipe-plugin-hackernews.plugin: [TRACE] ListConfig.initialise table hackernews_job
2023-03-17 12:21:47.389 UTC [TRACE] steampipe-plugin-hackernews.plugin: [TRACE] ListConfig.initialise complete: RetryConfig: , IgnoreConfig
2023-03-17 12:21:47.389 UTC [TRACE] steampipe-plugin-hackernews.plugin: [TRACE] HydrateConfig.initialise func getItem, table hackernews_job
2023-03-17 12:21:47.389 UTC [TRACE] steampipe-plugin-hackernews.plugin: [TRACE] HydrateConfig.initialise complete: RetryConfig: , IgnoreConfig:
2023-03-17 12:21:47.389 UTC [TRACE] steampipe-plugin-hackernews.plugin: [TRACE] back from initialiseHydrateConfigs
2023-03-17 12:21:47.389 UTC [TRACE] steampipe-plugin-hackernews.plugin: [TRACE] initialise table hackernews_job COMPLETE
2023-03-17 12:21:47.389 UTC [TRACE] steampipe-plugin-hackernews.plugin: [TRACE] initialise table hackernews_new
2023-03-17 12:21:47.389 UTC [TRACE] steampipe-plugin-hackernews.plugin: [TRACE] no DefaultRetryConfig defined - creating empty
2023-03-17 12:21:47.389 UTC [TRACE] steampipe-plugin-hackernews.plugin: [TRACE] no DefaultIgnoreConfig defined - creating empty
2023-03-17 12:21:47.389 UTC [TRACE] steampipe-plugin-hackernews.plugin: [TRACE] apply plugin defaults for DefaultRetryConfig
2023-03-17 12:21:47.389 UTC [TRACE] steampipe-plugin-hackernews.plugin: [TRACE] apply plugin defaults for DefaultIgnoreConfig, table &{<nil> <nil>} plugin &{<nil> <nil>}
2023-03-17 12:21:47.389 UTC [TRACE] steampipe-plugin-hackernews.plugin: [TRACE] DefaultRetryConfig:
2023-03-17 12:21:47.389 UTC [TRACE] steampipe-plugin-hackernews.plugin: [TRACE] DefaultIgnoreConfig:
2023-03-17 12:21:47.389 UTC [TRACE] steampipe-plugin-hackernews.plugin: [TRACE] t.Get.initialise
2023-03-17 12:21:47.389 UTC [TRACE] steampipe-plugin-hackernews.plugin: [TRACE] GetConfig.initialise table hackernews_new
2023-03-17 12:21:47.389 UTC [TRACE] steampipe-plugin-hackernews.plugin: [TRACE] GetConfig.initialise complete: RetryConfig: , IgnoreConfig:
2023-03-17 12:21:47.389 UTC [TRACE] steampipe-plugin-hackernews.plugin: [TRACE] t.List.initialise
2023-03-17 12:21:47.389 UTC [TRACE] steampipe-plugin-hackernews.plugin: [TRACE] ListConfig.initialise table hackernews_new
2023-03-17 12:21:47.389 UTC [TRACE] steampipe-plugin-hackernews.plugin: [TRACE] ListConfig.initialise complete: RetryConfig: , IgnoreConfig
2023-03-17 12:21:47.389 UTC [TRACE] steampipe-plugin-hackernews.plugin: [TRACE] HydrateConfig.initialise func getItem, table hackernews_new
2023-03-17 12:21:47.389 UTC [TRACE] steampipe-plugin-hackernews.plugin: [TRACE] HydrateConfig.initialise complete: RetryConfig: , IgnoreConfig:
2023-03-17 12:21:47.389 UTC [TRACE] steampipe-plugin-hackernews.plugin: [TRACE] back from initialiseHydrateConfigs
2023-03-17 12:21:47.389 UTC [TRACE] steampipe-plugin-hackernews.plugin: [TRACE] initialise table hackernews_new COMPLETE
2023-03-17 12:21:47.389 UTC [TRACE] steampipe-plugin-hackernews.plugin: [TRACE] validate plugin steampipe-plugin-hackernews, required columns []
2023-03-17 12:21:47.389 UTC [TRACE] steampipe-plugin-hackernews.plugin: [TRACE] validate DefaultRetryConfig
2023-03-17 12:21:47.389 UTC [TRACE] steampipe-plugin-hackernews.plugin: [TRACE] validate DefaultIgnoreConfig
2023-03-17 12:21:47.389 UTC [TRACE] steampipe-plugin-hackernews.plugin: [TRACE] validate table names
2023-03-17 12:21:47.389 UTC [TRACE] steampipe-plugin-hackernews.plugin: [TRACE] plugin has 0 validation errors
2023-03-17 12:21:47.389 UTC [TRACE] steampipe-plugin-hackernews.plugin: [TRACE] Plugin ensureCache creating cache, maxCacheStorageMb 0
2023-03-17 12:21:47.389 UTC [TRACE] steampipe-plugin-hackernews.plugin: [TRACE] createCacheStore for plugin 'steampipe-plugin-hackernews' setting max size to 0Mb, Shards: 2, max shard size: 0
2023-03-17 12:21:47.401 UTC [INFO]  steampipe-plugin-hackernews.plugin: [INFO]  query cache created
2023-03-17 12:21:47.401 UTC [DEBUG] steampipe-plugin-hackernews.plugin: [DEBUG] SetAllConnectionConfigs finished
2023-03-17 12:21:47.402 UTC [TRACE] PluginManager getPlugin complete, returning reattach config with PID: 2023
2023-03-17 12:21:47.406 UTC [INFO]  steampipe-plugin-hackernews.plugin: [INFO]  1679055707749: Plugin Execute (1679055707749)
2023-03-17 12:21:47.406 UTC [TRACE] steampipe-plugin-hackernews.plugin: [TRACE] 1679055707749: No memory limit set
2023-03-17 12:21:47.406 UTC [INFO]  steampipe-plugin-hackernews.plugin: [INFO]  1679055707749: Plugin Execute, setting memory limit to -1Mb
2023-03-17 12:21:47.406 UTC [TRACE] steampipe-plugin-hackernews.plugin: [TRACE] 1679055707749: calling ExtractContextFromCarrier
2023-03-17 12:21:47.406 UTC [INFO]  steampipe-plugin-hackernews.plugin: [INFO]  1679055707749: Setting max concurrent connections to 25
2023-03-17 12:21:47.406 UTC [TRACE] steampipe-plugin-hackernews.plugin: [TRACE] 1679055707749: executeForConnection callId: 1679055707749, connectionCallId: hackernews-1679055707749, connection: hackernews table: hackernews_new cols: id,title,time,by,score,dead,deleted,descendants,kids,parent,parts,poll,text,type,url,_ctx
2023-03-17 12:21:47.406 UTC [TRACE] steampipe-plugin-hackernews.plugin: [TRACE] 1679055707749: got connection data
2023-03-17 12:21:47.406 UTC [TRACE] steampipe-plugin-hackernews.plugin: [TRACE] 1679055707749: Got query context, table: hackernews_new, cols: [id title time by score dead deleted descendants kids parent parts poll text type url _ctx]
2023-03-17 12:21:47.406 UTC [TRACE] steampipe-plugin-hackernews.plugin: [TRACE] 1679055707749: Start execute span
2023-03-17 12:21:47.406 UTC [INFO]  steampipe-plugin-hackernews.plugin: [INFO]  1679055707749: Setting free memory interval to 100 rows
2023-03-17 12:21:47.406 UTC [TRACE] steampipe-plugin-hackernews.plugin: [TRACE] 1679055707749: setFetchType map[time:quals:{fieldName:"time"  string_value:">"  value:{timestamp_value:{seconds:1679052107  nanos:270123000}}}]
2023-03-17 12:21:47.407 UTC [TRACE] steampipe-plugin-hackernews.plugin: [TRACE] 1679055707749: getMatchingQuals column:'id' operator: =
2023-03-17 12:21:47.407 UTC [TRACE] steampipe-plugin-hackernews.plugin: [TRACE] 1679055707749: getMatchingQuals returning false - qualMap does not contain any quals for column id
2023-03-17 12:21:47.408 UTC [TRACE] steampipe-plugin-hackernews.plugin: [TRACE] 1679055707749: GetUnsatisfiedKeyColumns for columns column:'id' operator: =
2023-03-17 12:21:47.408 UTC [TRACE] steampipe-plugin-hackernews.plugin: [TRACE] 1679055707749: key column NOT satisfied column:'id' operator: =
2023-03-17 12:21:47.408 UTC [TRACE] steampipe-plugin-hackernews.plugin: [TRACE] 1679055707749: satisfied: map[any_of: optional: required:]
2023-03-17 12:21:47.409 UTC [TRACE] steampipe-plugin-hackernews.plugin: [TRACE] 1679055707749: unsatisfied: map[any_of: optional: required:column:'id' operator: =]
2023-03-17 12:21:47.409 UTC [TRACE] steampipe-plugin-hackernews.plugin: [TRACE] 1679055707749: unsatisfied required KeyColumns: column:'id' operator: =
2023-03-17 12:21:47.409 UTC [TRACE] steampipe-plugin-hackernews.plugin: [TRACE] 1679055707749: Set fetchType to fetchTypeList
2023-03-17 12:21:47.409 UTC [TRACE] steampipe-plugin-hackernews.plugin: [TRACE] 1679055707749: Equals key column quals:
2023-03-17 12:21:47.409 UTC [DEBUG] steampipe-plugin-hackernews.plugin: {}
2023-03-17 12:21:47.409 UTC [TRACE] steampipe-plugin-hackernews.plugin: [TRACE] 1679055707749: All key column quals:
2023-03-17 12:21:47.409 UTC [DEBUG] steampipe-plugin-hackernews.plugin: {}
2023-03-17 12:21:47.409 UTC [TRACE] steampipe-plugin-hackernews.plugin: [TRACE] 1679055707749: GetMatrixItem
2023-03-17 12:21:47.409 UTC [TRACE] steampipe-plugin-hackernews.plugin: [TRACE] 1679055707749: creating query data
2023-03-17 12:21:47.409 UTC [INFO]  steampipe-plugin-hackernews.plugin: [INFO]  1679055707749: cacheEnabled, trying cache get (hackernews-1679055707749)
2023-03-17 12:21:47.409 UTC [TRACE] steampipe-plugin-hackernews.plugin: [TRACE] 1679055707749: QueryCache Get - indexBucketKey index__hackernewshackernews_new, quals
2023-03-17 12:21:47.409 UTC [TRACE] steampipe-plugin-hackernews.plugin: [TRACE] 1679055707749: QueryCache getCachedQueryResult - table hackernews_new, connectionName hackernews
2023-03-17 12:21:47.409 UTC [TRACE] steampipe-plugin-hackernews.plugin: [TRACE] 1679055707749: index bucket key: index__hackernewshackernews_new ttlSeconds 300 limit: -1
2023-03-17 12:21:47.409 UTC [TRACE] steampipe-plugin-hackernews.plugin: [TRACE] 1679055707749: doGet cache miss
2023-03-17 12:21:47.409 UTC [TRACE] steampipe-plugin-hackernews.plugin: [TRACE] 1679055707749: getCachedIndexBucket - no item retrieved for cache key index__hackernewshackernews_new
2023-03-17 12:21:47.409 UTC [TRACE] steampipe-plugin-hackernews.plugin: [TRACE] 1679055707749: getCachedQueryResult returned CACHE MISS - checking for pending transfers
2023-03-17 12:21:47.409 UTC [TRACE] steampipe-plugin-hackernews.plugin: [TRACE] 1679055707749: getPendingResultItem indexBucketKey index__hackernewshackernews_new, columns [id title time by score dead deleted descendants kids parent parts poll text type url _ctx], limit -1
2023-03-17 12:21:47.409 UTC [TRACE] steampipe-plugin-hackernews.plugin: [TRACE] 1679055707749: no pending index item - add pending result, indexBucketKey index__hackernewshackernews_new
2023-03-17 12:21:47.409 UTC [TRACE] steampipe-plugin-hackernews.plugin: [TRACE] 1679055707749: addPendingResult (hackernews-1679055707749) indexBucketKey index__hackernewshackernews_new, columns [id title time by score dead deleted descendants kids parent parts poll text type url _ctx], limit -1
2023-03-17 12:21:47.409 UTC [TRACE] steampipe-plugin-hackernews.plugin: [TRACE] 1679055707749: no index bucket found - creating one
2023-03-17 12:21:47.409 UTC [TRACE] steampipe-plugin-hackernews.plugin: [TRACE] 1679055707749: pendingIndexItem Lock count before 0
2023-03-17 12:21:47.409 UTC [TRACE] steampipe-plugin-hackernews.plugin: [TRACE] 1679055707749: addPendingResult added pending index item to bucket, (hackernews-1679055707749) indexBucketKey index__hackernewshackernews_new, resultKeyRoot hackernewshackernews_newid,title,time,by,score,dead,deleted,descendants,kids,parent,parts,poll,text,type,url,_ctx-1, pending item : 0xc0004a61e0
2023-03-17 12:21:47.409 UTC [TRACE] steampipe-plugin-hackernews.plugin: [TRACE] 1679055707749: **** pending items (hackernews-1679055707749)****
2023-03-17 12:21:47.409 UTC [TRACE] steampipe-plugin-hackernews.plugin: [TRACE] 1679055707749: key: index__hackernewshackernews_new: item: 0xc0004a61e0, count: 1, key:hackernewshackernews_newid,title,time,by,score,dead,deleted,descendants,kids,parent,parts,poll,text,type,url,_ctx-1
2023-03-17 12:21:47.409 UTC [TRACE] steampipe-plugin-hackernews.plugin: [TRACE] 1679055707749: ********
2023-03-17 12:21:47.409 UTC [TRACE] steampipe-plugin-hackernews.plugin: [TRACE] 1679055707749: getPendingResultItem returning <nil>
2023-03-17 12:21:47.409 UTC [INFO]  steampipe-plugin-hackernews.plugin: [INFO]  1679055707749: CACHE MISS
2023-03-17 12:21:47.409 UTC [TRACE] steampipe-plugin-hackernews.plugin: [TRACE] 1679055707749: cache MISS
2023-03-17 12:21:47.409 UTC [INFO]  steampipe-plugin-hackernews.plugin: [INFO]  1679055707749: queryCacheGet returned CACHE MISS (hackernews-1679055707749)
2023-03-17 12:21:47.409 UTC [TRACE] steampipe-plugin-hackernews.plugin: [TRACE] 1679055707749: StartSet (hackernews-1679055707749)
2023-03-17 12:21:47.410 UTC [TRACE] steampipe-plugin-hackernews.plugin: [TRACE] 1679055707749: calling fetchItems, table: hackernews_new, matrixItem: [], limit: -1,  connectionCallId: hackernews-1679055707749"
2023-03-17 12:21:47.410 UTC [TRACE] steampipe-plugin-hackernews.plugin: [TRACE] 1679055707749: buildRowsAsync connectionCallId: hackernews-1679055707749
2023-03-17 12:21:47.410 UTC [TRACE] steampipe-plugin-hackernews.plugin: [TRACE] 1679055707749: streamRows connectionCallId: hackernews-1679055707749
2023-03-17 12:21:47.410 UTC [TRACE] steampipe-plugin-hackernews.plugin: [TRACE] 1679055707749: QueryData streamRows (hackernews-1679055707749)
2023-03-17 12:21:47.410 UTC [TRACE] steampipe-plugin-hackernews.plugin: [TRACE] 1679055707749: executeListCall START (hackernews-1679055707749)
2023-03-17 12:21:47.410 UTC [TRACE] steampipe-plugin-hackernews.plugin: [TRACE] 1679055707749: GetUnsatisfiedKeyColumns for columns
2023-03-17 12:21:47.410 UTC [TRACE] steampipe-plugin-hackernews.plugin: [TRACE] 1679055707749: doList (hackernews-1679055707749)
2023-03-17 12:21:47.410 UTC [TRACE] steampipe-plugin-hackernews.plugin: [TRACE] 1679055707749: doList: no matrix item
2023-03-17 12:21:47.578 UTC [TRACE] stdio: received data: channel=STDOUT len=21
2023-03-17 12:21:47.578 UTC [TRACE] stdio: waiting for stdio data
2023-03-17 12:21:47.579 UTC [TRACE] steampipe-plugin-hackernews.plugin: [TRACE] 1679055707749: QueryData.fetchComplete
2023-03-17 12:21:47.579 UTC [TRACE] steampipe-plugin-hackernews.plugin: [TRACE] 1679055707749: executeListCall COMPLETE (hackernews-1679055707749)
2023-03-17 12:21:47.580 UTC [TRACE] steampipe-plugin-hackernews.plugin: [TRACE] 1679055707749: rowData chan returned nil - wait for rows to complete (hackernews-1679055707749)
2023-03-17 12:21:47.696 UTC [TRACE] stdio: received data: channel=STDOUT len=38
2023-03-17 12:21:47.696 UTC [TRACE] stdio: waiting for stdio data
2023-03-17 12:21:47.716 UTC [TRACE] stdio: received data: channel=STDOUT len=334
2023-03-17 12:21:47.716 UTC [TRACE] stdio: waiting for stdio data
2023-03-17 12:21:47.725 UTC [TRACE] stdio: received data: channel=STDOUT len=30
2023-03-17 12:21:47.725 UTC [TRACE] stdio: waiting for stdio data
2023-03-17 12:21:47.733 UTC [TRACE] stdio: received data: channel=STDOUT len=202
2023-03-17 12:21:47.733 UTC [TRACE] stdio: waiting for stdio data
2023-03-17 12:21:47.782 UTC [TRACE] stdio: received data: channel=STDOUT len=1024
2023-03-17 12:21:47.782 UTC [TRACE] stdio: waiting for stdio data
2023-03-17 12:21:47.819 UTC [TRACE] stdio: received data: channel=STDOUT len=121
2023-03-17 12:21:47.819 UTC [TRACE] stdio: waiting for stdio data
2023-03-17 12:21:47.853 UTC [TRACE] stdio: received data: channel=STDOUT len=643
2023-03-17 12:21:47.853 UTC [TRACE] stdio: waiting for stdio data
2023-03-17 12:21:47.957 UTC [TRACE] steampipe-plugin-hackernews.plugin: [TRACE] 1679055707749: buildRowsAsync goroutine returning (hackernews-1679055707749)
2023-03-17 12:21:47.957 UTC [TRACE] steampipe-plugin-hackernews.plugin: [TRACE] 1679055707749: streamRows - nil row, stop streaming (hackernews-1679055707749)
2023-03-17 12:21:47.957 UTC [TRACE] steampipe-plugin-hackernews.plugin: [TRACE] 1679055707749: ------------------------------------
2023-03-17 12:21:47.957 UTC [TRACE] steampipe-plugin-hackernews.plugin: [TRACE] 1679055707749: Concurrency Summary
2023-03-17 12:21:47.957 UTC [TRACE] steampipe-plugin-hackernews.plugin: [TRACE] 1679055707749: ------------------------------------
2023-03-17 12:21:47.957 UTC [TRACE] steampipe-plugin-hackernews.plugin: [TRACE] 1679055707749: getItem                       : 200
2023-03-17 12:21:47.957 UTC [TRACE] steampipe-plugin-hackernews.plugin: [TRACE] 1679055707749: ------------------------------------
2023-03-17 12:21:47.957 UTC [TRACE] steampipe-plugin-hackernews.plugin: [TRACE] 1679055707749: Total                         : 200
2023-03-17 12:21:47.957 UTC [TRACE] steampipe-plugin-hackernews.plugin: [TRACE] 1679055707749: ------------------------------------
2023-03-17 12:21:47.957 UTC [TRACE] steampipe-plugin-hackernews.plugin: [TRACE] 1679055707749: QueryData streamRows DONE (hackernews-1679055707749)
2023-03-17 12:21:47.957 UTC [TRACE] steampipe-plugin-hackernews.plugin: [TRACE] 1679055707749: EndSet (hackernews-1679055707749) table hackernews_new
2023-03-17 12:21:47.957 UTC [TRACE] steampipe-plugin-hackernews.plugin: [TRACE] 1679055707749: QueryCache writePageToCache: 500 rows, pageCount 1, page key hackernewshackernews_newid,title,time,by,score,dead,deleted,descendants,kids,parent,parts,poll,text,type,url,_ctx-1-0
2023-03-17 12:21:47.966 UTC [TRACE] steampipe-plugin-hackernews.plugin: [TRACE] 1679055707749: writePageToCache Set - result written
2023-03-17 12:21:47.966 UTC [TRACE] steampipe-plugin-hackernews.plugin: [TRACE] 1679055707749: QueryCache EndSet - result written
2023-03-17 12:21:47.966 UTC [TRACE] steampipe-plugin-hackernews.plugin: [TRACE] 1679055707749: doGet cache miss
2023-03-17 12:21:47.966 UTC [TRACE] steampipe-plugin-hackernews.plugin: [TRACE] 1679055707749: getCachedIndexBucket - no item retrieved for cache key index__hackernewshackernews_new
2023-03-17 12:21:47.966 UTC [TRACE] steampipe-plugin-hackernews.plugin: [TRACE] 1679055707749: getCachedIndexBucket returned cache miss
2023-03-17 12:21:47.966 UTC [TRACE] steampipe-plugin-hackernews.plugin: [TRACE] 1679055707749: QueryCache EndSet - Added index item (0xc01ad8f140) to bucket (0xc01abae7f8), page count 1,  key root hackernewshackernews_newid,title,time,by,score,dead,deleted,descendants,kids,parent,parts,poll,text,type,url,_ctx-1
2023-03-17 12:21:47.966 UTC [TRACE] steampipe-plugin-hackernews.plugin: [TRACE] 1679055707749: cacheSetIndexBucket index__hackernewshackernews_new
2023-03-17 12:21:47.966 UTC [TRACE] steampipe-plugin-hackernews.plugin: [TRACE] 1679055707749: QueryCache EndSet - IndexBucket written
2023-03-17 12:21:47.966 UTC [TRACE] steampipe-plugin-hackernews.plugin: [TRACE] 1679055707749: EndSet DEFER (hackernews-1679055707749) table hackernews_new
2023-03-17 12:21:47.966 UTC [TRACE] steampipe-plugin-hackernews.plugin: [TRACE] 1679055707749: calling pendingItemComplete (hackernews-1679055707749)
2023-03-17 12:21:47.966 UTC [TRACE] steampipe-plugin-hackernews.plugin: [TRACE] 1679055707749: pendingItemComplete (hackernews-1679055707749) indexBucketKey index__hackernewshackernews_new, columns [id title time by score dead deleted descendants kids parent parts poll text type url _ctx], limit -1
2023-03-17 12:21:47.966 UTC [TRACE] steampipe-plugin-hackernews.plugin: [TRACE] 1679055707749: got pending index bucket, (hackernews-1679055707749) len 1
2023-03-17 12:21:47.966 UTC [TRACE] steampipe-plugin-hackernews.plugin: [TRACE] 1679055707749: SatisfiesLimit limit -1, no item limit - satisfied
2023-03-17 12:21:47.966 UTC [TRACE] steampipe-plugin-hackernews.plugin: [TRACE] 1679055707749: found pending index item to satisfy columns id,title,time,by,score,dead,deleted,descendants,kids,parent,parts,poll,text,type,url,_ctx, limit -1
2023-03-17 12:21:47.966 UTC [TRACE] steampipe-plugin-hackernews.plugin: [TRACE] 1679055707749: found completed pending item (hackernews-1679055707749) 0xc0004a61e0, key hackernewshackernews_newid,title,time,by,score,dead,deleted,descendants,kids,parent,parts,poll,text,type,url,_ctx-1 - removing from map as it is complete
2023-03-17 12:21:47.966 UTC [TRACE] steampipe-plugin-hackernews.plugin: [TRACE] 1679055707749: pendingIndexItem Unlock count before 1 key hackernewshackernews_newid,title,time,by,score,dead,deleted,descendants,kids,parent,parts,poll,text,type,url,_ctx-1
2023-03-17 12:21:47.966 UTC [TRACE] steampipe-plugin-hackernews.plugin: [TRACE] 1679055707749: deleted from pending, (hackernews-1679055707749) len 0
2023-03-17 12:21:47.966 UTC [TRACE] steampipe-plugin-hackernews.plugin: [TRACE] 1679055707749: pending bucket now empty - deleting key index__hackernewshackernews_new
2023-03-17 12:21:47.966 UTC [TRACE] steampipe-plugin-hackernews.plugin: [TRACE] 1679055707749: pendingItemComplete done (hackernews-1679055707749)
2023-03-17 12:21:47.966 UTC [TRACE] steampipe-plugin-hackernews.plugin: [TRACE] 1679055707749: cache set succeeded
2023-03-17 12:21:47.966 UTC [TRACE] steampipe-plugin-hackernews.plugin: [TRACE] 1679055707749: End execute span
2023-03-17 12:21:47.966 UTC [TRACE] steampipe-plugin-hackernews.plugin: [TRACE] 1679055707749: executeForConnection DEFER (hackernews-1679055707749)
2023-03-17 12:21:47.966 UTC [TRACE] steampipe-plugin-hackernews.plugin: [TRACE] 1679055707749: Execute complete callId: hackernews-1679055707749 table: hackernews_new
2023-03-17 12:21:47.966 UTC [TRACE] steampipe-plugin-hackernews.plugin: [TRACE] 1679055707749: executeForConnection hackernews returned
2023-03-17 12:21:47.966 UTC [TRACE] steampipe-plugin-hackernews.plugin: [TRACE] 1679055707749: output wg complete - send nil row
2023-03-17 12:21:47.966 UTC [TRACE] steampipe-plugin-hackernews.plugin: [TRACE] 1679055707749: empty row on output channel - we are done
2023-03-17 12:21:47.966 UTC [INFO]  steampipe-plugin-hackernews.plugin: [INFO]  1679055707749: Plugin Execute complete (1679055707749)
2023-03-17 12:21:47.975 UTC [TRACE] stdio: received data: channel=STDOUT len=1024
2023-03-17 12:21:47.975 UTC [TRACE] stdio: waiting for stdio data
2023-03-17 12:21:47.994 UTC [INFO]  PluginManager Shutdown
2023-03-17 12:21:47.994 UTC [INFO]  PluginManager killing plugin csv (1999)
2023-03-17 12:21:47.995 UTC [TRACE] steampipe-plugin-csv.plugin: [TRACE] FLUSHING instrumentation
2023-03-17 12:21:47.995 UTC [TRACE] steampipe-plugin-csv.plugin: [TRACE] Shutdown instrumentation
2023-03-17 12:21:47.995 UTC [TRACE] receive error for connection 'csv': rpc error: code = Unavailable desc = error reading from server: EOF
2023-03-17 12:21:47.995 UTC [TRACE] cache listener received EOF for connection 'csv', returning
2023-03-17 12:21:47.995 UTC [DEBUG] stdio: received EOF, stopping recv loop: err="rpc error: code = Unavailable desc = error reading from server: EOF"
2023-03-17 12:21:48.009 UTC [INFO]  plugin process exited: path=/home/runner/.steampipe/plugins/hub.steampipe.io/plugins/turbot/csv@latest/steampipe-plugin-csv.plugin pid=1999
2023-03-17 12:21:48.009 UTC [DEBUG] plugin exited
2023-03-17 12:21:48.009 UTC [INFO]  PluginManager killing plugin hackernews (2023)
2023-03-17 12:21:48.010 UTC [TRACE] steampipe-plugin-hackernews.plugin: [TRACE] 1679055707749: FLUSHING instrumentation
2023-03-17 12:21:48.010 UTC [TRACE] steampipe-plugin-hackernews.plugin: [TRACE] 1679055707749: Shutdown instrumentation
2023-03-17 12:21:48.010 UTC [DEBUG] stdio: received EOF, stopping recv loop: err="rpc error: code = Unavailable desc = error reading from server: EOF"
2023-03-17 12:21:48.013 UTC [INFO]  plugin process exited: path=/home/runner/.steampipe/plugins/hub.steampipe.io/plugins/turbot/hackernews@latest/steampipe-plugin-hackernews.plugin pid=2023
2023-03-17 12:21:48.013 UTC [DEBUG] plugin exited
2023-03-17 12:25:55.647 UTC [ERROR] steampipe-plugin-csv.plugin: [ERROR] csv.tableCSV: header_parse_error=EOF path=/home/runner/work/steampipe-samples/steampipe-samples/all/hackernews/new_sc.csv header=[]
2023-03-17 12:25:55.647 UTC [ERROR] steampipe-plugin-csv.plugin: [ERROR] csv.PluginTables: create_table_error="failed to parse file header /home/runner/work/steampipe-samples/steampipe-samples/all/hackernews/new_sc.csv: EOF" path=/home/runner/work/steampipe-samples/steampipe-samples/all/hackernews/new_sc.csv
2023-03-17 12:25:55.662 UTC [WARN]  failed to set connection config: failed to parse file header /home/runner/work/steampipe-samples/steampipe-samples/all/hackernews/new_sc.csv: EOF
2023-03-17 12:26:10.852 UTC [ERROR] steampipe-plugin-csv.plugin: [ERROR] csv.tableCSV: header_parse_error=EOF path=/home/runner/work/steampipe-samples/steampipe-samples/all/hackernews/hn_items_all.csv header=[]
2023-03-17 12:26:10.852 UTC [ERROR] steampipe-plugin-csv.plugin: [ERROR] csv.PluginTables: create_table_error="failed to parse file header /home/runner/work/steampipe-samples/steampipe-samples/all/hackernews/hn_items_all.csv: EOF" path=/home/runner/work/steampipe-samples/steampipe-samples/all/hackernews/hn_items_all.csv
2023-03-17 12:26:10.872 UTC [WARN]  failed to set connection config: failed to parse file header /home/runner/work/steampipe-samples/steampipe-samples/all/hackernews/hn_items_all.csv: EOF
