2023-03-26 07:17:47.671 UTC [INFO]  starting plugin manager
2023-03-26 07:17:47.672 UTC [TRACE] loaded config map: csv,github,hackernews,net
2023-03-26 07:17:47.672 UTC [TRACE] NewPluginManager
2023-03-26 07:17:47.675 UTC [TRACE] PluginManager setPluginCacheSizeMap: 4 connections.
2023-03-26 07:17:47.675 UTC [TRACE] Total cache size 0Mb
2023-03-26 07:17:47.675 UTC [INFO]  starting connection watcher
2023-03-26 07:17:47.676 UTC [INFO]  created ConnectionWatcher
2023-03-26 07:17:47.676 UTC [TRACE] about to serve
2023-03-26 07:17:47.701 UTC [TRACE] PluginManager Get, connections: '[csv]'
2023-03-26 07:17:47.701 UTC [TRACE] PluginManager getPlugin hub.steampipe.io/plugins/turbot/csv@latest connection 'csv'
2023-03-26 07:17:47.701 UTC [TRACE] PluginManager 0xc000838e10 plugin hub.steampipe.io/plugins/turbot/csv@latest (csv) NOT started or starting - start now
2023-03-26 07:17:47.701 UTC [TRACE] ************ start plugin csv ********************
2023-03-26 07:17:47.702 UTC [TRACE] ************ plugin path /home/runner/.steampipe/plugins/hub.steampipe.io/plugins/turbot/csv@latest/steampipe-plugin-csv.plugin ********************
2023-03-26 07:17:47.799 UTC [DEBUG] starting plugin: path=/home/runner/.steampipe/plugins/hub.steampipe.io/plugins/turbot/csv@latest/steampipe-plugin-csv.plugin args=["/home/runner/.steampipe/plugins/hub.steampipe.io/plugins/turbot/csv@latest/steampipe-plugin-csv.plugin"]
2023-03-26 07:17:47.799 UTC [DEBUG] plugin started: path=/home/runner/.steampipe/plugins/hub.steampipe.io/plugins/turbot/csv@latest/steampipe-plugin-csv.plugin pid=1984
2023-03-26 07:17:47.799 UTC [DEBUG] waiting for RPC address: path=/home/runner/.steampipe/plugins/hub.steampipe.io/plugins/turbot/csv@latest/steampipe-plugin-csv.plugin
2023-03-26 07:17:47.815 UTC [INFO]  steampipe-plugin-csv.plugin: [INFO]  initialise plugin 'steampipe-plugin-csv', using sdk version 5.3.0
2023-03-26 07:17:47.815 UTC [TRACE] steampipe-plugin-csv.plugin: [TRACE] no DefaultRetryConfig defined - creating empty
2023-03-26 07:17:47.815 UTC [TRACE] steampipe-plugin-csv.plugin: [TRACE] no DefaultIgnoreConfig defined - creating empty
2023-03-26 07:17:47.816 UTC [TRACE] steampipe-plugin-csv.plugin: [TRACE] intialising defaultWatchedFilesChangedFunc
2023-03-26 07:17:47.816 UTC [TRACE] steampipe-plugin-csv.plugin: [TRACE] telemetry.Init service 'steampipe-plugin-csv', tracingEnabled: false, metricsEnabled: false
2023-03-26 07:17:47.816 UTC [TRACE] steampipe-plugin-csv.plugin: [TRACE] metrics and tracing disabled' - returning
2023-03-26 07:17:47.817 UTC [DEBUG] steampipe-plugin-csv.plugin: plugin address: address=/tmp/plugin3373705681 network=unix timestamp=2023-03-26T07:17:47.817Z
2023-03-26 07:17:47.817 UTC [DEBUG] using plugin: version=0
2023-03-26 07:17:47.817 UTC [TRACE] NewPluginClient for plugin hub.steampipe.io/plugins/turbot/csv@latest
2023-03-26 07:17:47.818 UTC [TRACE] stdio: waiting for stdio data
2023-03-26 07:17:47.819 UTC [TRACE] supportedOperations: query_cache:true  multiple_connections:true  message_stream:true
2023-03-26 07:17:47.820 UTC [TRACE] steampipe-plugin-csv.plugin: [TRACE] SetAllConnectionConfigs setting 1 configs
2023-03-26 07:17:47.820 UTC [TRACE] steampipe-plugin-csv.plugin: [TRACE] connection csv build schema and table map
2023-03-26 07:17:47.820 UTC [TRACE] steampipe-plugin-csv.plugin: [TRACE] Plugin steampipe-plugin-csv initialiseTables
2023-03-26 07:17:47.821 UTC [TRACE] steampipe-plugin-csv.plugin: [TRACE] getSourceFiles source: /home/runner/work/steampipe-samples/steampipe-samples/all/hackernews, glob: /home/runner/work/steampipe-samples/steampipe-samples/all/hackernews/*.csv
2023-03-26 07:17:47.855 UTC [DEBUG] steampipe-plugin-csv.plugin: [DEBUG] csv.tableCSV: path=/home/runner/work/steampipe-samples/steampipe-samples/all/hackernews/hn_items_all.csv detected_encoding=Unknown
2023-03-26 07:17:47.855 UTC [DEBUG] steampipe-plugin-csv.plugin: [DEBUG] csv.tableCSV: path=/home/runner/work/steampipe-samples/steampipe-samples/all/hackernews/new_sc.csv detected_encoding=Unknown
2023-03-26 07:17:47.855 UTC [TRACE] steampipe-plugin-csv.plugin: [TRACE] initialise table /home/runner/work/steampipe-samples/steampipe-samples/all/hackernews/hn_items_all.csv
2023-03-26 07:17:47.856 UTC [TRACE] steampipe-plugin-csv.plugin: [TRACE] no DefaultRetryConfig defined - creating empty
2023-03-26 07:17:47.856 UTC [TRACE] steampipe-plugin-csv.plugin: [TRACE] no DefaultIgnoreConfig defined - creating empty
2023-03-26 07:17:47.856 UTC [TRACE] steampipe-plugin-csv.plugin: [TRACE] apply plugin defaults for DefaultRetryConfig
2023-03-26 07:17:47.856 UTC [TRACE] steampipe-plugin-csv.plugin: [TRACE] apply plugin defaults for DefaultIgnoreConfig, table &{<nil> <nil>} plugin &{<nil> <nil>}
2023-03-26 07:17:47.856 UTC [TRACE] steampipe-plugin-csv.plugin: [TRACE] DefaultRetryConfig:
2023-03-26 07:17:47.856 UTC [TRACE] steampipe-plugin-csv.plugin: [TRACE] DefaultIgnoreConfig:
2023-03-26 07:17:47.856 UTC [TRACE] steampipe-plugin-csv.plugin: [TRACE] t.List.initialise
2023-03-26 07:17:47.856 UTC [TRACE] steampipe-plugin-csv.plugin: [TRACE] ListConfig.initialise table /home/runner/work/steampipe-samples/steampipe-samples/all/hackernews/hn_items_all.csv
2023-03-26 07:17:47.856 UTC [TRACE] steampipe-plugin-csv.plugin: [TRACE] ListConfig.initialise complete: RetryConfig: , IgnoreConfig
2023-03-26 07:17:47.856 UTC [TRACE] steampipe-plugin-csv.plugin: [TRACE] back from initialiseHydrateConfigs
2023-03-26 07:17:47.856 UTC [TRACE] steampipe-plugin-csv.plugin: [TRACE] initialise table /home/runner/work/steampipe-samples/steampipe-samples/all/hackernews/hn_items_all.csv COMPLETE
2023-03-26 07:17:47.856 UTC [TRACE] steampipe-plugin-csv.plugin: [TRACE] initialise table /home/runner/work/steampipe-samples/steampipe-samples/all/hackernews/new_sc.csv
2023-03-26 07:17:47.856 UTC [TRACE] steampipe-plugin-csv.plugin: [TRACE] no DefaultRetryConfig defined - creating empty
2023-03-26 07:17:47.856 UTC [TRACE] steampipe-plugin-csv.plugin: [TRACE] no DefaultIgnoreConfig defined - creating empty
2023-03-26 07:17:47.856 UTC [TRACE] steampipe-plugin-csv.plugin: [TRACE] apply plugin defaults for DefaultRetryConfig
2023-03-26 07:17:47.856 UTC [TRACE] steampipe-plugin-csv.plugin: [TRACE] apply plugin defaults for DefaultIgnoreConfig, table &{<nil> <nil>} plugin &{<nil> <nil>}
2023-03-26 07:17:47.856 UTC [TRACE] steampipe-plugin-csv.plugin: [TRACE] DefaultRetryConfig:
2023-03-26 07:17:47.856 UTC [TRACE] steampipe-plugin-csv.plugin: [TRACE] DefaultIgnoreConfig:
2023-03-26 07:17:47.856 UTC [TRACE] steampipe-plugin-csv.plugin: [TRACE] t.List.initialise
2023-03-26 07:17:47.856 UTC [TRACE] steampipe-plugin-csv.plugin: [TRACE] ListConfig.initialise table /home/runner/work/steampipe-samples/steampipe-samples/all/hackernews/new_sc.csv
2023-03-26 07:17:47.856 UTC [TRACE] steampipe-plugin-csv.plugin: [TRACE] ListConfig.initialise complete: RetryConfig: , IgnoreConfig
2023-03-26 07:17:47.856 UTC [TRACE] steampipe-plugin-csv.plugin: [TRACE] back from initialiseHydrateConfigs
2023-03-26 07:17:47.856 UTC [TRACE] steampipe-plugin-csv.plugin: [TRACE] initialise table /home/runner/work/steampipe-samples/steampipe-samples/all/hackernews/new_sc.csv COMPLETE
2023-03-26 07:17:47.856 UTC [TRACE] steampipe-plugin-csv.plugin: [TRACE] validate plugin steampipe-plugin-csv, required columns []
2023-03-26 07:17:47.856 UTC [TRACE] steampipe-plugin-csv.plugin: [TRACE] validate DefaultRetryConfig
2023-03-26 07:17:47.856 UTC [TRACE] steampipe-plugin-csv.plugin: [TRACE] validate DefaultIgnoreConfig
2023-03-26 07:17:47.856 UTC [TRACE] steampipe-plugin-csv.plugin: [TRACE] validate table names
2023-03-26 07:17:47.858 UTC [INFO]  steampipe-plugin-csv.plugin: [INFO]  plugin validation result: 0 warnings 0 errors
2023-03-26 07:17:47.858 UTC [TRACE] steampipe-plugin-csv.plugin: [TRACE] SetAllConnectionConfigs added connection csv to map, setting watch paths
2023-03-26 07:17:47.858 UTC [TRACE] steampipe-plugin-csv.plugin: [TRACE] updateConnectionWatchPaths for connection csv, watch paths: [/home/runner/work/steampipe-samples/steampipe-samples/all/hackernews/*.csv]
2023-03-26 07:17:47.858 UTC [TRACE] steampipe-plugin-csv.plugin: [TRACE] ConnectionData.updateWatchPaths - create watcher options from the watchPaths [/home/runner/work/steampipe-samples/steampipe-samples/all/hackernews/*.csv]
2023-03-26 07:17:47.858 UTC [TRACE] steampipe-plugin-csv.plugin: [TRACE] ConnectionData.updateWatchPaths - created the new file watcher
2023-03-26 07:17:47.859 UTC [TRACE] steampipe-plugin-csv.plugin: [TRACE] Plugin ensureCache creating cache, maxCacheStorageMb 0
2023-03-26 07:17:47.859 UTC [TRACE] steampipe-plugin-csv.plugin: [TRACE] createCacheStore for plugin 'steampipe-plugin-csv' setting max size to 0Mb, Shards: 2, max shard size: 0
2023-03-26 07:17:47.873 UTC [INFO]  steampipe-plugin-csv.plugin: [INFO]  query cache created
2023-03-26 07:17:47.874 UTC [DEBUG] steampipe-plugin-csv.plugin: [DEBUG] SetAllConnectionConfigs finished
2023-03-26 07:17:47.875 UTC [TRACE] PluginMessageServer AddConnection for connections [csv]
2023-03-26 07:17:47.875 UTC [TRACE] openMessageStream for connection 'csv'
2023-03-26 07:17:47.875 UTC [TRACE] calling EstablishMessageStream
2023-03-26 07:17:47.875 UTC [TRACE] PluginManager getPlugin complete, returning reattach config with PID: 1984
2023-03-26 07:17:47.876 UTC [TRACE] runMessageListener connection 'csv'
2023-03-26 07:17:47.876 UTC [TRACE] steampipe-plugin-csv.plugin: [TRACE] plugin.EstablishMessageStream plugin 0xc0000fe1e0, stream 0xc00078abf0
2023-03-26 07:17:47.876 UTC [TRACE] steampipe-plugin-csv.plugin: [TRACE] plugin.EstablishMessageStream set on plugin: plugin.messageStream 0xc00078abf0
2023-03-26 07:17:47.927 UTC [TRACE] PluginManager Get, connections: '[csv]'
2023-03-26 07:17:47.927 UTC [TRACE] PluginManager getPlugin hub.steampipe.io/plugins/turbot/csv@latest connection 'csv'
2023-03-26 07:17:47.927 UTC [TRACE] connection csv found in connectionPluginMap
2023-03-26 07:17:47.927 UTC [TRACE] initialized: 1984
2023-03-26 07:17:47.927 UTC [TRACE] initialized: 1984
2023-03-26 07:17:47.927 UTC [TRACE] connection csv is loaded, check for running PID
2023-03-26 07:17:47.928 UTC [TRACE] PluginManager found 'csv' in map, pid 1984
2023-03-26 07:17:48.000 UTC [TRACE] PluginManager Get, connections: '[hackernews]'
2023-03-26 07:17:48.000 UTC [TRACE] PluginManager getPlugin hub.steampipe.io/plugins/turbot/hackernews@latest connection 'hackernews'
2023-03-26 07:17:48.000 UTC [TRACE] PluginManager 0xc000838e10 plugin hub.steampipe.io/plugins/turbot/hackernews@latest (hackernews) NOT started or starting - start now
2023-03-26 07:17:48.000 UTC [TRACE] ************ start plugin hackernews ********************
2023-03-26 07:17:48.001 UTC [TRACE] ************ plugin path /home/runner/.steampipe/plugins/hub.steampipe.io/plugins/turbot/hackernews@latest/steampipe-plugin-hackernews.plugin ********************
2023-03-26 07:17:48.076 UTC [DEBUG] starting plugin: path=/home/runner/.steampipe/plugins/hub.steampipe.io/plugins/turbot/hackernews@latest/steampipe-plugin-hackernews.plugin args=["/home/runner/.steampipe/plugins/hub.steampipe.io/plugins/turbot/hackernews@latest/steampipe-plugin-hackernews.plugin"]
2023-03-26 07:17:48.077 UTC [DEBUG] plugin started: path=/home/runner/.steampipe/plugins/hub.steampipe.io/plugins/turbot/hackernews@latest/steampipe-plugin-hackernews.plugin pid=2006
2023-03-26 07:17:48.077 UTC [DEBUG] waiting for RPC address: path=/home/runner/.steampipe/plugins/hub.steampipe.io/plugins/turbot/hackernews@latest/steampipe-plugin-hackernews.plugin
2023-03-26 07:17:48.088 UTC [INFO]  steampipe-plugin-hackernews.plugin: [INFO]  Initialise plugin 'steampipe-plugin-hackernews', using sdk version 4.1.7
2023-03-26 07:17:48.089 UTC [TRACE] steampipe-plugin-hackernews.plugin: [TRACE] defaulting SchemaMode to SchemaModeStatic
2023-03-26 07:17:48.089 UTC [TRACE] steampipe-plugin-hackernews.plugin: [TRACE] no DefaultRetryConfig defined - creating empty
2023-03-26 07:17:48.089 UTC [TRACE] steampipe-plugin-hackernews.plugin: [TRACE] no DefaultIgnoreConfig defined - creating empty
2023-03-26 07:17:48.089 UTC [TRACE] steampipe-plugin-hackernews.plugin: [TRACE] Setting Ulimit: ulimit=2560
2023-03-26 07:17:48.089 UTC [TRACE] steampipe-plugin-hackernews.plugin: [TRACE] telemetry.Init service 'steampipe-plugin-hackernews', tracingEnabled: false, metricsEnabled: false
2023-03-26 07:17:48.089 UTC [TRACE] steampipe-plugin-hackernews.plugin: [TRACE] metrics and tracing disabled' - returning
2023-03-26 07:17:48.090 UTC [DEBUG] using plugin: version=0
2023-03-26 07:17:48.090 UTC [TRACE] NewPluginClient for plugin hub.steampipe.io/plugins/turbot/hackernews@latest
2023-03-26 07:17:48.090 UTC [DEBUG] steampipe-plugin-hackernews.plugin: plugin address: address=/tmp/plugin4027219731 network=unix timestamp=2023-03-26T07:17:48.089Z
2023-03-26 07:17:48.091 UTC [TRACE] stdio: waiting for stdio data
2023-03-26 07:17:48.092 UTC [TRACE] supportedOperations: query_cache:true  multiple_connections:true
2023-03-26 07:17:48.093 UTC [TRACE] steampipe-plugin-hackernews.plugin: [TRACE] SetAllConnectionConfigs setting 1 configs
2023-03-26 07:17:48.093 UTC [TRACE] steampipe-plugin-hackernews.plugin: [TRACE] connection hackernews build schema and table map
2023-03-26 07:17:48.093 UTC [TRACE] steampipe-plugin-hackernews.plugin: [TRACE] initialise table hackernews_show_hn
2023-03-26 07:17:48.093 UTC [TRACE] steampipe-plugin-hackernews.plugin: [TRACE] no DefaultRetryConfig defined - creating empty
2023-03-26 07:17:48.093 UTC [TRACE] steampipe-plugin-hackernews.plugin: [TRACE] no DefaultIgnoreConfig defined - creating empty
2023-03-26 07:17:48.093 UTC [TRACE] steampipe-plugin-hackernews.plugin: [TRACE] apply plugin defaults for DefaultRetryConfig
2023-03-26 07:17:48.093 UTC [TRACE] steampipe-plugin-hackernews.plugin: [TRACE] apply plugin defaults for DefaultIgnoreConfig, table &{<nil> <nil>} plugin &{<nil> <nil>}
2023-03-26 07:17:48.093 UTC [TRACE] steampipe-plugin-hackernews.plugin: [TRACE] DefaultRetryConfig:
2023-03-26 07:17:48.093 UTC [TRACE] steampipe-plugin-hackernews.plugin: [TRACE] DefaultIgnoreConfig:
2023-03-26 07:17:48.093 UTC [TRACE] steampipe-plugin-hackernews.plugin: [TRACE] t.Get.initialise
2023-03-26 07:17:48.093 UTC [TRACE] steampipe-plugin-hackernews.plugin: [TRACE] GetConfig.initialise table hackernews_show_hn
2023-03-26 07:17:48.093 UTC [TRACE] steampipe-plugin-hackernews.plugin: [TRACE] GetConfig.initialise complete: RetryConfig: , IgnoreConfig:
2023-03-26 07:17:48.093 UTC [TRACE] steampipe-plugin-hackernews.plugin: [TRACE] t.List.initialise
2023-03-26 07:17:48.093 UTC [TRACE] steampipe-plugin-hackernews.plugin: [TRACE] ListConfig.initialise table hackernews_show_hn
2023-03-26 07:17:48.093 UTC [TRACE] steampipe-plugin-hackernews.plugin: [TRACE] ListConfig.initialise complete: RetryConfig: , IgnoreConfig
2023-03-26 07:17:48.093 UTC [TRACE] steampipe-plugin-hackernews.plugin: [TRACE] HydrateConfig.initialise func getItem, table hackernews_show_hn
2023-03-26 07:17:48.093 UTC [TRACE] steampipe-plugin-hackernews.plugin: [TRACE] HydrateConfig.initialise complete: RetryConfig: , IgnoreConfig:
2023-03-26 07:17:48.093 UTC [TRACE] steampipe-plugin-hackernews.plugin: [TRACE] back from initialiseHydrateConfigs
2023-03-26 07:17:48.093 UTC [TRACE] steampipe-plugin-hackernews.plugin: [TRACE] initialise table hackernews_show_hn COMPLETE
2023-03-26 07:17:48.093 UTC [TRACE] steampipe-plugin-hackernews.plugin: [TRACE] initialise table hackernews_top
2023-03-26 07:17:48.093 UTC [TRACE] steampipe-plugin-hackernews.plugin: [TRACE] no DefaultRetryConfig defined - creating empty
2023-03-26 07:17:48.093 UTC [TRACE] steampipe-plugin-hackernews.plugin: [TRACE] no DefaultIgnoreConfig defined - creating empty
2023-03-26 07:17:48.093 UTC [TRACE] steampipe-plugin-hackernews.plugin: [TRACE] apply plugin defaults for DefaultRetryConfig
2023-03-26 07:17:48.093 UTC [TRACE] steampipe-plugin-hackernews.plugin: [TRACE] apply plugin defaults for DefaultIgnoreConfig, table &{<nil> <nil>} plugin &{<nil> <nil>}
2023-03-26 07:17:48.093 UTC [TRACE] steampipe-plugin-hackernews.plugin: [TRACE] DefaultRetryConfig:
2023-03-26 07:17:48.093 UTC [TRACE] steampipe-plugin-hackernews.plugin: [TRACE] DefaultIgnoreConfig:
2023-03-26 07:17:48.093 UTC [TRACE] steampipe-plugin-hackernews.plugin: [TRACE] t.Get.initialise
2023-03-26 07:17:48.093 UTC [TRACE] steampipe-plugin-hackernews.plugin: [TRACE] GetConfig.initialise table hackernews_top
2023-03-26 07:17:48.093 UTC [TRACE] steampipe-plugin-hackernews.plugin: [TRACE] GetConfig.initialise complete: RetryConfig: , IgnoreConfig:
2023-03-26 07:17:48.093 UTC [TRACE] steampipe-plugin-hackernews.plugin: [TRACE] t.List.initialise
2023-03-26 07:17:48.093 UTC [TRACE] steampipe-plugin-hackernews.plugin: [TRACE] ListConfig.initialise table hackernews_top
2023-03-26 07:17:48.093 UTC [TRACE] steampipe-plugin-hackernews.plugin: [TRACE] ListConfig.initialise complete: RetryConfig: , IgnoreConfig
2023-03-26 07:17:48.093 UTC [TRACE] steampipe-plugin-hackernews.plugin: [TRACE] HydrateConfig.initialise func getItem, table hackernews_top
2023-03-26 07:17:48.093 UTC [TRACE] steampipe-plugin-hackernews.plugin: [TRACE] HydrateConfig.initialise complete: RetryConfig: , IgnoreConfig:
2023-03-26 07:17:48.093 UTC [TRACE] steampipe-plugin-hackernews.plugin: [TRACE] back from initialiseHydrateConfigs
2023-03-26 07:17:48.093 UTC [TRACE] steampipe-plugin-hackernews.plugin: [TRACE] initialise table hackernews_top COMPLETE
2023-03-26 07:17:48.093 UTC [TRACE] steampipe-plugin-hackernews.plugin: [TRACE] initialise table hackernews_user
2023-03-26 07:17:48.093 UTC [TRACE] steampipe-plugin-hackernews.plugin: [TRACE] no DefaultRetryConfig defined - creating empty
2023-03-26 07:17:48.093 UTC [TRACE] steampipe-plugin-hackernews.plugin: [TRACE] no DefaultIgnoreConfig defined - creating empty
2023-03-26 07:17:48.093 UTC [TRACE] steampipe-plugin-hackernews.plugin: [TRACE] apply plugin defaults for DefaultRetryConfig
2023-03-26 07:17:48.093 UTC [TRACE] steampipe-plugin-hackernews.plugin: [TRACE] apply plugin defaults for DefaultIgnoreConfig, table &{<nil> <nil>} plugin &{<nil> <nil>}
2023-03-26 07:17:48.093 UTC [TRACE] steampipe-plugin-hackernews.plugin: [TRACE] DefaultRetryConfig:
2023-03-26 07:17:48.093 UTC [TRACE] steampipe-plugin-hackernews.plugin: [TRACE] DefaultIgnoreConfig:
2023-03-26 07:17:48.093 UTC [TRACE] steampipe-plugin-hackernews.plugin: [TRACE] t.List.initialise
2023-03-26 07:17:48.093 UTC [TRACE] steampipe-plugin-hackernews.plugin: [TRACE] ListConfig.initialise table hackernews_user
2023-03-26 07:17:48.093 UTC [TRACE] steampipe-plugin-hackernews.plugin: [TRACE] ListConfig.initialise complete: RetryConfig: , IgnoreConfig
2023-03-26 07:17:48.093 UTC [TRACE] steampipe-plugin-hackernews.plugin: [TRACE] back from initialiseHydrateConfigs
2023-03-26 07:17:48.093 UTC [TRACE] steampipe-plugin-hackernews.plugin: [TRACE] initialise table hackernews_user COMPLETE
2023-03-26 07:17:48.093 UTC [TRACE] steampipe-plugin-hackernews.plugin: [TRACE] initialise table hackernews_ask_hn
2023-03-26 07:17:48.093 UTC [TRACE] steampipe-plugin-hackernews.plugin: [TRACE] no DefaultRetryConfig defined - creating empty
2023-03-26 07:17:48.093 UTC [TRACE] steampipe-plugin-hackernews.plugin: [TRACE] no DefaultIgnoreConfig defined - creating empty
2023-03-26 07:17:48.093 UTC [TRACE] steampipe-plugin-hackernews.plugin: [TRACE] apply plugin defaults for DefaultRetryConfig
2023-03-26 07:17:48.093 UTC [TRACE] steampipe-plugin-hackernews.plugin: [TRACE] apply plugin defaults for DefaultIgnoreConfig, table &{<nil> <nil>} plugin &{<nil> <nil>}
2023-03-26 07:17:48.093 UTC [TRACE] steampipe-plugin-hackernews.plugin: [TRACE] DefaultRetryConfig:
2023-03-26 07:17:48.093 UTC [TRACE] steampipe-plugin-hackernews.plugin: [TRACE] DefaultIgnoreConfig:
2023-03-26 07:17:48.093 UTC [TRACE] steampipe-plugin-hackernews.plugin: [TRACE] t.Get.initialise
2023-03-26 07:17:48.093 UTC [TRACE] steampipe-plugin-hackernews.plugin: [TRACE] GetConfig.initialise table hackernews_ask_hn
2023-03-26 07:17:48.093 UTC [TRACE] steampipe-plugin-hackernews.plugin: [TRACE] GetConfig.initialise complete: RetryConfig: , IgnoreConfig:
2023-03-26 07:17:48.093 UTC [TRACE] steampipe-plugin-hackernews.plugin: [TRACE] t.List.initialise
2023-03-26 07:17:48.093 UTC [TRACE] steampipe-plugin-hackernews.plugin: [TRACE] ListConfig.initialise table hackernews_ask_hn
2023-03-26 07:17:48.093 UTC [TRACE] steampipe-plugin-hackernews.plugin: [TRACE] ListConfig.initialise complete: RetryConfig: , IgnoreConfig
2023-03-26 07:17:48.093 UTC [TRACE] steampipe-plugin-hackernews.plugin: [TRACE] HydrateConfig.initialise func getItem, table hackernews_ask_hn
2023-03-26 07:17:48.093 UTC [TRACE] steampipe-plugin-hackernews.plugin: [TRACE] HydrateConfig.initialise complete: RetryConfig: , IgnoreConfig:
2023-03-26 07:17:48.093 UTC [TRACE] steampipe-plugin-hackernews.plugin: [TRACE] back from initialiseHydrateConfigs
2023-03-26 07:17:48.093 UTC [TRACE] steampipe-plugin-hackernews.plugin: [TRACE] initialise table hackernews_ask_hn COMPLETE
2023-03-26 07:17:48.093 UTC [TRACE] steampipe-plugin-hackernews.plugin: [TRACE] initialise table hackernews_best
2023-03-26 07:17:48.093 UTC [TRACE] steampipe-plugin-hackernews.plugin: [TRACE] no DefaultRetryConfig defined - creating empty
2023-03-26 07:17:48.093 UTC [TRACE] steampipe-plugin-hackernews.plugin: [TRACE] no DefaultIgnoreConfig defined - creating empty
2023-03-26 07:17:48.093 UTC [TRACE] steampipe-plugin-hackernews.plugin: [TRACE] apply plugin defaults for DefaultRetryConfig
2023-03-26 07:17:48.093 UTC [TRACE] steampipe-plugin-hackernews.plugin: [TRACE] apply plugin defaults for DefaultIgnoreConfig, table &{<nil> <nil>} plugin &{<nil> <nil>}
2023-03-26 07:17:48.093 UTC [TRACE] steampipe-plugin-hackernews.plugin: [TRACE] DefaultRetryConfig:
2023-03-26 07:17:48.093 UTC [TRACE] steampipe-plugin-hackernews.plugin: [TRACE] DefaultIgnoreConfig:
2023-03-26 07:17:48.093 UTC [TRACE] steampipe-plugin-hackernews.plugin: [TRACE] t.Get.initialise
2023-03-26 07:17:48.093 UTC [TRACE] steampipe-plugin-hackernews.plugin: [TRACE] GetConfig.initialise table hackernews_best
2023-03-26 07:17:48.093 UTC [TRACE] steampipe-plugin-hackernews.plugin: [TRACE] GetConfig.initialise complete: RetryConfig: , IgnoreConfig:
2023-03-26 07:17:48.093 UTC [TRACE] steampipe-plugin-hackernews.plugin: [TRACE] t.List.initialise
2023-03-26 07:17:48.093 UTC [TRACE] steampipe-plugin-hackernews.plugin: [TRACE] ListConfig.initialise table hackernews_best
2023-03-26 07:17:48.093 UTC [TRACE] steampipe-plugin-hackernews.plugin: [TRACE] ListConfig.initialise complete: RetryConfig: , IgnoreConfig
2023-03-26 07:17:48.093 UTC [TRACE] steampipe-plugin-hackernews.plugin: [TRACE] HydrateConfig.initialise func getItem, table hackernews_best
2023-03-26 07:17:48.093 UTC [TRACE] steampipe-plugin-hackernews.plugin: [TRACE] HydrateConfig.initialise complete: RetryConfig: , IgnoreConfig:
2023-03-26 07:17:48.093 UTC [TRACE] steampipe-plugin-hackernews.plugin: [TRACE] back from initialiseHydrateConfigs
2023-03-26 07:17:48.093 UTC [TRACE] steampipe-plugin-hackernews.plugin: [TRACE] initialise table hackernews_best COMPLETE
2023-03-26 07:17:48.093 UTC [TRACE] steampipe-plugin-hackernews.plugin: [TRACE] initialise table hackernews_item
2023-03-26 07:17:48.093 UTC [TRACE] steampipe-plugin-hackernews.plugin: [TRACE] no DefaultRetryConfig defined - creating empty
2023-03-26 07:17:48.093 UTC [TRACE] steampipe-plugin-hackernews.plugin: [TRACE] no DefaultIgnoreConfig defined - creating empty
2023-03-26 07:17:48.093 UTC [TRACE] steampipe-plugin-hackernews.plugin: [TRACE] apply plugin defaults for DefaultRetryConfig
2023-03-26 07:17:48.093 UTC [TRACE] steampipe-plugin-hackernews.plugin: [TRACE] apply plugin defaults for DefaultIgnoreConfig, table &{<nil> <nil>} plugin &{<nil> <nil>}
2023-03-26 07:17:48.093 UTC [TRACE] steampipe-plugin-hackernews.plugin: [TRACE] DefaultRetryConfig:
2023-03-26 07:17:48.093 UTC [TRACE] steampipe-plugin-hackernews.plugin: [TRACE] DefaultIgnoreConfig:
2023-03-26 07:17:48.093 UTC [TRACE] steampipe-plugin-hackernews.plugin: [TRACE] t.Get.initialise
2023-03-26 07:17:48.093 UTC [TRACE] steampipe-plugin-hackernews.plugin: [TRACE] GetConfig.initialise table hackernews_item
2023-03-26 07:17:48.093 UTC [TRACE] steampipe-plugin-hackernews.plugin: [TRACE] GetConfig.initialise complete: RetryConfig: , IgnoreConfig:
2023-03-26 07:17:48.093 UTC [TRACE] steampipe-plugin-hackernews.plugin: [TRACE] t.List.initialise
2023-03-26 07:17:48.093 UTC [TRACE] steampipe-plugin-hackernews.plugin: [TRACE] ListConfig.initialise table hackernews_item
2023-03-26 07:17:48.093 UTC [TRACE] steampipe-plugin-hackernews.plugin: [TRACE] ListConfig.initialise complete: RetryConfig: , IgnoreConfig
2023-03-26 07:17:48.093 UTC [TRACE] steampipe-plugin-hackernews.plugin: [TRACE] HydrateConfig.initialise func getItem, table hackernews_item
2023-03-26 07:17:48.093 UTC [TRACE] steampipe-plugin-hackernews.plugin: [TRACE] HydrateConfig.initialise complete: RetryConfig: , IgnoreConfig:
2023-03-26 07:17:48.093 UTC [TRACE] steampipe-plugin-hackernews.plugin: [TRACE] back from initialiseHydrateConfigs
2023-03-26 07:17:48.093 UTC [TRACE] steampipe-plugin-hackernews.plugin: [TRACE] initialise table hackernews_item COMPLETE
2023-03-26 07:17:48.093 UTC [TRACE] steampipe-plugin-hackernews.plugin: [TRACE] initialise table hackernews_job
2023-03-26 07:17:48.093 UTC [TRACE] steampipe-plugin-hackernews.plugin: [TRACE] no DefaultRetryConfig defined - creating empty
2023-03-26 07:17:48.093 UTC [TRACE] steampipe-plugin-hackernews.plugin: [TRACE] no DefaultIgnoreConfig defined - creating empty
2023-03-26 07:17:48.093 UTC [TRACE] steampipe-plugin-hackernews.plugin: [TRACE] apply plugin defaults for DefaultRetryConfig
2023-03-26 07:17:48.093 UTC [TRACE] steampipe-plugin-hackernews.plugin: [TRACE] apply plugin defaults for DefaultIgnoreConfig, table &{<nil> <nil>} plugin &{<nil> <nil>}
2023-03-26 07:17:48.093 UTC [TRACE] steampipe-plugin-hackernews.plugin: [TRACE] DefaultRetryConfig:
2023-03-26 07:17:48.093 UTC [TRACE] steampipe-plugin-hackernews.plugin: [TRACE] DefaultIgnoreConfig:
2023-03-26 07:17:48.093 UTC [TRACE] steampipe-plugin-hackernews.plugin: [TRACE] t.Get.initialise
2023-03-26 07:17:48.093 UTC [TRACE] steampipe-plugin-hackernews.plugin: [TRACE] GetConfig.initialise table hackernews_job
2023-03-26 07:17:48.093 UTC [TRACE] steampipe-plugin-hackernews.plugin: [TRACE] GetConfig.initialise complete: RetryConfig: , IgnoreConfig:
2023-03-26 07:17:48.093 UTC [TRACE] steampipe-plugin-hackernews.plugin: [TRACE] t.List.initialise
2023-03-26 07:17:48.093 UTC [TRACE] steampipe-plugin-hackernews.plugin: [TRACE] ListConfig.initialise table hackernews_job
2023-03-26 07:17:48.093 UTC [TRACE] steampipe-plugin-hackernews.plugin: [TRACE] ListConfig.initialise complete: RetryConfig: , IgnoreConfig
2023-03-26 07:17:48.093 UTC [TRACE] steampipe-plugin-hackernews.plugin: [TRACE] HydrateConfig.initialise func getItem, table hackernews_job
2023-03-26 07:17:48.093 UTC [TRACE] steampipe-plugin-hackernews.plugin: [TRACE] HydrateConfig.initialise complete: RetryConfig: , IgnoreConfig:
2023-03-26 07:17:48.093 UTC [TRACE] steampipe-plugin-hackernews.plugin: [TRACE] back from initialiseHydrateConfigs
2023-03-26 07:17:48.093 UTC [TRACE] steampipe-plugin-hackernews.plugin: [TRACE] initialise table hackernews_job COMPLETE
2023-03-26 07:17:48.093 UTC [TRACE] steampipe-plugin-hackernews.plugin: [TRACE] initialise table hackernews_new
2023-03-26 07:17:48.093 UTC [TRACE] steampipe-plugin-hackernews.plugin: [TRACE] no DefaultRetryConfig defined - creating empty
2023-03-26 07:17:48.093 UTC [TRACE] steampipe-plugin-hackernews.plugin: [TRACE] no DefaultIgnoreConfig defined - creating empty
2023-03-26 07:17:48.093 UTC [TRACE] steampipe-plugin-hackernews.plugin: [TRACE] apply plugin defaults for DefaultRetryConfig
2023-03-26 07:17:48.093 UTC [TRACE] steampipe-plugin-hackernews.plugin: [TRACE] apply plugin defaults for DefaultIgnoreConfig, table &{<nil> <nil>} plugin &{<nil> <nil>}
2023-03-26 07:17:48.093 UTC [TRACE] steampipe-plugin-hackernews.plugin: [TRACE] DefaultRetryConfig:
2023-03-26 07:17:48.093 UTC [TRACE] steampipe-plugin-hackernews.plugin: [TRACE] DefaultIgnoreConfig:
2023-03-26 07:17:48.093 UTC [TRACE] steampipe-plugin-hackernews.plugin: [TRACE] t.Get.initialise
2023-03-26 07:17:48.093 UTC [TRACE] steampipe-plugin-hackernews.plugin: [TRACE] GetConfig.initialise table hackernews_new
2023-03-26 07:17:48.093 UTC [TRACE] steampipe-plugin-hackernews.plugin: [TRACE] GetConfig.initialise complete: RetryConfig: , IgnoreConfig:
2023-03-26 07:17:48.093 UTC [TRACE] steampipe-plugin-hackernews.plugin: [TRACE] t.List.initialise
2023-03-26 07:17:48.093 UTC [TRACE] steampipe-plugin-hackernews.plugin: [TRACE] ListConfig.initialise table hackernews_new
2023-03-26 07:17:48.093 UTC [TRACE] steampipe-plugin-hackernews.plugin: [TRACE] ListConfig.initialise complete: RetryConfig: , IgnoreConfig
2023-03-26 07:17:48.093 UTC [TRACE] steampipe-plugin-hackernews.plugin: [TRACE] HydrateConfig.initialise func getItem, table hackernews_new
2023-03-26 07:17:48.093 UTC [TRACE] steampipe-plugin-hackernews.plugin: [TRACE] HydrateConfig.initialise complete: RetryConfig: , IgnoreConfig:
2023-03-26 07:17:48.093 UTC [TRACE] steampipe-plugin-hackernews.plugin: [TRACE] back from initialiseHydrateConfigs
2023-03-26 07:17:48.093 UTC [TRACE] steampipe-plugin-hackernews.plugin: [TRACE] initialise table hackernews_new COMPLETE
2023-03-26 07:17:48.094 UTC [TRACE] steampipe-plugin-hackernews.plugin: [TRACE] validate plugin steampipe-plugin-hackernews, required columns []
2023-03-26 07:17:48.094 UTC [TRACE] steampipe-plugin-hackernews.plugin: [TRACE] validate DefaultRetryConfig
2023-03-26 07:17:48.094 UTC [TRACE] steampipe-plugin-hackernews.plugin: [TRACE] validate DefaultIgnoreConfig
2023-03-26 07:17:48.094 UTC [TRACE] steampipe-plugin-hackernews.plugin: [TRACE] validate table names
2023-03-26 07:17:48.094 UTC [TRACE] steampipe-plugin-hackernews.plugin: [TRACE] plugin has 0 validation errors
2023-03-26 07:17:48.094 UTC [TRACE] steampipe-plugin-hackernews.plugin: [TRACE] Plugin ensureCache creating cache, maxCacheStorageMb 0
2023-03-26 07:17:48.094 UTC [TRACE] steampipe-plugin-hackernews.plugin: [TRACE] createCacheStore for plugin 'steampipe-plugin-hackernews' setting max size to 0Mb, Shards: 2, max shard size: 0
2023-03-26 07:17:48.114 UTC [INFO]  steampipe-plugin-hackernews.plugin: [INFO]  query cache created
2023-03-26 07:17:48.114 UTC [DEBUG] steampipe-plugin-hackernews.plugin: [DEBUG] SetAllConnectionConfigs finished
2023-03-26 07:17:48.115 UTC [TRACE] PluginManager getPlugin complete, returning reattach config with PID: 2006
2023-03-26 07:17:48.122 UTC [INFO]  steampipe-plugin-hackernews.plugin: [INFO]  1679815068244: Plugin Execute (1679815068244)
2023-03-26 07:17:48.122 UTC [TRACE] steampipe-plugin-hackernews.plugin: [TRACE] 1679815068244: No memory limit set
2023-03-26 07:17:48.122 UTC [INFO]  steampipe-plugin-hackernews.plugin: [INFO]  1679815068244: Plugin Execute, setting memory limit to -1Mb
2023-03-26 07:17:48.122 UTC [TRACE] steampipe-plugin-hackernews.plugin: [TRACE] 1679815068244: calling ExtractContextFromCarrier
2023-03-26 07:17:48.122 UTC [INFO]  steampipe-plugin-hackernews.plugin: [INFO]  1679815068244: Setting max concurrent connections to 25
2023-03-26 07:17:48.122 UTC [TRACE] steampipe-plugin-hackernews.plugin: [TRACE] 1679815068244: executeForConnection callId: 1679815068244, connectionCallId: hackernews-1679815068244, connection: hackernews table: hackernews_new cols: id,title,time,by,score,dead,deleted,descendants,kids,parent,parts,poll,text,type,url,_ctx
2023-03-26 07:17:48.122 UTC [TRACE] steampipe-plugin-hackernews.plugin: [TRACE] 1679815068244: got connection data
2023-03-26 07:17:48.122 UTC [TRACE] steampipe-plugin-hackernews.plugin: [TRACE] 1679815068244: Got query context, table: hackernews_new, cols: [id title time by score dead deleted descendants kids parent parts poll text type url _ctx]
2023-03-26 07:17:48.122 UTC [TRACE] steampipe-plugin-hackernews.plugin: [TRACE] 1679815068244: Start execute span
2023-03-26 07:17:48.122 UTC [INFO]  steampipe-plugin-hackernews.plugin: [INFO]  1679815068244: Setting free memory interval to 100 rows
2023-03-26 07:17:48.122 UTC [TRACE] steampipe-plugin-hackernews.plugin: [TRACE] 1679815068244: setFetchType map[time:quals:{fieldName:"time"  string_value:">"  value:{timestamp_value:{seconds:1679811467  nanos:964893000}}}]
2023-03-26 07:17:48.123 UTC [TRACE] steampipe-plugin-hackernews.plugin: [TRACE] 1679815068244: getMatchingQuals column:'id' operator: =
2023-03-26 07:17:48.123 UTC [TRACE] steampipe-plugin-hackernews.plugin: [TRACE] 1679815068244: getMatchingQuals returning false - qualMap does not contain any quals for column id
2023-03-26 07:17:48.124 UTC [TRACE] steampipe-plugin-hackernews.plugin: [TRACE] 1679815068244: GetUnsatisfiedKeyColumns for columns column:'id' operator: =
2023-03-26 07:17:48.125 UTC [TRACE] steampipe-plugin-hackernews.plugin: [TRACE] 1679815068244: key column NOT satisfied column:'id' operator: =
2023-03-26 07:17:48.125 UTC [TRACE] steampipe-plugin-hackernews.plugin: [TRACE] 1679815068244: satisfied: map[any_of: optional: required:]
2023-03-26 07:17:48.125 UTC [TRACE] steampipe-plugin-hackernews.plugin: [TRACE] 1679815068244: unsatisfied: map[any_of: optional: required:column:'id' operator: =]
2023-03-26 07:17:48.126 UTC [TRACE] steampipe-plugin-hackernews.plugin: [TRACE] 1679815068244: unsatisfied required KeyColumns: column:'id' operator: =
2023-03-26 07:17:48.126 UTC [TRACE] steampipe-plugin-hackernews.plugin: [TRACE] 1679815068244: Set fetchType to fetchTypeList
2023-03-26 07:17:48.126 UTC [TRACE] steampipe-plugin-hackernews.plugin: [TRACE] 1679815068244: Equals key column quals:
2023-03-26 07:17:48.126 UTC [DEBUG] steampipe-plugin-hackernews.plugin: {}
2023-03-26 07:17:48.126 UTC [TRACE] steampipe-plugin-hackernews.plugin: [TRACE] 1679815068244: All key column quals:
2023-03-26 07:17:48.126 UTC [DEBUG] steampipe-plugin-hackernews.plugin: {}
2023-03-26 07:17:48.126 UTC [TRACE] steampipe-plugin-hackernews.plugin: [TRACE] 1679815068244: GetMatrixItem
2023-03-26 07:17:48.126 UTC [TRACE] steampipe-plugin-hackernews.plugin: [TRACE] 1679815068244: creating query data
2023-03-26 07:17:48.126 UTC [INFO]  steampipe-plugin-hackernews.plugin: [INFO]  1679815068244: cacheEnabled, trying cache get (hackernews-1679815068244)
2023-03-26 07:17:48.126 UTC [TRACE] steampipe-plugin-hackernews.plugin: [TRACE] 1679815068244: QueryCache Get - indexBucketKey index__hackernewshackernews_new, quals
2023-03-26 07:17:48.126 UTC [TRACE] steampipe-plugin-hackernews.plugin: [TRACE] 1679815068244: QueryCache getCachedQueryResult - table hackernews_new, connectionName hackernews
2023-03-26 07:17:48.126 UTC [TRACE] steampipe-plugin-hackernews.plugin: [TRACE] 1679815068244: index bucket key: index__hackernewshackernews_new ttlSeconds 300 limit: -1
2023-03-26 07:17:48.126 UTC [TRACE] steampipe-plugin-hackernews.plugin: [TRACE] 1679815068244: doGet cache miss
2023-03-26 07:17:48.126 UTC [TRACE] steampipe-plugin-hackernews.plugin: [TRACE] 1679815068244: getCachedIndexBucket - no item retrieved for cache key index__hackernewshackernews_new
2023-03-26 07:17:48.126 UTC [TRACE] steampipe-plugin-hackernews.plugin: [TRACE] 1679815068244: getCachedQueryResult returned CACHE MISS - checking for pending transfers
2023-03-26 07:17:48.126 UTC [TRACE] steampipe-plugin-hackernews.plugin: [TRACE] 1679815068244: getPendingResultItem indexBucketKey index__hackernewshackernews_new, columns [id title time by score dead deleted descendants kids parent parts poll text type url _ctx], limit -1
2023-03-26 07:17:48.126 UTC [TRACE] steampipe-plugin-hackernews.plugin: [TRACE] 1679815068244: no pending index item - add pending result, indexBucketKey index__hackernewshackernews_new
2023-03-26 07:17:48.126 UTC [TRACE] steampipe-plugin-hackernews.plugin: [TRACE] 1679815068244: addPendingResult (hackernews-1679815068244) indexBucketKey index__hackernewshackernews_new, columns [id title time by score dead deleted descendants kids parent parts poll text type url _ctx], limit -1
2023-03-26 07:17:48.126 UTC [TRACE] steampipe-plugin-hackernews.plugin: [TRACE] 1679815068244: no index bucket found - creating one
2023-03-26 07:17:48.126 UTC [TRACE] steampipe-plugin-hackernews.plugin: [TRACE] 1679815068244: pendingIndexItem Lock count before 0
2023-03-26 07:17:48.126 UTC [TRACE] steampipe-plugin-hackernews.plugin: [TRACE] 1679815068244: addPendingResult added pending index item to bucket, (hackernews-1679815068244) indexBucketKey index__hackernewshackernews_new, resultKeyRoot hackernewshackernews_newid,title,time,by,score,dead,deleted,descendants,kids,parent,parts,poll,text,type,url,_ctx-1, pending item : 0xc00043d440
2023-03-26 07:17:48.126 UTC [TRACE] steampipe-plugin-hackernews.plugin: [TRACE] 1679815068244: **** pending items (hackernews-1679815068244)****
2023-03-26 07:17:48.126 UTC [TRACE] steampipe-plugin-hackernews.plugin: [TRACE] 1679815068244: key: index__hackernewshackernews_new: item: 0xc00043d440, count: 1, key:hackernewshackernews_newid,title,time,by,score,dead,deleted,descendants,kids,parent,parts,poll,text,type,url,_ctx-1
2023-03-26 07:17:48.126 UTC [TRACE] steampipe-plugin-hackernews.plugin: [TRACE] 1679815068244: ********
2023-03-26 07:17:48.126 UTC [TRACE] steampipe-plugin-hackernews.plugin: [TRACE] 1679815068244: getPendingResultItem returning <nil>
2023-03-26 07:17:48.126 UTC [INFO]  steampipe-plugin-hackernews.plugin: [INFO]  1679815068244: CACHE MISS
2023-03-26 07:17:48.126 UTC [TRACE] steampipe-plugin-hackernews.plugin: [TRACE] 1679815068244: cache MISS
2023-03-26 07:17:48.126 UTC [INFO]  steampipe-plugin-hackernews.plugin: [INFO]  1679815068244: queryCacheGet returned CACHE MISS (hackernews-1679815068244)
2023-03-26 07:17:48.126 UTC [TRACE] steampipe-plugin-hackernews.plugin: [TRACE] 1679815068244: StartSet (hackernews-1679815068244)
2023-03-26 07:17:48.126 UTC [TRACE] steampipe-plugin-hackernews.plugin: [TRACE] 1679815068244: calling fetchItems, table: hackernews_new, matrixItem: [], limit: -1,  connectionCallId: hackernews-1679815068244"
2023-03-26 07:17:48.126 UTC [TRACE] steampipe-plugin-hackernews.plugin: [TRACE] 1679815068244: buildRowsAsync connectionCallId: hackernews-1679815068244
2023-03-26 07:17:48.126 UTC [TRACE] steampipe-plugin-hackernews.plugin: [TRACE] 1679815068244: streamRows connectionCallId: hackernews-1679815068244
2023-03-26 07:17:48.126 UTC [TRACE] steampipe-plugin-hackernews.plugin: [TRACE] 1679815068244: QueryData streamRows (hackernews-1679815068244)
2023-03-26 07:17:48.126 UTC [TRACE] steampipe-plugin-hackernews.plugin: [TRACE] 1679815068244: executeListCall START (hackernews-1679815068244)
2023-03-26 07:17:48.126 UTC [TRACE] steampipe-plugin-hackernews.plugin: [TRACE] 1679815068244: GetUnsatisfiedKeyColumns for columns
2023-03-26 07:17:48.126 UTC [TRACE] steampipe-plugin-hackernews.plugin: [TRACE] 1679815068244: doList (hackernews-1679815068244)
2023-03-26 07:17:48.126 UTC [TRACE] steampipe-plugin-hackernews.plugin: [TRACE] 1679815068244: doList: no matrix item
2023-03-26 07:17:48.316 UTC [TRACE] stdio: received data: channel=STDOUT len=15
2023-03-26 07:17:48.316 UTC [TRACE] stdio: waiting for stdio data
2023-03-26 07:17:48.319 UTC [TRACE] steampipe-plugin-hackernews.plugin: [TRACE] 1679815068244: QueryData.fetchComplete
2023-03-26 07:17:48.319 UTC [TRACE] steampipe-plugin-hackernews.plugin: [TRACE] 1679815068244: executeListCall COMPLETE (hackernews-1679815068244)
2023-03-26 07:17:48.319 UTC [TRACE] steampipe-plugin-hackernews.plugin: [TRACE] 1679815068244: rowData chan returned nil - wait for rows to complete (hackernews-1679815068244)
2023-03-26 07:17:48.462 UTC [TRACE] stdio: received data: channel=STDOUT len=233
2023-03-26 07:17:48.462 UTC [TRACE] stdio: waiting for stdio data
2023-03-26 07:17:48.510 UTC [TRACE] stdio: received data: channel=STDOUT len=364
2023-03-26 07:17:48.510 UTC [TRACE] stdio: waiting for stdio data
2023-03-26 07:17:48.549 UTC [TRACE] stdio: received data: channel=STDOUT len=796
2023-03-26 07:17:48.550 UTC [TRACE] stdio: waiting for stdio data
2023-03-26 07:17:48.566 UTC [TRACE] stdio: received data: channel=STDOUT len=1024
2023-03-26 07:17:48.566 UTC [TRACE] stdio: waiting for stdio data
2023-03-26 07:17:48.686 UTC [TRACE] stdio: received data: channel=STDOUT len=1024
2023-03-26 07:17:48.686 UTC [TRACE] stdio: waiting for stdio data
2023-03-26 07:17:48.838 UTC [TRACE] stdio: received data: channel=STDOUT len=579
2023-03-26 07:17:48.838 UTC [TRACE] stdio: waiting for stdio data
2023-03-26 07:17:48.866 UTC [TRACE] steampipe-plugin-hackernews.plugin: [TRACE] 1679815068244: buildRowsAsync goroutine returning (hackernews-1679815068244)
2023-03-26 07:17:48.866 UTC [TRACE] steampipe-plugin-hackernews.plugin: [TRACE] 1679815068244: streamRows - nil row, stop streaming (hackernews-1679815068244)
2023-03-26 07:17:48.866 UTC [TRACE] steampipe-plugin-hackernews.plugin: [TRACE] 1679815068244: ------------------------------------
2023-03-26 07:17:48.866 UTC [TRACE] steampipe-plugin-hackernews.plugin: [TRACE] 1679815068244: Concurrency Summary
2023-03-26 07:17:48.866 UTC [TRACE] steampipe-plugin-hackernews.plugin: [TRACE] 1679815068244: ------------------------------------
2023-03-26 07:17:48.866 UTC [TRACE] steampipe-plugin-hackernews.plugin: [TRACE] 1679815068244: getItem                       : 200
2023-03-26 07:17:48.866 UTC [TRACE] steampipe-plugin-hackernews.plugin: [TRACE] 1679815068244: ------------------------------------
2023-03-26 07:17:48.866 UTC [TRACE] steampipe-plugin-hackernews.plugin: [TRACE] 1679815068244: Total                         : 200
2023-03-26 07:17:48.866 UTC [TRACE] steampipe-plugin-hackernews.plugin: [TRACE] 1679815068244: ------------------------------------
2023-03-26 07:17:48.866 UTC [TRACE] steampipe-plugin-hackernews.plugin: [TRACE] 1679815068244: QueryData streamRows DONE (hackernews-1679815068244)
2023-03-26 07:17:48.866 UTC [TRACE] steampipe-plugin-hackernews.plugin: [TRACE] 1679815068244: EndSet (hackernews-1679815068244) table hackernews_new
2023-03-26 07:17:48.866 UTC [TRACE] steampipe-plugin-hackernews.plugin: [TRACE] 1679815068244: QueryCache writePageToCache: 500 rows, pageCount 1, page key hackernewshackernews_newid,title,time,by,score,dead,deleted,descendants,kids,parent,parts,poll,text,type,url,_ctx-1-0
2023-03-26 07:17:48.876 UTC [TRACE] steampipe-plugin-hackernews.plugin: [TRACE] 1679815068244: writePageToCache Set - result written
2023-03-26 07:17:48.876 UTC [TRACE] steampipe-plugin-hackernews.plugin: [TRACE] 1679815068244: QueryCache EndSet - result written
2023-03-26 07:17:48.876 UTC [TRACE] steampipe-plugin-hackernews.plugin: [TRACE] 1679815068244: doGet cache miss
2023-03-26 07:17:48.876 UTC [TRACE] steampipe-plugin-hackernews.plugin: [TRACE] 1679815068244: getCachedIndexBucket - no item retrieved for cache key index__hackernewshackernews_new
2023-03-26 07:17:48.876 UTC [TRACE] steampipe-plugin-hackernews.plugin: [TRACE] 1679815068244: getCachedIndexBucket returned cache miss
2023-03-26 07:17:48.876 UTC [TRACE] steampipe-plugin-hackernews.plugin: [TRACE] 1679815068244: QueryCache EndSet - Added index item (0xc01ae7fe00) to bucket (0xc01ae648a0), page count 1,  key root hackernewshackernews_newid,title,time,by,score,dead,deleted,descendants,kids,parent,parts,poll,text,type,url,_ctx-1
2023-03-26 07:17:48.876 UTC [TRACE] steampipe-plugin-hackernews.plugin: [TRACE] 1679815068244: cacheSetIndexBucket index__hackernewshackernews_new
2023-03-26 07:17:48.877 UTC [TRACE] steampipe-plugin-hackernews.plugin: [TRACE] 1679815068244: QueryCache EndSet - IndexBucket written
2023-03-26 07:17:48.877 UTC [TRACE] steampipe-plugin-hackernews.plugin: [TRACE] 1679815068244: EndSet DEFER (hackernews-1679815068244) table hackernews_new
2023-03-26 07:17:48.877 UTC [TRACE] steampipe-plugin-hackernews.plugin: [TRACE] 1679815068244: calling pendingItemComplete (hackernews-1679815068244)
2023-03-26 07:17:48.877 UTC [TRACE] steampipe-plugin-hackernews.plugin: [TRACE] 1679815068244: pendingItemComplete (hackernews-1679815068244) indexBucketKey index__hackernewshackernews_new, columns [id title time by score dead deleted descendants kids parent parts poll text type url _ctx], limit -1
2023-03-26 07:17:48.877 UTC [TRACE] steampipe-plugin-hackernews.plugin: [TRACE] 1679815068244: got pending index bucket, (hackernews-1679815068244) len 1
2023-03-26 07:17:48.877 UTC [TRACE] steampipe-plugin-hackernews.plugin: [TRACE] 1679815068244: SatisfiesLimit limit -1, no item limit - satisfied
2023-03-26 07:17:48.877 UTC [TRACE] steampipe-plugin-hackernews.plugin: [TRACE] 1679815068244: found pending index item to satisfy columns id,title,time,by,score,dead,deleted,descendants,kids,parent,parts,poll,text,type,url,_ctx, limit -1
2023-03-26 07:17:48.877 UTC [TRACE] steampipe-plugin-hackernews.plugin: [TRACE] 1679815068244: found completed pending item (hackernews-1679815068244) 0xc00043d440, key hackernewshackernews_newid,title,time,by,score,dead,deleted,descendants,kids,parent,parts,poll,text,type,url,_ctx-1 - removing from map as it is complete
2023-03-26 07:17:48.877 UTC [TRACE] steampipe-plugin-hackernews.plugin: [TRACE] 1679815068244: pendingIndexItem Unlock count before 1 key hackernewshackernews_newid,title,time,by,score,dead,deleted,descendants,kids,parent,parts,poll,text,type,url,_ctx-1
2023-03-26 07:17:48.877 UTC [TRACE] steampipe-plugin-hackernews.plugin: [TRACE] 1679815068244: deleted from pending, (hackernews-1679815068244) len 0
2023-03-26 07:17:48.877 UTC [TRACE] steampipe-plugin-hackernews.plugin: [TRACE] 1679815068244: pending bucket now empty - deleting key index__hackernewshackernews_new
2023-03-26 07:17:48.877 UTC [TRACE] steampipe-plugin-hackernews.plugin: [TRACE] 1679815068244: pendingItemComplete done (hackernews-1679815068244)
2023-03-26 07:17:48.877 UTC [TRACE] steampipe-plugin-hackernews.plugin: [TRACE] 1679815068244: cache set succeeded
2023-03-26 07:17:48.877 UTC [TRACE] steampipe-plugin-hackernews.plugin: [TRACE] 1679815068244: End execute span
2023-03-26 07:17:48.877 UTC [TRACE] steampipe-plugin-hackernews.plugin: [TRACE] 1679815068244: executeForConnection DEFER (hackernews-1679815068244)
2023-03-26 07:17:48.877 UTC [TRACE] steampipe-plugin-hackernews.plugin: [TRACE] 1679815068244: Execute complete callId: hackernews-1679815068244 table: hackernews_new
2023-03-26 07:17:48.877 UTC [TRACE] steampipe-plugin-hackernews.plugin: [TRACE] 1679815068244: executeForConnection hackernews returned
2023-03-26 07:17:48.877 UTC [TRACE] steampipe-plugin-hackernews.plugin: [TRACE] 1679815068244: output wg complete - send nil row
2023-03-26 07:17:48.877 UTC [TRACE] steampipe-plugin-hackernews.plugin: [TRACE] 1679815068244: empty row on output channel - we are done
2023-03-26 07:17:48.877 UTC [INFO]  steampipe-plugin-hackernews.plugin: [INFO]  1679815068244: Plugin Execute complete (1679815068244)
2023-03-26 07:17:48.890 UTC [TRACE] stdio: received data: channel=STDOUT len=724
2023-03-26 07:17:48.890 UTC [TRACE] stdio: waiting for stdio data
2023-03-26 07:17:48.910 UTC [INFO]  PluginManager Shutdown
2023-03-26 07:17:48.910 UTC [INFO]  PluginManager killing plugin csv (1984)
2023-03-26 07:17:48.910 UTC [TRACE] steampipe-plugin-csv.plugin: [TRACE] FLUSHING instrumentation
2023-03-26 07:17:48.910 UTC [TRACE] steampipe-plugin-csv.plugin: [TRACE] Shutdown instrumentation
2023-03-26 07:17:48.910 UTC [DEBUG] stdio: received EOF, stopping recv loop: err="rpc error: code = Unavailable desc = error reading from server: read unix @->/tmp/plugin3373705681: read: connection reset by peer"
2023-03-26 07:17:48.910 UTC [TRACE] receive error for connection 'csv': rpc error: code = Unavailable desc = error reading from server: read unix @->/tmp/plugin3373705681: read: connection reset by peer
2023-03-26 07:17:48.911 UTC [TRACE] cache listener received EOF for connection 'csv', returning
2023-03-26 07:17:48.924 UTC [INFO]  plugin process exited: path=/home/runner/.steampipe/plugins/hub.steampipe.io/plugins/turbot/csv@latest/steampipe-plugin-csv.plugin pid=1984
2023-03-26 07:17:48.924 UTC [DEBUG] plugin exited
2023-03-26 07:17:48.924 UTC [INFO]  PluginManager killing plugin hackernews (2006)
2023-03-26 07:17:48.924 UTC [TRACE] steampipe-plugin-hackernews.plugin: [TRACE] 1679815068244: FLUSHING instrumentation
2023-03-26 07:17:48.924 UTC [TRACE] steampipe-plugin-hackernews.plugin: [TRACE] 1679815068244: Shutdown instrumentation
2023-03-26 07:17:48.925 UTC [DEBUG] stdio: received EOF, stopping recv loop: err="rpc error: code = Unavailable desc = error reading from server: EOF"
2023-03-26 07:17:48.927 UTC [INFO]  plugin process exited: path=/home/runner/.steampipe/plugins/hub.steampipe.io/plugins/turbot/hackernews@latest/steampipe-plugin-hackernews.plugin pid=2006
2023-03-26 07:17:48.928 UTC [DEBUG] plugin exited
2023-03-26 07:22:24.088 UTC [ERROR] steampipe-plugin-csv.plugin: [ERROR] csv.tableCSV: header_parse_error=EOF path=/home/runner/work/steampipe-samples/steampipe-samples/all/hackernews/new_sc.csv header=[]
2023-03-26 07:22:24.088 UTC [ERROR] steampipe-plugin-csv.plugin: [ERROR] csv.PluginTables: create_table_error="failed to parse file header /home/runner/work/steampipe-samples/steampipe-samples/all/hackernews/new_sc.csv: EOF" path=/home/runner/work/steampipe-samples/steampipe-samples/all/hackernews/new_sc.csv
2023-03-26 07:22:24.107 UTC [WARN]  failed to set connection config: failed to parse file header /home/runner/work/steampipe-samples/steampipe-samples/all/hackernews/new_sc.csv: EOF
2023-03-26 07:22:40.548 UTC [ERROR] steampipe-plugin-csv.plugin: [ERROR] csv.tableCSV: header_parse_error=EOF path=/home/runner/work/steampipe-samples/steampipe-samples/all/hackernews/hn_items_all.csv header=[]
2023-03-26 07:22:40.548 UTC [ERROR] steampipe-plugin-csv.plugin: [ERROR] csv.PluginTables: create_table_error="failed to parse file header /home/runner/work/steampipe-samples/steampipe-samples/all/hackernews/hn_items_all.csv: EOF" path=/home/runner/work/steampipe-samples/steampipe-samples/all/hackernews/hn_items_all.csv
2023-03-26 07:22:40.565 UTC [WARN]  failed to set connection config: failed to parse file header /home/runner/work/steampipe-samples/steampipe-samples/all/hackernews/hn_items_all.csv: EOF
