2022-06-23 23:30:05.324 UTC [INFO]  starting plugin manager
2022-06-23 23:30:05.324 UTC [TRACE] loaded config map: hackernews
2022-06-23 23:30:05.324 UTC [INFO]  starting connection watcher
2022-06-23 23:30:05.324 UTC [INFO]  created ConnectionWatcher
2022-06-23 23:30:05.324 UTC [TRACE] about to serve
2022-06-23 23:30:05.393 UTC [TRACE] PluginManager Get, connections: '[]'
2022-06-23 23:30:05.393 UTC [TRACE] PluginManager Get returning
2022-06-23 23:30:05.395 UTC [TRACE] PluginManager Get, connections: '[]'
2022-06-23 23:30:05.395 UTC [TRACE] PluginManager Get returning
2022-06-23 23:30:05.426 UTC [TRACE] handleFileWatcherEvent ignoring first event
2022-06-23 23:30:05.570 UTC [TRACE] PluginManager Get, connections: '[hackernews]'
2022-06-23 23:30:05.570 UTC [TRACE] PluginManager getPlugin connection 'hackernews'
2022-06-23 23:30:05.570 UTC [TRACE] PluginManager 0xc0003b6090 'hackernews' NOT found in map  - starting
2022-06-23 23:30:05.570 UTC [TRACE] ************ start plugin hackernews ********************
2022-06-23 23:30:05.570 UTC [DEBUG] starting plugin: path=/home/runner/.steampipe/plugins/hub.steampipe.io/plugins/turbot/hackernews@latest/steampipe-plugin-hackernews.plugin args=["/home/runner/.steampipe/plugins/hub.steampipe.io/plugins/turbot/hackernews@latest/steampipe-plugin-hackernews.plugin"]
2022-06-23 23:30:05.573 UTC [DEBUG] plugin started: path=/home/runner/.steampipe/plugins/hub.steampipe.io/plugins/turbot/hackernews@latest/steampipe-plugin-hackernews.plugin pid=1727
2022-06-23 23:30:05.573 UTC [DEBUG] waiting for RPC address: path=/home/runner/.steampipe/plugins/hub.steampipe.io/plugins/turbot/hackernews@latest/steampipe-plugin-hackernews.plugin
2022-06-23 23:30:05.576 UTC [DEBUG] steampipe-plugin-hackernews.plugin: 2022/06/23 23:30:05 [TRACE] Plugin Initialise creating connection manager
2022-06-23 23:30:05.582 UTC [TRACE] steampipe-plugin-hackernews.plugin: [TRACE] Setting Ulimit: ulimit=2560
2022-06-23 23:30:05.583 UTC [DEBUG] using plugin: version=0
2022-06-23 23:30:05.583 UTC [TRACE] PluginManager getPlugin complete, returning reattach config with PID: 1727
2022-06-23 23:30:05.583 UTC [TRACE] PluginManager Get returning reattach_map:{key:"hackernews" value:{protocol:"grpc" addr:{Network:"unix" Address:"/tmp/plugin363737702"} pid:1727}}
2022-06-23 23:30:05.583 UTC [DEBUG] steampipe-plugin-hackernews.plugin: plugin address: address=/tmp/plugin363737702 network=unix timestamp=2022-06-23T23:30:05.583Z
2022-06-23 23:30:05.584 UTC [TRACE] steampipe-plugin-hackernews.plugin: [TRACE] validate plugin steampipe-plugin-hackernews, required columns []
2022-06-23 23:30:05.586 UTC [INFO]  steampipe-plugin-hackernews.plugin: [INFO]  query cache created
2022-06-23 23:30:05.586 UTC [DEBUG] steampipe-plugin-hackernews.plugin: [DEBUG] SetConnectionConfig finished
2022-06-23 23:30:05.589 UTC [TRACE] steampipe-plugin-hackernews.plugin: [TRACE] EXECUTE callId: 1656027005931 table: hackernews_new cols: id,title,time,by,score,dead,deleted,descendants,kids,parent,parts,poll,text,type,url,_ctx
2022-06-23 23:30:05.589 UTC [TRACE] steampipe-plugin-hackernews.plugin: [TRACE] 1656027005931: Execute : connection=hackernews table=hackernews_new
2022-06-23 23:30:05.589 UTC [TRACE] steampipe-plugin-hackernews.plugin: [TRACE] 1656027005931: Got query context: table=hackernews_new cols=[id, title, time, by, score, dead, deleted, descendants, kids, parent, parts, poll, text, type, url, _ctx]
2022-06-23 23:30:05.589 UTC [TRACE] steampipe-plugin-hackernews.plugin: [TRACE] 1656027005931: setFetchType map[time:quals:{fieldName:"time"  string_value:">"  value:{timestamp_value:{seconds:1656023405  nanos:554074000}}}]
2022-06-23 23:30:05.589 UTC [TRACE] steampipe-plugin-hackernews.plugin: [TRACE] 1656027005931: getMatchingQuals column:'id' operator: =
2022-06-23 23:30:05.589 UTC [TRACE] steampipe-plugin-hackernews.plugin: [TRACE] 1656027005931: getMatchingQuals returning false - qualMap does not contain any quals for column id
2022-06-23 23:30:05.591 UTC [TRACE] steampipe-plugin-hackernews.plugin: [TRACE] 1656027005931: GetUnsatisfiedKeyColumns for columns column:'id' operator: =
2022-06-23 23:30:05.591 UTC [TRACE] steampipe-plugin-hackernews.plugin: [TRACE] 1656027005931: key column NOT satisfied column:'id' operator: =
2022-06-23 23:30:05.591 UTC [TRACE] steampipe-plugin-hackernews.plugin: [TRACE] 1656027005931: satisfied: map[any_of: optional: required:]
2022-06-23 23:30:05.592 UTC [TRACE] steampipe-plugin-hackernews.plugin: [TRACE] 1656027005931: unsatisfied: map[any_of: optional: required:column:'id' operator: =]
2022-06-23 23:30:05.593 UTC [TRACE] steampipe-plugin-hackernews.plugin: [TRACE] 1656027005931: unsatisfied required KeyColumns: column:'id' operator: =
2022-06-23 23:30:05.593 UTC [TRACE] steampipe-plugin-hackernews.plugin: [TRACE] 1656027005931: Set fetchType to fetchTypeList
2022-06-23 23:30:05.593 UTC [TRACE] steampipe-plugin-hackernews.plugin: [TRACE] 1656027005931: Equals key column quals:
2022-06-23 23:30:05.593 UTC [DEBUG] steampipe-plugin-hackernews.plugin: {}
2022-06-23 23:30:05.593 UTC [TRACE] steampipe-plugin-hackernews.plugin: [TRACE] 1656027005931: All key column quals:
2022-06-23 23:30:05.593 UTC [DEBUG] steampipe-plugin-hackernews.plugin: {}
2022-06-23 23:30:05.593 UTC [TRACE] steampipe-plugin-hackernews.plugin: [TRACE] 1656027005931: calling fetchItems: table=hackernews_new matrixItem=[] limit=<nil>
2022-06-23 23:30:05.593 UTC [TRACE] steampipe-plugin-hackernews.plugin: [TRACE] 1656027005931: Cache ENABLED callId: 1656027005931
2022-06-23 23:30:05.593 UTC [TRACE] steampipe-plugin-hackernews.plugin: [TRACE] 1656027005931: QueryCache Get - indexBucketKey index__hackernewshackernews_new, quals
2022-06-23 23:30:05.593 UTC [TRACE] steampipe-plugin-hackernews.plugin: [TRACE] 1656027005931: buildCacheQualMap col time, quals quals:{fieldName:"time"  string_value:">"  value:{timestamp_value:{seconds:1656023405  nanos:554074000}}}
2022-06-23 23:30:05.593 UTC [TRACE] steampipe-plugin-hackernews.plugin: [TRACE] 1656027005931: EXCLUDING COLUMN
2022-06-23 23:30:05.593 UTC [TRACE] steampipe-plugin-hackernews.plugin: [TRACE] 1656027005931: QueryCache getCachedResult - index bucket key: index__hackernewshackernews_new ttlSeconds 300
2022-06-23 23:30:05.593 UTC [TRACE] steampipe-plugin-hackernews.plugin: [TRACE] 1656027005931: getCachedResult - no index bucket
2022-06-23 23:30:05.593 UTC [TRACE] steampipe-plugin-hackernews.plugin: [TRACE] 1656027005931: getPendingResultItem indexBucketKey index__hackernewshackernews_new, columns [id title time by score dead deleted descendants kids parent parts poll text type url _ctx], limit -1
2022-06-23 23:30:05.593 UTC [TRACE] steampipe-plugin-hackernews.plugin: [TRACE] 1656027005931: no pending index item - add pending result
2022-06-23 23:30:05.593 UTC [TRACE] steampipe-plugin-hackernews.plugin: [TRACE] 1656027005931: addPendingResult indexBucketKey index__hackernewshackernews_new, columns [id title time by score dead deleted descendants kids parent parts poll text type url _ctx], limit -1
2022-06-23 23:30:05.593 UTC [TRACE] steampipe-plugin-hackernews.plugin: [TRACE] 1656027005931: no index bucket found - creating one
2022-06-23 23:30:05.593 UTC [TRACE] steampipe-plugin-hackernews.plugin: [TRACE] 1656027005931: pendingIndexItem Lock count before 0
2022-06-23 23:30:05.593 UTC [TRACE] steampipe-plugin-hackernews.plugin: [TRACE] 1656027005931: getPendingResultItem returning <nil>
2022-06-23 23:30:05.593 UTC [INFO]  steampipe-plugin-hackernews.plugin: [INFO]  1656027005931: CACHE MISS
2022-06-23 23:30:05.593 UTC [TRACE] steampipe-plugin-hackernews.plugin: [TRACE] 1656027005931: fetch items callId: 1656027005931
2022-06-23 23:30:05.593 UTC [TRACE] steampipe-plugin-hackernews.plugin: [TRACE] 1656027005931: buildRows callId: 1656027005931
2022-06-23 23:30:05.593 UTC [TRACE] steampipe-plugin-hackernews.plugin: [TRACE] 1656027005931: streamRows callId: 1656027005931
2022-06-23 23:30:05.593 UTC [TRACE] steampipe-plugin-hackernews.plugin: [TRACE] 1656027005931: executeListCall
2022-06-23 23:30:05.593 UTC [TRACE] steampipe-plugin-hackernews.plugin: [TRACE] 1656027005931: GetUnsatisfiedKeyColumns for columns
2022-06-23 23:30:05.593 UTC [TRACE] steampipe-plugin-hackernews.plugin: [TRACE] 1656027005931: doList: no matrix item
2022-06-23 23:30:05.801 UTC [TRACE] steampipe-plugin-hackernews.plugin: [TRACE] 1656027005931: rowData chan select - channel CLOSED
2022-06-23 23:30:05.801 UTC [TRACE] steampipe-plugin-hackernews.plugin: [TRACE] 1656027005931: wait for rows
2022-06-23 23:30:06.303 UTC [TRACE] steampipe-plugin-hackernews.plugin: [TRACE] 1656027005931: rowWg complete - CLOSING ROW CHANNEL
2022-06-23 23:30:06.303 UTC [TRACE] steampipe-plugin-hackernews.plugin: [TRACE] 1656027005931: row chan closed, stop streaming
2022-06-23 23:30:06.303 UTC [INFO]  steampipe-plugin-hackernews.plugin: [INFO]  1656027005931: ------------------------------------
2022-06-23 23:30:06.303 UTC [INFO]  steampipe-plugin-hackernews.plugin: [INFO]  1656027005931: Concurrency Summary
2022-06-23 23:30:06.303 UTC [INFO]  steampipe-plugin-hackernews.plugin: [INFO]  1656027005931: ------------------------------------
2022-06-23 23:30:06.303 UTC [INFO]  steampipe-plugin-hackernews.plugin: [INFO]  1656027005931: getItem                       : 200
2022-06-23 23:30:06.303 UTC [INFO]  steampipe-plugin-hackernews.plugin: [INFO]  1656027005931: ------------------------------------
2022-06-23 23:30:06.303 UTC [INFO]  steampipe-plugin-hackernews.plugin: [INFO]  1656027005931: Total                         : 200
2022-06-23 23:30:06.303 UTC [INFO]  steampipe-plugin-hackernews.plugin: [INFO]  1656027005931: ------------------------------------
2022-06-23 23:30:06.303 UTC [TRACE] steampipe-plugin-hackernews.plugin: [TRACE] 1656027005931: queryCache.Set callId: 1656027005931
2022-06-23 23:30:06.304 UTC [TRACE] steampipe-plugin-hackernews.plugin: [TRACE] 1656027005931: buildCacheQualMap col time, quals quals:{fieldName:"time"  string_value:">"  value:{timestamp_value:{seconds:1656023405  nanos:554074000}}}
2022-06-23 23:30:06.304 UTC [TRACE] steampipe-plugin-hackernews.plugin: [TRACE] 1656027005931: EXCLUDING COLUMN
2022-06-23 23:30:06.304 UTC [TRACE] steampipe-plugin-hackernews.plugin: [TRACE] 1656027005931: QueryCache Set - connectionName: hackernews, table: hackernews_new, columns: [_ctx by dead deleted descendants id kids parent parts poll score text time title type url], limit -1
2022-06-23 23:30:06.304 UTC [TRACE] steampipe-plugin-hackernews.plugin: [TRACE] 1656027005931: cache item cost = 64000 (500 rows, 16 columns)
2022-06-23 23:30:06.314 UTC [TRACE] steampipe-plugin-hackernews.plugin: [TRACE] 1656027005931: ------------------------------------
2022-06-23 23:30:06.314 UTC [TRACE] steampipe-plugin-hackernews.plugin: [TRACE] 1656027005931: Cache Metrics
2022-06-23 23:30:06.314 UTC [TRACE] steampipe-plugin-hackernews.plugin: [TRACE] 1656027005931: ------------------------------------
2022-06-23 23:30:06.314 UTC [TRACE] steampipe-plugin-hackernews.plugin: [TRACE] 1656027005931: MaxCost: 1073741824
2022-06-23 23:30:06.314 UTC [TRACE] steampipe-plugin-hackernews.plugin: [TRACE] 1656027005931: KeysAdded: 2
2022-06-23 23:30:06.314 UTC [TRACE] steampipe-plugin-hackernews.plugin: [TRACE] 1656027005931: CostAdded: 64113
2022-06-23 23:30:06.314 UTC [TRACE] steampipe-plugin-hackernews.plugin: [TRACE] 1656027005931: KeysEvicted: 0
2022-06-23 23:30:06.314 UTC [TRACE] steampipe-plugin-hackernews.plugin: [TRACE] 1656027005931: CostEvicted: 0
2022-06-23 23:30:06.314 UTC [TRACE] steampipe-plugin-hackernews.plugin: [TRACE] 1656027005931: ------------------------------------
2022-06-23 23:30:06.314 UTC [TRACE] steampipe-plugin-hackernews.plugin: [TRACE] 1656027005931: QueryCache Set() DONE
2022-06-23 23:30:06.314 UTC [TRACE] steampipe-plugin-hackernews.plugin: [TRACE] 1656027005931: pendingItemComplete indexBucketKey index__hackernewshackernews_new, columns [_ctx by dead deleted descendants id kids parent parts poll score text time title type url], limit -1
2022-06-23 23:30:06.314 UTC [TRACE] steampipe-plugin-hackernews.plugin: [TRACE] 1656027005931: got pending index bucket, len 1
2022-06-23 23:30:06.314 UTC [TRACE] steampipe-plugin-hackernews.plugin: [TRACE] 1656027005931: SatisfiesLimit limit -1, no item limit - satisfied
2022-06-23 23:30:06.314 UTC [TRACE] steampipe-plugin-hackernews.plugin: [TRACE] 1656027005931: found pending index item to satisfy columns _ctx,by,dead,deleted,descendants,id,kids,parent,parts,poll,score,text,time,title,type,url, limit -1
2022-06-23 23:30:06.314 UTC [TRACE] steampipe-plugin-hackernews.plugin: [TRACE] 1656027005931: got pending item hackernewshackernews_newid,title,time,by,score,dead,deleted,descendants,kids,parent,parts,poll,text,type,url,_ctx-1 - removing from map as it is complete
2022-06-23 23:30:06.314 UTC [TRACE] steampipe-plugin-hackernews.plugin: [TRACE] 1656027005931: pendingIndexItem Unlock count before 1
2022-06-23 23:30:06.314 UTC [TRACE] steampipe-plugin-hackernews.plugin: [TRACE] 1656027005931: deleted from pending, len 0
2022-06-23 23:30:06.314 UTC [TRACE] steampipe-plugin-hackernews.plugin: [TRACE] 1656027005931: pending bucket now empty - deleting key index__hackernewshackernews_new
2022-06-23 23:30:06.314 UTC [TRACE] steampipe-plugin-hackernews.plugin: [TRACE] 1656027005931: pendingItemComplete done
2022-06-23 23:30:06.314 UTC [TRACE] steampipe-plugin-hackernews.plugin: [TRACE] 1656027005931: Execute complete callId: 1656027005931 table: hackernews_new
2022-06-23 23:30:06.377 UTC [TRACE] PluginManager Shutdown map[hackernews:0xc00050cc00]
2022-06-23 23:30:06.377 UTC [TRACE] killing plugin hackernews (1727)
2022-06-23 23:30:06.377 UTC [TRACE] stdio: waiting for stdio data
2022-06-23 23:30:06.378 UTC [DEBUG] stdio: received EOF, stopping recv loop: err="rpc error: code = Unavailable desc = error reading from server: EOF"
2022-06-23 23:30:06.379 UTC [INFO]  plugin process exited: path=/home/runner/.steampipe/plugins/hub.steampipe.io/plugins/turbot/hackernews@latest/steampipe-plugin-hackernews.plugin pid=1727
2022-06-23 23:30:06.379 UTC [DEBUG] plugin exited
2022-06-23 23:30:06.744 UTC [INFO]  starting plugin manager
2022-06-23 23:30:06.745 UTC [TRACE] loaded config map: hackernews
2022-06-23 23:30:06.745 UTC [INFO]  starting connection watcher
2022-06-23 23:30:06.745 UTC [INFO]  created ConnectionWatcher
2022-06-23 23:30:06.745 UTC [TRACE] about to serve
2022-06-23 23:30:06.811 UTC [TRACE] PluginManager Get, connections: '[]'
2022-06-23 23:30:06.811 UTC [TRACE] PluginManager Get returning
2022-06-23 23:30:06.814 UTC [TRACE] PluginManager Get, connections: '[]'
2022-06-23 23:30:06.814 UTC [TRACE] PluginManager Get returning
2022-06-23 23:30:06.847 UTC [TRACE] handleFileWatcherEvent ignoring first event
2022-06-23 23:30:06.996 UTC [TRACE] PluginManager Get, connections: '[hackernews]'
2022-06-23 23:30:06.997 UTC [TRACE] PluginManager getPlugin connection 'hackernews'
2022-06-23 23:30:06.997 UTC [TRACE] PluginManager 0xc00056ebd0 'hackernews' NOT found in map  - starting
2022-06-23 23:30:06.997 UTC [TRACE] ************ start plugin hackernews ********************
2022-06-23 23:30:06.997 UTC [DEBUG] starting plugin: path=/home/runner/.steampipe/plugins/hub.steampipe.io/plugins/turbot/hackernews@latest/steampipe-plugin-hackernews.plugin args=["/home/runner/.steampipe/plugins/hub.steampipe.io/plugins/turbot/hackernews@latest/steampipe-plugin-hackernews.plugin"]
2022-06-23 23:30:06.997 UTC [DEBUG] plugin started: path=/home/runner/.steampipe/plugins/hub.steampipe.io/plugins/turbot/hackernews@latest/steampipe-plugin-hackernews.plugin pid=1789
2022-06-23 23:30:06.997 UTC [DEBUG] waiting for RPC address: path=/home/runner/.steampipe/plugins/hub.steampipe.io/plugins/turbot/hackernews@latest/steampipe-plugin-hackernews.plugin
2022-06-23 23:30:07.002 UTC [DEBUG] steampipe-plugin-hackernews.plugin: 2022/06/23 23:30:07 [TRACE] Plugin Initialise creating connection manager
2022-06-23 23:30:07.005 UTC [TRACE] steampipe-plugin-hackernews.plugin: [TRACE] Setting Ulimit: ulimit=2560
2022-06-23 23:30:07.005 UTC [DEBUG] steampipe-plugin-hackernews.plugin: plugin address: address=/tmp/plugin3654515602 network=unix timestamp=2022-06-23T23:30:07.005Z
2022-06-23 23:30:07.005 UTC [DEBUG] using plugin: version=0
2022-06-23 23:30:07.006 UTC [TRACE] PluginManager getPlugin complete, returning reattach config with PID: 1789
2022-06-23 23:30:07.006 UTC [TRACE] PluginManager Get returning reattach_map:{key:"hackernews" value:{protocol:"grpc" addr:{Network:"unix" Address:"/tmp/plugin3654515602"} pid:1789}}
2022-06-23 23:30:07.008 UTC [TRACE] steampipe-plugin-hackernews.plugin: [TRACE] validate plugin steampipe-plugin-hackernews, required columns []
2022-06-23 23:30:07.009 UTC [INFO]  steampipe-plugin-hackernews.plugin: [INFO]  query cache created
2022-06-23 23:30:07.009 UTC [DEBUG] steampipe-plugin-hackernews.plugin: [DEBUG] SetConnectionConfig finished
2022-06-23 23:30:07.012 UTC [TRACE] steampipe-plugin-hackernews.plugin: [TRACE] EXECUTE callId: 1656027007577 table: hackernews_new cols: time
2022-06-23 23:30:07.012 UTC [TRACE] steampipe-plugin-hackernews.plugin: [TRACE] 1656027007577: Execute : connection=hackernews table=hackernews_new
2022-06-23 23:30:07.012 UTC [TRACE] steampipe-plugin-hackernews.plugin: [TRACE] 1656027007577: Got query context: table=hackernews_new cols=[time]
2022-06-23 23:30:07.012 UTC [TRACE] steampipe-plugin-hackernews.plugin: [TRACE] 1656027007577: setFetchType map[time:quals:{fieldName:"time"  string_value:">"  value:{timestamp_value:{seconds:1656023406  nanos:979850000}}}]
2022-06-23 23:30:07.013 UTC [TRACE] steampipe-plugin-hackernews.plugin: [TRACE] 1656027007577: getMatchingQuals column:'id' operator: =
2022-06-23 23:30:07.013 UTC [TRACE] steampipe-plugin-hackernews.plugin: [TRACE] 1656027007577: getMatchingQuals returning false - qualMap does not contain any quals for column id
2022-06-23 23:30:07.013 UTC [TRACE] steampipe-plugin-hackernews.plugin: [TRACE] 1656027007577: GetUnsatisfiedKeyColumns for columns column:'id' operator: =
2022-06-23 23:30:07.014 UTC [TRACE] steampipe-plugin-hackernews.plugin: [TRACE] 1656027007577: key column NOT satisfied column:'id' operator: =
2022-06-23 23:30:07.014 UTC [TRACE] steampipe-plugin-hackernews.plugin: [TRACE] 1656027007577: satisfied: map[any_of: optional: required:]
2022-06-23 23:30:07.015 UTC [TRACE] steampipe-plugin-hackernews.plugin: [TRACE] 1656027007577: unsatisfied: map[any_of: optional: required:column:'id' operator: =]
2022-06-23 23:30:07.016 UTC [TRACE] steampipe-plugin-hackernews.plugin: [TRACE] 1656027007577: unsatisfied required KeyColumns: column:'id' operator: =
2022-06-23 23:30:07.016 UTC [TRACE] steampipe-plugin-hackernews.plugin: [TRACE] 1656027007577: Set fetchType to fetchTypeList
2022-06-23 23:30:07.016 UTC [TRACE] steampipe-plugin-hackernews.plugin: [TRACE] 1656027007577: Equals key column quals:
2022-06-23 23:30:07.016 UTC [DEBUG] steampipe-plugin-hackernews.plugin: {}
2022-06-23 23:30:07.016 UTC [TRACE] steampipe-plugin-hackernews.plugin: [TRACE] 1656027007577: All key column quals:
2022-06-23 23:30:07.016 UTC [DEBUG] steampipe-plugin-hackernews.plugin: {}
2022-06-23 23:30:07.016 UTC [TRACE] steampipe-plugin-hackernews.plugin: [TRACE] 1656027007577: calling fetchItems: table=hackernews_new matrixItem=[] limit=<nil>
2022-06-23 23:30:07.016 UTC [TRACE] steampipe-plugin-hackernews.plugin: [TRACE] 1656027007577: Cache ENABLED callId: 1656027007577
2022-06-23 23:30:07.016 UTC [TRACE] steampipe-plugin-hackernews.plugin: [TRACE] 1656027007577: QueryCache Get - indexBucketKey index__hackernewshackernews_new, quals
2022-06-23 23:30:07.016 UTC [TRACE] steampipe-plugin-hackernews.plugin: [TRACE] 1656027007577: buildCacheQualMap col time, quals quals:{fieldName:"time"  string_value:">"  value:{timestamp_value:{seconds:1656023406  nanos:979850000}}}
2022-06-23 23:30:07.016 UTC [TRACE] steampipe-plugin-hackernews.plugin: [TRACE] 1656027007577: EXCLUDING COLUMN
2022-06-23 23:30:07.016 UTC [TRACE] steampipe-plugin-hackernews.plugin: [TRACE] 1656027007577: QueryCache getCachedResult - index bucket key: index__hackernewshackernews_new ttlSeconds 300
2022-06-23 23:30:07.016 UTC [TRACE] steampipe-plugin-hackernews.plugin: [TRACE] 1656027007577: getCachedResult - no index bucket
2022-06-23 23:30:07.016 UTC [TRACE] steampipe-plugin-hackernews.plugin: [TRACE] 1656027007577: getPendingResultItem indexBucketKey index__hackernewshackernews_new, columns [time], limit -1
2022-06-23 23:30:07.016 UTC [TRACE] steampipe-plugin-hackernews.plugin: [TRACE] 1656027007577: no pending index item - add pending result
2022-06-23 23:30:07.016 UTC [TRACE] steampipe-plugin-hackernews.plugin: [TRACE] 1656027007577: addPendingResult indexBucketKey index__hackernewshackernews_new, columns [time], limit -1
2022-06-23 23:30:07.016 UTC [TRACE] steampipe-plugin-hackernews.plugin: [TRACE] 1656027007577: no index bucket found - creating one
2022-06-23 23:30:07.016 UTC [TRACE] steampipe-plugin-hackernews.plugin: [TRACE] 1656027007577: pendingIndexItem Lock count before 0
2022-06-23 23:30:07.016 UTC [TRACE] steampipe-plugin-hackernews.plugin: [TRACE] 1656027007577: getPendingResultItem returning <nil>
2022-06-23 23:30:07.016 UTC [INFO]  steampipe-plugin-hackernews.plugin: [INFO]  1656027007577: CACHE MISS
2022-06-23 23:30:07.016 UTC [TRACE] steampipe-plugin-hackernews.plugin: [TRACE] 1656027007577: fetch items callId: 1656027007577
2022-06-23 23:30:07.016 UTC [TRACE] steampipe-plugin-hackernews.plugin: [TRACE] 1656027007577: buildRows callId: 1656027007577
2022-06-23 23:30:07.016 UTC [TRACE] steampipe-plugin-hackernews.plugin: [TRACE] 1656027007577: streamRows callId: 1656027007577
2022-06-23 23:30:07.016 UTC [TRACE] steampipe-plugin-hackernews.plugin: [TRACE] 1656027007577: executeListCall
2022-06-23 23:30:07.016 UTC [TRACE] steampipe-plugin-hackernews.plugin: [TRACE] 1656027007577: GetUnsatisfiedKeyColumns for columns
2022-06-23 23:30:07.016 UTC [TRACE] steampipe-plugin-hackernews.plugin: [TRACE] 1656027007577: doList: no matrix item
2022-06-23 23:30:07.186 UTC [TRACE] steampipe-plugin-hackernews.plugin: [TRACE] 1656027007577: rowData chan select - channel CLOSED
2022-06-23 23:30:07.186 UTC [TRACE] steampipe-plugin-hackernews.plugin: [TRACE] 1656027007577: wait for rows
2022-06-23 23:30:07.745 UTC [TRACE] steampipe-plugin-hackernews.plugin: [TRACE] 1656027007577: rowWg complete - CLOSING ROW CHANNEL
2022-06-23 23:30:07.745 UTC [TRACE] steampipe-plugin-hackernews.plugin: [TRACE] 1656027007577: row chan closed, stop streaming
2022-06-23 23:30:07.745 UTC [INFO]  steampipe-plugin-hackernews.plugin: [INFO]  1656027007577: ------------------------------------
2022-06-23 23:30:07.745 UTC [INFO]  steampipe-plugin-hackernews.plugin: [INFO]  1656027007577: Concurrency Summary
2022-06-23 23:30:07.745 UTC [INFO]  steampipe-plugin-hackernews.plugin: [INFO]  1656027007577: ------------------------------------
2022-06-23 23:30:07.745 UTC [INFO]  steampipe-plugin-hackernews.plugin: [INFO]  1656027007577: getItem                       : 200
2022-06-23 23:30:07.745 UTC [INFO]  steampipe-plugin-hackernews.plugin: [INFO]  1656027007577: ------------------------------------
2022-06-23 23:30:07.745 UTC [INFO]  steampipe-plugin-hackernews.plugin: [INFO]  1656027007577: Total                         : 200
2022-06-23 23:30:07.746 UTC [INFO]  steampipe-plugin-hackernews.plugin: [INFO]  1656027007577: ------------------------------------
2022-06-23 23:30:07.746 UTC [TRACE] steampipe-plugin-hackernews.plugin: [TRACE] 1656027007577: queryCache.Set callId: 1656027007577
2022-06-23 23:30:07.746 UTC [TRACE] steampipe-plugin-hackernews.plugin: [TRACE] 1656027007577: buildCacheQualMap col time, quals quals:{fieldName:"time"  string_value:">"  value:{timestamp_value:{seconds:1656023406  nanos:979850000}}}
2022-06-23 23:30:07.746 UTC [TRACE] steampipe-plugin-hackernews.plugin: [TRACE] 1656027007577: EXCLUDING COLUMN
2022-06-23 23:30:07.746 UTC [TRACE] steampipe-plugin-hackernews.plugin: [TRACE] 1656027007577: QueryCache Set - connectionName: hackernews, table: hackernews_new, columns: [_ctx by dead deleted descendants id kids parent parts poll score text time title type url], limit -1
2022-06-23 23:30:07.746 UTC [TRACE] steampipe-plugin-hackernews.plugin: [TRACE] 1656027007577: cache item cost = 64000 (500 rows, 16 columns)
2022-06-23 23:30:07.756 UTC [TRACE] steampipe-plugin-hackernews.plugin: [TRACE] 1656027007577: ------------------------------------
2022-06-23 23:30:07.756 UTC [TRACE] steampipe-plugin-hackernews.plugin: [TRACE] 1656027007577: Cache Metrics
2022-06-23 23:30:07.756 UTC [TRACE] steampipe-plugin-hackernews.plugin: [TRACE] 1656027007577: ------------------------------------
2022-06-23 23:30:07.756 UTC [TRACE] steampipe-plugin-hackernews.plugin: [TRACE] 1656027007577: MaxCost: 1073741824
2022-06-23 23:30:07.756 UTC [TRACE] steampipe-plugin-hackernews.plugin: [TRACE] 1656027007577: KeysAdded: 2
2022-06-23 23:30:07.756 UTC [TRACE] steampipe-plugin-hackernews.plugin: [TRACE] 1656027007577: CostAdded: 64113
2022-06-23 23:30:07.756 UTC [TRACE] steampipe-plugin-hackernews.plugin: [TRACE] 1656027007577: KeysEvicted: 0
2022-06-23 23:30:07.756 UTC [TRACE] steampipe-plugin-hackernews.plugin: [TRACE] 1656027007577: CostEvicted: 0
2022-06-23 23:30:07.756 UTC [TRACE] steampipe-plugin-hackernews.plugin: [TRACE] 1656027007577: ------------------------------------
2022-06-23 23:30:07.756 UTC [TRACE] steampipe-plugin-hackernews.plugin: [TRACE] 1656027007577: QueryCache Set() DONE
2022-06-23 23:30:07.756 UTC [TRACE] steampipe-plugin-hackernews.plugin: [TRACE] 1656027007577: pendingItemComplete indexBucketKey index__hackernewshackernews_new, columns [_ctx by dead deleted descendants id kids parent parts poll score text time title type url], limit -1
2022-06-23 23:30:07.756 UTC [TRACE] steampipe-plugin-hackernews.plugin: [TRACE] 1656027007577: got pending index bucket, len 1
2022-06-23 23:30:07.756 UTC [TRACE] steampipe-plugin-hackernews.plugin: [TRACE] 1656027007577: SatisfiesLimit limit -1, no item limit - satisfied
2022-06-23 23:30:07.756 UTC [TRACE] steampipe-plugin-hackernews.plugin: [TRACE] 1656027007577: found pending index item to satisfy columns _ctx,by,dead,deleted,descendants,id,kids,parent,parts,poll,score,text,time,title,type,url, limit -1
2022-06-23 23:30:07.756 UTC [TRACE] steampipe-plugin-hackernews.plugin: [TRACE] 1656027007577: got pending item hackernewshackernews_newtime-1 - removing from map as it is complete
2022-06-23 23:30:07.756 UTC [TRACE] steampipe-plugin-hackernews.plugin: [TRACE] 1656027007577: pendingIndexItem Unlock count before 1
2022-06-23 23:30:07.756 UTC [TRACE] steampipe-plugin-hackernews.plugin: [TRACE] 1656027007577: deleted from pending, len 0
2022-06-23 23:30:07.756 UTC [TRACE] steampipe-plugin-hackernews.plugin: [TRACE] 1656027007577: pending bucket now empty - deleting key index__hackernewshackernews_new
2022-06-23 23:30:07.756 UTC [TRACE] steampipe-plugin-hackernews.plugin: [TRACE] 1656027007577: pendingItemComplete done
2022-06-23 23:30:07.756 UTC [TRACE] steampipe-plugin-hackernews.plugin: [TRACE] 1656027007577: Execute complete callId: 1656027007577 table: hackernews_new
2022-06-23 23:30:07.820 UTC [TRACE] PluginManager Shutdown map[hackernews:0xc00050e6c0]
2022-06-23 23:30:07.820 UTC [TRACE] killing plugin hackernews (1789)
2022-06-23 23:30:07.821 UTC [TRACE] stdio: waiting for stdio data
2022-06-23 23:30:07.821 UTC [DEBUG] stdio: received EOF, stopping recv loop: err="rpc error: code = Unavailable desc = error reading from server: EOF"
2022-06-23 23:30:07.823 UTC [INFO]  plugin process exited: path=/home/runner/.steampipe/plugins/hub.steampipe.io/plugins/turbot/hackernews@latest/steampipe-plugin-hackernews.plugin pid=1789
2022-06-23 23:30:07.823 UTC [DEBUG] plugin exited
