2023-04-04 02:25:03.297 UTC [INFO]  starting plugin manager
2023-04-04 02:25:03.298 UTC [TRACE] loaded config map: github,hackernews,net,csv
2023-04-04 02:25:03.298 UTC [TRACE] NewPluginManager
2023-04-04 02:25:03.299 UTC [TRACE] PluginManager setPluginCacheSizeMap: 4 connections.
2023-04-04 02:25:03.299 UTC [TRACE] Total cache size 0Mb
2023-04-04 02:25:03.299 UTC [INFO]  starting connection watcher
2023-04-04 02:25:03.299 UTC [INFO]  created ConnectionWatcher
2023-04-04 02:25:03.299 UTC [TRACE] about to serve
2023-04-04 02:25:03.323 UTC [TRACE] PluginManager Get, connections: '[csv]'
2023-04-04 02:25:03.323 UTC [TRACE] PluginManager getPlugin hub.steampipe.io/plugins/turbot/csv@latest connection 'csv'
2023-04-04 02:25:03.323 UTC [TRACE] PluginManager 0xc00082e5f0 plugin hub.steampipe.io/plugins/turbot/csv@latest (csv) NOT started or starting - start now
2023-04-04 02:25:03.323 UTC [TRACE] ************ start plugin csv ********************
2023-04-04 02:25:03.323 UTC [TRACE] ************ plugin path /home/runner/.steampipe/plugins/hub.steampipe.io/plugins/turbot/csv@latest/steampipe-plugin-csv.plugin ********************
2023-04-04 02:25:03.413 UTC [DEBUG] starting plugin: path=/home/runner/.steampipe/plugins/hub.steampipe.io/plugins/turbot/csv@latest/steampipe-plugin-csv.plugin args=["/home/runner/.steampipe/plugins/hub.steampipe.io/plugins/turbot/csv@latest/steampipe-plugin-csv.plugin"]
2023-04-04 02:25:03.413 UTC [DEBUG] plugin started: path=/home/runner/.steampipe/plugins/hub.steampipe.io/plugins/turbot/csv@latest/steampipe-plugin-csv.plugin pid=2003
2023-04-04 02:25:03.413 UTC [DEBUG] waiting for RPC address: path=/home/runner/.steampipe/plugins/hub.steampipe.io/plugins/turbot/csv@latest/steampipe-plugin-csv.plugin
2023-04-04 02:25:03.429 UTC [INFO]  steampipe-plugin-csv.plugin: [INFO]  initialise plugin 'steampipe-plugin-csv', using sdk version 5.3.0
2023-04-04 02:25:03.429 UTC [TRACE] steampipe-plugin-csv.plugin: [TRACE] no DefaultRetryConfig defined - creating empty
2023-04-04 02:25:03.429 UTC [TRACE] steampipe-plugin-csv.plugin: [TRACE] no DefaultIgnoreConfig defined - creating empty
2023-04-04 02:25:03.429 UTC [TRACE] steampipe-plugin-csv.plugin: [TRACE] intialising defaultWatchedFilesChangedFunc
2023-04-04 02:25:03.429 UTC [TRACE] steampipe-plugin-csv.plugin: [TRACE] telemetry.Init service 'steampipe-plugin-csv', tracingEnabled: false, metricsEnabled: false
2023-04-04 02:25:03.429 UTC [TRACE] steampipe-plugin-csv.plugin: [TRACE] metrics and tracing disabled' - returning
2023-04-04 02:25:03.432 UTC [DEBUG] using plugin: version=0
2023-04-04 02:25:03.432 UTC [TRACE] NewPluginClient for plugin hub.steampipe.io/plugins/turbot/csv@latest
2023-04-04 02:25:03.433 UTC [DEBUG] steampipe-plugin-csv.plugin: plugin address: address=/tmp/plugin1578579463 network=unix timestamp=2023-04-04T02:25:03.432Z
2023-04-04 02:25:03.435 UTC [TRACE] stdio: waiting for stdio data
2023-04-04 02:25:03.438 UTC [TRACE] supportedOperations: query_cache:true  multiple_connections:true  message_stream:true
2023-04-04 02:25:03.446 UTC [TRACE] steampipe-plugin-csv.plugin: [TRACE] SetAllConnectionConfigs setting 1 configs
2023-04-04 02:25:03.446 UTC [TRACE] steampipe-plugin-csv.plugin: [TRACE] connection csv build schema and table map
2023-04-04 02:25:03.446 UTC [TRACE] steampipe-plugin-csv.plugin: [TRACE] Plugin steampipe-plugin-csv initialiseTables
2023-04-04 02:25:03.446 UTC [TRACE] steampipe-plugin-csv.plugin: [TRACE] getSourceFiles source: /home/runner/work/steampipe-samples/steampipe-samples/all/hackernews, glob: /home/runner/work/steampipe-samples/steampipe-samples/all/hackernews/*.csv
2023-04-04 02:25:03.447 UTC [DEBUG] steampipe-plugin-csv.plugin: [DEBUG] csv.tableCSV: path=/home/runner/work/steampipe-samples/steampipe-samples/all/hackernews/hn_items_all.csv detected_encoding=Unknown
2023-04-04 02:25:03.447 UTC [DEBUG] steampipe-plugin-csv.plugin: [DEBUG] csv.tableCSV: path=/home/runner/work/steampipe-samples/steampipe-samples/all/hackernews/new_sc.csv detected_encoding=Unknown
2023-04-04 02:25:03.447 UTC [TRACE] steampipe-plugin-csv.plugin: [TRACE] initialise table /home/runner/work/steampipe-samples/steampipe-samples/all/hackernews/hn_items_all.csv
2023-04-04 02:25:03.447 UTC [TRACE] steampipe-plugin-csv.plugin: [TRACE] no DefaultRetryConfig defined - creating empty
2023-04-04 02:25:03.447 UTC [TRACE] steampipe-plugin-csv.plugin: [TRACE] no DefaultIgnoreConfig defined - creating empty
2023-04-04 02:25:03.447 UTC [TRACE] steampipe-plugin-csv.plugin: [TRACE] apply plugin defaults for DefaultRetryConfig
2023-04-04 02:25:03.447 UTC [TRACE] steampipe-plugin-csv.plugin: [TRACE] apply plugin defaults for DefaultIgnoreConfig, table &{<nil> <nil>} plugin &{<nil> <nil>}
2023-04-04 02:25:03.447 UTC [TRACE] steampipe-plugin-csv.plugin: [TRACE] DefaultRetryConfig:
2023-04-04 02:25:03.447 UTC [TRACE] steampipe-plugin-csv.plugin: [TRACE] DefaultIgnoreConfig:
2023-04-04 02:25:03.447 UTC [TRACE] steampipe-plugin-csv.plugin: [TRACE] t.List.initialise
2023-04-04 02:25:03.447 UTC [TRACE] steampipe-plugin-csv.plugin: [TRACE] ListConfig.initialise table /home/runner/work/steampipe-samples/steampipe-samples/all/hackernews/hn_items_all.csv
2023-04-04 02:25:03.447 UTC [TRACE] steampipe-plugin-csv.plugin: [TRACE] ListConfig.initialise complete: RetryConfig: , IgnoreConfig
2023-04-04 02:25:03.447 UTC [TRACE] steampipe-plugin-csv.plugin: [TRACE] back from initialiseHydrateConfigs
2023-04-04 02:25:03.447 UTC [TRACE] steampipe-plugin-csv.plugin: [TRACE] initialise table /home/runner/work/steampipe-samples/steampipe-samples/all/hackernews/hn_items_all.csv COMPLETE
2023-04-04 02:25:03.447 UTC [TRACE] steampipe-plugin-csv.plugin: [TRACE] initialise table /home/runner/work/steampipe-samples/steampipe-samples/all/hackernews/new_sc.csv
2023-04-04 02:25:03.447 UTC [TRACE] steampipe-plugin-csv.plugin: [TRACE] no DefaultRetryConfig defined - creating empty
2023-04-04 02:25:03.447 UTC [TRACE] steampipe-plugin-csv.plugin: [TRACE] no DefaultIgnoreConfig defined - creating empty
2023-04-04 02:25:03.447 UTC [TRACE] steampipe-plugin-csv.plugin: [TRACE] apply plugin defaults for DefaultRetryConfig
2023-04-04 02:25:03.447 UTC [TRACE] steampipe-plugin-csv.plugin: [TRACE] apply plugin defaults for DefaultIgnoreConfig, table &{<nil> <nil>} plugin &{<nil> <nil>}
2023-04-04 02:25:03.447 UTC [TRACE] steampipe-plugin-csv.plugin: [TRACE] DefaultRetryConfig:
2023-04-04 02:25:03.447 UTC [TRACE] steampipe-plugin-csv.plugin: [TRACE] DefaultIgnoreConfig:
2023-04-04 02:25:03.447 UTC [TRACE] steampipe-plugin-csv.plugin: [TRACE] t.List.initialise
2023-04-04 02:25:03.448 UTC [TRACE] steampipe-plugin-csv.plugin: [TRACE] ListConfig.initialise table /home/runner/work/steampipe-samples/steampipe-samples/all/hackernews/new_sc.csv
2023-04-04 02:25:03.448 UTC [TRACE] steampipe-plugin-csv.plugin: [TRACE] ListConfig.initialise complete: RetryConfig: , IgnoreConfig
2023-04-04 02:25:03.448 UTC [TRACE] steampipe-plugin-csv.plugin: [TRACE] back from initialiseHydrateConfigs
2023-04-04 02:25:03.448 UTC [TRACE] steampipe-plugin-csv.plugin: [TRACE] initialise table /home/runner/work/steampipe-samples/steampipe-samples/all/hackernews/new_sc.csv COMPLETE
2023-04-04 02:25:03.448 UTC [TRACE] steampipe-plugin-csv.plugin: [TRACE] validate plugin steampipe-plugin-csv, required columns []
2023-04-04 02:25:03.448 UTC [TRACE] steampipe-plugin-csv.plugin: [TRACE] validate DefaultRetryConfig
2023-04-04 02:25:03.448 UTC [TRACE] steampipe-plugin-csv.plugin: [TRACE] validate DefaultIgnoreConfig
2023-04-04 02:25:03.448 UTC [TRACE] steampipe-plugin-csv.plugin: [TRACE] validate table names
2023-04-04 02:25:03.450 UTC [INFO]  steampipe-plugin-csv.plugin: [INFO]  plugin validation result: 0 warnings 0 errors
2023-04-04 02:25:03.450 UTC [TRACE] steampipe-plugin-csv.plugin: [TRACE] SetAllConnectionConfigs added connection csv to map, setting watch paths
2023-04-04 02:25:03.450 UTC [TRACE] steampipe-plugin-csv.plugin: [TRACE] updateConnectionWatchPaths for connection csv, watch paths: [/home/runner/work/steampipe-samples/steampipe-samples/all/hackernews/*.csv]
2023-04-04 02:25:03.450 UTC [TRACE] steampipe-plugin-csv.plugin: [TRACE] ConnectionData.updateWatchPaths - create watcher options from the watchPaths [/home/runner/work/steampipe-samples/steampipe-samples/all/hackernews/*.csv]
2023-04-04 02:25:03.450 UTC [TRACE] steampipe-plugin-csv.plugin: [TRACE] ConnectionData.updateWatchPaths - created the new file watcher
2023-04-04 02:25:03.451 UTC [TRACE] steampipe-plugin-csv.plugin: [TRACE] Plugin ensureCache creating cache, maxCacheStorageMb 0
2023-04-04 02:25:03.451 UTC [TRACE] steampipe-plugin-csv.plugin: [TRACE] createCacheStore for plugin 'steampipe-plugin-csv' setting max size to 0Mb, Shards: 2, max shard size: 0
2023-04-04 02:25:03.467 UTC [INFO]  steampipe-plugin-csv.plugin: [INFO]  query cache created
2023-04-04 02:25:03.467 UTC [DEBUG] steampipe-plugin-csv.plugin: [DEBUG] SetAllConnectionConfigs finished
2023-04-04 02:25:03.468 UTC [TRACE] PluginMessageServer AddConnection for connections [csv]
2023-04-04 02:25:03.468 UTC [TRACE] openMessageStream for connection 'csv'
2023-04-04 02:25:03.469 UTC [TRACE] calling EstablishMessageStream
2023-04-04 02:25:03.469 UTC [TRACE] PluginManager getPlugin complete, returning reattach config with PID: 2003
2023-04-04 02:25:03.469 UTC [TRACE] runMessageListener connection 'csv'
2023-04-04 02:25:03.470 UTC [TRACE] steampipe-plugin-csv.plugin: [TRACE] plugin.EstablishMessageStream plugin 0xc0001521e0, stream 0xc000484a40
2023-04-04 02:25:03.470 UTC [TRACE] steampipe-plugin-csv.plugin: [TRACE] plugin.EstablishMessageStream set on plugin: plugin.messageStream 0xc000484a40
2023-04-04 02:25:03.517 UTC [TRACE] PluginManager Get, connections: '[csv]'
2023-04-04 02:25:03.517 UTC [TRACE] PluginManager getPlugin hub.steampipe.io/plugins/turbot/csv@latest connection 'csv'
2023-04-04 02:25:03.517 UTC [TRACE] connection csv found in connectionPluginMap
2023-04-04 02:25:03.517 UTC [TRACE] initialized: 2003
2023-04-04 02:25:03.517 UTC [TRACE] initialized: 2003
2023-04-04 02:25:03.517 UTC [TRACE] connection csv is loaded, check for running PID
2023-04-04 02:25:03.518 UTC [TRACE] PluginManager found 'csv' in map, pid 2003
2023-04-04 02:25:03.582 UTC [TRACE] PluginManager Get, connections: '[hackernews]'
2023-04-04 02:25:03.582 UTC [TRACE] PluginManager getPlugin hub.steampipe.io/plugins/turbot/hackernews@latest connection 'hackernews'
2023-04-04 02:25:03.582 UTC [TRACE] PluginManager 0xc00082e5f0 plugin hub.steampipe.io/plugins/turbot/hackernews@latest (hackernews) NOT started or starting - start now
2023-04-04 02:25:03.582 UTC [TRACE] ************ start plugin hackernews ********************
2023-04-04 02:25:03.582 UTC [TRACE] ************ plugin path /home/runner/.steampipe/plugins/hub.steampipe.io/plugins/turbot/hackernews@latest/steampipe-plugin-hackernews.plugin ********************
2023-04-04 02:25:03.655 UTC [DEBUG] starting plugin: path=/home/runner/.steampipe/plugins/hub.steampipe.io/plugins/turbot/hackernews@latest/steampipe-plugin-hackernews.plugin args=["/home/runner/.steampipe/plugins/hub.steampipe.io/plugins/turbot/hackernews@latest/steampipe-plugin-hackernews.plugin"]
2023-04-04 02:25:03.655 UTC [DEBUG] plugin started: path=/home/runner/.steampipe/plugins/hub.steampipe.io/plugins/turbot/hackernews@latest/steampipe-plugin-hackernews.plugin pid=2028
2023-04-04 02:25:03.655 UTC [DEBUG] waiting for RPC address: path=/home/runner/.steampipe/plugins/hub.steampipe.io/plugins/turbot/hackernews@latest/steampipe-plugin-hackernews.plugin
2023-04-04 02:25:03.663 UTC [INFO]  steampipe-plugin-hackernews.plugin: [INFO]  Initialise plugin 'steampipe-plugin-hackernews', using sdk version 4.1.7
2023-04-04 02:25:03.663 UTC [TRACE] steampipe-plugin-hackernews.plugin: [TRACE] defaulting SchemaMode to SchemaModeStatic
2023-04-04 02:25:03.663 UTC [TRACE] steampipe-plugin-hackernews.plugin: [TRACE] no DefaultRetryConfig defined - creating empty
2023-04-04 02:25:03.664 UTC [TRACE] steampipe-plugin-hackernews.plugin: [TRACE] no DefaultIgnoreConfig defined - creating empty
2023-04-04 02:25:03.664 UTC [TRACE] steampipe-plugin-hackernews.plugin: [TRACE] Setting Ulimit: ulimit=2560
2023-04-04 02:25:03.664 UTC [TRACE] steampipe-plugin-hackernews.plugin: [TRACE] telemetry.Init service 'steampipe-plugin-hackernews', tracingEnabled: false, metricsEnabled: false
2023-04-04 02:25:03.664 UTC [TRACE] steampipe-plugin-hackernews.plugin: [TRACE] metrics and tracing disabled' - returning
2023-04-04 02:25:03.664 UTC [DEBUG] steampipe-plugin-hackernews.plugin: plugin address: address=/tmp/plugin239923452 network=unix timestamp=2023-04-04T02:25:03.664Z
2023-04-04 02:25:03.664 UTC [DEBUG] using plugin: version=0
2023-04-04 02:25:03.664 UTC [TRACE] NewPluginClient for plugin hub.steampipe.io/plugins/turbot/hackernews@latest
2023-04-04 02:25:03.666 UTC [TRACE] stdio: waiting for stdio data
2023-04-04 02:25:03.667 UTC [TRACE] supportedOperations: query_cache:true  multiple_connections:true
2023-04-04 02:25:03.669 UTC [TRACE] steampipe-plugin-hackernews.plugin: [TRACE] SetAllConnectionConfigs setting 1 configs
2023-04-04 02:25:03.669 UTC [TRACE] steampipe-plugin-hackernews.plugin: [TRACE] connection hackernews build schema and table map
2023-04-04 02:25:03.669 UTC [TRACE] steampipe-plugin-hackernews.plugin: [TRACE] initialise table hackernews_item
2023-04-04 02:25:03.669 UTC [TRACE] steampipe-plugin-hackernews.plugin: [TRACE] no DefaultRetryConfig defined - creating empty
2023-04-04 02:25:03.669 UTC [TRACE] steampipe-plugin-hackernews.plugin: [TRACE] no DefaultIgnoreConfig defined - creating empty
2023-04-04 02:25:03.669 UTC [TRACE] steampipe-plugin-hackernews.plugin: [TRACE] apply plugin defaults for DefaultRetryConfig
2023-04-04 02:25:03.669 UTC [TRACE] steampipe-plugin-hackernews.plugin: [TRACE] apply plugin defaults for DefaultIgnoreConfig, table &{<nil> <nil>} plugin &{<nil> <nil>}
2023-04-04 02:25:03.669 UTC [TRACE] steampipe-plugin-hackernews.plugin: [TRACE] DefaultRetryConfig:
2023-04-04 02:25:03.669 UTC [TRACE] steampipe-plugin-hackernews.plugin: [TRACE] DefaultIgnoreConfig:
2023-04-04 02:25:03.669 UTC [TRACE] steampipe-plugin-hackernews.plugin: [TRACE] t.Get.initialise
2023-04-04 02:25:03.669 UTC [TRACE] steampipe-plugin-hackernews.plugin: [TRACE] GetConfig.initialise table hackernews_item
2023-04-04 02:25:03.669 UTC [TRACE] steampipe-plugin-hackernews.plugin: [TRACE] GetConfig.initialise complete: RetryConfig: , IgnoreConfig:
2023-04-04 02:25:03.669 UTC [TRACE] steampipe-plugin-hackernews.plugin: [TRACE] t.List.initialise
2023-04-04 02:25:03.669 UTC [TRACE] steampipe-plugin-hackernews.plugin: [TRACE] ListConfig.initialise table hackernews_item
2023-04-04 02:25:03.669 UTC [TRACE] steampipe-plugin-hackernews.plugin: [TRACE] ListConfig.initialise complete: RetryConfig: , IgnoreConfig
2023-04-04 02:25:03.669 UTC [TRACE] steampipe-plugin-hackernews.plugin: [TRACE] HydrateConfig.initialise func getItem, table hackernews_item
2023-04-04 02:25:03.669 UTC [TRACE] steampipe-plugin-hackernews.plugin: [TRACE] HydrateConfig.initialise complete: RetryConfig: , IgnoreConfig:
2023-04-04 02:25:03.669 UTC [TRACE] steampipe-plugin-hackernews.plugin: [TRACE] back from initialiseHydrateConfigs
2023-04-04 02:25:03.669 UTC [TRACE] steampipe-plugin-hackernews.plugin: [TRACE] initialise table hackernews_item COMPLETE
2023-04-04 02:25:03.669 UTC [TRACE] steampipe-plugin-hackernews.plugin: [TRACE] initialise table hackernews_job
2023-04-04 02:25:03.669 UTC [TRACE] steampipe-plugin-hackernews.plugin: [TRACE] no DefaultRetryConfig defined - creating empty
2023-04-04 02:25:03.669 UTC [TRACE] steampipe-plugin-hackernews.plugin: [TRACE] no DefaultIgnoreConfig defined - creating empty
2023-04-04 02:25:03.669 UTC [TRACE] steampipe-plugin-hackernews.plugin: [TRACE] apply plugin defaults for DefaultRetryConfig
2023-04-04 02:25:03.669 UTC [TRACE] steampipe-plugin-hackernews.plugin: [TRACE] apply plugin defaults for DefaultIgnoreConfig, table &{<nil> <nil>} plugin &{<nil> <nil>}
2023-04-04 02:25:03.669 UTC [TRACE] steampipe-plugin-hackernews.plugin: [TRACE] DefaultRetryConfig:
2023-04-04 02:25:03.669 UTC [TRACE] steampipe-plugin-hackernews.plugin: [TRACE] DefaultIgnoreConfig:
2023-04-04 02:25:03.669 UTC [TRACE] steampipe-plugin-hackernews.plugin: [TRACE] t.Get.initialise
2023-04-04 02:25:03.669 UTC [TRACE] steampipe-plugin-hackernews.plugin: [TRACE] GetConfig.initialise table hackernews_job
2023-04-04 02:25:03.669 UTC [TRACE] steampipe-plugin-hackernews.plugin: [TRACE] GetConfig.initialise complete: RetryConfig: , IgnoreConfig:
2023-04-04 02:25:03.669 UTC [TRACE] steampipe-plugin-hackernews.plugin: [TRACE] t.List.initialise
2023-04-04 02:25:03.669 UTC [TRACE] steampipe-plugin-hackernews.plugin: [TRACE] ListConfig.initialise table hackernews_job
2023-04-04 02:25:03.669 UTC [TRACE] steampipe-plugin-hackernews.plugin: [TRACE] ListConfig.initialise complete: RetryConfig: , IgnoreConfig
2023-04-04 02:25:03.669 UTC [TRACE] steampipe-plugin-hackernews.plugin: [TRACE] HydrateConfig.initialise func getItem, table hackernews_job
2023-04-04 02:25:03.669 UTC [TRACE] steampipe-plugin-hackernews.plugin: [TRACE] HydrateConfig.initialise complete: RetryConfig: , IgnoreConfig:
2023-04-04 02:25:03.669 UTC [TRACE] steampipe-plugin-hackernews.plugin: [TRACE] back from initialiseHydrateConfigs
2023-04-04 02:25:03.669 UTC [TRACE] steampipe-plugin-hackernews.plugin: [TRACE] initialise table hackernews_job COMPLETE
2023-04-04 02:25:03.669 UTC [TRACE] steampipe-plugin-hackernews.plugin: [TRACE] initialise table hackernews_new
2023-04-04 02:25:03.669 UTC [TRACE] steampipe-plugin-hackernews.plugin: [TRACE] no DefaultRetryConfig defined - creating empty
2023-04-04 02:25:03.669 UTC [TRACE] steampipe-plugin-hackernews.plugin: [TRACE] no DefaultIgnoreConfig defined - creating empty
2023-04-04 02:25:03.669 UTC [TRACE] steampipe-plugin-hackernews.plugin: [TRACE] apply plugin defaults for DefaultRetryConfig
2023-04-04 02:25:03.669 UTC [TRACE] steampipe-plugin-hackernews.plugin: [TRACE] apply plugin defaults for DefaultIgnoreConfig, table &{<nil> <nil>} plugin &{<nil> <nil>}
2023-04-04 02:25:03.669 UTC [TRACE] steampipe-plugin-hackernews.plugin: [TRACE] DefaultRetryConfig:
2023-04-04 02:25:03.669 UTC [TRACE] steampipe-plugin-hackernews.plugin: [TRACE] DefaultIgnoreConfig:
2023-04-04 02:25:03.669 UTC [TRACE] steampipe-plugin-hackernews.plugin: [TRACE] t.Get.initialise
2023-04-04 02:25:03.669 UTC [TRACE] steampipe-plugin-hackernews.plugin: [TRACE] GetConfig.initialise table hackernews_new
2023-04-04 02:25:03.669 UTC [TRACE] steampipe-plugin-hackernews.plugin: [TRACE] GetConfig.initialise complete: RetryConfig: , IgnoreConfig:
2023-04-04 02:25:03.669 UTC [TRACE] steampipe-plugin-hackernews.plugin: [TRACE] t.List.initialise
2023-04-04 02:25:03.669 UTC [TRACE] steampipe-plugin-hackernews.plugin: [TRACE] ListConfig.initialise table hackernews_new
2023-04-04 02:25:03.669 UTC [TRACE] steampipe-plugin-hackernews.plugin: [TRACE] ListConfig.initialise complete: RetryConfig: , IgnoreConfig
2023-04-04 02:25:03.669 UTC [TRACE] steampipe-plugin-hackernews.plugin: [TRACE] HydrateConfig.initialise func getItem, table hackernews_new
2023-04-04 02:25:03.669 UTC [TRACE] steampipe-plugin-hackernews.plugin: [TRACE] HydrateConfig.initialise complete: RetryConfig: , IgnoreConfig:
2023-04-04 02:25:03.669 UTC [TRACE] steampipe-plugin-hackernews.plugin: [TRACE] back from initialiseHydrateConfigs
2023-04-04 02:25:03.669 UTC [TRACE] steampipe-plugin-hackernews.plugin: [TRACE] initialise table hackernews_new COMPLETE
2023-04-04 02:25:03.669 UTC [TRACE] steampipe-plugin-hackernews.plugin: [TRACE] initialise table hackernews_show_hn
2023-04-04 02:25:03.669 UTC [TRACE] steampipe-plugin-hackernews.plugin: [TRACE] no DefaultRetryConfig defined - creating empty
2023-04-04 02:25:03.669 UTC [TRACE] steampipe-plugin-hackernews.plugin: [TRACE] no DefaultIgnoreConfig defined - creating empty
2023-04-04 02:25:03.669 UTC [TRACE] steampipe-plugin-hackernews.plugin: [TRACE] apply plugin defaults for DefaultRetryConfig
2023-04-04 02:25:03.669 UTC [TRACE] steampipe-plugin-hackernews.plugin: [TRACE] apply plugin defaults for DefaultIgnoreConfig, table &{<nil> <nil>} plugin &{<nil> <nil>}
2023-04-04 02:25:03.669 UTC [TRACE] steampipe-plugin-hackernews.plugin: [TRACE] DefaultRetryConfig:
2023-04-04 02:25:03.669 UTC [TRACE] steampipe-plugin-hackernews.plugin: [TRACE] DefaultIgnoreConfig:
2023-04-04 02:25:03.669 UTC [TRACE] steampipe-plugin-hackernews.plugin: [TRACE] t.Get.initialise
2023-04-04 02:25:03.669 UTC [TRACE] steampipe-plugin-hackernews.plugin: [TRACE] GetConfig.initialise table hackernews_show_hn
2023-04-04 02:25:03.669 UTC [TRACE] steampipe-plugin-hackernews.plugin: [TRACE] GetConfig.initialise complete: RetryConfig: , IgnoreConfig:
2023-04-04 02:25:03.669 UTC [TRACE] steampipe-plugin-hackernews.plugin: [TRACE] t.List.initialise
2023-04-04 02:25:03.669 UTC [TRACE] steampipe-plugin-hackernews.plugin: [TRACE] ListConfig.initialise table hackernews_show_hn
2023-04-04 02:25:03.669 UTC [TRACE] steampipe-plugin-hackernews.plugin: [TRACE] ListConfig.initialise complete: RetryConfig: , IgnoreConfig
2023-04-04 02:25:03.669 UTC [TRACE] steampipe-plugin-hackernews.plugin: [TRACE] HydrateConfig.initialise func getItem, table hackernews_show_hn
2023-04-04 02:25:03.669 UTC [TRACE] steampipe-plugin-hackernews.plugin: [TRACE] HydrateConfig.initialise complete: RetryConfig: , IgnoreConfig:
2023-04-04 02:25:03.669 UTC [TRACE] steampipe-plugin-hackernews.plugin: [TRACE] back from initialiseHydrateConfigs
2023-04-04 02:25:03.669 UTC [TRACE] steampipe-plugin-hackernews.plugin: [TRACE] initialise table hackernews_show_hn COMPLETE
2023-04-04 02:25:03.669 UTC [TRACE] steampipe-plugin-hackernews.plugin: [TRACE] initialise table hackernews_top
2023-04-04 02:25:03.669 UTC [TRACE] steampipe-plugin-hackernews.plugin: [TRACE] no DefaultRetryConfig defined - creating empty
2023-04-04 02:25:03.669 UTC [TRACE] steampipe-plugin-hackernews.plugin: [TRACE] no DefaultIgnoreConfig defined - creating empty
2023-04-04 02:25:03.669 UTC [TRACE] steampipe-plugin-hackernews.plugin: [TRACE] apply plugin defaults for DefaultRetryConfig
2023-04-04 02:25:03.669 UTC [TRACE] steampipe-plugin-hackernews.plugin: [TRACE] apply plugin defaults for DefaultIgnoreConfig, table &{<nil> <nil>} plugin &{<nil> <nil>}
2023-04-04 02:25:03.669 UTC [TRACE] steampipe-plugin-hackernews.plugin: [TRACE] DefaultRetryConfig:
2023-04-04 02:25:03.669 UTC [TRACE] steampipe-plugin-hackernews.plugin: [TRACE] DefaultIgnoreConfig:
2023-04-04 02:25:03.669 UTC [TRACE] steampipe-plugin-hackernews.plugin: [TRACE] t.Get.initialise
2023-04-04 02:25:03.669 UTC [TRACE] steampipe-plugin-hackernews.plugin: [TRACE] GetConfig.initialise table hackernews_top
2023-04-04 02:25:03.669 UTC [TRACE] steampipe-plugin-hackernews.plugin: [TRACE] GetConfig.initialise complete: RetryConfig: , IgnoreConfig:
2023-04-04 02:25:03.669 UTC [TRACE] steampipe-plugin-hackernews.plugin: [TRACE] t.List.initialise
2023-04-04 02:25:03.669 UTC [TRACE] steampipe-plugin-hackernews.plugin: [TRACE] ListConfig.initialise table hackernews_top
2023-04-04 02:25:03.669 UTC [TRACE] steampipe-plugin-hackernews.plugin: [TRACE] ListConfig.initialise complete: RetryConfig: , IgnoreConfig
2023-04-04 02:25:03.669 UTC [TRACE] steampipe-plugin-hackernews.plugin: [TRACE] HydrateConfig.initialise func getItem, table hackernews_top
2023-04-04 02:25:03.669 UTC [TRACE] steampipe-plugin-hackernews.plugin: [TRACE] HydrateConfig.initialise complete: RetryConfig: , IgnoreConfig:
2023-04-04 02:25:03.669 UTC [TRACE] steampipe-plugin-hackernews.plugin: [TRACE] back from initialiseHydrateConfigs
2023-04-04 02:25:03.669 UTC [TRACE] steampipe-plugin-hackernews.plugin: [TRACE] initialise table hackernews_top COMPLETE
2023-04-04 02:25:03.669 UTC [TRACE] steampipe-plugin-hackernews.plugin: [TRACE] initialise table hackernews_user
2023-04-04 02:25:03.669 UTC [TRACE] steampipe-plugin-hackernews.plugin: [TRACE] no DefaultRetryConfig defined - creating empty
2023-04-04 02:25:03.669 UTC [TRACE] steampipe-plugin-hackernews.plugin: [TRACE] no DefaultIgnoreConfig defined - creating empty
2023-04-04 02:25:03.669 UTC [TRACE] steampipe-plugin-hackernews.plugin: [TRACE] apply plugin defaults for DefaultRetryConfig
2023-04-04 02:25:03.669 UTC [TRACE] steampipe-plugin-hackernews.plugin: [TRACE] apply plugin defaults for DefaultIgnoreConfig, table &{<nil> <nil>} plugin &{<nil> <nil>}
2023-04-04 02:25:03.669 UTC [TRACE] steampipe-plugin-hackernews.plugin: [TRACE] DefaultRetryConfig:
2023-04-04 02:25:03.669 UTC [TRACE] steampipe-plugin-hackernews.plugin: [TRACE] DefaultIgnoreConfig:
2023-04-04 02:25:03.669 UTC [TRACE] steampipe-plugin-hackernews.plugin: [TRACE] t.List.initialise
2023-04-04 02:25:03.669 UTC [TRACE] steampipe-plugin-hackernews.plugin: [TRACE] ListConfig.initialise table hackernews_user
2023-04-04 02:25:03.669 UTC [TRACE] steampipe-plugin-hackernews.plugin: [TRACE] ListConfig.initialise complete: RetryConfig: , IgnoreConfig
2023-04-04 02:25:03.669 UTC [TRACE] steampipe-plugin-hackernews.plugin: [TRACE] back from initialiseHydrateConfigs
2023-04-04 02:25:03.669 UTC [TRACE] steampipe-plugin-hackernews.plugin: [TRACE] initialise table hackernews_user COMPLETE
2023-04-04 02:25:03.669 UTC [TRACE] steampipe-plugin-hackernews.plugin: [TRACE] initialise table hackernews_ask_hn
2023-04-04 02:25:03.669 UTC [TRACE] steampipe-plugin-hackernews.plugin: [TRACE] no DefaultRetryConfig defined - creating empty
2023-04-04 02:25:03.669 UTC [TRACE] steampipe-plugin-hackernews.plugin: [TRACE] no DefaultIgnoreConfig defined - creating empty
2023-04-04 02:25:03.669 UTC [TRACE] steampipe-plugin-hackernews.plugin: [TRACE] apply plugin defaults for DefaultRetryConfig
2023-04-04 02:25:03.669 UTC [TRACE] steampipe-plugin-hackernews.plugin: [TRACE] apply plugin defaults for DefaultIgnoreConfig, table &{<nil> <nil>} plugin &{<nil> <nil>}
2023-04-04 02:25:03.669 UTC [TRACE] steampipe-plugin-hackernews.plugin: [TRACE] DefaultRetryConfig:
2023-04-04 02:25:03.669 UTC [TRACE] steampipe-plugin-hackernews.plugin: [TRACE] DefaultIgnoreConfig:
2023-04-04 02:25:03.669 UTC [TRACE] steampipe-plugin-hackernews.plugin: [TRACE] t.Get.initialise
2023-04-04 02:25:03.669 UTC [TRACE] steampipe-plugin-hackernews.plugin: [TRACE] GetConfig.initialise table hackernews_ask_hn
2023-04-04 02:25:03.669 UTC [TRACE] steampipe-plugin-hackernews.plugin: [TRACE] GetConfig.initialise complete: RetryConfig: , IgnoreConfig:
2023-04-04 02:25:03.669 UTC [TRACE] steampipe-plugin-hackernews.plugin: [TRACE] t.List.initialise
2023-04-04 02:25:03.669 UTC [TRACE] steampipe-plugin-hackernews.plugin: [TRACE] ListConfig.initialise table hackernews_ask_hn
2023-04-04 02:25:03.669 UTC [TRACE] steampipe-plugin-hackernews.plugin: [TRACE] ListConfig.initialise complete: RetryConfig: , IgnoreConfig
2023-04-04 02:25:03.669 UTC [TRACE] steampipe-plugin-hackernews.plugin: [TRACE] HydrateConfig.initialise func getItem, table hackernews_ask_hn
2023-04-04 02:25:03.669 UTC [TRACE] steampipe-plugin-hackernews.plugin: [TRACE] HydrateConfig.initialise complete: RetryConfig: , IgnoreConfig:
2023-04-04 02:25:03.669 UTC [TRACE] steampipe-plugin-hackernews.plugin: [TRACE] back from initialiseHydrateConfigs
2023-04-04 02:25:03.669 UTC [TRACE] steampipe-plugin-hackernews.plugin: [TRACE] initialise table hackernews_ask_hn COMPLETE
2023-04-04 02:25:03.669 UTC [TRACE] steampipe-plugin-hackernews.plugin: [TRACE] initialise table hackernews_best
2023-04-04 02:25:03.669 UTC [TRACE] steampipe-plugin-hackernews.plugin: [TRACE] no DefaultRetryConfig defined - creating empty
2023-04-04 02:25:03.669 UTC [TRACE] steampipe-plugin-hackernews.plugin: [TRACE] no DefaultIgnoreConfig defined - creating empty
2023-04-04 02:25:03.669 UTC [TRACE] steampipe-plugin-hackernews.plugin: [TRACE] apply plugin defaults for DefaultRetryConfig
2023-04-04 02:25:03.669 UTC [TRACE] steampipe-plugin-hackernews.plugin: [TRACE] apply plugin defaults for DefaultIgnoreConfig, table &{<nil> <nil>} plugin &{<nil> <nil>}
2023-04-04 02:25:03.669 UTC [TRACE] steampipe-plugin-hackernews.plugin: [TRACE] DefaultRetryConfig:
2023-04-04 02:25:03.669 UTC [TRACE] steampipe-plugin-hackernews.plugin: [TRACE] DefaultIgnoreConfig:
2023-04-04 02:25:03.669 UTC [TRACE] steampipe-plugin-hackernews.plugin: [TRACE] t.Get.initialise
2023-04-04 02:25:03.669 UTC [TRACE] steampipe-plugin-hackernews.plugin: [TRACE] GetConfig.initialise table hackernews_best
2023-04-04 02:25:03.669 UTC [TRACE] steampipe-plugin-hackernews.plugin: [TRACE] GetConfig.initialise complete: RetryConfig: , IgnoreConfig:
2023-04-04 02:25:03.669 UTC [TRACE] steampipe-plugin-hackernews.plugin: [TRACE] t.List.initialise
2023-04-04 02:25:03.669 UTC [TRACE] steampipe-plugin-hackernews.plugin: [TRACE] ListConfig.initialise table hackernews_best
2023-04-04 02:25:03.669 UTC [TRACE] steampipe-plugin-hackernews.plugin: [TRACE] ListConfig.initialise complete: RetryConfig: , IgnoreConfig
2023-04-04 02:25:03.669 UTC [TRACE] steampipe-plugin-hackernews.plugin: [TRACE] HydrateConfig.initialise func getItem, table hackernews_best
2023-04-04 02:25:03.669 UTC [TRACE] steampipe-plugin-hackernews.plugin: [TRACE] HydrateConfig.initialise complete: RetryConfig: , IgnoreConfig:
2023-04-04 02:25:03.669 UTC [TRACE] steampipe-plugin-hackernews.plugin: [TRACE] back from initialiseHydrateConfigs
2023-04-04 02:25:03.669 UTC [TRACE] steampipe-plugin-hackernews.plugin: [TRACE] initialise table hackernews_best COMPLETE
2023-04-04 02:25:03.669 UTC [TRACE] steampipe-plugin-hackernews.plugin: [TRACE] validate plugin steampipe-plugin-hackernews, required columns []
2023-04-04 02:25:03.669 UTC [TRACE] steampipe-plugin-hackernews.plugin: [TRACE] validate DefaultRetryConfig
2023-04-04 02:25:03.669 UTC [TRACE] steampipe-plugin-hackernews.plugin: [TRACE] validate DefaultIgnoreConfig
2023-04-04 02:25:03.669 UTC [TRACE] steampipe-plugin-hackernews.plugin: [TRACE] validate table names
2023-04-04 02:25:03.669 UTC [TRACE] steampipe-plugin-hackernews.plugin: [TRACE] plugin has 0 validation errors
2023-04-04 02:25:03.669 UTC [TRACE] steampipe-plugin-hackernews.plugin: [TRACE] Plugin ensureCache creating cache, maxCacheStorageMb 0
2023-04-04 02:25:03.669 UTC [TRACE] steampipe-plugin-hackernews.plugin: [TRACE] createCacheStore for plugin 'steampipe-plugin-hackernews' setting max size to 0Mb, Shards: 2, max shard size: 0
2023-04-04 02:25:03.683 UTC [INFO]  steampipe-plugin-hackernews.plugin: [INFO]  query cache created
2023-04-04 02:25:03.683 UTC [DEBUG] steampipe-plugin-hackernews.plugin: [DEBUG] SetAllConnectionConfigs finished
2023-04-04 02:25:03.685 UTC [TRACE] PluginManager getPlugin complete, returning reattach config with PID: 2028
2023-04-04 02:25:03.693 UTC [INFO]  steampipe-plugin-hackernews.plugin: [INFO]  1680575103757: Plugin Execute (1680575103757)
2023-04-04 02:25:03.693 UTC [TRACE] steampipe-plugin-hackernews.plugin: [TRACE] 1680575103757: No memory limit set
2023-04-04 02:25:03.693 UTC [INFO]  steampipe-plugin-hackernews.plugin: [INFO]  1680575103757: Plugin Execute, setting memory limit to -1Mb
2023-04-04 02:25:03.693 UTC [TRACE] steampipe-plugin-hackernews.plugin: [TRACE] 1680575103757: calling ExtractContextFromCarrier
2023-04-04 02:25:03.693 UTC [INFO]  steampipe-plugin-hackernews.plugin: [INFO]  1680575103757: Setting max concurrent connections to 25
2023-04-04 02:25:03.693 UTC [TRACE] steampipe-plugin-hackernews.plugin: [TRACE] 1680575103757: executeForConnection callId: 1680575103757, connectionCallId: hackernews-1680575103757, connection: hackernews table: hackernews_new cols: id,title,time,by,score,dead,deleted,descendants,kids,parent,parts,poll,text,type,url,_ctx
2023-04-04 02:25:03.693 UTC [TRACE] steampipe-plugin-hackernews.plugin: [TRACE] 1680575103757: got connection data
2023-04-04 02:25:03.693 UTC [TRACE] steampipe-plugin-hackernews.plugin: [TRACE] 1680575103757: Got query context, table: hackernews_new, cols: [id title time by score dead deleted descendants kids parent parts poll text type url _ctx]
2023-04-04 02:25:03.693 UTC [TRACE] steampipe-plugin-hackernews.plugin: [TRACE] 1680575103757: Start execute span
2023-04-04 02:25:03.693 UTC [INFO]  steampipe-plugin-hackernews.plugin: [INFO]  1680575103757: Setting free memory interval to 100 rows
2023-04-04 02:25:03.693 UTC [TRACE] steampipe-plugin-hackernews.plugin: [TRACE] 1680575103757: setFetchType map[time:quals:{fieldName:"time"  string_value:">"  value:{timestamp_value:{seconds:1680571503  nanos:554338000}}}]
2023-04-04 02:25:03.697 UTC [TRACE] steampipe-plugin-hackernews.plugin: [TRACE] 1680575103757: getMatchingQuals column:'id' operator: =
2023-04-04 02:25:03.697 UTC [TRACE] steampipe-plugin-hackernews.plugin: [TRACE] 1680575103757: getMatchingQuals returning false - qualMap does not contain any quals for column id
2023-04-04 02:25:03.697 UTC [TRACE] steampipe-plugin-hackernews.plugin: [TRACE] 1680575103757: GetUnsatisfiedKeyColumns for columns column:'id' operator: =
2023-04-04 02:25:03.697 UTC [TRACE] steampipe-plugin-hackernews.plugin: [TRACE] 1680575103757: key column NOT satisfied column:'id' operator: =
2023-04-04 02:25:03.697 UTC [TRACE] steampipe-plugin-hackernews.plugin: [TRACE] 1680575103757: satisfied: map[any_of: optional: required:]
2023-04-04 02:25:03.697 UTC [TRACE] steampipe-plugin-hackernews.plugin: [TRACE] 1680575103757: unsatisfied: map[any_of: optional: required:column:'id' operator: =]
2023-04-04 02:25:03.697 UTC [TRACE] steampipe-plugin-hackernews.plugin: [TRACE] 1680575103757: unsatisfied required KeyColumns: column:'id' operator: =
2023-04-04 02:25:03.697 UTC [TRACE] steampipe-plugin-hackernews.plugin: [TRACE] 1680575103757: Set fetchType to fetchTypeList
2023-04-04 02:25:03.697 UTC [TRACE] steampipe-plugin-hackernews.plugin: [TRACE] 1680575103757: Equals key column quals:
2023-04-04 02:25:03.697 UTC [DEBUG] steampipe-plugin-hackernews.plugin: {}
2023-04-04 02:25:03.697 UTC [TRACE] steampipe-plugin-hackernews.plugin: [TRACE] 1680575103757: All key column quals:
2023-04-04 02:25:03.697 UTC [DEBUG] steampipe-plugin-hackernews.plugin: {}
2023-04-04 02:25:03.697 UTC [TRACE] steampipe-plugin-hackernews.plugin: [TRACE] 1680575103757: GetMatrixItem
2023-04-04 02:25:03.697 UTC [TRACE] steampipe-plugin-hackernews.plugin: [TRACE] 1680575103757: creating query data
2023-04-04 02:25:03.697 UTC [INFO]  steampipe-plugin-hackernews.plugin: [INFO]  1680575103757: cacheEnabled, trying cache get (hackernews-1680575103757)
2023-04-04 02:25:03.697 UTC [TRACE] steampipe-plugin-hackernews.plugin: [TRACE] 1680575103757: QueryCache Get - indexBucketKey index__hackernewshackernews_new, quals
2023-04-04 02:25:03.697 UTC [TRACE] steampipe-plugin-hackernews.plugin: [TRACE] 1680575103757: QueryCache getCachedQueryResult - table hackernews_new, connectionName hackernews
2023-04-04 02:25:03.697 UTC [TRACE] steampipe-plugin-hackernews.plugin: [TRACE] 1680575103757: index bucket key: index__hackernewshackernews_new ttlSeconds 300 limit: -1
2023-04-04 02:25:03.697 UTC [TRACE] steampipe-plugin-hackernews.plugin: [TRACE] 1680575103757: doGet cache miss
2023-04-04 02:25:03.697 UTC [TRACE] steampipe-plugin-hackernews.plugin: [TRACE] 1680575103757: getCachedIndexBucket - no item retrieved for cache key index__hackernewshackernews_new
2023-04-04 02:25:03.697 UTC [TRACE] steampipe-plugin-hackernews.plugin: [TRACE] 1680575103757: getCachedQueryResult returned CACHE MISS - checking for pending transfers
2023-04-04 02:25:03.697 UTC [TRACE] steampipe-plugin-hackernews.plugin: [TRACE] 1680575103757: getPendingResultItem indexBucketKey index__hackernewshackernews_new, columns [id title time by score dead deleted descendants kids parent parts poll text type url _ctx], limit -1
2023-04-04 02:25:03.697 UTC [TRACE] steampipe-plugin-hackernews.plugin: [TRACE] 1680575103757: no pending index item - add pending result, indexBucketKey index__hackernewshackernews_new
2023-04-04 02:25:03.697 UTC [TRACE] steampipe-plugin-hackernews.plugin: [TRACE] 1680575103757: addPendingResult (hackernews-1680575103757) indexBucketKey index__hackernewshackernews_new, columns [id title time by score dead deleted descendants kids parent parts poll text type url _ctx], limit -1
2023-04-04 02:25:03.697 UTC [TRACE] steampipe-plugin-hackernews.plugin: [TRACE] 1680575103757: no index bucket found - creating one
2023-04-04 02:25:03.697 UTC [TRACE] steampipe-plugin-hackernews.plugin: [TRACE] 1680575103757: pendingIndexItem Lock count before 0
2023-04-04 02:25:03.697 UTC [TRACE] steampipe-plugin-hackernews.plugin: [TRACE] 1680575103757: addPendingResult added pending index item to bucket, (hackernews-1680575103757) indexBucketKey index__hackernewshackernews_new, resultKeyRoot hackernewshackernews_newid,title,time,by,score,dead,deleted,descendants,kids,parent,parts,poll,text,type,url,_ctx-1, pending item : 0xc0003ade60
2023-04-04 02:25:03.697 UTC [TRACE] steampipe-plugin-hackernews.plugin: [TRACE] 1680575103757: **** pending items (hackernews-1680575103757)****
2023-04-04 02:25:03.697 UTC [TRACE] steampipe-plugin-hackernews.plugin: [TRACE] 1680575103757: key: index__hackernewshackernews_new: item: 0xc0003ade60, count: 1, key:hackernewshackernews_newid,title,time,by,score,dead,deleted,descendants,kids,parent,parts,poll,text,type,url,_ctx-1
2023-04-04 02:25:03.697 UTC [TRACE] steampipe-plugin-hackernews.plugin: [TRACE] 1680575103757: ********
2023-04-04 02:25:03.697 UTC [TRACE] steampipe-plugin-hackernews.plugin: [TRACE] 1680575103757: getPendingResultItem returning <nil>
2023-04-04 02:25:03.698 UTC [INFO]  steampipe-plugin-hackernews.plugin: [INFO]  1680575103757: CACHE MISS
2023-04-04 02:25:03.698 UTC [TRACE] steampipe-plugin-hackernews.plugin: [TRACE] 1680575103757: cache MISS
2023-04-04 02:25:03.698 UTC [INFO]  steampipe-plugin-hackernews.plugin: [INFO]  1680575103757: queryCacheGet returned CACHE MISS (hackernews-1680575103757)
2023-04-04 02:25:03.698 UTC [TRACE] steampipe-plugin-hackernews.plugin: [TRACE] 1680575103757: StartSet (hackernews-1680575103757)
2023-04-04 02:25:03.698 UTC [TRACE] steampipe-plugin-hackernews.plugin: [TRACE] 1680575103757: calling fetchItems, table: hackernews_new, matrixItem: [], limit: -1,  connectionCallId: hackernews-1680575103757"
2023-04-04 02:25:03.698 UTC [TRACE] steampipe-plugin-hackernews.plugin: [TRACE] 1680575103757: buildRowsAsync connectionCallId: hackernews-1680575103757
2023-04-04 02:25:03.698 UTC [TRACE] steampipe-plugin-hackernews.plugin: [TRACE] 1680575103757: streamRows connectionCallId: hackernews-1680575103757
2023-04-04 02:25:03.698 UTC [TRACE] steampipe-plugin-hackernews.plugin: [TRACE] 1680575103757: QueryData streamRows (hackernews-1680575103757)
2023-04-04 02:25:03.698 UTC [TRACE] steampipe-plugin-hackernews.plugin: [TRACE] 1680575103757: executeListCall START (hackernews-1680575103757)
2023-04-04 02:25:03.698 UTC [TRACE] steampipe-plugin-hackernews.plugin: [TRACE] 1680575103757: GetUnsatisfiedKeyColumns for columns
2023-04-04 02:25:03.698 UTC [TRACE] steampipe-plugin-hackernews.plugin: [TRACE] 1680575103757: doList (hackernews-1680575103757)
2023-04-04 02:25:03.698 UTC [TRACE] steampipe-plugin-hackernews.plugin: [TRACE] 1680575103757: doList: no matrix item
2023-04-04 02:25:03.992 UTC [TRACE] stdio: received data: channel=STDOUT len=21
2023-04-04 02:25:03.992 UTC [TRACE] stdio: waiting for stdio data
2023-04-04 02:25:04.108 UTC [TRACE] stdio: received data: channel=STDOUT len=269
2023-04-04 02:25:04.108 UTC [TRACE] stdio: waiting for stdio data
2023-04-04 02:25:04.129 UTC [TRACE] stdio: received data: channel=STDOUT len=1024
2023-04-04 02:25:04.129 UTC [TRACE] stdio: waiting for stdio data
2023-04-04 02:25:04.146 UTC [TRACE] stdio: received data: channel=STDOUT len=147
2023-04-04 02:25:04.146 UTC [TRACE] stdio: waiting for stdio data
2023-04-04 02:25:04.150 UTC [TRACE] stdio: received data: channel=STDOUT len=386
2023-04-04 02:25:04.150 UTC [TRACE] stdio: waiting for stdio data
2023-04-04 02:25:04.230 UTC [TRACE] stdio: received data: channel=STDOUT len=1013
2023-04-04 02:25:04.230 UTC [TRACE] stdio: waiting for stdio data
2023-04-04 02:25:04.231 UTC [TRACE] steampipe-plugin-hackernews.plugin: [TRACE] 1680575103757: QueryData.fetchComplete
2023-04-04 02:25:04.231 UTC [TRACE] steampipe-plugin-hackernews.plugin: [TRACE] 1680575103757: executeListCall COMPLETE (hackernews-1680575103757)
2023-04-04 02:25:04.231 UTC [TRACE] steampipe-plugin-hackernews.plugin: [TRACE] 1680575103757: rowData chan returned nil - wait for rows to complete (hackernews-1680575103757)
2023-04-04 02:25:04.236 UTC [TRACE] stdio: received data: channel=STDOUT len=93
2023-04-04 02:25:04.236 UTC [TRACE] stdio: waiting for stdio data
2023-04-04 02:25:04.237 UTC [TRACE] stdio: received data: channel=STDOUT len=20
2023-04-04 02:25:04.237 UTC [TRACE] stdio: waiting for stdio data
2023-04-04 02:25:04.239 UTC [TRACE] stdio: received data: channel=STDOUT len=54
2023-04-04 02:25:04.239 UTC [TRACE] stdio: waiting for stdio data
2023-04-04 02:25:04.274 UTC [TRACE] stdio: received data: channel=STDOUT len=19
2023-04-04 02:25:04.274 UTC [TRACE] stdio: waiting for stdio data
2023-04-04 02:25:04.286 UTC [TRACE] stdio: received data: channel=STDOUT len=20
2023-04-04 02:25:04.286 UTC [TRACE] stdio: waiting for stdio data
2023-04-04 02:25:04.419 UTC [TRACE] stdio: received data: channel=STDOUT len=35
2023-04-04 02:25:04.419 UTC [TRACE] stdio: waiting for stdio data
2023-04-04 02:25:04.430 UTC [TRACE] stdio: received data: channel=STDOUT len=910
2023-04-04 02:25:04.430 UTC [TRACE] stdio: waiting for stdio data
2023-04-04 02:25:04.432 UTC [TRACE] stdio: received data: channel=STDOUT len=68
2023-04-04 02:25:04.432 UTC [TRACE] stdio: waiting for stdio data
2023-04-04 02:25:04.432 UTC [TRACE] stdio: received data: channel=STDOUT len=56
2023-04-04 02:25:04.432 UTC [TRACE] stdio: waiting for stdio data
2023-04-04 02:25:04.432 UTC [TRACE] stdio: received data: channel=STDOUT len=15
2023-04-04 02:25:04.432 UTC [TRACE] stdio: waiting for stdio data
2023-04-04 02:25:04.439 UTC [TRACE] stdio: received data: channel=STDOUT len=29
2023-04-04 02:25:04.439 UTC [TRACE] stdio: waiting for stdio data
2023-04-04 02:25:04.441 UTC [TRACE] stdio: received data: channel=STDOUT len=19
2023-04-04 02:25:04.441 UTC [TRACE] stdio: waiting for stdio data
2023-04-04 02:25:04.445 UTC [TRACE] stdio: received data: channel=STDOUT len=33
2023-04-04 02:25:04.445 UTC [TRACE] stdio: waiting for stdio data
2023-04-04 02:25:04.446 UTC [TRACE] stdio: received data: channel=STDOUT len=38
2023-04-04 02:25:04.446 UTC [TRACE] stdio: waiting for stdio data
2023-04-04 02:25:04.447 UTC [TRACE] stdio: received data: channel=STDOUT len=16
2023-04-04 02:25:04.447 UTC [TRACE] stdio: waiting for stdio data
2023-04-04 02:25:04.449 UTC [TRACE] stdio: received data: channel=STDOUT len=16
2023-04-04 02:25:04.449 UTC [TRACE] stdio: waiting for stdio data
2023-04-04 02:25:04.454 UTC [TRACE] stdio: received data: channel=STDOUT len=14
2023-04-04 02:25:04.454 UTC [TRACE] stdio: waiting for stdio data
2023-04-04 02:25:04.461 UTC [TRACE] stdio: received data: channel=STDOUT len=396
2023-04-04 02:25:04.461 UTC [TRACE] stdio: waiting for stdio data
2023-04-04 02:25:04.461 UTC [TRACE] steampipe-plugin-hackernews.plugin: [TRACE] 1680575103757: buildRowsAsync goroutine returning (hackernews-1680575103757)
2023-04-04 02:25:04.461 UTC [TRACE] steampipe-plugin-hackernews.plugin: [TRACE] 1680575103757: streamRows - nil row, stop streaming (hackernews-1680575103757)
2023-04-04 02:25:04.461 UTC [TRACE] steampipe-plugin-hackernews.plugin: [TRACE] 1680575103757: ------------------------------------
2023-04-04 02:25:04.461 UTC [TRACE] steampipe-plugin-hackernews.plugin: [TRACE] 1680575103757: Concurrency Summary
2023-04-04 02:25:04.461 UTC [TRACE] steampipe-plugin-hackernews.plugin: [TRACE] 1680575103757: ------------------------------------
2023-04-04 02:25:04.461 UTC [TRACE] steampipe-plugin-hackernews.plugin: [TRACE] 1680575103757: getItem                       : 200
2023-04-04 02:25:04.461 UTC [TRACE] steampipe-plugin-hackernews.plugin: [TRACE] 1680575103757: ------------------------------------
2023-04-04 02:25:04.461 UTC [TRACE] steampipe-plugin-hackernews.plugin: [TRACE] 1680575103757: Total                         : 200
2023-04-04 02:25:04.462 UTC [TRACE] steampipe-plugin-hackernews.plugin: [TRACE] 1680575103757: ------------------------------------
2023-04-04 02:25:04.462 UTC [TRACE] steampipe-plugin-hackernews.plugin: [TRACE] 1680575103757: QueryData streamRows DONE (hackernews-1680575103757)
2023-04-04 02:25:04.462 UTC [TRACE] steampipe-plugin-hackernews.plugin: [TRACE] 1680575103757: EndSet (hackernews-1680575103757) table hackernews_new
2023-04-04 02:25:04.462 UTC [TRACE] steampipe-plugin-hackernews.plugin: [TRACE] 1680575103757: QueryCache writePageToCache: 500 rows, pageCount 1, page key hackernewshackernews_newid,title,time,by,score,dead,deleted,descendants,kids,parent,parts,poll,text,type,url,_ctx-1-0
2023-04-04 02:25:04.472 UTC [TRACE] steampipe-plugin-hackernews.plugin: [TRACE] 1680575103757: writePageToCache Set - result written
2023-04-04 02:25:04.472 UTC [TRACE] steampipe-plugin-hackernews.plugin: [TRACE] 1680575103757: QueryCache EndSet - result written
2023-04-04 02:25:04.472 UTC [TRACE] steampipe-plugin-hackernews.plugin: [TRACE] 1680575103757: doGet cache miss
2023-04-04 02:25:04.472 UTC [TRACE] steampipe-plugin-hackernews.plugin: [TRACE] 1680575103757: getCachedIndexBucket - no item retrieved for cache key index__hackernewshackernews_new
2023-04-04 02:25:04.472 UTC [TRACE] steampipe-plugin-hackernews.plugin: [TRACE] 1680575103757: getCachedIndexBucket returned cache miss
2023-04-04 02:25:04.472 UTC [TRACE] steampipe-plugin-hackernews.plugin: [TRACE] 1680575103757: QueryCache EndSet - Added index item (0xc015168120) to bucket (0xc01463ad08), page count 1,  key root hackernewshackernews_newid,title,time,by,score,dead,deleted,descendants,kids,parent,parts,poll,text,type,url,_ctx-1
2023-04-04 02:25:04.472 UTC [TRACE] steampipe-plugin-hackernews.plugin: [TRACE] 1680575103757: cacheSetIndexBucket index__hackernewshackernews_new
2023-04-04 02:25:04.472 UTC [TRACE] steampipe-plugin-hackernews.plugin: [TRACE] 1680575103757: QueryCache EndSet - IndexBucket written
2023-04-04 02:25:04.472 UTC [TRACE] steampipe-plugin-hackernews.plugin: [TRACE] 1680575103757: EndSet DEFER (hackernews-1680575103757) table hackernews_new
2023-04-04 02:25:04.472 UTC [TRACE] steampipe-plugin-hackernews.plugin: [TRACE] 1680575103757: calling pendingItemComplete (hackernews-1680575103757)
2023-04-04 02:25:04.472 UTC [TRACE] steampipe-plugin-hackernews.plugin: [TRACE] 1680575103757: pendingItemComplete (hackernews-1680575103757) indexBucketKey index__hackernewshackernews_new, columns [id title time by score dead deleted descendants kids parent parts poll text type url _ctx], limit -1
2023-04-04 02:25:04.472 UTC [TRACE] steampipe-plugin-hackernews.plugin: [TRACE] 1680575103757: got pending index bucket, (hackernews-1680575103757) len 1
2023-04-04 02:25:04.472 UTC [TRACE] steampipe-plugin-hackernews.plugin: [TRACE] 1680575103757: SatisfiesLimit limit -1, no item limit - satisfied
2023-04-04 02:25:04.472 UTC [TRACE] steampipe-plugin-hackernews.plugin: [TRACE] 1680575103757: found pending index item to satisfy columns id,title,time,by,score,dead,deleted,descendants,kids,parent,parts,poll,text,type,url,_ctx, limit -1
2023-04-04 02:25:04.472 UTC [TRACE] steampipe-plugin-hackernews.plugin: [TRACE] 1680575103757: found completed pending item (hackernews-1680575103757) 0xc0003ade60, key hackernewshackernews_newid,title,time,by,score,dead,deleted,descendants,kids,parent,parts,poll,text,type,url,_ctx-1 - removing from map as it is complete
2023-04-04 02:25:04.472 UTC [TRACE] steampipe-plugin-hackernews.plugin: [TRACE] 1680575103757: pendingIndexItem Unlock count before 1 key hackernewshackernews_newid,title,time,by,score,dead,deleted,descendants,kids,parent,parts,poll,text,type,url,_ctx-1
2023-04-04 02:25:04.472 UTC [TRACE] steampipe-plugin-hackernews.plugin: [TRACE] 1680575103757: deleted from pending, (hackernews-1680575103757) len 0
2023-04-04 02:25:04.472 UTC [TRACE] steampipe-plugin-hackernews.plugin: [TRACE] 1680575103757: pending bucket now empty - deleting key index__hackernewshackernews_new
2023-04-04 02:25:04.472 UTC [TRACE] steampipe-plugin-hackernews.plugin: [TRACE] 1680575103757: pendingItemComplete done (hackernews-1680575103757)
2023-04-04 02:25:04.472 UTC [TRACE] steampipe-plugin-hackernews.plugin: [TRACE] 1680575103757: cache set succeeded
2023-04-04 02:25:04.472 UTC [TRACE] steampipe-plugin-hackernews.plugin: [TRACE] 1680575103757: End execute span
2023-04-04 02:25:04.472 UTC [TRACE] steampipe-plugin-hackernews.plugin: [TRACE] 1680575103757: executeForConnection DEFER (hackernews-1680575103757)
2023-04-04 02:25:04.472 UTC [TRACE] steampipe-plugin-hackernews.plugin: [TRACE] 1680575103757: Execute complete callId: hackernews-1680575103757 table: hackernews_new
2023-04-04 02:25:04.472 UTC [TRACE] steampipe-plugin-hackernews.plugin: [TRACE] 1680575103757: executeForConnection hackernews returned
2023-04-04 02:25:04.472 UTC [TRACE] steampipe-plugin-hackernews.plugin: [TRACE] 1680575103757: output wg complete - send nil row
2023-04-04 02:25:04.472 UTC [TRACE] steampipe-plugin-hackernews.plugin: [TRACE] 1680575103757: empty row on output channel - we are done
2023-04-04 02:25:04.472 UTC [INFO]  steampipe-plugin-hackernews.plugin: [INFO]  1680575103757: Plugin Execute complete (1680575103757)
2023-04-04 02:25:04.489 UTC [INFO]  PluginManager Shutdown
2023-04-04 02:25:04.489 UTC [INFO]  PluginManager killing plugin csv (2003)
2023-04-04 02:25:04.489 UTC [TRACE] steampipe-plugin-csv.plugin: [TRACE] FLUSHING instrumentation
2023-04-04 02:25:04.489 UTC [TRACE] steampipe-plugin-csv.plugin: [TRACE] Shutdown instrumentation
2023-04-04 02:25:04.489 UTC [TRACE] receive error for connection 'csv': rpc error: code = Unavailable desc = error reading from server: EOF
2023-04-04 02:25:04.489 UTC [TRACE] cache listener received EOF for connection 'csv', returning
2023-04-04 02:25:04.489 UTC [DEBUG] stdio: received EOF, stopping recv loop: err="rpc error: code = Unavailable desc = error reading from server: EOF"
2023-04-04 02:25:04.502 UTC [TRACE] steampipe-plugin-csv.plugin: [TRACE] file watcher event [no events]   ""
2023-04-04 02:25:04.502 UTC [TRACE] steampipe-plugin-csv.plugin: [TRACE] file watcher event [no events]   ""
2023-04-04 02:25:04.502 UTC [TRACE] steampipe-plugin-csv.plugin: [TRACE] ignore file change [no events]   ""
2023-04-04 02:25:04.502 UTC [TRACE] steampipe-plugin-csv.plugin: [TRACE] handleEvent error <nil>
2023-04-04 02:25:04.503 UTC [INFO]  plugin process exited: path=/home/runner/.steampipe/plugins/hub.steampipe.io/plugins/turbot/csv@latest/steampipe-plugin-csv.plugin pid=2003
2023-04-04 02:25:04.503 UTC [DEBUG] plugin exited
2023-04-04 02:25:04.503 UTC [INFO]  PluginManager killing plugin hackernews (2028)
2023-04-04 02:25:04.508 UTC [TRACE] steampipe-plugin-hackernews.plugin: [TRACE] 1680575103757: FLUSHING instrumentation
2023-04-04 02:25:04.508 UTC [TRACE] steampipe-plugin-hackernews.plugin: [TRACE] 1680575103757: Shutdown instrumentation
2023-04-04 02:25:04.508 UTC [INFO]  plugin process exited: path=/home/runner/.steampipe/plugins/hub.steampipe.io/plugins/turbot/hackernews@latest/steampipe-plugin-hackernews.plugin pid=2028
2023-04-04 02:25:04.508 UTC [DEBUG] stdio: received EOF, stopping recv loop: err="rpc error: code = Unavailable desc = error reading from server: EOF"
2023-04-04 02:25:04.508 UTC [DEBUG] plugin exited
2023-04-04 02:28:05.648 UTC [ERROR] steampipe-plugin-csv.plugin: [ERROR] csv.tableCSV: header_parse_error=EOF path=/home/runner/work/steampipe-samples/steampipe-samples/all/hackernews/new_sc.csv header=[]
2023-04-04 02:28:05.648 UTC [ERROR] steampipe-plugin-csv.plugin: [ERROR] csv.PluginTables: create_table_error="failed to parse file header /home/runner/work/steampipe-samples/steampipe-samples/all/hackernews/new_sc.csv: EOF" path=/home/runner/work/steampipe-samples/steampipe-samples/all/hackernews/new_sc.csv
2023-04-04 02:28:05.668 UTC [WARN]  failed to set connection config: failed to parse file header /home/runner/work/steampipe-samples/steampipe-samples/all/hackernews/new_sc.csv: EOF
2023-04-04 02:28:19.347 UTC [ERROR] steampipe-plugin-csv.plugin: [ERROR] csv.tableCSV: header_parse_error=EOF path=/home/runner/work/steampipe-samples/steampipe-samples/all/hackernews/hn_items_all.csv header=[]
2023-04-04 02:28:19.347 UTC [ERROR] steampipe-plugin-csv.plugin: [ERROR] csv.PluginTables: create_table_error="failed to parse file header /home/runner/work/steampipe-samples/steampipe-samples/all/hackernews/hn_items_all.csv: EOF" path=/home/runner/work/steampipe-samples/steampipe-samples/all/hackernews/hn_items_all.csv
2023-04-04 02:28:19.365 UTC [WARN]  failed to set connection config: failed to parse file header /home/runner/work/steampipe-samples/steampipe-samples/all/hackernews/hn_items_all.csv: EOF
