2022-10-08 07:20:51.499 UTC [WARN]  PluginManager setPluginCacheSizeMap: 1 connection.
2022-10-08 07:20:51.499 UTC [WARN]  Total cache size 0Mb
2022-10-08 07:20:51.561 UTC [WARN]  plugin configured with a nil SecureConfig
2022-10-08 07:20:52.960 UTC [WARN]  PluginManager setPluginCacheSizeMap: 2 connections.
2022-10-08 07:20:52.960 UTC [WARN]  Total cache size 0Mb
2022-10-08 07:20:53.023 UTC [WARN]  plugin configured with a nil SecureConfig
2022-10-08 07:20:54.433 UTC [WARN]  PluginManager setPluginCacheSizeMap: 3 connections.
2022-10-08 07:20:54.433 UTC [WARN]  Total cache size 0Mb
2022-10-08 07:20:54.497 UTC [WARN]  plugin configured with a nil SecureConfig
2022-10-08 07:20:54.538 UTC [WARN]  plugin configured with a nil SecureConfig
2022-10-08 07:20:55.947 UTC [WARN]  PluginManager setPluginCacheSizeMap: 4 connections.
2022-10-08 07:20:55.947 UTC [WARN]  Total cache size 0Mb
2022-10-08 07:20:56.011 UTC [WARN]  plugin configured with a nil SecureConfig
2022-10-08 07:20:56.045 UTC [WARN]  plugin configured with a nil SecureConfig
2022-10-08 07:20:56.910 UTC [INFO]  starting plugin manager
2022-10-08 07:20:56.910 UTC [TRACE] loaded config map: csv,github,hackernews,net
2022-10-08 07:20:56.910 UTC [TRACE] NewPluginManager
2022-10-08 07:20:56.911 UTC [WARN]  PluginManager setPluginCacheSizeMap: 4 connections.
2022-10-08 07:20:56.911 UTC [WARN]  Total cache size 0Mb
2022-10-08 07:20:56.911 UTC [INFO]  starting connection watcher
2022-10-08 07:20:56.911 UTC [INFO]  created ConnectionWatcher
2022-10-08 07:20:56.911 UTC [TRACE] about to serve
2022-10-08 07:20:56.974 UTC [TRACE] PluginManager Get, connections: '[csv]'
2022-10-08 07:20:56.974 UTC [TRACE] PluginManager getPlugin hub.steampipe.io/plugins/turbot/csv@latest connection 'csv'
2022-10-08 07:20:56.974 UTC [TRACE] PluginManager 0xc00050e8c0 plugin hub.steampipe.io/plugins/turbot/csv@latest (csv) NOT started or starting - start now
2022-10-08 07:20:56.974 UTC [TRACE] ************ start plugin csv ********************
2022-10-08 07:20:56.974 UTC [WARN]  plugin configured with a nil SecureConfig
2022-10-08 07:20:56.974 UTC [DEBUG] starting plugin: path=/home/runner/.steampipe/plugins/hub.steampipe.io/plugins/turbot/csv@latest/steampipe-plugin-csv.plugin args=["/home/runner/.steampipe/plugins/hub.steampipe.io/plugins/turbot/csv@latest/steampipe-plugin-csv.plugin"]
2022-10-08 07:20:56.974 UTC [DEBUG] plugin started: path=/home/runner/.steampipe/plugins/hub.steampipe.io/plugins/turbot/csv@latest/steampipe-plugin-csv.plugin pid=1983
2022-10-08 07:20:56.974 UTC [DEBUG] waiting for RPC address: path=/home/runner/.steampipe/plugins/hub.steampipe.io/plugins/turbot/csv@latest/steampipe-plugin-csv.plugin
2022-10-08 07:20:56.983 UTC [INFO]  steampipe-plugin-csv.plugin: [INFO]  Initialise plugin 'steampipe-plugin-csv', using sdk version 4.1.7
2022-10-08 07:20:56.983 UTC [TRACE] steampipe-plugin-csv.plugin: [TRACE] no DefaultRetryConfig defined - creating empty
2022-10-08 07:20:56.983 UTC [TRACE] steampipe-plugin-csv.plugin: [TRACE] no DefaultIgnoreConfig defined - creating empty
2022-10-08 07:20:56.983 UTC [TRACE] steampipe-plugin-csv.plugin: [TRACE] Setting Ulimit: ulimit=2560
2022-10-08 07:20:56.984 UTC [TRACE] steampipe-plugin-csv.plugin: [TRACE] telemetry.Init service 'steampipe-plugin-csv', tracingEnabled: false, metricsEnabled: false
2022-10-08 07:20:56.984 UTC [TRACE] steampipe-plugin-csv.plugin: [TRACE] metrics and tracing disabled' - returning
2022-10-08 07:20:56.984 UTC [DEBUG] using plugin: version=0
2022-10-08 07:20:56.984 UTC [DEBUG] steampipe-plugin-csv.plugin: plugin address: address=/tmp/plugin3021640907 network=unix timestamp=2022-10-08T07:20:56.984Z
2022-10-08 07:20:56.984 UTC [TRACE] NewPluginClient for plugin hub.steampipe.io/plugins/turbot/csv@latest
2022-10-08 07:20:56.985 UTC [TRACE] stdio: waiting for stdio data
2022-10-08 07:20:56.986 UTC [TRACE] supportedOperations: query_cache:true multiple_connections:true
2022-10-08 07:20:56.986 UTC [TRACE] steampipe-plugin-csv.plugin: [TRACE] SetAllConnectionConfigs setting 1 configs
2022-10-08 07:20:56.986 UTC [TRACE] steampipe-plugin-csv.plugin: [TRACE] connection csv build schema and table map
2022-10-08 07:20:56.986 UTC [TRACE] steampipe-plugin-csv.plugin: [TRACE] initialise table /home/runner/work/steampipe-samples/steampipe-samples/all/hackernews/hn_items_all.csv
2022-10-08 07:20:56.986 UTC [TRACE] steampipe-plugin-csv.plugin: [TRACE] no DefaultRetryConfig defined - creating empty
2022-10-08 07:20:56.986 UTC [TRACE] steampipe-plugin-csv.plugin: [TRACE] no DefaultIgnoreConfig defined - creating empty
2022-10-08 07:20:56.986 UTC [TRACE] steampipe-plugin-csv.plugin: [TRACE] apply plugin defaults for DefaultRetryConfig
2022-10-08 07:20:56.986 UTC [TRACE] steampipe-plugin-csv.plugin: [TRACE] apply plugin defaults for DefaultIgnoreConfig, table &{<nil> <nil>} plugin &{<nil> <nil>}
2022-10-08 07:20:56.986 UTC [TRACE] steampipe-plugin-csv.plugin: [TRACE] DefaultRetryConfig:
2022-10-08 07:20:56.986 UTC [TRACE] steampipe-plugin-csv.plugin: [TRACE] DefaultIgnoreConfig:
2022-10-08 07:20:56.986 UTC [TRACE] steampipe-plugin-csv.plugin: [TRACE] t.List.initialise
2022-10-08 07:20:56.986 UTC [TRACE] steampipe-plugin-csv.plugin: [TRACE] ListConfig.initialise table /home/runner/work/steampipe-samples/steampipe-samples/all/hackernews/hn_items_all.csv
2022-10-08 07:20:56.986 UTC [TRACE] steampipe-plugin-csv.plugin: [TRACE] ListConfig.initialise complete: RetryConfig: , IgnoreConfig
2022-10-08 07:20:56.986 UTC [TRACE] steampipe-plugin-csv.plugin: [TRACE] back from initialiseHydrateConfigs
2022-10-08 07:20:56.986 UTC [TRACE] steampipe-plugin-csv.plugin: [TRACE] initialise table /home/runner/work/steampipe-samples/steampipe-samples/all/hackernews/hn_items_all.csv COMPLETE
2022-10-08 07:20:56.986 UTC [TRACE] steampipe-plugin-csv.plugin: [TRACE] initialise table /home/runner/work/steampipe-samples/steampipe-samples/all/hackernews/new_sc.csv
2022-10-08 07:20:56.986 UTC [TRACE] steampipe-plugin-csv.plugin: [TRACE] no DefaultRetryConfig defined - creating empty
2022-10-08 07:20:56.986 UTC [TRACE] steampipe-plugin-csv.plugin: [TRACE] no DefaultIgnoreConfig defined - creating empty
2022-10-08 07:20:56.986 UTC [TRACE] steampipe-plugin-csv.plugin: [TRACE] apply plugin defaults for DefaultRetryConfig
2022-10-08 07:20:56.986 UTC [TRACE] steampipe-plugin-csv.plugin: [TRACE] apply plugin defaults for DefaultIgnoreConfig, table &{<nil> <nil>} plugin &{<nil> <nil>}
2022-10-08 07:20:56.986 UTC [TRACE] steampipe-plugin-csv.plugin: [TRACE] DefaultRetryConfig:
2022-10-08 07:20:56.986 UTC [TRACE] steampipe-plugin-csv.plugin: [TRACE] DefaultIgnoreConfig:
2022-10-08 07:20:56.986 UTC [TRACE] steampipe-plugin-csv.plugin: [TRACE] t.List.initialise
2022-10-08 07:20:56.986 UTC [TRACE] steampipe-plugin-csv.plugin: [TRACE] ListConfig.initialise table /home/runner/work/steampipe-samples/steampipe-samples/all/hackernews/new_sc.csv
2022-10-08 07:20:56.986 UTC [TRACE] steampipe-plugin-csv.plugin: [TRACE] ListConfig.initialise complete: RetryConfig: , IgnoreConfig
2022-10-08 07:20:56.986 UTC [TRACE] steampipe-plugin-csv.plugin: [TRACE] back from initialiseHydrateConfigs
2022-10-08 07:20:56.986 UTC [TRACE] steampipe-plugin-csv.plugin: [TRACE] initialise table /home/runner/work/steampipe-samples/steampipe-samples/all/hackernews/new_sc.csv COMPLETE
2022-10-08 07:20:56.986 UTC [TRACE] steampipe-plugin-csv.plugin: [TRACE] initialise table /home/runner/work/steampipe-samples/steampipe-samples/all/hackernews/people.csv
2022-10-08 07:20:56.986 UTC [TRACE] steampipe-plugin-csv.plugin: [TRACE] no DefaultRetryConfig defined - creating empty
2022-10-08 07:20:56.986 UTC [TRACE] steampipe-plugin-csv.plugin: [TRACE] no DefaultIgnoreConfig defined - creating empty
2022-10-08 07:20:56.986 UTC [TRACE] steampipe-plugin-csv.plugin: [TRACE] apply plugin defaults for DefaultRetryConfig
2022-10-08 07:20:56.986 UTC [TRACE] steampipe-plugin-csv.plugin: [TRACE] apply plugin defaults for DefaultIgnoreConfig, table &{<nil> <nil>} plugin &{<nil> <nil>}
2022-10-08 07:20:56.986 UTC [TRACE] steampipe-plugin-csv.plugin: [TRACE] DefaultRetryConfig:
2022-10-08 07:20:56.986 UTC [TRACE] steampipe-plugin-csv.plugin: [TRACE] DefaultIgnoreConfig:
2022-10-08 07:20:56.986 UTC [TRACE] steampipe-plugin-csv.plugin: [TRACE] t.List.initialise
2022-10-08 07:20:56.986 UTC [TRACE] steampipe-plugin-csv.plugin: [TRACE] ListConfig.initialise table /home/runner/work/steampipe-samples/steampipe-samples/all/hackernews/people.csv
2022-10-08 07:20:56.986 UTC [TRACE] steampipe-plugin-csv.plugin: [TRACE] ListConfig.initialise complete: RetryConfig: , IgnoreConfig
2022-10-08 07:20:56.986 UTC [TRACE] steampipe-plugin-csv.plugin: [TRACE] back from initialiseHydrateConfigs
2022-10-08 07:20:56.986 UTC [TRACE] steampipe-plugin-csv.plugin: [TRACE] initialise table /home/runner/work/steampipe-samples/steampipe-samples/all/hackernews/people.csv COMPLETE
2022-10-08 07:20:56.986 UTC [TRACE] steampipe-plugin-csv.plugin: [TRACE] validate plugin steampipe-plugin-csv, required columns []
2022-10-08 07:20:56.986 UTC [TRACE] steampipe-plugin-csv.plugin: [TRACE] validate DefaultRetryConfig
2022-10-08 07:20:56.986 UTC [TRACE] steampipe-plugin-csv.plugin: [TRACE] validate DefaultIgnoreConfig
2022-10-08 07:20:56.986 UTC [TRACE] steampipe-plugin-csv.plugin: [TRACE] validate table names
2022-10-08 07:20:56.986 UTC [TRACE] steampipe-plugin-csv.plugin: [TRACE] plugin has 0 validation errors
2022-10-08 07:20:56.986 UTC [TRACE] steampipe-plugin-csv.plugin: [TRACE] Plugin ensureCache creating cache, maxCacheStorageMb 0
2022-10-08 07:20:56.986 UTC [TRACE] steampipe-plugin-csv.plugin: [TRACE] createCacheStore for plugin 'steampipe-plugin-csv' setting max size to 0Mb, Shards: 2, max shard size: 0
2022-10-08 07:20:56.999 UTC [INFO]  steampipe-plugin-csv.plugin: [INFO]  query cache created
2022-10-08 07:20:56.999 UTC [DEBUG] steampipe-plugin-csv.plugin: [DEBUG] SetAllConnectionConfigs finished
2022-10-08 07:20:56.999 UTC [TRACE] PluginManager getPlugin complete, returning reattach config with PID: 1983
2022-10-08 07:20:56.999 UTC [TRACE] PluginManager Get returning reattach_map:{key:"csv" value:{protocol:"grpc" addr:{Network:"unix" Address:"/tmp/plugin3021640907"} pid:1983 supported_operations:{query_cache:true multiple_connections:true} connections:"csv" plugin:"hub.steampipe.io/plugins/turbot/csv@latest"}}
2022-10-08 07:20:57.012 UTC [TRACE] handleFileWatcherEvent ignoring first event
2022-10-08 07:20:57.074 UTC [TRACE] PluginManager Get, connections: '[csv]'
2022-10-08 07:20:57.074 UTC [TRACE] PluginManager getPlugin hub.steampipe.io/plugins/turbot/csv@latest connection 'csv'
2022-10-08 07:20:57.074 UTC [TRACE] connection csv found in connectionPluginMap
2022-10-08 07:20:57.074 UTC [TRACE] initialized: 1983
2022-10-08 07:20:57.074 UTC [TRACE] initialized: 1983
2022-10-08 07:20:57.074 UTC [TRACE] connection csv is loaded, check for running PID
2022-10-08 07:20:57.074 UTC [TRACE] PluginManager found 'csv' in map, pid 1983
2022-10-08 07:20:57.075 UTC [TRACE] PluginManager Get returning reattach_map:{key:"csv" value:{protocol:"grpc" addr:{Network:"unix" Address:"/tmp/plugin3021640907"} pid:1983 supported_operations:{query_cache:true multiple_connections:true} connections:"csv" plugin:"hub.steampipe.io/plugins/turbot/csv@latest"}}
2022-10-08 07:20:57.219 UTC [TRACE] PluginManager Get, connections: '[hackernews]'
2022-10-08 07:20:57.219 UTC [TRACE] PluginManager getPlugin hub.steampipe.io/plugins/turbot/hackernews@latest connection 'hackernews'
2022-10-08 07:20:57.219 UTC [TRACE] PluginManager 0xc00050e8c0 plugin hub.steampipe.io/plugins/turbot/hackernews@latest (hackernews) NOT started or starting - start now
2022-10-08 07:20:57.219 UTC [TRACE] ************ start plugin hackernews ********************
2022-10-08 07:20:57.219 UTC [WARN]  plugin configured with a nil SecureConfig
2022-10-08 07:20:57.219 UTC [DEBUG] starting plugin: path=/home/runner/.steampipe/plugins/hub.steampipe.io/plugins/turbot/hackernews@latest/steampipe-plugin-hackernews.plugin args=["/home/runner/.steampipe/plugins/hub.steampipe.io/plugins/turbot/hackernews@latest/steampipe-plugin-hackernews.plugin"]
2022-10-08 07:20:57.219 UTC [DEBUG] plugin started: path=/home/runner/.steampipe/plugins/hub.steampipe.io/plugins/turbot/hackernews@latest/steampipe-plugin-hackernews.plugin pid=2010
2022-10-08 07:20:57.219 UTC [DEBUG] waiting for RPC address: path=/home/runner/.steampipe/plugins/hub.steampipe.io/plugins/turbot/hackernews@latest/steampipe-plugin-hackernews.plugin
2022-10-08 07:20:57.226 UTC [INFO]  steampipe-plugin-hackernews.plugin: [INFO]  Initialise plugin 'steampipe-plugin-hackernews', using sdk version 4.1.7
2022-10-08 07:20:57.226 UTC [TRACE] steampipe-plugin-hackernews.plugin: [TRACE] defaulting SchemaMode to SchemaModeStatic
2022-10-08 07:20:57.226 UTC [TRACE] steampipe-plugin-hackernews.plugin: [TRACE] no DefaultRetryConfig defined - creating empty
2022-10-08 07:20:57.226 UTC [TRACE] steampipe-plugin-hackernews.plugin: [TRACE] no DefaultIgnoreConfig defined - creating empty
2022-10-08 07:20:57.226 UTC [TRACE] steampipe-plugin-hackernews.plugin: [TRACE] Setting Ulimit: ulimit=2560
2022-10-08 07:20:57.226 UTC [TRACE] steampipe-plugin-hackernews.plugin: [TRACE] telemetry.Init service 'steampipe-plugin-hackernews', tracingEnabled: false, metricsEnabled: false
2022-10-08 07:20:57.226 UTC [TRACE] steampipe-plugin-hackernews.plugin: [TRACE] metrics and tracing disabled' - returning
2022-10-08 07:20:57.227 UTC [DEBUG] steampipe-plugin-hackernews.plugin: plugin address: address=/tmp/plugin2034327239 network=unix timestamp=2022-10-08T07:20:57.227Z
2022-10-08 07:20:57.227 UTC [DEBUG] using plugin: version=0
2022-10-08 07:20:57.227 UTC [TRACE] NewPluginClient for plugin hub.steampipe.io/plugins/turbot/hackernews@latest
2022-10-08 07:20:57.227 UTC [TRACE] stdio: waiting for stdio data
2022-10-08 07:20:57.228 UTC [TRACE] supportedOperations: query_cache:true multiple_connections:true
2022-10-08 07:20:57.228 UTC [TRACE] steampipe-plugin-hackernews.plugin: [TRACE] SetAllConnectionConfigs setting 1 configs
2022-10-08 07:20:57.228 UTC [TRACE] steampipe-plugin-hackernews.plugin: [TRACE] connection hackernews build schema and table map
2022-10-08 07:20:57.229 UTC [TRACE] steampipe-plugin-hackernews.plugin: [TRACE] initialise table hackernews_new
2022-10-08 07:20:57.229 UTC [TRACE] steampipe-plugin-hackernews.plugin: [TRACE] no DefaultRetryConfig defined - creating empty
2022-10-08 07:20:57.229 UTC [TRACE] steampipe-plugin-hackernews.plugin: [TRACE] no DefaultIgnoreConfig defined - creating empty
2022-10-08 07:20:57.229 UTC [TRACE] steampipe-plugin-hackernews.plugin: [TRACE] apply plugin defaults for DefaultRetryConfig
2022-10-08 07:20:57.229 UTC [TRACE] steampipe-plugin-hackernews.plugin: [TRACE] apply plugin defaults for DefaultIgnoreConfig, table &{<nil> <nil>} plugin &{<nil> <nil>}
2022-10-08 07:20:57.229 UTC [TRACE] steampipe-plugin-hackernews.plugin: [TRACE] DefaultRetryConfig:
2022-10-08 07:20:57.229 UTC [TRACE] steampipe-plugin-hackernews.plugin: [TRACE] DefaultIgnoreConfig:
2022-10-08 07:20:57.229 UTC [TRACE] steampipe-plugin-hackernews.plugin: [TRACE] t.Get.initialise
2022-10-08 07:20:57.229 UTC [TRACE] steampipe-plugin-hackernews.plugin: [TRACE] GetConfig.initialise table hackernews_new
2022-10-08 07:20:57.229 UTC [TRACE] steampipe-plugin-hackernews.plugin: [TRACE] GetConfig.initialise complete: RetryConfig: , IgnoreConfig:
2022-10-08 07:20:57.229 UTC [TRACE] steampipe-plugin-hackernews.plugin: [TRACE] t.List.initialise
2022-10-08 07:20:57.229 UTC [TRACE] steampipe-plugin-hackernews.plugin: [TRACE] ListConfig.initialise table hackernews_new
2022-10-08 07:20:57.229 UTC [TRACE] steampipe-plugin-hackernews.plugin: [TRACE] ListConfig.initialise complete: RetryConfig: , IgnoreConfig
2022-10-08 07:20:57.229 UTC [TRACE] steampipe-plugin-hackernews.plugin: [TRACE] HydrateConfig.initialise func getItem, table hackernews_new
2022-10-08 07:20:57.229 UTC [TRACE] steampipe-plugin-hackernews.plugin: [TRACE] HydrateConfig.initialise complete: RetryConfig: , IgnoreConfig:
2022-10-08 07:20:57.229 UTC [TRACE] steampipe-plugin-hackernews.plugin: [TRACE] back from initialiseHydrateConfigs
2022-10-08 07:20:57.229 UTC [TRACE] steampipe-plugin-hackernews.plugin: [TRACE] initialise table hackernews_new COMPLETE
2022-10-08 07:20:57.229 UTC [TRACE] steampipe-plugin-hackernews.plugin: [TRACE] initialise table hackernews_show_hn
2022-10-08 07:20:57.229 UTC [TRACE] steampipe-plugin-hackernews.plugin: [TRACE] no DefaultRetryConfig defined - creating empty
2022-10-08 07:20:57.229 UTC [TRACE] steampipe-plugin-hackernews.plugin: [TRACE] no DefaultIgnoreConfig defined - creating empty
2022-10-08 07:20:57.229 UTC [TRACE] steampipe-plugin-hackernews.plugin: [TRACE] apply plugin defaults for DefaultRetryConfig
2022-10-08 07:20:57.229 UTC [TRACE] steampipe-plugin-hackernews.plugin: [TRACE] apply plugin defaults for DefaultIgnoreConfig, table &{<nil> <nil>} plugin &{<nil> <nil>}
2022-10-08 07:20:57.229 UTC [TRACE] steampipe-plugin-hackernews.plugin: [TRACE] DefaultRetryConfig:
2022-10-08 07:20:57.229 UTC [TRACE] steampipe-plugin-hackernews.plugin: [TRACE] DefaultIgnoreConfig:
2022-10-08 07:20:57.229 UTC [TRACE] steampipe-plugin-hackernews.plugin: [TRACE] t.Get.initialise
2022-10-08 07:20:57.229 UTC [TRACE] steampipe-plugin-hackernews.plugin: [TRACE] GetConfig.initialise table hackernews_show_hn
2022-10-08 07:20:57.229 UTC [TRACE] steampipe-plugin-hackernews.plugin: [TRACE] GetConfig.initialise complete: RetryConfig: , IgnoreConfig:
2022-10-08 07:20:57.229 UTC [TRACE] steampipe-plugin-hackernews.plugin: [TRACE] t.List.initialise
2022-10-08 07:20:57.229 UTC [TRACE] steampipe-plugin-hackernews.plugin: [TRACE] ListConfig.initialise table hackernews_show_hn
2022-10-08 07:20:57.229 UTC [TRACE] steampipe-plugin-hackernews.plugin: [TRACE] ListConfig.initialise complete: RetryConfig: , IgnoreConfig
2022-10-08 07:20:57.229 UTC [TRACE] steampipe-plugin-hackernews.plugin: [TRACE] HydrateConfig.initialise func getItem, table hackernews_show_hn
2022-10-08 07:20:57.229 UTC [TRACE] steampipe-plugin-hackernews.plugin: [TRACE] HydrateConfig.initialise complete: RetryConfig: , IgnoreConfig:
2022-10-08 07:20:57.229 UTC [TRACE] steampipe-plugin-hackernews.plugin: [TRACE] back from initialiseHydrateConfigs
2022-10-08 07:20:57.229 UTC [TRACE] steampipe-plugin-hackernews.plugin: [TRACE] initialise table hackernews_show_hn COMPLETE
2022-10-08 07:20:57.229 UTC [TRACE] steampipe-plugin-hackernews.plugin: [TRACE] initialise table hackernews_top
2022-10-08 07:20:57.229 UTC [TRACE] steampipe-plugin-hackernews.plugin: [TRACE] no DefaultRetryConfig defined - creating empty
2022-10-08 07:20:57.229 UTC [TRACE] steampipe-plugin-hackernews.plugin: [TRACE] no DefaultIgnoreConfig defined - creating empty
2022-10-08 07:20:57.229 UTC [TRACE] steampipe-plugin-hackernews.plugin: [TRACE] apply plugin defaults for DefaultRetryConfig
2022-10-08 07:20:57.229 UTC [TRACE] steampipe-plugin-hackernews.plugin: [TRACE] apply plugin defaults for DefaultIgnoreConfig, table &{<nil> <nil>} plugin &{<nil> <nil>}
2022-10-08 07:20:57.229 UTC [TRACE] steampipe-plugin-hackernews.plugin: [TRACE] DefaultRetryConfig:
2022-10-08 07:20:57.229 UTC [TRACE] steampipe-plugin-hackernews.plugin: [TRACE] DefaultIgnoreConfig:
2022-10-08 07:20:57.229 UTC [TRACE] steampipe-plugin-hackernews.plugin: [TRACE] t.Get.initialise
2022-10-08 07:20:57.229 UTC [TRACE] steampipe-plugin-hackernews.plugin: [TRACE] GetConfig.initialise table hackernews_top
2022-10-08 07:20:57.229 UTC [TRACE] steampipe-plugin-hackernews.plugin: [TRACE] GetConfig.initialise complete: RetryConfig: , IgnoreConfig:
2022-10-08 07:20:57.229 UTC [TRACE] steampipe-plugin-hackernews.plugin: [TRACE] t.List.initialise
2022-10-08 07:20:57.229 UTC [TRACE] steampipe-plugin-hackernews.plugin: [TRACE] ListConfig.initialise table hackernews_top
2022-10-08 07:20:57.229 UTC [TRACE] steampipe-plugin-hackernews.plugin: [TRACE] ListConfig.initialise complete: RetryConfig: , IgnoreConfig
2022-10-08 07:20:57.229 UTC [TRACE] steampipe-plugin-hackernews.plugin: [TRACE] HydrateConfig.initialise func getItem, table hackernews_top
2022-10-08 07:20:57.229 UTC [TRACE] steampipe-plugin-hackernews.plugin: [TRACE] HydrateConfig.initialise complete: RetryConfig: , IgnoreConfig:
2022-10-08 07:20:57.229 UTC [TRACE] steampipe-plugin-hackernews.plugin: [TRACE] back from initialiseHydrateConfigs
2022-10-08 07:20:57.229 UTC [TRACE] steampipe-plugin-hackernews.plugin: [TRACE] initialise table hackernews_top COMPLETE
2022-10-08 07:20:57.229 UTC [TRACE] steampipe-plugin-hackernews.plugin: [TRACE] initialise table hackernews_user
2022-10-08 07:20:57.229 UTC [TRACE] steampipe-plugin-hackernews.plugin: [TRACE] no DefaultRetryConfig defined - creating empty
2022-10-08 07:20:57.229 UTC [TRACE] steampipe-plugin-hackernews.plugin: [TRACE] no DefaultIgnoreConfig defined - creating empty
2022-10-08 07:20:57.229 UTC [TRACE] steampipe-plugin-hackernews.plugin: [TRACE] apply plugin defaults for DefaultRetryConfig
2022-10-08 07:20:57.229 UTC [TRACE] steampipe-plugin-hackernews.plugin: [TRACE] apply plugin defaults for DefaultIgnoreConfig, table &{<nil> <nil>} plugin &{<nil> <nil>}
2022-10-08 07:20:57.229 UTC [TRACE] steampipe-plugin-hackernews.plugin: [TRACE] DefaultRetryConfig:
2022-10-08 07:20:57.229 UTC [TRACE] steampipe-plugin-hackernews.plugin: [TRACE] DefaultIgnoreConfig:
2022-10-08 07:20:57.229 UTC [TRACE] steampipe-plugin-hackernews.plugin: [TRACE] t.List.initialise
2022-10-08 07:20:57.229 UTC [TRACE] steampipe-plugin-hackernews.plugin: [TRACE] ListConfig.initialise table hackernews_user
2022-10-08 07:20:57.229 UTC [TRACE] steampipe-plugin-hackernews.plugin: [TRACE] ListConfig.initialise complete: RetryConfig: , IgnoreConfig
2022-10-08 07:20:57.229 UTC [TRACE] steampipe-plugin-hackernews.plugin: [TRACE] back from initialiseHydrateConfigs
2022-10-08 07:20:57.229 UTC [TRACE] steampipe-plugin-hackernews.plugin: [TRACE] initialise table hackernews_user COMPLETE
2022-10-08 07:20:57.229 UTC [TRACE] steampipe-plugin-hackernews.plugin: [TRACE] initialise table hackernews_ask_hn
2022-10-08 07:20:57.229 UTC [TRACE] steampipe-plugin-hackernews.plugin: [TRACE] no DefaultRetryConfig defined - creating empty
2022-10-08 07:20:57.229 UTC [TRACE] steampipe-plugin-hackernews.plugin: [TRACE] no DefaultIgnoreConfig defined - creating empty
2022-10-08 07:20:57.229 UTC [TRACE] steampipe-plugin-hackernews.plugin: [TRACE] apply plugin defaults for DefaultRetryConfig
2022-10-08 07:20:57.229 UTC [TRACE] steampipe-plugin-hackernews.plugin: [TRACE] apply plugin defaults for DefaultIgnoreConfig, table &{<nil> <nil>} plugin &{<nil> <nil>}
2022-10-08 07:20:57.229 UTC [TRACE] steampipe-plugin-hackernews.plugin: [TRACE] DefaultRetryConfig:
2022-10-08 07:20:57.229 UTC [TRACE] steampipe-plugin-hackernews.plugin: [TRACE] DefaultIgnoreConfig:
2022-10-08 07:20:57.229 UTC [TRACE] steampipe-plugin-hackernews.plugin: [TRACE] t.Get.initialise
2022-10-08 07:20:57.229 UTC [TRACE] steampipe-plugin-hackernews.plugin: [TRACE] GetConfig.initialise table hackernews_ask_hn
2022-10-08 07:20:57.229 UTC [TRACE] steampipe-plugin-hackernews.plugin: [TRACE] GetConfig.initialise complete: RetryConfig: , IgnoreConfig:
2022-10-08 07:20:57.229 UTC [TRACE] steampipe-plugin-hackernews.plugin: [TRACE] t.List.initialise
2022-10-08 07:20:57.229 UTC [TRACE] steampipe-plugin-hackernews.plugin: [TRACE] ListConfig.initialise table hackernews_ask_hn
2022-10-08 07:20:57.229 UTC [TRACE] steampipe-plugin-hackernews.plugin: [TRACE] ListConfig.initialise complete: RetryConfig: , IgnoreConfig
2022-10-08 07:20:57.229 UTC [TRACE] steampipe-plugin-hackernews.plugin: [TRACE] HydrateConfig.initialise func getItem, table hackernews_ask_hn
2022-10-08 07:20:57.229 UTC [TRACE] steampipe-plugin-hackernews.plugin: [TRACE] HydrateConfig.initialise complete: RetryConfig: , IgnoreConfig:
2022-10-08 07:20:57.229 UTC [TRACE] steampipe-plugin-hackernews.plugin: [TRACE] back from initialiseHydrateConfigs
2022-10-08 07:20:57.229 UTC [TRACE] steampipe-plugin-hackernews.plugin: [TRACE] initialise table hackernews_ask_hn COMPLETE
2022-10-08 07:20:57.229 UTC [TRACE] steampipe-plugin-hackernews.plugin: [TRACE] initialise table hackernews_best
2022-10-08 07:20:57.229 UTC [TRACE] steampipe-plugin-hackernews.plugin: [TRACE] no DefaultRetryConfig defined - creating empty
2022-10-08 07:20:57.229 UTC [TRACE] steampipe-plugin-hackernews.plugin: [TRACE] no DefaultIgnoreConfig defined - creating empty
2022-10-08 07:20:57.229 UTC [TRACE] steampipe-plugin-hackernews.plugin: [TRACE] apply plugin defaults for DefaultRetryConfig
2022-10-08 07:20:57.229 UTC [TRACE] steampipe-plugin-hackernews.plugin: [TRACE] apply plugin defaults for DefaultIgnoreConfig, table &{<nil> <nil>} plugin &{<nil> <nil>}
2022-10-08 07:20:57.229 UTC [TRACE] steampipe-plugin-hackernews.plugin: [TRACE] DefaultRetryConfig:
2022-10-08 07:20:57.229 UTC [TRACE] steampipe-plugin-hackernews.plugin: [TRACE] DefaultIgnoreConfig:
2022-10-08 07:20:57.229 UTC [TRACE] steampipe-plugin-hackernews.plugin: [TRACE] t.Get.initialise
2022-10-08 07:20:57.229 UTC [TRACE] steampipe-plugin-hackernews.plugin: [TRACE] GetConfig.initialise table hackernews_best
2022-10-08 07:20:57.229 UTC [TRACE] steampipe-plugin-hackernews.plugin: [TRACE] GetConfig.initialise complete: RetryConfig: , IgnoreConfig:
2022-10-08 07:20:57.229 UTC [TRACE] steampipe-plugin-hackernews.plugin: [TRACE] t.List.initialise
2022-10-08 07:20:57.229 UTC [TRACE] steampipe-plugin-hackernews.plugin: [TRACE] ListConfig.initialise table hackernews_best
2022-10-08 07:20:57.229 UTC [TRACE] steampipe-plugin-hackernews.plugin: [TRACE] ListConfig.initialise complete: RetryConfig: , IgnoreConfig
2022-10-08 07:20:57.229 UTC [TRACE] steampipe-plugin-hackernews.plugin: [TRACE] HydrateConfig.initialise func getItem, table hackernews_best
2022-10-08 07:20:57.229 UTC [TRACE] steampipe-plugin-hackernews.plugin: [TRACE] HydrateConfig.initialise complete: RetryConfig: , IgnoreConfig:
2022-10-08 07:20:57.229 UTC [TRACE] steampipe-plugin-hackernews.plugin: [TRACE] back from initialiseHydrateConfigs
2022-10-08 07:20:57.229 UTC [TRACE] steampipe-plugin-hackernews.plugin: [TRACE] initialise table hackernews_best COMPLETE
2022-10-08 07:20:57.229 UTC [TRACE] steampipe-plugin-hackernews.plugin: [TRACE] initialise table hackernews_item
2022-10-08 07:20:57.229 UTC [TRACE] steampipe-plugin-hackernews.plugin: [TRACE] no DefaultRetryConfig defined - creating empty
2022-10-08 07:20:57.229 UTC [TRACE] steampipe-plugin-hackernews.plugin: [TRACE] no DefaultIgnoreConfig defined - creating empty
2022-10-08 07:20:57.229 UTC [TRACE] steampipe-plugin-hackernews.plugin: [TRACE] apply plugin defaults for DefaultRetryConfig
2022-10-08 07:20:57.229 UTC [TRACE] steampipe-plugin-hackernews.plugin: [TRACE] apply plugin defaults for DefaultIgnoreConfig, table &{<nil> <nil>} plugin &{<nil> <nil>}
2022-10-08 07:20:57.229 UTC [TRACE] steampipe-plugin-hackernews.plugin: [TRACE] DefaultRetryConfig:
2022-10-08 07:20:57.229 UTC [TRACE] steampipe-plugin-hackernews.plugin: [TRACE] DefaultIgnoreConfig:
2022-10-08 07:20:57.229 UTC [TRACE] steampipe-plugin-hackernews.plugin: [TRACE] t.Get.initialise
2022-10-08 07:20:57.229 UTC [TRACE] steampipe-plugin-hackernews.plugin: [TRACE] GetConfig.initialise table hackernews_item
2022-10-08 07:20:57.229 UTC [TRACE] steampipe-plugin-hackernews.plugin: [TRACE] GetConfig.initialise complete: RetryConfig: , IgnoreConfig:
2022-10-08 07:20:57.229 UTC [TRACE] steampipe-plugin-hackernews.plugin: [TRACE] t.List.initialise
2022-10-08 07:20:57.229 UTC [TRACE] steampipe-plugin-hackernews.plugin: [TRACE] ListConfig.initialise table hackernews_item
2022-10-08 07:20:57.229 UTC [TRACE] steampipe-plugin-hackernews.plugin: [TRACE] ListConfig.initialise complete: RetryConfig: , IgnoreConfig
2022-10-08 07:20:57.229 UTC [TRACE] steampipe-plugin-hackernews.plugin: [TRACE] HydrateConfig.initialise func getItem, table hackernews_item
2022-10-08 07:20:57.229 UTC [TRACE] steampipe-plugin-hackernews.plugin: [TRACE] HydrateConfig.initialise complete: RetryConfig: , IgnoreConfig:
2022-10-08 07:20:57.229 UTC [TRACE] steampipe-plugin-hackernews.plugin: [TRACE] back from initialiseHydrateConfigs
2022-10-08 07:20:57.229 UTC [TRACE] steampipe-plugin-hackernews.plugin: [TRACE] initialise table hackernews_item COMPLETE
2022-10-08 07:20:57.229 UTC [TRACE] steampipe-plugin-hackernews.plugin: [TRACE] initialise table hackernews_job
2022-10-08 07:20:57.229 UTC [TRACE] steampipe-plugin-hackernews.plugin: [TRACE] no DefaultRetryConfig defined - creating empty
2022-10-08 07:20:57.229 UTC [TRACE] steampipe-plugin-hackernews.plugin: [TRACE] no DefaultIgnoreConfig defined - creating empty
2022-10-08 07:20:57.229 UTC [TRACE] steampipe-plugin-hackernews.plugin: [TRACE] apply plugin defaults for DefaultRetryConfig
2022-10-08 07:20:57.229 UTC [TRACE] steampipe-plugin-hackernews.plugin: [TRACE] apply plugin defaults for DefaultIgnoreConfig, table &{<nil> <nil>} plugin &{<nil> <nil>}
2022-10-08 07:20:57.229 UTC [TRACE] steampipe-plugin-hackernews.plugin: [TRACE] DefaultRetryConfig:
2022-10-08 07:20:57.229 UTC [TRACE] steampipe-plugin-hackernews.plugin: [TRACE] DefaultIgnoreConfig:
2022-10-08 07:20:57.229 UTC [TRACE] steampipe-plugin-hackernews.plugin: [TRACE] t.Get.initialise
2022-10-08 07:20:57.229 UTC [TRACE] steampipe-plugin-hackernews.plugin: [TRACE] GetConfig.initialise table hackernews_job
2022-10-08 07:20:57.229 UTC [TRACE] steampipe-plugin-hackernews.plugin: [TRACE] GetConfig.initialise complete: RetryConfig: , IgnoreConfig:
2022-10-08 07:20:57.229 UTC [TRACE] steampipe-plugin-hackernews.plugin: [TRACE] t.List.initialise
2022-10-08 07:20:57.229 UTC [TRACE] steampipe-plugin-hackernews.plugin: [TRACE] ListConfig.initialise table hackernews_job
2022-10-08 07:20:57.229 UTC [TRACE] steampipe-plugin-hackernews.plugin: [TRACE] ListConfig.initialise complete: RetryConfig: , IgnoreConfig
2022-10-08 07:20:57.229 UTC [TRACE] steampipe-plugin-hackernews.plugin: [TRACE] HydrateConfig.initialise func getItem, table hackernews_job
2022-10-08 07:20:57.229 UTC [TRACE] steampipe-plugin-hackernews.plugin: [TRACE] HydrateConfig.initialise complete: RetryConfig: , IgnoreConfig:
2022-10-08 07:20:57.229 UTC [TRACE] steampipe-plugin-hackernews.plugin: [TRACE] back from initialiseHydrateConfigs
2022-10-08 07:20:57.229 UTC [TRACE] steampipe-plugin-hackernews.plugin: [TRACE] initialise table hackernews_job COMPLETE
2022-10-08 07:20:57.229 UTC [TRACE] steampipe-plugin-hackernews.plugin: [TRACE] validate plugin steampipe-plugin-hackernews, required columns []
2022-10-08 07:20:57.229 UTC [TRACE] steampipe-plugin-hackernews.plugin: [TRACE] validate DefaultRetryConfig
2022-10-08 07:20:57.229 UTC [TRACE] steampipe-plugin-hackernews.plugin: [TRACE] validate DefaultIgnoreConfig
2022-10-08 07:20:57.229 UTC [TRACE] steampipe-plugin-hackernews.plugin: [TRACE] validate table names
2022-10-08 07:20:57.229 UTC [TRACE] steampipe-plugin-hackernews.plugin: [TRACE] plugin has 0 validation errors
2022-10-08 07:20:57.229 UTC [TRACE] steampipe-plugin-hackernews.plugin: [TRACE] Plugin ensureCache creating cache, maxCacheStorageMb 0
2022-10-08 07:20:57.229 UTC [TRACE] steampipe-plugin-hackernews.plugin: [TRACE] createCacheStore for plugin 'steampipe-plugin-hackernews' setting max size to 0Mb, Shards: 2, max shard size: 0
2022-10-08 07:20:57.244 UTC [INFO]  steampipe-plugin-hackernews.plugin: [INFO]  query cache created
2022-10-08 07:20:57.244 UTC [DEBUG] steampipe-plugin-hackernews.plugin: [DEBUG] SetAllConnectionConfigs finished
2022-10-08 07:20:57.244 UTC [TRACE] PluginManager getPlugin complete, returning reattach config with PID: 2010
2022-10-08 07:20:57.244 UTC [TRACE] PluginManager Get returning reattach_map:{key:"hackernews" value:{protocol:"grpc" addr:{Network:"unix" Address:"/tmp/plugin2034327239"} pid:2010 supported_operations:{query_cache:true multiple_connections:true} connections:"hackernews" plugin:"hub.steampipe.io/plugins/turbot/hackernews@latest"}}
2022-10-08 07:20:57.248 UTC [INFO]  steampipe-plugin-hackernews.plugin: [INFO]  166521365739: Plugin Execute (166521365739)
2022-10-08 07:20:57.248 UTC [TRACE] steampipe-plugin-hackernews.plugin: [TRACE] 166521365739: No memory limit set
2022-10-08 07:20:57.248 UTC [INFO]  steampipe-plugin-hackernews.plugin: [INFO]  166521365739: Plugin Execute, setting memory limit to -1Mb
2022-10-08 07:20:57.248 UTC [TRACE] steampipe-plugin-hackernews.plugin: [TRACE] 166521365739: calling ExtractContextFromCarrier
2022-10-08 07:20:57.248 UTC [INFO]  steampipe-plugin-hackernews.plugin: [INFO]  166521365739: Setting max concurrent connections to 25
2022-10-08 07:20:57.248 UTC [TRACE] steampipe-plugin-hackernews.plugin: [TRACE] 166521365739: executeForConnection callId: 166521365739, connectionCallId: hackernews-166521365739, connection: hackernews table: hackernews_new cols: id,title,time,by,score,dead,deleted,descendants,kids,parent,parts,poll,text,type,url,_ctx
2022-10-08 07:20:57.248 UTC [TRACE] steampipe-plugin-hackernews.plugin: [TRACE] 166521365739: got connection data
2022-10-08 07:20:57.248 UTC [TRACE] steampipe-plugin-hackernews.plugin: [TRACE] 166521365739: Got query context, table: hackernews_new, cols: [id title time by score dead deleted descendants kids parent parts poll text type url _ctx]
2022-10-08 07:20:57.248 UTC [TRACE] steampipe-plugin-hackernews.plugin: [TRACE] 166521365739: Start execute span
2022-10-08 07:20:57.248 UTC [INFO]  steampipe-plugin-hackernews.plugin: [INFO]  166521365739: Setting free memory interval to 100 rows
2022-10-08 07:20:57.248 UTC [TRACE] steampipe-plugin-hackernews.plugin: [TRACE] 166521365739: setFetchType map[time:quals:{fieldName:"time"  string_value:">"  value:{timestamp_value:{seconds:1665210057  nanos:204249000}}}]
2022-10-08 07:20:57.249 UTC [TRACE] steampipe-plugin-hackernews.plugin: [TRACE] 166521365739: getMatchingQuals column:'id' operator: =
2022-10-08 07:20:57.249 UTC [TRACE] steampipe-plugin-hackernews.plugin: [TRACE] 166521365739: getMatchingQuals returning false - qualMap does not contain any quals for column id
2022-10-08 07:20:57.249 UTC [TRACE] steampipe-plugin-hackernews.plugin: [TRACE] 166521365739: GetUnsatisfiedKeyColumns for columns column:'id' operator: =
2022-10-08 07:20:57.250 UTC [TRACE] steampipe-plugin-hackernews.plugin: [TRACE] 166521365739: key column NOT satisfied column:'id' operator: =
2022-10-08 07:20:57.250 UTC [TRACE] steampipe-plugin-hackernews.plugin: [TRACE] 166521365739: satisfied: map[any_of: optional: required:]
2022-10-08 07:20:57.250 UTC [TRACE] steampipe-plugin-hackernews.plugin: [TRACE] 166521365739: unsatisfied: map[any_of: optional: required:column:'id' operator: =]
2022-10-08 07:20:57.250 UTC [TRACE] steampipe-plugin-hackernews.plugin: [TRACE] 166521365739: unsatisfied required KeyColumns: column:'id' operator: =
2022-10-08 07:20:57.250 UTC [TRACE] steampipe-plugin-hackernews.plugin: [TRACE] 166521365739: Set fetchType to fetchTypeList
2022-10-08 07:20:57.250 UTC [TRACE] steampipe-plugin-hackernews.plugin: [TRACE] 166521365739: Equals key column quals:
2022-10-08 07:20:57.250 UTC [DEBUG] steampipe-plugin-hackernews.plugin: {}
2022-10-08 07:20:57.250 UTC [TRACE] steampipe-plugin-hackernews.plugin: [TRACE] 166521365739: All key column quals:
2022-10-08 07:20:57.250 UTC [DEBUG] steampipe-plugin-hackernews.plugin: {}
2022-10-08 07:20:57.250 UTC [TRACE] steampipe-plugin-hackernews.plugin: [TRACE] 166521365739: GetMatrixItem
2022-10-08 07:20:57.250 UTC [TRACE] steampipe-plugin-hackernews.plugin: [TRACE] 166521365739: creating query data
2022-10-08 07:20:57.250 UTC [INFO]  steampipe-plugin-hackernews.plugin: [INFO]  166521365739: cacheEnabled, trying cache get (hackernews-166521365739)
2022-10-08 07:20:57.250 UTC [TRACE] steampipe-plugin-hackernews.plugin: [TRACE] 166521365739: QueryCache Get - indexBucketKey index__hackernewshackernews_new, quals
2022-10-08 07:20:57.251 UTC [TRACE] steampipe-plugin-hackernews.plugin: [TRACE] 166521365739: QueryCache getCachedQueryResult - table hackernews_new, connectionName hackernews
2022-10-08 07:20:57.251 UTC [TRACE] steampipe-plugin-hackernews.plugin: [TRACE] 166521365739: index bucket key: index__hackernewshackernews_new ttlSeconds 300 limit: -1
2022-10-08 07:20:57.251 UTC [TRACE] steampipe-plugin-hackernews.plugin: [TRACE] 166521365739: doGet cache miss
2022-10-08 07:20:57.251 UTC [TRACE] steampipe-plugin-hackernews.plugin: [TRACE] 166521365739: getCachedIndexBucket - no item retrieved for cache key index__hackernewshackernews_new
2022-10-08 07:20:57.251 UTC [TRACE] steampipe-plugin-hackernews.plugin: [TRACE] 166521365739: getCachedQueryResult returned CACHE MISS - checking for pending transfers
2022-10-08 07:20:57.251 UTC [TRACE] steampipe-plugin-hackernews.plugin: [TRACE] 166521365739: getPendingResultItem indexBucketKey index__hackernewshackernews_new, columns [id title time by score dead deleted descendants kids parent parts poll text type url _ctx], limit -1
2022-10-08 07:20:57.251 UTC [TRACE] steampipe-plugin-hackernews.plugin: [TRACE] 166521365739: no pending index item - add pending result, indexBucketKey index__hackernewshackernews_new
2022-10-08 07:20:57.251 UTC [TRACE] steampipe-plugin-hackernews.plugin: [TRACE] 166521365739: addPendingResult (hackernews-166521365739) indexBucketKey index__hackernewshackernews_new, columns [id title time by score dead deleted descendants kids parent parts poll text type url _ctx], limit -1
2022-10-08 07:20:57.251 UTC [TRACE] steampipe-plugin-hackernews.plugin: [TRACE] 166521365739: no index bucket found - creating one
2022-10-08 07:20:57.251 UTC [TRACE] steampipe-plugin-hackernews.plugin: [TRACE] 166521365739: pendingIndexItem Lock count before 0
2022-10-08 07:20:57.251 UTC [TRACE] steampipe-plugin-hackernews.plugin: [TRACE] 166521365739: addPendingResult added pending index item to bucket, (hackernews-166521365739) indexBucketKey index__hackernewshackernews_new, resultKeyRoot hackernewshackernews_newid,title,time,by,score,dead,deleted,descendants,kids,parent,parts,poll,text,type,url,_ctx-1, pending item : 0xc00044a840
2022-10-08 07:20:57.251 UTC [TRACE] steampipe-plugin-hackernews.plugin: [TRACE] 166521365739: **** pending items (hackernews-166521365739)****
2022-10-08 07:20:57.251 UTC [TRACE] steampipe-plugin-hackernews.plugin: [TRACE] 166521365739: key: index__hackernewshackernews_new: item: 0xc00044a840, count: 1, key:hackernewshackernews_newid,title,time,by,score,dead,deleted,descendants,kids,parent,parts,poll,text,type,url,_ctx-1
2022-10-08 07:20:57.251 UTC [TRACE] steampipe-plugin-hackernews.plugin: [TRACE] 166521365739: ********
2022-10-08 07:20:57.251 UTC [TRACE] steampipe-plugin-hackernews.plugin: [TRACE] 166521365739: getPendingResultItem returning <nil>
2022-10-08 07:20:57.251 UTC [INFO]  steampipe-plugin-hackernews.plugin: [INFO]  166521365739: CACHE MISS
2022-10-08 07:20:57.251 UTC [TRACE] steampipe-plugin-hackernews.plugin: [TRACE] 166521365739: cache MISS
2022-10-08 07:20:57.251 UTC [INFO]  steampipe-plugin-hackernews.plugin: [INFO]  166521365739: queryCacheGet returned CACHE MISS (hackernews-166521365739)
2022-10-08 07:20:57.251 UTC [TRACE] steampipe-plugin-hackernews.plugin: [TRACE] 166521365739: StartSet (hackernews-166521365739)
2022-10-08 07:20:57.251 UTC [TRACE] steampipe-plugin-hackernews.plugin: [TRACE] 166521365739: calling fetchItems, table: hackernews_new, matrixItem: [], limit: -1,  connectionCallId: hackernews-166521365739"
2022-10-08 07:20:57.251 UTC [TRACE] steampipe-plugin-hackernews.plugin: [TRACE] 166521365739: buildRowsAsync connectionCallId: hackernews-166521365739
2022-10-08 07:20:57.251 UTC [TRACE] steampipe-plugin-hackernews.plugin: [TRACE] 166521365739: streamRows connectionCallId: hackernews-166521365739
2022-10-08 07:20:57.251 UTC [TRACE] steampipe-plugin-hackernews.plugin: [TRACE] 166521365739: QueryData streamRows (hackernews-166521365739)
2022-10-08 07:20:57.251 UTC [TRACE] steampipe-plugin-hackernews.plugin: [TRACE] 166521365739: executeListCall START (hackernews-166521365739)
2022-10-08 07:20:57.251 UTC [TRACE] steampipe-plugin-hackernews.plugin: [TRACE] 166521365739: GetUnsatisfiedKeyColumns for columns
2022-10-08 07:20:57.251 UTC [TRACE] steampipe-plugin-hackernews.plugin: [TRACE] 166521365739: doList (hackernews-166521365739)
2022-10-08 07:20:57.251 UTC [TRACE] steampipe-plugin-hackernews.plugin: [TRACE] 166521365739: doList: no matrix item
2022-10-08 07:20:57.467 UTC [TRACE] steampipe-plugin-hackernews.plugin: [TRACE] 166521365739: QueryData.fetchComplete
2022-10-08 07:20:57.467 UTC [TRACE] steampipe-plugin-hackernews.plugin: [TRACE] 166521365739: executeListCall COMPLETE (hackernews-166521365739)
2022-10-08 07:20:57.468 UTC [TRACE] steampipe-plugin-hackernews.plugin: [TRACE] 166521365739: rowData chan returned nil - wait for rows to complete (hackernews-166521365739)
2022-10-08 07:20:57.468 UTC [TRACE] stdio: received data: channel=STDOUT len=17
2022-10-08 07:20:57.468 UTC [TRACE] stdio: waiting for stdio data
2022-10-08 07:20:57.591 UTC [TRACE] stdio: received data: channel=STDOUT len=800
2022-10-08 07:20:57.591 UTC [TRACE] stdio: waiting for stdio data
2022-10-08 07:20:57.644 UTC [TRACE] stdio: received data: channel=STDOUT len=968
2022-10-08 07:20:57.644 UTC [TRACE] stdio: waiting for stdio data
2022-10-08 07:20:57.648 UTC [TRACE] stdio: received data: channel=STDOUT len=135
2022-10-08 07:20:57.648 UTC [TRACE] stdio: waiting for stdio data
2022-10-08 07:20:57.651 UTC [TRACE] stdio: received data: channel=STDOUT len=141
2022-10-08 07:20:57.651 UTC [TRACE] stdio: waiting for stdio data
2022-10-08 07:20:57.663 UTC [TRACE] stdio: received data: channel=STDOUT len=556
2022-10-08 07:20:57.663 UTC [TRACE] stdio: waiting for stdio data
2022-10-08 07:20:57.746 UTC [TRACE] stdio: received data: channel=STDOUT len=1024
2022-10-08 07:20:57.746 UTC [TRACE] stdio: waiting for stdio data
2022-10-08 07:20:57.746 UTC [TRACE] stdio: received data: channel=STDOUT len=293
2022-10-08 07:20:57.746 UTC [TRACE] stdio: waiting for stdio data
2022-10-08 07:20:57.804 UTC [TRACE] stdio: received data: channel=STDOUT len=726
2022-10-08 07:20:57.804 UTC [TRACE] stdio: waiting for stdio data
2022-10-08 07:20:57.806 UTC [TRACE] stdio: received data: channel=STDOUT len=19
2022-10-08 07:20:57.806 UTC [TRACE] stdio: waiting for stdio data
2022-10-08 07:20:57.808 UTC [TRACE] stdio: received data: channel=STDOUT len=292
2022-10-08 07:20:57.808 UTC [TRACE] stdio: waiting for stdio data
2022-10-08 07:20:57.812 UTC [TRACE] stdio: received data: channel=STDOUT len=56
2022-10-08 07:20:57.812 UTC [TRACE] stdio: waiting for stdio data
2022-10-08 07:20:57.812 UTC [TRACE] stdio: received data: channel=STDOUT len=19
2022-10-08 07:20:57.812 UTC [TRACE] stdio: waiting for stdio data
2022-10-08 07:20:57.814 UTC [TRACE] stdio: received data: channel=STDOUT len=25
2022-10-08 07:20:57.814 UTC [TRACE] stdio: waiting for stdio data
2022-10-08 07:20:57.815 UTC [TRACE] stdio: received data: channel=STDOUT len=21
2022-10-08 07:20:57.815 UTC [TRACE] stdio: waiting for stdio data
2022-10-08 07:20:57.847 UTC [TRACE] steampipe-plugin-hackernews.plugin: [TRACE] 166521365739: buildRowsAsync goroutine returning (hackernews-166521365739)
2022-10-08 07:20:57.847 UTC [TRACE] steampipe-plugin-hackernews.plugin: [TRACE] 166521365739: streamRows - nil row, stop streaming (hackernews-166521365739)
2022-10-08 07:20:57.847 UTC [TRACE] steampipe-plugin-hackernews.plugin: [TRACE] 166521365739: ------------------------------------
2022-10-08 07:20:57.847 UTC [TRACE] steampipe-plugin-hackernews.plugin: [TRACE] 166521365739: Concurrency Summary
2022-10-08 07:20:57.847 UTC [TRACE] steampipe-plugin-hackernews.plugin: [TRACE] 166521365739: ------------------------------------
2022-10-08 07:20:57.847 UTC [TRACE] steampipe-plugin-hackernews.plugin: [TRACE] 166521365739: getItem                       : 200
2022-10-08 07:20:57.847 UTC [TRACE] steampipe-plugin-hackernews.plugin: [TRACE] 166521365739: ------------------------------------
2022-10-08 07:20:57.847 UTC [TRACE] steampipe-plugin-hackernews.plugin: [TRACE] 166521365739: Total                         : 200
2022-10-08 07:20:57.847 UTC [TRACE] steampipe-plugin-hackernews.plugin: [TRACE] 166521365739: ------------------------------------
2022-10-08 07:20:57.847 UTC [TRACE] steampipe-plugin-hackernews.plugin: [TRACE] 166521365739: QueryData streamRows DONE (hackernews-166521365739)
2022-10-08 07:20:57.847 UTC [TRACE] steampipe-plugin-hackernews.plugin: [TRACE] 166521365739: EndSet (hackernews-166521365739) table hackernews_new
2022-10-08 07:20:57.847 UTC [TRACE] steampipe-plugin-hackernews.plugin: [TRACE] 166521365739: QueryCache writePageToCache: 500 rows, pageCount 1, page key hackernewshackernews_newid,title,time,by,score,dead,deleted,descendants,kids,parent,parts,poll,text,type,url,_ctx-1-0
2022-10-08 07:20:57.847 UTC [TRACE] stdio: received data: channel=STDOUT len=163
2022-10-08 07:20:57.847 UTC [TRACE] stdio: waiting for stdio data
2022-10-08 07:20:57.854 UTC [TRACE] steampipe-plugin-hackernews.plugin: [TRACE] 166521365739: writePageToCache Set - result written
2022-10-08 07:20:57.854 UTC [TRACE] steampipe-plugin-hackernews.plugin: [TRACE] 166521365739: QueryCache EndSet - result written
2022-10-08 07:20:57.854 UTC [TRACE] steampipe-plugin-hackernews.plugin: [TRACE] 166521365739: doGet cache miss
2022-10-08 07:20:57.854 UTC [TRACE] steampipe-plugin-hackernews.plugin: [TRACE] 166521365739: getCachedIndexBucket - no item retrieved for cache key index__hackernewshackernews_new
2022-10-08 07:20:57.854 UTC [TRACE] steampipe-plugin-hackernews.plugin: [TRACE] 166521365739: getCachedIndexBucket returned cache miss
2022-10-08 07:20:57.854 UTC [TRACE] steampipe-plugin-hackernews.plugin: [TRACE] 166521365739: QueryCache EndSet - Added index item (0xc0144d28a0) to bucket (0xc01ac8de30), page count 1,  key root hackernewshackernews_newid,title,time,by,score,dead,deleted,descendants,kids,parent,parts,poll,text,type,url,_ctx-1
2022-10-08 07:20:57.854 UTC [TRACE] steampipe-plugin-hackernews.plugin: [TRACE] 166521365739: cacheSetIndexBucket index__hackernewshackernews_new
2022-10-08 07:20:57.854 UTC [TRACE] steampipe-plugin-hackernews.plugin: [TRACE] 166521365739: QueryCache EndSet - IndexBucket written
2022-10-08 07:20:57.854 UTC [TRACE] steampipe-plugin-hackernews.plugin: [TRACE] 166521365739: EndSet DEFER (hackernews-166521365739) table hackernews_new
2022-10-08 07:20:57.854 UTC [TRACE] steampipe-plugin-hackernews.plugin: [TRACE] 166521365739: calling pendingItemComplete (hackernews-166521365739)
2022-10-08 07:20:57.854 UTC [TRACE] steampipe-plugin-hackernews.plugin: [TRACE] 166521365739: pendingItemComplete (hackernews-166521365739) indexBucketKey index__hackernewshackernews_new, columns [id title time by score dead deleted descendants kids parent parts poll text type url _ctx], limit -1
2022-10-08 07:20:57.854 UTC [TRACE] steampipe-plugin-hackernews.plugin: [TRACE] 166521365739: got pending index bucket, (hackernews-166521365739) len 1
2022-10-08 07:20:57.854 UTC [TRACE] steampipe-plugin-hackernews.plugin: [TRACE] 166521365739: SatisfiesLimit limit -1, no item limit - satisfied
2022-10-08 07:20:57.854 UTC [TRACE] steampipe-plugin-hackernews.plugin: [TRACE] 166521365739: found pending index item to satisfy columns id,title,time,by,score,dead,deleted,descendants,kids,parent,parts,poll,text,type,url,_ctx, limit -1
2022-10-08 07:20:57.854 UTC [TRACE] steampipe-plugin-hackernews.plugin: [TRACE] 166521365739: found completed pending item (hackernews-166521365739) 0xc00044a840, key hackernewshackernews_newid,title,time,by,score,dead,deleted,descendants,kids,parent,parts,poll,text,type,url,_ctx-1 - removing from map as it is complete
2022-10-08 07:20:57.854 UTC [TRACE] steampipe-plugin-hackernews.plugin: [TRACE] 166521365739: pendingIndexItem Unlock count before 1 key hackernewshackernews_newid,title,time,by,score,dead,deleted,descendants,kids,parent,parts,poll,text,type,url,_ctx-1
2022-10-08 07:20:57.854 UTC [TRACE] steampipe-plugin-hackernews.plugin: [TRACE] 166521365739: deleted from pending, (hackernews-166521365739) len 0
2022-10-08 07:20:57.854 UTC [TRACE] steampipe-plugin-hackernews.plugin: [TRACE] 166521365739: pending bucket now empty - deleting key index__hackernewshackernews_new
2022-10-08 07:20:57.854 UTC [TRACE] steampipe-plugin-hackernews.plugin: [TRACE] 166521365739: pendingItemComplete done (hackernews-166521365739)
2022-10-08 07:20:57.854 UTC [TRACE] steampipe-plugin-hackernews.plugin: [TRACE] 166521365739: cache set succeeded
2022-10-08 07:20:57.854 UTC [TRACE] steampipe-plugin-hackernews.plugin: [TRACE] 166521365739: End execute span
2022-10-08 07:20:57.854 UTC [TRACE] steampipe-plugin-hackernews.plugin: [TRACE] 166521365739: executeForConnection DEFER (hackernews-166521365739)
2022-10-08 07:20:57.854 UTC [TRACE] steampipe-plugin-hackernews.plugin: [TRACE] 166521365739: Execute complete callId: hackernews-166521365739 table: hackernews_new
2022-10-08 07:20:57.854 UTC [TRACE] steampipe-plugin-hackernews.plugin: [TRACE] 166521365739: executeForConnection hackernews returned
2022-10-08 07:20:57.854 UTC [TRACE] steampipe-plugin-hackernews.plugin: [TRACE] 166521365739: output wg complete - send nil row
2022-10-08 07:20:57.854 UTC [TRACE] steampipe-plugin-hackernews.plugin: [TRACE] 166521365739: empty row on output channel - we are done
2022-10-08 07:20:57.854 UTC [INFO]  steampipe-plugin-hackernews.plugin: [INFO]  166521365739: Plugin Execute complete (166521365739)
2022-10-08 07:20:57.918 UTC [TRACE] PluginManager Shutdown
2022-10-08 07:20:57.918 UTC [TRACE] killing plugin csv (1983)
2022-10-08 07:20:57.919 UTC [TRACE] steampipe-plugin-csv.plugin: [TRACE] FLUSHING instrumentation
2022-10-08 07:20:57.919 UTC [TRACE] steampipe-plugin-csv.plugin: [TRACE] Shutdown instrumentation
2022-10-08 07:20:57.919 UTC [DEBUG] stdio: received EOF, stopping recv loop: err="rpc error: code = Unavailable desc = error reading from server: EOF"
2022-10-08 07:20:57.919 UTC [INFO]  plugin process exited: path=/home/runner/.steampipe/plugins/hub.steampipe.io/plugins/turbot/csv@latest/steampipe-plugin-csv.plugin pid=1983
2022-10-08 07:20:57.919 UTC [DEBUG] plugin exited
2022-10-08 07:20:57.919 UTC [TRACE] killing plugin hackernews (2010)
2022-10-08 07:20:57.920 UTC [TRACE] steampipe-plugin-hackernews.plugin: [TRACE] 166521365739: FLUSHING instrumentation
2022-10-08 07:20:57.920 UTC [TRACE] steampipe-plugin-hackernews.plugin: [TRACE] 166521365739: Shutdown instrumentation
2022-10-08 07:20:57.920 UTC [DEBUG] stdio: received EOF, stopping recv loop: err="rpc error: code = Unavailable desc = error reading from server: EOF"
2022-10-08 07:20:57.923 UTC [INFO]  plugin process exited: path=/home/runner/.steampipe/plugins/hub.steampipe.io/plugins/turbot/hackernews@latest/steampipe-plugin-hackernews.plugin pid=2010
2022-10-08 07:20:57.923 UTC [DEBUG] plugin exited
2022-10-08 07:21:00.730 UTC [WARN]  PluginManager setPluginCacheSizeMap: 4 connections.
2022-10-08 07:21:00.730 UTC [WARN]  Total cache size 0Mb
2022-10-08 07:21:00.793 UTC [WARN]  plugin configured with a nil SecureConfig
2022-10-08 07:21:01.042 UTC [WARN]  steampipe-plugin-csv.plugin: [WARN]  166521366124: getKeyColumnsForTable found no schema for table '/home/runner/work/steampipe-samples/steampipe-samples/all/hackernews/hn.csv'
2022-10-08 07:21:18.090 UTC [WARN]  PluginManager setPluginCacheSizeMap: 4 connections.
2022-10-08 07:21:18.090 UTC [WARN]  Total cache size 0Mb
2022-10-08 07:21:18.153 UTC [WARN]  plugin configured with a nil SecureConfig
2022-10-08 07:21:18.332 UTC [WARN]  steampipe-plugin-csv.plugin: [WARN]  1665213678662: getKeyColumnsForTable found no schema for table '/home/runner/work/steampipe-samples/steampipe-samples/all/hackernews/hn.csv'
2022-10-08 07:21:35.004 UTC [WARN]  PluginManager setPluginCacheSizeMap: 4 connections.
2022-10-08 07:21:35.004 UTC [WARN]  Total cache size 0Mb
2022-10-08 07:21:35.067 UTC [WARN]  plugin configured with a nil SecureConfig
2022-10-08 07:21:36.104 UTC [WARN]  PluginManager setPluginCacheSizeMap: 4 connections.
2022-10-08 07:21:36.104 UTC [WARN]  Total cache size 0Mb
2022-10-08 07:21:36.167 UTC [WARN]  plugin configured with a nil SecureConfig
2022-10-08 07:21:37.018 UTC [WARN]  PluginManager setPluginCacheSizeMap: 4 connections.
2022-10-08 07:21:37.018 UTC [WARN]  Total cache size 0Mb
2022-10-08 07:21:37.081 UTC [WARN]  plugin configured with a nil SecureConfig
2022-10-08 07:21:37.827 UTC [WARN]  PluginManager setPluginCacheSizeMap: 4 connections.
2022-10-08 07:21:37.827 UTC [WARN]  Total cache size 0Mb
2022-10-08 07:21:37.890 UTC [WARN]  plugin configured with a nil SecureConfig
2022-10-08 07:21:38.671 UTC [WARN]  PluginManager setPluginCacheSizeMap: 4 connections.
2022-10-08 07:21:38.671 UTC [WARN]  Total cache size 0Mb
2022-10-08 07:21:38.734 UTC [WARN]  plugin configured with a nil SecureConfig
2022-10-08 07:21:39.486 UTC [WARN]  PluginManager setPluginCacheSizeMap: 4 connections.
2022-10-08 07:21:39.486 UTC [WARN]  Total cache size 0Mb
2022-10-08 07:21:39.549 UTC [WARN]  plugin configured with a nil SecureConfig
2022-10-08 07:21:40.300 UTC [WARN]  PluginManager setPluginCacheSizeMap: 4 connections.
2022-10-08 07:21:40.300 UTC [WARN]  Total cache size 0Mb
2022-10-08 07:21:40.364 UTC [WARN]  plugin configured with a nil SecureConfig
2022-10-08 07:21:41.094 UTC [WARN]  PluginManager setPluginCacheSizeMap: 4 connections.
2022-10-08 07:21:41.094 UTC [WARN]  Total cache size 0Mb
2022-10-08 07:21:41.159 UTC [WARN]  plugin configured with a nil SecureConfig
2022-10-08 07:21:41.323 UTC [WARN]  plugin configured with a nil SecureConfig
2022-10-08 07:22:56.029 UTC [WARN]  PluginManager setPluginCacheSizeMap: 4 connections.
2022-10-08 07:22:56.029 UTC [WARN]  Total cache size 0Mb
2022-10-08 07:22:56.093 UTC [WARN]  plugin configured with a nil SecureConfig
2022-10-08 07:22:56.830 UTC [WARN]  PluginManager setPluginCacheSizeMap: 4 connections.
2022-10-08 07:22:56.830 UTC [WARN]  Total cache size 0Mb
2022-10-08 07:22:56.893 UTC [WARN]  plugin configured with a nil SecureConfig
2022-10-08 07:22:56.905 UTC [ERROR] steampipe-plugin-csv.plugin: [ERROR] csv.tableCSV: header_parse_error=EOF path=/home/runner/work/steampipe-samples/steampipe-samples/all/hackernews/new_sc.csv header=[]
2022-10-08 07:22:56.905 UTC [ERROR] steampipe-plugin-csv.plugin: [ERROR] csv.PluginTables: create_table_error="failed to parse file header /home/runner/work/steampipe-samples/steampipe-samples/all/hackernews/new_sc.csv: EOF" path=/home/runner/work/steampipe-samples/steampipe-samples/all/hackernews/new_sc.csv
2022-10-08 07:22:56.905 UTC [WARN]  failed to set connection config: failed to parse file header /home/runner/work/steampipe-samples/steampipe-samples/all/hackernews/new_sc.csv: EOF
2022-10-08 07:22:57.613 UTC [WARN]  PluginManager setPluginCacheSizeMap: 4 connections.
2022-10-08 07:22:57.613 UTC [WARN]  Total cache size 0Mb
2022-10-08 07:22:57.679 UTC [WARN]  plugin configured with a nil SecureConfig
2022-10-08 07:22:57.846 UTC [WARN]  steampipe-plugin-csv.plugin: [WARN]  1665213777162: getKeyColumnsForTable found no schema for table '/home/runner/work/steampipe-samples/steampipe-samples/all/hackernews/new_sc.csv'
2022-10-08 07:23:01.254 UTC [WARN]  PluginManager setPluginCacheSizeMap: 4 connections.
2022-10-08 07:23:01.254 UTC [WARN]  Total cache size 0Mb
2022-10-08 07:23:01.317 UTC [WARN]  plugin configured with a nil SecureConfig
2022-10-08 07:23:02.041 UTC [WARN]  PluginManager setPluginCacheSizeMap: 4 connections.
2022-10-08 07:23:02.041 UTC [WARN]  Total cache size 0Mb
2022-10-08 07:23:02.104 UTC [WARN]  plugin configured with a nil SecureConfig
2022-10-08 07:23:02.114 UTC [ERROR] steampipe-plugin-csv.plugin: [ERROR] csv.tableCSV: header_parse_error=EOF path=/home/runner/work/steampipe-samples/steampipe-samples/all/hackernews/hn_items_all.csv header=[]
2022-10-08 07:23:02.114 UTC [ERROR] steampipe-plugin-csv.plugin: [ERROR] csv.PluginTables: create_table_error="failed to parse file header /home/runner/work/steampipe-samples/steampipe-samples/all/hackernews/hn_items_all.csv: EOF" path=/home/runner/work/steampipe-samples/steampipe-samples/all/hackernews/hn_items_all.csv
2022-10-08 07:23:02.114 UTC [WARN]  failed to set connection config: failed to parse file header /home/runner/work/steampipe-samples/steampipe-samples/all/hackernews/hn_items_all.csv: EOF
2022-10-08 07:23:03.072 UTC [WARN]  PluginManager setPluginCacheSizeMap: 4 connections.
2022-10-08 07:23:03.072 UTC [WARN]  Total cache size 0Mb
2022-10-08 07:23:03.135 UTC [WARN]  plugin configured with a nil SecureConfig
2022-10-08 07:23:03.147 UTC [ERROR] steampipe-plugin-csv.plugin: [ERROR] csv.tableCSV: header_parse_error=EOF path=/home/runner/work/steampipe-samples/steampipe-samples/all/hackernews/people.csv header=[]
2022-10-08 07:23:03.147 UTC [ERROR] steampipe-plugin-csv.plugin: [ERROR] csv.PluginTables: create_table_error="failed to parse file header /home/runner/work/steampipe-samples/steampipe-samples/all/hackernews/people.csv: EOF" path=/home/runner/work/steampipe-samples/steampipe-samples/all/hackernews/people.csv
2022-10-08 07:23:03.147 UTC [WARN]  failed to set connection config: failed to parse file header /home/runner/work/steampipe-samples/steampipe-samples/all/hackernews/people.csv: EOF
2022-10-08 07:23:03.289 UTC [WARN]  plugin configured with a nil SecureConfig
2022-10-08 07:23:03.320 UTC [WARN]  plugin configured with a nil SecureConfig
