2022-11-15 08:21:41.267 UTC [INFO]  starting plugin manager
2022-11-15 08:21:41.268 UTC [TRACE] loaded config map: csv,github,hackernews,net
2022-11-15 08:21:41.268 UTC [TRACE] NewPluginManager
2022-11-15 08:21:41.269 UTC [TRACE] PluginManager setPluginCacheSizeMap: 4 connections.
2022-11-15 08:21:41.269 UTC [TRACE] Total cache size 0Mb
2022-11-15 08:21:41.269 UTC [INFO]  starting connection watcher
2022-11-15 08:21:41.269 UTC [INFO]  created ConnectionWatcher
2022-11-15 08:21:41.269 UTC [TRACE] about to serve
2022-11-15 08:21:41.336 UTC [TRACE] PluginManager Get, connections: '[csv]'
2022-11-15 08:21:41.336 UTC [TRACE] PluginManager getPlugin hub.steampipe.io/plugins/turbot/csv@latest connection 'csv'
2022-11-15 08:21:41.336 UTC [TRACE] PluginManager 0xc000696140 plugin hub.steampipe.io/plugins/turbot/csv@latest (csv) NOT started or starting - start now
2022-11-15 08:21:41.336 UTC [TRACE] ************ start plugin csv ********************
2022-11-15 08:21:41.336 UTC [TRACE] ************ plugin path /home/runner/.steampipe/plugins/hub.steampipe.io/plugins/turbot/csv@latest/steampipe-plugin-csv.plugin ********************
2022-11-15 08:21:41.370 UTC [TRACE] handleFileWatcherEvent ignoring first event
2022-11-15 08:21:41.404 UTC [DEBUG] starting plugin: path=/home/runner/.steampipe/plugins/hub.steampipe.io/plugins/turbot/csv@latest/steampipe-plugin-csv.plugin args=["/home/runner/.steampipe/plugins/hub.steampipe.io/plugins/turbot/csv@latest/steampipe-plugin-csv.plugin"]
2022-11-15 08:21:41.404 UTC [DEBUG] plugin started: path=/home/runner/.steampipe/plugins/hub.steampipe.io/plugins/turbot/csv@latest/steampipe-plugin-csv.plugin pid=2039
2022-11-15 08:21:41.404 UTC [DEBUG] waiting for RPC address: path=/home/runner/.steampipe/plugins/hub.steampipe.io/plugins/turbot/csv@latest/steampipe-plugin-csv.plugin
2022-11-15 08:21:41.412 UTC [INFO]  steampipe-plugin-csv.plugin: [INFO]  Initialise plugin 'steampipe-plugin-csv', using sdk version 4.1.7
2022-11-15 08:21:41.412 UTC [TRACE] steampipe-plugin-csv.plugin: [TRACE] no DefaultRetryConfig defined - creating empty
2022-11-15 08:21:41.412 UTC [TRACE] steampipe-plugin-csv.plugin: [TRACE] no DefaultIgnoreConfig defined - creating empty
2022-11-15 08:21:41.412 UTC [TRACE] steampipe-plugin-csv.plugin: [TRACE] Setting Ulimit: ulimit=2560
2022-11-15 08:21:41.412 UTC [TRACE] steampipe-plugin-csv.plugin: [TRACE] telemetry.Init service 'steampipe-plugin-csv', tracingEnabled: false, metricsEnabled: false
2022-11-15 08:21:41.412 UTC [TRACE] steampipe-plugin-csv.plugin: [TRACE] metrics and tracing disabled' - returning
2022-11-15 08:21:41.413 UTC [DEBUG] steampipe-plugin-csv.plugin: plugin address: address=/tmp/plugin811467691 network=unix timestamp=2022-11-15T08:21:41.413Z
2022-11-15 08:21:41.416 UTC [DEBUG] using plugin: version=0
2022-11-15 08:21:41.416 UTC [TRACE] NewPluginClient for plugin hub.steampipe.io/plugins/turbot/csv@latest
2022-11-15 08:21:41.417 UTC [TRACE] stdio: waiting for stdio data
2022-11-15 08:21:41.417 UTC [TRACE] supportedOperations: query_cache:true multiple_connections:true
2022-11-15 08:21:41.417 UTC [TRACE] steampipe-plugin-csv.plugin: [TRACE] SetAllConnectionConfigs setting 1 configs
2022-11-15 08:21:41.418 UTC [TRACE] steampipe-plugin-csv.plugin: [TRACE] connection csv build schema and table map
2022-11-15 08:21:41.418 UTC [DEBUG] steampipe-plugin-csv.plugin: [DEBUG] csv.tableCSV: path=/home/runner/work/steampipe-samples/steampipe-samples/all/hackernews/hn_items_all.csv detected_encoding=Unknown
2022-11-15 08:21:41.418 UTC [DEBUG] steampipe-plugin-csv.plugin: [DEBUG] csv.tableCSV: path=/home/runner/work/steampipe-samples/steampipe-samples/all/hackernews/new_sc.csv detected_encoding=Unknown
2022-11-15 08:21:41.418 UTC [DEBUG] steampipe-plugin-csv.plugin: [DEBUG] csv.tableCSV: path=/home/runner/work/steampipe-samples/steampipe-samples/all/hackernews/people.csv detected_encoding=Unknown
2022-11-15 08:21:41.418 UTC [TRACE] steampipe-plugin-csv.plugin: [TRACE] initialise table /home/runner/work/steampipe-samples/steampipe-samples/all/hackernews/hn_items_all.csv
2022-11-15 08:21:41.418 UTC [TRACE] steampipe-plugin-csv.plugin: [TRACE] no DefaultRetryConfig defined - creating empty
2022-11-15 08:21:41.418 UTC [TRACE] steampipe-plugin-csv.plugin: [TRACE] no DefaultIgnoreConfig defined - creating empty
2022-11-15 08:21:41.418 UTC [TRACE] steampipe-plugin-csv.plugin: [TRACE] apply plugin defaults for DefaultRetryConfig
2022-11-15 08:21:41.418 UTC [TRACE] steampipe-plugin-csv.plugin: [TRACE] apply plugin defaults for DefaultIgnoreConfig, table &{<nil> <nil>} plugin &{<nil> <nil>}
2022-11-15 08:21:41.418 UTC [TRACE] steampipe-plugin-csv.plugin: [TRACE] DefaultRetryConfig:
2022-11-15 08:21:41.418 UTC [TRACE] steampipe-plugin-csv.plugin: [TRACE] DefaultIgnoreConfig:
2022-11-15 08:21:41.418 UTC [TRACE] steampipe-plugin-csv.plugin: [TRACE] t.List.initialise
2022-11-15 08:21:41.418 UTC [TRACE] steampipe-plugin-csv.plugin: [TRACE] ListConfig.initialise table /home/runner/work/steampipe-samples/steampipe-samples/all/hackernews/hn_items_all.csv
2022-11-15 08:21:41.418 UTC [TRACE] steampipe-plugin-csv.plugin: [TRACE] ListConfig.initialise complete: RetryConfig: , IgnoreConfig
2022-11-15 08:21:41.418 UTC [TRACE] steampipe-plugin-csv.plugin: [TRACE] back from initialiseHydrateConfigs
2022-11-15 08:21:41.418 UTC [TRACE] steampipe-plugin-csv.plugin: [TRACE] initialise table /home/runner/work/steampipe-samples/steampipe-samples/all/hackernews/hn_items_all.csv COMPLETE
2022-11-15 08:21:41.418 UTC [TRACE] steampipe-plugin-csv.plugin: [TRACE] initialise table /home/runner/work/steampipe-samples/steampipe-samples/all/hackernews/new_sc.csv
2022-11-15 08:21:41.418 UTC [TRACE] steampipe-plugin-csv.plugin: [TRACE] no DefaultRetryConfig defined - creating empty
2022-11-15 08:21:41.418 UTC [TRACE] steampipe-plugin-csv.plugin: [TRACE] no DefaultIgnoreConfig defined - creating empty
2022-11-15 08:21:41.418 UTC [TRACE] steampipe-plugin-csv.plugin: [TRACE] apply plugin defaults for DefaultRetryConfig
2022-11-15 08:21:41.418 UTC [TRACE] steampipe-plugin-csv.plugin: [TRACE] apply plugin defaults for DefaultIgnoreConfig, table &{<nil> <nil>} plugin &{<nil> <nil>}
2022-11-15 08:21:41.418 UTC [TRACE] steampipe-plugin-csv.plugin: [TRACE] DefaultRetryConfig:
2022-11-15 08:21:41.418 UTC [TRACE] steampipe-plugin-csv.plugin: [TRACE] DefaultIgnoreConfig:
2022-11-15 08:21:41.418 UTC [TRACE] steampipe-plugin-csv.plugin: [TRACE] t.List.initialise
2022-11-15 08:21:41.418 UTC [TRACE] steampipe-plugin-csv.plugin: [TRACE] ListConfig.initialise table /home/runner/work/steampipe-samples/steampipe-samples/all/hackernews/new_sc.csv
2022-11-15 08:21:41.418 UTC [TRACE] steampipe-plugin-csv.plugin: [TRACE] ListConfig.initialise complete: RetryConfig: , IgnoreConfig
2022-11-15 08:21:41.418 UTC [TRACE] steampipe-plugin-csv.plugin: [TRACE] back from initialiseHydrateConfigs
2022-11-15 08:21:41.418 UTC [TRACE] steampipe-plugin-csv.plugin: [TRACE] initialise table /home/runner/work/steampipe-samples/steampipe-samples/all/hackernews/new_sc.csv COMPLETE
2022-11-15 08:21:41.419 UTC [TRACE] steampipe-plugin-csv.plugin: [TRACE] initialise table /home/runner/work/steampipe-samples/steampipe-samples/all/hackernews/people.csv
2022-11-15 08:21:41.419 UTC [TRACE] steampipe-plugin-csv.plugin: [TRACE] no DefaultRetryConfig defined - creating empty
2022-11-15 08:21:41.419 UTC [TRACE] steampipe-plugin-csv.plugin: [TRACE] no DefaultIgnoreConfig defined - creating empty
2022-11-15 08:21:41.419 UTC [TRACE] steampipe-plugin-csv.plugin: [TRACE] apply plugin defaults for DefaultRetryConfig
2022-11-15 08:21:41.419 UTC [TRACE] steampipe-plugin-csv.plugin: [TRACE] apply plugin defaults for DefaultIgnoreConfig, table &{<nil> <nil>} plugin &{<nil> <nil>}
2022-11-15 08:21:41.419 UTC [TRACE] steampipe-plugin-csv.plugin: [TRACE] DefaultRetryConfig:
2022-11-15 08:21:41.419 UTC [TRACE] steampipe-plugin-csv.plugin: [TRACE] DefaultIgnoreConfig:
2022-11-15 08:21:41.419 UTC [TRACE] steampipe-plugin-csv.plugin: [TRACE] t.List.initialise
2022-11-15 08:21:41.419 UTC [TRACE] steampipe-plugin-csv.plugin: [TRACE] ListConfig.initialise table /home/runner/work/steampipe-samples/steampipe-samples/all/hackernews/people.csv
2022-11-15 08:21:41.419 UTC [TRACE] steampipe-plugin-csv.plugin: [TRACE] ListConfig.initialise complete: RetryConfig: , IgnoreConfig
2022-11-15 08:21:41.419 UTC [TRACE] steampipe-plugin-csv.plugin: [TRACE] back from initialiseHydrateConfigs
2022-11-15 08:21:41.419 UTC [TRACE] steampipe-plugin-csv.plugin: [TRACE] initialise table /home/runner/work/steampipe-samples/steampipe-samples/all/hackernews/people.csv COMPLETE
2022-11-15 08:21:41.419 UTC [TRACE] steampipe-plugin-csv.plugin: [TRACE] validate plugin steampipe-plugin-csv, required columns []
2022-11-15 08:21:41.419 UTC [TRACE] steampipe-plugin-csv.plugin: [TRACE] validate DefaultRetryConfig
2022-11-15 08:21:41.419 UTC [TRACE] steampipe-plugin-csv.plugin: [TRACE] validate DefaultIgnoreConfig
2022-11-15 08:21:41.419 UTC [TRACE] steampipe-plugin-csv.plugin: [TRACE] validate table names
2022-11-15 08:21:41.419 UTC [TRACE] steampipe-plugin-csv.plugin: [TRACE] plugin has 0 validation errors
2022-11-15 08:21:41.419 UTC [TRACE] steampipe-plugin-csv.plugin: [TRACE] Plugin ensureCache creating cache, maxCacheStorageMb 0
2022-11-15 08:21:41.419 UTC [TRACE] steampipe-plugin-csv.plugin: [TRACE] createCacheStore for plugin 'steampipe-plugin-csv' setting max size to 0Mb, Shards: 2, max shard size: 0
2022-11-15 08:21:41.432 UTC [INFO]  steampipe-plugin-csv.plugin: [INFO]  query cache created
2022-11-15 08:21:41.432 UTC [DEBUG] steampipe-plugin-csv.plugin: [DEBUG] SetAllConnectionConfigs finished
2022-11-15 08:21:41.432 UTC [TRACE] PluginManager getPlugin complete, returning reattach config with PID: 2039
2022-11-15 08:21:41.432 UTC [TRACE] PluginManager Get returning reattach_map:{key:"csv" value:{protocol:"grpc" addr:{Network:"unix" Address:"/tmp/plugin811467691"} pid:2039 supported_operations:{query_cache:true multiple_connections:true} connections:"csv" plugin:"hub.steampipe.io/plugins/turbot/csv@latest"}}
2022-11-15 08:21:41.519 UTC [TRACE] PluginManager Get, connections: '[csv]'
2022-11-15 08:21:41.519 UTC [TRACE] PluginManager getPlugin hub.steampipe.io/plugins/turbot/csv@latest connection 'csv'
2022-11-15 08:21:41.519 UTC [TRACE] connection csv found in connectionPluginMap
2022-11-15 08:21:41.519 UTC [TRACE] initialized: 2039
2022-11-15 08:21:41.519 UTC [TRACE] initialized: 2039
2022-11-15 08:21:41.519 UTC [TRACE] connection csv is loaded, check for running PID
2022-11-15 08:21:41.520 UTC [TRACE] PluginManager found 'csv' in map, pid 2039
2022-11-15 08:21:41.520 UTC [TRACE] PluginManager Get returning reattach_map:{key:"csv" value:{protocol:"grpc" addr:{Network:"unix" Address:"/tmp/plugin811467691"} pid:2039 supported_operations:{query_cache:true multiple_connections:true} connections:"csv" plugin:"hub.steampipe.io/plugins/turbot/csv@latest"}}
2022-11-15 08:21:41.664 UTC [TRACE] PluginManager Get, connections: '[hackernews]'
2022-11-15 08:21:41.664 UTC [TRACE] PluginManager getPlugin hub.steampipe.io/plugins/turbot/hackernews@latest connection 'hackernews'
2022-11-15 08:21:41.664 UTC [TRACE] PluginManager 0xc000696140 plugin hub.steampipe.io/plugins/turbot/hackernews@latest (hackernews) NOT started or starting - start now
2022-11-15 08:21:41.664 UTC [TRACE] ************ start plugin hackernews ********************
2022-11-15 08:21:41.664 UTC [TRACE] ************ plugin path /home/runner/.steampipe/plugins/hub.steampipe.io/plugins/turbot/hackernews@latest/steampipe-plugin-hackernews.plugin ********************
2022-11-15 08:21:41.733 UTC [DEBUG] starting plugin: path=/home/runner/.steampipe/plugins/hub.steampipe.io/plugins/turbot/hackernews@latest/steampipe-plugin-hackernews.plugin args=["/home/runner/.steampipe/plugins/hub.steampipe.io/plugins/turbot/hackernews@latest/steampipe-plugin-hackernews.plugin"]
2022-11-15 08:21:41.733 UTC [DEBUG] plugin started: path=/home/runner/.steampipe/plugins/hub.steampipe.io/plugins/turbot/hackernews@latest/steampipe-plugin-hackernews.plugin pid=2063
2022-11-15 08:21:41.733 UTC [DEBUG] waiting for RPC address: path=/home/runner/.steampipe/plugins/hub.steampipe.io/plugins/turbot/hackernews@latest/steampipe-plugin-hackernews.plugin
2022-11-15 08:21:41.741 UTC [INFO]  steampipe-plugin-hackernews.plugin: [INFO]  Initialise plugin 'steampipe-plugin-hackernews', using sdk version 4.1.7
2022-11-15 08:21:41.741 UTC [TRACE] steampipe-plugin-hackernews.plugin: [TRACE] defaulting SchemaMode to SchemaModeStatic
2022-11-15 08:21:41.741 UTC [TRACE] steampipe-plugin-hackernews.plugin: [TRACE] no DefaultRetryConfig defined - creating empty
2022-11-15 08:21:41.741 UTC [TRACE] steampipe-plugin-hackernews.plugin: [TRACE] no DefaultIgnoreConfig defined - creating empty
2022-11-15 08:21:41.741 UTC [TRACE] steampipe-plugin-hackernews.plugin: [TRACE] Setting Ulimit: ulimit=2560
2022-11-15 08:21:41.741 UTC [TRACE] steampipe-plugin-hackernews.plugin: [TRACE] telemetry.Init service 'steampipe-plugin-hackernews', tracingEnabled: false, metricsEnabled: false
2022-11-15 08:21:41.741 UTC [TRACE] steampipe-plugin-hackernews.plugin: [TRACE] metrics and tracing disabled' - returning
2022-11-15 08:21:41.742 UTC [DEBUG] steampipe-plugin-hackernews.plugin: plugin address: address=/tmp/plugin184402537 network=unix timestamp=2022-11-15T08:21:41.741Z
2022-11-15 08:21:41.742 UTC [DEBUG] using plugin: version=0
2022-11-15 08:21:41.742 UTC [TRACE] NewPluginClient for plugin hub.steampipe.io/plugins/turbot/hackernews@latest
2022-11-15 08:21:41.742 UTC [TRACE] stdio: waiting for stdio data
2022-11-15 08:21:41.744 UTC [TRACE] supportedOperations: query_cache:true multiple_connections:true
2022-11-15 08:21:41.744 UTC [TRACE] steampipe-plugin-hackernews.plugin: [TRACE] SetAllConnectionConfigs setting 1 configs
2022-11-15 08:21:41.744 UTC [TRACE] steampipe-plugin-hackernews.plugin: [TRACE] connection hackernews build schema and table map
2022-11-15 08:21:41.744 UTC [TRACE] steampipe-plugin-hackernews.plugin: [TRACE] initialise table hackernews_new
2022-11-15 08:21:41.744 UTC [TRACE] steampipe-plugin-hackernews.plugin: [TRACE] no DefaultRetryConfig defined - creating empty
2022-11-15 08:21:41.744 UTC [TRACE] steampipe-plugin-hackernews.plugin: [TRACE] no DefaultIgnoreConfig defined - creating empty
2022-11-15 08:21:41.744 UTC [TRACE] steampipe-plugin-hackernews.plugin: [TRACE] apply plugin defaults for DefaultRetryConfig
2022-11-15 08:21:41.744 UTC [TRACE] steampipe-plugin-hackernews.plugin: [TRACE] apply plugin defaults for DefaultIgnoreConfig, table &{<nil> <nil>} plugin &{<nil> <nil>}
2022-11-15 08:21:41.744 UTC [TRACE] steampipe-plugin-hackernews.plugin: [TRACE] DefaultRetryConfig:
2022-11-15 08:21:41.744 UTC [TRACE] steampipe-plugin-hackernews.plugin: [TRACE] DefaultIgnoreConfig:
2022-11-15 08:21:41.744 UTC [TRACE] steampipe-plugin-hackernews.plugin: [TRACE] t.Get.initialise
2022-11-15 08:21:41.744 UTC [TRACE] steampipe-plugin-hackernews.plugin: [TRACE] GetConfig.initialise table hackernews_new
2022-11-15 08:21:41.744 UTC [TRACE] steampipe-plugin-hackernews.plugin: [TRACE] GetConfig.initialise complete: RetryConfig: , IgnoreConfig:
2022-11-15 08:21:41.744 UTC [TRACE] steampipe-plugin-hackernews.plugin: [TRACE] t.List.initialise
2022-11-15 08:21:41.744 UTC [TRACE] steampipe-plugin-hackernews.plugin: [TRACE] ListConfig.initialise table hackernews_new
2022-11-15 08:21:41.744 UTC [TRACE] steampipe-plugin-hackernews.plugin: [TRACE] ListConfig.initialise complete: RetryConfig: , IgnoreConfig
2022-11-15 08:21:41.744 UTC [TRACE] steampipe-plugin-hackernews.plugin: [TRACE] HydrateConfig.initialise func getItem, table hackernews_new
2022-11-15 08:21:41.744 UTC [TRACE] steampipe-plugin-hackernews.plugin: [TRACE] HydrateConfig.initialise complete: RetryConfig: , IgnoreConfig:
2022-11-15 08:21:41.744 UTC [TRACE] steampipe-plugin-hackernews.plugin: [TRACE] back from initialiseHydrateConfigs
2022-11-15 08:21:41.744 UTC [TRACE] steampipe-plugin-hackernews.plugin: [TRACE] initialise table hackernews_new COMPLETE
2022-11-15 08:21:41.744 UTC [TRACE] steampipe-plugin-hackernews.plugin: [TRACE] initialise table hackernews_show_hn
2022-11-15 08:21:41.744 UTC [TRACE] steampipe-plugin-hackernews.plugin: [TRACE] no DefaultRetryConfig defined - creating empty
2022-11-15 08:21:41.744 UTC [TRACE] steampipe-plugin-hackernews.plugin: [TRACE] no DefaultIgnoreConfig defined - creating empty
2022-11-15 08:21:41.744 UTC [TRACE] steampipe-plugin-hackernews.plugin: [TRACE] apply plugin defaults for DefaultRetryConfig
2022-11-15 08:21:41.744 UTC [TRACE] steampipe-plugin-hackernews.plugin: [TRACE] apply plugin defaults for DefaultIgnoreConfig, table &{<nil> <nil>} plugin &{<nil> <nil>}
2022-11-15 08:21:41.744 UTC [TRACE] steampipe-plugin-hackernews.plugin: [TRACE] DefaultRetryConfig:
2022-11-15 08:21:41.744 UTC [TRACE] steampipe-plugin-hackernews.plugin: [TRACE] DefaultIgnoreConfig:
2022-11-15 08:21:41.744 UTC [TRACE] steampipe-plugin-hackernews.plugin: [TRACE] t.Get.initialise
2022-11-15 08:21:41.744 UTC [TRACE] steampipe-plugin-hackernews.plugin: [TRACE] GetConfig.initialise table hackernews_show_hn
2022-11-15 08:21:41.744 UTC [TRACE] steampipe-plugin-hackernews.plugin: [TRACE] GetConfig.initialise complete: RetryConfig: , IgnoreConfig:
2022-11-15 08:21:41.744 UTC [TRACE] steampipe-plugin-hackernews.plugin: [TRACE] t.List.initialise
2022-11-15 08:21:41.744 UTC [TRACE] steampipe-plugin-hackernews.plugin: [TRACE] ListConfig.initialise table hackernews_show_hn
2022-11-15 08:21:41.744 UTC [TRACE] steampipe-plugin-hackernews.plugin: [TRACE] ListConfig.initialise complete: RetryConfig: , IgnoreConfig
2022-11-15 08:21:41.744 UTC [TRACE] steampipe-plugin-hackernews.plugin: [TRACE] HydrateConfig.initialise func getItem, table hackernews_show_hn
2022-11-15 08:21:41.744 UTC [TRACE] steampipe-plugin-hackernews.plugin: [TRACE] HydrateConfig.initialise complete: RetryConfig: , IgnoreConfig:
2022-11-15 08:21:41.744 UTC [TRACE] steampipe-plugin-hackernews.plugin: [TRACE] back from initialiseHydrateConfigs
2022-11-15 08:21:41.744 UTC [TRACE] steampipe-plugin-hackernews.plugin: [TRACE] initialise table hackernews_show_hn COMPLETE
2022-11-15 08:21:41.744 UTC [TRACE] steampipe-plugin-hackernews.plugin: [TRACE] initialise table hackernews_top
2022-11-15 08:21:41.744 UTC [TRACE] steampipe-plugin-hackernews.plugin: [TRACE] no DefaultRetryConfig defined - creating empty
2022-11-15 08:21:41.744 UTC [TRACE] steampipe-plugin-hackernews.plugin: [TRACE] no DefaultIgnoreConfig defined - creating empty
2022-11-15 08:21:41.744 UTC [TRACE] steampipe-plugin-hackernews.plugin: [TRACE] apply plugin defaults for DefaultRetryConfig
2022-11-15 08:21:41.744 UTC [TRACE] steampipe-plugin-hackernews.plugin: [TRACE] apply plugin defaults for DefaultIgnoreConfig, table &{<nil> <nil>} plugin &{<nil> <nil>}
2022-11-15 08:21:41.744 UTC [TRACE] steampipe-plugin-hackernews.plugin: [TRACE] DefaultRetryConfig:
2022-11-15 08:21:41.744 UTC [TRACE] steampipe-plugin-hackernews.plugin: [TRACE] DefaultIgnoreConfig:
2022-11-15 08:21:41.744 UTC [TRACE] steampipe-plugin-hackernews.plugin: [TRACE] t.Get.initialise
2022-11-15 08:21:41.744 UTC [TRACE] steampipe-plugin-hackernews.plugin: [TRACE] GetConfig.initialise table hackernews_top
2022-11-15 08:21:41.744 UTC [TRACE] steampipe-plugin-hackernews.plugin: [TRACE] GetConfig.initialise complete: RetryConfig: , IgnoreConfig:
2022-11-15 08:21:41.744 UTC [TRACE] steampipe-plugin-hackernews.plugin: [TRACE] t.List.initialise
2022-11-15 08:21:41.744 UTC [TRACE] steampipe-plugin-hackernews.plugin: [TRACE] ListConfig.initialise table hackernews_top
2022-11-15 08:21:41.744 UTC [TRACE] steampipe-plugin-hackernews.plugin: [TRACE] ListConfig.initialise complete: RetryConfig: , IgnoreConfig
2022-11-15 08:21:41.744 UTC [TRACE] steampipe-plugin-hackernews.plugin: [TRACE] HydrateConfig.initialise func getItem, table hackernews_top
2022-11-15 08:21:41.744 UTC [TRACE] steampipe-plugin-hackernews.plugin: [TRACE] HydrateConfig.initialise complete: RetryConfig: , IgnoreConfig:
2022-11-15 08:21:41.744 UTC [TRACE] steampipe-plugin-hackernews.plugin: [TRACE] back from initialiseHydrateConfigs
2022-11-15 08:21:41.744 UTC [TRACE] steampipe-plugin-hackernews.plugin: [TRACE] initialise table hackernews_top COMPLETE
2022-11-15 08:21:41.744 UTC [TRACE] steampipe-plugin-hackernews.plugin: [TRACE] initialise table hackernews_user
2022-11-15 08:21:41.744 UTC [TRACE] steampipe-plugin-hackernews.plugin: [TRACE] no DefaultRetryConfig defined - creating empty
2022-11-15 08:21:41.744 UTC [TRACE] steampipe-plugin-hackernews.plugin: [TRACE] no DefaultIgnoreConfig defined - creating empty
2022-11-15 08:21:41.744 UTC [TRACE] steampipe-plugin-hackernews.plugin: [TRACE] apply plugin defaults for DefaultRetryConfig
2022-11-15 08:21:41.744 UTC [TRACE] steampipe-plugin-hackernews.plugin: [TRACE] apply plugin defaults for DefaultIgnoreConfig, table &{<nil> <nil>} plugin &{<nil> <nil>}
2022-11-15 08:21:41.744 UTC [TRACE] steampipe-plugin-hackernews.plugin: [TRACE] DefaultRetryConfig:
2022-11-15 08:21:41.744 UTC [TRACE] steampipe-plugin-hackernews.plugin: [TRACE] DefaultIgnoreConfig:
2022-11-15 08:21:41.744 UTC [TRACE] steampipe-plugin-hackernews.plugin: [TRACE] t.List.initialise
2022-11-15 08:21:41.744 UTC [TRACE] steampipe-plugin-hackernews.plugin: [TRACE] ListConfig.initialise table hackernews_user
2022-11-15 08:21:41.744 UTC [TRACE] steampipe-plugin-hackernews.plugin: [TRACE] ListConfig.initialise complete: RetryConfig: , IgnoreConfig
2022-11-15 08:21:41.744 UTC [TRACE] steampipe-plugin-hackernews.plugin: [TRACE] back from initialiseHydrateConfigs
2022-11-15 08:21:41.744 UTC [TRACE] steampipe-plugin-hackernews.plugin: [TRACE] initialise table hackernews_user COMPLETE
2022-11-15 08:21:41.744 UTC [TRACE] steampipe-plugin-hackernews.plugin: [TRACE] initialise table hackernews_ask_hn
2022-11-15 08:21:41.744 UTC [TRACE] steampipe-plugin-hackernews.plugin: [TRACE] no DefaultRetryConfig defined - creating empty
2022-11-15 08:21:41.744 UTC [TRACE] steampipe-plugin-hackernews.plugin: [TRACE] no DefaultIgnoreConfig defined - creating empty
2022-11-15 08:21:41.744 UTC [TRACE] steampipe-plugin-hackernews.plugin: [TRACE] apply plugin defaults for DefaultRetryConfig
2022-11-15 08:21:41.744 UTC [TRACE] steampipe-plugin-hackernews.plugin: [TRACE] apply plugin defaults for DefaultIgnoreConfig, table &{<nil> <nil>} plugin &{<nil> <nil>}
2022-11-15 08:21:41.744 UTC [TRACE] steampipe-plugin-hackernews.plugin: [TRACE] DefaultRetryConfig:
2022-11-15 08:21:41.744 UTC [TRACE] steampipe-plugin-hackernews.plugin: [TRACE] DefaultIgnoreConfig:
2022-11-15 08:21:41.744 UTC [TRACE] steampipe-plugin-hackernews.plugin: [TRACE] t.Get.initialise
2022-11-15 08:21:41.744 UTC [TRACE] steampipe-plugin-hackernews.plugin: [TRACE] GetConfig.initialise table hackernews_ask_hn
2022-11-15 08:21:41.744 UTC [TRACE] steampipe-plugin-hackernews.plugin: [TRACE] GetConfig.initialise complete: RetryConfig: , IgnoreConfig:
2022-11-15 08:21:41.744 UTC [TRACE] steampipe-plugin-hackernews.plugin: [TRACE] t.List.initialise
2022-11-15 08:21:41.744 UTC [TRACE] steampipe-plugin-hackernews.plugin: [TRACE] ListConfig.initialise table hackernews_ask_hn
2022-11-15 08:21:41.744 UTC [TRACE] steampipe-plugin-hackernews.plugin: [TRACE] ListConfig.initialise complete: RetryConfig: , IgnoreConfig
2022-11-15 08:21:41.744 UTC [TRACE] steampipe-plugin-hackernews.plugin: [TRACE] HydrateConfig.initialise func getItem, table hackernews_ask_hn
2022-11-15 08:21:41.744 UTC [TRACE] steampipe-plugin-hackernews.plugin: [TRACE] HydrateConfig.initialise complete: RetryConfig: , IgnoreConfig:
2022-11-15 08:21:41.744 UTC [TRACE] steampipe-plugin-hackernews.plugin: [TRACE] back from initialiseHydrateConfigs
2022-11-15 08:21:41.744 UTC [TRACE] steampipe-plugin-hackernews.plugin: [TRACE] initialise table hackernews_ask_hn COMPLETE
2022-11-15 08:21:41.744 UTC [TRACE] steampipe-plugin-hackernews.plugin: [TRACE] initialise table hackernews_best
2022-11-15 08:21:41.744 UTC [TRACE] steampipe-plugin-hackernews.plugin: [TRACE] no DefaultRetryConfig defined - creating empty
2022-11-15 08:21:41.744 UTC [TRACE] steampipe-plugin-hackernews.plugin: [TRACE] no DefaultIgnoreConfig defined - creating empty
2022-11-15 08:21:41.744 UTC [TRACE] steampipe-plugin-hackernews.plugin: [TRACE] apply plugin defaults for DefaultRetryConfig
2022-11-15 08:21:41.744 UTC [TRACE] steampipe-plugin-hackernews.plugin: [TRACE] apply plugin defaults for DefaultIgnoreConfig, table &{<nil> <nil>} plugin &{<nil> <nil>}
2022-11-15 08:21:41.744 UTC [TRACE] steampipe-plugin-hackernews.plugin: [TRACE] DefaultRetryConfig:
2022-11-15 08:21:41.744 UTC [TRACE] steampipe-plugin-hackernews.plugin: [TRACE] DefaultIgnoreConfig:
2022-11-15 08:21:41.744 UTC [TRACE] steampipe-plugin-hackernews.plugin: [TRACE] t.Get.initialise
2022-11-15 08:21:41.744 UTC [TRACE] steampipe-plugin-hackernews.plugin: [TRACE] GetConfig.initialise table hackernews_best
2022-11-15 08:21:41.744 UTC [TRACE] steampipe-plugin-hackernews.plugin: [TRACE] GetConfig.initialise complete: RetryConfig: , IgnoreConfig:
2022-11-15 08:21:41.744 UTC [TRACE] steampipe-plugin-hackernews.plugin: [TRACE] t.List.initialise
2022-11-15 08:21:41.744 UTC [TRACE] steampipe-plugin-hackernews.plugin: [TRACE] ListConfig.initialise table hackernews_best
2022-11-15 08:21:41.744 UTC [TRACE] steampipe-plugin-hackernews.plugin: [TRACE] ListConfig.initialise complete: RetryConfig: , IgnoreConfig
2022-11-15 08:21:41.744 UTC [TRACE] steampipe-plugin-hackernews.plugin: [TRACE] HydrateConfig.initialise func getItem, table hackernews_best
2022-11-15 08:21:41.744 UTC [TRACE] steampipe-plugin-hackernews.plugin: [TRACE] HydrateConfig.initialise complete: RetryConfig: , IgnoreConfig:
2022-11-15 08:21:41.744 UTC [TRACE] steampipe-plugin-hackernews.plugin: [TRACE] back from initialiseHydrateConfigs
2022-11-15 08:21:41.744 UTC [TRACE] steampipe-plugin-hackernews.plugin: [TRACE] initialise table hackernews_best COMPLETE
2022-11-15 08:21:41.744 UTC [TRACE] steampipe-plugin-hackernews.plugin: [TRACE] initialise table hackernews_item
2022-11-15 08:21:41.744 UTC [TRACE] steampipe-plugin-hackernews.plugin: [TRACE] no DefaultRetryConfig defined - creating empty
2022-11-15 08:21:41.744 UTC [TRACE] steampipe-plugin-hackernews.plugin: [TRACE] no DefaultIgnoreConfig defined - creating empty
2022-11-15 08:21:41.744 UTC [TRACE] steampipe-plugin-hackernews.plugin: [TRACE] apply plugin defaults for DefaultRetryConfig
2022-11-15 08:21:41.744 UTC [TRACE] steampipe-plugin-hackernews.plugin: [TRACE] apply plugin defaults for DefaultIgnoreConfig, table &{<nil> <nil>} plugin &{<nil> <nil>}
2022-11-15 08:21:41.744 UTC [TRACE] steampipe-plugin-hackernews.plugin: [TRACE] DefaultRetryConfig:
2022-11-15 08:21:41.744 UTC [TRACE] steampipe-plugin-hackernews.plugin: [TRACE] DefaultIgnoreConfig:
2022-11-15 08:21:41.744 UTC [TRACE] steampipe-plugin-hackernews.plugin: [TRACE] t.Get.initialise
2022-11-15 08:21:41.745 UTC [TRACE] steampipe-plugin-hackernews.plugin: [TRACE] GetConfig.initialise table hackernews_item
2022-11-15 08:21:41.745 UTC [TRACE] steampipe-plugin-hackernews.plugin: [TRACE] GetConfig.initialise complete: RetryConfig: , IgnoreConfig:
2022-11-15 08:21:41.745 UTC [TRACE] steampipe-plugin-hackernews.plugin: [TRACE] t.List.initialise
2022-11-15 08:21:41.745 UTC [TRACE] steampipe-plugin-hackernews.plugin: [TRACE] ListConfig.initialise table hackernews_item
2022-11-15 08:21:41.745 UTC [TRACE] steampipe-plugin-hackernews.plugin: [TRACE] ListConfig.initialise complete: RetryConfig: , IgnoreConfig
2022-11-15 08:21:41.745 UTC [TRACE] steampipe-plugin-hackernews.plugin: [TRACE] HydrateConfig.initialise func getItem, table hackernews_item
2022-11-15 08:21:41.745 UTC [TRACE] steampipe-plugin-hackernews.plugin: [TRACE] HydrateConfig.initialise complete: RetryConfig: , IgnoreConfig:
2022-11-15 08:21:41.745 UTC [TRACE] steampipe-plugin-hackernews.plugin: [TRACE] back from initialiseHydrateConfigs
2022-11-15 08:21:41.745 UTC [TRACE] steampipe-plugin-hackernews.plugin: [TRACE] initialise table hackernews_item COMPLETE
2022-11-15 08:21:41.745 UTC [TRACE] steampipe-plugin-hackernews.plugin: [TRACE] initialise table hackernews_job
2022-11-15 08:21:41.745 UTC [TRACE] steampipe-plugin-hackernews.plugin: [TRACE] no DefaultRetryConfig defined - creating empty
2022-11-15 08:21:41.745 UTC [TRACE] steampipe-plugin-hackernews.plugin: [TRACE] no DefaultIgnoreConfig defined - creating empty
2022-11-15 08:21:41.745 UTC [TRACE] steampipe-plugin-hackernews.plugin: [TRACE] apply plugin defaults for DefaultRetryConfig
2022-11-15 08:21:41.745 UTC [TRACE] steampipe-plugin-hackernews.plugin: [TRACE] apply plugin defaults for DefaultIgnoreConfig, table &{<nil> <nil>} plugin &{<nil> <nil>}
2022-11-15 08:21:41.745 UTC [TRACE] steampipe-plugin-hackernews.plugin: [TRACE] DefaultRetryConfig:
2022-11-15 08:21:41.745 UTC [TRACE] steampipe-plugin-hackernews.plugin: [TRACE] DefaultIgnoreConfig:
2022-11-15 08:21:41.745 UTC [TRACE] steampipe-plugin-hackernews.plugin: [TRACE] t.Get.initialise
2022-11-15 08:21:41.745 UTC [TRACE] steampipe-plugin-hackernews.plugin: [TRACE] GetConfig.initialise table hackernews_job
2022-11-15 08:21:41.745 UTC [TRACE] steampipe-plugin-hackernews.plugin: [TRACE] GetConfig.initialise complete: RetryConfig: , IgnoreConfig:
2022-11-15 08:21:41.745 UTC [TRACE] steampipe-plugin-hackernews.plugin: [TRACE] t.List.initialise
2022-11-15 08:21:41.745 UTC [TRACE] steampipe-plugin-hackernews.plugin: [TRACE] ListConfig.initialise table hackernews_job
2022-11-15 08:21:41.745 UTC [TRACE] steampipe-plugin-hackernews.plugin: [TRACE] ListConfig.initialise complete: RetryConfig: , IgnoreConfig
2022-11-15 08:21:41.745 UTC [TRACE] steampipe-plugin-hackernews.plugin: [TRACE] HydrateConfig.initialise func getItem, table hackernews_job
2022-11-15 08:21:41.745 UTC [TRACE] steampipe-plugin-hackernews.plugin: [TRACE] HydrateConfig.initialise complete: RetryConfig: , IgnoreConfig:
2022-11-15 08:21:41.745 UTC [TRACE] steampipe-plugin-hackernews.plugin: [TRACE] back from initialiseHydrateConfigs
2022-11-15 08:21:41.745 UTC [TRACE] steampipe-plugin-hackernews.plugin: [TRACE] initialise table hackernews_job COMPLETE
2022-11-15 08:21:41.745 UTC [TRACE] steampipe-plugin-hackernews.plugin: [TRACE] validate plugin steampipe-plugin-hackernews, required columns []
2022-11-15 08:21:41.745 UTC [TRACE] steampipe-plugin-hackernews.plugin: [TRACE] validate DefaultRetryConfig
2022-11-15 08:21:41.745 UTC [TRACE] steampipe-plugin-hackernews.plugin: [TRACE] validate DefaultIgnoreConfig
2022-11-15 08:21:41.745 UTC [TRACE] steampipe-plugin-hackernews.plugin: [TRACE] validate table names
2022-11-15 08:21:41.745 UTC [TRACE] steampipe-plugin-hackernews.plugin: [TRACE] plugin has 0 validation errors
2022-11-15 08:21:41.745 UTC [TRACE] steampipe-plugin-hackernews.plugin: [TRACE] Plugin ensureCache creating cache, maxCacheStorageMb 0
2022-11-15 08:21:41.745 UTC [TRACE] steampipe-plugin-hackernews.plugin: [TRACE] createCacheStore for plugin 'steampipe-plugin-hackernews' setting max size to 0Mb, Shards: 2, max shard size: 0
2022-11-15 08:21:41.756 UTC [INFO]  steampipe-plugin-hackernews.plugin: [INFO]  query cache created
2022-11-15 08:21:41.756 UTC [DEBUG] steampipe-plugin-hackernews.plugin: [DEBUG] SetAllConnectionConfigs finished
2022-11-15 08:21:41.756 UTC [TRACE] PluginManager getPlugin complete, returning reattach config with PID: 2063
2022-11-15 08:21:41.756 UTC [TRACE] PluginManager Get returning reattach_map:{key:"hackernews" value:{protocol:"grpc" addr:{Network:"unix" Address:"/tmp/plugin184402537"} pid:2063 supported_operations:{query_cache:true multiple_connections:true} connections:"hackernews" plugin:"hub.steampipe.io/plugins/turbot/hackernews@latest"}}
2022-11-15 08:21:41.760 UTC [INFO]  steampipe-plugin-hackernews.plugin: [INFO]  1668500501218: Plugin Execute (1668500501218)
2022-11-15 08:21:41.760 UTC [TRACE] steampipe-plugin-hackernews.plugin: [TRACE] 1668500501218: No memory limit set
2022-11-15 08:21:41.760 UTC [INFO]  steampipe-plugin-hackernews.plugin: [INFO]  1668500501218: Plugin Execute, setting memory limit to -1Mb
2022-11-15 08:21:41.760 UTC [TRACE] steampipe-plugin-hackernews.plugin: [TRACE] 1668500501218: calling ExtractContextFromCarrier
2022-11-15 08:21:41.760 UTC [INFO]  steampipe-plugin-hackernews.plugin: [INFO]  1668500501218: Setting max concurrent connections to 25
2022-11-15 08:21:41.760 UTC [TRACE] steampipe-plugin-hackernews.plugin: [TRACE] 1668500501218: executeForConnection callId: 1668500501218, connectionCallId: hackernews-1668500501218, connection: hackernews table: hackernews_new cols: id,title,time,by,score,dead,deleted,descendants,kids,parent,parts,poll,text,type,url,_ctx
2022-11-15 08:21:41.760 UTC [TRACE] steampipe-plugin-hackernews.plugin: [TRACE] 1668500501218: got connection data
2022-11-15 08:21:41.760 UTC [TRACE] steampipe-plugin-hackernews.plugin: [TRACE] 1668500501218: Got query context, table: hackernews_new, cols: [id title time by score dead deleted descendants kids parent parts poll text type url _ctx]
2022-11-15 08:21:41.760 UTC [TRACE] steampipe-plugin-hackernews.plugin: [TRACE] 1668500501218: Start execute span
2022-11-15 08:21:41.760 UTC [INFO]  steampipe-plugin-hackernews.plugin: [INFO]  1668500501218: Setting free memory interval to 100 rows
2022-11-15 08:21:41.760 UTC [TRACE] steampipe-plugin-hackernews.plugin: [TRACE] 1668500501218: setFetchType map[time:quals:{fieldName:"time"  string_value:">"  value:{timestamp_value:{seconds:1668496901  nanos:648974000}}}]
2022-11-15 08:21:41.761 UTC [TRACE] steampipe-plugin-hackernews.plugin: [TRACE] 1668500501218: getMatchingQuals column:'id' operator: =
2022-11-15 08:21:41.761 UTC [TRACE] steampipe-plugin-hackernews.plugin: [TRACE] 1668500501218: getMatchingQuals returning false - qualMap does not contain any quals for column id
2022-11-15 08:21:41.761 UTC [TRACE] steampipe-plugin-hackernews.plugin: [TRACE] 1668500501218: GetUnsatisfiedKeyColumns for columns column:'id' operator: =
2022-11-15 08:21:41.762 UTC [TRACE] steampipe-plugin-hackernews.plugin: [TRACE] 1668500501218: key column NOT satisfied column:'id' operator: =
2022-11-15 08:21:41.762 UTC [TRACE] steampipe-plugin-hackernews.plugin: [TRACE] 1668500501218: satisfied: map[any_of: optional: required:]
2022-11-15 08:21:41.762 UTC [TRACE] steampipe-plugin-hackernews.plugin: [TRACE] 1668500501218: unsatisfied: map[any_of: optional: required:column:'id' operator: =]
2022-11-15 08:21:41.763 UTC [TRACE] steampipe-plugin-hackernews.plugin: [TRACE] 1668500501218: unsatisfied required KeyColumns: column:'id' operator: =
2022-11-15 08:21:41.763 UTC [TRACE] steampipe-plugin-hackernews.plugin: [TRACE] 1668500501218: Set fetchType to fetchTypeList
2022-11-15 08:21:41.763 UTC [TRACE] steampipe-plugin-hackernews.plugin: [TRACE] 1668500501218: Equals key column quals:
2022-11-15 08:21:41.763 UTC [DEBUG] steampipe-plugin-hackernews.plugin: {}
2022-11-15 08:21:41.763 UTC [TRACE] steampipe-plugin-hackernews.plugin: [TRACE] 1668500501218: All key column quals:
2022-11-15 08:21:41.763 UTC [DEBUG] steampipe-plugin-hackernews.plugin: {}
2022-11-15 08:21:41.763 UTC [TRACE] steampipe-plugin-hackernews.plugin: [TRACE] 1668500501218: GetMatrixItem
2022-11-15 08:21:41.763 UTC [TRACE] steampipe-plugin-hackernews.plugin: [TRACE] 1668500501218: creating query data
2022-11-15 08:21:41.763 UTC [INFO]  steampipe-plugin-hackernews.plugin: [INFO]  1668500501218: cacheEnabled, trying cache get (hackernews-1668500501218)
2022-11-15 08:21:41.763 UTC [TRACE] steampipe-plugin-hackernews.plugin: [TRACE] 1668500501218: QueryCache Get - indexBucketKey index__hackernewshackernews_new, quals
2022-11-15 08:21:41.763 UTC [TRACE] steampipe-plugin-hackernews.plugin: [TRACE] 1668500501218: QueryCache getCachedQueryResult - table hackernews_new, connectionName hackernews
2022-11-15 08:21:41.763 UTC [TRACE] steampipe-plugin-hackernews.plugin: [TRACE] 1668500501218: index bucket key: index__hackernewshackernews_new ttlSeconds 300 limit: -1
2022-11-15 08:21:41.763 UTC [TRACE] steampipe-plugin-hackernews.plugin: [TRACE] 1668500501218: doGet cache miss
2022-11-15 08:21:41.763 UTC [TRACE] steampipe-plugin-hackernews.plugin: [TRACE] 1668500501218: getCachedIndexBucket - no item retrieved for cache key index__hackernewshackernews_new
2022-11-15 08:21:41.763 UTC [TRACE] steampipe-plugin-hackernews.plugin: [TRACE] 1668500501218: getCachedQueryResult returned CACHE MISS - checking for pending transfers
2022-11-15 08:21:41.763 UTC [TRACE] steampipe-plugin-hackernews.plugin: [TRACE] 1668500501218: getPendingResultItem indexBucketKey index__hackernewshackernews_new, columns [id title time by score dead deleted descendants kids parent parts poll text type url _ctx], limit -1
2022-11-15 08:21:41.763 UTC [TRACE] steampipe-plugin-hackernews.plugin: [TRACE] 1668500501218: no pending index item - add pending result, indexBucketKey index__hackernewshackernews_new
2022-11-15 08:21:41.763 UTC [TRACE] steampipe-plugin-hackernews.plugin: [TRACE] 1668500501218: addPendingResult (hackernews-1668500501218) indexBucketKey index__hackernewshackernews_new, columns [id title time by score dead deleted descendants kids parent parts poll text type url _ctx], limit -1
2022-11-15 08:21:41.763 UTC [TRACE] steampipe-plugin-hackernews.plugin: [TRACE] 1668500501218: no index bucket found - creating one
2022-11-15 08:21:41.763 UTC [TRACE] steampipe-plugin-hackernews.plugin: [TRACE] 1668500501218: pendingIndexItem Lock count before 0
2022-11-15 08:21:41.763 UTC [TRACE] steampipe-plugin-hackernews.plugin: [TRACE] 1668500501218: addPendingResult added pending index item to bucket, (hackernews-1668500501218) indexBucketKey index__hackernewshackernews_new, resultKeyRoot hackernewshackernews_newid,title,time,by,score,dead,deleted,descendants,kids,parent,parts,poll,text,type,url,_ctx-1, pending item : 0xc000410d50
2022-11-15 08:21:41.763 UTC [TRACE] steampipe-plugin-hackernews.plugin: [TRACE] 1668500501218: **** pending items (hackernews-1668500501218)****
2022-11-15 08:21:41.763 UTC [TRACE] steampipe-plugin-hackernews.plugin: [TRACE] 1668500501218: key: index__hackernewshackernews_new: item: 0xc000410d50, count: 1, key:hackernewshackernews_newid,title,time,by,score,dead,deleted,descendants,kids,parent,parts,poll,text,type,url,_ctx-1
2022-11-15 08:21:41.763 UTC [TRACE] steampipe-plugin-hackernews.plugin: [TRACE] 1668500501218: ********
2022-11-15 08:21:41.763 UTC [TRACE] steampipe-plugin-hackernews.plugin: [TRACE] 1668500501218: getPendingResultItem returning <nil>
2022-11-15 08:21:41.763 UTC [INFO]  steampipe-plugin-hackernews.plugin: [INFO]  1668500501218: CACHE MISS
2022-11-15 08:21:41.763 UTC [TRACE] steampipe-plugin-hackernews.plugin: [TRACE] 1668500501218: cache MISS
2022-11-15 08:21:41.763 UTC [INFO]  steampipe-plugin-hackernews.plugin: [INFO]  1668500501218: queryCacheGet returned CACHE MISS (hackernews-1668500501218)
2022-11-15 08:21:41.763 UTC [TRACE] steampipe-plugin-hackernews.plugin: [TRACE] 1668500501218: StartSet (hackernews-1668500501218)
2022-11-15 08:21:41.763 UTC [TRACE] steampipe-plugin-hackernews.plugin: [TRACE] 1668500501218: calling fetchItems, table: hackernews_new, matrixItem: [], limit: -1,  connectionCallId: hackernews-1668500501218"
2022-11-15 08:21:41.763 UTC [TRACE] steampipe-plugin-hackernews.plugin: [TRACE] 1668500501218: buildRowsAsync connectionCallId: hackernews-1668500501218
2022-11-15 08:21:41.763 UTC [TRACE] steampipe-plugin-hackernews.plugin: [TRACE] 1668500501218: streamRows connectionCallId: hackernews-1668500501218
2022-11-15 08:21:41.763 UTC [TRACE] steampipe-plugin-hackernews.plugin: [TRACE] 1668500501218: QueryData streamRows (hackernews-1668500501218)
2022-11-15 08:21:41.763 UTC [TRACE] steampipe-plugin-hackernews.plugin: [TRACE] 1668500501218: executeListCall START (hackernews-1668500501218)
2022-11-15 08:21:41.763 UTC [TRACE] steampipe-plugin-hackernews.plugin: [TRACE] 1668500501218: GetUnsatisfiedKeyColumns for columns
2022-11-15 08:21:41.763 UTC [TRACE] steampipe-plugin-hackernews.plugin: [TRACE] 1668500501218: doList (hackernews-1668500501218)
2022-11-15 08:21:41.763 UTC [TRACE] steampipe-plugin-hackernews.plugin: [TRACE] 1668500501218: doList: no matrix item
2022-11-15 08:21:41.925 UTC [TRACE] stdio: received data: channel=STDOUT len=17
2022-11-15 08:21:41.925 UTC [TRACE] stdio: waiting for stdio data
2022-11-15 08:21:41.925 UTC [TRACE] steampipe-plugin-hackernews.plugin: [TRACE] 1668500501218: QueryData.fetchComplete
2022-11-15 08:21:41.925 UTC [TRACE] steampipe-plugin-hackernews.plugin: [TRACE] 1668500501218: executeListCall COMPLETE (hackernews-1668500501218)
2022-11-15 08:21:41.926 UTC [TRACE] steampipe-plugin-hackernews.plugin: [TRACE] 1668500501218: rowData chan returned nil - wait for rows to complete (hackernews-1668500501218)
2022-11-15 08:21:42.035 UTC [TRACE] stdio: received data: channel=STDOUT len=490
2022-11-15 08:21:42.035 UTC [TRACE] stdio: waiting for stdio data
2022-11-15 08:21:42.054 UTC [TRACE] stdio: received data: channel=STDOUT len=767
2022-11-15 08:21:42.054 UTC [TRACE] stdio: waiting for stdio data
2022-11-15 08:21:42.058 UTC [TRACE] stdio: received data: channel=STDOUT len=150
2022-11-15 08:21:42.058 UTC [TRACE] stdio: waiting for stdio data
2022-11-15 08:21:42.096 UTC [TRACE] stdio: received data: channel=STDOUT len=1024
2022-11-15 08:21:42.096 UTC [TRACE] stdio: waiting for stdio data
2022-11-15 08:21:42.132 UTC [TRACE] stdio: received data: channel=STDOUT len=523
2022-11-15 08:21:42.132 UTC [TRACE] stdio: waiting for stdio data
2022-11-15 08:21:42.212 UTC [TRACE] stdio: received data: channel=STDOUT len=814
2022-11-15 08:21:42.212 UTC [TRACE] stdio: waiting for stdio data
2022-11-15 08:21:42.280 UTC [TRACE] stdio: received data: channel=STDOUT len=1024
2022-11-15 08:21:42.280 UTC [TRACE] stdio: waiting for stdio data
2022-11-15 08:21:42.354 UTC [TRACE] stdio: received data: channel=STDOUT len=33
2022-11-15 08:21:42.354 UTC [TRACE] stdio: waiting for stdio data
2022-11-15 08:21:42.355 UTC [TRACE] steampipe-plugin-hackernews.plugin: [TRACE] 1668500501218: buildRowsAsync goroutine returning (hackernews-1668500501218)
2022-11-15 08:21:42.355 UTC [TRACE] steampipe-plugin-hackernews.plugin: [TRACE] 1668500501218: streamRows - nil row, stop streaming (hackernews-1668500501218)
2022-11-15 08:21:42.355 UTC [TRACE] steampipe-plugin-hackernews.plugin: [TRACE] 1668500501218: ------------------------------------
2022-11-15 08:21:42.355 UTC [TRACE] steampipe-plugin-hackernews.plugin: [TRACE] 1668500501218: Concurrency Summary
2022-11-15 08:21:42.355 UTC [TRACE] steampipe-plugin-hackernews.plugin: [TRACE] 1668500501218: ------------------------------------
2022-11-15 08:21:42.355 UTC [TRACE] steampipe-plugin-hackernews.plugin: [TRACE] 1668500501218: getItem                       : 200
2022-11-15 08:21:42.355 UTC [TRACE] steampipe-plugin-hackernews.plugin: [TRACE] 1668500501218: ------------------------------------
2022-11-15 08:21:42.355 UTC [TRACE] steampipe-plugin-hackernews.plugin: [TRACE] 1668500501218: Total                         : 200
2022-11-15 08:21:42.355 UTC [TRACE] steampipe-plugin-hackernews.plugin: [TRACE] 1668500501218: ------------------------------------
2022-11-15 08:21:42.355 UTC [TRACE] steampipe-plugin-hackernews.plugin: [TRACE] 1668500501218: QueryData streamRows DONE (hackernews-1668500501218)
2022-11-15 08:21:42.355 UTC [TRACE] steampipe-plugin-hackernews.plugin: [TRACE] 1668500501218: EndSet (hackernews-1668500501218) table hackernews_new
2022-11-15 08:21:42.355 UTC [TRACE] steampipe-plugin-hackernews.plugin: [TRACE] 1668500501218: QueryCache writePageToCache: 500 rows, pageCount 1, page key hackernewshackernews_newid,title,time,by,score,dead,deleted,descendants,kids,parent,parts,poll,text,type,url,_ctx-1-0
2022-11-15 08:21:42.355 UTC [TRACE] stdio: received data: channel=STDOUT len=14
2022-11-15 08:21:42.355 UTC [TRACE] stdio: waiting for stdio data
2022-11-15 08:21:42.362 UTC [TRACE] steampipe-plugin-hackernews.plugin: [TRACE] 1668500501218: writePageToCache Set - result written
2022-11-15 08:21:42.362 UTC [TRACE] steampipe-plugin-hackernews.plugin: [TRACE] 1668500501218: QueryCache EndSet - result written
2022-11-15 08:21:42.362 UTC [TRACE] steampipe-plugin-hackernews.plugin: [TRACE] 1668500501218: doGet cache miss
2022-11-15 08:21:42.362 UTC [TRACE] steampipe-plugin-hackernews.plugin: [TRACE] 1668500501218: getCachedIndexBucket - no item retrieved for cache key index__hackernewshackernews_new
2022-11-15 08:21:42.362 UTC [TRACE] steampipe-plugin-hackernews.plugin: [TRACE] 1668500501218: getCachedIndexBucket returned cache miss
2022-11-15 08:21:42.362 UTC [TRACE] steampipe-plugin-hackernews.plugin: [TRACE] 1668500501218: QueryCache EndSet - Added index item (0xc0004dcde0) to bucket (0xc01af23f20), page count 1,  key root hackernewshackernews_newid,title,time,by,score,dead,deleted,descendants,kids,parent,parts,poll,text,type,url,_ctx-1
2022-11-15 08:21:42.362 UTC [TRACE] steampipe-plugin-hackernews.plugin: [TRACE] 1668500501218: cacheSetIndexBucket index__hackernewshackernews_new
2022-11-15 08:21:42.362 UTC [TRACE] steampipe-plugin-hackernews.plugin: [TRACE] 1668500501218: QueryCache EndSet - IndexBucket written
2022-11-15 08:21:42.362 UTC [TRACE] steampipe-plugin-hackernews.plugin: [TRACE] 1668500501218: EndSet DEFER (hackernews-1668500501218) table hackernews_new
2022-11-15 08:21:42.362 UTC [TRACE] steampipe-plugin-hackernews.plugin: [TRACE] 1668500501218: calling pendingItemComplete (hackernews-1668500501218)
2022-11-15 08:21:42.362 UTC [TRACE] steampipe-plugin-hackernews.plugin: [TRACE] 1668500501218: pendingItemComplete (hackernews-1668500501218) indexBucketKey index__hackernewshackernews_new, columns [id title time by score dead deleted descendants kids parent parts poll text type url _ctx], limit -1
2022-11-15 08:21:42.362 UTC [TRACE] steampipe-plugin-hackernews.plugin: [TRACE] 1668500501218: got pending index bucket, (hackernews-1668500501218) len 1
2022-11-15 08:21:42.362 UTC [TRACE] steampipe-plugin-hackernews.plugin: [TRACE] 1668500501218: SatisfiesLimit limit -1, no item limit - satisfied
2022-11-15 08:21:42.362 UTC [TRACE] steampipe-plugin-hackernews.plugin: [TRACE] 1668500501218: found pending index item to satisfy columns id,title,time,by,score,dead,deleted,descendants,kids,parent,parts,poll,text,type,url,_ctx, limit -1
2022-11-15 08:21:42.362 UTC [TRACE] steampipe-plugin-hackernews.plugin: [TRACE] 1668500501218: found completed pending item (hackernews-1668500501218) 0xc000410d50, key hackernewshackernews_newid,title,time,by,score,dead,deleted,descendants,kids,parent,parts,poll,text,type,url,_ctx-1 - removing from map as it is complete
2022-11-15 08:21:42.362 UTC [TRACE] steampipe-plugin-hackernews.plugin: [TRACE] 1668500501218: pendingIndexItem Unlock count before 1 key hackernewshackernews_newid,title,time,by,score,dead,deleted,descendants,kids,parent,parts,poll,text,type,url,_ctx-1
2022-11-15 08:21:42.362 UTC [TRACE] steampipe-plugin-hackernews.plugin: [TRACE] 1668500501218: deleted from pending, (hackernews-1668500501218) len 0
2022-11-15 08:21:42.362 UTC [TRACE] steampipe-plugin-hackernews.plugin: [TRACE] 1668500501218: pending bucket now empty - deleting key index__hackernewshackernews_new
2022-11-15 08:21:42.362 UTC [TRACE] steampipe-plugin-hackernews.plugin: [TRACE] 1668500501218: pendingItemComplete done (hackernews-1668500501218)
2022-11-15 08:21:42.362 UTC [TRACE] steampipe-plugin-hackernews.plugin: [TRACE] 1668500501218: cache set succeeded
2022-11-15 08:21:42.362 UTC [TRACE] steampipe-plugin-hackernews.plugin: [TRACE] 1668500501218: End execute span
2022-11-15 08:21:42.362 UTC [TRACE] steampipe-plugin-hackernews.plugin: [TRACE] 1668500501218: executeForConnection DEFER (hackernews-1668500501218)
2022-11-15 08:21:42.362 UTC [TRACE] steampipe-plugin-hackernews.plugin: [TRACE] 1668500501218: Execute complete callId: hackernews-1668500501218 table: hackernews_new
2022-11-15 08:21:42.362 UTC [TRACE] steampipe-plugin-hackernews.plugin: [TRACE] 1668500501218: executeForConnection hackernews returned
2022-11-15 08:21:42.362 UTC [TRACE] steampipe-plugin-hackernews.plugin: [TRACE] 1668500501218: output wg complete - send nil row
2022-11-15 08:21:42.362 UTC [TRACE] steampipe-plugin-hackernews.plugin: [TRACE] 1668500501218: empty row on output channel - we are done
2022-11-15 08:21:42.362 UTC [INFO]  steampipe-plugin-hackernews.plugin: [INFO]  1668500501218: Plugin Execute complete (1668500501218)
2022-11-15 08:21:42.424 UTC [TRACE] PluginManager Shutdown
2022-11-15 08:21:42.424 UTC [TRACE] killing plugin csv (2039)
2022-11-15 08:21:42.425 UTC [TRACE] steampipe-plugin-csv.plugin: [TRACE] FLUSHING instrumentation
2022-11-15 08:21:42.425 UTC [TRACE] steampipe-plugin-csv.plugin: [TRACE] Shutdown instrumentation
2022-11-15 08:21:42.425 UTC [DEBUG] stdio: received EOF, stopping recv loop: err="rpc error: code = Unavailable desc = error reading from server: EOF"
2022-11-15 08:21:42.425 UTC [INFO]  plugin process exited: path=/home/runner/.steampipe/plugins/hub.steampipe.io/plugins/turbot/csv@latest/steampipe-plugin-csv.plugin pid=2039
2022-11-15 08:21:42.425 UTC [DEBUG] plugin exited
2022-11-15 08:21:42.425 UTC [TRACE] killing plugin hackernews (2063)
2022-11-15 08:21:42.426 UTC [TRACE] steampipe-plugin-hackernews.plugin: [TRACE] 1668500501218: FLUSHING instrumentation
2022-11-15 08:21:42.426 UTC [TRACE] steampipe-plugin-hackernews.plugin: [TRACE] 1668500501218: Shutdown instrumentation
2022-11-15 08:21:42.426 UTC [DEBUG] stdio: received EOF, stopping recv loop: err="rpc error: code = Unavailable desc = error reading from server: EOF"
2022-11-15 08:21:42.428 UTC [INFO]  plugin process exited: path=/home/runner/.steampipe/plugins/hub.steampipe.io/plugins/turbot/hackernews@latest/steampipe-plugin-hackernews.plugin pid=2063
2022-11-15 08:21:42.428 UTC [DEBUG] plugin exited
2022-11-15 08:21:46.589 UTC [WARN]  steampipe-plugin-csv.plugin: [WARN]  1668500506114: getKeyColumnsForTable found no schema for table '/home/runner/work/steampipe-samples/steampipe-samples/all/hackernews/hn.csv'
2022-11-15 08:22:09.450 UTC [WARN]  steampipe-plugin-csv.plugin: [WARN]  166850052963: getKeyColumnsForTable found no schema for table '/home/runner/work/steampipe-samples/steampipe-samples/all/hackernews/hn.csv'
2022-11-15 08:24:19.570 UTC [ERROR] steampipe-plugin-csv.plugin: [ERROR] csv.tableCSV: header_parse_error=EOF path=/home/runner/work/steampipe-samples/steampipe-samples/all/hackernews/new_sc.csv header=[]
2022-11-15 08:24:19.570 UTC [ERROR] steampipe-plugin-csv.plugin: [ERROR] csv.PluginTables: create_table_error="failed to parse file header /home/runner/work/steampipe-samples/steampipe-samples/all/hackernews/new_sc.csv: EOF" path=/home/runner/work/steampipe-samples/steampipe-samples/all/hackernews/new_sc.csv
2022-11-15 08:24:19.571 UTC [WARN]  failed to set connection config: failed to parse file header /home/runner/work/steampipe-samples/steampipe-samples/all/hackernews/new_sc.csv: EOF
2022-11-15 08:24:20.898 UTC [WARN]  steampipe-plugin-csv.plugin: [WARN]  1668500660291: getKeyColumnsForTable found no schema for table '/home/runner/work/steampipe-samples/steampipe-samples/all/hackernews/new_sc.csv'
2022-11-15 08:24:27.866 UTC [ERROR] steampipe-plugin-csv.plugin: [ERROR] csv.tableCSV: header_parse_error=EOF path=/home/runner/work/steampipe-samples/steampipe-samples/all/hackernews/hn_items_all.csv header=[]
2022-11-15 08:24:27.866 UTC [ERROR] steampipe-plugin-csv.plugin: [ERROR] csv.PluginTables: create_table_error="failed to parse file header /home/runner/work/steampipe-samples/steampipe-samples/all/hackernews/hn_items_all.csv: EOF" path=/home/runner/work/steampipe-samples/steampipe-samples/all/hackernews/hn_items_all.csv
2022-11-15 08:24:27.866 UTC [WARN]  failed to set connection config: failed to parse file header /home/runner/work/steampipe-samples/steampipe-samples/all/hackernews/hn_items_all.csv: EOF
2022-11-15 08:24:29.202 UTC [ERROR] steampipe-plugin-csv.plugin: [ERROR] csv.tableCSV: header_parse_error=EOF path=/home/runner/work/steampipe-samples/steampipe-samples/all/hackernews/people.csv header=[]
2022-11-15 08:24:29.202 UTC [ERROR] steampipe-plugin-csv.plugin: [ERROR] csv.PluginTables: create_table_error="failed to parse file header /home/runner/work/steampipe-samples/steampipe-samples/all/hackernews/people.csv: EOF" path=/home/runner/work/steampipe-samples/steampipe-samples/all/hackernews/people.csv
2022-11-15 08:24:29.202 UTC [WARN]  failed to set connection config: failed to parse file header /home/runner/work/steampipe-samples/steampipe-samples/all/hackernews/people.csv: EOF
