2022-12-31 11:17:18.782 UTC [INFO]  starting plugin manager
2022-12-31 11:17:18.783 UTC [TRACE] loaded config map: net,csv,github,hackernews
2022-12-31 11:17:18.783 UTC [TRACE] NewPluginManager
2022-12-31 11:17:18.783 UTC [TRACE] PluginManager setPluginCacheSizeMap: 4 connections.
2022-12-31 11:17:18.783 UTC [TRACE] Total cache size 0Mb
2022-12-31 11:17:18.783 UTC [INFO]  starting connection watcher
2022-12-31 11:17:18.783 UTC [INFO]  created ConnectionWatcher
2022-12-31 11:17:18.783 UTC [TRACE] about to serve
2022-12-31 11:17:18.854 UTC [TRACE] PluginManager Get, connections: '[csv]'
2022-12-31 11:17:18.854 UTC [TRACE] PluginManager getPlugin hub.steampipe.io/plugins/turbot/csv@latest connection 'csv'
2022-12-31 11:17:18.854 UTC [TRACE] PluginManager 0xc00009d720 plugin hub.steampipe.io/plugins/turbot/csv@latest (csv) NOT started or starting - start now
2022-12-31 11:17:18.854 UTC [TRACE] ************ start plugin csv ********************
2022-12-31 11:17:18.854 UTC [TRACE] ************ plugin path /home/runner/.steampipe/plugins/hub.steampipe.io/plugins/turbot/csv@latest/steampipe-plugin-csv.plugin ********************
2022-12-31 11:17:18.885 UTC [TRACE] handleFileWatcherEvent ignoring first event
2022-12-31 11:17:18.922 UTC [DEBUG] starting plugin: path=/home/runner/.steampipe/plugins/hub.steampipe.io/plugins/turbot/csv@latest/steampipe-plugin-csv.plugin args=["/home/runner/.steampipe/plugins/hub.steampipe.io/plugins/turbot/csv@latest/steampipe-plugin-csv.plugin"]
2022-12-31 11:17:18.923 UTC [DEBUG] plugin started: path=/home/runner/.steampipe/plugins/hub.steampipe.io/plugins/turbot/csv@latest/steampipe-plugin-csv.plugin pid=2025
2022-12-31 11:17:18.923 UTC [DEBUG] waiting for RPC address: path=/home/runner/.steampipe/plugins/hub.steampipe.io/plugins/turbot/csv@latest/steampipe-plugin-csv.plugin
2022-12-31 11:17:18.929 UTC [INFO]  steampipe-plugin-csv.plugin: [INFO]  Initialise plugin 'steampipe-plugin-csv', using sdk version 4.1.8
2022-12-31 11:17:18.929 UTC [TRACE] steampipe-plugin-csv.plugin: [TRACE] no DefaultRetryConfig defined - creating empty
2022-12-31 11:17:18.929 UTC [TRACE] steampipe-plugin-csv.plugin: [TRACE] no DefaultIgnoreConfig defined - creating empty
2022-12-31 11:17:18.930 UTC [TRACE] steampipe-plugin-csv.plugin: [TRACE] telemetry.Init service 'steampipe-plugin-csv', tracingEnabled: false, metricsEnabled: false
2022-12-31 11:17:18.930 UTC [TRACE] steampipe-plugin-csv.plugin: [TRACE] metrics and tracing disabled' - returning
2022-12-31 11:17:18.930 UTC [DEBUG] steampipe-plugin-csv.plugin: plugin address: network=unix address=/tmp/plugin1221629090 timestamp=2022-12-31T11:17:18.930Z
2022-12-31 11:17:18.930 UTC [DEBUG] using plugin: version=0
2022-12-31 11:17:18.930 UTC [TRACE] NewPluginClient for plugin hub.steampipe.io/plugins/turbot/csv@latest
2022-12-31 11:17:18.931 UTC [TRACE] stdio: waiting for stdio data
2022-12-31 11:17:18.932 UTC [TRACE] supportedOperations: query_cache:true multiple_connections:true
2022-12-31 11:17:18.932 UTC [TRACE] steampipe-plugin-csv.plugin: [TRACE] SetAllConnectionConfigs setting 1 configs
2022-12-31 11:17:18.932 UTC [TRACE] steampipe-plugin-csv.plugin: [TRACE] connection csv build schema and table map
2022-12-31 11:17:18.932 UTC [DEBUG] steampipe-plugin-csv.plugin: [DEBUG] csv.tableCSV: path=/home/runner/work/steampipe-samples/steampipe-samples/all/hackernews/hn_items_all.csv detected_encoding=Unknown
2022-12-31 11:17:18.932 UTC [DEBUG] steampipe-plugin-csv.plugin: [DEBUG] csv.tableCSV: path=/home/runner/work/steampipe-samples/steampipe-samples/all/hackernews/new_sc.csv detected_encoding=Unknown
2022-12-31 11:17:18.932 UTC [DEBUG] steampipe-plugin-csv.plugin: [DEBUG] csv.tableCSV: path=/home/runner/work/steampipe-samples/steampipe-samples/all/hackernews/people.csv detected_encoding=Unknown
2022-12-31 11:17:18.932 UTC [TRACE] steampipe-plugin-csv.plugin: [TRACE] initialise table /home/runner/work/steampipe-samples/steampipe-samples/all/hackernews/people.csv
2022-12-31 11:17:18.932 UTC [TRACE] steampipe-plugin-csv.plugin: [TRACE] no DefaultRetryConfig defined - creating empty
2022-12-31 11:17:18.932 UTC [TRACE] steampipe-plugin-csv.plugin: [TRACE] no DefaultIgnoreConfig defined - creating empty
2022-12-31 11:17:18.932 UTC [TRACE] steampipe-plugin-csv.plugin: [TRACE] apply plugin defaults for DefaultRetryConfig
2022-12-31 11:17:18.932 UTC [TRACE] steampipe-plugin-csv.plugin: [TRACE] apply plugin defaults for DefaultIgnoreConfig, table &{<nil> <nil>} plugin &{<nil> <nil>}
2022-12-31 11:17:18.932 UTC [TRACE] steampipe-plugin-csv.plugin: [TRACE] DefaultRetryConfig:
2022-12-31 11:17:18.932 UTC [TRACE] steampipe-plugin-csv.plugin: [TRACE] DefaultIgnoreConfig:
2022-12-31 11:17:18.932 UTC [TRACE] steampipe-plugin-csv.plugin: [TRACE] t.List.initialise
2022-12-31 11:17:18.932 UTC [TRACE] steampipe-plugin-csv.plugin: [TRACE] ListConfig.initialise table /home/runner/work/steampipe-samples/steampipe-samples/all/hackernews/people.csv
2022-12-31 11:17:18.932 UTC [TRACE] steampipe-plugin-csv.plugin: [TRACE] ListConfig.initialise complete: RetryConfig: , IgnoreConfig
2022-12-31 11:17:18.932 UTC [TRACE] steampipe-plugin-csv.plugin: [TRACE] back from initialiseHydrateConfigs
2022-12-31 11:17:18.932 UTC [TRACE] steampipe-plugin-csv.plugin: [TRACE] initialise table /home/runner/work/steampipe-samples/steampipe-samples/all/hackernews/people.csv COMPLETE
2022-12-31 11:17:18.932 UTC [TRACE] steampipe-plugin-csv.plugin: [TRACE] initialise table /home/runner/work/steampipe-samples/steampipe-samples/all/hackernews/hn_items_all.csv
2022-12-31 11:17:18.932 UTC [TRACE] steampipe-plugin-csv.plugin: [TRACE] no DefaultRetryConfig defined - creating empty
2022-12-31 11:17:18.932 UTC [TRACE] steampipe-plugin-csv.plugin: [TRACE] no DefaultIgnoreConfig defined - creating empty
2022-12-31 11:17:18.932 UTC [TRACE] steampipe-plugin-csv.plugin: [TRACE] apply plugin defaults for DefaultRetryConfig
2022-12-31 11:17:18.932 UTC [TRACE] steampipe-plugin-csv.plugin: [TRACE] apply plugin defaults for DefaultIgnoreConfig, table &{<nil> <nil>} plugin &{<nil> <nil>}
2022-12-31 11:17:18.932 UTC [TRACE] steampipe-plugin-csv.plugin: [TRACE] DefaultRetryConfig:
2022-12-31 11:17:18.932 UTC [TRACE] steampipe-plugin-csv.plugin: [TRACE] DefaultIgnoreConfig:
2022-12-31 11:17:18.932 UTC [TRACE] steampipe-plugin-csv.plugin: [TRACE] t.List.initialise
2022-12-31 11:17:18.932 UTC [TRACE] steampipe-plugin-csv.plugin: [TRACE] ListConfig.initialise table /home/runner/work/steampipe-samples/steampipe-samples/all/hackernews/hn_items_all.csv
2022-12-31 11:17:18.932 UTC [TRACE] steampipe-plugin-csv.plugin: [TRACE] ListConfig.initialise complete: RetryConfig: , IgnoreConfig
2022-12-31 11:17:18.932 UTC [TRACE] steampipe-plugin-csv.plugin: [TRACE] back from initialiseHydrateConfigs
2022-12-31 11:17:18.932 UTC [TRACE] steampipe-plugin-csv.plugin: [TRACE] initialise table /home/runner/work/steampipe-samples/steampipe-samples/all/hackernews/hn_items_all.csv COMPLETE
2022-12-31 11:17:18.932 UTC [TRACE] steampipe-plugin-csv.plugin: [TRACE] initialise table /home/runner/work/steampipe-samples/steampipe-samples/all/hackernews/new_sc.csv
2022-12-31 11:17:18.932 UTC [TRACE] steampipe-plugin-csv.plugin: [TRACE] no DefaultRetryConfig defined - creating empty
2022-12-31 11:17:18.932 UTC [TRACE] steampipe-plugin-csv.plugin: [TRACE] no DefaultIgnoreConfig defined - creating empty
2022-12-31 11:17:18.932 UTC [TRACE] steampipe-plugin-csv.plugin: [TRACE] apply plugin defaults for DefaultRetryConfig
2022-12-31 11:17:18.932 UTC [TRACE] steampipe-plugin-csv.plugin: [TRACE] apply plugin defaults for DefaultIgnoreConfig, table &{<nil> <nil>} plugin &{<nil> <nil>}
2022-12-31 11:17:18.932 UTC [TRACE] steampipe-plugin-csv.plugin: [TRACE] DefaultRetryConfig:
2022-12-31 11:17:18.932 UTC [TRACE] steampipe-plugin-csv.plugin: [TRACE] DefaultIgnoreConfig:
2022-12-31 11:17:18.932 UTC [TRACE] steampipe-plugin-csv.plugin: [TRACE] t.List.initialise
2022-12-31 11:17:18.932 UTC [TRACE] steampipe-plugin-csv.plugin: [TRACE] ListConfig.initialise table /home/runner/work/steampipe-samples/steampipe-samples/all/hackernews/new_sc.csv
2022-12-31 11:17:18.932 UTC [TRACE] steampipe-plugin-csv.plugin: [TRACE] ListConfig.initialise complete: RetryConfig: , IgnoreConfig
2022-12-31 11:17:18.932 UTC [TRACE] steampipe-plugin-csv.plugin: [TRACE] back from initialiseHydrateConfigs
2022-12-31 11:17:18.932 UTC [TRACE] steampipe-plugin-csv.plugin: [TRACE] initialise table /home/runner/work/steampipe-samples/steampipe-samples/all/hackernews/new_sc.csv COMPLETE
2022-12-31 11:17:18.932 UTC [TRACE] steampipe-plugin-csv.plugin: [TRACE] validate plugin steampipe-plugin-csv, required columns []
2022-12-31 11:17:18.932 UTC [TRACE] steampipe-plugin-csv.plugin: [TRACE] validate DefaultRetryConfig
2022-12-31 11:17:18.932 UTC [TRACE] steampipe-plugin-csv.plugin: [TRACE] validate DefaultIgnoreConfig
2022-12-31 11:17:18.932 UTC [TRACE] steampipe-plugin-csv.plugin: [TRACE] validate table names
2022-12-31 11:17:18.932 UTC [TRACE] steampipe-plugin-csv.plugin: [TRACE] plugin has 0 validation errors
2022-12-31 11:17:18.932 UTC [TRACE] steampipe-plugin-csv.plugin: [TRACE] Plugin ensureCache creating cache, maxCacheStorageMb 0
2022-12-31 11:17:18.932 UTC [TRACE] steampipe-plugin-csv.plugin: [TRACE] createCacheStore for plugin 'steampipe-plugin-csv' setting max size to 0Mb, Shards: 2, max shard size: 0
2022-12-31 11:17:18.947 UTC [INFO]  steampipe-plugin-csv.plugin: [INFO]  query cache created
2022-12-31 11:17:18.947 UTC [DEBUG] steampipe-plugin-csv.plugin: [DEBUG] SetAllConnectionConfigs finished
2022-12-31 11:17:18.948 UTC [TRACE] PluginManager getPlugin complete, returning reattach config with PID: 2025
2022-12-31 11:17:18.948 UTC [TRACE] PluginManager Get returning reattach_map:{key:"csv" value:{protocol:"grpc" addr:{Network:"unix" Address:"/tmp/plugin1221629090"} pid:2025 supported_operations:{query_cache:true multiple_connections:true} connections:"csv" plugin:"hub.steampipe.io/plugins/turbot/csv@latest"}}
2022-12-31 11:17:19.028 UTC [TRACE] PluginManager Get, connections: '[csv]'
2022-12-31 11:17:19.028 UTC [TRACE] PluginManager getPlugin hub.steampipe.io/plugins/turbot/csv@latest connection 'csv'
2022-12-31 11:17:19.028 UTC [TRACE] connection csv found in connectionPluginMap
2022-12-31 11:17:19.028 UTC [TRACE] initialized: 2025
2022-12-31 11:17:19.028 UTC [TRACE] initialized: 2025
2022-12-31 11:17:19.028 UTC [TRACE] connection csv is loaded, check for running PID
2022-12-31 11:17:19.029 UTC [TRACE] PluginManager found 'csv' in map, pid 2025
2022-12-31 11:17:19.029 UTC [TRACE] PluginManager Get returning reattach_map:{key:"csv" value:{protocol:"grpc" addr:{Network:"unix" Address:"/tmp/plugin1221629090"} pid:2025 supported_operations:{query_cache:true multiple_connections:true} connections:"csv" plugin:"hub.steampipe.io/plugins/turbot/csv@latest"}}
2022-12-31 11:17:19.173 UTC [TRACE] PluginManager Get, connections: '[hackernews]'
2022-12-31 11:17:19.173 UTC [TRACE] PluginManager getPlugin hub.steampipe.io/plugins/turbot/hackernews@latest connection 'hackernews'
2022-12-31 11:17:19.173 UTC [TRACE] PluginManager 0xc00009d720 plugin hub.steampipe.io/plugins/turbot/hackernews@latest (hackernews) NOT started or starting - start now
2022-12-31 11:17:19.173 UTC [TRACE] ************ start plugin hackernews ********************
2022-12-31 11:17:19.173 UTC [TRACE] ************ plugin path /home/runner/.steampipe/plugins/hub.steampipe.io/plugins/turbot/hackernews@latest/steampipe-plugin-hackernews.plugin ********************
2022-12-31 11:17:19.243 UTC [DEBUG] starting plugin: path=/home/runner/.steampipe/plugins/hub.steampipe.io/plugins/turbot/hackernews@latest/steampipe-plugin-hackernews.plugin args=["/home/runner/.steampipe/plugins/hub.steampipe.io/plugins/turbot/hackernews@latest/steampipe-plugin-hackernews.plugin"]
2022-12-31 11:17:19.243 UTC [DEBUG] plugin started: path=/home/runner/.steampipe/plugins/hub.steampipe.io/plugins/turbot/hackernews@latest/steampipe-plugin-hackernews.plugin pid=2046
2022-12-31 11:17:19.243 UTC [DEBUG] waiting for RPC address: path=/home/runner/.steampipe/plugins/hub.steampipe.io/plugins/turbot/hackernews@latest/steampipe-plugin-hackernews.plugin
2022-12-31 11:17:19.252 UTC [INFO]  steampipe-plugin-hackernews.plugin: [INFO]  Initialise plugin 'steampipe-plugin-hackernews', using sdk version 4.1.7
2022-12-31 11:17:19.252 UTC [TRACE] steampipe-plugin-hackernews.plugin: [TRACE] defaulting SchemaMode to SchemaModeStatic
2022-12-31 11:17:19.252 UTC [TRACE] steampipe-plugin-hackernews.plugin: [TRACE] no DefaultRetryConfig defined - creating empty
2022-12-31 11:17:19.252 UTC [TRACE] steampipe-plugin-hackernews.plugin: [TRACE] no DefaultIgnoreConfig defined - creating empty
2022-12-31 11:17:19.252 UTC [TRACE] steampipe-plugin-hackernews.plugin: [TRACE] Setting Ulimit: ulimit=2560
2022-12-31 11:17:19.254 UTC [TRACE] steampipe-plugin-hackernews.plugin: [TRACE] telemetry.Init service 'steampipe-plugin-hackernews', tracingEnabled: false, metricsEnabled: false
2022-12-31 11:17:19.254 UTC [TRACE] steampipe-plugin-hackernews.plugin: [TRACE] metrics and tracing disabled' - returning
2022-12-31 11:17:19.255 UTC [DEBUG] steampipe-plugin-hackernews.plugin: plugin address: address=/tmp/plugin3352112250 network=unix timestamp=2022-12-31T11:17:19.255Z
2022-12-31 11:17:19.255 UTC [DEBUG] using plugin: version=0
2022-12-31 11:17:19.255 UTC [TRACE] NewPluginClient for plugin hub.steampipe.io/plugins/turbot/hackernews@latest
2022-12-31 11:17:19.255 UTC [TRACE] stdio: waiting for stdio data
2022-12-31 11:17:19.256 UTC [TRACE] supportedOperations: query_cache:true multiple_connections:true
2022-12-31 11:17:19.256 UTC [TRACE] steampipe-plugin-hackernews.plugin: [TRACE] SetAllConnectionConfigs setting 1 configs
2022-12-31 11:17:19.256 UTC [TRACE] steampipe-plugin-hackernews.plugin: [TRACE] connection hackernews build schema and table map
2022-12-31 11:17:19.256 UTC [TRACE] steampipe-plugin-hackernews.plugin: [TRACE] initialise table hackernews_ask_hn
2022-12-31 11:17:19.256 UTC [TRACE] steampipe-plugin-hackernews.plugin: [TRACE] no DefaultRetryConfig defined - creating empty
2022-12-31 11:17:19.256 UTC [TRACE] steampipe-plugin-hackernews.plugin: [TRACE] no DefaultIgnoreConfig defined - creating empty
2022-12-31 11:17:19.256 UTC [TRACE] steampipe-plugin-hackernews.plugin: [TRACE] apply plugin defaults for DefaultRetryConfig
2022-12-31 11:17:19.256 UTC [TRACE] steampipe-plugin-hackernews.plugin: [TRACE] apply plugin defaults for DefaultIgnoreConfig, table &{<nil> <nil>} plugin &{<nil> <nil>}
2022-12-31 11:17:19.256 UTC [TRACE] steampipe-plugin-hackernews.plugin: [TRACE] DefaultRetryConfig:
2022-12-31 11:17:19.256 UTC [TRACE] steampipe-plugin-hackernews.plugin: [TRACE] DefaultIgnoreConfig:
2022-12-31 11:17:19.256 UTC [TRACE] steampipe-plugin-hackernews.plugin: [TRACE] t.Get.initialise
2022-12-31 11:17:19.256 UTC [TRACE] steampipe-plugin-hackernews.plugin: [TRACE] GetConfig.initialise table hackernews_ask_hn
2022-12-31 11:17:19.256 UTC [TRACE] steampipe-plugin-hackernews.plugin: [TRACE] GetConfig.initialise complete: RetryConfig: , IgnoreConfig:
2022-12-31 11:17:19.256 UTC [TRACE] steampipe-plugin-hackernews.plugin: [TRACE] t.List.initialise
2022-12-31 11:17:19.256 UTC [TRACE] steampipe-plugin-hackernews.plugin: [TRACE] ListConfig.initialise table hackernews_ask_hn
2022-12-31 11:17:19.256 UTC [TRACE] steampipe-plugin-hackernews.plugin: [TRACE] ListConfig.initialise complete: RetryConfig: , IgnoreConfig
2022-12-31 11:17:19.256 UTC [TRACE] steampipe-plugin-hackernews.plugin: [TRACE] HydrateConfig.initialise func getItem, table hackernews_ask_hn
2022-12-31 11:17:19.256 UTC [TRACE] steampipe-plugin-hackernews.plugin: [TRACE] HydrateConfig.initialise complete: RetryConfig: , IgnoreConfig:
2022-12-31 11:17:19.256 UTC [TRACE] steampipe-plugin-hackernews.plugin: [TRACE] back from initialiseHydrateConfigs
2022-12-31 11:17:19.256 UTC [TRACE] steampipe-plugin-hackernews.plugin: [TRACE] initialise table hackernews_ask_hn COMPLETE
2022-12-31 11:17:19.256 UTC [TRACE] steampipe-plugin-hackernews.plugin: [TRACE] initialise table hackernews_best
2022-12-31 11:17:19.256 UTC [TRACE] steampipe-plugin-hackernews.plugin: [TRACE] no DefaultRetryConfig defined - creating empty
2022-12-31 11:17:19.256 UTC [TRACE] steampipe-plugin-hackernews.plugin: [TRACE] no DefaultIgnoreConfig defined - creating empty
2022-12-31 11:17:19.256 UTC [TRACE] steampipe-plugin-hackernews.plugin: [TRACE] apply plugin defaults for DefaultRetryConfig
2022-12-31 11:17:19.256 UTC [TRACE] steampipe-plugin-hackernews.plugin: [TRACE] apply plugin defaults for DefaultIgnoreConfig, table &{<nil> <nil>} plugin &{<nil> <nil>}
2022-12-31 11:17:19.256 UTC [TRACE] steampipe-plugin-hackernews.plugin: [TRACE] DefaultRetryConfig:
2022-12-31 11:17:19.256 UTC [TRACE] steampipe-plugin-hackernews.plugin: [TRACE] DefaultIgnoreConfig:
2022-12-31 11:17:19.256 UTC [TRACE] steampipe-plugin-hackernews.plugin: [TRACE] t.Get.initialise
2022-12-31 11:17:19.256 UTC [TRACE] steampipe-plugin-hackernews.plugin: [TRACE] GetConfig.initialise table hackernews_best
2022-12-31 11:17:19.256 UTC [TRACE] steampipe-plugin-hackernews.plugin: [TRACE] GetConfig.initialise complete: RetryConfig: , IgnoreConfig:
2022-12-31 11:17:19.256 UTC [TRACE] steampipe-plugin-hackernews.plugin: [TRACE] t.List.initialise
2022-12-31 11:17:19.256 UTC [TRACE] steampipe-plugin-hackernews.plugin: [TRACE] ListConfig.initialise table hackernews_best
2022-12-31 11:17:19.256 UTC [TRACE] steampipe-plugin-hackernews.plugin: [TRACE] ListConfig.initialise complete: RetryConfig: , IgnoreConfig
2022-12-31 11:17:19.256 UTC [TRACE] steampipe-plugin-hackernews.plugin: [TRACE] HydrateConfig.initialise func getItem, table hackernews_best
2022-12-31 11:17:19.256 UTC [TRACE] steampipe-plugin-hackernews.plugin: [TRACE] HydrateConfig.initialise complete: RetryConfig: , IgnoreConfig:
2022-12-31 11:17:19.256 UTC [TRACE] steampipe-plugin-hackernews.plugin: [TRACE] back from initialiseHydrateConfigs
2022-12-31 11:17:19.256 UTC [TRACE] steampipe-plugin-hackernews.plugin: [TRACE] initialise table hackernews_best COMPLETE
2022-12-31 11:17:19.257 UTC [TRACE] steampipe-plugin-hackernews.plugin: [TRACE] initialise table hackernews_item
2022-12-31 11:17:19.257 UTC [TRACE] steampipe-plugin-hackernews.plugin: [TRACE] no DefaultRetryConfig defined - creating empty
2022-12-31 11:17:19.257 UTC [TRACE] steampipe-plugin-hackernews.plugin: [TRACE] no DefaultIgnoreConfig defined - creating empty
2022-12-31 11:17:19.257 UTC [TRACE] steampipe-plugin-hackernews.plugin: [TRACE] apply plugin defaults for DefaultRetryConfig
2022-12-31 11:17:19.257 UTC [TRACE] steampipe-plugin-hackernews.plugin: [TRACE] apply plugin defaults for DefaultIgnoreConfig, table &{<nil> <nil>} plugin &{<nil> <nil>}
2022-12-31 11:17:19.257 UTC [TRACE] steampipe-plugin-hackernews.plugin: [TRACE] DefaultRetryConfig:
2022-12-31 11:17:19.257 UTC [TRACE] steampipe-plugin-hackernews.plugin: [TRACE] DefaultIgnoreConfig:
2022-12-31 11:17:19.257 UTC [TRACE] steampipe-plugin-hackernews.plugin: [TRACE] t.Get.initialise
2022-12-31 11:17:19.257 UTC [TRACE] steampipe-plugin-hackernews.plugin: [TRACE] GetConfig.initialise table hackernews_item
2022-12-31 11:17:19.257 UTC [TRACE] steampipe-plugin-hackernews.plugin: [TRACE] GetConfig.initialise complete: RetryConfig: , IgnoreConfig:
2022-12-31 11:17:19.257 UTC [TRACE] steampipe-plugin-hackernews.plugin: [TRACE] t.List.initialise
2022-12-31 11:17:19.257 UTC [TRACE] steampipe-plugin-hackernews.plugin: [TRACE] ListConfig.initialise table hackernews_item
2022-12-31 11:17:19.257 UTC [TRACE] steampipe-plugin-hackernews.plugin: [TRACE] ListConfig.initialise complete: RetryConfig: , IgnoreConfig
2022-12-31 11:17:19.257 UTC [TRACE] steampipe-plugin-hackernews.plugin: [TRACE] HydrateConfig.initialise func getItem, table hackernews_item
2022-12-31 11:17:19.257 UTC [TRACE] steampipe-plugin-hackernews.plugin: [TRACE] HydrateConfig.initialise complete: RetryConfig: , IgnoreConfig:
2022-12-31 11:17:19.257 UTC [TRACE] steampipe-plugin-hackernews.plugin: [TRACE] back from initialiseHydrateConfigs
2022-12-31 11:17:19.257 UTC [TRACE] steampipe-plugin-hackernews.plugin: [TRACE] initialise table hackernews_item COMPLETE
2022-12-31 11:17:19.257 UTC [TRACE] steampipe-plugin-hackernews.plugin: [TRACE] initialise table hackernews_job
2022-12-31 11:17:19.257 UTC [TRACE] steampipe-plugin-hackernews.plugin: [TRACE] no DefaultRetryConfig defined - creating empty
2022-12-31 11:17:19.257 UTC [TRACE] steampipe-plugin-hackernews.plugin: [TRACE] no DefaultIgnoreConfig defined - creating empty
2022-12-31 11:17:19.257 UTC [TRACE] steampipe-plugin-hackernews.plugin: [TRACE] apply plugin defaults for DefaultRetryConfig
2022-12-31 11:17:19.257 UTC [TRACE] steampipe-plugin-hackernews.plugin: [TRACE] apply plugin defaults for DefaultIgnoreConfig, table &{<nil> <nil>} plugin &{<nil> <nil>}
2022-12-31 11:17:19.257 UTC [TRACE] steampipe-plugin-hackernews.plugin: [TRACE] DefaultRetryConfig:
2022-12-31 11:17:19.257 UTC [TRACE] steampipe-plugin-hackernews.plugin: [TRACE] DefaultIgnoreConfig:
2022-12-31 11:17:19.257 UTC [TRACE] steampipe-plugin-hackernews.plugin: [TRACE] t.Get.initialise
2022-12-31 11:17:19.257 UTC [TRACE] steampipe-plugin-hackernews.plugin: [TRACE] GetConfig.initialise table hackernews_job
2022-12-31 11:17:19.257 UTC [TRACE] steampipe-plugin-hackernews.plugin: [TRACE] GetConfig.initialise complete: RetryConfig: , IgnoreConfig:
2022-12-31 11:17:19.257 UTC [TRACE] steampipe-plugin-hackernews.plugin: [TRACE] t.List.initialise
2022-12-31 11:17:19.257 UTC [TRACE] steampipe-plugin-hackernews.plugin: [TRACE] ListConfig.initialise table hackernews_job
2022-12-31 11:17:19.257 UTC [TRACE] steampipe-plugin-hackernews.plugin: [TRACE] ListConfig.initialise complete: RetryConfig: , IgnoreConfig
2022-12-31 11:17:19.257 UTC [TRACE] steampipe-plugin-hackernews.plugin: [TRACE] HydrateConfig.initialise func getItem, table hackernews_job
2022-12-31 11:17:19.257 UTC [TRACE] steampipe-plugin-hackernews.plugin: [TRACE] HydrateConfig.initialise complete: RetryConfig: , IgnoreConfig:
2022-12-31 11:17:19.257 UTC [TRACE] steampipe-plugin-hackernews.plugin: [TRACE] back from initialiseHydrateConfigs
2022-12-31 11:17:19.257 UTC [TRACE] steampipe-plugin-hackernews.plugin: [TRACE] initialise table hackernews_job COMPLETE
2022-12-31 11:17:19.257 UTC [TRACE] steampipe-plugin-hackernews.plugin: [TRACE] initialise table hackernews_new
2022-12-31 11:17:19.257 UTC [TRACE] steampipe-plugin-hackernews.plugin: [TRACE] no DefaultRetryConfig defined - creating empty
2022-12-31 11:17:19.257 UTC [TRACE] steampipe-plugin-hackernews.plugin: [TRACE] no DefaultIgnoreConfig defined - creating empty
2022-12-31 11:17:19.257 UTC [TRACE] steampipe-plugin-hackernews.plugin: [TRACE] apply plugin defaults for DefaultRetryConfig
2022-12-31 11:17:19.257 UTC [TRACE] steampipe-plugin-hackernews.plugin: [TRACE] apply plugin defaults for DefaultIgnoreConfig, table &{<nil> <nil>} plugin &{<nil> <nil>}
2022-12-31 11:17:19.257 UTC [TRACE] steampipe-plugin-hackernews.plugin: [TRACE] DefaultRetryConfig:
2022-12-31 11:17:19.257 UTC [TRACE] steampipe-plugin-hackernews.plugin: [TRACE] DefaultIgnoreConfig:
2022-12-31 11:17:19.257 UTC [TRACE] steampipe-plugin-hackernews.plugin: [TRACE] t.Get.initialise
2022-12-31 11:17:19.257 UTC [TRACE] steampipe-plugin-hackernews.plugin: [TRACE] GetConfig.initialise table hackernews_new
2022-12-31 11:17:19.257 UTC [TRACE] steampipe-plugin-hackernews.plugin: [TRACE] GetConfig.initialise complete: RetryConfig: , IgnoreConfig:
2022-12-31 11:17:19.257 UTC [TRACE] steampipe-plugin-hackernews.plugin: [TRACE] t.List.initialise
2022-12-31 11:17:19.257 UTC [TRACE] steampipe-plugin-hackernews.plugin: [TRACE] ListConfig.initialise table hackernews_new
2022-12-31 11:17:19.257 UTC [TRACE] steampipe-plugin-hackernews.plugin: [TRACE] ListConfig.initialise complete: RetryConfig: , IgnoreConfig
2022-12-31 11:17:19.257 UTC [TRACE] steampipe-plugin-hackernews.plugin: [TRACE] HydrateConfig.initialise func getItem, table hackernews_new
2022-12-31 11:17:19.257 UTC [TRACE] steampipe-plugin-hackernews.plugin: [TRACE] HydrateConfig.initialise complete: RetryConfig: , IgnoreConfig:
2022-12-31 11:17:19.257 UTC [TRACE] steampipe-plugin-hackernews.plugin: [TRACE] back from initialiseHydrateConfigs
2022-12-31 11:17:19.257 UTC [TRACE] steampipe-plugin-hackernews.plugin: [TRACE] initialise table hackernews_new COMPLETE
2022-12-31 11:17:19.257 UTC [TRACE] steampipe-plugin-hackernews.plugin: [TRACE] initialise table hackernews_show_hn
2022-12-31 11:17:19.257 UTC [TRACE] steampipe-plugin-hackernews.plugin: [TRACE] no DefaultRetryConfig defined - creating empty
2022-12-31 11:17:19.257 UTC [TRACE] steampipe-plugin-hackernews.plugin: [TRACE] no DefaultIgnoreConfig defined - creating empty
2022-12-31 11:17:19.257 UTC [TRACE] steampipe-plugin-hackernews.plugin: [TRACE] apply plugin defaults for DefaultRetryConfig
2022-12-31 11:17:19.257 UTC [TRACE] steampipe-plugin-hackernews.plugin: [TRACE] apply plugin defaults for DefaultIgnoreConfig, table &{<nil> <nil>} plugin &{<nil> <nil>}
2022-12-31 11:17:19.257 UTC [TRACE] steampipe-plugin-hackernews.plugin: [TRACE] DefaultRetryConfig:
2022-12-31 11:17:19.257 UTC [TRACE] steampipe-plugin-hackernews.plugin: [TRACE] DefaultIgnoreConfig:
2022-12-31 11:17:19.257 UTC [TRACE] steampipe-plugin-hackernews.plugin: [TRACE] t.Get.initialise
2022-12-31 11:17:19.257 UTC [TRACE] steampipe-plugin-hackernews.plugin: [TRACE] GetConfig.initialise table hackernews_show_hn
2022-12-31 11:17:19.257 UTC [TRACE] steampipe-plugin-hackernews.plugin: [TRACE] GetConfig.initialise complete: RetryConfig: , IgnoreConfig:
2022-12-31 11:17:19.257 UTC [TRACE] steampipe-plugin-hackernews.plugin: [TRACE] t.List.initialise
2022-12-31 11:17:19.257 UTC [TRACE] steampipe-plugin-hackernews.plugin: [TRACE] ListConfig.initialise table hackernews_show_hn
2022-12-31 11:17:19.257 UTC [TRACE] steampipe-plugin-hackernews.plugin: [TRACE] ListConfig.initialise complete: RetryConfig: , IgnoreConfig
2022-12-31 11:17:19.257 UTC [TRACE] steampipe-plugin-hackernews.plugin: [TRACE] HydrateConfig.initialise func getItem, table hackernews_show_hn
2022-12-31 11:17:19.257 UTC [TRACE] steampipe-plugin-hackernews.plugin: [TRACE] HydrateConfig.initialise complete: RetryConfig: , IgnoreConfig:
2022-12-31 11:17:19.257 UTC [TRACE] steampipe-plugin-hackernews.plugin: [TRACE] back from initialiseHydrateConfigs
2022-12-31 11:17:19.257 UTC [TRACE] steampipe-plugin-hackernews.plugin: [TRACE] initialise table hackernews_show_hn COMPLETE
2022-12-31 11:17:19.257 UTC [TRACE] steampipe-plugin-hackernews.plugin: [TRACE] initialise table hackernews_top
2022-12-31 11:17:19.257 UTC [TRACE] steampipe-plugin-hackernews.plugin: [TRACE] no DefaultRetryConfig defined - creating empty
2022-12-31 11:17:19.257 UTC [TRACE] steampipe-plugin-hackernews.plugin: [TRACE] no DefaultIgnoreConfig defined - creating empty
2022-12-31 11:17:19.258 UTC [TRACE] steampipe-plugin-hackernews.plugin: [TRACE] apply plugin defaults for DefaultRetryConfig
2022-12-31 11:17:19.258 UTC [TRACE] steampipe-plugin-hackernews.plugin: [TRACE] apply plugin defaults for DefaultIgnoreConfig, table &{<nil> <nil>} plugin &{<nil> <nil>}
2022-12-31 11:17:19.258 UTC [TRACE] steampipe-plugin-hackernews.plugin: [TRACE] DefaultRetryConfig:
2022-12-31 11:17:19.258 UTC [TRACE] steampipe-plugin-hackernews.plugin: [TRACE] DefaultIgnoreConfig:
2022-12-31 11:17:19.258 UTC [TRACE] steampipe-plugin-hackernews.plugin: [TRACE] t.Get.initialise
2022-12-31 11:17:19.258 UTC [TRACE] steampipe-plugin-hackernews.plugin: [TRACE] GetConfig.initialise table hackernews_top
2022-12-31 11:17:19.258 UTC [TRACE] steampipe-plugin-hackernews.plugin: [TRACE] GetConfig.initialise complete: RetryConfig: , IgnoreConfig:
2022-12-31 11:17:19.258 UTC [TRACE] steampipe-plugin-hackernews.plugin: [TRACE] t.List.initialise
2022-12-31 11:17:19.258 UTC [TRACE] steampipe-plugin-hackernews.plugin: [TRACE] ListConfig.initialise table hackernews_top
2022-12-31 11:17:19.258 UTC [TRACE] steampipe-plugin-hackernews.plugin: [TRACE] ListConfig.initialise complete: RetryConfig: , IgnoreConfig
2022-12-31 11:17:19.258 UTC [TRACE] steampipe-plugin-hackernews.plugin: [TRACE] HydrateConfig.initialise func getItem, table hackernews_top
2022-12-31 11:17:19.258 UTC [TRACE] steampipe-plugin-hackernews.plugin: [TRACE] HydrateConfig.initialise complete: RetryConfig: , IgnoreConfig:
2022-12-31 11:17:19.258 UTC [TRACE] steampipe-plugin-hackernews.plugin: [TRACE] back from initialiseHydrateConfigs
2022-12-31 11:17:19.258 UTC [TRACE] steampipe-plugin-hackernews.plugin: [TRACE] initialise table hackernews_top COMPLETE
2022-12-31 11:17:19.258 UTC [TRACE] steampipe-plugin-hackernews.plugin: [TRACE] initialise table hackernews_user
2022-12-31 11:17:19.258 UTC [TRACE] steampipe-plugin-hackernews.plugin: [TRACE] no DefaultRetryConfig defined - creating empty
2022-12-31 11:17:19.258 UTC [TRACE] steampipe-plugin-hackernews.plugin: [TRACE] no DefaultIgnoreConfig defined - creating empty
2022-12-31 11:17:19.258 UTC [TRACE] steampipe-plugin-hackernews.plugin: [TRACE] apply plugin defaults for DefaultRetryConfig
2022-12-31 11:17:19.258 UTC [TRACE] steampipe-plugin-hackernews.plugin: [TRACE] apply plugin defaults for DefaultIgnoreConfig, table &{<nil> <nil>} plugin &{<nil> <nil>}
2022-12-31 11:17:19.258 UTC [TRACE] steampipe-plugin-hackernews.plugin: [TRACE] DefaultRetryConfig:
2022-12-31 11:17:19.258 UTC [TRACE] steampipe-plugin-hackernews.plugin: [TRACE] DefaultIgnoreConfig:
2022-12-31 11:17:19.258 UTC [TRACE] steampipe-plugin-hackernews.plugin: [TRACE] t.List.initialise
2022-12-31 11:17:19.258 UTC [TRACE] steampipe-plugin-hackernews.plugin: [TRACE] ListConfig.initialise table hackernews_user
2022-12-31 11:17:19.258 UTC [TRACE] steampipe-plugin-hackernews.plugin: [TRACE] ListConfig.initialise complete: RetryConfig: , IgnoreConfig
2022-12-31 11:17:19.258 UTC [TRACE] steampipe-plugin-hackernews.plugin: [TRACE] back from initialiseHydrateConfigs
2022-12-31 11:17:19.258 UTC [TRACE] steampipe-plugin-hackernews.plugin: [TRACE] initialise table hackernews_user COMPLETE
2022-12-31 11:17:19.258 UTC [TRACE] steampipe-plugin-hackernews.plugin: [TRACE] validate plugin steampipe-plugin-hackernews, required columns []
2022-12-31 11:17:19.258 UTC [TRACE] steampipe-plugin-hackernews.plugin: [TRACE] validate DefaultRetryConfig
2022-12-31 11:17:19.258 UTC [TRACE] steampipe-plugin-hackernews.plugin: [TRACE] validate DefaultIgnoreConfig
2022-12-31 11:17:19.258 UTC [TRACE] steampipe-plugin-hackernews.plugin: [TRACE] validate table names
2022-12-31 11:17:19.258 UTC [TRACE] steampipe-plugin-hackernews.plugin: [TRACE] plugin has 0 validation errors
2022-12-31 11:17:19.258 UTC [TRACE] steampipe-plugin-hackernews.plugin: [TRACE] Plugin ensureCache creating cache, maxCacheStorageMb 0
2022-12-31 11:17:19.258 UTC [TRACE] steampipe-plugin-hackernews.plugin: [TRACE] createCacheStore for plugin 'steampipe-plugin-hackernews' setting max size to 0Mb, Shards: 2, max shard size: 0
2022-12-31 11:17:19.273 UTC [INFO]  steampipe-plugin-hackernews.plugin: [INFO]  query cache created
2022-12-31 11:17:19.273 UTC [DEBUG] steampipe-plugin-hackernews.plugin: [DEBUG] SetAllConnectionConfigs finished
2022-12-31 11:17:19.273 UTC [TRACE] PluginManager getPlugin complete, returning reattach config with PID: 2046
2022-12-31 11:17:19.273 UTC [TRACE] PluginManager Get returning reattach_map:{key:"hackernews" value:{protocol:"grpc" addr:{Network:"unix" Address:"/tmp/plugin3352112250"} pid:2046 supported_operations:{query_cache:true multiple_connections:true} connections:"hackernews" plugin:"hub.steampipe.io/plugins/turbot/hackernews@latest"}}
2022-12-31 11:17:19.277 UTC [INFO]  steampipe-plugin-hackernews.plugin: [INFO]  1672485439284: Plugin Execute (1672485439284)
2022-12-31 11:17:19.277 UTC [TRACE] steampipe-plugin-hackernews.plugin: [TRACE] 1672485439284: No memory limit set
2022-12-31 11:17:19.277 UTC [INFO]  steampipe-plugin-hackernews.plugin: [INFO]  1672485439284: Plugin Execute, setting memory limit to -1Mb
2022-12-31 11:17:19.277 UTC [TRACE] steampipe-plugin-hackernews.plugin: [TRACE] 1672485439284: calling ExtractContextFromCarrier
2022-12-31 11:17:19.277 UTC [INFO]  steampipe-plugin-hackernews.plugin: [INFO]  1672485439284: Setting max concurrent connections to 25
2022-12-31 11:17:19.280 UTC [TRACE] steampipe-plugin-hackernews.plugin: [TRACE] 1672485439284: executeForConnection callId: 1672485439284, connectionCallId: hackernews-1672485439284, connection: hackernews table: hackernews_new cols: id,title,time,by,score,dead,deleted,descendants,kids,parent,parts,poll,text,type,url,_ctx
2022-12-31 11:17:19.280 UTC [TRACE] steampipe-plugin-hackernews.plugin: [TRACE] 1672485439284: got connection data
2022-12-31 11:17:19.280 UTC [TRACE] steampipe-plugin-hackernews.plugin: [TRACE] 1672485439284: Got query context, table: hackernews_new, cols: [id title time by score dead deleted descendants kids parent parts poll text type url _ctx]
2022-12-31 11:17:19.280 UTC [TRACE] steampipe-plugin-hackernews.plugin: [TRACE] 1672485439284: Start execute span
2022-12-31 11:17:19.280 UTC [INFO]  steampipe-plugin-hackernews.plugin: [INFO]  1672485439284: Setting free memory interval to 100 rows
2022-12-31 11:17:19.280 UTC [TRACE] steampipe-plugin-hackernews.plugin: [TRACE] 1672485439284: setFetchType map[time:quals:{fieldName:"time"  string_value:">"  value:{timestamp_value:{seconds:1672481839  nanos:157788000}}}]
2022-12-31 11:17:19.280 UTC [TRACE] steampipe-plugin-hackernews.plugin: [TRACE] 1672485439284: getMatchingQuals column:'id' operator: =
2022-12-31 11:17:19.280 UTC [TRACE] steampipe-plugin-hackernews.plugin: [TRACE] 1672485439284: getMatchingQuals returning false - qualMap does not contain any quals for column id
2022-12-31 11:17:19.280 UTC [TRACE] steampipe-plugin-hackernews.plugin: [TRACE] 1672485439284: GetUnsatisfiedKeyColumns for columns column:'id' operator: =
2022-12-31 11:17:19.280 UTC [TRACE] steampipe-plugin-hackernews.plugin: [TRACE] 1672485439284: key column NOT satisfied column:'id' operator: =
2022-12-31 11:17:19.280 UTC [TRACE] steampipe-plugin-hackernews.plugin: [TRACE] 1672485439284: satisfied: map[any_of: optional: required:]
2022-12-31 11:17:19.280 UTC [TRACE] steampipe-plugin-hackernews.plugin: [TRACE] 1672485439284: unsatisfied: map[any_of: optional: required:column:'id' operator: =]
2022-12-31 11:17:19.280 UTC [TRACE] steampipe-plugin-hackernews.plugin: [TRACE] 1672485439284: unsatisfied required KeyColumns: column:'id' operator: =
2022-12-31 11:17:19.280 UTC [TRACE] steampipe-plugin-hackernews.plugin: [TRACE] 1672485439284: Set fetchType to fetchTypeList
2022-12-31 11:17:19.280 UTC [TRACE] steampipe-plugin-hackernews.plugin: [TRACE] 1672485439284: Equals key column quals:
2022-12-31 11:17:19.280 UTC [DEBUG] steampipe-plugin-hackernews.plugin: {}
2022-12-31 11:17:19.280 UTC [TRACE] steampipe-plugin-hackernews.plugin: [TRACE] 1672485439284: All key column quals:
2022-12-31 11:17:19.280 UTC [DEBUG] steampipe-plugin-hackernews.plugin: {}
2022-12-31 11:17:19.280 UTC [TRACE] steampipe-plugin-hackernews.plugin: [TRACE] 1672485439284: GetMatrixItem
2022-12-31 11:17:19.280 UTC [TRACE] steampipe-plugin-hackernews.plugin: [TRACE] 1672485439284: creating query data
2022-12-31 11:17:19.280 UTC [INFO]  steampipe-plugin-hackernews.plugin: [INFO]  1672485439284: cacheEnabled, trying cache get (hackernews-1672485439284)
2022-12-31 11:17:19.280 UTC [TRACE] steampipe-plugin-hackernews.plugin: [TRACE] 1672485439284: QueryCache Get - indexBucketKey index__hackernewshackernews_new, quals
2022-12-31 11:17:19.280 UTC [TRACE] steampipe-plugin-hackernews.plugin: [TRACE] 1672485439284: QueryCache getCachedQueryResult - table hackernews_new, connectionName hackernews
2022-12-31 11:17:19.280 UTC [TRACE] steampipe-plugin-hackernews.plugin: [TRACE] 1672485439284: index bucket key: index__hackernewshackernews_new ttlSeconds 300 limit: -1
2022-12-31 11:17:19.280 UTC [TRACE] steampipe-plugin-hackernews.plugin: [TRACE] 1672485439284: doGet cache miss
2022-12-31 11:17:19.280 UTC [TRACE] steampipe-plugin-hackernews.plugin: [TRACE] 1672485439284: getCachedIndexBucket - no item retrieved for cache key index__hackernewshackernews_new
2022-12-31 11:17:19.280 UTC [TRACE] steampipe-plugin-hackernews.plugin: [TRACE] 1672485439284: getCachedQueryResult returned CACHE MISS - checking for pending transfers
2022-12-31 11:17:19.280 UTC [TRACE] steampipe-plugin-hackernews.plugin: [TRACE] 1672485439284: getPendingResultItem indexBucketKey index__hackernewshackernews_new, columns [id title time by score dead deleted descendants kids parent parts poll text type url _ctx], limit -1
2022-12-31 11:17:19.280 UTC [TRACE] steampipe-plugin-hackernews.plugin: [TRACE] 1672485439284: no pending index item - add pending result, indexBucketKey index__hackernewshackernews_new
2022-12-31 11:17:19.280 UTC [TRACE] steampipe-plugin-hackernews.plugin: [TRACE] 1672485439284: addPendingResult (hackernews-1672485439284) indexBucketKey index__hackernewshackernews_new, columns [id title time by score dead deleted descendants kids parent parts poll text type url _ctx], limit -1
2022-12-31 11:17:19.280 UTC [TRACE] steampipe-plugin-hackernews.plugin: [TRACE] 1672485439284: no index bucket found - creating one
2022-12-31 11:17:19.280 UTC [TRACE] steampipe-plugin-hackernews.plugin: [TRACE] 1672485439284: pendingIndexItem Lock count before 0
2022-12-31 11:17:19.280 UTC [TRACE] steampipe-plugin-hackernews.plugin: [TRACE] 1672485439284: addPendingResult added pending index item to bucket, (hackernews-1672485439284) indexBucketKey index__hackernewshackernews_new, resultKeyRoot hackernewshackernews_newid,title,time,by,score,dead,deleted,descendants,kids,parent,parts,poll,text,type,url,_ctx-1, pending item : 0xc0004d6990
2022-12-31 11:17:19.280 UTC [TRACE] steampipe-plugin-hackernews.plugin: [TRACE] 1672485439284: **** pending items (hackernews-1672485439284)****
2022-12-31 11:17:19.280 UTC [TRACE] steampipe-plugin-hackernews.plugin: [TRACE] 1672485439284: key: index__hackernewshackernews_new: item: 0xc0004d6990, count: 1, key:hackernewshackernews_newid,title,time,by,score,dead,deleted,descendants,kids,parent,parts,poll,text,type,url,_ctx-1
2022-12-31 11:17:19.280 UTC [TRACE] steampipe-plugin-hackernews.plugin: [TRACE] 1672485439284: ********
2022-12-31 11:17:19.280 UTC [TRACE] steampipe-plugin-hackernews.plugin: [TRACE] 1672485439284: getPendingResultItem returning <nil>
2022-12-31 11:17:19.280 UTC [INFO]  steampipe-plugin-hackernews.plugin: [INFO]  1672485439284: CACHE MISS
2022-12-31 11:17:19.280 UTC [TRACE] steampipe-plugin-hackernews.plugin: [TRACE] 1672485439284: cache MISS
2022-12-31 11:17:19.280 UTC [INFO]  steampipe-plugin-hackernews.plugin: [INFO]  1672485439284: queryCacheGet returned CACHE MISS (hackernews-1672485439284)
2022-12-31 11:17:19.280 UTC [TRACE] steampipe-plugin-hackernews.plugin: [TRACE] 1672485439284: StartSet (hackernews-1672485439284)
2022-12-31 11:17:19.280 UTC [TRACE] steampipe-plugin-hackernews.plugin: [TRACE] 1672485439284: calling fetchItems, table: hackernews_new, matrixItem: [], limit: -1,  connectionCallId: hackernews-1672485439284"
2022-12-31 11:17:19.280 UTC [TRACE] steampipe-plugin-hackernews.plugin: [TRACE] 1672485439284: buildRowsAsync connectionCallId: hackernews-1672485439284
2022-12-31 11:17:19.280 UTC [TRACE] steampipe-plugin-hackernews.plugin: [TRACE] 1672485439284: streamRows connectionCallId: hackernews-1672485439284
2022-12-31 11:17:19.280 UTC [TRACE] steampipe-plugin-hackernews.plugin: [TRACE] 1672485439284: QueryData streamRows (hackernews-1672485439284)
2022-12-31 11:17:19.280 UTC [TRACE] steampipe-plugin-hackernews.plugin: [TRACE] 1672485439284: executeListCall START (hackernews-1672485439284)
2022-12-31 11:17:19.280 UTC [TRACE] steampipe-plugin-hackernews.plugin: [TRACE] 1672485439284: GetUnsatisfiedKeyColumns for columns
2022-12-31 11:17:19.280 UTC [TRACE] steampipe-plugin-hackernews.plugin: [TRACE] 1672485439284: doList (hackernews-1672485439284)
2022-12-31 11:17:19.280 UTC [TRACE] steampipe-plugin-hackernews.plugin: [TRACE] 1672485439284: doList: no matrix item
2022-12-31 11:17:19.414 UTC [TRACE] stdio: received data: channel=STDOUT len=20
2022-12-31 11:17:19.414 UTC [TRACE] stdio: waiting for stdio data
2022-12-31 11:17:19.421 UTC [TRACE] steampipe-plugin-hackernews.plugin: [TRACE] 1672485439284: QueryData.fetchComplete
2022-12-31 11:17:19.421 UTC [TRACE] steampipe-plugin-hackernews.plugin: [TRACE] 1672485439284: executeListCall COMPLETE (hackernews-1672485439284)
2022-12-31 11:17:19.421 UTC [TRACE] steampipe-plugin-hackernews.plugin: [TRACE] 1672485439284: rowData chan returned nil - wait for rows to complete (hackernews-1672485439284)
2022-12-31 11:17:19.541 UTC [TRACE] stdio: received data: channel=STDOUT len=458
2022-12-31 11:17:19.542 UTC [TRACE] stdio: waiting for stdio data
2022-12-31 11:17:19.545 UTC [TRACE] stdio: received data: channel=STDOUT len=79
2022-12-31 11:17:19.545 UTC [TRACE] stdio: waiting for stdio data
2022-12-31 11:17:19.578 UTC [TRACE] stdio: received data: channel=STDOUT len=1024
2022-12-31 11:17:19.578 UTC [TRACE] stdio: waiting for stdio data
2022-12-31 11:17:19.618 UTC [TRACE] stdio: received data: channel=STDOUT len=18
2022-12-31 11:17:19.618 UTC [TRACE] stdio: waiting for stdio data
2022-12-31 11:17:19.670 UTC [TRACE] stdio: received data: channel=STDOUT len=1024
2022-12-31 11:17:19.670 UTC [TRACE] stdio: waiting for stdio data
2022-12-31 11:17:19.691 UTC [TRACE] stdio: received data: channel=STDOUT len=458
2022-12-31 11:17:19.691 UTC [TRACE] stdio: waiting for stdio data
2022-12-31 11:17:19.714 UTC [TRACE] stdio: received data: channel=STDOUT len=741
2022-12-31 11:17:19.714 UTC [TRACE] stdio: waiting for stdio data
2022-12-31 11:17:19.768 UTC [TRACE] steampipe-plugin-hackernews.plugin: [TRACE] 1672485439284: buildRowsAsync goroutine returning (hackernews-1672485439284)
2022-12-31 11:17:19.768 UTC [TRACE] steampipe-plugin-hackernews.plugin: [TRACE] 1672485439284: streamRows - nil row, stop streaming (hackernews-1672485439284)
2022-12-31 11:17:19.768 UTC [TRACE] steampipe-plugin-hackernews.plugin: [TRACE] 1672485439284: ------------------------------------
2022-12-31 11:17:19.768 UTC [TRACE] steampipe-plugin-hackernews.plugin: [TRACE] 1672485439284: Concurrency Summary
2022-12-31 11:17:19.768 UTC [TRACE] steampipe-plugin-hackernews.plugin: [TRACE] 1672485439284: ------------------------------------
2022-12-31 11:17:19.768 UTC [TRACE] steampipe-plugin-hackernews.plugin: [TRACE] 1672485439284: getItem                       : 200
2022-12-31 11:17:19.768 UTC [TRACE] steampipe-plugin-hackernews.plugin: [TRACE] 1672485439284: ------------------------------------
2022-12-31 11:17:19.769 UTC [TRACE] steampipe-plugin-hackernews.plugin: [TRACE] 1672485439284: Total                         : 200
2022-12-31 11:17:19.769 UTC [TRACE] steampipe-plugin-hackernews.plugin: [TRACE] 1672485439284: ------------------------------------
2022-12-31 11:17:19.769 UTC [TRACE] steampipe-plugin-hackernews.plugin: [TRACE] 1672485439284: QueryData streamRows DONE (hackernews-1672485439284)
2022-12-31 11:17:19.769 UTC [TRACE] steampipe-plugin-hackernews.plugin: [TRACE] 1672485439284: EndSet (hackernews-1672485439284) table hackernews_new
2022-12-31 11:17:19.769 UTC [TRACE] steampipe-plugin-hackernews.plugin: [TRACE] 1672485439284: QueryCache writePageToCache: 500 rows, pageCount 1, page key hackernewshackernews_newid,title,time,by,score,dead,deleted,descendants,kids,parent,parts,poll,text,type,url,_ctx-1-0
2022-12-31 11:17:19.776 UTC [TRACE] steampipe-plugin-hackernews.plugin: [TRACE] 1672485439284: writePageToCache Set - result written
2022-12-31 11:17:19.776 UTC [TRACE] steampipe-plugin-hackernews.plugin: [TRACE] 1672485439284: QueryCache EndSet - result written
2022-12-31 11:17:19.776 UTC [TRACE] steampipe-plugin-hackernews.plugin: [TRACE] 1672485439284: doGet cache miss
2022-12-31 11:17:19.776 UTC [TRACE] steampipe-plugin-hackernews.plugin: [TRACE] 1672485439284: getCachedIndexBucket - no item retrieved for cache key index__hackernewshackernews_new
2022-12-31 11:17:19.776 UTC [TRACE] steampipe-plugin-hackernews.plugin: [TRACE] 1672485439284: getCachedIndexBucket returned cache miss
2022-12-31 11:17:19.776 UTC [TRACE] steampipe-plugin-hackernews.plugin: [TRACE] 1672485439284: QueryCache EndSet - Added index item (0xc01ab1a960) to bucket (0xc017753128), page count 1,  key root hackernewshackernews_newid,title,time,by,score,dead,deleted,descendants,kids,parent,parts,poll,text,type,url,_ctx-1
2022-12-31 11:17:19.776 UTC [TRACE] steampipe-plugin-hackernews.plugin: [TRACE] 1672485439284: cacheSetIndexBucket index__hackernewshackernews_new
2022-12-31 11:17:19.776 UTC [TRACE] steampipe-plugin-hackernews.plugin: [TRACE] 1672485439284: QueryCache EndSet - IndexBucket written
2022-12-31 11:17:19.776 UTC [TRACE] steampipe-plugin-hackernews.plugin: [TRACE] 1672485439284: EndSet DEFER (hackernews-1672485439284) table hackernews_new
2022-12-31 11:17:19.776 UTC [TRACE] steampipe-plugin-hackernews.plugin: [TRACE] 1672485439284: calling pendingItemComplete (hackernews-1672485439284)
2022-12-31 11:17:19.776 UTC [TRACE] steampipe-plugin-hackernews.plugin: [TRACE] 1672485439284: pendingItemComplete (hackernews-1672485439284) indexBucketKey index__hackernewshackernews_new, columns [id title time by score dead deleted descendants kids parent parts poll text type url _ctx], limit -1
2022-12-31 11:17:19.776 UTC [TRACE] steampipe-plugin-hackernews.plugin: [TRACE] 1672485439284: got pending index bucket, (hackernews-1672485439284) len 1
2022-12-31 11:17:19.776 UTC [TRACE] steampipe-plugin-hackernews.plugin: [TRACE] 1672485439284: SatisfiesLimit limit -1, no item limit - satisfied
2022-12-31 11:17:19.776 UTC [TRACE] steampipe-plugin-hackernews.plugin: [TRACE] 1672485439284: found pending index item to satisfy columns id,title,time,by,score,dead,deleted,descendants,kids,parent,parts,poll,text,type,url,_ctx, limit -1
2022-12-31 11:17:19.776 UTC [TRACE] steampipe-plugin-hackernews.plugin: [TRACE] 1672485439284: found completed pending item (hackernews-1672485439284) 0xc0004d6990, key hackernewshackernews_newid,title,time,by,score,dead,deleted,descendants,kids,parent,parts,poll,text,type,url,_ctx-1 - removing from map as it is complete
2022-12-31 11:17:19.776 UTC [TRACE] steampipe-plugin-hackernews.plugin: [TRACE] 1672485439284: pendingIndexItem Unlock count before 1 key hackernewshackernews_newid,title,time,by,score,dead,deleted,descendants,kids,parent,parts,poll,text,type,url,_ctx-1
2022-12-31 11:17:19.776 UTC [TRACE] steampipe-plugin-hackernews.plugin: [TRACE] 1672485439284: deleted from pending, (hackernews-1672485439284) len 0
2022-12-31 11:17:19.776 UTC [TRACE] steampipe-plugin-hackernews.plugin: [TRACE] 1672485439284: pending bucket now empty - deleting key index__hackernewshackernews_new
2022-12-31 11:17:19.776 UTC [TRACE] steampipe-plugin-hackernews.plugin: [TRACE] 1672485439284: pendingItemComplete done (hackernews-1672485439284)
2022-12-31 11:17:19.776 UTC [TRACE] steampipe-plugin-hackernews.plugin: [TRACE] 1672485439284: cache set succeeded
2022-12-31 11:17:19.776 UTC [TRACE] steampipe-plugin-hackernews.plugin: [TRACE] 1672485439284: End execute span
2022-12-31 11:17:19.776 UTC [TRACE] steampipe-plugin-hackernews.plugin: [TRACE] 1672485439284: executeForConnection DEFER (hackernews-1672485439284)
2022-12-31 11:17:19.776 UTC [TRACE] steampipe-plugin-hackernews.plugin: [TRACE] 1672485439284: Execute complete callId: hackernews-1672485439284 table: hackernews_new
2022-12-31 11:17:19.776 UTC [TRACE] steampipe-plugin-hackernews.plugin: [TRACE] 1672485439284: executeForConnection hackernews returned
2022-12-31 11:17:19.776 UTC [TRACE] steampipe-plugin-hackernews.plugin: [TRACE] 1672485439284: output wg complete - send nil row
2022-12-31 11:17:19.776 UTC [TRACE] steampipe-plugin-hackernews.plugin: [TRACE] 1672485439284: empty row on output channel - we are done
2022-12-31 11:17:19.776 UTC [INFO]  steampipe-plugin-hackernews.plugin: [INFO]  1672485439284: Plugin Execute complete (1672485439284)
2022-12-31 11:17:19.808 UTC [TRACE] stdio: received data: channel=STDOUT len=21
2022-12-31 11:17:19.808 UTC [TRACE] stdio: waiting for stdio data
2022-12-31 11:17:19.865 UTC [TRACE] PluginManager Shutdown
2022-12-31 11:17:19.865 UTC [TRACE] killing plugin csv (2025)
2022-12-31 11:17:19.866 UTC [TRACE] steampipe-plugin-csv.plugin: [TRACE] FLUSHING instrumentation
2022-12-31 11:17:19.866 UTC [TRACE] steampipe-plugin-csv.plugin: [TRACE] Shutdown instrumentation
2022-12-31 11:17:19.866 UTC [DEBUG] stdio: received EOF, stopping recv loop: err="rpc error: code = Unavailable desc = error reading from server: EOF"
2022-12-31 11:17:19.869 UTC [INFO]  plugin process exited: path=/home/runner/.steampipe/plugins/hub.steampipe.io/plugins/turbot/csv@latest/steampipe-plugin-csv.plugin pid=2025
2022-12-31 11:17:19.869 UTC [DEBUG] plugin exited
2022-12-31 11:17:19.869 UTC [TRACE] killing plugin hackernews (2046)
2022-12-31 11:17:19.869 UTC [DEBUG] stdio: received EOF, stopping recv loop: err="rpc error: code = Unavailable desc = error reading from server: EOF"
2022-12-31 11:17:19.869 UTC [TRACE] steampipe-plugin-hackernews.plugin: [TRACE] 1672485439284: FLUSHING instrumentation
2022-12-31 11:17:19.869 UTC [TRACE] steampipe-plugin-hackernews.plugin: [TRACE] 1672485439284: Shutdown instrumentation
2022-12-31 11:17:19.872 UTC [INFO]  plugin process exited: path=/home/runner/.steampipe/plugins/hub.steampipe.io/plugins/turbot/hackernews@latest/steampipe-plugin-hackernews.plugin pid=2046
2022-12-31 11:17:19.872 UTC [DEBUG] plugin exited
2022-12-31 11:17:25.310 UTC [WARN]  steampipe-plugin-csv.plugin: [WARN]  1672485445204: getKeyColumnsForTable found no schema for table '/home/runner/work/steampipe-samples/steampipe-samples/all/hackernews/hn.csv'
2022-12-31 11:17:55.909 UTC [WARN]  steampipe-plugin-csv.plugin: [WARN]  167248547557: getKeyColumnsForTable found no schema for table '/home/runner/work/steampipe-samples/steampipe-samples/all/hackernews/hn.csv'
2022-12-31 11:20:02.280 UTC [ERROR] steampipe-plugin-csv.plugin: [ERROR] csv.tableCSV: header_parse_error=EOF path=/home/runner/work/steampipe-samples/steampipe-samples/all/hackernews/new_sc.csv header=[]
2022-12-31 11:20:02.280 UTC [ERROR] steampipe-plugin-csv.plugin: [ERROR] csv.PluginTables: create_table_error="failed to parse file header /home/runner/work/steampipe-samples/steampipe-samples/all/hackernews/new_sc.csv: EOF" path=/home/runner/work/steampipe-samples/steampipe-samples/all/hackernews/new_sc.csv
2022-12-31 11:20:02.280 UTC [WARN]  failed to set connection config: failed to parse file header /home/runner/work/steampipe-samples/steampipe-samples/all/hackernews/new_sc.csv: EOF
2022-12-31 11:20:03.644 UTC [WARN]  steampipe-plugin-csv.plugin: [WARN]  1672485603613: getKeyColumnsForTable found no schema for table '/home/runner/work/steampipe-samples/steampipe-samples/all/hackernews/new_sc.csv'
2022-12-31 11:20:10.811 UTC [ERROR] steampipe-plugin-csv.plugin: [ERROR] csv.tableCSV: header_parse_error=EOF path=/home/runner/work/steampipe-samples/steampipe-samples/all/hackernews/hn_items_all.csv header=[]
2022-12-31 11:20:10.811 UTC [ERROR] steampipe-plugin-csv.plugin: [ERROR] csv.PluginTables: create_table_error="failed to parse file header /home/runner/work/steampipe-samples/steampipe-samples/all/hackernews/hn_items_all.csv: EOF" path=/home/runner/work/steampipe-samples/steampipe-samples/all/hackernews/hn_items_all.csv
2022-12-31 11:20:10.811 UTC [WARN]  failed to set connection config: failed to parse file header /home/runner/work/steampipe-samples/steampipe-samples/all/hackernews/hn_items_all.csv: EOF
2022-12-31 11:20:12.252 UTC [ERROR] steampipe-plugin-csv.plugin: [ERROR] csv.tableCSV: header_parse_error=EOF path=/home/runner/work/steampipe-samples/steampipe-samples/all/hackernews/people.csv header=[]
2022-12-31 11:20:12.252 UTC [ERROR] steampipe-plugin-csv.plugin: [ERROR] csv.PluginTables: create_table_error="failed to parse file header /home/runner/work/steampipe-samples/steampipe-samples/all/hackernews/people.csv: EOF" path=/home/runner/work/steampipe-samples/steampipe-samples/all/hackernews/people.csv
2022-12-31 11:20:12.252 UTC [WARN]  failed to set connection config: failed to parse file header /home/runner/work/steampipe-samples/steampipe-samples/all/hackernews/people.csv: EOF
