2022-10-26 03:51:26.922 UTC [WARN]  PluginManager setPluginCacheSizeMap: 1 connection.
2022-10-26 03:51:26.923 UTC [WARN]  Total cache size 0Mb
2022-10-26 03:51:27.013 UTC [WARN]  plugin configured with a nil SecureConfig
2022-10-26 03:51:29.347 UTC [WARN]  PluginManager setPluginCacheSizeMap: 2 connections.
2022-10-26 03:51:29.347 UTC [WARN]  Total cache size 0Mb
2022-10-26 03:51:29.418 UTC [WARN]  plugin configured with a nil SecureConfig
2022-10-26 03:51:31.494 UTC [WARN]  PluginManager setPluginCacheSizeMap: 3 connections.
2022-10-26 03:51:31.494 UTC [WARN]  Total cache size 0Mb
2022-10-26 03:51:31.558 UTC [WARN]  plugin configured with a nil SecureConfig
2022-10-26 03:51:31.604 UTC [WARN]  plugin configured with a nil SecureConfig
2022-10-26 03:51:34.005 UTC [WARN]  PluginManager setPluginCacheSizeMap: 4 connections.
2022-10-26 03:51:34.005 UTC [WARN]  Total cache size 0Mb
2022-10-26 03:51:34.073 UTC [WARN]  plugin configured with a nil SecureConfig
2022-10-26 03:51:34.119 UTC [WARN]  plugin configured with a nil SecureConfig
2022-10-26 03:51:35.170 UTC [INFO]  starting plugin manager
2022-10-26 03:51:35.171 UTC [TRACE] loaded config map: hackernews,net,csv,github
2022-10-26 03:51:35.171 UTC [TRACE] NewPluginManager
2022-10-26 03:51:35.172 UTC [WARN]  PluginManager setPluginCacheSizeMap: 4 connections.
2022-10-26 03:51:35.172 UTC [WARN]  Total cache size 0Mb
2022-10-26 03:51:35.172 UTC [INFO]  starting connection watcher
2022-10-26 03:51:35.172 UTC [INFO]  created ConnectionWatcher
2022-10-26 03:51:35.172 UTC [TRACE] about to serve
2022-10-26 03:51:35.239 UTC [TRACE] PluginManager Get, connections: '[csv]'
2022-10-26 03:51:35.239 UTC [TRACE] PluginManager getPlugin hub.steampipe.io/plugins/turbot/csv@latest connection 'csv'
2022-10-26 03:51:35.239 UTC [TRACE] PluginManager 0xc0005ae690 plugin hub.steampipe.io/plugins/turbot/csv@latest (csv) NOT started or starting - start now
2022-10-26 03:51:35.239 UTC [TRACE] ************ start plugin csv ********************
2022-10-26 03:51:35.239 UTC [WARN]  plugin configured with a nil SecureConfig
2022-10-26 03:51:35.239 UTC [DEBUG] starting plugin: path=/home/runner/.steampipe/plugins/hub.steampipe.io/plugins/turbot/csv@latest/steampipe-plugin-csv.plugin args=["/home/runner/.steampipe/plugins/hub.steampipe.io/plugins/turbot/csv@latest/steampipe-plugin-csv.plugin"]
2022-10-26 03:51:35.240 UTC [DEBUG] plugin started: path=/home/runner/.steampipe/plugins/hub.steampipe.io/plugins/turbot/csv@latest/steampipe-plugin-csv.plugin pid=1993
2022-10-26 03:51:35.240 UTC [DEBUG] waiting for RPC address: path=/home/runner/.steampipe/plugins/hub.steampipe.io/plugins/turbot/csv@latest/steampipe-plugin-csv.plugin
2022-10-26 03:51:35.250 UTC [INFO]  steampipe-plugin-csv.plugin: [INFO]  Initialise plugin 'steampipe-plugin-csv', using sdk version 4.1.7
2022-10-26 03:51:35.250 UTC [TRACE] steampipe-plugin-csv.plugin: [TRACE] no DefaultRetryConfig defined - creating empty
2022-10-26 03:51:35.250 UTC [TRACE] steampipe-plugin-csv.plugin: [TRACE] no DefaultIgnoreConfig defined - creating empty
2022-10-26 03:51:35.250 UTC [TRACE] steampipe-plugin-csv.plugin: [TRACE] Setting Ulimit: ulimit=2560
2022-10-26 03:51:35.250 UTC [TRACE] steampipe-plugin-csv.plugin: [TRACE] telemetry.Init service 'steampipe-plugin-csv', tracingEnabled: false, metricsEnabled: false
2022-10-26 03:51:35.250 UTC [TRACE] steampipe-plugin-csv.plugin: [TRACE] metrics and tracing disabled' - returning
2022-10-26 03:51:35.251 UTC [DEBUG] using plugin: version=0
2022-10-26 03:51:35.251 UTC [TRACE] NewPluginClient for plugin hub.steampipe.io/plugins/turbot/csv@latest
2022-10-26 03:51:35.251 UTC [DEBUG] steampipe-plugin-csv.plugin: plugin address: network=unix address=/tmp/plugin2016548393 timestamp=2022-10-26T03:51:35.250Z
2022-10-26 03:51:35.252 UTC [TRACE] stdio: waiting for stdio data
2022-10-26 03:51:35.253 UTC [TRACE] supportedOperations: query_cache:true multiple_connections:true
2022-10-26 03:51:35.254 UTC [TRACE] steampipe-plugin-csv.plugin: [TRACE] SetAllConnectionConfigs setting 1 configs
2022-10-26 03:51:35.254 UTC [TRACE] steampipe-plugin-csv.plugin: [TRACE] connection csv build schema and table map
2022-10-26 03:51:35.254 UTC [DEBUG] steampipe-plugin-csv.plugin: [DEBUG] csv.tableCSV: path=/home/runner/work/steampipe-samples/steampipe-samples/all/hackernews/hn_items_all.csv detected_encoding=Unknown
2022-10-26 03:51:35.254 UTC [DEBUG] steampipe-plugin-csv.plugin: [DEBUG] csv.tableCSV: path=/home/runner/work/steampipe-samples/steampipe-samples/all/hackernews/new_sc.csv detected_encoding=Unknown
2022-10-26 03:51:35.254 UTC [DEBUG] steampipe-plugin-csv.plugin: [DEBUG] csv.tableCSV: path=/home/runner/work/steampipe-samples/steampipe-samples/all/hackernews/people.csv detected_encoding=Unknown
2022-10-26 03:51:35.254 UTC [TRACE] steampipe-plugin-csv.plugin: [TRACE] initialise table /home/runner/work/steampipe-samples/steampipe-samples/all/hackernews/hn_items_all.csv
2022-10-26 03:51:35.254 UTC [TRACE] steampipe-plugin-csv.plugin: [TRACE] no DefaultRetryConfig defined - creating empty
2022-10-26 03:51:35.254 UTC [TRACE] steampipe-plugin-csv.plugin: [TRACE] no DefaultIgnoreConfig defined - creating empty
2022-10-26 03:51:35.254 UTC [TRACE] steampipe-plugin-csv.plugin: [TRACE] apply plugin defaults for DefaultRetryConfig
2022-10-26 03:51:35.254 UTC [TRACE] steampipe-plugin-csv.plugin: [TRACE] apply plugin defaults for DefaultIgnoreConfig, table &{<nil> <nil>} plugin &{<nil> <nil>}
2022-10-26 03:51:35.254 UTC [TRACE] steampipe-plugin-csv.plugin: [TRACE] DefaultRetryConfig:
2022-10-26 03:51:35.254 UTC [TRACE] steampipe-plugin-csv.plugin: [TRACE] DefaultIgnoreConfig:
2022-10-26 03:51:35.254 UTC [TRACE] steampipe-plugin-csv.plugin: [TRACE] t.List.initialise
2022-10-26 03:51:35.254 UTC [TRACE] steampipe-plugin-csv.plugin: [TRACE] ListConfig.initialise table /home/runner/work/steampipe-samples/steampipe-samples/all/hackernews/hn_items_all.csv
2022-10-26 03:51:35.254 UTC [TRACE] steampipe-plugin-csv.plugin: [TRACE] ListConfig.initialise complete: RetryConfig: , IgnoreConfig
2022-10-26 03:51:35.254 UTC [TRACE] steampipe-plugin-csv.plugin: [TRACE] back from initialiseHydrateConfigs
2022-10-26 03:51:35.254 UTC [TRACE] steampipe-plugin-csv.plugin: [TRACE] initialise table /home/runner/work/steampipe-samples/steampipe-samples/all/hackernews/hn_items_all.csv COMPLETE
2022-10-26 03:51:35.254 UTC [TRACE] steampipe-plugin-csv.plugin: [TRACE] initialise table /home/runner/work/steampipe-samples/steampipe-samples/all/hackernews/new_sc.csv
2022-10-26 03:51:35.254 UTC [TRACE] steampipe-plugin-csv.plugin: [TRACE] no DefaultRetryConfig defined - creating empty
2022-10-26 03:51:35.254 UTC [TRACE] steampipe-plugin-csv.plugin: [TRACE] no DefaultIgnoreConfig defined - creating empty
2022-10-26 03:51:35.254 UTC [TRACE] steampipe-plugin-csv.plugin: [TRACE] apply plugin defaults for DefaultRetryConfig
2022-10-26 03:51:35.254 UTC [TRACE] steampipe-plugin-csv.plugin: [TRACE] apply plugin defaults for DefaultIgnoreConfig, table &{<nil> <nil>} plugin &{<nil> <nil>}
2022-10-26 03:51:35.254 UTC [TRACE] steampipe-plugin-csv.plugin: [TRACE] DefaultRetryConfig:
2022-10-26 03:51:35.254 UTC [TRACE] steampipe-plugin-csv.plugin: [TRACE] DefaultIgnoreConfig:
2022-10-26 03:51:35.254 UTC [TRACE] steampipe-plugin-csv.plugin: [TRACE] t.List.initialise
2022-10-26 03:51:35.254 UTC [TRACE] steampipe-plugin-csv.plugin: [TRACE] ListConfig.initialise table /home/runner/work/steampipe-samples/steampipe-samples/all/hackernews/new_sc.csv
2022-10-26 03:51:35.254 UTC [TRACE] steampipe-plugin-csv.plugin: [TRACE] ListConfig.initialise complete: RetryConfig: , IgnoreConfig
2022-10-26 03:51:35.254 UTC [TRACE] steampipe-plugin-csv.plugin: [TRACE] back from initialiseHydrateConfigs
2022-10-26 03:51:35.254 UTC [TRACE] steampipe-plugin-csv.plugin: [TRACE] initialise table /home/runner/work/steampipe-samples/steampipe-samples/all/hackernews/new_sc.csv COMPLETE
2022-10-26 03:51:35.254 UTC [TRACE] steampipe-plugin-csv.plugin: [TRACE] initialise table /home/runner/work/steampipe-samples/steampipe-samples/all/hackernews/people.csv
2022-10-26 03:51:35.254 UTC [TRACE] steampipe-plugin-csv.plugin: [TRACE] no DefaultRetryConfig defined - creating empty
2022-10-26 03:51:35.254 UTC [TRACE] steampipe-plugin-csv.plugin: [TRACE] no DefaultIgnoreConfig defined - creating empty
2022-10-26 03:51:35.254 UTC [TRACE] steampipe-plugin-csv.plugin: [TRACE] apply plugin defaults for DefaultRetryConfig
2022-10-26 03:51:35.254 UTC [TRACE] steampipe-plugin-csv.plugin: [TRACE] apply plugin defaults for DefaultIgnoreConfig, table &{<nil> <nil>} plugin &{<nil> <nil>}
2022-10-26 03:51:35.254 UTC [TRACE] steampipe-plugin-csv.plugin: [TRACE] DefaultRetryConfig:
2022-10-26 03:51:35.254 UTC [TRACE] steampipe-plugin-csv.plugin: [TRACE] DefaultIgnoreConfig:
2022-10-26 03:51:35.254 UTC [TRACE] steampipe-plugin-csv.plugin: [TRACE] t.List.initialise
2022-10-26 03:51:35.254 UTC [TRACE] steampipe-plugin-csv.plugin: [TRACE] ListConfig.initialise table /home/runner/work/steampipe-samples/steampipe-samples/all/hackernews/people.csv
2022-10-26 03:51:35.254 UTC [TRACE] steampipe-plugin-csv.plugin: [TRACE] ListConfig.initialise complete: RetryConfig: , IgnoreConfig
2022-10-26 03:51:35.254 UTC [TRACE] steampipe-plugin-csv.plugin: [TRACE] back from initialiseHydrateConfigs
2022-10-26 03:51:35.254 UTC [TRACE] steampipe-plugin-csv.plugin: [TRACE] initialise table /home/runner/work/steampipe-samples/steampipe-samples/all/hackernews/people.csv COMPLETE
2022-10-26 03:51:35.254 UTC [TRACE] steampipe-plugin-csv.plugin: [TRACE] validate plugin steampipe-plugin-csv, required columns []
2022-10-26 03:51:35.254 UTC [TRACE] steampipe-plugin-csv.plugin: [TRACE] validate DefaultRetryConfig
2022-10-26 03:51:35.254 UTC [TRACE] steampipe-plugin-csv.plugin: [TRACE] validate DefaultIgnoreConfig
2022-10-26 03:51:35.254 UTC [TRACE] steampipe-plugin-csv.plugin: [TRACE] validate table names
2022-10-26 03:51:35.254 UTC [TRACE] steampipe-plugin-csv.plugin: [TRACE] plugin has 0 validation errors
2022-10-26 03:51:35.254 UTC [TRACE] steampipe-plugin-csv.plugin: [TRACE] Plugin ensureCache creating cache, maxCacheStorageMb 0
2022-10-26 03:51:35.254 UTC [TRACE] steampipe-plugin-csv.plugin: [TRACE] createCacheStore for plugin 'steampipe-plugin-csv' setting max size to 0Mb, Shards: 2, max shard size: 0
2022-10-26 03:51:35.270 UTC [INFO]  steampipe-plugin-csv.plugin: [INFO]  query cache created
2022-10-26 03:51:35.270 UTC [DEBUG] steampipe-plugin-csv.plugin: [DEBUG] SetAllConnectionConfigs finished
2022-10-26 03:51:35.271 UTC [TRACE] PluginManager getPlugin complete, returning reattach config with PID: 1993
2022-10-26 03:51:35.271 UTC [TRACE] PluginManager Get returning reattach_map:{key:"csv" value:{protocol:"grpc" addr:{Network:"unix" Address:"/tmp/plugin2016548393"} pid:1993 supported_operations:{query_cache:true multiple_connections:true} connections:"csv" plugin:"hub.steampipe.io/plugins/turbot/csv@latest"}}
2022-10-26 03:51:35.275 UTC [TRACE] handleFileWatcherEvent ignoring first event
2022-10-26 03:51:35.360 UTC [TRACE] PluginManager Get, connections: '[csv]'
2022-10-26 03:51:35.360 UTC [TRACE] PluginManager getPlugin hub.steampipe.io/plugins/turbot/csv@latest connection 'csv'
2022-10-26 03:51:35.360 UTC [TRACE] connection csv found in connectionPluginMap
2022-10-26 03:51:35.360 UTC [TRACE] initialized: 1993
2022-10-26 03:51:35.360 UTC [TRACE] initialized: 1993
2022-10-26 03:51:35.360 UTC [TRACE] connection csv is loaded, check for running PID
2022-10-26 03:51:35.361 UTC [TRACE] PluginManager found 'csv' in map, pid 1993
2022-10-26 03:51:35.361 UTC [TRACE] PluginManager Get returning reattach_map:{key:"csv" value:{protocol:"grpc" addr:{Network:"unix" Address:"/tmp/plugin2016548393"} pid:1993 supported_operations:{query_cache:true multiple_connections:true} connections:"csv" plugin:"hub.steampipe.io/plugins/turbot/csv@latest"}}
2022-10-26 03:51:35.535 UTC [TRACE] PluginManager Get, connections: '[hackernews]'
2022-10-26 03:51:35.535 UTC [TRACE] PluginManager getPlugin hub.steampipe.io/plugins/turbot/hackernews@latest connection 'hackernews'
2022-10-26 03:51:35.535 UTC [TRACE] PluginManager 0xc0005ae690 plugin hub.steampipe.io/plugins/turbot/hackernews@latest (hackernews) NOT started or starting - start now
2022-10-26 03:51:35.535 UTC [TRACE] ************ start plugin hackernews ********************
2022-10-26 03:51:35.535 UTC [WARN]  plugin configured with a nil SecureConfig
2022-10-26 03:51:35.535 UTC [DEBUG] starting plugin: path=/home/runner/.steampipe/plugins/hub.steampipe.io/plugins/turbot/hackernews@latest/steampipe-plugin-hackernews.plugin args=["/home/runner/.steampipe/plugins/hub.steampipe.io/plugins/turbot/hackernews@latest/steampipe-plugin-hackernews.plugin"]
2022-10-26 03:51:35.535 UTC [DEBUG] plugin started: path=/home/runner/.steampipe/plugins/hub.steampipe.io/plugins/turbot/hackernews@latest/steampipe-plugin-hackernews.plugin pid=2016
2022-10-26 03:51:35.535 UTC [DEBUG] waiting for RPC address: path=/home/runner/.steampipe/plugins/hub.steampipe.io/plugins/turbot/hackernews@latest/steampipe-plugin-hackernews.plugin
2022-10-26 03:51:35.545 UTC [INFO]  steampipe-plugin-hackernews.plugin: [INFO]  Initialise plugin 'steampipe-plugin-hackernews', using sdk version 4.1.7
2022-10-26 03:51:35.545 UTC [TRACE] steampipe-plugin-hackernews.plugin: [TRACE] defaulting SchemaMode to SchemaModeStatic
2022-10-26 03:51:35.545 UTC [TRACE] steampipe-plugin-hackernews.plugin: [TRACE] no DefaultRetryConfig defined - creating empty
2022-10-26 03:51:35.545 UTC [TRACE] steampipe-plugin-hackernews.plugin: [TRACE] no DefaultIgnoreConfig defined - creating empty
2022-10-26 03:51:35.545 UTC [TRACE] steampipe-plugin-hackernews.plugin: [TRACE] Setting Ulimit: ulimit=2560
2022-10-26 03:51:35.545 UTC [TRACE] steampipe-plugin-hackernews.plugin: [TRACE] telemetry.Init service 'steampipe-plugin-hackernews', tracingEnabled: false, metricsEnabled: false
2022-10-26 03:51:35.546 UTC [TRACE] steampipe-plugin-hackernews.plugin: [TRACE] metrics and tracing disabled' - returning
2022-10-26 03:51:35.546 UTC [DEBUG] steampipe-plugin-hackernews.plugin: plugin address: address=/tmp/plugin3578376926 network=unix timestamp=2022-10-26T03:51:35.546Z
2022-10-26 03:51:35.546 UTC [DEBUG] using plugin: version=0
2022-10-26 03:51:35.546 UTC [TRACE] NewPluginClient for plugin hub.steampipe.io/plugins/turbot/hackernews@latest
2022-10-26 03:51:35.548 UTC [TRACE] stdio: waiting for stdio data
2022-10-26 03:51:35.548 UTC [TRACE] supportedOperations: query_cache:true multiple_connections:true
2022-10-26 03:51:35.549 UTC [TRACE] steampipe-plugin-hackernews.plugin: [TRACE] SetAllConnectionConfigs setting 1 configs
2022-10-26 03:51:35.549 UTC [TRACE] steampipe-plugin-hackernews.plugin: [TRACE] connection hackernews build schema and table map
2022-10-26 03:51:35.549 UTC [TRACE] steampipe-plugin-hackernews.plugin: [TRACE] initialise table hackernews_new
2022-10-26 03:51:35.549 UTC [TRACE] steampipe-plugin-hackernews.plugin: [TRACE] no DefaultRetryConfig defined - creating empty
2022-10-26 03:51:35.549 UTC [TRACE] steampipe-plugin-hackernews.plugin: [TRACE] no DefaultIgnoreConfig defined - creating empty
2022-10-26 03:51:35.549 UTC [TRACE] steampipe-plugin-hackernews.plugin: [TRACE] apply plugin defaults for DefaultRetryConfig
2022-10-26 03:51:35.549 UTC [TRACE] steampipe-plugin-hackernews.plugin: [TRACE] apply plugin defaults for DefaultIgnoreConfig, table &{<nil> <nil>} plugin &{<nil> <nil>}
2022-10-26 03:51:35.549 UTC [TRACE] steampipe-plugin-hackernews.plugin: [TRACE] DefaultRetryConfig:
2022-10-26 03:51:35.549 UTC [TRACE] steampipe-plugin-hackernews.plugin: [TRACE] DefaultIgnoreConfig:
2022-10-26 03:51:35.549 UTC [TRACE] steampipe-plugin-hackernews.plugin: [TRACE] t.Get.initialise
2022-10-26 03:51:35.549 UTC [TRACE] steampipe-plugin-hackernews.plugin: [TRACE] GetConfig.initialise table hackernews_new
2022-10-26 03:51:35.549 UTC [TRACE] steampipe-plugin-hackernews.plugin: [TRACE] GetConfig.initialise complete: RetryConfig: , IgnoreConfig:
2022-10-26 03:51:35.549 UTC [TRACE] steampipe-plugin-hackernews.plugin: [TRACE] t.List.initialise
2022-10-26 03:51:35.549 UTC [TRACE] steampipe-plugin-hackernews.plugin: [TRACE] ListConfig.initialise table hackernews_new
2022-10-26 03:51:35.549 UTC [TRACE] steampipe-plugin-hackernews.plugin: [TRACE] ListConfig.initialise complete: RetryConfig: , IgnoreConfig
2022-10-26 03:51:35.549 UTC [TRACE] steampipe-plugin-hackernews.plugin: [TRACE] HydrateConfig.initialise func getItem, table hackernews_new
2022-10-26 03:51:35.549 UTC [TRACE] steampipe-plugin-hackernews.plugin: [TRACE] HydrateConfig.initialise complete: RetryConfig: , IgnoreConfig:
2022-10-26 03:51:35.549 UTC [TRACE] steampipe-plugin-hackernews.plugin: [TRACE] back from initialiseHydrateConfigs
2022-10-26 03:51:35.549 UTC [TRACE] steampipe-plugin-hackernews.plugin: [TRACE] initialise table hackernews_new COMPLETE
2022-10-26 03:51:35.549 UTC [TRACE] steampipe-plugin-hackernews.plugin: [TRACE] initialise table hackernews_show_hn
2022-10-26 03:51:35.549 UTC [TRACE] steampipe-plugin-hackernews.plugin: [TRACE] no DefaultRetryConfig defined - creating empty
2022-10-26 03:51:35.549 UTC [TRACE] steampipe-plugin-hackernews.plugin: [TRACE] no DefaultIgnoreConfig defined - creating empty
2022-10-26 03:51:35.549 UTC [TRACE] steampipe-plugin-hackernews.plugin: [TRACE] apply plugin defaults for DefaultRetryConfig
2022-10-26 03:51:35.549 UTC [TRACE] steampipe-plugin-hackernews.plugin: [TRACE] apply plugin defaults for DefaultIgnoreConfig, table &{<nil> <nil>} plugin &{<nil> <nil>}
2022-10-26 03:51:35.549 UTC [TRACE] steampipe-plugin-hackernews.plugin: [TRACE] DefaultRetryConfig:
2022-10-26 03:51:35.549 UTC [TRACE] steampipe-plugin-hackernews.plugin: [TRACE] DefaultIgnoreConfig:
2022-10-26 03:51:35.549 UTC [TRACE] steampipe-plugin-hackernews.plugin: [TRACE] t.Get.initialise
2022-10-26 03:51:35.549 UTC [TRACE] steampipe-plugin-hackernews.plugin: [TRACE] GetConfig.initialise table hackernews_show_hn
2022-10-26 03:51:35.549 UTC [TRACE] steampipe-plugin-hackernews.plugin: [TRACE] GetConfig.initialise complete: RetryConfig: , IgnoreConfig:
2022-10-26 03:51:35.549 UTC [TRACE] steampipe-plugin-hackernews.plugin: [TRACE] t.List.initialise
2022-10-26 03:51:35.549 UTC [TRACE] steampipe-plugin-hackernews.plugin: [TRACE] ListConfig.initialise table hackernews_show_hn
2022-10-26 03:51:35.549 UTC [TRACE] steampipe-plugin-hackernews.plugin: [TRACE] ListConfig.initialise complete: RetryConfig: , IgnoreConfig
2022-10-26 03:51:35.549 UTC [TRACE] steampipe-plugin-hackernews.plugin: [TRACE] HydrateConfig.initialise func getItem, table hackernews_show_hn
2022-10-26 03:51:35.549 UTC [TRACE] steampipe-plugin-hackernews.plugin: [TRACE] HydrateConfig.initialise complete: RetryConfig: , IgnoreConfig:
2022-10-26 03:51:35.549 UTC [TRACE] steampipe-plugin-hackernews.plugin: [TRACE] back from initialiseHydrateConfigs
2022-10-26 03:51:35.549 UTC [TRACE] steampipe-plugin-hackernews.plugin: [TRACE] initialise table hackernews_show_hn COMPLETE
2022-10-26 03:51:35.549 UTC [TRACE] steampipe-plugin-hackernews.plugin: [TRACE] initialise table hackernews_top
2022-10-26 03:51:35.549 UTC [TRACE] steampipe-plugin-hackernews.plugin: [TRACE] no DefaultRetryConfig defined - creating empty
2022-10-26 03:51:35.549 UTC [TRACE] steampipe-plugin-hackernews.plugin: [TRACE] no DefaultIgnoreConfig defined - creating empty
2022-10-26 03:51:35.549 UTC [TRACE] steampipe-plugin-hackernews.plugin: [TRACE] apply plugin defaults for DefaultRetryConfig
2022-10-26 03:51:35.549 UTC [TRACE] steampipe-plugin-hackernews.plugin: [TRACE] apply plugin defaults for DefaultIgnoreConfig, table &{<nil> <nil>} plugin &{<nil> <nil>}
2022-10-26 03:51:35.549 UTC [TRACE] steampipe-plugin-hackernews.plugin: [TRACE] DefaultRetryConfig:
2022-10-26 03:51:35.549 UTC [TRACE] steampipe-plugin-hackernews.plugin: [TRACE] DefaultIgnoreConfig:
2022-10-26 03:51:35.549 UTC [TRACE] steampipe-plugin-hackernews.plugin: [TRACE] t.Get.initialise
2022-10-26 03:51:35.549 UTC [TRACE] steampipe-plugin-hackernews.plugin: [TRACE] GetConfig.initialise table hackernews_top
2022-10-26 03:51:35.549 UTC [TRACE] steampipe-plugin-hackernews.plugin: [TRACE] GetConfig.initialise complete: RetryConfig: , IgnoreConfig:
2022-10-26 03:51:35.549 UTC [TRACE] steampipe-plugin-hackernews.plugin: [TRACE] t.List.initialise
2022-10-26 03:51:35.549 UTC [TRACE] steampipe-plugin-hackernews.plugin: [TRACE] ListConfig.initialise table hackernews_top
2022-10-26 03:51:35.549 UTC [TRACE] steampipe-plugin-hackernews.plugin: [TRACE] ListConfig.initialise complete: RetryConfig: , IgnoreConfig
2022-10-26 03:51:35.549 UTC [TRACE] steampipe-plugin-hackernews.plugin: [TRACE] HydrateConfig.initialise func getItem, table hackernews_top
2022-10-26 03:51:35.549 UTC [TRACE] steampipe-plugin-hackernews.plugin: [TRACE] HydrateConfig.initialise complete: RetryConfig: , IgnoreConfig:
2022-10-26 03:51:35.549 UTC [TRACE] steampipe-plugin-hackernews.plugin: [TRACE] back from initialiseHydrateConfigs
2022-10-26 03:51:35.549 UTC [TRACE] steampipe-plugin-hackernews.plugin: [TRACE] initialise table hackernews_top COMPLETE
2022-10-26 03:51:35.549 UTC [TRACE] steampipe-plugin-hackernews.plugin: [TRACE] initialise table hackernews_user
2022-10-26 03:51:35.549 UTC [TRACE] steampipe-plugin-hackernews.plugin: [TRACE] no DefaultRetryConfig defined - creating empty
2022-10-26 03:51:35.549 UTC [TRACE] steampipe-plugin-hackernews.plugin: [TRACE] no DefaultIgnoreConfig defined - creating empty
2022-10-26 03:51:35.549 UTC [TRACE] steampipe-plugin-hackernews.plugin: [TRACE] apply plugin defaults for DefaultRetryConfig
2022-10-26 03:51:35.549 UTC [TRACE] steampipe-plugin-hackernews.plugin: [TRACE] apply plugin defaults for DefaultIgnoreConfig, table &{<nil> <nil>} plugin &{<nil> <nil>}
2022-10-26 03:51:35.549 UTC [TRACE] steampipe-plugin-hackernews.plugin: [TRACE] DefaultRetryConfig:
2022-10-26 03:51:35.549 UTC [TRACE] steampipe-plugin-hackernews.plugin: [TRACE] DefaultIgnoreConfig:
2022-10-26 03:51:35.549 UTC [TRACE] steampipe-plugin-hackernews.plugin: [TRACE] t.List.initialise
2022-10-26 03:51:35.549 UTC [TRACE] steampipe-plugin-hackernews.plugin: [TRACE] ListConfig.initialise table hackernews_user
2022-10-26 03:51:35.549 UTC [TRACE] steampipe-plugin-hackernews.plugin: [TRACE] ListConfig.initialise complete: RetryConfig: , IgnoreConfig
2022-10-26 03:51:35.549 UTC [TRACE] steampipe-plugin-hackernews.plugin: [TRACE] back from initialiseHydrateConfigs
2022-10-26 03:51:35.549 UTC [TRACE] steampipe-plugin-hackernews.plugin: [TRACE] initialise table hackernews_user COMPLETE
2022-10-26 03:51:35.549 UTC [TRACE] steampipe-plugin-hackernews.plugin: [TRACE] initialise table hackernews_ask_hn
2022-10-26 03:51:35.549 UTC [TRACE] steampipe-plugin-hackernews.plugin: [TRACE] no DefaultRetryConfig defined - creating empty
2022-10-26 03:51:35.549 UTC [TRACE] steampipe-plugin-hackernews.plugin: [TRACE] no DefaultIgnoreConfig defined - creating empty
2022-10-26 03:51:35.549 UTC [TRACE] steampipe-plugin-hackernews.plugin: [TRACE] apply plugin defaults for DefaultRetryConfig
2022-10-26 03:51:35.549 UTC [TRACE] steampipe-plugin-hackernews.plugin: [TRACE] apply plugin defaults for DefaultIgnoreConfig, table &{<nil> <nil>} plugin &{<nil> <nil>}
2022-10-26 03:51:35.549 UTC [TRACE] steampipe-plugin-hackernews.plugin: [TRACE] DefaultRetryConfig:
2022-10-26 03:51:35.549 UTC [TRACE] steampipe-plugin-hackernews.plugin: [TRACE] DefaultIgnoreConfig:
2022-10-26 03:51:35.549 UTC [TRACE] steampipe-plugin-hackernews.plugin: [TRACE] t.Get.initialise
2022-10-26 03:51:35.549 UTC [TRACE] steampipe-plugin-hackernews.plugin: [TRACE] GetConfig.initialise table hackernews_ask_hn
2022-10-26 03:51:35.549 UTC [TRACE] steampipe-plugin-hackernews.plugin: [TRACE] GetConfig.initialise complete: RetryConfig: , IgnoreConfig:
2022-10-26 03:51:35.549 UTC [TRACE] steampipe-plugin-hackernews.plugin: [TRACE] t.List.initialise
2022-10-26 03:51:35.549 UTC [TRACE] steampipe-plugin-hackernews.plugin: [TRACE] ListConfig.initialise table hackernews_ask_hn
2022-10-26 03:51:35.549 UTC [TRACE] steampipe-plugin-hackernews.plugin: [TRACE] ListConfig.initialise complete: RetryConfig: , IgnoreConfig
2022-10-26 03:51:35.549 UTC [TRACE] steampipe-plugin-hackernews.plugin: [TRACE] HydrateConfig.initialise func getItem, table hackernews_ask_hn
2022-10-26 03:51:35.549 UTC [TRACE] steampipe-plugin-hackernews.plugin: [TRACE] HydrateConfig.initialise complete: RetryConfig: , IgnoreConfig:
2022-10-26 03:51:35.549 UTC [TRACE] steampipe-plugin-hackernews.plugin: [TRACE] back from initialiseHydrateConfigs
2022-10-26 03:51:35.549 UTC [TRACE] steampipe-plugin-hackernews.plugin: [TRACE] initialise table hackernews_ask_hn COMPLETE
2022-10-26 03:51:35.549 UTC [TRACE] steampipe-plugin-hackernews.plugin: [TRACE] initialise table hackernews_best
2022-10-26 03:51:35.549 UTC [TRACE] steampipe-plugin-hackernews.plugin: [TRACE] no DefaultRetryConfig defined - creating empty
2022-10-26 03:51:35.549 UTC [TRACE] steampipe-plugin-hackernews.plugin: [TRACE] no DefaultIgnoreConfig defined - creating empty
2022-10-26 03:51:35.549 UTC [TRACE] steampipe-plugin-hackernews.plugin: [TRACE] apply plugin defaults for DefaultRetryConfig
2022-10-26 03:51:35.549 UTC [TRACE] steampipe-plugin-hackernews.plugin: [TRACE] apply plugin defaults for DefaultIgnoreConfig, table &{<nil> <nil>} plugin &{<nil> <nil>}
2022-10-26 03:51:35.549 UTC [TRACE] steampipe-plugin-hackernews.plugin: [TRACE] DefaultRetryConfig:
2022-10-26 03:51:35.549 UTC [TRACE] steampipe-plugin-hackernews.plugin: [TRACE] DefaultIgnoreConfig:
2022-10-26 03:51:35.549 UTC [TRACE] steampipe-plugin-hackernews.plugin: [TRACE] t.Get.initialise
2022-10-26 03:51:35.549 UTC [TRACE] steampipe-plugin-hackernews.plugin: [TRACE] GetConfig.initialise table hackernews_best
2022-10-26 03:51:35.549 UTC [TRACE] steampipe-plugin-hackernews.plugin: [TRACE] GetConfig.initialise complete: RetryConfig: , IgnoreConfig:
2022-10-26 03:51:35.549 UTC [TRACE] steampipe-plugin-hackernews.plugin: [TRACE] t.List.initialise
2022-10-26 03:51:35.549 UTC [TRACE] steampipe-plugin-hackernews.plugin: [TRACE] ListConfig.initialise table hackernews_best
2022-10-26 03:51:35.549 UTC [TRACE] steampipe-plugin-hackernews.plugin: [TRACE] ListConfig.initialise complete: RetryConfig: , IgnoreConfig
2022-10-26 03:51:35.549 UTC [TRACE] steampipe-plugin-hackernews.plugin: [TRACE] HydrateConfig.initialise func getItem, table hackernews_best
2022-10-26 03:51:35.549 UTC [TRACE] steampipe-plugin-hackernews.plugin: [TRACE] HydrateConfig.initialise complete: RetryConfig: , IgnoreConfig:
2022-10-26 03:51:35.549 UTC [TRACE] steampipe-plugin-hackernews.plugin: [TRACE] back from initialiseHydrateConfigs
2022-10-26 03:51:35.549 UTC [TRACE] steampipe-plugin-hackernews.plugin: [TRACE] initialise table hackernews_best COMPLETE
2022-10-26 03:51:35.549 UTC [TRACE] steampipe-plugin-hackernews.plugin: [TRACE] initialise table hackernews_item
2022-10-26 03:51:35.549 UTC [TRACE] steampipe-plugin-hackernews.plugin: [TRACE] no DefaultRetryConfig defined - creating empty
2022-10-26 03:51:35.549 UTC [TRACE] steampipe-plugin-hackernews.plugin: [TRACE] no DefaultIgnoreConfig defined - creating empty
2022-10-26 03:51:35.549 UTC [TRACE] steampipe-plugin-hackernews.plugin: [TRACE] apply plugin defaults for DefaultRetryConfig
2022-10-26 03:51:35.549 UTC [TRACE] steampipe-plugin-hackernews.plugin: [TRACE] apply plugin defaults for DefaultIgnoreConfig, table &{<nil> <nil>} plugin &{<nil> <nil>}
2022-10-26 03:51:35.549 UTC [TRACE] steampipe-plugin-hackernews.plugin: [TRACE] DefaultRetryConfig:
2022-10-26 03:51:35.549 UTC [TRACE] steampipe-plugin-hackernews.plugin: [TRACE] DefaultIgnoreConfig:
2022-10-26 03:51:35.549 UTC [TRACE] steampipe-plugin-hackernews.plugin: [TRACE] t.Get.initialise
2022-10-26 03:51:35.549 UTC [TRACE] steampipe-plugin-hackernews.plugin: [TRACE] GetConfig.initialise table hackernews_item
2022-10-26 03:51:35.549 UTC [TRACE] steampipe-plugin-hackernews.plugin: [TRACE] GetConfig.initialise complete: RetryConfig: , IgnoreConfig:
2022-10-26 03:51:35.549 UTC [TRACE] steampipe-plugin-hackernews.plugin: [TRACE] t.List.initialise
2022-10-26 03:51:35.549 UTC [TRACE] steampipe-plugin-hackernews.plugin: [TRACE] ListConfig.initialise table hackernews_item
2022-10-26 03:51:35.549 UTC [TRACE] steampipe-plugin-hackernews.plugin: [TRACE] ListConfig.initialise complete: RetryConfig: , IgnoreConfig
2022-10-26 03:51:35.549 UTC [TRACE] steampipe-plugin-hackernews.plugin: [TRACE] HydrateConfig.initialise func getItem, table hackernews_item
2022-10-26 03:51:35.549 UTC [TRACE] steampipe-plugin-hackernews.plugin: [TRACE] HydrateConfig.initialise complete: RetryConfig: , IgnoreConfig:
2022-10-26 03:51:35.549 UTC [TRACE] steampipe-plugin-hackernews.plugin: [TRACE] back from initialiseHydrateConfigs
2022-10-26 03:51:35.549 UTC [TRACE] steampipe-plugin-hackernews.plugin: [TRACE] initialise table hackernews_item COMPLETE
2022-10-26 03:51:35.549 UTC [TRACE] steampipe-plugin-hackernews.plugin: [TRACE] initialise table hackernews_job
2022-10-26 03:51:35.549 UTC [TRACE] steampipe-plugin-hackernews.plugin: [TRACE] no DefaultRetryConfig defined - creating empty
2022-10-26 03:51:35.549 UTC [TRACE] steampipe-plugin-hackernews.plugin: [TRACE] no DefaultIgnoreConfig defined - creating empty
2022-10-26 03:51:35.549 UTC [TRACE] steampipe-plugin-hackernews.plugin: [TRACE] apply plugin defaults for DefaultRetryConfig
2022-10-26 03:51:35.549 UTC [TRACE] steampipe-plugin-hackernews.plugin: [TRACE] apply plugin defaults for DefaultIgnoreConfig, table &{<nil> <nil>} plugin &{<nil> <nil>}
2022-10-26 03:51:35.549 UTC [TRACE] steampipe-plugin-hackernews.plugin: [TRACE] DefaultRetryConfig:
2022-10-26 03:51:35.549 UTC [TRACE] steampipe-plugin-hackernews.plugin: [TRACE] DefaultIgnoreConfig:
2022-10-26 03:51:35.549 UTC [TRACE] steampipe-plugin-hackernews.plugin: [TRACE] t.Get.initialise
2022-10-26 03:51:35.549 UTC [TRACE] steampipe-plugin-hackernews.plugin: [TRACE] GetConfig.initialise table hackernews_job
2022-10-26 03:51:35.549 UTC [TRACE] steampipe-plugin-hackernews.plugin: [TRACE] GetConfig.initialise complete: RetryConfig: , IgnoreConfig:
2022-10-26 03:51:35.549 UTC [TRACE] steampipe-plugin-hackernews.plugin: [TRACE] t.List.initialise
2022-10-26 03:51:35.549 UTC [TRACE] steampipe-plugin-hackernews.plugin: [TRACE] ListConfig.initialise table hackernews_job
2022-10-26 03:51:35.549 UTC [TRACE] steampipe-plugin-hackernews.plugin: [TRACE] ListConfig.initialise complete: RetryConfig: , IgnoreConfig
2022-10-26 03:51:35.549 UTC [TRACE] steampipe-plugin-hackernews.plugin: [TRACE] HydrateConfig.initialise func getItem, table hackernews_job
2022-10-26 03:51:35.549 UTC [TRACE] steampipe-plugin-hackernews.plugin: [TRACE] HydrateConfig.initialise complete: RetryConfig: , IgnoreConfig:
2022-10-26 03:51:35.549 UTC [TRACE] steampipe-plugin-hackernews.plugin: [TRACE] back from initialiseHydrateConfigs
2022-10-26 03:51:35.549 UTC [TRACE] steampipe-plugin-hackernews.plugin: [TRACE] initialise table hackernews_job COMPLETE
2022-10-26 03:51:35.549 UTC [TRACE] steampipe-plugin-hackernews.plugin: [TRACE] validate plugin steampipe-plugin-hackernews, required columns []
2022-10-26 03:51:35.549 UTC [TRACE] steampipe-plugin-hackernews.plugin: [TRACE] validate DefaultRetryConfig
2022-10-26 03:51:35.549 UTC [TRACE] steampipe-plugin-hackernews.plugin: [TRACE] validate DefaultIgnoreConfig
2022-10-26 03:51:35.549 UTC [TRACE] steampipe-plugin-hackernews.plugin: [TRACE] validate table names
2022-10-26 03:51:35.549 UTC [TRACE] steampipe-plugin-hackernews.plugin: [TRACE] plugin has 0 validation errors
2022-10-26 03:51:35.549 UTC [TRACE] steampipe-plugin-hackernews.plugin: [TRACE] Plugin ensureCache creating cache, maxCacheStorageMb 0
2022-10-26 03:51:35.549 UTC [TRACE] steampipe-plugin-hackernews.plugin: [TRACE] createCacheStore for plugin 'steampipe-plugin-hackernews' setting max size to 0Mb, Shards: 2, max shard size: 0
2022-10-26 03:51:35.565 UTC [INFO]  steampipe-plugin-hackernews.plugin: [INFO]  query cache created
2022-10-26 03:51:35.565 UTC [DEBUG] steampipe-plugin-hackernews.plugin: [DEBUG] SetAllConnectionConfigs finished
2022-10-26 03:51:35.565 UTC [TRACE] PluginManager getPlugin complete, returning reattach config with PID: 2016
2022-10-26 03:51:35.565 UTC [TRACE] PluginManager Get returning reattach_map:{key:"hackernews" value:{protocol:"grpc" addr:{Network:"unix" Address:"/tmp/plugin3578376926"} pid:2016 supported_operations:{query_cache:true multiple_connections:true} connections:"hackernews" plugin:"hub.steampipe.io/plugins/turbot/hackernews@latest"}}
2022-10-26 03:51:35.569 UTC [INFO]  steampipe-plugin-hackernews.plugin: [INFO]  1666756295452: Plugin Execute (1666756295452)
2022-10-26 03:51:35.569 UTC [TRACE] steampipe-plugin-hackernews.plugin: [TRACE] 1666756295452: No memory limit set
2022-10-26 03:51:35.569 UTC [INFO]  steampipe-plugin-hackernews.plugin: [INFO]  1666756295452: Plugin Execute, setting memory limit to -1Mb
2022-10-26 03:51:35.569 UTC [TRACE] steampipe-plugin-hackernews.plugin: [TRACE] 1666756295452: calling ExtractContextFromCarrier
2022-10-26 03:51:35.569 UTC [INFO]  steampipe-plugin-hackernews.plugin: [INFO]  1666756295452: Setting max concurrent connections to 25
2022-10-26 03:51:35.569 UTC [TRACE] steampipe-plugin-hackernews.plugin: [TRACE] 1666756295452: executeForConnection callId: 1666756295452, connectionCallId: hackernews-1666756295452, connection: hackernews table: hackernews_new cols: id,title,time,by,score,dead,deleted,descendants,kids,parent,parts,poll,text,type,url,_ctx
2022-10-26 03:51:35.569 UTC [TRACE] steampipe-plugin-hackernews.plugin: [TRACE] 1666756295452: got connection data
2022-10-26 03:51:35.570 UTC [TRACE] steampipe-plugin-hackernews.plugin: [TRACE] 1666756295452: Got query context, table: hackernews_new, cols: [id title time by score dead deleted descendants kids parent parts poll text type url _ctx]
2022-10-26 03:51:35.570 UTC [TRACE] steampipe-plugin-hackernews.plugin: [TRACE] 1666756295452: Start execute span
2022-10-26 03:51:35.570 UTC [INFO]  steampipe-plugin-hackernews.plugin: [INFO]  1666756295452: Setting free memory interval to 100 rows
2022-10-26 03:51:35.570 UTC [TRACE] steampipe-plugin-hackernews.plugin: [TRACE] 1666756295452: setFetchType map[time:quals:{fieldName:"time"  string_value:">"  value:{timestamp_value:{seconds:1666752695  nanos:514456000}}}]
2022-10-26 03:51:35.570 UTC [TRACE] steampipe-plugin-hackernews.plugin: [TRACE] 1666756295452: getMatchingQuals column:'id' operator: =
2022-10-26 03:51:35.570 UTC [TRACE] steampipe-plugin-hackernews.plugin: [TRACE] 1666756295452: getMatchingQuals returning false - qualMap does not contain any quals for column id
2022-10-26 03:51:35.571 UTC [TRACE] steampipe-plugin-hackernews.plugin: [TRACE] 1666756295452: GetUnsatisfiedKeyColumns for columns column:'id' operator: =
2022-10-26 03:51:35.572 UTC [TRACE] steampipe-plugin-hackernews.plugin: [TRACE] 1666756295452: key column NOT satisfied column:'id' operator: =
2022-10-26 03:51:35.572 UTC [TRACE] steampipe-plugin-hackernews.plugin: [TRACE] 1666756295452: satisfied: map[any_of: optional: required:]
2022-10-26 03:51:35.573 UTC [TRACE] steampipe-plugin-hackernews.plugin: [TRACE] 1666756295452: unsatisfied: map[any_of: optional: required:column:'id' operator: =]
2022-10-26 03:51:35.573 UTC [TRACE] steampipe-plugin-hackernews.plugin: [TRACE] 1666756295452: unsatisfied required KeyColumns: column:'id' operator: =
2022-10-26 03:51:35.573 UTC [TRACE] steampipe-plugin-hackernews.plugin: [TRACE] 1666756295452: Set fetchType to fetchTypeList
2022-10-26 03:51:35.573 UTC [TRACE] steampipe-plugin-hackernews.plugin: [TRACE] 1666756295452: Equals key column quals:
2022-10-26 03:51:35.573 UTC [DEBUG] steampipe-plugin-hackernews.plugin: {}
2022-10-26 03:51:35.573 UTC [TRACE] steampipe-plugin-hackernews.plugin: [TRACE] 1666756295452: All key column quals:
2022-10-26 03:51:35.573 UTC [DEBUG] steampipe-plugin-hackernews.plugin: {}
2022-10-26 03:51:35.573 UTC [TRACE] steampipe-plugin-hackernews.plugin: [TRACE] 1666756295452: GetMatrixItem
2022-10-26 03:51:35.573 UTC [TRACE] steampipe-plugin-hackernews.plugin: [TRACE] 1666756295452: creating query data
2022-10-26 03:51:35.573 UTC [INFO]  steampipe-plugin-hackernews.plugin: [INFO]  1666756295452: cacheEnabled, trying cache get (hackernews-1666756295452)
2022-10-26 03:51:35.573 UTC [TRACE] steampipe-plugin-hackernews.plugin: [TRACE] 1666756295452: QueryCache Get - indexBucketKey index__hackernewshackernews_new, quals
2022-10-26 03:51:35.573 UTC [TRACE] steampipe-plugin-hackernews.plugin: [TRACE] 1666756295452: QueryCache getCachedQueryResult - table hackernews_new, connectionName hackernews
2022-10-26 03:51:35.573 UTC [TRACE] steampipe-plugin-hackernews.plugin: [TRACE] 1666756295452: index bucket key: index__hackernewshackernews_new ttlSeconds 300 limit: -1
2022-10-26 03:51:35.573 UTC [TRACE] steampipe-plugin-hackernews.plugin: [TRACE] 1666756295452: doGet cache miss
2022-10-26 03:51:35.573 UTC [TRACE] steampipe-plugin-hackernews.plugin: [TRACE] 1666756295452: getCachedIndexBucket - no item retrieved for cache key index__hackernewshackernews_new
2022-10-26 03:51:35.573 UTC [TRACE] steampipe-plugin-hackernews.plugin: [TRACE] 1666756295452: getCachedQueryResult returned CACHE MISS - checking for pending transfers
2022-10-26 03:51:35.573 UTC [TRACE] steampipe-plugin-hackernews.plugin: [TRACE] 1666756295452: getPendingResultItem indexBucketKey index__hackernewshackernews_new, columns [id title time by score dead deleted descendants kids parent parts poll text type url _ctx], limit -1
2022-10-26 03:51:35.573 UTC [TRACE] steampipe-plugin-hackernews.plugin: [TRACE] 1666756295452: no pending index item - add pending result, indexBucketKey index__hackernewshackernews_new
2022-10-26 03:51:35.573 UTC [TRACE] steampipe-plugin-hackernews.plugin: [TRACE] 1666756295452: addPendingResult (hackernews-1666756295452) indexBucketKey index__hackernewshackernews_new, columns [id title time by score dead deleted descendants kids parent parts poll text type url _ctx], limit -1
2022-10-26 03:51:35.573 UTC [TRACE] steampipe-plugin-hackernews.plugin: [TRACE] 1666756295452: no index bucket found - creating one
2022-10-26 03:51:35.573 UTC [TRACE] steampipe-plugin-hackernews.plugin: [TRACE] 1666756295452: pendingIndexItem Lock count before 0
2022-10-26 03:51:35.573 UTC [TRACE] steampipe-plugin-hackernews.plugin: [TRACE] 1666756295452: addPendingResult added pending index item to bucket, (hackernews-1666756295452) indexBucketKey index__hackernewshackernews_new, resultKeyRoot hackernewshackernews_newid,title,time,by,score,dead,deleted,descendants,kids,parent,parts,poll,text,type,url,_ctx-1, pending item : 0xc000458e40
2022-10-26 03:51:35.573 UTC [TRACE] steampipe-plugin-hackernews.plugin: [TRACE] 1666756295452: **** pending items (hackernews-1666756295452)****
2022-10-26 03:51:35.573 UTC [TRACE] steampipe-plugin-hackernews.plugin: [TRACE] 1666756295452: key: index__hackernewshackernews_new: item: 0xc000458e40, count: 1, key:hackernewshackernews_newid,title,time,by,score,dead,deleted,descendants,kids,parent,parts,poll,text,type,url,_ctx-1
2022-10-26 03:51:35.573 UTC [TRACE] steampipe-plugin-hackernews.plugin: [TRACE] 1666756295452: ********
2022-10-26 03:51:35.573 UTC [TRACE] steampipe-plugin-hackernews.plugin: [TRACE] 1666756295452: getPendingResultItem returning <nil>
2022-10-26 03:51:35.573 UTC [INFO]  steampipe-plugin-hackernews.plugin: [INFO]  1666756295452: CACHE MISS
2022-10-26 03:51:35.573 UTC [TRACE] steampipe-plugin-hackernews.plugin: [TRACE] 1666756295452: cache MISS
2022-10-26 03:51:35.573 UTC [INFO]  steampipe-plugin-hackernews.plugin: [INFO]  1666756295452: queryCacheGet returned CACHE MISS (hackernews-1666756295452)
2022-10-26 03:51:35.573 UTC [TRACE] steampipe-plugin-hackernews.plugin: [TRACE] 1666756295452: StartSet (hackernews-1666756295452)
2022-10-26 03:51:35.573 UTC [TRACE] steampipe-plugin-hackernews.plugin: [TRACE] 1666756295452: calling fetchItems, table: hackernews_new, matrixItem: [], limit: -1,  connectionCallId: hackernews-1666756295452"
2022-10-26 03:51:35.573 UTC [TRACE] steampipe-plugin-hackernews.plugin: [TRACE] 1666756295452: buildRowsAsync connectionCallId: hackernews-1666756295452
2022-10-26 03:51:35.573 UTC [TRACE] steampipe-plugin-hackernews.plugin: [TRACE] 1666756295452: streamRows connectionCallId: hackernews-1666756295452
2022-10-26 03:51:35.573 UTC [TRACE] steampipe-plugin-hackernews.plugin: [TRACE] 1666756295452: QueryData streamRows (hackernews-1666756295452)
2022-10-26 03:51:35.573 UTC [TRACE] steampipe-plugin-hackernews.plugin: [TRACE] 1666756295452: executeListCall START (hackernews-1666756295452)
2022-10-26 03:51:35.573 UTC [TRACE] steampipe-plugin-hackernews.plugin: [TRACE] 1666756295452: GetUnsatisfiedKeyColumns for columns
2022-10-26 03:51:35.573 UTC [TRACE] steampipe-plugin-hackernews.plugin: [TRACE] 1666756295452: doList (hackernews-1666756295452)
2022-10-26 03:51:35.573 UTC [TRACE] steampipe-plugin-hackernews.plugin: [TRACE] 1666756295452: doList: no matrix item
2022-10-26 03:51:35.772 UTC [TRACE] steampipe-plugin-hackernews.plugin: [TRACE] 1666756295452: QueryData.fetchComplete
2022-10-26 03:51:35.772 UTC [TRACE] steampipe-plugin-hackernews.plugin: [TRACE] 1666756295452: executeListCall COMPLETE (hackernews-1666756295452)
2022-10-26 03:51:35.772 UTC [TRACE] steampipe-plugin-hackernews.plugin: [TRACE] 1666756295452: rowData chan returned nil - wait for rows to complete (hackernews-1666756295452)
2022-10-26 03:51:35.799 UTC [TRACE] stdio: received data: channel=STDOUT len=21
2022-10-26 03:51:35.799 UTC [TRACE] stdio: waiting for stdio data
2022-10-26 03:51:35.956 UTC [TRACE] stdio: received data: channel=STDOUT len=1024
2022-10-26 03:51:35.956 UTC [TRACE] stdio: waiting for stdio data
2022-10-26 03:51:35.977 UTC [TRACE] stdio: received data: channel=STDOUT len=263
2022-10-26 03:51:35.977 UTC [TRACE] stdio: waiting for stdio data
2022-10-26 03:51:36.064 UTC [TRACE] stdio: received data: channel=STDOUT len=745
2022-10-26 03:51:36.064 UTC [TRACE] stdio: waiting for stdio data
2022-10-26 03:51:36.151 UTC [TRACE] stdio: received data: channel=STDOUT len=1024
2022-10-26 03:51:36.151 UTC [TRACE] stdio: waiting for stdio data
2022-10-26 03:51:36.192 UTC [TRACE] stdio: received data: channel=STDOUT len=776
2022-10-26 03:51:36.192 UTC [TRACE] stdio: waiting for stdio data
2022-10-26 03:51:36.198 UTC [TRACE] stdio: received data: channel=STDOUT len=50
2022-10-26 03:51:36.198 UTC [TRACE] stdio: waiting for stdio data
2022-10-26 03:51:36.199 UTC [TRACE] stdio: received data: channel=STDOUT len=15
2022-10-26 03:51:36.199 UTC [TRACE] stdio: waiting for stdio data
2022-10-26 03:51:36.203 UTC [TRACE] steampipe-plugin-hackernews.plugin: [TRACE] 1666756295452: buildRowsAsync goroutine returning (hackernews-1666756295452)
2022-10-26 03:51:36.203 UTC [TRACE] steampipe-plugin-hackernews.plugin: [TRACE] 1666756295452: streamRows - nil row, stop streaming (hackernews-1666756295452)
2022-10-26 03:51:36.203 UTC [TRACE] steampipe-plugin-hackernews.plugin: [TRACE] 1666756295452: ------------------------------------
2022-10-26 03:51:36.203 UTC [TRACE] steampipe-plugin-hackernews.plugin: [TRACE] 1666756295452: Concurrency Summary
2022-10-26 03:51:36.203 UTC [TRACE] steampipe-plugin-hackernews.plugin: [TRACE] 1666756295452: ------------------------------------
2022-10-26 03:51:36.203 UTC [TRACE] steampipe-plugin-hackernews.plugin: [TRACE] 1666756295452: getItem                       : 200
2022-10-26 03:51:36.203 UTC [TRACE] steampipe-plugin-hackernews.plugin: [TRACE] 1666756295452: ------------------------------------
2022-10-26 03:51:36.203 UTC [TRACE] steampipe-plugin-hackernews.plugin: [TRACE] 1666756295452: Total                         : 200
2022-10-26 03:51:36.203 UTC [TRACE] steampipe-plugin-hackernews.plugin: [TRACE] 1666756295452: ------------------------------------
2022-10-26 03:51:36.203 UTC [TRACE] steampipe-plugin-hackernews.plugin: [TRACE] 1666756295452: QueryData streamRows DONE (hackernews-1666756295452)
2022-10-26 03:51:36.203 UTC [TRACE] steampipe-plugin-hackernews.plugin: [TRACE] 1666756295452: EndSet (hackernews-1666756295452) table hackernews_new
2022-10-26 03:51:36.204 UTC [TRACE] steampipe-plugin-hackernews.plugin: [TRACE] 1666756295452: QueryCache writePageToCache: 500 rows, pageCount 1, page key hackernewshackernews_newid,title,time,by,score,dead,deleted,descendants,kids,parent,parts,poll,text,type,url,_ctx-1-0
2022-10-26 03:51:36.211 UTC [TRACE] steampipe-plugin-hackernews.plugin: [TRACE] 1666756295452: writePageToCache Set - result written
2022-10-26 03:51:36.211 UTC [TRACE] steampipe-plugin-hackernews.plugin: [TRACE] 1666756295452: QueryCache EndSet - result written
2022-10-26 03:51:36.211 UTC [TRACE] steampipe-plugin-hackernews.plugin: [TRACE] 1666756295452: doGet cache miss
2022-10-26 03:51:36.211 UTC [TRACE] steampipe-plugin-hackernews.plugin: [TRACE] 1666756295452: getCachedIndexBucket - no item retrieved for cache key index__hackernewshackernews_new
2022-10-26 03:51:36.211 UTC [TRACE] steampipe-plugin-hackernews.plugin: [TRACE] 1666756295452: getCachedIndexBucket returned cache miss
2022-10-26 03:51:36.211 UTC [TRACE] steampipe-plugin-hackernews.plugin: [TRACE] 1666756295452: QueryCache EndSet - Added index item (0xc01a8ad080) to bucket (0xc01a766c48), page count 1,  key root hackernewshackernews_newid,title,time,by,score,dead,deleted,descendants,kids,parent,parts,poll,text,type,url,_ctx-1
2022-10-26 03:51:36.211 UTC [TRACE] steampipe-plugin-hackernews.plugin: [TRACE] 1666756295452: cacheSetIndexBucket index__hackernewshackernews_new
2022-10-26 03:51:36.211 UTC [TRACE] steampipe-plugin-hackernews.plugin: [TRACE] 1666756295452: QueryCache EndSet - IndexBucket written
2022-10-26 03:51:36.211 UTC [TRACE] steampipe-plugin-hackernews.plugin: [TRACE] 1666756295452: EndSet DEFER (hackernews-1666756295452) table hackernews_new
2022-10-26 03:51:36.211 UTC [TRACE] steampipe-plugin-hackernews.plugin: [TRACE] 1666756295452: calling pendingItemComplete (hackernews-1666756295452)
2022-10-26 03:51:36.211 UTC [TRACE] steampipe-plugin-hackernews.plugin: [TRACE] 1666756295452: pendingItemComplete (hackernews-1666756295452) indexBucketKey index__hackernewshackernews_new, columns [id title time by score dead deleted descendants kids parent parts poll text type url _ctx], limit -1
2022-10-26 03:51:36.211 UTC [TRACE] steampipe-plugin-hackernews.plugin: [TRACE] 1666756295452: got pending index bucket, (hackernews-1666756295452) len 1
2022-10-26 03:51:36.216 UTC [TRACE] steampipe-plugin-hackernews.plugin: [TRACE] 1666756295452: SatisfiesLimit limit -1, no item limit - satisfied
2022-10-26 03:51:36.216 UTC [TRACE] steampipe-plugin-hackernews.plugin: [TRACE] 1666756295452: found pending index item to satisfy columns id,title,time,by,score,dead,deleted,descendants,kids,parent,parts,poll,text,type,url,_ctx, limit -1
2022-10-26 03:51:36.216 UTC [TRACE] steampipe-plugin-hackernews.plugin: [TRACE] 1666756295452: found completed pending item (hackernews-1666756295452) 0xc000458e40, key hackernewshackernews_newid,title,time,by,score,dead,deleted,descendants,kids,parent,parts,poll,text,type,url,_ctx-1 - removing from map as it is complete
2022-10-26 03:51:36.216 UTC [TRACE] steampipe-plugin-hackernews.plugin: [TRACE] 1666756295452: pendingIndexItem Unlock count before 1 key hackernewshackernews_newid,title,time,by,score,dead,deleted,descendants,kids,parent,parts,poll,text,type,url,_ctx-1
2022-10-26 03:51:36.216 UTC [TRACE] steampipe-plugin-hackernews.plugin: [TRACE] 1666756295452: deleted from pending, (hackernews-1666756295452) len 0
2022-10-26 03:51:36.216 UTC [TRACE] steampipe-plugin-hackernews.plugin: [TRACE] 1666756295452: pending bucket now empty - deleting key index__hackernewshackernews_new
2022-10-26 03:51:36.216 UTC [TRACE] steampipe-plugin-hackernews.plugin: [TRACE] 1666756295452: pendingItemComplete done (hackernews-1666756295452)
2022-10-26 03:51:36.216 UTC [TRACE] steampipe-plugin-hackernews.plugin: [TRACE] 1666756295452: cache set succeeded
2022-10-26 03:51:36.216 UTC [TRACE] steampipe-plugin-hackernews.plugin: [TRACE] 1666756295452: End execute span
2022-10-26 03:51:36.216 UTC [TRACE] steampipe-plugin-hackernews.plugin: [TRACE] 1666756295452: executeForConnection DEFER (hackernews-1666756295452)
2022-10-26 03:51:36.216 UTC [TRACE] steampipe-plugin-hackernews.plugin: [TRACE] 1666756295452: Execute complete callId: hackernews-1666756295452 table: hackernews_new
2022-10-26 03:51:36.216 UTC [TRACE] steampipe-plugin-hackernews.plugin: [TRACE] 1666756295452: executeForConnection hackernews returned
2022-10-26 03:51:36.216 UTC [TRACE] steampipe-plugin-hackernews.plugin: [TRACE] 1666756295452: output wg complete - send nil row
2022-10-26 03:51:36.216 UTC [TRACE] steampipe-plugin-hackernews.plugin: [TRACE] 1666756295452: empty row on output channel - we are done
2022-10-26 03:51:36.216 UTC [INFO]  steampipe-plugin-hackernews.plugin: [INFO]  1666756295452: Plugin Execute complete (1666756295452)
2022-10-26 03:51:36.281 UTC [TRACE] PluginManager Shutdown
2022-10-26 03:51:36.281 UTC [TRACE] killing plugin csv (1993)
2022-10-26 03:51:36.283 UTC [TRACE] steampipe-plugin-csv.plugin: [TRACE] FLUSHING instrumentation
2022-10-26 03:51:36.283 UTC [TRACE] steampipe-plugin-csv.plugin: [TRACE] Shutdown instrumentation
2022-10-26 03:51:36.283 UTC [INFO]  plugin process exited: path=/home/runner/.steampipe/plugins/hub.steampipe.io/plugins/turbot/csv@latest/steampipe-plugin-csv.plugin pid=1993
2022-10-26 03:51:36.283 UTC [DEBUG] stdio: received EOF, stopping recv loop: err="rpc error: code = Unavailable desc = error reading from server: EOF"
2022-10-26 03:51:36.283 UTC [DEBUG] plugin exited
2022-10-26 03:51:36.283 UTC [TRACE] killing plugin hackernews (2016)
2022-10-26 03:51:36.284 UTC [TRACE] steampipe-plugin-hackernews.plugin: [TRACE] 1666756295452: FLUSHING instrumentation
2022-10-26 03:51:36.284 UTC [TRACE] steampipe-plugin-hackernews.plugin: [TRACE] 1666756295452: Shutdown instrumentation
2022-10-26 03:51:36.284 UTC [DEBUG] stdio: received EOF, stopping recv loop: err="rpc error: code = Unavailable desc = error reading from server: EOF"
2022-10-26 03:51:36.287 UTC [INFO]  plugin process exited: path=/home/runner/.steampipe/plugins/hub.steampipe.io/plugins/turbot/hackernews@latest/steampipe-plugin-hackernews.plugin pid=2016
2022-10-26 03:51:36.287 UTC [DEBUG] plugin exited
2022-10-26 03:51:40.371 UTC [WARN]  PluginManager setPluginCacheSizeMap: 4 connections.
2022-10-26 03:51:40.371 UTC [WARN]  Total cache size 0Mb
2022-10-26 03:51:40.441 UTC [WARN]  plugin configured with a nil SecureConfig
2022-10-26 03:51:40.742 UTC [WARN]  steampipe-plugin-csv.plugin: [WARN]  1666756300593: getKeyColumnsForTable found no schema for table '/home/runner/work/steampipe-samples/steampipe-samples/all/hackernews/hn.csv'
2022-10-26 03:52:05.015 UTC [WARN]  PluginManager setPluginCacheSizeMap: 4 connections.
2022-10-26 03:52:05.015 UTC [WARN]  Total cache size 0Mb
2022-10-26 03:52:05.081 UTC [WARN]  plugin configured with a nil SecureConfig
2022-10-26 03:52:05.279 UTC [WARN]  steampipe-plugin-csv.plugin: [WARN]  1666756325205: getKeyColumnsForTable found no schema for table '/home/runner/work/steampipe-samples/steampipe-samples/all/hackernews/hn.csv'
2022-10-26 03:52:29.571 UTC [WARN]  PluginManager setPluginCacheSizeMap: 4 connections.
2022-10-26 03:52:29.571 UTC [WARN]  Total cache size 0Mb
2022-10-26 03:52:29.640 UTC [WARN]  plugin configured with a nil SecureConfig
2022-10-26 03:52:30.942 UTC [WARN]  PluginManager setPluginCacheSizeMap: 4 connections.
2022-10-26 03:52:30.942 UTC [WARN]  Total cache size 0Mb
2022-10-26 03:52:31.012 UTC [WARN]  plugin configured with a nil SecureConfig
2022-10-26 03:52:32.101 UTC [WARN]  PluginManager setPluginCacheSizeMap: 4 connections.
2022-10-26 03:52:32.102 UTC [WARN]  Total cache size 0Mb
2022-10-26 03:52:32.170 UTC [WARN]  plugin configured with a nil SecureConfig
2022-10-26 03:52:33.057 UTC [WARN]  PluginManager setPluginCacheSizeMap: 4 connections.
2022-10-26 03:52:33.057 UTC [WARN]  Total cache size 0Mb
2022-10-26 03:52:33.126 UTC [WARN]  plugin configured with a nil SecureConfig
2022-10-26 03:52:34.068 UTC [WARN]  PluginManager setPluginCacheSizeMap: 4 connections.
2022-10-26 03:52:34.068 UTC [WARN]  Total cache size 0Mb
2022-10-26 03:52:34.137 UTC [WARN]  plugin configured with a nil SecureConfig
2022-10-26 03:52:35.018 UTC [WARN]  PluginManager setPluginCacheSizeMap: 4 connections.
2022-10-26 03:52:35.018 UTC [WARN]  Total cache size 0Mb
2022-10-26 03:52:35.086 UTC [WARN]  plugin configured with a nil SecureConfig
2022-10-26 03:52:35.970 UTC [WARN]  PluginManager setPluginCacheSizeMap: 4 connections.
2022-10-26 03:52:35.971 UTC [WARN]  Total cache size 0Mb
2022-10-26 03:52:36.039 UTC [WARN]  plugin configured with a nil SecureConfig
2022-10-26 03:52:36.907 UTC [WARN]  PluginManager setPluginCacheSizeMap: 4 connections.
2022-10-26 03:52:36.907 UTC [WARN]  Total cache size 0Mb
2022-10-26 03:52:36.981 UTC [WARN]  plugin configured with a nil SecureConfig
2022-10-26 03:52:37.168 UTC [WARN]  plugin configured with a nil SecureConfig
2022-10-26 03:54:06.952 UTC [WARN]  PluginManager setPluginCacheSizeMap: 4 connections.
2022-10-26 03:54:06.952 UTC [WARN]  Total cache size 0Mb
2022-10-26 03:54:07.018 UTC [WARN]  plugin configured with a nil SecureConfig
2022-10-26 03:54:07.885 UTC [WARN]  PluginManager setPluginCacheSizeMap: 4 connections.
2022-10-26 03:54:07.885 UTC [WARN]  Total cache size 0Mb
2022-10-26 03:54:07.956 UTC [WARN]  plugin configured with a nil SecureConfig
2022-10-26 03:54:07.969 UTC [ERROR] steampipe-plugin-csv.plugin: [ERROR] csv.tableCSV: header_parse_error=EOF path=/home/runner/work/steampipe-samples/steampipe-samples/all/hackernews/new_sc.csv header=[]
2022-10-26 03:54:07.969 UTC [ERROR] steampipe-plugin-csv.plugin: [ERROR] csv.PluginTables: create_table_error="failed to parse file header /home/runner/work/steampipe-samples/steampipe-samples/all/hackernews/new_sc.csv: EOF" path=/home/runner/work/steampipe-samples/steampipe-samples/all/hackernews/new_sc.csv
2022-10-26 03:54:07.969 UTC [WARN]  failed to set connection config: failed to parse file header /home/runner/work/steampipe-samples/steampipe-samples/all/hackernews/new_sc.csv: EOF
2022-10-26 03:54:08.794 UTC [WARN]  PluginManager setPluginCacheSizeMap: 4 connections.
2022-10-26 03:54:08.794 UTC [WARN]  Total cache size 0Mb
2022-10-26 03:54:08.863 UTC [WARN]  plugin configured with a nil SecureConfig
2022-10-26 03:54:09.057 UTC [WARN]  steampipe-plugin-csv.plugin: [WARN]  1666756449280: getKeyColumnsForTable found no schema for table '/home/runner/work/steampipe-samples/steampipe-samples/all/hackernews/new_sc.csv'
2022-10-26 03:54:12.811 UTC [WARN]  PluginManager setPluginCacheSizeMap: 4 connections.
2022-10-26 03:54:12.811 UTC [WARN]  Total cache size 0Mb
2022-10-26 03:54:12.881 UTC [WARN]  plugin configured with a nil SecureConfig
2022-10-26 03:54:13.732 UTC [WARN]  PluginManager setPluginCacheSizeMap: 4 connections.
2022-10-26 03:54:13.732 UTC [WARN]  Total cache size 0Mb
2022-10-26 03:54:13.800 UTC [WARN]  plugin configured with a nil SecureConfig
2022-10-26 03:54:14.652 UTC [WARN]  PluginManager setPluginCacheSizeMap: 4 connections.
2022-10-26 03:54:14.652 UTC [WARN]  Total cache size 0Mb
2022-10-26 03:54:14.721 UTC [WARN]  plugin configured with a nil SecureConfig
2022-10-26 03:54:15.577 UTC [WARN]  PluginManager setPluginCacheSizeMap: 4 connections.
2022-10-26 03:54:15.577 UTC [WARN]  Total cache size 0Mb
2022-10-26 03:54:15.646 UTC [WARN]  plugin configured with a nil SecureConfig
2022-10-26 03:54:15.661 UTC [ERROR] steampipe-plugin-csv.plugin: [ERROR] csv.tableCSV: header_parse_error=EOF path=/home/runner/work/steampipe-samples/steampipe-samples/all/hackernews/hn_items_all.csv header=[]
2022-10-26 03:54:15.661 UTC [ERROR] steampipe-plugin-csv.plugin: [ERROR] csv.PluginTables: create_table_error="failed to parse file header /home/runner/work/steampipe-samples/steampipe-samples/all/hackernews/hn_items_all.csv: EOF" path=/home/runner/work/steampipe-samples/steampipe-samples/all/hackernews/hn_items_all.csv
2022-10-26 03:54:15.661 UTC [WARN]  failed to set connection config: failed to parse file header /home/runner/work/steampipe-samples/steampipe-samples/all/hackernews/hn_items_all.csv: EOF
2022-10-26 03:54:16.761 UTC [WARN]  PluginManager setPluginCacheSizeMap: 4 connections.
2022-10-26 03:54:16.761 UTC [WARN]  Total cache size 0Mb
2022-10-26 03:54:16.829 UTC [WARN]  plugin configured with a nil SecureConfig
2022-10-26 03:54:16.845 UTC [ERROR] steampipe-plugin-csv.plugin: [ERROR] csv.tableCSV: header_parse_error=EOF path=/home/runner/work/steampipe-samples/steampipe-samples/all/hackernews/people.csv header=[]
2022-10-26 03:54:16.845 UTC [ERROR] steampipe-plugin-csv.plugin: [ERROR] csv.PluginTables: create_table_error="failed to parse file header /home/runner/work/steampipe-samples/steampipe-samples/all/hackernews/people.csv: EOF" path=/home/runner/work/steampipe-samples/steampipe-samples/all/hackernews/people.csv
2022-10-26 03:54:16.846 UTC [WARN]  failed to set connection config: failed to parse file header /home/runner/work/steampipe-samples/steampipe-samples/all/hackernews/people.csv: EOF
2022-10-26 03:54:17.004 UTC [WARN]  plugin configured with a nil SecureConfig
2022-10-26 03:54:17.042 UTC [WARN]  plugin configured with a nil SecureConfig
