2023-01-17 05:18:58.750 UTC [INFO]  starting plugin manager
2023-01-17 05:18:58.751 UTC [TRACE] loaded config map: github,hackernews,net,csv
2023-01-17 05:18:58.751 UTC [TRACE] NewPluginManager
2023-01-17 05:18:58.751 UTC [TRACE] PluginManager setPluginCacheSizeMap: 4 connections.
2023-01-17 05:18:58.751 UTC [TRACE] Total cache size 0Mb
2023-01-17 05:18:58.751 UTC [INFO]  starting connection watcher
2023-01-17 05:18:58.751 UTC [INFO]  created ConnectionWatcher
2023-01-17 05:18:58.751 UTC [TRACE] about to serve
2023-01-17 05:18:58.807 UTC [TRACE] PluginManager Get, connections: '[csv]'
2023-01-17 05:18:58.807 UTC [TRACE] PluginManager getPlugin hub.steampipe.io/plugins/turbot/csv@latest connection 'csv'
2023-01-17 05:18:58.807 UTC [TRACE] PluginManager 0xc000641c70 plugin hub.steampipe.io/plugins/turbot/csv@latest (csv) NOT started or starting - start now
2023-01-17 05:18:58.807 UTC [TRACE] ************ start plugin csv ********************
2023-01-17 05:18:58.807 UTC [TRACE] ************ plugin path /home/runner/.steampipe/plugins/hub.steampipe.io/plugins/turbot/csv@latest/steampipe-plugin-csv.plugin ********************
2023-01-17 05:18:58.867 UTC [DEBUG] starting plugin: path=/home/runner/.steampipe/plugins/hub.steampipe.io/plugins/turbot/csv@latest/steampipe-plugin-csv.plugin args=["/home/runner/.steampipe/plugins/hub.steampipe.io/plugins/turbot/csv@latest/steampipe-plugin-csv.plugin"]
2023-01-17 05:18:58.867 UTC [DEBUG] plugin started: path=/home/runner/.steampipe/plugins/hub.steampipe.io/plugins/turbot/csv@latest/steampipe-plugin-csv.plugin pid=2052
2023-01-17 05:18:58.868 UTC [DEBUG] waiting for RPC address: path=/home/runner/.steampipe/plugins/hub.steampipe.io/plugins/turbot/csv@latest/steampipe-plugin-csv.plugin
2023-01-17 05:18:58.876 UTC [INFO]  steampipe-plugin-csv.plugin: [INFO]  Initialise plugin 'steampipe-plugin-csv', using sdk version 4.1.8
2023-01-17 05:18:58.876 UTC [TRACE] steampipe-plugin-csv.plugin: [TRACE] no DefaultRetryConfig defined - creating empty
2023-01-17 05:18:58.876 UTC [TRACE] steampipe-plugin-csv.plugin: [TRACE] no DefaultIgnoreConfig defined - creating empty
2023-01-17 05:18:58.876 UTC [TRACE] steampipe-plugin-csv.plugin: [TRACE] telemetry.Init service 'steampipe-plugin-csv', tracingEnabled: false, metricsEnabled: false
2023-01-17 05:18:58.876 UTC [TRACE] steampipe-plugin-csv.plugin: [TRACE] metrics and tracing disabled' - returning
2023-01-17 05:18:58.877 UTC [DEBUG] steampipe-plugin-csv.plugin: plugin address: network=unix address=/tmp/plugin4103478699 timestamp=2023-01-17T05:18:58.877Z
2023-01-17 05:18:58.877 UTC [DEBUG] using plugin: version=0
2023-01-17 05:18:58.877 UTC [TRACE] NewPluginClient for plugin hub.steampipe.io/plugins/turbot/csv@latest
2023-01-17 05:18:58.878 UTC [TRACE] stdio: waiting for stdio data
2023-01-17 05:18:58.879 UTC [TRACE] supportedOperations: query_cache:true multiple_connections:true
2023-01-17 05:18:58.879 UTC [TRACE] steampipe-plugin-csv.plugin: [TRACE] SetAllConnectionConfigs setting 1 configs
2023-01-17 05:18:58.879 UTC [TRACE] steampipe-plugin-csv.plugin: [TRACE] connection csv build schema and table map
2023-01-17 05:18:58.879 UTC [DEBUG] steampipe-plugin-csv.plugin: [DEBUG] csv.tableCSV: path=/home/runner/work/steampipe-samples/steampipe-samples/all/hackernews/hn_items_all.csv detected_encoding=Unknown
2023-01-17 05:18:58.879 UTC [DEBUG] steampipe-plugin-csv.plugin: [DEBUG] csv.tableCSV: path=/home/runner/work/steampipe-samples/steampipe-samples/all/hackernews/new_sc.csv detected_encoding=Unknown
2023-01-17 05:18:58.879 UTC [DEBUG] steampipe-plugin-csv.plugin: [DEBUG] csv.tableCSV: path=/home/runner/work/steampipe-samples/steampipe-samples/all/hackernews/people.csv detected_encoding=Unknown
2023-01-17 05:18:58.879 UTC [TRACE] steampipe-plugin-csv.plugin: [TRACE] initialise table /home/runner/work/steampipe-samples/steampipe-samples/all/hackernews/hn_items_all.csv
2023-01-17 05:18:58.879 UTC [TRACE] steampipe-plugin-csv.plugin: [TRACE] no DefaultRetryConfig defined - creating empty
2023-01-17 05:18:58.879 UTC [TRACE] steampipe-plugin-csv.plugin: [TRACE] no DefaultIgnoreConfig defined - creating empty
2023-01-17 05:18:58.879 UTC [TRACE] steampipe-plugin-csv.plugin: [TRACE] apply plugin defaults for DefaultRetryConfig
2023-01-17 05:18:58.879 UTC [TRACE] steampipe-plugin-csv.plugin: [TRACE] apply plugin defaults for DefaultIgnoreConfig, table &{<nil> <nil>} plugin &{<nil> <nil>}
2023-01-17 05:18:58.879 UTC [TRACE] steampipe-plugin-csv.plugin: [TRACE] DefaultRetryConfig:
2023-01-17 05:18:58.879 UTC [TRACE] steampipe-plugin-csv.plugin: [TRACE] DefaultIgnoreConfig:
2023-01-17 05:18:58.879 UTC [TRACE] steampipe-plugin-csv.plugin: [TRACE] t.List.initialise
2023-01-17 05:18:58.879 UTC [TRACE] steampipe-plugin-csv.plugin: [TRACE] ListConfig.initialise table /home/runner/work/steampipe-samples/steampipe-samples/all/hackernews/hn_items_all.csv
2023-01-17 05:18:58.879 UTC [TRACE] steampipe-plugin-csv.plugin: [TRACE] ListConfig.initialise complete: RetryConfig: , IgnoreConfig
2023-01-17 05:18:58.879 UTC [TRACE] steampipe-plugin-csv.plugin: [TRACE] back from initialiseHydrateConfigs
2023-01-17 05:18:58.879 UTC [TRACE] steampipe-plugin-csv.plugin: [TRACE] initialise table /home/runner/work/steampipe-samples/steampipe-samples/all/hackernews/hn_items_all.csv COMPLETE
2023-01-17 05:18:58.879 UTC [TRACE] steampipe-plugin-csv.plugin: [TRACE] initialise table /home/runner/work/steampipe-samples/steampipe-samples/all/hackernews/new_sc.csv
2023-01-17 05:18:58.879 UTC [TRACE] steampipe-plugin-csv.plugin: [TRACE] no DefaultRetryConfig defined - creating empty
2023-01-17 05:18:58.879 UTC [TRACE] steampipe-plugin-csv.plugin: [TRACE] no DefaultIgnoreConfig defined - creating empty
2023-01-17 05:18:58.879 UTC [TRACE] steampipe-plugin-csv.plugin: [TRACE] apply plugin defaults for DefaultRetryConfig
2023-01-17 05:18:58.879 UTC [TRACE] steampipe-plugin-csv.plugin: [TRACE] apply plugin defaults for DefaultIgnoreConfig, table &{<nil> <nil>} plugin &{<nil> <nil>}
2023-01-17 05:18:58.879 UTC [TRACE] steampipe-plugin-csv.plugin: [TRACE] DefaultRetryConfig:
2023-01-17 05:18:58.879 UTC [TRACE] steampipe-plugin-csv.plugin: [TRACE] DefaultIgnoreConfig:
2023-01-17 05:18:58.879 UTC [TRACE] steampipe-plugin-csv.plugin: [TRACE] t.List.initialise
2023-01-17 05:18:58.879 UTC [TRACE] steampipe-plugin-csv.plugin: [TRACE] ListConfig.initialise table /home/runner/work/steampipe-samples/steampipe-samples/all/hackernews/new_sc.csv
2023-01-17 05:18:58.879 UTC [TRACE] steampipe-plugin-csv.plugin: [TRACE] ListConfig.initialise complete: RetryConfig: , IgnoreConfig
2023-01-17 05:18:58.879 UTC [TRACE] steampipe-plugin-csv.plugin: [TRACE] back from initialiseHydrateConfigs
2023-01-17 05:18:58.879 UTC [TRACE] steampipe-plugin-csv.plugin: [TRACE] initialise table /home/runner/work/steampipe-samples/steampipe-samples/all/hackernews/new_sc.csv COMPLETE
2023-01-17 05:18:58.880 UTC [TRACE] steampipe-plugin-csv.plugin: [TRACE] initialise table /home/runner/work/steampipe-samples/steampipe-samples/all/hackernews/people.csv
2023-01-17 05:18:58.880 UTC [TRACE] steampipe-plugin-csv.plugin: [TRACE] no DefaultRetryConfig defined - creating empty
2023-01-17 05:18:58.880 UTC [TRACE] steampipe-plugin-csv.plugin: [TRACE] no DefaultIgnoreConfig defined - creating empty
2023-01-17 05:18:58.880 UTC [TRACE] steampipe-plugin-csv.plugin: [TRACE] apply plugin defaults for DefaultRetryConfig
2023-01-17 05:18:58.880 UTC [TRACE] steampipe-plugin-csv.plugin: [TRACE] apply plugin defaults for DefaultIgnoreConfig, table &{<nil> <nil>} plugin &{<nil> <nil>}
2023-01-17 05:18:58.880 UTC [TRACE] steampipe-plugin-csv.plugin: [TRACE] DefaultRetryConfig:
2023-01-17 05:18:58.880 UTC [TRACE] steampipe-plugin-csv.plugin: [TRACE] DefaultIgnoreConfig:
2023-01-17 05:18:58.880 UTC [TRACE] steampipe-plugin-csv.plugin: [TRACE] t.List.initialise
2023-01-17 05:18:58.880 UTC [TRACE] steampipe-plugin-csv.plugin: [TRACE] ListConfig.initialise table /home/runner/work/steampipe-samples/steampipe-samples/all/hackernews/people.csv
2023-01-17 05:18:58.880 UTC [TRACE] steampipe-plugin-csv.plugin: [TRACE] ListConfig.initialise complete: RetryConfig: , IgnoreConfig
2023-01-17 05:18:58.880 UTC [TRACE] steampipe-plugin-csv.plugin: [TRACE] back from initialiseHydrateConfigs
2023-01-17 05:18:58.880 UTC [TRACE] steampipe-plugin-csv.plugin: [TRACE] initialise table /home/runner/work/steampipe-samples/steampipe-samples/all/hackernews/people.csv COMPLETE
2023-01-17 05:18:58.880 UTC [TRACE] steampipe-plugin-csv.plugin: [TRACE] validate plugin steampipe-plugin-csv, required columns []
2023-01-17 05:18:58.880 UTC [TRACE] steampipe-plugin-csv.plugin: [TRACE] validate DefaultRetryConfig
2023-01-17 05:18:58.880 UTC [TRACE] steampipe-plugin-csv.plugin: [TRACE] validate DefaultIgnoreConfig
2023-01-17 05:18:58.880 UTC [TRACE] steampipe-plugin-csv.plugin: [TRACE] validate table names
2023-01-17 05:18:58.880 UTC [TRACE] steampipe-plugin-csv.plugin: [TRACE] plugin has 0 validation errors
2023-01-17 05:18:58.880 UTC [TRACE] steampipe-plugin-csv.plugin: [TRACE] Plugin ensureCache creating cache, maxCacheStorageMb 0
2023-01-17 05:18:58.880 UTC [TRACE] steampipe-plugin-csv.plugin: [TRACE] createCacheStore for plugin 'steampipe-plugin-csv' setting max size to 0Mb, Shards: 2, max shard size: 0
2023-01-17 05:18:58.895 UTC [INFO]  steampipe-plugin-csv.plugin: [INFO]  query cache created
2023-01-17 05:18:58.895 UTC [DEBUG] steampipe-plugin-csv.plugin: [DEBUG] SetAllConnectionConfigs finished
2023-01-17 05:18:58.895 UTC [TRACE] PluginManager getPlugin complete, returning reattach config with PID: 2052
2023-01-17 05:18:58.895 UTC [TRACE] PluginManager Get returning reattach_map:{key:"csv" value:{protocol:"grpc" addr:{Network:"unix" Address:"/tmp/plugin4103478699"} pid:2052 supported_operations:{query_cache:true multiple_connections:true} connections:"csv" plugin:"hub.steampipe.io/plugins/turbot/csv@latest"}}
2023-01-17 05:18:58.978 UTC [TRACE] PluginManager Get, connections: '[csv]'
2023-01-17 05:18:58.978 UTC [TRACE] PluginManager getPlugin hub.steampipe.io/plugins/turbot/csv@latest connection 'csv'
2023-01-17 05:18:58.978 UTC [TRACE] connection csv found in connectionPluginMap
2023-01-17 05:18:58.978 UTC [TRACE] initialized: 2052
2023-01-17 05:18:58.978 UTC [TRACE] initialized: 2052
2023-01-17 05:18:58.978 UTC [TRACE] connection csv is loaded, check for running PID
2023-01-17 05:18:58.979 UTC [TRACE] PluginManager found 'csv' in map, pid 2052
2023-01-17 05:18:58.979 UTC [TRACE] PluginManager Get returning reattach_map:{key:"csv" value:{protocol:"grpc" addr:{Network:"unix" Address:"/tmp/plugin4103478699"} pid:2052 supported_operations:{query_cache:true multiple_connections:true} connections:"csv" plugin:"hub.steampipe.io/plugins/turbot/csv@latest"}}
2023-01-17 05:18:59.134 UTC [TRACE] PluginManager Get, connections: '[hackernews]'
2023-01-17 05:18:59.134 UTC [TRACE] PluginManager getPlugin hub.steampipe.io/plugins/turbot/hackernews@latest connection 'hackernews'
2023-01-17 05:18:59.134 UTC [TRACE] PluginManager 0xc000641c70 plugin hub.steampipe.io/plugins/turbot/hackernews@latest (hackernews) NOT started or starting - start now
2023-01-17 05:18:59.134 UTC [TRACE] ************ start plugin hackernews ********************
2023-01-17 05:18:59.134 UTC [TRACE] ************ plugin path /home/runner/.steampipe/plugins/hub.steampipe.io/plugins/turbot/hackernews@latest/steampipe-plugin-hackernews.plugin ********************
2023-01-17 05:18:59.195 UTC [DEBUG] starting plugin: path=/home/runner/.steampipe/plugins/hub.steampipe.io/plugins/turbot/hackernews@latest/steampipe-plugin-hackernews.plugin args=["/home/runner/.steampipe/plugins/hub.steampipe.io/plugins/turbot/hackernews@latest/steampipe-plugin-hackernews.plugin"]
2023-01-17 05:18:59.196 UTC [DEBUG] plugin started: path=/home/runner/.steampipe/plugins/hub.steampipe.io/plugins/turbot/hackernews@latest/steampipe-plugin-hackernews.plugin pid=2077
2023-01-17 05:18:59.196 UTC [DEBUG] waiting for RPC address: path=/home/runner/.steampipe/plugins/hub.steampipe.io/plugins/turbot/hackernews@latest/steampipe-plugin-hackernews.plugin
2023-01-17 05:18:59.202 UTC [INFO]  steampipe-plugin-hackernews.plugin: [INFO]  Initialise plugin 'steampipe-plugin-hackernews', using sdk version 4.1.7
2023-01-17 05:18:59.203 UTC [TRACE] steampipe-plugin-hackernews.plugin: [TRACE] defaulting SchemaMode to SchemaModeStatic
2023-01-17 05:18:59.203 UTC [TRACE] steampipe-plugin-hackernews.plugin: [TRACE] no DefaultRetryConfig defined - creating empty
2023-01-17 05:18:59.203 UTC [TRACE] steampipe-plugin-hackernews.plugin: [TRACE] no DefaultIgnoreConfig defined - creating empty
2023-01-17 05:18:59.203 UTC [TRACE] steampipe-plugin-hackernews.plugin: [TRACE] Setting Ulimit: ulimit=2560
2023-01-17 05:18:59.203 UTC [TRACE] steampipe-plugin-hackernews.plugin: [TRACE] telemetry.Init service 'steampipe-plugin-hackernews', tracingEnabled: false, metricsEnabled: false
2023-01-17 05:18:59.203 UTC [TRACE] steampipe-plugin-hackernews.plugin: [TRACE] metrics and tracing disabled' - returning
2023-01-17 05:18:59.203 UTC [DEBUG] steampipe-plugin-hackernews.plugin: plugin address: address=/tmp/plugin3996640361 network=unix timestamp=2023-01-17T05:18:59.203Z
2023-01-17 05:18:59.203 UTC [DEBUG] using plugin: version=0
2023-01-17 05:18:59.203 UTC [TRACE] NewPluginClient for plugin hub.steampipe.io/plugins/turbot/hackernews@latest
2023-01-17 05:18:59.204 UTC [TRACE] stdio: waiting for stdio data
2023-01-17 05:18:59.205 UTC [TRACE] supportedOperations: query_cache:true multiple_connections:true
2023-01-17 05:18:59.205 UTC [TRACE] steampipe-plugin-hackernews.plugin: [TRACE] SetAllConnectionConfigs setting 1 configs
2023-01-17 05:18:59.205 UTC [TRACE] steampipe-plugin-hackernews.plugin: [TRACE] connection hackernews build schema and table map
2023-01-17 05:18:59.206 UTC [TRACE] steampipe-plugin-hackernews.plugin: [TRACE] initialise table hackernews_top
2023-01-17 05:18:59.206 UTC [TRACE] steampipe-plugin-hackernews.plugin: [TRACE] no DefaultRetryConfig defined - creating empty
2023-01-17 05:18:59.206 UTC [TRACE] steampipe-plugin-hackernews.plugin: [TRACE] no DefaultIgnoreConfig defined - creating empty
2023-01-17 05:18:59.206 UTC [TRACE] steampipe-plugin-hackernews.plugin: [TRACE] apply plugin defaults for DefaultRetryConfig
2023-01-17 05:18:59.206 UTC [TRACE] steampipe-plugin-hackernews.plugin: [TRACE] apply plugin defaults for DefaultIgnoreConfig, table &{<nil> <nil>} plugin &{<nil> <nil>}
2023-01-17 05:18:59.206 UTC [TRACE] steampipe-plugin-hackernews.plugin: [TRACE] DefaultRetryConfig:
2023-01-17 05:18:59.206 UTC [TRACE] steampipe-plugin-hackernews.plugin: [TRACE] DefaultIgnoreConfig:
2023-01-17 05:18:59.206 UTC [TRACE] steampipe-plugin-hackernews.plugin: [TRACE] t.Get.initialise
2023-01-17 05:18:59.206 UTC [TRACE] steampipe-plugin-hackernews.plugin: [TRACE] GetConfig.initialise table hackernews_top
2023-01-17 05:18:59.206 UTC [TRACE] steampipe-plugin-hackernews.plugin: [TRACE] GetConfig.initialise complete: RetryConfig: , IgnoreConfig:
2023-01-17 05:18:59.206 UTC [TRACE] steampipe-plugin-hackernews.plugin: [TRACE] t.List.initialise
2023-01-17 05:18:59.206 UTC [TRACE] steampipe-plugin-hackernews.plugin: [TRACE] ListConfig.initialise table hackernews_top
2023-01-17 05:18:59.206 UTC [TRACE] steampipe-plugin-hackernews.plugin: [TRACE] ListConfig.initialise complete: RetryConfig: , IgnoreConfig
2023-01-17 05:18:59.206 UTC [TRACE] steampipe-plugin-hackernews.plugin: [TRACE] HydrateConfig.initialise func getItem, table hackernews_top
2023-01-17 05:18:59.206 UTC [TRACE] steampipe-plugin-hackernews.plugin: [TRACE] HydrateConfig.initialise complete: RetryConfig: , IgnoreConfig:
2023-01-17 05:18:59.206 UTC [TRACE] steampipe-plugin-hackernews.plugin: [TRACE] back from initialiseHydrateConfigs
2023-01-17 05:18:59.206 UTC [TRACE] steampipe-plugin-hackernews.plugin: [TRACE] initialise table hackernews_top COMPLETE
2023-01-17 05:18:59.206 UTC [TRACE] steampipe-plugin-hackernews.plugin: [TRACE] initialise table hackernews_user
2023-01-17 05:18:59.206 UTC [TRACE] steampipe-plugin-hackernews.plugin: [TRACE] no DefaultRetryConfig defined - creating empty
2023-01-17 05:18:59.206 UTC [TRACE] steampipe-plugin-hackernews.plugin: [TRACE] no DefaultIgnoreConfig defined - creating empty
2023-01-17 05:18:59.206 UTC [TRACE] steampipe-plugin-hackernews.plugin: [TRACE] apply plugin defaults for DefaultRetryConfig
2023-01-17 05:18:59.206 UTC [TRACE] steampipe-plugin-hackernews.plugin: [TRACE] apply plugin defaults for DefaultIgnoreConfig, table &{<nil> <nil>} plugin &{<nil> <nil>}
2023-01-17 05:18:59.206 UTC [TRACE] steampipe-plugin-hackernews.plugin: [TRACE] DefaultRetryConfig:
2023-01-17 05:18:59.206 UTC [TRACE] steampipe-plugin-hackernews.plugin: [TRACE] DefaultIgnoreConfig:
2023-01-17 05:18:59.206 UTC [TRACE] steampipe-plugin-hackernews.plugin: [TRACE] t.List.initialise
2023-01-17 05:18:59.206 UTC [TRACE] steampipe-plugin-hackernews.plugin: [TRACE] ListConfig.initialise table hackernews_user
2023-01-17 05:18:59.206 UTC [TRACE] steampipe-plugin-hackernews.plugin: [TRACE] ListConfig.initialise complete: RetryConfig: , IgnoreConfig
2023-01-17 05:18:59.206 UTC [TRACE] steampipe-plugin-hackernews.plugin: [TRACE] back from initialiseHydrateConfigs
2023-01-17 05:18:59.206 UTC [TRACE] steampipe-plugin-hackernews.plugin: [TRACE] initialise table hackernews_user COMPLETE
2023-01-17 05:18:59.206 UTC [TRACE] steampipe-plugin-hackernews.plugin: [TRACE] initialise table hackernews_ask_hn
2023-01-17 05:18:59.206 UTC [TRACE] steampipe-plugin-hackernews.plugin: [TRACE] no DefaultRetryConfig defined - creating empty
2023-01-17 05:18:59.206 UTC [TRACE] steampipe-plugin-hackernews.plugin: [TRACE] no DefaultIgnoreConfig defined - creating empty
2023-01-17 05:18:59.206 UTC [TRACE] steampipe-plugin-hackernews.plugin: [TRACE] apply plugin defaults for DefaultRetryConfig
2023-01-17 05:18:59.206 UTC [TRACE] steampipe-plugin-hackernews.plugin: [TRACE] apply plugin defaults for DefaultIgnoreConfig, table &{<nil> <nil>} plugin &{<nil> <nil>}
2023-01-17 05:18:59.206 UTC [TRACE] steampipe-plugin-hackernews.plugin: [TRACE] DefaultRetryConfig:
2023-01-17 05:18:59.206 UTC [TRACE] steampipe-plugin-hackernews.plugin: [TRACE] DefaultIgnoreConfig:
2023-01-17 05:18:59.206 UTC [TRACE] steampipe-plugin-hackernews.plugin: [TRACE] t.Get.initialise
2023-01-17 05:18:59.206 UTC [TRACE] steampipe-plugin-hackernews.plugin: [TRACE] GetConfig.initialise table hackernews_ask_hn
2023-01-17 05:18:59.206 UTC [TRACE] steampipe-plugin-hackernews.plugin: [TRACE] GetConfig.initialise complete: RetryConfig: , IgnoreConfig:
2023-01-17 05:18:59.206 UTC [TRACE] steampipe-plugin-hackernews.plugin: [TRACE] t.List.initialise
2023-01-17 05:18:59.206 UTC [TRACE] steampipe-plugin-hackernews.plugin: [TRACE] ListConfig.initialise table hackernews_ask_hn
2023-01-17 05:18:59.206 UTC [TRACE] steampipe-plugin-hackernews.plugin: [TRACE] ListConfig.initialise complete: RetryConfig: , IgnoreConfig
2023-01-17 05:18:59.206 UTC [TRACE] steampipe-plugin-hackernews.plugin: [TRACE] HydrateConfig.initialise func getItem, table hackernews_ask_hn
2023-01-17 05:18:59.206 UTC [TRACE] steampipe-plugin-hackernews.plugin: [TRACE] HydrateConfig.initialise complete: RetryConfig: , IgnoreConfig:
2023-01-17 05:18:59.206 UTC [TRACE] steampipe-plugin-hackernews.plugin: [TRACE] back from initialiseHydrateConfigs
2023-01-17 05:18:59.206 UTC [TRACE] steampipe-plugin-hackernews.plugin: [TRACE] initialise table hackernews_ask_hn COMPLETE
2023-01-17 05:18:59.206 UTC [TRACE] steampipe-plugin-hackernews.plugin: [TRACE] initialise table hackernews_best
2023-01-17 05:18:59.206 UTC [TRACE] steampipe-plugin-hackernews.plugin: [TRACE] no DefaultRetryConfig defined - creating empty
2023-01-17 05:18:59.206 UTC [TRACE] steampipe-plugin-hackernews.plugin: [TRACE] no DefaultIgnoreConfig defined - creating empty
2023-01-17 05:18:59.206 UTC [TRACE] steampipe-plugin-hackernews.plugin: [TRACE] apply plugin defaults for DefaultRetryConfig
2023-01-17 05:18:59.206 UTC [TRACE] steampipe-plugin-hackernews.plugin: [TRACE] apply plugin defaults for DefaultIgnoreConfig, table &{<nil> <nil>} plugin &{<nil> <nil>}
2023-01-17 05:18:59.206 UTC [TRACE] steampipe-plugin-hackernews.plugin: [TRACE] DefaultRetryConfig:
2023-01-17 05:18:59.206 UTC [TRACE] steampipe-plugin-hackernews.plugin: [TRACE] DefaultIgnoreConfig:
2023-01-17 05:18:59.206 UTC [TRACE] steampipe-plugin-hackernews.plugin: [TRACE] t.Get.initialise
2023-01-17 05:18:59.206 UTC [TRACE] steampipe-plugin-hackernews.plugin: [TRACE] GetConfig.initialise table hackernews_best
2023-01-17 05:18:59.206 UTC [TRACE] steampipe-plugin-hackernews.plugin: [TRACE] GetConfig.initialise complete: RetryConfig: , IgnoreConfig:
2023-01-17 05:18:59.206 UTC [TRACE] steampipe-plugin-hackernews.plugin: [TRACE] t.List.initialise
2023-01-17 05:18:59.206 UTC [TRACE] steampipe-plugin-hackernews.plugin: [TRACE] ListConfig.initialise table hackernews_best
2023-01-17 05:18:59.206 UTC [TRACE] steampipe-plugin-hackernews.plugin: [TRACE] ListConfig.initialise complete: RetryConfig: , IgnoreConfig
2023-01-17 05:18:59.206 UTC [TRACE] steampipe-plugin-hackernews.plugin: [TRACE] HydrateConfig.initialise func getItem, table hackernews_best
2023-01-17 05:18:59.206 UTC [TRACE] steampipe-plugin-hackernews.plugin: [TRACE] HydrateConfig.initialise complete: RetryConfig: , IgnoreConfig:
2023-01-17 05:18:59.206 UTC [TRACE] steampipe-plugin-hackernews.plugin: [TRACE] back from initialiseHydrateConfigs
2023-01-17 05:18:59.206 UTC [TRACE] steampipe-plugin-hackernews.plugin: [TRACE] initialise table hackernews_best COMPLETE
2023-01-17 05:18:59.206 UTC [TRACE] steampipe-plugin-hackernews.plugin: [TRACE] initialise table hackernews_item
2023-01-17 05:18:59.206 UTC [TRACE] steampipe-plugin-hackernews.plugin: [TRACE] no DefaultRetryConfig defined - creating empty
2023-01-17 05:18:59.206 UTC [TRACE] steampipe-plugin-hackernews.plugin: [TRACE] no DefaultIgnoreConfig defined - creating empty
2023-01-17 05:18:59.206 UTC [TRACE] steampipe-plugin-hackernews.plugin: [TRACE] apply plugin defaults for DefaultRetryConfig
2023-01-17 05:18:59.206 UTC [TRACE] steampipe-plugin-hackernews.plugin: [TRACE] apply plugin defaults for DefaultIgnoreConfig, table &{<nil> <nil>} plugin &{<nil> <nil>}
2023-01-17 05:18:59.206 UTC [TRACE] steampipe-plugin-hackernews.plugin: [TRACE] DefaultRetryConfig:
2023-01-17 05:18:59.206 UTC [TRACE] steampipe-plugin-hackernews.plugin: [TRACE] DefaultIgnoreConfig:
2023-01-17 05:18:59.206 UTC [TRACE] steampipe-plugin-hackernews.plugin: [TRACE] t.Get.initialise
2023-01-17 05:18:59.206 UTC [TRACE] steampipe-plugin-hackernews.plugin: [TRACE] GetConfig.initialise table hackernews_item
2023-01-17 05:18:59.206 UTC [TRACE] steampipe-plugin-hackernews.plugin: [TRACE] GetConfig.initialise complete: RetryConfig: , IgnoreConfig:
2023-01-17 05:18:59.206 UTC [TRACE] steampipe-plugin-hackernews.plugin: [TRACE] t.List.initialise
2023-01-17 05:18:59.206 UTC [TRACE] steampipe-plugin-hackernews.plugin: [TRACE] ListConfig.initialise table hackernews_item
2023-01-17 05:18:59.206 UTC [TRACE] steampipe-plugin-hackernews.plugin: [TRACE] ListConfig.initialise complete: RetryConfig: , IgnoreConfig
2023-01-17 05:18:59.206 UTC [TRACE] steampipe-plugin-hackernews.plugin: [TRACE] HydrateConfig.initialise func getItem, table hackernews_item
2023-01-17 05:18:59.206 UTC [TRACE] steampipe-plugin-hackernews.plugin: [TRACE] HydrateConfig.initialise complete: RetryConfig: , IgnoreConfig:
2023-01-17 05:18:59.206 UTC [TRACE] steampipe-plugin-hackernews.plugin: [TRACE] back from initialiseHydrateConfigs
2023-01-17 05:18:59.206 UTC [TRACE] steampipe-plugin-hackernews.plugin: [TRACE] initialise table hackernews_item COMPLETE
2023-01-17 05:18:59.206 UTC [TRACE] steampipe-plugin-hackernews.plugin: [TRACE] initialise table hackernews_job
2023-01-17 05:18:59.206 UTC [TRACE] steampipe-plugin-hackernews.plugin: [TRACE] no DefaultRetryConfig defined - creating empty
2023-01-17 05:18:59.206 UTC [TRACE] steampipe-plugin-hackernews.plugin: [TRACE] no DefaultIgnoreConfig defined - creating empty
2023-01-17 05:18:59.206 UTC [TRACE] steampipe-plugin-hackernews.plugin: [TRACE] apply plugin defaults for DefaultRetryConfig
2023-01-17 05:18:59.206 UTC [TRACE] steampipe-plugin-hackernews.plugin: [TRACE] apply plugin defaults for DefaultIgnoreConfig, table &{<nil> <nil>} plugin &{<nil> <nil>}
2023-01-17 05:18:59.206 UTC [TRACE] steampipe-plugin-hackernews.plugin: [TRACE] DefaultRetryConfig:
2023-01-17 05:18:59.206 UTC [TRACE] steampipe-plugin-hackernews.plugin: [TRACE] DefaultIgnoreConfig:
2023-01-17 05:18:59.206 UTC [TRACE] steampipe-plugin-hackernews.plugin: [TRACE] t.Get.initialise
2023-01-17 05:18:59.206 UTC [TRACE] steampipe-plugin-hackernews.plugin: [TRACE] GetConfig.initialise table hackernews_job
2023-01-17 05:18:59.206 UTC [TRACE] steampipe-plugin-hackernews.plugin: [TRACE] GetConfig.initialise complete: RetryConfig: , IgnoreConfig:
2023-01-17 05:18:59.206 UTC [TRACE] steampipe-plugin-hackernews.plugin: [TRACE] t.List.initialise
2023-01-17 05:18:59.206 UTC [TRACE] steampipe-plugin-hackernews.plugin: [TRACE] ListConfig.initialise table hackernews_job
2023-01-17 05:18:59.206 UTC [TRACE] steampipe-plugin-hackernews.plugin: [TRACE] ListConfig.initialise complete: RetryConfig: , IgnoreConfig
2023-01-17 05:18:59.206 UTC [TRACE] steampipe-plugin-hackernews.plugin: [TRACE] HydrateConfig.initialise func getItem, table hackernews_job
2023-01-17 05:18:59.206 UTC [TRACE] steampipe-plugin-hackernews.plugin: [TRACE] HydrateConfig.initialise complete: RetryConfig: , IgnoreConfig:
2023-01-17 05:18:59.206 UTC [TRACE] steampipe-plugin-hackernews.plugin: [TRACE] back from initialiseHydrateConfigs
2023-01-17 05:18:59.206 UTC [TRACE] steampipe-plugin-hackernews.plugin: [TRACE] initialise table hackernews_job COMPLETE
2023-01-17 05:18:59.206 UTC [TRACE] steampipe-plugin-hackernews.plugin: [TRACE] initialise table hackernews_new
2023-01-17 05:18:59.206 UTC [TRACE] steampipe-plugin-hackernews.plugin: [TRACE] no DefaultRetryConfig defined - creating empty
2023-01-17 05:18:59.206 UTC [TRACE] steampipe-plugin-hackernews.plugin: [TRACE] no DefaultIgnoreConfig defined - creating empty
2023-01-17 05:18:59.206 UTC [TRACE] steampipe-plugin-hackernews.plugin: [TRACE] apply plugin defaults for DefaultRetryConfig
2023-01-17 05:18:59.206 UTC [TRACE] steampipe-plugin-hackernews.plugin: [TRACE] apply plugin defaults for DefaultIgnoreConfig, table &{<nil> <nil>} plugin &{<nil> <nil>}
2023-01-17 05:18:59.206 UTC [TRACE] steampipe-plugin-hackernews.plugin: [TRACE] DefaultRetryConfig:
2023-01-17 05:18:59.206 UTC [TRACE] steampipe-plugin-hackernews.plugin: [TRACE] DefaultIgnoreConfig:
2023-01-17 05:18:59.206 UTC [TRACE] steampipe-plugin-hackernews.plugin: [TRACE] t.Get.initialise
2023-01-17 05:18:59.206 UTC [TRACE] steampipe-plugin-hackernews.plugin: [TRACE] GetConfig.initialise table hackernews_new
2023-01-17 05:18:59.206 UTC [TRACE] steampipe-plugin-hackernews.plugin: [TRACE] GetConfig.initialise complete: RetryConfig: , IgnoreConfig:
2023-01-17 05:18:59.206 UTC [TRACE] steampipe-plugin-hackernews.plugin: [TRACE] t.List.initialise
2023-01-17 05:18:59.206 UTC [TRACE] steampipe-plugin-hackernews.plugin: [TRACE] ListConfig.initialise table hackernews_new
2023-01-17 05:18:59.206 UTC [TRACE] steampipe-plugin-hackernews.plugin: [TRACE] ListConfig.initialise complete: RetryConfig: , IgnoreConfig
2023-01-17 05:18:59.206 UTC [TRACE] steampipe-plugin-hackernews.plugin: [TRACE] HydrateConfig.initialise func getItem, table hackernews_new
2023-01-17 05:18:59.206 UTC [TRACE] steampipe-plugin-hackernews.plugin: [TRACE] HydrateConfig.initialise complete: RetryConfig: , IgnoreConfig:
2023-01-17 05:18:59.206 UTC [TRACE] steampipe-plugin-hackernews.plugin: [TRACE] back from initialiseHydrateConfigs
2023-01-17 05:18:59.206 UTC [TRACE] steampipe-plugin-hackernews.plugin: [TRACE] initialise table hackernews_new COMPLETE
2023-01-17 05:18:59.206 UTC [TRACE] steampipe-plugin-hackernews.plugin: [TRACE] initialise table hackernews_show_hn
2023-01-17 05:18:59.206 UTC [TRACE] steampipe-plugin-hackernews.plugin: [TRACE] no DefaultRetryConfig defined - creating empty
2023-01-17 05:18:59.206 UTC [TRACE] steampipe-plugin-hackernews.plugin: [TRACE] no DefaultIgnoreConfig defined - creating empty
2023-01-17 05:18:59.206 UTC [TRACE] steampipe-plugin-hackernews.plugin: [TRACE] apply plugin defaults for DefaultRetryConfig
2023-01-17 05:18:59.206 UTC [TRACE] steampipe-plugin-hackernews.plugin: [TRACE] apply plugin defaults for DefaultIgnoreConfig, table &{<nil> <nil>} plugin &{<nil> <nil>}
2023-01-17 05:18:59.206 UTC [TRACE] steampipe-plugin-hackernews.plugin: [TRACE] DefaultRetryConfig:
2023-01-17 05:18:59.206 UTC [TRACE] steampipe-plugin-hackernews.plugin: [TRACE] DefaultIgnoreConfig:
2023-01-17 05:18:59.206 UTC [TRACE] steampipe-plugin-hackernews.plugin: [TRACE] t.Get.initialise
2023-01-17 05:18:59.206 UTC [TRACE] steampipe-plugin-hackernews.plugin: [TRACE] GetConfig.initialise table hackernews_show_hn
2023-01-17 05:18:59.206 UTC [TRACE] steampipe-plugin-hackernews.plugin: [TRACE] GetConfig.initialise complete: RetryConfig: , IgnoreConfig:
2023-01-17 05:18:59.206 UTC [TRACE] steampipe-plugin-hackernews.plugin: [TRACE] t.List.initialise
2023-01-17 05:18:59.206 UTC [TRACE] steampipe-plugin-hackernews.plugin: [TRACE] ListConfig.initialise table hackernews_show_hn
2023-01-17 05:18:59.206 UTC [TRACE] steampipe-plugin-hackernews.plugin: [TRACE] ListConfig.initialise complete: RetryConfig: , IgnoreConfig
2023-01-17 05:18:59.206 UTC [TRACE] steampipe-plugin-hackernews.plugin: [TRACE] HydrateConfig.initialise func getItem, table hackernews_show_hn
2023-01-17 05:18:59.206 UTC [TRACE] steampipe-plugin-hackernews.plugin: [TRACE] HydrateConfig.initialise complete: RetryConfig: , IgnoreConfig:
2023-01-17 05:18:59.206 UTC [TRACE] steampipe-plugin-hackernews.plugin: [TRACE] back from initialiseHydrateConfigs
2023-01-17 05:18:59.206 UTC [TRACE] steampipe-plugin-hackernews.plugin: [TRACE] initialise table hackernews_show_hn COMPLETE
2023-01-17 05:18:59.206 UTC [TRACE] steampipe-plugin-hackernews.plugin: [TRACE] validate plugin steampipe-plugin-hackernews, required columns []
2023-01-17 05:18:59.206 UTC [TRACE] steampipe-plugin-hackernews.plugin: [TRACE] validate DefaultRetryConfig
2023-01-17 05:18:59.206 UTC [TRACE] steampipe-plugin-hackernews.plugin: [TRACE] validate DefaultIgnoreConfig
2023-01-17 05:18:59.206 UTC [TRACE] steampipe-plugin-hackernews.plugin: [TRACE] validate table names
2023-01-17 05:18:59.206 UTC [TRACE] steampipe-plugin-hackernews.plugin: [TRACE] plugin has 0 validation errors
2023-01-17 05:18:59.206 UTC [TRACE] steampipe-plugin-hackernews.plugin: [TRACE] Plugin ensureCache creating cache, maxCacheStorageMb 0
2023-01-17 05:18:59.206 UTC [TRACE] steampipe-plugin-hackernews.plugin: [TRACE] createCacheStore for plugin 'steampipe-plugin-hackernews' setting max size to 0Mb, Shards: 2, max shard size: 0
2023-01-17 05:18:59.218 UTC [INFO]  steampipe-plugin-hackernews.plugin: [INFO]  query cache created
2023-01-17 05:18:59.218 UTC [DEBUG] steampipe-plugin-hackernews.plugin: [DEBUG] SetAllConnectionConfigs finished
2023-01-17 05:18:59.218 UTC [TRACE] PluginManager getPlugin complete, returning reattach config with PID: 2077
2023-01-17 05:18:59.219 UTC [TRACE] PluginManager Get returning reattach_map:{key:"hackernews" value:{protocol:"grpc" addr:{Network:"unix" Address:"/tmp/plugin3996640361"} pid:2077 supported_operations:{query_cache:true multiple_connections:true} connections:"hackernews" plugin:"hub.steampipe.io/plugins/turbot/hackernews@latest"}}
2023-01-17 05:18:59.229 UTC [INFO]  steampipe-plugin-hackernews.plugin: [INFO]  1673932739439: Plugin Execute (1673932739439)
2023-01-17 05:18:59.229 UTC [TRACE] steampipe-plugin-hackernews.plugin: [TRACE] 1673932739439: No memory limit set
2023-01-17 05:18:59.229 UTC [INFO]  steampipe-plugin-hackernews.plugin: [INFO]  1673932739439: Plugin Execute, setting memory limit to -1Mb
2023-01-17 05:18:59.229 UTC [TRACE] steampipe-plugin-hackernews.plugin: [TRACE] 1673932739439: calling ExtractContextFromCarrier
2023-01-17 05:18:59.229 UTC [INFO]  steampipe-plugin-hackernews.plugin: [INFO]  1673932739439: Setting max concurrent connections to 25
2023-01-17 05:18:59.229 UTC [TRACE] steampipe-plugin-hackernews.plugin: [TRACE] 1673932739439: executeForConnection callId: 1673932739439, connectionCallId: hackernews-1673932739439, connection: hackernews table: hackernews_new cols: id,title,time,by,score,dead,deleted,descendants,kids,parent,parts,poll,text,type,url,_ctx
2023-01-17 05:18:59.229 UTC [TRACE] steampipe-plugin-hackernews.plugin: [TRACE] 1673932739439: got connection data
2023-01-17 05:18:59.229 UTC [TRACE] steampipe-plugin-hackernews.plugin: [TRACE] 1673932739439: Got query context, table: hackernews_new, cols: [id title time by score dead deleted descendants kids parent parts poll text type url _ctx]
2023-01-17 05:18:59.229 UTC [TRACE] steampipe-plugin-hackernews.plugin: [TRACE] 1673932739439: Start execute span
2023-01-17 05:18:59.229 UTC [INFO]  steampipe-plugin-hackernews.plugin: [INFO]  1673932739439: Setting free memory interval to 100 rows
2023-01-17 05:18:59.229 UTC [TRACE] steampipe-plugin-hackernews.plugin: [TRACE] 1673932739439: setFetchType map[time:quals:{fieldName:"time"  string_value:">"  value:{timestamp_value:{seconds:1673929139  nanos:114750000}}}]
2023-01-17 05:18:59.229 UTC [TRACE] steampipe-plugin-hackernews.plugin: [TRACE] 1673932739439: getMatchingQuals column:'id' operator: =
2023-01-17 05:18:59.229 UTC [TRACE] steampipe-plugin-hackernews.plugin: [TRACE] 1673932739439: getMatchingQuals returning false - qualMap does not contain any quals for column id
2023-01-17 05:18:59.229 UTC [TRACE] steampipe-plugin-hackernews.plugin: [TRACE] 1673932739439: GetUnsatisfiedKeyColumns for columns column:'id' operator: =
2023-01-17 05:18:59.229 UTC [TRACE] steampipe-plugin-hackernews.plugin: [TRACE] 1673932739439: key column NOT satisfied column:'id' operator: =
2023-01-17 05:18:59.229 UTC [TRACE] steampipe-plugin-hackernews.plugin: [TRACE] 1673932739439: satisfied: map[any_of: optional: required:]
2023-01-17 05:18:59.229 UTC [TRACE] steampipe-plugin-hackernews.plugin: [TRACE] 1673932739439: unsatisfied: map[any_of: optional: required:column:'id' operator: =]
2023-01-17 05:18:59.229 UTC [TRACE] steampipe-plugin-hackernews.plugin: [TRACE] 1673932739439: unsatisfied required KeyColumns: column:'id' operator: =
2023-01-17 05:18:59.229 UTC [TRACE] steampipe-plugin-hackernews.plugin: [TRACE] 1673932739439: Set fetchType to fetchTypeList
2023-01-17 05:18:59.229 UTC [TRACE] steampipe-plugin-hackernews.plugin: [TRACE] 1673932739439: Equals key column quals:
2023-01-17 05:18:59.229 UTC [DEBUG] steampipe-plugin-hackernews.plugin: {}
2023-01-17 05:18:59.229 UTC [TRACE] steampipe-plugin-hackernews.plugin: [TRACE] 1673932739439: All key column quals:
2023-01-17 05:18:59.229 UTC [DEBUG] steampipe-plugin-hackernews.plugin: {}
2023-01-17 05:18:59.229 UTC [TRACE] steampipe-plugin-hackernews.plugin: [TRACE] 1673932739439: GetMatrixItem
2023-01-17 05:18:59.229 UTC [TRACE] steampipe-plugin-hackernews.plugin: [TRACE] 1673932739439: creating query data
2023-01-17 05:18:59.229 UTC [INFO]  steampipe-plugin-hackernews.plugin: [INFO]  1673932739439: cacheEnabled, trying cache get (hackernews-1673932739439)
2023-01-17 05:18:59.229 UTC [TRACE] steampipe-plugin-hackernews.plugin: [TRACE] 1673932739439: QueryCache Get - indexBucketKey index__hackernewshackernews_new, quals
2023-01-17 05:18:59.229 UTC [TRACE] steampipe-plugin-hackernews.plugin: [TRACE] 1673932739439: QueryCache getCachedQueryResult - table hackernews_new, connectionName hackernews
2023-01-17 05:18:59.229 UTC [TRACE] steampipe-plugin-hackernews.plugin: [TRACE] 1673932739439: index bucket key: index__hackernewshackernews_new ttlSeconds 300 limit: -1
2023-01-17 05:18:59.229 UTC [TRACE] steampipe-plugin-hackernews.plugin: [TRACE] 1673932739439: doGet cache miss
2023-01-17 05:18:59.229 UTC [TRACE] steampipe-plugin-hackernews.plugin: [TRACE] 1673932739439: getCachedIndexBucket - no item retrieved for cache key index__hackernewshackernews_new
2023-01-17 05:18:59.229 UTC [TRACE] steampipe-plugin-hackernews.plugin: [TRACE] 1673932739439: getCachedQueryResult returned CACHE MISS - checking for pending transfers
2023-01-17 05:18:59.229 UTC [TRACE] steampipe-plugin-hackernews.plugin: [TRACE] 1673932739439: getPendingResultItem indexBucketKey index__hackernewshackernews_new, columns [id title time by score dead deleted descendants kids parent parts poll text type url _ctx], limit -1
2023-01-17 05:18:59.229 UTC [TRACE] steampipe-plugin-hackernews.plugin: [TRACE] 1673932739439: no pending index item - add pending result, indexBucketKey index__hackernewshackernews_new
2023-01-17 05:18:59.229 UTC [TRACE] steampipe-plugin-hackernews.plugin: [TRACE] 1673932739439: addPendingResult (hackernews-1673932739439) indexBucketKey index__hackernewshackernews_new, columns [id title time by score dead deleted descendants kids parent parts poll text type url _ctx], limit -1
2023-01-17 05:18:59.229 UTC [TRACE] steampipe-plugin-hackernews.plugin: [TRACE] 1673932739439: no index bucket found - creating one
2023-01-17 05:18:59.229 UTC [TRACE] steampipe-plugin-hackernews.plugin: [TRACE] 1673932739439: pendingIndexItem Lock count before 0
2023-01-17 05:18:59.229 UTC [TRACE] steampipe-plugin-hackernews.plugin: [TRACE] 1673932739439: addPendingResult added pending index item to bucket, (hackernews-1673932739439) indexBucketKey index__hackernewshackernews_new, resultKeyRoot hackernewshackernews_newid,title,time,by,score,dead,deleted,descendants,kids,parent,parts,poll,text,type,url,_ctx-1, pending item : 0xc000410ea0
2023-01-17 05:18:59.229 UTC [TRACE] steampipe-plugin-hackernews.plugin: [TRACE] 1673932739439: **** pending items (hackernews-1673932739439)****
2023-01-17 05:18:59.229 UTC [TRACE] steampipe-plugin-hackernews.plugin: [TRACE] 1673932739439: key: index__hackernewshackernews_new: item: 0xc000410ea0, count: 1, key:hackernewshackernews_newid,title,time,by,score,dead,deleted,descendants,kids,parent,parts,poll,text,type,url,_ctx-1
2023-01-17 05:18:59.229 UTC [TRACE] steampipe-plugin-hackernews.plugin: [TRACE] 1673932739439: ********
2023-01-17 05:18:59.229 UTC [TRACE] steampipe-plugin-hackernews.plugin: [TRACE] 1673932739439: getPendingResultItem returning <nil>
2023-01-17 05:18:59.229 UTC [INFO]  steampipe-plugin-hackernews.plugin: [INFO]  1673932739439: CACHE MISS
2023-01-17 05:18:59.229 UTC [TRACE] steampipe-plugin-hackernews.plugin: [TRACE] 1673932739439: cache MISS
2023-01-17 05:18:59.229 UTC [INFO]  steampipe-plugin-hackernews.plugin: [INFO]  1673932739439: queryCacheGet returned CACHE MISS (hackernews-1673932739439)
2023-01-17 05:18:59.229 UTC [TRACE] steampipe-plugin-hackernews.plugin: [TRACE] 1673932739439: StartSet (hackernews-1673932739439)
2023-01-17 05:18:59.229 UTC [TRACE] steampipe-plugin-hackernews.plugin: [TRACE] 1673932739439: calling fetchItems, table: hackernews_new, matrixItem: [], limit: -1,  connectionCallId: hackernews-1673932739439"
2023-01-17 05:18:59.229 UTC [TRACE] steampipe-plugin-hackernews.plugin: [TRACE] 1673932739439: buildRowsAsync connectionCallId: hackernews-1673932739439
2023-01-17 05:18:59.229 UTC [TRACE] steampipe-plugin-hackernews.plugin: [TRACE] 1673932739439: streamRows connectionCallId: hackernews-1673932739439
2023-01-17 05:18:59.229 UTC [TRACE] steampipe-plugin-hackernews.plugin: [TRACE] 1673932739439: QueryData streamRows (hackernews-1673932739439)
2023-01-17 05:18:59.229 UTC [TRACE] steampipe-plugin-hackernews.plugin: [TRACE] 1673932739439: executeListCall START (hackernews-1673932739439)
2023-01-17 05:18:59.229 UTC [TRACE] steampipe-plugin-hackernews.plugin: [TRACE] 1673932739439: GetUnsatisfiedKeyColumns for columns
2023-01-17 05:18:59.229 UTC [TRACE] steampipe-plugin-hackernews.plugin: [TRACE] 1673932739439: doList (hackernews-1673932739439)
2023-01-17 05:18:59.229 UTC [TRACE] steampipe-plugin-hackernews.plugin: [TRACE] 1673932739439: doList: no matrix item
2023-01-17 05:18:59.395 UTC [TRACE] stdio: received data: channel=STDOUT len=17
2023-01-17 05:18:59.395 UTC [TRACE] stdio: waiting for stdio data
2023-01-17 05:18:59.395 UTC [TRACE] steampipe-plugin-hackernews.plugin: [TRACE] 1673932739439: QueryData.fetchComplete
2023-01-17 05:18:59.395 UTC [TRACE] steampipe-plugin-hackernews.plugin: [TRACE] 1673932739439: executeListCall COMPLETE (hackernews-1673932739439)
2023-01-17 05:18:59.395 UTC [TRACE] steampipe-plugin-hackernews.plugin: [TRACE] 1673932739439: rowData chan returned nil - wait for rows to complete (hackernews-1673932739439)
2023-01-17 05:18:59.514 UTC [TRACE] stdio: received data: channel=STDOUT len=1024
2023-01-17 05:18:59.514 UTC [TRACE] stdio: waiting for stdio data
2023-01-17 05:18:59.515 UTC [TRACE] stdio: received data: channel=STDOUT len=20
2023-01-17 05:18:59.515 UTC [TRACE] stdio: waiting for stdio data
2023-01-17 05:18:59.516 UTC [TRACE] stdio: received data: channel=STDOUT len=14
2023-01-17 05:18:59.516 UTC [TRACE] stdio: waiting for stdio data
2023-01-17 05:18:59.523 UTC [TRACE] stdio: received data: channel=STDOUT len=311
2023-01-17 05:18:59.524 UTC [TRACE] stdio: waiting for stdio data
2023-01-17 05:18:59.535 UTC [TRACE] stdio: received data: channel=STDOUT len=344
2023-01-17 05:18:59.535 UTC [TRACE] stdio: waiting for stdio data
2023-01-17 05:18:59.574 UTC [TRACE] stdio: received data: channel=STDOUT len=1024
2023-01-17 05:18:59.574 UTC [TRACE] stdio: waiting for stdio data
2023-01-17 05:18:59.716 UTC [TRACE] stdio: received data: channel=STDOUT len=922
2023-01-17 05:18:59.716 UTC [TRACE] stdio: waiting for stdio data
2023-01-17 05:18:59.733 UTC [TRACE] stdio: received data: channel=STDOUT len=1024
2023-01-17 05:18:59.733 UTC [TRACE] stdio: waiting for stdio data
2023-01-17 05:18:59.733 UTC [TRACE] stdio: received data: channel=STDOUT len=12
2023-01-17 05:18:59.733 UTC [TRACE] stdio: waiting for stdio data
2023-01-17 05:18:59.733 UTC [TRACE] stdio: received data: channel=STDOUT len=286
2023-01-17 05:18:59.733 UTC [TRACE] stdio: waiting for stdio data
2023-01-17 05:18:59.734 UTC [TRACE] stdio: received data: channel=STDOUT len=153
2023-01-17 05:18:59.734 UTC [TRACE] stdio: waiting for stdio data
2023-01-17 05:18:59.738 UTC [TRACE] stdio: received data: channel=STDOUT len=154
2023-01-17 05:18:59.738 UTC [TRACE] stdio: waiting for stdio data
2023-01-17 05:18:59.738 UTC [TRACE] steampipe-plugin-hackernews.plugin: [TRACE] 1673932739439: buildRowsAsync goroutine returning (hackernews-1673932739439)
2023-01-17 05:18:59.738 UTC [TRACE] steampipe-plugin-hackernews.plugin: [TRACE] 1673932739439: streamRows - nil row, stop streaming (hackernews-1673932739439)
2023-01-17 05:18:59.738 UTC [TRACE] steampipe-plugin-hackernews.plugin: [TRACE] 1673932739439: ------------------------------------
2023-01-17 05:18:59.738 UTC [TRACE] steampipe-plugin-hackernews.plugin: [TRACE] 1673932739439: Concurrency Summary
2023-01-17 05:18:59.738 UTC [TRACE] steampipe-plugin-hackernews.plugin: [TRACE] 1673932739439: ------------------------------------
2023-01-17 05:18:59.738 UTC [TRACE] steampipe-plugin-hackernews.plugin: [TRACE] 1673932739439: getItem                       : 200
2023-01-17 05:18:59.738 UTC [TRACE] steampipe-plugin-hackernews.plugin: [TRACE] 1673932739439: ------------------------------------
2023-01-17 05:18:59.738 UTC [TRACE] steampipe-plugin-hackernews.plugin: [TRACE] 1673932739439: Total                         : 200
2023-01-17 05:18:59.738 UTC [TRACE] steampipe-plugin-hackernews.plugin: [TRACE] 1673932739439: ------------------------------------
2023-01-17 05:18:59.738 UTC [TRACE] steampipe-plugin-hackernews.plugin: [TRACE] 1673932739439: QueryData streamRows DONE (hackernews-1673932739439)
2023-01-17 05:18:59.738 UTC [TRACE] steampipe-plugin-hackernews.plugin: [TRACE] 1673932739439: EndSet (hackernews-1673932739439) table hackernews_new
2023-01-17 05:18:59.738 UTC [TRACE] steampipe-plugin-hackernews.plugin: [TRACE] 1673932739439: QueryCache writePageToCache: 500 rows, pageCount 1, page key hackernewshackernews_newid,title,time,by,score,dead,deleted,descendants,kids,parent,parts,poll,text,type,url,_ctx-1-0
2023-01-17 05:18:59.746 UTC [TRACE] steampipe-plugin-hackernews.plugin: [TRACE] 1673932739439: writePageToCache Set - result written
2023-01-17 05:18:59.746 UTC [TRACE] steampipe-plugin-hackernews.plugin: [TRACE] 1673932739439: QueryCache EndSet - result written
2023-01-17 05:18:59.746 UTC [TRACE] steampipe-plugin-hackernews.plugin: [TRACE] 1673932739439: doGet cache miss
2023-01-17 05:18:59.746 UTC [TRACE] steampipe-plugin-hackernews.plugin: [TRACE] 1673932739439: getCachedIndexBucket - no item retrieved for cache key index__hackernewshackernews_new
2023-01-17 05:18:59.746 UTC [TRACE] steampipe-plugin-hackernews.plugin: [TRACE] 1673932739439: getCachedIndexBucket returned cache miss
2023-01-17 05:18:59.746 UTC [TRACE] steampipe-plugin-hackernews.plugin: [TRACE] 1673932739439: QueryCache EndSet - Added index item (0xc01acd3020) to bucket (0xc01abdaab0), page count 1,  key root hackernewshackernews_newid,title,time,by,score,dead,deleted,descendants,kids,parent,parts,poll,text,type,url,_ctx-1
2023-01-17 05:18:59.746 UTC [TRACE] steampipe-plugin-hackernews.plugin: [TRACE] 1673932739439: cacheSetIndexBucket index__hackernewshackernews_new
2023-01-17 05:18:59.746 UTC [TRACE] steampipe-plugin-hackernews.plugin: [TRACE] 1673932739439: QueryCache EndSet - IndexBucket written
2023-01-17 05:18:59.746 UTC [TRACE] steampipe-plugin-hackernews.plugin: [TRACE] 1673932739439: EndSet DEFER (hackernews-1673932739439) table hackernews_new
2023-01-17 05:18:59.746 UTC [TRACE] steampipe-plugin-hackernews.plugin: [TRACE] 1673932739439: calling pendingItemComplete (hackernews-1673932739439)
2023-01-17 05:18:59.746 UTC [TRACE] steampipe-plugin-hackernews.plugin: [TRACE] 1673932739439: pendingItemComplete (hackernews-1673932739439) indexBucketKey index__hackernewshackernews_new, columns [id title time by score dead deleted descendants kids parent parts poll text type url _ctx], limit -1
2023-01-17 05:18:59.746 UTC [TRACE] steampipe-plugin-hackernews.plugin: [TRACE] 1673932739439: got pending index bucket, (hackernews-1673932739439) len 1
2023-01-17 05:18:59.746 UTC [TRACE] steampipe-plugin-hackernews.plugin: [TRACE] 1673932739439: SatisfiesLimit limit -1, no item limit - satisfied
2023-01-17 05:18:59.746 UTC [TRACE] steampipe-plugin-hackernews.plugin: [TRACE] 1673932739439: found pending index item to satisfy columns id,title,time,by,score,dead,deleted,descendants,kids,parent,parts,poll,text,type,url,_ctx, limit -1
2023-01-17 05:18:59.746 UTC [TRACE] steampipe-plugin-hackernews.plugin: [TRACE] 1673932739439: found completed pending item (hackernews-1673932739439) 0xc000410ea0, key hackernewshackernews_newid,title,time,by,score,dead,deleted,descendants,kids,parent,parts,poll,text,type,url,_ctx-1 - removing from map as it is complete
2023-01-17 05:18:59.746 UTC [TRACE] steampipe-plugin-hackernews.plugin: [TRACE] 1673932739439: pendingIndexItem Unlock count before 1 key hackernewshackernews_newid,title,time,by,score,dead,deleted,descendants,kids,parent,parts,poll,text,type,url,_ctx-1
2023-01-17 05:18:59.747 UTC [TRACE] steampipe-plugin-hackernews.plugin: [TRACE] 1673932739439: deleted from pending, (hackernews-1673932739439) len 0
2023-01-17 05:18:59.747 UTC [TRACE] steampipe-plugin-hackernews.plugin: [TRACE] 1673932739439: pending bucket now empty - deleting key index__hackernewshackernews_new
2023-01-17 05:18:59.747 UTC [TRACE] steampipe-plugin-hackernews.plugin: [TRACE] 1673932739439: pendingItemComplete done (hackernews-1673932739439)
2023-01-17 05:18:59.747 UTC [TRACE] steampipe-plugin-hackernews.plugin: [TRACE] 1673932739439: cache set succeeded
2023-01-17 05:18:59.747 UTC [TRACE] steampipe-plugin-hackernews.plugin: [TRACE] 1673932739439: End execute span
2023-01-17 05:18:59.747 UTC [TRACE] steampipe-plugin-hackernews.plugin: [TRACE] 1673932739439: executeForConnection DEFER (hackernews-1673932739439)
2023-01-17 05:18:59.747 UTC [TRACE] steampipe-plugin-hackernews.plugin: [TRACE] 1673932739439: Execute complete callId: hackernews-1673932739439 table: hackernews_new
2023-01-17 05:18:59.747 UTC [TRACE] steampipe-plugin-hackernews.plugin: [TRACE] 1673932739439: executeForConnection hackernews returned
2023-01-17 05:18:59.747 UTC [TRACE] steampipe-plugin-hackernews.plugin: [TRACE] 1673932739439: output wg complete - send nil row
2023-01-17 05:18:59.747 UTC [TRACE] steampipe-plugin-hackernews.plugin: [TRACE] 1673932739439: empty row on output channel - we are done
2023-01-17 05:18:59.747 UTC [INFO]  steampipe-plugin-hackernews.plugin: [INFO]  1673932739439: Plugin Execute complete (1673932739439)
2023-01-17 05:18:59.819 UTC [TRACE] PluginManager Shutdown
2023-01-17 05:18:59.819 UTC [TRACE] killing plugin csv (2052)
2023-01-17 05:18:59.819 UTC [DEBUG] stdio: received EOF, stopping recv loop: err="rpc error: code = Unavailable desc = error reading from server: EOF"
2023-01-17 05:18:59.819 UTC [TRACE] steampipe-plugin-csv.plugin: [TRACE] FLUSHING instrumentation
2023-01-17 05:18:59.819 UTC [TRACE] steampipe-plugin-csv.plugin: [TRACE] Shutdown instrumentation
2023-01-17 05:18:59.820 UTC [INFO]  plugin process exited: path=/home/runner/.steampipe/plugins/hub.steampipe.io/plugins/turbot/csv@latest/steampipe-plugin-csv.plugin pid=2052
2023-01-17 05:18:59.820 UTC [DEBUG] plugin exited
2023-01-17 05:18:59.820 UTC [TRACE] killing plugin hackernews (2077)
2023-01-17 05:18:59.821 UTC [DEBUG] stdio: received EOF, stopping recv loop: err="rpc error: code = Unavailable desc = error reading from server: EOF"
2023-01-17 05:18:59.821 UTC [TRACE] steampipe-plugin-hackernews.plugin: [TRACE] 1673932739439: FLUSHING instrumentation
2023-01-17 05:18:59.821 UTC [TRACE] steampipe-plugin-hackernews.plugin: [TRACE] 1673932739439: Shutdown instrumentation
2023-01-17 05:18:59.823 UTC [INFO]  plugin process exited: path=/home/runner/.steampipe/plugins/hub.steampipe.io/plugins/turbot/hackernews@latest/steampipe-plugin-hackernews.plugin pid=2077
2023-01-17 05:18:59.823 UTC [DEBUG] plugin exited
2023-01-17 05:19:05.662 UTC [WARN]  steampipe-plugin-csv.plugin: [WARN]  1673932745566: getKeyColumnsForTable found no schema for table '/home/runner/work/steampipe-samples/steampipe-samples/all/hackernews/hn.csv'
2023-01-17 05:19:40.043 UTC [WARN]  steampipe-plugin-csv.plugin: [WARN]  1673932780849: getKeyColumnsForTable found no schema for table '/home/runner/work/steampipe-samples/steampipe-samples/all/hackernews/hn.csv'
2023-01-17 05:21:56.167 UTC [ERROR] steampipe-plugin-csv.plugin: [ERROR] csv.tableCSV: header_parse_error=EOF path=/home/runner/work/steampipe-samples/steampipe-samples/all/hackernews/new_sc.csv header=[]
2023-01-17 05:21:56.167 UTC [ERROR] steampipe-plugin-csv.plugin: [ERROR] csv.PluginTables: create_table_error="failed to parse file header /home/runner/work/steampipe-samples/steampipe-samples/all/hackernews/new_sc.csv: EOF" path=/home/runner/work/steampipe-samples/steampipe-samples/all/hackernews/new_sc.csv
2023-01-17 05:21:56.167 UTC [WARN]  failed to set connection config: failed to parse file header /home/runner/work/steampipe-samples/steampipe-samples/all/hackernews/new_sc.csv: EOF
2023-01-17 05:21:57.408 UTC [WARN]  steampipe-plugin-csv.plugin: [WARN]  1673932917941: getKeyColumnsForTable found no schema for table '/home/runner/work/steampipe-samples/steampipe-samples/all/hackernews/new_sc.csv'
2023-01-17 05:22:04.178 UTC [ERROR] steampipe-plugin-csv.plugin: [ERROR] csv.tableCSV: header_parse_error=EOF path=/home/runner/work/steampipe-samples/steampipe-samples/all/hackernews/hn_items_all.csv header=[]
2023-01-17 05:22:04.178 UTC [ERROR] steampipe-plugin-csv.plugin: [ERROR] csv.PluginTables: create_table_error="failed to parse file header /home/runner/work/steampipe-samples/steampipe-samples/all/hackernews/hn_items_all.csv: EOF" path=/home/runner/work/steampipe-samples/steampipe-samples/all/hackernews/hn_items_all.csv
2023-01-17 05:22:04.178 UTC [WARN]  failed to set connection config: failed to parse file header /home/runner/work/steampipe-samples/steampipe-samples/all/hackernews/hn_items_all.csv: EOF
2023-01-17 05:22:05.477 UTC [ERROR] steampipe-plugin-csv.plugin: [ERROR] csv.tableCSV: header_parse_error=EOF path=/home/runner/work/steampipe-samples/steampipe-samples/all/hackernews/people.csv header=[]
2023-01-17 05:22:05.477 UTC [ERROR] steampipe-plugin-csv.plugin: [ERROR] csv.PluginTables: create_table_error="failed to parse file header /home/runner/work/steampipe-samples/steampipe-samples/all/hackernews/people.csv: EOF" path=/home/runner/work/steampipe-samples/steampipe-samples/all/hackernews/people.csv
2023-01-17 05:22:05.477 UTC [WARN]  failed to set connection config: failed to parse file header /home/runner/work/steampipe-samples/steampipe-samples/all/hackernews/people.csv: EOF
