2023-01-29 07:23:33.275 UTC [INFO]  starting plugin manager
2023-01-29 07:23:33.276 UTC [TRACE] loaded config map: csv,github,hackernews,net
2023-01-29 07:23:33.276 UTC [TRACE] NewPluginManager
2023-01-29 07:23:33.276 UTC [TRACE] PluginManager setPluginCacheSizeMap: 4 connections.
2023-01-29 07:23:33.276 UTC [TRACE] Total cache size 0Mb
2023-01-29 07:23:33.276 UTC [INFO]  starting connection watcher
2023-01-29 07:23:33.276 UTC [INFO]  created ConnectionWatcher
2023-01-29 07:23:33.276 UTC [TRACE] about to serve
2023-01-29 07:23:33.332 UTC [TRACE] PluginManager Get, connections: '[csv]'
2023-01-29 07:23:33.332 UTC [TRACE] PluginManager getPlugin hub.steampipe.io/plugins/turbot/csv@latest connection 'csv'
2023-01-29 07:23:33.332 UTC [TRACE] PluginManager 0xc000746640 plugin hub.steampipe.io/plugins/turbot/csv@latest (csv) NOT started or starting - start now
2023-01-29 07:23:33.332 UTC [TRACE] ************ start plugin csv ********************
2023-01-29 07:23:33.333 UTC [TRACE] ************ plugin path /home/runner/.steampipe/plugins/hub.steampipe.io/plugins/turbot/csv@latest/steampipe-plugin-csv.plugin ********************
2023-01-29 07:23:33.393 UTC [DEBUG] starting plugin: path=/home/runner/.steampipe/plugins/hub.steampipe.io/plugins/turbot/csv@latest/steampipe-plugin-csv.plugin args=["/home/runner/.steampipe/plugins/hub.steampipe.io/plugins/turbot/csv@latest/steampipe-plugin-csv.plugin"]
2023-01-29 07:23:33.393 UTC [DEBUG] plugin started: path=/home/runner/.steampipe/plugins/hub.steampipe.io/plugins/turbot/csv@latest/steampipe-plugin-csv.plugin pid=1982
2023-01-29 07:23:33.393 UTC [DEBUG] waiting for RPC address: path=/home/runner/.steampipe/plugins/hub.steampipe.io/plugins/turbot/csv@latest/steampipe-plugin-csv.plugin
2023-01-29 07:23:33.402 UTC [INFO]  steampipe-plugin-csv.plugin: [INFO]  Initialise plugin 'steampipe-plugin-csv', using sdk version 4.1.8
2023-01-29 07:23:33.402 UTC [TRACE] steampipe-plugin-csv.plugin: [TRACE] no DefaultRetryConfig defined - creating empty
2023-01-29 07:23:33.402 UTC [TRACE] steampipe-plugin-csv.plugin: [TRACE] no DefaultIgnoreConfig defined - creating empty
2023-01-29 07:23:33.402 UTC [TRACE] steampipe-plugin-csv.plugin: [TRACE] telemetry.Init service 'steampipe-plugin-csv', tracingEnabled: false, metricsEnabled: false
2023-01-29 07:23:33.402 UTC [TRACE] steampipe-plugin-csv.plugin: [TRACE] metrics and tracing disabled' - returning
2023-01-29 07:23:33.402 UTC [DEBUG] using plugin: version=0
2023-01-29 07:23:33.402 UTC [TRACE] NewPluginClient for plugin hub.steampipe.io/plugins/turbot/csv@latest
2023-01-29 07:23:33.403 UTC [DEBUG] steampipe-plugin-csv.plugin: plugin address: address=/tmp/plugin2541406020 network=unix timestamp=2023-01-29T07:23:33.402Z
2023-01-29 07:23:33.403 UTC [TRACE] stdio: waiting for stdio data
2023-01-29 07:23:33.405 UTC [TRACE] supportedOperations: query_cache:true multiple_connections:true
2023-01-29 07:23:33.405 UTC [TRACE] steampipe-plugin-csv.plugin: [TRACE] SetAllConnectionConfigs setting 1 configs
2023-01-29 07:23:33.406 UTC [TRACE] steampipe-plugin-csv.plugin: [TRACE] connection csv build schema and table map
2023-01-29 07:23:33.406 UTC [DEBUG] steampipe-plugin-csv.plugin: [DEBUG] csv.tableCSV: path=/home/runner/work/steampipe-samples/steampipe-samples/all/hackernews/hn_items_all.csv detected_encoding=Unknown
2023-01-29 07:23:33.406 UTC [DEBUG] steampipe-plugin-csv.plugin: [DEBUG] csv.tableCSV: path=/home/runner/work/steampipe-samples/steampipe-samples/all/hackernews/new_sc.csv detected_encoding=Unknown
2023-01-29 07:23:33.406 UTC [DEBUG] steampipe-plugin-csv.plugin: [DEBUG] csv.tableCSV: path=/home/runner/work/steampipe-samples/steampipe-samples/all/hackernews/people.csv detected_encoding=Unknown
2023-01-29 07:23:33.406 UTC [TRACE] steampipe-plugin-csv.plugin: [TRACE] initialise table /home/runner/work/steampipe-samples/steampipe-samples/all/hackernews/hn_items_all.csv
2023-01-29 07:23:33.406 UTC [TRACE] steampipe-plugin-csv.plugin: [TRACE] no DefaultRetryConfig defined - creating empty
2023-01-29 07:23:33.406 UTC [TRACE] steampipe-plugin-csv.plugin: [TRACE] no DefaultIgnoreConfig defined - creating empty
2023-01-29 07:23:33.406 UTC [TRACE] steampipe-plugin-csv.plugin: [TRACE] apply plugin defaults for DefaultRetryConfig
2023-01-29 07:23:33.406 UTC [TRACE] steampipe-plugin-csv.plugin: [TRACE] apply plugin defaults for DefaultIgnoreConfig, table &{<nil> <nil>} plugin &{<nil> <nil>}
2023-01-29 07:23:33.406 UTC [TRACE] steampipe-plugin-csv.plugin: [TRACE] DefaultRetryConfig:
2023-01-29 07:23:33.406 UTC [TRACE] steampipe-plugin-csv.plugin: [TRACE] DefaultIgnoreConfig:
2023-01-29 07:23:33.406 UTC [TRACE] steampipe-plugin-csv.plugin: [TRACE] t.List.initialise
2023-01-29 07:23:33.406 UTC [TRACE] steampipe-plugin-csv.plugin: [TRACE] ListConfig.initialise table /home/runner/work/steampipe-samples/steampipe-samples/all/hackernews/hn_items_all.csv
2023-01-29 07:23:33.406 UTC [TRACE] steampipe-plugin-csv.plugin: [TRACE] ListConfig.initialise complete: RetryConfig: , IgnoreConfig
2023-01-29 07:23:33.406 UTC [TRACE] steampipe-plugin-csv.plugin: [TRACE] back from initialiseHydrateConfigs
2023-01-29 07:23:33.406 UTC [TRACE] steampipe-plugin-csv.plugin: [TRACE] initialise table /home/runner/work/steampipe-samples/steampipe-samples/all/hackernews/hn_items_all.csv COMPLETE
2023-01-29 07:23:33.406 UTC [TRACE] steampipe-plugin-csv.plugin: [TRACE] initialise table /home/runner/work/steampipe-samples/steampipe-samples/all/hackernews/new_sc.csv
2023-01-29 07:23:33.406 UTC [TRACE] steampipe-plugin-csv.plugin: [TRACE] no DefaultRetryConfig defined - creating empty
2023-01-29 07:23:33.406 UTC [TRACE] steampipe-plugin-csv.plugin: [TRACE] no DefaultIgnoreConfig defined - creating empty
2023-01-29 07:23:33.406 UTC [TRACE] steampipe-plugin-csv.plugin: [TRACE] apply plugin defaults for DefaultRetryConfig
2023-01-29 07:23:33.406 UTC [TRACE] steampipe-plugin-csv.plugin: [TRACE] apply plugin defaults for DefaultIgnoreConfig, table &{<nil> <nil>} plugin &{<nil> <nil>}
2023-01-29 07:23:33.406 UTC [TRACE] steampipe-plugin-csv.plugin: [TRACE] DefaultRetryConfig:
2023-01-29 07:23:33.406 UTC [TRACE] steampipe-plugin-csv.plugin: [TRACE] DefaultIgnoreConfig:
2023-01-29 07:23:33.406 UTC [TRACE] steampipe-plugin-csv.plugin: [TRACE] t.List.initialise
2023-01-29 07:23:33.406 UTC [TRACE] steampipe-plugin-csv.plugin: [TRACE] ListConfig.initialise table /home/runner/work/steampipe-samples/steampipe-samples/all/hackernews/new_sc.csv
2023-01-29 07:23:33.406 UTC [TRACE] steampipe-plugin-csv.plugin: [TRACE] ListConfig.initialise complete: RetryConfig: , IgnoreConfig
2023-01-29 07:23:33.406 UTC [TRACE] steampipe-plugin-csv.plugin: [TRACE] back from initialiseHydrateConfigs
2023-01-29 07:23:33.406 UTC [TRACE] steampipe-plugin-csv.plugin: [TRACE] initialise table /home/runner/work/steampipe-samples/steampipe-samples/all/hackernews/new_sc.csv COMPLETE
2023-01-29 07:23:33.406 UTC [TRACE] steampipe-plugin-csv.plugin: [TRACE] initialise table /home/runner/work/steampipe-samples/steampipe-samples/all/hackernews/people.csv
2023-01-29 07:23:33.406 UTC [TRACE] steampipe-plugin-csv.plugin: [TRACE] no DefaultRetryConfig defined - creating empty
2023-01-29 07:23:33.406 UTC [TRACE] steampipe-plugin-csv.plugin: [TRACE] no DefaultIgnoreConfig defined - creating empty
2023-01-29 07:23:33.406 UTC [TRACE] steampipe-plugin-csv.plugin: [TRACE] apply plugin defaults for DefaultRetryConfig
2023-01-29 07:23:33.406 UTC [TRACE] steampipe-plugin-csv.plugin: [TRACE] apply plugin defaults for DefaultIgnoreConfig, table &{<nil> <nil>} plugin &{<nil> <nil>}
2023-01-29 07:23:33.406 UTC [TRACE] steampipe-plugin-csv.plugin: [TRACE] DefaultRetryConfig:
2023-01-29 07:23:33.406 UTC [TRACE] steampipe-plugin-csv.plugin: [TRACE] DefaultIgnoreConfig:
2023-01-29 07:23:33.406 UTC [TRACE] steampipe-plugin-csv.plugin: [TRACE] t.List.initialise
2023-01-29 07:23:33.406 UTC [TRACE] steampipe-plugin-csv.plugin: [TRACE] ListConfig.initialise table /home/runner/work/steampipe-samples/steampipe-samples/all/hackernews/people.csv
2023-01-29 07:23:33.406 UTC [TRACE] steampipe-plugin-csv.plugin: [TRACE] ListConfig.initialise complete: RetryConfig: , IgnoreConfig
2023-01-29 07:23:33.406 UTC [TRACE] steampipe-plugin-csv.plugin: [TRACE] back from initialiseHydrateConfigs
2023-01-29 07:23:33.406 UTC [TRACE] steampipe-plugin-csv.plugin: [TRACE] initialise table /home/runner/work/steampipe-samples/steampipe-samples/all/hackernews/people.csv COMPLETE
2023-01-29 07:23:33.406 UTC [TRACE] steampipe-plugin-csv.plugin: [TRACE] validate plugin steampipe-plugin-csv, required columns []
2023-01-29 07:23:33.406 UTC [TRACE] steampipe-plugin-csv.plugin: [TRACE] validate DefaultRetryConfig
2023-01-29 07:23:33.406 UTC [TRACE] steampipe-plugin-csv.plugin: [TRACE] validate DefaultIgnoreConfig
2023-01-29 07:23:33.406 UTC [TRACE] steampipe-plugin-csv.plugin: [TRACE] validate table names
2023-01-29 07:23:33.406 UTC [TRACE] steampipe-plugin-csv.plugin: [TRACE] plugin has 0 validation errors
2023-01-29 07:23:33.406 UTC [TRACE] steampipe-plugin-csv.plugin: [TRACE] Plugin ensureCache creating cache, maxCacheStorageMb 0
2023-01-29 07:23:33.406 UTC [TRACE] steampipe-plugin-csv.plugin: [TRACE] createCacheStore for plugin 'steampipe-plugin-csv' setting max size to 0Mb, Shards: 2, max shard size: 0
2023-01-29 07:23:33.423 UTC [TRACE] PluginManager getPlugin complete, returning reattach config with PID: 1982
2023-01-29 07:23:33.423 UTC [TRACE] PluginManager Get returning reattach_map:{key:"csv" value:{protocol:"grpc" addr:{Network:"unix" Address:"/tmp/plugin2541406020"} pid:1982 supported_operations:{query_cache:true multiple_connections:true} connections:"csv" plugin:"hub.steampipe.io/plugins/turbot/csv@latest"}}
2023-01-29 07:23:33.423 UTC [INFO]  steampipe-plugin-csv.plugin: [INFO]  query cache created
2023-01-29 07:23:33.423 UTC [DEBUG] steampipe-plugin-csv.plugin: [DEBUG] SetAllConnectionConfigs finished
2023-01-29 07:23:33.459 UTC [TRACE] PluginManager Get, connections: '[csv]'
2023-01-29 07:23:33.459 UTC [TRACE] PluginManager getPlugin hub.steampipe.io/plugins/turbot/csv@latest connection 'csv'
2023-01-29 07:23:33.459 UTC [TRACE] connection csv found in connectionPluginMap
2023-01-29 07:23:33.459 UTC [TRACE] initialized: 1982
2023-01-29 07:23:33.459 UTC [TRACE] initialized: 1982
2023-01-29 07:23:33.459 UTC [TRACE] connection csv is loaded, check for running PID
2023-01-29 07:23:33.459 UTC [TRACE] PluginManager found 'csv' in map, pid 1982
2023-01-29 07:23:33.459 UTC [TRACE] PluginManager Get returning reattach_map:{key:"csv" value:{protocol:"grpc" addr:{Network:"unix" Address:"/tmp/plugin2541406020"} pid:1982 supported_operations:{query_cache:true multiple_connections:true} connections:"csv" plugin:"hub.steampipe.io/plugins/turbot/csv@latest"}}
2023-01-29 07:23:33.511 UTC [TRACE] PluginManager Get, connections: '[hackernews]'
2023-01-29 07:23:33.511 UTC [TRACE] PluginManager getPlugin hub.steampipe.io/plugins/turbot/hackernews@latest connection 'hackernews'
2023-01-29 07:23:33.511 UTC [TRACE] PluginManager 0xc000746640 plugin hub.steampipe.io/plugins/turbot/hackernews@latest (hackernews) NOT started or starting - start now
2023-01-29 07:23:33.511 UTC [TRACE] ************ start plugin hackernews ********************
2023-01-29 07:23:33.511 UTC [TRACE] ************ plugin path /home/runner/.steampipe/plugins/hub.steampipe.io/plugins/turbot/hackernews@latest/steampipe-plugin-hackernews.plugin ********************
2023-01-29 07:23:33.572 UTC [DEBUG] starting plugin: path=/home/runner/.steampipe/plugins/hub.steampipe.io/plugins/turbot/hackernews@latest/steampipe-plugin-hackernews.plugin args=["/home/runner/.steampipe/plugins/hub.steampipe.io/plugins/turbot/hackernews@latest/steampipe-plugin-hackernews.plugin"]
2023-01-29 07:23:33.572 UTC [DEBUG] plugin started: path=/home/runner/.steampipe/plugins/hub.steampipe.io/plugins/turbot/hackernews@latest/steampipe-plugin-hackernews.plugin pid=2005
2023-01-29 07:23:33.572 UTC [DEBUG] waiting for RPC address: path=/home/runner/.steampipe/plugins/hub.steampipe.io/plugins/turbot/hackernews@latest/steampipe-plugin-hackernews.plugin
2023-01-29 07:23:33.581 UTC [INFO]  steampipe-plugin-hackernews.plugin: [INFO]  Initialise plugin 'steampipe-plugin-hackernews', using sdk version 4.1.7
2023-01-29 07:23:33.581 UTC [TRACE] steampipe-plugin-hackernews.plugin: [TRACE] defaulting SchemaMode to SchemaModeStatic
2023-01-29 07:23:33.581 UTC [TRACE] steampipe-plugin-hackernews.plugin: [TRACE] no DefaultRetryConfig defined - creating empty
2023-01-29 07:23:33.581 UTC [TRACE] steampipe-plugin-hackernews.plugin: [TRACE] no DefaultIgnoreConfig defined - creating empty
2023-01-29 07:23:33.581 UTC [TRACE] steampipe-plugin-hackernews.plugin: [TRACE] Setting Ulimit: ulimit=2560
2023-01-29 07:23:33.581 UTC [TRACE] steampipe-plugin-hackernews.plugin: [TRACE] telemetry.Init service 'steampipe-plugin-hackernews', tracingEnabled: false, metricsEnabled: false
2023-01-29 07:23:33.581 UTC [TRACE] steampipe-plugin-hackernews.plugin: [TRACE] metrics and tracing disabled' - returning
2023-01-29 07:23:33.582 UTC [DEBUG] steampipe-plugin-hackernews.plugin: plugin address: address=/tmp/plugin1289679548 network=unix timestamp=2023-01-29T07:23:33.582Z
2023-01-29 07:23:33.582 UTC [DEBUG] using plugin: version=0
2023-01-29 07:23:33.582 UTC [TRACE] NewPluginClient for plugin hub.steampipe.io/plugins/turbot/hackernews@latest
2023-01-29 07:23:33.583 UTC [TRACE] stdio: waiting for stdio data
2023-01-29 07:23:33.584 UTC [TRACE] supportedOperations: query_cache:true multiple_connections:true
2023-01-29 07:23:33.585 UTC [TRACE] steampipe-plugin-hackernews.plugin: [TRACE] SetAllConnectionConfigs setting 1 configs
2023-01-29 07:23:33.585 UTC [TRACE] steampipe-plugin-hackernews.plugin: [TRACE] connection hackernews build schema and table map
2023-01-29 07:23:33.585 UTC [TRACE] steampipe-plugin-hackernews.plugin: [TRACE] initialise table hackernews_show_hn
2023-01-29 07:23:33.585 UTC [TRACE] steampipe-plugin-hackernews.plugin: [TRACE] no DefaultRetryConfig defined - creating empty
2023-01-29 07:23:33.585 UTC [TRACE] steampipe-plugin-hackernews.plugin: [TRACE] no DefaultIgnoreConfig defined - creating empty
2023-01-29 07:23:33.585 UTC [TRACE] steampipe-plugin-hackernews.plugin: [TRACE] apply plugin defaults for DefaultRetryConfig
2023-01-29 07:23:33.585 UTC [TRACE] steampipe-plugin-hackernews.plugin: [TRACE] apply plugin defaults for DefaultIgnoreConfig, table &{<nil> <nil>} plugin &{<nil> <nil>}
2023-01-29 07:23:33.585 UTC [TRACE] steampipe-plugin-hackernews.plugin: [TRACE] DefaultRetryConfig:
2023-01-29 07:23:33.585 UTC [TRACE] steampipe-plugin-hackernews.plugin: [TRACE] DefaultIgnoreConfig:
2023-01-29 07:23:33.585 UTC [TRACE] steampipe-plugin-hackernews.plugin: [TRACE] t.Get.initialise
2023-01-29 07:23:33.585 UTC [TRACE] steampipe-plugin-hackernews.plugin: [TRACE] GetConfig.initialise table hackernews_show_hn
2023-01-29 07:23:33.585 UTC [TRACE] steampipe-plugin-hackernews.plugin: [TRACE] GetConfig.initialise complete: RetryConfig: , IgnoreConfig:
2023-01-29 07:23:33.585 UTC [TRACE] steampipe-plugin-hackernews.plugin: [TRACE] t.List.initialise
2023-01-29 07:23:33.585 UTC [TRACE] steampipe-plugin-hackernews.plugin: [TRACE] ListConfig.initialise table hackernews_show_hn
2023-01-29 07:23:33.585 UTC [TRACE] steampipe-plugin-hackernews.plugin: [TRACE] ListConfig.initialise complete: RetryConfig: , IgnoreConfig
2023-01-29 07:23:33.585 UTC [TRACE] steampipe-plugin-hackernews.plugin: [TRACE] HydrateConfig.initialise func getItem, table hackernews_show_hn
2023-01-29 07:23:33.585 UTC [TRACE] steampipe-plugin-hackernews.plugin: [TRACE] HydrateConfig.initialise complete: RetryConfig: , IgnoreConfig:
2023-01-29 07:23:33.585 UTC [TRACE] steampipe-plugin-hackernews.plugin: [TRACE] back from initialiseHydrateConfigs
2023-01-29 07:23:33.585 UTC [TRACE] steampipe-plugin-hackernews.plugin: [TRACE] initialise table hackernews_show_hn COMPLETE
2023-01-29 07:23:33.585 UTC [TRACE] steampipe-plugin-hackernews.plugin: [TRACE] initialise table hackernews_top
2023-01-29 07:23:33.585 UTC [TRACE] steampipe-plugin-hackernews.plugin: [TRACE] no DefaultRetryConfig defined - creating empty
2023-01-29 07:23:33.585 UTC [TRACE] steampipe-plugin-hackernews.plugin: [TRACE] no DefaultIgnoreConfig defined - creating empty
2023-01-29 07:23:33.585 UTC [TRACE] steampipe-plugin-hackernews.plugin: [TRACE] apply plugin defaults for DefaultRetryConfig
2023-01-29 07:23:33.585 UTC [TRACE] steampipe-plugin-hackernews.plugin: [TRACE] apply plugin defaults for DefaultIgnoreConfig, table &{<nil> <nil>} plugin &{<nil> <nil>}
2023-01-29 07:23:33.585 UTC [TRACE] steampipe-plugin-hackernews.plugin: [TRACE] DefaultRetryConfig:
2023-01-29 07:23:33.585 UTC [TRACE] steampipe-plugin-hackernews.plugin: [TRACE] DefaultIgnoreConfig:
2023-01-29 07:23:33.585 UTC [TRACE] steampipe-plugin-hackernews.plugin: [TRACE] t.Get.initialise
2023-01-29 07:23:33.585 UTC [TRACE] steampipe-plugin-hackernews.plugin: [TRACE] GetConfig.initialise table hackernews_top
2023-01-29 07:23:33.585 UTC [TRACE] steampipe-plugin-hackernews.plugin: [TRACE] GetConfig.initialise complete: RetryConfig: , IgnoreConfig:
2023-01-29 07:23:33.585 UTC [TRACE] steampipe-plugin-hackernews.plugin: [TRACE] t.List.initialise
2023-01-29 07:23:33.585 UTC [TRACE] steampipe-plugin-hackernews.plugin: [TRACE] ListConfig.initialise table hackernews_top
2023-01-29 07:23:33.585 UTC [TRACE] steampipe-plugin-hackernews.plugin: [TRACE] ListConfig.initialise complete: RetryConfig: , IgnoreConfig
2023-01-29 07:23:33.585 UTC [TRACE] steampipe-plugin-hackernews.plugin: [TRACE] HydrateConfig.initialise func getItem, table hackernews_top
2023-01-29 07:23:33.585 UTC [TRACE] steampipe-plugin-hackernews.plugin: [TRACE] HydrateConfig.initialise complete: RetryConfig: , IgnoreConfig:
2023-01-29 07:23:33.585 UTC [TRACE] steampipe-plugin-hackernews.plugin: [TRACE] back from initialiseHydrateConfigs
2023-01-29 07:23:33.585 UTC [TRACE] steampipe-plugin-hackernews.plugin: [TRACE] initialise table hackernews_top COMPLETE
2023-01-29 07:23:33.585 UTC [TRACE] steampipe-plugin-hackernews.plugin: [TRACE] initialise table hackernews_user
2023-01-29 07:23:33.585 UTC [TRACE] steampipe-plugin-hackernews.plugin: [TRACE] no DefaultRetryConfig defined - creating empty
2023-01-29 07:23:33.585 UTC [TRACE] steampipe-plugin-hackernews.plugin: [TRACE] no DefaultIgnoreConfig defined - creating empty
2023-01-29 07:23:33.585 UTC [TRACE] steampipe-plugin-hackernews.plugin: [TRACE] apply plugin defaults for DefaultRetryConfig
2023-01-29 07:23:33.585 UTC [TRACE] steampipe-plugin-hackernews.plugin: [TRACE] apply plugin defaults for DefaultIgnoreConfig, table &{<nil> <nil>} plugin &{<nil> <nil>}
2023-01-29 07:23:33.585 UTC [TRACE] steampipe-plugin-hackernews.plugin: [TRACE] DefaultRetryConfig:
2023-01-29 07:23:33.585 UTC [TRACE] steampipe-plugin-hackernews.plugin: [TRACE] DefaultIgnoreConfig:
2023-01-29 07:23:33.585 UTC [TRACE] steampipe-plugin-hackernews.plugin: [TRACE] t.List.initialise
2023-01-29 07:23:33.585 UTC [TRACE] steampipe-plugin-hackernews.plugin: [TRACE] ListConfig.initialise table hackernews_user
2023-01-29 07:23:33.585 UTC [TRACE] steampipe-plugin-hackernews.plugin: [TRACE] ListConfig.initialise complete: RetryConfig: , IgnoreConfig
2023-01-29 07:23:33.585 UTC [TRACE] steampipe-plugin-hackernews.plugin: [TRACE] back from initialiseHydrateConfigs
2023-01-29 07:23:33.585 UTC [TRACE] steampipe-plugin-hackernews.plugin: [TRACE] initialise table hackernews_user COMPLETE
2023-01-29 07:23:33.585 UTC [TRACE] steampipe-plugin-hackernews.plugin: [TRACE] initialise table hackernews_ask_hn
2023-01-29 07:23:33.585 UTC [TRACE] steampipe-plugin-hackernews.plugin: [TRACE] no DefaultRetryConfig defined - creating empty
2023-01-29 07:23:33.585 UTC [TRACE] steampipe-plugin-hackernews.plugin: [TRACE] no DefaultIgnoreConfig defined - creating empty
2023-01-29 07:23:33.585 UTC [TRACE] steampipe-plugin-hackernews.plugin: [TRACE] apply plugin defaults for DefaultRetryConfig
2023-01-29 07:23:33.585 UTC [TRACE] steampipe-plugin-hackernews.plugin: [TRACE] apply plugin defaults for DefaultIgnoreConfig, table &{<nil> <nil>} plugin &{<nil> <nil>}
2023-01-29 07:23:33.585 UTC [TRACE] steampipe-plugin-hackernews.plugin: [TRACE] DefaultRetryConfig:
2023-01-29 07:23:33.585 UTC [TRACE] steampipe-plugin-hackernews.plugin: [TRACE] DefaultIgnoreConfig:
2023-01-29 07:23:33.585 UTC [TRACE] steampipe-plugin-hackernews.plugin: [TRACE] t.Get.initialise
2023-01-29 07:23:33.585 UTC [TRACE] steampipe-plugin-hackernews.plugin: [TRACE] GetConfig.initialise table hackernews_ask_hn
2023-01-29 07:23:33.585 UTC [TRACE] steampipe-plugin-hackernews.plugin: [TRACE] GetConfig.initialise complete: RetryConfig: , IgnoreConfig:
2023-01-29 07:23:33.585 UTC [TRACE] steampipe-plugin-hackernews.plugin: [TRACE] t.List.initialise
2023-01-29 07:23:33.585 UTC [TRACE] steampipe-plugin-hackernews.plugin: [TRACE] ListConfig.initialise table hackernews_ask_hn
2023-01-29 07:23:33.585 UTC [TRACE] steampipe-plugin-hackernews.plugin: [TRACE] ListConfig.initialise complete: RetryConfig: , IgnoreConfig
2023-01-29 07:23:33.585 UTC [TRACE] steampipe-plugin-hackernews.plugin: [TRACE] HydrateConfig.initialise func getItem, table hackernews_ask_hn
2023-01-29 07:23:33.585 UTC [TRACE] steampipe-plugin-hackernews.plugin: [TRACE] HydrateConfig.initialise complete: RetryConfig: , IgnoreConfig:
2023-01-29 07:23:33.585 UTC [TRACE] steampipe-plugin-hackernews.plugin: [TRACE] back from initialiseHydrateConfigs
2023-01-29 07:23:33.585 UTC [TRACE] steampipe-plugin-hackernews.plugin: [TRACE] initialise table hackernews_ask_hn COMPLETE
2023-01-29 07:23:33.585 UTC [TRACE] steampipe-plugin-hackernews.plugin: [TRACE] initialise table hackernews_best
2023-01-29 07:23:33.585 UTC [TRACE] steampipe-plugin-hackernews.plugin: [TRACE] no DefaultRetryConfig defined - creating empty
2023-01-29 07:23:33.585 UTC [TRACE] steampipe-plugin-hackernews.plugin: [TRACE] no DefaultIgnoreConfig defined - creating empty
2023-01-29 07:23:33.585 UTC [TRACE] steampipe-plugin-hackernews.plugin: [TRACE] apply plugin defaults for DefaultRetryConfig
2023-01-29 07:23:33.585 UTC [TRACE] steampipe-plugin-hackernews.plugin: [TRACE] apply plugin defaults for DefaultIgnoreConfig, table &{<nil> <nil>} plugin &{<nil> <nil>}
2023-01-29 07:23:33.585 UTC [TRACE] steampipe-plugin-hackernews.plugin: [TRACE] DefaultRetryConfig:
2023-01-29 07:23:33.585 UTC [TRACE] steampipe-plugin-hackernews.plugin: [TRACE] DefaultIgnoreConfig:
2023-01-29 07:23:33.585 UTC [TRACE] steampipe-plugin-hackernews.plugin: [TRACE] t.Get.initialise
2023-01-29 07:23:33.585 UTC [TRACE] steampipe-plugin-hackernews.plugin: [TRACE] GetConfig.initialise table hackernews_best
2023-01-29 07:23:33.585 UTC [TRACE] steampipe-plugin-hackernews.plugin: [TRACE] GetConfig.initialise complete: RetryConfig: , IgnoreConfig:
2023-01-29 07:23:33.585 UTC [TRACE] steampipe-plugin-hackernews.plugin: [TRACE] t.List.initialise
2023-01-29 07:23:33.585 UTC [TRACE] steampipe-plugin-hackernews.plugin: [TRACE] ListConfig.initialise table hackernews_best
2023-01-29 07:23:33.585 UTC [TRACE] steampipe-plugin-hackernews.plugin: [TRACE] ListConfig.initialise complete: RetryConfig: , IgnoreConfig
2023-01-29 07:23:33.585 UTC [TRACE] steampipe-plugin-hackernews.plugin: [TRACE] HydrateConfig.initialise func getItem, table hackernews_best
2023-01-29 07:23:33.585 UTC [TRACE] steampipe-plugin-hackernews.plugin: [TRACE] HydrateConfig.initialise complete: RetryConfig: , IgnoreConfig:
2023-01-29 07:23:33.585 UTC [TRACE] steampipe-plugin-hackernews.plugin: [TRACE] back from initialiseHydrateConfigs
2023-01-29 07:23:33.585 UTC [TRACE] steampipe-plugin-hackernews.plugin: [TRACE] initialise table hackernews_best COMPLETE
2023-01-29 07:23:33.585 UTC [TRACE] steampipe-plugin-hackernews.plugin: [TRACE] initialise table hackernews_item
2023-01-29 07:23:33.585 UTC [TRACE] steampipe-plugin-hackernews.plugin: [TRACE] no DefaultRetryConfig defined - creating empty
2023-01-29 07:23:33.585 UTC [TRACE] steampipe-plugin-hackernews.plugin: [TRACE] no DefaultIgnoreConfig defined - creating empty
2023-01-29 07:23:33.585 UTC [TRACE] steampipe-plugin-hackernews.plugin: [TRACE] apply plugin defaults for DefaultRetryConfig
2023-01-29 07:23:33.585 UTC [TRACE] steampipe-plugin-hackernews.plugin: [TRACE] apply plugin defaults for DefaultIgnoreConfig, table &{<nil> <nil>} plugin &{<nil> <nil>}
2023-01-29 07:23:33.585 UTC [TRACE] steampipe-plugin-hackernews.plugin: [TRACE] DefaultRetryConfig:
2023-01-29 07:23:33.585 UTC [TRACE] steampipe-plugin-hackernews.plugin: [TRACE] DefaultIgnoreConfig:
2023-01-29 07:23:33.585 UTC [TRACE] steampipe-plugin-hackernews.plugin: [TRACE] t.Get.initialise
2023-01-29 07:23:33.585 UTC [TRACE] steampipe-plugin-hackernews.plugin: [TRACE] GetConfig.initialise table hackernews_item
2023-01-29 07:23:33.585 UTC [TRACE] steampipe-plugin-hackernews.plugin: [TRACE] GetConfig.initialise complete: RetryConfig: , IgnoreConfig:
2023-01-29 07:23:33.585 UTC [TRACE] steampipe-plugin-hackernews.plugin: [TRACE] t.List.initialise
2023-01-29 07:23:33.585 UTC [TRACE] steampipe-plugin-hackernews.plugin: [TRACE] ListConfig.initialise table hackernews_item
2023-01-29 07:23:33.585 UTC [TRACE] steampipe-plugin-hackernews.plugin: [TRACE] ListConfig.initialise complete: RetryConfig: , IgnoreConfig
2023-01-29 07:23:33.585 UTC [TRACE] steampipe-plugin-hackernews.plugin: [TRACE] HydrateConfig.initialise func getItem, table hackernews_item
2023-01-29 07:23:33.585 UTC [TRACE] steampipe-plugin-hackernews.plugin: [TRACE] HydrateConfig.initialise complete: RetryConfig: , IgnoreConfig:
2023-01-29 07:23:33.585 UTC [TRACE] steampipe-plugin-hackernews.plugin: [TRACE] back from initialiseHydrateConfigs
2023-01-29 07:23:33.585 UTC [TRACE] steampipe-plugin-hackernews.plugin: [TRACE] initialise table hackernews_item COMPLETE
2023-01-29 07:23:33.585 UTC [TRACE] steampipe-plugin-hackernews.plugin: [TRACE] initialise table hackernews_job
2023-01-29 07:23:33.585 UTC [TRACE] steampipe-plugin-hackernews.plugin: [TRACE] no DefaultRetryConfig defined - creating empty
2023-01-29 07:23:33.585 UTC [TRACE] steampipe-plugin-hackernews.plugin: [TRACE] no DefaultIgnoreConfig defined - creating empty
2023-01-29 07:23:33.585 UTC [TRACE] steampipe-plugin-hackernews.plugin: [TRACE] apply plugin defaults for DefaultRetryConfig
2023-01-29 07:23:33.585 UTC [TRACE] steampipe-plugin-hackernews.plugin: [TRACE] apply plugin defaults for DefaultIgnoreConfig, table &{<nil> <nil>} plugin &{<nil> <nil>}
2023-01-29 07:23:33.585 UTC [TRACE] steampipe-plugin-hackernews.plugin: [TRACE] DefaultRetryConfig:
2023-01-29 07:23:33.585 UTC [TRACE] steampipe-plugin-hackernews.plugin: [TRACE] DefaultIgnoreConfig:
2023-01-29 07:23:33.585 UTC [TRACE] steampipe-plugin-hackernews.plugin: [TRACE] t.Get.initialise
2023-01-29 07:23:33.585 UTC [TRACE] steampipe-plugin-hackernews.plugin: [TRACE] GetConfig.initialise table hackernews_job
2023-01-29 07:23:33.585 UTC [TRACE] steampipe-plugin-hackernews.plugin: [TRACE] GetConfig.initialise complete: RetryConfig: , IgnoreConfig:
2023-01-29 07:23:33.585 UTC [TRACE] steampipe-plugin-hackernews.plugin: [TRACE] t.List.initialise
2023-01-29 07:23:33.585 UTC [TRACE] steampipe-plugin-hackernews.plugin: [TRACE] ListConfig.initialise table hackernews_job
2023-01-29 07:23:33.585 UTC [TRACE] steampipe-plugin-hackernews.plugin: [TRACE] ListConfig.initialise complete: RetryConfig: , IgnoreConfig
2023-01-29 07:23:33.585 UTC [TRACE] steampipe-plugin-hackernews.plugin: [TRACE] HydrateConfig.initialise func getItem, table hackernews_job
2023-01-29 07:23:33.585 UTC [TRACE] steampipe-plugin-hackernews.plugin: [TRACE] HydrateConfig.initialise complete: RetryConfig: , IgnoreConfig:
2023-01-29 07:23:33.585 UTC [TRACE] steampipe-plugin-hackernews.plugin: [TRACE] back from initialiseHydrateConfigs
2023-01-29 07:23:33.585 UTC [TRACE] steampipe-plugin-hackernews.plugin: [TRACE] initialise table hackernews_job COMPLETE
2023-01-29 07:23:33.585 UTC [TRACE] steampipe-plugin-hackernews.plugin: [TRACE] initialise table hackernews_new
2023-01-29 07:23:33.585 UTC [TRACE] steampipe-plugin-hackernews.plugin: [TRACE] no DefaultRetryConfig defined - creating empty
2023-01-29 07:23:33.585 UTC [TRACE] steampipe-plugin-hackernews.plugin: [TRACE] no DefaultIgnoreConfig defined - creating empty
2023-01-29 07:23:33.585 UTC [TRACE] steampipe-plugin-hackernews.plugin: [TRACE] apply plugin defaults for DefaultRetryConfig
2023-01-29 07:23:33.585 UTC [TRACE] steampipe-plugin-hackernews.plugin: [TRACE] apply plugin defaults for DefaultIgnoreConfig, table &{<nil> <nil>} plugin &{<nil> <nil>}
2023-01-29 07:23:33.585 UTC [TRACE] steampipe-plugin-hackernews.plugin: [TRACE] DefaultRetryConfig:
2023-01-29 07:23:33.585 UTC [TRACE] steampipe-plugin-hackernews.plugin: [TRACE] DefaultIgnoreConfig:
2023-01-29 07:23:33.585 UTC [TRACE] steampipe-plugin-hackernews.plugin: [TRACE] t.Get.initialise
2023-01-29 07:23:33.585 UTC [TRACE] steampipe-plugin-hackernews.plugin: [TRACE] GetConfig.initialise table hackernews_new
2023-01-29 07:23:33.585 UTC [TRACE] steampipe-plugin-hackernews.plugin: [TRACE] GetConfig.initialise complete: RetryConfig: , IgnoreConfig:
2023-01-29 07:23:33.585 UTC [TRACE] steampipe-plugin-hackernews.plugin: [TRACE] t.List.initialise
2023-01-29 07:23:33.585 UTC [TRACE] steampipe-plugin-hackernews.plugin: [TRACE] ListConfig.initialise table hackernews_new
2023-01-29 07:23:33.585 UTC [TRACE] steampipe-plugin-hackernews.plugin: [TRACE] ListConfig.initialise complete: RetryConfig: , IgnoreConfig
2023-01-29 07:23:33.585 UTC [TRACE] steampipe-plugin-hackernews.plugin: [TRACE] HydrateConfig.initialise func getItem, table hackernews_new
2023-01-29 07:23:33.585 UTC [TRACE] steampipe-plugin-hackernews.plugin: [TRACE] HydrateConfig.initialise complete: RetryConfig: , IgnoreConfig:
2023-01-29 07:23:33.585 UTC [TRACE] steampipe-plugin-hackernews.plugin: [TRACE] back from initialiseHydrateConfigs
2023-01-29 07:23:33.585 UTC [TRACE] steampipe-plugin-hackernews.plugin: [TRACE] initialise table hackernews_new COMPLETE
2023-01-29 07:23:33.585 UTC [TRACE] steampipe-plugin-hackernews.plugin: [TRACE] validate plugin steampipe-plugin-hackernews, required columns []
2023-01-29 07:23:33.585 UTC [TRACE] steampipe-plugin-hackernews.plugin: [TRACE] validate DefaultRetryConfig
2023-01-29 07:23:33.585 UTC [TRACE] steampipe-plugin-hackernews.plugin: [TRACE] validate DefaultIgnoreConfig
2023-01-29 07:23:33.585 UTC [TRACE] steampipe-plugin-hackernews.plugin: [TRACE] validate table names
2023-01-29 07:23:33.585 UTC [TRACE] steampipe-plugin-hackernews.plugin: [TRACE] plugin has 0 validation errors
2023-01-29 07:23:33.585 UTC [TRACE] steampipe-plugin-hackernews.plugin: [TRACE] Plugin ensureCache creating cache, maxCacheStorageMb 0
2023-01-29 07:23:33.585 UTC [TRACE] steampipe-plugin-hackernews.plugin: [TRACE] createCacheStore for plugin 'steampipe-plugin-hackernews' setting max size to 0Mb, Shards: 2, max shard size: 0
2023-01-29 07:23:33.599 UTC [INFO]  steampipe-plugin-hackernews.plugin: [INFO]  query cache created
2023-01-29 07:23:33.599 UTC [DEBUG] steampipe-plugin-hackernews.plugin: [DEBUG] SetAllConnectionConfigs finished
2023-01-29 07:23:33.599 UTC [TRACE] PluginManager getPlugin complete, returning reattach config with PID: 2005
2023-01-29 07:23:33.599 UTC [TRACE] PluginManager Get returning reattach_map:{key:"hackernews" value:{protocol:"grpc" addr:{Network:"unix" Address:"/tmp/plugin1289679548"} pid:2005 supported_operations:{query_cache:true multiple_connections:true} connections:"hackernews" plugin:"hub.steampipe.io/plugins/turbot/hackernews@latest"}}
2023-01-29 07:23:33.604 UTC [INFO]  steampipe-plugin-hackernews.plugin: [INFO]  1674977013759: Plugin Execute (1674977013759)
2023-01-29 07:23:33.604 UTC [TRACE] steampipe-plugin-hackernews.plugin: [TRACE] 1674977013759: No memory limit set
2023-01-29 07:23:33.604 UTC [INFO]  steampipe-plugin-hackernews.plugin: [INFO]  1674977013759: Plugin Execute, setting memory limit to -1Mb
2023-01-29 07:23:33.604 UTC [TRACE] steampipe-plugin-hackernews.plugin: [TRACE] 1674977013759: calling ExtractContextFromCarrier
2023-01-29 07:23:33.604 UTC [INFO]  steampipe-plugin-hackernews.plugin: [INFO]  1674977013759: Setting max concurrent connections to 25
2023-01-29 07:23:33.604 UTC [TRACE] steampipe-plugin-hackernews.plugin: [TRACE] 1674977013759: executeForConnection callId: 1674977013759, connectionCallId: hackernews-1674977013759, connection: hackernews table: hackernews_new cols: id,title,time,by,score,dead,deleted,descendants,kids,parent,parts,poll,text,type,url,_ctx
2023-01-29 07:23:33.604 UTC [TRACE] steampipe-plugin-hackernews.plugin: [TRACE] 1674977013759: got connection data
2023-01-29 07:23:33.604 UTC [TRACE] steampipe-plugin-hackernews.plugin: [TRACE] 1674977013759: Got query context, table: hackernews_new, cols: [id title time by score dead deleted descendants kids parent parts poll text type url _ctx]
2023-01-29 07:23:33.604 UTC [TRACE] steampipe-plugin-hackernews.plugin: [TRACE] 1674977013759: Start execute span
2023-01-29 07:23:33.604 UTC [INFO]  steampipe-plugin-hackernews.plugin: [INFO]  1674977013759: Setting free memory interval to 100 rows
2023-01-29 07:23:33.604 UTC [TRACE] steampipe-plugin-hackernews.plugin: [TRACE] 1674977013759: setFetchType map[time:quals:{fieldName:"time"  string_value:">"  value:{timestamp_value:{seconds:1674973413  nanos:489858000}}}]
2023-01-29 07:23:33.605 UTC [TRACE] steampipe-plugin-hackernews.plugin: [TRACE] 1674977013759: getMatchingQuals column:'id' operator: =
2023-01-29 07:23:33.605 UTC [TRACE] steampipe-plugin-hackernews.plugin: [TRACE] 1674977013759: getMatchingQuals returning false - qualMap does not contain any quals for column id
2023-01-29 07:23:33.606 UTC [TRACE] steampipe-plugin-hackernews.plugin: [TRACE] 1674977013759: GetUnsatisfiedKeyColumns for columns column:'id' operator: =
2023-01-29 07:23:33.606 UTC [TRACE] steampipe-plugin-hackernews.plugin: [TRACE] 1674977013759: key column NOT satisfied column:'id' operator: =
2023-01-29 07:23:33.606 UTC [TRACE] steampipe-plugin-hackernews.plugin: [TRACE] 1674977013759: satisfied: map[any_of: optional: required:]
2023-01-29 07:23:33.607 UTC [TRACE] steampipe-plugin-hackernews.plugin: [TRACE] 1674977013759: unsatisfied: map[any_of: optional: required:column:'id' operator: =]
2023-01-29 07:23:33.607 UTC [TRACE] steampipe-plugin-hackernews.plugin: [TRACE] 1674977013759: unsatisfied required KeyColumns: column:'id' operator: =
2023-01-29 07:23:33.607 UTC [TRACE] steampipe-plugin-hackernews.plugin: [TRACE] 1674977013759: Set fetchType to fetchTypeList
2023-01-29 07:23:33.607 UTC [TRACE] steampipe-plugin-hackernews.plugin: [TRACE] 1674977013759: Equals key column quals:
2023-01-29 07:23:33.607 UTC [DEBUG] steampipe-plugin-hackernews.plugin: {}
2023-01-29 07:23:33.607 UTC [TRACE] steampipe-plugin-hackernews.plugin: [TRACE] 1674977013759: All key column quals:
2023-01-29 07:23:33.607 UTC [DEBUG] steampipe-plugin-hackernews.plugin: {}
2023-01-29 07:23:33.607 UTC [TRACE] steampipe-plugin-hackernews.plugin: [TRACE] 1674977013759: GetMatrixItem
2023-01-29 07:23:33.607 UTC [TRACE] steampipe-plugin-hackernews.plugin: [TRACE] 1674977013759: creating query data
2023-01-29 07:23:33.607 UTC [INFO]  steampipe-plugin-hackernews.plugin: [INFO]  1674977013759: cacheEnabled, trying cache get (hackernews-1674977013759)
2023-01-29 07:23:33.607 UTC [TRACE] steampipe-plugin-hackernews.plugin: [TRACE] 1674977013759: QueryCache Get - indexBucketKey index__hackernewshackernews_new, quals
2023-01-29 07:23:33.607 UTC [TRACE] steampipe-plugin-hackernews.plugin: [TRACE] 1674977013759: QueryCache getCachedQueryResult - table hackernews_new, connectionName hackernews
2023-01-29 07:23:33.607 UTC [TRACE] steampipe-plugin-hackernews.plugin: [TRACE] 1674977013759: index bucket key: index__hackernewshackernews_new ttlSeconds 300 limit: -1
2023-01-29 07:23:33.607 UTC [TRACE] steampipe-plugin-hackernews.plugin: [TRACE] 1674977013759: doGet cache miss
2023-01-29 07:23:33.607 UTC [TRACE] steampipe-plugin-hackernews.plugin: [TRACE] 1674977013759: getCachedIndexBucket - no item retrieved for cache key index__hackernewshackernews_new
2023-01-29 07:23:33.607 UTC [TRACE] steampipe-plugin-hackernews.plugin: [TRACE] 1674977013759: getCachedQueryResult returned CACHE MISS - checking for pending transfers
2023-01-29 07:23:33.607 UTC [TRACE] steampipe-plugin-hackernews.plugin: [TRACE] 1674977013759: getPendingResultItem indexBucketKey index__hackernewshackernews_new, columns [id title time by score dead deleted descendants kids parent parts poll text type url _ctx], limit -1
2023-01-29 07:23:33.607 UTC [TRACE] steampipe-plugin-hackernews.plugin: [TRACE] 1674977013759: no pending index item - add pending result, indexBucketKey index__hackernewshackernews_new
2023-01-29 07:23:33.607 UTC [TRACE] steampipe-plugin-hackernews.plugin: [TRACE] 1674977013759: addPendingResult (hackernews-1674977013759) indexBucketKey index__hackernewshackernews_new, columns [id title time by score dead deleted descendants kids parent parts poll text type url _ctx], limit -1
2023-01-29 07:23:33.607 UTC [TRACE] steampipe-plugin-hackernews.plugin: [TRACE] 1674977013759: no index bucket found - creating one
2023-01-29 07:23:33.607 UTC [TRACE] steampipe-plugin-hackernews.plugin: [TRACE] 1674977013759: pendingIndexItem Lock count before 0
2023-01-29 07:23:33.607 UTC [TRACE] steampipe-plugin-hackernews.plugin: [TRACE] 1674977013759: addPendingResult added pending index item to bucket, (hackernews-1674977013759) indexBucketKey index__hackernewshackernews_new, resultKeyRoot hackernewshackernews_newid,title,time,by,score,dead,deleted,descendants,kids,parent,parts,poll,text,type,url,_ctx-1, pending item : 0xc00041ab70
2023-01-29 07:23:33.607 UTC [TRACE] steampipe-plugin-hackernews.plugin: [TRACE] 1674977013759: **** pending items (hackernews-1674977013759)****
2023-01-29 07:23:33.607 UTC [TRACE] steampipe-plugin-hackernews.plugin: [TRACE] 1674977013759: key: index__hackernewshackernews_new: item: 0xc00041ab70, count: 1, key:hackernewshackernews_newid,title,time,by,score,dead,deleted,descendants,kids,parent,parts,poll,text,type,url,_ctx-1
2023-01-29 07:23:33.607 UTC [TRACE] steampipe-plugin-hackernews.plugin: [TRACE] 1674977013759: ********
2023-01-29 07:23:33.607 UTC [TRACE] steampipe-plugin-hackernews.plugin: [TRACE] 1674977013759: getPendingResultItem returning <nil>
2023-01-29 07:23:33.607 UTC [INFO]  steampipe-plugin-hackernews.plugin: [INFO]  1674977013759: CACHE MISS
2023-01-29 07:23:33.607 UTC [TRACE] steampipe-plugin-hackernews.plugin: [TRACE] 1674977013759: cache MISS
2023-01-29 07:23:33.607 UTC [INFO]  steampipe-plugin-hackernews.plugin: [INFO]  1674977013759: queryCacheGet returned CACHE MISS (hackernews-1674977013759)
2023-01-29 07:23:33.607 UTC [TRACE] steampipe-plugin-hackernews.plugin: [TRACE] 1674977013759: StartSet (hackernews-1674977013759)
2023-01-29 07:23:33.607 UTC [TRACE] steampipe-plugin-hackernews.plugin: [TRACE] 1674977013759: calling fetchItems, table: hackernews_new, matrixItem: [], limit: -1,  connectionCallId: hackernews-1674977013759"
2023-01-29 07:23:33.607 UTC [TRACE] steampipe-plugin-hackernews.plugin: [TRACE] 1674977013759: buildRowsAsync connectionCallId: hackernews-1674977013759
2023-01-29 07:23:33.607 UTC [TRACE] steampipe-plugin-hackernews.plugin: [TRACE] 1674977013759: streamRows connectionCallId: hackernews-1674977013759
2023-01-29 07:23:33.607 UTC [TRACE] steampipe-plugin-hackernews.plugin: [TRACE] 1674977013759: QueryData streamRows (hackernews-1674977013759)
2023-01-29 07:23:33.607 UTC [TRACE] steampipe-plugin-hackernews.plugin: [TRACE] 1674977013759: executeListCall START (hackernews-1674977013759)
2023-01-29 07:23:33.607 UTC [TRACE] steampipe-plugin-hackernews.plugin: [TRACE] 1674977013759: GetUnsatisfiedKeyColumns for columns
2023-01-29 07:23:33.607 UTC [TRACE] steampipe-plugin-hackernews.plugin: [TRACE] 1674977013759: doList (hackernews-1674977013759)
2023-01-29 07:23:33.607 UTC [TRACE] steampipe-plugin-hackernews.plugin: [TRACE] 1674977013759: doList: no matrix item
2023-01-29 07:23:33.759 UTC [TRACE] stdio: received data: channel=STDOUT len=16
2023-01-29 07:23:33.759 UTC [TRACE] stdio: waiting for stdio data
2023-01-29 07:23:33.768 UTC [TRACE] steampipe-plugin-hackernews.plugin: [TRACE] 1674977013759: QueryData.fetchComplete
2023-01-29 07:23:33.768 UTC [TRACE] steampipe-plugin-hackernews.plugin: [TRACE] 1674977013759: executeListCall COMPLETE (hackernews-1674977013759)
2023-01-29 07:23:33.768 UTC [TRACE] steampipe-plugin-hackernews.plugin: [TRACE] 1674977013759: rowData chan returned nil - wait for rows to complete (hackernews-1674977013759)
2023-01-29 07:23:33.886 UTC [TRACE] stdio: received data: channel=STDOUT len=419
2023-01-29 07:23:33.886 UTC [TRACE] stdio: waiting for stdio data
2023-01-29 07:23:33.889 UTC [TRACE] stdio: received data: channel=STDOUT len=302
2023-01-29 07:23:33.889 UTC [TRACE] stdio: waiting for stdio data
2023-01-29 07:23:33.904 UTC [TRACE] stdio: received data: channel=STDOUT len=518
2023-01-29 07:23:33.904 UTC [TRACE] stdio: waiting for stdio data
2023-01-29 07:23:33.927 UTC [TRACE] stdio: received data: channel=STDOUT len=545
2023-01-29 07:23:33.927 UTC [TRACE] stdio: waiting for stdio data
2023-01-29 07:23:33.933 UTC [TRACE] stdio: received data: channel=STDOUT len=407
2023-01-29 07:23:33.933 UTC [TRACE] stdio: waiting for stdio data
2023-01-29 07:23:34.028 UTC [TRACE] stdio: received data: channel=STDOUT len=1024
2023-01-29 07:23:34.028 UTC [TRACE] stdio: waiting for stdio data
2023-01-29 07:23:34.087 UTC [TRACE] stdio: received data: channel=STDOUT len=791
2023-01-29 07:23:34.087 UTC [TRACE] stdio: waiting for stdio data
2023-01-29 07:23:34.115 UTC [TRACE] stdio: received data: channel=STDOUT len=1024
2023-01-29 07:23:34.115 UTC [TRACE] stdio: waiting for stdio data
2023-01-29 07:23:34.116 UTC [TRACE] steampipe-plugin-hackernews.plugin: [TRACE] 1674977013759: buildRowsAsync goroutine returning (hackernews-1674977013759)
2023-01-29 07:23:34.116 UTC [TRACE] steampipe-plugin-hackernews.plugin: [TRACE] 1674977013759: streamRows - nil row, stop streaming (hackernews-1674977013759)
2023-01-29 07:23:34.116 UTC [TRACE] steampipe-plugin-hackernews.plugin: [TRACE] 1674977013759: ------------------------------------
2023-01-29 07:23:34.116 UTC [TRACE] steampipe-plugin-hackernews.plugin: [TRACE] 1674977013759: Concurrency Summary
2023-01-29 07:23:34.116 UTC [TRACE] steampipe-plugin-hackernews.plugin: [TRACE] 1674977013759: ------------------------------------
2023-01-29 07:23:34.116 UTC [TRACE] steampipe-plugin-hackernews.plugin: [TRACE] 1674977013759: getItem                       : 200
2023-01-29 07:23:34.116 UTC [TRACE] steampipe-plugin-hackernews.plugin: [TRACE] 1674977013759: ------------------------------------
2023-01-29 07:23:34.116 UTC [TRACE] steampipe-plugin-hackernews.plugin: [TRACE] 1674977013759: Total                         : 200
2023-01-29 07:23:34.116 UTC [TRACE] steampipe-plugin-hackernews.plugin: [TRACE] 1674977013759: ------------------------------------
2023-01-29 07:23:34.116 UTC [TRACE] steampipe-plugin-hackernews.plugin: [TRACE] 1674977013759: QueryData streamRows DONE (hackernews-1674977013759)
2023-01-29 07:23:34.116 UTC [TRACE] steampipe-plugin-hackernews.plugin: [TRACE] 1674977013759: EndSet (hackernews-1674977013759) table hackernews_new
2023-01-29 07:23:34.116 UTC [TRACE] steampipe-plugin-hackernews.plugin: [TRACE] 1674977013759: QueryCache writePageToCache: 500 rows, pageCount 1, page key hackernewshackernews_newid,title,time,by,score,dead,deleted,descendants,kids,parent,parts,poll,text,type,url,_ctx-1-0
2023-01-29 07:23:34.124 UTC [TRACE] steampipe-plugin-hackernews.plugin: [TRACE] 1674977013759: writePageToCache Set - result written
2023-01-29 07:23:34.124 UTC [TRACE] steampipe-plugin-hackernews.plugin: [TRACE] 1674977013759: QueryCache EndSet - result written
2023-01-29 07:23:34.124 UTC [TRACE] steampipe-plugin-hackernews.plugin: [TRACE] 1674977013759: doGet cache miss
2023-01-29 07:23:34.124 UTC [TRACE] steampipe-plugin-hackernews.plugin: [TRACE] 1674977013759: getCachedIndexBucket - no item retrieved for cache key index__hackernewshackernews_new
2023-01-29 07:23:34.124 UTC [TRACE] steampipe-plugin-hackernews.plugin: [TRACE] 1674977013759: getCachedIndexBucket returned cache miss
2023-01-29 07:23:34.124 UTC [TRACE] steampipe-plugin-hackernews.plugin: [TRACE] 1674977013759: QueryCache EndSet - Added index item (0xc014626c00) to bucket (0xc01430f818), page count 1,  key root hackernewshackernews_newid,title,time,by,score,dead,deleted,descendants,kids,parent,parts,poll,text,type,url,_ctx-1
2023-01-29 07:23:34.124 UTC [TRACE] steampipe-plugin-hackernews.plugin: [TRACE] 1674977013759: cacheSetIndexBucket index__hackernewshackernews_new
2023-01-29 07:23:34.124 UTC [TRACE] steampipe-plugin-hackernews.plugin: [TRACE] 1674977013759: QueryCache EndSet - IndexBucket written
2023-01-29 07:23:34.124 UTC [TRACE] steampipe-plugin-hackernews.plugin: [TRACE] 1674977013759: EndSet DEFER (hackernews-1674977013759) table hackernews_new
2023-01-29 07:23:34.124 UTC [TRACE] steampipe-plugin-hackernews.plugin: [TRACE] 1674977013759: calling pendingItemComplete (hackernews-1674977013759)
2023-01-29 07:23:34.124 UTC [TRACE] steampipe-plugin-hackernews.plugin: [TRACE] 1674977013759: pendingItemComplete (hackernews-1674977013759) indexBucketKey index__hackernewshackernews_new, columns [id title time by score dead deleted descendants kids parent parts poll text type url _ctx], limit -1
2023-01-29 07:23:34.124 UTC [TRACE] steampipe-plugin-hackernews.plugin: [TRACE] 1674977013759: got pending index bucket, (hackernews-1674977013759) len 1
2023-01-29 07:23:34.124 UTC [TRACE] steampipe-plugin-hackernews.plugin: [TRACE] 1674977013759: SatisfiesLimit limit -1, no item limit - satisfied
2023-01-29 07:23:34.124 UTC [TRACE] steampipe-plugin-hackernews.plugin: [TRACE] 1674977013759: found pending index item to satisfy columns id,title,time,by,score,dead,deleted,descendants,kids,parent,parts,poll,text,type,url,_ctx, limit -1
2023-01-29 07:23:34.124 UTC [TRACE] steampipe-plugin-hackernews.plugin: [TRACE] 1674977013759: found completed pending item (hackernews-1674977013759) 0xc00041ab70, key hackernewshackernews_newid,title,time,by,score,dead,deleted,descendants,kids,parent,parts,poll,text,type,url,_ctx-1 - removing from map as it is complete
2023-01-29 07:23:34.124 UTC [TRACE] steampipe-plugin-hackernews.plugin: [TRACE] 1674977013759: pendingIndexItem Unlock count before 1 key hackernewshackernews_newid,title,time,by,score,dead,deleted,descendants,kids,parent,parts,poll,text,type,url,_ctx-1
2023-01-29 07:23:34.124 UTC [TRACE] steampipe-plugin-hackernews.plugin: [TRACE] 1674977013759: deleted from pending, (hackernews-1674977013759) len 0
2023-01-29 07:23:34.124 UTC [TRACE] steampipe-plugin-hackernews.plugin: [TRACE] 1674977013759: pending bucket now empty - deleting key index__hackernewshackernews_new
2023-01-29 07:23:34.124 UTC [TRACE] steampipe-plugin-hackernews.plugin: [TRACE] 1674977013759: pendingItemComplete done (hackernews-1674977013759)
2023-01-29 07:23:34.124 UTC [TRACE] steampipe-plugin-hackernews.plugin: [TRACE] 1674977013759: cache set succeeded
2023-01-29 07:23:34.124 UTC [TRACE] steampipe-plugin-hackernews.plugin: [TRACE] 1674977013759: End execute span
2023-01-29 07:23:34.124 UTC [TRACE] steampipe-plugin-hackernews.plugin: [TRACE] 1674977013759: executeForConnection DEFER (hackernews-1674977013759)
2023-01-29 07:23:34.124 UTC [TRACE] steampipe-plugin-hackernews.plugin: [TRACE] 1674977013759: Execute complete callId: hackernews-1674977013759 table: hackernews_new
2023-01-29 07:23:34.124 UTC [TRACE] steampipe-plugin-hackernews.plugin: [TRACE] 1674977013759: executeForConnection hackernews returned
2023-01-29 07:23:34.124 UTC [TRACE] steampipe-plugin-hackernews.plugin: [TRACE] 1674977013759: output wg complete - send nil row
2023-01-29 07:23:34.124 UTC [TRACE] steampipe-plugin-hackernews.plugin: [TRACE] 1674977013759: empty row on output channel - we are done
2023-01-29 07:23:34.124 UTC [INFO]  steampipe-plugin-hackernews.plugin: [INFO]  1674977013759: Plugin Execute complete (1674977013759)
2023-01-29 07:23:34.146 UTC [TRACE] PluginManager Shutdown
2023-01-29 07:23:34.146 UTC [TRACE] killing plugin csv (1982)
2023-01-29 07:23:34.148 UTC [TRACE] steampipe-plugin-csv.plugin: [TRACE] FLUSHING instrumentation
2023-01-29 07:23:34.148 UTC [TRACE] steampipe-plugin-csv.plugin: [TRACE] Shutdown instrumentation
2023-01-29 07:23:34.148 UTC [INFO]  plugin process exited: path=/home/runner/.steampipe/plugins/hub.steampipe.io/plugins/turbot/csv@latest/steampipe-plugin-csv.plugin pid=1982
2023-01-29 07:23:34.148 UTC [DEBUG] stdio: received EOF, stopping recv loop: err="rpc error: code = Canceled desc = context canceled"
2023-01-29 07:23:34.148 UTC [DEBUG] plugin exited
2023-01-29 07:23:34.148 UTC [TRACE] killing plugin hackernews (2005)
2023-01-29 07:23:34.149 UTC [DEBUG] stdio: received EOF, stopping recv loop: err="rpc error: code = Unavailable desc = error reading from server: EOF"
2023-01-29 07:23:34.149 UTC [TRACE] steampipe-plugin-hackernews.plugin: [TRACE] 1674977013759: FLUSHING instrumentation
2023-01-29 07:23:34.149 UTC [TRACE] steampipe-plugin-hackernews.plugin: [TRACE] 1674977013759: Shutdown instrumentation
2023-01-29 07:23:34.152 UTC [INFO]  plugin process exited: path=/home/runner/.steampipe/plugins/hub.steampipe.io/plugins/turbot/hackernews@latest/steampipe-plugin-hackernews.plugin pid=2005
2023-01-29 07:23:34.152 UTC [DEBUG] plugin exited
2023-01-29 07:23:39.993 UTC [WARN]  steampipe-plugin-csv.plugin: [WARN]  1674977019425: getKeyColumnsForTable found no schema for table '/home/runner/work/steampipe-samples/steampipe-samples/all/hackernews/hn.csv'
2023-01-29 07:24:18.101 UTC [WARN]  steampipe-plugin-csv.plugin: [WARN]  1674977058659: getKeyColumnsForTable found no schema for table '/home/runner/work/steampipe-samples/steampipe-samples/all/hackernews/hn.csv'
2023-01-29 07:26:21.025 UTC [ERROR] steampipe-plugin-csv.plugin: [ERROR] csv.tableCSV: header_parse_error=EOF path=/home/runner/work/steampipe-samples/steampipe-samples/all/hackernews/new_sc.csv header=[]
2023-01-29 07:26:21.025 UTC [ERROR] steampipe-plugin-csv.plugin: [ERROR] csv.PluginTables: create_table_error="failed to parse file header /home/runner/work/steampipe-samples/steampipe-samples/all/hackernews/new_sc.csv: EOF" path=/home/runner/work/steampipe-samples/steampipe-samples/all/hackernews/new_sc.csv
2023-01-29 07:26:21.025 UTC [WARN]  failed to set connection config: failed to parse file header /home/runner/work/steampipe-samples/steampipe-samples/all/hackernews/new_sc.csv: EOF
2023-01-29 07:26:21.874 UTC [WARN]  steampipe-plugin-csv.plugin: [WARN]  1674977181956: getKeyColumnsForTable found no schema for table '/home/runner/work/steampipe-samples/steampipe-samples/all/hackernews/new_sc.csv'
2023-01-29 07:26:27.061 UTC [ERROR] steampipe-plugin-csv.plugin: [ERROR] csv.tableCSV: header_parse_error=EOF path=/home/runner/work/steampipe-samples/steampipe-samples/all/hackernews/hn_items_all.csv header=[]
2023-01-29 07:26:27.061 UTC [ERROR] steampipe-plugin-csv.plugin: [ERROR] csv.PluginTables: create_table_error="failed to parse file header /home/runner/work/steampipe-samples/steampipe-samples/all/hackernews/hn_items_all.csv: EOF" path=/home/runner/work/steampipe-samples/steampipe-samples/all/hackernews/hn_items_all.csv
2023-01-29 07:26:27.061 UTC [WARN]  failed to set connection config: failed to parse file header /home/runner/work/steampipe-samples/steampipe-samples/all/hackernews/hn_items_all.csv: EOF
2023-01-29 07:26:28.082 UTC [ERROR] steampipe-plugin-csv.plugin: [ERROR] csv.tableCSV: header_parse_error=EOF path=/home/runner/work/steampipe-samples/steampipe-samples/all/hackernews/people.csv header=[]
2023-01-29 07:26:28.082 UTC [ERROR] steampipe-plugin-csv.plugin: [ERROR] csv.PluginTables: create_table_error="failed to parse file header /home/runner/work/steampipe-samples/steampipe-samples/all/hackernews/people.csv: EOF" path=/home/runner/work/steampipe-samples/steampipe-samples/all/hackernews/people.csv
2023-01-29 07:26:28.082 UTC [WARN]  failed to set connection config: failed to parse file header /home/runner/work/steampipe-samples/steampipe-samples/all/hackernews/people.csv: EOF
