2023-01-20 10:20:05.981 UTC [INFO]  starting plugin manager
2023-01-20 10:20:05.981 UTC [TRACE] loaded config map: hackernews,net,csv,github
2023-01-20 10:20:05.981 UTC [TRACE] NewPluginManager
2023-01-20 10:20:05.982 UTC [TRACE] PluginManager setPluginCacheSizeMap: 4 connections.
2023-01-20 10:20:05.982 UTC [TRACE] Total cache size 0Mb
2023-01-20 10:20:05.982 UTC [INFO]  starting connection watcher
2023-01-20 10:20:05.982 UTC [INFO]  created ConnectionWatcher
2023-01-20 10:20:05.982 UTC [TRACE] about to serve
2023-01-20 10:20:06.039 UTC [TRACE] PluginManager Get, connections: '[csv]'
2023-01-20 10:20:06.039 UTC [TRACE] PluginManager getPlugin hub.steampipe.io/plugins/turbot/csv@latest connection 'csv'
2023-01-20 10:20:06.039 UTC [TRACE] PluginManager 0xc0003067d0 plugin hub.steampipe.io/plugins/turbot/csv@latest (csv) NOT started or starting - start now
2023-01-20 10:20:06.039 UTC [TRACE] ************ start plugin csv ********************
2023-01-20 10:20:06.039 UTC [TRACE] ************ plugin path /home/runner/.steampipe/plugins/hub.steampipe.io/plugins/turbot/csv@latest/steampipe-plugin-csv.plugin ********************
2023-01-20 10:20:06.107 UTC [DEBUG] starting plugin: path=/home/runner/.steampipe/plugins/hub.steampipe.io/plugins/turbot/csv@latest/steampipe-plugin-csv.plugin args=["/home/runner/.steampipe/plugins/hub.steampipe.io/plugins/turbot/csv@latest/steampipe-plugin-csv.plugin"]
2023-01-20 10:20:06.107 UTC [DEBUG] plugin started: path=/home/runner/.steampipe/plugins/hub.steampipe.io/plugins/turbot/csv@latest/steampipe-plugin-csv.plugin pid=1995
2023-01-20 10:20:06.107 UTC [DEBUG] waiting for RPC address: path=/home/runner/.steampipe/plugins/hub.steampipe.io/plugins/turbot/csv@latest/steampipe-plugin-csv.plugin
2023-01-20 10:20:06.114 UTC [INFO]  steampipe-plugin-csv.plugin: [INFO]  Initialise plugin 'steampipe-plugin-csv', using sdk version 4.1.8
2023-01-20 10:20:06.114 UTC [TRACE] steampipe-plugin-csv.plugin: [TRACE] no DefaultRetryConfig defined - creating empty
2023-01-20 10:20:06.114 UTC [TRACE] steampipe-plugin-csv.plugin: [TRACE] no DefaultIgnoreConfig defined - creating empty
2023-01-20 10:20:06.115 UTC [TRACE] steampipe-plugin-csv.plugin: [TRACE] telemetry.Init service 'steampipe-plugin-csv', tracingEnabled: false, metricsEnabled: false
2023-01-20 10:20:06.115 UTC [TRACE] steampipe-plugin-csv.plugin: [TRACE] metrics and tracing disabled' - returning
2023-01-20 10:20:06.116 UTC [DEBUG] steampipe-plugin-csv.plugin: plugin address: address=/tmp/plugin3859429143 network=unix timestamp=2023-01-20T10:20:06.116Z
2023-01-20 10:20:06.116 UTC [DEBUG] using plugin: version=0
2023-01-20 10:20:06.116 UTC [TRACE] NewPluginClient for plugin hub.steampipe.io/plugins/turbot/csv@latest
2023-01-20 10:20:06.120 UTC [TRACE] stdio: waiting for stdio data
2023-01-20 10:20:06.121 UTC [TRACE] supportedOperations: query_cache:true  multiple_connections:true
2023-01-20 10:20:06.122 UTC [TRACE] steampipe-plugin-csv.plugin: [TRACE] SetAllConnectionConfigs setting 1 configs
2023-01-20 10:20:06.122 UTC [TRACE] steampipe-plugin-csv.plugin: [TRACE] connection csv build schema and table map
2023-01-20 10:20:06.122 UTC [DEBUG] steampipe-plugin-csv.plugin: [DEBUG] csv.tableCSV: path=/home/runner/work/steampipe-samples/steampipe-samples/all/hackernews/hn_items_all.csv detected_encoding=Unknown
2023-01-20 10:20:06.122 UTC [DEBUG] steampipe-plugin-csv.plugin: [DEBUG] csv.tableCSV: path=/home/runner/work/steampipe-samples/steampipe-samples/all/hackernews/new_sc.csv detected_encoding=Unknown
2023-01-20 10:20:06.122 UTC [DEBUG] steampipe-plugin-csv.plugin: [DEBUG] csv.tableCSV: path=/home/runner/work/steampipe-samples/steampipe-samples/all/hackernews/people.csv detected_encoding=Unknown
2023-01-20 10:20:06.122 UTC [TRACE] steampipe-plugin-csv.plugin: [TRACE] initialise table /home/runner/work/steampipe-samples/steampipe-samples/all/hackernews/hn_items_all.csv
2023-01-20 10:20:06.122 UTC [TRACE] steampipe-plugin-csv.plugin: [TRACE] no DefaultRetryConfig defined - creating empty
2023-01-20 10:20:06.122 UTC [TRACE] steampipe-plugin-csv.plugin: [TRACE] no DefaultIgnoreConfig defined - creating empty
2023-01-20 10:20:06.122 UTC [TRACE] steampipe-plugin-csv.plugin: [TRACE] apply plugin defaults for DefaultRetryConfig
2023-01-20 10:20:06.122 UTC [TRACE] steampipe-plugin-csv.plugin: [TRACE] apply plugin defaults for DefaultIgnoreConfig, table &{<nil> <nil>} plugin &{<nil> <nil>}
2023-01-20 10:20:06.122 UTC [TRACE] steampipe-plugin-csv.plugin: [TRACE] DefaultRetryConfig:
2023-01-20 10:20:06.122 UTC [TRACE] steampipe-plugin-csv.plugin: [TRACE] DefaultIgnoreConfig:
2023-01-20 10:20:06.122 UTC [TRACE] steampipe-plugin-csv.plugin: [TRACE] t.List.initialise
2023-01-20 10:20:06.122 UTC [TRACE] steampipe-plugin-csv.plugin: [TRACE] ListConfig.initialise table /home/runner/work/steampipe-samples/steampipe-samples/all/hackernews/hn_items_all.csv
2023-01-20 10:20:06.122 UTC [TRACE] steampipe-plugin-csv.plugin: [TRACE] ListConfig.initialise complete: RetryConfig: , IgnoreConfig
2023-01-20 10:20:06.122 UTC [TRACE] steampipe-plugin-csv.plugin: [TRACE] back from initialiseHydrateConfigs
2023-01-20 10:20:06.122 UTC [TRACE] steampipe-plugin-csv.plugin: [TRACE] initialise table /home/runner/work/steampipe-samples/steampipe-samples/all/hackernews/hn_items_all.csv COMPLETE
2023-01-20 10:20:06.122 UTC [TRACE] steampipe-plugin-csv.plugin: [TRACE] initialise table /home/runner/work/steampipe-samples/steampipe-samples/all/hackernews/new_sc.csv
2023-01-20 10:20:06.122 UTC [TRACE] steampipe-plugin-csv.plugin: [TRACE] no DefaultRetryConfig defined - creating empty
2023-01-20 10:20:06.122 UTC [TRACE] steampipe-plugin-csv.plugin: [TRACE] no DefaultIgnoreConfig defined - creating empty
2023-01-20 10:20:06.122 UTC [TRACE] steampipe-plugin-csv.plugin: [TRACE] apply plugin defaults for DefaultRetryConfig
2023-01-20 10:20:06.122 UTC [TRACE] steampipe-plugin-csv.plugin: [TRACE] apply plugin defaults for DefaultIgnoreConfig, table &{<nil> <nil>} plugin &{<nil> <nil>}
2023-01-20 10:20:06.122 UTC [TRACE] steampipe-plugin-csv.plugin: [TRACE] DefaultRetryConfig:
2023-01-20 10:20:06.122 UTC [TRACE] steampipe-plugin-csv.plugin: [TRACE] DefaultIgnoreConfig:
2023-01-20 10:20:06.122 UTC [TRACE] steampipe-plugin-csv.plugin: [TRACE] t.List.initialise
2023-01-20 10:20:06.122 UTC [TRACE] steampipe-plugin-csv.plugin: [TRACE] ListConfig.initialise table /home/runner/work/steampipe-samples/steampipe-samples/all/hackernews/new_sc.csv
2023-01-20 10:20:06.122 UTC [TRACE] steampipe-plugin-csv.plugin: [TRACE] ListConfig.initialise complete: RetryConfig: , IgnoreConfig
2023-01-20 10:20:06.122 UTC [TRACE] steampipe-plugin-csv.plugin: [TRACE] back from initialiseHydrateConfigs
2023-01-20 10:20:06.122 UTC [TRACE] steampipe-plugin-csv.plugin: [TRACE] initialise table /home/runner/work/steampipe-samples/steampipe-samples/all/hackernews/new_sc.csv COMPLETE
2023-01-20 10:20:06.122 UTC [TRACE] steampipe-plugin-csv.plugin: [TRACE] initialise table /home/runner/work/steampipe-samples/steampipe-samples/all/hackernews/people.csv
2023-01-20 10:20:06.122 UTC [TRACE] steampipe-plugin-csv.plugin: [TRACE] no DefaultRetryConfig defined - creating empty
2023-01-20 10:20:06.122 UTC [TRACE] steampipe-plugin-csv.plugin: [TRACE] no DefaultIgnoreConfig defined - creating empty
2023-01-20 10:20:06.122 UTC [TRACE] steampipe-plugin-csv.plugin: [TRACE] apply plugin defaults for DefaultRetryConfig
2023-01-20 10:20:06.122 UTC [TRACE] steampipe-plugin-csv.plugin: [TRACE] apply plugin defaults for DefaultIgnoreConfig, table &{<nil> <nil>} plugin &{<nil> <nil>}
2023-01-20 10:20:06.122 UTC [TRACE] steampipe-plugin-csv.plugin: [TRACE] DefaultRetryConfig:
2023-01-20 10:20:06.122 UTC [TRACE] steampipe-plugin-csv.plugin: [TRACE] DefaultIgnoreConfig:
2023-01-20 10:20:06.122 UTC [TRACE] steampipe-plugin-csv.plugin: [TRACE] t.List.initialise
2023-01-20 10:20:06.122 UTC [TRACE] steampipe-plugin-csv.plugin: [TRACE] ListConfig.initialise table /home/runner/work/steampipe-samples/steampipe-samples/all/hackernews/people.csv
2023-01-20 10:20:06.122 UTC [TRACE] steampipe-plugin-csv.plugin: [TRACE] ListConfig.initialise complete: RetryConfig: , IgnoreConfig
2023-01-20 10:20:06.122 UTC [TRACE] steampipe-plugin-csv.plugin: [TRACE] back from initialiseHydrateConfigs
2023-01-20 10:20:06.122 UTC [TRACE] steampipe-plugin-csv.plugin: [TRACE] initialise table /home/runner/work/steampipe-samples/steampipe-samples/all/hackernews/people.csv COMPLETE
2023-01-20 10:20:06.122 UTC [TRACE] steampipe-plugin-csv.plugin: [TRACE] validate plugin steampipe-plugin-csv, required columns []
2023-01-20 10:20:06.122 UTC [TRACE] steampipe-plugin-csv.plugin: [TRACE] validate DefaultRetryConfig
2023-01-20 10:20:06.122 UTC [TRACE] steampipe-plugin-csv.plugin: [TRACE] validate DefaultIgnoreConfig
2023-01-20 10:20:06.122 UTC [TRACE] steampipe-plugin-csv.plugin: [TRACE] validate table names
2023-01-20 10:20:06.122 UTC [TRACE] steampipe-plugin-csv.plugin: [TRACE] plugin has 0 validation errors
2023-01-20 10:20:06.122 UTC [TRACE] steampipe-plugin-csv.plugin: [TRACE] Plugin ensureCache creating cache, maxCacheStorageMb 0
2023-01-20 10:20:06.122 UTC [TRACE] steampipe-plugin-csv.plugin: [TRACE] createCacheStore for plugin 'steampipe-plugin-csv' setting max size to 0Mb, Shards: 2, max shard size: 0
2023-01-20 10:20:06.136 UTC [INFO]  steampipe-plugin-csv.plugin: [INFO]  query cache created
2023-01-20 10:20:06.136 UTC [DEBUG] steampipe-plugin-csv.plugin: [DEBUG] SetAllConnectionConfigs finished
2023-01-20 10:20:06.136 UTC [TRACE] PluginManager getPlugin complete, returning reattach config with PID: 1995
2023-01-20 10:20:06.136 UTC [TRACE] PluginManager Get returning reattach_map:{key:"csv"  value:{protocol:"grpc"  addr:{Network:"unix"  Address:"/tmp/plugin3859429143"}  pid:1995  supported_operations:{query_cache:true  multiple_connections:true}  connections:"csv"  plugin:"hub.steampipe.io/plugins/turbot/csv@latest"}}
2023-01-20 10:20:06.169 UTC [TRACE] PluginManager Get, connections: '[csv]'
2023-01-20 10:20:06.169 UTC [TRACE] PluginManager getPlugin hub.steampipe.io/plugins/turbot/csv@latest connection 'csv'
2023-01-20 10:20:06.169 UTC [TRACE] connection csv found in connectionPluginMap
2023-01-20 10:20:06.169 UTC [TRACE] initialized: 1995
2023-01-20 10:20:06.169 UTC [TRACE] initialized: 1995
2023-01-20 10:20:06.169 UTC [TRACE] connection csv is loaded, check for running PID
2023-01-20 10:20:06.169 UTC [TRACE] PluginManager found 'csv' in map, pid 1995
2023-01-20 10:20:06.169 UTC [TRACE] PluginManager Get returning reattach_map:{key:"csv"  value:{protocol:"grpc"  addr:{Network:"unix"  Address:"/tmp/plugin3859429143"}  pid:1995  supported_operations:{query_cache:true  multiple_connections:true}  connections:"csv"  plugin:"hub.steampipe.io/plugins/turbot/csv@latest"}}
2023-01-20 10:20:06.223 UTC [TRACE] PluginManager Get, connections: '[hackernews]'
2023-01-20 10:20:06.223 UTC [TRACE] PluginManager getPlugin hub.steampipe.io/plugins/turbot/hackernews@latest connection 'hackernews'
2023-01-20 10:20:06.223 UTC [TRACE] PluginManager 0xc0003067d0 plugin hub.steampipe.io/plugins/turbot/hackernews@latest (hackernews) NOT started or starting - start now
2023-01-20 10:20:06.223 UTC [TRACE] ************ start plugin hackernews ********************
2023-01-20 10:20:06.223 UTC [TRACE] ************ plugin path /home/runner/.steampipe/plugins/hub.steampipe.io/plugins/turbot/hackernews@latest/steampipe-plugin-hackernews.plugin ********************
2023-01-20 10:20:06.293 UTC [DEBUG] starting plugin: path=/home/runner/.steampipe/plugins/hub.steampipe.io/plugins/turbot/hackernews@latest/steampipe-plugin-hackernews.plugin args=["/home/runner/.steampipe/plugins/hub.steampipe.io/plugins/turbot/hackernews@latest/steampipe-plugin-hackernews.plugin"]
2023-01-20 10:20:06.293 UTC [DEBUG] plugin started: path=/home/runner/.steampipe/plugins/hub.steampipe.io/plugins/turbot/hackernews@latest/steampipe-plugin-hackernews.plugin pid=2018
2023-01-20 10:20:06.293 UTC [DEBUG] waiting for RPC address: path=/home/runner/.steampipe/plugins/hub.steampipe.io/plugins/turbot/hackernews@latest/steampipe-plugin-hackernews.plugin
2023-01-20 10:20:06.300 UTC [INFO]  steampipe-plugin-hackernews.plugin: [INFO]  Initialise plugin 'steampipe-plugin-hackernews', using sdk version 4.1.7
2023-01-20 10:20:06.300 UTC [TRACE] steampipe-plugin-hackernews.plugin: [TRACE] defaulting SchemaMode to SchemaModeStatic
2023-01-20 10:20:06.300 UTC [TRACE] steampipe-plugin-hackernews.plugin: [TRACE] no DefaultRetryConfig defined - creating empty
2023-01-20 10:20:06.300 UTC [TRACE] steampipe-plugin-hackernews.plugin: [TRACE] no DefaultIgnoreConfig defined - creating empty
2023-01-20 10:20:06.300 UTC [TRACE] steampipe-plugin-hackernews.plugin: [TRACE] Setting Ulimit: ulimit=2560
2023-01-20 10:20:06.300 UTC [TRACE] steampipe-plugin-hackernews.plugin: [TRACE] telemetry.Init service 'steampipe-plugin-hackernews', tracingEnabled: false, metricsEnabled: false
2023-01-20 10:20:06.300 UTC [TRACE] steampipe-plugin-hackernews.plugin: [TRACE] metrics and tracing disabled' - returning
2023-01-20 10:20:06.301 UTC [DEBUG] steampipe-plugin-hackernews.plugin: plugin address: address=/tmp/plugin4244706041 network=unix timestamp=2023-01-20T10:20:06.301Z
2023-01-20 10:20:06.301 UTC [DEBUG] using plugin: version=0
2023-01-20 10:20:06.301 UTC [TRACE] NewPluginClient for plugin hub.steampipe.io/plugins/turbot/hackernews@latest
2023-01-20 10:20:06.301 UTC [TRACE] stdio: waiting for stdio data
2023-01-20 10:20:06.303 UTC [TRACE] supportedOperations: query_cache:true  multiple_connections:true
2023-01-20 10:20:06.304 UTC [TRACE] steampipe-plugin-hackernews.plugin: [TRACE] SetAllConnectionConfigs setting 1 configs
2023-01-20 10:20:06.304 UTC [TRACE] steampipe-plugin-hackernews.plugin: [TRACE] connection hackernews build schema and table map
2023-01-20 10:20:06.304 UTC [TRACE] steampipe-plugin-hackernews.plugin: [TRACE] initialise table hackernews_user
2023-01-20 10:20:06.304 UTC [TRACE] steampipe-plugin-hackernews.plugin: [TRACE] no DefaultRetryConfig defined - creating empty
2023-01-20 10:20:06.304 UTC [TRACE] steampipe-plugin-hackernews.plugin: [TRACE] no DefaultIgnoreConfig defined - creating empty
2023-01-20 10:20:06.304 UTC [TRACE] steampipe-plugin-hackernews.plugin: [TRACE] apply plugin defaults for DefaultRetryConfig
2023-01-20 10:20:06.304 UTC [TRACE] steampipe-plugin-hackernews.plugin: [TRACE] apply plugin defaults for DefaultIgnoreConfig, table &{<nil> <nil>} plugin &{<nil> <nil>}
2023-01-20 10:20:06.304 UTC [TRACE] steampipe-plugin-hackernews.plugin: [TRACE] DefaultRetryConfig:
2023-01-20 10:20:06.304 UTC [TRACE] steampipe-plugin-hackernews.plugin: [TRACE] DefaultIgnoreConfig:
2023-01-20 10:20:06.304 UTC [TRACE] steampipe-plugin-hackernews.plugin: [TRACE] t.List.initialise
2023-01-20 10:20:06.304 UTC [TRACE] steampipe-plugin-hackernews.plugin: [TRACE] ListConfig.initialise table hackernews_user
2023-01-20 10:20:06.304 UTC [TRACE] steampipe-plugin-hackernews.plugin: [TRACE] ListConfig.initialise complete: RetryConfig: , IgnoreConfig
2023-01-20 10:20:06.304 UTC [TRACE] steampipe-plugin-hackernews.plugin: [TRACE] back from initialiseHydrateConfigs
2023-01-20 10:20:06.304 UTC [TRACE] steampipe-plugin-hackernews.plugin: [TRACE] initialise table hackernews_user COMPLETE
2023-01-20 10:20:06.304 UTC [TRACE] steampipe-plugin-hackernews.plugin: [TRACE] initialise table hackernews_ask_hn
2023-01-20 10:20:06.304 UTC [TRACE] steampipe-plugin-hackernews.plugin: [TRACE] no DefaultRetryConfig defined - creating empty
2023-01-20 10:20:06.304 UTC [TRACE] steampipe-plugin-hackernews.plugin: [TRACE] no DefaultIgnoreConfig defined - creating empty
2023-01-20 10:20:06.304 UTC [TRACE] steampipe-plugin-hackernews.plugin: [TRACE] apply plugin defaults for DefaultRetryConfig
2023-01-20 10:20:06.304 UTC [TRACE] steampipe-plugin-hackernews.plugin: [TRACE] apply plugin defaults for DefaultIgnoreConfig, table &{<nil> <nil>} plugin &{<nil> <nil>}
2023-01-20 10:20:06.304 UTC [TRACE] steampipe-plugin-hackernews.plugin: [TRACE] DefaultRetryConfig:
2023-01-20 10:20:06.304 UTC [TRACE] steampipe-plugin-hackernews.plugin: [TRACE] DefaultIgnoreConfig:
2023-01-20 10:20:06.304 UTC [TRACE] steampipe-plugin-hackernews.plugin: [TRACE] t.Get.initialise
2023-01-20 10:20:06.304 UTC [TRACE] steampipe-plugin-hackernews.plugin: [TRACE] GetConfig.initialise table hackernews_ask_hn
2023-01-20 10:20:06.304 UTC [TRACE] steampipe-plugin-hackernews.plugin: [TRACE] GetConfig.initialise complete: RetryConfig: , IgnoreConfig:
2023-01-20 10:20:06.304 UTC [TRACE] steampipe-plugin-hackernews.plugin: [TRACE] t.List.initialise
2023-01-20 10:20:06.304 UTC [TRACE] steampipe-plugin-hackernews.plugin: [TRACE] ListConfig.initialise table hackernews_ask_hn
2023-01-20 10:20:06.304 UTC [TRACE] steampipe-plugin-hackernews.plugin: [TRACE] ListConfig.initialise complete: RetryConfig: , IgnoreConfig
2023-01-20 10:20:06.304 UTC [TRACE] steampipe-plugin-hackernews.plugin: [TRACE] HydrateConfig.initialise func getItem, table hackernews_ask_hn
2023-01-20 10:20:06.304 UTC [TRACE] steampipe-plugin-hackernews.plugin: [TRACE] HydrateConfig.initialise complete: RetryConfig: , IgnoreConfig:
2023-01-20 10:20:06.304 UTC [TRACE] steampipe-plugin-hackernews.plugin: [TRACE] back from initialiseHydrateConfigs
2023-01-20 10:20:06.304 UTC [TRACE] steampipe-plugin-hackernews.plugin: [TRACE] initialise table hackernews_ask_hn COMPLETE
2023-01-20 10:20:06.304 UTC [TRACE] steampipe-plugin-hackernews.plugin: [TRACE] initialise table hackernews_best
2023-01-20 10:20:06.304 UTC [TRACE] steampipe-plugin-hackernews.plugin: [TRACE] no DefaultRetryConfig defined - creating empty
2023-01-20 10:20:06.304 UTC [TRACE] steampipe-plugin-hackernews.plugin: [TRACE] no DefaultIgnoreConfig defined - creating empty
2023-01-20 10:20:06.304 UTC [TRACE] steampipe-plugin-hackernews.plugin: [TRACE] apply plugin defaults for DefaultRetryConfig
2023-01-20 10:20:06.304 UTC [TRACE] steampipe-plugin-hackernews.plugin: [TRACE] apply plugin defaults for DefaultIgnoreConfig, table &{<nil> <nil>} plugin &{<nil> <nil>}
2023-01-20 10:20:06.304 UTC [TRACE] steampipe-plugin-hackernews.plugin: [TRACE] DefaultRetryConfig:
2023-01-20 10:20:06.304 UTC [TRACE] steampipe-plugin-hackernews.plugin: [TRACE] DefaultIgnoreConfig:
2023-01-20 10:20:06.304 UTC [TRACE] steampipe-plugin-hackernews.plugin: [TRACE] t.Get.initialise
2023-01-20 10:20:06.304 UTC [TRACE] steampipe-plugin-hackernews.plugin: [TRACE] GetConfig.initialise table hackernews_best
2023-01-20 10:20:06.304 UTC [TRACE] steampipe-plugin-hackernews.plugin: [TRACE] GetConfig.initialise complete: RetryConfig: , IgnoreConfig:
2023-01-20 10:20:06.304 UTC [TRACE] steampipe-plugin-hackernews.plugin: [TRACE] t.List.initialise
2023-01-20 10:20:06.304 UTC [TRACE] steampipe-plugin-hackernews.plugin: [TRACE] ListConfig.initialise table hackernews_best
2023-01-20 10:20:06.304 UTC [TRACE] steampipe-plugin-hackernews.plugin: [TRACE] ListConfig.initialise complete: RetryConfig: , IgnoreConfig
2023-01-20 10:20:06.304 UTC [TRACE] steampipe-plugin-hackernews.plugin: [TRACE] HydrateConfig.initialise func getItem, table hackernews_best
2023-01-20 10:20:06.304 UTC [TRACE] steampipe-plugin-hackernews.plugin: [TRACE] HydrateConfig.initialise complete: RetryConfig: , IgnoreConfig:
2023-01-20 10:20:06.304 UTC [TRACE] steampipe-plugin-hackernews.plugin: [TRACE] back from initialiseHydrateConfigs
2023-01-20 10:20:06.304 UTC [TRACE] steampipe-plugin-hackernews.plugin: [TRACE] initialise table hackernews_best COMPLETE
2023-01-20 10:20:06.304 UTC [TRACE] steampipe-plugin-hackernews.plugin: [TRACE] initialise table hackernews_item
2023-01-20 10:20:06.304 UTC [TRACE] steampipe-plugin-hackernews.plugin: [TRACE] no DefaultRetryConfig defined - creating empty
2023-01-20 10:20:06.304 UTC [TRACE] steampipe-plugin-hackernews.plugin: [TRACE] no DefaultIgnoreConfig defined - creating empty
2023-01-20 10:20:06.304 UTC [TRACE] steampipe-plugin-hackernews.plugin: [TRACE] apply plugin defaults for DefaultRetryConfig
2023-01-20 10:20:06.304 UTC [TRACE] steampipe-plugin-hackernews.plugin: [TRACE] apply plugin defaults for DefaultIgnoreConfig, table &{<nil> <nil>} plugin &{<nil> <nil>}
2023-01-20 10:20:06.304 UTC [TRACE] steampipe-plugin-hackernews.plugin: [TRACE] DefaultRetryConfig:
2023-01-20 10:20:06.304 UTC [TRACE] steampipe-plugin-hackernews.plugin: [TRACE] DefaultIgnoreConfig:
2023-01-20 10:20:06.304 UTC [TRACE] steampipe-plugin-hackernews.plugin: [TRACE] t.Get.initialise
2023-01-20 10:20:06.304 UTC [TRACE] steampipe-plugin-hackernews.plugin: [TRACE] GetConfig.initialise table hackernews_item
2023-01-20 10:20:06.304 UTC [TRACE] steampipe-plugin-hackernews.plugin: [TRACE] GetConfig.initialise complete: RetryConfig: , IgnoreConfig:
2023-01-20 10:20:06.304 UTC [TRACE] steampipe-plugin-hackernews.plugin: [TRACE] t.List.initialise
2023-01-20 10:20:06.304 UTC [TRACE] steampipe-plugin-hackernews.plugin: [TRACE] ListConfig.initialise table hackernews_item
2023-01-20 10:20:06.304 UTC [TRACE] steampipe-plugin-hackernews.plugin: [TRACE] ListConfig.initialise complete: RetryConfig: , IgnoreConfig
2023-01-20 10:20:06.304 UTC [TRACE] steampipe-plugin-hackernews.plugin: [TRACE] HydrateConfig.initialise func getItem, table hackernews_item
2023-01-20 10:20:06.304 UTC [TRACE] steampipe-plugin-hackernews.plugin: [TRACE] HydrateConfig.initialise complete: RetryConfig: , IgnoreConfig:
2023-01-20 10:20:06.304 UTC [TRACE] steampipe-plugin-hackernews.plugin: [TRACE] back from initialiseHydrateConfigs
2023-01-20 10:20:06.304 UTC [TRACE] steampipe-plugin-hackernews.plugin: [TRACE] initialise table hackernews_item COMPLETE
2023-01-20 10:20:06.304 UTC [TRACE] steampipe-plugin-hackernews.plugin: [TRACE] initialise table hackernews_job
2023-01-20 10:20:06.304 UTC [TRACE] steampipe-plugin-hackernews.plugin: [TRACE] no DefaultRetryConfig defined - creating empty
2023-01-20 10:20:06.304 UTC [TRACE] steampipe-plugin-hackernews.plugin: [TRACE] no DefaultIgnoreConfig defined - creating empty
2023-01-20 10:20:06.304 UTC [TRACE] steampipe-plugin-hackernews.plugin: [TRACE] apply plugin defaults for DefaultRetryConfig
2023-01-20 10:20:06.304 UTC [TRACE] steampipe-plugin-hackernews.plugin: [TRACE] apply plugin defaults for DefaultIgnoreConfig, table &{<nil> <nil>} plugin &{<nil> <nil>}
2023-01-20 10:20:06.304 UTC [TRACE] steampipe-plugin-hackernews.plugin: [TRACE] DefaultRetryConfig:
2023-01-20 10:20:06.304 UTC [TRACE] steampipe-plugin-hackernews.plugin: [TRACE] DefaultIgnoreConfig:
2023-01-20 10:20:06.304 UTC [TRACE] steampipe-plugin-hackernews.plugin: [TRACE] t.Get.initialise
2023-01-20 10:20:06.304 UTC [TRACE] steampipe-plugin-hackernews.plugin: [TRACE] GetConfig.initialise table hackernews_job
2023-01-20 10:20:06.304 UTC [TRACE] steampipe-plugin-hackernews.plugin: [TRACE] GetConfig.initialise complete: RetryConfig: , IgnoreConfig:
2023-01-20 10:20:06.304 UTC [TRACE] steampipe-plugin-hackernews.plugin: [TRACE] t.List.initialise
2023-01-20 10:20:06.304 UTC [TRACE] steampipe-plugin-hackernews.plugin: [TRACE] ListConfig.initialise table hackernews_job
2023-01-20 10:20:06.304 UTC [TRACE] steampipe-plugin-hackernews.plugin: [TRACE] ListConfig.initialise complete: RetryConfig: , IgnoreConfig
2023-01-20 10:20:06.304 UTC [TRACE] steampipe-plugin-hackernews.plugin: [TRACE] HydrateConfig.initialise func getItem, table hackernews_job
2023-01-20 10:20:06.304 UTC [TRACE] steampipe-plugin-hackernews.plugin: [TRACE] HydrateConfig.initialise complete: RetryConfig: , IgnoreConfig:
2023-01-20 10:20:06.304 UTC [TRACE] steampipe-plugin-hackernews.plugin: [TRACE] back from initialiseHydrateConfigs
2023-01-20 10:20:06.304 UTC [TRACE] steampipe-plugin-hackernews.plugin: [TRACE] initialise table hackernews_job COMPLETE
2023-01-20 10:20:06.304 UTC [TRACE] steampipe-plugin-hackernews.plugin: [TRACE] initialise table hackernews_new
2023-01-20 10:20:06.304 UTC [TRACE] steampipe-plugin-hackernews.plugin: [TRACE] no DefaultRetryConfig defined - creating empty
2023-01-20 10:20:06.304 UTC [TRACE] steampipe-plugin-hackernews.plugin: [TRACE] no DefaultIgnoreConfig defined - creating empty
2023-01-20 10:20:06.304 UTC [TRACE] steampipe-plugin-hackernews.plugin: [TRACE] apply plugin defaults for DefaultRetryConfig
2023-01-20 10:20:06.304 UTC [TRACE] steampipe-plugin-hackernews.plugin: [TRACE] apply plugin defaults for DefaultIgnoreConfig, table &{<nil> <nil>} plugin &{<nil> <nil>}
2023-01-20 10:20:06.304 UTC [TRACE] steampipe-plugin-hackernews.plugin: [TRACE] DefaultRetryConfig:
2023-01-20 10:20:06.304 UTC [TRACE] steampipe-plugin-hackernews.plugin: [TRACE] DefaultIgnoreConfig:
2023-01-20 10:20:06.304 UTC [TRACE] steampipe-plugin-hackernews.plugin: [TRACE] t.Get.initialise
2023-01-20 10:20:06.304 UTC [TRACE] steampipe-plugin-hackernews.plugin: [TRACE] GetConfig.initialise table hackernews_new
2023-01-20 10:20:06.304 UTC [TRACE] steampipe-plugin-hackernews.plugin: [TRACE] GetConfig.initialise complete: RetryConfig: , IgnoreConfig:
2023-01-20 10:20:06.304 UTC [TRACE] steampipe-plugin-hackernews.plugin: [TRACE] t.List.initialise
2023-01-20 10:20:06.304 UTC [TRACE] steampipe-plugin-hackernews.plugin: [TRACE] ListConfig.initialise table hackernews_new
2023-01-20 10:20:06.304 UTC [TRACE] steampipe-plugin-hackernews.plugin: [TRACE] ListConfig.initialise complete: RetryConfig: , IgnoreConfig
2023-01-20 10:20:06.304 UTC [TRACE] steampipe-plugin-hackernews.plugin: [TRACE] HydrateConfig.initialise func getItem, table hackernews_new
2023-01-20 10:20:06.304 UTC [TRACE] steampipe-plugin-hackernews.plugin: [TRACE] HydrateConfig.initialise complete: RetryConfig: , IgnoreConfig:
2023-01-20 10:20:06.304 UTC [TRACE] steampipe-plugin-hackernews.plugin: [TRACE] back from initialiseHydrateConfigs
2023-01-20 10:20:06.304 UTC [TRACE] steampipe-plugin-hackernews.plugin: [TRACE] initialise table hackernews_new COMPLETE
2023-01-20 10:20:06.304 UTC [TRACE] steampipe-plugin-hackernews.plugin: [TRACE] initialise table hackernews_show_hn
2023-01-20 10:20:06.304 UTC [TRACE] steampipe-plugin-hackernews.plugin: [TRACE] no DefaultRetryConfig defined - creating empty
2023-01-20 10:20:06.304 UTC [TRACE] steampipe-plugin-hackernews.plugin: [TRACE] no DefaultIgnoreConfig defined - creating empty
2023-01-20 10:20:06.304 UTC [TRACE] steampipe-plugin-hackernews.plugin: [TRACE] apply plugin defaults for DefaultRetryConfig
2023-01-20 10:20:06.304 UTC [TRACE] steampipe-plugin-hackernews.plugin: [TRACE] apply plugin defaults for DefaultIgnoreConfig, table &{<nil> <nil>} plugin &{<nil> <nil>}
2023-01-20 10:20:06.304 UTC [TRACE] steampipe-plugin-hackernews.plugin: [TRACE] DefaultRetryConfig:
2023-01-20 10:20:06.304 UTC [TRACE] steampipe-plugin-hackernews.plugin: [TRACE] DefaultIgnoreConfig:
2023-01-20 10:20:06.304 UTC [TRACE] steampipe-plugin-hackernews.plugin: [TRACE] t.Get.initialise
2023-01-20 10:20:06.304 UTC [TRACE] steampipe-plugin-hackernews.plugin: [TRACE] GetConfig.initialise table hackernews_show_hn
2023-01-20 10:20:06.304 UTC [TRACE] steampipe-plugin-hackernews.plugin: [TRACE] GetConfig.initialise complete: RetryConfig: , IgnoreConfig:
2023-01-20 10:20:06.304 UTC [TRACE] steampipe-plugin-hackernews.plugin: [TRACE] t.List.initialise
2023-01-20 10:20:06.304 UTC [TRACE] steampipe-plugin-hackernews.plugin: [TRACE] ListConfig.initialise table hackernews_show_hn
2023-01-20 10:20:06.304 UTC [TRACE] steampipe-plugin-hackernews.plugin: [TRACE] ListConfig.initialise complete: RetryConfig: , IgnoreConfig
2023-01-20 10:20:06.304 UTC [TRACE] steampipe-plugin-hackernews.plugin: [TRACE] HydrateConfig.initialise func getItem, table hackernews_show_hn
2023-01-20 10:20:06.304 UTC [TRACE] steampipe-plugin-hackernews.plugin: [TRACE] HydrateConfig.initialise complete: RetryConfig: , IgnoreConfig:
2023-01-20 10:20:06.304 UTC [TRACE] steampipe-plugin-hackernews.plugin: [TRACE] back from initialiseHydrateConfigs
2023-01-20 10:20:06.304 UTC [TRACE] steampipe-plugin-hackernews.plugin: [TRACE] initialise table hackernews_show_hn COMPLETE
2023-01-20 10:20:06.304 UTC [TRACE] steampipe-plugin-hackernews.plugin: [TRACE] initialise table hackernews_top
2023-01-20 10:20:06.304 UTC [TRACE] steampipe-plugin-hackernews.plugin: [TRACE] no DefaultRetryConfig defined - creating empty
2023-01-20 10:20:06.304 UTC [TRACE] steampipe-plugin-hackernews.plugin: [TRACE] no DefaultIgnoreConfig defined - creating empty
2023-01-20 10:20:06.304 UTC [TRACE] steampipe-plugin-hackernews.plugin: [TRACE] apply plugin defaults for DefaultRetryConfig
2023-01-20 10:20:06.304 UTC [TRACE] steampipe-plugin-hackernews.plugin: [TRACE] apply plugin defaults for DefaultIgnoreConfig, table &{<nil> <nil>} plugin &{<nil> <nil>}
2023-01-20 10:20:06.304 UTC [TRACE] steampipe-plugin-hackernews.plugin: [TRACE] DefaultRetryConfig:
2023-01-20 10:20:06.304 UTC [TRACE] steampipe-plugin-hackernews.plugin: [TRACE] DefaultIgnoreConfig:
2023-01-20 10:20:06.304 UTC [TRACE] steampipe-plugin-hackernews.plugin: [TRACE] t.Get.initialise
2023-01-20 10:20:06.304 UTC [TRACE] steampipe-plugin-hackernews.plugin: [TRACE] GetConfig.initialise table hackernews_top
2023-01-20 10:20:06.304 UTC [TRACE] steampipe-plugin-hackernews.plugin: [TRACE] GetConfig.initialise complete: RetryConfig: , IgnoreConfig:
2023-01-20 10:20:06.304 UTC [TRACE] steampipe-plugin-hackernews.plugin: [TRACE] t.List.initialise
2023-01-20 10:20:06.304 UTC [TRACE] steampipe-plugin-hackernews.plugin: [TRACE] ListConfig.initialise table hackernews_top
2023-01-20 10:20:06.304 UTC [TRACE] steampipe-plugin-hackernews.plugin: [TRACE] ListConfig.initialise complete: RetryConfig: , IgnoreConfig
2023-01-20 10:20:06.304 UTC [TRACE] steampipe-plugin-hackernews.plugin: [TRACE] HydrateConfig.initialise func getItem, table hackernews_top
2023-01-20 10:20:06.304 UTC [TRACE] steampipe-plugin-hackernews.plugin: [TRACE] HydrateConfig.initialise complete: RetryConfig: , IgnoreConfig:
2023-01-20 10:20:06.304 UTC [TRACE] steampipe-plugin-hackernews.plugin: [TRACE] back from initialiseHydrateConfigs
2023-01-20 10:20:06.304 UTC [TRACE] steampipe-plugin-hackernews.plugin: [TRACE] initialise table hackernews_top COMPLETE
2023-01-20 10:20:06.304 UTC [TRACE] steampipe-plugin-hackernews.plugin: [TRACE] validate plugin steampipe-plugin-hackernews, required columns []
2023-01-20 10:20:06.304 UTC [TRACE] steampipe-plugin-hackernews.plugin: [TRACE] validate DefaultRetryConfig
2023-01-20 10:20:06.304 UTC [TRACE] steampipe-plugin-hackernews.plugin: [TRACE] validate DefaultIgnoreConfig
2023-01-20 10:20:06.304 UTC [TRACE] steampipe-plugin-hackernews.plugin: [TRACE] validate table names
2023-01-20 10:20:06.304 UTC [TRACE] steampipe-plugin-hackernews.plugin: [TRACE] plugin has 0 validation errors
2023-01-20 10:20:06.304 UTC [TRACE] steampipe-plugin-hackernews.plugin: [TRACE] Plugin ensureCache creating cache, maxCacheStorageMb 0
2023-01-20 10:20:06.304 UTC [TRACE] steampipe-plugin-hackernews.plugin: [TRACE] createCacheStore for plugin 'steampipe-plugin-hackernews' setting max size to 0Mb, Shards: 2, max shard size: 0
2023-01-20 10:20:06.316 UTC [INFO]  steampipe-plugin-hackernews.plugin: [INFO]  query cache created
2023-01-20 10:20:06.316 UTC [DEBUG] steampipe-plugin-hackernews.plugin: [DEBUG] SetAllConnectionConfigs finished
2023-01-20 10:20:06.316 UTC [TRACE] PluginManager getPlugin complete, returning reattach config with PID: 2018
2023-01-20 10:20:06.316 UTC [TRACE] PluginManager Get returning reattach_map:{key:"hackernews"  value:{protocol:"grpc"  addr:{Network:"unix"  Address:"/tmp/plugin4244706041"}  pid:2018  supported_operations:{query_cache:true  multiple_connections:true}  connections:"hackernews"  plugin:"hub.steampipe.io/plugins/turbot/hackernews@latest"}}
2023-01-20 10:20:06.326 UTC [INFO]  steampipe-plugin-hackernews.plugin: [INFO]  1674210006908: Plugin Execute (1674210006908)
2023-01-20 10:20:06.326 UTC [TRACE] steampipe-plugin-hackernews.plugin: [TRACE] 1674210006908: No memory limit set
2023-01-20 10:20:06.326 UTC [INFO]  steampipe-plugin-hackernews.plugin: [INFO]  1674210006908: Plugin Execute, setting memory limit to -1Mb
2023-01-20 10:20:06.326 UTC [TRACE] steampipe-plugin-hackernews.plugin: [TRACE] 1674210006908: calling ExtractContextFromCarrier
2023-01-20 10:20:06.326 UTC [INFO]  steampipe-plugin-hackernews.plugin: [INFO]  1674210006908: Setting max concurrent connections to 25
2023-01-20 10:20:06.326 UTC [TRACE] steampipe-plugin-hackernews.plugin: [TRACE] 1674210006908: executeForConnection callId: 1674210006908, connectionCallId: hackernews-1674210006908, connection: hackernews table: hackernews_new cols: id,title,time,by,score,dead,deleted,descendants,kids,parent,parts,poll,text,type,url,_ctx
2023-01-20 10:20:06.326 UTC [TRACE] steampipe-plugin-hackernews.plugin: [TRACE] 1674210006908: got connection data
2023-01-20 10:20:06.326 UTC [TRACE] steampipe-plugin-hackernews.plugin: [TRACE] 1674210006908: Got query context, table: hackernews_new, cols: [id title time by score dead deleted descendants kids parent parts poll text type url _ctx]
2023-01-20 10:20:06.326 UTC [TRACE] steampipe-plugin-hackernews.plugin: [TRACE] 1674210006908: Start execute span
2023-01-20 10:20:06.326 UTC [INFO]  steampipe-plugin-hackernews.plugin: [INFO]  1674210006908: Setting free memory interval to 100 rows
2023-01-20 10:20:06.326 UTC [TRACE] steampipe-plugin-hackernews.plugin: [TRACE] 1674210006908: setFetchType map[time:quals:{fieldName:"time"  string_value:">"  value:{timestamp_value:{seconds:1674206406  nanos:204310000}}}]
2023-01-20 10:20:06.326 UTC [TRACE] steampipe-plugin-hackernews.plugin: [TRACE] 1674210006908: getMatchingQuals column:'id' operator: =
2023-01-20 10:20:06.326 UTC [TRACE] steampipe-plugin-hackernews.plugin: [TRACE] 1674210006908: getMatchingQuals returning false - qualMap does not contain any quals for column id
2023-01-20 10:20:06.326 UTC [TRACE] steampipe-plugin-hackernews.plugin: [TRACE] 1674210006908: GetUnsatisfiedKeyColumns for columns column:'id' operator: =
2023-01-20 10:20:06.326 UTC [TRACE] steampipe-plugin-hackernews.plugin: [TRACE] 1674210006908: key column NOT satisfied column:'id' operator: =
2023-01-20 10:20:06.326 UTC [TRACE] steampipe-plugin-hackernews.plugin: [TRACE] 1674210006908: satisfied: map[any_of: optional: required:]
2023-01-20 10:20:06.326 UTC [TRACE] steampipe-plugin-hackernews.plugin: [TRACE] 1674210006908: unsatisfied: map[any_of: optional: required:column:'id' operator: =]
2023-01-20 10:20:06.326 UTC [TRACE] steampipe-plugin-hackernews.plugin: [TRACE] 1674210006908: unsatisfied required KeyColumns: column:'id' operator: =
2023-01-20 10:20:06.326 UTC [TRACE] steampipe-plugin-hackernews.plugin: [TRACE] 1674210006908: Set fetchType to fetchTypeList
2023-01-20 10:20:06.326 UTC [TRACE] steampipe-plugin-hackernews.plugin: [TRACE] 1674210006908: Equals key column quals:
2023-01-20 10:20:06.326 UTC [DEBUG] steampipe-plugin-hackernews.plugin: {}
2023-01-20 10:20:06.326 UTC [TRACE] steampipe-plugin-hackernews.plugin: [TRACE] 1674210006908: All key column quals:
2023-01-20 10:20:06.326 UTC [DEBUG] steampipe-plugin-hackernews.plugin: {}
2023-01-20 10:20:06.326 UTC [TRACE] steampipe-plugin-hackernews.plugin: [TRACE] 1674210006908: GetMatrixItem
2023-01-20 10:20:06.326 UTC [TRACE] steampipe-plugin-hackernews.plugin: [TRACE] 1674210006908: creating query data
2023-01-20 10:20:06.326 UTC [INFO]  steampipe-plugin-hackernews.plugin: [INFO]  1674210006908: cacheEnabled, trying cache get (hackernews-1674210006908)
2023-01-20 10:20:06.326 UTC [TRACE] steampipe-plugin-hackernews.plugin: [TRACE] 1674210006908: QueryCache Get - indexBucketKey index__hackernewshackernews_new, quals
2023-01-20 10:20:06.326 UTC [TRACE] steampipe-plugin-hackernews.plugin: [TRACE] 1674210006908: QueryCache getCachedQueryResult - table hackernews_new, connectionName hackernews
2023-01-20 10:20:06.326 UTC [TRACE] steampipe-plugin-hackernews.plugin: [TRACE] 1674210006908: index bucket key: index__hackernewshackernews_new ttlSeconds 300 limit: -1
2023-01-20 10:20:06.326 UTC [TRACE] steampipe-plugin-hackernews.plugin: [TRACE] 1674210006908: doGet cache miss
2023-01-20 10:20:06.326 UTC [TRACE] steampipe-plugin-hackernews.plugin: [TRACE] 1674210006908: getCachedIndexBucket - no item retrieved for cache key index__hackernewshackernews_new
2023-01-20 10:20:06.326 UTC [TRACE] steampipe-plugin-hackernews.plugin: [TRACE] 1674210006908: getCachedQueryResult returned CACHE MISS - checking for pending transfers
2023-01-20 10:20:06.326 UTC [TRACE] steampipe-plugin-hackernews.plugin: [TRACE] 1674210006908: getPendingResultItem indexBucketKey index__hackernewshackernews_new, columns [id title time by score dead deleted descendants kids parent parts poll text type url _ctx], limit -1
2023-01-20 10:20:06.326 UTC [TRACE] steampipe-plugin-hackernews.plugin: [TRACE] 1674210006908: no pending index item - add pending result, indexBucketKey index__hackernewshackernews_new
2023-01-20 10:20:06.326 UTC [TRACE] steampipe-plugin-hackernews.plugin: [TRACE] 1674210006908: addPendingResult (hackernews-1674210006908) indexBucketKey index__hackernewshackernews_new, columns [id title time by score dead deleted descendants kids parent parts poll text type url _ctx], limit -1
2023-01-20 10:20:06.326 UTC [TRACE] steampipe-plugin-hackernews.plugin: [TRACE] 1674210006908: no index bucket found - creating one
2023-01-20 10:20:06.326 UTC [TRACE] steampipe-plugin-hackernews.plugin: [TRACE] 1674210006908: pendingIndexItem Lock count before 0
2023-01-20 10:20:06.326 UTC [TRACE] steampipe-plugin-hackernews.plugin: [TRACE] 1674210006908: addPendingResult added pending index item to bucket, (hackernews-1674210006908) indexBucketKey index__hackernewshackernews_new, resultKeyRoot hackernewshackernews_newid,title,time,by,score,dead,deleted,descendants,kids,parent,parts,poll,text,type,url,_ctx-1, pending item : 0xc00041d6b0
2023-01-20 10:20:06.326 UTC [TRACE] steampipe-plugin-hackernews.plugin: [TRACE] 1674210006908: **** pending items (hackernews-1674210006908)****
2023-01-20 10:20:06.326 UTC [TRACE] steampipe-plugin-hackernews.plugin: [TRACE] 1674210006908: key: index__hackernewshackernews_new: item: 0xc00041d6b0, count: 1, key:hackernewshackernews_newid,title,time,by,score,dead,deleted,descendants,kids,parent,parts,poll,text,type,url,_ctx-1
2023-01-20 10:20:06.327 UTC [TRACE] steampipe-plugin-hackernews.plugin: [TRACE] 1674210006908: ********
2023-01-20 10:20:06.327 UTC [TRACE] steampipe-plugin-hackernews.plugin: [TRACE] 1674210006908: getPendingResultItem returning <nil>
2023-01-20 10:20:06.327 UTC [INFO]  steampipe-plugin-hackernews.plugin: [INFO]  1674210006908: CACHE MISS
2023-01-20 10:20:06.327 UTC [TRACE] steampipe-plugin-hackernews.plugin: [TRACE] 1674210006908: cache MISS
2023-01-20 10:20:06.327 UTC [INFO]  steampipe-plugin-hackernews.plugin: [INFO]  1674210006908: queryCacheGet returned CACHE MISS (hackernews-1674210006908)
2023-01-20 10:20:06.327 UTC [TRACE] steampipe-plugin-hackernews.plugin: [TRACE] 1674210006908: StartSet (hackernews-1674210006908)
2023-01-20 10:20:06.327 UTC [TRACE] steampipe-plugin-hackernews.plugin: [TRACE] 1674210006908: calling fetchItems, table: hackernews_new, matrixItem: [], limit: -1,  connectionCallId: hackernews-1674210006908"
2023-01-20 10:20:06.327 UTC [TRACE] steampipe-plugin-hackernews.plugin: [TRACE] 1674210006908: buildRowsAsync connectionCallId: hackernews-1674210006908
2023-01-20 10:20:06.327 UTC [TRACE] steampipe-plugin-hackernews.plugin: [TRACE] 1674210006908: streamRows connectionCallId: hackernews-1674210006908
2023-01-20 10:20:06.327 UTC [TRACE] steampipe-plugin-hackernews.plugin: [TRACE] 1674210006908: QueryData streamRows (hackernews-1674210006908)
2023-01-20 10:20:06.327 UTC [TRACE] steampipe-plugin-hackernews.plugin: [TRACE] 1674210006908: executeListCall START (hackernews-1674210006908)
2023-01-20 10:20:06.327 UTC [TRACE] steampipe-plugin-hackernews.plugin: [TRACE] 1674210006908: GetUnsatisfiedKeyColumns for columns
2023-01-20 10:20:06.327 UTC [TRACE] steampipe-plugin-hackernews.plugin: [TRACE] 1674210006908: doList (hackernews-1674210006908)
2023-01-20 10:20:06.327 UTC [TRACE] steampipe-plugin-hackernews.plugin: [TRACE] 1674210006908: doList: no matrix item
2023-01-20 10:20:06.489 UTC [TRACE] steampipe-plugin-hackernews.plugin: [TRACE] 1674210006908: QueryData.fetchComplete
2023-01-20 10:20:06.489 UTC [TRACE] steampipe-plugin-hackernews.plugin: [TRACE] 1674210006908: executeListCall COMPLETE (hackernews-1674210006908)
2023-01-20 10:20:06.489 UTC [TRACE] steampipe-plugin-hackernews.plugin: [TRACE] 1674210006908: rowData chan returned nil - wait for rows to complete (hackernews-1674210006908)
2023-01-20 10:20:06.492 UTC [TRACE] stdio: received data: channel=STDOUT len=16
2023-01-20 10:20:06.492 UTC [TRACE] stdio: waiting for stdio data
2023-01-20 10:20:06.606 UTC [TRACE] stdio: received data: channel=STDOUT len=1024
2023-01-20 10:20:06.606 UTC [TRACE] stdio: waiting for stdio data
2023-01-20 10:20:06.646 UTC [TRACE] stdio: received data: channel=STDOUT len=320
2023-01-20 10:20:06.646 UTC [TRACE] stdio: waiting for stdio data
2023-01-20 10:20:06.661 UTC [TRACE] stdio: received data: channel=STDOUT len=280
2023-01-20 10:20:06.661 UTC [TRACE] stdio: waiting for stdio data
2023-01-20 10:20:06.664 UTC [TRACE] stdio: received data: channel=STDOUT len=950
2023-01-20 10:20:06.664 UTC [TRACE] stdio: waiting for stdio data
2023-01-20 10:20:06.738 UTC [TRACE] stdio: received data: channel=STDOUT len=1024
2023-01-20 10:20:06.738 UTC [TRACE] stdio: waiting for stdio data
2023-01-20 10:20:06.837 UTC [TRACE] stdio: received data: channel=STDOUT len=1024
2023-01-20 10:20:06.837 UTC [TRACE] stdio: waiting for stdio data
2023-01-20 10:20:06.838 UTC [TRACE] steampipe-plugin-hackernews.plugin: [TRACE] 1674210006908: buildRowsAsync goroutine returning (hackernews-1674210006908)
2023-01-20 10:20:06.839 UTC [TRACE] steampipe-plugin-hackernews.plugin: [TRACE] 1674210006908: streamRows - nil row, stop streaming (hackernews-1674210006908)
2023-01-20 10:20:06.839 UTC [TRACE] steampipe-plugin-hackernews.plugin: [TRACE] 1674210006908: ------------------------------------
2023-01-20 10:20:06.839 UTC [TRACE] steampipe-plugin-hackernews.plugin: [TRACE] 1674210006908: Concurrency Summary
2023-01-20 10:20:06.839 UTC [TRACE] steampipe-plugin-hackernews.plugin: [TRACE] 1674210006908: ------------------------------------
2023-01-20 10:20:06.839 UTC [TRACE] steampipe-plugin-hackernews.plugin: [TRACE] 1674210006908: getItem                       : 200
2023-01-20 10:20:06.839 UTC [TRACE] steampipe-plugin-hackernews.plugin: [TRACE] 1674210006908: ------------------------------------
2023-01-20 10:20:06.839 UTC [TRACE] steampipe-plugin-hackernews.plugin: [TRACE] 1674210006908: Total                         : 200
2023-01-20 10:20:06.839 UTC [TRACE] steampipe-plugin-hackernews.plugin: [TRACE] 1674210006908: ------------------------------------
2023-01-20 10:20:06.839 UTC [TRACE] steampipe-plugin-hackernews.plugin: [TRACE] 1674210006908: QueryData streamRows DONE (hackernews-1674210006908)
2023-01-20 10:20:06.839 UTC [TRACE] steampipe-plugin-hackernews.plugin: [TRACE] 1674210006908: EndSet (hackernews-1674210006908) table hackernews_new
2023-01-20 10:20:06.839 UTC [TRACE] steampipe-plugin-hackernews.plugin: [TRACE] 1674210006908: QueryCache writePageToCache: 500 rows, pageCount 1, page key hackernewshackernews_newid,title,time,by,score,dead,deleted,descendants,kids,parent,parts,poll,text,type,url,_ctx-1-0
2023-01-20 10:20:06.846 UTC [TRACE] steampipe-plugin-hackernews.plugin: [TRACE] 1674210006908: writePageToCache Set - result written
2023-01-20 10:20:06.846 UTC [TRACE] steampipe-plugin-hackernews.plugin: [TRACE] 1674210006908: QueryCache EndSet - result written
2023-01-20 10:20:06.846 UTC [TRACE] steampipe-plugin-hackernews.plugin: [TRACE] 1674210006908: doGet cache miss
2023-01-20 10:20:06.846 UTC [TRACE] steampipe-plugin-hackernews.plugin: [TRACE] 1674210006908: getCachedIndexBucket - no item retrieved for cache key index__hackernewshackernews_new
2023-01-20 10:20:06.846 UTC [TRACE] steampipe-plugin-hackernews.plugin: [TRACE] 1674210006908: getCachedIndexBucket returned cache miss
2023-01-20 10:20:06.846 UTC [TRACE] steampipe-plugin-hackernews.plugin: [TRACE] 1674210006908: QueryCache EndSet - Added index item (0xc01ab93c20) to bucket (0xc01a956fa8), page count 1,  key root hackernewshackernews_newid,title,time,by,score,dead,deleted,descendants,kids,parent,parts,poll,text,type,url,_ctx-1
2023-01-20 10:20:06.846 UTC [TRACE] steampipe-plugin-hackernews.plugin: [TRACE] 1674210006908: cacheSetIndexBucket index__hackernewshackernews_new
2023-01-20 10:20:06.846 UTC [TRACE] steampipe-plugin-hackernews.plugin: [TRACE] 1674210006908: QueryCache EndSet - IndexBucket written
2023-01-20 10:20:06.846 UTC [TRACE] steampipe-plugin-hackernews.plugin: [TRACE] 1674210006908: EndSet DEFER (hackernews-1674210006908) table hackernews_new
2023-01-20 10:20:06.847 UTC [TRACE] steampipe-plugin-hackernews.plugin: [TRACE] 1674210006908: calling pendingItemComplete (hackernews-1674210006908)
2023-01-20 10:20:06.847 UTC [TRACE] steampipe-plugin-hackernews.plugin: [TRACE] 1674210006908: pendingItemComplete (hackernews-1674210006908) indexBucketKey index__hackernewshackernews_new, columns [id title time by score dead deleted descendants kids parent parts poll text type url _ctx], limit -1
2023-01-20 10:20:06.847 UTC [TRACE] steampipe-plugin-hackernews.plugin: [TRACE] 1674210006908: got pending index bucket, (hackernews-1674210006908) len 1
2023-01-20 10:20:06.847 UTC [TRACE] steampipe-plugin-hackernews.plugin: [TRACE] 1674210006908: SatisfiesLimit limit -1, no item limit - satisfied
2023-01-20 10:20:06.847 UTC [TRACE] steampipe-plugin-hackernews.plugin: [TRACE] 1674210006908: found pending index item to satisfy columns id,title,time,by,score,dead,deleted,descendants,kids,parent,parts,poll,text,type,url,_ctx, limit -1
2023-01-20 10:20:06.847 UTC [TRACE] steampipe-plugin-hackernews.plugin: [TRACE] 1674210006908: found completed pending item (hackernews-1674210006908) 0xc00041d6b0, key hackernewshackernews_newid,title,time,by,score,dead,deleted,descendants,kids,parent,parts,poll,text,type,url,_ctx-1 - removing from map as it is complete
2023-01-20 10:20:06.847 UTC [TRACE] steampipe-plugin-hackernews.plugin: [TRACE] 1674210006908: pendingIndexItem Unlock count before 1 key hackernewshackernews_newid,title,time,by,score,dead,deleted,descendants,kids,parent,parts,poll,text,type,url,_ctx-1
2023-01-20 10:20:06.847 UTC [TRACE] steampipe-plugin-hackernews.plugin: [TRACE] 1674210006908: deleted from pending, (hackernews-1674210006908) len 0
2023-01-20 10:20:06.847 UTC [TRACE] steampipe-plugin-hackernews.plugin: [TRACE] 1674210006908: pending bucket now empty - deleting key index__hackernewshackernews_new
2023-01-20 10:20:06.847 UTC [TRACE] steampipe-plugin-hackernews.plugin: [TRACE] 1674210006908: pendingItemComplete done (hackernews-1674210006908)
2023-01-20 10:20:06.847 UTC [TRACE] steampipe-plugin-hackernews.plugin: [TRACE] 1674210006908: cache set succeeded
2023-01-20 10:20:06.847 UTC [TRACE] steampipe-plugin-hackernews.plugin: [TRACE] 1674210006908: End execute span
2023-01-20 10:20:06.847 UTC [TRACE] steampipe-plugin-hackernews.plugin: [TRACE] 1674210006908: executeForConnection DEFER (hackernews-1674210006908)
2023-01-20 10:20:06.847 UTC [TRACE] steampipe-plugin-hackernews.plugin: [TRACE] 1674210006908: Execute complete callId: hackernews-1674210006908 table: hackernews_new
2023-01-20 10:20:06.847 UTC [TRACE] steampipe-plugin-hackernews.plugin: [TRACE] 1674210006908: executeForConnection hackernews returned
2023-01-20 10:20:06.847 UTC [TRACE] steampipe-plugin-hackernews.plugin: [TRACE] 1674210006908: output wg complete - send nil row
2023-01-20 10:20:06.847 UTC [TRACE] steampipe-plugin-hackernews.plugin: [TRACE] 1674210006908: empty row on output channel - we are done
2023-01-20 10:20:06.847 UTC [INFO]  steampipe-plugin-hackernews.plugin: [INFO]  1674210006908: Plugin Execute complete (1674210006908)
2023-01-20 10:20:06.859 UTC [TRACE] PluginManager Shutdown
2023-01-20 10:20:06.859 UTC [TRACE] killing plugin csv (1995)
2023-01-20 10:20:06.860 UTC [TRACE] steampipe-plugin-csv.plugin: [TRACE] FLUSHING instrumentation
2023-01-20 10:20:06.860 UTC [TRACE] steampipe-plugin-csv.plugin: [TRACE] Shutdown instrumentation
2023-01-20 10:20:06.860 UTC [DEBUG] stdio: received EOF, stopping recv loop: err="rpc error: code = Unavailable desc = error reading from server: EOF"
2023-01-20 10:20:06.865 UTC [INFO]  plugin process exited: path=/home/runner/.steampipe/plugins/hub.steampipe.io/plugins/turbot/csv@latest/steampipe-plugin-csv.plugin pid=1995
2023-01-20 10:20:06.865 UTC [DEBUG] plugin exited
2023-01-20 10:20:06.865 UTC [TRACE] killing plugin hackernews (2018)
2023-01-20 10:20:06.887 UTC [DEBUG] stdio: received EOF, stopping recv loop: err="rpc error: code = Unavailable desc = error reading from server: EOF"
2023-01-20 10:20:06.887 UTC [TRACE] steampipe-plugin-hackernews.plugin: [TRACE] 1674210006908: FLUSHING instrumentation
2023-01-20 10:20:06.887 UTC [TRACE] steampipe-plugin-hackernews.plugin: [TRACE] 1674210006908: Shutdown instrumentation
2023-01-20 10:20:06.889 UTC [INFO]  plugin process exited: path=/home/runner/.steampipe/plugins/hub.steampipe.io/plugins/turbot/hackernews@latest/steampipe-plugin-hackernews.plugin pid=2018
2023-01-20 10:20:06.890 UTC [DEBUG] plugin exited
2023-01-20 10:20:12.409 UTC [WARN]  steampipe-plugin-csv.plugin: [WARN]  1674210012145: getKeyColumnsForTable found no schema for table '/home/runner/work/steampipe-samples/steampipe-samples/all/hackernews/hn.csv'
2023-01-20 10:20:47.677 UTC [WARN]  steampipe-plugin-csv.plugin: [WARN]  1674210047150: getKeyColumnsForTable found no schema for table '/home/runner/work/steampipe-samples/steampipe-samples/all/hackernews/hn.csv'
2023-01-20 10:23:01.714 UTC [ERROR] steampipe-plugin-csv.plugin: [ERROR] csv.tableCSV: header_parse_error=EOF path=/home/runner/work/steampipe-samples/steampipe-samples/all/hackernews/new_sc.csv header=[]
2023-01-20 10:23:01.714 UTC [ERROR] steampipe-plugin-csv.plugin: [ERROR] csv.PluginTables: create_table_error="failed to parse file header /home/runner/work/steampipe-samples/steampipe-samples/all/hackernews/new_sc.csv: EOF" path=/home/runner/work/steampipe-samples/steampipe-samples/all/hackernews/new_sc.csv
2023-01-20 10:23:01.714 UTC [WARN]  failed to set connection config: failed to parse file header /home/runner/work/steampipe-samples/steampipe-samples/all/hackernews/new_sc.csv: EOF
2023-01-20 10:23:02.545 UTC [WARN]  steampipe-plugin-csv.plugin: [WARN]  1674210182220: getKeyColumnsForTable found no schema for table '/home/runner/work/steampipe-samples/steampipe-samples/all/hackernews/new_sc.csv'
2023-01-20 10:23:08.227 UTC [ERROR] steampipe-plugin-csv.plugin: [ERROR] csv.tableCSV: header_parse_error=EOF path=/home/runner/work/steampipe-samples/steampipe-samples/all/hackernews/hn_items_all.csv header=[]
2023-01-20 10:23:08.227 UTC [ERROR] steampipe-plugin-csv.plugin: [ERROR] csv.PluginTables: create_table_error="failed to parse file header /home/runner/work/steampipe-samples/steampipe-samples/all/hackernews/hn_items_all.csv: EOF" path=/home/runner/work/steampipe-samples/steampipe-samples/all/hackernews/hn_items_all.csv
2023-01-20 10:23:08.227 UTC [WARN]  failed to set connection config: failed to parse file header /home/runner/work/steampipe-samples/steampipe-samples/all/hackernews/hn_items_all.csv: EOF
2023-01-20 10:23:09.217 UTC [ERROR] steampipe-plugin-csv.plugin: [ERROR] csv.tableCSV: header_parse_error=EOF path=/home/runner/work/steampipe-samples/steampipe-samples/all/hackernews/people.csv header=[]
2023-01-20 10:23:09.217 UTC [ERROR] steampipe-plugin-csv.plugin: [ERROR] csv.PluginTables: create_table_error="failed to parse file header /home/runner/work/steampipe-samples/steampipe-samples/all/hackernews/people.csv: EOF" path=/home/runner/work/steampipe-samples/steampipe-samples/all/hackernews/people.csv
2023-01-20 10:23:09.218 UTC [WARN]  failed to set connection config: failed to parse file header /home/runner/work/steampipe-samples/steampipe-samples/all/hackernews/people.csv: EOF
