2023-02-17 05:19:44.777 UTC [INFO]  starting plugin manager
2023-02-17 05:19:44.778 UTC [TRACE] loaded config map: hackernews,net,csv,github
2023-02-17 05:19:44.778 UTC [TRACE] NewPluginManager
2023-02-17 05:19:44.779 UTC [TRACE] PluginManager setPluginCacheSizeMap: 4 connections.
2023-02-17 05:19:44.779 UTC [TRACE] Total cache size 0Mb
2023-02-17 05:19:44.779 UTC [INFO]  starting connection watcher
2023-02-17 05:19:44.779 UTC [INFO]  created ConnectionWatcher
2023-02-17 05:19:44.779 UTC [TRACE] about to serve
2023-02-17 05:19:44.836 UTC [TRACE] PluginManager Get, connections: '[csv]'
2023-02-17 05:19:44.836 UTC [TRACE] PluginManager getPlugin hub.steampipe.io/plugins/turbot/csv@latest connection 'csv'
2023-02-17 05:19:44.836 UTC [TRACE] PluginManager 0xc0007b0690 plugin hub.steampipe.io/plugins/turbot/csv@latest (csv) NOT started or starting - start now
2023-02-17 05:19:44.836 UTC [TRACE] ************ start plugin csv ********************
2023-02-17 05:19:44.836 UTC [TRACE] ************ plugin path /home/runner/.steampipe/plugins/hub.steampipe.io/plugins/turbot/csv@latest/steampipe-plugin-csv.plugin ********************
2023-02-17 05:19:44.905 UTC [DEBUG] starting plugin: path=/home/runner/.steampipe/plugins/hub.steampipe.io/plugins/turbot/csv@latest/steampipe-plugin-csv.plugin args=["/home/runner/.steampipe/plugins/hub.steampipe.io/plugins/turbot/csv@latest/steampipe-plugin-csv.plugin"]
2023-02-17 05:19:44.905 UTC [DEBUG] plugin started: path=/home/runner/.steampipe/plugins/hub.steampipe.io/plugins/turbot/csv@latest/steampipe-plugin-csv.plugin pid=2041
2023-02-17 05:19:44.905 UTC [DEBUG] waiting for RPC address: path=/home/runner/.steampipe/plugins/hub.steampipe.io/plugins/turbot/csv@latest/steampipe-plugin-csv.plugin
2023-02-17 05:19:44.912 UTC [INFO]  steampipe-plugin-csv.plugin: [INFO]  Initialise plugin 'steampipe-plugin-csv', using sdk version 4.1.8
2023-02-17 05:19:44.912 UTC [TRACE] steampipe-plugin-csv.plugin: [TRACE] no DefaultRetryConfig defined - creating empty
2023-02-17 05:19:44.912 UTC [TRACE] steampipe-plugin-csv.plugin: [TRACE] no DefaultIgnoreConfig defined - creating empty
2023-02-17 05:19:44.912 UTC [TRACE] steampipe-plugin-csv.plugin: [TRACE] telemetry.Init service 'steampipe-plugin-csv', tracingEnabled: false, metricsEnabled: false
2023-02-17 05:19:44.912 UTC [TRACE] steampipe-plugin-csv.plugin: [TRACE] metrics and tracing disabled' - returning
2023-02-17 05:19:44.912 UTC [DEBUG] steampipe-plugin-csv.plugin: plugin address: address=/tmp/plugin1992853382 network=unix timestamp=2023-02-17T05:19:44.912Z
2023-02-17 05:19:44.912 UTC [DEBUG] using plugin: version=0
2023-02-17 05:19:44.912 UTC [TRACE] NewPluginClient for plugin hub.steampipe.io/plugins/turbot/csv@latest
2023-02-17 05:19:44.913 UTC [TRACE] stdio: waiting for stdio data
2023-02-17 05:19:44.915 UTC [TRACE] supportedOperations: query_cache:true  multiple_connections:true
2023-02-17 05:19:44.915 UTC [TRACE] steampipe-plugin-csv.plugin: [TRACE] SetAllConnectionConfigs setting 1 configs
2023-02-17 05:19:44.915 UTC [TRACE] steampipe-plugin-csv.plugin: [TRACE] connection csv build schema and table map
2023-02-17 05:19:44.915 UTC [DEBUG] steampipe-plugin-csv.plugin: [DEBUG] csv.tableCSV: path=/home/runner/work/steampipe-samples/steampipe-samples/all/hackernews/hn_items_all.csv detected_encoding=Unknown
2023-02-17 05:19:44.915 UTC [DEBUG] steampipe-plugin-csv.plugin: [DEBUG] csv.tableCSV: path=/home/runner/work/steampipe-samples/steampipe-samples/all/hackernews/new_sc.csv detected_encoding=Unknown
2023-02-17 05:19:44.915 UTC [TRACE] steampipe-plugin-csv.plugin: [TRACE] initialise table /home/runner/work/steampipe-samples/steampipe-samples/all/hackernews/new_sc.csv
2023-02-17 05:19:44.915 UTC [TRACE] steampipe-plugin-csv.plugin: [TRACE] no DefaultRetryConfig defined - creating empty
2023-02-17 05:19:44.915 UTC [TRACE] steampipe-plugin-csv.plugin: [TRACE] no DefaultIgnoreConfig defined - creating empty
2023-02-17 05:19:44.915 UTC [TRACE] steampipe-plugin-csv.plugin: [TRACE] apply plugin defaults for DefaultRetryConfig
2023-02-17 05:19:44.915 UTC [TRACE] steampipe-plugin-csv.plugin: [TRACE] apply plugin defaults for DefaultIgnoreConfig, table &{<nil> <nil>} plugin &{<nil> <nil>}
2023-02-17 05:19:44.915 UTC [TRACE] steampipe-plugin-csv.plugin: [TRACE] DefaultRetryConfig:
2023-02-17 05:19:44.915 UTC [TRACE] steampipe-plugin-csv.plugin: [TRACE] DefaultIgnoreConfig:
2023-02-17 05:19:44.915 UTC [TRACE] steampipe-plugin-csv.plugin: [TRACE] t.List.initialise
2023-02-17 05:19:44.915 UTC [TRACE] steampipe-plugin-csv.plugin: [TRACE] ListConfig.initialise table /home/runner/work/steampipe-samples/steampipe-samples/all/hackernews/new_sc.csv
2023-02-17 05:19:44.915 UTC [TRACE] steampipe-plugin-csv.plugin: [TRACE] ListConfig.initialise complete: RetryConfig: , IgnoreConfig
2023-02-17 05:19:44.915 UTC [TRACE] steampipe-plugin-csv.plugin: [TRACE] back from initialiseHydrateConfigs
2023-02-17 05:19:44.915 UTC [TRACE] steampipe-plugin-csv.plugin: [TRACE] initialise table /home/runner/work/steampipe-samples/steampipe-samples/all/hackernews/new_sc.csv COMPLETE
2023-02-17 05:19:44.915 UTC [TRACE] steampipe-plugin-csv.plugin: [TRACE] initialise table /home/runner/work/steampipe-samples/steampipe-samples/all/hackernews/hn_items_all.csv
2023-02-17 05:19:44.915 UTC [TRACE] steampipe-plugin-csv.plugin: [TRACE] no DefaultRetryConfig defined - creating empty
2023-02-17 05:19:44.915 UTC [TRACE] steampipe-plugin-csv.plugin: [TRACE] no DefaultIgnoreConfig defined - creating empty
2023-02-17 05:19:44.915 UTC [TRACE] steampipe-plugin-csv.plugin: [TRACE] apply plugin defaults for DefaultRetryConfig
2023-02-17 05:19:44.915 UTC [TRACE] steampipe-plugin-csv.plugin: [TRACE] apply plugin defaults for DefaultIgnoreConfig, table &{<nil> <nil>} plugin &{<nil> <nil>}
2023-02-17 05:19:44.915 UTC [TRACE] steampipe-plugin-csv.plugin: [TRACE] DefaultRetryConfig:
2023-02-17 05:19:44.915 UTC [TRACE] steampipe-plugin-csv.plugin: [TRACE] DefaultIgnoreConfig:
2023-02-17 05:19:44.915 UTC [TRACE] steampipe-plugin-csv.plugin: [TRACE] t.List.initialise
2023-02-17 05:19:44.915 UTC [TRACE] steampipe-plugin-csv.plugin: [TRACE] ListConfig.initialise table /home/runner/work/steampipe-samples/steampipe-samples/all/hackernews/hn_items_all.csv
2023-02-17 05:19:44.915 UTC [TRACE] steampipe-plugin-csv.plugin: [TRACE] ListConfig.initialise complete: RetryConfig: , IgnoreConfig
2023-02-17 05:19:44.915 UTC [TRACE] steampipe-plugin-csv.plugin: [TRACE] back from initialiseHydrateConfigs
2023-02-17 05:19:44.915 UTC [TRACE] steampipe-plugin-csv.plugin: [TRACE] initialise table /home/runner/work/steampipe-samples/steampipe-samples/all/hackernews/hn_items_all.csv COMPLETE
2023-02-17 05:19:44.915 UTC [TRACE] steampipe-plugin-csv.plugin: [TRACE] validate plugin steampipe-plugin-csv, required columns []
2023-02-17 05:19:44.915 UTC [TRACE] steampipe-plugin-csv.plugin: [TRACE] validate DefaultRetryConfig
2023-02-17 05:19:44.915 UTC [TRACE] steampipe-plugin-csv.plugin: [TRACE] validate DefaultIgnoreConfig
2023-02-17 05:19:44.915 UTC [TRACE] steampipe-plugin-csv.plugin: [TRACE] validate table names
2023-02-17 05:19:44.915 UTC [TRACE] steampipe-plugin-csv.plugin: [TRACE] plugin has 0 validation errors
2023-02-17 05:19:44.915 UTC [TRACE] steampipe-plugin-csv.plugin: [TRACE] Plugin ensureCache creating cache, maxCacheStorageMb 0
2023-02-17 05:19:44.915 UTC [TRACE] steampipe-plugin-csv.plugin: [TRACE] createCacheStore for plugin 'steampipe-plugin-csv' setting max size to 0Mb, Shards: 2, max shard size: 0
2023-02-17 05:19:44.927 UTC [INFO]  steampipe-plugin-csv.plugin: [INFO]  query cache created
2023-02-17 05:19:44.927 UTC [DEBUG] steampipe-plugin-csv.plugin: [DEBUG] SetAllConnectionConfigs finished
2023-02-17 05:19:44.928 UTC [TRACE] PluginManager getPlugin complete, returning reattach config with PID: 2041
2023-02-17 05:19:44.928 UTC [TRACE] PluginManager Get returning reattach_map:{key:"csv"  value:{protocol:"grpc"  addr:{Network:"unix"  Address:"/tmp/plugin1992853382"}  pid:2041  supported_operations:{query_cache:true  multiple_connections:true}  connections:"csv"  plugin:"hub.steampipe.io/plugins/turbot/csv@latest"}}
2023-02-17 05:19:44.960 UTC [TRACE] PluginManager Get, connections: '[csv]'
2023-02-17 05:19:44.960 UTC [TRACE] PluginManager getPlugin hub.steampipe.io/plugins/turbot/csv@latest connection 'csv'
2023-02-17 05:19:44.960 UTC [TRACE] connection csv found in connectionPluginMap
2023-02-17 05:19:44.960 UTC [TRACE] initialized: 2041
2023-02-17 05:19:44.960 UTC [TRACE] initialized: 2041
2023-02-17 05:19:44.960 UTC [TRACE] connection csv is loaded, check for running PID
2023-02-17 05:19:44.961 UTC [TRACE] PluginManager found 'csv' in map, pid 2041
2023-02-17 05:19:44.961 UTC [TRACE] PluginManager Get returning reattach_map:{key:"csv"  value:{protocol:"grpc"  addr:{Network:"unix"  Address:"/tmp/plugin1992853382"}  pid:2041  supported_operations:{query_cache:true  multiple_connections:true}  connections:"csv"  plugin:"hub.steampipe.io/plugins/turbot/csv@latest"}}
2023-02-17 05:19:45.009 UTC [TRACE] PluginManager Get, connections: '[hackernews]'
2023-02-17 05:19:45.009 UTC [TRACE] PluginManager getPlugin hub.steampipe.io/plugins/turbot/hackernews@latest connection 'hackernews'
2023-02-17 05:19:45.009 UTC [TRACE] PluginManager 0xc0007b0690 plugin hub.steampipe.io/plugins/turbot/hackernews@latest (hackernews) NOT started or starting - start now
2023-02-17 05:19:45.009 UTC [TRACE] ************ start plugin hackernews ********************
2023-02-17 05:19:45.009 UTC [TRACE] ************ plugin path /home/runner/.steampipe/plugins/hub.steampipe.io/plugins/turbot/hackernews@latest/steampipe-plugin-hackernews.plugin ********************
2023-02-17 05:19:45.079 UTC [DEBUG] starting plugin: path=/home/runner/.steampipe/plugins/hub.steampipe.io/plugins/turbot/hackernews@latest/steampipe-plugin-hackernews.plugin args=["/home/runner/.steampipe/plugins/hub.steampipe.io/plugins/turbot/hackernews@latest/steampipe-plugin-hackernews.plugin"]
2023-02-17 05:19:45.079 UTC [DEBUG] plugin started: path=/home/runner/.steampipe/plugins/hub.steampipe.io/plugins/turbot/hackernews@latest/steampipe-plugin-hackernews.plugin pid=2065
2023-02-17 05:19:45.079 UTC [DEBUG] waiting for RPC address: path=/home/runner/.steampipe/plugins/hub.steampipe.io/plugins/turbot/hackernews@latest/steampipe-plugin-hackernews.plugin
2023-02-17 05:19:45.086 UTC [INFO]  steampipe-plugin-hackernews.plugin: [INFO]  Initialise plugin 'steampipe-plugin-hackernews', using sdk version 4.1.7
2023-02-17 05:19:45.086 UTC [TRACE] steampipe-plugin-hackernews.plugin: [TRACE] defaulting SchemaMode to SchemaModeStatic
2023-02-17 05:19:45.086 UTC [TRACE] steampipe-plugin-hackernews.plugin: [TRACE] no DefaultRetryConfig defined - creating empty
2023-02-17 05:19:45.086 UTC [TRACE] steampipe-plugin-hackernews.plugin: [TRACE] no DefaultIgnoreConfig defined - creating empty
2023-02-17 05:19:45.086 UTC [TRACE] steampipe-plugin-hackernews.plugin: [TRACE] Setting Ulimit: ulimit=2560
2023-02-17 05:19:45.087 UTC [TRACE] steampipe-plugin-hackernews.plugin: [TRACE] telemetry.Init service 'steampipe-plugin-hackernews', tracingEnabled: false, metricsEnabled: false
2023-02-17 05:19:45.087 UTC [TRACE] steampipe-plugin-hackernews.plugin: [TRACE] metrics and tracing disabled' - returning
2023-02-17 05:19:45.087 UTC [DEBUG] steampipe-plugin-hackernews.plugin: plugin address: network=unix address=/tmp/plugin1686379340 timestamp=2023-02-17T05:19:45.087Z
2023-02-17 05:19:45.087 UTC [DEBUG] using plugin: version=0
2023-02-17 05:19:45.087 UTC [TRACE] NewPluginClient for plugin hub.steampipe.io/plugins/turbot/hackernews@latest
2023-02-17 05:19:45.087 UTC [TRACE] stdio: waiting for stdio data
2023-02-17 05:19:45.089 UTC [TRACE] supportedOperations: query_cache:true  multiple_connections:true
2023-02-17 05:19:45.089 UTC [TRACE] steampipe-plugin-hackernews.plugin: [TRACE] SetAllConnectionConfigs setting 1 configs
2023-02-17 05:19:45.089 UTC [TRACE] steampipe-plugin-hackernews.plugin: [TRACE] connection hackernews build schema and table map
2023-02-17 05:19:45.089 UTC [TRACE] steampipe-plugin-hackernews.plugin: [TRACE] initialise table hackernews_show_hn
2023-02-17 05:19:45.089 UTC [TRACE] steampipe-plugin-hackernews.plugin: [TRACE] no DefaultRetryConfig defined - creating empty
2023-02-17 05:19:45.089 UTC [TRACE] steampipe-plugin-hackernews.plugin: [TRACE] no DefaultIgnoreConfig defined - creating empty
2023-02-17 05:19:45.089 UTC [TRACE] steampipe-plugin-hackernews.plugin: [TRACE] apply plugin defaults for DefaultRetryConfig
2023-02-17 05:19:45.089 UTC [TRACE] steampipe-plugin-hackernews.plugin: [TRACE] apply plugin defaults for DefaultIgnoreConfig, table &{<nil> <nil>} plugin &{<nil> <nil>}
2023-02-17 05:19:45.089 UTC [TRACE] steampipe-plugin-hackernews.plugin: [TRACE] DefaultRetryConfig:
2023-02-17 05:19:45.089 UTC [TRACE] steampipe-plugin-hackernews.plugin: [TRACE] DefaultIgnoreConfig:
2023-02-17 05:19:45.089 UTC [TRACE] steampipe-plugin-hackernews.plugin: [TRACE] t.Get.initialise
2023-02-17 05:19:45.089 UTC [TRACE] steampipe-plugin-hackernews.plugin: [TRACE] GetConfig.initialise table hackernews_show_hn
2023-02-17 05:19:45.089 UTC [TRACE] steampipe-plugin-hackernews.plugin: [TRACE] GetConfig.initialise complete: RetryConfig: , IgnoreConfig:
2023-02-17 05:19:45.089 UTC [TRACE] steampipe-plugin-hackernews.plugin: [TRACE] t.List.initialise
2023-02-17 05:19:45.089 UTC [TRACE] steampipe-plugin-hackernews.plugin: [TRACE] ListConfig.initialise table hackernews_show_hn
2023-02-17 05:19:45.089 UTC [TRACE] steampipe-plugin-hackernews.plugin: [TRACE] ListConfig.initialise complete: RetryConfig: , IgnoreConfig
2023-02-17 05:19:45.089 UTC [TRACE] steampipe-plugin-hackernews.plugin: [TRACE] HydrateConfig.initialise func getItem, table hackernews_show_hn
2023-02-17 05:19:45.089 UTC [TRACE] steampipe-plugin-hackernews.plugin: [TRACE] HydrateConfig.initialise complete: RetryConfig: , IgnoreConfig:
2023-02-17 05:19:45.089 UTC [TRACE] steampipe-plugin-hackernews.plugin: [TRACE] back from initialiseHydrateConfigs
2023-02-17 05:19:45.089 UTC [TRACE] steampipe-plugin-hackernews.plugin: [TRACE] initialise table hackernews_show_hn COMPLETE
2023-02-17 05:19:45.089 UTC [TRACE] steampipe-plugin-hackernews.plugin: [TRACE] initialise table hackernews_top
2023-02-17 05:19:45.089 UTC [TRACE] steampipe-plugin-hackernews.plugin: [TRACE] no DefaultRetryConfig defined - creating empty
2023-02-17 05:19:45.089 UTC [TRACE] steampipe-plugin-hackernews.plugin: [TRACE] no DefaultIgnoreConfig defined - creating empty
2023-02-17 05:19:45.089 UTC [TRACE] steampipe-plugin-hackernews.plugin: [TRACE] apply plugin defaults for DefaultRetryConfig
2023-02-17 05:19:45.089 UTC [TRACE] steampipe-plugin-hackernews.plugin: [TRACE] apply plugin defaults for DefaultIgnoreConfig, table &{<nil> <nil>} plugin &{<nil> <nil>}
2023-02-17 05:19:45.089 UTC [TRACE] steampipe-plugin-hackernews.plugin: [TRACE] DefaultRetryConfig:
2023-02-17 05:19:45.089 UTC [TRACE] steampipe-plugin-hackernews.plugin: [TRACE] DefaultIgnoreConfig:
2023-02-17 05:19:45.089 UTC [TRACE] steampipe-plugin-hackernews.plugin: [TRACE] t.Get.initialise
2023-02-17 05:19:45.089 UTC [TRACE] steampipe-plugin-hackernews.plugin: [TRACE] GetConfig.initialise table hackernews_top
2023-02-17 05:19:45.089 UTC [TRACE] steampipe-plugin-hackernews.plugin: [TRACE] GetConfig.initialise complete: RetryConfig: , IgnoreConfig:
2023-02-17 05:19:45.089 UTC [TRACE] steampipe-plugin-hackernews.plugin: [TRACE] t.List.initialise
2023-02-17 05:19:45.089 UTC [TRACE] steampipe-plugin-hackernews.plugin: [TRACE] ListConfig.initialise table hackernews_top
2023-02-17 05:19:45.089 UTC [TRACE] steampipe-plugin-hackernews.plugin: [TRACE] ListConfig.initialise complete: RetryConfig: , IgnoreConfig
2023-02-17 05:19:45.089 UTC [TRACE] steampipe-plugin-hackernews.plugin: [TRACE] HydrateConfig.initialise func getItem, table hackernews_top
2023-02-17 05:19:45.089 UTC [TRACE] steampipe-plugin-hackernews.plugin: [TRACE] HydrateConfig.initialise complete: RetryConfig: , IgnoreConfig:
2023-02-17 05:19:45.089 UTC [TRACE] steampipe-plugin-hackernews.plugin: [TRACE] back from initialiseHydrateConfigs
2023-02-17 05:19:45.089 UTC [TRACE] steampipe-plugin-hackernews.plugin: [TRACE] initialise table hackernews_top COMPLETE
2023-02-17 05:19:45.089 UTC [TRACE] steampipe-plugin-hackernews.plugin: [TRACE] initialise table hackernews_user
2023-02-17 05:19:45.089 UTC [TRACE] steampipe-plugin-hackernews.plugin: [TRACE] no DefaultRetryConfig defined - creating empty
2023-02-17 05:19:45.089 UTC [TRACE] steampipe-plugin-hackernews.plugin: [TRACE] no DefaultIgnoreConfig defined - creating empty
2023-02-17 05:19:45.089 UTC [TRACE] steampipe-plugin-hackernews.plugin: [TRACE] apply plugin defaults for DefaultRetryConfig
2023-02-17 05:19:45.089 UTC [TRACE] steampipe-plugin-hackernews.plugin: [TRACE] apply plugin defaults for DefaultIgnoreConfig, table &{<nil> <nil>} plugin &{<nil> <nil>}
2023-02-17 05:19:45.089 UTC [TRACE] steampipe-plugin-hackernews.plugin: [TRACE] DefaultRetryConfig:
2023-02-17 05:19:45.089 UTC [TRACE] steampipe-plugin-hackernews.plugin: [TRACE] DefaultIgnoreConfig:
2023-02-17 05:19:45.089 UTC [TRACE] steampipe-plugin-hackernews.plugin: [TRACE] t.List.initialise
2023-02-17 05:19:45.089 UTC [TRACE] steampipe-plugin-hackernews.plugin: [TRACE] ListConfig.initialise table hackernews_user
2023-02-17 05:19:45.089 UTC [TRACE] steampipe-plugin-hackernews.plugin: [TRACE] ListConfig.initialise complete: RetryConfig: , IgnoreConfig
2023-02-17 05:19:45.089 UTC [TRACE] steampipe-plugin-hackernews.plugin: [TRACE] back from initialiseHydrateConfigs
2023-02-17 05:19:45.089 UTC [TRACE] steampipe-plugin-hackernews.plugin: [TRACE] initialise table hackernews_user COMPLETE
2023-02-17 05:19:45.089 UTC [TRACE] steampipe-plugin-hackernews.plugin: [TRACE] initialise table hackernews_ask_hn
2023-02-17 05:19:45.089 UTC [TRACE] steampipe-plugin-hackernews.plugin: [TRACE] no DefaultRetryConfig defined - creating empty
2023-02-17 05:19:45.089 UTC [TRACE] steampipe-plugin-hackernews.plugin: [TRACE] no DefaultIgnoreConfig defined - creating empty
2023-02-17 05:19:45.089 UTC [TRACE] steampipe-plugin-hackernews.plugin: [TRACE] apply plugin defaults for DefaultRetryConfig
2023-02-17 05:19:45.089 UTC [TRACE] steampipe-plugin-hackernews.plugin: [TRACE] apply plugin defaults for DefaultIgnoreConfig, table &{<nil> <nil>} plugin &{<nil> <nil>}
2023-02-17 05:19:45.089 UTC [TRACE] steampipe-plugin-hackernews.plugin: [TRACE] DefaultRetryConfig:
2023-02-17 05:19:45.089 UTC [TRACE] steampipe-plugin-hackernews.plugin: [TRACE] DefaultIgnoreConfig:
2023-02-17 05:19:45.089 UTC [TRACE] steampipe-plugin-hackernews.plugin: [TRACE] t.Get.initialise
2023-02-17 05:19:45.089 UTC [TRACE] steampipe-plugin-hackernews.plugin: [TRACE] GetConfig.initialise table hackernews_ask_hn
2023-02-17 05:19:45.089 UTC [TRACE] steampipe-plugin-hackernews.plugin: [TRACE] GetConfig.initialise complete: RetryConfig: , IgnoreConfig:
2023-02-17 05:19:45.089 UTC [TRACE] steampipe-plugin-hackernews.plugin: [TRACE] t.List.initialise
2023-02-17 05:19:45.089 UTC [TRACE] steampipe-plugin-hackernews.plugin: [TRACE] ListConfig.initialise table hackernews_ask_hn
2023-02-17 05:19:45.089 UTC [TRACE] steampipe-plugin-hackernews.plugin: [TRACE] ListConfig.initialise complete: RetryConfig: , IgnoreConfig
2023-02-17 05:19:45.089 UTC [TRACE] steampipe-plugin-hackernews.plugin: [TRACE] HydrateConfig.initialise func getItem, table hackernews_ask_hn
2023-02-17 05:19:45.089 UTC [TRACE] steampipe-plugin-hackernews.plugin: [TRACE] HydrateConfig.initialise complete: RetryConfig: , IgnoreConfig:
2023-02-17 05:19:45.089 UTC [TRACE] steampipe-plugin-hackernews.plugin: [TRACE] back from initialiseHydrateConfigs
2023-02-17 05:19:45.089 UTC [TRACE] steampipe-plugin-hackernews.plugin: [TRACE] initialise table hackernews_ask_hn COMPLETE
2023-02-17 05:19:45.089 UTC [TRACE] steampipe-plugin-hackernews.plugin: [TRACE] initialise table hackernews_best
2023-02-17 05:19:45.089 UTC [TRACE] steampipe-plugin-hackernews.plugin: [TRACE] no DefaultRetryConfig defined - creating empty
2023-02-17 05:19:45.089 UTC [TRACE] steampipe-plugin-hackernews.plugin: [TRACE] no DefaultIgnoreConfig defined - creating empty
2023-02-17 05:19:45.089 UTC [TRACE] steampipe-plugin-hackernews.plugin: [TRACE] apply plugin defaults for DefaultRetryConfig
2023-02-17 05:19:45.089 UTC [TRACE] steampipe-plugin-hackernews.plugin: [TRACE] apply plugin defaults for DefaultIgnoreConfig, table &{<nil> <nil>} plugin &{<nil> <nil>}
2023-02-17 05:19:45.089 UTC [TRACE] steampipe-plugin-hackernews.plugin: [TRACE] DefaultRetryConfig:
2023-02-17 05:19:45.089 UTC [TRACE] steampipe-plugin-hackernews.plugin: [TRACE] DefaultIgnoreConfig:
2023-02-17 05:19:45.089 UTC [TRACE] steampipe-plugin-hackernews.plugin: [TRACE] t.Get.initialise
2023-02-17 05:19:45.089 UTC [TRACE] steampipe-plugin-hackernews.plugin: [TRACE] GetConfig.initialise table hackernews_best
2023-02-17 05:19:45.089 UTC [TRACE] steampipe-plugin-hackernews.plugin: [TRACE] GetConfig.initialise complete: RetryConfig: , IgnoreConfig:
2023-02-17 05:19:45.089 UTC [TRACE] steampipe-plugin-hackernews.plugin: [TRACE] t.List.initialise
2023-02-17 05:19:45.089 UTC [TRACE] steampipe-plugin-hackernews.plugin: [TRACE] ListConfig.initialise table hackernews_best
2023-02-17 05:19:45.089 UTC [TRACE] steampipe-plugin-hackernews.plugin: [TRACE] ListConfig.initialise complete: RetryConfig: , IgnoreConfig
2023-02-17 05:19:45.089 UTC [TRACE] steampipe-plugin-hackernews.plugin: [TRACE] HydrateConfig.initialise func getItem, table hackernews_best
2023-02-17 05:19:45.089 UTC [TRACE] steampipe-plugin-hackernews.plugin: [TRACE] HydrateConfig.initialise complete: RetryConfig: , IgnoreConfig:
2023-02-17 05:19:45.089 UTC [TRACE] steampipe-plugin-hackernews.plugin: [TRACE] back from initialiseHydrateConfigs
2023-02-17 05:19:45.089 UTC [TRACE] steampipe-plugin-hackernews.plugin: [TRACE] initialise table hackernews_best COMPLETE
2023-02-17 05:19:45.089 UTC [TRACE] steampipe-plugin-hackernews.plugin: [TRACE] initialise table hackernews_item
2023-02-17 05:19:45.089 UTC [TRACE] steampipe-plugin-hackernews.plugin: [TRACE] no DefaultRetryConfig defined - creating empty
2023-02-17 05:19:45.089 UTC [TRACE] steampipe-plugin-hackernews.plugin: [TRACE] no DefaultIgnoreConfig defined - creating empty
2023-02-17 05:19:45.089 UTC [TRACE] steampipe-plugin-hackernews.plugin: [TRACE] apply plugin defaults for DefaultRetryConfig
2023-02-17 05:19:45.089 UTC [TRACE] steampipe-plugin-hackernews.plugin: [TRACE] apply plugin defaults for DefaultIgnoreConfig, table &{<nil> <nil>} plugin &{<nil> <nil>}
2023-02-17 05:19:45.089 UTC [TRACE] steampipe-plugin-hackernews.plugin: [TRACE] DefaultRetryConfig:
2023-02-17 05:19:45.089 UTC [TRACE] steampipe-plugin-hackernews.plugin: [TRACE] DefaultIgnoreConfig:
2023-02-17 05:19:45.089 UTC [TRACE] steampipe-plugin-hackernews.plugin: [TRACE] t.Get.initialise
2023-02-17 05:19:45.089 UTC [TRACE] steampipe-plugin-hackernews.plugin: [TRACE] GetConfig.initialise table hackernews_item
2023-02-17 05:19:45.089 UTC [TRACE] steampipe-plugin-hackernews.plugin: [TRACE] GetConfig.initialise complete: RetryConfig: , IgnoreConfig:
2023-02-17 05:19:45.089 UTC [TRACE] steampipe-plugin-hackernews.plugin: [TRACE] t.List.initialise
2023-02-17 05:19:45.089 UTC [TRACE] steampipe-plugin-hackernews.plugin: [TRACE] ListConfig.initialise table hackernews_item
2023-02-17 05:19:45.089 UTC [TRACE] steampipe-plugin-hackernews.plugin: [TRACE] ListConfig.initialise complete: RetryConfig: , IgnoreConfig
2023-02-17 05:19:45.089 UTC [TRACE] steampipe-plugin-hackernews.plugin: [TRACE] HydrateConfig.initialise func getItem, table hackernews_item
2023-02-17 05:19:45.090 UTC [TRACE] steampipe-plugin-hackernews.plugin: [TRACE] HydrateConfig.initialise complete: RetryConfig: , IgnoreConfig:
2023-02-17 05:19:45.090 UTC [TRACE] steampipe-plugin-hackernews.plugin: [TRACE] back from initialiseHydrateConfigs
2023-02-17 05:19:45.090 UTC [TRACE] steampipe-plugin-hackernews.plugin: [TRACE] initialise table hackernews_item COMPLETE
2023-02-17 05:19:45.090 UTC [TRACE] steampipe-plugin-hackernews.plugin: [TRACE] initialise table hackernews_job
2023-02-17 05:19:45.090 UTC [TRACE] steampipe-plugin-hackernews.plugin: [TRACE] no DefaultRetryConfig defined - creating empty
2023-02-17 05:19:45.090 UTC [TRACE] steampipe-plugin-hackernews.plugin: [TRACE] no DefaultIgnoreConfig defined - creating empty
2023-02-17 05:19:45.090 UTC [TRACE] steampipe-plugin-hackernews.plugin: [TRACE] apply plugin defaults for DefaultRetryConfig
2023-02-17 05:19:45.090 UTC [TRACE] steampipe-plugin-hackernews.plugin: [TRACE] apply plugin defaults for DefaultIgnoreConfig, table &{<nil> <nil>} plugin &{<nil> <nil>}
2023-02-17 05:19:45.090 UTC [TRACE] steampipe-plugin-hackernews.plugin: [TRACE] DefaultRetryConfig:
2023-02-17 05:19:45.090 UTC [TRACE] steampipe-plugin-hackernews.plugin: [TRACE] DefaultIgnoreConfig:
2023-02-17 05:19:45.090 UTC [TRACE] steampipe-plugin-hackernews.plugin: [TRACE] t.Get.initialise
2023-02-17 05:19:45.090 UTC [TRACE] steampipe-plugin-hackernews.plugin: [TRACE] GetConfig.initialise table hackernews_job
2023-02-17 05:19:45.090 UTC [TRACE] steampipe-plugin-hackernews.plugin: [TRACE] GetConfig.initialise complete: RetryConfig: , IgnoreConfig:
2023-02-17 05:19:45.090 UTC [TRACE] steampipe-plugin-hackernews.plugin: [TRACE] t.List.initialise
2023-02-17 05:19:45.090 UTC [TRACE] steampipe-plugin-hackernews.plugin: [TRACE] ListConfig.initialise table hackernews_job
2023-02-17 05:19:45.090 UTC [TRACE] steampipe-plugin-hackernews.plugin: [TRACE] ListConfig.initialise complete: RetryConfig: , IgnoreConfig
2023-02-17 05:19:45.090 UTC [TRACE] steampipe-plugin-hackernews.plugin: [TRACE] HydrateConfig.initialise func getItem, table hackernews_job
2023-02-17 05:19:45.090 UTC [TRACE] steampipe-plugin-hackernews.plugin: [TRACE] HydrateConfig.initialise complete: RetryConfig: , IgnoreConfig:
2023-02-17 05:19:45.090 UTC [TRACE] steampipe-plugin-hackernews.plugin: [TRACE] back from initialiseHydrateConfigs
2023-02-17 05:19:45.090 UTC [TRACE] steampipe-plugin-hackernews.plugin: [TRACE] initialise table hackernews_job COMPLETE
2023-02-17 05:19:45.090 UTC [TRACE] steampipe-plugin-hackernews.plugin: [TRACE] initialise table hackernews_new
2023-02-17 05:19:45.090 UTC [TRACE] steampipe-plugin-hackernews.plugin: [TRACE] no DefaultRetryConfig defined - creating empty
2023-02-17 05:19:45.090 UTC [TRACE] steampipe-plugin-hackernews.plugin: [TRACE] no DefaultIgnoreConfig defined - creating empty
2023-02-17 05:19:45.090 UTC [TRACE] steampipe-plugin-hackernews.plugin: [TRACE] apply plugin defaults for DefaultRetryConfig
2023-02-17 05:19:45.090 UTC [TRACE] steampipe-plugin-hackernews.plugin: [TRACE] apply plugin defaults for DefaultIgnoreConfig, table &{<nil> <nil>} plugin &{<nil> <nil>}
2023-02-17 05:19:45.090 UTC [TRACE] steampipe-plugin-hackernews.plugin: [TRACE] DefaultRetryConfig:
2023-02-17 05:19:45.090 UTC [TRACE] steampipe-plugin-hackernews.plugin: [TRACE] DefaultIgnoreConfig:
2023-02-17 05:19:45.090 UTC [TRACE] steampipe-plugin-hackernews.plugin: [TRACE] t.Get.initialise
2023-02-17 05:19:45.090 UTC [TRACE] steampipe-plugin-hackernews.plugin: [TRACE] GetConfig.initialise table hackernews_new
2023-02-17 05:19:45.090 UTC [TRACE] steampipe-plugin-hackernews.plugin: [TRACE] GetConfig.initialise complete: RetryConfig: , IgnoreConfig:
2023-02-17 05:19:45.090 UTC [TRACE] steampipe-plugin-hackernews.plugin: [TRACE] t.List.initialise
2023-02-17 05:19:45.090 UTC [TRACE] steampipe-plugin-hackernews.plugin: [TRACE] ListConfig.initialise table hackernews_new
2023-02-17 05:19:45.090 UTC [TRACE] steampipe-plugin-hackernews.plugin: [TRACE] ListConfig.initialise complete: RetryConfig: , IgnoreConfig
2023-02-17 05:19:45.090 UTC [TRACE] steampipe-plugin-hackernews.plugin: [TRACE] HydrateConfig.initialise func getItem, table hackernews_new
2023-02-17 05:19:45.090 UTC [TRACE] steampipe-plugin-hackernews.plugin: [TRACE] HydrateConfig.initialise complete: RetryConfig: , IgnoreConfig:
2023-02-17 05:19:45.090 UTC [TRACE] steampipe-plugin-hackernews.plugin: [TRACE] back from initialiseHydrateConfigs
2023-02-17 05:19:45.090 UTC [TRACE] steampipe-plugin-hackernews.plugin: [TRACE] initialise table hackernews_new COMPLETE
2023-02-17 05:19:45.090 UTC [TRACE] steampipe-plugin-hackernews.plugin: [TRACE] validate plugin steampipe-plugin-hackernews, required columns []
2023-02-17 05:19:45.090 UTC [TRACE] steampipe-plugin-hackernews.plugin: [TRACE] validate DefaultRetryConfig
2023-02-17 05:19:45.090 UTC [TRACE] steampipe-plugin-hackernews.plugin: [TRACE] validate DefaultIgnoreConfig
2023-02-17 05:19:45.090 UTC [TRACE] steampipe-plugin-hackernews.plugin: [TRACE] validate table names
2023-02-17 05:19:45.090 UTC [TRACE] steampipe-plugin-hackernews.plugin: [TRACE] plugin has 0 validation errors
2023-02-17 05:19:45.090 UTC [TRACE] steampipe-plugin-hackernews.plugin: [TRACE] Plugin ensureCache creating cache, maxCacheStorageMb 0
2023-02-17 05:19:45.090 UTC [TRACE] steampipe-plugin-hackernews.plugin: [TRACE] createCacheStore for plugin 'steampipe-plugin-hackernews' setting max size to 0Mb, Shards: 2, max shard size: 0
2023-02-17 05:19:45.101 UTC [INFO]  steampipe-plugin-hackernews.plugin: [INFO]  query cache created
2023-02-17 05:19:45.101 UTC [DEBUG] steampipe-plugin-hackernews.plugin: [DEBUG] SetAllConnectionConfigs finished
2023-02-17 05:19:45.101 UTC [TRACE] PluginManager getPlugin complete, returning reattach config with PID: 2065
2023-02-17 05:19:45.102 UTC [TRACE] PluginManager Get returning reattach_map:{key:"hackernews"  value:{protocol:"grpc"  addr:{Network:"unix"  Address:"/tmp/plugin1686379340"}  pid:2065  supported_operations:{query_cache:true  multiple_connections:true}  connections:"hackernews"  plugin:"hub.steampipe.io/plugins/turbot/hackernews@latest"}}
2023-02-17 05:19:45.105 UTC [INFO]  steampipe-plugin-hackernews.plugin: [INFO]  1676611185439: Plugin Execute (1676611185439)
2023-02-17 05:19:45.105 UTC [TRACE] steampipe-plugin-hackernews.plugin: [TRACE] 1676611185439: No memory limit set
2023-02-17 05:19:45.105 UTC [INFO]  steampipe-plugin-hackernews.plugin: [INFO]  1676611185439: Plugin Execute, setting memory limit to -1Mb
2023-02-17 05:19:45.105 UTC [TRACE] steampipe-plugin-hackernews.plugin: [TRACE] 1676611185439: calling ExtractContextFromCarrier
2023-02-17 05:19:45.105 UTC [INFO]  steampipe-plugin-hackernews.plugin: [INFO]  1676611185439: Setting max concurrent connections to 25
2023-02-17 05:19:45.105 UTC [TRACE] steampipe-plugin-hackernews.plugin: [TRACE] 1676611185439: executeForConnection callId: 1676611185439, connectionCallId: hackernews-1676611185439, connection: hackernews table: hackernews_new cols: id,title,time,by,score,dead,deleted,descendants,kids,parent,parts,poll,text,type,url,_ctx
2023-02-17 05:19:45.105 UTC [TRACE] steampipe-plugin-hackernews.plugin: [TRACE] 1676611185439: got connection data
2023-02-17 05:19:45.105 UTC [TRACE] steampipe-plugin-hackernews.plugin: [TRACE] 1676611185439: Got query context, table: hackernews_new, cols: [id title time by score dead deleted descendants kids parent parts poll text type url _ctx]
2023-02-17 05:19:45.105 UTC [TRACE] steampipe-plugin-hackernews.plugin: [TRACE] 1676611185439: Start execute span
2023-02-17 05:19:45.105 UTC [INFO]  steampipe-plugin-hackernews.plugin: [INFO]  1676611185439: Setting free memory interval to 100 rows
2023-02-17 05:19:45.105 UTC [TRACE] steampipe-plugin-hackernews.plugin: [TRACE] 1676611185439: setFetchType map[time:quals:{fieldName:"time"  string_value:">"  value:{timestamp_value:{seconds:1676607584  nanos:988854000}}}]
2023-02-17 05:19:45.106 UTC [TRACE] steampipe-plugin-hackernews.plugin: [TRACE] 1676611185439: getMatchingQuals column:'id' operator: =
2023-02-17 05:19:45.106 UTC [TRACE] steampipe-plugin-hackernews.plugin: [TRACE] 1676611185439: getMatchingQuals returning false - qualMap does not contain any quals for column id
2023-02-17 05:19:45.106 UTC [TRACE] steampipe-plugin-hackernews.plugin: [TRACE] 1676611185439: GetUnsatisfiedKeyColumns for columns column:'id' operator: =
2023-02-17 05:19:45.107 UTC [TRACE] steampipe-plugin-hackernews.plugin: [TRACE] 1676611185439: key column NOT satisfied column:'id' operator: =
2023-02-17 05:19:45.107 UTC [TRACE] steampipe-plugin-hackernews.plugin: [TRACE] 1676611185439: satisfied: map[any_of: optional: required:]
2023-02-17 05:19:45.107 UTC [TRACE] steampipe-plugin-hackernews.plugin: [TRACE] 1676611185439: unsatisfied: map[any_of: optional: required:column:'id' operator: =]
2023-02-17 05:19:45.108 UTC [TRACE] steampipe-plugin-hackernews.plugin: [TRACE] 1676611185439: unsatisfied required KeyColumns: column:'id' operator: =
2023-02-17 05:19:45.108 UTC [TRACE] steampipe-plugin-hackernews.plugin: [TRACE] 1676611185439: Set fetchType to fetchTypeList
2023-02-17 05:19:45.108 UTC [TRACE] steampipe-plugin-hackernews.plugin: [TRACE] 1676611185439: Equals key column quals:
2023-02-17 05:19:45.108 UTC [DEBUG] steampipe-plugin-hackernews.plugin: {}
2023-02-17 05:19:45.108 UTC [TRACE] steampipe-plugin-hackernews.plugin: [TRACE] 1676611185439: All key column quals:
2023-02-17 05:19:45.108 UTC [DEBUG] steampipe-plugin-hackernews.plugin: {}
2023-02-17 05:19:45.108 UTC [TRACE] steampipe-plugin-hackernews.plugin: [TRACE] 1676611185439: GetMatrixItem
2023-02-17 05:19:45.108 UTC [TRACE] steampipe-plugin-hackernews.plugin: [TRACE] 1676611185439: creating query data
2023-02-17 05:19:45.108 UTC [INFO]  steampipe-plugin-hackernews.plugin: [INFO]  1676611185439: cacheEnabled, trying cache get (hackernews-1676611185439)
2023-02-17 05:19:45.108 UTC [TRACE] steampipe-plugin-hackernews.plugin: [TRACE] 1676611185439: QueryCache Get - indexBucketKey index__hackernewshackernews_new, quals
2023-02-17 05:19:45.108 UTC [TRACE] steampipe-plugin-hackernews.plugin: [TRACE] 1676611185439: QueryCache getCachedQueryResult - table hackernews_new, connectionName hackernews
2023-02-17 05:19:45.108 UTC [TRACE] steampipe-plugin-hackernews.plugin: [TRACE] 1676611185439: index bucket key: index__hackernewshackernews_new ttlSeconds 300 limit: -1
2023-02-17 05:19:45.108 UTC [TRACE] steampipe-plugin-hackernews.plugin: [TRACE] 1676611185439: doGet cache miss
2023-02-17 05:19:45.108 UTC [TRACE] steampipe-plugin-hackernews.plugin: [TRACE] 1676611185439: getCachedIndexBucket - no item retrieved for cache key index__hackernewshackernews_new
2023-02-17 05:19:45.108 UTC [TRACE] steampipe-plugin-hackernews.plugin: [TRACE] 1676611185439: getCachedQueryResult returned CACHE MISS - checking for pending transfers
2023-02-17 05:19:45.108 UTC [TRACE] steampipe-plugin-hackernews.plugin: [TRACE] 1676611185439: getPendingResultItem indexBucketKey index__hackernewshackernews_new, columns [id title time by score dead deleted descendants kids parent parts poll text type url _ctx], limit -1
2023-02-17 05:19:45.108 UTC [TRACE] steampipe-plugin-hackernews.plugin: [TRACE] 1676611185439: no pending index item - add pending result, indexBucketKey index__hackernewshackernews_new
2023-02-17 05:19:45.108 UTC [TRACE] steampipe-plugin-hackernews.plugin: [TRACE] 1676611185439: addPendingResult (hackernews-1676611185439) indexBucketKey index__hackernewshackernews_new, columns [id title time by score dead deleted descendants kids parent parts poll text type url _ctx], limit -1
2023-02-17 05:19:45.108 UTC [TRACE] steampipe-plugin-hackernews.plugin: [TRACE] 1676611185439: no index bucket found - creating one
2023-02-17 05:19:45.108 UTC [TRACE] steampipe-plugin-hackernews.plugin: [TRACE] 1676611185439: pendingIndexItem Lock count before 0
2023-02-17 05:19:45.108 UTC [TRACE] steampipe-plugin-hackernews.plugin: [TRACE] 1676611185439: addPendingResult added pending index item to bucket, (hackernews-1676611185439) indexBucketKey index__hackernewshackernews_new, resultKeyRoot hackernewshackernews_newid,title,time,by,score,dead,deleted,descendants,kids,parent,parts,poll,text,type,url,_ctx-1, pending item : 0xc0003bc780
2023-02-17 05:19:45.108 UTC [TRACE] steampipe-plugin-hackernews.plugin: [TRACE] 1676611185439: **** pending items (hackernews-1676611185439)****
2023-02-17 05:19:45.108 UTC [TRACE] steampipe-plugin-hackernews.plugin: [TRACE] 1676611185439: key: index__hackernewshackernews_new: item: 0xc0003bc780, count: 1, key:hackernewshackernews_newid,title,time,by,score,dead,deleted,descendants,kids,parent,parts,poll,text,type,url,_ctx-1
2023-02-17 05:19:45.108 UTC [TRACE] steampipe-plugin-hackernews.plugin: [TRACE] 1676611185439: ********
2023-02-17 05:19:45.108 UTC [TRACE] steampipe-plugin-hackernews.plugin: [TRACE] 1676611185439: getPendingResultItem returning <nil>
2023-02-17 05:19:45.108 UTC [INFO]  steampipe-plugin-hackernews.plugin: [INFO]  1676611185439: CACHE MISS
2023-02-17 05:19:45.108 UTC [TRACE] steampipe-plugin-hackernews.plugin: [TRACE] 1676611185439: cache MISS
2023-02-17 05:19:45.108 UTC [INFO]  steampipe-plugin-hackernews.plugin: [INFO]  1676611185439: queryCacheGet returned CACHE MISS (hackernews-1676611185439)
2023-02-17 05:19:45.108 UTC [TRACE] steampipe-plugin-hackernews.plugin: [TRACE] 1676611185439: StartSet (hackernews-1676611185439)
2023-02-17 05:19:45.108 UTC [TRACE] steampipe-plugin-hackernews.plugin: [TRACE] 1676611185439: calling fetchItems, table: hackernews_new, matrixItem: [], limit: -1,  connectionCallId: hackernews-1676611185439"
2023-02-17 05:19:45.108 UTC [TRACE] steampipe-plugin-hackernews.plugin: [TRACE] 1676611185439: buildRowsAsync connectionCallId: hackernews-1676611185439
2023-02-17 05:19:45.108 UTC [TRACE] steampipe-plugin-hackernews.plugin: [TRACE] 1676611185439: streamRows connectionCallId: hackernews-1676611185439
2023-02-17 05:19:45.108 UTC [TRACE] steampipe-plugin-hackernews.plugin: [TRACE] 1676611185439: QueryData streamRows (hackernews-1676611185439)
2023-02-17 05:19:45.108 UTC [TRACE] steampipe-plugin-hackernews.plugin: [TRACE] 1676611185439: executeListCall START (hackernews-1676611185439)
2023-02-17 05:19:45.108 UTC [TRACE] steampipe-plugin-hackernews.plugin: [TRACE] 1676611185439: GetUnsatisfiedKeyColumns for columns
2023-02-17 05:19:45.108 UTC [TRACE] steampipe-plugin-hackernews.plugin: [TRACE] 1676611185439: doList (hackernews-1676611185439)
2023-02-17 05:19:45.108 UTC [TRACE] steampipe-plugin-hackernews.plugin: [TRACE] 1676611185439: doList: no matrix item
2023-02-17 05:19:45.351 UTC [TRACE] steampipe-plugin-hackernews.plugin: [TRACE] 1676611185439: QueryData.fetchComplete
2023-02-17 05:19:45.351 UTC [TRACE] steampipe-plugin-hackernews.plugin: [TRACE] 1676611185439: executeListCall COMPLETE (hackernews-1676611185439)
2023-02-17 05:19:45.351 UTC [TRACE] steampipe-plugin-hackernews.plugin: [TRACE] 1676611185439: rowData chan returned nil - wait for rows to complete (hackernews-1676611185439)
2023-02-17 05:19:45.370 UTC [TRACE] stdio: received data: channel=STDOUT len=19
2023-02-17 05:19:45.370 UTC [TRACE] stdio: waiting for stdio data
2023-02-17 05:19:45.504 UTC [TRACE] stdio: received data: channel=STDOUT len=351
2023-02-17 05:19:45.504 UTC [TRACE] stdio: waiting for stdio data
2023-02-17 05:19:45.522 UTC [TRACE] stdio: received data: channel=STDOUT len=610
2023-02-17 05:19:45.522 UTC [TRACE] stdio: waiting for stdio data
2023-02-17 05:19:45.528 UTC [TRACE] stdio: received data: channel=STDOUT len=38
2023-02-17 05:19:45.528 UTC [TRACE] stdio: waiting for stdio data
2023-02-17 05:19:45.530 UTC [TRACE] stdio: received data: channel=STDOUT len=232
2023-02-17 05:19:45.530 UTC [TRACE] stdio: waiting for stdio data
2023-02-17 05:19:45.544 UTC [TRACE] stdio: received data: channel=STDOUT len=547
2023-02-17 05:19:45.544 UTC [TRACE] stdio: waiting for stdio data
2023-02-17 05:19:45.589 UTC [TRACE] stdio: received data: channel=STDOUT len=176
2023-02-17 05:19:45.589 UTC [TRACE] stdio: waiting for stdio data
2023-02-17 05:19:45.664 UTC [TRACE] stdio: received data: channel=STDOUT len=1024
2023-02-17 05:19:45.664 UTC [TRACE] stdio: waiting for stdio data
2023-02-17 05:19:45.754 UTC [TRACE] stdio: received data: channel=STDOUT len=1024
2023-02-17 05:19:45.754 UTC [TRACE] stdio: waiting for stdio data
2023-02-17 05:19:45.826 UTC [TRACE] stdio: received data: channel=STDOUT len=33
2023-02-17 05:19:45.826 UTC [TRACE] stdio: waiting for stdio data
2023-02-17 05:19:45.828 UTC [TRACE] stdio: received data: channel=STDOUT len=37
2023-02-17 05:19:45.828 UTC [TRACE] stdio: waiting for stdio data
2023-02-17 05:19:45.828 UTC [TRACE] stdio: received data: channel=STDOUT len=15
2023-02-17 05:19:45.828 UTC [TRACE] stdio: waiting for stdio data
2023-02-17 05:19:45.828 UTC [TRACE] stdio: received data: channel=STDOUT len=18
2023-02-17 05:19:45.828 UTC [TRACE] stdio: waiting for stdio data
2023-02-17 05:19:45.829 UTC [TRACE] stdio: received data: channel=STDOUT len=23
2023-02-17 05:19:45.829 UTC [TRACE] stdio: waiting for stdio data
2023-02-17 05:19:45.831 UTC [TRACE] stdio: received data: channel=STDOUT len=31
2023-02-17 05:19:45.831 UTC [TRACE] stdio: waiting for stdio data
2023-02-17 05:19:45.832 UTC [TRACE] stdio: received data: channel=STDOUT len=19
2023-02-17 05:19:45.832 UTC [TRACE] stdio: waiting for stdio data
2023-02-17 05:19:45.834 UTC [TRACE] stdio: received data: channel=STDOUT len=59
2023-02-17 05:19:45.834 UTC [TRACE] stdio: waiting for stdio data
2023-02-17 05:19:45.863 UTC [TRACE] stdio: received data: channel=STDOUT len=36
2023-02-17 05:19:45.863 UTC [TRACE] stdio: waiting for stdio data
2023-02-17 05:19:45.864 UTC [TRACE] stdio: received data: channel=STDOUT len=39
2023-02-17 05:19:45.864 UTC [TRACE] stdio: waiting for stdio data
2023-02-17 05:19:45.866 UTC [TRACE] stdio: received data: channel=STDOUT len=16
2023-02-17 05:19:45.866 UTC [TRACE] stdio: waiting for stdio data
2023-02-17 05:19:45.868 UTC [TRACE] stdio: received data: channel=STDOUT len=20
2023-02-17 05:19:45.868 UTC [TRACE] stdio: waiting for stdio data
2023-02-17 05:19:45.869 UTC [TRACE] stdio: received data: channel=STDOUT len=18
2023-02-17 05:19:45.869 UTC [TRACE] stdio: waiting for stdio data
2023-02-17 05:19:45.870 UTC [TRACE] stdio: received data: channel=STDOUT len=15
2023-02-17 05:19:45.870 UTC [TRACE] stdio: waiting for stdio data
2023-02-17 05:19:45.872 UTC [TRACE] stdio: received data: channel=STDOUT len=15
2023-02-17 05:19:45.872 UTC [TRACE] stdio: waiting for stdio data
2023-02-17 05:19:45.874 UTC [TRACE] stdio: received data: channel=STDOUT len=18
2023-02-17 05:19:45.874 UTC [TRACE] stdio: waiting for stdio data
2023-02-17 05:19:46.140 UTC [TRACE] stdio: received data: channel=STDOUT len=14
2023-02-17 05:19:46.140 UTC [TRACE] stdio: waiting for stdio data
2023-02-17 05:19:46.141 UTC [TRACE] steampipe-plugin-hackernews.plugin: [TRACE] 1676611185439: buildRowsAsync goroutine returning (hackernews-1676611185439)
2023-02-17 05:19:46.141 UTC [TRACE] steampipe-plugin-hackernews.plugin: [TRACE] 1676611185439: streamRows - nil row, stop streaming (hackernews-1676611185439)
2023-02-17 05:19:46.141 UTC [TRACE] steampipe-plugin-hackernews.plugin: [TRACE] 1676611185439: ------------------------------------
2023-02-17 05:19:46.141 UTC [TRACE] steampipe-plugin-hackernews.plugin: [TRACE] 1676611185439: Concurrency Summary
2023-02-17 05:19:46.141 UTC [TRACE] steampipe-plugin-hackernews.plugin: [TRACE] 1676611185439: ------------------------------------
2023-02-17 05:19:46.141 UTC [TRACE] steampipe-plugin-hackernews.plugin: [TRACE] 1676611185439: getItem                       : 200
2023-02-17 05:19:46.141 UTC [TRACE] steampipe-plugin-hackernews.plugin: [TRACE] 1676611185439: ------------------------------------
2023-02-17 05:19:46.141 UTC [TRACE] steampipe-plugin-hackernews.plugin: [TRACE] 1676611185439: Total                         : 200
2023-02-17 05:19:46.141 UTC [TRACE] steampipe-plugin-hackernews.plugin: [TRACE] 1676611185439: ------------------------------------
2023-02-17 05:19:46.141 UTC [TRACE] steampipe-plugin-hackernews.plugin: [TRACE] 1676611185439: QueryData streamRows DONE (hackernews-1676611185439)
2023-02-17 05:19:46.141 UTC [TRACE] steampipe-plugin-hackernews.plugin: [TRACE] 1676611185439: EndSet (hackernews-1676611185439) table hackernews_new
2023-02-17 05:19:46.141 UTC [TRACE] steampipe-plugin-hackernews.plugin: [TRACE] 1676611185439: QueryCache writePageToCache: 500 rows, pageCount 1, page key hackernewshackernews_newid,title,time,by,score,dead,deleted,descendants,kids,parent,parts,poll,text,type,url,_ctx-1-0
2023-02-17 05:19:46.146 UTC [TRACE] steampipe-plugin-hackernews.plugin: [TRACE] 1676611185439: writePageToCache Set - result written
2023-02-17 05:19:46.146 UTC [TRACE] steampipe-plugin-hackernews.plugin: [TRACE] 1676611185439: QueryCache EndSet - result written
2023-02-17 05:19:46.146 UTC [TRACE] steampipe-plugin-hackernews.plugin: [TRACE] 1676611185439: doGet cache miss
2023-02-17 05:19:46.146 UTC [TRACE] steampipe-plugin-hackernews.plugin: [TRACE] 1676611185439: getCachedIndexBucket - no item retrieved for cache key index__hackernewshackernews_new
2023-02-17 05:19:46.146 UTC [TRACE] steampipe-plugin-hackernews.plugin: [TRACE] 1676611185439: getCachedIndexBucket returned cache miss
2023-02-17 05:19:46.146 UTC [TRACE] steampipe-plugin-hackernews.plugin: [TRACE] 1676611185439: QueryCache EndSet - Added index item (0xc01b0308a0) to bucket (0xc01ae5f0c8), page count 1,  key root hackernewshackernews_newid,title,time,by,score,dead,deleted,descendants,kids,parent,parts,poll,text,type,url,_ctx-1
2023-02-17 05:19:46.146 UTC [TRACE] steampipe-plugin-hackernews.plugin: [TRACE] 1676611185439: cacheSetIndexBucket index__hackernewshackernews_new
2023-02-17 05:19:46.146 UTC [TRACE] steampipe-plugin-hackernews.plugin: [TRACE] 1676611185439: QueryCache EndSet - IndexBucket written
2023-02-17 05:19:46.146 UTC [TRACE] steampipe-plugin-hackernews.plugin: [TRACE] 1676611185439: EndSet DEFER (hackernews-1676611185439) table hackernews_new
2023-02-17 05:19:46.146 UTC [TRACE] steampipe-plugin-hackernews.plugin: [TRACE] 1676611185439: calling pendingItemComplete (hackernews-1676611185439)
2023-02-17 05:19:46.146 UTC [TRACE] steampipe-plugin-hackernews.plugin: [TRACE] 1676611185439: pendingItemComplete (hackernews-1676611185439) indexBucketKey index__hackernewshackernews_new, columns [id title time by score dead deleted descendants kids parent parts poll text type url _ctx], limit -1
2023-02-17 05:19:46.146 UTC [TRACE] steampipe-plugin-hackernews.plugin: [TRACE] 1676611185439: got pending index bucket, (hackernews-1676611185439) len 1
2023-02-17 05:19:46.146 UTC [TRACE] steampipe-plugin-hackernews.plugin: [TRACE] 1676611185439: SatisfiesLimit limit -1, no item limit - satisfied
2023-02-17 05:19:46.146 UTC [TRACE] steampipe-plugin-hackernews.plugin: [TRACE] 1676611185439: found pending index item to satisfy columns id,title,time,by,score,dead,deleted,descendants,kids,parent,parts,poll,text,type,url,_ctx, limit -1
2023-02-17 05:19:46.146 UTC [TRACE] steampipe-plugin-hackernews.plugin: [TRACE] 1676611185439: found completed pending item (hackernews-1676611185439) 0xc0003bc780, key hackernewshackernews_newid,title,time,by,score,dead,deleted,descendants,kids,parent,parts,poll,text,type,url,_ctx-1 - removing from map as it is complete
2023-02-17 05:19:46.146 UTC [TRACE] steampipe-plugin-hackernews.plugin: [TRACE] 1676611185439: pendingIndexItem Unlock count before 1 key hackernewshackernews_newid,title,time,by,score,dead,deleted,descendants,kids,parent,parts,poll,text,type,url,_ctx-1
2023-02-17 05:19:46.146 UTC [TRACE] steampipe-plugin-hackernews.plugin: [TRACE] 1676611185439: deleted from pending, (hackernews-1676611185439) len 0
2023-02-17 05:19:46.146 UTC [TRACE] steampipe-plugin-hackernews.plugin: [TRACE] 1676611185439: pending bucket now empty - deleting key index__hackernewshackernews_new
2023-02-17 05:19:46.146 UTC [TRACE] steampipe-plugin-hackernews.plugin: [TRACE] 1676611185439: pendingItemComplete done (hackernews-1676611185439)
2023-02-17 05:19:46.146 UTC [TRACE] steampipe-plugin-hackernews.plugin: [TRACE] 1676611185439: cache set succeeded
2023-02-17 05:19:46.146 UTC [TRACE] steampipe-plugin-hackernews.plugin: [TRACE] 1676611185439: End execute span
2023-02-17 05:19:46.146 UTC [TRACE] steampipe-plugin-hackernews.plugin: [TRACE] 1676611185439: executeForConnection DEFER (hackernews-1676611185439)
2023-02-17 05:19:46.146 UTC [TRACE] steampipe-plugin-hackernews.plugin: [TRACE] 1676611185439: Execute complete callId: hackernews-1676611185439 table: hackernews_new
2023-02-17 05:19:46.146 UTC [TRACE] steampipe-plugin-hackernews.plugin: [TRACE] 1676611185439: executeForConnection hackernews returned
2023-02-17 05:19:46.146 UTC [TRACE] steampipe-plugin-hackernews.plugin: [TRACE] 1676611185439: output wg complete - send nil row
2023-02-17 05:19:46.146 UTC [TRACE] steampipe-plugin-hackernews.plugin: [TRACE] 1676611185439: empty row on output channel - we are done
2023-02-17 05:19:46.146 UTC [INFO]  steampipe-plugin-hackernews.plugin: [INFO]  1676611185439: Plugin Execute complete (1676611185439)
2023-02-17 05:19:46.158 UTC [TRACE] PluginManager Shutdown
2023-02-17 05:19:46.158 UTC [TRACE] killing plugin csv (2041)
2023-02-17 05:19:46.160 UTC [TRACE] steampipe-plugin-csv.plugin: [TRACE] FLUSHING instrumentation
2023-02-17 05:19:46.160 UTC [TRACE] steampipe-plugin-csv.plugin: [TRACE] Shutdown instrumentation
2023-02-17 05:19:46.160 UTC [INFO]  plugin process exited: path=/home/runner/.steampipe/plugins/hub.steampipe.io/plugins/turbot/csv@latest/steampipe-plugin-csv.plugin pid=2041
2023-02-17 05:19:46.160 UTC [DEBUG] stdio: received EOF, stopping recv loop: err="rpc error: code = Unavailable desc = error reading from server: EOF"
2023-02-17 05:19:46.160 UTC [DEBUG] plugin exited
2023-02-17 05:19:46.160 UTC [TRACE] killing plugin hackernews (2065)
2023-02-17 05:19:46.160 UTC [DEBUG] stdio: received EOF, stopping recv loop: err="rpc error: code = Unavailable desc = error reading from server: EOF"
2023-02-17 05:19:46.160 UTC [TRACE] steampipe-plugin-hackernews.plugin: [TRACE] 1676611185439: FLUSHING instrumentation
2023-02-17 05:19:46.160 UTC [TRACE] steampipe-plugin-hackernews.plugin: [TRACE] 1676611185439: Shutdown instrumentation
2023-02-17 05:19:46.162 UTC [INFO]  plugin process exited: path=/home/runner/.steampipe/plugins/hub.steampipe.io/plugins/turbot/hackernews@latest/steampipe-plugin-hackernews.plugin pid=2065
2023-02-17 05:19:46.162 UTC [DEBUG] plugin exited
2023-02-17 05:19:52.117 UTC [WARN]  steampipe-plugin-csv.plugin: [WARN]  1676611192882: getKeyColumnsForTable found no schema for table '/home/runner/work/steampipe-samples/steampipe-samples/all/hackernews/hn.csv'
2023-02-17 05:20:29.997 UTC [WARN]  steampipe-plugin-csv.plugin: [WARN]  1676611229983: getKeyColumnsForTable found no schema for table '/home/runner/work/steampipe-samples/steampipe-samples/all/hackernews/hn.csv'
2023-02-17 05:22:59.048 UTC [ERROR] steampipe-plugin-csv.plugin: [ERROR] csv.tableCSV: header_parse_error=EOF path=/home/runner/work/steampipe-samples/steampipe-samples/all/hackernews/new_sc.csv header=[]
2023-02-17 05:22:59.048 UTC [ERROR] steampipe-plugin-csv.plugin: [ERROR] csv.PluginTables: create_table_error="failed to parse file header /home/runner/work/steampipe-samples/steampipe-samples/all/hackernews/new_sc.csv: EOF" path=/home/runner/work/steampipe-samples/steampipe-samples/all/hackernews/new_sc.csv
2023-02-17 05:22:59.048 UTC [WARN]  failed to set connection config: failed to parse file header /home/runner/work/steampipe-samples/steampipe-samples/all/hackernews/new_sc.csv: EOF
2023-02-17 05:22:59.875 UTC [WARN]  steampipe-plugin-csv.plugin: [WARN]  1676611379571: getKeyColumnsForTable found no schema for table '/home/runner/work/steampipe-samples/steampipe-samples/all/hackernews/new_sc.csv'
2023-02-17 05:23:04.870 UTC [ERROR] steampipe-plugin-csv.plugin: [ERROR] csv.tableCSV: header_parse_error=EOF path=/home/runner/work/steampipe-samples/steampipe-samples/all/hackernews/hn_items_all.csv header=[]
2023-02-17 05:23:04.870 UTC [ERROR] steampipe-plugin-csv.plugin: [ERROR] csv.PluginTables: create_table_error="failed to parse file header /home/runner/work/steampipe-samples/steampipe-samples/all/hackernews/hn_items_all.csv: EOF" path=/home/runner/work/steampipe-samples/steampipe-samples/all/hackernews/hn_items_all.csv
2023-02-17 05:23:04.870 UTC [WARN]  failed to set connection config: failed to parse file header /home/runner/work/steampipe-samples/steampipe-samples/all/hackernews/hn_items_all.csv: EOF
