2022-06-26 23:27:03.166 UTC [INFO]  starting plugin manager
2022-06-26 23:27:03.167 UTC [TRACE] loaded config map: hackernews
2022-06-26 23:27:03.167 UTC [INFO]  starting connection watcher
2022-06-26 23:27:03.167 UTC [INFO]  created ConnectionWatcher
2022-06-26 23:27:03.167 UTC [TRACE] about to serve
2022-06-26 23:27:03.230 UTC [TRACE] PluginManager Get, connections: '[]'
2022-06-26 23:27:03.230 UTC [TRACE] PluginManager Get returning
2022-06-26 23:27:03.232 UTC [TRACE] PluginManager Get, connections: '[]'
2022-06-26 23:27:03.232 UTC [TRACE] PluginManager Get returning
2022-06-26 23:27:03.268 UTC [TRACE] handleFileWatcherEvent ignoring first event
2022-06-26 23:27:03.401 UTC [TRACE] PluginManager Get, connections: '[hackernews]'
2022-06-26 23:27:03.401 UTC [TRACE] PluginManager getPlugin connection 'hackernews'
2022-06-26 23:27:03.401 UTC [TRACE] PluginManager 0xc0004d8120 'hackernews' NOT found in map  - starting
2022-06-26 23:27:03.401 UTC [TRACE] ************ start plugin hackernews ********************
2022-06-26 23:27:03.401 UTC [DEBUG] starting plugin: path=/home/runner/.steampipe/plugins/hub.steampipe.io/plugins/turbot/hackernews@latest/steampipe-plugin-hackernews.plugin args=["/home/runner/.steampipe/plugins/hub.steampipe.io/plugins/turbot/hackernews@latest/steampipe-plugin-hackernews.plugin"]
2022-06-26 23:27:03.401 UTC [DEBUG] plugin started: path=/home/runner/.steampipe/plugins/hub.steampipe.io/plugins/turbot/hackernews@latest/steampipe-plugin-hackernews.plugin pid=1840
2022-06-26 23:27:03.401 UTC [DEBUG] waiting for RPC address: path=/home/runner/.steampipe/plugins/hub.steampipe.io/plugins/turbot/hackernews@latest/steampipe-plugin-hackernews.plugin
2022-06-26 23:27:03.405 UTC [DEBUG] steampipe-plugin-hackernews.plugin: 2022/06/26 23:27:03 [TRACE] Plugin Initialise creating connection manager
2022-06-26 23:27:03.409 UTC [TRACE] steampipe-plugin-hackernews.plugin: [TRACE] Setting Ulimit: ulimit=2560
2022-06-26 23:27:03.409 UTC [DEBUG] using plugin: version=0
2022-06-26 23:27:03.409 UTC [TRACE] PluginManager getPlugin complete, returning reattach config with PID: 1840
2022-06-26 23:27:03.409 UTC [TRACE] PluginManager Get returning reattach_map:{key:"hackernews" value:{protocol:"grpc" addr:{Network:"unix" Address:"/tmp/plugin3914460329"} pid:1840}}
2022-06-26 23:27:03.410 UTC [DEBUG] steampipe-plugin-hackernews.plugin: plugin address: address=/tmp/plugin3914460329 network=unix timestamp=2022-06-26T23:27:03.409Z
2022-06-26 23:27:03.412 UTC [TRACE] steampipe-plugin-hackernews.plugin: [TRACE] validate plugin steampipe-plugin-hackernews, required columns []
2022-06-26 23:27:03.413 UTC [INFO]  steampipe-plugin-hackernews.plugin: [INFO]  query cache created
2022-06-26 23:27:03.413 UTC [DEBUG] steampipe-plugin-hackernews.plugin: [DEBUG] SetConnectionConfig finished
2022-06-26 23:27:03.415 UTC [TRACE] steampipe-plugin-hackernews.plugin: [TRACE] EXECUTE callId: 1656286023641 table: hackernews_new cols: id,title,time,by,score,dead,deleted,descendants,kids,parent,parts,poll,text,type,url,_ctx
2022-06-26 23:27:03.415 UTC [TRACE] steampipe-plugin-hackernews.plugin: [TRACE] 1656286023641: Execute : connection=hackernews table=hackernews_new
2022-06-26 23:27:03.415 UTC [TRACE] steampipe-plugin-hackernews.plugin: [TRACE] 1656286023641: Got query context: table=hackernews_new cols=[id, title, time, by, score, dead, deleted, descendants, kids, parent, parts, poll, text, type, url, _ctx]
2022-06-26 23:27:03.415 UTC [TRACE] steampipe-plugin-hackernews.plugin: [TRACE] 1656286023641: setFetchType map[time:quals:{fieldName:"time"  string_value:">"  value:{timestamp_value:{seconds:1656282423  nanos:386247000}}}]
2022-06-26 23:27:03.416 UTC [TRACE] steampipe-plugin-hackernews.plugin: [TRACE] 1656286023641: getMatchingQuals column:'id' operator: =
2022-06-26 23:27:03.416 UTC [TRACE] steampipe-plugin-hackernews.plugin: [TRACE] 1656286023641: getMatchingQuals returning false - qualMap does not contain any quals for column id
2022-06-26 23:27:03.416 UTC [TRACE] steampipe-plugin-hackernews.plugin: [TRACE] 1656286023641: GetUnsatisfiedKeyColumns for columns column:'id' operator: =
2022-06-26 23:27:03.417 UTC [TRACE] steampipe-plugin-hackernews.plugin: [TRACE] 1656286023641: key column NOT satisfied column:'id' operator: =
2022-06-26 23:27:03.417 UTC [TRACE] steampipe-plugin-hackernews.plugin: [TRACE] 1656286023641: satisfied: map[any_of: optional: required:]
2022-06-26 23:27:03.418 UTC [TRACE] steampipe-plugin-hackernews.plugin: [TRACE] 1656286023641: unsatisfied: map[any_of: optional: required:column:'id' operator: =]
2022-06-26 23:27:03.419 UTC [TRACE] steampipe-plugin-hackernews.plugin: [TRACE] 1656286023641: unsatisfied required KeyColumns: column:'id' operator: =
2022-06-26 23:27:03.419 UTC [TRACE] steampipe-plugin-hackernews.plugin: [TRACE] 1656286023641: Set fetchType to fetchTypeList
2022-06-26 23:27:03.419 UTC [TRACE] steampipe-plugin-hackernews.plugin: [TRACE] 1656286023641: Equals key column quals:
2022-06-26 23:27:03.419 UTC [DEBUG] steampipe-plugin-hackernews.plugin: {}
2022-06-26 23:27:03.419 UTC [TRACE] steampipe-plugin-hackernews.plugin: [TRACE] 1656286023641: All key column quals:
2022-06-26 23:27:03.419 UTC [DEBUG] steampipe-plugin-hackernews.plugin: {}
2022-06-26 23:27:03.419 UTC [TRACE] steampipe-plugin-hackernews.plugin: [TRACE] 1656286023641: calling fetchItems: table=hackernews_new matrixItem=[] limit=<nil>
2022-06-26 23:27:03.419 UTC [TRACE] steampipe-plugin-hackernews.plugin: [TRACE] 1656286023641: Cache ENABLED callId: 1656286023641
2022-06-26 23:27:03.419 UTC [TRACE] steampipe-plugin-hackernews.plugin: [TRACE] 1656286023641: QueryCache Get - indexBucketKey index__hackernewshackernews_new, quals
2022-06-26 23:27:03.419 UTC [TRACE] steampipe-plugin-hackernews.plugin: [TRACE] 1656286023641: buildCacheQualMap col time, quals quals:{fieldName:"time"  string_value:">"  value:{timestamp_value:{seconds:1656282423  nanos:386247000}}}
2022-06-26 23:27:03.419 UTC [TRACE] steampipe-plugin-hackernews.plugin: [TRACE] 1656286023641: EXCLUDING COLUMN
2022-06-26 23:27:03.419 UTC [TRACE] steampipe-plugin-hackernews.plugin: [TRACE] 1656286023641: QueryCache getCachedResult - index bucket key: index__hackernewshackernews_new ttlSeconds 300
2022-06-26 23:27:03.419 UTC [TRACE] steampipe-plugin-hackernews.plugin: [TRACE] 1656286023641: getCachedResult - no index bucket
2022-06-26 23:27:03.419 UTC [TRACE] steampipe-plugin-hackernews.plugin: [TRACE] 1656286023641: getPendingResultItem indexBucketKey index__hackernewshackernews_new, columns [id title time by score dead deleted descendants kids parent parts poll text type url _ctx], limit -1
2022-06-26 23:27:03.419 UTC [TRACE] steampipe-plugin-hackernews.plugin: [TRACE] 1656286023641: no pending index item - add pending result
2022-06-26 23:27:03.419 UTC [TRACE] steampipe-plugin-hackernews.plugin: [TRACE] 1656286023641: addPendingResult indexBucketKey index__hackernewshackernews_new, columns [id title time by score dead deleted descendants kids parent parts poll text type url _ctx], limit -1
2022-06-26 23:27:03.419 UTC [TRACE] steampipe-plugin-hackernews.plugin: [TRACE] 1656286023641: no index bucket found - creating one
2022-06-26 23:27:03.419 UTC [TRACE] steampipe-plugin-hackernews.plugin: [TRACE] 1656286023641: pendingIndexItem Lock count before 0
2022-06-26 23:27:03.419 UTC [TRACE] steampipe-plugin-hackernews.plugin: [TRACE] 1656286023641: getPendingResultItem returning <nil>
2022-06-26 23:27:03.419 UTC [INFO]  steampipe-plugin-hackernews.plugin: [INFO]  1656286023641: CACHE MISS
2022-06-26 23:27:03.419 UTC [TRACE] steampipe-plugin-hackernews.plugin: [TRACE] 1656286023641: fetch items callId: 1656286023641
2022-06-26 23:27:03.419 UTC [TRACE] steampipe-plugin-hackernews.plugin: [TRACE] 1656286023641: buildRows callId: 1656286023641
2022-06-26 23:27:03.419 UTC [TRACE] steampipe-plugin-hackernews.plugin: [TRACE] 1656286023641: streamRows callId: 1656286023641
2022-06-26 23:27:03.419 UTC [TRACE] steampipe-plugin-hackernews.plugin: [TRACE] 1656286023641: executeListCall
2022-06-26 23:27:03.419 UTC [TRACE] steampipe-plugin-hackernews.plugin: [TRACE] 1656286023641: GetUnsatisfiedKeyColumns for columns
2022-06-26 23:27:03.419 UTC [TRACE] steampipe-plugin-hackernews.plugin: [TRACE] 1656286023641: doList: no matrix item
2022-06-26 23:27:03.571 UTC [TRACE] steampipe-plugin-hackernews.plugin: [TRACE] 1656286023641: rowData chan select - channel CLOSED
2022-06-26 23:27:03.571 UTC [TRACE] steampipe-plugin-hackernews.plugin: [TRACE] 1656286023641: wait for rows
2022-06-26 23:27:03.991 UTC [TRACE] steampipe-plugin-hackernews.plugin: [TRACE] 1656286023641: rowWg complete - CLOSING ROW CHANNEL
2022-06-26 23:27:03.991 UTC [TRACE] steampipe-plugin-hackernews.plugin: [TRACE] 1656286023641: row chan closed, stop streaming
2022-06-26 23:27:03.991 UTC [INFO]  steampipe-plugin-hackernews.plugin: [INFO]  1656286023641: ------------------------------------
2022-06-26 23:27:03.991 UTC [INFO]  steampipe-plugin-hackernews.plugin: [INFO]  1656286023641: Concurrency Summary
2022-06-26 23:27:03.991 UTC [INFO]  steampipe-plugin-hackernews.plugin: [INFO]  1656286023641: ------------------------------------
2022-06-26 23:27:03.991 UTC [INFO]  steampipe-plugin-hackernews.plugin: [INFO]  1656286023641: getItem                       : 200
2022-06-26 23:27:03.991 UTC [INFO]  steampipe-plugin-hackernews.plugin: [INFO]  1656286023641: ------------------------------------
2022-06-26 23:27:03.991 UTC [INFO]  steampipe-plugin-hackernews.plugin: [INFO]  1656286023641: Total                         : 200
2022-06-26 23:27:03.991 UTC [INFO]  steampipe-plugin-hackernews.plugin: [INFO]  1656286023641: ------------------------------------
2022-06-26 23:27:03.991 UTC [TRACE] steampipe-plugin-hackernews.plugin: [TRACE] 1656286023641: queryCache.Set callId: 1656286023641
2022-06-26 23:27:03.991 UTC [TRACE] steampipe-plugin-hackernews.plugin: [TRACE] 1656286023641: buildCacheQualMap col time, quals quals:{fieldName:"time"  string_value:">"  value:{timestamp_value:{seconds:1656282423  nanos:386247000}}}
2022-06-26 23:27:03.991 UTC [TRACE] steampipe-plugin-hackernews.plugin: [TRACE] 1656286023641: EXCLUDING COLUMN
2022-06-26 23:27:03.991 UTC [TRACE] steampipe-plugin-hackernews.plugin: [TRACE] 1656286023641: QueryCache Set - connectionName: hackernews, table: hackernews_new, columns: [_ctx by dead deleted descendants id kids parent parts poll score text time title type url], limit -1
2022-06-26 23:27:03.991 UTC [TRACE] steampipe-plugin-hackernews.plugin: [TRACE] 1656286023641: cache item cost = 64000 (500 rows, 16 columns)
2022-06-26 23:27:04.002 UTC [TRACE] steampipe-plugin-hackernews.plugin: [TRACE] 1656286023641: ------------------------------------
2022-06-26 23:27:04.002 UTC [TRACE] steampipe-plugin-hackernews.plugin: [TRACE] 1656286023641: Cache Metrics
2022-06-26 23:27:04.002 UTC [TRACE] steampipe-plugin-hackernews.plugin: [TRACE] 1656286023641: ------------------------------------
2022-06-26 23:27:04.002 UTC [TRACE] steampipe-plugin-hackernews.plugin: [TRACE] 1656286023641: MaxCost: 1073741824
2022-06-26 23:27:04.002 UTC [TRACE] steampipe-plugin-hackernews.plugin: [TRACE] 1656286023641: KeysAdded: 2
2022-06-26 23:27:04.002 UTC [TRACE] steampipe-plugin-hackernews.plugin: [TRACE] 1656286023641: CostAdded: 64113
2022-06-26 23:27:04.002 UTC [TRACE] steampipe-plugin-hackernews.plugin: [TRACE] 1656286023641: KeysEvicted: 0
2022-06-26 23:27:04.002 UTC [TRACE] steampipe-plugin-hackernews.plugin: [TRACE] 1656286023641: CostEvicted: 0
2022-06-26 23:27:04.002 UTC [TRACE] steampipe-plugin-hackernews.plugin: [TRACE] 1656286023641: ------------------------------------
2022-06-26 23:27:04.002 UTC [TRACE] steampipe-plugin-hackernews.plugin: [TRACE] 1656286023641: QueryCache Set() DONE
2022-06-26 23:27:04.002 UTC [TRACE] steampipe-plugin-hackernews.plugin: [TRACE] 1656286023641: pendingItemComplete indexBucketKey index__hackernewshackernews_new, columns [_ctx by dead deleted descendants id kids parent parts poll score text time title type url], limit -1
2022-06-26 23:27:04.002 UTC [TRACE] steampipe-plugin-hackernews.plugin: [TRACE] 1656286023641: got pending index bucket, len 1
2022-06-26 23:27:04.002 UTC [TRACE] steampipe-plugin-hackernews.plugin: [TRACE] 1656286023641: SatisfiesLimit limit -1, no item limit - satisfied
2022-06-26 23:27:04.002 UTC [TRACE] steampipe-plugin-hackernews.plugin: [TRACE] 1656286023641: found pending index item to satisfy columns _ctx,by,dead,deleted,descendants,id,kids,parent,parts,poll,score,text,time,title,type,url, limit -1
2022-06-26 23:27:04.002 UTC [TRACE] steampipe-plugin-hackernews.plugin: [TRACE] 1656286023641: got pending item hackernewshackernews_newid,title,time,by,score,dead,deleted,descendants,kids,parent,parts,poll,text,type,url,_ctx-1 - removing from map as it is complete
2022-06-26 23:27:04.002 UTC [TRACE] steampipe-plugin-hackernews.plugin: [TRACE] 1656286023641: pendingIndexItem Unlock count before 1
2022-06-26 23:27:04.002 UTC [TRACE] steampipe-plugin-hackernews.plugin: [TRACE] 1656286023641: deleted from pending, len 0
2022-06-26 23:27:04.002 UTC [TRACE] steampipe-plugin-hackernews.plugin: [TRACE] 1656286023641: pending bucket now empty - deleting key index__hackernewshackernews_new
2022-06-26 23:27:04.002 UTC [TRACE] steampipe-plugin-hackernews.plugin: [TRACE] 1656286023641: pendingItemComplete done
2022-06-26 23:27:04.002 UTC [TRACE] steampipe-plugin-hackernews.plugin: [TRACE] 1656286023641: Execute complete callId: 1656286023641 table: hackernews_new
2022-06-26 23:27:04.064 UTC [TRACE] PluginManager Shutdown map[hackernews:0xc00000cb10]
2022-06-26 23:27:04.064 UTC [TRACE] killing plugin hackernews (1840)
2022-06-26 23:27:04.066 UTC [TRACE] stdio: waiting for stdio data
2022-06-26 23:27:04.066 UTC [DEBUG] stdio: received EOF, stopping recv loop: err="rpc error: code = Unavailable desc = error reading from server: EOF"
2022-06-26 23:27:04.074 UTC [INFO]  plugin process exited: path=/home/runner/.steampipe/plugins/hub.steampipe.io/plugins/turbot/hackernews@latest/steampipe-plugin-hackernews.plugin pid=1840
2022-06-26 23:27:04.075 UTC [DEBUG] plugin exited
2022-06-26 23:27:04.435 UTC [INFO]  starting plugin manager
2022-06-26 23:27:04.435 UTC [TRACE] loaded config map: hackernews
2022-06-26 23:27:04.435 UTC [INFO]  starting connection watcher
2022-06-26 23:27:04.435 UTC [INFO]  created ConnectionWatcher
2022-06-26 23:27:04.435 UTC [TRACE] about to serve
2022-06-26 23:27:04.498 UTC [TRACE] PluginManager Get, connections: '[]'
2022-06-26 23:27:04.498 UTC [TRACE] PluginManager Get returning
2022-06-26 23:27:04.500 UTC [TRACE] PluginManager Get, connections: '[]'
2022-06-26 23:27:04.500 UTC [TRACE] PluginManager Get returning
2022-06-26 23:27:04.537 UTC [TRACE] handleFileWatcherEvent ignoring first event
2022-06-26 23:27:04.676 UTC [TRACE] PluginManager Get, connections: '[hackernews]'
2022-06-26 23:27:04.676 UTC [TRACE] PluginManager getPlugin connection 'hackernews'
2022-06-26 23:27:04.676 UTC [TRACE] PluginManager 0xc0004c1170 'hackernews' NOT found in map  - starting
2022-06-26 23:27:04.676 UTC [TRACE] ************ start plugin hackernews ********************
2022-06-26 23:27:04.676 UTC [DEBUG] starting plugin: path=/home/runner/.steampipe/plugins/hub.steampipe.io/plugins/turbot/hackernews@latest/steampipe-plugin-hackernews.plugin args=["/home/runner/.steampipe/plugins/hub.steampipe.io/plugins/turbot/hackernews@latest/steampipe-plugin-hackernews.plugin"]
2022-06-26 23:27:04.676 UTC [DEBUG] plugin started: path=/home/runner/.steampipe/plugins/hub.steampipe.io/plugins/turbot/hackernews@latest/steampipe-plugin-hackernews.plugin pid=1900
2022-06-26 23:27:04.676 UTC [DEBUG] waiting for RPC address: path=/home/runner/.steampipe/plugins/hub.steampipe.io/plugins/turbot/hackernews@latest/steampipe-plugin-hackernews.plugin
2022-06-26 23:27:04.682 UTC [DEBUG] steampipe-plugin-hackernews.plugin: 2022/06/26 23:27:04 [TRACE] Plugin Initialise creating connection manager
2022-06-26 23:27:04.687 UTC [TRACE] steampipe-plugin-hackernews.plugin: [TRACE] Setting Ulimit: ulimit=2560
2022-06-26 23:27:04.687 UTC [DEBUG] steampipe-plugin-hackernews.plugin: plugin address: address=/tmp/plugin921839271 network=unix timestamp=2022-06-26T23:27:04.687Z
2022-06-26 23:27:04.687 UTC [DEBUG] using plugin: version=0
2022-06-26 23:27:04.687 UTC [TRACE] PluginManager getPlugin complete, returning reattach config with PID: 1900
2022-06-26 23:27:04.687 UTC [TRACE] PluginManager Get returning reattach_map:{key:"hackernews" value:{protocol:"grpc" addr:{Network:"unix" Address:"/tmp/plugin921839271"} pid:1900}}
2022-06-26 23:27:04.689 UTC [TRACE] steampipe-plugin-hackernews.plugin: [TRACE] validate plugin steampipe-plugin-hackernews, required columns []
2022-06-26 23:27:04.690 UTC [INFO]  steampipe-plugin-hackernews.plugin: [INFO]  query cache created
2022-06-26 23:27:04.691 UTC [DEBUG] steampipe-plugin-hackernews.plugin: [DEBUG] SetConnectionConfig finished
2022-06-26 23:27:04.693 UTC [TRACE] steampipe-plugin-hackernews.plugin: [TRACE] EXECUTE callId: 1656286024252 table: hackernews_new cols: time
2022-06-26 23:27:04.693 UTC [TRACE] steampipe-plugin-hackernews.plugin: [TRACE] 1656286024252: Execute : connection=hackernews table=hackernews_new
2022-06-26 23:27:04.693 UTC [TRACE] steampipe-plugin-hackernews.plugin: [TRACE] 1656286024252: Got query context: table=hackernews_new cols=[time]
2022-06-26 23:27:04.693 UTC [TRACE] steampipe-plugin-hackernews.plugin: [TRACE] 1656286024252: setFetchType map[time:quals:{fieldName:"time"  string_value:">"  value:{timestamp_value:{seconds:1656282424  nanos:660206000}}}]
2022-06-26 23:27:04.694 UTC [TRACE] steampipe-plugin-hackernews.plugin: [TRACE] 1656286024252: getMatchingQuals column:'id' operator: =
2022-06-26 23:27:04.694 UTC [TRACE] steampipe-plugin-hackernews.plugin: [TRACE] 1656286024252: getMatchingQuals returning false - qualMap does not contain any quals for column id
2022-06-26 23:27:04.694 UTC [TRACE] steampipe-plugin-hackernews.plugin: [TRACE] 1656286024252: GetUnsatisfiedKeyColumns for columns column:'id' operator: =
2022-06-26 23:27:04.695 UTC [TRACE] steampipe-plugin-hackernews.plugin: [TRACE] 1656286024252: key column NOT satisfied column:'id' operator: =
2022-06-26 23:27:04.695 UTC [TRACE] steampipe-plugin-hackernews.plugin: [TRACE] 1656286024252: satisfied: map[any_of: optional: required:]
2022-06-26 23:27:04.696 UTC [TRACE] steampipe-plugin-hackernews.plugin: [TRACE] 1656286024252: unsatisfied: map[any_of: optional: required:column:'id' operator: =]
2022-06-26 23:27:04.696 UTC [TRACE] steampipe-plugin-hackernews.plugin: [TRACE] 1656286024252: unsatisfied required KeyColumns: column:'id' operator: =
2022-06-26 23:27:04.696 UTC [TRACE] steampipe-plugin-hackernews.plugin: [TRACE] 1656286024252: Set fetchType to fetchTypeList
2022-06-26 23:27:04.696 UTC [TRACE] steampipe-plugin-hackernews.plugin: [TRACE] 1656286024252: Equals key column quals:
2022-06-26 23:27:04.696 UTC [DEBUG] steampipe-plugin-hackernews.plugin: {}
2022-06-26 23:27:04.696 UTC [TRACE] steampipe-plugin-hackernews.plugin: [TRACE] 1656286024252: All key column quals:
2022-06-26 23:27:04.696 UTC [DEBUG] steampipe-plugin-hackernews.plugin: {}
2022-06-26 23:27:04.696 UTC [TRACE] steampipe-plugin-hackernews.plugin: [TRACE] 1656286024252: calling fetchItems: table=hackernews_new matrixItem=[] limit=<nil>
2022-06-26 23:27:04.696 UTC [TRACE] steampipe-plugin-hackernews.plugin: [TRACE] 1656286024252: Cache ENABLED callId: 1656286024252
2022-06-26 23:27:04.696 UTC [TRACE] steampipe-plugin-hackernews.plugin: [TRACE] 1656286024252: QueryCache Get - indexBucketKey index__hackernewshackernews_new, quals
2022-06-26 23:27:04.696 UTC [TRACE] steampipe-plugin-hackernews.plugin: [TRACE] 1656286024252: buildCacheQualMap col time, quals quals:{fieldName:"time"  string_value:">"  value:{timestamp_value:{seconds:1656282424  nanos:660206000}}}
2022-06-26 23:27:04.696 UTC [TRACE] steampipe-plugin-hackernews.plugin: [TRACE] 1656286024252: EXCLUDING COLUMN
2022-06-26 23:27:04.696 UTC [TRACE] steampipe-plugin-hackernews.plugin: [TRACE] 1656286024252: QueryCache getCachedResult - index bucket key: index__hackernewshackernews_new ttlSeconds 300
2022-06-26 23:27:04.696 UTC [TRACE] steampipe-plugin-hackernews.plugin: [TRACE] 1656286024252: getCachedResult - no index bucket
2022-06-26 23:27:04.696 UTC [TRACE] steampipe-plugin-hackernews.plugin: [TRACE] 1656286024252: getPendingResultItem indexBucketKey index__hackernewshackernews_new, columns [time], limit -1
2022-06-26 23:27:04.696 UTC [TRACE] steampipe-plugin-hackernews.plugin: [TRACE] 1656286024252: no pending index item - add pending result
2022-06-26 23:27:04.696 UTC [TRACE] steampipe-plugin-hackernews.plugin: [TRACE] 1656286024252: addPendingResult indexBucketKey index__hackernewshackernews_new, columns [time], limit -1
2022-06-26 23:27:04.696 UTC [TRACE] steampipe-plugin-hackernews.plugin: [TRACE] 1656286024252: no index bucket found - creating one
2022-06-26 23:27:04.696 UTC [TRACE] steampipe-plugin-hackernews.plugin: [TRACE] 1656286024252: pendingIndexItem Lock count before 0
2022-06-26 23:27:04.696 UTC [TRACE] steampipe-plugin-hackernews.plugin: [TRACE] 1656286024252: getPendingResultItem returning <nil>
2022-06-26 23:27:04.696 UTC [INFO]  steampipe-plugin-hackernews.plugin: [INFO]  1656286024252: CACHE MISS
2022-06-26 23:27:04.696 UTC [TRACE] steampipe-plugin-hackernews.plugin: [TRACE] 1656286024252: fetch items callId: 1656286024252
2022-06-26 23:27:04.696 UTC [TRACE] steampipe-plugin-hackernews.plugin: [TRACE] 1656286024252: buildRows callId: 1656286024252
2022-06-26 23:27:04.696 UTC [TRACE] steampipe-plugin-hackernews.plugin: [TRACE] 1656286024252: streamRows callId: 1656286024252
2022-06-26 23:27:04.696 UTC [TRACE] steampipe-plugin-hackernews.plugin: [TRACE] 1656286024252: executeListCall
2022-06-26 23:27:04.696 UTC [TRACE] steampipe-plugin-hackernews.plugin: [TRACE] 1656286024252: GetUnsatisfiedKeyColumns for columns
2022-06-26 23:27:04.697 UTC [TRACE] steampipe-plugin-hackernews.plugin: [TRACE] 1656286024252: doList: no matrix item
2022-06-26 23:27:04.816 UTC [TRACE] steampipe-plugin-hackernews.plugin: [TRACE] 1656286024252: rowData chan select - channel CLOSED
2022-06-26 23:27:04.816 UTC [TRACE] steampipe-plugin-hackernews.plugin: [TRACE] 1656286024252: wait for rows
2022-06-26 23:27:05.231 UTC [TRACE] steampipe-plugin-hackernews.plugin: [TRACE] 1656286024252: rowWg complete - CLOSING ROW CHANNEL
2022-06-26 23:27:05.231 UTC [TRACE] steampipe-plugin-hackernews.plugin: [TRACE] 1656286024252: row chan closed, stop streaming
2022-06-26 23:27:05.231 UTC [INFO]  steampipe-plugin-hackernews.plugin: [INFO]  1656286024252: ------------------------------------
2022-06-26 23:27:05.231 UTC [INFO]  steampipe-plugin-hackernews.plugin: [INFO]  1656286024252: Concurrency Summary
2022-06-26 23:27:05.231 UTC [INFO]  steampipe-plugin-hackernews.plugin: [INFO]  1656286024252: ------------------------------------
2022-06-26 23:27:05.231 UTC [INFO]  steampipe-plugin-hackernews.plugin: [INFO]  1656286024252: getItem                       : 200
2022-06-26 23:27:05.231 UTC [INFO]  steampipe-plugin-hackernews.plugin: [INFO]  1656286024252: ------------------------------------
2022-06-26 23:27:05.231 UTC [INFO]  steampipe-plugin-hackernews.plugin: [INFO]  1656286024252: Total                         : 200
2022-06-26 23:27:05.231 UTC [INFO]  steampipe-plugin-hackernews.plugin: [INFO]  1656286024252: ------------------------------------
2022-06-26 23:27:05.231 UTC [TRACE] steampipe-plugin-hackernews.plugin: [TRACE] 1656286024252: queryCache.Set callId: 1656286024252
2022-06-26 23:27:05.231 UTC [TRACE] steampipe-plugin-hackernews.plugin: [TRACE] 1656286024252: buildCacheQualMap col time, quals quals:{fieldName:"time"  string_value:">"  value:{timestamp_value:{seconds:1656282424  nanos:660206000}}}
2022-06-26 23:27:05.231 UTC [TRACE] steampipe-plugin-hackernews.plugin: [TRACE] 1656286024252: EXCLUDING COLUMN
2022-06-26 23:27:05.231 UTC [TRACE] steampipe-plugin-hackernews.plugin: [TRACE] 1656286024252: QueryCache Set - connectionName: hackernews, table: hackernews_new, columns: [_ctx by dead deleted descendants id kids parent parts poll score text time title type url], limit -1
2022-06-26 23:27:05.232 UTC [TRACE] steampipe-plugin-hackernews.plugin: [TRACE] 1656286024252: cache item cost = 64000 (500 rows, 16 columns)
2022-06-26 23:27:05.242 UTC [TRACE] steampipe-plugin-hackernews.plugin: [TRACE] 1656286024252: ------------------------------------
2022-06-26 23:27:05.242 UTC [TRACE] steampipe-plugin-hackernews.plugin: [TRACE] 1656286024252: Cache Metrics
2022-06-26 23:27:05.242 UTC [TRACE] steampipe-plugin-hackernews.plugin: [TRACE] 1656286024252: ------------------------------------
2022-06-26 23:27:05.242 UTC [TRACE] steampipe-plugin-hackernews.plugin: [TRACE] 1656286024252: MaxCost: 1073741824
2022-06-26 23:27:05.242 UTC [TRACE] steampipe-plugin-hackernews.plugin: [TRACE] 1656286024252: KeysAdded: 2
2022-06-26 23:27:05.242 UTC [TRACE] steampipe-plugin-hackernews.plugin: [TRACE] 1656286024252: CostAdded: 64113
2022-06-26 23:27:05.242 UTC [TRACE] steampipe-plugin-hackernews.plugin: [TRACE] 1656286024252: KeysEvicted: 0
2022-06-26 23:27:05.242 UTC [TRACE] steampipe-plugin-hackernews.plugin: [TRACE] 1656286024252: CostEvicted: 0
2022-06-26 23:27:05.242 UTC [TRACE] steampipe-plugin-hackernews.plugin: [TRACE] 1656286024252: ------------------------------------
2022-06-26 23:27:05.242 UTC [TRACE] steampipe-plugin-hackernews.plugin: [TRACE] 1656286024252: QueryCache Set() DONE
2022-06-26 23:27:05.242 UTC [TRACE] steampipe-plugin-hackernews.plugin: [TRACE] 1656286024252: pendingItemComplete indexBucketKey index__hackernewshackernews_new, columns [_ctx by dead deleted descendants id kids parent parts poll score text time title type url], limit -1
2022-06-26 23:27:05.242 UTC [TRACE] steampipe-plugin-hackernews.plugin: [TRACE] 1656286024252: got pending index bucket, len 1
2022-06-26 23:27:05.242 UTC [TRACE] steampipe-plugin-hackernews.plugin: [TRACE] 1656286024252: SatisfiesLimit limit -1, no item limit - satisfied
2022-06-26 23:27:05.242 UTC [TRACE] steampipe-plugin-hackernews.plugin: [TRACE] 1656286024252: found pending index item to satisfy columns _ctx,by,dead,deleted,descendants,id,kids,parent,parts,poll,score,text,time,title,type,url, limit -1
2022-06-26 23:27:05.242 UTC [TRACE] steampipe-plugin-hackernews.plugin: [TRACE] 1656286024252: got pending item hackernewshackernews_newtime-1 - removing from map as it is complete
2022-06-26 23:27:05.242 UTC [TRACE] steampipe-plugin-hackernews.plugin: [TRACE] 1656286024252: pendingIndexItem Unlock count before 1
2022-06-26 23:27:05.242 UTC [TRACE] steampipe-plugin-hackernews.plugin: [TRACE] 1656286024252: deleted from pending, len 0
2022-06-26 23:27:05.242 UTC [TRACE] steampipe-plugin-hackernews.plugin: [TRACE] 1656286024252: pending bucket now empty - deleting key index__hackernewshackernews_new
2022-06-26 23:27:05.242 UTC [TRACE] steampipe-plugin-hackernews.plugin: [TRACE] 1656286024252: pendingItemComplete done
2022-06-26 23:27:05.242 UTC [TRACE] steampipe-plugin-hackernews.plugin: [TRACE] 1656286024252: Execute complete callId: 1656286024252 table: hackernews_new
2022-06-26 23:27:05.304 UTC [TRACE] PluginManager Shutdown map[hackernews:0xc000121d70]
2022-06-26 23:27:05.304 UTC [TRACE] killing plugin hackernews (1900)
2022-06-26 23:27:05.304 UTC [TRACE] stdio: waiting for stdio data
2022-06-26 23:27:05.305 UTC [DEBUG] stdio: received EOF, stopping recv loop: err="rpc error: code = Unavailable desc = error reading from server: EOF"
2022-06-26 23:27:05.306 UTC [INFO]  plugin process exited: path=/home/runner/.steampipe/plugins/hub.steampipe.io/plugins/turbot/hackernews@latest/steampipe-plugin-hackernews.plugin pid=1900
2022-06-26 23:27:05.306 UTC [DEBUG] plugin exited
