2022-07-14 17:22:59.829 UTC [INFO]  starting plugin manager
2022-07-14 17:22:59.829 UTC [TRACE] loaded config map: csv,hackernews,net
2022-07-14 17:22:59.829 UTC [INFO]  starting connection watcher
2022-07-14 17:22:59.829 UTC [INFO]  created ConnectionWatcher
2022-07-14 17:22:59.829 UTC [TRACE] about to serve
2022-07-14 17:22:59.898 UTC [TRACE] PluginManager Get, connections: '[csv]'
2022-07-14 17:22:59.898 UTC [TRACE] PluginManager getPlugin connection 'csv'
2022-07-14 17:22:59.898 UTC [TRACE] PluginManager 0xc0005006c0 'csv' NOT found in map  - starting
2022-07-14 17:22:59.898 UTC [TRACE] ************ start plugin csv ********************
2022-07-14 17:22:59.898 UTC [DEBUG] starting plugin: path=/home/runner/.steampipe/plugins/hub.steampipe.io/plugins/turbot/csv@latest/steampipe-plugin-csv.plugin args=["/home/runner/.steampipe/plugins/hub.steampipe.io/plugins/turbot/csv@latest/steampipe-plugin-csv.plugin"]
2022-07-14 17:22:59.899 UTC [DEBUG] plugin started: path=/home/runner/.steampipe/plugins/hub.steampipe.io/plugins/turbot/csv@latest/steampipe-plugin-csv.plugin pid=1953
2022-07-14 17:22:59.899 UTC [DEBUG] waiting for RPC address: path=/home/runner/.steampipe/plugins/hub.steampipe.io/plugins/turbot/csv@latest/steampipe-plugin-csv.plugin
2022-07-14 17:22:59.905 UTC [DEBUG] steampipe-plugin-csv.plugin: 2022/07/14 17:22:59 [TRACE] Plugin Initialise creating connection manager
2022-07-14 17:22:59.910 UTC [TRACE] steampipe-plugin-csv.plugin: [TRACE] Setting Ulimit: ulimit=2560
2022-07-14 17:22:59.911 UTC [DEBUG] using plugin: version=0
2022-07-14 17:22:59.911 UTC [TRACE] PluginManager getPlugin complete, returning reattach config with PID: 1953
2022-07-14 17:22:59.911 UTC [DEBUG] steampipe-plugin-csv.plugin: plugin address: address=/tmp/plugin2685478809 network=unix timestamp=2022-07-14T17:22:59.911Z
2022-07-14 17:22:59.911 UTC [TRACE] PluginManager Get returning reattach_map:{key:"csv"  value:{protocol:"grpc"  addr:{Network:"unix"  Address:"/tmp/plugin2685478809"}  pid:1953}}
2022-07-14 17:22:59.913 UTC [TRACE] steampipe-plugin-csv.plugin: [TRACE] validate plugin steampipe-plugin-csv, required columns []
2022-07-14 17:22:59.916 UTC [INFO]  steampipe-plugin-csv.plugin: [INFO]  query cache created
2022-07-14 17:22:59.916 UTC [DEBUG] steampipe-plugin-csv.plugin: [DEBUG] SetConnectionConfig finished
2022-07-14 17:22:59.919 UTC [TRACE] PluginManager Get, connections: '[]'
2022-07-14 17:22:59.919 UTC [TRACE] PluginManager Get returning
2022-07-14 17:22:59.930 UTC [TRACE] handleFileWatcherEvent ignoring first event
2022-07-14 17:23:00.003 UTC [TRACE] PluginManager Get, connections: '[csv]'
2022-07-14 17:23:00.003 UTC [TRACE] PluginManager getPlugin connection 'csv'
2022-07-14 17:23:00.003 UTC [TRACE] initialized: 1953
2022-07-14 17:23:00.003 UTC [TRACE] connection csv is loaded, check for running PID
2022-07-14 17:23:00.003 UTC [TRACE] PluginManager found 'csv' in map, pid 1953, reattach protocol:"grpc"  addr:{Network:"unix"  Address:"/tmp/plugin2685478809"}  pid:1953
2022-07-14 17:23:00.003 UTC [TRACE] PluginManager Get returning reattach_map:{key:"csv"  value:{protocol:"grpc"  addr:{Network:"unix"  Address:"/tmp/plugin2685478809"}  pid:1953}}
2022-07-14 17:23:00.216 UTC [TRACE] PluginManager Get, connections: '[hackernews]'
2022-07-14 17:23:00.216 UTC [TRACE] PluginManager getPlugin connection 'hackernews'
2022-07-14 17:23:00.216 UTC [TRACE] PluginManager 0xc0005006c0 'hackernews' NOT found in map  - starting
2022-07-14 17:23:00.216 UTC [TRACE] ************ start plugin hackernews ********************
2022-07-14 17:23:00.216 UTC [DEBUG] starting plugin: path=/home/runner/.steampipe/plugins/hub.steampipe.io/plugins/turbot/hackernews@latest/steampipe-plugin-hackernews.plugin args=["/home/runner/.steampipe/plugins/hub.steampipe.io/plugins/turbot/hackernews@latest/steampipe-plugin-hackernews.plugin"]
2022-07-14 17:23:00.217 UTC [DEBUG] plugin started: path=/home/runner/.steampipe/plugins/hub.steampipe.io/plugins/turbot/hackernews@latest/steampipe-plugin-hackernews.plugin pid=1977
2022-07-14 17:23:00.217 UTC [DEBUG] waiting for RPC address: path=/home/runner/.steampipe/plugins/hub.steampipe.io/plugins/turbot/hackernews@latest/steampipe-plugin-hackernews.plugin
2022-07-14 17:23:00.222 UTC [DEBUG] steampipe-plugin-hackernews.plugin: 2022/07/14 17:23:00 [TRACE] Plugin Initialise creating connection manager
2022-07-14 17:23:00.239 UTC [DEBUG] using plugin: version=0
2022-07-14 17:23:00.239 UTC [TRACE] PluginManager getPlugin complete, returning reattach config with PID: 1977
2022-07-14 17:23:00.239 UTC [TRACE] PluginManager Get returning reattach_map:{key:"hackernews"  value:{protocol:"grpc"  addr:{Network:"unix"  Address:"/tmp/plugin2615150168"}  pid:1977}}
2022-07-14 17:23:00.239 UTC [TRACE] steampipe-plugin-hackernews.plugin: [TRACE] Setting Ulimit: ulimit=2560
2022-07-14 17:23:00.239 UTC [DEBUG] steampipe-plugin-hackernews.plugin: plugin address: address=/tmp/plugin2615150168 network=unix timestamp=2022-07-14T17:23:00.233Z
2022-07-14 17:23:00.246 UTC [TRACE] steampipe-plugin-hackernews.plugin: [TRACE] validate plugin steampipe-plugin-hackernews, required columns []
2022-07-14 17:23:00.253 UTC [INFO]  steampipe-plugin-hackernews.plugin: [INFO]  query cache created
2022-07-14 17:23:00.253 UTC [DEBUG] steampipe-plugin-hackernews.plugin: [DEBUG] SetConnectionConfig finished
2022-07-14 17:23:00.256 UTC [TRACE] steampipe-plugin-hackernews.plugin: [TRACE] EXECUTE callId: 165781938018 table: hackernews_new cols: id,title,time,by,score,dead,deleted,descendants,kids,parent,parts,poll,text,type,url,_ctx
2022-07-14 17:23:00.256 UTC [TRACE] steampipe-plugin-hackernews.plugin: [TRACE] 165781938018: Execute : connection=hackernews table=hackernews_new
2022-07-14 17:23:00.256 UTC [TRACE] steampipe-plugin-hackernews.plugin: [TRACE] 165781938018: Got query context: table=hackernews_new cols=[id, title, time, by, score, dead, deleted, descendants, kids, parent, parts, poll, text, type, url, _ctx]
2022-07-14 17:23:00.256 UTC [TRACE] steampipe-plugin-hackernews.plugin: [TRACE] 165781938018: setFetchType map[time:quals:{fieldName:"time"  string_value:">"  value:{timestamp_value:{seconds:1657815780  nanos:198142000}}}]
2022-07-14 17:23:00.257 UTC [TRACE] steampipe-plugin-hackernews.plugin: [TRACE] 165781938018: getMatchingQuals column:'id' operator: =
2022-07-14 17:23:00.257 UTC [TRACE] steampipe-plugin-hackernews.plugin: [TRACE] 165781938018: getMatchingQuals returning false - qualMap does not contain any quals for column id
2022-07-14 17:23:00.257 UTC [TRACE] steampipe-plugin-hackernews.plugin: [TRACE] 165781938018: GetUnsatisfiedKeyColumns for columns column:'id' operator: =
2022-07-14 17:23:00.258 UTC [TRACE] steampipe-plugin-hackernews.plugin: [TRACE] 165781938018: key column NOT satisfied column:'id' operator: =
2022-07-14 17:23:00.258 UTC [TRACE] steampipe-plugin-hackernews.plugin: [TRACE] 165781938018: satisfied: map[any_of: optional: required:]
2022-07-14 17:23:00.259 UTC [TRACE] steampipe-plugin-hackernews.plugin: [TRACE] 165781938018: unsatisfied: map[any_of: optional: required:column:'id' operator: =]
2022-07-14 17:23:00.260 UTC [TRACE] steampipe-plugin-hackernews.plugin: [TRACE] 165781938018: unsatisfied required KeyColumns: column:'id' operator: =
2022-07-14 17:23:00.260 UTC [TRACE] steampipe-plugin-hackernews.plugin: [TRACE] 165781938018: Set fetchType to fetchTypeList
2022-07-14 17:23:00.260 UTC [TRACE] steampipe-plugin-hackernews.plugin: [TRACE] 165781938018: Equals key column quals:
2022-07-14 17:23:00.260 UTC [DEBUG] steampipe-plugin-hackernews.plugin: {}
2022-07-14 17:23:00.260 UTC [TRACE] steampipe-plugin-hackernews.plugin: [TRACE] 165781938018: All key column quals:
2022-07-14 17:23:00.260 UTC [DEBUG] steampipe-plugin-hackernews.plugin: {}
2022-07-14 17:23:00.260 UTC [TRACE] steampipe-plugin-hackernews.plugin: [TRACE] 165781938018: calling fetchItems: table=hackernews_new matrixItem=[] limit=<nil>
2022-07-14 17:23:00.260 UTC [TRACE] steampipe-plugin-hackernews.plugin: [TRACE] 165781938018: Cache ENABLED callId: 165781938018
2022-07-14 17:23:00.260 UTC [TRACE] steampipe-plugin-hackernews.plugin: [TRACE] 165781938018: QueryCache Get - indexBucketKey index__hackernewshackernews_new, quals
2022-07-14 17:23:00.260 UTC [TRACE] steampipe-plugin-hackernews.plugin: [TRACE] 165781938018: buildCacheQualMap col time, quals quals:{fieldName:"time"  string_value:">"  value:{timestamp_value:{seconds:1657815780  nanos:198142000}}}
2022-07-14 17:23:00.260 UTC [TRACE] steampipe-plugin-hackernews.plugin: [TRACE] 165781938018: EXCLUDING COLUMN
2022-07-14 17:23:00.260 UTC [TRACE] steampipe-plugin-hackernews.plugin: [TRACE] 165781938018: QueryCache getCachedResult - index bucket key: index__hackernewshackernews_new ttlSeconds 300
2022-07-14 17:23:00.260 UTC [TRACE] steampipe-plugin-hackernews.plugin: [TRACE] 165781938018: getCachedResult - no index bucket
2022-07-14 17:23:00.260 UTC [TRACE] steampipe-plugin-hackernews.plugin: [TRACE] 165781938018: getPendingResultItem indexBucketKey index__hackernewshackernews_new, columns [id title time by score dead deleted descendants kids parent parts poll text type url _ctx], limit -1
2022-07-14 17:23:00.260 UTC [TRACE] steampipe-plugin-hackernews.plugin: [TRACE] 165781938018: no pending index item - add pending result
2022-07-14 17:23:00.260 UTC [TRACE] steampipe-plugin-hackernews.plugin: [TRACE] 165781938018: addPendingResult indexBucketKey index__hackernewshackernews_new, columns [id title time by score dead deleted descendants kids parent parts poll text type url _ctx], limit -1
2022-07-14 17:23:00.260 UTC [TRACE] steampipe-plugin-hackernews.plugin: [TRACE] 165781938018: no index bucket found - creating one
2022-07-14 17:23:00.260 UTC [TRACE] steampipe-plugin-hackernews.plugin: [TRACE] 165781938018: pendingIndexItem Lock count before 0
2022-07-14 17:23:00.260 UTC [TRACE] steampipe-plugin-hackernews.plugin: [TRACE] 165781938018: getPendingResultItem returning <nil>
2022-07-14 17:23:00.260 UTC [INFO]  steampipe-plugin-hackernews.plugin: [INFO]  165781938018: CACHE MISS
2022-07-14 17:23:00.260 UTC [TRACE] steampipe-plugin-hackernews.plugin: [TRACE] 165781938018: fetch items callId: 165781938018
2022-07-14 17:23:00.260 UTC [TRACE] steampipe-plugin-hackernews.plugin: [TRACE] 165781938018: buildRows callId: 165781938018
2022-07-14 17:23:00.260 UTC [TRACE] steampipe-plugin-hackernews.plugin: [TRACE] 165781938018: streamRows callId: 165781938018
2022-07-14 17:23:00.260 UTC [TRACE] steampipe-plugin-hackernews.plugin: [TRACE] 165781938018: executeListCall
2022-07-14 17:23:00.260 UTC [TRACE] steampipe-plugin-hackernews.plugin: [TRACE] 165781938018: GetUnsatisfiedKeyColumns for columns
2022-07-14 17:23:00.260 UTC [TRACE] steampipe-plugin-hackernews.plugin: [TRACE] 165781938018: doList: no matrix item
2022-07-14 17:23:00.380 UTC [TRACE] steampipe-plugin-hackernews.plugin: [TRACE] 165781938018: rowData chan select - channel CLOSED
2022-07-14 17:23:00.381 UTC [TRACE] steampipe-plugin-hackernews.plugin: [TRACE] 165781938018: wait for rows
2022-07-14 17:23:00.837 UTC [TRACE] steampipe-plugin-hackernews.plugin: [TRACE] 165781938018: rowWg complete - CLOSING ROW CHANNEL
2022-07-14 17:23:00.838 UTC [TRACE] steampipe-plugin-hackernews.plugin: [TRACE] 165781938018: row chan closed, stop streaming
2022-07-14 17:23:00.838 UTC [INFO]  steampipe-plugin-hackernews.plugin: [INFO]  165781938018: ------------------------------------
2022-07-14 17:23:00.838 UTC [INFO]  steampipe-plugin-hackernews.plugin: [INFO]  165781938018: Concurrency Summary
2022-07-14 17:23:00.838 UTC [INFO]  steampipe-plugin-hackernews.plugin: [INFO]  165781938018: ------------------------------------
2022-07-14 17:23:00.838 UTC [INFO]  steampipe-plugin-hackernews.plugin: [INFO]  165781938018: getItem                       : 200
2022-07-14 17:23:00.838 UTC [INFO]  steampipe-plugin-hackernews.plugin: [INFO]  165781938018: ------------------------------------
2022-07-14 17:23:00.838 UTC [INFO]  steampipe-plugin-hackernews.plugin: [INFO]  165781938018: Total                         : 200
2022-07-14 17:23:00.838 UTC [INFO]  steampipe-plugin-hackernews.plugin: [INFO]  165781938018: ------------------------------------
2022-07-14 17:23:00.838 UTC [TRACE] steampipe-plugin-hackernews.plugin: [TRACE] 165781938018: queryCache.Set callId: 165781938018
2022-07-14 17:23:00.838 UTC [TRACE] steampipe-plugin-hackernews.plugin: [TRACE] 165781938018: buildCacheQualMap col time, quals quals:{fieldName:"time"  string_value:">"  value:{timestamp_value:{seconds:1657815780  nanos:198142000}}}
2022-07-14 17:23:00.838 UTC [TRACE] steampipe-plugin-hackernews.plugin: [TRACE] 165781938018: EXCLUDING COLUMN
2022-07-14 17:23:00.838 UTC [TRACE] steampipe-plugin-hackernews.plugin: [TRACE] 165781938018: QueryCache Set - connectionName: hackernews, table: hackernews_new, columns: [_ctx by dead deleted descendants id kids parent parts poll score text time title type url], limit -1
2022-07-14 17:23:00.838 UTC [TRACE] steampipe-plugin-hackernews.plugin: [TRACE] 165781938018: cache item cost = 64000 (500 rows, 16 columns)
2022-07-14 17:23:00.849 UTC [TRACE] steampipe-plugin-hackernews.plugin: [TRACE] 165781938018: ------------------------------------
2022-07-14 17:23:00.849 UTC [TRACE] steampipe-plugin-hackernews.plugin: [TRACE] 165781938018: Cache Metrics
2022-07-14 17:23:00.849 UTC [TRACE] steampipe-plugin-hackernews.plugin: [TRACE] 165781938018: ------------------------------------
2022-07-14 17:23:00.849 UTC [TRACE] steampipe-plugin-hackernews.plugin: [TRACE] 165781938018: MaxCost: 1073741824
2022-07-14 17:23:00.849 UTC [TRACE] steampipe-plugin-hackernews.plugin: [TRACE] 165781938018: KeysAdded: 2
2022-07-14 17:23:00.849 UTC [TRACE] steampipe-plugin-hackernews.plugin: [TRACE] 165781938018: CostAdded: 64113
2022-07-14 17:23:00.849 UTC [TRACE] steampipe-plugin-hackernews.plugin: [TRACE] 165781938018: KeysEvicted: 0
2022-07-14 17:23:00.849 UTC [TRACE] steampipe-plugin-hackernews.plugin: [TRACE] 165781938018: CostEvicted: 0
2022-07-14 17:23:00.849 UTC [TRACE] steampipe-plugin-hackernews.plugin: [TRACE] 165781938018: ------------------------------------
2022-07-14 17:23:00.849 UTC [TRACE] steampipe-plugin-hackernews.plugin: [TRACE] 165781938018: QueryCache Set() DONE
2022-07-14 17:23:00.849 UTC [TRACE] steampipe-plugin-hackernews.plugin: [TRACE] 165781938018: pendingItemComplete indexBucketKey index__hackernewshackernews_new, columns [_ctx by dead deleted descendants id kids parent parts poll score text time title type url], limit -1
2022-07-14 17:23:00.849 UTC [TRACE] steampipe-plugin-hackernews.plugin: [TRACE] 165781938018: got pending index bucket, len 1
2022-07-14 17:23:00.849 UTC [TRACE] steampipe-plugin-hackernews.plugin: [TRACE] 165781938018: SatisfiesLimit limit -1, no item limit - satisfied
2022-07-14 17:23:00.849 UTC [TRACE] steampipe-plugin-hackernews.plugin: [TRACE] 165781938018: found pending index item to satisfy columns _ctx,by,dead,deleted,descendants,id,kids,parent,parts,poll,score,text,time,title,type,url, limit -1
2022-07-14 17:23:00.849 UTC [TRACE] steampipe-plugin-hackernews.plugin: [TRACE] 165781938018: got pending item hackernewshackernews_newid,title,time,by,score,dead,deleted,descendants,kids,parent,parts,poll,text,type,url,_ctx-1 - removing from map as it is complete
2022-07-14 17:23:00.849 UTC [TRACE] steampipe-plugin-hackernews.plugin: [TRACE] 165781938018: pendingIndexItem Unlock count before 1
2022-07-14 17:23:00.849 UTC [TRACE] steampipe-plugin-hackernews.plugin: [TRACE] 165781938018: deleted from pending, len 0
2022-07-14 17:23:00.849 UTC [TRACE] steampipe-plugin-hackernews.plugin: [TRACE] 165781938018: pending bucket now empty - deleting key index__hackernewshackernews_new
2022-07-14 17:23:00.849 UTC [TRACE] steampipe-plugin-hackernews.plugin: [TRACE] 165781938018: pendingItemComplete done
2022-07-14 17:23:00.849 UTC [TRACE] steampipe-plugin-hackernews.plugin: [TRACE] 165781938018: Execute complete callId: 165781938018 table: hackernews_new
2022-07-14 17:23:00.913 UTC [TRACE] PluginManager Shutdown map[csv:0xc000646090 hackernews:0xc000646ab0]
2022-07-14 17:23:00.913 UTC [TRACE] killing plugin csv (1953)
2022-07-14 17:23:00.913 UTC [TRACE] stdio: waiting for stdio data
2022-07-14 17:23:00.914 UTC [DEBUG] stdio: received EOF, stopping recv loop: err="rpc error: code = Unavailable desc = error reading from server: EOF"
2022-07-14 17:23:00.915 UTC [INFO]  plugin process exited: path=/home/runner/.steampipe/plugins/hub.steampipe.io/plugins/turbot/csv@latest/steampipe-plugin-csv.plugin pid=1953
2022-07-14 17:23:00.915 UTC [DEBUG] plugin exited
2022-07-14 17:23:00.915 UTC [TRACE] killing plugin hackernews (1977)
2022-07-14 17:23:00.915 UTC [TRACE] stdio: waiting for stdio data
2022-07-14 17:23:00.916 UTC [DEBUG] stdio: received EOF, stopping recv loop: err="rpc error: code = Unavailable desc = error reading from server: EOF"
2022-07-14 17:23:00.917 UTC [INFO]  plugin process exited: path=/home/runner/.steampipe/plugins/hub.steampipe.io/plugins/turbot/hackernews@latest/steampipe-plugin-hackernews.plugin pid=1977
2022-07-14 17:23:00.917 UTC [DEBUG] plugin exited
2022-07-14 17:23:01.356 UTC [INFO]  starting plugin manager
2022-07-14 17:23:01.357 UTC [TRACE] loaded config map: csv,hackernews,net
2022-07-14 17:23:01.357 UTC [INFO]  starting connection watcher
2022-07-14 17:23:01.357 UTC [INFO]  created ConnectionWatcher
2022-07-14 17:23:01.357 UTC [TRACE] about to serve
2022-07-14 17:23:01.421 UTC [TRACE] PluginManager Get, connections: '[csv]'
2022-07-14 17:23:01.421 UTC [TRACE] PluginManager getPlugin connection 'csv'
2022-07-14 17:23:01.421 UTC [TRACE] PluginManager 0xc000595e00 'csv' NOT found in map  - starting
2022-07-14 17:23:01.421 UTC [TRACE] ************ start plugin csv ********************
2022-07-14 17:23:01.422 UTC [DEBUG] starting plugin: path=/home/runner/.steampipe/plugins/hub.steampipe.io/plugins/turbot/csv@latest/steampipe-plugin-csv.plugin args=["/home/runner/.steampipe/plugins/hub.steampipe.io/plugins/turbot/csv@latest/steampipe-plugin-csv.plugin"]
2022-07-14 17:23:01.422 UTC [DEBUG] plugin started: path=/home/runner/.steampipe/plugins/hub.steampipe.io/plugins/turbot/csv@latest/steampipe-plugin-csv.plugin pid=2028
2022-07-14 17:23:01.422 UTC [DEBUG] waiting for RPC address: path=/home/runner/.steampipe/plugins/hub.steampipe.io/plugins/turbot/csv@latest/steampipe-plugin-csv.plugin
2022-07-14 17:23:01.427 UTC [DEBUG] steampipe-plugin-csv.plugin: 2022/07/14 17:23:01 [TRACE] Plugin Initialise creating connection manager
2022-07-14 17:23:01.431 UTC [TRACE] steampipe-plugin-csv.plugin: [TRACE] Setting Ulimit: ulimit=2560
2022-07-14 17:23:01.431 UTC [DEBUG] using plugin: version=0
2022-07-14 17:23:01.431 UTC [TRACE] PluginManager getPlugin complete, returning reattach config with PID: 2028
2022-07-14 17:23:01.432 UTC [TRACE] PluginManager Get returning reattach_map:{key:"csv"  value:{protocol:"grpc"  addr:{Network:"unix"  Address:"/tmp/plugin2543494712"}  pid:2028}}
2022-07-14 17:23:01.432 UTC [DEBUG] steampipe-plugin-csv.plugin: plugin address: address=/tmp/plugin2543494712 network=unix timestamp=2022-07-14T17:23:01.431Z
2022-07-14 17:23:01.434 UTC [TRACE] steampipe-plugin-csv.plugin: [TRACE] validate plugin steampipe-plugin-csv, required columns []
2022-07-14 17:23:01.436 UTC [INFO]  steampipe-plugin-csv.plugin: [INFO]  query cache created
2022-07-14 17:23:01.436 UTC [DEBUG] steampipe-plugin-csv.plugin: [DEBUG] SetConnectionConfig finished
2022-07-14 17:23:01.439 UTC [TRACE] PluginManager Get, connections: '[]'
2022-07-14 17:23:01.439 UTC [TRACE] PluginManager Get returning
2022-07-14 17:23:01.458 UTC [TRACE] handleFileWatcherEvent ignoring first event
2022-07-14 17:23:01.649 UTC [TRACE] PluginManager Get, connections: '[hackernews]'
2022-07-14 17:23:01.649 UTC [TRACE] PluginManager getPlugin connection 'hackernews'
2022-07-14 17:23:01.649 UTC [TRACE] PluginManager 0xc000595e00 'hackernews' NOT found in map  - starting
2022-07-14 17:23:01.649 UTC [TRACE] ************ start plugin hackernews ********************
2022-07-14 17:23:01.649 UTC [DEBUG] starting plugin: path=/home/runner/.steampipe/plugins/hub.steampipe.io/plugins/turbot/hackernews@latest/steampipe-plugin-hackernews.plugin args=["/home/runner/.steampipe/plugins/hub.steampipe.io/plugins/turbot/hackernews@latest/steampipe-plugin-hackernews.plugin"]
2022-07-14 17:23:01.649 UTC [DEBUG] plugin started: path=/home/runner/.steampipe/plugins/hub.steampipe.io/plugins/turbot/hackernews@latest/steampipe-plugin-hackernews.plugin pid=2045
2022-07-14 17:23:01.649 UTC [DEBUG] waiting for RPC address: path=/home/runner/.steampipe/plugins/hub.steampipe.io/plugins/turbot/hackernews@latest/steampipe-plugin-hackernews.plugin
2022-07-14 17:23:01.655 UTC [DEBUG] steampipe-plugin-hackernews.plugin: 2022/07/14 17:23:01 [TRACE] Plugin Initialise creating connection manager
2022-07-14 17:23:01.660 UTC [TRACE] steampipe-plugin-hackernews.plugin: [TRACE] Setting Ulimit: ulimit=2560
2022-07-14 17:23:01.660 UTC [DEBUG] steampipe-plugin-hackernews.plugin: plugin address: address=/tmp/plugin1085299221 network=unix timestamp=2022-07-14T17:23:01.660Z
2022-07-14 17:23:01.660 UTC [DEBUG] using plugin: version=0
2022-07-14 17:23:01.660 UTC [TRACE] PluginManager getPlugin complete, returning reattach config with PID: 2045
2022-07-14 17:23:01.660 UTC [TRACE] PluginManager Get returning reattach_map:{key:"hackernews"  value:{protocol:"grpc"  addr:{Network:"unix"  Address:"/tmp/plugin1085299221"}  pid:2045}}
2022-07-14 17:23:01.662 UTC [TRACE] steampipe-plugin-hackernews.plugin: [TRACE] validate plugin steampipe-plugin-hackernews, required columns []
2022-07-14 17:23:01.664 UTC [INFO]  steampipe-plugin-hackernews.plugin: [INFO]  query cache created
2022-07-14 17:23:01.664 UTC [DEBUG] steampipe-plugin-hackernews.plugin: [DEBUG] SetConnectionConfig finished
2022-07-14 17:23:01.667 UTC [TRACE] steampipe-plugin-hackernews.plugin: [TRACE] EXECUTE callId: 1657819381339 table: hackernews_new cols: time
2022-07-14 17:23:01.667 UTC [TRACE] steampipe-plugin-hackernews.plugin: [TRACE] 1657819381339: Execute : connection=hackernews table=hackernews_new
2022-07-14 17:23:01.667 UTC [TRACE] steampipe-plugin-hackernews.plugin: [TRACE] 1657819381339: Got query context: table=hackernews_new cols=[time]
2022-07-14 17:23:01.667 UTC [TRACE] steampipe-plugin-hackernews.plugin: [TRACE] 1657819381339: setFetchType map[time:quals:{fieldName:"time"  string_value:">"  value:{timestamp_value:{seconds:1657815781  nanos:625835000}}}]
2022-07-14 17:23:01.668 UTC [TRACE] steampipe-plugin-hackernews.plugin: [TRACE] 1657819381339: getMatchingQuals column:'id' operator: =
2022-07-14 17:23:01.668 UTC [TRACE] steampipe-plugin-hackernews.plugin: [TRACE] 1657819381339: getMatchingQuals returning false - qualMap does not contain any quals for column id
2022-07-14 17:23:01.668 UTC [TRACE] steampipe-plugin-hackernews.plugin: [TRACE] 1657819381339: GetUnsatisfiedKeyColumns for columns column:'id' operator: =
2022-07-14 17:23:01.669 UTC [TRACE] steampipe-plugin-hackernews.plugin: [TRACE] 1657819381339: key column NOT satisfied column:'id' operator: =
2022-07-14 17:23:01.669 UTC [TRACE] steampipe-plugin-hackernews.plugin: [TRACE] 1657819381339: satisfied: map[any_of: optional: required:]
2022-07-14 17:23:01.670 UTC [TRACE] steampipe-plugin-hackernews.plugin: [TRACE] 1657819381339: unsatisfied: map[any_of: optional: required:column:'id' operator: =]
2022-07-14 17:23:01.671 UTC [TRACE] steampipe-plugin-hackernews.plugin: [TRACE] 1657819381339: unsatisfied required KeyColumns: column:'id' operator: =
2022-07-14 17:23:01.671 UTC [TRACE] steampipe-plugin-hackernews.plugin: [TRACE] 1657819381339: Set fetchType to fetchTypeList
2022-07-14 17:23:01.671 UTC [TRACE] steampipe-plugin-hackernews.plugin: [TRACE] 1657819381339: Equals key column quals:
2022-07-14 17:23:01.671 UTC [DEBUG] steampipe-plugin-hackernews.plugin: {}
2022-07-14 17:23:01.671 UTC [TRACE] steampipe-plugin-hackernews.plugin: [TRACE] 1657819381339: All key column quals:
2022-07-14 17:23:01.671 UTC [DEBUG] steampipe-plugin-hackernews.plugin: {}
2022-07-14 17:23:01.671 UTC [TRACE] steampipe-plugin-hackernews.plugin: [TRACE] 1657819381339: calling fetchItems: table=hackernews_new matrixItem=[] limit=<nil>
2022-07-14 17:23:01.671 UTC [TRACE] steampipe-plugin-hackernews.plugin: [TRACE] 1657819381339: Cache ENABLED callId: 1657819381339
2022-07-14 17:23:01.671 UTC [TRACE] steampipe-plugin-hackernews.plugin: [TRACE] 1657819381339: QueryCache Get - indexBucketKey index__hackernewshackernews_new, quals
2022-07-14 17:23:01.671 UTC [TRACE] steampipe-plugin-hackernews.plugin: [TRACE] 1657819381339: buildCacheQualMap col time, quals quals:{fieldName:"time"  string_value:">"  value:{timestamp_value:{seconds:1657815781  nanos:625835000}}}
2022-07-14 17:23:01.671 UTC [TRACE] steampipe-plugin-hackernews.plugin: [TRACE] 1657819381339: EXCLUDING COLUMN
2022-07-14 17:23:01.671 UTC [TRACE] steampipe-plugin-hackernews.plugin: [TRACE] 1657819381339: QueryCache getCachedResult - index bucket key: index__hackernewshackernews_new ttlSeconds 300
2022-07-14 17:23:01.671 UTC [TRACE] steampipe-plugin-hackernews.plugin: [TRACE] 1657819381339: getCachedResult - no index bucket
2022-07-14 17:23:01.671 UTC [TRACE] steampipe-plugin-hackernews.plugin: [TRACE] 1657819381339: getPendingResultItem indexBucketKey index__hackernewshackernews_new, columns [time], limit -1
2022-07-14 17:23:01.671 UTC [TRACE] steampipe-plugin-hackernews.plugin: [TRACE] 1657819381339: no pending index item - add pending result
2022-07-14 17:23:01.671 UTC [TRACE] steampipe-plugin-hackernews.plugin: [TRACE] 1657819381339: addPendingResult indexBucketKey index__hackernewshackernews_new, columns [time], limit -1
2022-07-14 17:23:01.671 UTC [TRACE] steampipe-plugin-hackernews.plugin: [TRACE] 1657819381339: no index bucket found - creating one
2022-07-14 17:23:01.671 UTC [TRACE] steampipe-plugin-hackernews.plugin: [TRACE] 1657819381339: pendingIndexItem Lock count before 0
2022-07-14 17:23:01.671 UTC [TRACE] steampipe-plugin-hackernews.plugin: [TRACE] 1657819381339: getPendingResultItem returning <nil>
2022-07-14 17:23:01.671 UTC [INFO]  steampipe-plugin-hackernews.plugin: [INFO]  1657819381339: CACHE MISS
2022-07-14 17:23:01.671 UTC [TRACE] steampipe-plugin-hackernews.plugin: [TRACE] 1657819381339: fetch items callId: 1657819381339
2022-07-14 17:23:01.671 UTC [TRACE] steampipe-plugin-hackernews.plugin: [TRACE] 1657819381339: buildRows callId: 1657819381339
2022-07-14 17:23:01.671 UTC [TRACE] steampipe-plugin-hackernews.plugin: [TRACE] 1657819381339: streamRows callId: 1657819381339
2022-07-14 17:23:01.671 UTC [TRACE] steampipe-plugin-hackernews.plugin: [TRACE] 1657819381339: executeListCall
2022-07-14 17:23:01.671 UTC [TRACE] steampipe-plugin-hackernews.plugin: [TRACE] 1657819381339: GetUnsatisfiedKeyColumns for columns
2022-07-14 17:23:01.671 UTC [TRACE] steampipe-plugin-hackernews.plugin: [TRACE] 1657819381339: doList: no matrix item
2022-07-14 17:23:01.762 UTC [TRACE] steampipe-plugin-hackernews.plugin: [TRACE] 1657819381339: rowData chan select - channel CLOSED
2022-07-14 17:23:01.762 UTC [TRACE] steampipe-plugin-hackernews.plugin: [TRACE] 1657819381339: wait for rows
2022-07-14 17:23:02.213 UTC [TRACE] steampipe-plugin-hackernews.plugin: [TRACE] 1657819381339: rowWg complete - CLOSING ROW CHANNEL
2022-07-14 17:23:02.214 UTC [TRACE] steampipe-plugin-hackernews.plugin: [TRACE] 1657819381339: row chan closed, stop streaming
2022-07-14 17:23:02.214 UTC [INFO]  steampipe-plugin-hackernews.plugin: [INFO]  1657819381339: ------------------------------------
2022-07-14 17:23:02.214 UTC [INFO]  steampipe-plugin-hackernews.plugin: [INFO]  1657819381339: Concurrency Summary
2022-07-14 17:23:02.214 UTC [INFO]  steampipe-plugin-hackernews.plugin: [INFO]  1657819381339: ------------------------------------
2022-07-14 17:23:02.214 UTC [INFO]  steampipe-plugin-hackernews.plugin: [INFO]  1657819381339: getItem                       : 200
2022-07-14 17:23:02.214 UTC [INFO]  steampipe-plugin-hackernews.plugin: [INFO]  1657819381339: ------------------------------------
2022-07-14 17:23:02.214 UTC [INFO]  steampipe-plugin-hackernews.plugin: [INFO]  1657819381339: Total                         : 200
2022-07-14 17:23:02.214 UTC [INFO]  steampipe-plugin-hackernews.plugin: [INFO]  1657819381339: ------------------------------------
2022-07-14 17:23:02.214 UTC [TRACE] steampipe-plugin-hackernews.plugin: [TRACE] 1657819381339: queryCache.Set callId: 1657819381339
2022-07-14 17:23:02.214 UTC [TRACE] steampipe-plugin-hackernews.plugin: [TRACE] 1657819381339: buildCacheQualMap col time, quals quals:{fieldName:"time"  string_value:">"  value:{timestamp_value:{seconds:1657815781  nanos:625835000}}}
2022-07-14 17:23:02.214 UTC [TRACE] steampipe-plugin-hackernews.plugin: [TRACE] 1657819381339: EXCLUDING COLUMN
2022-07-14 17:23:02.214 UTC [TRACE] steampipe-plugin-hackernews.plugin: [TRACE] 1657819381339: QueryCache Set - connectionName: hackernews, table: hackernews_new, columns: [_ctx by dead deleted descendants id kids parent parts poll score text time title type url], limit -1
2022-07-14 17:23:02.214 UTC [TRACE] steampipe-plugin-hackernews.plugin: [TRACE] 1657819381339: cache item cost = 64000 (500 rows, 16 columns)
2022-07-14 17:23:02.225 UTC [TRACE] steampipe-plugin-hackernews.plugin: [TRACE] 1657819381339: ------------------------------------
2022-07-14 17:23:02.225 UTC [TRACE] steampipe-plugin-hackernews.plugin: [TRACE] 1657819381339: Cache Metrics
2022-07-14 17:23:02.225 UTC [TRACE] steampipe-plugin-hackernews.plugin: [TRACE] 1657819381339: ------------------------------------
2022-07-14 17:23:02.225 UTC [TRACE] steampipe-plugin-hackernews.plugin: [TRACE] 1657819381339: MaxCost: 1073741824
2022-07-14 17:23:02.225 UTC [TRACE] steampipe-plugin-hackernews.plugin: [TRACE] 1657819381339: KeysAdded: 2
2022-07-14 17:23:02.225 UTC [TRACE] steampipe-plugin-hackernews.plugin: [TRACE] 1657819381339: CostAdded: 64113
2022-07-14 17:23:02.225 UTC [TRACE] steampipe-plugin-hackernews.plugin: [TRACE] 1657819381339: KeysEvicted: 0
2022-07-14 17:23:02.225 UTC [TRACE] steampipe-plugin-hackernews.plugin: [TRACE] 1657819381339: CostEvicted: 0
2022-07-14 17:23:02.225 UTC [TRACE] steampipe-plugin-hackernews.plugin: [TRACE] 1657819381339: ------------------------------------
2022-07-14 17:23:02.225 UTC [TRACE] steampipe-plugin-hackernews.plugin: [TRACE] 1657819381339: QueryCache Set() DONE
2022-07-14 17:23:02.225 UTC [TRACE] steampipe-plugin-hackernews.plugin: [TRACE] 1657819381339: pendingItemComplete indexBucketKey index__hackernewshackernews_new, columns [_ctx by dead deleted descendants id kids parent parts poll score text time title type url], limit -1
2022-07-14 17:23:02.225 UTC [TRACE] steampipe-plugin-hackernews.plugin: [TRACE] 1657819381339: got pending index bucket, len 1
2022-07-14 17:23:02.225 UTC [TRACE] steampipe-plugin-hackernews.plugin: [TRACE] 1657819381339: SatisfiesLimit limit -1, no item limit - satisfied
2022-07-14 17:23:02.225 UTC [TRACE] steampipe-plugin-hackernews.plugin: [TRACE] 1657819381339: found pending index item to satisfy columns _ctx,by,dead,deleted,descendants,id,kids,parent,parts,poll,score,text,time,title,type,url, limit -1
2022-07-14 17:23:02.225 UTC [TRACE] steampipe-plugin-hackernews.plugin: [TRACE] 1657819381339: got pending item hackernewshackernews_newtime-1 - removing from map as it is complete
2022-07-14 17:23:02.225 UTC [TRACE] steampipe-plugin-hackernews.plugin: [TRACE] 1657819381339: pendingIndexItem Unlock count before 1
2022-07-14 17:23:02.225 UTC [TRACE] steampipe-plugin-hackernews.plugin: [TRACE] 1657819381339: deleted from pending, len 0
2022-07-14 17:23:02.225 UTC [TRACE] steampipe-plugin-hackernews.plugin: [TRACE] 1657819381339: pending bucket now empty - deleting key index__hackernewshackernews_new
2022-07-14 17:23:02.225 UTC [TRACE] steampipe-plugin-hackernews.plugin: [TRACE] 1657819381339: pendingItemComplete done
2022-07-14 17:23:02.225 UTC [TRACE] steampipe-plugin-hackernews.plugin: [TRACE] 1657819381339: Execute complete callId: 1657819381339 table: hackernews_new
2022-07-14 17:23:02.315 UTC [TRACE] PluginManager Shutdown map[csv:0xc00050bc80 hackernews:0xc00000c8a0]
2022-07-14 17:23:02.315 UTC [TRACE] killing plugin csv (2028)
2022-07-14 17:23:02.316 UTC [TRACE] stdio: waiting for stdio data
2022-07-14 17:23:02.316 UTC [DEBUG] stdio: received EOF, stopping recv loop: err="rpc error: code = Unavailable desc = error reading from server: EOF"
2022-07-14 17:23:02.317 UTC [INFO]  plugin process exited: path=/home/runner/.steampipe/plugins/hub.steampipe.io/plugins/turbot/csv@latest/steampipe-plugin-csv.plugin pid=2028
2022-07-14 17:23:02.317 UTC [DEBUG] plugin exited
2022-07-14 17:23:02.317 UTC [TRACE] killing plugin hackernews (2045)
2022-07-14 17:23:02.318 UTC [TRACE] stdio: waiting for stdio data
2022-07-14 17:23:02.318 UTC [DEBUG] stdio: received EOF, stopping recv loop: err="rpc error: code = Unavailable desc = error reading from server: EOF"
2022-07-14 17:23:02.320 UTC [INFO]  plugin process exited: path=/home/runner/.steampipe/plugins/hub.steampipe.io/plugins/turbot/hackernews@latest/steampipe-plugin-hackernews.plugin pid=2045
2022-07-14 17:23:02.320 UTC [DEBUG] plugin exited
2022-07-14 17:23:16.694 UTC [ERROR] steampipe-plugin-net.plugin: [ERROR] 1657819396447: listRequestResponses do request error: url=? request method=GET error="Get \"?\": unsupported protocol scheme \"\""
2022-07-14 17:24:19.353 UTC [ERROR] steampipe-plugin-csv.plugin: [ERROR] csv.tableCSV: header_parse_error=EOF path=/home/runner/work/steampipe-samples/steampipe-samples/all/hackernews/new_sc.csv header=[]
2022-07-14 17:24:19.353 UTC [ERROR] steampipe-plugin-csv.plugin: [ERROR] csv.PluginTables: create_table_error="failed to parse file header /home/runner/work/steampipe-samples/steampipe-samples/all/hackernews/new_sc.csv: EOF" path=/home/runner/work/steampipe-samples/steampipe-samples/all/hackernews/new_sc.csv
