2022-10-30 09:20:12.475 UTC [WARN]  PluginManager setPluginCacheSizeMap: 1 connection.
2022-10-30 09:20:12.475 UTC [WARN]  Total cache size 0Mb
2022-10-30 09:20:12.543 UTC [WARN]  plugin configured with a nil SecureConfig
2022-10-30 09:20:14.030 UTC [WARN]  PluginManager setPluginCacheSizeMap: 2 connections.
2022-10-30 09:20:14.030 UTC [WARN]  Total cache size 0Mb
2022-10-30 09:20:14.098 UTC [WARN]  plugin configured with a nil SecureConfig
2022-10-30 09:20:15.630 UTC [WARN]  PluginManager setPluginCacheSizeMap: 3 connections.
2022-10-30 09:20:15.630 UTC [WARN]  Total cache size 0Mb
2022-10-30 09:20:15.693 UTC [WARN]  plugin configured with a nil SecureConfig
2022-10-30 09:20:15.741 UTC [WARN]  plugin configured with a nil SecureConfig
2022-10-30 09:20:17.244 UTC [WARN]  PluginManager setPluginCacheSizeMap: 4 connections.
2022-10-30 09:20:17.244 UTC [WARN]  Total cache size 0Mb
2022-10-30 09:20:17.313 UTC [WARN]  plugin configured with a nil SecureConfig
2022-10-30 09:20:17.344 UTC [WARN]  plugin configured with a nil SecureConfig
2022-10-30 09:20:18.309 UTC [INFO]  starting plugin manager
2022-10-30 09:20:18.310 UTC [TRACE] loaded config map: csv,github,hackernews,net
2022-10-30 09:20:18.310 UTC [TRACE] NewPluginManager
2022-10-30 09:20:18.310 UTC [WARN]  PluginManager setPluginCacheSizeMap: 4 connections.
2022-10-30 09:20:18.310 UTC [WARN]  Total cache size 0Mb
2022-10-30 09:20:18.310 UTC [INFO]  starting connection watcher
2022-10-30 09:20:18.310 UTC [INFO]  created ConnectionWatcher
2022-10-30 09:20:18.310 UTC [TRACE] about to serve
2022-10-30 09:20:18.377 UTC [TRACE] PluginManager Get, connections: '[csv]'
2022-10-30 09:20:18.377 UTC [TRACE] PluginManager getPlugin hub.steampipe.io/plugins/turbot/csv@latest connection 'csv'
2022-10-30 09:20:18.377 UTC [TRACE] PluginManager 0xc0006188c0 plugin hub.steampipe.io/plugins/turbot/csv@latest (csv) NOT started or starting - start now
2022-10-30 09:20:18.377 UTC [TRACE] ************ start plugin csv ********************
2022-10-30 09:20:18.377 UTC [WARN]  plugin configured with a nil SecureConfig
2022-10-30 09:20:18.377 UTC [DEBUG] starting plugin: path=/home/runner/.steampipe/plugins/hub.steampipe.io/plugins/turbot/csv@latest/steampipe-plugin-csv.plugin args=["/home/runner/.steampipe/plugins/hub.steampipe.io/plugins/turbot/csv@latest/steampipe-plugin-csv.plugin"]
2022-10-30 09:20:18.378 UTC [DEBUG] plugin started: path=/home/runner/.steampipe/plugins/hub.steampipe.io/plugins/turbot/csv@latest/steampipe-plugin-csv.plugin pid=1965
2022-10-30 09:20:18.378 UTC [DEBUG] waiting for RPC address: path=/home/runner/.steampipe/plugins/hub.steampipe.io/plugins/turbot/csv@latest/steampipe-plugin-csv.plugin
2022-10-30 09:20:18.385 UTC [INFO]  steampipe-plugin-csv.plugin: [INFO]  Initialise plugin 'steampipe-plugin-csv', using sdk version 4.1.7
2022-10-30 09:20:18.385 UTC [TRACE] steampipe-plugin-csv.plugin: [TRACE] no DefaultRetryConfig defined - creating empty
2022-10-30 09:20:18.385 UTC [TRACE] steampipe-plugin-csv.plugin: [TRACE] no DefaultIgnoreConfig defined - creating empty
2022-10-30 09:20:18.385 UTC [TRACE] steampipe-plugin-csv.plugin: [TRACE] Setting Ulimit: ulimit=2560
2022-10-30 09:20:18.386 UTC [TRACE] steampipe-plugin-csv.plugin: [TRACE] telemetry.Init service 'steampipe-plugin-csv', tracingEnabled: false, metricsEnabled: false
2022-10-30 09:20:18.386 UTC [TRACE] steampipe-plugin-csv.plugin: [TRACE] metrics and tracing disabled' - returning
2022-10-30 09:20:18.386 UTC [DEBUG] steampipe-plugin-csv.plugin: plugin address: address=/tmp/plugin3116861376 network=unix timestamp=2022-10-30T09:20:18.386Z
2022-10-30 09:20:18.386 UTC [DEBUG] using plugin: version=0
2022-10-30 09:20:18.386 UTC [TRACE] NewPluginClient for plugin hub.steampipe.io/plugins/turbot/csv@latest
2022-10-30 09:20:18.387 UTC [TRACE] stdio: waiting for stdio data
2022-10-30 09:20:18.388 UTC [TRACE] supportedOperations: query_cache:true multiple_connections:true
2022-10-30 09:20:18.389 UTC [TRACE] steampipe-plugin-csv.plugin: [TRACE] SetAllConnectionConfigs setting 1 configs
2022-10-30 09:20:18.389 UTC [TRACE] steampipe-plugin-csv.plugin: [TRACE] connection csv build schema and table map
2022-10-30 09:20:18.389 UTC [DEBUG] steampipe-plugin-csv.plugin: [DEBUG] csv.tableCSV: path=/home/runner/work/steampipe-samples/steampipe-samples/all/hackernews/hn_items_all.csv detected_encoding=Unknown
2022-10-30 09:20:18.389 UTC [DEBUG] steampipe-plugin-csv.plugin: [DEBUG] csv.tableCSV: path=/home/runner/work/steampipe-samples/steampipe-samples/all/hackernews/new_sc.csv detected_encoding=Unknown
2022-10-30 09:20:18.389 UTC [DEBUG] steampipe-plugin-csv.plugin: [DEBUG] csv.tableCSV: path=/home/runner/work/steampipe-samples/steampipe-samples/all/hackernews/people.csv detected_encoding=Unknown
2022-10-30 09:20:18.389 UTC [TRACE] steampipe-plugin-csv.plugin: [TRACE] initialise table /home/runner/work/steampipe-samples/steampipe-samples/all/hackernews/hn_items_all.csv
2022-10-30 09:20:18.389 UTC [TRACE] steampipe-plugin-csv.plugin: [TRACE] no DefaultRetryConfig defined - creating empty
2022-10-30 09:20:18.389 UTC [TRACE] steampipe-plugin-csv.plugin: [TRACE] no DefaultIgnoreConfig defined - creating empty
2022-10-30 09:20:18.389 UTC [TRACE] steampipe-plugin-csv.plugin: [TRACE] apply plugin defaults for DefaultRetryConfig
2022-10-30 09:20:18.389 UTC [TRACE] steampipe-plugin-csv.plugin: [TRACE] apply plugin defaults for DefaultIgnoreConfig, table &{<nil> <nil>} plugin &{<nil> <nil>}
2022-10-30 09:20:18.389 UTC [TRACE] steampipe-plugin-csv.plugin: [TRACE] DefaultRetryConfig:
2022-10-30 09:20:18.389 UTC [TRACE] steampipe-plugin-csv.plugin: [TRACE] DefaultIgnoreConfig:
2022-10-30 09:20:18.389 UTC [TRACE] steampipe-plugin-csv.plugin: [TRACE] t.List.initialise
2022-10-30 09:20:18.389 UTC [TRACE] steampipe-plugin-csv.plugin: [TRACE] ListConfig.initialise table /home/runner/work/steampipe-samples/steampipe-samples/all/hackernews/hn_items_all.csv
2022-10-30 09:20:18.389 UTC [TRACE] steampipe-plugin-csv.plugin: [TRACE] ListConfig.initialise complete: RetryConfig: , IgnoreConfig
2022-10-30 09:20:18.389 UTC [TRACE] steampipe-plugin-csv.plugin: [TRACE] back from initialiseHydrateConfigs
2022-10-30 09:20:18.389 UTC [TRACE] steampipe-plugin-csv.plugin: [TRACE] initialise table /home/runner/work/steampipe-samples/steampipe-samples/all/hackernews/hn_items_all.csv COMPLETE
2022-10-30 09:20:18.389 UTC [TRACE] steampipe-plugin-csv.plugin: [TRACE] initialise table /home/runner/work/steampipe-samples/steampipe-samples/all/hackernews/new_sc.csv
2022-10-30 09:20:18.389 UTC [TRACE] steampipe-plugin-csv.plugin: [TRACE] no DefaultRetryConfig defined - creating empty
2022-10-30 09:20:18.389 UTC [TRACE] steampipe-plugin-csv.plugin: [TRACE] no DefaultIgnoreConfig defined - creating empty
2022-10-30 09:20:18.389 UTC [TRACE] steampipe-plugin-csv.plugin: [TRACE] apply plugin defaults for DefaultRetryConfig
2022-10-30 09:20:18.389 UTC [TRACE] steampipe-plugin-csv.plugin: [TRACE] apply plugin defaults for DefaultIgnoreConfig, table &{<nil> <nil>} plugin &{<nil> <nil>}
2022-10-30 09:20:18.389 UTC [TRACE] steampipe-plugin-csv.plugin: [TRACE] DefaultRetryConfig:
2022-10-30 09:20:18.389 UTC [TRACE] steampipe-plugin-csv.plugin: [TRACE] DefaultIgnoreConfig:
2022-10-30 09:20:18.389 UTC [TRACE] steampipe-plugin-csv.plugin: [TRACE] t.List.initialise
2022-10-30 09:20:18.389 UTC [TRACE] steampipe-plugin-csv.plugin: [TRACE] ListConfig.initialise table /home/runner/work/steampipe-samples/steampipe-samples/all/hackernews/new_sc.csv
2022-10-30 09:20:18.389 UTC [TRACE] steampipe-plugin-csv.plugin: [TRACE] ListConfig.initialise complete: RetryConfig: , IgnoreConfig
2022-10-30 09:20:18.389 UTC [TRACE] steampipe-plugin-csv.plugin: [TRACE] back from initialiseHydrateConfigs
2022-10-30 09:20:18.389 UTC [TRACE] steampipe-plugin-csv.plugin: [TRACE] initialise table /home/runner/work/steampipe-samples/steampipe-samples/all/hackernews/new_sc.csv COMPLETE
2022-10-30 09:20:18.389 UTC [TRACE] steampipe-plugin-csv.plugin: [TRACE] initialise table /home/runner/work/steampipe-samples/steampipe-samples/all/hackernews/people.csv
2022-10-30 09:20:18.389 UTC [TRACE] steampipe-plugin-csv.plugin: [TRACE] no DefaultRetryConfig defined - creating empty
2022-10-30 09:20:18.389 UTC [TRACE] steampipe-plugin-csv.plugin: [TRACE] no DefaultIgnoreConfig defined - creating empty
2022-10-30 09:20:18.389 UTC [TRACE] steampipe-plugin-csv.plugin: [TRACE] apply plugin defaults for DefaultRetryConfig
2022-10-30 09:20:18.389 UTC [TRACE] steampipe-plugin-csv.plugin: [TRACE] apply plugin defaults for DefaultIgnoreConfig, table &{<nil> <nil>} plugin &{<nil> <nil>}
2022-10-30 09:20:18.389 UTC [TRACE] steampipe-plugin-csv.plugin: [TRACE] DefaultRetryConfig:
2022-10-30 09:20:18.389 UTC [TRACE] steampipe-plugin-csv.plugin: [TRACE] DefaultIgnoreConfig:
2022-10-30 09:20:18.389 UTC [TRACE] steampipe-plugin-csv.plugin: [TRACE] t.List.initialise
2022-10-30 09:20:18.389 UTC [TRACE] steampipe-plugin-csv.plugin: [TRACE] ListConfig.initialise table /home/runner/work/steampipe-samples/steampipe-samples/all/hackernews/people.csv
2022-10-30 09:20:18.389 UTC [TRACE] steampipe-plugin-csv.plugin: [TRACE] ListConfig.initialise complete: RetryConfig: , IgnoreConfig
2022-10-30 09:20:18.389 UTC [TRACE] steampipe-plugin-csv.plugin: [TRACE] back from initialiseHydrateConfigs
2022-10-30 09:20:18.389 UTC [TRACE] steampipe-plugin-csv.plugin: [TRACE] initialise table /home/runner/work/steampipe-samples/steampipe-samples/all/hackernews/people.csv COMPLETE
2022-10-30 09:20:18.389 UTC [TRACE] steampipe-plugin-csv.plugin: [TRACE] validate plugin steampipe-plugin-csv, required columns []
2022-10-30 09:20:18.389 UTC [TRACE] steampipe-plugin-csv.plugin: [TRACE] validate DefaultRetryConfig
2022-10-30 09:20:18.389 UTC [TRACE] steampipe-plugin-csv.plugin: [TRACE] validate DefaultIgnoreConfig
2022-10-30 09:20:18.389 UTC [TRACE] steampipe-plugin-csv.plugin: [TRACE] validate table names
2022-10-30 09:20:18.389 UTC [TRACE] steampipe-plugin-csv.plugin: [TRACE] plugin has 0 validation errors
2022-10-30 09:20:18.389 UTC [TRACE] steampipe-plugin-csv.plugin: [TRACE] Plugin ensureCache creating cache, maxCacheStorageMb 0
2022-10-30 09:20:18.389 UTC [TRACE] steampipe-plugin-csv.plugin: [TRACE] createCacheStore for plugin 'steampipe-plugin-csv' setting max size to 0Mb, Shards: 2, max shard size: 0
2022-10-30 09:20:18.405 UTC [INFO]  steampipe-plugin-csv.plugin: [INFO]  query cache created
2022-10-30 09:20:18.405 UTC [DEBUG] steampipe-plugin-csv.plugin: [DEBUG] SetAllConnectionConfigs finished
2022-10-30 09:20:18.405 UTC [TRACE] PluginManager getPlugin complete, returning reattach config with PID: 1965
2022-10-30 09:20:18.405 UTC [TRACE] PluginManager Get returning reattach_map:{key:"csv" value:{protocol:"grpc" addr:{Network:"unix" Address:"/tmp/plugin3116861376"} pid:1965 supported_operations:{query_cache:true multiple_connections:true} connections:"csv" plugin:"hub.steampipe.io/plugins/turbot/csv@latest"}}
2022-10-30 09:20:18.412 UTC [TRACE] handleFileWatcherEvent ignoring first event
2022-10-30 09:20:18.491 UTC [TRACE] PluginManager Get, connections: '[csv]'
2022-10-30 09:20:18.491 UTC [TRACE] PluginManager getPlugin hub.steampipe.io/plugins/turbot/csv@latest connection 'csv'
2022-10-30 09:20:18.491 UTC [TRACE] connection csv found in connectionPluginMap
2022-10-30 09:20:18.491 UTC [TRACE] initialized: 1965
2022-10-30 09:20:18.491 UTC [TRACE] initialized: 1965
2022-10-30 09:20:18.491 UTC [TRACE] connection csv is loaded, check for running PID
2022-10-30 09:20:18.491 UTC [TRACE] PluginManager found 'csv' in map, pid 1965
2022-10-30 09:20:18.491 UTC [TRACE] PluginManager Get returning reattach_map:{key:"csv" value:{protocol:"grpc" addr:{Network:"unix" Address:"/tmp/plugin3116861376"} pid:1965 supported_operations:{query_cache:true multiple_connections:true} connections:"csv" plugin:"hub.steampipe.io/plugins/turbot/csv@latest"}}
2022-10-30 09:20:18.647 UTC [TRACE] PluginManager Get, connections: '[hackernews]'
2022-10-30 09:20:18.647 UTC [TRACE] PluginManager getPlugin hub.steampipe.io/plugins/turbot/hackernews@latest connection 'hackernews'
2022-10-30 09:20:18.647 UTC [TRACE] PluginManager 0xc0006188c0 plugin hub.steampipe.io/plugins/turbot/hackernews@latest (hackernews) NOT started or starting - start now
2022-10-30 09:20:18.647 UTC [TRACE] ************ start plugin hackernews ********************
2022-10-30 09:20:18.647 UTC [WARN]  plugin configured with a nil SecureConfig
2022-10-30 09:20:18.647 UTC [DEBUG] starting plugin: path=/home/runner/.steampipe/plugins/hub.steampipe.io/plugins/turbot/hackernews@latest/steampipe-plugin-hackernews.plugin args=["/home/runner/.steampipe/plugins/hub.steampipe.io/plugins/turbot/hackernews@latest/steampipe-plugin-hackernews.plugin"]
2022-10-30 09:20:18.647 UTC [DEBUG] plugin started: path=/home/runner/.steampipe/plugins/hub.steampipe.io/plugins/turbot/hackernews@latest/steampipe-plugin-hackernews.plugin pid=1987
2022-10-30 09:20:18.647 UTC [DEBUG] waiting for RPC address: path=/home/runner/.steampipe/plugins/hub.steampipe.io/plugins/turbot/hackernews@latest/steampipe-plugin-hackernews.plugin
2022-10-30 09:20:18.657 UTC [INFO]  steampipe-plugin-hackernews.plugin: [INFO]  Initialise plugin 'steampipe-plugin-hackernews', using sdk version 4.1.7
2022-10-30 09:20:18.657 UTC [TRACE] steampipe-plugin-hackernews.plugin: [TRACE] defaulting SchemaMode to SchemaModeStatic
2022-10-30 09:20:18.657 UTC [TRACE] steampipe-plugin-hackernews.plugin: [TRACE] no DefaultRetryConfig defined - creating empty
2022-10-30 09:20:18.657 UTC [TRACE] steampipe-plugin-hackernews.plugin: [TRACE] no DefaultIgnoreConfig defined - creating empty
2022-10-30 09:20:18.657 UTC [TRACE] steampipe-plugin-hackernews.plugin: [TRACE] Setting Ulimit: ulimit=2560
2022-10-30 09:20:18.657 UTC [TRACE] steampipe-plugin-hackernews.plugin: [TRACE] telemetry.Init service 'steampipe-plugin-hackernews', tracingEnabled: false, metricsEnabled: false
2022-10-30 09:20:18.657 UTC [TRACE] steampipe-plugin-hackernews.plugin: [TRACE] metrics and tracing disabled' - returning
2022-10-30 09:20:18.657 UTC [DEBUG] using plugin: version=0
2022-10-30 09:20:18.657 UTC [TRACE] NewPluginClient for plugin hub.steampipe.io/plugins/turbot/hackernews@latest
2022-10-30 09:20:18.658 UTC [DEBUG] steampipe-plugin-hackernews.plugin: plugin address: address=/tmp/plugin529553611 network=unix timestamp=2022-10-30T09:20:18.657Z
2022-10-30 09:20:18.659 UTC [TRACE] stdio: waiting for stdio data
2022-10-30 09:20:18.660 UTC [TRACE] supportedOperations: query_cache:true multiple_connections:true
2022-10-30 09:20:18.660 UTC [TRACE] steampipe-plugin-hackernews.plugin: [TRACE] SetAllConnectionConfigs setting 1 configs
2022-10-30 09:20:18.660 UTC [TRACE] steampipe-plugin-hackernews.plugin: [TRACE] connection hackernews build schema and table map
2022-10-30 09:20:18.660 UTC [TRACE] steampipe-plugin-hackernews.plugin: [TRACE] initialise table hackernews_best
2022-10-30 09:20:18.660 UTC [TRACE] steampipe-plugin-hackernews.plugin: [TRACE] no DefaultRetryConfig defined - creating empty
2022-10-30 09:20:18.660 UTC [TRACE] steampipe-plugin-hackernews.plugin: [TRACE] no DefaultIgnoreConfig defined - creating empty
2022-10-30 09:20:18.660 UTC [TRACE] steampipe-plugin-hackernews.plugin: [TRACE] apply plugin defaults for DefaultRetryConfig
2022-10-30 09:20:18.660 UTC [TRACE] steampipe-plugin-hackernews.plugin: [TRACE] apply plugin defaults for DefaultIgnoreConfig, table &{<nil> <nil>} plugin &{<nil> <nil>}
2022-10-30 09:20:18.660 UTC [TRACE] steampipe-plugin-hackernews.plugin: [TRACE] DefaultRetryConfig:
2022-10-30 09:20:18.660 UTC [TRACE] steampipe-plugin-hackernews.plugin: [TRACE] DefaultIgnoreConfig:
2022-10-30 09:20:18.660 UTC [TRACE] steampipe-plugin-hackernews.plugin: [TRACE] t.Get.initialise
2022-10-30 09:20:18.660 UTC [TRACE] steampipe-plugin-hackernews.plugin: [TRACE] GetConfig.initialise table hackernews_best
2022-10-30 09:20:18.660 UTC [TRACE] steampipe-plugin-hackernews.plugin: [TRACE] GetConfig.initialise complete: RetryConfig: , IgnoreConfig:
2022-10-30 09:20:18.660 UTC [TRACE] steampipe-plugin-hackernews.plugin: [TRACE] t.List.initialise
2022-10-30 09:20:18.660 UTC [TRACE] steampipe-plugin-hackernews.plugin: [TRACE] ListConfig.initialise table hackernews_best
2022-10-30 09:20:18.660 UTC [TRACE] steampipe-plugin-hackernews.plugin: [TRACE] ListConfig.initialise complete: RetryConfig: , IgnoreConfig
2022-10-30 09:20:18.660 UTC [TRACE] steampipe-plugin-hackernews.plugin: [TRACE] HydrateConfig.initialise func getItem, table hackernews_best
2022-10-30 09:20:18.660 UTC [TRACE] steampipe-plugin-hackernews.plugin: [TRACE] HydrateConfig.initialise complete: RetryConfig: , IgnoreConfig:
2022-10-30 09:20:18.660 UTC [TRACE] steampipe-plugin-hackernews.plugin: [TRACE] back from initialiseHydrateConfigs
2022-10-30 09:20:18.660 UTC [TRACE] steampipe-plugin-hackernews.plugin: [TRACE] initialise table hackernews_best COMPLETE
2022-10-30 09:20:18.660 UTC [TRACE] steampipe-plugin-hackernews.plugin: [TRACE] initialise table hackernews_item
2022-10-30 09:20:18.660 UTC [TRACE] steampipe-plugin-hackernews.plugin: [TRACE] no DefaultRetryConfig defined - creating empty
2022-10-30 09:20:18.660 UTC [TRACE] steampipe-plugin-hackernews.plugin: [TRACE] no DefaultIgnoreConfig defined - creating empty
2022-10-30 09:20:18.660 UTC [TRACE] steampipe-plugin-hackernews.plugin: [TRACE] apply plugin defaults for DefaultRetryConfig
2022-10-30 09:20:18.660 UTC [TRACE] steampipe-plugin-hackernews.plugin: [TRACE] apply plugin defaults for DefaultIgnoreConfig, table &{<nil> <nil>} plugin &{<nil> <nil>}
2022-10-30 09:20:18.660 UTC [TRACE] steampipe-plugin-hackernews.plugin: [TRACE] DefaultRetryConfig:
2022-10-30 09:20:18.660 UTC [TRACE] steampipe-plugin-hackernews.plugin: [TRACE] DefaultIgnoreConfig:
2022-10-30 09:20:18.660 UTC [TRACE] steampipe-plugin-hackernews.plugin: [TRACE] t.Get.initialise
2022-10-30 09:20:18.660 UTC [TRACE] steampipe-plugin-hackernews.plugin: [TRACE] GetConfig.initialise table hackernews_item
2022-10-30 09:20:18.660 UTC [TRACE] steampipe-plugin-hackernews.plugin: [TRACE] GetConfig.initialise complete: RetryConfig: , IgnoreConfig:
2022-10-30 09:20:18.660 UTC [TRACE] steampipe-plugin-hackernews.plugin: [TRACE] t.List.initialise
2022-10-30 09:20:18.660 UTC [TRACE] steampipe-plugin-hackernews.plugin: [TRACE] ListConfig.initialise table hackernews_item
2022-10-30 09:20:18.660 UTC [TRACE] steampipe-plugin-hackernews.plugin: [TRACE] ListConfig.initialise complete: RetryConfig: , IgnoreConfig
2022-10-30 09:20:18.660 UTC [TRACE] steampipe-plugin-hackernews.plugin: [TRACE] HydrateConfig.initialise func getItem, table hackernews_item
2022-10-30 09:20:18.660 UTC [TRACE] steampipe-plugin-hackernews.plugin: [TRACE] HydrateConfig.initialise complete: RetryConfig: , IgnoreConfig:
2022-10-30 09:20:18.660 UTC [TRACE] steampipe-plugin-hackernews.plugin: [TRACE] back from initialiseHydrateConfigs
2022-10-30 09:20:18.660 UTC [TRACE] steampipe-plugin-hackernews.plugin: [TRACE] initialise table hackernews_item COMPLETE
2022-10-30 09:20:18.660 UTC [TRACE] steampipe-plugin-hackernews.plugin: [TRACE] initialise table hackernews_job
2022-10-30 09:20:18.660 UTC [TRACE] steampipe-plugin-hackernews.plugin: [TRACE] no DefaultRetryConfig defined - creating empty
2022-10-30 09:20:18.660 UTC [TRACE] steampipe-plugin-hackernews.plugin: [TRACE] no DefaultIgnoreConfig defined - creating empty
2022-10-30 09:20:18.660 UTC [TRACE] steampipe-plugin-hackernews.plugin: [TRACE] apply plugin defaults for DefaultRetryConfig
2022-10-30 09:20:18.660 UTC [TRACE] steampipe-plugin-hackernews.plugin: [TRACE] apply plugin defaults for DefaultIgnoreConfig, table &{<nil> <nil>} plugin &{<nil> <nil>}
2022-10-30 09:20:18.660 UTC [TRACE] steampipe-plugin-hackernews.plugin: [TRACE] DefaultRetryConfig:
2022-10-30 09:20:18.660 UTC [TRACE] steampipe-plugin-hackernews.plugin: [TRACE] DefaultIgnoreConfig:
2022-10-30 09:20:18.660 UTC [TRACE] steampipe-plugin-hackernews.plugin: [TRACE] t.Get.initialise
2022-10-30 09:20:18.660 UTC [TRACE] steampipe-plugin-hackernews.plugin: [TRACE] GetConfig.initialise table hackernews_job
2022-10-30 09:20:18.660 UTC [TRACE] steampipe-plugin-hackernews.plugin: [TRACE] GetConfig.initialise complete: RetryConfig: , IgnoreConfig:
2022-10-30 09:20:18.660 UTC [TRACE] steampipe-plugin-hackernews.plugin: [TRACE] t.List.initialise
2022-10-30 09:20:18.660 UTC [TRACE] steampipe-plugin-hackernews.plugin: [TRACE] ListConfig.initialise table hackernews_job
2022-10-30 09:20:18.660 UTC [TRACE] steampipe-plugin-hackernews.plugin: [TRACE] ListConfig.initialise complete: RetryConfig: , IgnoreConfig
2022-10-30 09:20:18.660 UTC [TRACE] steampipe-plugin-hackernews.plugin: [TRACE] HydrateConfig.initialise func getItem, table hackernews_job
2022-10-30 09:20:18.660 UTC [TRACE] steampipe-plugin-hackernews.plugin: [TRACE] HydrateConfig.initialise complete: RetryConfig: , IgnoreConfig:
2022-10-30 09:20:18.660 UTC [TRACE] steampipe-plugin-hackernews.plugin: [TRACE] back from initialiseHydrateConfigs
2022-10-30 09:20:18.660 UTC [TRACE] steampipe-plugin-hackernews.plugin: [TRACE] initialise table hackernews_job COMPLETE
2022-10-30 09:20:18.660 UTC [TRACE] steampipe-plugin-hackernews.plugin: [TRACE] initialise table hackernews_new
2022-10-30 09:20:18.660 UTC [TRACE] steampipe-plugin-hackernews.plugin: [TRACE] no DefaultRetryConfig defined - creating empty
2022-10-30 09:20:18.660 UTC [TRACE] steampipe-plugin-hackernews.plugin: [TRACE] no DefaultIgnoreConfig defined - creating empty
2022-10-30 09:20:18.660 UTC [TRACE] steampipe-plugin-hackernews.plugin: [TRACE] apply plugin defaults for DefaultRetryConfig
2022-10-30 09:20:18.660 UTC [TRACE] steampipe-plugin-hackernews.plugin: [TRACE] apply plugin defaults for DefaultIgnoreConfig, table &{<nil> <nil>} plugin &{<nil> <nil>}
2022-10-30 09:20:18.660 UTC [TRACE] steampipe-plugin-hackernews.plugin: [TRACE] DefaultRetryConfig:
2022-10-30 09:20:18.660 UTC [TRACE] steampipe-plugin-hackernews.plugin: [TRACE] DefaultIgnoreConfig:
2022-10-30 09:20:18.660 UTC [TRACE] steampipe-plugin-hackernews.plugin: [TRACE] t.Get.initialise
2022-10-30 09:20:18.660 UTC [TRACE] steampipe-plugin-hackernews.plugin: [TRACE] GetConfig.initialise table hackernews_new
2022-10-30 09:20:18.660 UTC [TRACE] steampipe-plugin-hackernews.plugin: [TRACE] GetConfig.initialise complete: RetryConfig: , IgnoreConfig:
2022-10-30 09:20:18.660 UTC [TRACE] steampipe-plugin-hackernews.plugin: [TRACE] t.List.initialise
2022-10-30 09:20:18.660 UTC [TRACE] steampipe-plugin-hackernews.plugin: [TRACE] ListConfig.initialise table hackernews_new
2022-10-30 09:20:18.660 UTC [TRACE] steampipe-plugin-hackernews.plugin: [TRACE] ListConfig.initialise complete: RetryConfig: , IgnoreConfig
2022-10-30 09:20:18.660 UTC [TRACE] steampipe-plugin-hackernews.plugin: [TRACE] HydrateConfig.initialise func getItem, table hackernews_new
2022-10-30 09:20:18.660 UTC [TRACE] steampipe-plugin-hackernews.plugin: [TRACE] HydrateConfig.initialise complete: RetryConfig: , IgnoreConfig:
2022-10-30 09:20:18.660 UTC [TRACE] steampipe-plugin-hackernews.plugin: [TRACE] back from initialiseHydrateConfigs
2022-10-30 09:20:18.660 UTC [TRACE] steampipe-plugin-hackernews.plugin: [TRACE] initialise table hackernews_new COMPLETE
2022-10-30 09:20:18.660 UTC [TRACE] steampipe-plugin-hackernews.plugin: [TRACE] initialise table hackernews_show_hn
2022-10-30 09:20:18.660 UTC [TRACE] steampipe-plugin-hackernews.plugin: [TRACE] no DefaultRetryConfig defined - creating empty
2022-10-30 09:20:18.660 UTC [TRACE] steampipe-plugin-hackernews.plugin: [TRACE] no DefaultIgnoreConfig defined - creating empty
2022-10-30 09:20:18.660 UTC [TRACE] steampipe-plugin-hackernews.plugin: [TRACE] apply plugin defaults for DefaultRetryConfig
2022-10-30 09:20:18.660 UTC [TRACE] steampipe-plugin-hackernews.plugin: [TRACE] apply plugin defaults for DefaultIgnoreConfig, table &{<nil> <nil>} plugin &{<nil> <nil>}
2022-10-30 09:20:18.660 UTC [TRACE] steampipe-plugin-hackernews.plugin: [TRACE] DefaultRetryConfig:
2022-10-30 09:20:18.660 UTC [TRACE] steampipe-plugin-hackernews.plugin: [TRACE] DefaultIgnoreConfig:
2022-10-30 09:20:18.660 UTC [TRACE] steampipe-plugin-hackernews.plugin: [TRACE] t.Get.initialise
2022-10-30 09:20:18.660 UTC [TRACE] steampipe-plugin-hackernews.plugin: [TRACE] GetConfig.initialise table hackernews_show_hn
2022-10-30 09:20:18.660 UTC [TRACE] steampipe-plugin-hackernews.plugin: [TRACE] GetConfig.initialise complete: RetryConfig: , IgnoreConfig:
2022-10-30 09:20:18.660 UTC [TRACE] steampipe-plugin-hackernews.plugin: [TRACE] t.List.initialise
2022-10-30 09:20:18.660 UTC [TRACE] steampipe-plugin-hackernews.plugin: [TRACE] ListConfig.initialise table hackernews_show_hn
2022-10-30 09:20:18.661 UTC [TRACE] steampipe-plugin-hackernews.plugin: [TRACE] ListConfig.initialise complete: RetryConfig: , IgnoreConfig
2022-10-30 09:20:18.661 UTC [TRACE] steampipe-plugin-hackernews.plugin: [TRACE] HydrateConfig.initialise func getItem, table hackernews_show_hn
2022-10-30 09:20:18.661 UTC [TRACE] steampipe-plugin-hackernews.plugin: [TRACE] HydrateConfig.initialise complete: RetryConfig: , IgnoreConfig:
2022-10-30 09:20:18.661 UTC [TRACE] steampipe-plugin-hackernews.plugin: [TRACE] back from initialiseHydrateConfigs
2022-10-30 09:20:18.661 UTC [TRACE] steampipe-plugin-hackernews.plugin: [TRACE] initialise table hackernews_show_hn COMPLETE
2022-10-30 09:20:18.661 UTC [TRACE] steampipe-plugin-hackernews.plugin: [TRACE] initialise table hackernews_top
2022-10-30 09:20:18.661 UTC [TRACE] steampipe-plugin-hackernews.plugin: [TRACE] no DefaultRetryConfig defined - creating empty
2022-10-30 09:20:18.661 UTC [TRACE] steampipe-plugin-hackernews.plugin: [TRACE] no DefaultIgnoreConfig defined - creating empty
2022-10-30 09:20:18.661 UTC [TRACE] steampipe-plugin-hackernews.plugin: [TRACE] apply plugin defaults for DefaultRetryConfig
2022-10-30 09:20:18.661 UTC [TRACE] steampipe-plugin-hackernews.plugin: [TRACE] apply plugin defaults for DefaultIgnoreConfig, table &{<nil> <nil>} plugin &{<nil> <nil>}
2022-10-30 09:20:18.661 UTC [TRACE] steampipe-plugin-hackernews.plugin: [TRACE] DefaultRetryConfig:
2022-10-30 09:20:18.661 UTC [TRACE] steampipe-plugin-hackernews.plugin: [TRACE] DefaultIgnoreConfig:
2022-10-30 09:20:18.661 UTC [TRACE] steampipe-plugin-hackernews.plugin: [TRACE] t.Get.initialise
2022-10-30 09:20:18.661 UTC [TRACE] steampipe-plugin-hackernews.plugin: [TRACE] GetConfig.initialise table hackernews_top
2022-10-30 09:20:18.661 UTC [TRACE] steampipe-plugin-hackernews.plugin: [TRACE] GetConfig.initialise complete: RetryConfig: , IgnoreConfig:
2022-10-30 09:20:18.661 UTC [TRACE] steampipe-plugin-hackernews.plugin: [TRACE] t.List.initialise
2022-10-30 09:20:18.661 UTC [TRACE] steampipe-plugin-hackernews.plugin: [TRACE] ListConfig.initialise table hackernews_top
2022-10-30 09:20:18.661 UTC [TRACE] steampipe-plugin-hackernews.plugin: [TRACE] ListConfig.initialise complete: RetryConfig: , IgnoreConfig
2022-10-30 09:20:18.661 UTC [TRACE] steampipe-plugin-hackernews.plugin: [TRACE] HydrateConfig.initialise func getItem, table hackernews_top
2022-10-30 09:20:18.661 UTC [TRACE] steampipe-plugin-hackernews.plugin: [TRACE] HydrateConfig.initialise complete: RetryConfig: , IgnoreConfig:
2022-10-30 09:20:18.661 UTC [TRACE] steampipe-plugin-hackernews.plugin: [TRACE] back from initialiseHydrateConfigs
2022-10-30 09:20:18.661 UTC [TRACE] steampipe-plugin-hackernews.plugin: [TRACE] initialise table hackernews_top COMPLETE
2022-10-30 09:20:18.661 UTC [TRACE] steampipe-plugin-hackernews.plugin: [TRACE] initialise table hackernews_user
2022-10-30 09:20:18.661 UTC [TRACE] steampipe-plugin-hackernews.plugin: [TRACE] no DefaultRetryConfig defined - creating empty
2022-10-30 09:20:18.661 UTC [TRACE] steampipe-plugin-hackernews.plugin: [TRACE] no DefaultIgnoreConfig defined - creating empty
2022-10-30 09:20:18.661 UTC [TRACE] steampipe-plugin-hackernews.plugin: [TRACE] apply plugin defaults for DefaultRetryConfig
2022-10-30 09:20:18.661 UTC [TRACE] steampipe-plugin-hackernews.plugin: [TRACE] apply plugin defaults for DefaultIgnoreConfig, table &{<nil> <nil>} plugin &{<nil> <nil>}
2022-10-30 09:20:18.661 UTC [TRACE] steampipe-plugin-hackernews.plugin: [TRACE] DefaultRetryConfig:
2022-10-30 09:20:18.661 UTC [TRACE] steampipe-plugin-hackernews.plugin: [TRACE] DefaultIgnoreConfig:
2022-10-30 09:20:18.661 UTC [TRACE] steampipe-plugin-hackernews.plugin: [TRACE] t.List.initialise
2022-10-30 09:20:18.661 UTC [TRACE] steampipe-plugin-hackernews.plugin: [TRACE] ListConfig.initialise table hackernews_user
2022-10-30 09:20:18.661 UTC [TRACE] steampipe-plugin-hackernews.plugin: [TRACE] ListConfig.initialise complete: RetryConfig: , IgnoreConfig
2022-10-30 09:20:18.661 UTC [TRACE] steampipe-plugin-hackernews.plugin: [TRACE] back from initialiseHydrateConfigs
2022-10-30 09:20:18.661 UTC [TRACE] steampipe-plugin-hackernews.plugin: [TRACE] initialise table hackernews_user COMPLETE
2022-10-30 09:20:18.661 UTC [TRACE] steampipe-plugin-hackernews.plugin: [TRACE] initialise table hackernews_ask_hn
2022-10-30 09:20:18.661 UTC [TRACE] steampipe-plugin-hackernews.plugin: [TRACE] no DefaultRetryConfig defined - creating empty
2022-10-30 09:20:18.661 UTC [TRACE] steampipe-plugin-hackernews.plugin: [TRACE] no DefaultIgnoreConfig defined - creating empty
2022-10-30 09:20:18.661 UTC [TRACE] steampipe-plugin-hackernews.plugin: [TRACE] apply plugin defaults for DefaultRetryConfig
2022-10-30 09:20:18.661 UTC [TRACE] steampipe-plugin-hackernews.plugin: [TRACE] apply plugin defaults for DefaultIgnoreConfig, table &{<nil> <nil>} plugin &{<nil> <nil>}
2022-10-30 09:20:18.661 UTC [TRACE] steampipe-plugin-hackernews.plugin: [TRACE] DefaultRetryConfig:
2022-10-30 09:20:18.661 UTC [TRACE] steampipe-plugin-hackernews.plugin: [TRACE] DefaultIgnoreConfig:
2022-10-30 09:20:18.661 UTC [TRACE] steampipe-plugin-hackernews.plugin: [TRACE] t.Get.initialise
2022-10-30 09:20:18.661 UTC [TRACE] steampipe-plugin-hackernews.plugin: [TRACE] GetConfig.initialise table hackernews_ask_hn
2022-10-30 09:20:18.661 UTC [TRACE] steampipe-plugin-hackernews.plugin: [TRACE] GetConfig.initialise complete: RetryConfig: , IgnoreConfig:
2022-10-30 09:20:18.661 UTC [TRACE] steampipe-plugin-hackernews.plugin: [TRACE] t.List.initialise
2022-10-30 09:20:18.661 UTC [TRACE] steampipe-plugin-hackernews.plugin: [TRACE] ListConfig.initialise table hackernews_ask_hn
2022-10-30 09:20:18.661 UTC [TRACE] steampipe-plugin-hackernews.plugin: [TRACE] ListConfig.initialise complete: RetryConfig: , IgnoreConfig
2022-10-30 09:20:18.661 UTC [TRACE] steampipe-plugin-hackernews.plugin: [TRACE] HydrateConfig.initialise func getItem, table hackernews_ask_hn
2022-10-30 09:20:18.661 UTC [TRACE] steampipe-plugin-hackernews.plugin: [TRACE] HydrateConfig.initialise complete: RetryConfig: , IgnoreConfig:
2022-10-30 09:20:18.661 UTC [TRACE] steampipe-plugin-hackernews.plugin: [TRACE] back from initialiseHydrateConfigs
2022-10-30 09:20:18.661 UTC [TRACE] steampipe-plugin-hackernews.plugin: [TRACE] initialise table hackernews_ask_hn COMPLETE
2022-10-30 09:20:18.661 UTC [TRACE] steampipe-plugin-hackernews.plugin: [TRACE] validate plugin steampipe-plugin-hackernews, required columns []
2022-10-30 09:20:18.661 UTC [TRACE] steampipe-plugin-hackernews.plugin: [TRACE] validate DefaultRetryConfig
2022-10-30 09:20:18.661 UTC [TRACE] steampipe-plugin-hackernews.plugin: [TRACE] validate DefaultIgnoreConfig
2022-10-30 09:20:18.661 UTC [TRACE] steampipe-plugin-hackernews.plugin: [TRACE] validate table names
2022-10-30 09:20:18.661 UTC [TRACE] steampipe-plugin-hackernews.plugin: [TRACE] plugin has 0 validation errors
2022-10-30 09:20:18.661 UTC [TRACE] steampipe-plugin-hackernews.plugin: [TRACE] Plugin ensureCache creating cache, maxCacheStorageMb 0
2022-10-30 09:20:18.661 UTC [TRACE] steampipe-plugin-hackernews.plugin: [TRACE] createCacheStore for plugin 'steampipe-plugin-hackernews' setting max size to 0Mb, Shards: 2, max shard size: 0
2022-10-30 09:20:18.674 UTC [INFO]  steampipe-plugin-hackernews.plugin: [INFO]  query cache created
2022-10-30 09:20:18.674 UTC [DEBUG] steampipe-plugin-hackernews.plugin: [DEBUG] SetAllConnectionConfigs finished
2022-10-30 09:20:18.674 UTC [TRACE] PluginManager getPlugin complete, returning reattach config with PID: 1987
2022-10-30 09:20:18.674 UTC [TRACE] PluginManager Get returning reattach_map:{key:"hackernews" value:{protocol:"grpc" addr:{Network:"unix" Address:"/tmp/plugin529553611"} pid:1987 supported_operations:{query_cache:true multiple_connections:true} connections:"hackernews" plugin:"hub.steampipe.io/plugins/turbot/hackernews@latest"}}
2022-10-30 09:20:18.679 UTC [INFO]  steampipe-plugin-hackernews.plugin: [INFO]  166712161898: Plugin Execute (166712161898)
2022-10-30 09:20:18.679 UTC [TRACE] steampipe-plugin-hackernews.plugin: [TRACE] 166712161898: No memory limit set
2022-10-30 09:20:18.679 UTC [INFO]  steampipe-plugin-hackernews.plugin: [INFO]  166712161898: Plugin Execute, setting memory limit to -1Mb
2022-10-30 09:20:18.679 UTC [TRACE] steampipe-plugin-hackernews.plugin: [TRACE] 166712161898: calling ExtractContextFromCarrier
2022-10-30 09:20:18.679 UTC [INFO]  steampipe-plugin-hackernews.plugin: [INFO]  166712161898: Setting max concurrent connections to 25
2022-10-30 09:20:18.679 UTC [TRACE] steampipe-plugin-hackernews.plugin: [TRACE] 166712161898: executeForConnection callId: 166712161898, connectionCallId: hackernews-166712161898, connection: hackernews table: hackernews_new cols: id,title,time,by,score,dead,deleted,descendants,kids,parent,parts,poll,text,type,url,_ctx
2022-10-30 09:20:18.679 UTC [TRACE] steampipe-plugin-hackernews.plugin: [TRACE] 166712161898: got connection data
2022-10-30 09:20:18.679 UTC [TRACE] steampipe-plugin-hackernews.plugin: [TRACE] 166712161898: Got query context, table: hackernews_new, cols: [id title time by score dead deleted descendants kids parent parts poll text type url _ctx]
2022-10-30 09:20:18.679 UTC [TRACE] steampipe-plugin-hackernews.plugin: [TRACE] 166712161898: Start execute span
2022-10-30 09:20:18.679 UTC [INFO]  steampipe-plugin-hackernews.plugin: [INFO]  166712161898: Setting free memory interval to 100 rows
2022-10-30 09:20:18.679 UTC [TRACE] steampipe-plugin-hackernews.plugin: [TRACE] 166712161898: setFetchType map[time:quals:{fieldName:"time"  string_value:">"  value:{timestamp_value:{seconds:1667118018  nanos:629630000}}}]
2022-10-30 09:20:18.680 UTC [TRACE] steampipe-plugin-hackernews.plugin: [TRACE] 166712161898: getMatchingQuals column:'id' operator: =
2022-10-30 09:20:18.680 UTC [TRACE] steampipe-plugin-hackernews.plugin: [TRACE] 166712161898: getMatchingQuals returning false - qualMap does not contain any quals for column id
2022-10-30 09:20:18.680 UTC [TRACE] steampipe-plugin-hackernews.plugin: [TRACE] 166712161898: GetUnsatisfiedKeyColumns for columns column:'id' operator: =
2022-10-30 09:20:18.681 UTC [TRACE] steampipe-plugin-hackernews.plugin: [TRACE] 166712161898: key column NOT satisfied column:'id' operator: =
2022-10-30 09:20:18.681 UTC [TRACE] steampipe-plugin-hackernews.plugin: [TRACE] 166712161898: satisfied: map[any_of: optional: required:]
2022-10-30 09:20:18.682 UTC [TRACE] steampipe-plugin-hackernews.plugin: [TRACE] 166712161898: unsatisfied: map[any_of: optional: required:column:'id' operator: =]
2022-10-30 09:20:18.682 UTC [TRACE] steampipe-plugin-hackernews.plugin: [TRACE] 166712161898: unsatisfied required KeyColumns: column:'id' operator: =
2022-10-30 09:20:18.682 UTC [TRACE] steampipe-plugin-hackernews.plugin: [TRACE] 166712161898: Set fetchType to fetchTypeList
2022-10-30 09:20:18.682 UTC [TRACE] steampipe-plugin-hackernews.plugin: [TRACE] 166712161898: Equals key column quals:
2022-10-30 09:20:18.682 UTC [DEBUG] steampipe-plugin-hackernews.plugin: {}
2022-10-30 09:20:18.682 UTC [TRACE] steampipe-plugin-hackernews.plugin: [TRACE] 166712161898: All key column quals:
2022-10-30 09:20:18.682 UTC [DEBUG] steampipe-plugin-hackernews.plugin: {}
2022-10-30 09:20:18.682 UTC [TRACE] steampipe-plugin-hackernews.plugin: [TRACE] 166712161898: GetMatrixItem
2022-10-30 09:20:18.682 UTC [TRACE] steampipe-plugin-hackernews.plugin: [TRACE] 166712161898: creating query data
2022-10-30 09:20:18.682 UTC [INFO]  steampipe-plugin-hackernews.plugin: [INFO]  166712161898: cacheEnabled, trying cache get (hackernews-166712161898)
2022-10-30 09:20:18.682 UTC [TRACE] steampipe-plugin-hackernews.plugin: [TRACE] 166712161898: QueryCache Get - indexBucketKey index__hackernewshackernews_new, quals
2022-10-30 09:20:18.682 UTC [TRACE] steampipe-plugin-hackernews.plugin: [TRACE] 166712161898: QueryCache getCachedQueryResult - table hackernews_new, connectionName hackernews
2022-10-30 09:20:18.682 UTC [TRACE] steampipe-plugin-hackernews.plugin: [TRACE] 166712161898: index bucket key: index__hackernewshackernews_new ttlSeconds 300 limit: -1
2022-10-30 09:20:18.682 UTC [TRACE] steampipe-plugin-hackernews.plugin: [TRACE] 166712161898: doGet cache miss
2022-10-30 09:20:18.682 UTC [TRACE] steampipe-plugin-hackernews.plugin: [TRACE] 166712161898: getCachedIndexBucket - no item retrieved for cache key index__hackernewshackernews_new
2022-10-30 09:20:18.682 UTC [TRACE] steampipe-plugin-hackernews.plugin: [TRACE] 166712161898: getCachedQueryResult returned CACHE MISS - checking for pending transfers
2022-10-30 09:20:18.682 UTC [TRACE] steampipe-plugin-hackernews.plugin: [TRACE] 166712161898: getPendingResultItem indexBucketKey index__hackernewshackernews_new, columns [id title time by score dead deleted descendants kids parent parts poll text type url _ctx], limit -1
2022-10-30 09:20:18.682 UTC [TRACE] steampipe-plugin-hackernews.plugin: [TRACE] 166712161898: no pending index item - add pending result, indexBucketKey index__hackernewshackernews_new
2022-10-30 09:20:18.682 UTC [TRACE] steampipe-plugin-hackernews.plugin: [TRACE] 166712161898: addPendingResult (hackernews-166712161898) indexBucketKey index__hackernewshackernews_new, columns [id title time by score dead deleted descendants kids parent parts poll text type url _ctx], limit -1
2022-10-30 09:20:18.682 UTC [TRACE] steampipe-plugin-hackernews.plugin: [TRACE] 166712161898: no index bucket found - creating one
2022-10-30 09:20:18.682 UTC [TRACE] steampipe-plugin-hackernews.plugin: [TRACE] 166712161898: pendingIndexItem Lock count before 0
2022-10-30 09:20:18.682 UTC [TRACE] steampipe-plugin-hackernews.plugin: [TRACE] 166712161898: addPendingResult added pending index item to bucket, (hackernews-166712161898) indexBucketKey index__hackernewshackernews_new, resultKeyRoot hackernewshackernews_newid,title,time,by,score,dead,deleted,descendants,kids,parent,parts,poll,text,type,url,_ctx-1, pending item : 0xc0003a57d0
2022-10-30 09:20:18.682 UTC [TRACE] steampipe-plugin-hackernews.plugin: [TRACE] 166712161898: **** pending items (hackernews-166712161898)****
2022-10-30 09:20:18.682 UTC [TRACE] steampipe-plugin-hackernews.plugin: [TRACE] 166712161898: key: index__hackernewshackernews_new: item: 0xc0003a57d0, count: 1, key:hackernewshackernews_newid,title,time,by,score,dead,deleted,descendants,kids,parent,parts,poll,text,type,url,_ctx-1
2022-10-30 09:20:18.682 UTC [TRACE] steampipe-plugin-hackernews.plugin: [TRACE] 166712161898: ********
2022-10-30 09:20:18.682 UTC [TRACE] steampipe-plugin-hackernews.plugin: [TRACE] 166712161898: getPendingResultItem returning <nil>
2022-10-30 09:20:18.682 UTC [INFO]  steampipe-plugin-hackernews.plugin: [INFO]  166712161898: CACHE MISS
2022-10-30 09:20:18.682 UTC [TRACE] steampipe-plugin-hackernews.plugin: [TRACE] 166712161898: cache MISS
2022-10-30 09:20:18.682 UTC [INFO]  steampipe-plugin-hackernews.plugin: [INFO]  166712161898: queryCacheGet returned CACHE MISS (hackernews-166712161898)
2022-10-30 09:20:18.682 UTC [TRACE] steampipe-plugin-hackernews.plugin: [TRACE] 166712161898: StartSet (hackernews-166712161898)
2022-10-30 09:20:18.682 UTC [TRACE] steampipe-plugin-hackernews.plugin: [TRACE] 166712161898: calling fetchItems, table: hackernews_new, matrixItem: [], limit: -1,  connectionCallId: hackernews-166712161898"
2022-10-30 09:20:18.682 UTC [TRACE] steampipe-plugin-hackernews.plugin: [TRACE] 166712161898: buildRowsAsync connectionCallId: hackernews-166712161898
2022-10-30 09:20:18.682 UTC [TRACE] steampipe-plugin-hackernews.plugin: [TRACE] 166712161898: streamRows connectionCallId: hackernews-166712161898
2022-10-30 09:20:18.682 UTC [TRACE] steampipe-plugin-hackernews.plugin: [TRACE] 166712161898: QueryData streamRows (hackernews-166712161898)
2022-10-30 09:20:18.682 UTC [TRACE] steampipe-plugin-hackernews.plugin: [TRACE] 166712161898: executeListCall START (hackernews-166712161898)
2022-10-30 09:20:18.682 UTC [TRACE] steampipe-plugin-hackernews.plugin: [TRACE] 166712161898: GetUnsatisfiedKeyColumns for columns
2022-10-30 09:20:18.682 UTC [TRACE] steampipe-plugin-hackernews.plugin: [TRACE] 166712161898: doList (hackernews-166712161898)
2022-10-30 09:20:18.682 UTC [TRACE] steampipe-plugin-hackernews.plugin: [TRACE] 166712161898: doList: no matrix item
2022-10-30 09:20:18.867 UTC [TRACE] stdio: received data: channel=STDOUT len=21
2022-10-30 09:20:18.867 UTC [TRACE] stdio: waiting for stdio data
2022-10-30 09:20:18.881 UTC [TRACE] steampipe-plugin-hackernews.plugin: [TRACE] 166712161898: QueryData.fetchComplete
2022-10-30 09:20:18.881 UTC [TRACE] steampipe-plugin-hackernews.plugin: [TRACE] 166712161898: executeListCall COMPLETE (hackernews-166712161898)
2022-10-30 09:20:18.881 UTC [TRACE] steampipe-plugin-hackernews.plugin: [TRACE] 166712161898: rowData chan returned nil - wait for rows to complete (hackernews-166712161898)
2022-10-30 09:20:19.007 UTC [TRACE] stdio: received data: channel=STDOUT len=378
2022-10-30 09:20:19.007 UTC [TRACE] stdio: waiting for stdio data
2022-10-30 09:20:19.018 UTC [TRACE] stdio: received data: channel=STDOUT len=508
2022-10-30 09:20:19.018 UTC [TRACE] stdio: waiting for stdio data
2022-10-30 09:20:19.040 UTC [TRACE] stdio: received data: channel=STDOUT len=215
2022-10-30 09:20:19.040 UTC [TRACE] stdio: waiting for stdio data
2022-10-30 09:20:19.053 UTC [TRACE] stdio: received data: channel=STDOUT len=1024
2022-10-30 09:20:19.053 UTC [TRACE] stdio: waiting for stdio data
2022-10-30 09:20:19.093 UTC [TRACE] stdio: received data: channel=STDOUT len=499
2022-10-30 09:20:19.093 UTC [TRACE] stdio: waiting for stdio data
2022-10-30 09:20:19.166 UTC [TRACE] stdio: received data: channel=STDOUT len=1024
2022-10-30 09:20:19.166 UTC [TRACE] stdio: waiting for stdio data
2022-10-30 09:20:19.274 UTC [TRACE] stdio: received data: channel=STDOUT len=1024
2022-10-30 09:20:19.274 UTC [TRACE] stdio: waiting for stdio data
2022-10-30 09:20:19.291 UTC [TRACE] steampipe-plugin-hackernews.plugin: [TRACE] 166712161898: buildRowsAsync goroutine returning (hackernews-166712161898)
2022-10-30 09:20:19.291 UTC [TRACE] steampipe-plugin-hackernews.plugin: [TRACE] 166712161898: streamRows - nil row, stop streaming (hackernews-166712161898)
2022-10-30 09:20:19.291 UTC [TRACE] steampipe-plugin-hackernews.plugin: [TRACE] 166712161898: ------------------------------------
2022-10-30 09:20:19.291 UTC [TRACE] steampipe-plugin-hackernews.plugin: [TRACE] 166712161898: Concurrency Summary
2022-10-30 09:20:19.292 UTC [TRACE] steampipe-plugin-hackernews.plugin: [TRACE] 166712161898: ------------------------------------
2022-10-30 09:20:19.292 UTC [TRACE] steampipe-plugin-hackernews.plugin: [TRACE] 166712161898: getItem                       : 200
2022-10-30 09:20:19.292 UTC [TRACE] steampipe-plugin-hackernews.plugin: [TRACE] 166712161898: ------------------------------------
2022-10-30 09:20:19.292 UTC [TRACE] steampipe-plugin-hackernews.plugin: [TRACE] 166712161898: Total                         : 200
2022-10-30 09:20:19.292 UTC [TRACE] steampipe-plugin-hackernews.plugin: [TRACE] 166712161898: ------------------------------------
2022-10-30 09:20:19.292 UTC [TRACE] steampipe-plugin-hackernews.plugin: [TRACE] 166712161898: QueryData streamRows DONE (hackernews-166712161898)
2022-10-30 09:20:19.292 UTC [TRACE] steampipe-plugin-hackernews.plugin: [TRACE] 166712161898: EndSet (hackernews-166712161898) table hackernews_new
2022-10-30 09:20:19.292 UTC [TRACE] steampipe-plugin-hackernews.plugin: [TRACE] 166712161898: QueryCache writePageToCache: 500 rows, pageCount 1, page key hackernewshackernews_newid,title,time,by,score,dead,deleted,descendants,kids,parent,parts,poll,text,type,url,_ctx-1-0
2022-10-30 09:20:19.300 UTC [TRACE] steampipe-plugin-hackernews.plugin: [TRACE] 166712161898: writePageToCache Set - result written
2022-10-30 09:20:19.300 UTC [TRACE] steampipe-plugin-hackernews.plugin: [TRACE] 166712161898: QueryCache EndSet - result written
2022-10-30 09:20:19.300 UTC [TRACE] steampipe-plugin-hackernews.plugin: [TRACE] 166712161898: doGet cache miss
2022-10-30 09:20:19.300 UTC [TRACE] steampipe-plugin-hackernews.plugin: [TRACE] 166712161898: getCachedIndexBucket - no item retrieved for cache key index__hackernewshackernews_new
2022-10-30 09:20:19.300 UTC [TRACE] steampipe-plugin-hackernews.plugin: [TRACE] 166712161898: getCachedIndexBucket returned cache miss
2022-10-30 09:20:19.300 UTC [TRACE] steampipe-plugin-hackernews.plugin: [TRACE] 166712161898: QueryCache EndSet - Added index item (0xc01af6f7a0) to bucket (0xc01aeb7158), page count 1,  key root hackernewshackernews_newid,title,time,by,score,dead,deleted,descendants,kids,parent,parts,poll,text,type,url,_ctx-1
2022-10-30 09:20:19.300 UTC [TRACE] steampipe-plugin-hackernews.plugin: [TRACE] 166712161898: cacheSetIndexBucket index__hackernewshackernews_new
2022-10-30 09:20:19.301 UTC [TRACE] steampipe-plugin-hackernews.plugin: [TRACE] 166712161898: QueryCache EndSet - IndexBucket written
2022-10-30 09:20:19.301 UTC [TRACE] steampipe-plugin-hackernews.plugin: [TRACE] 166712161898: EndSet DEFER (hackernews-166712161898) table hackernews_new
2022-10-30 09:20:19.301 UTC [TRACE] steampipe-plugin-hackernews.plugin: [TRACE] 166712161898: calling pendingItemComplete (hackernews-166712161898)
2022-10-30 09:20:19.301 UTC [TRACE] steampipe-plugin-hackernews.plugin: [TRACE] 166712161898: pendingItemComplete (hackernews-166712161898) indexBucketKey index__hackernewshackernews_new, columns [id title time by score dead deleted descendants kids parent parts poll text type url _ctx], limit -1
2022-10-30 09:20:19.301 UTC [TRACE] steampipe-plugin-hackernews.plugin: [TRACE] 166712161898: got pending index bucket, (hackernews-166712161898) len 1
2022-10-30 09:20:19.301 UTC [TRACE] steampipe-plugin-hackernews.plugin: [TRACE] 166712161898: SatisfiesLimit limit -1, no item limit - satisfied
2022-10-30 09:20:19.301 UTC [TRACE] steampipe-plugin-hackernews.plugin: [TRACE] 166712161898: found pending index item to satisfy columns id,title,time,by,score,dead,deleted,descendants,kids,parent,parts,poll,text,type,url,_ctx, limit -1
2022-10-30 09:20:19.301 UTC [TRACE] steampipe-plugin-hackernews.plugin: [TRACE] 166712161898: found completed pending item (hackernews-166712161898) 0xc0003a57d0, key hackernewshackernews_newid,title,time,by,score,dead,deleted,descendants,kids,parent,parts,poll,text,type,url,_ctx-1 - removing from map as it is complete
2022-10-30 09:20:19.301 UTC [TRACE] steampipe-plugin-hackernews.plugin: [TRACE] 166712161898: pendingIndexItem Unlock count before 1 key hackernewshackernews_newid,title,time,by,score,dead,deleted,descendants,kids,parent,parts,poll,text,type,url,_ctx-1
2022-10-30 09:20:19.301 UTC [TRACE] steampipe-plugin-hackernews.plugin: [TRACE] 166712161898: deleted from pending, (hackernews-166712161898) len 0
2022-10-30 09:20:19.301 UTC [TRACE] steampipe-plugin-hackernews.plugin: [TRACE] 166712161898: pending bucket now empty - deleting key index__hackernewshackernews_new
2022-10-30 09:20:19.301 UTC [TRACE] steampipe-plugin-hackernews.plugin: [TRACE] 166712161898: pendingItemComplete done (hackernews-166712161898)
2022-10-30 09:20:19.301 UTC [TRACE] steampipe-plugin-hackernews.plugin: [TRACE] 166712161898: cache set succeeded
2022-10-30 09:20:19.301 UTC [TRACE] steampipe-plugin-hackernews.plugin: [TRACE] 166712161898: End execute span
2022-10-30 09:20:19.301 UTC [TRACE] steampipe-plugin-hackernews.plugin: [TRACE] 166712161898: executeForConnection DEFER (hackernews-166712161898)
2022-10-30 09:20:19.301 UTC [TRACE] steampipe-plugin-hackernews.plugin: [TRACE] 166712161898: Execute complete callId: hackernews-166712161898 table: hackernews_new
2022-10-30 09:20:19.301 UTC [TRACE] steampipe-plugin-hackernews.plugin: [TRACE] 166712161898: executeForConnection hackernews returned
2022-10-30 09:20:19.301 UTC [TRACE] steampipe-plugin-hackernews.plugin: [TRACE] 166712161898: output wg complete - send nil row
2022-10-30 09:20:19.301 UTC [TRACE] steampipe-plugin-hackernews.plugin: [TRACE] 166712161898: empty row on output channel - we are done
2022-10-30 09:20:19.301 UTC [INFO]  steampipe-plugin-hackernews.plugin: [INFO]  166712161898: Plugin Execute complete (166712161898)
2022-10-30 09:20:19.367 UTC [TRACE] PluginManager Shutdown
2022-10-30 09:20:19.367 UTC [TRACE] killing plugin csv (1965)
2022-10-30 09:20:19.368 UTC [DEBUG] stdio: received EOF, stopping recv loop: err="rpc error: code = Unavailable desc = error reading from server: EOF"
2022-10-30 09:20:19.368 UTC [TRACE] steampipe-plugin-csv.plugin: [TRACE] FLUSHING instrumentation
2022-10-30 09:20:19.368 UTC [TRACE] steampipe-plugin-csv.plugin: [TRACE] Shutdown instrumentation
2022-10-30 09:20:19.369 UTC [INFO]  plugin process exited: path=/home/runner/.steampipe/plugins/hub.steampipe.io/plugins/turbot/csv@latest/steampipe-plugin-csv.plugin pid=1965
2022-10-30 09:20:19.369 UTC [DEBUG] plugin exited
2022-10-30 09:20:19.369 UTC [TRACE] killing plugin hackernews (1987)
2022-10-30 09:20:19.369 UTC [TRACE] steampipe-plugin-hackernews.plugin: [TRACE] 166712161898: FLUSHING instrumentation
2022-10-30 09:20:19.369 UTC [TRACE] steampipe-plugin-hackernews.plugin: [TRACE] 166712161898: Shutdown instrumentation
2022-10-30 09:20:19.369 UTC [DEBUG] stdio: received EOF, stopping recv loop: err="rpc error: code = Unavailable desc = error reading from server: EOF"
2022-10-30 09:20:19.372 UTC [INFO]  plugin process exited: path=/home/runner/.steampipe/plugins/hub.steampipe.io/plugins/turbot/hackernews@latest/steampipe-plugin-hackernews.plugin pid=1987
2022-10-30 09:20:19.372 UTC [DEBUG] plugin exited
2022-10-30 09:20:23.111 UTC [WARN]  PluginManager setPluginCacheSizeMap: 4 connections.
2022-10-30 09:20:23.111 UTC [WARN]  Total cache size 0Mb
2022-10-30 09:20:23.176 UTC [WARN]  plugin configured with a nil SecureConfig
2022-10-30 09:20:23.451 UTC [WARN]  steampipe-plugin-csv.plugin: [WARN]  1667121623854: getKeyColumnsForTable found no schema for table '/home/runner/work/steampipe-samples/steampipe-samples/all/hackernews/hn.csv'
2022-10-30 09:20:45.691 UTC [WARN]  PluginManager setPluginCacheSizeMap: 4 connections.
2022-10-30 09:20:45.691 UTC [WARN]  Total cache size 0Mb
2022-10-30 09:20:45.759 UTC [WARN]  plugin configured with a nil SecureConfig
2022-10-30 09:20:45.943 UTC [WARN]  steampipe-plugin-csv.plugin: [WARN]  1667121645341: getKeyColumnsForTable found no schema for table '/home/runner/work/steampipe-samples/steampipe-samples/all/hackernews/hn.csv'
2022-10-30 09:21:08.341 UTC [WARN]  PluginManager setPluginCacheSizeMap: 4 connections.
2022-10-30 09:21:08.341 UTC [WARN]  Total cache size 0Mb
2022-10-30 09:21:08.409 UTC [WARN]  plugin configured with a nil SecureConfig
2022-10-30 09:21:09.643 UTC [WARN]  PluginManager setPluginCacheSizeMap: 4 connections.
2022-10-30 09:21:09.643 UTC [WARN]  Total cache size 0Mb
2022-10-30 09:21:09.714 UTC [WARN]  plugin configured with a nil SecureConfig
2022-10-30 09:21:10.754 UTC [WARN]  PluginManager setPluginCacheSizeMap: 4 connections.
2022-10-30 09:21:10.754 UTC [WARN]  Total cache size 0Mb
2022-10-30 09:21:10.821 UTC [WARN]  plugin configured with a nil SecureConfig
2022-10-30 09:21:11.667 UTC [WARN]  PluginManager setPluginCacheSizeMap: 4 connections.
2022-10-30 09:21:11.667 UTC [WARN]  Total cache size 0Mb
2022-10-30 09:21:11.740 UTC [WARN]  plugin configured with a nil SecureConfig
2022-10-30 09:21:12.635 UTC [WARN]  PluginManager setPluginCacheSizeMap: 4 connections.
2022-10-30 09:21:12.635 UTC [WARN]  Total cache size 0Mb
2022-10-30 09:21:12.704 UTC [WARN]  plugin configured with a nil SecureConfig
2022-10-30 09:21:13.554 UTC [WARN]  PluginManager setPluginCacheSizeMap: 4 connections.
2022-10-30 09:21:13.554 UTC [WARN]  Total cache size 0Mb
2022-10-30 09:21:13.620 UTC [WARN]  plugin configured with a nil SecureConfig
2022-10-30 09:21:14.484 UTC [WARN]  PluginManager setPluginCacheSizeMap: 4 connections.
2022-10-30 09:21:14.484 UTC [WARN]  Total cache size 0Mb
2022-10-30 09:21:14.551 UTC [WARN]  plugin configured with a nil SecureConfig
2022-10-30 09:21:15.405 UTC [WARN]  PluginManager setPluginCacheSizeMap: 4 connections.
2022-10-30 09:21:15.405 UTC [WARN]  Total cache size 0Mb
2022-10-30 09:21:15.475 UTC [WARN]  plugin configured with a nil SecureConfig
2022-10-30 09:21:15.663 UTC [WARN]  plugin configured with a nil SecureConfig
2022-10-30 09:22:19.590 UTC [WARN]  PluginManager setPluginCacheSizeMap: 4 connections.
2022-10-30 09:22:19.590 UTC [WARN]  Total cache size 0Mb
2022-10-30 09:22:19.659 UTC [WARN]  plugin configured with a nil SecureConfig
2022-10-30 09:22:20.500 UTC [WARN]  PluginManager setPluginCacheSizeMap: 4 connections.
2022-10-30 09:22:20.500 UTC [WARN]  Total cache size 0Mb
2022-10-30 09:22:20.570 UTC [WARN]  plugin configured with a nil SecureConfig
2022-10-30 09:22:20.584 UTC [ERROR] steampipe-plugin-csv.plugin: [ERROR] csv.tableCSV: header_parse_error=EOF path=/home/runner/work/steampipe-samples/steampipe-samples/all/hackernews/new_sc.csv header=[]
2022-10-30 09:22:20.584 UTC [ERROR] steampipe-plugin-csv.plugin: [ERROR] csv.PluginTables: create_table_error="failed to parse file header /home/runner/work/steampipe-samples/steampipe-samples/all/hackernews/new_sc.csv: EOF" path=/home/runner/work/steampipe-samples/steampipe-samples/all/hackernews/new_sc.csv
2022-10-30 09:22:20.584 UTC [WARN]  failed to set connection config: failed to parse file header /home/runner/work/steampipe-samples/steampipe-samples/all/hackernews/new_sc.csv: EOF
2022-10-30 09:22:21.406 UTC [WARN]  PluginManager setPluginCacheSizeMap: 4 connections.
2022-10-30 09:22:21.406 UTC [WARN]  Total cache size 0Mb
2022-10-30 09:22:21.472 UTC [WARN]  plugin configured with a nil SecureConfig
2022-10-30 09:22:21.653 UTC [WARN]  steampipe-plugin-csv.plugin: [WARN]  166712174128: getKeyColumnsForTable found no schema for table '/home/runner/work/steampipe-samples/steampipe-samples/all/hackernews/new_sc.csv'
2022-10-30 09:22:25.330 UTC [WARN]  PluginManager setPluginCacheSizeMap: 4 connections.
2022-10-30 09:22:25.330 UTC [WARN]  Total cache size 0Mb
2022-10-30 09:22:25.399 UTC [WARN]  plugin configured with a nil SecureConfig
2022-10-30 09:22:26.246 UTC [WARN]  PluginManager setPluginCacheSizeMap: 4 connections.
2022-10-30 09:22:26.246 UTC [WARN]  Total cache size 0Mb
2022-10-30 09:22:26.313 UTC [WARN]  plugin configured with a nil SecureConfig
2022-10-30 09:22:27.159 UTC [WARN]  PluginManager setPluginCacheSizeMap: 4 connections.
2022-10-30 09:22:27.159 UTC [WARN]  Total cache size 0Mb
2022-10-30 09:22:27.225 UTC [WARN]  plugin configured with a nil SecureConfig
2022-10-30 09:22:28.044 UTC [WARN]  PluginManager setPluginCacheSizeMap: 4 connections.
2022-10-30 09:22:28.044 UTC [WARN]  Total cache size 0Mb
2022-10-30 09:22:28.111 UTC [WARN]  plugin configured with a nil SecureConfig
2022-10-30 09:22:28.127 UTC [ERROR] steampipe-plugin-csv.plugin: [ERROR] csv.tableCSV: header_parse_error=EOF path=/home/runner/work/steampipe-samples/steampipe-samples/all/hackernews/hn_items_all.csv header=[]
2022-10-30 09:22:28.127 UTC [ERROR] steampipe-plugin-csv.plugin: [ERROR] csv.PluginTables: create_table_error="failed to parse file header /home/runner/work/steampipe-samples/steampipe-samples/all/hackernews/hn_items_all.csv: EOF" path=/home/runner/work/steampipe-samples/steampipe-samples/all/hackernews/hn_items_all.csv
2022-10-30 09:22:28.127 UTC [WARN]  failed to set connection config: failed to parse file header /home/runner/work/steampipe-samples/steampipe-samples/all/hackernews/hn_items_all.csv: EOF
2022-10-30 09:22:29.178 UTC [WARN]  PluginManager setPluginCacheSizeMap: 4 connections.
2022-10-30 09:22:29.178 UTC [WARN]  Total cache size 0Mb
2022-10-30 09:22:29.246 UTC [WARN]  plugin configured with a nil SecureConfig
2022-10-30 09:22:29.261 UTC [ERROR] steampipe-plugin-csv.plugin: [ERROR] csv.tableCSV: header_parse_error=EOF path=/home/runner/work/steampipe-samples/steampipe-samples/all/hackernews/people.csv header=[]
2022-10-30 09:22:29.261 UTC [ERROR] steampipe-plugin-csv.plugin: [ERROR] csv.PluginTables: create_table_error="failed to parse file header /home/runner/work/steampipe-samples/steampipe-samples/all/hackernews/people.csv: EOF" path=/home/runner/work/steampipe-samples/steampipe-samples/all/hackernews/people.csv
2022-10-30 09:22:29.262 UTC [WARN]  failed to set connection config: failed to parse file header /home/runner/work/steampipe-samples/steampipe-samples/all/hackernews/people.csv: EOF
2022-10-30 09:22:29.417 UTC [WARN]  plugin configured with a nil SecureConfig
2022-10-30 09:22:29.454 UTC [WARN]  plugin configured with a nil SecureConfig
