2022-07-19 13:27:50.215 UTC [INFO]  starting plugin manager
2022-07-19 13:27:50.215 UTC [TRACE] loaded config map: net,csv,github,hackernews
2022-07-19 13:27:50.215 UTC [INFO]  starting connection watcher
2022-07-19 13:27:50.216 UTC [INFO]  created ConnectionWatcher
2022-07-19 13:27:50.216 UTC [TRACE] about to serve
2022-07-19 13:27:50.283 UTC [TRACE] PluginManager Get, connections: '[csv]'
2022-07-19 13:27:50.283 UTC [TRACE] PluginManager getPlugin connection 'csv'
2022-07-19 13:27:50.283 UTC [TRACE] PluginManager 0xc0005bea50 'csv' NOT found in map  - starting
2022-07-19 13:27:50.283 UTC [TRACE] ************ start plugin csv ********************
2022-07-19 13:27:50.283 UTC [DEBUG] starting plugin: path=/home/runner/.steampipe/plugins/hub.steampipe.io/plugins/turbot/csv@latest/steampipe-plugin-csv.plugin args=["/home/runner/.steampipe/plugins/hub.steampipe.io/plugins/turbot/csv@latest/steampipe-plugin-csv.plugin"]
2022-07-19 13:27:50.283 UTC [DEBUG] plugin started: path=/home/runner/.steampipe/plugins/hub.steampipe.io/plugins/turbot/csv@latest/steampipe-plugin-csv.plugin pid=2140
2022-07-19 13:27:50.283 UTC [DEBUG] waiting for RPC address: path=/home/runner/.steampipe/plugins/hub.steampipe.io/plugins/turbot/csv@latest/steampipe-plugin-csv.plugin
2022-07-19 13:27:50.289 UTC [DEBUG] steampipe-plugin-csv.plugin: 2022/07/19 13:27:50 [TRACE] Plugin Initialise creating connection manager
2022-07-19 13:27:50.295 UTC [TRACE] steampipe-plugin-csv.plugin: [TRACE] Setting Ulimit: ulimit=2560
2022-07-19 13:27:50.295 UTC [DEBUG] steampipe-plugin-csv.plugin: plugin address: address=/tmp/plugin1466941190 network=unix timestamp=2022-07-19T13:27:50.295Z
2022-07-19 13:27:50.295 UTC [DEBUG] using plugin: version=0
2022-07-19 13:27:50.295 UTC [TRACE] PluginManager getPlugin complete, returning reattach config with PID: 2140
2022-07-19 13:27:50.295 UTC [TRACE] PluginManager Get returning reattach_map:{key:"csv"  value:{protocol:"grpc"  addr:{Network:"unix"  Address:"/tmp/plugin1466941190"}  pid:2140}}
2022-07-19 13:27:50.301 UTC [TRACE] steampipe-plugin-csv.plugin: [TRACE] validate plugin steampipe-plugin-csv, required columns []
2022-07-19 13:27:50.303 UTC [INFO]  steampipe-plugin-csv.plugin: [INFO]  query cache created
2022-07-19 13:27:50.304 UTC [DEBUG] steampipe-plugin-csv.plugin: [DEBUG] SetConnectionConfig finished
2022-07-19 13:27:50.307 UTC [TRACE] PluginManager Get, connections: '[]'
2022-07-19 13:27:50.307 UTC [TRACE] PluginManager Get returning
2022-07-19 13:27:50.318 UTC [TRACE] handleFileWatcherEvent ignoring first event
2022-07-19 13:27:50.389 UTC [TRACE] PluginManager Get, connections: '[csv]'
2022-07-19 13:27:50.389 UTC [TRACE] PluginManager getPlugin connection 'csv'
2022-07-19 13:27:50.389 UTC [TRACE] initialized: 2140
2022-07-19 13:27:50.389 UTC [TRACE] connection csv is loaded, check for running PID
2022-07-19 13:27:50.390 UTC [TRACE] PluginManager found 'csv' in map, pid 2140, reattach protocol:"grpc"  addr:{Network:"unix"  Address:"/tmp/plugin1466941190"}  pid:2140
2022-07-19 13:27:50.390 UTC [TRACE] PluginManager Get returning reattach_map:{key:"csv"  value:{protocol:"grpc"  addr:{Network:"unix"  Address:"/tmp/plugin1466941190"}  pid:2140}}
2022-07-19 13:27:50.612 UTC [TRACE] PluginManager Get, connections: '[hackernews]'
2022-07-19 13:27:50.612 UTC [TRACE] PluginManager getPlugin connection 'hackernews'
2022-07-19 13:27:50.612 UTC [TRACE] PluginManager 0xc0005bea50 'hackernews' NOT found in map  - starting
2022-07-19 13:27:50.612 UTC [TRACE] ************ start plugin hackernews ********************
2022-07-19 13:27:50.612 UTC [DEBUG] starting plugin: path=/home/runner/.steampipe/plugins/hub.steampipe.io/plugins/turbot/hackernews@latest/steampipe-plugin-hackernews.plugin args=["/home/runner/.steampipe/plugins/hub.steampipe.io/plugins/turbot/hackernews@latest/steampipe-plugin-hackernews.plugin"]
2022-07-19 13:27:50.612 UTC [DEBUG] plugin started: path=/home/runner/.steampipe/plugins/hub.steampipe.io/plugins/turbot/hackernews@latest/steampipe-plugin-hackernews.plugin pid=2164
2022-07-19 13:27:50.612 UTC [DEBUG] waiting for RPC address: path=/home/runner/.steampipe/plugins/hub.steampipe.io/plugins/turbot/hackernews@latest/steampipe-plugin-hackernews.plugin
2022-07-19 13:27:50.618 UTC [DEBUG] steampipe-plugin-hackernews.plugin: 2022/07/19 13:27:50 [TRACE] Plugin Initialise creating connection manager
2022-07-19 13:27:50.621 UTC [TRACE] steampipe-plugin-hackernews.plugin: [TRACE] Setting Ulimit: ulimit=2560
2022-07-19 13:27:50.622 UTC [DEBUG] steampipe-plugin-hackernews.plugin: plugin address: address=/tmp/plugin2396709157 network=unix timestamp=2022-07-19T13:27:50.622Z
2022-07-19 13:27:50.622 UTC [DEBUG] using plugin: version=0
2022-07-19 13:27:50.622 UTC [TRACE] PluginManager getPlugin complete, returning reattach config with PID: 2164
2022-07-19 13:27:50.622 UTC [TRACE] PluginManager Get returning reattach_map:{key:"hackernews"  value:{protocol:"grpc"  addr:{Network:"unix"  Address:"/tmp/plugin2396709157"}  pid:2164}}
2022-07-19 13:27:50.623 UTC [TRACE] steampipe-plugin-hackernews.plugin: [TRACE] validate plugin steampipe-plugin-hackernews, required columns []
2022-07-19 13:27:50.626 UTC [INFO]  steampipe-plugin-hackernews.plugin: [INFO]  query cache created
2022-07-19 13:27:50.626 UTC [DEBUG] steampipe-plugin-hackernews.plugin: [DEBUG] SetConnectionConfig finished
2022-07-19 13:27:50.628 UTC [TRACE] steampipe-plugin-hackernews.plugin: [TRACE] EXECUTE callId: 1658237270580 table: hackernews_new cols: id,title,time,by,score,dead,deleted,descendants,kids,parent,parts,poll,text,type,url,_ctx
2022-07-19 13:27:50.628 UTC [TRACE] steampipe-plugin-hackernews.plugin: [TRACE] 1658237270580: Execute : connection=hackernews table=hackernews_new
2022-07-19 13:27:50.628 UTC [TRACE] steampipe-plugin-hackernews.plugin: [TRACE] 1658237270580: Got query context: table=hackernews_new cols=[id, title, time, by, score, dead, deleted, descendants, kids, parent, parts, poll, text, type, url, _ctx]
2022-07-19 13:27:50.629 UTC [TRACE] steampipe-plugin-hackernews.plugin: [TRACE] 1658237270580: setFetchType map[time:quals:{fieldName:"time"  string_value:">"  value:{timestamp_value:{seconds:1658233670  nanos:589004000}}}]
2022-07-19 13:27:50.630 UTC [TRACE] steampipe-plugin-hackernews.plugin: [TRACE] 1658237270580: getMatchingQuals column:'id' operator: =
2022-07-19 13:27:50.630 UTC [TRACE] steampipe-plugin-hackernews.plugin: [TRACE] 1658237270580: getMatchingQuals returning false - qualMap does not contain any quals for column id
2022-07-19 13:27:50.630 UTC [TRACE] steampipe-plugin-hackernews.plugin: [TRACE] 1658237270580: GetUnsatisfiedKeyColumns for columns column:'id' operator: =
2022-07-19 13:27:50.631 UTC [TRACE] steampipe-plugin-hackernews.plugin: [TRACE] 1658237270580: key column NOT satisfied column:'id' operator: =
2022-07-19 13:27:50.631 UTC [TRACE] steampipe-plugin-hackernews.plugin: [TRACE] 1658237270580: satisfied: map[any_of: optional: required:]
2022-07-19 13:27:50.632 UTC [TRACE] steampipe-plugin-hackernews.plugin: [TRACE] 1658237270580: unsatisfied: map[any_of: optional: required:column:'id' operator: =]
2022-07-19 13:27:50.633 UTC [TRACE] steampipe-plugin-hackernews.plugin: [TRACE] 1658237270580: unsatisfied required KeyColumns: column:'id' operator: =
2022-07-19 13:27:50.633 UTC [TRACE] steampipe-plugin-hackernews.plugin: [TRACE] 1658237270580: Set fetchType to fetchTypeList
2022-07-19 13:27:50.633 UTC [TRACE] steampipe-plugin-hackernews.plugin: [TRACE] 1658237270580: Equals key column quals:
2022-07-19 13:27:50.633 UTC [DEBUG] steampipe-plugin-hackernews.plugin: {}
2022-07-19 13:27:50.633 UTC [TRACE] steampipe-plugin-hackernews.plugin: [TRACE] 1658237270580: All key column quals:
2022-07-19 13:27:50.633 UTC [DEBUG] steampipe-plugin-hackernews.plugin: {}
2022-07-19 13:27:50.633 UTC [TRACE] steampipe-plugin-hackernews.plugin: [TRACE] 1658237270580: calling fetchItems: table=hackernews_new matrixItem=[] limit=<nil>
2022-07-19 13:27:50.633 UTC [TRACE] steampipe-plugin-hackernews.plugin: [TRACE] 1658237270580: Cache ENABLED callId: 1658237270580
2022-07-19 13:27:50.633 UTC [TRACE] steampipe-plugin-hackernews.plugin: [TRACE] 1658237270580: QueryCache Get - indexBucketKey index__hackernewshackernews_new, quals
2022-07-19 13:27:50.633 UTC [TRACE] steampipe-plugin-hackernews.plugin: [TRACE] 1658237270580: buildCacheQualMap col time, quals quals:{fieldName:"time"  string_value:">"  value:{timestamp_value:{seconds:1658233670  nanos:589004000}}}
2022-07-19 13:27:50.633 UTC [TRACE] steampipe-plugin-hackernews.plugin: [TRACE] 1658237270580: EXCLUDING COLUMN
2022-07-19 13:27:50.633 UTC [TRACE] steampipe-plugin-hackernews.plugin: [TRACE] 1658237270580: QueryCache getCachedResult - index bucket key: index__hackernewshackernews_new ttlSeconds 300
2022-07-19 13:27:50.633 UTC [TRACE] steampipe-plugin-hackernews.plugin: [TRACE] 1658237270580: getCachedResult - no index bucket
2022-07-19 13:27:50.633 UTC [TRACE] steampipe-plugin-hackernews.plugin: [TRACE] 1658237270580: getPendingResultItem indexBucketKey index__hackernewshackernews_new, columns [id title time by score dead deleted descendants kids parent parts poll text type url _ctx], limit -1
2022-07-19 13:27:50.633 UTC [TRACE] steampipe-plugin-hackernews.plugin: [TRACE] 1658237270580: no pending index item - add pending result
2022-07-19 13:27:50.633 UTC [TRACE] steampipe-plugin-hackernews.plugin: [TRACE] 1658237270580: addPendingResult indexBucketKey index__hackernewshackernews_new, columns [id title time by score dead deleted descendants kids parent parts poll text type url _ctx], limit -1
2022-07-19 13:27:50.633 UTC [TRACE] steampipe-plugin-hackernews.plugin: [TRACE] 1658237270580: no index bucket found - creating one
2022-07-19 13:27:50.633 UTC [TRACE] steampipe-plugin-hackernews.plugin: [TRACE] 1658237270580: pendingIndexItem Lock count before 0
2022-07-19 13:27:50.633 UTC [TRACE] steampipe-plugin-hackernews.plugin: [TRACE] 1658237270580: getPendingResultItem returning <nil>
2022-07-19 13:27:50.633 UTC [INFO]  steampipe-plugin-hackernews.plugin: [INFO]  1658237270580: CACHE MISS
2022-07-19 13:27:50.633 UTC [TRACE] steampipe-plugin-hackernews.plugin: [TRACE] 1658237270580: fetch items callId: 1658237270580
2022-07-19 13:27:50.633 UTC [TRACE] steampipe-plugin-hackernews.plugin: [TRACE] 1658237270580: buildRows callId: 1658237270580
2022-07-19 13:27:50.633 UTC [TRACE] steampipe-plugin-hackernews.plugin: [TRACE] 1658237270580: streamRows callId: 1658237270580
2022-07-19 13:27:50.633 UTC [TRACE] steampipe-plugin-hackernews.plugin: [TRACE] 1658237270580: executeListCall
2022-07-19 13:27:50.633 UTC [TRACE] steampipe-plugin-hackernews.plugin: [TRACE] 1658237270580: GetUnsatisfiedKeyColumns for columns
2022-07-19 13:27:50.633 UTC [TRACE] steampipe-plugin-hackernews.plugin: [TRACE] 1658237270580: doList: no matrix item
2022-07-19 13:27:50.804 UTC [TRACE] steampipe-plugin-hackernews.plugin: [TRACE] 1658237270580: rowData chan select - channel CLOSED
2022-07-19 13:27:50.804 UTC [TRACE] steampipe-plugin-hackernews.plugin: [TRACE] 1658237270580: wait for rows
2022-07-19 13:27:51.285 UTC [TRACE] steampipe-plugin-hackernews.plugin: [TRACE] 1658237270580: rowWg complete - CLOSING ROW CHANNEL
2022-07-19 13:27:51.285 UTC [TRACE] steampipe-plugin-hackernews.plugin: [TRACE] 1658237270580: row chan closed, stop streaming
2022-07-19 13:27:51.285 UTC [INFO]  steampipe-plugin-hackernews.plugin: [INFO]  1658237270580: ------------------------------------
2022-07-19 13:27:51.285 UTC [INFO]  steampipe-plugin-hackernews.plugin: [INFO]  1658237270580: Concurrency Summary
2022-07-19 13:27:51.285 UTC [INFO]  steampipe-plugin-hackernews.plugin: [INFO]  1658237270580: ------------------------------------
2022-07-19 13:27:51.285 UTC [INFO]  steampipe-plugin-hackernews.plugin: [INFO]  1658237270580: getItem                       : 200
2022-07-19 13:27:51.285 UTC [INFO]  steampipe-plugin-hackernews.plugin: [INFO]  1658237270580: ------------------------------------
2022-07-19 13:27:51.285 UTC [INFO]  steampipe-plugin-hackernews.plugin: [INFO]  1658237270580: Total                         : 200
2022-07-19 13:27:51.285 UTC [INFO]  steampipe-plugin-hackernews.plugin: [INFO]  1658237270580: ------------------------------------
2022-07-19 13:27:51.285 UTC [TRACE] steampipe-plugin-hackernews.plugin: [TRACE] 1658237270580: queryCache.Set callId: 1658237270580
2022-07-19 13:27:51.285 UTC [TRACE] steampipe-plugin-hackernews.plugin: [TRACE] 1658237270580: buildCacheQualMap col time, quals quals:{fieldName:"time"  string_value:">"  value:{timestamp_value:{seconds:1658233670  nanos:589004000}}}
2022-07-19 13:27:51.285 UTC [TRACE] steampipe-plugin-hackernews.plugin: [TRACE] 1658237270580: EXCLUDING COLUMN
2022-07-19 13:27:51.285 UTC [TRACE] steampipe-plugin-hackernews.plugin: [TRACE] 1658237270580: QueryCache Set - connectionName: hackernews, table: hackernews_new, columns: [_ctx by dead deleted descendants id kids parent parts poll score text time title type url], limit -1
2022-07-19 13:27:51.285 UTC [TRACE] steampipe-plugin-hackernews.plugin: [TRACE] 1658237270580: cache item cost = 64000 (500 rows, 16 columns)
2022-07-19 13:27:51.295 UTC [TRACE] steampipe-plugin-hackernews.plugin: [TRACE] 1658237270580: ------------------------------------
2022-07-19 13:27:51.295 UTC [TRACE] steampipe-plugin-hackernews.plugin: [TRACE] 1658237270580: Cache Metrics
2022-07-19 13:27:51.295 UTC [TRACE] steampipe-plugin-hackernews.plugin: [TRACE] 1658237270580: ------------------------------------
2022-07-19 13:27:51.295 UTC [TRACE] steampipe-plugin-hackernews.plugin: [TRACE] 1658237270580: MaxCost: 1073741824
2022-07-19 13:27:51.295 UTC [TRACE] steampipe-plugin-hackernews.plugin: [TRACE] 1658237270580: KeysAdded: 2
2022-07-19 13:27:51.295 UTC [TRACE] steampipe-plugin-hackernews.plugin: [TRACE] 1658237270580: CostAdded: 64113
2022-07-19 13:27:51.295 UTC [TRACE] steampipe-plugin-hackernews.plugin: [TRACE] 1658237270580: KeysEvicted: 0
2022-07-19 13:27:51.295 UTC [TRACE] steampipe-plugin-hackernews.plugin: [TRACE] 1658237270580: CostEvicted: 0
2022-07-19 13:27:51.295 UTC [TRACE] steampipe-plugin-hackernews.plugin: [TRACE] 1658237270580: ------------------------------------
2022-07-19 13:27:51.295 UTC [TRACE] steampipe-plugin-hackernews.plugin: [TRACE] 1658237270580: QueryCache Set() DONE
2022-07-19 13:27:51.295 UTC [TRACE] steampipe-plugin-hackernews.plugin: [TRACE] 1658237270580: pendingItemComplete indexBucketKey index__hackernewshackernews_new, columns [_ctx by dead deleted descendants id kids parent parts poll score text time title type url], limit -1
2022-07-19 13:27:51.295 UTC [TRACE] steampipe-plugin-hackernews.plugin: [TRACE] 1658237270580: got pending index bucket, len 1
2022-07-19 13:27:51.295 UTC [TRACE] steampipe-plugin-hackernews.plugin: [TRACE] 1658237270580: SatisfiesLimit limit -1, no item limit - satisfied
2022-07-19 13:27:51.295 UTC [TRACE] steampipe-plugin-hackernews.plugin: [TRACE] 1658237270580: found pending index item to satisfy columns _ctx,by,dead,deleted,descendants,id,kids,parent,parts,poll,score,text,time,title,type,url, limit -1
2022-07-19 13:27:51.295 UTC [TRACE] steampipe-plugin-hackernews.plugin: [TRACE] 1658237270580: got pending item hackernewshackernews_newid,title,time,by,score,dead,deleted,descendants,kids,parent,parts,poll,text,type,url,_ctx-1 - removing from map as it is complete
2022-07-19 13:27:51.296 UTC [TRACE] steampipe-plugin-hackernews.plugin: [TRACE] 1658237270580: pendingIndexItem Unlock count before 1
2022-07-19 13:27:51.296 UTC [TRACE] steampipe-plugin-hackernews.plugin: [TRACE] 1658237270580: deleted from pending, len 0
2022-07-19 13:27:51.296 UTC [TRACE] steampipe-plugin-hackernews.plugin: [TRACE] 1658237270580: pending bucket now empty - deleting key index__hackernewshackernews_new
2022-07-19 13:27:51.296 UTC [TRACE] steampipe-plugin-hackernews.plugin: [TRACE] 1658237270580: pendingItemComplete done
2022-07-19 13:27:51.296 UTC [TRACE] steampipe-plugin-hackernews.plugin: [TRACE] 1658237270580: Execute complete callId: 1658237270580 table: hackernews_new
2022-07-19 13:27:51.361 UTC [TRACE] PluginManager Shutdown map[csv:0xc00000d4e8 hackernews:0xc00000cbe8]
2022-07-19 13:27:51.361 UTC [TRACE] killing plugin csv (2140)
2022-07-19 13:27:51.362 UTC [TRACE] stdio: waiting for stdio data
2022-07-19 13:27:51.362 UTC [DEBUG] stdio: received EOF, stopping recv loop: err="rpc error: code = Unavailable desc = error reading from server: EOF"
2022-07-19 13:27:51.363 UTC [INFO]  plugin process exited: path=/home/runner/.steampipe/plugins/hub.steampipe.io/plugins/turbot/csv@latest/steampipe-plugin-csv.plugin pid=2140
2022-07-19 13:27:51.363 UTC [DEBUG] plugin exited
2022-07-19 13:27:51.363 UTC [TRACE] killing plugin hackernews (2164)
2022-07-19 13:27:51.364 UTC [TRACE] stdio: waiting for stdio data
2022-07-19 13:27:51.364 UTC [DEBUG] stdio: received EOF, stopping recv loop: err="rpc error: code = Unavailable desc = error reading from server: EOF"
2022-07-19 13:27:51.366 UTC [INFO]  plugin process exited: path=/home/runner/.steampipe/plugins/hub.steampipe.io/plugins/turbot/hackernews@latest/steampipe-plugin-hackernews.plugin pid=2164
2022-07-19 13:27:51.366 UTC [DEBUG] plugin exited
2022-07-19 13:28:07.963 UTC [ERROR] steampipe-plugin-net.plugin: [ERROR] 1658237287540: listRequestResponses do request error: url=? request method=GET error="Get \"?\": unsupported protocol scheme \"\""
2022-07-19 13:29:41.256 UTC [ERROR] steampipe-plugin-csv.plugin: [ERROR] csv.tableCSV: header_parse_error=EOF path=/home/runner/work/steampipe-samples/steampipe-samples/all/hackernews/new_sc.csv header=[]
2022-07-19 13:29:41.256 UTC [ERROR] steampipe-plugin-csv.plugin: [ERROR] csv.PluginTables: create_table_error="failed to parse file header /home/runner/work/steampipe-samples/steampipe-samples/all/hackernews/new_sc.csv: EOF" path=/home/runner/work/steampipe-samples/steampipe-samples/all/hackernews/new_sc.csv
2022-07-19 13:29:46.388 UTC [ERROR] steampipe-plugin-csv.plugin: [ERROR] csv.tableCSV: header_parse_error=EOF path=/home/runner/work/steampipe-samples/steampipe-samples/all/hackernews/people.csv header=[]
2022-07-19 13:29:46.388 UTC [ERROR] steampipe-plugin-csv.plugin: [ERROR] csv.PluginTables: create_table_error="failed to parse file header /home/runner/work/steampipe-samples/steampipe-samples/all/hackernews/people.csv: EOF" path=/home/runner/work/steampipe-samples/steampipe-samples/all/hackernews/people.csv
2022-07-19 13:29:47.382 UTC [ERROR] steampipe-plugin-hackernews.plugin: [ERROR] 16582373866: hackernews_user.getUser: unmarshal_json_error="invalid character '<' looking for beginning of value"
2022-07-19 13:29:47.382 UTC [ERROR] steampipe-plugin-hackernews.plugin: [ERROR] 1658237387483: streamRows error chan select: invalid character '<' looking for beginning of value
2022-07-19 13:29:47.382 UTC [WARN]  steampipe-plugin-hackernews.plugin: [WARN]  1658237387483: Execute call failed - cancelling pending item in cache
