2022-12-06 14:19:21.222 UTC [INFO]  starting plugin manager
2022-12-06 14:19:21.222 UTC [TRACE] loaded config map: net,csv,github,hackernews
2022-12-06 14:19:21.222 UTC [TRACE] NewPluginManager
2022-12-06 14:19:21.223 UTC [TRACE] PluginManager setPluginCacheSizeMap: 4 connections.
2022-12-06 14:19:21.223 UTC [TRACE] Total cache size 0Mb
2022-12-06 14:19:21.223 UTC [INFO]  starting connection watcher
2022-12-06 14:19:21.223 UTC [INFO]  created ConnectionWatcher
2022-12-06 14:19:21.223 UTC [TRACE] about to serve
2022-12-06 14:19:21.299 UTC [TRACE] PluginManager Get, connections: '[csv]'
2022-12-06 14:19:21.299 UTC [TRACE] PluginManager getPlugin hub.steampipe.io/plugins/turbot/csv@latest connection 'csv'
2022-12-06 14:19:21.299 UTC [TRACE] PluginManager 0xc0004d4e10 plugin hub.steampipe.io/plugins/turbot/csv@latest (csv) NOT started or starting - start now
2022-12-06 14:19:21.299 UTC [TRACE] ************ start plugin csv ********************
2022-12-06 14:19:21.299 UTC [TRACE] ************ plugin path /home/runner/.steampipe/plugins/hub.steampipe.io/plugins/turbot/csv@latest/steampipe-plugin-csv.plugin ********************
2022-12-06 14:19:21.324 UTC [TRACE] handleFileWatcherEvent ignoring first event
2022-12-06 14:19:21.371 UTC [DEBUG] starting plugin: path=/home/runner/.steampipe/plugins/hub.steampipe.io/plugins/turbot/csv@latest/steampipe-plugin-csv.plugin args=["/home/runner/.steampipe/plugins/hub.steampipe.io/plugins/turbot/csv@latest/steampipe-plugin-csv.plugin"]
2022-12-06 14:19:21.372 UTC [DEBUG] plugin started: path=/home/runner/.steampipe/plugins/hub.steampipe.io/plugins/turbot/csv@latest/steampipe-plugin-csv.plugin pid=1964
2022-12-06 14:19:21.372 UTC [DEBUG] waiting for RPC address: path=/home/runner/.steampipe/plugins/hub.steampipe.io/plugins/turbot/csv@latest/steampipe-plugin-csv.plugin
2022-12-06 14:19:21.381 UTC [INFO]  steampipe-plugin-csv.plugin: [INFO]  Initialise plugin 'steampipe-plugin-csv', using sdk version 4.1.8
2022-12-06 14:19:21.381 UTC [TRACE] steampipe-plugin-csv.plugin: [TRACE] no DefaultRetryConfig defined - creating empty
2022-12-06 14:19:21.381 UTC [TRACE] steampipe-plugin-csv.plugin: [TRACE] no DefaultIgnoreConfig defined - creating empty
2022-12-06 14:19:21.381 UTC [TRACE] steampipe-plugin-csv.plugin: [TRACE] telemetry.Init service 'steampipe-plugin-csv', tracingEnabled: false, metricsEnabled: false
2022-12-06 14:19:21.381 UTC [TRACE] steampipe-plugin-csv.plugin: [TRACE] metrics and tracing disabled' - returning
2022-12-06 14:19:21.382 UTC [DEBUG] steampipe-plugin-csv.plugin: plugin address: address=/tmp/plugin3863300447 network=unix timestamp=2022-12-06T14:19:21.382Z
2022-12-06 14:19:21.382 UTC [DEBUG] using plugin: version=0
2022-12-06 14:19:21.382 UTC [TRACE] NewPluginClient for plugin hub.steampipe.io/plugins/turbot/csv@latest
2022-12-06 14:19:21.384 UTC [TRACE] stdio: waiting for stdio data
2022-12-06 14:19:21.385 UTC [TRACE] supportedOperations: query_cache:true multiple_connections:true
2022-12-06 14:19:21.387 UTC [TRACE] steampipe-plugin-csv.plugin: [TRACE] SetAllConnectionConfigs setting 1 configs
2022-12-06 14:19:21.387 UTC [TRACE] steampipe-plugin-csv.plugin: [TRACE] connection csv build schema and table map
2022-12-06 14:19:21.387 UTC [DEBUG] steampipe-plugin-csv.plugin: [DEBUG] csv.tableCSV: path=/home/runner/work/steampipe-samples/steampipe-samples/all/hackernews/hn_items_all.csv detected_encoding=Unknown
2022-12-06 14:19:21.387 UTC [DEBUG] steampipe-plugin-csv.plugin: [DEBUG] csv.tableCSV: path=/home/runner/work/steampipe-samples/steampipe-samples/all/hackernews/new_sc.csv detected_encoding=Unknown
2022-12-06 14:19:21.387 UTC [DEBUG] steampipe-plugin-csv.plugin: [DEBUG] csv.tableCSV: path=/home/runner/work/steampipe-samples/steampipe-samples/all/hackernews/people.csv detected_encoding=Unknown
2022-12-06 14:19:21.387 UTC [TRACE] steampipe-plugin-csv.plugin: [TRACE] initialise table /home/runner/work/steampipe-samples/steampipe-samples/all/hackernews/hn_items_all.csv
2022-12-06 14:19:21.387 UTC [TRACE] steampipe-plugin-csv.plugin: [TRACE] no DefaultRetryConfig defined - creating empty
2022-12-06 14:19:21.387 UTC [TRACE] steampipe-plugin-csv.plugin: [TRACE] no DefaultIgnoreConfig defined - creating empty
2022-12-06 14:19:21.387 UTC [TRACE] steampipe-plugin-csv.plugin: [TRACE] apply plugin defaults for DefaultRetryConfig
2022-12-06 14:19:21.387 UTC [TRACE] steampipe-plugin-csv.plugin: [TRACE] apply plugin defaults for DefaultIgnoreConfig, table &{<nil> <nil>} plugin &{<nil> <nil>}
2022-12-06 14:19:21.387 UTC [TRACE] steampipe-plugin-csv.plugin: [TRACE] DefaultRetryConfig:
2022-12-06 14:19:21.387 UTC [TRACE] steampipe-plugin-csv.plugin: [TRACE] DefaultIgnoreConfig:
2022-12-06 14:19:21.387 UTC [TRACE] steampipe-plugin-csv.plugin: [TRACE] t.List.initialise
2022-12-06 14:19:21.387 UTC [TRACE] steampipe-plugin-csv.plugin: [TRACE] ListConfig.initialise table /home/runner/work/steampipe-samples/steampipe-samples/all/hackernews/hn_items_all.csv
2022-12-06 14:19:21.387 UTC [TRACE] steampipe-plugin-csv.plugin: [TRACE] ListConfig.initialise complete: RetryConfig: , IgnoreConfig
2022-12-06 14:19:21.387 UTC [TRACE] steampipe-plugin-csv.plugin: [TRACE] back from initialiseHydrateConfigs
2022-12-06 14:19:21.387 UTC [TRACE] steampipe-plugin-csv.plugin: [TRACE] initialise table /home/runner/work/steampipe-samples/steampipe-samples/all/hackernews/hn_items_all.csv COMPLETE
2022-12-06 14:19:21.387 UTC [TRACE] steampipe-plugin-csv.plugin: [TRACE] initialise table /home/runner/work/steampipe-samples/steampipe-samples/all/hackernews/new_sc.csv
2022-12-06 14:19:21.387 UTC [TRACE] steampipe-plugin-csv.plugin: [TRACE] no DefaultRetryConfig defined - creating empty
2022-12-06 14:19:21.387 UTC [TRACE] steampipe-plugin-csv.plugin: [TRACE] no DefaultIgnoreConfig defined - creating empty
2022-12-06 14:19:21.387 UTC [TRACE] steampipe-plugin-csv.plugin: [TRACE] apply plugin defaults for DefaultRetryConfig
2022-12-06 14:19:21.387 UTC [TRACE] steampipe-plugin-csv.plugin: [TRACE] apply plugin defaults for DefaultIgnoreConfig, table &{<nil> <nil>} plugin &{<nil> <nil>}
2022-12-06 14:19:21.387 UTC [TRACE] steampipe-plugin-csv.plugin: [TRACE] DefaultRetryConfig:
2022-12-06 14:19:21.387 UTC [TRACE] steampipe-plugin-csv.plugin: [TRACE] DefaultIgnoreConfig:
2022-12-06 14:19:21.387 UTC [TRACE] steampipe-plugin-csv.plugin: [TRACE] t.List.initialise
2022-12-06 14:19:21.387 UTC [TRACE] steampipe-plugin-csv.plugin: [TRACE] ListConfig.initialise table /home/runner/work/steampipe-samples/steampipe-samples/all/hackernews/new_sc.csv
2022-12-06 14:19:21.387 UTC [TRACE] steampipe-plugin-csv.plugin: [TRACE] ListConfig.initialise complete: RetryConfig: , IgnoreConfig
2022-12-06 14:19:21.387 UTC [TRACE] steampipe-plugin-csv.plugin: [TRACE] back from initialiseHydrateConfigs
2022-12-06 14:19:21.387 UTC [TRACE] steampipe-plugin-csv.plugin: [TRACE] initialise table /home/runner/work/steampipe-samples/steampipe-samples/all/hackernews/new_sc.csv COMPLETE
2022-12-06 14:19:21.387 UTC [TRACE] steampipe-plugin-csv.plugin: [TRACE] initialise table /home/runner/work/steampipe-samples/steampipe-samples/all/hackernews/people.csv
2022-12-06 14:19:21.387 UTC [TRACE] steampipe-plugin-csv.plugin: [TRACE] no DefaultRetryConfig defined - creating empty
2022-12-06 14:19:21.387 UTC [TRACE] steampipe-plugin-csv.plugin: [TRACE] no DefaultIgnoreConfig defined - creating empty
2022-12-06 14:19:21.387 UTC [TRACE] steampipe-plugin-csv.plugin: [TRACE] apply plugin defaults for DefaultRetryConfig
2022-12-06 14:19:21.387 UTC [TRACE] steampipe-plugin-csv.plugin: [TRACE] apply plugin defaults for DefaultIgnoreConfig, table &{<nil> <nil>} plugin &{<nil> <nil>}
2022-12-06 14:19:21.387 UTC [TRACE] steampipe-plugin-csv.plugin: [TRACE] DefaultRetryConfig:
2022-12-06 14:19:21.387 UTC [TRACE] steampipe-plugin-csv.plugin: [TRACE] DefaultIgnoreConfig:
2022-12-06 14:19:21.387 UTC [TRACE] steampipe-plugin-csv.plugin: [TRACE] t.List.initialise
2022-12-06 14:19:21.387 UTC [TRACE] steampipe-plugin-csv.plugin: [TRACE] ListConfig.initialise table /home/runner/work/steampipe-samples/steampipe-samples/all/hackernews/people.csv
2022-12-06 14:19:21.387 UTC [TRACE] steampipe-plugin-csv.plugin: [TRACE] ListConfig.initialise complete: RetryConfig: , IgnoreConfig
2022-12-06 14:19:21.387 UTC [TRACE] steampipe-plugin-csv.plugin: [TRACE] back from initialiseHydrateConfigs
2022-12-06 14:19:21.387 UTC [TRACE] steampipe-plugin-csv.plugin: [TRACE] initialise table /home/runner/work/steampipe-samples/steampipe-samples/all/hackernews/people.csv COMPLETE
2022-12-06 14:19:21.387 UTC [TRACE] steampipe-plugin-csv.plugin: [TRACE] validate plugin steampipe-plugin-csv, required columns []
2022-12-06 14:19:21.387 UTC [TRACE] steampipe-plugin-csv.plugin: [TRACE] validate DefaultRetryConfig
2022-12-06 14:19:21.387 UTC [TRACE] steampipe-plugin-csv.plugin: [TRACE] validate DefaultIgnoreConfig
2022-12-06 14:19:21.387 UTC [TRACE] steampipe-plugin-csv.plugin: [TRACE] validate table names
2022-12-06 14:19:21.387 UTC [TRACE] steampipe-plugin-csv.plugin: [TRACE] plugin has 0 validation errors
2022-12-06 14:19:21.387 UTC [TRACE] steampipe-plugin-csv.plugin: [TRACE] Plugin ensureCache creating cache, maxCacheStorageMb 0
2022-12-06 14:19:21.387 UTC [TRACE] steampipe-plugin-csv.plugin: [TRACE] createCacheStore for plugin 'steampipe-plugin-csv' setting max size to 0Mb, Shards: 2, max shard size: 0
2022-12-06 14:19:21.401 UTC [INFO]  steampipe-plugin-csv.plugin: [INFO]  query cache created
2022-12-06 14:19:21.401 UTC [DEBUG] steampipe-plugin-csv.plugin: [DEBUG] SetAllConnectionConfigs finished
2022-12-06 14:19:21.402 UTC [TRACE] PluginManager getPlugin complete, returning reattach config with PID: 1964
2022-12-06 14:19:21.402 UTC [TRACE] PluginManager Get returning reattach_map:{key:"csv" value:{protocol:"grpc" addr:{Network:"unix" Address:"/tmp/plugin3863300447"} pid:1964 supported_operations:{query_cache:true multiple_connections:true} connections:"csv" plugin:"hub.steampipe.io/plugins/turbot/csv@latest"}}
2022-12-06 14:19:21.493 UTC [TRACE] PluginManager Get, connections: '[csv]'
2022-12-06 14:19:21.493 UTC [TRACE] PluginManager getPlugin hub.steampipe.io/plugins/turbot/csv@latest connection 'csv'
2022-12-06 14:19:21.493 UTC [TRACE] connection csv found in connectionPluginMap
2022-12-06 14:19:21.493 UTC [TRACE] initialized: 1964
2022-12-06 14:19:21.493 UTC [TRACE] initialized: 1964
2022-12-06 14:19:21.493 UTC [TRACE] connection csv is loaded, check for running PID
2022-12-06 14:19:21.494 UTC [TRACE] PluginManager found 'csv' in map, pid 1964
2022-12-06 14:19:21.494 UTC [TRACE] PluginManager Get returning reattach_map:{key:"csv" value:{protocol:"grpc" addr:{Network:"unix" Address:"/tmp/plugin3863300447"} pid:1964 supported_operations:{query_cache:true multiple_connections:true} connections:"csv" plugin:"hub.steampipe.io/plugins/turbot/csv@latest"}}
2022-12-06 14:19:21.658 UTC [TRACE] PluginManager Get, connections: '[hackernews]'
2022-12-06 14:19:21.658 UTC [TRACE] PluginManager getPlugin hub.steampipe.io/plugins/turbot/hackernews@latest connection 'hackernews'
2022-12-06 14:19:21.658 UTC [TRACE] PluginManager 0xc0004d4e10 plugin hub.steampipe.io/plugins/turbot/hackernews@latest (hackernews) NOT started or starting - start now
2022-12-06 14:19:21.658 UTC [TRACE] ************ start plugin hackernews ********************
2022-12-06 14:19:21.658 UTC [TRACE] ************ plugin path /home/runner/.steampipe/plugins/hub.steampipe.io/plugins/turbot/hackernews@latest/steampipe-plugin-hackernews.plugin ********************
2022-12-06 14:19:21.732 UTC [DEBUG] starting plugin: path=/home/runner/.steampipe/plugins/hub.steampipe.io/plugins/turbot/hackernews@latest/steampipe-plugin-hackernews.plugin args=["/home/runner/.steampipe/plugins/hub.steampipe.io/plugins/turbot/hackernews@latest/steampipe-plugin-hackernews.plugin"]
2022-12-06 14:19:21.732 UTC [DEBUG] plugin started: path=/home/runner/.steampipe/plugins/hub.steampipe.io/plugins/turbot/hackernews@latest/steampipe-plugin-hackernews.plugin pid=1986
2022-12-06 14:19:21.732 UTC [DEBUG] waiting for RPC address: path=/home/runner/.steampipe/plugins/hub.steampipe.io/plugins/turbot/hackernews@latest/steampipe-plugin-hackernews.plugin
2022-12-06 14:19:21.743 UTC [INFO]  steampipe-plugin-hackernews.plugin: [INFO]  Initialise plugin 'steampipe-plugin-hackernews', using sdk version 4.1.7
2022-12-06 14:19:21.743 UTC [TRACE] steampipe-plugin-hackernews.plugin: [TRACE] defaulting SchemaMode to SchemaModeStatic
2022-12-06 14:19:21.743 UTC [TRACE] steampipe-plugin-hackernews.plugin: [TRACE] no DefaultRetryConfig defined - creating empty
2022-12-06 14:19:21.743 UTC [TRACE] steampipe-plugin-hackernews.plugin: [TRACE] no DefaultIgnoreConfig defined - creating empty
2022-12-06 14:19:21.743 UTC [TRACE] steampipe-plugin-hackernews.plugin: [TRACE] Setting Ulimit: ulimit=2560
2022-12-06 14:19:21.744 UTC [TRACE] steampipe-plugin-hackernews.plugin: [TRACE] telemetry.Init service 'steampipe-plugin-hackernews', tracingEnabled: false, metricsEnabled: false
2022-12-06 14:19:21.744 UTC [TRACE] steampipe-plugin-hackernews.plugin: [TRACE] metrics and tracing disabled' - returning
2022-12-06 14:19:21.744 UTC [DEBUG] steampipe-plugin-hackernews.plugin: plugin address: address=/tmp/plugin2195825101 network=unix timestamp=2022-12-06T14:19:21.744Z
2022-12-06 14:19:21.744 UTC [DEBUG] using plugin: version=0
2022-12-06 14:19:21.744 UTC [TRACE] NewPluginClient for plugin hub.steampipe.io/plugins/turbot/hackernews@latest
2022-12-06 14:19:21.745 UTC [TRACE] stdio: waiting for stdio data
2022-12-06 14:19:21.746 UTC [TRACE] supportedOperations: query_cache:true multiple_connections:true
2022-12-06 14:19:21.747 UTC [TRACE] steampipe-plugin-hackernews.plugin: [TRACE] SetAllConnectionConfigs setting 1 configs
2022-12-06 14:19:21.747 UTC [TRACE] steampipe-plugin-hackernews.plugin: [TRACE] connection hackernews build schema and table map
2022-12-06 14:19:21.747 UTC [TRACE] steampipe-plugin-hackernews.plugin: [TRACE] initialise table hackernews_best
2022-12-06 14:19:21.747 UTC [TRACE] steampipe-plugin-hackernews.plugin: [TRACE] no DefaultRetryConfig defined - creating empty
2022-12-06 14:19:21.747 UTC [TRACE] steampipe-plugin-hackernews.plugin: [TRACE] no DefaultIgnoreConfig defined - creating empty
2022-12-06 14:19:21.747 UTC [TRACE] steampipe-plugin-hackernews.plugin: [TRACE] apply plugin defaults for DefaultRetryConfig
2022-12-06 14:19:21.747 UTC [TRACE] steampipe-plugin-hackernews.plugin: [TRACE] apply plugin defaults for DefaultIgnoreConfig, table &{<nil> <nil>} plugin &{<nil> <nil>}
2022-12-06 14:19:21.747 UTC [TRACE] steampipe-plugin-hackernews.plugin: [TRACE] DefaultRetryConfig:
2022-12-06 14:19:21.747 UTC [TRACE] steampipe-plugin-hackernews.plugin: [TRACE] DefaultIgnoreConfig:
2022-12-06 14:19:21.747 UTC [TRACE] steampipe-plugin-hackernews.plugin: [TRACE] t.Get.initialise
2022-12-06 14:19:21.747 UTC [TRACE] steampipe-plugin-hackernews.plugin: [TRACE] GetConfig.initialise table hackernews_best
2022-12-06 14:19:21.747 UTC [TRACE] steampipe-plugin-hackernews.plugin: [TRACE] GetConfig.initialise complete: RetryConfig: , IgnoreConfig:
2022-12-06 14:19:21.747 UTC [TRACE] steampipe-plugin-hackernews.plugin: [TRACE] t.List.initialise
2022-12-06 14:19:21.747 UTC [TRACE] steampipe-plugin-hackernews.plugin: [TRACE] ListConfig.initialise table hackernews_best
2022-12-06 14:19:21.747 UTC [TRACE] steampipe-plugin-hackernews.plugin: [TRACE] ListConfig.initialise complete: RetryConfig: , IgnoreConfig
2022-12-06 14:19:21.747 UTC [TRACE] steampipe-plugin-hackernews.plugin: [TRACE] HydrateConfig.initialise func getItem, table hackernews_best
2022-12-06 14:19:21.747 UTC [TRACE] steampipe-plugin-hackernews.plugin: [TRACE] HydrateConfig.initialise complete: RetryConfig: , IgnoreConfig:
2022-12-06 14:19:21.747 UTC [TRACE] steampipe-plugin-hackernews.plugin: [TRACE] back from initialiseHydrateConfigs
2022-12-06 14:19:21.747 UTC [TRACE] steampipe-plugin-hackernews.plugin: [TRACE] initialise table hackernews_best COMPLETE
2022-12-06 14:19:21.747 UTC [TRACE] steampipe-plugin-hackernews.plugin: [TRACE] initialise table hackernews_item
2022-12-06 14:19:21.747 UTC [TRACE] steampipe-plugin-hackernews.plugin: [TRACE] no DefaultRetryConfig defined - creating empty
2022-12-06 14:19:21.747 UTC [TRACE] steampipe-plugin-hackernews.plugin: [TRACE] no DefaultIgnoreConfig defined - creating empty
2022-12-06 14:19:21.747 UTC [TRACE] steampipe-plugin-hackernews.plugin: [TRACE] apply plugin defaults for DefaultRetryConfig
2022-12-06 14:19:21.747 UTC [TRACE] steampipe-plugin-hackernews.plugin: [TRACE] apply plugin defaults for DefaultIgnoreConfig, table &{<nil> <nil>} plugin &{<nil> <nil>}
2022-12-06 14:19:21.747 UTC [TRACE] steampipe-plugin-hackernews.plugin: [TRACE] DefaultRetryConfig:
2022-12-06 14:19:21.747 UTC [TRACE] steampipe-plugin-hackernews.plugin: [TRACE] DefaultIgnoreConfig:
2022-12-06 14:19:21.747 UTC [TRACE] steampipe-plugin-hackernews.plugin: [TRACE] t.Get.initialise
2022-12-06 14:19:21.747 UTC [TRACE] steampipe-plugin-hackernews.plugin: [TRACE] GetConfig.initialise table hackernews_item
2022-12-06 14:19:21.747 UTC [TRACE] steampipe-plugin-hackernews.plugin: [TRACE] GetConfig.initialise complete: RetryConfig: , IgnoreConfig:
2022-12-06 14:19:21.747 UTC [TRACE] steampipe-plugin-hackernews.plugin: [TRACE] t.List.initialise
2022-12-06 14:19:21.747 UTC [TRACE] steampipe-plugin-hackernews.plugin: [TRACE] ListConfig.initialise table hackernews_item
2022-12-06 14:19:21.747 UTC [TRACE] steampipe-plugin-hackernews.plugin: [TRACE] ListConfig.initialise complete: RetryConfig: , IgnoreConfig
2022-12-06 14:19:21.747 UTC [TRACE] steampipe-plugin-hackernews.plugin: [TRACE] HydrateConfig.initialise func getItem, table hackernews_item
2022-12-06 14:19:21.747 UTC [TRACE] steampipe-plugin-hackernews.plugin: [TRACE] HydrateConfig.initialise complete: RetryConfig: , IgnoreConfig:
2022-12-06 14:19:21.747 UTC [TRACE] steampipe-plugin-hackernews.plugin: [TRACE] back from initialiseHydrateConfigs
2022-12-06 14:19:21.747 UTC [TRACE] steampipe-plugin-hackernews.plugin: [TRACE] initialise table hackernews_item COMPLETE
2022-12-06 14:19:21.747 UTC [TRACE] steampipe-plugin-hackernews.plugin: [TRACE] initialise table hackernews_job
2022-12-06 14:19:21.747 UTC [TRACE] steampipe-plugin-hackernews.plugin: [TRACE] no DefaultRetryConfig defined - creating empty
2022-12-06 14:19:21.747 UTC [TRACE] steampipe-plugin-hackernews.plugin: [TRACE] no DefaultIgnoreConfig defined - creating empty
2022-12-06 14:19:21.747 UTC [TRACE] steampipe-plugin-hackernews.plugin: [TRACE] apply plugin defaults for DefaultRetryConfig
2022-12-06 14:19:21.747 UTC [TRACE] steampipe-plugin-hackernews.plugin: [TRACE] apply plugin defaults for DefaultIgnoreConfig, table &{<nil> <nil>} plugin &{<nil> <nil>}
2022-12-06 14:19:21.747 UTC [TRACE] steampipe-plugin-hackernews.plugin: [TRACE] DefaultRetryConfig:
2022-12-06 14:19:21.747 UTC [TRACE] steampipe-plugin-hackernews.plugin: [TRACE] DefaultIgnoreConfig:
2022-12-06 14:19:21.747 UTC [TRACE] steampipe-plugin-hackernews.plugin: [TRACE] t.Get.initialise
2022-12-06 14:19:21.747 UTC [TRACE] steampipe-plugin-hackernews.plugin: [TRACE] GetConfig.initialise table hackernews_job
2022-12-06 14:19:21.747 UTC [TRACE] steampipe-plugin-hackernews.plugin: [TRACE] GetConfig.initialise complete: RetryConfig: , IgnoreConfig:
2022-12-06 14:19:21.747 UTC [TRACE] steampipe-plugin-hackernews.plugin: [TRACE] t.List.initialise
2022-12-06 14:19:21.747 UTC [TRACE] steampipe-plugin-hackernews.plugin: [TRACE] ListConfig.initialise table hackernews_job
2022-12-06 14:19:21.747 UTC [TRACE] steampipe-plugin-hackernews.plugin: [TRACE] ListConfig.initialise complete: RetryConfig: , IgnoreConfig
2022-12-06 14:19:21.747 UTC [TRACE] steampipe-plugin-hackernews.plugin: [TRACE] HydrateConfig.initialise func getItem, table hackernews_job
2022-12-06 14:19:21.747 UTC [TRACE] steampipe-plugin-hackernews.plugin: [TRACE] HydrateConfig.initialise complete: RetryConfig: , IgnoreConfig:
2022-12-06 14:19:21.747 UTC [TRACE] steampipe-plugin-hackernews.plugin: [TRACE] back from initialiseHydrateConfigs
2022-12-06 14:19:21.747 UTC [TRACE] steampipe-plugin-hackernews.plugin: [TRACE] initialise table hackernews_job COMPLETE
2022-12-06 14:19:21.747 UTC [TRACE] steampipe-plugin-hackernews.plugin: [TRACE] initialise table hackernews_new
2022-12-06 14:19:21.747 UTC [TRACE] steampipe-plugin-hackernews.plugin: [TRACE] no DefaultRetryConfig defined - creating empty
2022-12-06 14:19:21.747 UTC [TRACE] steampipe-plugin-hackernews.plugin: [TRACE] no DefaultIgnoreConfig defined - creating empty
2022-12-06 14:19:21.747 UTC [TRACE] steampipe-plugin-hackernews.plugin: [TRACE] apply plugin defaults for DefaultRetryConfig
2022-12-06 14:19:21.748 UTC [TRACE] steampipe-plugin-hackernews.plugin: [TRACE] apply plugin defaults for DefaultIgnoreConfig, table &{<nil> <nil>} plugin &{<nil> <nil>}
2022-12-06 14:19:21.748 UTC [TRACE] steampipe-plugin-hackernews.plugin: [TRACE] DefaultRetryConfig:
2022-12-06 14:19:21.748 UTC [TRACE] steampipe-plugin-hackernews.plugin: [TRACE] DefaultIgnoreConfig:
2022-12-06 14:19:21.748 UTC [TRACE] steampipe-plugin-hackernews.plugin: [TRACE] t.Get.initialise
2022-12-06 14:19:21.748 UTC [TRACE] steampipe-plugin-hackernews.plugin: [TRACE] GetConfig.initialise table hackernews_new
2022-12-06 14:19:21.748 UTC [TRACE] steampipe-plugin-hackernews.plugin: [TRACE] GetConfig.initialise complete: RetryConfig: , IgnoreConfig:
2022-12-06 14:19:21.748 UTC [TRACE] steampipe-plugin-hackernews.plugin: [TRACE] t.List.initialise
2022-12-06 14:19:21.748 UTC [TRACE] steampipe-plugin-hackernews.plugin: [TRACE] ListConfig.initialise table hackernews_new
2022-12-06 14:19:21.748 UTC [TRACE] steampipe-plugin-hackernews.plugin: [TRACE] ListConfig.initialise complete: RetryConfig: , IgnoreConfig
2022-12-06 14:19:21.748 UTC [TRACE] steampipe-plugin-hackernews.plugin: [TRACE] HydrateConfig.initialise func getItem, table hackernews_new
2022-12-06 14:19:21.748 UTC [TRACE] steampipe-plugin-hackernews.plugin: [TRACE] HydrateConfig.initialise complete: RetryConfig: , IgnoreConfig:
2022-12-06 14:19:21.748 UTC [TRACE] steampipe-plugin-hackernews.plugin: [TRACE] back from initialiseHydrateConfigs
2022-12-06 14:19:21.748 UTC [TRACE] steampipe-plugin-hackernews.plugin: [TRACE] initialise table hackernews_new COMPLETE
2022-12-06 14:19:21.748 UTC [TRACE] steampipe-plugin-hackernews.plugin: [TRACE] initialise table hackernews_show_hn
2022-12-06 14:19:21.748 UTC [TRACE] steampipe-plugin-hackernews.plugin: [TRACE] no DefaultRetryConfig defined - creating empty
2022-12-06 14:19:21.748 UTC [TRACE] steampipe-plugin-hackernews.plugin: [TRACE] no DefaultIgnoreConfig defined - creating empty
2022-12-06 14:19:21.748 UTC [TRACE] steampipe-plugin-hackernews.plugin: [TRACE] apply plugin defaults for DefaultRetryConfig
2022-12-06 14:19:21.748 UTC [TRACE] steampipe-plugin-hackernews.plugin: [TRACE] apply plugin defaults for DefaultIgnoreConfig, table &{<nil> <nil>} plugin &{<nil> <nil>}
2022-12-06 14:19:21.748 UTC [TRACE] steampipe-plugin-hackernews.plugin: [TRACE] DefaultRetryConfig:
2022-12-06 14:19:21.748 UTC [TRACE] steampipe-plugin-hackernews.plugin: [TRACE] DefaultIgnoreConfig:
2022-12-06 14:19:21.748 UTC [TRACE] steampipe-plugin-hackernews.plugin: [TRACE] t.Get.initialise
2022-12-06 14:19:21.748 UTC [TRACE] steampipe-plugin-hackernews.plugin: [TRACE] GetConfig.initialise table hackernews_show_hn
2022-12-06 14:19:21.748 UTC [TRACE] steampipe-plugin-hackernews.plugin: [TRACE] GetConfig.initialise complete: RetryConfig: , IgnoreConfig:
2022-12-06 14:19:21.748 UTC [TRACE] steampipe-plugin-hackernews.plugin: [TRACE] t.List.initialise
2022-12-06 14:19:21.748 UTC [TRACE] steampipe-plugin-hackernews.plugin: [TRACE] ListConfig.initialise table hackernews_show_hn
2022-12-06 14:19:21.748 UTC [TRACE] steampipe-plugin-hackernews.plugin: [TRACE] ListConfig.initialise complete: RetryConfig: , IgnoreConfig
2022-12-06 14:19:21.748 UTC [TRACE] steampipe-plugin-hackernews.plugin: [TRACE] HydrateConfig.initialise func getItem, table hackernews_show_hn
2022-12-06 14:19:21.748 UTC [TRACE] steampipe-plugin-hackernews.plugin: [TRACE] HydrateConfig.initialise complete: RetryConfig: , IgnoreConfig:
2022-12-06 14:19:21.748 UTC [TRACE] steampipe-plugin-hackernews.plugin: [TRACE] back from initialiseHydrateConfigs
2022-12-06 14:19:21.748 UTC [TRACE] steampipe-plugin-hackernews.plugin: [TRACE] initialise table hackernews_show_hn COMPLETE
2022-12-06 14:19:21.748 UTC [TRACE] steampipe-plugin-hackernews.plugin: [TRACE] initialise table hackernews_top
2022-12-06 14:19:21.748 UTC [TRACE] steampipe-plugin-hackernews.plugin: [TRACE] no DefaultRetryConfig defined - creating empty
2022-12-06 14:19:21.748 UTC [TRACE] steampipe-plugin-hackernews.plugin: [TRACE] no DefaultIgnoreConfig defined - creating empty
2022-12-06 14:19:21.748 UTC [TRACE] steampipe-plugin-hackernews.plugin: [TRACE] apply plugin defaults for DefaultRetryConfig
2022-12-06 14:19:21.748 UTC [TRACE] steampipe-plugin-hackernews.plugin: [TRACE] apply plugin defaults for DefaultIgnoreConfig, table &{<nil> <nil>} plugin &{<nil> <nil>}
2022-12-06 14:19:21.748 UTC [TRACE] steampipe-plugin-hackernews.plugin: [TRACE] DefaultRetryConfig:
2022-12-06 14:19:21.748 UTC [TRACE] steampipe-plugin-hackernews.plugin: [TRACE] DefaultIgnoreConfig:
2022-12-06 14:19:21.748 UTC [TRACE] steampipe-plugin-hackernews.plugin: [TRACE] t.Get.initialise
2022-12-06 14:19:21.748 UTC [TRACE] steampipe-plugin-hackernews.plugin: [TRACE] GetConfig.initialise table hackernews_top
2022-12-06 14:19:21.748 UTC [TRACE] steampipe-plugin-hackernews.plugin: [TRACE] GetConfig.initialise complete: RetryConfig: , IgnoreConfig:
2022-12-06 14:19:21.748 UTC [TRACE] steampipe-plugin-hackernews.plugin: [TRACE] t.List.initialise
2022-12-06 14:19:21.748 UTC [TRACE] steampipe-plugin-hackernews.plugin: [TRACE] ListConfig.initialise table hackernews_top
2022-12-06 14:19:21.748 UTC [TRACE] steampipe-plugin-hackernews.plugin: [TRACE] ListConfig.initialise complete: RetryConfig: , IgnoreConfig
2022-12-06 14:19:21.748 UTC [TRACE] steampipe-plugin-hackernews.plugin: [TRACE] HydrateConfig.initialise func getItem, table hackernews_top
2022-12-06 14:19:21.748 UTC [TRACE] steampipe-plugin-hackernews.plugin: [TRACE] HydrateConfig.initialise complete: RetryConfig: , IgnoreConfig:
2022-12-06 14:19:21.748 UTC [TRACE] steampipe-plugin-hackernews.plugin: [TRACE] back from initialiseHydrateConfigs
2022-12-06 14:19:21.748 UTC [TRACE] steampipe-plugin-hackernews.plugin: [TRACE] initialise table hackernews_top COMPLETE
2022-12-06 14:19:21.748 UTC [TRACE] steampipe-plugin-hackernews.plugin: [TRACE] initialise table hackernews_user
2022-12-06 14:19:21.748 UTC [TRACE] steampipe-plugin-hackernews.plugin: [TRACE] no DefaultRetryConfig defined - creating empty
2022-12-06 14:19:21.748 UTC [TRACE] steampipe-plugin-hackernews.plugin: [TRACE] no DefaultIgnoreConfig defined - creating empty
2022-12-06 14:19:21.748 UTC [TRACE] steampipe-plugin-hackernews.plugin: [TRACE] apply plugin defaults for DefaultRetryConfig
2022-12-06 14:19:21.748 UTC [TRACE] steampipe-plugin-hackernews.plugin: [TRACE] apply plugin defaults for DefaultIgnoreConfig, table &{<nil> <nil>} plugin &{<nil> <nil>}
2022-12-06 14:19:21.748 UTC [TRACE] steampipe-plugin-hackernews.plugin: [TRACE] DefaultRetryConfig:
2022-12-06 14:19:21.748 UTC [TRACE] steampipe-plugin-hackernews.plugin: [TRACE] DefaultIgnoreConfig:
2022-12-06 14:19:21.748 UTC [TRACE] steampipe-plugin-hackernews.plugin: [TRACE] t.List.initialise
2022-12-06 14:19:21.748 UTC [TRACE] steampipe-plugin-hackernews.plugin: [TRACE] ListConfig.initialise table hackernews_user
2022-12-06 14:19:21.748 UTC [TRACE] steampipe-plugin-hackernews.plugin: [TRACE] ListConfig.initialise complete: RetryConfig: , IgnoreConfig
2022-12-06 14:19:21.748 UTC [TRACE] steampipe-plugin-hackernews.plugin: [TRACE] back from initialiseHydrateConfigs
2022-12-06 14:19:21.748 UTC [TRACE] steampipe-plugin-hackernews.plugin: [TRACE] initialise table hackernews_user COMPLETE
2022-12-06 14:19:21.748 UTC [TRACE] steampipe-plugin-hackernews.plugin: [TRACE] initialise table hackernews_ask_hn
2022-12-06 14:19:21.748 UTC [TRACE] steampipe-plugin-hackernews.plugin: [TRACE] no DefaultRetryConfig defined - creating empty
2022-12-06 14:19:21.748 UTC [TRACE] steampipe-plugin-hackernews.plugin: [TRACE] no DefaultIgnoreConfig defined - creating empty
2022-12-06 14:19:21.748 UTC [TRACE] steampipe-plugin-hackernews.plugin: [TRACE] apply plugin defaults for DefaultRetryConfig
2022-12-06 14:19:21.748 UTC [TRACE] steampipe-plugin-hackernews.plugin: [TRACE] apply plugin defaults for DefaultIgnoreConfig, table &{<nil> <nil>} plugin &{<nil> <nil>}
2022-12-06 14:19:21.748 UTC [TRACE] steampipe-plugin-hackernews.plugin: [TRACE] DefaultRetryConfig:
2022-12-06 14:19:21.748 UTC [TRACE] steampipe-plugin-hackernews.plugin: [TRACE] DefaultIgnoreConfig:
2022-12-06 14:19:21.748 UTC [TRACE] steampipe-plugin-hackernews.plugin: [TRACE] t.Get.initialise
2022-12-06 14:19:21.748 UTC [TRACE] steampipe-plugin-hackernews.plugin: [TRACE] GetConfig.initialise table hackernews_ask_hn
2022-12-06 14:19:21.748 UTC [TRACE] steampipe-plugin-hackernews.plugin: [TRACE] GetConfig.initialise complete: RetryConfig: , IgnoreConfig:
2022-12-06 14:19:21.748 UTC [TRACE] steampipe-plugin-hackernews.plugin: [TRACE] t.List.initialise
2022-12-06 14:19:21.748 UTC [TRACE] steampipe-plugin-hackernews.plugin: [TRACE] ListConfig.initialise table hackernews_ask_hn
2022-12-06 14:19:21.748 UTC [TRACE] steampipe-plugin-hackernews.plugin: [TRACE] ListConfig.initialise complete: RetryConfig: , IgnoreConfig
2022-12-06 14:19:21.748 UTC [TRACE] steampipe-plugin-hackernews.plugin: [TRACE] HydrateConfig.initialise func getItem, table hackernews_ask_hn
2022-12-06 14:19:21.748 UTC [TRACE] steampipe-plugin-hackernews.plugin: [TRACE] HydrateConfig.initialise complete: RetryConfig: , IgnoreConfig:
2022-12-06 14:19:21.748 UTC [TRACE] steampipe-plugin-hackernews.plugin: [TRACE] back from initialiseHydrateConfigs
2022-12-06 14:19:21.748 UTC [TRACE] steampipe-plugin-hackernews.plugin: [TRACE] initialise table hackernews_ask_hn COMPLETE
2022-12-06 14:19:21.748 UTC [TRACE] steampipe-plugin-hackernews.plugin: [TRACE] validate plugin steampipe-plugin-hackernews, required columns []
2022-12-06 14:19:21.748 UTC [TRACE] steampipe-plugin-hackernews.plugin: [TRACE] validate DefaultRetryConfig
2022-12-06 14:19:21.748 UTC [TRACE] steampipe-plugin-hackernews.plugin: [TRACE] validate DefaultIgnoreConfig
2022-12-06 14:19:21.748 UTC [TRACE] steampipe-plugin-hackernews.plugin: [TRACE] validate table names
2022-12-06 14:19:21.748 UTC [TRACE] steampipe-plugin-hackernews.plugin: [TRACE] plugin has 0 validation errors
2022-12-06 14:19:21.748 UTC [TRACE] steampipe-plugin-hackernews.plugin: [TRACE] Plugin ensureCache creating cache, maxCacheStorageMb 0
2022-12-06 14:19:21.748 UTC [TRACE] steampipe-plugin-hackernews.plugin: [TRACE] createCacheStore for plugin 'steampipe-plugin-hackernews' setting max size to 0Mb, Shards: 2, max shard size: 0
2022-12-06 14:19:21.765 UTC [INFO]  steampipe-plugin-hackernews.plugin: [INFO]  query cache created
2022-12-06 14:19:21.766 UTC [DEBUG] steampipe-plugin-hackernews.plugin: [DEBUG] SetAllConnectionConfigs finished
2022-12-06 14:19:21.766 UTC [TRACE] PluginManager getPlugin complete, returning reattach config with PID: 1986
2022-12-06 14:19:21.766 UTC [TRACE] PluginManager Get returning reattach_map:{key:"hackernews" value:{protocol:"grpc" addr:{Network:"unix" Address:"/tmp/plugin2195825101"} pid:1986 supported_operations:{query_cache:true multiple_connections:true} connections:"hackernews" plugin:"hub.steampipe.io/plugins/turbot/hackernews@latest"}}
2022-12-06 14:19:21.770 UTC [INFO]  steampipe-plugin-hackernews.plugin: [INFO]  1670336361522: Plugin Execute (1670336361522)
2022-12-06 14:19:21.770 UTC [TRACE] steampipe-plugin-hackernews.plugin: [TRACE] 1670336361522: No memory limit set
2022-12-06 14:19:21.770 UTC [INFO]  steampipe-plugin-hackernews.plugin: [INFO]  1670336361522: Plugin Execute, setting memory limit to -1Mb
2022-12-06 14:19:21.770 UTC [TRACE] steampipe-plugin-hackernews.plugin: [TRACE] 1670336361522: calling ExtractContextFromCarrier
2022-12-06 14:19:21.770 UTC [INFO]  steampipe-plugin-hackernews.plugin: [INFO]  1670336361522: Setting max concurrent connections to 25
2022-12-06 14:19:21.771 UTC [TRACE] steampipe-plugin-hackernews.plugin: [TRACE] 1670336361522: executeForConnection callId: 1670336361522, connectionCallId: hackernews-1670336361522, connection: hackernews table: hackernews_new cols: id,title,time,by,score,dead,deleted,descendants,kids,parent,parts,poll,text,type,url,_ctx
2022-12-06 14:19:21.771 UTC [TRACE] steampipe-plugin-hackernews.plugin: [TRACE] 1670336361522: got connection data
2022-12-06 14:19:21.771 UTC [TRACE] steampipe-plugin-hackernews.plugin: [TRACE] 1670336361522: Got query context, table: hackernews_new, cols: [id title time by score dead deleted descendants kids parent parts poll text type url _ctx]
2022-12-06 14:19:21.771 UTC [TRACE] steampipe-plugin-hackernews.plugin: [TRACE] 1670336361522: Start execute span
2022-12-06 14:19:21.771 UTC [INFO]  steampipe-plugin-hackernews.plugin: [INFO]  1670336361522: Setting free memory interval to 100 rows
2022-12-06 14:19:21.771 UTC [TRACE] steampipe-plugin-hackernews.plugin: [TRACE] 1670336361522: setFetchType map[time:quals:{fieldName:"time"  string_value:">"  value:{timestamp_value:{seconds:1670332761  nanos:636939000}}}]
2022-12-06 14:19:21.771 UTC [TRACE] steampipe-plugin-hackernews.plugin: [TRACE] 1670336361522: getMatchingQuals column:'id' operator: =
2022-12-06 14:19:21.771 UTC [TRACE] steampipe-plugin-hackernews.plugin: [TRACE] 1670336361522: getMatchingQuals returning false - qualMap does not contain any quals for column id
2022-12-06 14:19:21.772 UTC [TRACE] steampipe-plugin-hackernews.plugin: [TRACE] 1670336361522: GetUnsatisfiedKeyColumns for columns column:'id' operator: =
2022-12-06 14:19:21.773 UTC [TRACE] steampipe-plugin-hackernews.plugin: [TRACE] 1670336361522: key column NOT satisfied column:'id' operator: =
2022-12-06 14:19:21.773 UTC [TRACE] steampipe-plugin-hackernews.plugin: [TRACE] 1670336361522: satisfied: map[any_of: optional: required:]
2022-12-06 14:19:21.773 UTC [TRACE] steampipe-plugin-hackernews.plugin: [TRACE] 1670336361522: unsatisfied: map[any_of: optional: required:column:'id' operator: =]
2022-12-06 14:19:21.774 UTC [TRACE] steampipe-plugin-hackernews.plugin: [TRACE] 1670336361522: unsatisfied required KeyColumns: column:'id' operator: =
2022-12-06 14:19:21.774 UTC [TRACE] steampipe-plugin-hackernews.plugin: [TRACE] 1670336361522: Set fetchType to fetchTypeList
2022-12-06 14:19:21.774 UTC [TRACE] steampipe-plugin-hackernews.plugin: [TRACE] 1670336361522: Equals key column quals:
2022-12-06 14:19:21.774 UTC [DEBUG] steampipe-plugin-hackernews.plugin: {}
2022-12-06 14:19:21.774 UTC [TRACE] steampipe-plugin-hackernews.plugin: [TRACE] 1670336361522: All key column quals:
2022-12-06 14:19:21.774 UTC [DEBUG] steampipe-plugin-hackernews.plugin: {}
2022-12-06 14:19:21.774 UTC [TRACE] steampipe-plugin-hackernews.plugin: [TRACE] 1670336361522: GetMatrixItem
2022-12-06 14:19:21.774 UTC [TRACE] steampipe-plugin-hackernews.plugin: [TRACE] 1670336361522: creating query data
2022-12-06 14:19:21.774 UTC [INFO]  steampipe-plugin-hackernews.plugin: [INFO]  1670336361522: cacheEnabled, trying cache get (hackernews-1670336361522)
2022-12-06 14:19:21.774 UTC [TRACE] steampipe-plugin-hackernews.plugin: [TRACE] 1670336361522: QueryCache Get - indexBucketKey index__hackernewshackernews_new, quals
2022-12-06 14:19:21.774 UTC [TRACE] steampipe-plugin-hackernews.plugin: [TRACE] 1670336361522: QueryCache getCachedQueryResult - table hackernews_new, connectionName hackernews
2022-12-06 14:19:21.774 UTC [TRACE] steampipe-plugin-hackernews.plugin: [TRACE] 1670336361522: index bucket key: index__hackernewshackernews_new ttlSeconds 300 limit: -1
2022-12-06 14:19:21.774 UTC [TRACE] steampipe-plugin-hackernews.plugin: [TRACE] 1670336361522: doGet cache miss
2022-12-06 14:19:21.774 UTC [TRACE] steampipe-plugin-hackernews.plugin: [TRACE] 1670336361522: getCachedIndexBucket - no item retrieved for cache key index__hackernewshackernews_new
2022-12-06 14:19:21.774 UTC [TRACE] steampipe-plugin-hackernews.plugin: [TRACE] 1670336361522: getCachedQueryResult returned CACHE MISS - checking for pending transfers
2022-12-06 14:19:21.774 UTC [TRACE] steampipe-plugin-hackernews.plugin: [TRACE] 1670336361522: getPendingResultItem indexBucketKey index__hackernewshackernews_new, columns [id title time by score dead deleted descendants kids parent parts poll text type url _ctx], limit -1
2022-12-06 14:19:21.774 UTC [TRACE] steampipe-plugin-hackernews.plugin: [TRACE] 1670336361522: no pending index item - add pending result, indexBucketKey index__hackernewshackernews_new
2022-12-06 14:19:21.774 UTC [TRACE] steampipe-plugin-hackernews.plugin: [TRACE] 1670336361522: addPendingResult (hackernews-1670336361522) indexBucketKey index__hackernewshackernews_new, columns [id title time by score dead deleted descendants kids parent parts poll text type url _ctx], limit -1
2022-12-06 14:19:21.774 UTC [TRACE] steampipe-plugin-hackernews.plugin: [TRACE] 1670336361522: no index bucket found - creating one
2022-12-06 14:19:21.774 UTC [TRACE] steampipe-plugin-hackernews.plugin: [TRACE] 1670336361522: pendingIndexItem Lock count before 0
2022-12-06 14:19:21.774 UTC [TRACE] steampipe-plugin-hackernews.plugin: [TRACE] 1670336361522: addPendingResult added pending index item to bucket, (hackernews-1670336361522) indexBucketKey index__hackernewshackernews_new, resultKeyRoot hackernewshackernews_newid,title,time,by,score,dead,deleted,descendants,kids,parent,parts,poll,text,type,url,_ctx-1, pending item : 0xc00035a8a0
2022-12-06 14:19:21.774 UTC [TRACE] steampipe-plugin-hackernews.plugin: [TRACE] 1670336361522: **** pending items (hackernews-1670336361522)****
2022-12-06 14:19:21.774 UTC [TRACE] steampipe-plugin-hackernews.plugin: [TRACE] 1670336361522: key: index__hackernewshackernews_new: item: 0xc00035a8a0, count: 1, key:hackernewshackernews_newid,title,time,by,score,dead,deleted,descendants,kids,parent,parts,poll,text,type,url,_ctx-1
2022-12-06 14:19:21.774 UTC [TRACE] steampipe-plugin-hackernews.plugin: [TRACE] 1670336361522: ********
2022-12-06 14:19:21.774 UTC [TRACE] steampipe-plugin-hackernews.plugin: [TRACE] 1670336361522: getPendingResultItem returning <nil>
2022-12-06 14:19:21.774 UTC [INFO]  steampipe-plugin-hackernews.plugin: [INFO]  1670336361522: CACHE MISS
2022-12-06 14:19:21.774 UTC [TRACE] steampipe-plugin-hackernews.plugin: [TRACE] 1670336361522: cache MISS
2022-12-06 14:19:21.774 UTC [INFO]  steampipe-plugin-hackernews.plugin: [INFO]  1670336361522: queryCacheGet returned CACHE MISS (hackernews-1670336361522)
2022-12-06 14:19:21.774 UTC [TRACE] steampipe-plugin-hackernews.plugin: [TRACE] 1670336361522: StartSet (hackernews-1670336361522)
2022-12-06 14:19:21.774 UTC [TRACE] steampipe-plugin-hackernews.plugin: [TRACE] 1670336361522: calling fetchItems, table: hackernews_new, matrixItem: [], limit: -1,  connectionCallId: hackernews-1670336361522"
2022-12-06 14:19:21.774 UTC [TRACE] steampipe-plugin-hackernews.plugin: [TRACE] 1670336361522: buildRowsAsync connectionCallId: hackernews-1670336361522
2022-12-06 14:19:21.774 UTC [TRACE] steampipe-plugin-hackernews.plugin: [TRACE] 1670336361522: streamRows connectionCallId: hackernews-1670336361522
2022-12-06 14:19:21.774 UTC [TRACE] steampipe-plugin-hackernews.plugin: [TRACE] 1670336361522: QueryData streamRows (hackernews-1670336361522)
2022-12-06 14:19:21.774 UTC [TRACE] steampipe-plugin-hackernews.plugin: [TRACE] 1670336361522: executeListCall START (hackernews-1670336361522)
2022-12-06 14:19:21.774 UTC [TRACE] steampipe-plugin-hackernews.plugin: [TRACE] 1670336361522: GetUnsatisfiedKeyColumns for columns
2022-12-06 14:19:21.774 UTC [TRACE] steampipe-plugin-hackernews.plugin: [TRACE] 1670336361522: doList (hackernews-1670336361522)
2022-12-06 14:19:21.774 UTC [TRACE] steampipe-plugin-hackernews.plugin: [TRACE] 1670336361522: doList: no matrix item
2022-12-06 14:19:22.908 UTC [TRACE] steampipe-plugin-hackernews.plugin: [TRACE] 1670336361522: QueryData.fetchComplete
2022-12-06 14:19:22.908 UTC [TRACE] steampipe-plugin-hackernews.plugin: [TRACE] 1670336361522: executeListCall COMPLETE (hackernews-1670336361522)
2022-12-06 14:19:22.909 UTC [TRACE] steampipe-plugin-hackernews.plugin: [TRACE] 1670336361522: rowData chan returned nil - wait for rows to complete (hackernews-1670336361522)
2022-12-06 14:19:22.909 UTC [TRACE] stdio: received data: channel=STDOUT len=19
2022-12-06 14:19:22.909 UTC [TRACE] stdio: waiting for stdio data
2022-12-06 14:19:23.157 UTC [TRACE] stdio: received data: channel=STDOUT len=222
2022-12-06 14:19:23.157 UTC [TRACE] stdio: waiting for stdio data
2022-12-06 14:19:23.209 UTC [TRACE] stdio: received data: channel=STDOUT len=1024
2022-12-06 14:19:23.209 UTC [TRACE] stdio: waiting for stdio data
2022-12-06 14:19:23.209 UTC [TRACE] stdio: received data: channel=STDOUT len=808
2022-12-06 14:19:23.209 UTC [TRACE] stdio: waiting for stdio data
2022-12-06 14:19:23.228 UTC [TRACE] stdio: received data: channel=STDOUT len=793
2022-12-06 14:19:23.228 UTC [TRACE] stdio: waiting for stdio data
2022-12-06 14:19:23.390 UTC [TRACE] stdio: received data: channel=STDOUT len=924
2022-12-06 14:19:23.390 UTC [TRACE] stdio: waiting for stdio data
2022-12-06 14:19:23.484 UTC [TRACE] steampipe-plugin-hackernews.plugin: [TRACE] 1670336361522: buildRowsAsync goroutine returning (hackernews-1670336361522)
2022-12-06 14:19:23.484 UTC [TRACE] steampipe-plugin-hackernews.plugin: [TRACE] 1670336361522: streamRows - nil row, stop streaming (hackernews-1670336361522)
2022-12-06 14:19:23.484 UTC [TRACE] steampipe-plugin-hackernews.plugin: [TRACE] 1670336361522: ------------------------------------
2022-12-06 14:19:23.484 UTC [TRACE] steampipe-plugin-hackernews.plugin: [TRACE] 1670336361522: Concurrency Summary
2022-12-06 14:19:23.484 UTC [TRACE] steampipe-plugin-hackernews.plugin: [TRACE] 1670336361522: ------------------------------------
2022-12-06 14:19:23.485 UTC [TRACE] steampipe-plugin-hackernews.plugin: [TRACE] 1670336361522: getItem                       : 200
2022-12-06 14:19:23.485 UTC [TRACE] steampipe-plugin-hackernews.plugin: [TRACE] 1670336361522: ------------------------------------
2022-12-06 14:19:23.485 UTC [TRACE] steampipe-plugin-hackernews.plugin: [TRACE] 1670336361522: Total                         : 200
2022-12-06 14:19:23.485 UTC [TRACE] steampipe-plugin-hackernews.plugin: [TRACE] 1670336361522: ------------------------------------
2022-12-06 14:19:23.485 UTC [TRACE] steampipe-plugin-hackernews.plugin: [TRACE] 1670336361522: QueryData streamRows DONE (hackernews-1670336361522)
2022-12-06 14:19:23.485 UTC [TRACE] steampipe-plugin-hackernews.plugin: [TRACE] 1670336361522: EndSet (hackernews-1670336361522) table hackernews_new
2022-12-06 14:19:23.485 UTC [TRACE] steampipe-plugin-hackernews.plugin: [TRACE] 1670336361522: QueryCache writePageToCache: 500 rows, pageCount 1, page key hackernewshackernews_newid,title,time,by,score,dead,deleted,descendants,kids,parent,parts,poll,text,type,url,_ctx-1-0
2022-12-06 14:19:23.488 UTC [TRACE] stdio: received data: channel=STDOUT len=1024
2022-12-06 14:19:23.488 UTC [TRACE] stdio: waiting for stdio data
2022-12-06 14:19:23.496 UTC [TRACE] steampipe-plugin-hackernews.plugin: [TRACE] 1670336361522: writePageToCache Set - result written
2022-12-06 14:19:23.496 UTC [TRACE] steampipe-plugin-hackernews.plugin: [TRACE] 1670336361522: QueryCache EndSet - result written
2022-12-06 14:19:23.496 UTC [TRACE] steampipe-plugin-hackernews.plugin: [TRACE] 1670336361522: doGet cache miss
2022-12-06 14:19:23.496 UTC [TRACE] steampipe-plugin-hackernews.plugin: [TRACE] 1670336361522: getCachedIndexBucket - no item retrieved for cache key index__hackernewshackernews_new
2022-12-06 14:19:23.496 UTC [TRACE] steampipe-plugin-hackernews.plugin: [TRACE] 1670336361522: getCachedIndexBucket returned cache miss
2022-12-06 14:19:23.496 UTC [TRACE] steampipe-plugin-hackernews.plugin: [TRACE] 1670336361522: QueryCache EndSet - Added index item (0xc01b110000) to bucket (0xc01af2adb0), page count 1,  key root hackernewshackernews_newid,title,time,by,score,dead,deleted,descendants,kids,parent,parts,poll,text,type,url,_ctx-1
2022-12-06 14:19:23.496 UTC [TRACE] steampipe-plugin-hackernews.plugin: [TRACE] 1670336361522: cacheSetIndexBucket index__hackernewshackernews_new
2022-12-06 14:19:23.496 UTC [TRACE] steampipe-plugin-hackernews.plugin: [TRACE] 1670336361522: QueryCache EndSet - IndexBucket written
2022-12-06 14:19:23.496 UTC [TRACE] steampipe-plugin-hackernews.plugin: [TRACE] 1670336361522: EndSet DEFER (hackernews-1670336361522) table hackernews_new
2022-12-06 14:19:23.496 UTC [TRACE] steampipe-plugin-hackernews.plugin: [TRACE] 1670336361522: calling pendingItemComplete (hackernews-1670336361522)
2022-12-06 14:19:23.496 UTC [TRACE] steampipe-plugin-hackernews.plugin: [TRACE] 1670336361522: pendingItemComplete (hackernews-1670336361522) indexBucketKey index__hackernewshackernews_new, columns [id title time by score dead deleted descendants kids parent parts poll text type url _ctx], limit -1
2022-12-06 14:19:23.496 UTC [TRACE] steampipe-plugin-hackernews.plugin: [TRACE] 1670336361522: got pending index bucket, (hackernews-1670336361522) len 1
2022-12-06 14:19:23.496 UTC [TRACE] steampipe-plugin-hackernews.plugin: [TRACE] 1670336361522: SatisfiesLimit limit -1, no item limit - satisfied
2022-12-06 14:19:23.496 UTC [TRACE] steampipe-plugin-hackernews.plugin: [TRACE] 1670336361522: found pending index item to satisfy columns id,title,time,by,score,dead,deleted,descendants,kids,parent,parts,poll,text,type,url,_ctx, limit -1
2022-12-06 14:19:23.496 UTC [TRACE] steampipe-plugin-hackernews.plugin: [TRACE] 1670336361522: found completed pending item (hackernews-1670336361522) 0xc00035a8a0, key hackernewshackernews_newid,title,time,by,score,dead,deleted,descendants,kids,parent,parts,poll,text,type,url,_ctx-1 - removing from map as it is complete
2022-12-06 14:19:23.496 UTC [TRACE] steampipe-plugin-hackernews.plugin: [TRACE] 1670336361522: pendingIndexItem Unlock count before 1 key hackernewshackernews_newid,title,time,by,score,dead,deleted,descendants,kids,parent,parts,poll,text,type,url,_ctx-1
2022-12-06 14:19:23.496 UTC [TRACE] steampipe-plugin-hackernews.plugin: [TRACE] 1670336361522: deleted from pending, (hackernews-1670336361522) len 0
2022-12-06 14:19:23.496 UTC [TRACE] steampipe-plugin-hackernews.plugin: [TRACE] 1670336361522: pending bucket now empty - deleting key index__hackernewshackernews_new
2022-12-06 14:19:23.496 UTC [TRACE] steampipe-plugin-hackernews.plugin: [TRACE] 1670336361522: pendingItemComplete done (hackernews-1670336361522)
2022-12-06 14:19:23.496 UTC [TRACE] steampipe-plugin-hackernews.plugin: [TRACE] 1670336361522: cache set succeeded
2022-12-06 14:19:23.496 UTC [TRACE] steampipe-plugin-hackernews.plugin: [TRACE] 1670336361522: End execute span
2022-12-06 14:19:23.496 UTC [TRACE] steampipe-plugin-hackernews.plugin: [TRACE] 1670336361522: executeForConnection DEFER (hackernews-1670336361522)
2022-12-06 14:19:23.496 UTC [TRACE] steampipe-plugin-hackernews.plugin: [TRACE] 1670336361522: Execute complete callId: hackernews-1670336361522 table: hackernews_new
2022-12-06 14:19:23.496 UTC [TRACE] steampipe-plugin-hackernews.plugin: [TRACE] 1670336361522: executeForConnection hackernews returned
2022-12-06 14:19:23.496 UTC [TRACE] steampipe-plugin-hackernews.plugin: [TRACE] 1670336361522: output wg complete - send nil row
2022-12-06 14:19:23.496 UTC [TRACE] steampipe-plugin-hackernews.plugin: [TRACE] 1670336361522: empty row on output channel - we are done
2022-12-06 14:19:23.496 UTC [INFO]  steampipe-plugin-hackernews.plugin: [INFO]  1670336361522: Plugin Execute complete (1670336361522)
2022-12-06 14:19:23.566 UTC [TRACE] PluginManager Shutdown
2022-12-06 14:19:23.566 UTC [TRACE] killing plugin csv (1964)
2022-12-06 14:19:23.567 UTC [TRACE] steampipe-plugin-csv.plugin: [TRACE] FLUSHING instrumentation
2022-12-06 14:19:23.567 UTC [TRACE] steampipe-plugin-csv.plugin: [TRACE] Shutdown instrumentation
2022-12-06 14:19:23.567 UTC [DEBUG] stdio: received EOF, stopping recv loop: err="rpc error: code = Unavailable desc = error reading from server: EOF"
2022-12-06 14:19:23.569 UTC [INFO]  plugin process exited: path=/home/runner/.steampipe/plugins/hub.steampipe.io/plugins/turbot/csv@latest/steampipe-plugin-csv.plugin pid=1964
2022-12-06 14:19:23.569 UTC [DEBUG] plugin exited
2022-12-06 14:19:23.569 UTC [TRACE] killing plugin hackernews (1986)
2022-12-06 14:19:23.569 UTC [TRACE] steampipe-plugin-hackernews.plugin: [TRACE] 1670336361522: FLUSHING instrumentation
2022-12-06 14:19:23.569 UTC [TRACE] steampipe-plugin-hackernews.plugin: [TRACE] 1670336361522: Shutdown instrumentation
2022-12-06 14:19:23.569 UTC [DEBUG] stdio: received EOF, stopping recv loop: err="rpc error: code = Unavailable desc = error reading from server: EOF"
2022-12-06 14:19:23.573 UTC [INFO]  plugin process exited: path=/home/runner/.steampipe/plugins/hub.steampipe.io/plugins/turbot/hackernews@latest/steampipe-plugin-hackernews.plugin pid=1986
2022-12-06 14:19:23.573 UTC [DEBUG] plugin exited
2022-12-06 14:19:29.529 UTC [WARN]  steampipe-plugin-csv.plugin: [WARN]  1670336369355: getKeyColumnsForTable found no schema for table '/home/runner/work/steampipe-samples/steampipe-samples/all/hackernews/hn.csv'
2022-12-06 14:20:05.820 UTC [WARN]  steampipe-plugin-csv.plugin: [WARN]  1670336405580: getKeyColumnsForTable found no schema for table '/home/runner/work/steampipe-samples/steampipe-samples/all/hackernews/hn.csv'
2022-12-06 14:23:11.231 UTC [ERROR] steampipe-plugin-csv.plugin: [ERROR] csv.tableCSV: header_parse_error=EOF path=/home/runner/work/steampipe-samples/steampipe-samples/all/hackernews/new_sc.csv header=[]
2022-12-06 14:23:11.231 UTC [ERROR] steampipe-plugin-csv.plugin: [ERROR] csv.PluginTables: create_table_error="failed to parse file header /home/runner/work/steampipe-samples/steampipe-samples/all/hackernews/new_sc.csv: EOF" path=/home/runner/work/steampipe-samples/steampipe-samples/all/hackernews/new_sc.csv
2022-12-06 14:23:11.231 UTC [WARN]  failed to set connection config: failed to parse file header /home/runner/work/steampipe-samples/steampipe-samples/all/hackernews/new_sc.csv: EOF
2022-12-06 14:23:12.777 UTC [WARN]  steampipe-plugin-csv.plugin: [WARN]  1670336592585: getKeyColumnsForTable found no schema for table '/home/runner/work/steampipe-samples/steampipe-samples/all/hackernews/new_sc.csv'
2022-12-06 14:23:23.337 UTC [ERROR] steampipe-plugin-csv.plugin: [ERROR] csv.tableCSV: header_parse_error=EOF path=/home/runner/work/steampipe-samples/steampipe-samples/all/hackernews/hn_items_all.csv header=[]
2022-12-06 14:23:23.337 UTC [ERROR] steampipe-plugin-csv.plugin: [ERROR] csv.PluginTables: create_table_error="failed to parse file header /home/runner/work/steampipe-samples/steampipe-samples/all/hackernews/hn_items_all.csv: EOF" path=/home/runner/work/steampipe-samples/steampipe-samples/all/hackernews/hn_items_all.csv
2022-12-06 14:23:23.337 UTC [WARN]  failed to set connection config: failed to parse file header /home/runner/work/steampipe-samples/steampipe-samples/all/hackernews/hn_items_all.csv: EOF
2022-12-06 14:23:24.967 UTC [ERROR] steampipe-plugin-csv.plugin: [ERROR] csv.tableCSV: header_parse_error=EOF path=/home/runner/work/steampipe-samples/steampipe-samples/all/hackernews/people.csv header=[]
2022-12-06 14:23:24.967 UTC [ERROR] steampipe-plugin-csv.plugin: [ERROR] csv.PluginTables: create_table_error="failed to parse file header /home/runner/work/steampipe-samples/steampipe-samples/all/hackernews/people.csv: EOF" path=/home/runner/work/steampipe-samples/steampipe-samples/all/hackernews/people.csv
2022-12-06 14:23:24.967 UTC [WARN]  failed to set connection config: failed to parse file header /home/runner/work/steampipe-samples/steampipe-samples/all/hackernews/people.csv: EOF
