2022-11-10 20:20:40.237 UTC [INFO]  starting plugin manager
2022-11-10 20:20:40.238 UTC [TRACE] loaded config map: hackernews,net,csv,github
2022-11-10 20:20:40.238 UTC [TRACE] NewPluginManager
2022-11-10 20:20:40.239 UTC [TRACE] PluginManager setPluginCacheSizeMap: 4 connections.
2022-11-10 20:20:40.239 UTC [TRACE] Total cache size 0Mb
2022-11-10 20:20:40.239 UTC [INFO]  starting connection watcher
2022-11-10 20:20:40.239 UTC [INFO]  created ConnectionWatcher
2022-11-10 20:20:40.239 UTC [TRACE] about to serve
2022-11-10 20:20:40.305 UTC [TRACE] PluginManager Get, connections: '[csv]'
2022-11-10 20:20:40.305 UTC [TRACE] PluginManager getPlugin hub.steampipe.io/plugins/turbot/csv@latest connection 'csv'
2022-11-10 20:20:40.305 UTC [TRACE] PluginManager 0xc000147090 plugin hub.steampipe.io/plugins/turbot/csv@latest (csv) NOT started or starting - start now
2022-11-10 20:20:40.305 UTC [TRACE] ************ start plugin csv ********************
2022-11-10 20:20:40.305 UTC [TRACE] ************ plugin path /home/runner/.steampipe/plugins/hub.steampipe.io/plugins/turbot/csv@latest/steampipe-plugin-csv.plugin ********************
2022-11-10 20:20:40.341 UTC [TRACE] handleFileWatcherEvent ignoring first event
2022-11-10 20:20:40.374 UTC [DEBUG] starting plugin: path=/home/runner/.steampipe/plugins/hub.steampipe.io/plugins/turbot/csv@latest/steampipe-plugin-csv.plugin args=["/home/runner/.steampipe/plugins/hub.steampipe.io/plugins/turbot/csv@latest/steampipe-plugin-csv.plugin"]
2022-11-10 20:20:40.374 UTC [DEBUG] plugin started: path=/home/runner/.steampipe/plugins/hub.steampipe.io/plugins/turbot/csv@latest/steampipe-plugin-csv.plugin pid=2016
2022-11-10 20:20:40.374 UTC [DEBUG] waiting for RPC address: path=/home/runner/.steampipe/plugins/hub.steampipe.io/plugins/turbot/csv@latest/steampipe-plugin-csv.plugin
2022-11-10 20:20:40.382 UTC [INFO]  steampipe-plugin-csv.plugin: [INFO]  Initialise plugin 'steampipe-plugin-csv', using sdk version 4.1.7
2022-11-10 20:20:40.382 UTC [TRACE] steampipe-plugin-csv.plugin: [TRACE] no DefaultRetryConfig defined - creating empty
2022-11-10 20:20:40.382 UTC [TRACE] steampipe-plugin-csv.plugin: [TRACE] no DefaultIgnoreConfig defined - creating empty
2022-11-10 20:20:40.382 UTC [TRACE] steampipe-plugin-csv.plugin: [TRACE] Setting Ulimit: ulimit=2560
2022-11-10 20:20:40.382 UTC [TRACE] steampipe-plugin-csv.plugin: [TRACE] telemetry.Init service 'steampipe-plugin-csv', tracingEnabled: false, metricsEnabled: false
2022-11-10 20:20:40.382 UTC [TRACE] steampipe-plugin-csv.plugin: [TRACE] metrics and tracing disabled' - returning
2022-11-10 20:20:40.383 UTC [DEBUG] steampipe-plugin-csv.plugin: plugin address: address=/tmp/plugin539945829 network=unix timestamp=2022-11-10T20:20:40.383Z
2022-11-10 20:20:40.383 UTC [DEBUG] using plugin: version=0
2022-11-10 20:20:40.383 UTC [TRACE] NewPluginClient for plugin hub.steampipe.io/plugins/turbot/csv@latest
2022-11-10 20:20:40.384 UTC [TRACE] stdio: waiting for stdio data
2022-11-10 20:20:40.385 UTC [TRACE] supportedOperations: query_cache:true  multiple_connections:true
2022-11-10 20:20:40.387 UTC [TRACE] steampipe-plugin-csv.plugin: [TRACE] SetAllConnectionConfigs setting 1 configs
2022-11-10 20:20:40.387 UTC [TRACE] steampipe-plugin-csv.plugin: [TRACE] connection csv build schema and table map
2022-11-10 20:20:40.387 UTC [DEBUG] steampipe-plugin-csv.plugin: [DEBUG] csv.tableCSV: path=/home/runner/work/steampipe-samples/steampipe-samples/all/hackernews/hn_items_all.csv detected_encoding=Unknown
2022-11-10 20:20:40.387 UTC [DEBUG] steampipe-plugin-csv.plugin: [DEBUG] csv.tableCSV: path=/home/runner/work/steampipe-samples/steampipe-samples/all/hackernews/new_sc.csv detected_encoding=Unknown
2022-11-10 20:20:40.387 UTC [DEBUG] steampipe-plugin-csv.plugin: [DEBUG] csv.tableCSV: path=/home/runner/work/steampipe-samples/steampipe-samples/all/hackernews/people.csv detected_encoding=Unknown
2022-11-10 20:20:40.387 UTC [TRACE] steampipe-plugin-csv.plugin: [TRACE] initialise table /home/runner/work/steampipe-samples/steampipe-samples/all/hackernews/people.csv
2022-11-10 20:20:40.387 UTC [TRACE] steampipe-plugin-csv.plugin: [TRACE] no DefaultRetryConfig defined - creating empty
2022-11-10 20:20:40.387 UTC [TRACE] steampipe-plugin-csv.plugin: [TRACE] no DefaultIgnoreConfig defined - creating empty
2022-11-10 20:20:40.387 UTC [TRACE] steampipe-plugin-csv.plugin: [TRACE] apply plugin defaults for DefaultRetryConfig
2022-11-10 20:20:40.387 UTC [TRACE] steampipe-plugin-csv.plugin: [TRACE] apply plugin defaults for DefaultIgnoreConfig, table &{<nil> <nil>} plugin &{<nil> <nil>}
2022-11-10 20:20:40.387 UTC [TRACE] steampipe-plugin-csv.plugin: [TRACE] DefaultRetryConfig:
2022-11-10 20:20:40.387 UTC [TRACE] steampipe-plugin-csv.plugin: [TRACE] DefaultIgnoreConfig:
2022-11-10 20:20:40.387 UTC [TRACE] steampipe-plugin-csv.plugin: [TRACE] t.List.initialise
2022-11-10 20:20:40.387 UTC [TRACE] steampipe-plugin-csv.plugin: [TRACE] ListConfig.initialise table /home/runner/work/steampipe-samples/steampipe-samples/all/hackernews/people.csv
2022-11-10 20:20:40.387 UTC [TRACE] steampipe-plugin-csv.plugin: [TRACE] ListConfig.initialise complete: RetryConfig: , IgnoreConfig
2022-11-10 20:20:40.387 UTC [TRACE] steampipe-plugin-csv.plugin: [TRACE] back from initialiseHydrateConfigs
2022-11-10 20:20:40.387 UTC [TRACE] steampipe-plugin-csv.plugin: [TRACE] initialise table /home/runner/work/steampipe-samples/steampipe-samples/all/hackernews/people.csv COMPLETE
2022-11-10 20:20:40.387 UTC [TRACE] steampipe-plugin-csv.plugin: [TRACE] initialise table /home/runner/work/steampipe-samples/steampipe-samples/all/hackernews/hn_items_all.csv
2022-11-10 20:20:40.387 UTC [TRACE] steampipe-plugin-csv.plugin: [TRACE] no DefaultRetryConfig defined - creating empty
2022-11-10 20:20:40.387 UTC [TRACE] steampipe-plugin-csv.plugin: [TRACE] no DefaultIgnoreConfig defined - creating empty
2022-11-10 20:20:40.387 UTC [TRACE] steampipe-plugin-csv.plugin: [TRACE] apply plugin defaults for DefaultRetryConfig
2022-11-10 20:20:40.387 UTC [TRACE] steampipe-plugin-csv.plugin: [TRACE] apply plugin defaults for DefaultIgnoreConfig, table &{<nil> <nil>} plugin &{<nil> <nil>}
2022-11-10 20:20:40.387 UTC [TRACE] steampipe-plugin-csv.plugin: [TRACE] DefaultRetryConfig:
2022-11-10 20:20:40.387 UTC [TRACE] steampipe-plugin-csv.plugin: [TRACE] DefaultIgnoreConfig:
2022-11-10 20:20:40.387 UTC [TRACE] steampipe-plugin-csv.plugin: [TRACE] t.List.initialise
2022-11-10 20:20:40.387 UTC [TRACE] steampipe-plugin-csv.plugin: [TRACE] ListConfig.initialise table /home/runner/work/steampipe-samples/steampipe-samples/all/hackernews/hn_items_all.csv
2022-11-10 20:20:40.387 UTC [TRACE] steampipe-plugin-csv.plugin: [TRACE] ListConfig.initialise complete: RetryConfig: , IgnoreConfig
2022-11-10 20:20:40.387 UTC [TRACE] steampipe-plugin-csv.plugin: [TRACE] back from initialiseHydrateConfigs
2022-11-10 20:20:40.387 UTC [TRACE] steampipe-plugin-csv.plugin: [TRACE] initialise table /home/runner/work/steampipe-samples/steampipe-samples/all/hackernews/hn_items_all.csv COMPLETE
2022-11-10 20:20:40.387 UTC [TRACE] steampipe-plugin-csv.plugin: [TRACE] initialise table /home/runner/work/steampipe-samples/steampipe-samples/all/hackernews/new_sc.csv
2022-11-10 20:20:40.387 UTC [TRACE] steampipe-plugin-csv.plugin: [TRACE] no DefaultRetryConfig defined - creating empty
2022-11-10 20:20:40.387 UTC [TRACE] steampipe-plugin-csv.plugin: [TRACE] no DefaultIgnoreConfig defined - creating empty
2022-11-10 20:20:40.387 UTC [TRACE] steampipe-plugin-csv.plugin: [TRACE] apply plugin defaults for DefaultRetryConfig
2022-11-10 20:20:40.387 UTC [TRACE] steampipe-plugin-csv.plugin: [TRACE] apply plugin defaults for DefaultIgnoreConfig, table &{<nil> <nil>} plugin &{<nil> <nil>}
2022-11-10 20:20:40.387 UTC [TRACE] steampipe-plugin-csv.plugin: [TRACE] DefaultRetryConfig:
2022-11-10 20:20:40.387 UTC [TRACE] steampipe-plugin-csv.plugin: [TRACE] DefaultIgnoreConfig:
2022-11-10 20:20:40.387 UTC [TRACE] steampipe-plugin-csv.plugin: [TRACE] t.List.initialise
2022-11-10 20:20:40.387 UTC [TRACE] steampipe-plugin-csv.plugin: [TRACE] ListConfig.initialise table /home/runner/work/steampipe-samples/steampipe-samples/all/hackernews/new_sc.csv
2022-11-10 20:20:40.387 UTC [TRACE] steampipe-plugin-csv.plugin: [TRACE] ListConfig.initialise complete: RetryConfig: , IgnoreConfig
2022-11-10 20:20:40.387 UTC [TRACE] steampipe-plugin-csv.plugin: [TRACE] back from initialiseHydrateConfigs
2022-11-10 20:20:40.387 UTC [TRACE] steampipe-plugin-csv.plugin: [TRACE] initialise table /home/runner/work/steampipe-samples/steampipe-samples/all/hackernews/new_sc.csv COMPLETE
2022-11-10 20:20:40.387 UTC [TRACE] steampipe-plugin-csv.plugin: [TRACE] validate plugin steampipe-plugin-csv, required columns []
2022-11-10 20:20:40.387 UTC [TRACE] steampipe-plugin-csv.plugin: [TRACE] validate DefaultRetryConfig
2022-11-10 20:20:40.387 UTC [TRACE] steampipe-plugin-csv.plugin: [TRACE] validate DefaultIgnoreConfig
2022-11-10 20:20:40.387 UTC [TRACE] steampipe-plugin-csv.plugin: [TRACE] validate table names
2022-11-10 20:20:40.387 UTC [TRACE] steampipe-plugin-csv.plugin: [TRACE] plugin has 0 validation errors
2022-11-10 20:20:40.387 UTC [TRACE] steampipe-plugin-csv.plugin: [TRACE] Plugin ensureCache creating cache, maxCacheStorageMb 0
2022-11-10 20:20:40.387 UTC [TRACE] steampipe-plugin-csv.plugin: [TRACE] createCacheStore for plugin 'steampipe-plugin-csv' setting max size to 0Mb, Shards: 2, max shard size: 0
2022-11-10 20:20:40.398 UTC [INFO]  steampipe-plugin-csv.plugin: [INFO]  query cache created
2022-11-10 20:20:40.398 UTC [DEBUG] steampipe-plugin-csv.plugin: [DEBUG] SetAllConnectionConfigs finished
2022-11-10 20:20:40.398 UTC [TRACE] PluginManager getPlugin complete, returning reattach config with PID: 2016
2022-11-10 20:20:40.398 UTC [TRACE] PluginManager Get returning reattach_map:{key:"csv"  value:{protocol:"grpc"  addr:{Network:"unix"  Address:"/tmp/plugin539945829"}  pid:2016  supported_operations:{query_cache:true  multiple_connections:true}  connections:"csv"  plugin:"hub.steampipe.io/plugins/turbot/csv@latest"}}
2022-11-10 20:20:40.484 UTC [TRACE] PluginManager Get, connections: '[csv]'
2022-11-10 20:20:40.484 UTC [TRACE] PluginManager getPlugin hub.steampipe.io/plugins/turbot/csv@latest connection 'csv'
2022-11-10 20:20:40.484 UTC [TRACE] connection csv found in connectionPluginMap
2022-11-10 20:20:40.484 UTC [TRACE] initialized: 2016
2022-11-10 20:20:40.484 UTC [TRACE] initialized: 2016
2022-11-10 20:20:40.484 UTC [TRACE] connection csv is loaded, check for running PID
2022-11-10 20:20:40.484 UTC [TRACE] PluginManager found 'csv' in map, pid 2016
2022-11-10 20:20:40.484 UTC [TRACE] PluginManager Get returning reattach_map:{key:"csv"  value:{protocol:"grpc"  addr:{Network:"unix"  Address:"/tmp/plugin539945829"}  pid:2016  supported_operations:{query_cache:true  multiple_connections:true}  connections:"csv"  plugin:"hub.steampipe.io/plugins/turbot/csv@latest"}}
2022-11-10 20:20:40.631 UTC [TRACE] PluginManager Get, connections: '[hackernews]'
2022-11-10 20:20:40.631 UTC [TRACE] PluginManager getPlugin hub.steampipe.io/plugins/turbot/hackernews@latest connection 'hackernews'
2022-11-10 20:20:40.631 UTC [TRACE] PluginManager 0xc000147090 plugin hub.steampipe.io/plugins/turbot/hackernews@latest (hackernews) NOT started or starting - start now
2022-11-10 20:20:40.631 UTC [TRACE] ************ start plugin hackernews ********************
2022-11-10 20:20:40.631 UTC [TRACE] ************ plugin path /home/runner/.steampipe/plugins/hub.steampipe.io/plugins/turbot/hackernews@latest/steampipe-plugin-hackernews.plugin ********************
2022-11-10 20:20:40.700 UTC [DEBUG] starting plugin: path=/home/runner/.steampipe/plugins/hub.steampipe.io/plugins/turbot/hackernews@latest/steampipe-plugin-hackernews.plugin args=["/home/runner/.steampipe/plugins/hub.steampipe.io/plugins/turbot/hackernews@latest/steampipe-plugin-hackernews.plugin"]
2022-11-10 20:20:40.701 UTC [DEBUG] plugin started: path=/home/runner/.steampipe/plugins/hub.steampipe.io/plugins/turbot/hackernews@latest/steampipe-plugin-hackernews.plugin pid=2039
2022-11-10 20:20:40.701 UTC [DEBUG] waiting for RPC address: path=/home/runner/.steampipe/plugins/hub.steampipe.io/plugins/turbot/hackernews@latest/steampipe-plugin-hackernews.plugin
2022-11-10 20:20:40.709 UTC [INFO]  steampipe-plugin-hackernews.plugin: [INFO]  Initialise plugin 'steampipe-plugin-hackernews', using sdk version 4.1.7
2022-11-10 20:20:40.709 UTC [TRACE] steampipe-plugin-hackernews.plugin: [TRACE] defaulting SchemaMode to SchemaModeStatic
2022-11-10 20:20:40.709 UTC [TRACE] steampipe-plugin-hackernews.plugin: [TRACE] no DefaultRetryConfig defined - creating empty
2022-11-10 20:20:40.709 UTC [TRACE] steampipe-plugin-hackernews.plugin: [TRACE] no DefaultIgnoreConfig defined - creating empty
2022-11-10 20:20:40.709 UTC [TRACE] steampipe-plugin-hackernews.plugin: [TRACE] Setting Ulimit: ulimit=2560
2022-11-10 20:20:40.709 UTC [TRACE] steampipe-plugin-hackernews.plugin: [TRACE] telemetry.Init service 'steampipe-plugin-hackernews', tracingEnabled: false, metricsEnabled: false
2022-11-10 20:20:40.709 UTC [TRACE] steampipe-plugin-hackernews.plugin: [TRACE] metrics and tracing disabled' - returning
2022-11-10 20:20:40.710 UTC [DEBUG] steampipe-plugin-hackernews.plugin: plugin address: address=/tmp/plugin1534454785 network=unix timestamp=2022-11-10T20:20:40.709Z
2022-11-10 20:20:40.710 UTC [DEBUG] using plugin: version=0
2022-11-10 20:20:40.710 UTC [TRACE] NewPluginClient for plugin hub.steampipe.io/plugins/turbot/hackernews@latest
2022-11-10 20:20:40.711 UTC [TRACE] stdio: waiting for stdio data
2022-11-10 20:20:40.711 UTC [TRACE] supportedOperations: query_cache:true  multiple_connections:true
2022-11-10 20:20:40.713 UTC [TRACE] steampipe-plugin-hackernews.plugin: [TRACE] SetAllConnectionConfigs setting 1 configs
2022-11-10 20:20:40.713 UTC [TRACE] steampipe-plugin-hackernews.plugin: [TRACE] connection hackernews build schema and table map
2022-11-10 20:20:40.713 UTC [TRACE] steampipe-plugin-hackernews.plugin: [TRACE] initialise table hackernews_ask_hn
2022-11-10 20:20:40.713 UTC [TRACE] steampipe-plugin-hackernews.plugin: [TRACE] no DefaultRetryConfig defined - creating empty
2022-11-10 20:20:40.713 UTC [TRACE] steampipe-plugin-hackernews.plugin: [TRACE] no DefaultIgnoreConfig defined - creating empty
2022-11-10 20:20:40.713 UTC [TRACE] steampipe-plugin-hackernews.plugin: [TRACE] apply plugin defaults for DefaultRetryConfig
2022-11-10 20:20:40.713 UTC [TRACE] steampipe-plugin-hackernews.plugin: [TRACE] apply plugin defaults for DefaultIgnoreConfig, table &{<nil> <nil>} plugin &{<nil> <nil>}
2022-11-10 20:20:40.713 UTC [TRACE] steampipe-plugin-hackernews.plugin: [TRACE] DefaultRetryConfig:
2022-11-10 20:20:40.713 UTC [TRACE] steampipe-plugin-hackernews.plugin: [TRACE] DefaultIgnoreConfig:
2022-11-10 20:20:40.713 UTC [TRACE] steampipe-plugin-hackernews.plugin: [TRACE] t.Get.initialise
2022-11-10 20:20:40.713 UTC [TRACE] steampipe-plugin-hackernews.plugin: [TRACE] GetConfig.initialise table hackernews_ask_hn
2022-11-10 20:20:40.713 UTC [TRACE] steampipe-plugin-hackernews.plugin: [TRACE] GetConfig.initialise complete: RetryConfig: , IgnoreConfig:
2022-11-10 20:20:40.713 UTC [TRACE] steampipe-plugin-hackernews.plugin: [TRACE] t.List.initialise
2022-11-10 20:20:40.713 UTC [TRACE] steampipe-plugin-hackernews.plugin: [TRACE] ListConfig.initialise table hackernews_ask_hn
2022-11-10 20:20:40.713 UTC [TRACE] steampipe-plugin-hackernews.plugin: [TRACE] ListConfig.initialise complete: RetryConfig: , IgnoreConfig
2022-11-10 20:20:40.713 UTC [TRACE] steampipe-plugin-hackernews.plugin: [TRACE] HydrateConfig.initialise func getItem, table hackernews_ask_hn
2022-11-10 20:20:40.713 UTC [TRACE] steampipe-plugin-hackernews.plugin: [TRACE] HydrateConfig.initialise complete: RetryConfig: , IgnoreConfig:
2022-11-10 20:20:40.713 UTC [TRACE] steampipe-plugin-hackernews.plugin: [TRACE] back from initialiseHydrateConfigs
2022-11-10 20:20:40.713 UTC [TRACE] steampipe-plugin-hackernews.plugin: [TRACE] initialise table hackernews_ask_hn COMPLETE
2022-11-10 20:20:40.713 UTC [TRACE] steampipe-plugin-hackernews.plugin: [TRACE] initialise table hackernews_best
2022-11-10 20:20:40.713 UTC [TRACE] steampipe-plugin-hackernews.plugin: [TRACE] no DefaultRetryConfig defined - creating empty
2022-11-10 20:20:40.713 UTC [TRACE] steampipe-plugin-hackernews.plugin: [TRACE] no DefaultIgnoreConfig defined - creating empty
2022-11-10 20:20:40.713 UTC [TRACE] steampipe-plugin-hackernews.plugin: [TRACE] apply plugin defaults for DefaultRetryConfig
2022-11-10 20:20:40.713 UTC [TRACE] steampipe-plugin-hackernews.plugin: [TRACE] apply plugin defaults for DefaultIgnoreConfig, table &{<nil> <nil>} plugin &{<nil> <nil>}
2022-11-10 20:20:40.713 UTC [TRACE] steampipe-plugin-hackernews.plugin: [TRACE] DefaultRetryConfig:
2022-11-10 20:20:40.713 UTC [TRACE] steampipe-plugin-hackernews.plugin: [TRACE] DefaultIgnoreConfig:
2022-11-10 20:20:40.713 UTC [TRACE] steampipe-plugin-hackernews.plugin: [TRACE] t.Get.initialise
2022-11-10 20:20:40.713 UTC [TRACE] steampipe-plugin-hackernews.plugin: [TRACE] GetConfig.initialise table hackernews_best
2022-11-10 20:20:40.713 UTC [TRACE] steampipe-plugin-hackernews.plugin: [TRACE] GetConfig.initialise complete: RetryConfig: , IgnoreConfig:
2022-11-10 20:20:40.713 UTC [TRACE] steampipe-plugin-hackernews.plugin: [TRACE] t.List.initialise
2022-11-10 20:20:40.713 UTC [TRACE] steampipe-plugin-hackernews.plugin: [TRACE] ListConfig.initialise table hackernews_best
2022-11-10 20:20:40.713 UTC [TRACE] steampipe-plugin-hackernews.plugin: [TRACE] ListConfig.initialise complete: RetryConfig: , IgnoreConfig
2022-11-10 20:20:40.713 UTC [TRACE] steampipe-plugin-hackernews.plugin: [TRACE] HydrateConfig.initialise func getItem, table hackernews_best
2022-11-10 20:20:40.713 UTC [TRACE] steampipe-plugin-hackernews.plugin: [TRACE] HydrateConfig.initialise complete: RetryConfig: , IgnoreConfig:
2022-11-10 20:20:40.713 UTC [TRACE] steampipe-plugin-hackernews.plugin: [TRACE] back from initialiseHydrateConfigs
2022-11-10 20:20:40.713 UTC [TRACE] steampipe-plugin-hackernews.plugin: [TRACE] initialise table hackernews_best COMPLETE
2022-11-10 20:20:40.713 UTC [TRACE] steampipe-plugin-hackernews.plugin: [TRACE] initialise table hackernews_item
2022-11-10 20:20:40.713 UTC [TRACE] steampipe-plugin-hackernews.plugin: [TRACE] no DefaultRetryConfig defined - creating empty
2022-11-10 20:20:40.713 UTC [TRACE] steampipe-plugin-hackernews.plugin: [TRACE] no DefaultIgnoreConfig defined - creating empty
2022-11-10 20:20:40.713 UTC [TRACE] steampipe-plugin-hackernews.plugin: [TRACE] apply plugin defaults for DefaultRetryConfig
2022-11-10 20:20:40.713 UTC [TRACE] steampipe-plugin-hackernews.plugin: [TRACE] apply plugin defaults for DefaultIgnoreConfig, table &{<nil> <nil>} plugin &{<nil> <nil>}
2022-11-10 20:20:40.713 UTC [TRACE] steampipe-plugin-hackernews.plugin: [TRACE] DefaultRetryConfig:
2022-11-10 20:20:40.713 UTC [TRACE] steampipe-plugin-hackernews.plugin: [TRACE] DefaultIgnoreConfig:
2022-11-10 20:20:40.713 UTC [TRACE] steampipe-plugin-hackernews.plugin: [TRACE] t.Get.initialise
2022-11-10 20:20:40.713 UTC [TRACE] steampipe-plugin-hackernews.plugin: [TRACE] GetConfig.initialise table hackernews_item
2022-11-10 20:20:40.713 UTC [TRACE] steampipe-plugin-hackernews.plugin: [TRACE] GetConfig.initialise complete: RetryConfig: , IgnoreConfig:
2022-11-10 20:20:40.713 UTC [TRACE] steampipe-plugin-hackernews.plugin: [TRACE] t.List.initialise
2022-11-10 20:20:40.713 UTC [TRACE] steampipe-plugin-hackernews.plugin: [TRACE] ListConfig.initialise table hackernews_item
2022-11-10 20:20:40.713 UTC [TRACE] steampipe-plugin-hackernews.plugin: [TRACE] ListConfig.initialise complete: RetryConfig: , IgnoreConfig
2022-11-10 20:20:40.713 UTC [TRACE] steampipe-plugin-hackernews.plugin: [TRACE] HydrateConfig.initialise func getItem, table hackernews_item
2022-11-10 20:20:40.713 UTC [TRACE] steampipe-plugin-hackernews.plugin: [TRACE] HydrateConfig.initialise complete: RetryConfig: , IgnoreConfig:
2022-11-10 20:20:40.713 UTC [TRACE] steampipe-plugin-hackernews.plugin: [TRACE] back from initialiseHydrateConfigs
2022-11-10 20:20:40.713 UTC [TRACE] steampipe-plugin-hackernews.plugin: [TRACE] initialise table hackernews_item COMPLETE
2022-11-10 20:20:40.713 UTC [TRACE] steampipe-plugin-hackernews.plugin: [TRACE] initialise table hackernews_job
2022-11-10 20:20:40.713 UTC [TRACE] steampipe-plugin-hackernews.plugin: [TRACE] no DefaultRetryConfig defined - creating empty
2022-11-10 20:20:40.713 UTC [TRACE] steampipe-plugin-hackernews.plugin: [TRACE] no DefaultIgnoreConfig defined - creating empty
2022-11-10 20:20:40.713 UTC [TRACE] steampipe-plugin-hackernews.plugin: [TRACE] apply plugin defaults for DefaultRetryConfig
2022-11-10 20:20:40.713 UTC [TRACE] steampipe-plugin-hackernews.plugin: [TRACE] apply plugin defaults for DefaultIgnoreConfig, table &{<nil> <nil>} plugin &{<nil> <nil>}
2022-11-10 20:20:40.713 UTC [TRACE] steampipe-plugin-hackernews.plugin: [TRACE] DefaultRetryConfig:
2022-11-10 20:20:40.713 UTC [TRACE] steampipe-plugin-hackernews.plugin: [TRACE] DefaultIgnoreConfig:
2022-11-10 20:20:40.713 UTC [TRACE] steampipe-plugin-hackernews.plugin: [TRACE] t.Get.initialise
2022-11-10 20:20:40.713 UTC [TRACE] steampipe-plugin-hackernews.plugin: [TRACE] GetConfig.initialise table hackernews_job
2022-11-10 20:20:40.713 UTC [TRACE] steampipe-plugin-hackernews.plugin: [TRACE] GetConfig.initialise complete: RetryConfig: , IgnoreConfig:
2022-11-10 20:20:40.713 UTC [TRACE] steampipe-plugin-hackernews.plugin: [TRACE] t.List.initialise
2022-11-10 20:20:40.713 UTC [TRACE] steampipe-plugin-hackernews.plugin: [TRACE] ListConfig.initialise table hackernews_job
2022-11-10 20:20:40.713 UTC [TRACE] steampipe-plugin-hackernews.plugin: [TRACE] ListConfig.initialise complete: RetryConfig: , IgnoreConfig
2022-11-10 20:20:40.713 UTC [TRACE] steampipe-plugin-hackernews.plugin: [TRACE] HydrateConfig.initialise func getItem, table hackernews_job
2022-11-10 20:20:40.713 UTC [TRACE] steampipe-plugin-hackernews.plugin: [TRACE] HydrateConfig.initialise complete: RetryConfig: , IgnoreConfig:
2022-11-10 20:20:40.713 UTC [TRACE] steampipe-plugin-hackernews.plugin: [TRACE] back from initialiseHydrateConfigs
2022-11-10 20:20:40.713 UTC [TRACE] steampipe-plugin-hackernews.plugin: [TRACE] initialise table hackernews_job COMPLETE
2022-11-10 20:20:40.713 UTC [TRACE] steampipe-plugin-hackernews.plugin: [TRACE] initialise table hackernews_new
2022-11-10 20:20:40.713 UTC [TRACE] steampipe-plugin-hackernews.plugin: [TRACE] no DefaultRetryConfig defined - creating empty
2022-11-10 20:20:40.713 UTC [TRACE] steampipe-plugin-hackernews.plugin: [TRACE] no DefaultIgnoreConfig defined - creating empty
2022-11-10 20:20:40.713 UTC [TRACE] steampipe-plugin-hackernews.plugin: [TRACE] apply plugin defaults for DefaultRetryConfig
2022-11-10 20:20:40.713 UTC [TRACE] steampipe-plugin-hackernews.plugin: [TRACE] apply plugin defaults for DefaultIgnoreConfig, table &{<nil> <nil>} plugin &{<nil> <nil>}
2022-11-10 20:20:40.713 UTC [TRACE] steampipe-plugin-hackernews.plugin: [TRACE] DefaultRetryConfig:
2022-11-10 20:20:40.713 UTC [TRACE] steampipe-plugin-hackernews.plugin: [TRACE] DefaultIgnoreConfig:
2022-11-10 20:20:40.713 UTC [TRACE] steampipe-plugin-hackernews.plugin: [TRACE] t.Get.initialise
2022-11-10 20:20:40.713 UTC [TRACE] steampipe-plugin-hackernews.plugin: [TRACE] GetConfig.initialise table hackernews_new
2022-11-10 20:20:40.713 UTC [TRACE] steampipe-plugin-hackernews.plugin: [TRACE] GetConfig.initialise complete: RetryConfig: , IgnoreConfig:
2022-11-10 20:20:40.713 UTC [TRACE] steampipe-plugin-hackernews.plugin: [TRACE] t.List.initialise
2022-11-10 20:20:40.713 UTC [TRACE] steampipe-plugin-hackernews.plugin: [TRACE] ListConfig.initialise table hackernews_new
2022-11-10 20:20:40.713 UTC [TRACE] steampipe-plugin-hackernews.plugin: [TRACE] ListConfig.initialise complete: RetryConfig: , IgnoreConfig
2022-11-10 20:20:40.713 UTC [TRACE] steampipe-plugin-hackernews.plugin: [TRACE] HydrateConfig.initialise func getItem, table hackernews_new
2022-11-10 20:20:40.713 UTC [TRACE] steampipe-plugin-hackernews.plugin: [TRACE] HydrateConfig.initialise complete: RetryConfig: , IgnoreConfig:
2022-11-10 20:20:40.713 UTC [TRACE] steampipe-plugin-hackernews.plugin: [TRACE] back from initialiseHydrateConfigs
2022-11-10 20:20:40.713 UTC [TRACE] steampipe-plugin-hackernews.plugin: [TRACE] initialise table hackernews_new COMPLETE
2022-11-10 20:20:40.713 UTC [TRACE] steampipe-plugin-hackernews.plugin: [TRACE] initialise table hackernews_show_hn
2022-11-10 20:20:40.713 UTC [TRACE] steampipe-plugin-hackernews.plugin: [TRACE] no DefaultRetryConfig defined - creating empty
2022-11-10 20:20:40.713 UTC [TRACE] steampipe-plugin-hackernews.plugin: [TRACE] no DefaultIgnoreConfig defined - creating empty
2022-11-10 20:20:40.713 UTC [TRACE] steampipe-plugin-hackernews.plugin: [TRACE] apply plugin defaults for DefaultRetryConfig
2022-11-10 20:20:40.713 UTC [TRACE] steampipe-plugin-hackernews.plugin: [TRACE] apply plugin defaults for DefaultIgnoreConfig, table &{<nil> <nil>} plugin &{<nil> <nil>}
2022-11-10 20:20:40.713 UTC [TRACE] steampipe-plugin-hackernews.plugin: [TRACE] DefaultRetryConfig:
2022-11-10 20:20:40.713 UTC [TRACE] steampipe-plugin-hackernews.plugin: [TRACE] DefaultIgnoreConfig:
2022-11-10 20:20:40.713 UTC [TRACE] steampipe-plugin-hackernews.plugin: [TRACE] t.Get.initialise
2022-11-10 20:20:40.713 UTC [TRACE] steampipe-plugin-hackernews.plugin: [TRACE] GetConfig.initialise table hackernews_show_hn
2022-11-10 20:20:40.713 UTC [TRACE] steampipe-plugin-hackernews.plugin: [TRACE] GetConfig.initialise complete: RetryConfig: , IgnoreConfig:
2022-11-10 20:20:40.713 UTC [TRACE] steampipe-plugin-hackernews.plugin: [TRACE] t.List.initialise
2022-11-10 20:20:40.713 UTC [TRACE] steampipe-plugin-hackernews.plugin: [TRACE] ListConfig.initialise table hackernews_show_hn
2022-11-10 20:20:40.713 UTC [TRACE] steampipe-plugin-hackernews.plugin: [TRACE] ListConfig.initialise complete: RetryConfig: , IgnoreConfig
2022-11-10 20:20:40.713 UTC [TRACE] steampipe-plugin-hackernews.plugin: [TRACE] HydrateConfig.initialise func getItem, table hackernews_show_hn
2022-11-10 20:20:40.713 UTC [TRACE] steampipe-plugin-hackernews.plugin: [TRACE] HydrateConfig.initialise complete: RetryConfig: , IgnoreConfig:
2022-11-10 20:20:40.713 UTC [TRACE] steampipe-plugin-hackernews.plugin: [TRACE] back from initialiseHydrateConfigs
2022-11-10 20:20:40.713 UTC [TRACE] steampipe-plugin-hackernews.plugin: [TRACE] initialise table hackernews_show_hn COMPLETE
2022-11-10 20:20:40.713 UTC [TRACE] steampipe-plugin-hackernews.plugin: [TRACE] initialise table hackernews_top
2022-11-10 20:20:40.713 UTC [TRACE] steampipe-plugin-hackernews.plugin: [TRACE] no DefaultRetryConfig defined - creating empty
2022-11-10 20:20:40.713 UTC [TRACE] steampipe-plugin-hackernews.plugin: [TRACE] no DefaultIgnoreConfig defined - creating empty
2022-11-10 20:20:40.713 UTC [TRACE] steampipe-plugin-hackernews.plugin: [TRACE] apply plugin defaults for DefaultRetryConfig
2022-11-10 20:20:40.713 UTC [TRACE] steampipe-plugin-hackernews.plugin: [TRACE] apply plugin defaults for DefaultIgnoreConfig, table &{<nil> <nil>} plugin &{<nil> <nil>}
2022-11-10 20:20:40.713 UTC [TRACE] steampipe-plugin-hackernews.plugin: [TRACE] DefaultRetryConfig:
2022-11-10 20:20:40.713 UTC [TRACE] steampipe-plugin-hackernews.plugin: [TRACE] DefaultIgnoreConfig:
2022-11-10 20:20:40.713 UTC [TRACE] steampipe-plugin-hackernews.plugin: [TRACE] t.Get.initialise
2022-11-10 20:20:40.713 UTC [TRACE] steampipe-plugin-hackernews.plugin: [TRACE] GetConfig.initialise table hackernews_top
2022-11-10 20:20:40.713 UTC [TRACE] steampipe-plugin-hackernews.plugin: [TRACE] GetConfig.initialise complete: RetryConfig: , IgnoreConfig:
2022-11-10 20:20:40.713 UTC [TRACE] steampipe-plugin-hackernews.plugin: [TRACE] t.List.initialise
2022-11-10 20:20:40.713 UTC [TRACE] steampipe-plugin-hackernews.plugin: [TRACE] ListConfig.initialise table hackernews_top
2022-11-10 20:20:40.713 UTC [TRACE] steampipe-plugin-hackernews.plugin: [TRACE] ListConfig.initialise complete: RetryConfig: , IgnoreConfig
2022-11-10 20:20:40.713 UTC [TRACE] steampipe-plugin-hackernews.plugin: [TRACE] HydrateConfig.initialise func getItem, table hackernews_top
2022-11-10 20:20:40.713 UTC [TRACE] steampipe-plugin-hackernews.plugin: [TRACE] HydrateConfig.initialise complete: RetryConfig: , IgnoreConfig:
2022-11-10 20:20:40.713 UTC [TRACE] steampipe-plugin-hackernews.plugin: [TRACE] back from initialiseHydrateConfigs
2022-11-10 20:20:40.713 UTC [TRACE] steampipe-plugin-hackernews.plugin: [TRACE] initialise table hackernews_top COMPLETE
2022-11-10 20:20:40.713 UTC [TRACE] steampipe-plugin-hackernews.plugin: [TRACE] initialise table hackernews_user
2022-11-10 20:20:40.713 UTC [TRACE] steampipe-plugin-hackernews.plugin: [TRACE] no DefaultRetryConfig defined - creating empty
2022-11-10 20:20:40.713 UTC [TRACE] steampipe-plugin-hackernews.plugin: [TRACE] no DefaultIgnoreConfig defined - creating empty
2022-11-10 20:20:40.713 UTC [TRACE] steampipe-plugin-hackernews.plugin: [TRACE] apply plugin defaults for DefaultRetryConfig
2022-11-10 20:20:40.713 UTC [TRACE] steampipe-plugin-hackernews.plugin: [TRACE] apply plugin defaults for DefaultIgnoreConfig, table &{<nil> <nil>} plugin &{<nil> <nil>}
2022-11-10 20:20:40.713 UTC [TRACE] steampipe-plugin-hackernews.plugin: [TRACE] DefaultRetryConfig:
2022-11-10 20:20:40.713 UTC [TRACE] steampipe-plugin-hackernews.plugin: [TRACE] DefaultIgnoreConfig:
2022-11-10 20:20:40.713 UTC [TRACE] steampipe-plugin-hackernews.plugin: [TRACE] t.List.initialise
2022-11-10 20:20:40.713 UTC [TRACE] steampipe-plugin-hackernews.plugin: [TRACE] ListConfig.initialise table hackernews_user
2022-11-10 20:20:40.713 UTC [TRACE] steampipe-plugin-hackernews.plugin: [TRACE] ListConfig.initialise complete: RetryConfig: , IgnoreConfig
2022-11-10 20:20:40.713 UTC [TRACE] steampipe-plugin-hackernews.plugin: [TRACE] back from initialiseHydrateConfigs
2022-11-10 20:20:40.713 UTC [TRACE] steampipe-plugin-hackernews.plugin: [TRACE] initialise table hackernews_user COMPLETE
2022-11-10 20:20:40.713 UTC [TRACE] steampipe-plugin-hackernews.plugin: [TRACE] validate plugin steampipe-plugin-hackernews, required columns []
2022-11-10 20:20:40.713 UTC [TRACE] steampipe-plugin-hackernews.plugin: [TRACE] validate DefaultRetryConfig
2022-11-10 20:20:40.713 UTC [TRACE] steampipe-plugin-hackernews.plugin: [TRACE] validate DefaultIgnoreConfig
2022-11-10 20:20:40.713 UTC [TRACE] steampipe-plugin-hackernews.plugin: [TRACE] validate table names
2022-11-10 20:20:40.713 UTC [TRACE] steampipe-plugin-hackernews.plugin: [TRACE] plugin has 0 validation errors
2022-11-10 20:20:40.713 UTC [TRACE] steampipe-plugin-hackernews.plugin: [TRACE] Plugin ensureCache creating cache, maxCacheStorageMb 0
2022-11-10 20:20:40.713 UTC [TRACE] steampipe-plugin-hackernews.plugin: [TRACE] createCacheStore for plugin 'steampipe-plugin-hackernews' setting max size to 0Mb, Shards: 2, max shard size: 0
2022-11-10 20:20:40.725 UTC [INFO]  steampipe-plugin-hackernews.plugin: [INFO]  query cache created
2022-11-10 20:20:40.725 UTC [DEBUG] steampipe-plugin-hackernews.plugin: [DEBUG] SetAllConnectionConfigs finished
2022-11-10 20:20:40.725 UTC [TRACE] PluginManager getPlugin complete, returning reattach config with PID: 2039
2022-11-10 20:20:40.725 UTC [TRACE] PluginManager Get returning reattach_map:{key:"hackernews"  value:{protocol:"grpc"  addr:{Network:"unix"  Address:"/tmp/plugin1534454785"}  pid:2039  supported_operations:{query_cache:true  multiple_connections:true}  connections:"hackernews"  plugin:"hub.steampipe.io/plugins/turbot/hackernews@latest"}}
2022-11-10 20:20:40.731 UTC [INFO]  steampipe-plugin-hackernews.plugin: [INFO]  1668111640579: Plugin Execute (1668111640579)
2022-11-10 20:20:40.731 UTC [TRACE] steampipe-plugin-hackernews.plugin: [TRACE] 1668111640579: No memory limit set
2022-11-10 20:20:40.731 UTC [INFO]  steampipe-plugin-hackernews.plugin: [INFO]  1668111640579: Plugin Execute, setting memory limit to -1Mb
2022-11-10 20:20:40.731 UTC [TRACE] steampipe-plugin-hackernews.plugin: [TRACE] 1668111640579: calling ExtractContextFromCarrier
2022-11-10 20:20:40.731 UTC [INFO]  steampipe-plugin-hackernews.plugin: [INFO]  1668111640579: Setting max concurrent connections to 25
2022-11-10 20:20:40.731 UTC [TRACE] steampipe-plugin-hackernews.plugin: [TRACE] 1668111640579: executeForConnection callId: 1668111640579, connectionCallId: hackernews-1668111640579, connection: hackernews table: hackernews_new cols: id,title,time,by,score,dead,deleted,descendants,kids,parent,parts,poll,text,type,url,_ctx
2022-11-10 20:20:40.731 UTC [TRACE] steampipe-plugin-hackernews.plugin: [TRACE] 1668111640579: got connection data
2022-11-10 20:20:40.731 UTC [TRACE] steampipe-plugin-hackernews.plugin: [TRACE] 1668111640579: Got query context, table: hackernews_new, cols: [id title time by score dead deleted descendants kids parent parts poll text type url _ctx]
2022-11-10 20:20:40.731 UTC [TRACE] steampipe-plugin-hackernews.plugin: [TRACE] 1668111640579: Start execute span
2022-11-10 20:20:40.731 UTC [INFO]  steampipe-plugin-hackernews.plugin: [INFO]  1668111640579: Setting free memory interval to 100 rows
2022-11-10 20:20:40.731 UTC [TRACE] steampipe-plugin-hackernews.plugin: [TRACE] 1668111640579: setFetchType map[time:quals:{fieldName:"time"  string_value:">"  value:{timestamp_value:{seconds:1668108040  nanos:614786000}}}]
2022-11-10 20:20:40.732 UTC [TRACE] steampipe-plugin-hackernews.plugin: [TRACE] 1668111640579: getMatchingQuals column:'id' operator: =
2022-11-10 20:20:40.732 UTC [TRACE] steampipe-plugin-hackernews.plugin: [TRACE] 1668111640579: getMatchingQuals returning false - qualMap does not contain any quals for column id
2022-11-10 20:20:40.732 UTC [TRACE] steampipe-plugin-hackernews.plugin: [TRACE] 1668111640579: GetUnsatisfiedKeyColumns for columns column:'id' operator: =
2022-11-10 20:20:40.733 UTC [TRACE] steampipe-plugin-hackernews.plugin: [TRACE] 1668111640579: key column NOT satisfied column:'id' operator: =
2022-11-10 20:20:40.733 UTC [TRACE] steampipe-plugin-hackernews.plugin: [TRACE] 1668111640579: satisfied: map[any_of: optional: required:]
2022-11-10 20:20:40.733 UTC [TRACE] steampipe-plugin-hackernews.plugin: [TRACE] 1668111640579: unsatisfied: map[any_of: optional: required:column:'id' operator: =]
2022-11-10 20:20:40.734 UTC [TRACE] steampipe-plugin-hackernews.plugin: [TRACE] 1668111640579: unsatisfied required KeyColumns: column:'id' operator: =
2022-11-10 20:20:40.734 UTC [TRACE] steampipe-plugin-hackernews.plugin: [TRACE] 1668111640579: Set fetchType to fetchTypeList
2022-11-10 20:20:40.734 UTC [TRACE] steampipe-plugin-hackernews.plugin: [TRACE] 1668111640579: Equals key column quals:
2022-11-10 20:20:40.734 UTC [DEBUG] steampipe-plugin-hackernews.plugin: {}
2022-11-10 20:20:40.734 UTC [TRACE] steampipe-plugin-hackernews.plugin: [TRACE] 1668111640579: All key column quals:
2022-11-10 20:20:40.734 UTC [DEBUG] steampipe-plugin-hackernews.plugin: {}
2022-11-10 20:20:40.734 UTC [TRACE] steampipe-plugin-hackernews.plugin: [TRACE] 1668111640579: GetMatrixItem
2022-11-10 20:20:40.734 UTC [TRACE] steampipe-plugin-hackernews.plugin: [TRACE] 1668111640579: creating query data
2022-11-10 20:20:40.734 UTC [INFO]  steampipe-plugin-hackernews.plugin: [INFO]  1668111640579: cacheEnabled, trying cache get (hackernews-1668111640579)
2022-11-10 20:20:40.734 UTC [TRACE] steampipe-plugin-hackernews.plugin: [TRACE] 1668111640579: QueryCache Get - indexBucketKey index__hackernewshackernews_new, quals
2022-11-10 20:20:40.734 UTC [TRACE] steampipe-plugin-hackernews.plugin: [TRACE] 1668111640579: QueryCache getCachedQueryResult - table hackernews_new, connectionName hackernews
2022-11-10 20:20:40.734 UTC [TRACE] steampipe-plugin-hackernews.plugin: [TRACE] 1668111640579: index bucket key: index__hackernewshackernews_new ttlSeconds 300 limit: -1
2022-11-10 20:20:40.734 UTC [TRACE] steampipe-plugin-hackernews.plugin: [TRACE] 1668111640579: doGet cache miss
2022-11-10 20:20:40.734 UTC [TRACE] steampipe-plugin-hackernews.plugin: [TRACE] 1668111640579: getCachedIndexBucket - no item retrieved for cache key index__hackernewshackernews_new
2022-11-10 20:20:40.734 UTC [TRACE] steampipe-plugin-hackernews.plugin: [TRACE] 1668111640579: getCachedQueryResult returned CACHE MISS - checking for pending transfers
2022-11-10 20:20:40.734 UTC [TRACE] steampipe-plugin-hackernews.plugin: [TRACE] 1668111640579: getPendingResultItem indexBucketKey index__hackernewshackernews_new, columns [id title time by score dead deleted descendants kids parent parts poll text type url _ctx], limit -1
2022-11-10 20:20:40.734 UTC [TRACE] steampipe-plugin-hackernews.plugin: [TRACE] 1668111640579: no pending index item - add pending result, indexBucketKey index__hackernewshackernews_new
2022-11-10 20:20:40.734 UTC [TRACE] steampipe-plugin-hackernews.plugin: [TRACE] 1668111640579: addPendingResult (hackernews-1668111640579) indexBucketKey index__hackernewshackernews_new, columns [id title time by score dead deleted descendants kids parent parts poll text type url _ctx], limit -1
2022-11-10 20:20:40.734 UTC [TRACE] steampipe-plugin-hackernews.plugin: [TRACE] 1668111640579: no index bucket found - creating one
2022-11-10 20:20:40.734 UTC [TRACE] steampipe-plugin-hackernews.plugin: [TRACE] 1668111640579: pendingIndexItem Lock count before 0
2022-11-10 20:20:40.734 UTC [TRACE] steampipe-plugin-hackernews.plugin: [TRACE] 1668111640579: addPendingResult added pending index item to bucket, (hackernews-1668111640579) indexBucketKey index__hackernewshackernews_new, resultKeyRoot hackernewshackernews_newid,title,time,by,score,dead,deleted,descendants,kids,parent,parts,poll,text,type,url,_ctx-1, pending item : 0xc0003df680
2022-11-10 20:20:40.734 UTC [TRACE] steampipe-plugin-hackernews.plugin: [TRACE] 1668111640579: **** pending items (hackernews-1668111640579)****
2022-11-10 20:20:40.734 UTC [TRACE] steampipe-plugin-hackernews.plugin: [TRACE] 1668111640579: key: index__hackernewshackernews_new: item: 0xc0003df680, count: 1, key:hackernewshackernews_newid,title,time,by,score,dead,deleted,descendants,kids,parent,parts,poll,text,type,url,_ctx-1
2022-11-10 20:20:40.734 UTC [TRACE] steampipe-plugin-hackernews.plugin: [TRACE] 1668111640579: ********
2022-11-10 20:20:40.734 UTC [TRACE] steampipe-plugin-hackernews.plugin: [TRACE] 1668111640579: getPendingResultItem returning <nil>
2022-11-10 20:20:40.734 UTC [INFO]  steampipe-plugin-hackernews.plugin: [INFO]  1668111640579: CACHE MISS
2022-11-10 20:20:40.734 UTC [TRACE] steampipe-plugin-hackernews.plugin: [TRACE] 1668111640579: cache MISS
2022-11-10 20:20:40.734 UTC [INFO]  steampipe-plugin-hackernews.plugin: [INFO]  1668111640579: queryCacheGet returned CACHE MISS (hackernews-1668111640579)
2022-11-10 20:20:40.734 UTC [TRACE] steampipe-plugin-hackernews.plugin: [TRACE] 1668111640579: StartSet (hackernews-1668111640579)
2022-11-10 20:20:40.734 UTC [TRACE] steampipe-plugin-hackernews.plugin: [TRACE] 1668111640579: calling fetchItems, table: hackernews_new, matrixItem: [], limit: -1,  connectionCallId: hackernews-1668111640579"
2022-11-10 20:20:40.734 UTC [TRACE] steampipe-plugin-hackernews.plugin: [TRACE] 1668111640579: buildRowsAsync connectionCallId: hackernews-1668111640579
2022-11-10 20:20:40.734 UTC [TRACE] steampipe-plugin-hackernews.plugin: [TRACE] 1668111640579: streamRows connectionCallId: hackernews-1668111640579
2022-11-10 20:20:40.734 UTC [TRACE] steampipe-plugin-hackernews.plugin: [TRACE] 1668111640579: QueryData streamRows (hackernews-1668111640579)
2022-11-10 20:20:40.734 UTC [TRACE] steampipe-plugin-hackernews.plugin: [TRACE] 1668111640579: executeListCall START (hackernews-1668111640579)
2022-11-10 20:20:40.734 UTC [TRACE] steampipe-plugin-hackernews.plugin: [TRACE] 1668111640579: GetUnsatisfiedKeyColumns for columns
2022-11-10 20:20:40.734 UTC [TRACE] steampipe-plugin-hackernews.plugin: [TRACE] 1668111640579: doList (hackernews-1668111640579)
2022-11-10 20:20:40.734 UTC [TRACE] steampipe-plugin-hackernews.plugin: [TRACE] 1668111640579: doList: no matrix item
2022-11-10 20:20:40.906 UTC [TRACE] stdio: received data: channel=STDOUT len=14
2022-11-10 20:20:40.906 UTC [TRACE] stdio: waiting for stdio data
2022-11-10 20:20:40.906 UTC [TRACE] steampipe-plugin-hackernews.plugin: [TRACE] 1668111640579: QueryData.fetchComplete
2022-11-10 20:20:40.906 UTC [TRACE] steampipe-plugin-hackernews.plugin: [TRACE] 1668111640579: executeListCall COMPLETE (hackernews-1668111640579)
2022-11-10 20:20:40.906 UTC [TRACE] steampipe-plugin-hackernews.plugin: [TRACE] 1668111640579: rowData chan returned nil - wait for rows to complete (hackernews-1668111640579)
2022-11-10 20:20:41.022 UTC [TRACE] stdio: received data: channel=STDOUT len=699
2022-11-10 20:20:41.022 UTC [TRACE] stdio: waiting for stdio data
2022-11-10 20:20:41.071 UTC [TRACE] stdio: received data: channel=STDOUT len=1024
2022-11-10 20:20:41.071 UTC [TRACE] stdio: waiting for stdio data
2022-11-10 20:20:41.152 UTC [TRACE] stdio: received data: channel=STDOUT len=432
2022-11-10 20:20:41.152 UTC [TRACE] stdio: waiting for stdio data
2022-11-10 20:20:41.189 UTC [TRACE] stdio: received data: channel=STDOUT len=1024
2022-11-10 20:20:41.189 UTC [TRACE] stdio: waiting for stdio data
2022-11-10 20:20:41.246 UTC [TRACE] stdio: received data: channel=STDOUT len=116
2022-11-10 20:20:41.246 UTC [TRACE] stdio: waiting for stdio data
2022-11-10 20:20:41.266 UTC [TRACE] steampipe-plugin-hackernews.plugin: [TRACE] 1668111640579: buildRowsAsync goroutine returning (hackernews-1668111640579)
2022-11-10 20:20:41.267 UTC [TRACE] steampipe-plugin-hackernews.plugin: [TRACE] 1668111640579: streamRows - nil row, stop streaming (hackernews-1668111640579)
2022-11-10 20:20:41.267 UTC [TRACE] steampipe-plugin-hackernews.plugin: [TRACE] 1668111640579: ------------------------------------
2022-11-10 20:20:41.267 UTC [TRACE] steampipe-plugin-hackernews.plugin: [TRACE] 1668111640579: Concurrency Summary
2022-11-10 20:20:41.267 UTC [TRACE] steampipe-plugin-hackernews.plugin: [TRACE] 1668111640579: ------------------------------------
2022-11-10 20:20:41.267 UTC [TRACE] steampipe-plugin-hackernews.plugin: [TRACE] 1668111640579: getItem                       : 200
2022-11-10 20:20:41.267 UTC [TRACE] steampipe-plugin-hackernews.plugin: [TRACE] 1668111640579: ------------------------------------
2022-11-10 20:20:41.267 UTC [TRACE] steampipe-plugin-hackernews.plugin: [TRACE] 1668111640579: Total                         : 200
2022-11-10 20:20:41.267 UTC [TRACE] steampipe-plugin-hackernews.plugin: [TRACE] 1668111640579: ------------------------------------
2022-11-10 20:20:41.267 UTC [TRACE] steampipe-plugin-hackernews.plugin: [TRACE] 1668111640579: QueryData streamRows DONE (hackernews-1668111640579)
2022-11-10 20:20:41.267 UTC [TRACE] steampipe-plugin-hackernews.plugin: [TRACE] 1668111640579: EndSet (hackernews-1668111640579) table hackernews_new
2022-11-10 20:20:41.267 UTC [TRACE] steampipe-plugin-hackernews.plugin: [TRACE] 1668111640579: QueryCache writePageToCache: 500 rows, pageCount 1, page key hackernewshackernews_newid,title,time,by,score,dead,deleted,descendants,kids,parent,parts,poll,text,type,url,_ctx-1-0
2022-11-10 20:20:41.274 UTC [TRACE] steampipe-plugin-hackernews.plugin: [TRACE] 1668111640579: writePageToCache Set - result written
2022-11-10 20:20:41.274 UTC [TRACE] steampipe-plugin-hackernews.plugin: [TRACE] 1668111640579: QueryCache EndSet - result written
2022-11-10 20:20:41.274 UTC [TRACE] steampipe-plugin-hackernews.plugin: [TRACE] 1668111640579: doGet cache miss
2022-11-10 20:20:41.274 UTC [TRACE] steampipe-plugin-hackernews.plugin: [TRACE] 1668111640579: getCachedIndexBucket - no item retrieved for cache key index__hackernewshackernews_new
2022-11-10 20:20:41.274 UTC [TRACE] steampipe-plugin-hackernews.plugin: [TRACE] 1668111640579: getCachedIndexBucket returned cache miss
2022-11-10 20:20:41.274 UTC [TRACE] steampipe-plugin-hackernews.plugin: [TRACE] 1668111640579: QueryCache EndSet - Added index item (0xc01af104e0) to bucket (0xc01aeaa9f0), page count 1,  key root hackernewshackernews_newid,title,time,by,score,dead,deleted,descendants,kids,parent,parts,poll,text,type,url,_ctx-1
2022-11-10 20:20:41.274 UTC [TRACE] steampipe-plugin-hackernews.plugin: [TRACE] 1668111640579: cacheSetIndexBucket index__hackernewshackernews_new
2022-11-10 20:20:41.275 UTC [TRACE] steampipe-plugin-hackernews.plugin: [TRACE] 1668111640579: QueryCache EndSet - IndexBucket written
2022-11-10 20:20:41.275 UTC [TRACE] steampipe-plugin-hackernews.plugin: [TRACE] 1668111640579: EndSet DEFER (hackernews-1668111640579) table hackernews_new
2022-11-10 20:20:41.275 UTC [TRACE] steampipe-plugin-hackernews.plugin: [TRACE] 1668111640579: calling pendingItemComplete (hackernews-1668111640579)
2022-11-10 20:20:41.275 UTC [TRACE] steampipe-plugin-hackernews.plugin: [TRACE] 1668111640579: pendingItemComplete (hackernews-1668111640579) indexBucketKey index__hackernewshackernews_new, columns [id title time by score dead deleted descendants kids parent parts poll text type url _ctx], limit -1
2022-11-10 20:20:41.275 UTC [TRACE] steampipe-plugin-hackernews.plugin: [TRACE] 1668111640579: got pending index bucket, (hackernews-1668111640579) len 1
2022-11-10 20:20:41.275 UTC [TRACE] steampipe-plugin-hackernews.plugin: [TRACE] 1668111640579: SatisfiesLimit limit -1, no item limit - satisfied
2022-11-10 20:20:41.275 UTC [TRACE] steampipe-plugin-hackernews.plugin: [TRACE] 1668111640579: found pending index item to satisfy columns id,title,time,by,score,dead,deleted,descendants,kids,parent,parts,poll,text,type,url,_ctx, limit -1
2022-11-10 20:20:41.275 UTC [TRACE] steampipe-plugin-hackernews.plugin: [TRACE] 1668111640579: found completed pending item (hackernews-1668111640579) 0xc0003df680, key hackernewshackernews_newid,title,time,by,score,dead,deleted,descendants,kids,parent,parts,poll,text,type,url,_ctx-1 - removing from map as it is complete
2022-11-10 20:20:41.275 UTC [TRACE] steampipe-plugin-hackernews.plugin: [TRACE] 1668111640579: pendingIndexItem Unlock count before 1 key hackernewshackernews_newid,title,time,by,score,dead,deleted,descendants,kids,parent,parts,poll,text,type,url,_ctx-1
2022-11-10 20:20:41.275 UTC [TRACE] steampipe-plugin-hackernews.plugin: [TRACE] 1668111640579: deleted from pending, (hackernews-1668111640579) len 0
2022-11-10 20:20:41.275 UTC [TRACE] steampipe-plugin-hackernews.plugin: [TRACE] 1668111640579: pending bucket now empty - deleting key index__hackernewshackernews_new
2022-11-10 20:20:41.275 UTC [TRACE] steampipe-plugin-hackernews.plugin: [TRACE] 1668111640579: pendingItemComplete done (hackernews-1668111640579)
2022-11-10 20:20:41.275 UTC [TRACE] steampipe-plugin-hackernews.plugin: [TRACE] 1668111640579: cache set succeeded
2022-11-10 20:20:41.275 UTC [TRACE] steampipe-plugin-hackernews.plugin: [TRACE] 1668111640579: End execute span
2022-11-10 20:20:41.275 UTC [TRACE] steampipe-plugin-hackernews.plugin: [TRACE] 1668111640579: executeForConnection DEFER (hackernews-1668111640579)
2022-11-10 20:20:41.275 UTC [TRACE] steampipe-plugin-hackernews.plugin: [TRACE] 1668111640579: Execute complete callId: hackernews-1668111640579 table: hackernews_new
2022-11-10 20:20:41.275 UTC [TRACE] steampipe-plugin-hackernews.plugin: [TRACE] 1668111640579: executeForConnection hackernews returned
2022-11-10 20:20:41.275 UTC [TRACE] steampipe-plugin-hackernews.plugin: [TRACE] 1668111640579: output wg complete - send nil row
2022-11-10 20:20:41.275 UTC [TRACE] steampipe-plugin-hackernews.plugin: [TRACE] 1668111640579: empty row on output channel - we are done
2022-11-10 20:20:41.275 UTC [INFO]  steampipe-plugin-hackernews.plugin: [INFO]  1668111640579: Plugin Execute complete (1668111640579)
2022-11-10 20:20:41.275 UTC [TRACE] stdio: received data: channel=STDOUT len=553
2022-11-10 20:20:41.275 UTC [TRACE] stdio: waiting for stdio data
2022-11-10 20:20:41.337 UTC [TRACE] PluginManager Shutdown
2022-11-10 20:20:41.337 UTC [TRACE] killing plugin csv (2016)
2022-11-10 20:20:41.338 UTC [TRACE] steampipe-plugin-csv.plugin: [TRACE] FLUSHING instrumentation
2022-11-10 20:20:41.338 UTC [TRACE] steampipe-plugin-csv.plugin: [TRACE] Shutdown instrumentation
2022-11-10 20:20:41.338 UTC [DEBUG] stdio: received EOF, stopping recv loop: err="rpc error: code = Unavailable desc = error reading from server: EOF"
2022-11-10 20:20:41.338 UTC [INFO]  plugin process exited: path=/home/runner/.steampipe/plugins/hub.steampipe.io/plugins/turbot/csv@latest/steampipe-plugin-csv.plugin pid=2016
2022-11-10 20:20:41.338 UTC [DEBUG] plugin exited
2022-11-10 20:20:41.338 UTC [TRACE] killing plugin hackernews (2039)
2022-11-10 20:20:41.339 UTC [DEBUG] stdio: received EOF, stopping recv loop: err="rpc error: code = Unavailable desc = error reading from server: EOF"
2022-11-10 20:20:41.339 UTC [TRACE] steampipe-plugin-hackernews.plugin: [TRACE] 1668111640579: FLUSHING instrumentation
2022-11-10 20:20:41.339 UTC [TRACE] steampipe-plugin-hackernews.plugin: [TRACE] 1668111640579: Shutdown instrumentation
2022-11-10 20:20:41.341 UTC [INFO]  plugin process exited: path=/home/runner/.steampipe/plugins/hub.steampipe.io/plugins/turbot/hackernews@latest/steampipe-plugin-hackernews.plugin pid=2039
2022-11-10 20:20:41.341 UTC [DEBUG] plugin exited
2022-11-10 20:20:45.415 UTC [WARN]  steampipe-plugin-csv.plugin: [WARN]  166811164588: getKeyColumnsForTable found no schema for table '/home/runner/work/steampipe-samples/steampipe-samples/all/hackernews/hn.csv'
2022-11-10 20:21:07.317 UTC [WARN]  steampipe-plugin-csv.plugin: [WARN]  1668111667695: getKeyColumnsForTable found no schema for table '/home/runner/work/steampipe-samples/steampipe-samples/all/hackernews/hn.csv'
2022-11-10 20:23:12.433 UTC [ERROR] steampipe-plugin-csv.plugin: [ERROR] csv.tableCSV: header_parse_error=EOF path=/home/runner/work/steampipe-samples/steampipe-samples/all/hackernews/new_sc.csv header=[]
2022-11-10 20:23:12.433 UTC [ERROR] steampipe-plugin-csv.plugin: [ERROR] csv.PluginTables: create_table_error="failed to parse file header /home/runner/work/steampipe-samples/steampipe-samples/all/hackernews/new_sc.csv: EOF" path=/home/runner/work/steampipe-samples/steampipe-samples/all/hackernews/new_sc.csv
2022-11-10 20:23:12.433 UTC [WARN]  failed to set connection config: failed to parse file header /home/runner/work/steampipe-samples/steampipe-samples/all/hackernews/new_sc.csv: EOF
2022-11-10 20:23:13.695 UTC [WARN]  steampipe-plugin-csv.plugin: [WARN]  1668111793839: getKeyColumnsForTable found no schema for table '/home/runner/work/steampipe-samples/steampipe-samples/all/hackernews/new_sc.csv'
2022-11-10 20:23:20.085 UTC [ERROR] steampipe-plugin-csv.plugin: [ERROR] csv.tableCSV: header_parse_error=EOF path=/home/runner/work/steampipe-samples/steampipe-samples/all/hackernews/hn_items_all.csv header=[]
2022-11-10 20:23:20.085 UTC [ERROR] steampipe-plugin-csv.plugin: [ERROR] csv.PluginTables: create_table_error="failed to parse file header /home/runner/work/steampipe-samples/steampipe-samples/all/hackernews/hn_items_all.csv: EOF" path=/home/runner/work/steampipe-samples/steampipe-samples/all/hackernews/hn_items_all.csv
2022-11-10 20:23:20.085 UTC [WARN]  failed to set connection config: failed to parse file header /home/runner/work/steampipe-samples/steampipe-samples/all/hackernews/hn_items_all.csv: EOF
2022-11-10 20:23:21.406 UTC [ERROR] steampipe-plugin-csv.plugin: [ERROR] csv.tableCSV: header_parse_error=EOF path=/home/runner/work/steampipe-samples/steampipe-samples/all/hackernews/people.csv header=[]
2022-11-10 20:23:21.406 UTC [ERROR] steampipe-plugin-csv.plugin: [ERROR] csv.PluginTables: create_table_error="failed to parse file header /home/runner/work/steampipe-samples/steampipe-samples/all/hackernews/people.csv: EOF" path=/home/runner/work/steampipe-samples/steampipe-samples/all/hackernews/people.csv
2022-11-10 20:23:21.406 UTC [WARN]  failed to set connection config: failed to parse file header /home/runner/work/steampipe-samples/steampipe-samples/all/hackernews/people.csv: EOF
