2023-01-02 16:20:43.874 UTC [INFO]  starting plugin manager
2023-01-02 16:20:43.875 UTC [TRACE] loaded config map: csv,github,hackernews,net
2023-01-02 16:20:43.875 UTC [TRACE] NewPluginManager
2023-01-02 16:20:43.876 UTC [TRACE] PluginManager setPluginCacheSizeMap: 4 connections.
2023-01-02 16:20:43.876 UTC [TRACE] Total cache size 0Mb
2023-01-02 16:20:43.876 UTC [INFO]  starting connection watcher
2023-01-02 16:20:43.876 UTC [INFO]  created ConnectionWatcher
2023-01-02 16:20:43.876 UTC [TRACE] about to serve
2023-01-02 16:20:43.946 UTC [TRACE] PluginManager Get, connections: '[csv]'
2023-01-02 16:20:43.946 UTC [TRACE] PluginManager getPlugin hub.steampipe.io/plugins/turbot/csv@latest connection 'csv'
2023-01-02 16:20:43.946 UTC [TRACE] PluginManager 0xc000614550 plugin hub.steampipe.io/plugins/turbot/csv@latest (csv) NOT started or starting - start now
2023-01-02 16:20:43.946 UTC [TRACE] ************ start plugin csv ********************
2023-01-02 16:20:43.946 UTC [TRACE] ************ plugin path /home/runner/.steampipe/plugins/hub.steampipe.io/plugins/turbot/csv@latest/steampipe-plugin-csv.plugin ********************
2023-01-02 16:20:43.977 UTC [TRACE] handleFileWatcherEvent ignoring first event
2023-01-02 16:20:44.012 UTC [DEBUG] starting plugin: path=/home/runner/.steampipe/plugins/hub.steampipe.io/plugins/turbot/csv@latest/steampipe-plugin-csv.plugin args=["/home/runner/.steampipe/plugins/hub.steampipe.io/plugins/turbot/csv@latest/steampipe-plugin-csv.plugin"]
2023-01-02 16:20:44.013 UTC [DEBUG] plugin started: path=/home/runner/.steampipe/plugins/hub.steampipe.io/plugins/turbot/csv@latest/steampipe-plugin-csv.plugin pid=2144
2023-01-02 16:20:44.013 UTC [DEBUG] waiting for RPC address: path=/home/runner/.steampipe/plugins/hub.steampipe.io/plugins/turbot/csv@latest/steampipe-plugin-csv.plugin
2023-01-02 16:20:44.023 UTC [INFO]  steampipe-plugin-csv.plugin: [INFO]  Initialise plugin 'steampipe-plugin-csv', using sdk version 4.1.8
2023-01-02 16:20:44.023 UTC [TRACE] steampipe-plugin-csv.plugin: [TRACE] no DefaultRetryConfig defined - creating empty
2023-01-02 16:20:44.023 UTC [TRACE] steampipe-plugin-csv.plugin: [TRACE] no DefaultIgnoreConfig defined - creating empty
2023-01-02 16:20:44.023 UTC [TRACE] steampipe-plugin-csv.plugin: [TRACE] telemetry.Init service 'steampipe-plugin-csv', tracingEnabled: false, metricsEnabled: false
2023-01-02 16:20:44.023 UTC [TRACE] steampipe-plugin-csv.plugin: [TRACE] metrics and tracing disabled' - returning
2023-01-02 16:20:44.024 UTC [DEBUG] steampipe-plugin-csv.plugin: plugin address: address=/tmp/plugin376183748 network=unix timestamp=2023-01-02T16:20:44.024Z
2023-01-02 16:20:44.024 UTC [DEBUG] using plugin: version=0
2023-01-02 16:20:44.024 UTC [TRACE] NewPluginClient for plugin hub.steampipe.io/plugins/turbot/csv@latest
2023-01-02 16:20:44.025 UTC [TRACE] stdio: waiting for stdio data
2023-01-02 16:20:44.027 UTC [TRACE] supportedOperations: query_cache:true multiple_connections:true
2023-01-02 16:20:44.028 UTC [TRACE] steampipe-plugin-csv.plugin: [TRACE] SetAllConnectionConfigs setting 1 configs
2023-01-02 16:20:44.028 UTC [TRACE] steampipe-plugin-csv.plugin: [TRACE] connection csv build schema and table map
2023-01-02 16:20:44.028 UTC [DEBUG] steampipe-plugin-csv.plugin: [DEBUG] csv.tableCSV: path=/home/runner/work/steampipe-samples/steampipe-samples/all/hackernews/hn_items_all.csv detected_encoding=Unknown
2023-01-02 16:20:44.028 UTC [DEBUG] steampipe-plugin-csv.plugin: [DEBUG] csv.tableCSV: path=/home/runner/work/steampipe-samples/steampipe-samples/all/hackernews/new_sc.csv detected_encoding=Unknown
2023-01-02 16:20:44.028 UTC [DEBUG] steampipe-plugin-csv.plugin: [DEBUG] csv.tableCSV: path=/home/runner/work/steampipe-samples/steampipe-samples/all/hackernews/people.csv detected_encoding=Unknown
2023-01-02 16:20:44.028 UTC [TRACE] steampipe-plugin-csv.plugin: [TRACE] initialise table /home/runner/work/steampipe-samples/steampipe-samples/all/hackernews/people.csv
2023-01-02 16:20:44.028 UTC [TRACE] steampipe-plugin-csv.plugin: [TRACE] no DefaultRetryConfig defined - creating empty
2023-01-02 16:20:44.028 UTC [TRACE] steampipe-plugin-csv.plugin: [TRACE] no DefaultIgnoreConfig defined - creating empty
2023-01-02 16:20:44.028 UTC [TRACE] steampipe-plugin-csv.plugin: [TRACE] apply plugin defaults for DefaultRetryConfig
2023-01-02 16:20:44.028 UTC [TRACE] steampipe-plugin-csv.plugin: [TRACE] apply plugin defaults for DefaultIgnoreConfig, table &{<nil> <nil>} plugin &{<nil> <nil>}
2023-01-02 16:20:44.028 UTC [TRACE] steampipe-plugin-csv.plugin: [TRACE] DefaultRetryConfig:
2023-01-02 16:20:44.028 UTC [TRACE] steampipe-plugin-csv.plugin: [TRACE] DefaultIgnoreConfig:
2023-01-02 16:20:44.028 UTC [TRACE] steampipe-plugin-csv.plugin: [TRACE] t.List.initialise
2023-01-02 16:20:44.028 UTC [TRACE] steampipe-plugin-csv.plugin: [TRACE] ListConfig.initialise table /home/runner/work/steampipe-samples/steampipe-samples/all/hackernews/people.csv
2023-01-02 16:20:44.028 UTC [TRACE] steampipe-plugin-csv.plugin: [TRACE] ListConfig.initialise complete: RetryConfig: , IgnoreConfig
2023-01-02 16:20:44.028 UTC [TRACE] steampipe-plugin-csv.plugin: [TRACE] back from initialiseHydrateConfigs
2023-01-02 16:20:44.028 UTC [TRACE] steampipe-plugin-csv.plugin: [TRACE] initialise table /home/runner/work/steampipe-samples/steampipe-samples/all/hackernews/people.csv COMPLETE
2023-01-02 16:20:44.028 UTC [TRACE] steampipe-plugin-csv.plugin: [TRACE] initialise table /home/runner/work/steampipe-samples/steampipe-samples/all/hackernews/hn_items_all.csv
2023-01-02 16:20:44.028 UTC [TRACE] steampipe-plugin-csv.plugin: [TRACE] no DefaultRetryConfig defined - creating empty
2023-01-02 16:20:44.028 UTC [TRACE] steampipe-plugin-csv.plugin: [TRACE] no DefaultIgnoreConfig defined - creating empty
2023-01-02 16:20:44.028 UTC [TRACE] steampipe-plugin-csv.plugin: [TRACE] apply plugin defaults for DefaultRetryConfig
2023-01-02 16:20:44.028 UTC [TRACE] steampipe-plugin-csv.plugin: [TRACE] apply plugin defaults for DefaultIgnoreConfig, table &{<nil> <nil>} plugin &{<nil> <nil>}
2023-01-02 16:20:44.028 UTC [TRACE] steampipe-plugin-csv.plugin: [TRACE] DefaultRetryConfig:
2023-01-02 16:20:44.028 UTC [TRACE] steampipe-plugin-csv.plugin: [TRACE] DefaultIgnoreConfig:
2023-01-02 16:20:44.028 UTC [TRACE] steampipe-plugin-csv.plugin: [TRACE] t.List.initialise
2023-01-02 16:20:44.028 UTC [TRACE] steampipe-plugin-csv.plugin: [TRACE] ListConfig.initialise table /home/runner/work/steampipe-samples/steampipe-samples/all/hackernews/hn_items_all.csv
2023-01-02 16:20:44.028 UTC [TRACE] steampipe-plugin-csv.plugin: [TRACE] ListConfig.initialise complete: RetryConfig: , IgnoreConfig
2023-01-02 16:20:44.028 UTC [TRACE] steampipe-plugin-csv.plugin: [TRACE] back from initialiseHydrateConfigs
2023-01-02 16:20:44.028 UTC [TRACE] steampipe-plugin-csv.plugin: [TRACE] initialise table /home/runner/work/steampipe-samples/steampipe-samples/all/hackernews/hn_items_all.csv COMPLETE
2023-01-02 16:20:44.028 UTC [TRACE] steampipe-plugin-csv.plugin: [TRACE] initialise table /home/runner/work/steampipe-samples/steampipe-samples/all/hackernews/new_sc.csv
2023-01-02 16:20:44.028 UTC [TRACE] steampipe-plugin-csv.plugin: [TRACE] no DefaultRetryConfig defined - creating empty
2023-01-02 16:20:44.029 UTC [TRACE] steampipe-plugin-csv.plugin: [TRACE] no DefaultIgnoreConfig defined - creating empty
2023-01-02 16:20:44.029 UTC [TRACE] steampipe-plugin-csv.plugin: [TRACE] apply plugin defaults for DefaultRetryConfig
2023-01-02 16:20:44.029 UTC [TRACE] steampipe-plugin-csv.plugin: [TRACE] apply plugin defaults for DefaultIgnoreConfig, table &{<nil> <nil>} plugin &{<nil> <nil>}
2023-01-02 16:20:44.029 UTC [TRACE] steampipe-plugin-csv.plugin: [TRACE] DefaultRetryConfig:
2023-01-02 16:20:44.029 UTC [TRACE] steampipe-plugin-csv.plugin: [TRACE] DefaultIgnoreConfig:
2023-01-02 16:20:44.029 UTC [TRACE] steampipe-plugin-csv.plugin: [TRACE] t.List.initialise
2023-01-02 16:20:44.029 UTC [TRACE] steampipe-plugin-csv.plugin: [TRACE] ListConfig.initialise table /home/runner/work/steampipe-samples/steampipe-samples/all/hackernews/new_sc.csv
2023-01-02 16:20:44.029 UTC [TRACE] steampipe-plugin-csv.plugin: [TRACE] ListConfig.initialise complete: RetryConfig: , IgnoreConfig
2023-01-02 16:20:44.029 UTC [TRACE] steampipe-plugin-csv.plugin: [TRACE] back from initialiseHydrateConfigs
2023-01-02 16:20:44.029 UTC [TRACE] steampipe-plugin-csv.plugin: [TRACE] initialise table /home/runner/work/steampipe-samples/steampipe-samples/all/hackernews/new_sc.csv COMPLETE
2023-01-02 16:20:44.029 UTC [TRACE] steampipe-plugin-csv.plugin: [TRACE] validate plugin steampipe-plugin-csv, required columns []
2023-01-02 16:20:44.029 UTC [TRACE] steampipe-plugin-csv.plugin: [TRACE] validate DefaultRetryConfig
2023-01-02 16:20:44.029 UTC [TRACE] steampipe-plugin-csv.plugin: [TRACE] validate DefaultIgnoreConfig
2023-01-02 16:20:44.029 UTC [TRACE] steampipe-plugin-csv.plugin: [TRACE] validate table names
2023-01-02 16:20:44.029 UTC [TRACE] steampipe-plugin-csv.plugin: [TRACE] plugin has 0 validation errors
2023-01-02 16:20:44.029 UTC [TRACE] steampipe-plugin-csv.plugin: [TRACE] Plugin ensureCache creating cache, maxCacheStorageMb 0
2023-01-02 16:20:44.029 UTC [TRACE] steampipe-plugin-csv.plugin: [TRACE] createCacheStore for plugin 'steampipe-plugin-csv' setting max size to 0Mb, Shards: 2, max shard size: 0
2023-01-02 16:20:44.042 UTC [INFO]  steampipe-plugin-csv.plugin: [INFO]  query cache created
2023-01-02 16:20:44.042 UTC [DEBUG] steampipe-plugin-csv.plugin: [DEBUG] SetAllConnectionConfigs finished
2023-01-02 16:20:44.043 UTC [TRACE] PluginManager getPlugin complete, returning reattach config with PID: 2144
2023-01-02 16:20:44.043 UTC [TRACE] PluginManager Get returning reattach_map:{key:"csv" value:{protocol:"grpc" addr:{Network:"unix" Address:"/tmp/plugin376183748"} pid:2144 supported_operations:{query_cache:true multiple_connections:true} connections:"csv" plugin:"hub.steampipe.io/plugins/turbot/csv@latest"}}
2023-01-02 16:20:44.140 UTC [TRACE] PluginManager Get, connections: '[csv]'
2023-01-02 16:20:44.140 UTC [TRACE] PluginManager getPlugin hub.steampipe.io/plugins/turbot/csv@latest connection 'csv'
2023-01-02 16:20:44.140 UTC [TRACE] connection csv found in connectionPluginMap
2023-01-02 16:20:44.140 UTC [TRACE] initialized: 2144
2023-01-02 16:20:44.140 UTC [TRACE] initialized: 2144
2023-01-02 16:20:44.140 UTC [TRACE] connection csv is loaded, check for running PID
2023-01-02 16:20:44.140 UTC [TRACE] PluginManager found 'csv' in map, pid 2144
2023-01-02 16:20:44.141 UTC [TRACE] PluginManager Get returning reattach_map:{key:"csv" value:{protocol:"grpc" addr:{Network:"unix" Address:"/tmp/plugin376183748"} pid:2144 supported_operations:{query_cache:true multiple_connections:true} connections:"csv" plugin:"hub.steampipe.io/plugins/turbot/csv@latest"}}
2023-01-02 16:20:44.303 UTC [TRACE] PluginManager Get, connections: '[hackernews]'
2023-01-02 16:20:44.303 UTC [TRACE] PluginManager getPlugin hub.steampipe.io/plugins/turbot/hackernews@latest connection 'hackernews'
2023-01-02 16:20:44.303 UTC [TRACE] PluginManager 0xc000614550 plugin hub.steampipe.io/plugins/turbot/hackernews@latest (hackernews) NOT started or starting - start now
2023-01-02 16:20:44.303 UTC [TRACE] ************ start plugin hackernews ********************
2023-01-02 16:20:44.303 UTC [TRACE] ************ plugin path /home/runner/.steampipe/plugins/hub.steampipe.io/plugins/turbot/hackernews@latest/steampipe-plugin-hackernews.plugin ********************
2023-01-02 16:20:44.376 UTC [DEBUG] starting plugin: path=/home/runner/.steampipe/plugins/hub.steampipe.io/plugins/turbot/hackernews@latest/steampipe-plugin-hackernews.plugin args=["/home/runner/.steampipe/plugins/hub.steampipe.io/plugins/turbot/hackernews@latest/steampipe-plugin-hackernews.plugin"]
2023-01-02 16:20:44.376 UTC [DEBUG] plugin started: path=/home/runner/.steampipe/plugins/hub.steampipe.io/plugins/turbot/hackernews@latest/steampipe-plugin-hackernews.plugin pid=2169
2023-01-02 16:20:44.376 UTC [DEBUG] waiting for RPC address: path=/home/runner/.steampipe/plugins/hub.steampipe.io/plugins/turbot/hackernews@latest/steampipe-plugin-hackernews.plugin
2023-01-02 16:20:44.392 UTC [INFO]  steampipe-plugin-hackernews.plugin: [INFO]  Initialise plugin 'steampipe-plugin-hackernews', using sdk version 4.1.7
2023-01-02 16:20:44.392 UTC [TRACE] steampipe-plugin-hackernews.plugin: [TRACE] defaulting SchemaMode to SchemaModeStatic
2023-01-02 16:20:44.392 UTC [TRACE] steampipe-plugin-hackernews.plugin: [TRACE] no DefaultRetryConfig defined - creating empty
2023-01-02 16:20:44.392 UTC [TRACE] steampipe-plugin-hackernews.plugin: [TRACE] no DefaultIgnoreConfig defined - creating empty
2023-01-02 16:20:44.392 UTC [TRACE] steampipe-plugin-hackernews.plugin: [TRACE] Setting Ulimit: ulimit=2560
2023-01-02 16:20:44.392 UTC [TRACE] steampipe-plugin-hackernews.plugin: [TRACE] telemetry.Init service 'steampipe-plugin-hackernews', tracingEnabled: false, metricsEnabled: false
2023-01-02 16:20:44.392 UTC [TRACE] steampipe-plugin-hackernews.plugin: [TRACE] metrics and tracing disabled' - returning
2023-01-02 16:20:44.393 UTC [DEBUG] steampipe-plugin-hackernews.plugin: plugin address: address=/tmp/plugin4200502938 network=unix timestamp=2023-01-02T16:20:44.393Z
2023-01-02 16:20:44.394 UTC [DEBUG] using plugin: version=0
2023-01-02 16:20:44.394 UTC [TRACE] NewPluginClient for plugin hub.steampipe.io/plugins/turbot/hackernews@latest
2023-01-02 16:20:44.395 UTC [TRACE] stdio: waiting for stdio data
2023-01-02 16:20:44.396 UTC [TRACE] supportedOperations: query_cache:true multiple_connections:true
2023-01-02 16:20:44.397 UTC [TRACE] steampipe-plugin-hackernews.plugin: [TRACE] SetAllConnectionConfigs setting 1 configs
2023-01-02 16:20:44.397 UTC [TRACE] steampipe-plugin-hackernews.plugin: [TRACE] connection hackernews build schema and table map
2023-01-02 16:20:44.397 UTC [TRACE] steampipe-plugin-hackernews.plugin: [TRACE] initialise table hackernews_item
2023-01-02 16:20:44.397 UTC [TRACE] steampipe-plugin-hackernews.plugin: [TRACE] no DefaultRetryConfig defined - creating empty
2023-01-02 16:20:44.397 UTC [TRACE] steampipe-plugin-hackernews.plugin: [TRACE] no DefaultIgnoreConfig defined - creating empty
2023-01-02 16:20:44.397 UTC [TRACE] steampipe-plugin-hackernews.plugin: [TRACE] apply plugin defaults for DefaultRetryConfig
2023-01-02 16:20:44.397 UTC [TRACE] steampipe-plugin-hackernews.plugin: [TRACE] apply plugin defaults for DefaultIgnoreConfig, table &{<nil> <nil>} plugin &{<nil> <nil>}
2023-01-02 16:20:44.397 UTC [TRACE] steampipe-plugin-hackernews.plugin: [TRACE] DefaultRetryConfig:
2023-01-02 16:20:44.397 UTC [TRACE] steampipe-plugin-hackernews.plugin: [TRACE] DefaultIgnoreConfig:
2023-01-02 16:20:44.397 UTC [TRACE] steampipe-plugin-hackernews.plugin: [TRACE] t.Get.initialise
2023-01-02 16:20:44.397 UTC [TRACE] steampipe-plugin-hackernews.plugin: [TRACE] GetConfig.initialise table hackernews_item
2023-01-02 16:20:44.397 UTC [TRACE] steampipe-plugin-hackernews.plugin: [TRACE] GetConfig.initialise complete: RetryConfig: , IgnoreConfig:
2023-01-02 16:20:44.397 UTC [TRACE] steampipe-plugin-hackernews.plugin: [TRACE] t.List.initialise
2023-01-02 16:20:44.397 UTC [TRACE] steampipe-plugin-hackernews.plugin: [TRACE] ListConfig.initialise table hackernews_item
2023-01-02 16:20:44.397 UTC [TRACE] steampipe-plugin-hackernews.plugin: [TRACE] ListConfig.initialise complete: RetryConfig: , IgnoreConfig
2023-01-02 16:20:44.397 UTC [TRACE] steampipe-plugin-hackernews.plugin: [TRACE] HydrateConfig.initialise func getItem, table hackernews_item
2023-01-02 16:20:44.397 UTC [TRACE] steampipe-plugin-hackernews.plugin: [TRACE] HydrateConfig.initialise complete: RetryConfig: , IgnoreConfig:
2023-01-02 16:20:44.397 UTC [TRACE] steampipe-plugin-hackernews.plugin: [TRACE] back from initialiseHydrateConfigs
2023-01-02 16:20:44.397 UTC [TRACE] steampipe-plugin-hackernews.plugin: [TRACE] initialise table hackernews_item COMPLETE
2023-01-02 16:20:44.397 UTC [TRACE] steampipe-plugin-hackernews.plugin: [TRACE] initialise table hackernews_job
2023-01-02 16:20:44.397 UTC [TRACE] steampipe-plugin-hackernews.plugin: [TRACE] no DefaultRetryConfig defined - creating empty
2023-01-02 16:20:44.397 UTC [TRACE] steampipe-plugin-hackernews.plugin: [TRACE] no DefaultIgnoreConfig defined - creating empty
2023-01-02 16:20:44.397 UTC [TRACE] steampipe-plugin-hackernews.plugin: [TRACE] apply plugin defaults for DefaultRetryConfig
2023-01-02 16:20:44.397 UTC [TRACE] steampipe-plugin-hackernews.plugin: [TRACE] apply plugin defaults for DefaultIgnoreConfig, table &{<nil> <nil>} plugin &{<nil> <nil>}
2023-01-02 16:20:44.397 UTC [TRACE] steampipe-plugin-hackernews.plugin: [TRACE] DefaultRetryConfig:
2023-01-02 16:20:44.397 UTC [TRACE] steampipe-plugin-hackernews.plugin: [TRACE] DefaultIgnoreConfig:
2023-01-02 16:20:44.397 UTC [TRACE] steampipe-plugin-hackernews.plugin: [TRACE] t.Get.initialise
2023-01-02 16:20:44.397 UTC [TRACE] steampipe-plugin-hackernews.plugin: [TRACE] GetConfig.initialise table hackernews_job
2023-01-02 16:20:44.397 UTC [TRACE] steampipe-plugin-hackernews.plugin: [TRACE] GetConfig.initialise complete: RetryConfig: , IgnoreConfig:
2023-01-02 16:20:44.397 UTC [TRACE] steampipe-plugin-hackernews.plugin: [TRACE] t.List.initialise
2023-01-02 16:20:44.397 UTC [TRACE] steampipe-plugin-hackernews.plugin: [TRACE] ListConfig.initialise table hackernews_job
2023-01-02 16:20:44.397 UTC [TRACE] steampipe-plugin-hackernews.plugin: [TRACE] ListConfig.initialise complete: RetryConfig: , IgnoreConfig
2023-01-02 16:20:44.397 UTC [TRACE] steampipe-plugin-hackernews.plugin: [TRACE] HydrateConfig.initialise func getItem, table hackernews_job
2023-01-02 16:20:44.397 UTC [TRACE] steampipe-plugin-hackernews.plugin: [TRACE] HydrateConfig.initialise complete: RetryConfig: , IgnoreConfig:
2023-01-02 16:20:44.397 UTC [TRACE] steampipe-plugin-hackernews.plugin: [TRACE] back from initialiseHydrateConfigs
2023-01-02 16:20:44.397 UTC [TRACE] steampipe-plugin-hackernews.plugin: [TRACE] initialise table hackernews_job COMPLETE
2023-01-02 16:20:44.397 UTC [TRACE] steampipe-plugin-hackernews.plugin: [TRACE] initialise table hackernews_new
2023-01-02 16:20:44.397 UTC [TRACE] steampipe-plugin-hackernews.plugin: [TRACE] no DefaultRetryConfig defined - creating empty
2023-01-02 16:20:44.397 UTC [TRACE] steampipe-plugin-hackernews.plugin: [TRACE] no DefaultIgnoreConfig defined - creating empty
2023-01-02 16:20:44.397 UTC [TRACE] steampipe-plugin-hackernews.plugin: [TRACE] apply plugin defaults for DefaultRetryConfig
2023-01-02 16:20:44.397 UTC [TRACE] steampipe-plugin-hackernews.plugin: [TRACE] apply plugin defaults for DefaultIgnoreConfig, table &{<nil> <nil>} plugin &{<nil> <nil>}
2023-01-02 16:20:44.397 UTC [TRACE] steampipe-plugin-hackernews.plugin: [TRACE] DefaultRetryConfig:
2023-01-02 16:20:44.397 UTC [TRACE] steampipe-plugin-hackernews.plugin: [TRACE] DefaultIgnoreConfig:
2023-01-02 16:20:44.397 UTC [TRACE] steampipe-plugin-hackernews.plugin: [TRACE] t.Get.initialise
2023-01-02 16:20:44.397 UTC [TRACE] steampipe-plugin-hackernews.plugin: [TRACE] GetConfig.initialise table hackernews_new
2023-01-02 16:20:44.397 UTC [TRACE] steampipe-plugin-hackernews.plugin: [TRACE] GetConfig.initialise complete: RetryConfig: , IgnoreConfig:
2023-01-02 16:20:44.397 UTC [TRACE] steampipe-plugin-hackernews.plugin: [TRACE] t.List.initialise
2023-01-02 16:20:44.397 UTC [TRACE] steampipe-plugin-hackernews.plugin: [TRACE] ListConfig.initialise table hackernews_new
2023-01-02 16:20:44.397 UTC [TRACE] steampipe-plugin-hackernews.plugin: [TRACE] ListConfig.initialise complete: RetryConfig: , IgnoreConfig
2023-01-02 16:20:44.397 UTC [TRACE] steampipe-plugin-hackernews.plugin: [TRACE] HydrateConfig.initialise func getItem, table hackernews_new
2023-01-02 16:20:44.397 UTC [TRACE] steampipe-plugin-hackernews.plugin: [TRACE] HydrateConfig.initialise complete: RetryConfig: , IgnoreConfig:
2023-01-02 16:20:44.397 UTC [TRACE] steampipe-plugin-hackernews.plugin: [TRACE] back from initialiseHydrateConfigs
2023-01-02 16:20:44.397 UTC [TRACE] steampipe-plugin-hackernews.plugin: [TRACE] initialise table hackernews_new COMPLETE
2023-01-02 16:20:44.397 UTC [TRACE] steampipe-plugin-hackernews.plugin: [TRACE] initialise table hackernews_show_hn
2023-01-02 16:20:44.397 UTC [TRACE] steampipe-plugin-hackernews.plugin: [TRACE] no DefaultRetryConfig defined - creating empty
2023-01-02 16:20:44.397 UTC [TRACE] steampipe-plugin-hackernews.plugin: [TRACE] no DefaultIgnoreConfig defined - creating empty
2023-01-02 16:20:44.397 UTC [TRACE] steampipe-plugin-hackernews.plugin: [TRACE] apply plugin defaults for DefaultRetryConfig
2023-01-02 16:20:44.397 UTC [TRACE] steampipe-plugin-hackernews.plugin: [TRACE] apply plugin defaults for DefaultIgnoreConfig, table &{<nil> <nil>} plugin &{<nil> <nil>}
2023-01-02 16:20:44.397 UTC [TRACE] steampipe-plugin-hackernews.plugin: [TRACE] DefaultRetryConfig:
2023-01-02 16:20:44.397 UTC [TRACE] steampipe-plugin-hackernews.plugin: [TRACE] DefaultIgnoreConfig:
2023-01-02 16:20:44.397 UTC [TRACE] steampipe-plugin-hackernews.plugin: [TRACE] t.Get.initialise
2023-01-02 16:20:44.397 UTC [TRACE] steampipe-plugin-hackernews.plugin: [TRACE] GetConfig.initialise table hackernews_show_hn
2023-01-02 16:20:44.397 UTC [TRACE] steampipe-plugin-hackernews.plugin: [TRACE] GetConfig.initialise complete: RetryConfig: , IgnoreConfig:
2023-01-02 16:20:44.397 UTC [TRACE] steampipe-plugin-hackernews.plugin: [TRACE] t.List.initialise
2023-01-02 16:20:44.397 UTC [TRACE] steampipe-plugin-hackernews.plugin: [TRACE] ListConfig.initialise table hackernews_show_hn
2023-01-02 16:20:44.397 UTC [TRACE] steampipe-plugin-hackernews.plugin: [TRACE] ListConfig.initialise complete: RetryConfig: , IgnoreConfig
2023-01-02 16:20:44.397 UTC [TRACE] steampipe-plugin-hackernews.plugin: [TRACE] HydrateConfig.initialise func getItem, table hackernews_show_hn
2023-01-02 16:20:44.397 UTC [TRACE] steampipe-plugin-hackernews.plugin: [TRACE] HydrateConfig.initialise complete: RetryConfig: , IgnoreConfig:
2023-01-02 16:20:44.397 UTC [TRACE] steampipe-plugin-hackernews.plugin: [TRACE] back from initialiseHydrateConfigs
2023-01-02 16:20:44.397 UTC [TRACE] steampipe-plugin-hackernews.plugin: [TRACE] initialise table hackernews_show_hn COMPLETE
2023-01-02 16:20:44.397 UTC [TRACE] steampipe-plugin-hackernews.plugin: [TRACE] initialise table hackernews_top
2023-01-02 16:20:44.397 UTC [TRACE] steampipe-plugin-hackernews.plugin: [TRACE] no DefaultRetryConfig defined - creating empty
2023-01-02 16:20:44.397 UTC [TRACE] steampipe-plugin-hackernews.plugin: [TRACE] no DefaultIgnoreConfig defined - creating empty
2023-01-02 16:20:44.397 UTC [TRACE] steampipe-plugin-hackernews.plugin: [TRACE] apply plugin defaults for DefaultRetryConfig
2023-01-02 16:20:44.397 UTC [TRACE] steampipe-plugin-hackernews.plugin: [TRACE] apply plugin defaults for DefaultIgnoreConfig, table &{<nil> <nil>} plugin &{<nil> <nil>}
2023-01-02 16:20:44.397 UTC [TRACE] steampipe-plugin-hackernews.plugin: [TRACE] DefaultRetryConfig:
2023-01-02 16:20:44.397 UTC [TRACE] steampipe-plugin-hackernews.plugin: [TRACE] DefaultIgnoreConfig:
2023-01-02 16:20:44.397 UTC [TRACE] steampipe-plugin-hackernews.plugin: [TRACE] t.Get.initialise
2023-01-02 16:20:44.397 UTC [TRACE] steampipe-plugin-hackernews.plugin: [TRACE] GetConfig.initialise table hackernews_top
2023-01-02 16:20:44.397 UTC [TRACE] steampipe-plugin-hackernews.plugin: [TRACE] GetConfig.initialise complete: RetryConfig: , IgnoreConfig:
2023-01-02 16:20:44.397 UTC [TRACE] steampipe-plugin-hackernews.plugin: [TRACE] t.List.initialise
2023-01-02 16:20:44.397 UTC [TRACE] steampipe-plugin-hackernews.plugin: [TRACE] ListConfig.initialise table hackernews_top
2023-01-02 16:20:44.397 UTC [TRACE] steampipe-plugin-hackernews.plugin: [TRACE] ListConfig.initialise complete: RetryConfig: , IgnoreConfig
2023-01-02 16:20:44.397 UTC [TRACE] steampipe-plugin-hackernews.plugin: [TRACE] HydrateConfig.initialise func getItem, table hackernews_top
2023-01-02 16:20:44.397 UTC [TRACE] steampipe-plugin-hackernews.plugin: [TRACE] HydrateConfig.initialise complete: RetryConfig: , IgnoreConfig:
2023-01-02 16:20:44.397 UTC [TRACE] steampipe-plugin-hackernews.plugin: [TRACE] back from initialiseHydrateConfigs
2023-01-02 16:20:44.397 UTC [TRACE] steampipe-plugin-hackernews.plugin: [TRACE] initialise table hackernews_top COMPLETE
2023-01-02 16:20:44.397 UTC [TRACE] steampipe-plugin-hackernews.plugin: [TRACE] initialise table hackernews_user
2023-01-02 16:20:44.397 UTC [TRACE] steampipe-plugin-hackernews.plugin: [TRACE] no DefaultRetryConfig defined - creating empty
2023-01-02 16:20:44.397 UTC [TRACE] steampipe-plugin-hackernews.plugin: [TRACE] no DefaultIgnoreConfig defined - creating empty
2023-01-02 16:20:44.397 UTC [TRACE] steampipe-plugin-hackernews.plugin: [TRACE] apply plugin defaults for DefaultRetryConfig
2023-01-02 16:20:44.397 UTC [TRACE] steampipe-plugin-hackernews.plugin: [TRACE] apply plugin defaults for DefaultIgnoreConfig, table &{<nil> <nil>} plugin &{<nil> <nil>}
2023-01-02 16:20:44.397 UTC [TRACE] steampipe-plugin-hackernews.plugin: [TRACE] DefaultRetryConfig:
2023-01-02 16:20:44.397 UTC [TRACE] steampipe-plugin-hackernews.plugin: [TRACE] DefaultIgnoreConfig:
2023-01-02 16:20:44.397 UTC [TRACE] steampipe-plugin-hackernews.plugin: [TRACE] t.List.initialise
2023-01-02 16:20:44.397 UTC [TRACE] steampipe-plugin-hackernews.plugin: [TRACE] ListConfig.initialise table hackernews_user
2023-01-02 16:20:44.397 UTC [TRACE] steampipe-plugin-hackernews.plugin: [TRACE] ListConfig.initialise complete: RetryConfig: , IgnoreConfig
2023-01-02 16:20:44.397 UTC [TRACE] steampipe-plugin-hackernews.plugin: [TRACE] back from initialiseHydrateConfigs
2023-01-02 16:20:44.397 UTC [TRACE] steampipe-plugin-hackernews.plugin: [TRACE] initialise table hackernews_user COMPLETE
2023-01-02 16:20:44.397 UTC [TRACE] steampipe-plugin-hackernews.plugin: [TRACE] initialise table hackernews_ask_hn
2023-01-02 16:20:44.397 UTC [TRACE] steampipe-plugin-hackernews.plugin: [TRACE] no DefaultRetryConfig defined - creating empty
2023-01-02 16:20:44.397 UTC [TRACE] steampipe-plugin-hackernews.plugin: [TRACE] no DefaultIgnoreConfig defined - creating empty
2023-01-02 16:20:44.397 UTC [TRACE] steampipe-plugin-hackernews.plugin: [TRACE] apply plugin defaults for DefaultRetryConfig
2023-01-02 16:20:44.397 UTC [TRACE] steampipe-plugin-hackernews.plugin: [TRACE] apply plugin defaults for DefaultIgnoreConfig, table &{<nil> <nil>} plugin &{<nil> <nil>}
2023-01-02 16:20:44.397 UTC [TRACE] steampipe-plugin-hackernews.plugin: [TRACE] DefaultRetryConfig:
2023-01-02 16:20:44.397 UTC [TRACE] steampipe-plugin-hackernews.plugin: [TRACE] DefaultIgnoreConfig:
2023-01-02 16:20:44.397 UTC [TRACE] steampipe-plugin-hackernews.plugin: [TRACE] t.Get.initialise
2023-01-02 16:20:44.397 UTC [TRACE] steampipe-plugin-hackernews.plugin: [TRACE] GetConfig.initialise table hackernews_ask_hn
2023-01-02 16:20:44.397 UTC [TRACE] steampipe-plugin-hackernews.plugin: [TRACE] GetConfig.initialise complete: RetryConfig: , IgnoreConfig:
2023-01-02 16:20:44.397 UTC [TRACE] steampipe-plugin-hackernews.plugin: [TRACE] t.List.initialise
2023-01-02 16:20:44.397 UTC [TRACE] steampipe-plugin-hackernews.plugin: [TRACE] ListConfig.initialise table hackernews_ask_hn
2023-01-02 16:20:44.397 UTC [TRACE] steampipe-plugin-hackernews.plugin: [TRACE] ListConfig.initialise complete: RetryConfig: , IgnoreConfig
2023-01-02 16:20:44.397 UTC [TRACE] steampipe-plugin-hackernews.plugin: [TRACE] HydrateConfig.initialise func getItem, table hackernews_ask_hn
2023-01-02 16:20:44.397 UTC [TRACE] steampipe-plugin-hackernews.plugin: [TRACE] HydrateConfig.initialise complete: RetryConfig: , IgnoreConfig:
2023-01-02 16:20:44.397 UTC [TRACE] steampipe-plugin-hackernews.plugin: [TRACE] back from initialiseHydrateConfigs
2023-01-02 16:20:44.397 UTC [TRACE] steampipe-plugin-hackernews.plugin: [TRACE] initialise table hackernews_ask_hn COMPLETE
2023-01-02 16:20:44.397 UTC [TRACE] steampipe-plugin-hackernews.plugin: [TRACE] initialise table hackernews_best
2023-01-02 16:20:44.397 UTC [TRACE] steampipe-plugin-hackernews.plugin: [TRACE] no DefaultRetryConfig defined - creating empty
2023-01-02 16:20:44.397 UTC [TRACE] steampipe-plugin-hackernews.plugin: [TRACE] no DefaultIgnoreConfig defined - creating empty
2023-01-02 16:20:44.397 UTC [TRACE] steampipe-plugin-hackernews.plugin: [TRACE] apply plugin defaults for DefaultRetryConfig
2023-01-02 16:20:44.397 UTC [TRACE] steampipe-plugin-hackernews.plugin: [TRACE] apply plugin defaults for DefaultIgnoreConfig, table &{<nil> <nil>} plugin &{<nil> <nil>}
2023-01-02 16:20:44.397 UTC [TRACE] steampipe-plugin-hackernews.plugin: [TRACE] DefaultRetryConfig:
2023-01-02 16:20:44.397 UTC [TRACE] steampipe-plugin-hackernews.plugin: [TRACE] DefaultIgnoreConfig:
2023-01-02 16:20:44.397 UTC [TRACE] steampipe-plugin-hackernews.plugin: [TRACE] t.Get.initialise
2023-01-02 16:20:44.397 UTC [TRACE] steampipe-plugin-hackernews.plugin: [TRACE] GetConfig.initialise table hackernews_best
2023-01-02 16:20:44.397 UTC [TRACE] steampipe-plugin-hackernews.plugin: [TRACE] GetConfig.initialise complete: RetryConfig: , IgnoreConfig:
2023-01-02 16:20:44.397 UTC [TRACE] steampipe-plugin-hackernews.plugin: [TRACE] t.List.initialise
2023-01-02 16:20:44.397 UTC [TRACE] steampipe-plugin-hackernews.plugin: [TRACE] ListConfig.initialise table hackernews_best
2023-01-02 16:20:44.397 UTC [TRACE] steampipe-plugin-hackernews.plugin: [TRACE] ListConfig.initialise complete: RetryConfig: , IgnoreConfig
2023-01-02 16:20:44.397 UTC [TRACE] steampipe-plugin-hackernews.plugin: [TRACE] HydrateConfig.initialise func getItem, table hackernews_best
2023-01-02 16:20:44.397 UTC [TRACE] steampipe-plugin-hackernews.plugin: [TRACE] HydrateConfig.initialise complete: RetryConfig: , IgnoreConfig:
2023-01-02 16:20:44.397 UTC [TRACE] steampipe-plugin-hackernews.plugin: [TRACE] back from initialiseHydrateConfigs
2023-01-02 16:20:44.397 UTC [TRACE] steampipe-plugin-hackernews.plugin: [TRACE] initialise table hackernews_best COMPLETE
2023-01-02 16:20:44.397 UTC [TRACE] steampipe-plugin-hackernews.plugin: [TRACE] validate plugin steampipe-plugin-hackernews, required columns []
2023-01-02 16:20:44.397 UTC [TRACE] steampipe-plugin-hackernews.plugin: [TRACE] validate DefaultRetryConfig
2023-01-02 16:20:44.397 UTC [TRACE] steampipe-plugin-hackernews.plugin: [TRACE] validate DefaultIgnoreConfig
2023-01-02 16:20:44.397 UTC [TRACE] steampipe-plugin-hackernews.plugin: [TRACE] validate table names
2023-01-02 16:20:44.397 UTC [TRACE] steampipe-plugin-hackernews.plugin: [TRACE] plugin has 0 validation errors
2023-01-02 16:20:44.397 UTC [TRACE] steampipe-plugin-hackernews.plugin: [TRACE] Plugin ensureCache creating cache, maxCacheStorageMb 0
2023-01-02 16:20:44.397 UTC [TRACE] steampipe-plugin-hackernews.plugin: [TRACE] createCacheStore for plugin 'steampipe-plugin-hackernews' setting max size to 0Mb, Shards: 2, max shard size: 0
2023-01-02 16:20:44.412 UTC [INFO]  steampipe-plugin-hackernews.plugin: [INFO]  query cache created
2023-01-02 16:20:44.412 UTC [DEBUG] steampipe-plugin-hackernews.plugin: [DEBUG] SetAllConnectionConfigs finished
2023-01-02 16:20:44.412 UTC [TRACE] PluginManager getPlugin complete, returning reattach config with PID: 2169
2023-01-02 16:20:44.413 UTC [TRACE] PluginManager Get returning reattach_map:{key:"hackernews" value:{protocol:"grpc" addr:{Network:"unix" Address:"/tmp/plugin4200502938"} pid:2169 supported_operations:{query_cache:true multiple_connections:true} connections:"hackernews" plugin:"hub.steampipe.io/plugins/turbot/hackernews@latest"}}
2023-01-02 16:20:44.422 UTC [INFO]  steampipe-plugin-hackernews.plugin: [INFO]  1672676444157: Plugin Execute (1672676444157)
2023-01-02 16:20:44.422 UTC [TRACE] steampipe-plugin-hackernews.plugin: [TRACE] 1672676444157: No memory limit set
2023-01-02 16:20:44.422 UTC [INFO]  steampipe-plugin-hackernews.plugin: [INFO]  1672676444157: Plugin Execute, setting memory limit to -1Mb
2023-01-02 16:20:44.422 UTC [TRACE] steampipe-plugin-hackernews.plugin: [TRACE] 1672676444157: calling ExtractContextFromCarrier
2023-01-02 16:20:44.422 UTC [INFO]  steampipe-plugin-hackernews.plugin: [INFO]  1672676444157: Setting max concurrent connections to 25
2023-01-02 16:20:44.422 UTC [TRACE] steampipe-plugin-hackernews.plugin: [TRACE] 1672676444157: executeForConnection callId: 1672676444157, connectionCallId: hackernews-1672676444157, connection: hackernews table: hackernews_new cols: id,title,time,by,score,dead,deleted,descendants,kids,parent,parts,poll,text,type,url,_ctx
2023-01-02 16:20:44.422 UTC [TRACE] steampipe-plugin-hackernews.plugin: [TRACE] 1672676444157: got connection data
2023-01-02 16:20:44.422 UTC [TRACE] steampipe-plugin-hackernews.plugin: [TRACE] 1672676444157: Got query context, table: hackernews_new, cols: [id title time by score dead deleted descendants kids parent parts poll text type url _ctx]
2023-01-02 16:20:44.422 UTC [TRACE] steampipe-plugin-hackernews.plugin: [TRACE] 1672676444157: Start execute span
2023-01-02 16:20:44.422 UTC [INFO]  steampipe-plugin-hackernews.plugin: [INFO]  1672676444157: Setting free memory interval to 100 rows
2023-01-02 16:20:44.422 UTC [TRACE] steampipe-plugin-hackernews.plugin: [TRACE] 1672676444157: setFetchType map[time:quals:{fieldName:"time"  string_value:">"  value:{timestamp_value:{seconds:1672672844  nanos:284856000}}}]
2023-01-02 16:20:44.422 UTC [TRACE] steampipe-plugin-hackernews.plugin: [TRACE] 1672676444157: getMatchingQuals column:'id' operator: =
2023-01-02 16:20:44.422 UTC [TRACE] steampipe-plugin-hackernews.plugin: [TRACE] 1672676444157: getMatchingQuals returning false - qualMap does not contain any quals for column id
2023-01-02 16:20:44.422 UTC [TRACE] steampipe-plugin-hackernews.plugin: [TRACE] 1672676444157: GetUnsatisfiedKeyColumns for columns column:'id' operator: =
2023-01-02 16:20:44.422 UTC [TRACE] steampipe-plugin-hackernews.plugin: [TRACE] 1672676444157: key column NOT satisfied column:'id' operator: =
2023-01-02 16:20:44.422 UTC [TRACE] steampipe-plugin-hackernews.plugin: [TRACE] 1672676444157: satisfied: map[any_of: optional: required:]
2023-01-02 16:20:44.422 UTC [TRACE] steampipe-plugin-hackernews.plugin: [TRACE] 1672676444157: unsatisfied: map[any_of: optional: required:column:'id' operator: =]
2023-01-02 16:20:44.422 UTC [TRACE] steampipe-plugin-hackernews.plugin: [TRACE] 1672676444157: unsatisfied required KeyColumns: column:'id' operator: =
2023-01-02 16:20:44.422 UTC [TRACE] steampipe-plugin-hackernews.plugin: [TRACE] 1672676444157: Set fetchType to fetchTypeList
2023-01-02 16:20:44.422 UTC [TRACE] steampipe-plugin-hackernews.plugin: [TRACE] 1672676444157: Equals key column quals:
2023-01-02 16:20:44.422 UTC [DEBUG] steampipe-plugin-hackernews.plugin: {}
2023-01-02 16:20:44.422 UTC [TRACE] steampipe-plugin-hackernews.plugin: [TRACE] 1672676444157: All key column quals:
2023-01-02 16:20:44.422 UTC [DEBUG] steampipe-plugin-hackernews.plugin: {}
2023-01-02 16:20:44.422 UTC [TRACE] steampipe-plugin-hackernews.plugin: [TRACE] 1672676444157: GetMatrixItem
2023-01-02 16:20:44.422 UTC [TRACE] steampipe-plugin-hackernews.plugin: [TRACE] 1672676444157: creating query data
2023-01-02 16:20:44.422 UTC [INFO]  steampipe-plugin-hackernews.plugin: [INFO]  1672676444157: cacheEnabled, trying cache get (hackernews-1672676444157)
2023-01-02 16:20:44.422 UTC [TRACE] steampipe-plugin-hackernews.plugin: [TRACE] 1672676444157: QueryCache Get - indexBucketKey index__hackernewshackernews_new, quals
2023-01-02 16:20:44.422 UTC [TRACE] steampipe-plugin-hackernews.plugin: [TRACE] 1672676444157: QueryCache getCachedQueryResult - table hackernews_new, connectionName hackernews
2023-01-02 16:20:44.422 UTC [TRACE] steampipe-plugin-hackernews.plugin: [TRACE] 1672676444157: index bucket key: index__hackernewshackernews_new ttlSeconds 300 limit: -1
2023-01-02 16:20:44.422 UTC [TRACE] steampipe-plugin-hackernews.plugin: [TRACE] 1672676444157: doGet cache miss
2023-01-02 16:20:44.422 UTC [TRACE] steampipe-plugin-hackernews.plugin: [TRACE] 1672676444157: getCachedIndexBucket - no item retrieved for cache key index__hackernewshackernews_new
2023-01-02 16:20:44.422 UTC [TRACE] steampipe-plugin-hackernews.plugin: [TRACE] 1672676444157: getCachedQueryResult returned CACHE MISS - checking for pending transfers
2023-01-02 16:20:44.422 UTC [TRACE] steampipe-plugin-hackernews.plugin: [TRACE] 1672676444157: getPendingResultItem indexBucketKey index__hackernewshackernews_new, columns [id title time by score dead deleted descendants kids parent parts poll text type url _ctx], limit -1
2023-01-02 16:20:44.422 UTC [TRACE] steampipe-plugin-hackernews.plugin: [TRACE] 1672676444157: no pending index item - add pending result, indexBucketKey index__hackernewshackernews_new
2023-01-02 16:20:44.422 UTC [TRACE] steampipe-plugin-hackernews.plugin: [TRACE] 1672676444157: addPendingResult (hackernews-1672676444157) indexBucketKey index__hackernewshackernews_new, columns [id title time by score dead deleted descendants kids parent parts poll text type url _ctx], limit -1
2023-01-02 16:20:44.422 UTC [TRACE] steampipe-plugin-hackernews.plugin: [TRACE] 1672676444157: no index bucket found - creating one
2023-01-02 16:20:44.422 UTC [TRACE] steampipe-plugin-hackernews.plugin: [TRACE] 1672676444157: pendingIndexItem Lock count before 0
2023-01-02 16:20:44.422 UTC [TRACE] steampipe-plugin-hackernews.plugin: [TRACE] 1672676444157: addPendingResult added pending index item to bucket, (hackernews-1672676444157) indexBucketKey index__hackernewshackernews_new, resultKeyRoot hackernewshackernews_newid,title,time,by,score,dead,deleted,descendants,kids,parent,parts,poll,text,type,url,_ctx-1, pending item : 0xc0003ef1d0
2023-01-02 16:20:44.422 UTC [TRACE] steampipe-plugin-hackernews.plugin: [TRACE] 1672676444157: **** pending items (hackernews-1672676444157)****
2023-01-02 16:20:44.422 UTC [TRACE] steampipe-plugin-hackernews.plugin: [TRACE] 1672676444157: key: index__hackernewshackernews_new: item: 0xc0003ef1d0, count: 1, key:hackernewshackernews_newid,title,time,by,score,dead,deleted,descendants,kids,parent,parts,poll,text,type,url,_ctx-1
2023-01-02 16:20:44.422 UTC [TRACE] steampipe-plugin-hackernews.plugin: [TRACE] 1672676444157: ********
2023-01-02 16:20:44.422 UTC [TRACE] steampipe-plugin-hackernews.plugin: [TRACE] 1672676444157: getPendingResultItem returning <nil>
2023-01-02 16:20:44.422 UTC [INFO]  steampipe-plugin-hackernews.plugin: [INFO]  1672676444157: CACHE MISS
2023-01-02 16:20:44.422 UTC [TRACE] steampipe-plugin-hackernews.plugin: [TRACE] 1672676444157: cache MISS
2023-01-02 16:20:44.422 UTC [INFO]  steampipe-plugin-hackernews.plugin: [INFO]  1672676444157: queryCacheGet returned CACHE MISS (hackernews-1672676444157)
2023-01-02 16:20:44.422 UTC [TRACE] steampipe-plugin-hackernews.plugin: [TRACE] 1672676444157: StartSet (hackernews-1672676444157)
2023-01-02 16:20:44.422 UTC [TRACE] steampipe-plugin-hackernews.plugin: [TRACE] 1672676444157: calling fetchItems, table: hackernews_new, matrixItem: [], limit: -1,  connectionCallId: hackernews-1672676444157"
2023-01-02 16:20:44.422 UTC [TRACE] steampipe-plugin-hackernews.plugin: [TRACE] 1672676444157: buildRowsAsync connectionCallId: hackernews-1672676444157
2023-01-02 16:20:44.422 UTC [TRACE] steampipe-plugin-hackernews.plugin: [TRACE] 1672676444157: streamRows connectionCallId: hackernews-1672676444157
2023-01-02 16:20:44.422 UTC [TRACE] steampipe-plugin-hackernews.plugin: [TRACE] 1672676444157: QueryData streamRows (hackernews-1672676444157)
2023-01-02 16:20:44.422 UTC [TRACE] steampipe-plugin-hackernews.plugin: [TRACE] 1672676444157: executeListCall START (hackernews-1672676444157)
2023-01-02 16:20:44.422 UTC [TRACE] steampipe-plugin-hackernews.plugin: [TRACE] 1672676444157: GetUnsatisfiedKeyColumns for columns
2023-01-02 16:20:44.422 UTC [TRACE] steampipe-plugin-hackernews.plugin: [TRACE] 1672676444157: doList (hackernews-1672676444157)
2023-01-02 16:20:44.422 UTC [TRACE] steampipe-plugin-hackernews.plugin: [TRACE] 1672676444157: doList: no matrix item
2023-01-02 16:20:44.888 UTC [TRACE] stdio: received data: channel=STDOUT len=16
2023-01-02 16:20:44.888 UTC [TRACE] stdio: waiting for stdio data
2023-01-02 16:20:44.974 UTC [TRACE] stdio: received data: channel=STDOUT len=853
2023-01-02 16:20:44.974 UTC [TRACE] stdio: waiting for stdio data
2023-01-02 16:20:45.001 UTC [TRACE] stdio: received data: channel=STDOUT len=287
2023-01-02 16:20:45.001 UTC [TRACE] stdio: waiting for stdio data
2023-01-02 16:20:45.027 UTC [TRACE] stdio: received data: channel=STDOUT len=1024
2023-01-02 16:20:45.027 UTC [TRACE] stdio: waiting for stdio data
2023-01-02 16:20:45.073 UTC [TRACE] stdio: received data: channel=STDOUT len=115
2023-01-02 16:20:45.073 UTC [TRACE] stdio: waiting for stdio data
2023-01-02 16:20:45.134 UTC [TRACE] stdio: received data: channel=STDOUT len=410
2023-01-02 16:20:45.135 UTC [TRACE] stdio: waiting for stdio data
2023-01-02 16:20:45.189 UTC [TRACE] stdio: received data: channel=STDOUT len=676
2023-01-02 16:20:45.189 UTC [TRACE] stdio: waiting for stdio data
2023-01-02 16:20:45.214 UTC [TRACE] stdio: received data: channel=STDOUT len=267
2023-01-02 16:20:45.214 UTC [TRACE] stdio: waiting for stdio data
2023-01-02 16:20:45.214 UTC [TRACE] steampipe-plugin-hackernews.plugin: [TRACE] 1672676444157: QueryData.fetchComplete
2023-01-02 16:20:45.214 UTC [TRACE] steampipe-plugin-hackernews.plugin: [TRACE] 1672676444157: executeListCall COMPLETE (hackernews-1672676444157)
2023-01-02 16:20:45.215 UTC [TRACE] steampipe-plugin-hackernews.plugin: [TRACE] 1672676444157: rowData chan returned nil - wait for rows to complete (hackernews-1672676444157)
2023-01-02 16:20:45.261 UTC [TRACE] stdio: received data: channel=STDOUT len=44
2023-01-02 16:20:45.261 UTC [TRACE] stdio: waiting for stdio data
2023-01-02 16:20:45.267 UTC [TRACE] stdio: received data: channel=STDOUT len=18
2023-01-02 16:20:45.267 UTC [TRACE] stdio: waiting for stdio data
2023-01-02 16:20:45.340 UTC [TRACE] stdio: received data: channel=STDOUT len=140
2023-01-02 16:20:45.340 UTC [TRACE] stdio: waiting for stdio data
2023-01-02 16:20:45.347 UTC [TRACE] stdio: received data: channel=STDOUT len=162
2023-01-02 16:20:45.347 UTC [TRACE] stdio: waiting for stdio data
2023-01-02 16:20:45.354 UTC [TRACE] stdio: received data: channel=STDOUT len=184
2023-01-02 16:20:45.354 UTC [TRACE] stdio: waiting for stdio data
2023-01-02 16:20:45.355 UTC [TRACE] stdio: received data: channel=STDOUT len=54
2023-01-02 16:20:45.355 UTC [TRACE] stdio: waiting for stdio data
2023-01-02 16:20:45.370 UTC [TRACE] stdio: received data: channel=STDOUT len=17
2023-01-02 16:20:45.370 UTC [TRACE] stdio: waiting for stdio data
2023-01-02 16:20:45.373 UTC [TRACE] stdio: received data: channel=STDOUT len=90
2023-01-02 16:20:45.373 UTC [TRACE] stdio: waiting for stdio data
2023-01-02 16:20:45.376 UTC [TRACE] stdio: received data: channel=STDOUT len=66
2023-01-02 16:20:45.376 UTC [TRACE] stdio: waiting for stdio data
2023-01-02 16:20:45.386 UTC [TRACE] stdio: received data: channel=STDOUT len=184
2023-01-02 16:20:45.386 UTC [TRACE] stdio: waiting for stdio data
2023-01-02 16:20:45.387 UTC [TRACE] stdio: received data: channel=STDOUT len=45
2023-01-02 16:20:45.387 UTC [TRACE] stdio: waiting for stdio data
2023-01-02 16:20:45.387 UTC [TRACE] steampipe-plugin-hackernews.plugin: [TRACE] 1672676444157: buildRowsAsync goroutine returning (hackernews-1672676444157)
2023-01-02 16:20:45.387 UTC [TRACE] steampipe-plugin-hackernews.plugin: [TRACE] 1672676444157: streamRows - nil row, stop streaming (hackernews-1672676444157)
2023-01-02 16:20:45.387 UTC [TRACE] steampipe-plugin-hackernews.plugin: [TRACE] 1672676444157: ------------------------------------
2023-01-02 16:20:45.387 UTC [TRACE] steampipe-plugin-hackernews.plugin: [TRACE] 1672676444157: Concurrency Summary
2023-01-02 16:20:45.387 UTC [TRACE] steampipe-plugin-hackernews.plugin: [TRACE] 1672676444157: ------------------------------------
2023-01-02 16:20:45.387 UTC [TRACE] steampipe-plugin-hackernews.plugin: [TRACE] 1672676444157: getItem                       : 200
2023-01-02 16:20:45.387 UTC [TRACE] steampipe-plugin-hackernews.plugin: [TRACE] 1672676444157: ------------------------------------
2023-01-02 16:20:45.387 UTC [TRACE] steampipe-plugin-hackernews.plugin: [TRACE] 1672676444157: Total                         : 200
2023-01-02 16:20:45.387 UTC [TRACE] steampipe-plugin-hackernews.plugin: [TRACE] 1672676444157: ------------------------------------
2023-01-02 16:20:45.387 UTC [TRACE] steampipe-plugin-hackernews.plugin: [TRACE] 1672676444157: QueryData streamRows DONE (hackernews-1672676444157)
2023-01-02 16:20:45.387 UTC [TRACE] steampipe-plugin-hackernews.plugin: [TRACE] 1672676444157: EndSet (hackernews-1672676444157) table hackernews_new
2023-01-02 16:20:45.387 UTC [TRACE] steampipe-plugin-hackernews.plugin: [TRACE] 1672676444157: QueryCache writePageToCache: 500 rows, pageCount 1, page key hackernewshackernews_newid,title,time,by,score,dead,deleted,descendants,kids,parent,parts,poll,text,type,url,_ctx-1-0
2023-01-02 16:20:45.397 UTC [TRACE] steampipe-plugin-hackernews.plugin: [TRACE] 1672676444157: writePageToCache Set - result written
2023-01-02 16:20:45.397 UTC [TRACE] steampipe-plugin-hackernews.plugin: [TRACE] 1672676444157: QueryCache EndSet - result written
2023-01-02 16:20:45.397 UTC [TRACE] steampipe-plugin-hackernews.plugin: [TRACE] 1672676444157: doGet cache miss
2023-01-02 16:20:45.397 UTC [TRACE] steampipe-plugin-hackernews.plugin: [TRACE] 1672676444157: getCachedIndexBucket - no item retrieved for cache key index__hackernewshackernews_new
2023-01-02 16:20:45.397 UTC [TRACE] steampipe-plugin-hackernews.plugin: [TRACE] 1672676444157: getCachedIndexBucket returned cache miss
2023-01-02 16:20:45.397 UTC [TRACE] steampipe-plugin-hackernews.plugin: [TRACE] 1672676444157: QueryCache EndSet - Added index item (0xc01afefd40) to bucket (0xc01acc1608), page count 1,  key root hackernewshackernews_newid,title,time,by,score,dead,deleted,descendants,kids,parent,parts,poll,text,type,url,_ctx-1
2023-01-02 16:20:45.397 UTC [TRACE] steampipe-plugin-hackernews.plugin: [TRACE] 1672676444157: cacheSetIndexBucket index__hackernewshackernews_new
2023-01-02 16:20:45.397 UTC [TRACE] steampipe-plugin-hackernews.plugin: [TRACE] 1672676444157: QueryCache EndSet - IndexBucket written
2023-01-02 16:20:45.397 UTC [TRACE] steampipe-plugin-hackernews.plugin: [TRACE] 1672676444157: EndSet DEFER (hackernews-1672676444157) table hackernews_new
2023-01-02 16:20:45.397 UTC [TRACE] steampipe-plugin-hackernews.plugin: [TRACE] 1672676444157: calling pendingItemComplete (hackernews-1672676444157)
2023-01-02 16:20:45.397 UTC [TRACE] steampipe-plugin-hackernews.plugin: [TRACE] 1672676444157: pendingItemComplete (hackernews-1672676444157) indexBucketKey index__hackernewshackernews_new, columns [id title time by score dead deleted descendants kids parent parts poll text type url _ctx], limit -1
2023-01-02 16:20:45.397 UTC [TRACE] steampipe-plugin-hackernews.plugin: [TRACE] 1672676444157: got pending index bucket, (hackernews-1672676444157) len 1
2023-01-02 16:20:45.397 UTC [TRACE] steampipe-plugin-hackernews.plugin: [TRACE] 1672676444157: SatisfiesLimit limit -1, no item limit - satisfied
2023-01-02 16:20:45.397 UTC [TRACE] steampipe-plugin-hackernews.plugin: [TRACE] 1672676444157: found pending index item to satisfy columns id,title,time,by,score,dead,deleted,descendants,kids,parent,parts,poll,text,type,url,_ctx, limit -1
2023-01-02 16:20:45.397 UTC [TRACE] steampipe-plugin-hackernews.plugin: [TRACE] 1672676444157: found completed pending item (hackernews-1672676444157) 0xc0003ef1d0, key hackernewshackernews_newid,title,time,by,score,dead,deleted,descendants,kids,parent,parts,poll,text,type,url,_ctx-1 - removing from map as it is complete
2023-01-02 16:20:45.397 UTC [TRACE] steampipe-plugin-hackernews.plugin: [TRACE] 1672676444157: pendingIndexItem Unlock count before 1 key hackernewshackernews_newid,title,time,by,score,dead,deleted,descendants,kids,parent,parts,poll,text,type,url,_ctx-1
2023-01-02 16:20:45.397 UTC [TRACE] steampipe-plugin-hackernews.plugin: [TRACE] 1672676444157: deleted from pending, (hackernews-1672676444157) len 0
2023-01-02 16:20:45.397 UTC [TRACE] steampipe-plugin-hackernews.plugin: [TRACE] 1672676444157: pending bucket now empty - deleting key index__hackernewshackernews_new
2023-01-02 16:20:45.397 UTC [TRACE] steampipe-plugin-hackernews.plugin: [TRACE] 1672676444157: pendingItemComplete done (hackernews-1672676444157)
2023-01-02 16:20:45.397 UTC [TRACE] steampipe-plugin-hackernews.plugin: [TRACE] 1672676444157: cache set succeeded
2023-01-02 16:20:45.397 UTC [TRACE] steampipe-plugin-hackernews.plugin: [TRACE] 1672676444157: End execute span
2023-01-02 16:20:45.397 UTC [TRACE] steampipe-plugin-hackernews.plugin: [TRACE] 1672676444157: executeForConnection DEFER (hackernews-1672676444157)
2023-01-02 16:20:45.397 UTC [TRACE] steampipe-plugin-hackernews.plugin: [TRACE] 1672676444157: Execute complete callId: hackernews-1672676444157 table: hackernews_new
2023-01-02 16:20:45.397 UTC [TRACE] steampipe-plugin-hackernews.plugin: [TRACE] 1672676444157: executeForConnection hackernews returned
2023-01-02 16:20:45.397 UTC [TRACE] steampipe-plugin-hackernews.plugin: [TRACE] 1672676444157: output wg complete - send nil row
2023-01-02 16:20:45.397 UTC [TRACE] steampipe-plugin-hackernews.plugin: [TRACE] 1672676444157: empty row on output channel - we are done
2023-01-02 16:20:45.397 UTC [INFO]  steampipe-plugin-hackernews.plugin: [INFO]  1672676444157: Plugin Execute complete (1672676444157)
2023-01-02 16:20:45.466 UTC [TRACE] PluginManager Shutdown
2023-01-02 16:20:45.466 UTC [TRACE] killing plugin csv (2144)
2023-01-02 16:20:45.467 UTC [TRACE] steampipe-plugin-csv.plugin: [TRACE] FLUSHING instrumentation
2023-01-02 16:20:45.467 UTC [TRACE] steampipe-plugin-csv.plugin: [TRACE] Shutdown instrumentation
2023-01-02 16:20:45.467 UTC [DEBUG] stdio: received EOF, stopping recv loop: err="rpc error: code = Unavailable desc = error reading from server: EOF"
2023-01-02 16:20:45.468 UTC [INFO]  plugin process exited: path=/home/runner/.steampipe/plugins/hub.steampipe.io/plugins/turbot/csv@latest/steampipe-plugin-csv.plugin pid=2144
2023-01-02 16:20:45.469 UTC [DEBUG] plugin exited
2023-01-02 16:20:45.469 UTC [TRACE] killing plugin hackernews (2169)
2023-01-02 16:20:45.469 UTC [TRACE] steampipe-plugin-hackernews.plugin: [TRACE] 1672676444157: FLUSHING instrumentation
2023-01-02 16:20:45.469 UTC [TRACE] steampipe-plugin-hackernews.plugin: [TRACE] 1672676444157: Shutdown instrumentation
2023-01-02 16:20:45.469 UTC [DEBUG] stdio: received EOF, stopping recv loop: err="rpc error: code = Unavailable desc = error reading from server: EOF"
2023-01-02 16:20:45.472 UTC [INFO]  plugin process exited: path=/home/runner/.steampipe/plugins/hub.steampipe.io/plugins/turbot/hackernews@latest/steampipe-plugin-hackernews.plugin pid=2169
2023-01-02 16:20:45.472 UTC [DEBUG] plugin exited
2023-01-02 16:20:52.273 UTC [WARN]  steampipe-plugin-csv.plugin: [WARN]  1672676452841: getKeyColumnsForTable found no schema for table '/home/runner/work/steampipe-samples/steampipe-samples/all/hackernews/hn.csv'
2023-01-02 16:21:33.345 UTC [WARN]  steampipe-plugin-csv.plugin: [WARN]  1672676493470: getKeyColumnsForTable found no schema for table '/home/runner/work/steampipe-samples/steampipe-samples/all/hackernews/hn.csv'
2023-01-02 16:24:30.236 UTC [ERROR] steampipe-plugin-csv.plugin: [ERROR] csv.tableCSV: header_parse_error=EOF path=/home/runner/work/steampipe-samples/steampipe-samples/all/hackernews/new_sc.csv header=[]
2023-01-02 16:24:30.236 UTC [ERROR] steampipe-plugin-csv.plugin: [ERROR] csv.PluginTables: create_table_error="failed to parse file header /home/runner/work/steampipe-samples/steampipe-samples/all/hackernews/new_sc.csv: EOF" path=/home/runner/work/steampipe-samples/steampipe-samples/all/hackernews/new_sc.csv
2023-01-02 16:24:30.236 UTC [WARN]  failed to set connection config: failed to parse file header /home/runner/work/steampipe-samples/steampipe-samples/all/hackernews/new_sc.csv: EOF
2023-01-02 16:24:31.826 UTC [WARN]  steampipe-plugin-csv.plugin: [WARN]  1672676671746: getKeyColumnsForTable found no schema for table '/home/runner/work/steampipe-samples/steampipe-samples/all/hackernews/new_sc.csv'
2023-01-02 16:24:40.273 UTC [ERROR] steampipe-plugin-csv.plugin: [ERROR] csv.tableCSV: header_parse_error=EOF path=/home/runner/work/steampipe-samples/steampipe-samples/all/hackernews/hn_items_all.csv header=[]
2023-01-02 16:24:40.273 UTC [ERROR] steampipe-plugin-csv.plugin: [ERROR] csv.PluginTables: create_table_error="failed to parse file header /home/runner/work/steampipe-samples/steampipe-samples/all/hackernews/hn_items_all.csv: EOF" path=/home/runner/work/steampipe-samples/steampipe-samples/all/hackernews/hn_items_all.csv
2023-01-02 16:24:40.273 UTC [WARN]  failed to set connection config: failed to parse file header /home/runner/work/steampipe-samples/steampipe-samples/all/hackernews/hn_items_all.csv: EOF
2023-01-02 16:24:42.011 UTC [ERROR] steampipe-plugin-csv.plugin: [ERROR] csv.tableCSV: header_parse_error=EOF path=/home/runner/work/steampipe-samples/steampipe-samples/all/hackernews/people.csv header=[]
2023-01-02 16:24:42.011 UTC [ERROR] steampipe-plugin-csv.plugin: [ERROR] csv.PluginTables: create_table_error="failed to parse file header /home/runner/work/steampipe-samples/steampipe-samples/all/hackernews/people.csv: EOF" path=/home/runner/work/steampipe-samples/steampipe-samples/all/hackernews/people.csv
2023-01-02 16:24:42.012 UTC [WARN]  failed to set connection config: failed to parse file header /home/runner/work/steampipe-samples/steampipe-samples/all/hackernews/people.csv: EOF
