2023-01-13 01:49:18.504 UTC [INFO]  starting plugin manager
2023-01-13 01:49:18.504 UTC [TRACE] loaded config map: github,hackernews,net,csv
2023-01-13 01:49:18.504 UTC [TRACE] NewPluginManager
2023-01-13 01:49:18.505 UTC [TRACE] PluginManager setPluginCacheSizeMap: 4 connections.
2023-01-13 01:49:18.505 UTC [TRACE] Total cache size 0Mb
2023-01-13 01:49:18.505 UTC [INFO]  starting connection watcher
2023-01-13 01:49:18.505 UTC [INFO]  created ConnectionWatcher
2023-01-13 01:49:18.505 UTC [TRACE] about to serve
2023-01-13 01:49:18.562 UTC [TRACE] PluginManager Get, connections: '[csv]'
2023-01-13 01:49:18.562 UTC [TRACE] PluginManager getPlugin hub.steampipe.io/plugins/turbot/csv@latest connection 'csv'
2023-01-13 01:49:18.563 UTC [TRACE] PluginManager 0xc0006f1ea0 plugin hub.steampipe.io/plugins/turbot/csv@latest (csv) NOT started or starting - start now
2023-01-13 01:49:18.563 UTC [TRACE] ************ start plugin csv ********************
2023-01-13 01:49:18.563 UTC [TRACE] ************ plugin path /home/runner/.steampipe/plugins/hub.steampipe.io/plugins/turbot/csv@latest/steampipe-plugin-csv.plugin ********************
2023-01-13 01:49:18.623 UTC [DEBUG] starting plugin: path=/home/runner/.steampipe/plugins/hub.steampipe.io/plugins/turbot/csv@latest/steampipe-plugin-csv.plugin args=["/home/runner/.steampipe/plugins/hub.steampipe.io/plugins/turbot/csv@latest/steampipe-plugin-csv.plugin"]
2023-01-13 01:49:18.623 UTC [DEBUG] plugin started: path=/home/runner/.steampipe/plugins/hub.steampipe.io/plugins/turbot/csv@latest/steampipe-plugin-csv.plugin pid=2008
2023-01-13 01:49:18.623 UTC [DEBUG] waiting for RPC address: path=/home/runner/.steampipe/plugins/hub.steampipe.io/plugins/turbot/csv@latest/steampipe-plugin-csv.plugin
2023-01-13 01:49:18.631 UTC [INFO]  steampipe-plugin-csv.plugin: [INFO]  Initialise plugin 'steampipe-plugin-csv', using sdk version 4.1.8
2023-01-13 01:49:18.631 UTC [TRACE] steampipe-plugin-csv.plugin: [TRACE] no DefaultRetryConfig defined - creating empty
2023-01-13 01:49:18.631 UTC [TRACE] steampipe-plugin-csv.plugin: [TRACE] no DefaultIgnoreConfig defined - creating empty
2023-01-13 01:49:18.631 UTC [TRACE] steampipe-plugin-csv.plugin: [TRACE] telemetry.Init service 'steampipe-plugin-csv', tracingEnabled: false, metricsEnabled: false
2023-01-13 01:49:18.631 UTC [TRACE] steampipe-plugin-csv.plugin: [TRACE] metrics and tracing disabled' - returning
2023-01-13 01:49:18.632 UTC [DEBUG] steampipe-plugin-csv.plugin: plugin address: address=/tmp/plugin3244968121 network=unix timestamp=2023-01-13T01:49:18.632Z
2023-01-13 01:49:18.632 UTC [DEBUG] using plugin: version=0
2023-01-13 01:49:18.632 UTC [TRACE] NewPluginClient for plugin hub.steampipe.io/plugins/turbot/csv@latest
2023-01-13 01:49:18.634 UTC [TRACE] stdio: waiting for stdio data
2023-01-13 01:49:18.634 UTC [TRACE] supportedOperations: query_cache:true multiple_connections:true
2023-01-13 01:49:18.635 UTC [TRACE] steampipe-plugin-csv.plugin: [TRACE] SetAllConnectionConfigs setting 1 configs
2023-01-13 01:49:18.635 UTC [TRACE] steampipe-plugin-csv.plugin: [TRACE] connection csv build schema and table map
2023-01-13 01:49:18.635 UTC [DEBUG] steampipe-plugin-csv.plugin: [DEBUG] csv.tableCSV: path=/home/runner/work/steampipe-samples/steampipe-samples/all/hackernews/hn_items_all.csv detected_encoding=Unknown
2023-01-13 01:49:18.635 UTC [DEBUG] steampipe-plugin-csv.plugin: [DEBUG] csv.tableCSV: path=/home/runner/work/steampipe-samples/steampipe-samples/all/hackernews/new_sc.csv detected_encoding=Unknown
2023-01-13 01:49:18.635 UTC [DEBUG] steampipe-plugin-csv.plugin: [DEBUG] csv.tableCSV: path=/home/runner/work/steampipe-samples/steampipe-samples/all/hackernews/people.csv detected_encoding=Unknown
2023-01-13 01:49:18.635 UTC [TRACE] steampipe-plugin-csv.plugin: [TRACE] initialise table /home/runner/work/steampipe-samples/steampipe-samples/all/hackernews/hn_items_all.csv
2023-01-13 01:49:18.635 UTC [TRACE] steampipe-plugin-csv.plugin: [TRACE] no DefaultRetryConfig defined - creating empty
2023-01-13 01:49:18.635 UTC [TRACE] steampipe-plugin-csv.plugin: [TRACE] no DefaultIgnoreConfig defined - creating empty
2023-01-13 01:49:18.635 UTC [TRACE] steampipe-plugin-csv.plugin: [TRACE] apply plugin defaults for DefaultRetryConfig
2023-01-13 01:49:18.635 UTC [TRACE] steampipe-plugin-csv.plugin: [TRACE] apply plugin defaults for DefaultIgnoreConfig, table &{<nil> <nil>} plugin &{<nil> <nil>}
2023-01-13 01:49:18.635 UTC [TRACE] steampipe-plugin-csv.plugin: [TRACE] DefaultRetryConfig:
2023-01-13 01:49:18.635 UTC [TRACE] steampipe-plugin-csv.plugin: [TRACE] DefaultIgnoreConfig:
2023-01-13 01:49:18.635 UTC [TRACE] steampipe-plugin-csv.plugin: [TRACE] t.List.initialise
2023-01-13 01:49:18.635 UTC [TRACE] steampipe-plugin-csv.plugin: [TRACE] ListConfig.initialise table /home/runner/work/steampipe-samples/steampipe-samples/all/hackernews/hn_items_all.csv
2023-01-13 01:49:18.635 UTC [TRACE] steampipe-plugin-csv.plugin: [TRACE] ListConfig.initialise complete: RetryConfig: , IgnoreConfig
2023-01-13 01:49:18.635 UTC [TRACE] steampipe-plugin-csv.plugin: [TRACE] back from initialiseHydrateConfigs
2023-01-13 01:49:18.635 UTC [TRACE] steampipe-plugin-csv.plugin: [TRACE] initialise table /home/runner/work/steampipe-samples/steampipe-samples/all/hackernews/hn_items_all.csv COMPLETE
2023-01-13 01:49:18.635 UTC [TRACE] steampipe-plugin-csv.plugin: [TRACE] initialise table /home/runner/work/steampipe-samples/steampipe-samples/all/hackernews/new_sc.csv
2023-01-13 01:49:18.635 UTC [TRACE] steampipe-plugin-csv.plugin: [TRACE] no DefaultRetryConfig defined - creating empty
2023-01-13 01:49:18.635 UTC [TRACE] steampipe-plugin-csv.plugin: [TRACE] no DefaultIgnoreConfig defined - creating empty
2023-01-13 01:49:18.635 UTC [TRACE] steampipe-plugin-csv.plugin: [TRACE] apply plugin defaults for DefaultRetryConfig
2023-01-13 01:49:18.635 UTC [TRACE] steampipe-plugin-csv.plugin: [TRACE] apply plugin defaults for DefaultIgnoreConfig, table &{<nil> <nil>} plugin &{<nil> <nil>}
2023-01-13 01:49:18.635 UTC [TRACE] steampipe-plugin-csv.plugin: [TRACE] DefaultRetryConfig:
2023-01-13 01:49:18.635 UTC [TRACE] steampipe-plugin-csv.plugin: [TRACE] DefaultIgnoreConfig:
2023-01-13 01:49:18.635 UTC [TRACE] steampipe-plugin-csv.plugin: [TRACE] t.List.initialise
2023-01-13 01:49:18.635 UTC [TRACE] steampipe-plugin-csv.plugin: [TRACE] ListConfig.initialise table /home/runner/work/steampipe-samples/steampipe-samples/all/hackernews/new_sc.csv
2023-01-13 01:49:18.635 UTC [TRACE] steampipe-plugin-csv.plugin: [TRACE] ListConfig.initialise complete: RetryConfig: , IgnoreConfig
2023-01-13 01:49:18.635 UTC [TRACE] steampipe-plugin-csv.plugin: [TRACE] back from initialiseHydrateConfigs
2023-01-13 01:49:18.635 UTC [TRACE] steampipe-plugin-csv.plugin: [TRACE] initialise table /home/runner/work/steampipe-samples/steampipe-samples/all/hackernews/new_sc.csv COMPLETE
2023-01-13 01:49:18.635 UTC [TRACE] steampipe-plugin-csv.plugin: [TRACE] initialise table /home/runner/work/steampipe-samples/steampipe-samples/all/hackernews/people.csv
2023-01-13 01:49:18.635 UTC [TRACE] steampipe-plugin-csv.plugin: [TRACE] no DefaultRetryConfig defined - creating empty
2023-01-13 01:49:18.635 UTC [TRACE] steampipe-plugin-csv.plugin: [TRACE] no DefaultIgnoreConfig defined - creating empty
2023-01-13 01:49:18.635 UTC [TRACE] steampipe-plugin-csv.plugin: [TRACE] apply plugin defaults for DefaultRetryConfig
2023-01-13 01:49:18.635 UTC [TRACE] steampipe-plugin-csv.plugin: [TRACE] apply plugin defaults for DefaultIgnoreConfig, table &{<nil> <nil>} plugin &{<nil> <nil>}
2023-01-13 01:49:18.635 UTC [TRACE] steampipe-plugin-csv.plugin: [TRACE] DefaultRetryConfig:
2023-01-13 01:49:18.635 UTC [TRACE] steampipe-plugin-csv.plugin: [TRACE] DefaultIgnoreConfig:
2023-01-13 01:49:18.635 UTC [TRACE] steampipe-plugin-csv.plugin: [TRACE] t.List.initialise
2023-01-13 01:49:18.635 UTC [TRACE] steampipe-plugin-csv.plugin: [TRACE] ListConfig.initialise table /home/runner/work/steampipe-samples/steampipe-samples/all/hackernews/people.csv
2023-01-13 01:49:18.635 UTC [TRACE] steampipe-plugin-csv.plugin: [TRACE] ListConfig.initialise complete: RetryConfig: , IgnoreConfig
2023-01-13 01:49:18.635 UTC [TRACE] steampipe-plugin-csv.plugin: [TRACE] back from initialiseHydrateConfigs
2023-01-13 01:49:18.635 UTC [TRACE] steampipe-plugin-csv.plugin: [TRACE] initialise table /home/runner/work/steampipe-samples/steampipe-samples/all/hackernews/people.csv COMPLETE
2023-01-13 01:49:18.635 UTC [TRACE] steampipe-plugin-csv.plugin: [TRACE] validate plugin steampipe-plugin-csv, required columns []
2023-01-13 01:49:18.635 UTC [TRACE] steampipe-plugin-csv.plugin: [TRACE] validate DefaultRetryConfig
2023-01-13 01:49:18.635 UTC [TRACE] steampipe-plugin-csv.plugin: [TRACE] validate DefaultIgnoreConfig
2023-01-13 01:49:18.635 UTC [TRACE] steampipe-plugin-csv.plugin: [TRACE] validate table names
2023-01-13 01:49:18.635 UTC [TRACE] steampipe-plugin-csv.plugin: [TRACE] plugin has 0 validation errors
2023-01-13 01:49:18.635 UTC [TRACE] steampipe-plugin-csv.plugin: [TRACE] Plugin ensureCache creating cache, maxCacheStorageMb 0
2023-01-13 01:49:18.635 UTC [TRACE] steampipe-plugin-csv.plugin: [TRACE] createCacheStore for plugin 'steampipe-plugin-csv' setting max size to 0Mb, Shards: 2, max shard size: 0
2023-01-13 01:49:18.648 UTC [INFO]  steampipe-plugin-csv.plugin: [INFO]  query cache created
2023-01-13 01:49:18.648 UTC [DEBUG] steampipe-plugin-csv.plugin: [DEBUG] SetAllConnectionConfigs finished
2023-01-13 01:49:18.649 UTC [TRACE] PluginManager getPlugin complete, returning reattach config with PID: 2008
2023-01-13 01:49:18.649 UTC [TRACE] PluginManager Get returning reattach_map:{key:"csv" value:{protocol:"grpc" addr:{Network:"unix" Address:"/tmp/plugin3244968121"} pid:2008 supported_operations:{query_cache:true multiple_connections:true} connections:"csv" plugin:"hub.steampipe.io/plugins/turbot/csv@latest"}}
2023-01-13 01:49:18.732 UTC [TRACE] PluginManager Get, connections: '[csv]'
2023-01-13 01:49:18.732 UTC [TRACE] PluginManager getPlugin hub.steampipe.io/plugins/turbot/csv@latest connection 'csv'
2023-01-13 01:49:18.732 UTC [TRACE] connection csv found in connectionPluginMap
2023-01-13 01:49:18.732 UTC [TRACE] initialized: 2008
2023-01-13 01:49:18.732 UTC [TRACE] initialized: 2008
2023-01-13 01:49:18.732 UTC [TRACE] connection csv is loaded, check for running PID
2023-01-13 01:49:18.733 UTC [TRACE] PluginManager found 'csv' in map, pid 2008
2023-01-13 01:49:18.733 UTC [TRACE] PluginManager Get returning reattach_map:{key:"csv" value:{protocol:"grpc" addr:{Network:"unix" Address:"/tmp/plugin3244968121"} pid:2008 supported_operations:{query_cache:true multiple_connections:true} connections:"csv" plugin:"hub.steampipe.io/plugins/turbot/csv@latest"}}
2023-01-13 01:49:18.883 UTC [TRACE] PluginManager Get, connections: '[hackernews]'
2023-01-13 01:49:18.883 UTC [TRACE] PluginManager getPlugin hub.steampipe.io/plugins/turbot/hackernews@latest connection 'hackernews'
2023-01-13 01:49:18.883 UTC [TRACE] PluginManager 0xc0006f1ea0 plugin hub.steampipe.io/plugins/turbot/hackernews@latest (hackernews) NOT started or starting - start now
2023-01-13 01:49:18.883 UTC [TRACE] ************ start plugin hackernews ********************
2023-01-13 01:49:18.883 UTC [TRACE] ************ plugin path /home/runner/.steampipe/plugins/hub.steampipe.io/plugins/turbot/hackernews@latest/steampipe-plugin-hackernews.plugin ********************
2023-01-13 01:49:18.946 UTC [DEBUG] starting plugin: path=/home/runner/.steampipe/plugins/hub.steampipe.io/plugins/turbot/hackernews@latest/steampipe-plugin-hackernews.plugin args=["/home/runner/.steampipe/plugins/hub.steampipe.io/plugins/turbot/hackernews@latest/steampipe-plugin-hackernews.plugin"]
2023-01-13 01:49:18.946 UTC [DEBUG] plugin started: path=/home/runner/.steampipe/plugins/hub.steampipe.io/plugins/turbot/hackernews@latest/steampipe-plugin-hackernews.plugin pid=2030
2023-01-13 01:49:18.946 UTC [DEBUG] waiting for RPC address: path=/home/runner/.steampipe/plugins/hub.steampipe.io/plugins/turbot/hackernews@latest/steampipe-plugin-hackernews.plugin
2023-01-13 01:49:18.954 UTC [INFO]  steampipe-plugin-hackernews.plugin: [INFO]  Initialise plugin 'steampipe-plugin-hackernews', using sdk version 4.1.7
2023-01-13 01:49:18.954 UTC [TRACE] steampipe-plugin-hackernews.plugin: [TRACE] defaulting SchemaMode to SchemaModeStatic
2023-01-13 01:49:18.954 UTC [TRACE] steampipe-plugin-hackernews.plugin: [TRACE] no DefaultRetryConfig defined - creating empty
2023-01-13 01:49:18.954 UTC [TRACE] steampipe-plugin-hackernews.plugin: [TRACE] no DefaultIgnoreConfig defined - creating empty
2023-01-13 01:49:18.954 UTC [TRACE] steampipe-plugin-hackernews.plugin: [TRACE] Setting Ulimit: ulimit=2560
2023-01-13 01:49:18.954 UTC [TRACE] steampipe-plugin-hackernews.plugin: [TRACE] telemetry.Init service 'steampipe-plugin-hackernews', tracingEnabled: false, metricsEnabled: false
2023-01-13 01:49:18.954 UTC [TRACE] steampipe-plugin-hackernews.plugin: [TRACE] metrics and tracing disabled' - returning
2023-01-13 01:49:18.955 UTC [DEBUG] steampipe-plugin-hackernews.plugin: plugin address: address=/tmp/plugin1136967812 network=unix timestamp=2023-01-13T01:49:18.955Z
2023-01-13 01:49:18.955 UTC [DEBUG] using plugin: version=0
2023-01-13 01:49:18.955 UTC [TRACE] NewPluginClient for plugin hub.steampipe.io/plugins/turbot/hackernews@latest
2023-01-13 01:49:18.956 UTC [TRACE] stdio: waiting for stdio data
2023-01-13 01:49:18.957 UTC [TRACE] supportedOperations: query_cache:true multiple_connections:true
2023-01-13 01:49:18.957 UTC [TRACE] steampipe-plugin-hackernews.plugin: [TRACE] SetAllConnectionConfigs setting 1 configs
2023-01-13 01:49:18.957 UTC [TRACE] steampipe-plugin-hackernews.plugin: [TRACE] connection hackernews build schema and table map
2023-01-13 01:49:18.957 UTC [TRACE] steampipe-plugin-hackernews.plugin: [TRACE] initialise table hackernews_show_hn
2023-01-13 01:49:18.957 UTC [TRACE] steampipe-plugin-hackernews.plugin: [TRACE] no DefaultRetryConfig defined - creating empty
2023-01-13 01:49:18.957 UTC [TRACE] steampipe-plugin-hackernews.plugin: [TRACE] no DefaultIgnoreConfig defined - creating empty
2023-01-13 01:49:18.957 UTC [TRACE] steampipe-plugin-hackernews.plugin: [TRACE] apply plugin defaults for DefaultRetryConfig
2023-01-13 01:49:18.957 UTC [TRACE] steampipe-plugin-hackernews.plugin: [TRACE] apply plugin defaults for DefaultIgnoreConfig, table &{<nil> <nil>} plugin &{<nil> <nil>}
2023-01-13 01:49:18.957 UTC [TRACE] steampipe-plugin-hackernews.plugin: [TRACE] DefaultRetryConfig:
2023-01-13 01:49:18.957 UTC [TRACE] steampipe-plugin-hackernews.plugin: [TRACE] DefaultIgnoreConfig:
2023-01-13 01:49:18.957 UTC [TRACE] steampipe-plugin-hackernews.plugin: [TRACE] t.Get.initialise
2023-01-13 01:49:18.957 UTC [TRACE] steampipe-plugin-hackernews.plugin: [TRACE] GetConfig.initialise table hackernews_show_hn
2023-01-13 01:49:18.957 UTC [TRACE] steampipe-plugin-hackernews.plugin: [TRACE] GetConfig.initialise complete: RetryConfig: , IgnoreConfig:
2023-01-13 01:49:18.957 UTC [TRACE] steampipe-plugin-hackernews.plugin: [TRACE] t.List.initialise
2023-01-13 01:49:18.957 UTC [TRACE] steampipe-plugin-hackernews.plugin: [TRACE] ListConfig.initialise table hackernews_show_hn
2023-01-13 01:49:18.957 UTC [TRACE] steampipe-plugin-hackernews.plugin: [TRACE] ListConfig.initialise complete: RetryConfig: , IgnoreConfig
2023-01-13 01:49:18.957 UTC [TRACE] steampipe-plugin-hackernews.plugin: [TRACE] HydrateConfig.initialise func getItem, table hackernews_show_hn
2023-01-13 01:49:18.958 UTC [TRACE] steampipe-plugin-hackernews.plugin: [TRACE] HydrateConfig.initialise complete: RetryConfig: , IgnoreConfig:
2023-01-13 01:49:18.958 UTC [TRACE] steampipe-plugin-hackernews.plugin: [TRACE] back from initialiseHydrateConfigs
2023-01-13 01:49:18.958 UTC [TRACE] steampipe-plugin-hackernews.plugin: [TRACE] initialise table hackernews_show_hn COMPLETE
2023-01-13 01:49:18.958 UTC [TRACE] steampipe-plugin-hackernews.plugin: [TRACE] initialise table hackernews_top
2023-01-13 01:49:18.958 UTC [TRACE] steampipe-plugin-hackernews.plugin: [TRACE] no DefaultRetryConfig defined - creating empty
2023-01-13 01:49:18.958 UTC [TRACE] steampipe-plugin-hackernews.plugin: [TRACE] no DefaultIgnoreConfig defined - creating empty
2023-01-13 01:49:18.958 UTC [TRACE] steampipe-plugin-hackernews.plugin: [TRACE] apply plugin defaults for DefaultRetryConfig
2023-01-13 01:49:18.958 UTC [TRACE] steampipe-plugin-hackernews.plugin: [TRACE] apply plugin defaults for DefaultIgnoreConfig, table &{<nil> <nil>} plugin &{<nil> <nil>}
2023-01-13 01:49:18.958 UTC [TRACE] steampipe-plugin-hackernews.plugin: [TRACE] DefaultRetryConfig:
2023-01-13 01:49:18.958 UTC [TRACE] steampipe-plugin-hackernews.plugin: [TRACE] DefaultIgnoreConfig:
2023-01-13 01:49:18.958 UTC [TRACE] steampipe-plugin-hackernews.plugin: [TRACE] t.Get.initialise
2023-01-13 01:49:18.958 UTC [TRACE] steampipe-plugin-hackernews.plugin: [TRACE] GetConfig.initialise table hackernews_top
2023-01-13 01:49:18.958 UTC [TRACE] steampipe-plugin-hackernews.plugin: [TRACE] GetConfig.initialise complete: RetryConfig: , IgnoreConfig:
2023-01-13 01:49:18.958 UTC [TRACE] steampipe-plugin-hackernews.plugin: [TRACE] t.List.initialise
2023-01-13 01:49:18.958 UTC [TRACE] steampipe-plugin-hackernews.plugin: [TRACE] ListConfig.initialise table hackernews_top
2023-01-13 01:49:18.958 UTC [TRACE] steampipe-plugin-hackernews.plugin: [TRACE] ListConfig.initialise complete: RetryConfig: , IgnoreConfig
2023-01-13 01:49:18.958 UTC [TRACE] steampipe-plugin-hackernews.plugin: [TRACE] HydrateConfig.initialise func getItem, table hackernews_top
2023-01-13 01:49:18.958 UTC [TRACE] steampipe-plugin-hackernews.plugin: [TRACE] HydrateConfig.initialise complete: RetryConfig: , IgnoreConfig:
2023-01-13 01:49:18.958 UTC [TRACE] steampipe-plugin-hackernews.plugin: [TRACE] back from initialiseHydrateConfigs
2023-01-13 01:49:18.958 UTC [TRACE] steampipe-plugin-hackernews.plugin: [TRACE] initialise table hackernews_top COMPLETE
2023-01-13 01:49:18.958 UTC [TRACE] steampipe-plugin-hackernews.plugin: [TRACE] initialise table hackernews_user
2023-01-13 01:49:18.958 UTC [TRACE] steampipe-plugin-hackernews.plugin: [TRACE] no DefaultRetryConfig defined - creating empty
2023-01-13 01:49:18.958 UTC [TRACE] steampipe-plugin-hackernews.plugin: [TRACE] no DefaultIgnoreConfig defined - creating empty
2023-01-13 01:49:18.958 UTC [TRACE] steampipe-plugin-hackernews.plugin: [TRACE] apply plugin defaults for DefaultRetryConfig
2023-01-13 01:49:18.958 UTC [TRACE] steampipe-plugin-hackernews.plugin: [TRACE] apply plugin defaults for DefaultIgnoreConfig, table &{<nil> <nil>} plugin &{<nil> <nil>}
2023-01-13 01:49:18.958 UTC [TRACE] steampipe-plugin-hackernews.plugin: [TRACE] DefaultRetryConfig:
2023-01-13 01:49:18.958 UTC [TRACE] steampipe-plugin-hackernews.plugin: [TRACE] DefaultIgnoreConfig:
2023-01-13 01:49:18.958 UTC [TRACE] steampipe-plugin-hackernews.plugin: [TRACE] t.List.initialise
2023-01-13 01:49:18.958 UTC [TRACE] steampipe-plugin-hackernews.plugin: [TRACE] ListConfig.initialise table hackernews_user
2023-01-13 01:49:18.958 UTC [TRACE] steampipe-plugin-hackernews.plugin: [TRACE] ListConfig.initialise complete: RetryConfig: , IgnoreConfig
2023-01-13 01:49:18.958 UTC [TRACE] steampipe-plugin-hackernews.plugin: [TRACE] back from initialiseHydrateConfigs
2023-01-13 01:49:18.958 UTC [TRACE] steampipe-plugin-hackernews.plugin: [TRACE] initialise table hackernews_user COMPLETE
2023-01-13 01:49:18.958 UTC [TRACE] steampipe-plugin-hackernews.plugin: [TRACE] initialise table hackernews_ask_hn
2023-01-13 01:49:18.958 UTC [TRACE] steampipe-plugin-hackernews.plugin: [TRACE] no DefaultRetryConfig defined - creating empty
2023-01-13 01:49:18.958 UTC [TRACE] steampipe-plugin-hackernews.plugin: [TRACE] no DefaultIgnoreConfig defined - creating empty
2023-01-13 01:49:18.958 UTC [TRACE] steampipe-plugin-hackernews.plugin: [TRACE] apply plugin defaults for DefaultRetryConfig
2023-01-13 01:49:18.958 UTC [TRACE] steampipe-plugin-hackernews.plugin: [TRACE] apply plugin defaults for DefaultIgnoreConfig, table &{<nil> <nil>} plugin &{<nil> <nil>}
2023-01-13 01:49:18.958 UTC [TRACE] steampipe-plugin-hackernews.plugin: [TRACE] DefaultRetryConfig:
2023-01-13 01:49:18.958 UTC [TRACE] steampipe-plugin-hackernews.plugin: [TRACE] DefaultIgnoreConfig:
2023-01-13 01:49:18.958 UTC [TRACE] steampipe-plugin-hackernews.plugin: [TRACE] t.Get.initialise
2023-01-13 01:49:18.958 UTC [TRACE] steampipe-plugin-hackernews.plugin: [TRACE] GetConfig.initialise table hackernews_ask_hn
2023-01-13 01:49:18.958 UTC [TRACE] steampipe-plugin-hackernews.plugin: [TRACE] GetConfig.initialise complete: RetryConfig: , IgnoreConfig:
2023-01-13 01:49:18.958 UTC [TRACE] steampipe-plugin-hackernews.plugin: [TRACE] t.List.initialise
2023-01-13 01:49:18.958 UTC [TRACE] steampipe-plugin-hackernews.plugin: [TRACE] ListConfig.initialise table hackernews_ask_hn
2023-01-13 01:49:18.958 UTC [TRACE] steampipe-plugin-hackernews.plugin: [TRACE] ListConfig.initialise complete: RetryConfig: , IgnoreConfig
2023-01-13 01:49:18.958 UTC [TRACE] steampipe-plugin-hackernews.plugin: [TRACE] HydrateConfig.initialise func getItem, table hackernews_ask_hn
2023-01-13 01:49:18.958 UTC [TRACE] steampipe-plugin-hackernews.plugin: [TRACE] HydrateConfig.initialise complete: RetryConfig: , IgnoreConfig:
2023-01-13 01:49:18.958 UTC [TRACE] steampipe-plugin-hackernews.plugin: [TRACE] back from initialiseHydrateConfigs
2023-01-13 01:49:18.958 UTC [TRACE] steampipe-plugin-hackernews.plugin: [TRACE] initialise table hackernews_ask_hn COMPLETE
2023-01-13 01:49:18.958 UTC [TRACE] steampipe-plugin-hackernews.plugin: [TRACE] initialise table hackernews_best
2023-01-13 01:49:18.958 UTC [TRACE] steampipe-plugin-hackernews.plugin: [TRACE] no DefaultRetryConfig defined - creating empty
2023-01-13 01:49:18.958 UTC [TRACE] steampipe-plugin-hackernews.plugin: [TRACE] no DefaultIgnoreConfig defined - creating empty
2023-01-13 01:49:18.958 UTC [TRACE] steampipe-plugin-hackernews.plugin: [TRACE] apply plugin defaults for DefaultRetryConfig
2023-01-13 01:49:18.958 UTC [TRACE] steampipe-plugin-hackernews.plugin: [TRACE] apply plugin defaults for DefaultIgnoreConfig, table &{<nil> <nil>} plugin &{<nil> <nil>}
2023-01-13 01:49:18.958 UTC [TRACE] steampipe-plugin-hackernews.plugin: [TRACE] DefaultRetryConfig:
2023-01-13 01:49:18.958 UTC [TRACE] steampipe-plugin-hackernews.plugin: [TRACE] DefaultIgnoreConfig:
2023-01-13 01:49:18.959 UTC [TRACE] steampipe-plugin-hackernews.plugin: [TRACE] t.Get.initialise
2023-01-13 01:49:18.959 UTC [TRACE] steampipe-plugin-hackernews.plugin: [TRACE] GetConfig.initialise table hackernews_best
2023-01-13 01:49:18.959 UTC [TRACE] steampipe-plugin-hackernews.plugin: [TRACE] GetConfig.initialise complete: RetryConfig: , IgnoreConfig:
2023-01-13 01:49:18.959 UTC [TRACE] steampipe-plugin-hackernews.plugin: [TRACE] t.List.initialise
2023-01-13 01:49:18.959 UTC [TRACE] steampipe-plugin-hackernews.plugin: [TRACE] ListConfig.initialise table hackernews_best
2023-01-13 01:49:18.959 UTC [TRACE] steampipe-plugin-hackernews.plugin: [TRACE] ListConfig.initialise complete: RetryConfig: , IgnoreConfig
2023-01-13 01:49:18.959 UTC [TRACE] steampipe-plugin-hackernews.plugin: [TRACE] HydrateConfig.initialise func getItem, table hackernews_best
2023-01-13 01:49:18.959 UTC [TRACE] steampipe-plugin-hackernews.plugin: [TRACE] HydrateConfig.initialise complete: RetryConfig: , IgnoreConfig:
2023-01-13 01:49:18.959 UTC [TRACE] steampipe-plugin-hackernews.plugin: [TRACE] back from initialiseHydrateConfigs
2023-01-13 01:49:18.959 UTC [TRACE] steampipe-plugin-hackernews.plugin: [TRACE] initialise table hackernews_best COMPLETE
2023-01-13 01:49:18.959 UTC [TRACE] steampipe-plugin-hackernews.plugin: [TRACE] initialise table hackernews_item
2023-01-13 01:49:18.959 UTC [TRACE] steampipe-plugin-hackernews.plugin: [TRACE] no DefaultRetryConfig defined - creating empty
2023-01-13 01:49:18.959 UTC [TRACE] steampipe-plugin-hackernews.plugin: [TRACE] no DefaultIgnoreConfig defined - creating empty
2023-01-13 01:49:18.959 UTC [TRACE] steampipe-plugin-hackernews.plugin: [TRACE] apply plugin defaults for DefaultRetryConfig
2023-01-13 01:49:18.959 UTC [TRACE] steampipe-plugin-hackernews.plugin: [TRACE] apply plugin defaults for DefaultIgnoreConfig, table &{<nil> <nil>} plugin &{<nil> <nil>}
2023-01-13 01:49:18.959 UTC [TRACE] steampipe-plugin-hackernews.plugin: [TRACE] DefaultRetryConfig:
2023-01-13 01:49:18.959 UTC [TRACE] steampipe-plugin-hackernews.plugin: [TRACE] DefaultIgnoreConfig:
2023-01-13 01:49:18.959 UTC [TRACE] steampipe-plugin-hackernews.plugin: [TRACE] t.Get.initialise
2023-01-13 01:49:18.959 UTC [TRACE] steampipe-plugin-hackernews.plugin: [TRACE] GetConfig.initialise table hackernews_item
2023-01-13 01:49:18.959 UTC [TRACE] steampipe-plugin-hackernews.plugin: [TRACE] GetConfig.initialise complete: RetryConfig: , IgnoreConfig:
2023-01-13 01:49:18.959 UTC [TRACE] steampipe-plugin-hackernews.plugin: [TRACE] t.List.initialise
2023-01-13 01:49:18.959 UTC [TRACE] steampipe-plugin-hackernews.plugin: [TRACE] ListConfig.initialise table hackernews_item
2023-01-13 01:49:18.959 UTC [TRACE] steampipe-plugin-hackernews.plugin: [TRACE] ListConfig.initialise complete: RetryConfig: , IgnoreConfig
2023-01-13 01:49:18.959 UTC [TRACE] steampipe-plugin-hackernews.plugin: [TRACE] HydrateConfig.initialise func getItem, table hackernews_item
2023-01-13 01:49:18.959 UTC [TRACE] steampipe-plugin-hackernews.plugin: [TRACE] HydrateConfig.initialise complete: RetryConfig: , IgnoreConfig:
2023-01-13 01:49:18.959 UTC [TRACE] steampipe-plugin-hackernews.plugin: [TRACE] back from initialiseHydrateConfigs
2023-01-13 01:49:18.959 UTC [TRACE] steampipe-plugin-hackernews.plugin: [TRACE] initialise table hackernews_item COMPLETE
2023-01-13 01:49:18.959 UTC [TRACE] steampipe-plugin-hackernews.plugin: [TRACE] initialise table hackernews_job
2023-01-13 01:49:18.959 UTC [TRACE] steampipe-plugin-hackernews.plugin: [TRACE] no DefaultRetryConfig defined - creating empty
2023-01-13 01:49:18.959 UTC [TRACE] steampipe-plugin-hackernews.plugin: [TRACE] no DefaultIgnoreConfig defined - creating empty
2023-01-13 01:49:18.959 UTC [TRACE] steampipe-plugin-hackernews.plugin: [TRACE] apply plugin defaults for DefaultRetryConfig
2023-01-13 01:49:18.959 UTC [TRACE] steampipe-plugin-hackernews.plugin: [TRACE] apply plugin defaults for DefaultIgnoreConfig, table &{<nil> <nil>} plugin &{<nil> <nil>}
2023-01-13 01:49:18.959 UTC [TRACE] steampipe-plugin-hackernews.plugin: [TRACE] DefaultRetryConfig:
2023-01-13 01:49:18.959 UTC [TRACE] steampipe-plugin-hackernews.plugin: [TRACE] DefaultIgnoreConfig:
2023-01-13 01:49:18.959 UTC [TRACE] steampipe-plugin-hackernews.plugin: [TRACE] t.Get.initialise
2023-01-13 01:49:18.959 UTC [TRACE] steampipe-plugin-hackernews.plugin: [TRACE] GetConfig.initialise table hackernews_job
2023-01-13 01:49:18.959 UTC [TRACE] steampipe-plugin-hackernews.plugin: [TRACE] GetConfig.initialise complete: RetryConfig: , IgnoreConfig:
2023-01-13 01:49:18.959 UTC [TRACE] steampipe-plugin-hackernews.plugin: [TRACE] t.List.initialise
2023-01-13 01:49:18.959 UTC [TRACE] steampipe-plugin-hackernews.plugin: [TRACE] ListConfig.initialise table hackernews_job
2023-01-13 01:49:18.959 UTC [TRACE] steampipe-plugin-hackernews.plugin: [TRACE] ListConfig.initialise complete: RetryConfig: , IgnoreConfig
2023-01-13 01:49:18.959 UTC [TRACE] steampipe-plugin-hackernews.plugin: [TRACE] HydrateConfig.initialise func getItem, table hackernews_job
2023-01-13 01:49:18.959 UTC [TRACE] steampipe-plugin-hackernews.plugin: [TRACE] HydrateConfig.initialise complete: RetryConfig: , IgnoreConfig:
2023-01-13 01:49:18.959 UTC [TRACE] steampipe-plugin-hackernews.plugin: [TRACE] back from initialiseHydrateConfigs
2023-01-13 01:49:18.959 UTC [TRACE] steampipe-plugin-hackernews.plugin: [TRACE] initialise table hackernews_job COMPLETE
2023-01-13 01:49:18.959 UTC [TRACE] steampipe-plugin-hackernews.plugin: [TRACE] initialise table hackernews_new
2023-01-13 01:49:18.959 UTC [TRACE] steampipe-plugin-hackernews.plugin: [TRACE] no DefaultRetryConfig defined - creating empty
2023-01-13 01:49:18.959 UTC [TRACE] steampipe-plugin-hackernews.plugin: [TRACE] no DefaultIgnoreConfig defined - creating empty
2023-01-13 01:49:18.959 UTC [TRACE] steampipe-plugin-hackernews.plugin: [TRACE] apply plugin defaults for DefaultRetryConfig
2023-01-13 01:49:18.959 UTC [TRACE] steampipe-plugin-hackernews.plugin: [TRACE] apply plugin defaults for DefaultIgnoreConfig, table &{<nil> <nil>} plugin &{<nil> <nil>}
2023-01-13 01:49:18.959 UTC [TRACE] steampipe-plugin-hackernews.plugin: [TRACE] DefaultRetryConfig:
2023-01-13 01:49:18.959 UTC [TRACE] steampipe-plugin-hackernews.plugin: [TRACE] DefaultIgnoreConfig:
2023-01-13 01:49:18.959 UTC [TRACE] steampipe-plugin-hackernews.plugin: [TRACE] t.Get.initialise
2023-01-13 01:49:18.959 UTC [TRACE] steampipe-plugin-hackernews.plugin: [TRACE] GetConfig.initialise table hackernews_new
2023-01-13 01:49:18.959 UTC [TRACE] steampipe-plugin-hackernews.plugin: [TRACE] GetConfig.initialise complete: RetryConfig: , IgnoreConfig:
2023-01-13 01:49:18.959 UTC [TRACE] steampipe-plugin-hackernews.plugin: [TRACE] t.List.initialise
2023-01-13 01:49:18.959 UTC [TRACE] steampipe-plugin-hackernews.plugin: [TRACE] ListConfig.initialise table hackernews_new
2023-01-13 01:49:18.959 UTC [TRACE] steampipe-plugin-hackernews.plugin: [TRACE] ListConfig.initialise complete: RetryConfig: , IgnoreConfig
2023-01-13 01:49:18.959 UTC [TRACE] steampipe-plugin-hackernews.plugin: [TRACE] HydrateConfig.initialise func getItem, table hackernews_new
2023-01-13 01:49:18.960 UTC [TRACE] steampipe-plugin-hackernews.plugin: [TRACE] HydrateConfig.initialise complete: RetryConfig: , IgnoreConfig:
2023-01-13 01:49:18.960 UTC [TRACE] steampipe-plugin-hackernews.plugin: [TRACE] back from initialiseHydrateConfigs
2023-01-13 01:49:18.960 UTC [TRACE] steampipe-plugin-hackernews.plugin: [TRACE] initialise table hackernews_new COMPLETE
2023-01-13 01:49:18.960 UTC [TRACE] steampipe-plugin-hackernews.plugin: [TRACE] validate plugin steampipe-plugin-hackernews, required columns []
2023-01-13 01:49:18.960 UTC [TRACE] steampipe-plugin-hackernews.plugin: [TRACE] validate DefaultRetryConfig
2023-01-13 01:49:18.960 UTC [TRACE] steampipe-plugin-hackernews.plugin: [TRACE] validate DefaultIgnoreConfig
2023-01-13 01:49:18.960 UTC [TRACE] steampipe-plugin-hackernews.plugin: [TRACE] validate table names
2023-01-13 01:49:18.960 UTC [TRACE] steampipe-plugin-hackernews.plugin: [TRACE] plugin has 0 validation errors
2023-01-13 01:49:18.960 UTC [TRACE] steampipe-plugin-hackernews.plugin: [TRACE] Plugin ensureCache creating cache, maxCacheStorageMb 0
2023-01-13 01:49:18.960 UTC [TRACE] steampipe-plugin-hackernews.plugin: [TRACE] createCacheStore for plugin 'steampipe-plugin-hackernews' setting max size to 0Mb, Shards: 2, max shard size: 0
2023-01-13 01:49:18.973 UTC [INFO]  steampipe-plugin-hackernews.plugin: [INFO]  query cache created
2023-01-13 01:49:18.973 UTC [DEBUG] steampipe-plugin-hackernews.plugin: [DEBUG] SetAllConnectionConfigs finished
2023-01-13 01:49:18.974 UTC [TRACE] PluginManager getPlugin complete, returning reattach config with PID: 2030
2023-01-13 01:49:18.974 UTC [TRACE] PluginManager Get returning reattach_map:{key:"hackernews" value:{protocol:"grpc" addr:{Network:"unix" Address:"/tmp/plugin1136967812"} pid:2030 supported_operations:{query_cache:true multiple_connections:true} connections:"hackernews" plugin:"hub.steampipe.io/plugins/turbot/hackernews@latest"}}
2023-01-13 01:49:18.982 UTC [INFO]  steampipe-plugin-hackernews.plugin: [INFO]  1673574558503: Plugin Execute (1673574558503)
2023-01-13 01:49:18.982 UTC [TRACE] steampipe-plugin-hackernews.plugin: [TRACE] 1673574558503: No memory limit set
2023-01-13 01:49:18.982 UTC [INFO]  steampipe-plugin-hackernews.plugin: [INFO]  1673574558503: Plugin Execute, setting memory limit to -1Mb
2023-01-13 01:49:18.982 UTC [TRACE] steampipe-plugin-hackernews.plugin: [TRACE] 1673574558503: calling ExtractContextFromCarrier
2023-01-13 01:49:18.982 UTC [INFO]  steampipe-plugin-hackernews.plugin: [INFO]  1673574558503: Setting max concurrent connections to 25
2023-01-13 01:49:18.982 UTC [TRACE] steampipe-plugin-hackernews.plugin: [TRACE] 1673574558503: executeForConnection callId: 1673574558503, connectionCallId: hackernews-1673574558503, connection: hackernews table: hackernews_new cols: id,title,time,by,score,dead,deleted,descendants,kids,parent,parts,poll,text,type,url,_ctx
2023-01-13 01:49:18.982 UTC [TRACE] steampipe-plugin-hackernews.plugin: [TRACE] 1673574558503: got connection data
2023-01-13 01:49:18.982 UTC [TRACE] steampipe-plugin-hackernews.plugin: [TRACE] 1673574558503: Got query context, table: hackernews_new, cols: [id title time by score dead deleted descendants kids parent parts poll text type url _ctx]
2023-01-13 01:49:18.982 UTC [TRACE] steampipe-plugin-hackernews.plugin: [TRACE] 1673574558503: Start execute span
2023-01-13 01:49:18.982 UTC [INFO]  steampipe-plugin-hackernews.plugin: [INFO]  1673574558503: Setting free memory interval to 100 rows
2023-01-13 01:49:18.982 UTC [TRACE] steampipe-plugin-hackernews.plugin: [TRACE] 1673574558503: setFetchType map[time:quals:{fieldName:"time"  string_value:">"  value:{timestamp_value:{seconds:1673570958  nanos:863142000}}}]
2023-01-13 01:49:18.983 UTC [TRACE] steampipe-plugin-hackernews.plugin: [TRACE] 1673574558503: getMatchingQuals column:'id' operator: =
2023-01-13 01:49:18.983 UTC [TRACE] steampipe-plugin-hackernews.plugin: [TRACE] 1673574558503: getMatchingQuals returning false - qualMap does not contain any quals for column id
2023-01-13 01:49:18.983 UTC [TRACE] steampipe-plugin-hackernews.plugin: [TRACE] 1673574558503: GetUnsatisfiedKeyColumns for columns column:'id' operator: =
2023-01-13 01:49:18.984 UTC [TRACE] steampipe-plugin-hackernews.plugin: [TRACE] 1673574558503: key column NOT satisfied column:'id' operator: =
2023-01-13 01:49:18.984 UTC [TRACE] steampipe-plugin-hackernews.plugin: [TRACE] 1673574558503: satisfied: map[any_of: optional: required:]
2023-01-13 01:49:18.984 UTC [TRACE] steampipe-plugin-hackernews.plugin: [TRACE] 1673574558503: unsatisfied: map[any_of: optional: required:column:'id' operator: =]
2023-01-13 01:49:18.985 UTC [TRACE] steampipe-plugin-hackernews.plugin: [TRACE] 1673574558503: unsatisfied required KeyColumns: column:'id' operator: =
2023-01-13 01:49:18.985 UTC [TRACE] steampipe-plugin-hackernews.plugin: [TRACE] 1673574558503: Set fetchType to fetchTypeList
2023-01-13 01:49:18.985 UTC [TRACE] steampipe-plugin-hackernews.plugin: [TRACE] 1673574558503: Equals key column quals:
2023-01-13 01:49:18.985 UTC [DEBUG] steampipe-plugin-hackernews.plugin: {}
2023-01-13 01:49:18.985 UTC [TRACE] steampipe-plugin-hackernews.plugin: [TRACE] 1673574558503: All key column quals:
2023-01-13 01:49:18.985 UTC [DEBUG] steampipe-plugin-hackernews.plugin: {}
2023-01-13 01:49:18.985 UTC [TRACE] steampipe-plugin-hackernews.plugin: [TRACE] 1673574558503: GetMatrixItem
2023-01-13 01:49:18.985 UTC [TRACE] steampipe-plugin-hackernews.plugin: [TRACE] 1673574558503: creating query data
2023-01-13 01:49:18.985 UTC [INFO]  steampipe-plugin-hackernews.plugin: [INFO]  1673574558503: cacheEnabled, trying cache get (hackernews-1673574558503)
2023-01-13 01:49:18.985 UTC [TRACE] steampipe-plugin-hackernews.plugin: [TRACE] 1673574558503: QueryCache Get - indexBucketKey index__hackernewshackernews_new, quals
2023-01-13 01:49:18.985 UTC [TRACE] steampipe-plugin-hackernews.plugin: [TRACE] 1673574558503: QueryCache getCachedQueryResult - table hackernews_new, connectionName hackernews
2023-01-13 01:49:18.985 UTC [TRACE] steampipe-plugin-hackernews.plugin: [TRACE] 1673574558503: index bucket key: index__hackernewshackernews_new ttlSeconds 300 limit: -1
2023-01-13 01:49:18.985 UTC [TRACE] steampipe-plugin-hackernews.plugin: [TRACE] 1673574558503: doGet cache miss
2023-01-13 01:49:18.985 UTC [TRACE] steampipe-plugin-hackernews.plugin: [TRACE] 1673574558503: getCachedIndexBucket - no item retrieved for cache key index__hackernewshackernews_new
2023-01-13 01:49:18.985 UTC [TRACE] steampipe-plugin-hackernews.plugin: [TRACE] 1673574558503: getCachedQueryResult returned CACHE MISS - checking for pending transfers
2023-01-13 01:49:18.985 UTC [TRACE] steampipe-plugin-hackernews.plugin: [TRACE] 1673574558503: getPendingResultItem indexBucketKey index__hackernewshackernews_new, columns [id title time by score dead deleted descendants kids parent parts poll text type url _ctx], limit -1
2023-01-13 01:49:18.985 UTC [TRACE] steampipe-plugin-hackernews.plugin: [TRACE] 1673574558503: no pending index item - add pending result, indexBucketKey index__hackernewshackernews_new
2023-01-13 01:49:18.985 UTC [TRACE] steampipe-plugin-hackernews.plugin: [TRACE] 1673574558503: addPendingResult (hackernews-1673574558503) indexBucketKey index__hackernewshackernews_new, columns [id title time by score dead deleted descendants kids parent parts poll text type url _ctx], limit -1
2023-01-13 01:49:18.985 UTC [TRACE] steampipe-plugin-hackernews.plugin: [TRACE] 1673574558503: no index bucket found - creating one
2023-01-13 01:49:18.985 UTC [TRACE] steampipe-plugin-hackernews.plugin: [TRACE] 1673574558503: pendingIndexItem Lock count before 0
2023-01-13 01:49:18.985 UTC [TRACE] steampipe-plugin-hackernews.plugin: [TRACE] 1673574558503: addPendingResult added pending index item to bucket, (hackernews-1673574558503) indexBucketKey index__hackernewshackernews_new, resultKeyRoot hackernewshackernews_newid,title,time,by,score,dead,deleted,descendants,kids,parent,parts,poll,text,type,url,_ctx-1, pending item : 0xc0004602d0
2023-01-13 01:49:18.985 UTC [TRACE] steampipe-plugin-hackernews.plugin: [TRACE] 1673574558503: **** pending items (hackernews-1673574558503)****
2023-01-13 01:49:18.985 UTC [TRACE] steampipe-plugin-hackernews.plugin: [TRACE] 1673574558503: key: index__hackernewshackernews_new: item: 0xc0004602d0, count: 1, key:hackernewshackernews_newid,title,time,by,score,dead,deleted,descendants,kids,parent,parts,poll,text,type,url,_ctx-1
2023-01-13 01:49:18.985 UTC [TRACE] steampipe-plugin-hackernews.plugin: [TRACE] 1673574558503: ********
2023-01-13 01:49:18.985 UTC [TRACE] steampipe-plugin-hackernews.plugin: [TRACE] 1673574558503: getPendingResultItem returning <nil>
2023-01-13 01:49:18.985 UTC [INFO]  steampipe-plugin-hackernews.plugin: [INFO]  1673574558503: CACHE MISS
2023-01-13 01:49:18.985 UTC [TRACE] steampipe-plugin-hackernews.plugin: [TRACE] 1673574558503: cache MISS
2023-01-13 01:49:18.985 UTC [INFO]  steampipe-plugin-hackernews.plugin: [INFO]  1673574558503: queryCacheGet returned CACHE MISS (hackernews-1673574558503)
2023-01-13 01:49:18.985 UTC [TRACE] steampipe-plugin-hackernews.plugin: [TRACE] 1673574558503: StartSet (hackernews-1673574558503)
2023-01-13 01:49:18.985 UTC [TRACE] steampipe-plugin-hackernews.plugin: [TRACE] 1673574558503: calling fetchItems, table: hackernews_new, matrixItem: [], limit: -1,  connectionCallId: hackernews-1673574558503"
2023-01-13 01:49:18.985 UTC [TRACE] steampipe-plugin-hackernews.plugin: [TRACE] 1673574558503: buildRowsAsync connectionCallId: hackernews-1673574558503
2023-01-13 01:49:18.986 UTC [TRACE] steampipe-plugin-hackernews.plugin: [TRACE] 1673574558503: streamRows connectionCallId: hackernews-1673574558503
2023-01-13 01:49:18.986 UTC [TRACE] steampipe-plugin-hackernews.plugin: [TRACE] 1673574558503: QueryData streamRows (hackernews-1673574558503)
2023-01-13 01:49:18.986 UTC [TRACE] steampipe-plugin-hackernews.plugin: [TRACE] 1673574558503: executeListCall START (hackernews-1673574558503)
2023-01-13 01:49:18.986 UTC [TRACE] steampipe-plugin-hackernews.plugin: [TRACE] 1673574558503: GetUnsatisfiedKeyColumns for columns
2023-01-13 01:49:18.986 UTC [TRACE] steampipe-plugin-hackernews.plugin: [TRACE] 1673574558503: doList (hackernews-1673574558503)
2023-01-13 01:49:18.986 UTC [TRACE] steampipe-plugin-hackernews.plugin: [TRACE] 1673574558503: doList: no matrix item
2023-01-13 01:49:19.118 UTC [TRACE] steampipe-plugin-hackernews.plugin: [TRACE] 1673574558503: QueryData.fetchComplete
2023-01-13 01:49:19.118 UTC [TRACE] steampipe-plugin-hackernews.plugin: [TRACE] 1673574558503: executeListCall COMPLETE (hackernews-1673574558503)
2023-01-13 01:49:19.119 UTC [TRACE] steampipe-plugin-hackernews.plugin: [TRACE] 1673574558503: rowData chan returned nil - wait for rows to complete (hackernews-1673574558503)
2023-01-13 01:49:19.162 UTC [TRACE] stdio: received data: channel=STDOUT len=21
2023-01-13 01:49:19.162 UTC [TRACE] stdio: waiting for stdio data
2023-01-13 01:49:19.249 UTC [TRACE] stdio: received data: channel=STDOUT len=1024
2023-01-13 01:49:19.249 UTC [TRACE] stdio: waiting for stdio data
2023-01-13 01:49:19.299 UTC [TRACE] stdio: received data: channel=STDOUT len=1024
2023-01-13 01:49:19.299 UTC [TRACE] stdio: waiting for stdio data
2023-01-13 01:49:19.360 UTC [TRACE] stdio: received data: channel=STDOUT len=172
2023-01-13 01:49:19.360 UTC [TRACE] stdio: waiting for stdio data
2023-01-13 01:49:19.472 UTC [TRACE] stdio: received data: channel=STDOUT len=1024
2023-01-13 01:49:19.472 UTC [TRACE] stdio: waiting for stdio data
2023-01-13 01:49:19.495 UTC [TRACE] stdio: received data: channel=STDOUT len=925
2023-01-13 01:49:19.495 UTC [TRACE] stdio: waiting for stdio data
2023-01-13 01:49:19.496 UTC [TRACE] steampipe-plugin-hackernews.plugin: [TRACE] 1673574558503: buildRowsAsync goroutine returning (hackernews-1673574558503)
2023-01-13 01:49:19.496 UTC [TRACE] steampipe-plugin-hackernews.plugin: [TRACE] 1673574558503: streamRows - nil row, stop streaming (hackernews-1673574558503)
2023-01-13 01:49:19.496 UTC [TRACE] steampipe-plugin-hackernews.plugin: [TRACE] 1673574558503: ------------------------------------
2023-01-13 01:49:19.496 UTC [TRACE] steampipe-plugin-hackernews.plugin: [TRACE] 1673574558503: Concurrency Summary
2023-01-13 01:49:19.496 UTC [TRACE] steampipe-plugin-hackernews.plugin: [TRACE] 1673574558503: ------------------------------------
2023-01-13 01:49:19.496 UTC [TRACE] steampipe-plugin-hackernews.plugin: [TRACE] 1673574558503: getItem                       : 200
2023-01-13 01:49:19.496 UTC [TRACE] steampipe-plugin-hackernews.plugin: [TRACE] 1673574558503: ------------------------------------
2023-01-13 01:49:19.496 UTC [TRACE] steampipe-plugin-hackernews.plugin: [TRACE] 1673574558503: Total                         : 200
2023-01-13 01:49:19.496 UTC [TRACE] steampipe-plugin-hackernews.plugin: [TRACE] 1673574558503: ------------------------------------
2023-01-13 01:49:19.496 UTC [TRACE] steampipe-plugin-hackernews.plugin: [TRACE] 1673574558503: QueryData streamRows DONE (hackernews-1673574558503)
2023-01-13 01:49:19.496 UTC [TRACE] steampipe-plugin-hackernews.plugin: [TRACE] 1673574558503: EndSet (hackernews-1673574558503) table hackernews_new
2023-01-13 01:49:19.496 UTC [TRACE] steampipe-plugin-hackernews.plugin: [TRACE] 1673574558503: QueryCache writePageToCache: 500 rows, pageCount 1, page key hackernewshackernews_newid,title,time,by,score,dead,deleted,descendants,kids,parent,parts,poll,text,type,url,_ctx-1-0
2023-01-13 01:49:19.497 UTC [TRACE] stdio: received data: channel=STDOUT len=867
2023-01-13 01:49:19.497 UTC [TRACE] stdio: waiting for stdio data
2023-01-13 01:49:19.505 UTC [TRACE] steampipe-plugin-hackernews.plugin: [TRACE] 1673574558503: writePageToCache Set - result written
2023-01-13 01:49:19.505 UTC [TRACE] steampipe-plugin-hackernews.plugin: [TRACE] 1673574558503: QueryCache EndSet - result written
2023-01-13 01:49:19.505 UTC [TRACE] steampipe-plugin-hackernews.plugin: [TRACE] 1673574558503: doGet cache miss
2023-01-13 01:49:19.505 UTC [TRACE] steampipe-plugin-hackernews.plugin: [TRACE] 1673574558503: getCachedIndexBucket - no item retrieved for cache key index__hackernewshackernews_new
2023-01-13 01:49:19.505 UTC [TRACE] steampipe-plugin-hackernews.plugin: [TRACE] 1673574558503: getCachedIndexBucket returned cache miss
2023-01-13 01:49:19.505 UTC [TRACE] steampipe-plugin-hackernews.plugin: [TRACE] 1673574558503: QueryCache EndSet - Added index item (0xc01aebf7a0) to bucket (0xc01ae007f8), page count 1,  key root hackernewshackernews_newid,title,time,by,score,dead,deleted,descendants,kids,parent,parts,poll,text,type,url,_ctx-1
2023-01-13 01:49:19.505 UTC [TRACE] steampipe-plugin-hackernews.plugin: [TRACE] 1673574558503: cacheSetIndexBucket index__hackernewshackernews_new
2023-01-13 01:49:19.505 UTC [TRACE] steampipe-plugin-hackernews.plugin: [TRACE] 1673574558503: QueryCache EndSet - IndexBucket written
2023-01-13 01:49:19.505 UTC [TRACE] steampipe-plugin-hackernews.plugin: [TRACE] 1673574558503: EndSet DEFER (hackernews-1673574558503) table hackernews_new
2023-01-13 01:49:19.505 UTC [TRACE] steampipe-plugin-hackernews.plugin: [TRACE] 1673574558503: calling pendingItemComplete (hackernews-1673574558503)
2023-01-13 01:49:19.505 UTC [TRACE] steampipe-plugin-hackernews.plugin: [TRACE] 1673574558503: pendingItemComplete (hackernews-1673574558503) indexBucketKey index__hackernewshackernews_new, columns [id title time by score dead deleted descendants kids parent parts poll text type url _ctx], limit -1
2023-01-13 01:49:19.505 UTC [TRACE] steampipe-plugin-hackernews.plugin: [TRACE] 1673574558503: got pending index bucket, (hackernews-1673574558503) len 1
2023-01-13 01:49:19.505 UTC [TRACE] steampipe-plugin-hackernews.plugin: [TRACE] 1673574558503: SatisfiesLimit limit -1, no item limit - satisfied
2023-01-13 01:49:19.505 UTC [TRACE] steampipe-plugin-hackernews.plugin: [TRACE] 1673574558503: found pending index item to satisfy columns id,title,time,by,score,dead,deleted,descendants,kids,parent,parts,poll,text,type,url,_ctx, limit -1
2023-01-13 01:49:19.505 UTC [TRACE] steampipe-plugin-hackernews.plugin: [TRACE] 1673574558503: found completed pending item (hackernews-1673574558503) 0xc0004602d0, key hackernewshackernews_newid,title,time,by,score,dead,deleted,descendants,kids,parent,parts,poll,text,type,url,_ctx-1 - removing from map as it is complete
2023-01-13 01:49:19.505 UTC [TRACE] steampipe-plugin-hackernews.plugin: [TRACE] 1673574558503: pendingIndexItem Unlock count before 1 key hackernewshackernews_newid,title,time,by,score,dead,deleted,descendants,kids,parent,parts,poll,text,type,url,_ctx-1
2023-01-13 01:49:19.505 UTC [TRACE] steampipe-plugin-hackernews.plugin: [TRACE] 1673574558503: deleted from pending, (hackernews-1673574558503) len 0
2023-01-13 01:49:19.505 UTC [TRACE] steampipe-plugin-hackernews.plugin: [TRACE] 1673574558503: pending bucket now empty - deleting key index__hackernewshackernews_new
2023-01-13 01:49:19.505 UTC [TRACE] steampipe-plugin-hackernews.plugin: [TRACE] 1673574558503: pendingItemComplete done (hackernews-1673574558503)
2023-01-13 01:49:19.505 UTC [TRACE] steampipe-plugin-hackernews.plugin: [TRACE] 1673574558503: cache set succeeded
2023-01-13 01:49:19.505 UTC [TRACE] steampipe-plugin-hackernews.plugin: [TRACE] 1673574558503: End execute span
2023-01-13 01:49:19.505 UTC [TRACE] steampipe-plugin-hackernews.plugin: [TRACE] 1673574558503: executeForConnection DEFER (hackernews-1673574558503)
2023-01-13 01:49:19.505 UTC [TRACE] steampipe-plugin-hackernews.plugin: [TRACE] 1673574558503: Execute complete callId: hackernews-1673574558503 table: hackernews_new
2023-01-13 01:49:19.505 UTC [TRACE] steampipe-plugin-hackernews.plugin: [TRACE] 1673574558503: executeForConnection hackernews returned
2023-01-13 01:49:19.505 UTC [TRACE] steampipe-plugin-hackernews.plugin: [TRACE] 1673574558503: output wg complete - send nil row
2023-01-13 01:49:19.505 UTC [TRACE] steampipe-plugin-hackernews.plugin: [TRACE] 1673574558503: empty row on output channel - we are done
2023-01-13 01:49:19.505 UTC [INFO]  steampipe-plugin-hackernews.plugin: [INFO]  1673574558503: Plugin Execute complete (1673574558503)
2023-01-13 01:49:19.586 UTC [TRACE] PluginManager Shutdown
2023-01-13 01:49:19.586 UTC [TRACE] killing plugin hackernews (2030)
2023-01-13 01:49:19.587 UTC [TRACE] steampipe-plugin-hackernews.plugin: [TRACE] 1673574558503: FLUSHING instrumentation
2023-01-13 01:49:19.587 UTC [TRACE] steampipe-plugin-hackernews.plugin: [TRACE] 1673574558503: Shutdown instrumentation
2023-01-13 01:49:19.587 UTC [DEBUG] stdio: received EOF, stopping recv loop: err="rpc error: code = Unavailable desc = error reading from server: EOF"
2023-01-13 01:49:19.589 UTC [INFO]  plugin process exited: path=/home/runner/.steampipe/plugins/hub.steampipe.io/plugins/turbot/hackernews@latest/steampipe-plugin-hackernews.plugin pid=2030
2023-01-13 01:49:19.589 UTC [DEBUG] plugin exited
2023-01-13 01:49:19.589 UTC [TRACE] killing plugin csv (2008)
2023-01-13 01:49:19.589 UTC [TRACE] steampipe-plugin-csv.plugin: [TRACE] FLUSHING instrumentation
2023-01-13 01:49:19.589 UTC [TRACE] steampipe-plugin-csv.plugin: [TRACE] Shutdown instrumentation
2023-01-13 01:49:19.589 UTC [DEBUG] stdio: received EOF, stopping recv loop: err="rpc error: code = Unavailable desc = error reading from server: EOF"
2023-01-13 01:49:19.590 UTC [INFO]  plugin process exited: path=/home/runner/.steampipe/plugins/hub.steampipe.io/plugins/turbot/csv@latest/steampipe-plugin-csv.plugin pid=2008
2023-01-13 01:49:19.590 UTC [DEBUG] plugin exited
2023-01-13 01:49:25.506 UTC [WARN]  steampipe-plugin-csv.plugin: [WARN]  1673574565186: getKeyColumnsForTable found no schema for table '/home/runner/work/steampipe-samples/steampipe-samples/all/hackernews/hn.csv'
2023-01-13 01:50:00.244 UTC [WARN]  steampipe-plugin-csv.plugin: [WARN]  1673574600949: getKeyColumnsForTable found no schema for table '/home/runner/work/steampipe-samples/steampipe-samples/all/hackernews/hn.csv'
2023-01-13 01:52:17.810 UTC [ERROR] steampipe-plugin-csv.plugin: [ERROR] csv.tableCSV: header_parse_error=EOF path=/home/runner/work/steampipe-samples/steampipe-samples/all/hackernews/new_sc.csv header=[]
2023-01-13 01:52:17.810 UTC [ERROR] steampipe-plugin-csv.plugin: [ERROR] csv.PluginTables: create_table_error="failed to parse file header /home/runner/work/steampipe-samples/steampipe-samples/all/hackernews/new_sc.csv: EOF" path=/home/runner/work/steampipe-samples/steampipe-samples/all/hackernews/new_sc.csv
2023-01-13 01:52:17.810 UTC [WARN]  failed to set connection config: failed to parse file header /home/runner/work/steampipe-samples/steampipe-samples/all/hackernews/new_sc.csv: EOF
2023-01-13 01:52:19.073 UTC [WARN]  steampipe-plugin-csv.plugin: [WARN]  1673574739214: getKeyColumnsForTable found no schema for table '/home/runner/work/steampipe-samples/steampipe-samples/all/hackernews/new_sc.csv'
2023-01-13 01:52:25.837 UTC [ERROR] steampipe-plugin-csv.plugin: [ERROR] csv.tableCSV: header_parse_error=EOF path=/home/runner/work/steampipe-samples/steampipe-samples/all/hackernews/hn_items_all.csv header=[]
2023-01-13 01:52:25.837 UTC [ERROR] steampipe-plugin-csv.plugin: [ERROR] csv.PluginTables: create_table_error="failed to parse file header /home/runner/work/steampipe-samples/steampipe-samples/all/hackernews/hn_items_all.csv: EOF" path=/home/runner/work/steampipe-samples/steampipe-samples/all/hackernews/hn_items_all.csv
2023-01-13 01:52:25.837 UTC [WARN]  failed to set connection config: failed to parse file header /home/runner/work/steampipe-samples/steampipe-samples/all/hackernews/hn_items_all.csv: EOF
2023-01-13 01:52:27.134 UTC [ERROR] steampipe-plugin-csv.plugin: [ERROR] csv.tableCSV: header_parse_error=EOF path=/home/runner/work/steampipe-samples/steampipe-samples/all/hackernews/people.csv header=[]
2023-01-13 01:52:27.134 UTC [ERROR] steampipe-plugin-csv.plugin: [ERROR] csv.PluginTables: create_table_error="failed to parse file header /home/runner/work/steampipe-samples/steampipe-samples/all/hackernews/people.csv: EOF" path=/home/runner/work/steampipe-samples/steampipe-samples/all/hackernews/people.csv
2023-01-13 01:52:27.134 UTC [WARN]  failed to set connection config: failed to parse file header /home/runner/work/steampipe-samples/steampipe-samples/all/hackernews/people.csv: EOF
