2022-12-03 14:18:30.492 UTC [INFO]  starting plugin manager
2022-12-03 14:18:30.492 UTC [TRACE] loaded config map: csv,github,hackernews,net
2022-12-03 14:18:30.492 UTC [TRACE] NewPluginManager
2022-12-03 14:18:30.494 UTC [TRACE] PluginManager setPluginCacheSizeMap: 4 connections.
2022-12-03 14:18:30.494 UTC [TRACE] Total cache size 0Mb
2022-12-03 14:18:30.494 UTC [INFO]  starting connection watcher
2022-12-03 14:18:30.494 UTC [INFO]  created ConnectionWatcher
2022-12-03 14:18:30.494 UTC [TRACE] about to serve
2022-12-03 14:18:30.566 UTC [TRACE] PluginManager Get, connections: '[csv]'
2022-12-03 14:18:30.566 UTC [TRACE] PluginManager getPlugin hub.steampipe.io/plugins/turbot/csv@latest connection 'csv'
2022-12-03 14:18:30.566 UTC [TRACE] PluginManager 0xc000489ae0 plugin hub.steampipe.io/plugins/turbot/csv@latest (csv) NOT started or starting - start now
2022-12-03 14:18:30.566 UTC [TRACE] ************ start plugin csv ********************
2022-12-03 14:18:30.566 UTC [TRACE] ************ plugin path /home/runner/.steampipe/plugins/hub.steampipe.io/plugins/turbot/csv@latest/steampipe-plugin-csv.plugin ********************
2022-12-03 14:18:30.597 UTC [TRACE] handleFileWatcherEvent ignoring first event
2022-12-03 14:18:30.634 UTC [DEBUG] starting plugin: path=/home/runner/.steampipe/plugins/hub.steampipe.io/plugins/turbot/csv@latest/steampipe-plugin-csv.plugin args=["/home/runner/.steampipe/plugins/hub.steampipe.io/plugins/turbot/csv@latest/steampipe-plugin-csv.plugin"]
2022-12-03 14:18:30.634 UTC [DEBUG] plugin started: path=/home/runner/.steampipe/plugins/hub.steampipe.io/plugins/turbot/csv@latest/steampipe-plugin-csv.plugin pid=2016
2022-12-03 14:18:30.634 UTC [DEBUG] waiting for RPC address: path=/home/runner/.steampipe/plugins/hub.steampipe.io/plugins/turbot/csv@latest/steampipe-plugin-csv.plugin
2022-12-03 14:18:30.649 UTC [INFO]  steampipe-plugin-csv.plugin: [INFO]  Initialise plugin 'steampipe-plugin-csv', using sdk version 4.1.8
2022-12-03 14:18:30.649 UTC [TRACE] steampipe-plugin-csv.plugin: [TRACE] no DefaultRetryConfig defined - creating empty
2022-12-03 14:18:30.649 UTC [TRACE] steampipe-plugin-csv.plugin: [TRACE] no DefaultIgnoreConfig defined - creating empty
2022-12-03 14:18:30.649 UTC [TRACE] steampipe-plugin-csv.plugin: [TRACE] telemetry.Init service 'steampipe-plugin-csv', tracingEnabled: false, metricsEnabled: false
2022-12-03 14:18:30.649 UTC [TRACE] steampipe-plugin-csv.plugin: [TRACE] metrics and tracing disabled' - returning
2022-12-03 14:18:30.650 UTC [DEBUG] steampipe-plugin-csv.plugin: plugin address: network=unix address=/tmp/plugin3118165807 timestamp=2022-12-03T14:18:30.650Z
2022-12-03 14:18:30.650 UTC [DEBUG] using plugin: version=0
2022-12-03 14:18:30.650 UTC [TRACE] NewPluginClient for plugin hub.steampipe.io/plugins/turbot/csv@latest
2022-12-03 14:18:30.653 UTC [TRACE] stdio: waiting for stdio data
2022-12-03 14:18:30.655 UTC [TRACE] supportedOperations: query_cache:true multiple_connections:true
2022-12-03 14:18:30.656 UTC [TRACE] steampipe-plugin-csv.plugin: [TRACE] SetAllConnectionConfigs setting 1 configs
2022-12-03 14:18:30.656 UTC [TRACE] steampipe-plugin-csv.plugin: [TRACE] connection csv build schema and table map
2022-12-03 14:18:30.656 UTC [DEBUG] steampipe-plugin-csv.plugin: [DEBUG] csv.tableCSV: path=/home/runner/work/steampipe-samples/steampipe-samples/all/hackernews/hn_items_all.csv detected_encoding=Unknown
2022-12-03 14:18:30.656 UTC [DEBUG] steampipe-plugin-csv.plugin: [DEBUG] csv.tableCSV: path=/home/runner/work/steampipe-samples/steampipe-samples/all/hackernews/new_sc.csv detected_encoding=Unknown
2022-12-03 14:18:30.656 UTC [DEBUG] steampipe-plugin-csv.plugin: [DEBUG] csv.tableCSV: path=/home/runner/work/steampipe-samples/steampipe-samples/all/hackernews/people.csv detected_encoding=Unknown
2022-12-03 14:18:30.656 UTC [TRACE] steampipe-plugin-csv.plugin: [TRACE] initialise table /home/runner/work/steampipe-samples/steampipe-samples/all/hackernews/hn_items_all.csv
2022-12-03 14:18:30.656 UTC [TRACE] steampipe-plugin-csv.plugin: [TRACE] no DefaultRetryConfig defined - creating empty
2022-12-03 14:18:30.656 UTC [TRACE] steampipe-plugin-csv.plugin: [TRACE] no DefaultIgnoreConfig defined - creating empty
2022-12-03 14:18:30.656 UTC [TRACE] steampipe-plugin-csv.plugin: [TRACE] apply plugin defaults for DefaultRetryConfig
2022-12-03 14:18:30.656 UTC [TRACE] steampipe-plugin-csv.plugin: [TRACE] apply plugin defaults for DefaultIgnoreConfig, table &{<nil> <nil>} plugin &{<nil> <nil>}
2022-12-03 14:18:30.656 UTC [TRACE] steampipe-plugin-csv.plugin: [TRACE] DefaultRetryConfig:
2022-12-03 14:18:30.656 UTC [TRACE] steampipe-plugin-csv.plugin: [TRACE] DefaultIgnoreConfig:
2022-12-03 14:18:30.656 UTC [TRACE] steampipe-plugin-csv.plugin: [TRACE] t.List.initialise
2022-12-03 14:18:30.656 UTC [TRACE] steampipe-plugin-csv.plugin: [TRACE] ListConfig.initialise table /home/runner/work/steampipe-samples/steampipe-samples/all/hackernews/hn_items_all.csv
2022-12-03 14:18:30.656 UTC [TRACE] steampipe-plugin-csv.plugin: [TRACE] ListConfig.initialise complete: RetryConfig: , IgnoreConfig
2022-12-03 14:18:30.656 UTC [TRACE] steampipe-plugin-csv.plugin: [TRACE] back from initialiseHydrateConfigs
2022-12-03 14:18:30.656 UTC [TRACE] steampipe-plugin-csv.plugin: [TRACE] initialise table /home/runner/work/steampipe-samples/steampipe-samples/all/hackernews/hn_items_all.csv COMPLETE
2022-12-03 14:18:30.656 UTC [TRACE] steampipe-plugin-csv.plugin: [TRACE] initialise table /home/runner/work/steampipe-samples/steampipe-samples/all/hackernews/new_sc.csv
2022-12-03 14:18:30.656 UTC [TRACE] steampipe-plugin-csv.plugin: [TRACE] no DefaultRetryConfig defined - creating empty
2022-12-03 14:18:30.656 UTC [TRACE] steampipe-plugin-csv.plugin: [TRACE] no DefaultIgnoreConfig defined - creating empty
2022-12-03 14:18:30.656 UTC [TRACE] steampipe-plugin-csv.plugin: [TRACE] apply plugin defaults for DefaultRetryConfig
2022-12-03 14:18:30.656 UTC [TRACE] steampipe-plugin-csv.plugin: [TRACE] apply plugin defaults for DefaultIgnoreConfig, table &{<nil> <nil>} plugin &{<nil> <nil>}
2022-12-03 14:18:30.656 UTC [TRACE] steampipe-plugin-csv.plugin: [TRACE] DefaultRetryConfig:
2022-12-03 14:18:30.656 UTC [TRACE] steampipe-plugin-csv.plugin: [TRACE] DefaultIgnoreConfig:
2022-12-03 14:18:30.656 UTC [TRACE] steampipe-plugin-csv.plugin: [TRACE] t.List.initialise
2022-12-03 14:18:30.656 UTC [TRACE] steampipe-plugin-csv.plugin: [TRACE] ListConfig.initialise table /home/runner/work/steampipe-samples/steampipe-samples/all/hackernews/new_sc.csv
2022-12-03 14:18:30.656 UTC [TRACE] steampipe-plugin-csv.plugin: [TRACE] ListConfig.initialise complete: RetryConfig: , IgnoreConfig
2022-12-03 14:18:30.656 UTC [TRACE] steampipe-plugin-csv.plugin: [TRACE] back from initialiseHydrateConfigs
2022-12-03 14:18:30.656 UTC [TRACE] steampipe-plugin-csv.plugin: [TRACE] initialise table /home/runner/work/steampipe-samples/steampipe-samples/all/hackernews/new_sc.csv COMPLETE
2022-12-03 14:18:30.656 UTC [TRACE] steampipe-plugin-csv.plugin: [TRACE] initialise table /home/runner/work/steampipe-samples/steampipe-samples/all/hackernews/people.csv
2022-12-03 14:18:30.656 UTC [TRACE] steampipe-plugin-csv.plugin: [TRACE] no DefaultRetryConfig defined - creating empty
2022-12-03 14:18:30.656 UTC [TRACE] steampipe-plugin-csv.plugin: [TRACE] no DefaultIgnoreConfig defined - creating empty
2022-12-03 14:18:30.656 UTC [TRACE] steampipe-plugin-csv.plugin: [TRACE] apply plugin defaults for DefaultRetryConfig
2022-12-03 14:18:30.656 UTC [TRACE] steampipe-plugin-csv.plugin: [TRACE] apply plugin defaults for DefaultIgnoreConfig, table &{<nil> <nil>} plugin &{<nil> <nil>}
2022-12-03 14:18:30.656 UTC [TRACE] steampipe-plugin-csv.plugin: [TRACE] DefaultRetryConfig:
2022-12-03 14:18:30.656 UTC [TRACE] steampipe-plugin-csv.plugin: [TRACE] DefaultIgnoreConfig:
2022-12-03 14:18:30.656 UTC [TRACE] steampipe-plugin-csv.plugin: [TRACE] t.List.initialise
2022-12-03 14:18:30.656 UTC [TRACE] steampipe-plugin-csv.plugin: [TRACE] ListConfig.initialise table /home/runner/work/steampipe-samples/steampipe-samples/all/hackernews/people.csv
2022-12-03 14:18:30.656 UTC [TRACE] steampipe-plugin-csv.plugin: [TRACE] ListConfig.initialise complete: RetryConfig: , IgnoreConfig
2022-12-03 14:18:30.656 UTC [TRACE] steampipe-plugin-csv.plugin: [TRACE] back from initialiseHydrateConfigs
2022-12-03 14:18:30.656 UTC [TRACE] steampipe-plugin-csv.plugin: [TRACE] initialise table /home/runner/work/steampipe-samples/steampipe-samples/all/hackernews/people.csv COMPLETE
2022-12-03 14:18:30.656 UTC [TRACE] steampipe-plugin-csv.plugin: [TRACE] validate plugin steampipe-plugin-csv, required columns []
2022-12-03 14:18:30.656 UTC [TRACE] steampipe-plugin-csv.plugin: [TRACE] validate DefaultRetryConfig
2022-12-03 14:18:30.656 UTC [TRACE] steampipe-plugin-csv.plugin: [TRACE] validate DefaultIgnoreConfig
2022-12-03 14:18:30.656 UTC [TRACE] steampipe-plugin-csv.plugin: [TRACE] validate table names
2022-12-03 14:18:30.656 UTC [TRACE] steampipe-plugin-csv.plugin: [TRACE] plugin has 0 validation errors
2022-12-03 14:18:30.656 UTC [TRACE] steampipe-plugin-csv.plugin: [TRACE] Plugin ensureCache creating cache, maxCacheStorageMb 0
2022-12-03 14:18:30.656 UTC [TRACE] steampipe-plugin-csv.plugin: [TRACE] createCacheStore for plugin 'steampipe-plugin-csv' setting max size to 0Mb, Shards: 2, max shard size: 0
2022-12-03 14:18:30.668 UTC [INFO]  steampipe-plugin-csv.plugin: [INFO]  query cache created
2022-12-03 14:18:30.668 UTC [DEBUG] steampipe-plugin-csv.plugin: [DEBUG] SetAllConnectionConfigs finished
2022-12-03 14:18:30.669 UTC [TRACE] PluginManager getPlugin complete, returning reattach config with PID: 2016
2022-12-03 14:18:30.669 UTC [TRACE] PluginManager Get returning reattach_map:{key:"csv" value:{protocol:"grpc" addr:{Network:"unix" Address:"/tmp/plugin3118165807"} pid:2016 supported_operations:{query_cache:true multiple_connections:true} connections:"csv" plugin:"hub.steampipe.io/plugins/turbot/csv@latest"}}
2022-12-03 14:18:30.755 UTC [TRACE] PluginManager Get, connections: '[csv]'
2022-12-03 14:18:30.755 UTC [TRACE] PluginManager getPlugin hub.steampipe.io/plugins/turbot/csv@latest connection 'csv'
2022-12-03 14:18:30.755 UTC [TRACE] connection csv found in connectionPluginMap
2022-12-03 14:18:30.755 UTC [TRACE] initialized: 2016
2022-12-03 14:18:30.755 UTC [TRACE] initialized: 2016
2022-12-03 14:18:30.755 UTC [TRACE] connection csv is loaded, check for running PID
2022-12-03 14:18:30.756 UTC [TRACE] PluginManager found 'csv' in map, pid 2016
2022-12-03 14:18:30.756 UTC [TRACE] PluginManager Get returning reattach_map:{key:"csv" value:{protocol:"grpc" addr:{Network:"unix" Address:"/tmp/plugin3118165807"} pid:2016 supported_operations:{query_cache:true multiple_connections:true} connections:"csv" plugin:"hub.steampipe.io/plugins/turbot/csv@latest"}}
2022-12-03 14:18:30.921 UTC [TRACE] PluginManager Get, connections: '[hackernews]'
2022-12-03 14:18:30.921 UTC [TRACE] PluginManager getPlugin hub.steampipe.io/plugins/turbot/hackernews@latest connection 'hackernews'
2022-12-03 14:18:30.921 UTC [TRACE] PluginManager 0xc000489ae0 plugin hub.steampipe.io/plugins/turbot/hackernews@latest (hackernews) NOT started or starting - start now
2022-12-03 14:18:30.921 UTC [TRACE] ************ start plugin hackernews ********************
2022-12-03 14:18:30.921 UTC [TRACE] ************ plugin path /home/runner/.steampipe/plugins/hub.steampipe.io/plugins/turbot/hackernews@latest/steampipe-plugin-hackernews.plugin ********************
2022-12-03 14:18:30.989 UTC [DEBUG] starting plugin: path=/home/runner/.steampipe/plugins/hub.steampipe.io/plugins/turbot/hackernews@latest/steampipe-plugin-hackernews.plugin args=["/home/runner/.steampipe/plugins/hub.steampipe.io/plugins/turbot/hackernews@latest/steampipe-plugin-hackernews.plugin"]
2022-12-03 14:18:30.990 UTC [DEBUG] plugin started: path=/home/runner/.steampipe/plugins/hub.steampipe.io/plugins/turbot/hackernews@latest/steampipe-plugin-hackernews.plugin pid=2039
2022-12-03 14:18:30.990 UTC [DEBUG] waiting for RPC address: path=/home/runner/.steampipe/plugins/hub.steampipe.io/plugins/turbot/hackernews@latest/steampipe-plugin-hackernews.plugin
2022-12-03 14:18:30.999 UTC [INFO]  steampipe-plugin-hackernews.plugin: [INFO]  Initialise plugin 'steampipe-plugin-hackernews', using sdk version 4.1.7
2022-12-03 14:18:30.999 UTC [TRACE] steampipe-plugin-hackernews.plugin: [TRACE] defaulting SchemaMode to SchemaModeStatic
2022-12-03 14:18:30.999 UTC [TRACE] steampipe-plugin-hackernews.plugin: [TRACE] no DefaultRetryConfig defined - creating empty
2022-12-03 14:18:30.999 UTC [TRACE] steampipe-plugin-hackernews.plugin: [TRACE] no DefaultIgnoreConfig defined - creating empty
2022-12-03 14:18:30.999 UTC [TRACE] steampipe-plugin-hackernews.plugin: [TRACE] Setting Ulimit: ulimit=2560
2022-12-03 14:18:30.999 UTC [TRACE] steampipe-plugin-hackernews.plugin: [TRACE] telemetry.Init service 'steampipe-plugin-hackernews', tracingEnabled: false, metricsEnabled: false
2022-12-03 14:18:30.999 UTC [TRACE] steampipe-plugin-hackernews.plugin: [TRACE] metrics and tracing disabled' - returning
2022-12-03 14:18:31.000 UTC [DEBUG] steampipe-plugin-hackernews.plugin: plugin address: address=/tmp/plugin4139447985 network=unix timestamp=2022-12-03T14:18:31.000Z
2022-12-03 14:18:31.000 UTC [DEBUG] using plugin: version=0
2022-12-03 14:18:31.000 UTC [TRACE] NewPluginClient for plugin hub.steampipe.io/plugins/turbot/hackernews@latest
2022-12-03 14:18:31.001 UTC [TRACE] stdio: waiting for stdio data
2022-12-03 14:18:31.003 UTC [TRACE] supportedOperations: query_cache:true multiple_connections:true
2022-12-03 14:18:31.003 UTC [TRACE] steampipe-plugin-hackernews.plugin: [TRACE] SetAllConnectionConfigs setting 1 configs
2022-12-03 14:18:31.003 UTC [TRACE] steampipe-plugin-hackernews.plugin: [TRACE] connection hackernews build schema and table map
2022-12-03 14:18:31.003 UTC [TRACE] steampipe-plugin-hackernews.plugin: [TRACE] initialise table hackernews_job
2022-12-03 14:18:31.004 UTC [TRACE] steampipe-plugin-hackernews.plugin: [TRACE] no DefaultRetryConfig defined - creating empty
2022-12-03 14:18:31.004 UTC [TRACE] steampipe-plugin-hackernews.plugin: [TRACE] no DefaultIgnoreConfig defined - creating empty
2022-12-03 14:18:31.004 UTC [TRACE] steampipe-plugin-hackernews.plugin: [TRACE] apply plugin defaults for DefaultRetryConfig
2022-12-03 14:18:31.004 UTC [TRACE] steampipe-plugin-hackernews.plugin: [TRACE] apply plugin defaults for DefaultIgnoreConfig, table &{<nil> <nil>} plugin &{<nil> <nil>}
2022-12-03 14:18:31.004 UTC [TRACE] steampipe-plugin-hackernews.plugin: [TRACE] DefaultRetryConfig:
2022-12-03 14:18:31.004 UTC [TRACE] steampipe-plugin-hackernews.plugin: [TRACE] DefaultIgnoreConfig:
2022-12-03 14:18:31.004 UTC [TRACE] steampipe-plugin-hackernews.plugin: [TRACE] t.Get.initialise
2022-12-03 14:18:31.004 UTC [TRACE] steampipe-plugin-hackernews.plugin: [TRACE] GetConfig.initialise table hackernews_job
2022-12-03 14:18:31.004 UTC [TRACE] steampipe-plugin-hackernews.plugin: [TRACE] GetConfig.initialise complete: RetryConfig: , IgnoreConfig:
2022-12-03 14:18:31.004 UTC [TRACE] steampipe-plugin-hackernews.plugin: [TRACE] t.List.initialise
2022-12-03 14:18:31.004 UTC [TRACE] steampipe-plugin-hackernews.plugin: [TRACE] ListConfig.initialise table hackernews_job
2022-12-03 14:18:31.004 UTC [TRACE] steampipe-plugin-hackernews.plugin: [TRACE] ListConfig.initialise complete: RetryConfig: , IgnoreConfig
2022-12-03 14:18:31.004 UTC [TRACE] steampipe-plugin-hackernews.plugin: [TRACE] HydrateConfig.initialise func getItem, table hackernews_job
2022-12-03 14:18:31.004 UTC [TRACE] steampipe-plugin-hackernews.plugin: [TRACE] HydrateConfig.initialise complete: RetryConfig: , IgnoreConfig:
2022-12-03 14:18:31.004 UTC [TRACE] steampipe-plugin-hackernews.plugin: [TRACE] back from initialiseHydrateConfigs
2022-12-03 14:18:31.004 UTC [TRACE] steampipe-plugin-hackernews.plugin: [TRACE] initialise table hackernews_job COMPLETE
2022-12-03 14:18:31.004 UTC [TRACE] steampipe-plugin-hackernews.plugin: [TRACE] initialise table hackernews_new
2022-12-03 14:18:31.004 UTC [TRACE] steampipe-plugin-hackernews.plugin: [TRACE] no DefaultRetryConfig defined - creating empty
2022-12-03 14:18:31.004 UTC [TRACE] steampipe-plugin-hackernews.plugin: [TRACE] no DefaultIgnoreConfig defined - creating empty
2022-12-03 14:18:31.004 UTC [TRACE] steampipe-plugin-hackernews.plugin: [TRACE] apply plugin defaults for DefaultRetryConfig
2022-12-03 14:18:31.004 UTC [TRACE] steampipe-plugin-hackernews.plugin: [TRACE] apply plugin defaults for DefaultIgnoreConfig, table &{<nil> <nil>} plugin &{<nil> <nil>}
2022-12-03 14:18:31.004 UTC [TRACE] steampipe-plugin-hackernews.plugin: [TRACE] DefaultRetryConfig:
2022-12-03 14:18:31.004 UTC [TRACE] steampipe-plugin-hackernews.plugin: [TRACE] DefaultIgnoreConfig:
2022-12-03 14:18:31.004 UTC [TRACE] steampipe-plugin-hackernews.plugin: [TRACE] t.Get.initialise
2022-12-03 14:18:31.004 UTC [TRACE] steampipe-plugin-hackernews.plugin: [TRACE] GetConfig.initialise table hackernews_new
2022-12-03 14:18:31.004 UTC [TRACE] steampipe-plugin-hackernews.plugin: [TRACE] GetConfig.initialise complete: RetryConfig: , IgnoreConfig:
2022-12-03 14:18:31.004 UTC [TRACE] steampipe-plugin-hackernews.plugin: [TRACE] t.List.initialise
2022-12-03 14:18:31.004 UTC [TRACE] steampipe-plugin-hackernews.plugin: [TRACE] ListConfig.initialise table hackernews_new
2022-12-03 14:18:31.004 UTC [TRACE] steampipe-plugin-hackernews.plugin: [TRACE] ListConfig.initialise complete: RetryConfig: , IgnoreConfig
2022-12-03 14:18:31.004 UTC [TRACE] steampipe-plugin-hackernews.plugin: [TRACE] HydrateConfig.initialise func getItem, table hackernews_new
2022-12-03 14:18:31.004 UTC [TRACE] steampipe-plugin-hackernews.plugin: [TRACE] HydrateConfig.initialise complete: RetryConfig: , IgnoreConfig:
2022-12-03 14:18:31.005 UTC [TRACE] steampipe-plugin-hackernews.plugin: [TRACE] back from initialiseHydrateConfigs
2022-12-03 14:18:31.005 UTC [TRACE] steampipe-plugin-hackernews.plugin: [TRACE] initialise table hackernews_new COMPLETE
2022-12-03 14:18:31.005 UTC [TRACE] steampipe-plugin-hackernews.plugin: [TRACE] initialise table hackernews_show_hn
2022-12-03 14:18:31.005 UTC [TRACE] steampipe-plugin-hackernews.plugin: [TRACE] no DefaultRetryConfig defined - creating empty
2022-12-03 14:18:31.005 UTC [TRACE] steampipe-plugin-hackernews.plugin: [TRACE] no DefaultIgnoreConfig defined - creating empty
2022-12-03 14:18:31.005 UTC [TRACE] steampipe-plugin-hackernews.plugin: [TRACE] apply plugin defaults for DefaultRetryConfig
2022-12-03 14:18:31.005 UTC [TRACE] steampipe-plugin-hackernews.plugin: [TRACE] apply plugin defaults for DefaultIgnoreConfig, table &{<nil> <nil>} plugin &{<nil> <nil>}
2022-12-03 14:18:31.005 UTC [TRACE] steampipe-plugin-hackernews.plugin: [TRACE] DefaultRetryConfig:
2022-12-03 14:18:31.005 UTC [TRACE] steampipe-plugin-hackernews.plugin: [TRACE] DefaultIgnoreConfig:
2022-12-03 14:18:31.005 UTC [TRACE] steampipe-plugin-hackernews.plugin: [TRACE] t.Get.initialise
2022-12-03 14:18:31.005 UTC [TRACE] steampipe-plugin-hackernews.plugin: [TRACE] GetConfig.initialise table hackernews_show_hn
2022-12-03 14:18:31.005 UTC [TRACE] steampipe-plugin-hackernews.plugin: [TRACE] GetConfig.initialise complete: RetryConfig: , IgnoreConfig:
2022-12-03 14:18:31.005 UTC [TRACE] steampipe-plugin-hackernews.plugin: [TRACE] t.List.initialise
2022-12-03 14:18:31.005 UTC [TRACE] steampipe-plugin-hackernews.plugin: [TRACE] ListConfig.initialise table hackernews_show_hn
2022-12-03 14:18:31.005 UTC [TRACE] steampipe-plugin-hackernews.plugin: [TRACE] ListConfig.initialise complete: RetryConfig: , IgnoreConfig
2022-12-03 14:18:31.005 UTC [TRACE] steampipe-plugin-hackernews.plugin: [TRACE] HydrateConfig.initialise func getItem, table hackernews_show_hn
2022-12-03 14:18:31.005 UTC [TRACE] steampipe-plugin-hackernews.plugin: [TRACE] HydrateConfig.initialise complete: RetryConfig: , IgnoreConfig:
2022-12-03 14:18:31.005 UTC [TRACE] steampipe-plugin-hackernews.plugin: [TRACE] back from initialiseHydrateConfigs
2022-12-03 14:18:31.005 UTC [TRACE] steampipe-plugin-hackernews.plugin: [TRACE] initialise table hackernews_show_hn COMPLETE
2022-12-03 14:18:31.005 UTC [TRACE] steampipe-plugin-hackernews.plugin: [TRACE] initialise table hackernews_top
2022-12-03 14:18:31.005 UTC [TRACE] steampipe-plugin-hackernews.plugin: [TRACE] no DefaultRetryConfig defined - creating empty
2022-12-03 14:18:31.005 UTC [TRACE] steampipe-plugin-hackernews.plugin: [TRACE] no DefaultIgnoreConfig defined - creating empty
2022-12-03 14:18:31.005 UTC [TRACE] steampipe-plugin-hackernews.plugin: [TRACE] apply plugin defaults for DefaultRetryConfig
2022-12-03 14:18:31.005 UTC [TRACE] steampipe-plugin-hackernews.plugin: [TRACE] apply plugin defaults for DefaultIgnoreConfig, table &{<nil> <nil>} plugin &{<nil> <nil>}
2022-12-03 14:18:31.005 UTC [TRACE] steampipe-plugin-hackernews.plugin: [TRACE] DefaultRetryConfig:
2022-12-03 14:18:31.005 UTC [TRACE] steampipe-plugin-hackernews.plugin: [TRACE] DefaultIgnoreConfig:
2022-12-03 14:18:31.005 UTC [TRACE] steampipe-plugin-hackernews.plugin: [TRACE] t.Get.initialise
2022-12-03 14:18:31.005 UTC [TRACE] steampipe-plugin-hackernews.plugin: [TRACE] GetConfig.initialise table hackernews_top
2022-12-03 14:18:31.005 UTC [TRACE] steampipe-plugin-hackernews.plugin: [TRACE] GetConfig.initialise complete: RetryConfig: , IgnoreConfig:
2022-12-03 14:18:31.005 UTC [TRACE] steampipe-plugin-hackernews.plugin: [TRACE] t.List.initialise
2022-12-03 14:18:31.005 UTC [TRACE] steampipe-plugin-hackernews.plugin: [TRACE] ListConfig.initialise table hackernews_top
2022-12-03 14:18:31.005 UTC [TRACE] steampipe-plugin-hackernews.plugin: [TRACE] ListConfig.initialise complete: RetryConfig: , IgnoreConfig
2022-12-03 14:18:31.006 UTC [TRACE] steampipe-plugin-hackernews.plugin: [TRACE] HydrateConfig.initialise func getItem, table hackernews_top
2022-12-03 14:18:31.006 UTC [TRACE] steampipe-plugin-hackernews.plugin: [TRACE] HydrateConfig.initialise complete: RetryConfig: , IgnoreConfig:
2022-12-03 14:18:31.006 UTC [TRACE] steampipe-plugin-hackernews.plugin: [TRACE] back from initialiseHydrateConfigs
2022-12-03 14:18:31.006 UTC [TRACE] steampipe-plugin-hackernews.plugin: [TRACE] initialise table hackernews_top COMPLETE
2022-12-03 14:18:31.006 UTC [TRACE] steampipe-plugin-hackernews.plugin: [TRACE] initialise table hackernews_user
2022-12-03 14:18:31.006 UTC [TRACE] steampipe-plugin-hackernews.plugin: [TRACE] no DefaultRetryConfig defined - creating empty
2022-12-03 14:18:31.006 UTC [TRACE] steampipe-plugin-hackernews.plugin: [TRACE] no DefaultIgnoreConfig defined - creating empty
2022-12-03 14:18:31.006 UTC [TRACE] steampipe-plugin-hackernews.plugin: [TRACE] apply plugin defaults for DefaultRetryConfig
2022-12-03 14:18:31.006 UTC [TRACE] steampipe-plugin-hackernews.plugin: [TRACE] apply plugin defaults for DefaultIgnoreConfig, table &{<nil> <nil>} plugin &{<nil> <nil>}
2022-12-03 14:18:31.006 UTC [TRACE] steampipe-plugin-hackernews.plugin: [TRACE] DefaultRetryConfig:
2022-12-03 14:18:31.006 UTC [TRACE] steampipe-plugin-hackernews.plugin: [TRACE] DefaultIgnoreConfig:
2022-12-03 14:18:31.006 UTC [TRACE] steampipe-plugin-hackernews.plugin: [TRACE] t.List.initialise
2022-12-03 14:18:31.006 UTC [TRACE] steampipe-plugin-hackernews.plugin: [TRACE] ListConfig.initialise table hackernews_user
2022-12-03 14:18:31.006 UTC [TRACE] steampipe-plugin-hackernews.plugin: [TRACE] ListConfig.initialise complete: RetryConfig: , IgnoreConfig
2022-12-03 14:18:31.006 UTC [TRACE] steampipe-plugin-hackernews.plugin: [TRACE] back from initialiseHydrateConfigs
2022-12-03 14:18:31.006 UTC [TRACE] steampipe-plugin-hackernews.plugin: [TRACE] initialise table hackernews_user COMPLETE
2022-12-03 14:18:31.006 UTC [TRACE] steampipe-plugin-hackernews.plugin: [TRACE] initialise table hackernews_ask_hn
2022-12-03 14:18:31.006 UTC [TRACE] steampipe-plugin-hackernews.plugin: [TRACE] no DefaultRetryConfig defined - creating empty
2022-12-03 14:18:31.006 UTC [TRACE] steampipe-plugin-hackernews.plugin: [TRACE] no DefaultIgnoreConfig defined - creating empty
2022-12-03 14:18:31.006 UTC [TRACE] steampipe-plugin-hackernews.plugin: [TRACE] apply plugin defaults for DefaultRetryConfig
2022-12-03 14:18:31.006 UTC [TRACE] steampipe-plugin-hackernews.plugin: [TRACE] apply plugin defaults for DefaultIgnoreConfig, table &{<nil> <nil>} plugin &{<nil> <nil>}
2022-12-03 14:18:31.006 UTC [TRACE] steampipe-plugin-hackernews.plugin: [TRACE] DefaultRetryConfig:
2022-12-03 14:18:31.006 UTC [TRACE] steampipe-plugin-hackernews.plugin: [TRACE] DefaultIgnoreConfig:
2022-12-03 14:18:31.006 UTC [TRACE] steampipe-plugin-hackernews.plugin: [TRACE] t.Get.initialise
2022-12-03 14:18:31.006 UTC [TRACE] steampipe-plugin-hackernews.plugin: [TRACE] GetConfig.initialise table hackernews_ask_hn
2022-12-03 14:18:31.006 UTC [TRACE] steampipe-plugin-hackernews.plugin: [TRACE] GetConfig.initialise complete: RetryConfig: , IgnoreConfig:
2022-12-03 14:18:31.006 UTC [TRACE] steampipe-plugin-hackernews.plugin: [TRACE] t.List.initialise
2022-12-03 14:18:31.006 UTC [TRACE] steampipe-plugin-hackernews.plugin: [TRACE] ListConfig.initialise table hackernews_ask_hn
2022-12-03 14:18:31.006 UTC [TRACE] steampipe-plugin-hackernews.plugin: [TRACE] ListConfig.initialise complete: RetryConfig: , IgnoreConfig
2022-12-03 14:18:31.006 UTC [TRACE] steampipe-plugin-hackernews.plugin: [TRACE] HydrateConfig.initialise func getItem, table hackernews_ask_hn
2022-12-03 14:18:31.006 UTC [TRACE] steampipe-plugin-hackernews.plugin: [TRACE] HydrateConfig.initialise complete: RetryConfig: , IgnoreConfig:
2022-12-03 14:18:31.006 UTC [TRACE] steampipe-plugin-hackernews.plugin: [TRACE] back from initialiseHydrateConfigs
2022-12-03 14:18:31.006 UTC [TRACE] steampipe-plugin-hackernews.plugin: [TRACE] initialise table hackernews_ask_hn COMPLETE
2022-12-03 14:18:31.006 UTC [TRACE] steampipe-plugin-hackernews.plugin: [TRACE] initialise table hackernews_best
2022-12-03 14:18:31.006 UTC [TRACE] steampipe-plugin-hackernews.plugin: [TRACE] no DefaultRetryConfig defined - creating empty
2022-12-03 14:18:31.006 UTC [TRACE] steampipe-plugin-hackernews.plugin: [TRACE] no DefaultIgnoreConfig defined - creating empty
2022-12-03 14:18:31.006 UTC [TRACE] steampipe-plugin-hackernews.plugin: [TRACE] apply plugin defaults for DefaultRetryConfig
2022-12-03 14:18:31.006 UTC [TRACE] steampipe-plugin-hackernews.plugin: [TRACE] apply plugin defaults for DefaultIgnoreConfig, table &{<nil> <nil>} plugin &{<nil> <nil>}
2022-12-03 14:18:31.006 UTC [TRACE] steampipe-plugin-hackernews.plugin: [TRACE] DefaultRetryConfig:
2022-12-03 14:18:31.006 UTC [TRACE] steampipe-plugin-hackernews.plugin: [TRACE] DefaultIgnoreConfig:
2022-12-03 14:18:31.006 UTC [TRACE] steampipe-plugin-hackernews.plugin: [TRACE] t.Get.initialise
2022-12-03 14:18:31.006 UTC [TRACE] steampipe-plugin-hackernews.plugin: [TRACE] GetConfig.initialise table hackernews_best
2022-12-03 14:18:31.006 UTC [TRACE] steampipe-plugin-hackernews.plugin: [TRACE] GetConfig.initialise complete: RetryConfig: , IgnoreConfig:
2022-12-03 14:18:31.006 UTC [TRACE] steampipe-plugin-hackernews.plugin: [TRACE] t.List.initialise
2022-12-03 14:18:31.006 UTC [TRACE] steampipe-plugin-hackernews.plugin: [TRACE] ListConfig.initialise table hackernews_best
2022-12-03 14:18:31.006 UTC [TRACE] steampipe-plugin-hackernews.plugin: [TRACE] ListConfig.initialise complete: RetryConfig: , IgnoreConfig
2022-12-03 14:18:31.006 UTC [TRACE] steampipe-plugin-hackernews.plugin: [TRACE] HydrateConfig.initialise func getItem, table hackernews_best
2022-12-03 14:18:31.006 UTC [TRACE] steampipe-plugin-hackernews.plugin: [TRACE] HydrateConfig.initialise complete: RetryConfig: , IgnoreConfig:
2022-12-03 14:18:31.006 UTC [TRACE] steampipe-plugin-hackernews.plugin: [TRACE] back from initialiseHydrateConfigs
2022-12-03 14:18:31.006 UTC [TRACE] steampipe-plugin-hackernews.plugin: [TRACE] initialise table hackernews_best COMPLETE
2022-12-03 14:18:31.006 UTC [TRACE] steampipe-plugin-hackernews.plugin: [TRACE] initialise table hackernews_item
2022-12-03 14:18:31.006 UTC [TRACE] steampipe-plugin-hackernews.plugin: [TRACE] no DefaultRetryConfig defined - creating empty
2022-12-03 14:18:31.006 UTC [TRACE] steampipe-plugin-hackernews.plugin: [TRACE] no DefaultIgnoreConfig defined - creating empty
2022-12-03 14:18:31.006 UTC [TRACE] steampipe-plugin-hackernews.plugin: [TRACE] apply plugin defaults for DefaultRetryConfig
2022-12-03 14:18:31.006 UTC [TRACE] steampipe-plugin-hackernews.plugin: [TRACE] apply plugin defaults for DefaultIgnoreConfig, table &{<nil> <nil>} plugin &{<nil> <nil>}
2022-12-03 14:18:31.006 UTC [TRACE] steampipe-plugin-hackernews.plugin: [TRACE] DefaultRetryConfig:
2022-12-03 14:18:31.006 UTC [TRACE] steampipe-plugin-hackernews.plugin: [TRACE] DefaultIgnoreConfig:
2022-12-03 14:18:31.006 UTC [TRACE] steampipe-plugin-hackernews.plugin: [TRACE] t.Get.initialise
2022-12-03 14:18:31.006 UTC [TRACE] steampipe-plugin-hackernews.plugin: [TRACE] GetConfig.initialise table hackernews_item
2022-12-03 14:18:31.006 UTC [TRACE] steampipe-plugin-hackernews.plugin: [TRACE] GetConfig.initialise complete: RetryConfig: , IgnoreConfig:
2022-12-03 14:18:31.006 UTC [TRACE] steampipe-plugin-hackernews.plugin: [TRACE] t.List.initialise
2022-12-03 14:18:31.006 UTC [TRACE] steampipe-plugin-hackernews.plugin: [TRACE] ListConfig.initialise table hackernews_item
2022-12-03 14:18:31.006 UTC [TRACE] steampipe-plugin-hackernews.plugin: [TRACE] ListConfig.initialise complete: RetryConfig: , IgnoreConfig
2022-12-03 14:18:31.006 UTC [TRACE] steampipe-plugin-hackernews.plugin: [TRACE] HydrateConfig.initialise func getItem, table hackernews_item
2022-12-03 14:18:31.006 UTC [TRACE] steampipe-plugin-hackernews.plugin: [TRACE] HydrateConfig.initialise complete: RetryConfig: , IgnoreConfig:
2022-12-03 14:18:31.006 UTC [TRACE] steampipe-plugin-hackernews.plugin: [TRACE] back from initialiseHydrateConfigs
2022-12-03 14:18:31.006 UTC [TRACE] steampipe-plugin-hackernews.plugin: [TRACE] initialise table hackernews_item COMPLETE
2022-12-03 14:18:31.006 UTC [TRACE] steampipe-plugin-hackernews.plugin: [TRACE] validate plugin steampipe-plugin-hackernews, required columns []
2022-12-03 14:18:31.006 UTC [TRACE] steampipe-plugin-hackernews.plugin: [TRACE] validate DefaultRetryConfig
2022-12-03 14:18:31.006 UTC [TRACE] steampipe-plugin-hackernews.plugin: [TRACE] validate DefaultIgnoreConfig
2022-12-03 14:18:31.006 UTC [TRACE] steampipe-plugin-hackernews.plugin: [TRACE] validate table names
2022-12-03 14:18:31.006 UTC [TRACE] steampipe-plugin-hackernews.plugin: [TRACE] plugin has 0 validation errors
2022-12-03 14:18:31.006 UTC [TRACE] steampipe-plugin-hackernews.plugin: [TRACE] Plugin ensureCache creating cache, maxCacheStorageMb 0
2022-12-03 14:18:31.006 UTC [TRACE] steampipe-plugin-hackernews.plugin: [TRACE] createCacheStore for plugin 'steampipe-plugin-hackernews' setting max size to 0Mb, Shards: 2, max shard size: 0
2022-12-03 14:18:31.020 UTC [INFO]  steampipe-plugin-hackernews.plugin: [INFO]  query cache created
2022-12-03 14:18:31.020 UTC [DEBUG] steampipe-plugin-hackernews.plugin: [DEBUG] SetAllConnectionConfigs finished
2022-12-03 14:18:31.021 UTC [TRACE] PluginManager getPlugin complete, returning reattach config with PID: 2039
2022-12-03 14:18:31.021 UTC [TRACE] PluginManager Get returning reattach_map:{key:"hackernews" value:{protocol:"grpc" addr:{Network:"unix" Address:"/tmp/plugin4139447985"} pid:2039 supported_operations:{query_cache:true multiple_connections:true} connections:"hackernews" plugin:"hub.steampipe.io/plugins/turbot/hackernews@latest"}}
2022-12-03 14:18:31.025 UTC [INFO]  steampipe-plugin-hackernews.plugin: [INFO]  1670077111612: Plugin Execute (1670077111612)
2022-12-03 14:18:31.026 UTC [TRACE] steampipe-plugin-hackernews.plugin: [TRACE] 1670077111612: No memory limit set
2022-12-03 14:18:31.026 UTC [INFO]  steampipe-plugin-hackernews.plugin: [INFO]  1670077111612: Plugin Execute, setting memory limit to -1Mb
2022-12-03 14:18:31.026 UTC [TRACE] steampipe-plugin-hackernews.plugin: [TRACE] 1670077111612: calling ExtractContextFromCarrier
2022-12-03 14:18:31.026 UTC [INFO]  steampipe-plugin-hackernews.plugin: [INFO]  1670077111612: Setting max concurrent connections to 25
2022-12-03 14:18:31.026 UTC [TRACE] steampipe-plugin-hackernews.plugin: [TRACE] 1670077111612: executeForConnection callId: 1670077111612, connectionCallId: hackernews-1670077111612, connection: hackernews table: hackernews_new cols: id,title,time,by,score,dead,deleted,descendants,kids,parent,parts,poll,text,type,url,_ctx
2022-12-03 14:18:31.026 UTC [TRACE] steampipe-plugin-hackernews.plugin: [TRACE] 1670077111612: got connection data
2022-12-03 14:18:31.026 UTC [TRACE] steampipe-plugin-hackernews.plugin: [TRACE] 1670077111612: Got query context, table: hackernews_new, cols: [id title time by score dead deleted descendants kids parent parts poll text type url _ctx]
2022-12-03 14:18:31.026 UTC [TRACE] steampipe-plugin-hackernews.plugin: [TRACE] 1670077111612: Start execute span
2022-12-03 14:18:31.026 UTC [INFO]  steampipe-plugin-hackernews.plugin: [INFO]  1670077111612: Setting free memory interval to 100 rows
2022-12-03 14:18:31.026 UTC [TRACE] steampipe-plugin-hackernews.plugin: [TRACE] 1670077111612: setFetchType map[time:quals:{fieldName:"time"  string_value:">"  value:{timestamp_value:{seconds:1670073510  nanos:901355000}}}]
2022-12-03 14:18:31.027 UTC [TRACE] steampipe-plugin-hackernews.plugin: [TRACE] 1670077111612: getMatchingQuals column:'id' operator: =
2022-12-03 14:18:31.027 UTC [TRACE] steampipe-plugin-hackernews.plugin: [TRACE] 1670077111612: getMatchingQuals returning false - qualMap does not contain any quals for column id
2022-12-03 14:18:31.028 UTC [TRACE] steampipe-plugin-hackernews.plugin: [TRACE] 1670077111612: GetUnsatisfiedKeyColumns for columns column:'id' operator: =
2022-12-03 14:18:31.028 UTC [TRACE] steampipe-plugin-hackernews.plugin: [TRACE] 1670077111612: key column NOT satisfied column:'id' operator: =
2022-12-03 14:18:31.029 UTC [TRACE] steampipe-plugin-hackernews.plugin: [TRACE] 1670077111612: satisfied: map[any_of: optional: required:]
2022-12-03 14:18:31.029 UTC [TRACE] steampipe-plugin-hackernews.plugin: [TRACE] 1670077111612: unsatisfied: map[any_of: optional: required:column:'id' operator: =]
2022-12-03 14:18:31.030 UTC [TRACE] steampipe-plugin-hackernews.plugin: [TRACE] 1670077111612: unsatisfied required KeyColumns: column:'id' operator: =
2022-12-03 14:18:31.030 UTC [TRACE] steampipe-plugin-hackernews.plugin: [TRACE] 1670077111612: Set fetchType to fetchTypeList
2022-12-03 14:18:31.030 UTC [TRACE] steampipe-plugin-hackernews.plugin: [TRACE] 1670077111612: Equals key column quals:
2022-12-03 14:18:31.030 UTC [DEBUG] steampipe-plugin-hackernews.plugin: {}
2022-12-03 14:18:31.030 UTC [TRACE] steampipe-plugin-hackernews.plugin: [TRACE] 1670077111612: All key column quals:
2022-12-03 14:18:31.030 UTC [DEBUG] steampipe-plugin-hackernews.plugin: {}
2022-12-03 14:18:31.031 UTC [TRACE] steampipe-plugin-hackernews.plugin: [TRACE] 1670077111612: GetMatrixItem
2022-12-03 14:18:31.031 UTC [TRACE] steampipe-plugin-hackernews.plugin: [TRACE] 1670077111612: creating query data
2022-12-03 14:18:31.031 UTC [INFO]  steampipe-plugin-hackernews.plugin: [INFO]  1670077111612: cacheEnabled, trying cache get (hackernews-1670077111612)
2022-12-03 14:18:31.031 UTC [TRACE] steampipe-plugin-hackernews.plugin: [TRACE] 1670077111612: QueryCache Get - indexBucketKey index__hackernewshackernews_new, quals
2022-12-03 14:18:31.031 UTC [TRACE] steampipe-plugin-hackernews.plugin: [TRACE] 1670077111612: QueryCache getCachedQueryResult - table hackernews_new, connectionName hackernews
2022-12-03 14:18:31.031 UTC [TRACE] steampipe-plugin-hackernews.plugin: [TRACE] 1670077111612: index bucket key: index__hackernewshackernews_new ttlSeconds 300 limit: -1
2022-12-03 14:18:31.031 UTC [TRACE] steampipe-plugin-hackernews.plugin: [TRACE] 1670077111612: doGet cache miss
2022-12-03 14:18:31.031 UTC [TRACE] steampipe-plugin-hackernews.plugin: [TRACE] 1670077111612: getCachedIndexBucket - no item retrieved for cache key index__hackernewshackernews_new
2022-12-03 14:18:31.031 UTC [TRACE] steampipe-plugin-hackernews.plugin: [TRACE] 1670077111612: getCachedQueryResult returned CACHE MISS - checking for pending transfers
2022-12-03 14:18:31.031 UTC [TRACE] steampipe-plugin-hackernews.plugin: [TRACE] 1670077111612: getPendingResultItem indexBucketKey index__hackernewshackernews_new, columns [id title time by score dead deleted descendants kids parent parts poll text type url _ctx], limit -1
2022-12-03 14:18:31.031 UTC [TRACE] steampipe-plugin-hackernews.plugin: [TRACE] 1670077111612: no pending index item - add pending result, indexBucketKey index__hackernewshackernews_new
2022-12-03 14:18:31.031 UTC [TRACE] steampipe-plugin-hackernews.plugin: [TRACE] 1670077111612: addPendingResult (hackernews-1670077111612) indexBucketKey index__hackernewshackernews_new, columns [id title time by score dead deleted descendants kids parent parts poll text type url _ctx], limit -1
2022-12-03 14:18:31.031 UTC [TRACE] steampipe-plugin-hackernews.plugin: [TRACE] 1670077111612: no index bucket found - creating one
2022-12-03 14:18:31.031 UTC [TRACE] steampipe-plugin-hackernews.plugin: [TRACE] 1670077111612: pendingIndexItem Lock count before 0
2022-12-03 14:18:31.031 UTC [TRACE] steampipe-plugin-hackernews.plugin: [TRACE] 1670077111612: addPendingResult added pending index item to bucket, (hackernews-1670077111612) indexBucketKey index__hackernewshackernews_new, resultKeyRoot hackernewshackernews_newid,title,time,by,score,dead,deleted,descendants,kids,parent,parts,poll,text,type,url,_ctx-1, pending item : 0xc0003da7e0
2022-12-03 14:18:31.031 UTC [TRACE] steampipe-plugin-hackernews.plugin: [TRACE] 1670077111612: **** pending items (hackernews-1670077111612)****
2022-12-03 14:18:31.031 UTC [TRACE] steampipe-plugin-hackernews.plugin: [TRACE] 1670077111612: key: index__hackernewshackernews_new: item: 0xc0003da7e0, count: 1, key:hackernewshackernews_newid,title,time,by,score,dead,deleted,descendants,kids,parent,parts,poll,text,type,url,_ctx-1
2022-12-03 14:18:31.031 UTC [TRACE] steampipe-plugin-hackernews.plugin: [TRACE] 1670077111612: ********
2022-12-03 14:18:31.031 UTC [TRACE] steampipe-plugin-hackernews.plugin: [TRACE] 1670077111612: getPendingResultItem returning <nil>
2022-12-03 14:18:31.031 UTC [INFO]  steampipe-plugin-hackernews.plugin: [INFO]  1670077111612: CACHE MISS
2022-12-03 14:18:31.031 UTC [TRACE] steampipe-plugin-hackernews.plugin: [TRACE] 1670077111612: cache MISS
2022-12-03 14:18:31.031 UTC [INFO]  steampipe-plugin-hackernews.plugin: [INFO]  1670077111612: queryCacheGet returned CACHE MISS (hackernews-1670077111612)
2022-12-03 14:18:31.031 UTC [TRACE] steampipe-plugin-hackernews.plugin: [TRACE] 1670077111612: StartSet (hackernews-1670077111612)
2022-12-03 14:18:31.031 UTC [TRACE] steampipe-plugin-hackernews.plugin: [TRACE] 1670077111612: calling fetchItems, table: hackernews_new, matrixItem: [], limit: -1,  connectionCallId: hackernews-1670077111612"
2022-12-03 14:18:31.031 UTC [TRACE] steampipe-plugin-hackernews.plugin: [TRACE] 1670077111612: buildRowsAsync connectionCallId: hackernews-1670077111612
2022-12-03 14:18:31.032 UTC [TRACE] steampipe-plugin-hackernews.plugin: [TRACE] 1670077111612: streamRows connectionCallId: hackernews-1670077111612
2022-12-03 14:18:31.032 UTC [TRACE] steampipe-plugin-hackernews.plugin: [TRACE] 1670077111612: QueryData streamRows (hackernews-1670077111612)
2022-12-03 14:18:31.032 UTC [TRACE] steampipe-plugin-hackernews.plugin: [TRACE] 1670077111612: executeListCall START (hackernews-1670077111612)
2022-12-03 14:18:31.032 UTC [TRACE] steampipe-plugin-hackernews.plugin: [TRACE] 1670077111612: GetUnsatisfiedKeyColumns for columns
2022-12-03 14:18:31.032 UTC [TRACE] steampipe-plugin-hackernews.plugin: [TRACE] 1670077111612: doList (hackernews-1670077111612)
2022-12-03 14:18:31.032 UTC [TRACE] steampipe-plugin-hackernews.plugin: [TRACE] 1670077111612: doList: no matrix item
2022-12-03 14:18:31.254 UTC [TRACE] steampipe-plugin-hackernews.plugin: [TRACE] 1670077111612: QueryData.fetchComplete
2022-12-03 14:18:31.254 UTC [TRACE] steampipe-plugin-hackernews.plugin: [TRACE] 1670077111612: executeListCall COMPLETE (hackernews-1670077111612)
2022-12-03 14:18:31.254 UTC [TRACE] steampipe-plugin-hackernews.plugin: [TRACE] 1670077111612: rowData chan returned nil - wait for rows to complete (hackernews-1670077111612)
2022-12-03 14:18:31.255 UTC [TRACE] stdio: received data: channel=STDOUT len=13
2022-12-03 14:18:31.255 UTC [TRACE] stdio: waiting for stdio data
2022-12-03 14:18:31.427 UTC [TRACE] stdio: received data: channel=STDOUT len=81
2022-12-03 14:18:31.427 UTC [TRACE] stdio: waiting for stdio data
2022-12-03 14:18:31.437 UTC [TRACE] stdio: received data: channel=STDOUT len=429
2022-12-03 14:18:31.437 UTC [TRACE] stdio: waiting for stdio data
2022-12-03 14:18:31.476 UTC [TRACE] stdio: received data: channel=STDOUT len=646
2022-12-03 14:18:31.476 UTC [TRACE] stdio: waiting for stdio data
2022-12-03 14:18:31.523 UTC [TRACE] stdio: received data: channel=STDOUT len=292
2022-12-03 14:18:31.523 UTC [TRACE] stdio: waiting for stdio data
2022-12-03 14:18:31.577 UTC [TRACE] stdio: received data: channel=STDOUT len=1024
2022-12-03 14:18:31.577 UTC [TRACE] stdio: waiting for stdio data
2022-12-03 14:18:31.674 UTC [TRACE] stdio: received data: channel=STDOUT len=1024
2022-12-03 14:18:31.674 UTC [TRACE] stdio: waiting for stdio data
2022-12-03 14:18:31.674 UTC [TRACE] stdio: received data: channel=STDOUT len=64
2022-12-03 14:18:31.674 UTC [TRACE] stdio: waiting for stdio data
2022-12-03 14:18:31.696 UTC [TRACE] stdio: received data: channel=STDOUT len=1024
2022-12-03 14:18:31.696 UTC [TRACE] stdio: waiting for stdio data
2022-12-03 14:18:31.788 UTC [TRACE] steampipe-plugin-hackernews.plugin: [TRACE] 1670077111612: buildRowsAsync goroutine returning (hackernews-1670077111612)
2022-12-03 14:18:31.788 UTC [TRACE] steampipe-plugin-hackernews.plugin: [TRACE] 1670077111612: streamRows - nil row, stop streaming (hackernews-1670077111612)
2022-12-03 14:18:31.788 UTC [TRACE] steampipe-plugin-hackernews.plugin: [TRACE] 1670077111612: ------------------------------------
2022-12-03 14:18:31.788 UTC [TRACE] steampipe-plugin-hackernews.plugin: [TRACE] 1670077111612: Concurrency Summary
2022-12-03 14:18:31.788 UTC [TRACE] steampipe-plugin-hackernews.plugin: [TRACE] 1670077111612: ------------------------------------
2022-12-03 14:18:31.788 UTC [TRACE] steampipe-plugin-hackernews.plugin: [TRACE] 1670077111612: getItem                       : 200
2022-12-03 14:18:31.788 UTC [TRACE] steampipe-plugin-hackernews.plugin: [TRACE] 1670077111612: ------------------------------------
2022-12-03 14:18:31.788 UTC [TRACE] steampipe-plugin-hackernews.plugin: [TRACE] 1670077111612: Total                         : 200
2022-12-03 14:18:31.788 UTC [TRACE] steampipe-plugin-hackernews.plugin: [TRACE] 1670077111612: ------------------------------------
2022-12-03 14:18:31.788 UTC [TRACE] steampipe-plugin-hackernews.plugin: [TRACE] 1670077111612: QueryData streamRows DONE (hackernews-1670077111612)
2022-12-03 14:18:31.788 UTC [TRACE] steampipe-plugin-hackernews.plugin: [TRACE] 1670077111612: EndSet (hackernews-1670077111612) table hackernews_new
2022-12-03 14:18:31.788 UTC [TRACE] steampipe-plugin-hackernews.plugin: [TRACE] 1670077111612: QueryCache writePageToCache: 500 rows, pageCount 1, page key hackernewshackernews_newid,title,time,by,score,dead,deleted,descendants,kids,parent,parts,poll,text,type,url,_ctx-1-0
2022-12-03 14:18:31.797 UTC [TRACE] steampipe-plugin-hackernews.plugin: [TRACE] 1670077111612: writePageToCache Set - result written
2022-12-03 14:18:31.797 UTC [TRACE] steampipe-plugin-hackernews.plugin: [TRACE] 1670077111612: QueryCache EndSet - result written
2022-12-03 14:18:31.797 UTC [TRACE] steampipe-plugin-hackernews.plugin: [TRACE] 1670077111612: doGet cache miss
2022-12-03 14:18:31.797 UTC [TRACE] steampipe-plugin-hackernews.plugin: [TRACE] 1670077111612: getCachedIndexBucket - no item retrieved for cache key index__hackernewshackernews_new
2022-12-03 14:18:31.797 UTC [TRACE] steampipe-plugin-hackernews.plugin: [TRACE] 1670077111612: getCachedIndexBucket returned cache miss
2022-12-03 14:18:31.797 UTC [TRACE] steampipe-plugin-hackernews.plugin: [TRACE] 1670077111612: QueryCache EndSet - Added index item (0xc01ae22900) to bucket (0xc01abd4e58), page count 1,  key root hackernewshackernews_newid,title,time,by,score,dead,deleted,descendants,kids,parent,parts,poll,text,type,url,_ctx-1
2022-12-03 14:18:31.797 UTC [TRACE] steampipe-plugin-hackernews.plugin: [TRACE] 1670077111612: cacheSetIndexBucket index__hackernewshackernews_new
2022-12-03 14:18:31.797 UTC [TRACE] steampipe-plugin-hackernews.plugin: [TRACE] 1670077111612: QueryCache EndSet - IndexBucket written
2022-12-03 14:18:31.797 UTC [TRACE] steampipe-plugin-hackernews.plugin: [TRACE] 1670077111612: EndSet DEFER (hackernews-1670077111612) table hackernews_new
2022-12-03 14:18:31.797 UTC [TRACE] steampipe-plugin-hackernews.plugin: [TRACE] 1670077111612: calling pendingItemComplete (hackernews-1670077111612)
2022-12-03 14:18:31.797 UTC [TRACE] steampipe-plugin-hackernews.plugin: [TRACE] 1670077111612: pendingItemComplete (hackernews-1670077111612) indexBucketKey index__hackernewshackernews_new, columns [id title time by score dead deleted descendants kids parent parts poll text type url _ctx], limit -1
2022-12-03 14:18:31.797 UTC [TRACE] steampipe-plugin-hackernews.plugin: [TRACE] 1670077111612: got pending index bucket, (hackernews-1670077111612) len 1
2022-12-03 14:18:31.798 UTC [TRACE] steampipe-plugin-hackernews.plugin: [TRACE] 1670077111612: SatisfiesLimit limit -1, no item limit - satisfied
2022-12-03 14:18:31.798 UTC [TRACE] steampipe-plugin-hackernews.plugin: [TRACE] 1670077111612: found pending index item to satisfy columns id,title,time,by,score,dead,deleted,descendants,kids,parent,parts,poll,text,type,url,_ctx, limit -1
2022-12-03 14:18:31.798 UTC [TRACE] steampipe-plugin-hackernews.plugin: [TRACE] 1670077111612: found completed pending item (hackernews-1670077111612) 0xc0003da7e0, key hackernewshackernews_newid,title,time,by,score,dead,deleted,descendants,kids,parent,parts,poll,text,type,url,_ctx-1 - removing from map as it is complete
2022-12-03 14:18:31.798 UTC [TRACE] steampipe-plugin-hackernews.plugin: [TRACE] 1670077111612: pendingIndexItem Unlock count before 1 key hackernewshackernews_newid,title,time,by,score,dead,deleted,descendants,kids,parent,parts,poll,text,type,url,_ctx-1
2022-12-03 14:18:31.798 UTC [TRACE] steampipe-plugin-hackernews.plugin: [TRACE] 1670077111612: deleted from pending, (hackernews-1670077111612) len 0
2022-12-03 14:18:31.798 UTC [TRACE] steampipe-plugin-hackernews.plugin: [TRACE] 1670077111612: pending bucket now empty - deleting key index__hackernewshackernews_new
2022-12-03 14:18:31.798 UTC [TRACE] steampipe-plugin-hackernews.plugin: [TRACE] 1670077111612: pendingItemComplete done (hackernews-1670077111612)
2022-12-03 14:18:31.798 UTC [TRACE] steampipe-plugin-hackernews.plugin: [TRACE] 1670077111612: cache set succeeded
2022-12-03 14:18:31.798 UTC [TRACE] steampipe-plugin-hackernews.plugin: [TRACE] 1670077111612: End execute span
2022-12-03 14:18:31.798 UTC [TRACE] steampipe-plugin-hackernews.plugin: [TRACE] 1670077111612: executeForConnection DEFER (hackernews-1670077111612)
2022-12-03 14:18:31.798 UTC [TRACE] steampipe-plugin-hackernews.plugin: [TRACE] 1670077111612: Execute complete callId: hackernews-1670077111612 table: hackernews_new
2022-12-03 14:18:31.798 UTC [TRACE] steampipe-plugin-hackernews.plugin: [TRACE] 1670077111612: executeForConnection hackernews returned
2022-12-03 14:18:31.798 UTC [TRACE] steampipe-plugin-hackernews.plugin: [TRACE] 1670077111612: output wg complete - send nil row
2022-12-03 14:18:31.798 UTC [TRACE] steampipe-plugin-hackernews.plugin: [TRACE] 1670077111612: empty row on output channel - we are done
2022-12-03 14:18:31.798 UTC [INFO]  steampipe-plugin-hackernews.plugin: [INFO]  1670077111612: Plugin Execute complete (1670077111612)
2022-12-03 14:18:31.813 UTC [TRACE] stdio: received data: channel=STDOUT len=191
2022-12-03 14:18:31.813 UTC [TRACE] stdio: waiting for stdio data
2022-12-03 14:18:31.877 UTC [TRACE] PluginManager Shutdown
2022-12-03 14:18:31.877 UTC [TRACE] killing plugin hackernews (2039)
2022-12-03 14:18:31.878 UTC [TRACE] steampipe-plugin-hackernews.plugin: [TRACE] 1670077111612: FLUSHING instrumentation
2022-12-03 14:18:31.878 UTC [TRACE] steampipe-plugin-hackernews.plugin: [TRACE] 1670077111612: Shutdown instrumentation
2022-12-03 14:18:31.878 UTC [DEBUG] stdio: received EOF, stopping recv loop: err="rpc error: code = Unavailable desc = error reading from server: EOF"
2022-12-03 14:18:31.881 UTC [INFO]  plugin process exited: path=/home/runner/.steampipe/plugins/hub.steampipe.io/plugins/turbot/hackernews@latest/steampipe-plugin-hackernews.plugin pid=2039
2022-12-03 14:18:31.881 UTC [DEBUG] plugin exited
2022-12-03 14:18:31.881 UTC [TRACE] killing plugin csv (2016)
2022-12-03 14:18:31.882 UTC [DEBUG] stdio: received EOF, stopping recv loop: err="rpc error: code = Unavailable desc = error reading from server: EOF"
2022-12-03 14:18:31.883 UTC [TRACE] steampipe-plugin-csv.plugin: [TRACE] FLUSHING instrumentation
2022-12-03 14:18:31.883 UTC [TRACE] steampipe-plugin-csv.plugin: [TRACE] Shutdown instrumentation
2022-12-03 14:18:31.883 UTC [INFO]  plugin process exited: path=/home/runner/.steampipe/plugins/hub.steampipe.io/plugins/turbot/csv@latest/steampipe-plugin-csv.plugin pid=2016
2022-12-03 14:18:31.883 UTC [DEBUG] plugin exited
2022-12-03 14:18:37.694 UTC [WARN]  steampipe-plugin-csv.plugin: [WARN]  1670077117441: getKeyColumnsForTable found no schema for table '/home/runner/work/steampipe-samples/steampipe-samples/all/hackernews/hn.csv'
2022-12-03 14:19:13.269 UTC [WARN]  steampipe-plugin-csv.plugin: [WARN]  1670077153941: getKeyColumnsForTable found no schema for table '/home/runner/work/steampipe-samples/steampipe-samples/all/hackernews/hn.csv'
2022-12-03 14:22:50.482 UTC [ERROR] steampipe-plugin-csv.plugin: [ERROR] csv.tableCSV: header_parse_error=EOF path=/home/runner/work/steampipe-samples/steampipe-samples/all/hackernews/new_sc.csv header=[]
2022-12-03 14:22:50.482 UTC [ERROR] steampipe-plugin-csv.plugin: [ERROR] csv.PluginTables: create_table_error="failed to parse file header /home/runner/work/steampipe-samples/steampipe-samples/all/hackernews/new_sc.csv: EOF" path=/home/runner/work/steampipe-samples/steampipe-samples/all/hackernews/new_sc.csv
2022-12-03 14:22:50.482 UTC [WARN]  failed to set connection config: failed to parse file header /home/runner/work/steampipe-samples/steampipe-samples/all/hackernews/new_sc.csv: EOF
2022-12-03 14:22:51.951 UTC [WARN]  steampipe-plugin-csv.plugin: [WARN]  1670077371939: getKeyColumnsForTable found no schema for table '/home/runner/work/steampipe-samples/steampipe-samples/all/hackernews/new_sc.csv'
2022-12-03 14:23:01.247 UTC [ERROR] steampipe-plugin-csv.plugin: [ERROR] csv.tableCSV: header_parse_error=EOF path=/home/runner/work/steampipe-samples/steampipe-samples/all/hackernews/hn_items_all.csv header=[]
2022-12-03 14:23:01.247 UTC [ERROR] steampipe-plugin-csv.plugin: [ERROR] csv.PluginTables: create_table_error="failed to parse file header /home/runner/work/steampipe-samples/steampipe-samples/all/hackernews/hn_items_all.csv: EOF" path=/home/runner/work/steampipe-samples/steampipe-samples/all/hackernews/hn_items_all.csv
2022-12-03 14:23:01.247 UTC [WARN]  failed to set connection config: failed to parse file header /home/runner/work/steampipe-samples/steampipe-samples/all/hackernews/hn_items_all.csv: EOF
2022-12-03 14:23:02.866 UTC [ERROR] steampipe-plugin-csv.plugin: [ERROR] csv.tableCSV: header_parse_error=EOF path=/home/runner/work/steampipe-samples/steampipe-samples/all/hackernews/people.csv header=[]
2022-12-03 14:23:02.866 UTC [ERROR] steampipe-plugin-csv.plugin: [ERROR] csv.PluginTables: create_table_error="failed to parse file header /home/runner/work/steampipe-samples/steampipe-samples/all/hackernews/people.csv: EOF" path=/home/runner/work/steampipe-samples/steampipe-samples/all/hackernews/people.csv
2022-12-03 14:23:02.866 UTC [WARN]  failed to set connection config: failed to parse file header /home/runner/work/steampipe-samples/steampipe-samples/all/hackernews/people.csv: EOF
