2023-02-06 12:21:52.116 UTC [INFO]  starting plugin manager
2023-02-06 12:21:52.116 UTC [TRACE] loaded config map: github,hackernews,net,csv
2023-02-06 12:21:52.116 UTC [TRACE] NewPluginManager
2023-02-06 12:21:52.117 UTC [TRACE] PluginManager setPluginCacheSizeMap: 4 connections.
2023-02-06 12:21:52.117 UTC [TRACE] Total cache size 0Mb
2023-02-06 12:21:52.117 UTC [INFO]  starting connection watcher
2023-02-06 12:21:52.117 UTC [INFO]  created ConnectionWatcher
2023-02-06 12:21:52.117 UTC [TRACE] about to serve
2023-02-06 12:21:52.173 UTC [TRACE] PluginManager Get, connections: '[csv]'
2023-02-06 12:21:52.173 UTC [TRACE] PluginManager getPlugin hub.steampipe.io/plugins/turbot/csv@latest connection 'csv'
2023-02-06 12:21:52.173 UTC [TRACE] PluginManager 0xc0000c6b90 plugin hub.steampipe.io/plugins/turbot/csv@latest (csv) NOT started or starting - start now
2023-02-06 12:21:52.173 UTC [TRACE] ************ start plugin csv ********************
2023-02-06 12:21:52.173 UTC [TRACE] ************ plugin path /home/runner/.steampipe/plugins/hub.steampipe.io/plugins/turbot/csv@latest/steampipe-plugin-csv.plugin ********************
2023-02-06 12:21:52.235 UTC [DEBUG] starting plugin: path=/home/runner/.steampipe/plugins/hub.steampipe.io/plugins/turbot/csv@latest/steampipe-plugin-csv.plugin args=["/home/runner/.steampipe/plugins/hub.steampipe.io/plugins/turbot/csv@latest/steampipe-plugin-csv.plugin"]
2023-02-06 12:21:52.235 UTC [DEBUG] plugin started: path=/home/runner/.steampipe/plugins/hub.steampipe.io/plugins/turbot/csv@latest/steampipe-plugin-csv.plugin pid=1985
2023-02-06 12:21:52.235 UTC [DEBUG] waiting for RPC address: path=/home/runner/.steampipe/plugins/hub.steampipe.io/plugins/turbot/csv@latest/steampipe-plugin-csv.plugin
2023-02-06 12:21:52.246 UTC [INFO]  steampipe-plugin-csv.plugin: [INFO]  Initialise plugin 'steampipe-plugin-csv', using sdk version 4.1.8
2023-02-06 12:21:52.246 UTC [TRACE] steampipe-plugin-csv.plugin: [TRACE] no DefaultRetryConfig defined - creating empty
2023-02-06 12:21:52.246 UTC [TRACE] steampipe-plugin-csv.plugin: [TRACE] no DefaultIgnoreConfig defined - creating empty
2023-02-06 12:21:52.246 UTC [TRACE] steampipe-plugin-csv.plugin: [TRACE] telemetry.Init service 'steampipe-plugin-csv', tracingEnabled: false, metricsEnabled: false
2023-02-06 12:21:52.246 UTC [TRACE] steampipe-plugin-csv.plugin: [TRACE] metrics and tracing disabled' - returning
2023-02-06 12:21:52.247 UTC [DEBUG] steampipe-plugin-csv.plugin: plugin address: address=/tmp/plugin1757294980 network=unix timestamp=2023-02-06T12:21:52.246Z
2023-02-06 12:21:52.247 UTC [DEBUG] using plugin: version=0
2023-02-06 12:21:52.247 UTC [TRACE] NewPluginClient for plugin hub.steampipe.io/plugins/turbot/csv@latest
2023-02-06 12:21:52.249 UTC [TRACE] stdio: waiting for stdio data
2023-02-06 12:21:52.250 UTC [TRACE] supportedOperations: query_cache:true multiple_connections:true
2023-02-06 12:21:52.250 UTC [TRACE] steampipe-plugin-csv.plugin: [TRACE] SetAllConnectionConfigs setting 1 configs
2023-02-06 12:21:52.250 UTC [TRACE] steampipe-plugin-csv.plugin: [TRACE] connection csv build schema and table map
2023-02-06 12:21:52.250 UTC [DEBUG] steampipe-plugin-csv.plugin: [DEBUG] csv.tableCSV: path=/home/runner/work/steampipe-samples/steampipe-samples/all/hackernews/hn_items_all.csv detected_encoding=Unknown
2023-02-06 12:21:52.250 UTC [DEBUG] steampipe-plugin-csv.plugin: [DEBUG] csv.tableCSV: path=/home/runner/work/steampipe-samples/steampipe-samples/all/hackernews/new_sc.csv detected_encoding=Unknown
2023-02-06 12:21:52.250 UTC [TRACE] steampipe-plugin-csv.plugin: [TRACE] initialise table /home/runner/work/steampipe-samples/steampipe-samples/all/hackernews/hn_items_all.csv
2023-02-06 12:21:52.250 UTC [TRACE] steampipe-plugin-csv.plugin: [TRACE] no DefaultRetryConfig defined - creating empty
2023-02-06 12:21:52.250 UTC [TRACE] steampipe-plugin-csv.plugin: [TRACE] no DefaultIgnoreConfig defined - creating empty
2023-02-06 12:21:52.250 UTC [TRACE] steampipe-plugin-csv.plugin: [TRACE] apply plugin defaults for DefaultRetryConfig
2023-02-06 12:21:52.250 UTC [TRACE] steampipe-plugin-csv.plugin: [TRACE] apply plugin defaults for DefaultIgnoreConfig, table &{<nil> <nil>} plugin &{<nil> <nil>}
2023-02-06 12:21:52.250 UTC [TRACE] steampipe-plugin-csv.plugin: [TRACE] DefaultRetryConfig:
2023-02-06 12:21:52.250 UTC [TRACE] steampipe-plugin-csv.plugin: [TRACE] DefaultIgnoreConfig:
2023-02-06 12:21:52.250 UTC [TRACE] steampipe-plugin-csv.plugin: [TRACE] t.List.initialise
2023-02-06 12:21:52.250 UTC [TRACE] steampipe-plugin-csv.plugin: [TRACE] ListConfig.initialise table /home/runner/work/steampipe-samples/steampipe-samples/all/hackernews/hn_items_all.csv
2023-02-06 12:21:52.250 UTC [TRACE] steampipe-plugin-csv.plugin: [TRACE] ListConfig.initialise complete: RetryConfig: , IgnoreConfig
2023-02-06 12:21:52.250 UTC [TRACE] steampipe-plugin-csv.plugin: [TRACE] back from initialiseHydrateConfigs
2023-02-06 12:21:52.250 UTC [TRACE] steampipe-plugin-csv.plugin: [TRACE] initialise table /home/runner/work/steampipe-samples/steampipe-samples/all/hackernews/hn_items_all.csv COMPLETE
2023-02-06 12:21:52.250 UTC [TRACE] steampipe-plugin-csv.plugin: [TRACE] initialise table /home/runner/work/steampipe-samples/steampipe-samples/all/hackernews/new_sc.csv
2023-02-06 12:21:52.250 UTC [TRACE] steampipe-plugin-csv.plugin: [TRACE] no DefaultRetryConfig defined - creating empty
2023-02-06 12:21:52.250 UTC [TRACE] steampipe-plugin-csv.plugin: [TRACE] no DefaultIgnoreConfig defined - creating empty
2023-02-06 12:21:52.250 UTC [TRACE] steampipe-plugin-csv.plugin: [TRACE] apply plugin defaults for DefaultRetryConfig
2023-02-06 12:21:52.250 UTC [TRACE] steampipe-plugin-csv.plugin: [TRACE] apply plugin defaults for DefaultIgnoreConfig, table &{<nil> <nil>} plugin &{<nil> <nil>}
2023-02-06 12:21:52.250 UTC [TRACE] steampipe-plugin-csv.plugin: [TRACE] DefaultRetryConfig:
2023-02-06 12:21:52.250 UTC [TRACE] steampipe-plugin-csv.plugin: [TRACE] DefaultIgnoreConfig:
2023-02-06 12:21:52.250 UTC [TRACE] steampipe-plugin-csv.plugin: [TRACE] t.List.initialise
2023-02-06 12:21:52.250 UTC [TRACE] steampipe-plugin-csv.plugin: [TRACE] ListConfig.initialise table /home/runner/work/steampipe-samples/steampipe-samples/all/hackernews/new_sc.csv
2023-02-06 12:21:52.250 UTC [TRACE] steampipe-plugin-csv.plugin: [TRACE] ListConfig.initialise complete: RetryConfig: , IgnoreConfig
2023-02-06 12:21:52.250 UTC [TRACE] steampipe-plugin-csv.plugin: [TRACE] back from initialiseHydrateConfigs
2023-02-06 12:21:52.250 UTC [TRACE] steampipe-plugin-csv.plugin: [TRACE] initialise table /home/runner/work/steampipe-samples/steampipe-samples/all/hackernews/new_sc.csv COMPLETE
2023-02-06 12:21:52.250 UTC [TRACE] steampipe-plugin-csv.plugin: [TRACE] validate plugin steampipe-plugin-csv, required columns []
2023-02-06 12:21:52.250 UTC [TRACE] steampipe-plugin-csv.plugin: [TRACE] validate DefaultRetryConfig
2023-02-06 12:21:52.250 UTC [TRACE] steampipe-plugin-csv.plugin: [TRACE] validate DefaultIgnoreConfig
2023-02-06 12:21:52.250 UTC [TRACE] steampipe-plugin-csv.plugin: [TRACE] validate table names
2023-02-06 12:21:52.250 UTC [TRACE] steampipe-plugin-csv.plugin: [TRACE] plugin has 0 validation errors
2023-02-06 12:21:52.250 UTC [TRACE] steampipe-plugin-csv.plugin: [TRACE] Plugin ensureCache creating cache, maxCacheStorageMb 0
2023-02-06 12:21:52.250 UTC [TRACE] steampipe-plugin-csv.plugin: [TRACE] createCacheStore for plugin 'steampipe-plugin-csv' setting max size to 0Mb, Shards: 2, max shard size: 0
2023-02-06 12:21:52.264 UTC [INFO]  steampipe-plugin-csv.plugin: [INFO]  query cache created
2023-02-06 12:21:52.264 UTC [DEBUG] steampipe-plugin-csv.plugin: [DEBUG] SetAllConnectionConfigs finished
2023-02-06 12:21:52.264 UTC [TRACE] PluginManager getPlugin complete, returning reattach config with PID: 1985
2023-02-06 12:21:52.264 UTC [TRACE] PluginManager Get returning reattach_map:{key:"csv" value:{protocol:"grpc" addr:{Network:"unix" Address:"/tmp/plugin1757294980"} pid:1985 supported_operations:{query_cache:true multiple_connections:true} connections:"csv" plugin:"hub.steampipe.io/plugins/turbot/csv@latest"}}
2023-02-06 12:21:52.303 UTC [TRACE] PluginManager Get, connections: '[csv]'
2023-02-06 12:21:52.303 UTC [TRACE] PluginManager getPlugin hub.steampipe.io/plugins/turbot/csv@latest connection 'csv'
2023-02-06 12:21:52.303 UTC [TRACE] connection csv found in connectionPluginMap
2023-02-06 12:21:52.303 UTC [TRACE] initialized: 1985
2023-02-06 12:21:52.303 UTC [TRACE] initialized: 1985
2023-02-06 12:21:52.303 UTC [TRACE] connection csv is loaded, check for running PID
2023-02-06 12:21:52.304 UTC [TRACE] PluginManager found 'csv' in map, pid 1985
2023-02-06 12:21:52.304 UTC [TRACE] PluginManager Get returning reattach_map:{key:"csv" value:{protocol:"grpc" addr:{Network:"unix" Address:"/tmp/plugin1757294980"} pid:1985 supported_operations:{query_cache:true multiple_connections:true} connections:"csv" plugin:"hub.steampipe.io/plugins/turbot/csv@latest"}}
2023-02-06 12:21:52.356 UTC [TRACE] PluginManager Get, connections: '[hackernews]'
2023-02-06 12:21:52.356 UTC [TRACE] PluginManager getPlugin hub.steampipe.io/plugins/turbot/hackernews@latest connection 'hackernews'
2023-02-06 12:21:52.356 UTC [TRACE] PluginManager 0xc0000c6b90 plugin hub.steampipe.io/plugins/turbot/hackernews@latest (hackernews) NOT started or starting - start now
2023-02-06 12:21:52.356 UTC [TRACE] ************ start plugin hackernews ********************
2023-02-06 12:21:52.356 UTC [TRACE] ************ plugin path /home/runner/.steampipe/plugins/hub.steampipe.io/plugins/turbot/hackernews@latest/steampipe-plugin-hackernews.plugin ********************
2023-02-06 12:21:52.418 UTC [DEBUG] starting plugin: path=/home/runner/.steampipe/plugins/hub.steampipe.io/plugins/turbot/hackernews@latest/steampipe-plugin-hackernews.plugin args=["/home/runner/.steampipe/plugins/hub.steampipe.io/plugins/turbot/hackernews@latest/steampipe-plugin-hackernews.plugin"]
2023-02-06 12:21:52.418 UTC [DEBUG] plugin started: path=/home/runner/.steampipe/plugins/hub.steampipe.io/plugins/turbot/hackernews@latest/steampipe-plugin-hackernews.plugin pid=2010
2023-02-06 12:21:52.418 UTC [DEBUG] waiting for RPC address: path=/home/runner/.steampipe/plugins/hub.steampipe.io/plugins/turbot/hackernews@latest/steampipe-plugin-hackernews.plugin
2023-02-06 12:21:52.427 UTC [INFO]  steampipe-plugin-hackernews.plugin: [INFO]  Initialise plugin 'steampipe-plugin-hackernews', using sdk version 4.1.7
2023-02-06 12:21:52.427 UTC [TRACE] steampipe-plugin-hackernews.plugin: [TRACE] defaulting SchemaMode to SchemaModeStatic
2023-02-06 12:21:52.427 UTC [TRACE] steampipe-plugin-hackernews.plugin: [TRACE] no DefaultRetryConfig defined - creating empty
2023-02-06 12:21:52.427 UTC [TRACE] steampipe-plugin-hackernews.plugin: [TRACE] no DefaultIgnoreConfig defined - creating empty
2023-02-06 12:21:52.427 UTC [TRACE] steampipe-plugin-hackernews.plugin: [TRACE] Setting Ulimit: ulimit=2560
2023-02-06 12:21:52.428 UTC [TRACE] steampipe-plugin-hackernews.plugin: [TRACE] telemetry.Init service 'steampipe-plugin-hackernews', tracingEnabled: false, metricsEnabled: false
2023-02-06 12:21:52.428 UTC [TRACE] steampipe-plugin-hackernews.plugin: [TRACE] metrics and tracing disabled' - returning
2023-02-06 12:21:52.428 UTC [DEBUG] steampipe-plugin-hackernews.plugin: plugin address: address=/tmp/plugin2461766046 network=unix timestamp=2023-02-06T12:21:52.428Z
2023-02-06 12:21:52.428 UTC [DEBUG] using plugin: version=0
2023-02-06 12:21:52.428 UTC [TRACE] NewPluginClient for plugin hub.steampipe.io/plugins/turbot/hackernews@latest
2023-02-06 12:21:52.428 UTC [TRACE] stdio: waiting for stdio data
2023-02-06 12:21:52.430 UTC [TRACE] supportedOperations: query_cache:true multiple_connections:true
2023-02-06 12:21:52.431 UTC [TRACE] steampipe-plugin-hackernews.plugin: [TRACE] SetAllConnectionConfigs setting 1 configs
2023-02-06 12:21:52.431 UTC [TRACE] steampipe-plugin-hackernews.plugin: [TRACE] connection hackernews build schema and table map
2023-02-06 12:21:52.431 UTC [TRACE] steampipe-plugin-hackernews.plugin: [TRACE] initialise table hackernews_job
2023-02-06 12:21:52.431 UTC [TRACE] steampipe-plugin-hackernews.plugin: [TRACE] no DefaultRetryConfig defined - creating empty
2023-02-06 12:21:52.431 UTC [TRACE] steampipe-plugin-hackernews.plugin: [TRACE] no DefaultIgnoreConfig defined - creating empty
2023-02-06 12:21:52.431 UTC [TRACE] steampipe-plugin-hackernews.plugin: [TRACE] apply plugin defaults for DefaultRetryConfig
2023-02-06 12:21:52.431 UTC [TRACE] steampipe-plugin-hackernews.plugin: [TRACE] apply plugin defaults for DefaultIgnoreConfig, table &{<nil> <nil>} plugin &{<nil> <nil>}
2023-02-06 12:21:52.431 UTC [TRACE] steampipe-plugin-hackernews.plugin: [TRACE] DefaultRetryConfig:
2023-02-06 12:21:52.431 UTC [TRACE] steampipe-plugin-hackernews.plugin: [TRACE] DefaultIgnoreConfig:
2023-02-06 12:21:52.431 UTC [TRACE] steampipe-plugin-hackernews.plugin: [TRACE] t.Get.initialise
2023-02-06 12:21:52.431 UTC [TRACE] steampipe-plugin-hackernews.plugin: [TRACE] GetConfig.initialise table hackernews_job
2023-02-06 12:21:52.431 UTC [TRACE] steampipe-plugin-hackernews.plugin: [TRACE] GetConfig.initialise complete: RetryConfig: , IgnoreConfig:
2023-02-06 12:21:52.431 UTC [TRACE] steampipe-plugin-hackernews.plugin: [TRACE] t.List.initialise
2023-02-06 12:21:52.431 UTC [TRACE] steampipe-plugin-hackernews.plugin: [TRACE] ListConfig.initialise table hackernews_job
2023-02-06 12:21:52.431 UTC [TRACE] steampipe-plugin-hackernews.plugin: [TRACE] ListConfig.initialise complete: RetryConfig: , IgnoreConfig
2023-02-06 12:21:52.431 UTC [TRACE] steampipe-plugin-hackernews.plugin: [TRACE] HydrateConfig.initialise func getItem, table hackernews_job
2023-02-06 12:21:52.431 UTC [TRACE] steampipe-plugin-hackernews.plugin: [TRACE] HydrateConfig.initialise complete: RetryConfig: , IgnoreConfig:
2023-02-06 12:21:52.431 UTC [TRACE] steampipe-plugin-hackernews.plugin: [TRACE] back from initialiseHydrateConfigs
2023-02-06 12:21:52.431 UTC [TRACE] steampipe-plugin-hackernews.plugin: [TRACE] initialise table hackernews_job COMPLETE
2023-02-06 12:21:52.431 UTC [TRACE] steampipe-plugin-hackernews.plugin: [TRACE] initialise table hackernews_new
2023-02-06 12:21:52.431 UTC [TRACE] steampipe-plugin-hackernews.plugin: [TRACE] no DefaultRetryConfig defined - creating empty
2023-02-06 12:21:52.431 UTC [TRACE] steampipe-plugin-hackernews.plugin: [TRACE] no DefaultIgnoreConfig defined - creating empty
2023-02-06 12:21:52.431 UTC [TRACE] steampipe-plugin-hackernews.plugin: [TRACE] apply plugin defaults for DefaultRetryConfig
2023-02-06 12:21:52.431 UTC [TRACE] steampipe-plugin-hackernews.plugin: [TRACE] apply plugin defaults for DefaultIgnoreConfig, table &{<nil> <nil>} plugin &{<nil> <nil>}
2023-02-06 12:21:52.431 UTC [TRACE] steampipe-plugin-hackernews.plugin: [TRACE] DefaultRetryConfig:
2023-02-06 12:21:52.431 UTC [TRACE] steampipe-plugin-hackernews.plugin: [TRACE] DefaultIgnoreConfig:
2023-02-06 12:21:52.431 UTC [TRACE] steampipe-plugin-hackernews.plugin: [TRACE] t.Get.initialise
2023-02-06 12:21:52.431 UTC [TRACE] steampipe-plugin-hackernews.plugin: [TRACE] GetConfig.initialise table hackernews_new
2023-02-06 12:21:52.431 UTC [TRACE] steampipe-plugin-hackernews.plugin: [TRACE] GetConfig.initialise complete: RetryConfig: , IgnoreConfig:
2023-02-06 12:21:52.431 UTC [TRACE] steampipe-plugin-hackernews.plugin: [TRACE] t.List.initialise
2023-02-06 12:21:52.431 UTC [TRACE] steampipe-plugin-hackernews.plugin: [TRACE] ListConfig.initialise table hackernews_new
2023-02-06 12:21:52.431 UTC [TRACE] steampipe-plugin-hackernews.plugin: [TRACE] ListConfig.initialise complete: RetryConfig: , IgnoreConfig
2023-02-06 12:21:52.431 UTC [TRACE] steampipe-plugin-hackernews.plugin: [TRACE] HydrateConfig.initialise func getItem, table hackernews_new
2023-02-06 12:21:52.431 UTC [TRACE] steampipe-plugin-hackernews.plugin: [TRACE] HydrateConfig.initialise complete: RetryConfig: , IgnoreConfig:
2023-02-06 12:21:52.431 UTC [TRACE] steampipe-plugin-hackernews.plugin: [TRACE] back from initialiseHydrateConfigs
2023-02-06 12:21:52.431 UTC [TRACE] steampipe-plugin-hackernews.plugin: [TRACE] initialise table hackernews_new COMPLETE
2023-02-06 12:21:52.431 UTC [TRACE] steampipe-plugin-hackernews.plugin: [TRACE] initialise table hackernews_show_hn
2023-02-06 12:21:52.431 UTC [TRACE] steampipe-plugin-hackernews.plugin: [TRACE] no DefaultRetryConfig defined - creating empty
2023-02-06 12:21:52.431 UTC [TRACE] steampipe-plugin-hackernews.plugin: [TRACE] no DefaultIgnoreConfig defined - creating empty
2023-02-06 12:21:52.431 UTC [TRACE] steampipe-plugin-hackernews.plugin: [TRACE] apply plugin defaults for DefaultRetryConfig
2023-02-06 12:21:52.431 UTC [TRACE] steampipe-plugin-hackernews.plugin: [TRACE] apply plugin defaults for DefaultIgnoreConfig, table &{<nil> <nil>} plugin &{<nil> <nil>}
2023-02-06 12:21:52.431 UTC [TRACE] steampipe-plugin-hackernews.plugin: [TRACE] DefaultRetryConfig:
2023-02-06 12:21:52.431 UTC [TRACE] steampipe-plugin-hackernews.plugin: [TRACE] DefaultIgnoreConfig:
2023-02-06 12:21:52.431 UTC [TRACE] steampipe-plugin-hackernews.plugin: [TRACE] t.Get.initialise
2023-02-06 12:21:52.431 UTC [TRACE] steampipe-plugin-hackernews.plugin: [TRACE] GetConfig.initialise table hackernews_show_hn
2023-02-06 12:21:52.431 UTC [TRACE] steampipe-plugin-hackernews.plugin: [TRACE] GetConfig.initialise complete: RetryConfig: , IgnoreConfig:
2023-02-06 12:21:52.431 UTC [TRACE] steampipe-plugin-hackernews.plugin: [TRACE] t.List.initialise
2023-02-06 12:21:52.431 UTC [TRACE] steampipe-plugin-hackernews.plugin: [TRACE] ListConfig.initialise table hackernews_show_hn
2023-02-06 12:21:52.431 UTC [TRACE] steampipe-plugin-hackernews.plugin: [TRACE] ListConfig.initialise complete: RetryConfig: , IgnoreConfig
2023-02-06 12:21:52.431 UTC [TRACE] steampipe-plugin-hackernews.plugin: [TRACE] HydrateConfig.initialise func getItem, table hackernews_show_hn
2023-02-06 12:21:52.431 UTC [TRACE] steampipe-plugin-hackernews.plugin: [TRACE] HydrateConfig.initialise complete: RetryConfig: , IgnoreConfig:
2023-02-06 12:21:52.431 UTC [TRACE] steampipe-plugin-hackernews.plugin: [TRACE] back from initialiseHydrateConfigs
2023-02-06 12:21:52.431 UTC [TRACE] steampipe-plugin-hackernews.plugin: [TRACE] initialise table hackernews_show_hn COMPLETE
2023-02-06 12:21:52.431 UTC [TRACE] steampipe-plugin-hackernews.plugin: [TRACE] initialise table hackernews_top
2023-02-06 12:21:52.431 UTC [TRACE] steampipe-plugin-hackernews.plugin: [TRACE] no DefaultRetryConfig defined - creating empty
2023-02-06 12:21:52.431 UTC [TRACE] steampipe-plugin-hackernews.plugin: [TRACE] no DefaultIgnoreConfig defined - creating empty
2023-02-06 12:21:52.431 UTC [TRACE] steampipe-plugin-hackernews.plugin: [TRACE] apply plugin defaults for DefaultRetryConfig
2023-02-06 12:21:52.431 UTC [TRACE] steampipe-plugin-hackernews.plugin: [TRACE] apply plugin defaults for DefaultIgnoreConfig, table &{<nil> <nil>} plugin &{<nil> <nil>}
2023-02-06 12:21:52.431 UTC [TRACE] steampipe-plugin-hackernews.plugin: [TRACE] DefaultRetryConfig:
2023-02-06 12:21:52.431 UTC [TRACE] steampipe-plugin-hackernews.plugin: [TRACE] DefaultIgnoreConfig:
2023-02-06 12:21:52.431 UTC [TRACE] steampipe-plugin-hackernews.plugin: [TRACE] t.Get.initialise
2023-02-06 12:21:52.431 UTC [TRACE] steampipe-plugin-hackernews.plugin: [TRACE] GetConfig.initialise table hackernews_top
2023-02-06 12:21:52.431 UTC [TRACE] steampipe-plugin-hackernews.plugin: [TRACE] GetConfig.initialise complete: RetryConfig: , IgnoreConfig:
2023-02-06 12:21:52.431 UTC [TRACE] steampipe-plugin-hackernews.plugin: [TRACE] t.List.initialise
2023-02-06 12:21:52.431 UTC [TRACE] steampipe-plugin-hackernews.plugin: [TRACE] ListConfig.initialise table hackernews_top
2023-02-06 12:21:52.431 UTC [TRACE] steampipe-plugin-hackernews.plugin: [TRACE] ListConfig.initialise complete: RetryConfig: , IgnoreConfig
2023-02-06 12:21:52.431 UTC [TRACE] steampipe-plugin-hackernews.plugin: [TRACE] HydrateConfig.initialise func getItem, table hackernews_top
2023-02-06 12:21:52.431 UTC [TRACE] steampipe-plugin-hackernews.plugin: [TRACE] HydrateConfig.initialise complete: RetryConfig: , IgnoreConfig:
2023-02-06 12:21:52.431 UTC [TRACE] steampipe-plugin-hackernews.plugin: [TRACE] back from initialiseHydrateConfigs
2023-02-06 12:21:52.431 UTC [TRACE] steampipe-plugin-hackernews.plugin: [TRACE] initialise table hackernews_top COMPLETE
2023-02-06 12:21:52.431 UTC [TRACE] steampipe-plugin-hackernews.plugin: [TRACE] initialise table hackernews_user
2023-02-06 12:21:52.431 UTC [TRACE] steampipe-plugin-hackernews.plugin: [TRACE] no DefaultRetryConfig defined - creating empty
2023-02-06 12:21:52.431 UTC [TRACE] steampipe-plugin-hackernews.plugin: [TRACE] no DefaultIgnoreConfig defined - creating empty
2023-02-06 12:21:52.431 UTC [TRACE] steampipe-plugin-hackernews.plugin: [TRACE] apply plugin defaults for DefaultRetryConfig
2023-02-06 12:21:52.431 UTC [TRACE] steampipe-plugin-hackernews.plugin: [TRACE] apply plugin defaults for DefaultIgnoreConfig, table &{<nil> <nil>} plugin &{<nil> <nil>}
2023-02-06 12:21:52.431 UTC [TRACE] steampipe-plugin-hackernews.plugin: [TRACE] DefaultRetryConfig:
2023-02-06 12:21:52.431 UTC [TRACE] steampipe-plugin-hackernews.plugin: [TRACE] DefaultIgnoreConfig:
2023-02-06 12:21:52.431 UTC [TRACE] steampipe-plugin-hackernews.plugin: [TRACE] t.List.initialise
2023-02-06 12:21:52.431 UTC [TRACE] steampipe-plugin-hackernews.plugin: [TRACE] ListConfig.initialise table hackernews_user
2023-02-06 12:21:52.431 UTC [TRACE] steampipe-plugin-hackernews.plugin: [TRACE] ListConfig.initialise complete: RetryConfig: , IgnoreConfig
2023-02-06 12:21:52.431 UTC [TRACE] steampipe-plugin-hackernews.plugin: [TRACE] back from initialiseHydrateConfigs
2023-02-06 12:21:52.431 UTC [TRACE] steampipe-plugin-hackernews.plugin: [TRACE] initialise table hackernews_user COMPLETE
2023-02-06 12:21:52.431 UTC [TRACE] steampipe-plugin-hackernews.plugin: [TRACE] initialise table hackernews_ask_hn
2023-02-06 12:21:52.431 UTC [TRACE] steampipe-plugin-hackernews.plugin: [TRACE] no DefaultRetryConfig defined - creating empty
2023-02-06 12:21:52.431 UTC [TRACE] steampipe-plugin-hackernews.plugin: [TRACE] no DefaultIgnoreConfig defined - creating empty
2023-02-06 12:21:52.431 UTC [TRACE] steampipe-plugin-hackernews.plugin: [TRACE] apply plugin defaults for DefaultRetryConfig
2023-02-06 12:21:52.431 UTC [TRACE] steampipe-plugin-hackernews.plugin: [TRACE] apply plugin defaults for DefaultIgnoreConfig, table &{<nil> <nil>} plugin &{<nil> <nil>}
2023-02-06 12:21:52.431 UTC [TRACE] steampipe-plugin-hackernews.plugin: [TRACE] DefaultRetryConfig:
2023-02-06 12:21:52.431 UTC [TRACE] steampipe-plugin-hackernews.plugin: [TRACE] DefaultIgnoreConfig:
2023-02-06 12:21:52.431 UTC [TRACE] steampipe-plugin-hackernews.plugin: [TRACE] t.Get.initialise
2023-02-06 12:21:52.431 UTC [TRACE] steampipe-plugin-hackernews.plugin: [TRACE] GetConfig.initialise table hackernews_ask_hn
2023-02-06 12:21:52.431 UTC [TRACE] steampipe-plugin-hackernews.plugin: [TRACE] GetConfig.initialise complete: RetryConfig: , IgnoreConfig:
2023-02-06 12:21:52.431 UTC [TRACE] steampipe-plugin-hackernews.plugin: [TRACE] t.List.initialise
2023-02-06 12:21:52.431 UTC [TRACE] steampipe-plugin-hackernews.plugin: [TRACE] ListConfig.initialise table hackernews_ask_hn
2023-02-06 12:21:52.431 UTC [TRACE] steampipe-plugin-hackernews.plugin: [TRACE] ListConfig.initialise complete: RetryConfig: , IgnoreConfig
2023-02-06 12:21:52.431 UTC [TRACE] steampipe-plugin-hackernews.plugin: [TRACE] HydrateConfig.initialise func getItem, table hackernews_ask_hn
2023-02-06 12:21:52.431 UTC [TRACE] steampipe-plugin-hackernews.plugin: [TRACE] HydrateConfig.initialise complete: RetryConfig: , IgnoreConfig:
2023-02-06 12:21:52.431 UTC [TRACE] steampipe-plugin-hackernews.plugin: [TRACE] back from initialiseHydrateConfigs
2023-02-06 12:21:52.431 UTC [TRACE] steampipe-plugin-hackernews.plugin: [TRACE] initialise table hackernews_ask_hn COMPLETE
2023-02-06 12:21:52.431 UTC [TRACE] steampipe-plugin-hackernews.plugin: [TRACE] initialise table hackernews_best
2023-02-06 12:21:52.431 UTC [TRACE] steampipe-plugin-hackernews.plugin: [TRACE] no DefaultRetryConfig defined - creating empty
2023-02-06 12:21:52.431 UTC [TRACE] steampipe-plugin-hackernews.plugin: [TRACE] no DefaultIgnoreConfig defined - creating empty
2023-02-06 12:21:52.431 UTC [TRACE] steampipe-plugin-hackernews.plugin: [TRACE] apply plugin defaults for DefaultRetryConfig
2023-02-06 12:21:52.431 UTC [TRACE] steampipe-plugin-hackernews.plugin: [TRACE] apply plugin defaults for DefaultIgnoreConfig, table &{<nil> <nil>} plugin &{<nil> <nil>}
2023-02-06 12:21:52.431 UTC [TRACE] steampipe-plugin-hackernews.plugin: [TRACE] DefaultRetryConfig:
2023-02-06 12:21:52.431 UTC [TRACE] steampipe-plugin-hackernews.plugin: [TRACE] DefaultIgnoreConfig:
2023-02-06 12:21:52.431 UTC [TRACE] steampipe-plugin-hackernews.plugin: [TRACE] t.Get.initialise
2023-02-06 12:21:52.431 UTC [TRACE] steampipe-plugin-hackernews.plugin: [TRACE] GetConfig.initialise table hackernews_best
2023-02-06 12:21:52.431 UTC [TRACE] steampipe-plugin-hackernews.plugin: [TRACE] GetConfig.initialise complete: RetryConfig: , IgnoreConfig:
2023-02-06 12:21:52.431 UTC [TRACE] steampipe-plugin-hackernews.plugin: [TRACE] t.List.initialise
2023-02-06 12:21:52.432 UTC [TRACE] steampipe-plugin-hackernews.plugin: [TRACE] ListConfig.initialise table hackernews_best
2023-02-06 12:21:52.432 UTC [TRACE] steampipe-plugin-hackernews.plugin: [TRACE] ListConfig.initialise complete: RetryConfig: , IgnoreConfig
2023-02-06 12:21:52.432 UTC [TRACE] steampipe-plugin-hackernews.plugin: [TRACE] HydrateConfig.initialise func getItem, table hackernews_best
2023-02-06 12:21:52.432 UTC [TRACE] steampipe-plugin-hackernews.plugin: [TRACE] HydrateConfig.initialise complete: RetryConfig: , IgnoreConfig:
2023-02-06 12:21:52.432 UTC [TRACE] steampipe-plugin-hackernews.plugin: [TRACE] back from initialiseHydrateConfigs
2023-02-06 12:21:52.432 UTC [TRACE] steampipe-plugin-hackernews.plugin: [TRACE] initialise table hackernews_best COMPLETE
2023-02-06 12:21:52.432 UTC [TRACE] steampipe-plugin-hackernews.plugin: [TRACE] initialise table hackernews_item
2023-02-06 12:21:52.432 UTC [TRACE] steampipe-plugin-hackernews.plugin: [TRACE] no DefaultRetryConfig defined - creating empty
2023-02-06 12:21:52.432 UTC [TRACE] steampipe-plugin-hackernews.plugin: [TRACE] no DefaultIgnoreConfig defined - creating empty
2023-02-06 12:21:52.432 UTC [TRACE] steampipe-plugin-hackernews.plugin: [TRACE] apply plugin defaults for DefaultRetryConfig
2023-02-06 12:21:52.432 UTC [TRACE] steampipe-plugin-hackernews.plugin: [TRACE] apply plugin defaults for DefaultIgnoreConfig, table &{<nil> <nil>} plugin &{<nil> <nil>}
2023-02-06 12:21:52.432 UTC [TRACE] steampipe-plugin-hackernews.plugin: [TRACE] DefaultRetryConfig:
2023-02-06 12:21:52.432 UTC [TRACE] steampipe-plugin-hackernews.plugin: [TRACE] DefaultIgnoreConfig:
2023-02-06 12:21:52.432 UTC [TRACE] steampipe-plugin-hackernews.plugin: [TRACE] t.Get.initialise
2023-02-06 12:21:52.432 UTC [TRACE] steampipe-plugin-hackernews.plugin: [TRACE] GetConfig.initialise table hackernews_item
2023-02-06 12:21:52.432 UTC [TRACE] steampipe-plugin-hackernews.plugin: [TRACE] GetConfig.initialise complete: RetryConfig: , IgnoreConfig:
2023-02-06 12:21:52.432 UTC [TRACE] steampipe-plugin-hackernews.plugin: [TRACE] t.List.initialise
2023-02-06 12:21:52.432 UTC [TRACE] steampipe-plugin-hackernews.plugin: [TRACE] ListConfig.initialise table hackernews_item
2023-02-06 12:21:52.432 UTC [TRACE] steampipe-plugin-hackernews.plugin: [TRACE] ListConfig.initialise complete: RetryConfig: , IgnoreConfig
2023-02-06 12:21:52.432 UTC [TRACE] steampipe-plugin-hackernews.plugin: [TRACE] HydrateConfig.initialise func getItem, table hackernews_item
2023-02-06 12:21:52.432 UTC [TRACE] steampipe-plugin-hackernews.plugin: [TRACE] HydrateConfig.initialise complete: RetryConfig: , IgnoreConfig:
2023-02-06 12:21:52.432 UTC [TRACE] steampipe-plugin-hackernews.plugin: [TRACE] back from initialiseHydrateConfigs
2023-02-06 12:21:52.432 UTC [TRACE] steampipe-plugin-hackernews.plugin: [TRACE] initialise table hackernews_item COMPLETE
2023-02-06 12:21:52.432 UTC [TRACE] steampipe-plugin-hackernews.plugin: [TRACE] validate plugin steampipe-plugin-hackernews, required columns []
2023-02-06 12:21:52.432 UTC [TRACE] steampipe-plugin-hackernews.plugin: [TRACE] validate DefaultRetryConfig
2023-02-06 12:21:52.432 UTC [TRACE] steampipe-plugin-hackernews.plugin: [TRACE] validate DefaultIgnoreConfig
2023-02-06 12:21:52.432 UTC [TRACE] steampipe-plugin-hackernews.plugin: [TRACE] validate table names
2023-02-06 12:21:52.432 UTC [TRACE] steampipe-plugin-hackernews.plugin: [TRACE] plugin has 0 validation errors
2023-02-06 12:21:52.432 UTC [TRACE] steampipe-plugin-hackernews.plugin: [TRACE] Plugin ensureCache creating cache, maxCacheStorageMb 0
2023-02-06 12:21:52.432 UTC [TRACE] steampipe-plugin-hackernews.plugin: [TRACE] createCacheStore for plugin 'steampipe-plugin-hackernews' setting max size to 0Mb, Shards: 2, max shard size: 0
2023-02-06 12:21:52.442 UTC [INFO]  steampipe-plugin-hackernews.plugin: [INFO]  query cache created
2023-02-06 12:21:52.443 UTC [DEBUG] steampipe-plugin-hackernews.plugin: [DEBUG] SetAllConnectionConfigs finished
2023-02-06 12:21:52.443 UTC [TRACE] PluginManager getPlugin complete, returning reattach config with PID: 2010
2023-02-06 12:21:52.443 UTC [TRACE] PluginManager Get returning reattach_map:{key:"hackernews" value:{protocol:"grpc" addr:{Network:"unix" Address:"/tmp/plugin2461766046"} pid:2010 supported_operations:{query_cache:true multiple_connections:true} connections:"hackernews" plugin:"hub.steampipe.io/plugins/turbot/hackernews@latest"}}
2023-02-06 12:21:52.451 UTC [INFO]  steampipe-plugin-hackernews.plugin: [INFO]  1675686112143: Plugin Execute (1675686112143)
2023-02-06 12:21:52.451 UTC [TRACE] steampipe-plugin-hackernews.plugin: [TRACE] 1675686112143: No memory limit set
2023-02-06 12:21:52.451 UTC [INFO]  steampipe-plugin-hackernews.plugin: [INFO]  1675686112143: Plugin Execute, setting memory limit to -1Mb
2023-02-06 12:21:52.451 UTC [TRACE] steampipe-plugin-hackernews.plugin: [TRACE] 1675686112143: calling ExtractContextFromCarrier
2023-02-06 12:21:52.451 UTC [INFO]  steampipe-plugin-hackernews.plugin: [INFO]  1675686112143: Setting max concurrent connections to 25
2023-02-06 12:21:52.451 UTC [TRACE] steampipe-plugin-hackernews.plugin: [TRACE] 1675686112143: executeForConnection callId: 1675686112143, connectionCallId: hackernews-1675686112143, connection: hackernews table: hackernews_new cols: id,title,time,by,score,dead,deleted,descendants,kids,parent,parts,poll,text,type,url,_ctx
2023-02-06 12:21:52.451 UTC [TRACE] steampipe-plugin-hackernews.plugin: [TRACE] 1675686112143: got connection data
2023-02-06 12:21:52.451 UTC [TRACE] steampipe-plugin-hackernews.plugin: [TRACE] 1675686112143: Got query context, table: hackernews_new, cols: [id title time by score dead deleted descendants kids parent parts poll text type url _ctx]
2023-02-06 12:21:52.451 UTC [TRACE] steampipe-plugin-hackernews.plugin: [TRACE] 1675686112143: Start execute span
2023-02-06 12:21:52.451 UTC [INFO]  steampipe-plugin-hackernews.plugin: [INFO]  1675686112143: Setting free memory interval to 100 rows
2023-02-06 12:21:52.451 UTC [TRACE] steampipe-plugin-hackernews.plugin: [TRACE] 1675686112143: setFetchType map[time:quals:{fieldName:"time"  string_value:">"  value:{timestamp_value:{seconds:1675682512  nanos:334214000}}}]
2023-02-06 12:21:52.452 UTC [TRACE] steampipe-plugin-hackernews.plugin: [TRACE] 1675686112143: getMatchingQuals column:'id' operator: =
2023-02-06 12:21:52.452 UTC [TRACE] steampipe-plugin-hackernews.plugin: [TRACE] 1675686112143: getMatchingQuals returning false - qualMap does not contain any quals for column id
2023-02-06 12:21:52.452 UTC [TRACE] steampipe-plugin-hackernews.plugin: [TRACE] 1675686112143: GetUnsatisfiedKeyColumns for columns column:'id' operator: =
2023-02-06 12:21:52.453 UTC [TRACE] steampipe-plugin-hackernews.plugin: [TRACE] 1675686112143: key column NOT satisfied column:'id' operator: =
2023-02-06 12:21:52.453 UTC [TRACE] steampipe-plugin-hackernews.plugin: [TRACE] 1675686112143: satisfied: map[any_of: optional: required:]
2023-02-06 12:21:52.454 UTC [TRACE] steampipe-plugin-hackernews.plugin: [TRACE] 1675686112143: unsatisfied: map[any_of: optional: required:column:'id' operator: =]
2023-02-06 12:21:52.454 UTC [TRACE] steampipe-plugin-hackernews.plugin: [TRACE] 1675686112143: unsatisfied required KeyColumns: column:'id' operator: =
2023-02-06 12:21:52.454 UTC [TRACE] steampipe-plugin-hackernews.plugin: [TRACE] 1675686112143: Set fetchType to fetchTypeList
2023-02-06 12:21:52.454 UTC [TRACE] steampipe-plugin-hackernews.plugin: [TRACE] 1675686112143: Equals key column quals:
2023-02-06 12:21:52.454 UTC [DEBUG] steampipe-plugin-hackernews.plugin: {}
2023-02-06 12:21:52.454 UTC [TRACE] steampipe-plugin-hackernews.plugin: [TRACE] 1675686112143: All key column quals:
2023-02-06 12:21:52.454 UTC [DEBUG] steampipe-plugin-hackernews.plugin: {}
2023-02-06 12:21:52.454 UTC [TRACE] steampipe-plugin-hackernews.plugin: [TRACE] 1675686112143: GetMatrixItem
2023-02-06 12:21:52.454 UTC [TRACE] steampipe-plugin-hackernews.plugin: [TRACE] 1675686112143: creating query data
2023-02-06 12:21:52.454 UTC [INFO]  steampipe-plugin-hackernews.plugin: [INFO]  1675686112143: cacheEnabled, trying cache get (hackernews-1675686112143)
2023-02-06 12:21:52.454 UTC [TRACE] steampipe-plugin-hackernews.plugin: [TRACE] 1675686112143: QueryCache Get - indexBucketKey index__hackernewshackernews_new, quals
2023-02-06 12:21:52.454 UTC [TRACE] steampipe-plugin-hackernews.plugin: [TRACE] 1675686112143: QueryCache getCachedQueryResult - table hackernews_new, connectionName hackernews
2023-02-06 12:21:52.454 UTC [TRACE] steampipe-plugin-hackernews.plugin: [TRACE] 1675686112143: index bucket key: index__hackernewshackernews_new ttlSeconds 300 limit: -1
2023-02-06 12:21:52.454 UTC [TRACE] steampipe-plugin-hackernews.plugin: [TRACE] 1675686112143: doGet cache miss
2023-02-06 12:21:52.454 UTC [TRACE] steampipe-plugin-hackernews.plugin: [TRACE] 1675686112143: getCachedIndexBucket - no item retrieved for cache key index__hackernewshackernews_new
2023-02-06 12:21:52.454 UTC [TRACE] steampipe-plugin-hackernews.plugin: [TRACE] 1675686112143: getCachedQueryResult returned CACHE MISS - checking for pending transfers
2023-02-06 12:21:52.454 UTC [TRACE] steampipe-plugin-hackernews.plugin: [TRACE] 1675686112143: getPendingResultItem indexBucketKey index__hackernewshackernews_new, columns [id title time by score dead deleted descendants kids parent parts poll text type url _ctx], limit -1
2023-02-06 12:21:52.454 UTC [TRACE] steampipe-plugin-hackernews.plugin: [TRACE] 1675686112143: no pending index item - add pending result, indexBucketKey index__hackernewshackernews_new
2023-02-06 12:21:52.454 UTC [TRACE] steampipe-plugin-hackernews.plugin: [TRACE] 1675686112143: addPendingResult (hackernews-1675686112143) indexBucketKey index__hackernewshackernews_new, columns [id title time by score dead deleted descendants kids parent parts poll text type url _ctx], limit -1
2023-02-06 12:21:52.454 UTC [TRACE] steampipe-plugin-hackernews.plugin: [TRACE] 1675686112143: no index bucket found - creating one
2023-02-06 12:21:52.454 UTC [TRACE] steampipe-plugin-hackernews.plugin: [TRACE] 1675686112143: pendingIndexItem Lock count before 0
2023-02-06 12:21:52.454 UTC [TRACE] steampipe-plugin-hackernews.plugin: [TRACE] 1675686112143: addPendingResult added pending index item to bucket, (hackernews-1675686112143) indexBucketKey index__hackernewshackernews_new, resultKeyRoot hackernewshackernews_newid,title,time,by,score,dead,deleted,descendants,kids,parent,parts,poll,text,type,url,_ctx-1, pending item : 0xc0003bdb60
2023-02-06 12:21:52.454 UTC [TRACE] steampipe-plugin-hackernews.plugin: [TRACE] 1675686112143: **** pending items (hackernews-1675686112143)****
2023-02-06 12:21:52.454 UTC [TRACE] steampipe-plugin-hackernews.plugin: [TRACE] 1675686112143: key: index__hackernewshackernews_new: item: 0xc0003bdb60, count: 1, key:hackernewshackernews_newid,title,time,by,score,dead,deleted,descendants,kids,parent,parts,poll,text,type,url,_ctx-1
2023-02-06 12:21:52.454 UTC [TRACE] steampipe-plugin-hackernews.plugin: [TRACE] 1675686112143: ********
2023-02-06 12:21:52.454 UTC [TRACE] steampipe-plugin-hackernews.plugin: [TRACE] 1675686112143: getPendingResultItem returning <nil>
2023-02-06 12:21:52.454 UTC [INFO]  steampipe-plugin-hackernews.plugin: [INFO]  1675686112143: CACHE MISS
2023-02-06 12:21:52.454 UTC [TRACE] steampipe-plugin-hackernews.plugin: [TRACE] 1675686112143: cache MISS
2023-02-06 12:21:52.454 UTC [INFO]  steampipe-plugin-hackernews.plugin: [INFO]  1675686112143: queryCacheGet returned CACHE MISS (hackernews-1675686112143)
2023-02-06 12:21:52.454 UTC [TRACE] steampipe-plugin-hackernews.plugin: [TRACE] 1675686112143: StartSet (hackernews-1675686112143)
2023-02-06 12:21:52.454 UTC [TRACE] steampipe-plugin-hackernews.plugin: [TRACE] 1675686112143: calling fetchItems, table: hackernews_new, matrixItem: [], limit: -1,  connectionCallId: hackernews-1675686112143"
2023-02-06 12:21:52.454 UTC [TRACE] steampipe-plugin-hackernews.plugin: [TRACE] 1675686112143: buildRowsAsync connectionCallId: hackernews-1675686112143
2023-02-06 12:21:52.454 UTC [TRACE] steampipe-plugin-hackernews.plugin: [TRACE] 1675686112143: streamRows connectionCallId: hackernews-1675686112143
2023-02-06 12:21:52.454 UTC [TRACE] steampipe-plugin-hackernews.plugin: [TRACE] 1675686112143: QueryData streamRows (hackernews-1675686112143)
2023-02-06 12:21:52.454 UTC [TRACE] steampipe-plugin-hackernews.plugin: [TRACE] 1675686112143: executeListCall START (hackernews-1675686112143)
2023-02-06 12:21:52.454 UTC [TRACE] steampipe-plugin-hackernews.plugin: [TRACE] 1675686112143: GetUnsatisfiedKeyColumns for columns
2023-02-06 12:21:52.454 UTC [TRACE] steampipe-plugin-hackernews.plugin: [TRACE] 1675686112143: doList (hackernews-1675686112143)
2023-02-06 12:21:52.454 UTC [TRACE] steampipe-plugin-hackernews.plugin: [TRACE] 1675686112143: doList: no matrix item
2023-02-06 12:21:52.642 UTC [TRACE] steampipe-plugin-hackernews.plugin: [TRACE] 1675686112143: QueryData.fetchComplete
2023-02-06 12:21:52.642 UTC [TRACE] steampipe-plugin-hackernews.plugin: [TRACE] 1675686112143: executeListCall COMPLETE (hackernews-1675686112143)
2023-02-06 12:21:52.642 UTC [TRACE] steampipe-plugin-hackernews.plugin: [TRACE] 1675686112143: rowData chan returned nil - wait for rows to complete (hackernews-1675686112143)
2023-02-06 12:21:52.649 UTC [TRACE] stdio: received data: channel=STDOUT len=19
2023-02-06 12:21:52.649 UTC [TRACE] stdio: waiting for stdio data
2023-02-06 12:21:52.772 UTC [TRACE] stdio: received data: channel=STDOUT len=124
2023-02-06 12:21:52.772 UTC [TRACE] stdio: waiting for stdio data
2023-02-06 12:21:52.788 UTC [TRACE] stdio: received data: channel=STDOUT len=829
2023-02-06 12:21:52.788 UTC [TRACE] stdio: waiting for stdio data
2023-02-06 12:21:52.789 UTC [TRACE] stdio: received data: channel=STDOUT len=314
2023-02-06 12:21:52.789 UTC [TRACE] stdio: waiting for stdio data
2023-02-06 12:21:52.798 UTC [TRACE] stdio: received data: channel=STDOUT len=404
2023-02-06 12:21:52.798 UTC [TRACE] stdio: waiting for stdio data
2023-02-06 12:21:52.828 UTC [TRACE] stdio: received data: channel=STDOUT len=260
2023-02-06 12:21:52.828 UTC [TRACE] stdio: waiting for stdio data
2023-02-06 12:21:52.863 UTC [TRACE] stdio: received data: channel=STDOUT len=548
2023-02-06 12:21:52.863 UTC [TRACE] stdio: waiting for stdio data
2023-02-06 12:21:52.928 UTC [TRACE] stdio: received data: channel=STDOUT len=203
2023-02-06 12:21:52.928 UTC [TRACE] stdio: waiting for stdio data
2023-02-06 12:21:52.934 UTC [TRACE] stdio: received data: channel=STDOUT len=1024
2023-02-06 12:21:52.934 UTC [TRACE] stdio: waiting for stdio data
2023-02-06 12:21:52.994 UTC [TRACE] stdio: received data: channel=STDOUT len=277
2023-02-06 12:21:52.994 UTC [TRACE] stdio: waiting for stdio data
2023-02-06 12:21:53.030 UTC [TRACE] steampipe-plugin-hackernews.plugin: [TRACE] 1675686112143: buildRowsAsync goroutine returning (hackernews-1675686112143)
2023-02-06 12:21:53.030 UTC [TRACE] steampipe-plugin-hackernews.plugin: [TRACE] 1675686112143: streamRows - nil row, stop streaming (hackernews-1675686112143)
2023-02-06 12:21:53.030 UTC [TRACE] steampipe-plugin-hackernews.plugin: [TRACE] 1675686112143: ------------------------------------
2023-02-06 12:21:53.030 UTC [TRACE] steampipe-plugin-hackernews.plugin: [TRACE] 1675686112143: Concurrency Summary
2023-02-06 12:21:53.030 UTC [TRACE] steampipe-plugin-hackernews.plugin: [TRACE] 1675686112143: ------------------------------------
2023-02-06 12:21:53.030 UTC [TRACE] steampipe-plugin-hackernews.plugin: [TRACE] 1675686112143: getItem                       : 200
2023-02-06 12:21:53.030 UTC [TRACE] steampipe-plugin-hackernews.plugin: [TRACE] 1675686112143: ------------------------------------
2023-02-06 12:21:53.030 UTC [TRACE] steampipe-plugin-hackernews.plugin: [TRACE] 1675686112143: Total                         : 200
2023-02-06 12:21:53.030 UTC [TRACE] steampipe-plugin-hackernews.plugin: [TRACE] 1675686112143: ------------------------------------
2023-02-06 12:21:53.030 UTC [TRACE] steampipe-plugin-hackernews.plugin: [TRACE] 1675686112143: QueryData streamRows DONE (hackernews-1675686112143)
2023-02-06 12:21:53.031 UTC [TRACE] steampipe-plugin-hackernews.plugin: [TRACE] 1675686112143: EndSet (hackernews-1675686112143) table hackernews_new
2023-02-06 12:21:53.031 UTC [TRACE] steampipe-plugin-hackernews.plugin: [TRACE] 1675686112143: QueryCache writePageToCache: 500 rows, pageCount 1, page key hackernewshackernews_newid,title,time,by,score,dead,deleted,descendants,kids,parent,parts,poll,text,type,url,_ctx-1-0
2023-02-06 12:21:53.039 UTC [TRACE] steampipe-plugin-hackernews.plugin: [TRACE] 1675686112143: writePageToCache Set - result written
2023-02-06 12:21:53.040 UTC [TRACE] steampipe-plugin-hackernews.plugin: [TRACE] 1675686112143: QueryCache EndSet - result written
2023-02-06 12:21:53.040 UTC [TRACE] steampipe-plugin-hackernews.plugin: [TRACE] 1675686112143: doGet cache miss
2023-02-06 12:21:53.040 UTC [TRACE] steampipe-plugin-hackernews.plugin: [TRACE] 1675686112143: getCachedIndexBucket - no item retrieved for cache key index__hackernewshackernews_new
2023-02-06 12:21:53.040 UTC [TRACE] steampipe-plugin-hackernews.plugin: [TRACE] 1675686112143: getCachedIndexBucket returned cache miss
2023-02-06 12:21:53.040 UTC [TRACE] steampipe-plugin-hackernews.plugin: [TRACE] 1675686112143: QueryCache EndSet - Added index item (0xc01af05800) to bucket (0xc01aede930), page count 1,  key root hackernewshackernews_newid,title,time,by,score,dead,deleted,descendants,kids,parent,parts,poll,text,type,url,_ctx-1
2023-02-06 12:21:53.040 UTC [TRACE] steampipe-plugin-hackernews.plugin: [TRACE] 1675686112143: cacheSetIndexBucket index__hackernewshackernews_new
2023-02-06 12:21:53.040 UTC [TRACE] steampipe-plugin-hackernews.plugin: [TRACE] 1675686112143: QueryCache EndSet - IndexBucket written
2023-02-06 12:21:53.040 UTC [TRACE] steampipe-plugin-hackernews.plugin: [TRACE] 1675686112143: EndSet DEFER (hackernews-1675686112143) table hackernews_new
2023-02-06 12:21:53.040 UTC [TRACE] steampipe-plugin-hackernews.plugin: [TRACE] 1675686112143: calling pendingItemComplete (hackernews-1675686112143)
2023-02-06 12:21:53.040 UTC [TRACE] steampipe-plugin-hackernews.plugin: [TRACE] 1675686112143: pendingItemComplete (hackernews-1675686112143) indexBucketKey index__hackernewshackernews_new, columns [id title time by score dead deleted descendants kids parent parts poll text type url _ctx], limit -1
2023-02-06 12:21:53.040 UTC [TRACE] steampipe-plugin-hackernews.plugin: [TRACE] 1675686112143: got pending index bucket, (hackernews-1675686112143) len 1
2023-02-06 12:21:53.040 UTC [TRACE] steampipe-plugin-hackernews.plugin: [TRACE] 1675686112143: SatisfiesLimit limit -1, no item limit - satisfied
2023-02-06 12:21:53.040 UTC [TRACE] steampipe-plugin-hackernews.plugin: [TRACE] 1675686112143: found pending index item to satisfy columns id,title,time,by,score,dead,deleted,descendants,kids,parent,parts,poll,text,type,url,_ctx, limit -1
2023-02-06 12:21:53.040 UTC [TRACE] steampipe-plugin-hackernews.plugin: [TRACE] 1675686112143: found completed pending item (hackernews-1675686112143) 0xc0003bdb60, key hackernewshackernews_newid,title,time,by,score,dead,deleted,descendants,kids,parent,parts,poll,text,type,url,_ctx-1 - removing from map as it is complete
2023-02-06 12:21:53.040 UTC [TRACE] steampipe-plugin-hackernews.plugin: [TRACE] 1675686112143: pendingIndexItem Unlock count before 1 key hackernewshackernews_newid,title,time,by,score,dead,deleted,descendants,kids,parent,parts,poll,text,type,url,_ctx-1
2023-02-06 12:21:53.040 UTC [TRACE] steampipe-plugin-hackernews.plugin: [TRACE] 1675686112143: deleted from pending, (hackernews-1675686112143) len 0
2023-02-06 12:21:53.040 UTC [TRACE] steampipe-plugin-hackernews.plugin: [TRACE] 1675686112143: pending bucket now empty - deleting key index__hackernewshackernews_new
2023-02-06 12:21:53.040 UTC [TRACE] steampipe-plugin-hackernews.plugin: [TRACE] 1675686112143: pendingItemComplete done (hackernews-1675686112143)
2023-02-06 12:21:53.040 UTC [TRACE] steampipe-plugin-hackernews.plugin: [TRACE] 1675686112143: cache set succeeded
2023-02-06 12:21:53.040 UTC [TRACE] steampipe-plugin-hackernews.plugin: [TRACE] 1675686112143: End execute span
2023-02-06 12:21:53.040 UTC [TRACE] steampipe-plugin-hackernews.plugin: [TRACE] 1675686112143: executeForConnection DEFER (hackernews-1675686112143)
2023-02-06 12:21:53.040 UTC [TRACE] steampipe-plugin-hackernews.plugin: [TRACE] 1675686112143: Execute complete callId: hackernews-1675686112143 table: hackernews_new
2023-02-06 12:21:53.040 UTC [TRACE] steampipe-plugin-hackernews.plugin: [TRACE] 1675686112143: executeForConnection hackernews returned
2023-02-06 12:21:53.040 UTC [TRACE] steampipe-plugin-hackernews.plugin: [TRACE] 1675686112143: output wg complete - send nil row
2023-02-06 12:21:53.040 UTC [TRACE] steampipe-plugin-hackernews.plugin: [TRACE] 1675686112143: empty row on output channel - we are done
2023-02-06 12:21:53.040 UTC [INFO]  steampipe-plugin-hackernews.plugin: [INFO]  1675686112143: Plugin Execute complete (1675686112143)
2023-02-06 12:21:53.042 UTC [TRACE] stdio: received data: channel=STDOUT len=36
2023-02-06 12:21:53.042 UTC [TRACE] stdio: waiting for stdio data
2023-02-06 12:21:53.053 UTC [TRACE] PluginManager Shutdown
2023-02-06 12:21:53.053 UTC [TRACE] killing plugin csv (1985)
2023-02-06 12:21:53.055 UTC [TRACE] steampipe-plugin-csv.plugin: [TRACE] FLUSHING instrumentation
2023-02-06 12:21:53.055 UTC [TRACE] steampipe-plugin-csv.plugin: [TRACE] Shutdown instrumentation
2023-02-06 12:21:53.055 UTC [INFO]  plugin process exited: path=/home/runner/.steampipe/plugins/hub.steampipe.io/plugins/turbot/csv@latest/steampipe-plugin-csv.plugin pid=1985
2023-02-06 12:21:53.055 UTC [DEBUG] stdio: received EOF, stopping recv loop: err="rpc error: code = Unavailable desc = error reading from server: EOF"
2023-02-06 12:21:53.055 UTC [DEBUG] plugin exited
2023-02-06 12:21:53.055 UTC [TRACE] killing plugin hackernews (2010)
2023-02-06 12:21:53.058 UTC [DEBUG] stdio: received EOF, stopping recv loop: err="rpc error: code = Unavailable desc = error reading from server: EOF"
2023-02-06 12:21:53.058 UTC [TRACE] steampipe-plugin-hackernews.plugin: [TRACE] 1675686112143: FLUSHING instrumentation
2023-02-06 12:21:53.058 UTC [TRACE] steampipe-plugin-hackernews.plugin: [TRACE] 1675686112143: Shutdown instrumentation
2023-02-06 12:21:53.058 UTC [INFO]  plugin process exited: path=/home/runner/.steampipe/plugins/hub.steampipe.io/plugins/turbot/hackernews@latest/steampipe-plugin-hackernews.plugin pid=2010
2023-02-06 12:21:53.058 UTC [DEBUG] plugin exited
2023-02-06 12:21:59.007 UTC [WARN]  steampipe-plugin-csv.plugin: [WARN]  1675686119988: getKeyColumnsForTable found no schema for table '/home/runner/work/steampipe-samples/steampipe-samples/all/hackernews/hn.csv'
2023-02-06 12:22:37.949 UTC [WARN]  steampipe-plugin-csv.plugin: [WARN]  1675686157944: getKeyColumnsForTable found no schema for table '/home/runner/work/steampipe-samples/steampipe-samples/all/hackernews/hn.csv'
2023-02-06 12:24:36.296 UTC [ERROR] steampipe-plugin-csv.plugin: [ERROR] csv.tableCSV: header_parse_error=EOF path=/home/runner/work/steampipe-samples/steampipe-samples/all/hackernews/new_sc.csv header=[]
2023-02-06 12:24:36.296 UTC [ERROR] steampipe-plugin-csv.plugin: [ERROR] csv.PluginTables: create_table_error="failed to parse file header /home/runner/work/steampipe-samples/steampipe-samples/all/hackernews/new_sc.csv: EOF" path=/home/runner/work/steampipe-samples/steampipe-samples/all/hackernews/new_sc.csv
2023-02-06 12:24:36.296 UTC [WARN]  failed to set connection config: failed to parse file header /home/runner/work/steampipe-samples/steampipe-samples/all/hackernews/new_sc.csv: EOF
2023-02-06 12:24:37.128 UTC [WARN]  steampipe-plugin-csv.plugin: [WARN]  1675686277781: getKeyColumnsForTable found no schema for table '/home/runner/work/steampipe-samples/steampipe-samples/all/hackernews/new_sc.csv'
2023-02-06 12:24:42.104 UTC [ERROR] steampipe-plugin-csv.plugin: [ERROR] csv.tableCSV: header_parse_error=EOF path=/home/runner/work/steampipe-samples/steampipe-samples/all/hackernews/hn_items_all.csv header=[]
2023-02-06 12:24:42.104 UTC [ERROR] steampipe-plugin-csv.plugin: [ERROR] csv.PluginTables: create_table_error="failed to parse file header /home/runner/work/steampipe-samples/steampipe-samples/all/hackernews/hn_items_all.csv: EOF" path=/home/runner/work/steampipe-samples/steampipe-samples/all/hackernews/hn_items_all.csv
2023-02-06 12:24:42.104 UTC [WARN]  failed to set connection config: failed to parse file header /home/runner/work/steampipe-samples/steampipe-samples/all/hackernews/hn_items_all.csv: EOF
