2022-07-22 01:50:56.707 UTC [INFO]  starting plugin manager
2022-07-22 01:50:56.708 UTC [TRACE] loaded config map: csv,github,hackernews,net
2022-07-22 01:50:56.708 UTC [INFO]  starting connection watcher
2022-07-22 01:50:56.708 UTC [INFO]  created ConnectionWatcher
2022-07-22 01:50:56.708 UTC [TRACE] about to serve
2022-07-22 01:50:56.773 UTC [TRACE] PluginManager Get, connections: '[csv]'
2022-07-22 01:50:56.773 UTC [TRACE] PluginManager getPlugin connection 'csv'
2022-07-22 01:50:56.773 UTC [TRACE] PluginManager 0xc000608db0 'csv' NOT found in map  - starting
2022-07-22 01:50:56.773 UTC [TRACE] ************ start plugin csv ********************
2022-07-22 01:50:56.773 UTC [DEBUG] starting plugin: path=/home/runner/.steampipe/plugins/hub.steampipe.io/plugins/turbot/csv@latest/steampipe-plugin-csv.plugin args=["/home/runner/.steampipe/plugins/hub.steampipe.io/plugins/turbot/csv@latest/steampipe-plugin-csv.plugin"]
2022-07-22 01:50:56.773 UTC [DEBUG] plugin started: path=/home/runner/.steampipe/plugins/hub.steampipe.io/plugins/turbot/csv@latest/steampipe-plugin-csv.plugin pid=2294
2022-07-22 01:50:56.773 UTC [DEBUG] waiting for RPC address: path=/home/runner/.steampipe/plugins/hub.steampipe.io/plugins/turbot/csv@latest/steampipe-plugin-csv.plugin
2022-07-22 01:50:56.779 UTC [DEBUG] steampipe-plugin-csv.plugin: 2022/07/22 01:50:56 [TRACE] Plugin Initialise creating connection manager
2022-07-22 01:50:56.782 UTC [TRACE] steampipe-plugin-csv.plugin: [TRACE] Setting Ulimit: ulimit=2560
2022-07-22 01:50:56.782 UTC [DEBUG] steampipe-plugin-csv.plugin: plugin address: address=/tmp/plugin2160083202 network=unix timestamp=2022-07-22T01:50:56.782Z
2022-07-22 01:50:56.782 UTC [DEBUG] using plugin: version=0
2022-07-22 01:50:56.782 UTC [TRACE] PluginManager getPlugin complete, returning reattach config with PID: 2294
2022-07-22 01:50:56.782 UTC [TRACE] PluginManager Get returning reattach_map:{key:"csv" value:{protocol:"grpc" addr:{Network:"unix" Address:"/tmp/plugin2160083202"} pid:2294}}
2022-07-22 01:50:56.784 UTC [TRACE] steampipe-plugin-csv.plugin: [TRACE] validate plugin steampipe-plugin-csv, required columns []
2022-07-22 01:50:56.786 UTC [INFO]  steampipe-plugin-csv.plugin: [INFO]  query cache created
2022-07-22 01:50:56.786 UTC [DEBUG] steampipe-plugin-csv.plugin: [DEBUG] SetConnectionConfig finished
2022-07-22 01:50:56.789 UTC [TRACE] PluginManager Get, connections: '[]'
2022-07-22 01:50:56.789 UTC [TRACE] PluginManager Get returning
2022-07-22 01:50:56.809 UTC [TRACE] handleFileWatcherEvent ignoring first event
2022-07-22 01:50:56.870 UTC [TRACE] PluginManager Get, connections: '[csv]'
2022-07-22 01:50:56.870 UTC [TRACE] PluginManager getPlugin connection 'csv'
2022-07-22 01:50:56.870 UTC [TRACE] initialized: 2294
2022-07-22 01:50:56.870 UTC [TRACE] connection csv is loaded, check for running PID
2022-07-22 01:50:56.871 UTC [TRACE] PluginManager found 'csv' in map, pid 2294, reattach protocol:"grpc" addr:{Network:"unix" Address:"/tmp/plugin2160083202"} pid:2294
2022-07-22 01:50:56.871 UTC [TRACE] PluginManager Get returning reattach_map:{key:"csv" value:{protocol:"grpc" addr:{Network:"unix" Address:"/tmp/plugin2160083202"} pid:2294}}
2022-07-22 01:50:57.067 UTC [TRACE] PluginManager Get, connections: '[hackernews]'
2022-07-22 01:50:57.067 UTC [TRACE] PluginManager getPlugin connection 'hackernews'
2022-07-22 01:50:57.067 UTC [TRACE] PluginManager 0xc000608db0 'hackernews' NOT found in map  - starting
2022-07-22 01:50:57.067 UTC [TRACE] ************ start plugin hackernews ********************
2022-07-22 01:50:57.067 UTC [DEBUG] starting plugin: path=/home/runner/.steampipe/plugins/hub.steampipe.io/plugins/turbot/hackernews@latest/steampipe-plugin-hackernews.plugin args=["/home/runner/.steampipe/plugins/hub.steampipe.io/plugins/turbot/hackernews@latest/steampipe-plugin-hackernews.plugin"]
2022-07-22 01:50:57.068 UTC [DEBUG] plugin started: path=/home/runner/.steampipe/plugins/hub.steampipe.io/plugins/turbot/hackernews@latest/steampipe-plugin-hackernews.plugin pid=2318
2022-07-22 01:50:57.068 UTC [DEBUG] waiting for RPC address: path=/home/runner/.steampipe/plugins/hub.steampipe.io/plugins/turbot/hackernews@latest/steampipe-plugin-hackernews.plugin
2022-07-22 01:50:57.073 UTC [DEBUG] steampipe-plugin-hackernews.plugin: 2022/07/22 01:50:57 [TRACE] Plugin Initialise creating connection manager
2022-07-22 01:50:57.077 UTC [TRACE] steampipe-plugin-hackernews.plugin: [TRACE] Setting Ulimit: ulimit=2560
2022-07-22 01:50:57.077 UTC [DEBUG] steampipe-plugin-hackernews.plugin: plugin address: address=/tmp/plugin2140068427 network=unix timestamp=2022-07-22T01:50:57.077Z
2022-07-22 01:50:57.077 UTC [DEBUG] using plugin: version=0
2022-07-22 01:50:57.077 UTC [TRACE] PluginManager getPlugin complete, returning reattach config with PID: 2318
2022-07-22 01:50:57.077 UTC [TRACE] PluginManager Get returning reattach_map:{key:"hackernews" value:{protocol:"grpc" addr:{Network:"unix" Address:"/tmp/plugin2140068427"} pid:2318}}
2022-07-22 01:50:57.079 UTC [TRACE] steampipe-plugin-hackernews.plugin: [TRACE] validate plugin steampipe-plugin-hackernews, required columns []
2022-07-22 01:50:57.081 UTC [INFO]  steampipe-plugin-hackernews.plugin: [INFO]  query cache created
2022-07-22 01:50:57.081 UTC [DEBUG] steampipe-plugin-hackernews.plugin: [DEBUG] SetConnectionConfig finished
2022-07-22 01:50:57.083 UTC [TRACE] steampipe-plugin-hackernews.plugin: [TRACE] EXECUTE callId: 1658454657478 table: hackernews_new cols: id,title,time,by,score,dead,deleted,descendants,kids,parent,parts,poll,text,type,url,_ctx
2022-07-22 01:50:57.083 UTC [TRACE] steampipe-plugin-hackernews.plugin: [TRACE] 1658454657478: Execute : connection=hackernews table=hackernews_new
2022-07-22 01:50:57.083 UTC [TRACE] steampipe-plugin-hackernews.plugin: [TRACE] 1658454657478: Got query context: table=hackernews_new cols=[id, title, time, by, score, dead, deleted, descendants, kids, parent, parts, poll, text, type, url, _ctx]
2022-07-22 01:50:57.083 UTC [TRACE] steampipe-plugin-hackernews.plugin: [TRACE] 1658454657478: setFetchType map[time:quals:{fieldName:"time"  string_value:">"  value:{timestamp_value:{seconds:1658451057  nanos:50591000}}}]
2022-07-22 01:50:57.083 UTC [TRACE] steampipe-plugin-hackernews.plugin: [TRACE] 1658454657478: getMatchingQuals column:'id' operator: =
2022-07-22 01:50:57.083 UTC [TRACE] steampipe-plugin-hackernews.plugin: [TRACE] 1658454657478: getMatchingQuals returning false - qualMap does not contain any quals for column id
2022-07-22 01:50:57.084 UTC [TRACE] steampipe-plugin-hackernews.plugin: [TRACE] 1658454657478: GetUnsatisfiedKeyColumns for columns column:'id' operator: =
2022-07-22 01:50:57.085 UTC [TRACE] steampipe-plugin-hackernews.plugin: [TRACE] 1658454657478: key column NOT satisfied column:'id' operator: =
2022-07-22 01:50:57.085 UTC [TRACE] steampipe-plugin-hackernews.plugin: [TRACE] 1658454657478: satisfied: map[any_of: optional: required:]
2022-07-22 01:50:57.086 UTC [TRACE] steampipe-plugin-hackernews.plugin: [TRACE] 1658454657478: unsatisfied: map[any_of: optional: required:column:'id' operator: =]
2022-07-22 01:50:57.086 UTC [TRACE] steampipe-plugin-hackernews.plugin: [TRACE] 1658454657478: unsatisfied required KeyColumns: column:'id' operator: =
2022-07-22 01:50:57.086 UTC [TRACE] steampipe-plugin-hackernews.plugin: [TRACE] 1658454657478: Set fetchType to fetchTypeList
2022-07-22 01:50:57.086 UTC [TRACE] steampipe-plugin-hackernews.plugin: [TRACE] 1658454657478: Equals key column quals:
2022-07-22 01:50:57.086 UTC [DEBUG] steampipe-plugin-hackernews.plugin: {}
2022-07-22 01:50:57.086 UTC [TRACE] steampipe-plugin-hackernews.plugin: [TRACE] 1658454657478: All key column quals:
2022-07-22 01:50:57.086 UTC [DEBUG] steampipe-plugin-hackernews.plugin: {}
2022-07-22 01:50:57.086 UTC [TRACE] steampipe-plugin-hackernews.plugin: [TRACE] 1658454657478: calling fetchItems: table=hackernews_new matrixItem=[] limit=<nil>
2022-07-22 01:50:57.086 UTC [TRACE] steampipe-plugin-hackernews.plugin: [TRACE] 1658454657478: Cache ENABLED callId: 1658454657478
2022-07-22 01:50:57.086 UTC [TRACE] steampipe-plugin-hackernews.plugin: [TRACE] 1658454657478: QueryCache Get - indexBucketKey index__hackernewshackernews_new, quals
2022-07-22 01:50:57.086 UTC [TRACE] steampipe-plugin-hackernews.plugin: [TRACE] 1658454657478: buildCacheQualMap col time, quals quals:{fieldName:"time"  string_value:">"  value:{timestamp_value:{seconds:1658451057  nanos:50591000}}}
2022-07-22 01:50:57.086 UTC [TRACE] steampipe-plugin-hackernews.plugin: [TRACE] 1658454657478: EXCLUDING COLUMN
2022-07-22 01:50:57.086 UTC [TRACE] steampipe-plugin-hackernews.plugin: [TRACE] 1658454657478: QueryCache getCachedResult - index bucket key: index__hackernewshackernews_new ttlSeconds 300
2022-07-22 01:50:57.086 UTC [TRACE] steampipe-plugin-hackernews.plugin: [TRACE] 1658454657478: getCachedResult - no index bucket
2022-07-22 01:50:57.087 UTC [TRACE] steampipe-plugin-hackernews.plugin: [TRACE] 1658454657478: getPendingResultItem indexBucketKey index__hackernewshackernews_new, columns [id title time by score dead deleted descendants kids parent parts poll text type url _ctx], limit -1
2022-07-22 01:50:57.087 UTC [TRACE] steampipe-plugin-hackernews.plugin: [TRACE] 1658454657478: no pending index item - add pending result
2022-07-22 01:50:57.087 UTC [TRACE] steampipe-plugin-hackernews.plugin: [TRACE] 1658454657478: addPendingResult indexBucketKey index__hackernewshackernews_new, columns [id title time by score dead deleted descendants kids parent parts poll text type url _ctx], limit -1
2022-07-22 01:50:57.087 UTC [TRACE] steampipe-plugin-hackernews.plugin: [TRACE] 1658454657478: no index bucket found - creating one
2022-07-22 01:50:57.087 UTC [TRACE] steampipe-plugin-hackernews.plugin: [TRACE] 1658454657478: pendingIndexItem Lock count before 0
2022-07-22 01:50:57.087 UTC [TRACE] steampipe-plugin-hackernews.plugin: [TRACE] 1658454657478: getPendingResultItem returning <nil>
2022-07-22 01:50:57.087 UTC [INFO]  steampipe-plugin-hackernews.plugin: [INFO]  1658454657478: CACHE MISS
2022-07-22 01:50:57.087 UTC [TRACE] steampipe-plugin-hackernews.plugin: [TRACE] 1658454657478: fetch items callId: 1658454657478
2022-07-22 01:50:57.087 UTC [TRACE] steampipe-plugin-hackernews.plugin: [TRACE] 1658454657478: buildRows callId: 1658454657478
2022-07-22 01:50:57.087 UTC [TRACE] steampipe-plugin-hackernews.plugin: [TRACE] 1658454657478: streamRows callId: 1658454657478
2022-07-22 01:50:57.087 UTC [TRACE] steampipe-plugin-hackernews.plugin: [TRACE] 1658454657478: executeListCall
2022-07-22 01:50:57.087 UTC [TRACE] steampipe-plugin-hackernews.plugin: [TRACE] 1658454657478: GetUnsatisfiedKeyColumns for columns
2022-07-22 01:50:57.087 UTC [TRACE] steampipe-plugin-hackernews.plugin: [TRACE] 1658454657478: doList: no matrix item
2022-07-22 01:50:57.214 UTC [TRACE] steampipe-plugin-hackernews.plugin: [TRACE] 1658454657478: rowData chan select - channel CLOSED
2022-07-22 01:50:57.214 UTC [TRACE] steampipe-plugin-hackernews.plugin: [TRACE] 1658454657478: wait for rows
2022-07-22 01:50:57.644 UTC [TRACE] steampipe-plugin-hackernews.plugin: [TRACE] 1658454657478: rowWg complete - CLOSING ROW CHANNEL
2022-07-22 01:50:57.645 UTC [TRACE] steampipe-plugin-hackernews.plugin: [TRACE] 1658454657478: row chan closed, stop streaming
2022-07-22 01:50:57.645 UTC [INFO]  steampipe-plugin-hackernews.plugin: [INFO]  1658454657478: ------------------------------------
2022-07-22 01:50:57.645 UTC [INFO]  steampipe-plugin-hackernews.plugin: [INFO]  1658454657478: Concurrency Summary
2022-07-22 01:50:57.645 UTC [INFO]  steampipe-plugin-hackernews.plugin: [INFO]  1658454657478: ------------------------------------
2022-07-22 01:50:57.645 UTC [INFO]  steampipe-plugin-hackernews.plugin: [INFO]  1658454657478: getItem                       : 200
2022-07-22 01:50:57.645 UTC [INFO]  steampipe-plugin-hackernews.plugin: [INFO]  1658454657478: ------------------------------------
2022-07-22 01:50:57.645 UTC [INFO]  steampipe-plugin-hackernews.plugin: [INFO]  1658454657478: Total                         : 200
2022-07-22 01:50:57.645 UTC [INFO]  steampipe-plugin-hackernews.plugin: [INFO]  1658454657478: ------------------------------------
2022-07-22 01:50:57.645 UTC [TRACE] steampipe-plugin-hackernews.plugin: [TRACE] 1658454657478: queryCache.Set callId: 1658454657478
2022-07-22 01:50:57.645 UTC [TRACE] steampipe-plugin-hackernews.plugin: [TRACE] 1658454657478: buildCacheQualMap col time, quals quals:{fieldName:"time"  string_value:">"  value:{timestamp_value:{seconds:1658451057  nanos:50591000}}}
2022-07-22 01:50:57.645 UTC [TRACE] steampipe-plugin-hackernews.plugin: [TRACE] 1658454657478: EXCLUDING COLUMN
2022-07-22 01:50:57.645 UTC [TRACE] steampipe-plugin-hackernews.plugin: [TRACE] 1658454657478: QueryCache Set - connectionName: hackernews, table: hackernews_new, columns: [_ctx by dead deleted descendants id kids parent parts poll score text time title type url], limit -1
2022-07-22 01:50:57.645 UTC [TRACE] steampipe-plugin-hackernews.plugin: [TRACE] 1658454657478: cache item cost = 64000 (500 rows, 16 columns)
2022-07-22 01:50:57.655 UTC [TRACE] steampipe-plugin-hackernews.plugin: [TRACE] 1658454657478: ------------------------------------
2022-07-22 01:50:57.655 UTC [TRACE] steampipe-plugin-hackernews.plugin: [TRACE] 1658454657478: Cache Metrics
2022-07-22 01:50:57.655 UTC [TRACE] steampipe-plugin-hackernews.plugin: [TRACE] 1658454657478: ------------------------------------
2022-07-22 01:50:57.655 UTC [TRACE] steampipe-plugin-hackernews.plugin: [TRACE] 1658454657478: MaxCost: 1073741824
2022-07-22 01:50:57.655 UTC [TRACE] steampipe-plugin-hackernews.plugin: [TRACE] 1658454657478: KeysAdded: 2
2022-07-22 01:50:57.655 UTC [TRACE] steampipe-plugin-hackernews.plugin: [TRACE] 1658454657478: CostAdded: 64113
2022-07-22 01:50:57.655 UTC [TRACE] steampipe-plugin-hackernews.plugin: [TRACE] 1658454657478: KeysEvicted: 0
2022-07-22 01:50:57.655 UTC [TRACE] steampipe-plugin-hackernews.plugin: [TRACE] 1658454657478: CostEvicted: 0
2022-07-22 01:50:57.655 UTC [TRACE] steampipe-plugin-hackernews.plugin: [TRACE] 1658454657478: ------------------------------------
2022-07-22 01:50:57.655 UTC [TRACE] steampipe-plugin-hackernews.plugin: [TRACE] 1658454657478: QueryCache Set() DONE
2022-07-22 01:50:57.655 UTC [TRACE] steampipe-plugin-hackernews.plugin: [TRACE] 1658454657478: pendingItemComplete indexBucketKey index__hackernewshackernews_new, columns [_ctx by dead deleted descendants id kids parent parts poll score text time title type url], limit -1
2022-07-22 01:50:57.655 UTC [TRACE] steampipe-plugin-hackernews.plugin: [TRACE] 1658454657478: got pending index bucket, len 1
2022-07-22 01:50:57.655 UTC [TRACE] steampipe-plugin-hackernews.plugin: [TRACE] 1658454657478: SatisfiesLimit limit -1, no item limit - satisfied
2022-07-22 01:50:57.655 UTC [TRACE] steampipe-plugin-hackernews.plugin: [TRACE] 1658454657478: found pending index item to satisfy columns _ctx,by,dead,deleted,descendants,id,kids,parent,parts,poll,score,text,time,title,type,url, limit -1
2022-07-22 01:50:57.655 UTC [TRACE] steampipe-plugin-hackernews.plugin: [TRACE] 1658454657478: got pending item hackernewshackernews_newid,title,time,by,score,dead,deleted,descendants,kids,parent,parts,poll,text,type,url,_ctx-1 - removing from map as it is complete
2022-07-22 01:50:57.655 UTC [TRACE] steampipe-plugin-hackernews.plugin: [TRACE] 1658454657478: pendingIndexItem Unlock count before 1
2022-07-22 01:50:57.655 UTC [TRACE] steampipe-plugin-hackernews.plugin: [TRACE] 1658454657478: deleted from pending, len 0
2022-07-22 01:50:57.655 UTC [TRACE] steampipe-plugin-hackernews.plugin: [TRACE] 1658454657478: pending bucket now empty - deleting key index__hackernewshackernews_new
2022-07-22 01:50:57.655 UTC [TRACE] steampipe-plugin-hackernews.plugin: [TRACE] 1658454657478: pendingItemComplete done
2022-07-22 01:50:57.655 UTC [TRACE] steampipe-plugin-hackernews.plugin: [TRACE] 1658454657478: Execute complete callId: 1658454657478 table: hackernews_new
2022-07-22 01:50:57.717 UTC [TRACE] PluginManager Shutdown map[csv:0xc000444e40 hackernews:0xc00011ce10]
2022-07-22 01:50:57.717 UTC [TRACE] killing plugin hackernews (2318)
2022-07-22 01:50:57.718 UTC [TRACE] stdio: waiting for stdio data
2022-07-22 01:50:57.718 UTC [DEBUG] stdio: received EOF, stopping recv loop: err="rpc error: code = Unavailable desc = error reading from server: EOF"
2022-07-22 01:50:57.721 UTC [INFO]  plugin process exited: path=/home/runner/.steampipe/plugins/hub.steampipe.io/plugins/turbot/hackernews@latest/steampipe-plugin-hackernews.plugin pid=2318
2022-07-22 01:50:57.721 UTC [DEBUG] plugin exited
2022-07-22 01:50:57.721 UTC [TRACE] killing plugin csv (2294)
2022-07-22 01:50:57.721 UTC [TRACE] stdio: waiting for stdio data
2022-07-22 01:50:57.722 UTC [INFO]  plugin process exited: path=/home/runner/.steampipe/plugins/hub.steampipe.io/plugins/turbot/csv@latest/steampipe-plugin-csv.plugin pid=2294
2022-07-22 01:50:57.722 UTC [DEBUG] stdio: received EOF, stopping recv loop: err="rpc error: code = Unavailable desc = error reading from server: EOF"
2022-07-22 01:50:57.722 UTC [DEBUG] plugin exited
2022-07-22 01:51:13.595 UTC [ERROR] steampipe-plugin-net.plugin: [ERROR] 1658454673789: listRequestResponses do request error: url=? request method=GET error="Get \"?\": unsupported protocol scheme \"\""
2022-07-22 01:52:48.709 UTC [ERROR] steampipe-plugin-csv.plugin: [ERROR] csv.tableCSV: header_parse_error=EOF path=/home/runner/work/steampipe-samples/steampipe-samples/all/hackernews/new_sc.csv header=[]
2022-07-22 01:52:48.709 UTC [ERROR] steampipe-plugin-csv.plugin: [ERROR] csv.PluginTables: create_table_error="failed to parse file header /home/runner/work/steampipe-samples/steampipe-samples/all/hackernews/new_sc.csv: EOF" path=/home/runner/work/steampipe-samples/steampipe-samples/all/hackernews/new_sc.csv
2022-07-22 01:52:53.786 UTC [ERROR] steampipe-plugin-csv.plugin: [ERROR] csv.tableCSV: header_parse_error=EOF path=/home/runner/work/steampipe-samples/steampipe-samples/all/hackernews/people.csv header=[]
2022-07-22 01:52:53.786 UTC [ERROR] steampipe-plugin-csv.plugin: [ERROR] csv.PluginTables: create_table_error="failed to parse file header /home/runner/work/steampipe-samples/steampipe-samples/all/hackernews/people.csv: EOF" path=/home/runner/work/steampipe-samples/steampipe-samples/all/hackernews/people.csv
2022-07-22 01:52:54.545 UTC [ERROR] steampipe-plugin-hackernews.plugin: [ERROR] 1658454774822: hackernews_user.getUser: unmarshal_json_error="invalid character '<' looking for beginning of value"
2022-07-22 01:52:54.545 UTC [ERROR] steampipe-plugin-hackernews.plugin: [ERROR] 1658454774721: streamRows error chan select: invalid character '<' looking for beginning of value
2022-07-22 01:52:54.545 UTC [WARN]  steampipe-plugin-hackernews.plugin: [WARN]  1658454774721: Execute call failed - cancelling pending item in cache
