2022-11-03 07:20:00.487 UTC [WARN]  PluginManager setPluginCacheSizeMap: 1 connection.
2022-11-03 07:20:00.487 UTC [WARN]  Total cache size 0Mb
2022-11-03 07:20:00.558 UTC [WARN]  plugin configured with a nil SecureConfig
2022-11-03 07:20:01.858 UTC [WARN]  PluginManager setPluginCacheSizeMap: 2 connections.
2022-11-03 07:20:01.858 UTC [WARN]  Total cache size 0Mb
2022-11-03 07:20:01.920 UTC [WARN]  plugin configured with a nil SecureConfig
2022-11-03 07:20:03.357 UTC [WARN]  PluginManager setPluginCacheSizeMap: 3 connections.
2022-11-03 07:20:03.357 UTC [WARN]  Total cache size 0Mb
2022-11-03 07:20:03.421 UTC [WARN]  plugin configured with a nil SecureConfig
2022-11-03 07:20:03.453 UTC [WARN]  plugin configured with a nil SecureConfig
2022-11-03 07:20:04.871 UTC [WARN]  PluginManager setPluginCacheSizeMap: 4 connections.
2022-11-03 07:20:04.871 UTC [WARN]  Total cache size 0Mb
2022-11-03 07:20:04.936 UTC [WARN]  plugin configured with a nil SecureConfig
2022-11-03 07:20:04.964 UTC [WARN]  plugin configured with a nil SecureConfig
2022-11-03 07:20:05.912 UTC [INFO]  starting plugin manager
2022-11-03 07:20:05.913 UTC [TRACE] loaded config map: csv,github,hackernews,net
2022-11-03 07:20:05.913 UTC [TRACE] NewPluginManager
2022-11-03 07:20:05.913 UTC [WARN]  PluginManager setPluginCacheSizeMap: 4 connections.
2022-11-03 07:20:05.913 UTC [WARN]  Total cache size 0Mb
2022-11-03 07:20:05.913 UTC [INFO]  starting connection watcher
2022-11-03 07:20:05.914 UTC [INFO]  created ConnectionWatcher
2022-11-03 07:20:05.914 UTC [TRACE] about to serve
2022-11-03 07:20:05.979 UTC [TRACE] PluginManager Get, connections: '[csv]'
2022-11-03 07:20:05.979 UTC [TRACE] PluginManager getPlugin hub.steampipe.io/plugins/turbot/csv@latest connection 'csv'
2022-11-03 07:20:05.979 UTC [TRACE] PluginManager 0xc0000a5220 plugin hub.steampipe.io/plugins/turbot/csv@latest (csv) NOT started or starting - start now
2022-11-03 07:20:05.979 UTC [TRACE] ************ start plugin csv ********************
2022-11-03 07:20:05.979 UTC [WARN]  plugin configured with a nil SecureConfig
2022-11-03 07:20:05.979 UTC [DEBUG] starting plugin: path=/home/runner/.steampipe/plugins/hub.steampipe.io/plugins/turbot/csv@latest/steampipe-plugin-csv.plugin args=["/home/runner/.steampipe/plugins/hub.steampipe.io/plugins/turbot/csv@latest/steampipe-plugin-csv.plugin"]
2022-11-03 07:20:05.979 UTC [DEBUG] plugin started: path=/home/runner/.steampipe/plugins/hub.steampipe.io/plugins/turbot/csv@latest/steampipe-plugin-csv.plugin pid=2020
2022-11-03 07:20:05.979 UTC [DEBUG] waiting for RPC address: path=/home/runner/.steampipe/plugins/hub.steampipe.io/plugins/turbot/csv@latest/steampipe-plugin-csv.plugin
2022-11-03 07:20:05.987 UTC [INFO]  steampipe-plugin-csv.plugin: [INFO]  Initialise plugin 'steampipe-plugin-csv', using sdk version 4.1.7
2022-11-03 07:20:05.987 UTC [TRACE] steampipe-plugin-csv.plugin: [TRACE] no DefaultRetryConfig defined - creating empty
2022-11-03 07:20:05.987 UTC [TRACE] steampipe-plugin-csv.plugin: [TRACE] no DefaultIgnoreConfig defined - creating empty
2022-11-03 07:20:05.987 UTC [TRACE] steampipe-plugin-csv.plugin: [TRACE] Setting Ulimit: ulimit=2560
2022-11-03 07:20:05.987 UTC [TRACE] steampipe-plugin-csv.plugin: [TRACE] telemetry.Init service 'steampipe-plugin-csv', tracingEnabled: false, metricsEnabled: false
2022-11-03 07:20:05.987 UTC [TRACE] steampipe-plugin-csv.plugin: [TRACE] metrics and tracing disabled' - returning
2022-11-03 07:20:05.987 UTC [DEBUG] using plugin: version=0
2022-11-03 07:20:05.988 UTC [TRACE] NewPluginClient for plugin hub.steampipe.io/plugins/turbot/csv@latest
2022-11-03 07:20:05.988 UTC [DEBUG] steampipe-plugin-csv.plugin: plugin address: address=/tmp/plugin3513562759 network=unix timestamp=2022-11-03T07:20:05.987Z
2022-11-03 07:20:05.988 UTC [TRACE] stdio: waiting for stdio data
2022-11-03 07:20:05.990 UTC [TRACE] supportedOperations: query_cache:true multiple_connections:true
2022-11-03 07:20:05.990 UTC [TRACE] steampipe-plugin-csv.plugin: [TRACE] SetAllConnectionConfigs setting 1 configs
2022-11-03 07:20:05.990 UTC [TRACE] steampipe-plugin-csv.plugin: [TRACE] connection csv build schema and table map
2022-11-03 07:20:05.990 UTC [DEBUG] steampipe-plugin-csv.plugin: [DEBUG] csv.tableCSV: path=/home/runner/work/steampipe-samples/steampipe-samples/all/hackernews/hn_items_all.csv detected_encoding=Unknown
2022-11-03 07:20:05.990 UTC [DEBUG] steampipe-plugin-csv.plugin: [DEBUG] csv.tableCSV: path=/home/runner/work/steampipe-samples/steampipe-samples/all/hackernews/new_sc.csv detected_encoding=Unknown
2022-11-03 07:20:05.990 UTC [DEBUG] steampipe-plugin-csv.plugin: [DEBUG] csv.tableCSV: path=/home/runner/work/steampipe-samples/steampipe-samples/all/hackernews/people.csv detected_encoding=Unknown
2022-11-03 07:20:05.991 UTC [TRACE] steampipe-plugin-csv.plugin: [TRACE] initialise table /home/runner/work/steampipe-samples/steampipe-samples/all/hackernews/people.csv
2022-11-03 07:20:05.991 UTC [TRACE] steampipe-plugin-csv.plugin: [TRACE] no DefaultRetryConfig defined - creating empty
2022-11-03 07:20:05.991 UTC [TRACE] steampipe-plugin-csv.plugin: [TRACE] no DefaultIgnoreConfig defined - creating empty
2022-11-03 07:20:05.991 UTC [TRACE] steampipe-plugin-csv.plugin: [TRACE] apply plugin defaults for DefaultRetryConfig
2022-11-03 07:20:05.991 UTC [TRACE] steampipe-plugin-csv.plugin: [TRACE] apply plugin defaults for DefaultIgnoreConfig, table &{<nil> <nil>} plugin &{<nil> <nil>}
2022-11-03 07:20:05.991 UTC [TRACE] steampipe-plugin-csv.plugin: [TRACE] DefaultRetryConfig:
2022-11-03 07:20:05.991 UTC [TRACE] steampipe-plugin-csv.plugin: [TRACE] DefaultIgnoreConfig:
2022-11-03 07:20:05.991 UTC [TRACE] steampipe-plugin-csv.plugin: [TRACE] t.List.initialise
2022-11-03 07:20:05.991 UTC [TRACE] steampipe-plugin-csv.plugin: [TRACE] ListConfig.initialise table /home/runner/work/steampipe-samples/steampipe-samples/all/hackernews/people.csv
2022-11-03 07:20:05.991 UTC [TRACE] steampipe-plugin-csv.plugin: [TRACE] ListConfig.initialise complete: RetryConfig: , IgnoreConfig
2022-11-03 07:20:05.991 UTC [TRACE] steampipe-plugin-csv.plugin: [TRACE] back from initialiseHydrateConfigs
2022-11-03 07:20:05.991 UTC [TRACE] steampipe-plugin-csv.plugin: [TRACE] initialise table /home/runner/work/steampipe-samples/steampipe-samples/all/hackernews/people.csv COMPLETE
2022-11-03 07:20:05.991 UTC [TRACE] steampipe-plugin-csv.plugin: [TRACE] initialise table /home/runner/work/steampipe-samples/steampipe-samples/all/hackernews/hn_items_all.csv
2022-11-03 07:20:05.991 UTC [TRACE] steampipe-plugin-csv.plugin: [TRACE] no DefaultRetryConfig defined - creating empty
2022-11-03 07:20:05.991 UTC [TRACE] steampipe-plugin-csv.plugin: [TRACE] no DefaultIgnoreConfig defined - creating empty
2022-11-03 07:20:05.991 UTC [TRACE] steampipe-plugin-csv.plugin: [TRACE] apply plugin defaults for DefaultRetryConfig
2022-11-03 07:20:05.991 UTC [TRACE] steampipe-plugin-csv.plugin: [TRACE] apply plugin defaults for DefaultIgnoreConfig, table &{<nil> <nil>} plugin &{<nil> <nil>}
2022-11-03 07:20:05.991 UTC [TRACE] steampipe-plugin-csv.plugin: [TRACE] DefaultRetryConfig:
2022-11-03 07:20:05.991 UTC [TRACE] steampipe-plugin-csv.plugin: [TRACE] DefaultIgnoreConfig:
2022-11-03 07:20:05.991 UTC [TRACE] steampipe-plugin-csv.plugin: [TRACE] t.List.initialise
2022-11-03 07:20:05.991 UTC [TRACE] steampipe-plugin-csv.plugin: [TRACE] ListConfig.initialise table /home/runner/work/steampipe-samples/steampipe-samples/all/hackernews/hn_items_all.csv
2022-11-03 07:20:05.991 UTC [TRACE] steampipe-plugin-csv.plugin: [TRACE] ListConfig.initialise complete: RetryConfig: , IgnoreConfig
2022-11-03 07:20:05.991 UTC [TRACE] steampipe-plugin-csv.plugin: [TRACE] back from initialiseHydrateConfigs
2022-11-03 07:20:05.991 UTC [TRACE] steampipe-plugin-csv.plugin: [TRACE] initialise table /home/runner/work/steampipe-samples/steampipe-samples/all/hackernews/hn_items_all.csv COMPLETE
2022-11-03 07:20:05.991 UTC [TRACE] steampipe-plugin-csv.plugin: [TRACE] initialise table /home/runner/work/steampipe-samples/steampipe-samples/all/hackernews/new_sc.csv
2022-11-03 07:20:05.991 UTC [TRACE] steampipe-plugin-csv.plugin: [TRACE] no DefaultRetryConfig defined - creating empty
2022-11-03 07:20:05.991 UTC [TRACE] steampipe-plugin-csv.plugin: [TRACE] no DefaultIgnoreConfig defined - creating empty
2022-11-03 07:20:05.991 UTC [TRACE] steampipe-plugin-csv.plugin: [TRACE] apply plugin defaults for DefaultRetryConfig
2022-11-03 07:20:05.991 UTC [TRACE] steampipe-plugin-csv.plugin: [TRACE] apply plugin defaults for DefaultIgnoreConfig, table &{<nil> <nil>} plugin &{<nil> <nil>}
2022-11-03 07:20:05.991 UTC [TRACE] steampipe-plugin-csv.plugin: [TRACE] DefaultRetryConfig:
2022-11-03 07:20:05.991 UTC [TRACE] steampipe-plugin-csv.plugin: [TRACE] DefaultIgnoreConfig:
2022-11-03 07:20:05.991 UTC [TRACE] steampipe-plugin-csv.plugin: [TRACE] t.List.initialise
2022-11-03 07:20:05.991 UTC [TRACE] steampipe-plugin-csv.plugin: [TRACE] ListConfig.initialise table /home/runner/work/steampipe-samples/steampipe-samples/all/hackernews/new_sc.csv
2022-11-03 07:20:05.991 UTC [TRACE] steampipe-plugin-csv.plugin: [TRACE] ListConfig.initialise complete: RetryConfig: , IgnoreConfig
2022-11-03 07:20:05.991 UTC [TRACE] steampipe-plugin-csv.plugin: [TRACE] back from initialiseHydrateConfigs
2022-11-03 07:20:05.991 UTC [TRACE] steampipe-plugin-csv.plugin: [TRACE] initialise table /home/runner/work/steampipe-samples/steampipe-samples/all/hackernews/new_sc.csv COMPLETE
2022-11-03 07:20:05.991 UTC [TRACE] steampipe-plugin-csv.plugin: [TRACE] validate plugin steampipe-plugin-csv, required columns []
2022-11-03 07:20:05.991 UTC [TRACE] steampipe-plugin-csv.plugin: [TRACE] validate DefaultRetryConfig
2022-11-03 07:20:05.991 UTC [TRACE] steampipe-plugin-csv.plugin: [TRACE] validate DefaultIgnoreConfig
2022-11-03 07:20:05.991 UTC [TRACE] steampipe-plugin-csv.plugin: [TRACE] validate table names
2022-11-03 07:20:05.991 UTC [TRACE] steampipe-plugin-csv.plugin: [TRACE] plugin has 0 validation errors
2022-11-03 07:20:05.991 UTC [TRACE] steampipe-plugin-csv.plugin: [TRACE] Plugin ensureCache creating cache, maxCacheStorageMb 0
2022-11-03 07:20:05.991 UTC [TRACE] steampipe-plugin-csv.plugin: [TRACE] createCacheStore for plugin 'steampipe-plugin-csv' setting max size to 0Mb, Shards: 2, max shard size: 0
2022-11-03 07:20:06.001 UTC [INFO]  steampipe-plugin-csv.plugin: [INFO]  query cache created
2022-11-03 07:20:06.001 UTC [DEBUG] steampipe-plugin-csv.plugin: [DEBUG] SetAllConnectionConfigs finished
2022-11-03 07:20:06.002 UTC [TRACE] PluginManager getPlugin complete, returning reattach config with PID: 2020
2022-11-03 07:20:06.002 UTC [TRACE] PluginManager Get returning reattach_map:{key:"csv" value:{protocol:"grpc" addr:{Network:"unix" Address:"/tmp/plugin3513562759"} pid:2020 supported_operations:{query_cache:true multiple_connections:true} connections:"csv" plugin:"hub.steampipe.io/plugins/turbot/csv@latest"}}
2022-11-03 07:20:06.016 UTC [TRACE] handleFileWatcherEvent ignoring first event
2022-11-03 07:20:06.079 UTC [TRACE] PluginManager Get, connections: '[csv]'
2022-11-03 07:20:06.079 UTC [TRACE] PluginManager getPlugin hub.steampipe.io/plugins/turbot/csv@latest connection 'csv'
2022-11-03 07:20:06.079 UTC [TRACE] connection csv found in connectionPluginMap
2022-11-03 07:20:06.079 UTC [TRACE] initialized: 2020
2022-11-03 07:20:06.079 UTC [TRACE] initialized: 2020
2022-11-03 07:20:06.079 UTC [TRACE] connection csv is loaded, check for running PID
2022-11-03 07:20:06.080 UTC [TRACE] PluginManager found 'csv' in map, pid 2020
2022-11-03 07:20:06.080 UTC [TRACE] PluginManager Get returning reattach_map:{key:"csv" value:{protocol:"grpc" addr:{Network:"unix" Address:"/tmp/plugin3513562759"} pid:2020 supported_operations:{query_cache:true multiple_connections:true} connections:"csv" plugin:"hub.steampipe.io/plugins/turbot/csv@latest"}}
2022-11-03 07:20:06.224 UTC [TRACE] PluginManager Get, connections: '[hackernews]'
2022-11-03 07:20:06.224 UTC [TRACE] PluginManager getPlugin hub.steampipe.io/plugins/turbot/hackernews@latest connection 'hackernews'
2022-11-03 07:20:06.224 UTC [TRACE] PluginManager 0xc0000a5220 plugin hub.steampipe.io/plugins/turbot/hackernews@latest (hackernews) NOT started or starting - start now
2022-11-03 07:20:06.224 UTC [TRACE] ************ start plugin hackernews ********************
2022-11-03 07:20:06.224 UTC [WARN]  plugin configured with a nil SecureConfig
2022-11-03 07:20:06.224 UTC [DEBUG] starting plugin: path=/home/runner/.steampipe/plugins/hub.steampipe.io/plugins/turbot/hackernews@latest/steampipe-plugin-hackernews.plugin args=["/home/runner/.steampipe/plugins/hub.steampipe.io/plugins/turbot/hackernews@latest/steampipe-plugin-hackernews.plugin"]
2022-11-03 07:20:06.224 UTC [DEBUG] plugin started: path=/home/runner/.steampipe/plugins/hub.steampipe.io/plugins/turbot/hackernews@latest/steampipe-plugin-hackernews.plugin pid=2044
2022-11-03 07:20:06.224 UTC [DEBUG] waiting for RPC address: path=/home/runner/.steampipe/plugins/hub.steampipe.io/plugins/turbot/hackernews@latest/steampipe-plugin-hackernews.plugin
2022-11-03 07:20:06.231 UTC [INFO]  steampipe-plugin-hackernews.plugin: [INFO]  Initialise plugin 'steampipe-plugin-hackernews', using sdk version 4.1.7
2022-11-03 07:20:06.231 UTC [TRACE] steampipe-plugin-hackernews.plugin: [TRACE] defaulting SchemaMode to SchemaModeStatic
2022-11-03 07:20:06.231 UTC [TRACE] steampipe-plugin-hackernews.plugin: [TRACE] no DefaultRetryConfig defined - creating empty
2022-11-03 07:20:06.231 UTC [TRACE] steampipe-plugin-hackernews.plugin: [TRACE] no DefaultIgnoreConfig defined - creating empty
2022-11-03 07:20:06.231 UTC [TRACE] steampipe-plugin-hackernews.plugin: [TRACE] Setting Ulimit: ulimit=2560
2022-11-03 07:20:06.231 UTC [TRACE] steampipe-plugin-hackernews.plugin: [TRACE] telemetry.Init service 'steampipe-plugin-hackernews', tracingEnabled: false, metricsEnabled: false
2022-11-03 07:20:06.231 UTC [TRACE] steampipe-plugin-hackernews.plugin: [TRACE] metrics and tracing disabled' - returning
2022-11-03 07:20:06.232 UTC [DEBUG] using plugin: version=0
2022-11-03 07:20:06.232 UTC [TRACE] NewPluginClient for plugin hub.steampipe.io/plugins/turbot/hackernews@latest
2022-11-03 07:20:06.232 UTC [DEBUG] steampipe-plugin-hackernews.plugin: plugin address: network=unix address=/tmp/plugin387642828 timestamp=2022-11-03T07:20:06.231Z
2022-11-03 07:20:06.233 UTC [TRACE] stdio: waiting for stdio data
2022-11-03 07:20:06.233 UTC [TRACE] supportedOperations: query_cache:true multiple_connections:true
2022-11-03 07:20:06.234 UTC [TRACE] steampipe-plugin-hackernews.plugin: [TRACE] SetAllConnectionConfigs setting 1 configs
2022-11-03 07:20:06.234 UTC [TRACE] steampipe-plugin-hackernews.plugin: [TRACE] connection hackernews build schema and table map
2022-11-03 07:20:06.234 UTC [TRACE] steampipe-plugin-hackernews.plugin: [TRACE] initialise table hackernews_new
2022-11-03 07:20:06.234 UTC [TRACE] steampipe-plugin-hackernews.plugin: [TRACE] no DefaultRetryConfig defined - creating empty
2022-11-03 07:20:06.234 UTC [TRACE] steampipe-plugin-hackernews.plugin: [TRACE] no DefaultIgnoreConfig defined - creating empty
2022-11-03 07:20:06.234 UTC [TRACE] steampipe-plugin-hackernews.plugin: [TRACE] apply plugin defaults for DefaultRetryConfig
2022-11-03 07:20:06.234 UTC [TRACE] steampipe-plugin-hackernews.plugin: [TRACE] apply plugin defaults for DefaultIgnoreConfig, table &{<nil> <nil>} plugin &{<nil> <nil>}
2022-11-03 07:20:06.234 UTC [TRACE] steampipe-plugin-hackernews.plugin: [TRACE] DefaultRetryConfig:
2022-11-03 07:20:06.234 UTC [TRACE] steampipe-plugin-hackernews.plugin: [TRACE] DefaultIgnoreConfig:
2022-11-03 07:20:06.234 UTC [TRACE] steampipe-plugin-hackernews.plugin: [TRACE] t.Get.initialise
2022-11-03 07:20:06.234 UTC [TRACE] steampipe-plugin-hackernews.plugin: [TRACE] GetConfig.initialise table hackernews_new
2022-11-03 07:20:06.234 UTC [TRACE] steampipe-plugin-hackernews.plugin: [TRACE] GetConfig.initialise complete: RetryConfig: , IgnoreConfig:
2022-11-03 07:20:06.234 UTC [TRACE] steampipe-plugin-hackernews.plugin: [TRACE] t.List.initialise
2022-11-03 07:20:06.234 UTC [TRACE] steampipe-plugin-hackernews.plugin: [TRACE] ListConfig.initialise table hackernews_new
2022-11-03 07:20:06.234 UTC [TRACE] steampipe-plugin-hackernews.plugin: [TRACE] ListConfig.initialise complete: RetryConfig: , IgnoreConfig
2022-11-03 07:20:06.234 UTC [TRACE] steampipe-plugin-hackernews.plugin: [TRACE] HydrateConfig.initialise func getItem, table hackernews_new
2022-11-03 07:20:06.234 UTC [TRACE] steampipe-plugin-hackernews.plugin: [TRACE] HydrateConfig.initialise complete: RetryConfig: , IgnoreConfig:
2022-11-03 07:20:06.234 UTC [TRACE] steampipe-plugin-hackernews.plugin: [TRACE] back from initialiseHydrateConfigs
2022-11-03 07:20:06.234 UTC [TRACE] steampipe-plugin-hackernews.plugin: [TRACE] initialise table hackernews_new COMPLETE
2022-11-03 07:20:06.234 UTC [TRACE] steampipe-plugin-hackernews.plugin: [TRACE] initialise table hackernews_show_hn
2022-11-03 07:20:06.234 UTC [TRACE] steampipe-plugin-hackernews.plugin: [TRACE] no DefaultRetryConfig defined - creating empty
2022-11-03 07:20:06.234 UTC [TRACE] steampipe-plugin-hackernews.plugin: [TRACE] no DefaultIgnoreConfig defined - creating empty
2022-11-03 07:20:06.234 UTC [TRACE] steampipe-plugin-hackernews.plugin: [TRACE] apply plugin defaults for DefaultRetryConfig
2022-11-03 07:20:06.234 UTC [TRACE] steampipe-plugin-hackernews.plugin: [TRACE] apply plugin defaults for DefaultIgnoreConfig, table &{<nil> <nil>} plugin &{<nil> <nil>}
2022-11-03 07:20:06.234 UTC [TRACE] steampipe-plugin-hackernews.plugin: [TRACE] DefaultRetryConfig:
2022-11-03 07:20:06.234 UTC [TRACE] steampipe-plugin-hackernews.plugin: [TRACE] DefaultIgnoreConfig:
2022-11-03 07:20:06.234 UTC [TRACE] steampipe-plugin-hackernews.plugin: [TRACE] t.Get.initialise
2022-11-03 07:20:06.234 UTC [TRACE] steampipe-plugin-hackernews.plugin: [TRACE] GetConfig.initialise table hackernews_show_hn
2022-11-03 07:20:06.234 UTC [TRACE] steampipe-plugin-hackernews.plugin: [TRACE] GetConfig.initialise complete: RetryConfig: , IgnoreConfig:
2022-11-03 07:20:06.234 UTC [TRACE] steampipe-plugin-hackernews.plugin: [TRACE] t.List.initialise
2022-11-03 07:20:06.234 UTC [TRACE] steampipe-plugin-hackernews.plugin: [TRACE] ListConfig.initialise table hackernews_show_hn
2022-11-03 07:20:06.234 UTC [TRACE] steampipe-plugin-hackernews.plugin: [TRACE] ListConfig.initialise complete: RetryConfig: , IgnoreConfig
2022-11-03 07:20:06.234 UTC [TRACE] steampipe-plugin-hackernews.plugin: [TRACE] HydrateConfig.initialise func getItem, table hackernews_show_hn
2022-11-03 07:20:06.234 UTC [TRACE] steampipe-plugin-hackernews.plugin: [TRACE] HydrateConfig.initialise complete: RetryConfig: , IgnoreConfig:
2022-11-03 07:20:06.234 UTC [TRACE] steampipe-plugin-hackernews.plugin: [TRACE] back from initialiseHydrateConfigs
2022-11-03 07:20:06.234 UTC [TRACE] steampipe-plugin-hackernews.plugin: [TRACE] initialise table hackernews_show_hn COMPLETE
2022-11-03 07:20:06.234 UTC [TRACE] steampipe-plugin-hackernews.plugin: [TRACE] initialise table hackernews_top
2022-11-03 07:20:06.234 UTC [TRACE] steampipe-plugin-hackernews.plugin: [TRACE] no DefaultRetryConfig defined - creating empty
2022-11-03 07:20:06.234 UTC [TRACE] steampipe-plugin-hackernews.plugin: [TRACE] no DefaultIgnoreConfig defined - creating empty
2022-11-03 07:20:06.234 UTC [TRACE] steampipe-plugin-hackernews.plugin: [TRACE] apply plugin defaults for DefaultRetryConfig
2022-11-03 07:20:06.234 UTC [TRACE] steampipe-plugin-hackernews.plugin: [TRACE] apply plugin defaults for DefaultIgnoreConfig, table &{<nil> <nil>} plugin &{<nil> <nil>}
2022-11-03 07:20:06.234 UTC [TRACE] steampipe-plugin-hackernews.plugin: [TRACE] DefaultRetryConfig:
2022-11-03 07:20:06.234 UTC [TRACE] steampipe-plugin-hackernews.plugin: [TRACE] DefaultIgnoreConfig:
2022-11-03 07:20:06.234 UTC [TRACE] steampipe-plugin-hackernews.plugin: [TRACE] t.Get.initialise
2022-11-03 07:20:06.234 UTC [TRACE] steampipe-plugin-hackernews.plugin: [TRACE] GetConfig.initialise table hackernews_top
2022-11-03 07:20:06.234 UTC [TRACE] steampipe-plugin-hackernews.plugin: [TRACE] GetConfig.initialise complete: RetryConfig: , IgnoreConfig:
2022-11-03 07:20:06.234 UTC [TRACE] steampipe-plugin-hackernews.plugin: [TRACE] t.List.initialise
2022-11-03 07:20:06.234 UTC [TRACE] steampipe-plugin-hackernews.plugin: [TRACE] ListConfig.initialise table hackernews_top
2022-11-03 07:20:06.234 UTC [TRACE] steampipe-plugin-hackernews.plugin: [TRACE] ListConfig.initialise complete: RetryConfig: , IgnoreConfig
2022-11-03 07:20:06.234 UTC [TRACE] steampipe-plugin-hackernews.plugin: [TRACE] HydrateConfig.initialise func getItem, table hackernews_top
2022-11-03 07:20:06.234 UTC [TRACE] steampipe-plugin-hackernews.plugin: [TRACE] HydrateConfig.initialise complete: RetryConfig: , IgnoreConfig:
2022-11-03 07:20:06.234 UTC [TRACE] steampipe-plugin-hackernews.plugin: [TRACE] back from initialiseHydrateConfigs
2022-11-03 07:20:06.234 UTC [TRACE] steampipe-plugin-hackernews.plugin: [TRACE] initialise table hackernews_top COMPLETE
2022-11-03 07:20:06.234 UTC [TRACE] steampipe-plugin-hackernews.plugin: [TRACE] initialise table hackernews_user
2022-11-03 07:20:06.234 UTC [TRACE] steampipe-plugin-hackernews.plugin: [TRACE] no DefaultRetryConfig defined - creating empty
2022-11-03 07:20:06.234 UTC [TRACE] steampipe-plugin-hackernews.plugin: [TRACE] no DefaultIgnoreConfig defined - creating empty
2022-11-03 07:20:06.234 UTC [TRACE] steampipe-plugin-hackernews.plugin: [TRACE] apply plugin defaults for DefaultRetryConfig
2022-11-03 07:20:06.234 UTC [TRACE] steampipe-plugin-hackernews.plugin: [TRACE] apply plugin defaults for DefaultIgnoreConfig, table &{<nil> <nil>} plugin &{<nil> <nil>}
2022-11-03 07:20:06.234 UTC [TRACE] steampipe-plugin-hackernews.plugin: [TRACE] DefaultRetryConfig:
2022-11-03 07:20:06.234 UTC [TRACE] steampipe-plugin-hackernews.plugin: [TRACE] DefaultIgnoreConfig:
2022-11-03 07:20:06.234 UTC [TRACE] steampipe-plugin-hackernews.plugin: [TRACE] t.List.initialise
2022-11-03 07:20:06.234 UTC [TRACE] steampipe-plugin-hackernews.plugin: [TRACE] ListConfig.initialise table hackernews_user
2022-11-03 07:20:06.234 UTC [TRACE] steampipe-plugin-hackernews.plugin: [TRACE] ListConfig.initialise complete: RetryConfig: , IgnoreConfig
2022-11-03 07:20:06.234 UTC [TRACE] steampipe-plugin-hackernews.plugin: [TRACE] back from initialiseHydrateConfigs
2022-11-03 07:20:06.234 UTC [TRACE] steampipe-plugin-hackernews.plugin: [TRACE] initialise table hackernews_user COMPLETE
2022-11-03 07:20:06.234 UTC [TRACE] steampipe-plugin-hackernews.plugin: [TRACE] initialise table hackernews_ask_hn
2022-11-03 07:20:06.234 UTC [TRACE] steampipe-plugin-hackernews.plugin: [TRACE] no DefaultRetryConfig defined - creating empty
2022-11-03 07:20:06.234 UTC [TRACE] steampipe-plugin-hackernews.plugin: [TRACE] no DefaultIgnoreConfig defined - creating empty
2022-11-03 07:20:06.234 UTC [TRACE] steampipe-plugin-hackernews.plugin: [TRACE] apply plugin defaults for DefaultRetryConfig
2022-11-03 07:20:06.234 UTC [TRACE] steampipe-plugin-hackernews.plugin: [TRACE] apply plugin defaults for DefaultIgnoreConfig, table &{<nil> <nil>} plugin &{<nil> <nil>}
2022-11-03 07:20:06.234 UTC [TRACE] steampipe-plugin-hackernews.plugin: [TRACE] DefaultRetryConfig:
2022-11-03 07:20:06.234 UTC [TRACE] steampipe-plugin-hackernews.plugin: [TRACE] DefaultIgnoreConfig:
2022-11-03 07:20:06.234 UTC [TRACE] steampipe-plugin-hackernews.plugin: [TRACE] t.Get.initialise
2022-11-03 07:20:06.234 UTC [TRACE] steampipe-plugin-hackernews.plugin: [TRACE] GetConfig.initialise table hackernews_ask_hn
2022-11-03 07:20:06.234 UTC [TRACE] steampipe-plugin-hackernews.plugin: [TRACE] GetConfig.initialise complete: RetryConfig: , IgnoreConfig:
2022-11-03 07:20:06.234 UTC [TRACE] steampipe-plugin-hackernews.plugin: [TRACE] t.List.initialise
2022-11-03 07:20:06.234 UTC [TRACE] steampipe-plugin-hackernews.plugin: [TRACE] ListConfig.initialise table hackernews_ask_hn
2022-11-03 07:20:06.234 UTC [TRACE] steampipe-plugin-hackernews.plugin: [TRACE] ListConfig.initialise complete: RetryConfig: , IgnoreConfig
2022-11-03 07:20:06.234 UTC [TRACE] steampipe-plugin-hackernews.plugin: [TRACE] HydrateConfig.initialise func getItem, table hackernews_ask_hn
2022-11-03 07:20:06.234 UTC [TRACE] steampipe-plugin-hackernews.plugin: [TRACE] HydrateConfig.initialise complete: RetryConfig: , IgnoreConfig:
2022-11-03 07:20:06.234 UTC [TRACE] steampipe-plugin-hackernews.plugin: [TRACE] back from initialiseHydrateConfigs
2022-11-03 07:20:06.234 UTC [TRACE] steampipe-plugin-hackernews.plugin: [TRACE] initialise table hackernews_ask_hn COMPLETE
2022-11-03 07:20:06.234 UTC [TRACE] steampipe-plugin-hackernews.plugin: [TRACE] initialise table hackernews_best
2022-11-03 07:20:06.234 UTC [TRACE] steampipe-plugin-hackernews.plugin: [TRACE] no DefaultRetryConfig defined - creating empty
2022-11-03 07:20:06.234 UTC [TRACE] steampipe-plugin-hackernews.plugin: [TRACE] no DefaultIgnoreConfig defined - creating empty
2022-11-03 07:20:06.234 UTC [TRACE] steampipe-plugin-hackernews.plugin: [TRACE] apply plugin defaults for DefaultRetryConfig
2022-11-03 07:20:06.234 UTC [TRACE] steampipe-plugin-hackernews.plugin: [TRACE] apply plugin defaults for DefaultIgnoreConfig, table &{<nil> <nil>} plugin &{<nil> <nil>}
2022-11-03 07:20:06.234 UTC [TRACE] steampipe-plugin-hackernews.plugin: [TRACE] DefaultRetryConfig:
2022-11-03 07:20:06.234 UTC [TRACE] steampipe-plugin-hackernews.plugin: [TRACE] DefaultIgnoreConfig:
2022-11-03 07:20:06.234 UTC [TRACE] steampipe-plugin-hackernews.plugin: [TRACE] t.Get.initialise
2022-11-03 07:20:06.234 UTC [TRACE] steampipe-plugin-hackernews.plugin: [TRACE] GetConfig.initialise table hackernews_best
2022-11-03 07:20:06.234 UTC [TRACE] steampipe-plugin-hackernews.plugin: [TRACE] GetConfig.initialise complete: RetryConfig: , IgnoreConfig:
2022-11-03 07:20:06.234 UTC [TRACE] steampipe-plugin-hackernews.plugin: [TRACE] t.List.initialise
2022-11-03 07:20:06.234 UTC [TRACE] steampipe-plugin-hackernews.plugin: [TRACE] ListConfig.initialise table hackernews_best
2022-11-03 07:20:06.234 UTC [TRACE] steampipe-plugin-hackernews.plugin: [TRACE] ListConfig.initialise complete: RetryConfig: , IgnoreConfig
2022-11-03 07:20:06.234 UTC [TRACE] steampipe-plugin-hackernews.plugin: [TRACE] HydrateConfig.initialise func getItem, table hackernews_best
2022-11-03 07:20:06.234 UTC [TRACE] steampipe-plugin-hackernews.plugin: [TRACE] HydrateConfig.initialise complete: RetryConfig: , IgnoreConfig:
2022-11-03 07:20:06.234 UTC [TRACE] steampipe-plugin-hackernews.plugin: [TRACE] back from initialiseHydrateConfigs
2022-11-03 07:20:06.234 UTC [TRACE] steampipe-plugin-hackernews.plugin: [TRACE] initialise table hackernews_best COMPLETE
2022-11-03 07:20:06.234 UTC [TRACE] steampipe-plugin-hackernews.plugin: [TRACE] initialise table hackernews_item
2022-11-03 07:20:06.234 UTC [TRACE] steampipe-plugin-hackernews.plugin: [TRACE] no DefaultRetryConfig defined - creating empty
2022-11-03 07:20:06.234 UTC [TRACE] steampipe-plugin-hackernews.plugin: [TRACE] no DefaultIgnoreConfig defined - creating empty
2022-11-03 07:20:06.234 UTC [TRACE] steampipe-plugin-hackernews.plugin: [TRACE] apply plugin defaults for DefaultRetryConfig
2022-11-03 07:20:06.234 UTC [TRACE] steampipe-plugin-hackernews.plugin: [TRACE] apply plugin defaults for DefaultIgnoreConfig, table &{<nil> <nil>} plugin &{<nil> <nil>}
2022-11-03 07:20:06.234 UTC [TRACE] steampipe-plugin-hackernews.plugin: [TRACE] DefaultRetryConfig:
2022-11-03 07:20:06.234 UTC [TRACE] steampipe-plugin-hackernews.plugin: [TRACE] DefaultIgnoreConfig:
2022-11-03 07:20:06.234 UTC [TRACE] steampipe-plugin-hackernews.plugin: [TRACE] t.Get.initialise
2022-11-03 07:20:06.234 UTC [TRACE] steampipe-plugin-hackernews.plugin: [TRACE] GetConfig.initialise table hackernews_item
2022-11-03 07:20:06.234 UTC [TRACE] steampipe-plugin-hackernews.plugin: [TRACE] GetConfig.initialise complete: RetryConfig: , IgnoreConfig:
2022-11-03 07:20:06.234 UTC [TRACE] steampipe-plugin-hackernews.plugin: [TRACE] t.List.initialise
2022-11-03 07:20:06.234 UTC [TRACE] steampipe-plugin-hackernews.plugin: [TRACE] ListConfig.initialise table hackernews_item
2022-11-03 07:20:06.234 UTC [TRACE] steampipe-plugin-hackernews.plugin: [TRACE] ListConfig.initialise complete: RetryConfig: , IgnoreConfig
2022-11-03 07:20:06.234 UTC [TRACE] steampipe-plugin-hackernews.plugin: [TRACE] HydrateConfig.initialise func getItem, table hackernews_item
2022-11-03 07:20:06.234 UTC [TRACE] steampipe-plugin-hackernews.plugin: [TRACE] HydrateConfig.initialise complete: RetryConfig: , IgnoreConfig:
2022-11-03 07:20:06.234 UTC [TRACE] steampipe-plugin-hackernews.plugin: [TRACE] back from initialiseHydrateConfigs
2022-11-03 07:20:06.234 UTC [TRACE] steampipe-plugin-hackernews.plugin: [TRACE] initialise table hackernews_item COMPLETE
2022-11-03 07:20:06.234 UTC [TRACE] steampipe-plugin-hackernews.plugin: [TRACE] initialise table hackernews_job
2022-11-03 07:20:06.234 UTC [TRACE] steampipe-plugin-hackernews.plugin: [TRACE] no DefaultRetryConfig defined - creating empty
2022-11-03 07:20:06.234 UTC [TRACE] steampipe-plugin-hackernews.plugin: [TRACE] no DefaultIgnoreConfig defined - creating empty
2022-11-03 07:20:06.234 UTC [TRACE] steampipe-plugin-hackernews.plugin: [TRACE] apply plugin defaults for DefaultRetryConfig
2022-11-03 07:20:06.234 UTC [TRACE] steampipe-plugin-hackernews.plugin: [TRACE] apply plugin defaults for DefaultIgnoreConfig, table &{<nil> <nil>} plugin &{<nil> <nil>}
2022-11-03 07:20:06.234 UTC [TRACE] steampipe-plugin-hackernews.plugin: [TRACE] DefaultRetryConfig:
2022-11-03 07:20:06.234 UTC [TRACE] steampipe-plugin-hackernews.plugin: [TRACE] DefaultIgnoreConfig:
2022-11-03 07:20:06.234 UTC [TRACE] steampipe-plugin-hackernews.plugin: [TRACE] t.Get.initialise
2022-11-03 07:20:06.234 UTC [TRACE] steampipe-plugin-hackernews.plugin: [TRACE] GetConfig.initialise table hackernews_job
2022-11-03 07:20:06.234 UTC [TRACE] steampipe-plugin-hackernews.plugin: [TRACE] GetConfig.initialise complete: RetryConfig: , IgnoreConfig:
2022-11-03 07:20:06.234 UTC [TRACE] steampipe-plugin-hackernews.plugin: [TRACE] t.List.initialise
2022-11-03 07:20:06.234 UTC [TRACE] steampipe-plugin-hackernews.plugin: [TRACE] ListConfig.initialise table hackernews_job
2022-11-03 07:20:06.234 UTC [TRACE] steampipe-plugin-hackernews.plugin: [TRACE] ListConfig.initialise complete: RetryConfig: , IgnoreConfig
2022-11-03 07:20:06.234 UTC [TRACE] steampipe-plugin-hackernews.plugin: [TRACE] HydrateConfig.initialise func getItem, table hackernews_job
2022-11-03 07:20:06.234 UTC [TRACE] steampipe-plugin-hackernews.plugin: [TRACE] HydrateConfig.initialise complete: RetryConfig: , IgnoreConfig:
2022-11-03 07:20:06.234 UTC [TRACE] steampipe-plugin-hackernews.plugin: [TRACE] back from initialiseHydrateConfigs
2022-11-03 07:20:06.234 UTC [TRACE] steampipe-plugin-hackernews.plugin: [TRACE] initialise table hackernews_job COMPLETE
2022-11-03 07:20:06.234 UTC [TRACE] steampipe-plugin-hackernews.plugin: [TRACE] validate plugin steampipe-plugin-hackernews, required columns []
2022-11-03 07:20:06.234 UTC [TRACE] steampipe-plugin-hackernews.plugin: [TRACE] validate DefaultRetryConfig
2022-11-03 07:20:06.234 UTC [TRACE] steampipe-plugin-hackernews.plugin: [TRACE] validate DefaultIgnoreConfig
2022-11-03 07:20:06.234 UTC [TRACE] steampipe-plugin-hackernews.plugin: [TRACE] validate table names
2022-11-03 07:20:06.234 UTC [TRACE] steampipe-plugin-hackernews.plugin: [TRACE] plugin has 0 validation errors
2022-11-03 07:20:06.234 UTC [TRACE] steampipe-plugin-hackernews.plugin: [TRACE] Plugin ensureCache creating cache, maxCacheStorageMb 0
2022-11-03 07:20:06.234 UTC [TRACE] steampipe-plugin-hackernews.plugin: [TRACE] createCacheStore for plugin 'steampipe-plugin-hackernews' setting max size to 0Mb, Shards: 2, max shard size: 0
2022-11-03 07:20:06.246 UTC [INFO]  steampipe-plugin-hackernews.plugin: [INFO]  query cache created
2022-11-03 07:20:06.246 UTC [DEBUG] steampipe-plugin-hackernews.plugin: [DEBUG] SetAllConnectionConfigs finished
2022-11-03 07:20:06.247 UTC [TRACE] PluginManager getPlugin complete, returning reattach config with PID: 2044
2022-11-03 07:20:06.247 UTC [TRACE] PluginManager Get returning reattach_map:{key:"hackernews" value:{protocol:"grpc" addr:{Network:"unix" Address:"/tmp/plugin387642828"} pid:2044 supported_operations:{query_cache:true multiple_connections:true} connections:"hackernews" plugin:"hub.steampipe.io/plugins/turbot/hackernews@latest"}}
2022-11-03 07:20:06.255 UTC [INFO]  steampipe-plugin-hackernews.plugin: [INFO]  1667460006526: Plugin Execute (1667460006526)
2022-11-03 07:20:06.255 UTC [TRACE] steampipe-plugin-hackernews.plugin: [TRACE] 1667460006526: No memory limit set
2022-11-03 07:20:06.255 UTC [INFO]  steampipe-plugin-hackernews.plugin: [INFO]  1667460006526: Plugin Execute, setting memory limit to -1Mb
2022-11-03 07:20:06.255 UTC [TRACE] steampipe-plugin-hackernews.plugin: [TRACE] 1667460006526: calling ExtractContextFromCarrier
2022-11-03 07:20:06.255 UTC [INFO]  steampipe-plugin-hackernews.plugin: [INFO]  1667460006526: Setting max concurrent connections to 25
2022-11-03 07:20:06.255 UTC [TRACE] steampipe-plugin-hackernews.plugin: [TRACE] 1667460006526: executeForConnection callId: 1667460006526, connectionCallId: hackernews-1667460006526, connection: hackernews table: hackernews_new cols: id,title,time,by,score,dead,deleted,descendants,kids,parent,parts,poll,text,type,url,_ctx
2022-11-03 07:20:06.255 UTC [TRACE] steampipe-plugin-hackernews.plugin: [TRACE] 1667460006526: got connection data
2022-11-03 07:20:06.255 UTC [TRACE] steampipe-plugin-hackernews.plugin: [TRACE] 1667460006526: Got query context, table: hackernews_new, cols: [id title time by score dead deleted descendants kids parent parts poll text type url _ctx]
2022-11-03 07:20:06.255 UTC [TRACE] steampipe-plugin-hackernews.plugin: [TRACE] 1667460006526: Start execute span
2022-11-03 07:20:06.255 UTC [INFO]  steampipe-plugin-hackernews.plugin: [INFO]  1667460006526: Setting free memory interval to 100 rows
2022-11-03 07:20:06.255 UTC [TRACE] steampipe-plugin-hackernews.plugin: [TRACE] 1667460006526: setFetchType map[time:quals:{fieldName:"time"  string_value:">"  value:{timestamp_value:{seconds:1667456406  nanos:208387000}}}]
2022-11-03 07:20:06.256 UTC [TRACE] steampipe-plugin-hackernews.plugin: [TRACE] 1667460006526: getMatchingQuals column:'id' operator: =
2022-11-03 07:20:06.256 UTC [TRACE] steampipe-plugin-hackernews.plugin: [TRACE] 1667460006526: getMatchingQuals returning false - qualMap does not contain any quals for column id
2022-11-03 07:20:06.256 UTC [TRACE] steampipe-plugin-hackernews.plugin: [TRACE] 1667460006526: GetUnsatisfiedKeyColumns for columns column:'id' operator: =
2022-11-03 07:20:06.257 UTC [TRACE] steampipe-plugin-hackernews.plugin: [TRACE] 1667460006526: key column NOT satisfied column:'id' operator: =
2022-11-03 07:20:06.257 UTC [TRACE] steampipe-plugin-hackernews.plugin: [TRACE] 1667460006526: satisfied: map[any_of: optional: required:]
2022-11-03 07:20:06.257 UTC [TRACE] steampipe-plugin-hackernews.plugin: [TRACE] 1667460006526: unsatisfied: map[any_of: optional: required:column:'id' operator: =]
2022-11-03 07:20:06.258 UTC [TRACE] steampipe-plugin-hackernews.plugin: [TRACE] 1667460006526: unsatisfied required KeyColumns: column:'id' operator: =
2022-11-03 07:20:06.258 UTC [TRACE] steampipe-plugin-hackernews.plugin: [TRACE] 1667460006526: Set fetchType to fetchTypeList
2022-11-03 07:20:06.258 UTC [TRACE] steampipe-plugin-hackernews.plugin: [TRACE] 1667460006526: Equals key column quals:
2022-11-03 07:20:06.258 UTC [DEBUG] steampipe-plugin-hackernews.plugin: {}
2022-11-03 07:20:06.258 UTC [TRACE] steampipe-plugin-hackernews.plugin: [TRACE] 1667460006526: All key column quals:
2022-11-03 07:20:06.258 UTC [DEBUG] steampipe-plugin-hackernews.plugin: {}
2022-11-03 07:20:06.258 UTC [TRACE] steampipe-plugin-hackernews.plugin: [TRACE] 1667460006526: GetMatrixItem
2022-11-03 07:20:06.258 UTC [TRACE] steampipe-plugin-hackernews.plugin: [TRACE] 1667460006526: creating query data
2022-11-03 07:20:06.258 UTC [INFO]  steampipe-plugin-hackernews.plugin: [INFO]  1667460006526: cacheEnabled, trying cache get (hackernews-1667460006526)
2022-11-03 07:20:06.258 UTC [TRACE] steampipe-plugin-hackernews.plugin: [TRACE] 1667460006526: QueryCache Get - indexBucketKey index__hackernewshackernews_new, quals
2022-11-03 07:20:06.258 UTC [TRACE] steampipe-plugin-hackernews.plugin: [TRACE] 1667460006526: QueryCache getCachedQueryResult - table hackernews_new, connectionName hackernews
2022-11-03 07:20:06.258 UTC [TRACE] steampipe-plugin-hackernews.plugin: [TRACE] 1667460006526: index bucket key: index__hackernewshackernews_new ttlSeconds 300 limit: -1
2022-11-03 07:20:06.258 UTC [TRACE] steampipe-plugin-hackernews.plugin: [TRACE] 1667460006526: doGet cache miss
2022-11-03 07:20:06.258 UTC [TRACE] steampipe-plugin-hackernews.plugin: [TRACE] 1667460006526: getCachedIndexBucket - no item retrieved for cache key index__hackernewshackernews_new
2022-11-03 07:20:06.258 UTC [TRACE] steampipe-plugin-hackernews.plugin: [TRACE] 1667460006526: getCachedQueryResult returned CACHE MISS - checking for pending transfers
2022-11-03 07:20:06.258 UTC [TRACE] steampipe-plugin-hackernews.plugin: [TRACE] 1667460006526: getPendingResultItem indexBucketKey index__hackernewshackernews_new, columns [id title time by score dead deleted descendants kids parent parts poll text type url _ctx], limit -1
2022-11-03 07:20:06.258 UTC [TRACE] steampipe-plugin-hackernews.plugin: [TRACE] 1667460006526: no pending index item - add pending result, indexBucketKey index__hackernewshackernews_new
2022-11-03 07:20:06.258 UTC [TRACE] steampipe-plugin-hackernews.plugin: [TRACE] 1667460006526: addPendingResult (hackernews-1667460006526) indexBucketKey index__hackernewshackernews_new, columns [id title time by score dead deleted descendants kids parent parts poll text type url _ctx], limit -1
2022-11-03 07:20:06.258 UTC [TRACE] steampipe-plugin-hackernews.plugin: [TRACE] 1667460006526: no index bucket found - creating one
2022-11-03 07:20:06.258 UTC [TRACE] steampipe-plugin-hackernews.plugin: [TRACE] 1667460006526: pendingIndexItem Lock count before 0
2022-11-03 07:20:06.258 UTC [TRACE] steampipe-plugin-hackernews.plugin: [TRACE] 1667460006526: addPendingResult added pending index item to bucket, (hackernews-1667460006526) indexBucketKey index__hackernewshackernews_new, resultKeyRoot hackernewshackernews_newid,title,time,by,score,dead,deleted,descendants,kids,parent,parts,poll,text,type,url,_ctx-1, pending item : 0xc0004aa7e0
2022-11-03 07:20:06.258 UTC [TRACE] steampipe-plugin-hackernews.plugin: [TRACE] 1667460006526: **** pending items (hackernews-1667460006526)****
2022-11-03 07:20:06.258 UTC [TRACE] steampipe-plugin-hackernews.plugin: [TRACE] 1667460006526: key: index__hackernewshackernews_new: item: 0xc0004aa7e0, count: 1, key:hackernewshackernews_newid,title,time,by,score,dead,deleted,descendants,kids,parent,parts,poll,text,type,url,_ctx-1
2022-11-03 07:20:06.258 UTC [TRACE] steampipe-plugin-hackernews.plugin: [TRACE] 1667460006526: ********
2022-11-03 07:20:06.258 UTC [TRACE] steampipe-plugin-hackernews.plugin: [TRACE] 1667460006526: getPendingResultItem returning <nil>
2022-11-03 07:20:06.258 UTC [INFO]  steampipe-plugin-hackernews.plugin: [INFO]  1667460006526: CACHE MISS
2022-11-03 07:20:06.258 UTC [TRACE] steampipe-plugin-hackernews.plugin: [TRACE] 1667460006526: cache MISS
2022-11-03 07:20:06.258 UTC [INFO]  steampipe-plugin-hackernews.plugin: [INFO]  1667460006526: queryCacheGet returned CACHE MISS (hackernews-1667460006526)
2022-11-03 07:20:06.258 UTC [TRACE] steampipe-plugin-hackernews.plugin: [TRACE] 1667460006526: StartSet (hackernews-1667460006526)
2022-11-03 07:20:06.258 UTC [TRACE] steampipe-plugin-hackernews.plugin: [TRACE] 1667460006526: calling fetchItems, table: hackernews_new, matrixItem: [], limit: -1,  connectionCallId: hackernews-1667460006526"
2022-11-03 07:20:06.258 UTC [TRACE] steampipe-plugin-hackernews.plugin: [TRACE] 1667460006526: buildRowsAsync connectionCallId: hackernews-1667460006526
2022-11-03 07:20:06.258 UTC [TRACE] steampipe-plugin-hackernews.plugin: [TRACE] 1667460006526: streamRows connectionCallId: hackernews-1667460006526
2022-11-03 07:20:06.258 UTC [TRACE] steampipe-plugin-hackernews.plugin: [TRACE] 1667460006526: QueryData streamRows (hackernews-1667460006526)
2022-11-03 07:20:06.258 UTC [TRACE] steampipe-plugin-hackernews.plugin: [TRACE] 1667460006526: executeListCall START (hackernews-1667460006526)
2022-11-03 07:20:06.258 UTC [TRACE] steampipe-plugin-hackernews.plugin: [TRACE] 1667460006526: GetUnsatisfiedKeyColumns for columns
2022-11-03 07:20:06.258 UTC [TRACE] steampipe-plugin-hackernews.plugin: [TRACE] 1667460006526: doList (hackernews-1667460006526)
2022-11-03 07:20:06.258 UTC [TRACE] steampipe-plugin-hackernews.plugin: [TRACE] 1667460006526: doList: no matrix item
2022-11-03 07:20:06.437 UTC [TRACE] stdio: received data: channel=STDOUT len=23
2022-11-03 07:20:06.438 UTC [TRACE] stdio: waiting for stdio data
2022-11-03 07:20:06.439 UTC [TRACE] steampipe-plugin-hackernews.plugin: [TRACE] 1667460006526: QueryData.fetchComplete
2022-11-03 07:20:06.439 UTC [TRACE] steampipe-plugin-hackernews.plugin: [TRACE] 1667460006526: executeListCall COMPLETE (hackernews-1667460006526)
2022-11-03 07:20:06.439 UTC [TRACE] steampipe-plugin-hackernews.plugin: [TRACE] 1667460006526: rowData chan returned nil - wait for rows to complete (hackernews-1667460006526)
2022-11-03 07:20:06.559 UTC [TRACE] stdio: received data: channel=STDOUT len=984
2022-11-03 07:20:06.559 UTC [TRACE] stdio: waiting for stdio data
2022-11-03 07:20:06.563 UTC [TRACE] stdio: received data: channel=STDOUT len=17
2022-11-03 07:20:06.563 UTC [TRACE] stdio: waiting for stdio data
2022-11-03 07:20:06.567 UTC [TRACE] stdio: received data: channel=STDOUT len=47
2022-11-03 07:20:06.567 UTC [TRACE] stdio: waiting for stdio data
2022-11-03 07:20:06.574 UTC [TRACE] stdio: received data: channel=STDOUT len=387
2022-11-03 07:20:06.574 UTC [TRACE] stdio: waiting for stdio data
2022-11-03 07:20:06.581 UTC [TRACE] stdio: received data: channel=STDOUT len=184
2022-11-03 07:20:06.581 UTC [TRACE] stdio: waiting for stdio data
2022-11-03 07:20:06.601 UTC [TRACE] stdio: received data: channel=STDOUT len=266
2022-11-03 07:20:06.601 UTC [TRACE] stdio: waiting for stdio data
2022-11-03 07:20:06.643 UTC [TRACE] stdio: received data: channel=STDOUT len=968
2022-11-03 07:20:06.643 UTC [TRACE] stdio: waiting for stdio data
2022-11-03 07:20:06.671 UTC [TRACE] stdio: received data: channel=STDOUT len=450
2022-11-03 07:20:06.671 UTC [TRACE] stdio: waiting for stdio data
2022-11-03 07:20:06.723 UTC [TRACE] stdio: received data: channel=STDOUT len=1024
2022-11-03 07:20:06.723 UTC [TRACE] stdio: waiting for stdio data
2022-11-03 07:20:06.782 UTC [TRACE] stdio: received data: channel=STDOUT len=158
2022-11-03 07:20:06.782 UTC [TRACE] stdio: waiting for stdio data
2022-11-03 07:20:06.782 UTC [TRACE] stdio: received data: channel=STDOUT len=478
2022-11-03 07:20:06.782 UTC [TRACE] stdio: waiting for stdio data
2022-11-03 07:20:06.788 UTC [TRACE] stdio: received data: channel=STDOUT len=348
2022-11-03 07:20:06.788 UTC [TRACE] stdio: waiting for stdio data
2022-11-03 07:20:06.788 UTC [TRACE] steampipe-plugin-hackernews.plugin: [TRACE] 1667460006526: buildRowsAsync goroutine returning (hackernews-1667460006526)
2022-11-03 07:20:06.788 UTC [TRACE] steampipe-plugin-hackernews.plugin: [TRACE] 1667460006526: streamRows - nil row, stop streaming (hackernews-1667460006526)
2022-11-03 07:20:06.788 UTC [TRACE] steampipe-plugin-hackernews.plugin: [TRACE] 1667460006526: ------------------------------------
2022-11-03 07:20:06.788 UTC [TRACE] steampipe-plugin-hackernews.plugin: [TRACE] 1667460006526: Concurrency Summary
2022-11-03 07:20:06.788 UTC [TRACE] steampipe-plugin-hackernews.plugin: [TRACE] 1667460006526: ------------------------------------
2022-11-03 07:20:06.788 UTC [TRACE] steampipe-plugin-hackernews.plugin: [TRACE] 1667460006526: getItem                       : 200
2022-11-03 07:20:06.788 UTC [TRACE] steampipe-plugin-hackernews.plugin: [TRACE] 1667460006526: ------------------------------------
2022-11-03 07:20:06.788 UTC [TRACE] steampipe-plugin-hackernews.plugin: [TRACE] 1667460006526: Total                         : 200
2022-11-03 07:20:06.788 UTC [TRACE] steampipe-plugin-hackernews.plugin: [TRACE] 1667460006526: ------------------------------------
2022-11-03 07:20:06.788 UTC [TRACE] steampipe-plugin-hackernews.plugin: [TRACE] 1667460006526: QueryData streamRows DONE (hackernews-1667460006526)
2022-11-03 07:20:06.788 UTC [TRACE] steampipe-plugin-hackernews.plugin: [TRACE] 1667460006526: EndSet (hackernews-1667460006526) table hackernews_new
2022-11-03 07:20:06.788 UTC [TRACE] steampipe-plugin-hackernews.plugin: [TRACE] 1667460006526: QueryCache writePageToCache: 500 rows, pageCount 1, page key hackernewshackernews_newid,title,time,by,score,dead,deleted,descendants,kids,parent,parts,poll,text,type,url,_ctx-1-0
2022-11-03 07:20:06.796 UTC [TRACE] steampipe-plugin-hackernews.plugin: [TRACE] 1667460006526: writePageToCache Set - result written
2022-11-03 07:20:06.796 UTC [TRACE] steampipe-plugin-hackernews.plugin: [TRACE] 1667460006526: QueryCache EndSet - result written
2022-11-03 07:20:06.796 UTC [TRACE] steampipe-plugin-hackernews.plugin: [TRACE] 1667460006526: doGet cache miss
2022-11-03 07:20:06.796 UTC [TRACE] steampipe-plugin-hackernews.plugin: [TRACE] 1667460006526: getCachedIndexBucket - no item retrieved for cache key index__hackernewshackernews_new
2022-11-03 07:20:06.796 UTC [TRACE] steampipe-plugin-hackernews.plugin: [TRACE] 1667460006526: getCachedIndexBucket returned cache miss
2022-11-03 07:20:06.796 UTC [TRACE] steampipe-plugin-hackernews.plugin: [TRACE] 1667460006526: QueryCache EndSet - Added index item (0xc01ab0f680) to bucket (0xc01a9c0b70), page count 1,  key root hackernewshackernews_newid,title,time,by,score,dead,deleted,descendants,kids,parent,parts,poll,text,type,url,_ctx-1
2022-11-03 07:20:06.796 UTC [TRACE] steampipe-plugin-hackernews.plugin: [TRACE] 1667460006526: cacheSetIndexBucket index__hackernewshackernews_new
2022-11-03 07:20:06.796 UTC [TRACE] steampipe-plugin-hackernews.plugin: [TRACE] 1667460006526: QueryCache EndSet - IndexBucket written
2022-11-03 07:20:06.796 UTC [TRACE] steampipe-plugin-hackernews.plugin: [TRACE] 1667460006526: EndSet DEFER (hackernews-1667460006526) table hackernews_new
2022-11-03 07:20:06.796 UTC [TRACE] steampipe-plugin-hackernews.plugin: [TRACE] 1667460006526: calling pendingItemComplete (hackernews-1667460006526)
2022-11-03 07:20:06.796 UTC [TRACE] steampipe-plugin-hackernews.plugin: [TRACE] 1667460006526: pendingItemComplete (hackernews-1667460006526) indexBucketKey index__hackernewshackernews_new, columns [id title time by score dead deleted descendants kids parent parts poll text type url _ctx], limit -1
2022-11-03 07:20:06.796 UTC [TRACE] steampipe-plugin-hackernews.plugin: [TRACE] 1667460006526: got pending index bucket, (hackernews-1667460006526) len 1
2022-11-03 07:20:06.796 UTC [TRACE] steampipe-plugin-hackernews.plugin: [TRACE] 1667460006526: SatisfiesLimit limit -1, no item limit - satisfied
2022-11-03 07:20:06.796 UTC [TRACE] steampipe-plugin-hackernews.plugin: [TRACE] 1667460006526: found pending index item to satisfy columns id,title,time,by,score,dead,deleted,descendants,kids,parent,parts,poll,text,type,url,_ctx, limit -1
2022-11-03 07:20:06.796 UTC [TRACE] steampipe-plugin-hackernews.plugin: [TRACE] 1667460006526: found completed pending item (hackernews-1667460006526) 0xc0004aa7e0, key hackernewshackernews_newid,title,time,by,score,dead,deleted,descendants,kids,parent,parts,poll,text,type,url,_ctx-1 - removing from map as it is complete
2022-11-03 07:20:06.796 UTC [TRACE] steampipe-plugin-hackernews.plugin: [TRACE] 1667460006526: pendingIndexItem Unlock count before 1 key hackernewshackernews_newid,title,time,by,score,dead,deleted,descendants,kids,parent,parts,poll,text,type,url,_ctx-1
2022-11-03 07:20:06.796 UTC [TRACE] steampipe-plugin-hackernews.plugin: [TRACE] 1667460006526: deleted from pending, (hackernews-1667460006526) len 0
2022-11-03 07:20:06.796 UTC [TRACE] steampipe-plugin-hackernews.plugin: [TRACE] 1667460006526: pending bucket now empty - deleting key index__hackernewshackernews_new
2022-11-03 07:20:06.796 UTC [TRACE] steampipe-plugin-hackernews.plugin: [TRACE] 1667460006526: pendingItemComplete done (hackernews-1667460006526)
2022-11-03 07:20:06.796 UTC [TRACE] steampipe-plugin-hackernews.plugin: [TRACE] 1667460006526: cache set succeeded
2022-11-03 07:20:06.796 UTC [TRACE] steampipe-plugin-hackernews.plugin: [TRACE] 1667460006526: End execute span
2022-11-03 07:20:06.796 UTC [TRACE] steampipe-plugin-hackernews.plugin: [TRACE] 1667460006526: executeForConnection DEFER (hackernews-1667460006526)
2022-11-03 07:20:06.796 UTC [TRACE] steampipe-plugin-hackernews.plugin: [TRACE] 1667460006526: Execute complete callId: hackernews-1667460006526 table: hackernews_new
2022-11-03 07:20:06.796 UTC [TRACE] steampipe-plugin-hackernews.plugin: [TRACE] 1667460006526: executeForConnection hackernews returned
2022-11-03 07:20:06.796 UTC [TRACE] steampipe-plugin-hackernews.plugin: [TRACE] 1667460006526: output wg complete - send nil row
2022-11-03 07:20:06.796 UTC [TRACE] steampipe-plugin-hackernews.plugin: [TRACE] 1667460006526: empty row on output channel - we are done
2022-11-03 07:20:06.796 UTC [INFO]  steampipe-plugin-hackernews.plugin: [INFO]  1667460006526: Plugin Execute complete (1667460006526)
2022-11-03 07:20:06.860 UTC [TRACE] PluginManager Shutdown
2022-11-03 07:20:06.860 UTC [TRACE] killing plugin csv (2020)
2022-11-03 07:20:06.861 UTC [TRACE] steampipe-plugin-csv.plugin: [TRACE] FLUSHING instrumentation
2022-11-03 07:20:06.861 UTC [TRACE] steampipe-plugin-csv.plugin: [TRACE] Shutdown instrumentation
2022-11-03 07:20:06.862 UTC [DEBUG] stdio: received EOF, stopping recv loop: err="rpc error: code = Unavailable desc = error reading from server: EOF"
2022-11-03 07:20:06.863 UTC [INFO]  plugin process exited: path=/home/runner/.steampipe/plugins/hub.steampipe.io/plugins/turbot/csv@latest/steampipe-plugin-csv.plugin pid=2020
2022-11-03 07:20:06.863 UTC [DEBUG] plugin exited
2022-11-03 07:20:06.863 UTC [TRACE] killing plugin hackernews (2044)
2022-11-03 07:20:06.863 UTC [TRACE] steampipe-plugin-hackernews.plugin: [TRACE] 1667460006526: FLUSHING instrumentation
2022-11-03 07:20:06.863 UTC [TRACE] steampipe-plugin-hackernews.plugin: [TRACE] 1667460006526: Shutdown instrumentation
2022-11-03 07:20:06.863 UTC [DEBUG] stdio: received EOF, stopping recv loop: err="rpc error: code = Unavailable desc = error reading from server: EOF"
2022-11-03 07:20:06.869 UTC [INFO]  plugin process exited: path=/home/runner/.steampipe/plugins/hub.steampipe.io/plugins/turbot/hackernews@latest/steampipe-plugin-hackernews.plugin pid=2044
2022-11-03 07:20:06.869 UTC [DEBUG] plugin exited
2022-11-03 07:20:10.209 UTC [WARN]  PluginManager setPluginCacheSizeMap: 4 connections.
2022-11-03 07:20:10.209 UTC [WARN]  Total cache size 0Mb
2022-11-03 07:20:10.272 UTC [WARN]  plugin configured with a nil SecureConfig
2022-11-03 07:20:10.522 UTC [WARN]  steampipe-plugin-csv.plugin: [WARN]  1667460010425: getKeyColumnsForTable found no schema for table '/home/runner/work/steampipe-samples/steampipe-samples/all/hackernews/hn.csv'
2022-11-03 07:20:31.039 UTC [WARN]  PluginManager setPluginCacheSizeMap: 4 connections.
2022-11-03 07:20:31.039 UTC [WARN]  Total cache size 0Mb
2022-11-03 07:20:31.103 UTC [WARN]  plugin configured with a nil SecureConfig
2022-11-03 07:20:31.269 UTC [WARN]  steampipe-plugin-csv.plugin: [WARN]  1667460031757: getKeyColumnsForTable found no schema for table '/home/runner/work/steampipe-samples/steampipe-samples/all/hackernews/hn.csv'
2022-11-03 07:20:51.636 UTC [WARN]  PluginManager setPluginCacheSizeMap: 4 connections.
2022-11-03 07:20:51.636 UTC [WARN]  Total cache size 0Mb
2022-11-03 07:20:51.699 UTC [WARN]  plugin configured with a nil SecureConfig
2022-11-03 07:20:52.835 UTC [WARN]  PluginManager setPluginCacheSizeMap: 4 connections.
2022-11-03 07:20:52.835 UTC [WARN]  Total cache size 0Mb
2022-11-03 07:20:52.899 UTC [WARN]  plugin configured with a nil SecureConfig
2022-11-03 07:20:53.806 UTC [WARN]  PluginManager setPluginCacheSizeMap: 4 connections.
2022-11-03 07:20:53.806 UTC [WARN]  Total cache size 0Mb
2022-11-03 07:20:53.871 UTC [WARN]  plugin configured with a nil SecureConfig
2022-11-03 07:20:54.651 UTC [WARN]  PluginManager setPluginCacheSizeMap: 4 connections.
2022-11-03 07:20:54.651 UTC [WARN]  Total cache size 0Mb
2022-11-03 07:20:54.714 UTC [WARN]  plugin configured with a nil SecureConfig
2022-11-03 07:20:55.522 UTC [WARN]  PluginManager setPluginCacheSizeMap: 4 connections.
2022-11-03 07:20:55.522 UTC [WARN]  Total cache size 0Mb
2022-11-03 07:20:55.585 UTC [WARN]  plugin configured with a nil SecureConfig
2022-11-03 07:20:56.370 UTC [WARN]  PluginManager setPluginCacheSizeMap: 4 connections.
2022-11-03 07:20:56.370 UTC [WARN]  Total cache size 0Mb
2022-11-03 07:20:56.432 UTC [WARN]  plugin configured with a nil SecureConfig
2022-11-03 07:20:57.214 UTC [WARN]  PluginManager setPluginCacheSizeMap: 4 connections.
2022-11-03 07:20:57.214 UTC [WARN]  Total cache size 0Mb
2022-11-03 07:20:57.277 UTC [WARN]  plugin configured with a nil SecureConfig
2022-11-03 07:20:58.042 UTC [WARN]  PluginManager setPluginCacheSizeMap: 4 connections.
2022-11-03 07:20:58.042 UTC [WARN]  Total cache size 0Mb
2022-11-03 07:20:58.105 UTC [WARN]  plugin configured with a nil SecureConfig
2022-11-03 07:20:58.272 UTC [WARN]  plugin configured with a nil SecureConfig
2022-11-03 07:22:08.340 UTC [WARN]  PluginManager setPluginCacheSizeMap: 4 connections.
2022-11-03 07:22:08.340 UTC [WARN]  Total cache size 0Mb
2022-11-03 07:22:08.402 UTC [WARN]  plugin configured with a nil SecureConfig
2022-11-03 07:22:09.179 UTC [WARN]  PluginManager setPluginCacheSizeMap: 4 connections.
2022-11-03 07:22:09.179 UTC [WARN]  Total cache size 0Mb
2022-11-03 07:22:09.242 UTC [WARN]  plugin configured with a nil SecureConfig
2022-11-03 07:22:09.259 UTC [ERROR] steampipe-plugin-csv.plugin: [ERROR] csv.tableCSV: header_parse_error=EOF path=/home/runner/work/steampipe-samples/steampipe-samples/all/hackernews/new_sc.csv header=[]
2022-11-03 07:22:09.259 UTC [ERROR] steampipe-plugin-csv.plugin: [ERROR] csv.PluginTables: create_table_error="failed to parse file header /home/runner/work/steampipe-samples/steampipe-samples/all/hackernews/new_sc.csv: EOF" path=/home/runner/work/steampipe-samples/steampipe-samples/all/hackernews/new_sc.csv
2022-11-03 07:22:09.259 UTC [WARN]  failed to set connection config: failed to parse file header /home/runner/work/steampipe-samples/steampipe-samples/all/hackernews/new_sc.csv: EOF
2022-11-03 07:22:10.006 UTC [WARN]  PluginManager setPluginCacheSizeMap: 4 connections.
2022-11-03 07:22:10.007 UTC [WARN]  Total cache size 0Mb
2022-11-03 07:22:10.070 UTC [WARN]  plugin configured with a nil SecureConfig
2022-11-03 07:22:10.241 UTC [WARN]  steampipe-plugin-csv.plugin: [WARN]  1667460130459: getKeyColumnsForTable found no schema for table '/home/runner/work/steampipe-samples/steampipe-samples/all/hackernews/new_sc.csv'
2022-11-03 07:22:13.245 UTC [WARN]  PluginManager setPluginCacheSizeMap: 4 connections.
2022-11-03 07:22:13.245 UTC [WARN]  Total cache size 0Mb
2022-11-03 07:22:13.308 UTC [WARN]  plugin configured with a nil SecureConfig
2022-11-03 07:22:14.070 UTC [WARN]  PluginManager setPluginCacheSizeMap: 4 connections.
2022-11-03 07:22:14.070 UTC [WARN]  Total cache size 0Mb
2022-11-03 07:22:14.133 UTC [WARN]  plugin configured with a nil SecureConfig
2022-11-03 07:22:14.902 UTC [WARN]  PluginManager setPluginCacheSizeMap: 4 connections.
2022-11-03 07:22:14.902 UTC [WARN]  Total cache size 0Mb
2022-11-03 07:22:14.965 UTC [WARN]  plugin configured with a nil SecureConfig
2022-11-03 07:22:15.732 UTC [WARN]  PluginManager setPluginCacheSizeMap: 4 connections.
2022-11-03 07:22:15.732 UTC [WARN]  Total cache size 0Mb
2022-11-03 07:22:15.795 UTC [WARN]  plugin configured with a nil SecureConfig
2022-11-03 07:22:15.805 UTC [ERROR] steampipe-plugin-csv.plugin: [ERROR] csv.tableCSV: header_parse_error=EOF path=/home/runner/work/steampipe-samples/steampipe-samples/all/hackernews/hn_items_all.csv header=[]
2022-11-03 07:22:15.805 UTC [ERROR] steampipe-plugin-csv.plugin: [ERROR] csv.PluginTables: create_table_error="failed to parse file header /home/runner/work/steampipe-samples/steampipe-samples/all/hackernews/hn_items_all.csv: EOF" path=/home/runner/work/steampipe-samples/steampipe-samples/all/hackernews/hn_items_all.csv
2022-11-03 07:22:15.805 UTC [WARN]  failed to set connection config: failed to parse file header /home/runner/work/steampipe-samples/steampipe-samples/all/hackernews/hn_items_all.csv: EOF
2022-11-03 07:22:16.768 UTC [WARN]  PluginManager setPluginCacheSizeMap: 4 connections.
2022-11-03 07:22:16.768 UTC [WARN]  Total cache size 0Mb
2022-11-03 07:22:16.831 UTC [WARN]  plugin configured with a nil SecureConfig
2022-11-03 07:22:16.842 UTC [ERROR] steampipe-plugin-csv.plugin: [ERROR] csv.tableCSV: header_parse_error=EOF path=/home/runner/work/steampipe-samples/steampipe-samples/all/hackernews/people.csv header=[]
2022-11-03 07:22:16.842 UTC [ERROR] steampipe-plugin-csv.plugin: [ERROR] csv.PluginTables: create_table_error="failed to parse file header /home/runner/work/steampipe-samples/steampipe-samples/all/hackernews/people.csv: EOF" path=/home/runner/work/steampipe-samples/steampipe-samples/all/hackernews/people.csv
2022-11-03 07:22:16.842 UTC [WARN]  failed to set connection config: failed to parse file header /home/runner/work/steampipe-samples/steampipe-samples/all/hackernews/people.csv: EOF
2022-11-03 07:22:16.985 UTC [WARN]  plugin configured with a nil SecureConfig
2022-11-03 07:22:17.015 UTC [WARN]  plugin configured with a nil SecureConfig
