2022-11-01 19:19:45.455 UTC [WARN]  PluginManager setPluginCacheSizeMap: 1 connection.
2022-11-01 19:19:45.455 UTC [WARN]  Total cache size 0Mb
2022-11-01 19:19:45.520 UTC [WARN]  plugin configured with a nil SecureConfig
2022-11-01 19:19:46.899 UTC [WARN]  PluginManager setPluginCacheSizeMap: 2 connections.
2022-11-01 19:19:46.899 UTC [WARN]  Total cache size 0Mb
2022-11-01 19:19:46.971 UTC [WARN]  plugin configured with a nil SecureConfig
2022-11-01 19:19:48.347 UTC [WARN]  PluginManager setPluginCacheSizeMap: 3 connections.
2022-11-01 19:19:48.347 UTC [WARN]  Total cache size 0Mb
2022-11-01 19:19:48.411 UTC [WARN]  plugin configured with a nil SecureConfig
2022-11-01 19:19:48.451 UTC [WARN]  plugin configured with a nil SecureConfig
2022-11-01 19:19:49.953 UTC [WARN]  PluginManager setPluginCacheSizeMap: 4 connections.
2022-11-01 19:19:49.953 UTC [WARN]  Total cache size 0Mb
2022-11-01 19:19:50.016 UTC [WARN]  plugin configured with a nil SecureConfig
2022-11-01 19:19:50.046 UTC [WARN]  plugin configured with a nil SecureConfig
2022-11-01 19:19:50.979 UTC [INFO]  starting plugin manager
2022-11-01 19:19:50.979 UTC [TRACE] loaded config map: csv,github,hackernews,net
2022-11-01 19:19:50.979 UTC [TRACE] NewPluginManager
2022-11-01 19:19:50.980 UTC [WARN]  PluginManager setPluginCacheSizeMap: 4 connections.
2022-11-01 19:19:50.980 UTC [WARN]  Total cache size 0Mb
2022-11-01 19:19:50.980 UTC [INFO]  starting connection watcher
2022-11-01 19:19:50.980 UTC [INFO]  created ConnectionWatcher
2022-11-01 19:19:50.980 UTC [TRACE] about to serve
2022-11-01 19:19:51.043 UTC [TRACE] PluginManager Get, connections: '[csv]'
2022-11-01 19:19:51.043 UTC [TRACE] PluginManager getPlugin hub.steampipe.io/plugins/turbot/csv@latest connection 'csv'
2022-11-01 19:19:51.043 UTC [TRACE] PluginManager 0xc000636780 plugin hub.steampipe.io/plugins/turbot/csv@latest (csv) NOT started or starting - start now
2022-11-01 19:19:51.043 UTC [TRACE] ************ start plugin csv ********************
2022-11-01 19:19:51.043 UTC [WARN]  plugin configured with a nil SecureConfig
2022-11-01 19:19:51.043 UTC [DEBUG] starting plugin: path=/home/runner/.steampipe/plugins/hub.steampipe.io/plugins/turbot/csv@latest/steampipe-plugin-csv.plugin args=["/home/runner/.steampipe/plugins/hub.steampipe.io/plugins/turbot/csv@latest/steampipe-plugin-csv.plugin"]
2022-11-01 19:19:51.044 UTC [DEBUG] plugin started: path=/home/runner/.steampipe/plugins/hub.steampipe.io/plugins/turbot/csv@latest/steampipe-plugin-csv.plugin pid=1989
2022-11-01 19:19:51.044 UTC [DEBUG] waiting for RPC address: path=/home/runner/.steampipe/plugins/hub.steampipe.io/plugins/turbot/csv@latest/steampipe-plugin-csv.plugin
2022-11-01 19:19:51.052 UTC [INFO]  steampipe-plugin-csv.plugin: [INFO]  Initialise plugin 'steampipe-plugin-csv', using sdk version 4.1.7
2022-11-01 19:19:51.052 UTC [TRACE] steampipe-plugin-csv.plugin: [TRACE] no DefaultRetryConfig defined - creating empty
2022-11-01 19:19:51.052 UTC [TRACE] steampipe-plugin-csv.plugin: [TRACE] no DefaultIgnoreConfig defined - creating empty
2022-11-01 19:19:51.052 UTC [TRACE] steampipe-plugin-csv.plugin: [TRACE] Setting Ulimit: ulimit=2560
2022-11-01 19:19:51.052 UTC [TRACE] steampipe-plugin-csv.plugin: [TRACE] telemetry.Init service 'steampipe-plugin-csv', tracingEnabled: false, metricsEnabled: false
2022-11-01 19:19:51.052 UTC [TRACE] steampipe-plugin-csv.plugin: [TRACE] metrics and tracing disabled' - returning
2022-11-01 19:19:51.053 UTC [DEBUG] steampipe-plugin-csv.plugin: plugin address: address=/tmp/plugin3954336242 network=unix timestamp=2022-11-01T19:19:51.053Z
2022-11-01 19:19:51.053 UTC [DEBUG] using plugin: version=0
2022-11-01 19:19:51.053 UTC [TRACE] NewPluginClient for plugin hub.steampipe.io/plugins/turbot/csv@latest
2022-11-01 19:19:51.054 UTC [TRACE] stdio: waiting for stdio data
2022-11-01 19:19:51.055 UTC [TRACE] supportedOperations: query_cache:true multiple_connections:true
2022-11-01 19:19:51.055 UTC [TRACE] steampipe-plugin-csv.plugin: [TRACE] SetAllConnectionConfigs setting 1 configs
2022-11-01 19:19:51.055 UTC [TRACE] steampipe-plugin-csv.plugin: [TRACE] connection csv build schema and table map
2022-11-01 19:19:51.055 UTC [DEBUG] steampipe-plugin-csv.plugin: [DEBUG] csv.tableCSV: path=/home/runner/work/steampipe-samples/steampipe-samples/all/hackernews/hn_items_all.csv detected_encoding=Unknown
2022-11-01 19:19:51.055 UTC [DEBUG] steampipe-plugin-csv.plugin: [DEBUG] csv.tableCSV: path=/home/runner/work/steampipe-samples/steampipe-samples/all/hackernews/new_sc.csv detected_encoding=Unknown
2022-11-01 19:19:51.055 UTC [DEBUG] steampipe-plugin-csv.plugin: [DEBUG] csv.tableCSV: path=/home/runner/work/steampipe-samples/steampipe-samples/all/hackernews/people.csv detected_encoding=Unknown
2022-11-01 19:19:51.055 UTC [TRACE] steampipe-plugin-csv.plugin: [TRACE] initialise table /home/runner/work/steampipe-samples/steampipe-samples/all/hackernews/hn_items_all.csv
2022-11-01 19:19:51.055 UTC [TRACE] steampipe-plugin-csv.plugin: [TRACE] no DefaultRetryConfig defined - creating empty
2022-11-01 19:19:51.055 UTC [TRACE] steampipe-plugin-csv.plugin: [TRACE] no DefaultIgnoreConfig defined - creating empty
2022-11-01 19:19:51.055 UTC [TRACE] steampipe-plugin-csv.plugin: [TRACE] apply plugin defaults for DefaultRetryConfig
2022-11-01 19:19:51.055 UTC [TRACE] steampipe-plugin-csv.plugin: [TRACE] apply plugin defaults for DefaultIgnoreConfig, table &{<nil> <nil>} plugin &{<nil> <nil>}
2022-11-01 19:19:51.055 UTC [TRACE] steampipe-plugin-csv.plugin: [TRACE] DefaultRetryConfig:
2022-11-01 19:19:51.055 UTC [TRACE] steampipe-plugin-csv.plugin: [TRACE] DefaultIgnoreConfig:
2022-11-01 19:19:51.055 UTC [TRACE] steampipe-plugin-csv.plugin: [TRACE] t.List.initialise
2022-11-01 19:19:51.055 UTC [TRACE] steampipe-plugin-csv.plugin: [TRACE] ListConfig.initialise table /home/runner/work/steampipe-samples/steampipe-samples/all/hackernews/hn_items_all.csv
2022-11-01 19:19:51.055 UTC [TRACE] steampipe-plugin-csv.plugin: [TRACE] ListConfig.initialise complete: RetryConfig: , IgnoreConfig
2022-11-01 19:19:51.055 UTC [TRACE] steampipe-plugin-csv.plugin: [TRACE] back from initialiseHydrateConfigs
2022-11-01 19:19:51.055 UTC [TRACE] steampipe-plugin-csv.plugin: [TRACE] initialise table /home/runner/work/steampipe-samples/steampipe-samples/all/hackernews/hn_items_all.csv COMPLETE
2022-11-01 19:19:51.055 UTC [TRACE] steampipe-plugin-csv.plugin: [TRACE] initialise table /home/runner/work/steampipe-samples/steampipe-samples/all/hackernews/new_sc.csv
2022-11-01 19:19:51.055 UTC [TRACE] steampipe-plugin-csv.plugin: [TRACE] no DefaultRetryConfig defined - creating empty
2022-11-01 19:19:51.055 UTC [TRACE] steampipe-plugin-csv.plugin: [TRACE] no DefaultIgnoreConfig defined - creating empty
2022-11-01 19:19:51.055 UTC [TRACE] steampipe-plugin-csv.plugin: [TRACE] apply plugin defaults for DefaultRetryConfig
2022-11-01 19:19:51.056 UTC [TRACE] steampipe-plugin-csv.plugin: [TRACE] apply plugin defaults for DefaultIgnoreConfig, table &{<nil> <nil>} plugin &{<nil> <nil>}
2022-11-01 19:19:51.056 UTC [TRACE] steampipe-plugin-csv.plugin: [TRACE] DefaultRetryConfig:
2022-11-01 19:19:51.056 UTC [TRACE] steampipe-plugin-csv.plugin: [TRACE] DefaultIgnoreConfig:
2022-11-01 19:19:51.056 UTC [TRACE] steampipe-plugin-csv.plugin: [TRACE] t.List.initialise
2022-11-01 19:19:51.056 UTC [TRACE] steampipe-plugin-csv.plugin: [TRACE] ListConfig.initialise table /home/runner/work/steampipe-samples/steampipe-samples/all/hackernews/new_sc.csv
2022-11-01 19:19:51.056 UTC [TRACE] steampipe-plugin-csv.plugin: [TRACE] ListConfig.initialise complete: RetryConfig: , IgnoreConfig
2022-11-01 19:19:51.056 UTC [TRACE] steampipe-plugin-csv.plugin: [TRACE] back from initialiseHydrateConfigs
2022-11-01 19:19:51.056 UTC [TRACE] steampipe-plugin-csv.plugin: [TRACE] initialise table /home/runner/work/steampipe-samples/steampipe-samples/all/hackernews/new_sc.csv COMPLETE
2022-11-01 19:19:51.056 UTC [TRACE] steampipe-plugin-csv.plugin: [TRACE] initialise table /home/runner/work/steampipe-samples/steampipe-samples/all/hackernews/people.csv
2022-11-01 19:19:51.056 UTC [TRACE] steampipe-plugin-csv.plugin: [TRACE] no DefaultRetryConfig defined - creating empty
2022-11-01 19:19:51.056 UTC [TRACE] steampipe-plugin-csv.plugin: [TRACE] no DefaultIgnoreConfig defined - creating empty
2022-11-01 19:19:51.056 UTC [TRACE] steampipe-plugin-csv.plugin: [TRACE] apply plugin defaults for DefaultRetryConfig
2022-11-01 19:19:51.056 UTC [TRACE] steampipe-plugin-csv.plugin: [TRACE] apply plugin defaults for DefaultIgnoreConfig, table &{<nil> <nil>} plugin &{<nil> <nil>}
2022-11-01 19:19:51.056 UTC [TRACE] steampipe-plugin-csv.plugin: [TRACE] DefaultRetryConfig:
2022-11-01 19:19:51.056 UTC [TRACE] steampipe-plugin-csv.plugin: [TRACE] DefaultIgnoreConfig:
2022-11-01 19:19:51.056 UTC [TRACE] steampipe-plugin-csv.plugin: [TRACE] t.List.initialise
2022-11-01 19:19:51.056 UTC [TRACE] steampipe-plugin-csv.plugin: [TRACE] ListConfig.initialise table /home/runner/work/steampipe-samples/steampipe-samples/all/hackernews/people.csv
2022-11-01 19:19:51.056 UTC [TRACE] steampipe-plugin-csv.plugin: [TRACE] ListConfig.initialise complete: RetryConfig: , IgnoreConfig
2022-11-01 19:19:51.056 UTC [TRACE] steampipe-plugin-csv.plugin: [TRACE] back from initialiseHydrateConfigs
2022-11-01 19:19:51.056 UTC [TRACE] steampipe-plugin-csv.plugin: [TRACE] initialise table /home/runner/work/steampipe-samples/steampipe-samples/all/hackernews/people.csv COMPLETE
2022-11-01 19:19:51.056 UTC [TRACE] steampipe-plugin-csv.plugin: [TRACE] validate plugin steampipe-plugin-csv, required columns []
2022-11-01 19:19:51.056 UTC [TRACE] steampipe-plugin-csv.plugin: [TRACE] validate DefaultRetryConfig
2022-11-01 19:19:51.056 UTC [TRACE] steampipe-plugin-csv.plugin: [TRACE] validate DefaultIgnoreConfig
2022-11-01 19:19:51.056 UTC [TRACE] steampipe-plugin-csv.plugin: [TRACE] validate table names
2022-11-01 19:19:51.056 UTC [TRACE] steampipe-plugin-csv.plugin: [TRACE] plugin has 0 validation errors
2022-11-01 19:19:51.056 UTC [TRACE] steampipe-plugin-csv.plugin: [TRACE] Plugin ensureCache creating cache, maxCacheStorageMb 0
2022-11-01 19:19:51.056 UTC [TRACE] steampipe-plugin-csv.plugin: [TRACE] createCacheStore for plugin 'steampipe-plugin-csv' setting max size to 0Mb, Shards: 2, max shard size: 0
2022-11-01 19:19:51.068 UTC [INFO]  steampipe-plugin-csv.plugin: [INFO]  query cache created
2022-11-01 19:19:51.068 UTC [DEBUG] steampipe-plugin-csv.plugin: [DEBUG] SetAllConnectionConfigs finished
2022-11-01 19:19:51.069 UTC [TRACE] PluginManager getPlugin complete, returning reattach config with PID: 1989
2022-11-01 19:19:51.069 UTC [TRACE] PluginManager Get returning reattach_map:{key:"csv" value:{protocol:"grpc" addr:{Network:"unix" Address:"/tmp/plugin3954336242"} pid:1989 supported_operations:{query_cache:true multiple_connections:true} connections:"csv" plugin:"hub.steampipe.io/plugins/turbot/csv@latest"}}
2022-11-01 19:19:51.081 UTC [TRACE] handleFileWatcherEvent ignoring first event
2022-11-01 19:19:51.146 UTC [TRACE] PluginManager Get, connections: '[csv]'
2022-11-01 19:19:51.146 UTC [TRACE] PluginManager getPlugin hub.steampipe.io/plugins/turbot/csv@latest connection 'csv'
2022-11-01 19:19:51.146 UTC [TRACE] connection csv found in connectionPluginMap
2022-11-01 19:19:51.146 UTC [TRACE] initialized: 1989
2022-11-01 19:19:51.146 UTC [TRACE] initialized: 1989
2022-11-01 19:19:51.146 UTC [TRACE] connection csv is loaded, check for running PID
2022-11-01 19:19:51.147 UTC [TRACE] PluginManager found 'csv' in map, pid 1989
2022-11-01 19:19:51.147 UTC [TRACE] PluginManager Get returning reattach_map:{key:"csv" value:{protocol:"grpc" addr:{Network:"unix" Address:"/tmp/plugin3954336242"} pid:1989 supported_operations:{query_cache:true multiple_connections:true} connections:"csv" plugin:"hub.steampipe.io/plugins/turbot/csv@latest"}}
2022-11-01 19:19:51.296 UTC [TRACE] PluginManager Get, connections: '[hackernews]'
2022-11-01 19:19:51.296 UTC [TRACE] PluginManager getPlugin hub.steampipe.io/plugins/turbot/hackernews@latest connection 'hackernews'
2022-11-01 19:19:51.296 UTC [TRACE] PluginManager 0xc000636780 plugin hub.steampipe.io/plugins/turbot/hackernews@latest (hackernews) NOT started or starting - start now
2022-11-01 19:19:51.296 UTC [TRACE] ************ start plugin hackernews ********************
2022-11-01 19:19:51.296 UTC [WARN]  plugin configured with a nil SecureConfig
2022-11-01 19:19:51.296 UTC [DEBUG] starting plugin: path=/home/runner/.steampipe/plugins/hub.steampipe.io/plugins/turbot/hackernews@latest/steampipe-plugin-hackernews.plugin args=["/home/runner/.steampipe/plugins/hub.steampipe.io/plugins/turbot/hackernews@latest/steampipe-plugin-hackernews.plugin"]
2022-11-01 19:19:51.296 UTC [DEBUG] plugin started: path=/home/runner/.steampipe/plugins/hub.steampipe.io/plugins/turbot/hackernews@latest/steampipe-plugin-hackernews.plugin pid=2012
2022-11-01 19:19:51.296 UTC [DEBUG] waiting for RPC address: path=/home/runner/.steampipe/plugins/hub.steampipe.io/plugins/turbot/hackernews@latest/steampipe-plugin-hackernews.plugin
2022-11-01 19:19:51.304 UTC [INFO]  steampipe-plugin-hackernews.plugin: [INFO]  Initialise plugin 'steampipe-plugin-hackernews', using sdk version 4.1.7
2022-11-01 19:19:51.304 UTC [TRACE] steampipe-plugin-hackernews.plugin: [TRACE] defaulting SchemaMode to SchemaModeStatic
2022-11-01 19:19:51.304 UTC [TRACE] steampipe-plugin-hackernews.plugin: [TRACE] no DefaultRetryConfig defined - creating empty
2022-11-01 19:19:51.304 UTC [TRACE] steampipe-plugin-hackernews.plugin: [TRACE] no DefaultIgnoreConfig defined - creating empty
2022-11-01 19:19:51.304 UTC [TRACE] steampipe-plugin-hackernews.plugin: [TRACE] Setting Ulimit: ulimit=2560
2022-11-01 19:19:51.304 UTC [TRACE] steampipe-plugin-hackernews.plugin: [TRACE] telemetry.Init service 'steampipe-plugin-hackernews', tracingEnabled: false, metricsEnabled: false
2022-11-01 19:19:51.304 UTC [TRACE] steampipe-plugin-hackernews.plugin: [TRACE] metrics and tracing disabled' - returning
2022-11-01 19:19:51.304 UTC [DEBUG] steampipe-plugin-hackernews.plugin: plugin address: address=/tmp/plugin236373496 network=unix timestamp=2022-11-01T19:19:51.304Z
2022-11-01 19:19:51.304 UTC [DEBUG] using plugin: version=0
2022-11-01 19:19:51.304 UTC [TRACE] NewPluginClient for plugin hub.steampipe.io/plugins/turbot/hackernews@latest
2022-11-01 19:19:51.305 UTC [TRACE] stdio: waiting for stdio data
2022-11-01 19:19:51.307 UTC [TRACE] supportedOperations: query_cache:true multiple_connections:true
2022-11-01 19:19:51.312 UTC [TRACE] steampipe-plugin-hackernews.plugin: [TRACE] SetAllConnectionConfigs setting 1 configs
2022-11-01 19:19:51.312 UTC [TRACE] steampipe-plugin-hackernews.plugin: [TRACE] connection hackernews build schema and table map
2022-11-01 19:19:51.312 UTC [TRACE] steampipe-plugin-hackernews.plugin: [TRACE] initialise table hackernews_new
2022-11-01 19:19:51.312 UTC [TRACE] steampipe-plugin-hackernews.plugin: [TRACE] no DefaultRetryConfig defined - creating empty
2022-11-01 19:19:51.312 UTC [TRACE] steampipe-plugin-hackernews.plugin: [TRACE] no DefaultIgnoreConfig defined - creating empty
2022-11-01 19:19:51.312 UTC [TRACE] steampipe-plugin-hackernews.plugin: [TRACE] apply plugin defaults for DefaultRetryConfig
2022-11-01 19:19:51.312 UTC [TRACE] steampipe-plugin-hackernews.plugin: [TRACE] apply plugin defaults for DefaultIgnoreConfig, table &{<nil> <nil>} plugin &{<nil> <nil>}
2022-11-01 19:19:51.312 UTC [TRACE] steampipe-plugin-hackernews.plugin: [TRACE] DefaultRetryConfig:
2022-11-01 19:19:51.312 UTC [TRACE] steampipe-plugin-hackernews.plugin: [TRACE] DefaultIgnoreConfig:
2022-11-01 19:19:51.312 UTC [TRACE] steampipe-plugin-hackernews.plugin: [TRACE] t.Get.initialise
2022-11-01 19:19:51.312 UTC [TRACE] steampipe-plugin-hackernews.plugin: [TRACE] GetConfig.initialise table hackernews_new
2022-11-01 19:19:51.313 UTC [TRACE] steampipe-plugin-hackernews.plugin: [TRACE] GetConfig.initialise complete: RetryConfig: , IgnoreConfig:
2022-11-01 19:19:51.313 UTC [TRACE] steampipe-plugin-hackernews.plugin: [TRACE] t.List.initialise
2022-11-01 19:19:51.313 UTC [TRACE] steampipe-plugin-hackernews.plugin: [TRACE] ListConfig.initialise table hackernews_new
2022-11-01 19:19:51.313 UTC [TRACE] steampipe-plugin-hackernews.plugin: [TRACE] ListConfig.initialise complete: RetryConfig: , IgnoreConfig
2022-11-01 19:19:51.313 UTC [TRACE] steampipe-plugin-hackernews.plugin: [TRACE] HydrateConfig.initialise func getItem, table hackernews_new
2022-11-01 19:19:51.313 UTC [TRACE] steampipe-plugin-hackernews.plugin: [TRACE] HydrateConfig.initialise complete: RetryConfig: , IgnoreConfig:
2022-11-01 19:19:51.313 UTC [TRACE] steampipe-plugin-hackernews.plugin: [TRACE] back from initialiseHydrateConfigs
2022-11-01 19:19:51.313 UTC [TRACE] steampipe-plugin-hackernews.plugin: [TRACE] initialise table hackernews_new COMPLETE
2022-11-01 19:19:51.313 UTC [TRACE] steampipe-plugin-hackernews.plugin: [TRACE] initialise table hackernews_show_hn
2022-11-01 19:19:51.313 UTC [TRACE] steampipe-plugin-hackernews.plugin: [TRACE] no DefaultRetryConfig defined - creating empty
2022-11-01 19:19:51.313 UTC [TRACE] steampipe-plugin-hackernews.plugin: [TRACE] no DefaultIgnoreConfig defined - creating empty
2022-11-01 19:19:51.313 UTC [TRACE] steampipe-plugin-hackernews.plugin: [TRACE] apply plugin defaults for DefaultRetryConfig
2022-11-01 19:19:51.313 UTC [TRACE] steampipe-plugin-hackernews.plugin: [TRACE] apply plugin defaults for DefaultIgnoreConfig, table &{<nil> <nil>} plugin &{<nil> <nil>}
2022-11-01 19:19:51.313 UTC [TRACE] steampipe-plugin-hackernews.plugin: [TRACE] DefaultRetryConfig:
2022-11-01 19:19:51.313 UTC [TRACE] steampipe-plugin-hackernews.plugin: [TRACE] DefaultIgnoreConfig:
2022-11-01 19:19:51.313 UTC [TRACE] steampipe-plugin-hackernews.plugin: [TRACE] t.Get.initialise
2022-11-01 19:19:51.313 UTC [TRACE] steampipe-plugin-hackernews.plugin: [TRACE] GetConfig.initialise table hackernews_show_hn
2022-11-01 19:19:51.313 UTC [TRACE] steampipe-plugin-hackernews.plugin: [TRACE] GetConfig.initialise complete: RetryConfig: , IgnoreConfig:
2022-11-01 19:19:51.313 UTC [TRACE] steampipe-plugin-hackernews.plugin: [TRACE] t.List.initialise
2022-11-01 19:19:51.313 UTC [TRACE] steampipe-plugin-hackernews.plugin: [TRACE] ListConfig.initialise table hackernews_show_hn
2022-11-01 19:19:51.313 UTC [TRACE] steampipe-plugin-hackernews.plugin: [TRACE] ListConfig.initialise complete: RetryConfig: , IgnoreConfig
2022-11-01 19:19:51.313 UTC [TRACE] steampipe-plugin-hackernews.plugin: [TRACE] HydrateConfig.initialise func getItem, table hackernews_show_hn
2022-11-01 19:19:51.313 UTC [TRACE] steampipe-plugin-hackernews.plugin: [TRACE] HydrateConfig.initialise complete: RetryConfig: , IgnoreConfig:
2022-11-01 19:19:51.313 UTC [TRACE] steampipe-plugin-hackernews.plugin: [TRACE] back from initialiseHydrateConfigs
2022-11-01 19:19:51.313 UTC [TRACE] steampipe-plugin-hackernews.plugin: [TRACE] initialise table hackernews_show_hn COMPLETE
2022-11-01 19:19:51.313 UTC [TRACE] steampipe-plugin-hackernews.plugin: [TRACE] initialise table hackernews_top
2022-11-01 19:19:51.313 UTC [TRACE] steampipe-plugin-hackernews.plugin: [TRACE] no DefaultRetryConfig defined - creating empty
2022-11-01 19:19:51.313 UTC [TRACE] steampipe-plugin-hackernews.plugin: [TRACE] no DefaultIgnoreConfig defined - creating empty
2022-11-01 19:19:51.313 UTC [TRACE] steampipe-plugin-hackernews.plugin: [TRACE] apply plugin defaults for DefaultRetryConfig
2022-11-01 19:19:51.313 UTC [TRACE] steampipe-plugin-hackernews.plugin: [TRACE] apply plugin defaults for DefaultIgnoreConfig, table &{<nil> <nil>} plugin &{<nil> <nil>}
2022-11-01 19:19:51.313 UTC [TRACE] steampipe-plugin-hackernews.plugin: [TRACE] DefaultRetryConfig:
2022-11-01 19:19:51.313 UTC [TRACE] steampipe-plugin-hackernews.plugin: [TRACE] DefaultIgnoreConfig:
2022-11-01 19:19:51.313 UTC [TRACE] steampipe-plugin-hackernews.plugin: [TRACE] t.Get.initialise
2022-11-01 19:19:51.313 UTC [TRACE] steampipe-plugin-hackernews.plugin: [TRACE] GetConfig.initialise table hackernews_top
2022-11-01 19:19:51.313 UTC [TRACE] steampipe-plugin-hackernews.plugin: [TRACE] GetConfig.initialise complete: RetryConfig: , IgnoreConfig:
2022-11-01 19:19:51.313 UTC [TRACE] steampipe-plugin-hackernews.plugin: [TRACE] t.List.initialise
2022-11-01 19:19:51.313 UTC [TRACE] steampipe-plugin-hackernews.plugin: [TRACE] ListConfig.initialise table hackernews_top
2022-11-01 19:19:51.313 UTC [TRACE] steampipe-plugin-hackernews.plugin: [TRACE] ListConfig.initialise complete: RetryConfig: , IgnoreConfig
2022-11-01 19:19:51.313 UTC [TRACE] steampipe-plugin-hackernews.plugin: [TRACE] HydrateConfig.initialise func getItem, table hackernews_top
2022-11-01 19:19:51.313 UTC [TRACE] steampipe-plugin-hackernews.plugin: [TRACE] HydrateConfig.initialise complete: RetryConfig: , IgnoreConfig:
2022-11-01 19:19:51.313 UTC [TRACE] steampipe-plugin-hackernews.plugin: [TRACE] back from initialiseHydrateConfigs
2022-11-01 19:19:51.313 UTC [TRACE] steampipe-plugin-hackernews.plugin: [TRACE] initialise table hackernews_top COMPLETE
2022-11-01 19:19:51.313 UTC [TRACE] steampipe-plugin-hackernews.plugin: [TRACE] initialise table hackernews_user
2022-11-01 19:19:51.313 UTC [TRACE] steampipe-plugin-hackernews.plugin: [TRACE] no DefaultRetryConfig defined - creating empty
2022-11-01 19:19:51.313 UTC [TRACE] steampipe-plugin-hackernews.plugin: [TRACE] no DefaultIgnoreConfig defined - creating empty
2022-11-01 19:19:51.313 UTC [TRACE] steampipe-plugin-hackernews.plugin: [TRACE] apply plugin defaults for DefaultRetryConfig
2022-11-01 19:19:51.313 UTC [TRACE] steampipe-plugin-hackernews.plugin: [TRACE] apply plugin defaults for DefaultIgnoreConfig, table &{<nil> <nil>} plugin &{<nil> <nil>}
2022-11-01 19:19:51.313 UTC [TRACE] steampipe-plugin-hackernews.plugin: [TRACE] DefaultRetryConfig:
2022-11-01 19:19:51.313 UTC [TRACE] steampipe-plugin-hackernews.plugin: [TRACE] DefaultIgnoreConfig:
2022-11-01 19:19:51.313 UTC [TRACE] steampipe-plugin-hackernews.plugin: [TRACE] t.List.initialise
2022-11-01 19:19:51.313 UTC [TRACE] steampipe-plugin-hackernews.plugin: [TRACE] ListConfig.initialise table hackernews_user
2022-11-01 19:19:51.313 UTC [TRACE] steampipe-plugin-hackernews.plugin: [TRACE] ListConfig.initialise complete: RetryConfig: , IgnoreConfig
2022-11-01 19:19:51.313 UTC [TRACE] steampipe-plugin-hackernews.plugin: [TRACE] back from initialiseHydrateConfigs
2022-11-01 19:19:51.313 UTC [TRACE] steampipe-plugin-hackernews.plugin: [TRACE] initialise table hackernews_user COMPLETE
2022-11-01 19:19:51.313 UTC [TRACE] steampipe-plugin-hackernews.plugin: [TRACE] initialise table hackernews_ask_hn
2022-11-01 19:19:51.313 UTC [TRACE] steampipe-plugin-hackernews.plugin: [TRACE] no DefaultRetryConfig defined - creating empty
2022-11-01 19:19:51.313 UTC [TRACE] steampipe-plugin-hackernews.plugin: [TRACE] no DefaultIgnoreConfig defined - creating empty
2022-11-01 19:19:51.313 UTC [TRACE] steampipe-plugin-hackernews.plugin: [TRACE] apply plugin defaults for DefaultRetryConfig
2022-11-01 19:19:51.313 UTC [TRACE] steampipe-plugin-hackernews.plugin: [TRACE] apply plugin defaults for DefaultIgnoreConfig, table &{<nil> <nil>} plugin &{<nil> <nil>}
2022-11-01 19:19:51.313 UTC [TRACE] steampipe-plugin-hackernews.plugin: [TRACE] DefaultRetryConfig:
2022-11-01 19:19:51.313 UTC [TRACE] steampipe-plugin-hackernews.plugin: [TRACE] DefaultIgnoreConfig:
2022-11-01 19:19:51.313 UTC [TRACE] steampipe-plugin-hackernews.plugin: [TRACE] t.Get.initialise
2022-11-01 19:19:51.313 UTC [TRACE] steampipe-plugin-hackernews.plugin: [TRACE] GetConfig.initialise table hackernews_ask_hn
2022-11-01 19:19:51.313 UTC [TRACE] steampipe-plugin-hackernews.plugin: [TRACE] GetConfig.initialise complete: RetryConfig: , IgnoreConfig:
2022-11-01 19:19:51.313 UTC [TRACE] steampipe-plugin-hackernews.plugin: [TRACE] t.List.initialise
2022-11-01 19:19:51.313 UTC [TRACE] steampipe-plugin-hackernews.plugin: [TRACE] ListConfig.initialise table hackernews_ask_hn
2022-11-01 19:19:51.313 UTC [TRACE] steampipe-plugin-hackernews.plugin: [TRACE] ListConfig.initialise complete: RetryConfig: , IgnoreConfig
2022-11-01 19:19:51.313 UTC [TRACE] steampipe-plugin-hackernews.plugin: [TRACE] HydrateConfig.initialise func getItem, table hackernews_ask_hn
2022-11-01 19:19:51.313 UTC [TRACE] steampipe-plugin-hackernews.plugin: [TRACE] HydrateConfig.initialise complete: RetryConfig: , IgnoreConfig:
2022-11-01 19:19:51.313 UTC [TRACE] steampipe-plugin-hackernews.plugin: [TRACE] back from initialiseHydrateConfigs
2022-11-01 19:19:51.313 UTC [TRACE] steampipe-plugin-hackernews.plugin: [TRACE] initialise table hackernews_ask_hn COMPLETE
2022-11-01 19:19:51.313 UTC [TRACE] steampipe-plugin-hackernews.plugin: [TRACE] initialise table hackernews_best
2022-11-01 19:19:51.313 UTC [TRACE] steampipe-plugin-hackernews.plugin: [TRACE] no DefaultRetryConfig defined - creating empty
2022-11-01 19:19:51.313 UTC [TRACE] steampipe-plugin-hackernews.plugin: [TRACE] no DefaultIgnoreConfig defined - creating empty
2022-11-01 19:19:51.313 UTC [TRACE] steampipe-plugin-hackernews.plugin: [TRACE] apply plugin defaults for DefaultRetryConfig
2022-11-01 19:19:51.313 UTC [TRACE] steampipe-plugin-hackernews.plugin: [TRACE] apply plugin defaults for DefaultIgnoreConfig, table &{<nil> <nil>} plugin &{<nil> <nil>}
2022-11-01 19:19:51.313 UTC [TRACE] steampipe-plugin-hackernews.plugin: [TRACE] DefaultRetryConfig:
2022-11-01 19:19:51.313 UTC [TRACE] steampipe-plugin-hackernews.plugin: [TRACE] DefaultIgnoreConfig:
2022-11-01 19:19:51.313 UTC [TRACE] steampipe-plugin-hackernews.plugin: [TRACE] t.Get.initialise
2022-11-01 19:19:51.313 UTC [TRACE] steampipe-plugin-hackernews.plugin: [TRACE] GetConfig.initialise table hackernews_best
2022-11-01 19:19:51.313 UTC [TRACE] steampipe-plugin-hackernews.plugin: [TRACE] GetConfig.initialise complete: RetryConfig: , IgnoreConfig:
2022-11-01 19:19:51.313 UTC [TRACE] steampipe-plugin-hackernews.plugin: [TRACE] t.List.initialise
2022-11-01 19:19:51.313 UTC [TRACE] steampipe-plugin-hackernews.plugin: [TRACE] ListConfig.initialise table hackernews_best
2022-11-01 19:19:51.313 UTC [TRACE] steampipe-plugin-hackernews.plugin: [TRACE] ListConfig.initialise complete: RetryConfig: , IgnoreConfig
2022-11-01 19:19:51.313 UTC [TRACE] steampipe-plugin-hackernews.plugin: [TRACE] HydrateConfig.initialise func getItem, table hackernews_best
2022-11-01 19:19:51.313 UTC [TRACE] steampipe-plugin-hackernews.plugin: [TRACE] HydrateConfig.initialise complete: RetryConfig: , IgnoreConfig:
2022-11-01 19:19:51.313 UTC [TRACE] steampipe-plugin-hackernews.plugin: [TRACE] back from initialiseHydrateConfigs
2022-11-01 19:19:51.313 UTC [TRACE] steampipe-plugin-hackernews.plugin: [TRACE] initialise table hackernews_best COMPLETE
2022-11-01 19:19:51.313 UTC [TRACE] steampipe-plugin-hackernews.plugin: [TRACE] initialise table hackernews_item
2022-11-01 19:19:51.313 UTC [TRACE] steampipe-plugin-hackernews.plugin: [TRACE] no DefaultRetryConfig defined - creating empty
2022-11-01 19:19:51.313 UTC [TRACE] steampipe-plugin-hackernews.plugin: [TRACE] no DefaultIgnoreConfig defined - creating empty
2022-11-01 19:19:51.313 UTC [TRACE] steampipe-plugin-hackernews.plugin: [TRACE] apply plugin defaults for DefaultRetryConfig
2022-11-01 19:19:51.313 UTC [TRACE] steampipe-plugin-hackernews.plugin: [TRACE] apply plugin defaults for DefaultIgnoreConfig, table &{<nil> <nil>} plugin &{<nil> <nil>}
2022-11-01 19:19:51.313 UTC [TRACE] steampipe-plugin-hackernews.plugin: [TRACE] DefaultRetryConfig:
2022-11-01 19:19:51.313 UTC [TRACE] steampipe-plugin-hackernews.plugin: [TRACE] DefaultIgnoreConfig:
2022-11-01 19:19:51.313 UTC [TRACE] steampipe-plugin-hackernews.plugin: [TRACE] t.Get.initialise
2022-11-01 19:19:51.313 UTC [TRACE] steampipe-plugin-hackernews.plugin: [TRACE] GetConfig.initialise table hackernews_item
2022-11-01 19:19:51.313 UTC [TRACE] steampipe-plugin-hackernews.plugin: [TRACE] GetConfig.initialise complete: RetryConfig: , IgnoreConfig:
2022-11-01 19:19:51.313 UTC [TRACE] steampipe-plugin-hackernews.plugin: [TRACE] t.List.initialise
2022-11-01 19:19:51.313 UTC [TRACE] steampipe-plugin-hackernews.plugin: [TRACE] ListConfig.initialise table hackernews_item
2022-11-01 19:19:51.313 UTC [TRACE] steampipe-plugin-hackernews.plugin: [TRACE] ListConfig.initialise complete: RetryConfig: , IgnoreConfig
2022-11-01 19:19:51.313 UTC [TRACE] steampipe-plugin-hackernews.plugin: [TRACE] HydrateConfig.initialise func getItem, table hackernews_item
2022-11-01 19:19:51.313 UTC [TRACE] steampipe-plugin-hackernews.plugin: [TRACE] HydrateConfig.initialise complete: RetryConfig: , IgnoreConfig:
2022-11-01 19:19:51.313 UTC [TRACE] steampipe-plugin-hackernews.plugin: [TRACE] back from initialiseHydrateConfigs
2022-11-01 19:19:51.313 UTC [TRACE] steampipe-plugin-hackernews.plugin: [TRACE] initialise table hackernews_item COMPLETE
2022-11-01 19:19:51.313 UTC [TRACE] steampipe-plugin-hackernews.plugin: [TRACE] initialise table hackernews_job
2022-11-01 19:19:51.313 UTC [TRACE] steampipe-plugin-hackernews.plugin: [TRACE] no DefaultRetryConfig defined - creating empty
2022-11-01 19:19:51.313 UTC [TRACE] steampipe-plugin-hackernews.plugin: [TRACE] no DefaultIgnoreConfig defined - creating empty
2022-11-01 19:19:51.313 UTC [TRACE] steampipe-plugin-hackernews.plugin: [TRACE] apply plugin defaults for DefaultRetryConfig
2022-11-01 19:19:51.313 UTC [TRACE] steampipe-plugin-hackernews.plugin: [TRACE] apply plugin defaults for DefaultIgnoreConfig, table &{<nil> <nil>} plugin &{<nil> <nil>}
2022-11-01 19:19:51.313 UTC [TRACE] steampipe-plugin-hackernews.plugin: [TRACE] DefaultRetryConfig:
2022-11-01 19:19:51.313 UTC [TRACE] steampipe-plugin-hackernews.plugin: [TRACE] DefaultIgnoreConfig:
2022-11-01 19:19:51.313 UTC [TRACE] steampipe-plugin-hackernews.plugin: [TRACE] t.Get.initialise
2022-11-01 19:19:51.313 UTC [TRACE] steampipe-plugin-hackernews.plugin: [TRACE] GetConfig.initialise table hackernews_job
2022-11-01 19:19:51.313 UTC [TRACE] steampipe-plugin-hackernews.plugin: [TRACE] GetConfig.initialise complete: RetryConfig: , IgnoreConfig:
2022-11-01 19:19:51.313 UTC [TRACE] steampipe-plugin-hackernews.plugin: [TRACE] t.List.initialise
2022-11-01 19:19:51.313 UTC [TRACE] steampipe-plugin-hackernews.plugin: [TRACE] ListConfig.initialise table hackernews_job
2022-11-01 19:19:51.313 UTC [TRACE] steampipe-plugin-hackernews.plugin: [TRACE] ListConfig.initialise complete: RetryConfig: , IgnoreConfig
2022-11-01 19:19:51.313 UTC [TRACE] steampipe-plugin-hackernews.plugin: [TRACE] HydrateConfig.initialise func getItem, table hackernews_job
2022-11-01 19:19:51.313 UTC [TRACE] steampipe-plugin-hackernews.plugin: [TRACE] HydrateConfig.initialise complete: RetryConfig: , IgnoreConfig:
2022-11-01 19:19:51.313 UTC [TRACE] steampipe-plugin-hackernews.plugin: [TRACE] back from initialiseHydrateConfigs
2022-11-01 19:19:51.313 UTC [TRACE] steampipe-plugin-hackernews.plugin: [TRACE] initialise table hackernews_job COMPLETE
2022-11-01 19:19:51.313 UTC [TRACE] steampipe-plugin-hackernews.plugin: [TRACE] validate plugin steampipe-plugin-hackernews, required columns []
2022-11-01 19:19:51.313 UTC [TRACE] steampipe-plugin-hackernews.plugin: [TRACE] validate DefaultRetryConfig
2022-11-01 19:19:51.313 UTC [TRACE] steampipe-plugin-hackernews.plugin: [TRACE] validate DefaultIgnoreConfig
2022-11-01 19:19:51.313 UTC [TRACE] steampipe-plugin-hackernews.plugin: [TRACE] validate table names
2022-11-01 19:19:51.313 UTC [TRACE] steampipe-plugin-hackernews.plugin: [TRACE] plugin has 0 validation errors
2022-11-01 19:19:51.313 UTC [TRACE] steampipe-plugin-hackernews.plugin: [TRACE] Plugin ensureCache creating cache, maxCacheStorageMb 0
2022-11-01 19:19:51.313 UTC [TRACE] steampipe-plugin-hackernews.plugin: [TRACE] createCacheStore for plugin 'steampipe-plugin-hackernews' setting max size to 0Mb, Shards: 2, max shard size: 0
2022-11-01 19:19:51.326 UTC [INFO]  steampipe-plugin-hackernews.plugin: [INFO]  query cache created
2022-11-01 19:19:51.326 UTC [DEBUG] steampipe-plugin-hackernews.plugin: [DEBUG] SetAllConnectionConfigs finished
2022-11-01 19:19:51.326 UTC [TRACE] PluginManager getPlugin complete, returning reattach config with PID: 2012
2022-11-01 19:19:51.326 UTC [TRACE] PluginManager Get returning reattach_map:{key:"hackernews" value:{protocol:"grpc" addr:{Network:"unix" Address:"/tmp/plugin236373496"} pid:2012 supported_operations:{query_cache:true multiple_connections:true} connections:"hackernews" plugin:"hub.steampipe.io/plugins/turbot/hackernews@latest"}}
2022-11-01 19:19:51.330 UTC [INFO]  steampipe-plugin-hackernews.plugin: [INFO]  1667330391979: Plugin Execute (1667330391979)
2022-11-01 19:19:51.330 UTC [TRACE] steampipe-plugin-hackernews.plugin: [TRACE] 1667330391979: No memory limit set
2022-11-01 19:19:51.330 UTC [INFO]  steampipe-plugin-hackernews.plugin: [INFO]  1667330391979: Plugin Execute, setting memory limit to -1Mb
2022-11-01 19:19:51.330 UTC [TRACE] steampipe-plugin-hackernews.plugin: [TRACE] 1667330391979: calling ExtractContextFromCarrier
2022-11-01 19:19:51.330 UTC [INFO]  steampipe-plugin-hackernews.plugin: [INFO]  1667330391979: Setting max concurrent connections to 25
2022-11-01 19:19:51.330 UTC [TRACE] steampipe-plugin-hackernews.plugin: [TRACE] 1667330391979: executeForConnection callId: 1667330391979, connectionCallId: hackernews-1667330391979, connection: hackernews table: hackernews_new cols: id,title,time,by,score,dead,deleted,descendants,kids,parent,parts,poll,text,type,url,_ctx
2022-11-01 19:19:51.330 UTC [TRACE] steampipe-plugin-hackernews.plugin: [TRACE] 1667330391979: got connection data
2022-11-01 19:19:51.330 UTC [TRACE] steampipe-plugin-hackernews.plugin: [TRACE] 1667330391979: Got query context, table: hackernews_new, cols: [id title time by score dead deleted descendants kids parent parts poll text type url _ctx]
2022-11-01 19:19:51.330 UTC [TRACE] steampipe-plugin-hackernews.plugin: [TRACE] 1667330391979: Start execute span
2022-11-01 19:19:51.330 UTC [INFO]  steampipe-plugin-hackernews.plugin: [INFO]  1667330391979: Setting free memory interval to 100 rows
2022-11-01 19:19:51.330 UTC [TRACE] steampipe-plugin-hackernews.plugin: [TRACE] 1667330391979: setFetchType map[time:quals:{fieldName:"time"  string_value:">"  value:{timestamp_value:{seconds:1667326791  nanos:279858000}}}]
2022-11-01 19:19:51.331 UTC [TRACE] steampipe-plugin-hackernews.plugin: [TRACE] 1667330391979: getMatchingQuals column:'id' operator: =
2022-11-01 19:19:51.331 UTC [TRACE] steampipe-plugin-hackernews.plugin: [TRACE] 1667330391979: getMatchingQuals returning false - qualMap does not contain any quals for column id
2022-11-01 19:19:51.331 UTC [TRACE] steampipe-plugin-hackernews.plugin: [TRACE] 1667330391979: GetUnsatisfiedKeyColumns for columns column:'id' operator: =
2022-11-01 19:19:51.332 UTC [TRACE] steampipe-plugin-hackernews.plugin: [TRACE] 1667330391979: key column NOT satisfied column:'id' operator: =
2022-11-01 19:19:51.332 UTC [TRACE] steampipe-plugin-hackernews.plugin: [TRACE] 1667330391979: satisfied: map[any_of: optional: required:]
2022-11-01 19:19:51.332 UTC [TRACE] steampipe-plugin-hackernews.plugin: [TRACE] 1667330391979: unsatisfied: map[any_of: optional: required:column:'id' operator: =]
2022-11-01 19:19:51.333 UTC [TRACE] steampipe-plugin-hackernews.plugin: [TRACE] 1667330391979: unsatisfied required KeyColumns: column:'id' operator: =
2022-11-01 19:19:51.333 UTC [TRACE] steampipe-plugin-hackernews.plugin: [TRACE] 1667330391979: Set fetchType to fetchTypeList
2022-11-01 19:19:51.333 UTC [TRACE] steampipe-plugin-hackernews.plugin: [TRACE] 1667330391979: Equals key column quals:
2022-11-01 19:19:51.333 UTC [DEBUG] steampipe-plugin-hackernews.plugin: {}
2022-11-01 19:19:51.333 UTC [TRACE] steampipe-plugin-hackernews.plugin: [TRACE] 1667330391979: All key column quals:
2022-11-01 19:19:51.333 UTC [DEBUG] steampipe-plugin-hackernews.plugin: {}
2022-11-01 19:19:51.333 UTC [TRACE] steampipe-plugin-hackernews.plugin: [TRACE] 1667330391979: GetMatrixItem
2022-11-01 19:19:51.333 UTC [TRACE] steampipe-plugin-hackernews.plugin: [TRACE] 1667330391979: creating query data
2022-11-01 19:19:51.333 UTC [INFO]  steampipe-plugin-hackernews.plugin: [INFO]  1667330391979: cacheEnabled, trying cache get (hackernews-1667330391979)
2022-11-01 19:19:51.333 UTC [TRACE] steampipe-plugin-hackernews.plugin: [TRACE] 1667330391979: QueryCache Get - indexBucketKey index__hackernewshackernews_new, quals
2022-11-01 19:19:51.333 UTC [TRACE] steampipe-plugin-hackernews.plugin: [TRACE] 1667330391979: QueryCache getCachedQueryResult - table hackernews_new, connectionName hackernews
2022-11-01 19:19:51.333 UTC [TRACE] steampipe-plugin-hackernews.plugin: [TRACE] 1667330391979: index bucket key: index__hackernewshackernews_new ttlSeconds 300 limit: -1
2022-11-01 19:19:51.333 UTC [TRACE] steampipe-plugin-hackernews.plugin: [TRACE] 1667330391979: doGet cache miss
2022-11-01 19:19:51.333 UTC [TRACE] steampipe-plugin-hackernews.plugin: [TRACE] 1667330391979: getCachedIndexBucket - no item retrieved for cache key index__hackernewshackernews_new
2022-11-01 19:19:51.333 UTC [TRACE] steampipe-plugin-hackernews.plugin: [TRACE] 1667330391979: getCachedQueryResult returned CACHE MISS - checking for pending transfers
2022-11-01 19:19:51.333 UTC [TRACE] steampipe-plugin-hackernews.plugin: [TRACE] 1667330391979: getPendingResultItem indexBucketKey index__hackernewshackernews_new, columns [id title time by score dead deleted descendants kids parent parts poll text type url _ctx], limit -1
2022-11-01 19:19:51.333 UTC [TRACE] steampipe-plugin-hackernews.plugin: [TRACE] 1667330391979: no pending index item - add pending result, indexBucketKey index__hackernewshackernews_new
2022-11-01 19:19:51.333 UTC [TRACE] steampipe-plugin-hackernews.plugin: [TRACE] 1667330391979: addPendingResult (hackernews-1667330391979) indexBucketKey index__hackernewshackernews_new, columns [id title time by score dead deleted descendants kids parent parts poll text type url _ctx], limit -1
2022-11-01 19:19:51.333 UTC [TRACE] steampipe-plugin-hackernews.plugin: [TRACE] 1667330391979: no index bucket found - creating one
2022-11-01 19:19:51.333 UTC [TRACE] steampipe-plugin-hackernews.plugin: [TRACE] 1667330391979: pendingIndexItem Lock count before 0
2022-11-01 19:19:51.333 UTC [TRACE] steampipe-plugin-hackernews.plugin: [TRACE] 1667330391979: addPendingResult added pending index item to bucket, (hackernews-1667330391979) indexBucketKey index__hackernewshackernews_new, resultKeyRoot hackernewshackernews_newid,title,time,by,score,dead,deleted,descendants,kids,parent,parts,poll,text,type,url,_ctx-1, pending item : 0xc0003807e0
2022-11-01 19:19:51.333 UTC [TRACE] steampipe-plugin-hackernews.plugin: [TRACE] 1667330391979: **** pending items (hackernews-1667330391979)****
2022-11-01 19:19:51.333 UTC [TRACE] steampipe-plugin-hackernews.plugin: [TRACE] 1667330391979: key: index__hackernewshackernews_new: item: 0xc0003807e0, count: 1, key:hackernewshackernews_newid,title,time,by,score,dead,deleted,descendants,kids,parent,parts,poll,text,type,url,_ctx-1
2022-11-01 19:19:51.333 UTC [TRACE] steampipe-plugin-hackernews.plugin: [TRACE] 1667330391979: ********
2022-11-01 19:19:51.333 UTC [TRACE] steampipe-plugin-hackernews.plugin: [TRACE] 1667330391979: getPendingResultItem returning <nil>
2022-11-01 19:19:51.333 UTC [INFO]  steampipe-plugin-hackernews.plugin: [INFO]  1667330391979: CACHE MISS
2022-11-01 19:19:51.333 UTC [TRACE] steampipe-plugin-hackernews.plugin: [TRACE] 1667330391979: cache MISS
2022-11-01 19:19:51.333 UTC [INFO]  steampipe-plugin-hackernews.plugin: [INFO]  1667330391979: queryCacheGet returned CACHE MISS (hackernews-1667330391979)
2022-11-01 19:19:51.333 UTC [TRACE] steampipe-plugin-hackernews.plugin: [TRACE] 1667330391979: StartSet (hackernews-1667330391979)
2022-11-01 19:19:51.333 UTC [TRACE] steampipe-plugin-hackernews.plugin: [TRACE] 1667330391979: calling fetchItems, table: hackernews_new, matrixItem: [], limit: -1,  connectionCallId: hackernews-1667330391979"
2022-11-01 19:19:51.333 UTC [TRACE] steampipe-plugin-hackernews.plugin: [TRACE] 1667330391979: buildRowsAsync connectionCallId: hackernews-1667330391979
2022-11-01 19:19:51.333 UTC [TRACE] steampipe-plugin-hackernews.plugin: [TRACE] 1667330391979: streamRows connectionCallId: hackernews-1667330391979
2022-11-01 19:19:51.333 UTC [TRACE] steampipe-plugin-hackernews.plugin: [TRACE] 1667330391979: QueryData streamRows (hackernews-1667330391979)
2022-11-01 19:19:51.333 UTC [TRACE] steampipe-plugin-hackernews.plugin: [TRACE] 1667330391979: executeListCall START (hackernews-1667330391979)
2022-11-01 19:19:51.333 UTC [TRACE] steampipe-plugin-hackernews.plugin: [TRACE] 1667330391979: GetUnsatisfiedKeyColumns for columns
2022-11-01 19:19:51.333 UTC [TRACE] steampipe-plugin-hackernews.plugin: [TRACE] 1667330391979: doList (hackernews-1667330391979)
2022-11-01 19:19:51.333 UTC [TRACE] steampipe-plugin-hackernews.plugin: [TRACE] 1667330391979: doList: no matrix item
2022-11-01 19:19:51.517 UTC [TRACE] steampipe-plugin-hackernews.plugin: [TRACE] 1667330391979: QueryData.fetchComplete
2022-11-01 19:19:51.517 UTC [TRACE] steampipe-plugin-hackernews.plugin: [TRACE] 1667330391979: executeListCall COMPLETE (hackernews-1667330391979)
2022-11-01 19:19:51.517 UTC [TRACE] steampipe-plugin-hackernews.plugin: [TRACE] 1667330391979: rowData chan returned nil - wait for rows to complete (hackernews-1667330391979)
2022-11-01 19:19:51.528 UTC [TRACE] stdio: received data: channel=STDOUT len=16
2022-11-01 19:19:51.528 UTC [TRACE] stdio: waiting for stdio data
2022-11-01 19:19:51.663 UTC [TRACE] stdio: received data: channel=STDOUT len=653
2022-11-01 19:19:51.663 UTC [TRACE] stdio: waiting for stdio data
2022-11-01 19:19:51.683 UTC [TRACE] stdio: received data: channel=STDOUT len=601
2022-11-01 19:19:51.683 UTC [TRACE] stdio: waiting for stdio data
2022-11-01 19:19:51.722 UTC [TRACE] stdio: received data: channel=STDOUT len=1024
2022-11-01 19:19:51.722 UTC [TRACE] stdio: waiting for stdio data
2022-11-01 19:19:51.762 UTC [TRACE] stdio: received data: channel=STDOUT len=244
2022-11-01 19:19:51.762 UTC [TRACE] stdio: waiting for stdio data
2022-11-01 19:19:51.828 UTC [TRACE] stdio: received data: channel=STDOUT len=581
2022-11-01 19:19:51.828 UTC [TRACE] stdio: waiting for stdio data
2022-11-01 19:19:51.891 UTC [TRACE] stdio: received data: channel=STDOUT len=1024
2022-11-01 19:19:51.891 UTC [TRACE] stdio: waiting for stdio data
2022-11-01 19:19:51.891 UTC [TRACE] stdio: received data: channel=STDOUT len=566
2022-11-01 19:19:51.891 UTC [TRACE] stdio: waiting for stdio data
2022-11-01 19:19:51.894 UTC [TRACE] steampipe-plugin-hackernews.plugin: [TRACE] 1667330391979: buildRowsAsync goroutine returning (hackernews-1667330391979)
2022-11-01 19:19:51.894 UTC [TRACE] steampipe-plugin-hackernews.plugin: [TRACE] 1667330391979: streamRows - nil row, stop streaming (hackernews-1667330391979)
2022-11-01 19:19:51.894 UTC [TRACE] steampipe-plugin-hackernews.plugin: [TRACE] 1667330391979: ------------------------------------
2022-11-01 19:19:51.894 UTC [TRACE] steampipe-plugin-hackernews.plugin: [TRACE] 1667330391979: Concurrency Summary
2022-11-01 19:19:51.894 UTC [TRACE] steampipe-plugin-hackernews.plugin: [TRACE] 1667330391979: ------------------------------------
2022-11-01 19:19:51.894 UTC [TRACE] steampipe-plugin-hackernews.plugin: [TRACE] 1667330391979: getItem                       : 200
2022-11-01 19:19:51.894 UTC [TRACE] steampipe-plugin-hackernews.plugin: [TRACE] 1667330391979: ------------------------------------
2022-11-01 19:19:51.894 UTC [TRACE] steampipe-plugin-hackernews.plugin: [TRACE] 1667330391979: Total                         : 200
2022-11-01 19:19:51.894 UTC [TRACE] steampipe-plugin-hackernews.plugin: [TRACE] 1667330391979: ------------------------------------
2022-11-01 19:19:51.894 UTC [TRACE] steampipe-plugin-hackernews.plugin: [TRACE] 1667330391979: QueryData streamRows DONE (hackernews-1667330391979)
2022-11-01 19:19:51.894 UTC [TRACE] steampipe-plugin-hackernews.plugin: [TRACE] 1667330391979: EndSet (hackernews-1667330391979) table hackernews_new
2022-11-01 19:19:51.894 UTC [TRACE] steampipe-plugin-hackernews.plugin: [TRACE] 1667330391979: QueryCache writePageToCache: 500 rows, pageCount 1, page key hackernewshackernews_newid,title,time,by,score,dead,deleted,descendants,kids,parent,parts,poll,text,type,url,_ctx-1-0
2022-11-01 19:19:51.896 UTC [TRACE] stdio: received data: channel=STDOUT len=88
2022-11-01 19:19:51.896 UTC [TRACE] stdio: waiting for stdio data
2022-11-01 19:19:51.901 UTC [TRACE] steampipe-plugin-hackernews.plugin: [TRACE] 1667330391979: writePageToCache Set - result written
2022-11-01 19:19:51.901 UTC [TRACE] steampipe-plugin-hackernews.plugin: [TRACE] 1667330391979: QueryCache EndSet - result written
2022-11-01 19:19:51.901 UTC [TRACE] steampipe-plugin-hackernews.plugin: [TRACE] 1667330391979: doGet cache miss
2022-11-01 19:19:51.901 UTC [TRACE] steampipe-plugin-hackernews.plugin: [TRACE] 1667330391979: getCachedIndexBucket - no item retrieved for cache key index__hackernewshackernews_new
2022-11-01 19:19:51.901 UTC [TRACE] steampipe-plugin-hackernews.plugin: [TRACE] 1667330391979: getCachedIndexBucket returned cache miss
2022-11-01 19:19:51.901 UTC [TRACE] steampipe-plugin-hackernews.plugin: [TRACE] 1667330391979: QueryCache EndSet - Added index item (0xc01b0fa4e0) to bucket (0xc014359698), page count 1,  key root hackernewshackernews_newid,title,time,by,score,dead,deleted,descendants,kids,parent,parts,poll,text,type,url,_ctx-1
2022-11-01 19:19:51.901 UTC [TRACE] steampipe-plugin-hackernews.plugin: [TRACE] 1667330391979: cacheSetIndexBucket index__hackernewshackernews_new
2022-11-01 19:19:51.902 UTC [TRACE] steampipe-plugin-hackernews.plugin: [TRACE] 1667330391979: QueryCache EndSet - IndexBucket written
2022-11-01 19:19:51.902 UTC [TRACE] steampipe-plugin-hackernews.plugin: [TRACE] 1667330391979: EndSet DEFER (hackernews-1667330391979) table hackernews_new
2022-11-01 19:19:51.902 UTC [TRACE] steampipe-plugin-hackernews.plugin: [TRACE] 1667330391979: calling pendingItemComplete (hackernews-1667330391979)
2022-11-01 19:19:51.902 UTC [TRACE] steampipe-plugin-hackernews.plugin: [TRACE] 1667330391979: pendingItemComplete (hackernews-1667330391979) indexBucketKey index__hackernewshackernews_new, columns [id title time by score dead deleted descendants kids parent parts poll text type url _ctx], limit -1
2022-11-01 19:19:51.902 UTC [TRACE] steampipe-plugin-hackernews.plugin: [TRACE] 1667330391979: got pending index bucket, (hackernews-1667330391979) len 1
2022-11-01 19:19:51.902 UTC [TRACE] steampipe-plugin-hackernews.plugin: [TRACE] 1667330391979: SatisfiesLimit limit -1, no item limit - satisfied
2022-11-01 19:19:51.902 UTC [TRACE] steampipe-plugin-hackernews.plugin: [TRACE] 1667330391979: found pending index item to satisfy columns id,title,time,by,score,dead,deleted,descendants,kids,parent,parts,poll,text,type,url,_ctx, limit -1
2022-11-01 19:19:51.902 UTC [TRACE] steampipe-plugin-hackernews.plugin: [TRACE] 1667330391979: found completed pending item (hackernews-1667330391979) 0xc0003807e0, key hackernewshackernews_newid,title,time,by,score,dead,deleted,descendants,kids,parent,parts,poll,text,type,url,_ctx-1 - removing from map as it is complete
2022-11-01 19:19:51.902 UTC [TRACE] steampipe-plugin-hackernews.plugin: [TRACE] 1667330391979: pendingIndexItem Unlock count before 1 key hackernewshackernews_newid,title,time,by,score,dead,deleted,descendants,kids,parent,parts,poll,text,type,url,_ctx-1
2022-11-01 19:19:51.902 UTC [TRACE] steampipe-plugin-hackernews.plugin: [TRACE] 1667330391979: deleted from pending, (hackernews-1667330391979) len 0
2022-11-01 19:19:51.902 UTC [TRACE] steampipe-plugin-hackernews.plugin: [TRACE] 1667330391979: pending bucket now empty - deleting key index__hackernewshackernews_new
2022-11-01 19:19:51.902 UTC [TRACE] steampipe-plugin-hackernews.plugin: [TRACE] 1667330391979: pendingItemComplete done (hackernews-1667330391979)
2022-11-01 19:19:51.902 UTC [TRACE] steampipe-plugin-hackernews.plugin: [TRACE] 1667330391979: cache set succeeded
2022-11-01 19:19:51.902 UTC [TRACE] steampipe-plugin-hackernews.plugin: [TRACE] 1667330391979: End execute span
2022-11-01 19:19:51.902 UTC [TRACE] steampipe-plugin-hackernews.plugin: [TRACE] 1667330391979: executeForConnection DEFER (hackernews-1667330391979)
2022-11-01 19:19:51.902 UTC [TRACE] steampipe-plugin-hackernews.plugin: [TRACE] 1667330391979: Execute complete callId: hackernews-1667330391979 table: hackernews_new
2022-11-01 19:19:51.902 UTC [TRACE] steampipe-plugin-hackernews.plugin: [TRACE] 1667330391979: executeForConnection hackernews returned
2022-11-01 19:19:51.902 UTC [TRACE] steampipe-plugin-hackernews.plugin: [TRACE] 1667330391979: output wg complete - send nil row
2022-11-01 19:19:51.902 UTC [TRACE] steampipe-plugin-hackernews.plugin: [TRACE] 1667330391979: empty row on output channel - we are done
2022-11-01 19:19:51.902 UTC [INFO]  steampipe-plugin-hackernews.plugin: [INFO]  1667330391979: Plugin Execute complete (1667330391979)
2022-11-01 19:19:51.964 UTC [TRACE] PluginManager Shutdown
2022-11-01 19:19:51.964 UTC [TRACE] killing plugin csv (1989)
2022-11-01 19:19:51.964 UTC [DEBUG] stdio: received EOF, stopping recv loop: err="rpc error: code = Unavailable desc = error reading from server: EOF"
2022-11-01 19:19:51.965 UTC [TRACE] steampipe-plugin-csv.plugin: [TRACE] FLUSHING instrumentation
2022-11-01 19:19:51.965 UTC [TRACE] steampipe-plugin-csv.plugin: [TRACE] Shutdown instrumentation
2022-11-01 19:19:51.966 UTC [INFO]  plugin process exited: path=/home/runner/.steampipe/plugins/hub.steampipe.io/plugins/turbot/csv@latest/steampipe-plugin-csv.plugin pid=1989
2022-11-01 19:19:51.966 UTC [DEBUG] plugin exited
2022-11-01 19:19:51.966 UTC [TRACE] killing plugin hackernews (2012)
2022-11-01 19:19:51.966 UTC [DEBUG] stdio: received EOF, stopping recv loop: err="rpc error: code = Unavailable desc = error reading from server: EOF"
2022-11-01 19:19:51.966 UTC [TRACE] steampipe-plugin-hackernews.plugin: [TRACE] 1667330391979: FLUSHING instrumentation
2022-11-01 19:19:51.966 UTC [TRACE] steampipe-plugin-hackernews.plugin: [TRACE] 1667330391979: Shutdown instrumentation
2022-11-01 19:19:51.968 UTC [INFO]  plugin process exited: path=/home/runner/.steampipe/plugins/hub.steampipe.io/plugins/turbot/hackernews@latest/steampipe-plugin-hackernews.plugin pid=2012
2022-11-01 19:19:51.969 UTC [DEBUG] plugin exited
2022-11-01 19:19:55.293 UTC [WARN]  PluginManager setPluginCacheSizeMap: 4 connections.
2022-11-01 19:19:55.293 UTC [WARN]  Total cache size 0Mb
2022-11-01 19:19:55.356 UTC [WARN]  plugin configured with a nil SecureConfig
2022-11-01 19:19:55.605 UTC [WARN]  steampipe-plugin-csv.plugin: [WARN]  1667330395916: getKeyColumnsForTable found no schema for table '/home/runner/work/steampipe-samples/steampipe-samples/all/hackernews/hn.csv'
2022-11-01 19:20:16.503 UTC [WARN]  PluginManager setPluginCacheSizeMap: 4 connections.
2022-11-01 19:20:16.503 UTC [WARN]  Total cache size 0Mb
2022-11-01 19:20:16.566 UTC [WARN]  plugin configured with a nil SecureConfig
2022-11-01 19:20:16.742 UTC [WARN]  steampipe-plugin-csv.plugin: [WARN]  1667330416406: getKeyColumnsForTable found no schema for table '/home/runner/work/steampipe-samples/steampipe-samples/all/hackernews/hn.csv'
2022-11-01 19:20:36.922 UTC [WARN]  PluginManager setPluginCacheSizeMap: 4 connections.
2022-11-01 19:20:36.922 UTC [WARN]  Total cache size 0Mb
2022-11-01 19:20:36.988 UTC [WARN]  plugin configured with a nil SecureConfig
2022-11-01 19:20:38.117 UTC [WARN]  PluginManager setPluginCacheSizeMap: 4 connections.
2022-11-01 19:20:38.117 UTC [WARN]  Total cache size 0Mb
2022-11-01 19:20:38.181 UTC [WARN]  plugin configured with a nil SecureConfig
2022-11-01 19:20:39.092 UTC [WARN]  PluginManager setPluginCacheSizeMap: 4 connections.
2022-11-01 19:20:39.092 UTC [WARN]  Total cache size 0Mb
2022-11-01 19:20:39.155 UTC [WARN]  plugin configured with a nil SecureConfig
2022-11-01 19:20:39.939 UTC [WARN]  PluginManager setPluginCacheSizeMap: 4 connections.
2022-11-01 19:20:39.939 UTC [WARN]  Total cache size 0Mb
2022-11-01 19:20:40.003 UTC [WARN]  plugin configured with a nil SecureConfig
2022-11-01 19:20:40.811 UTC [WARN]  PluginManager setPluginCacheSizeMap: 4 connections.
2022-11-01 19:20:40.811 UTC [WARN]  Total cache size 0Mb
2022-11-01 19:20:40.874 UTC [WARN]  plugin configured with a nil SecureConfig
2022-11-01 19:20:41.671 UTC [WARN]  PluginManager setPluginCacheSizeMap: 4 connections.
2022-11-01 19:20:41.671 UTC [WARN]  Total cache size 0Mb
2022-11-01 19:20:41.736 UTC [WARN]  plugin configured with a nil SecureConfig
2022-11-01 19:20:42.520 UTC [WARN]  PluginManager setPluginCacheSizeMap: 4 connections.
2022-11-01 19:20:42.520 UTC [WARN]  Total cache size 0Mb
2022-11-01 19:20:42.583 UTC [WARN]  plugin configured with a nil SecureConfig
2022-11-01 19:20:43.345 UTC [WARN]  PluginManager setPluginCacheSizeMap: 4 connections.
2022-11-01 19:20:43.345 UTC [WARN]  Total cache size 0Mb
2022-11-01 19:20:43.408 UTC [WARN]  plugin configured with a nil SecureConfig
2022-11-01 19:20:43.575 UTC [WARN]  plugin configured with a nil SecureConfig
2022-11-01 19:21:54.563 UTC [WARN]  PluginManager setPluginCacheSizeMap: 4 connections.
2022-11-01 19:21:54.563 UTC [WARN]  Total cache size 0Mb
2022-11-01 19:21:54.626 UTC [WARN]  plugin configured with a nil SecureConfig
2022-11-01 19:21:55.398 UTC [WARN]  PluginManager setPluginCacheSizeMap: 4 connections.
2022-11-01 19:21:55.398 UTC [WARN]  Total cache size 0Mb
2022-11-01 19:21:55.461 UTC [WARN]  plugin configured with a nil SecureConfig
2022-11-01 19:21:55.472 UTC [ERROR] steampipe-plugin-csv.plugin: [ERROR] csv.tableCSV: header_parse_error=EOF path=/home/runner/work/steampipe-samples/steampipe-samples/all/hackernews/new_sc.csv header=[]
2022-11-01 19:21:55.472 UTC [ERROR] steampipe-plugin-csv.plugin: [ERROR] csv.PluginTables: create_table_error="failed to parse file header /home/runner/work/steampipe-samples/steampipe-samples/all/hackernews/new_sc.csv: EOF" path=/home/runner/work/steampipe-samples/steampipe-samples/all/hackernews/new_sc.csv
2022-11-01 19:21:55.472 UTC [WARN]  failed to set connection config: failed to parse file header /home/runner/work/steampipe-samples/steampipe-samples/all/hackernews/new_sc.csv: EOF
2022-11-01 19:21:56.226 UTC [WARN]  PluginManager setPluginCacheSizeMap: 4 connections.
2022-11-01 19:21:56.226 UTC [WARN]  Total cache size 0Mb
2022-11-01 19:21:56.290 UTC [WARN]  plugin configured with a nil SecureConfig
2022-11-01 19:21:56.464 UTC [WARN]  steampipe-plugin-csv.plugin: [WARN]  1667330516408: getKeyColumnsForTable found no schema for table '/home/runner/work/steampipe-samples/steampipe-samples/all/hackernews/new_sc.csv'
2022-11-01 19:21:59.485 UTC [WARN]  PluginManager setPluginCacheSizeMap: 4 connections.
2022-11-01 19:21:59.485 UTC [WARN]  Total cache size 0Mb
2022-11-01 19:21:59.549 UTC [WARN]  plugin configured with a nil SecureConfig
2022-11-01 19:22:00.297 UTC [WARN]  PluginManager setPluginCacheSizeMap: 4 connections.
2022-11-01 19:22:00.297 UTC [WARN]  Total cache size 0Mb
2022-11-01 19:22:00.360 UTC [WARN]  plugin configured with a nil SecureConfig
2022-11-01 19:22:01.130 UTC [WARN]  PluginManager setPluginCacheSizeMap: 4 connections.
2022-11-01 19:22:01.130 UTC [WARN]  Total cache size 0Mb
2022-11-01 19:22:01.194 UTC [WARN]  plugin configured with a nil SecureConfig
2022-11-01 19:22:01.959 UTC [WARN]  PluginManager setPluginCacheSizeMap: 4 connections.
2022-11-01 19:22:01.959 UTC [WARN]  Total cache size 0Mb
2022-11-01 19:22:02.023 UTC [WARN]  plugin configured with a nil SecureConfig
2022-11-01 19:22:02.038 UTC [ERROR] steampipe-plugin-csv.plugin: [ERROR] csv.tableCSV: header_parse_error=EOF path=/home/runner/work/steampipe-samples/steampipe-samples/all/hackernews/hn_items_all.csv header=[]
2022-11-01 19:22:02.038 UTC [ERROR] steampipe-plugin-csv.plugin: [ERROR] csv.PluginTables: create_table_error="failed to parse file header /home/runner/work/steampipe-samples/steampipe-samples/all/hackernews/hn_items_all.csv: EOF" path=/home/runner/work/steampipe-samples/steampipe-samples/all/hackernews/hn_items_all.csv
2022-11-01 19:22:02.038 UTC [WARN]  failed to set connection config: failed to parse file header /home/runner/work/steampipe-samples/steampipe-samples/all/hackernews/hn_items_all.csv: EOF
2022-11-01 19:22:03.000 UTC [WARN]  PluginManager setPluginCacheSizeMap: 4 connections.
2022-11-01 19:22:03.000 UTC [WARN]  Total cache size 0Mb
2022-11-01 19:22:03.063 UTC [WARN]  plugin configured with a nil SecureConfig
2022-11-01 19:22:03.075 UTC [ERROR] steampipe-plugin-csv.plugin: [ERROR] csv.tableCSV: header_parse_error=EOF path=/home/runner/work/steampipe-samples/steampipe-samples/all/hackernews/people.csv header=[]
2022-11-01 19:22:03.076 UTC [ERROR] steampipe-plugin-csv.plugin: [ERROR] csv.PluginTables: create_table_error="failed to parse file header /home/runner/work/steampipe-samples/steampipe-samples/all/hackernews/people.csv: EOF" path=/home/runner/work/steampipe-samples/steampipe-samples/all/hackernews/people.csv
2022-11-01 19:22:03.076 UTC [WARN]  failed to set connection config: failed to parse file header /home/runner/work/steampipe-samples/steampipe-samples/all/hackernews/people.csv: EOF
2022-11-01 19:22:03.218 UTC [WARN]  plugin configured with a nil SecureConfig
2022-11-01 19:22:03.250 UTC [WARN]  plugin configured with a nil SecureConfig
