2022-11-18 21:19:44.312 UTC [INFO]  starting plugin manager
2022-11-18 21:19:44.313 UTC [TRACE] loaded config map: csv,github,hackernews,net
2022-11-18 21:19:44.313 UTC [TRACE] NewPluginManager
2022-11-18 21:19:44.315 UTC [TRACE] PluginManager setPluginCacheSizeMap: 4 connections.
2022-11-18 21:19:44.315 UTC [TRACE] Total cache size 0Mb
2022-11-18 21:19:44.315 UTC [INFO]  starting connection watcher
2022-11-18 21:19:44.315 UTC [INFO]  created ConnectionWatcher
2022-11-18 21:19:44.315 UTC [TRACE] about to serve
2022-11-18 21:19:44.387 UTC [TRACE] PluginManager Get, connections: '[csv]'
2022-11-18 21:19:44.387 UTC [TRACE] PluginManager getPlugin hub.steampipe.io/plugins/turbot/csv@latest connection 'csv'
2022-11-18 21:19:44.387 UTC [TRACE] PluginManager 0xc0004dd6d0 plugin hub.steampipe.io/plugins/turbot/csv@latest (csv) NOT started or starting - start now
2022-11-18 21:19:44.387 UTC [TRACE] ************ start plugin csv ********************
2022-11-18 21:19:44.387 UTC [TRACE] ************ plugin path /home/runner/.steampipe/plugins/hub.steampipe.io/plugins/turbot/csv@latest/steampipe-plugin-csv.plugin ********************
2022-11-18 21:19:44.418 UTC [TRACE] handleFileWatcherEvent ignoring first event
2022-11-18 21:19:44.458 UTC [DEBUG] starting plugin: path=/home/runner/.steampipe/plugins/hub.steampipe.io/plugins/turbot/csv@latest/steampipe-plugin-csv.plugin args=["/home/runner/.steampipe/plugins/hub.steampipe.io/plugins/turbot/csv@latest/steampipe-plugin-csv.plugin"]
2022-11-18 21:19:44.458 UTC [DEBUG] plugin started: path=/home/runner/.steampipe/plugins/hub.steampipe.io/plugins/turbot/csv@latest/steampipe-plugin-csv.plugin pid=2005
2022-11-18 21:19:44.458 UTC [DEBUG] waiting for RPC address: path=/home/runner/.steampipe/plugins/hub.steampipe.io/plugins/turbot/csv@latest/steampipe-plugin-csv.plugin
2022-11-18 21:19:44.469 UTC [INFO]  steampipe-plugin-csv.plugin: [INFO]  Initialise plugin 'steampipe-plugin-csv', using sdk version 4.1.7
2022-11-18 21:19:44.469 UTC [TRACE] steampipe-plugin-csv.plugin: [TRACE] no DefaultRetryConfig defined - creating empty
2022-11-18 21:19:44.469 UTC [TRACE] steampipe-plugin-csv.plugin: [TRACE] no DefaultIgnoreConfig defined - creating empty
2022-11-18 21:19:44.469 UTC [TRACE] steampipe-plugin-csv.plugin: [TRACE] Setting Ulimit: ulimit=2560
2022-11-18 21:19:44.469 UTC [TRACE] steampipe-plugin-csv.plugin: [TRACE] telemetry.Init service 'steampipe-plugin-csv', tracingEnabled: false, metricsEnabled: false
2022-11-18 21:19:44.469 UTC [TRACE] steampipe-plugin-csv.plugin: [TRACE] metrics and tracing disabled' - returning
2022-11-18 21:19:44.469 UTC [DEBUG] steampipe-plugin-csv.plugin: plugin address: address=/tmp/plugin21383420 network=unix timestamp=2022-11-18T21:19:44.469Z
2022-11-18 21:19:44.469 UTC [DEBUG] using plugin: version=0
2022-11-18 21:19:44.469 UTC [TRACE] NewPluginClient for plugin hub.steampipe.io/plugins/turbot/csv@latest
2022-11-18 21:19:44.471 UTC [TRACE] stdio: waiting for stdio data
2022-11-18 21:19:44.473 UTC [TRACE] supportedOperations: query_cache:true  multiple_connections:true
2022-11-18 21:19:44.474 UTC [TRACE] steampipe-plugin-csv.plugin: [TRACE] SetAllConnectionConfigs setting 1 configs
2022-11-18 21:19:44.474 UTC [TRACE] steampipe-plugin-csv.plugin: [TRACE] connection csv build schema and table map
2022-11-18 21:19:44.474 UTC [DEBUG] steampipe-plugin-csv.plugin: [DEBUG] csv.tableCSV: path=/home/runner/work/steampipe-samples/steampipe-samples/all/hackernews/hn_items_all.csv detected_encoding=Unknown
2022-11-18 21:19:44.474 UTC [DEBUG] steampipe-plugin-csv.plugin: [DEBUG] csv.tableCSV: path=/home/runner/work/steampipe-samples/steampipe-samples/all/hackernews/new_sc.csv detected_encoding=Unknown
2022-11-18 21:19:44.474 UTC [DEBUG] steampipe-plugin-csv.plugin: [DEBUG] csv.tableCSV: path=/home/runner/work/steampipe-samples/steampipe-samples/all/hackernews/people.csv detected_encoding=Unknown
2022-11-18 21:19:44.474 UTC [TRACE] steampipe-plugin-csv.plugin: [TRACE] initialise table /home/runner/work/steampipe-samples/steampipe-samples/all/hackernews/people.csv
2022-11-18 21:19:44.474 UTC [TRACE] steampipe-plugin-csv.plugin: [TRACE] no DefaultRetryConfig defined - creating empty
2022-11-18 21:19:44.474 UTC [TRACE] steampipe-plugin-csv.plugin: [TRACE] no DefaultIgnoreConfig defined - creating empty
2022-11-18 21:19:44.474 UTC [TRACE] steampipe-plugin-csv.plugin: [TRACE] apply plugin defaults for DefaultRetryConfig
2022-11-18 21:19:44.474 UTC [TRACE] steampipe-plugin-csv.plugin: [TRACE] apply plugin defaults for DefaultIgnoreConfig, table &{<nil> <nil>} plugin &{<nil> <nil>}
2022-11-18 21:19:44.474 UTC [TRACE] steampipe-plugin-csv.plugin: [TRACE] DefaultRetryConfig:
2022-11-18 21:19:44.474 UTC [TRACE] steampipe-plugin-csv.plugin: [TRACE] DefaultIgnoreConfig:
2022-11-18 21:19:44.474 UTC [TRACE] steampipe-plugin-csv.plugin: [TRACE] t.List.initialise
2022-11-18 21:19:44.474 UTC [TRACE] steampipe-plugin-csv.plugin: [TRACE] ListConfig.initialise table /home/runner/work/steampipe-samples/steampipe-samples/all/hackernews/people.csv
2022-11-18 21:19:44.474 UTC [TRACE] steampipe-plugin-csv.plugin: [TRACE] ListConfig.initialise complete: RetryConfig: , IgnoreConfig
2022-11-18 21:19:44.474 UTC [TRACE] steampipe-plugin-csv.plugin: [TRACE] back from initialiseHydrateConfigs
2022-11-18 21:19:44.474 UTC [TRACE] steampipe-plugin-csv.plugin: [TRACE] initialise table /home/runner/work/steampipe-samples/steampipe-samples/all/hackernews/people.csv COMPLETE
2022-11-18 21:19:44.474 UTC [TRACE] steampipe-plugin-csv.plugin: [TRACE] initialise table /home/runner/work/steampipe-samples/steampipe-samples/all/hackernews/hn_items_all.csv
2022-11-18 21:19:44.474 UTC [TRACE] steampipe-plugin-csv.plugin: [TRACE] no DefaultRetryConfig defined - creating empty
2022-11-18 21:19:44.474 UTC [TRACE] steampipe-plugin-csv.plugin: [TRACE] no DefaultIgnoreConfig defined - creating empty
2022-11-18 21:19:44.474 UTC [TRACE] steampipe-plugin-csv.plugin: [TRACE] apply plugin defaults for DefaultRetryConfig
2022-11-18 21:19:44.474 UTC [TRACE] steampipe-plugin-csv.plugin: [TRACE] apply plugin defaults for DefaultIgnoreConfig, table &{<nil> <nil>} plugin &{<nil> <nil>}
2022-11-18 21:19:44.474 UTC [TRACE] steampipe-plugin-csv.plugin: [TRACE] DefaultRetryConfig:
2022-11-18 21:19:44.474 UTC [TRACE] steampipe-plugin-csv.plugin: [TRACE] DefaultIgnoreConfig:
2022-11-18 21:19:44.474 UTC [TRACE] steampipe-plugin-csv.plugin: [TRACE] t.List.initialise
2022-11-18 21:19:44.474 UTC [TRACE] steampipe-plugin-csv.plugin: [TRACE] ListConfig.initialise table /home/runner/work/steampipe-samples/steampipe-samples/all/hackernews/hn_items_all.csv
2022-11-18 21:19:44.474 UTC [TRACE] steampipe-plugin-csv.plugin: [TRACE] ListConfig.initialise complete: RetryConfig: , IgnoreConfig
2022-11-18 21:19:44.474 UTC [TRACE] steampipe-plugin-csv.plugin: [TRACE] back from initialiseHydrateConfigs
2022-11-18 21:19:44.474 UTC [TRACE] steampipe-plugin-csv.plugin: [TRACE] initialise table /home/runner/work/steampipe-samples/steampipe-samples/all/hackernews/hn_items_all.csv COMPLETE
2022-11-18 21:19:44.474 UTC [TRACE] steampipe-plugin-csv.plugin: [TRACE] initialise table /home/runner/work/steampipe-samples/steampipe-samples/all/hackernews/new_sc.csv
2022-11-18 21:19:44.474 UTC [TRACE] steampipe-plugin-csv.plugin: [TRACE] no DefaultRetryConfig defined - creating empty
2022-11-18 21:19:44.474 UTC [TRACE] steampipe-plugin-csv.plugin: [TRACE] no DefaultIgnoreConfig defined - creating empty
2022-11-18 21:19:44.474 UTC [TRACE] steampipe-plugin-csv.plugin: [TRACE] apply plugin defaults for DefaultRetryConfig
2022-11-18 21:19:44.474 UTC [TRACE] steampipe-plugin-csv.plugin: [TRACE] apply plugin defaults for DefaultIgnoreConfig, table &{<nil> <nil>} plugin &{<nil> <nil>}
2022-11-18 21:19:44.474 UTC [TRACE] steampipe-plugin-csv.plugin: [TRACE] DefaultRetryConfig:
2022-11-18 21:19:44.474 UTC [TRACE] steampipe-plugin-csv.plugin: [TRACE] DefaultIgnoreConfig:
2022-11-18 21:19:44.474 UTC [TRACE] steampipe-plugin-csv.plugin: [TRACE] t.List.initialise
2022-11-18 21:19:44.474 UTC [TRACE] steampipe-plugin-csv.plugin: [TRACE] ListConfig.initialise table /home/runner/work/steampipe-samples/steampipe-samples/all/hackernews/new_sc.csv
2022-11-18 21:19:44.474 UTC [TRACE] steampipe-plugin-csv.plugin: [TRACE] ListConfig.initialise complete: RetryConfig: , IgnoreConfig
2022-11-18 21:19:44.474 UTC [TRACE] steampipe-plugin-csv.plugin: [TRACE] back from initialiseHydrateConfigs
2022-11-18 21:19:44.475 UTC [TRACE] steampipe-plugin-csv.plugin: [TRACE] initialise table /home/runner/work/steampipe-samples/steampipe-samples/all/hackernews/new_sc.csv COMPLETE
2022-11-18 21:19:44.475 UTC [TRACE] steampipe-plugin-csv.plugin: [TRACE] validate plugin steampipe-plugin-csv, required columns []
2022-11-18 21:19:44.475 UTC [TRACE] steampipe-plugin-csv.plugin: [TRACE] validate DefaultRetryConfig
2022-11-18 21:19:44.475 UTC [TRACE] steampipe-plugin-csv.plugin: [TRACE] validate DefaultIgnoreConfig
2022-11-18 21:19:44.475 UTC [TRACE] steampipe-plugin-csv.plugin: [TRACE] validate table names
2022-11-18 21:19:44.475 UTC [TRACE] steampipe-plugin-csv.plugin: [TRACE] plugin has 0 validation errors
2022-11-18 21:19:44.475 UTC [TRACE] steampipe-plugin-csv.plugin: [TRACE] Plugin ensureCache creating cache, maxCacheStorageMb 0
2022-11-18 21:19:44.475 UTC [TRACE] steampipe-plugin-csv.plugin: [TRACE] createCacheStore for plugin 'steampipe-plugin-csv' setting max size to 0Mb, Shards: 2, max shard size: 0
2022-11-18 21:19:44.489 UTC [INFO]  steampipe-plugin-csv.plugin: [INFO]  query cache created
2022-11-18 21:19:44.489 UTC [DEBUG] steampipe-plugin-csv.plugin: [DEBUG] SetAllConnectionConfigs finished
2022-11-18 21:19:44.489 UTC [TRACE] PluginManager getPlugin complete, returning reattach config with PID: 2005
2022-11-18 21:19:44.489 UTC [TRACE] PluginManager Get returning reattach_map:{key:"csv"  value:{protocol:"grpc"  addr:{Network:"unix"  Address:"/tmp/plugin21383420"}  pid:2005  supported_operations:{query_cache:true  multiple_connections:true}  connections:"csv"  plugin:"hub.steampipe.io/plugins/turbot/csv@latest"}}
2022-11-18 21:19:44.574 UTC [TRACE] PluginManager Get, connections: '[csv]'
2022-11-18 21:19:44.574 UTC [TRACE] PluginManager getPlugin hub.steampipe.io/plugins/turbot/csv@latest connection 'csv'
2022-11-18 21:19:44.574 UTC [TRACE] connection csv found in connectionPluginMap
2022-11-18 21:19:44.574 UTC [TRACE] initialized: 2005
2022-11-18 21:19:44.574 UTC [TRACE] initialized: 2005
2022-11-18 21:19:44.574 UTC [TRACE] connection csv is loaded, check for running PID
2022-11-18 21:19:44.575 UTC [TRACE] PluginManager found 'csv' in map, pid 2005
2022-11-18 21:19:44.575 UTC [TRACE] PluginManager Get returning reattach_map:{key:"csv"  value:{protocol:"grpc"  addr:{Network:"unix"  Address:"/tmp/plugin21383420"}  pid:2005  supported_operations:{query_cache:true  multiple_connections:true}  connections:"csv"  plugin:"hub.steampipe.io/plugins/turbot/csv@latest"}}
2022-11-18 21:19:44.735 UTC [TRACE] PluginManager Get, connections: '[hackernews]'
2022-11-18 21:19:44.735 UTC [TRACE] PluginManager getPlugin hub.steampipe.io/plugins/turbot/hackernews@latest connection 'hackernews'
2022-11-18 21:19:44.735 UTC [TRACE] PluginManager 0xc0004dd6d0 plugin hub.steampipe.io/plugins/turbot/hackernews@latest (hackernews) NOT started or starting - start now
2022-11-18 21:19:44.735 UTC [TRACE] ************ start plugin hackernews ********************
2022-11-18 21:19:44.735 UTC [TRACE] ************ plugin path /home/runner/.steampipe/plugins/hub.steampipe.io/plugins/turbot/hackernews@latest/steampipe-plugin-hackernews.plugin ********************
2022-11-18 21:19:44.807 UTC [DEBUG] starting plugin: path=/home/runner/.steampipe/plugins/hub.steampipe.io/plugins/turbot/hackernews@latest/steampipe-plugin-hackernews.plugin args=["/home/runner/.steampipe/plugins/hub.steampipe.io/plugins/turbot/hackernews@latest/steampipe-plugin-hackernews.plugin"]
2022-11-18 21:19:44.808 UTC [DEBUG] plugin started: path=/home/runner/.steampipe/plugins/hub.steampipe.io/plugins/turbot/hackernews@latest/steampipe-plugin-hackernews.plugin pid=2028
2022-11-18 21:19:44.808 UTC [DEBUG] waiting for RPC address: path=/home/runner/.steampipe/plugins/hub.steampipe.io/plugins/turbot/hackernews@latest/steampipe-plugin-hackernews.plugin
2022-11-18 21:19:44.817 UTC [INFO]  steampipe-plugin-hackernews.plugin: [INFO]  Initialise plugin 'steampipe-plugin-hackernews', using sdk version 4.1.7
2022-11-18 21:19:44.817 UTC [TRACE] steampipe-plugin-hackernews.plugin: [TRACE] defaulting SchemaMode to SchemaModeStatic
2022-11-18 21:19:44.817 UTC [TRACE] steampipe-plugin-hackernews.plugin: [TRACE] no DefaultRetryConfig defined - creating empty
2022-11-18 21:19:44.817 UTC [TRACE] steampipe-plugin-hackernews.plugin: [TRACE] no DefaultIgnoreConfig defined - creating empty
2022-11-18 21:19:44.817 UTC [TRACE] steampipe-plugin-hackernews.plugin: [TRACE] Setting Ulimit: ulimit=2560
2022-11-18 21:19:44.817 UTC [TRACE] steampipe-plugin-hackernews.plugin: [TRACE] telemetry.Init service 'steampipe-plugin-hackernews', tracingEnabled: false, metricsEnabled: false
2022-11-18 21:19:44.817 UTC [TRACE] steampipe-plugin-hackernews.plugin: [TRACE] metrics and tracing disabled' - returning
2022-11-18 21:19:44.818 UTC [DEBUG] using plugin: version=0
2022-11-18 21:19:44.818 UTC [TRACE] NewPluginClient for plugin hub.steampipe.io/plugins/turbot/hackernews@latest
2022-11-18 21:19:44.818 UTC [DEBUG] steampipe-plugin-hackernews.plugin: plugin address: address=/tmp/plugin3853105623 network=unix timestamp=2022-11-18T21:19:44.818Z
2022-11-18 21:19:44.820 UTC [TRACE] stdio: waiting for stdio data
2022-11-18 21:19:44.820 UTC [TRACE] supportedOperations: query_cache:true  multiple_connections:true
2022-11-18 21:19:44.821 UTC [TRACE] steampipe-plugin-hackernews.plugin: [TRACE] SetAllConnectionConfigs setting 1 configs
2022-11-18 21:19:44.821 UTC [TRACE] steampipe-plugin-hackernews.plugin: [TRACE] connection hackernews build schema and table map
2022-11-18 21:19:44.821 UTC [TRACE] steampipe-plugin-hackernews.plugin: [TRACE] initialise table hackernews_best
2022-11-18 21:19:44.821 UTC [TRACE] steampipe-plugin-hackernews.plugin: [TRACE] no DefaultRetryConfig defined - creating empty
2022-11-18 21:19:44.821 UTC [TRACE] steampipe-plugin-hackernews.plugin: [TRACE] no DefaultIgnoreConfig defined - creating empty
2022-11-18 21:19:44.821 UTC [TRACE] steampipe-plugin-hackernews.plugin: [TRACE] apply plugin defaults for DefaultRetryConfig
2022-11-18 21:19:44.821 UTC [TRACE] steampipe-plugin-hackernews.plugin: [TRACE] apply plugin defaults for DefaultIgnoreConfig, table &{<nil> <nil>} plugin &{<nil> <nil>}
2022-11-18 21:19:44.821 UTC [TRACE] steampipe-plugin-hackernews.plugin: [TRACE] DefaultRetryConfig:
2022-11-18 21:19:44.821 UTC [TRACE] steampipe-plugin-hackernews.plugin: [TRACE] DefaultIgnoreConfig:
2022-11-18 21:19:44.821 UTC [TRACE] steampipe-plugin-hackernews.plugin: [TRACE] t.Get.initialise
2022-11-18 21:19:44.821 UTC [TRACE] steampipe-plugin-hackernews.plugin: [TRACE] GetConfig.initialise table hackernews_best
2022-11-18 21:19:44.821 UTC [TRACE] steampipe-plugin-hackernews.plugin: [TRACE] GetConfig.initialise complete: RetryConfig: , IgnoreConfig:
2022-11-18 21:19:44.821 UTC [TRACE] steampipe-plugin-hackernews.plugin: [TRACE] t.List.initialise
2022-11-18 21:19:44.821 UTC [TRACE] steampipe-plugin-hackernews.plugin: [TRACE] ListConfig.initialise table hackernews_best
2022-11-18 21:19:44.821 UTC [TRACE] steampipe-plugin-hackernews.plugin: [TRACE] ListConfig.initialise complete: RetryConfig: , IgnoreConfig
2022-11-18 21:19:44.821 UTC [TRACE] steampipe-plugin-hackernews.plugin: [TRACE] HydrateConfig.initialise func getItem, table hackernews_best
2022-11-18 21:19:44.821 UTC [TRACE] steampipe-plugin-hackernews.plugin: [TRACE] HydrateConfig.initialise complete: RetryConfig: , IgnoreConfig:
2022-11-18 21:19:44.821 UTC [TRACE] steampipe-plugin-hackernews.plugin: [TRACE] back from initialiseHydrateConfigs
2022-11-18 21:19:44.821 UTC [TRACE] steampipe-plugin-hackernews.plugin: [TRACE] initialise table hackernews_best COMPLETE
2022-11-18 21:19:44.821 UTC [TRACE] steampipe-plugin-hackernews.plugin: [TRACE] initialise table hackernews_item
2022-11-18 21:19:44.821 UTC [TRACE] steampipe-plugin-hackernews.plugin: [TRACE] no DefaultRetryConfig defined - creating empty
2022-11-18 21:19:44.821 UTC [TRACE] steampipe-plugin-hackernews.plugin: [TRACE] no DefaultIgnoreConfig defined - creating empty
2022-11-18 21:19:44.821 UTC [TRACE] steampipe-plugin-hackernews.plugin: [TRACE] apply plugin defaults for DefaultRetryConfig
2022-11-18 21:19:44.821 UTC [TRACE] steampipe-plugin-hackernews.plugin: [TRACE] apply plugin defaults for DefaultIgnoreConfig, table &{<nil> <nil>} plugin &{<nil> <nil>}
2022-11-18 21:19:44.821 UTC [TRACE] steampipe-plugin-hackernews.plugin: [TRACE] DefaultRetryConfig:
2022-11-18 21:19:44.821 UTC [TRACE] steampipe-plugin-hackernews.plugin: [TRACE] DefaultIgnoreConfig:
2022-11-18 21:19:44.821 UTC [TRACE] steampipe-plugin-hackernews.plugin: [TRACE] t.Get.initialise
2022-11-18 21:19:44.821 UTC [TRACE] steampipe-plugin-hackernews.plugin: [TRACE] GetConfig.initialise table hackernews_item
2022-11-18 21:19:44.821 UTC [TRACE] steampipe-plugin-hackernews.plugin: [TRACE] GetConfig.initialise complete: RetryConfig: , IgnoreConfig:
2022-11-18 21:19:44.821 UTC [TRACE] steampipe-plugin-hackernews.plugin: [TRACE] t.List.initialise
2022-11-18 21:19:44.821 UTC [TRACE] steampipe-plugin-hackernews.plugin: [TRACE] ListConfig.initialise table hackernews_item
2022-11-18 21:19:44.821 UTC [TRACE] steampipe-plugin-hackernews.plugin: [TRACE] ListConfig.initialise complete: RetryConfig: , IgnoreConfig
2022-11-18 21:19:44.821 UTC [TRACE] steampipe-plugin-hackernews.plugin: [TRACE] HydrateConfig.initialise func getItem, table hackernews_item
2022-11-18 21:19:44.821 UTC [TRACE] steampipe-plugin-hackernews.plugin: [TRACE] HydrateConfig.initialise complete: RetryConfig: , IgnoreConfig:
2022-11-18 21:19:44.821 UTC [TRACE] steampipe-plugin-hackernews.plugin: [TRACE] back from initialiseHydrateConfigs
2022-11-18 21:19:44.821 UTC [TRACE] steampipe-plugin-hackernews.plugin: [TRACE] initialise table hackernews_item COMPLETE
2022-11-18 21:19:44.821 UTC [TRACE] steampipe-plugin-hackernews.plugin: [TRACE] initialise table hackernews_job
2022-11-18 21:19:44.821 UTC [TRACE] steampipe-plugin-hackernews.plugin: [TRACE] no DefaultRetryConfig defined - creating empty
2022-11-18 21:19:44.821 UTC [TRACE] steampipe-plugin-hackernews.plugin: [TRACE] no DefaultIgnoreConfig defined - creating empty
2022-11-18 21:19:44.821 UTC [TRACE] steampipe-plugin-hackernews.plugin: [TRACE] apply plugin defaults for DefaultRetryConfig
2022-11-18 21:19:44.821 UTC [TRACE] steampipe-plugin-hackernews.plugin: [TRACE] apply plugin defaults for DefaultIgnoreConfig, table &{<nil> <nil>} plugin &{<nil> <nil>}
2022-11-18 21:19:44.821 UTC [TRACE] steampipe-plugin-hackernews.plugin: [TRACE] DefaultRetryConfig:
2022-11-18 21:19:44.821 UTC [TRACE] steampipe-plugin-hackernews.plugin: [TRACE] DefaultIgnoreConfig:
2022-11-18 21:19:44.821 UTC [TRACE] steampipe-plugin-hackernews.plugin: [TRACE] t.Get.initialise
2022-11-18 21:19:44.821 UTC [TRACE] steampipe-plugin-hackernews.plugin: [TRACE] GetConfig.initialise table hackernews_job
2022-11-18 21:19:44.821 UTC [TRACE] steampipe-plugin-hackernews.plugin: [TRACE] GetConfig.initialise complete: RetryConfig: , IgnoreConfig:
2022-11-18 21:19:44.821 UTC [TRACE] steampipe-plugin-hackernews.plugin: [TRACE] t.List.initialise
2022-11-18 21:19:44.821 UTC [TRACE] steampipe-plugin-hackernews.plugin: [TRACE] ListConfig.initialise table hackernews_job
2022-11-18 21:19:44.821 UTC [TRACE] steampipe-plugin-hackernews.plugin: [TRACE] ListConfig.initialise complete: RetryConfig: , IgnoreConfig
2022-11-18 21:19:44.821 UTC [TRACE] steampipe-plugin-hackernews.plugin: [TRACE] HydrateConfig.initialise func getItem, table hackernews_job
2022-11-18 21:19:44.821 UTC [TRACE] steampipe-plugin-hackernews.plugin: [TRACE] HydrateConfig.initialise complete: RetryConfig: , IgnoreConfig:
2022-11-18 21:19:44.821 UTC [TRACE] steampipe-plugin-hackernews.plugin: [TRACE] back from initialiseHydrateConfigs
2022-11-18 21:19:44.821 UTC [TRACE] steampipe-plugin-hackernews.plugin: [TRACE] initialise table hackernews_job COMPLETE
2022-11-18 21:19:44.821 UTC [TRACE] steampipe-plugin-hackernews.plugin: [TRACE] initialise table hackernews_new
2022-11-18 21:19:44.821 UTC [TRACE] steampipe-plugin-hackernews.plugin: [TRACE] no DefaultRetryConfig defined - creating empty
2022-11-18 21:19:44.821 UTC [TRACE] steampipe-plugin-hackernews.plugin: [TRACE] no DefaultIgnoreConfig defined - creating empty
2022-11-18 21:19:44.821 UTC [TRACE] steampipe-plugin-hackernews.plugin: [TRACE] apply plugin defaults for DefaultRetryConfig
2022-11-18 21:19:44.821 UTC [TRACE] steampipe-plugin-hackernews.plugin: [TRACE] apply plugin defaults for DefaultIgnoreConfig, table &{<nil> <nil>} plugin &{<nil> <nil>}
2022-11-18 21:19:44.821 UTC [TRACE] steampipe-plugin-hackernews.plugin: [TRACE] DefaultRetryConfig:
2022-11-18 21:19:44.821 UTC [TRACE] steampipe-plugin-hackernews.plugin: [TRACE] DefaultIgnoreConfig:
2022-11-18 21:19:44.821 UTC [TRACE] steampipe-plugin-hackernews.plugin: [TRACE] t.Get.initialise
2022-11-18 21:19:44.821 UTC [TRACE] steampipe-plugin-hackernews.plugin: [TRACE] GetConfig.initialise table hackernews_new
2022-11-18 21:19:44.821 UTC [TRACE] steampipe-plugin-hackernews.plugin: [TRACE] GetConfig.initialise complete: RetryConfig: , IgnoreConfig:
2022-11-18 21:19:44.821 UTC [TRACE] steampipe-plugin-hackernews.plugin: [TRACE] t.List.initialise
2022-11-18 21:19:44.821 UTC [TRACE] steampipe-plugin-hackernews.plugin: [TRACE] ListConfig.initialise table hackernews_new
2022-11-18 21:19:44.821 UTC [TRACE] steampipe-plugin-hackernews.plugin: [TRACE] ListConfig.initialise complete: RetryConfig: , IgnoreConfig
2022-11-18 21:19:44.821 UTC [TRACE] steampipe-plugin-hackernews.plugin: [TRACE] HydrateConfig.initialise func getItem, table hackernews_new
2022-11-18 21:19:44.821 UTC [TRACE] steampipe-plugin-hackernews.plugin: [TRACE] HydrateConfig.initialise complete: RetryConfig: , IgnoreConfig:
2022-11-18 21:19:44.821 UTC [TRACE] steampipe-plugin-hackernews.plugin: [TRACE] back from initialiseHydrateConfigs
2022-11-18 21:19:44.821 UTC [TRACE] steampipe-plugin-hackernews.plugin: [TRACE] initialise table hackernews_new COMPLETE
2022-11-18 21:19:44.821 UTC [TRACE] steampipe-plugin-hackernews.plugin: [TRACE] initialise table hackernews_show_hn
2022-11-18 21:19:44.821 UTC [TRACE] steampipe-plugin-hackernews.plugin: [TRACE] no DefaultRetryConfig defined - creating empty
2022-11-18 21:19:44.821 UTC [TRACE] steampipe-plugin-hackernews.plugin: [TRACE] no DefaultIgnoreConfig defined - creating empty
2022-11-18 21:19:44.821 UTC [TRACE] steampipe-plugin-hackernews.plugin: [TRACE] apply plugin defaults for DefaultRetryConfig
2022-11-18 21:19:44.821 UTC [TRACE] steampipe-plugin-hackernews.plugin: [TRACE] apply plugin defaults for DefaultIgnoreConfig, table &{<nil> <nil>} plugin &{<nil> <nil>}
2022-11-18 21:19:44.821 UTC [TRACE] steampipe-plugin-hackernews.plugin: [TRACE] DefaultRetryConfig:
2022-11-18 21:19:44.821 UTC [TRACE] steampipe-plugin-hackernews.plugin: [TRACE] DefaultIgnoreConfig:
2022-11-18 21:19:44.821 UTC [TRACE] steampipe-plugin-hackernews.plugin: [TRACE] t.Get.initialise
2022-11-18 21:19:44.821 UTC [TRACE] steampipe-plugin-hackernews.plugin: [TRACE] GetConfig.initialise table hackernews_show_hn
2022-11-18 21:19:44.821 UTC [TRACE] steampipe-plugin-hackernews.plugin: [TRACE] GetConfig.initialise complete: RetryConfig: , IgnoreConfig:
2022-11-18 21:19:44.821 UTC [TRACE] steampipe-plugin-hackernews.plugin: [TRACE] t.List.initialise
2022-11-18 21:19:44.821 UTC [TRACE] steampipe-plugin-hackernews.plugin: [TRACE] ListConfig.initialise table hackernews_show_hn
2022-11-18 21:19:44.821 UTC [TRACE] steampipe-plugin-hackernews.plugin: [TRACE] ListConfig.initialise complete: RetryConfig: , IgnoreConfig
2022-11-18 21:19:44.821 UTC [TRACE] steampipe-plugin-hackernews.plugin: [TRACE] HydrateConfig.initialise func getItem, table hackernews_show_hn
2022-11-18 21:19:44.821 UTC [TRACE] steampipe-plugin-hackernews.plugin: [TRACE] HydrateConfig.initialise complete: RetryConfig: , IgnoreConfig:
2022-11-18 21:19:44.821 UTC [TRACE] steampipe-plugin-hackernews.plugin: [TRACE] back from initialiseHydrateConfigs
2022-11-18 21:19:44.821 UTC [TRACE] steampipe-plugin-hackernews.plugin: [TRACE] initialise table hackernews_show_hn COMPLETE
2022-11-18 21:19:44.821 UTC [TRACE] steampipe-plugin-hackernews.plugin: [TRACE] initialise table hackernews_top
2022-11-18 21:19:44.821 UTC [TRACE] steampipe-plugin-hackernews.plugin: [TRACE] no DefaultRetryConfig defined - creating empty
2022-11-18 21:19:44.821 UTC [TRACE] steampipe-plugin-hackernews.plugin: [TRACE] no DefaultIgnoreConfig defined - creating empty
2022-11-18 21:19:44.821 UTC [TRACE] steampipe-plugin-hackernews.plugin: [TRACE] apply plugin defaults for DefaultRetryConfig
2022-11-18 21:19:44.821 UTC [TRACE] steampipe-plugin-hackernews.plugin: [TRACE] apply plugin defaults for DefaultIgnoreConfig, table &{<nil> <nil>} plugin &{<nil> <nil>}
2022-11-18 21:19:44.821 UTC [TRACE] steampipe-plugin-hackernews.plugin: [TRACE] DefaultRetryConfig:
2022-11-18 21:19:44.821 UTC [TRACE] steampipe-plugin-hackernews.plugin: [TRACE] DefaultIgnoreConfig:
2022-11-18 21:19:44.821 UTC [TRACE] steampipe-plugin-hackernews.plugin: [TRACE] t.Get.initialise
2022-11-18 21:19:44.821 UTC [TRACE] steampipe-plugin-hackernews.plugin: [TRACE] GetConfig.initialise table hackernews_top
2022-11-18 21:19:44.821 UTC [TRACE] steampipe-plugin-hackernews.plugin: [TRACE] GetConfig.initialise complete: RetryConfig: , IgnoreConfig:
2022-11-18 21:19:44.821 UTC [TRACE] steampipe-plugin-hackernews.plugin: [TRACE] t.List.initialise
2022-11-18 21:19:44.821 UTC [TRACE] steampipe-plugin-hackernews.plugin: [TRACE] ListConfig.initialise table hackernews_top
2022-11-18 21:19:44.821 UTC [TRACE] steampipe-plugin-hackernews.plugin: [TRACE] ListConfig.initialise complete: RetryConfig: , IgnoreConfig
2022-11-18 21:19:44.821 UTC [TRACE] steampipe-plugin-hackernews.plugin: [TRACE] HydrateConfig.initialise func getItem, table hackernews_top
2022-11-18 21:19:44.821 UTC [TRACE] steampipe-plugin-hackernews.plugin: [TRACE] HydrateConfig.initialise complete: RetryConfig: , IgnoreConfig:
2022-11-18 21:19:44.821 UTC [TRACE] steampipe-plugin-hackernews.plugin: [TRACE] back from initialiseHydrateConfigs
2022-11-18 21:19:44.821 UTC [TRACE] steampipe-plugin-hackernews.plugin: [TRACE] initialise table hackernews_top COMPLETE
2022-11-18 21:19:44.821 UTC [TRACE] steampipe-plugin-hackernews.plugin: [TRACE] initialise table hackernews_user
2022-11-18 21:19:44.821 UTC [TRACE] steampipe-plugin-hackernews.plugin: [TRACE] no DefaultRetryConfig defined - creating empty
2022-11-18 21:19:44.821 UTC [TRACE] steampipe-plugin-hackernews.plugin: [TRACE] no DefaultIgnoreConfig defined - creating empty
2022-11-18 21:19:44.821 UTC [TRACE] steampipe-plugin-hackernews.plugin: [TRACE] apply plugin defaults for DefaultRetryConfig
2022-11-18 21:19:44.821 UTC [TRACE] steampipe-plugin-hackernews.plugin: [TRACE] apply plugin defaults for DefaultIgnoreConfig, table &{<nil> <nil>} plugin &{<nil> <nil>}
2022-11-18 21:19:44.821 UTC [TRACE] steampipe-plugin-hackernews.plugin: [TRACE] DefaultRetryConfig:
2022-11-18 21:19:44.821 UTC [TRACE] steampipe-plugin-hackernews.plugin: [TRACE] DefaultIgnoreConfig:
2022-11-18 21:19:44.821 UTC [TRACE] steampipe-plugin-hackernews.plugin: [TRACE] t.List.initialise
2022-11-18 21:19:44.821 UTC [TRACE] steampipe-plugin-hackernews.plugin: [TRACE] ListConfig.initialise table hackernews_user
2022-11-18 21:19:44.821 UTC [TRACE] steampipe-plugin-hackernews.plugin: [TRACE] ListConfig.initialise complete: RetryConfig: , IgnoreConfig
2022-11-18 21:19:44.821 UTC [TRACE] steampipe-plugin-hackernews.plugin: [TRACE] back from initialiseHydrateConfigs
2022-11-18 21:19:44.821 UTC [TRACE] steampipe-plugin-hackernews.plugin: [TRACE] initialise table hackernews_user COMPLETE
2022-11-18 21:19:44.821 UTC [TRACE] steampipe-plugin-hackernews.plugin: [TRACE] initialise table hackernews_ask_hn
2022-11-18 21:19:44.821 UTC [TRACE] steampipe-plugin-hackernews.plugin: [TRACE] no DefaultRetryConfig defined - creating empty
2022-11-18 21:19:44.821 UTC [TRACE] steampipe-plugin-hackernews.plugin: [TRACE] no DefaultIgnoreConfig defined - creating empty
2022-11-18 21:19:44.821 UTC [TRACE] steampipe-plugin-hackernews.plugin: [TRACE] apply plugin defaults for DefaultRetryConfig
2022-11-18 21:19:44.821 UTC [TRACE] steampipe-plugin-hackernews.plugin: [TRACE] apply plugin defaults for DefaultIgnoreConfig, table &{<nil> <nil>} plugin &{<nil> <nil>}
2022-11-18 21:19:44.821 UTC [TRACE] steampipe-plugin-hackernews.plugin: [TRACE] DefaultRetryConfig:
2022-11-18 21:19:44.821 UTC [TRACE] steampipe-plugin-hackernews.plugin: [TRACE] DefaultIgnoreConfig:
2022-11-18 21:19:44.821 UTC [TRACE] steampipe-plugin-hackernews.plugin: [TRACE] t.Get.initialise
2022-11-18 21:19:44.821 UTC [TRACE] steampipe-plugin-hackernews.plugin: [TRACE] GetConfig.initialise table hackernews_ask_hn
2022-11-18 21:19:44.821 UTC [TRACE] steampipe-plugin-hackernews.plugin: [TRACE] GetConfig.initialise complete: RetryConfig: , IgnoreConfig:
2022-11-18 21:19:44.821 UTC [TRACE] steampipe-plugin-hackernews.plugin: [TRACE] t.List.initialise
2022-11-18 21:19:44.821 UTC [TRACE] steampipe-plugin-hackernews.plugin: [TRACE] ListConfig.initialise table hackernews_ask_hn
2022-11-18 21:19:44.821 UTC [TRACE] steampipe-plugin-hackernews.plugin: [TRACE] ListConfig.initialise complete: RetryConfig: , IgnoreConfig
2022-11-18 21:19:44.821 UTC [TRACE] steampipe-plugin-hackernews.plugin: [TRACE] HydrateConfig.initialise func getItem, table hackernews_ask_hn
2022-11-18 21:19:44.821 UTC [TRACE] steampipe-plugin-hackernews.plugin: [TRACE] HydrateConfig.initialise complete: RetryConfig: , IgnoreConfig:
2022-11-18 21:19:44.821 UTC [TRACE] steampipe-plugin-hackernews.plugin: [TRACE] back from initialiseHydrateConfigs
2022-11-18 21:19:44.821 UTC [TRACE] steampipe-plugin-hackernews.plugin: [TRACE] initialise table hackernews_ask_hn COMPLETE
2022-11-18 21:19:44.821 UTC [TRACE] steampipe-plugin-hackernews.plugin: [TRACE] validate plugin steampipe-plugin-hackernews, required columns []
2022-11-18 21:19:44.821 UTC [TRACE] steampipe-plugin-hackernews.plugin: [TRACE] validate DefaultRetryConfig
2022-11-18 21:19:44.821 UTC [TRACE] steampipe-plugin-hackernews.plugin: [TRACE] validate DefaultIgnoreConfig
2022-11-18 21:19:44.821 UTC [TRACE] steampipe-plugin-hackernews.plugin: [TRACE] validate table names
2022-11-18 21:19:44.821 UTC [TRACE] steampipe-plugin-hackernews.plugin: [TRACE] plugin has 0 validation errors
2022-11-18 21:19:44.821 UTC [TRACE] steampipe-plugin-hackernews.plugin: [TRACE] Plugin ensureCache creating cache, maxCacheStorageMb 0
2022-11-18 21:19:44.821 UTC [TRACE] steampipe-plugin-hackernews.plugin: [TRACE] createCacheStore for plugin 'steampipe-plugin-hackernews' setting max size to 0Mb, Shards: 2, max shard size: 0
2022-11-18 21:19:44.837 UTC [INFO]  steampipe-plugin-hackernews.plugin: [INFO]  query cache created
2022-11-18 21:19:44.837 UTC [DEBUG] steampipe-plugin-hackernews.plugin: [DEBUG] SetAllConnectionConfigs finished
2022-11-18 21:19:44.837 UTC [TRACE] PluginManager getPlugin complete, returning reattach config with PID: 2028
2022-11-18 21:19:44.837 UTC [TRACE] PluginManager Get returning reattach_map:{key:"hackernews"  value:{protocol:"grpc"  addr:{Network:"unix"  Address:"/tmp/plugin3853105623"}  pid:2028  supported_operations:{query_cache:true  multiple_connections:true}  connections:"hackernews"  plugin:"hub.steampipe.io/plugins/turbot/hackernews@latest"}}
2022-11-18 21:19:44.842 UTC [INFO]  steampipe-plugin-hackernews.plugin: [INFO]  1668806384661: Plugin Execute (1668806384661)
2022-11-18 21:19:44.842 UTC [TRACE] steampipe-plugin-hackernews.plugin: [TRACE] 1668806384661: No memory limit set
2022-11-18 21:19:44.842 UTC [INFO]  steampipe-plugin-hackernews.plugin: [INFO]  1668806384661: Plugin Execute, setting memory limit to -1Mb
2022-11-18 21:19:44.842 UTC [TRACE] steampipe-plugin-hackernews.plugin: [TRACE] 1668806384661: calling ExtractContextFromCarrier
2022-11-18 21:19:44.842 UTC [INFO]  steampipe-plugin-hackernews.plugin: [INFO]  1668806384661: Setting max concurrent connections to 25
2022-11-18 21:19:44.842 UTC [TRACE] steampipe-plugin-hackernews.plugin: [TRACE] 1668806384661: executeForConnection callId: 1668806384661, connectionCallId: hackernews-1668806384661, connection: hackernews table: hackernews_new cols: id,title,time,by,score,dead,deleted,descendants,kids,parent,parts,poll,text,type,url,_ctx
2022-11-18 21:19:44.842 UTC [TRACE] steampipe-plugin-hackernews.plugin: [TRACE] 1668806384661: got connection data
2022-11-18 21:19:44.842 UTC [TRACE] steampipe-plugin-hackernews.plugin: [TRACE] 1668806384661: Got query context, table: hackernews_new, cols: [id title time by score dead deleted descendants kids parent parts poll text type url _ctx]
2022-11-18 21:19:44.842 UTC [TRACE] steampipe-plugin-hackernews.plugin: [TRACE] 1668806384661: Start execute span
2022-11-18 21:19:44.842 UTC [INFO]  steampipe-plugin-hackernews.plugin: [INFO]  1668806384661: Setting free memory interval to 100 rows
2022-11-18 21:19:44.842 UTC [TRACE] steampipe-plugin-hackernews.plugin: [TRACE] 1668806384661: setFetchType map[time:quals:{fieldName:"time"  string_value:">"  value:{timestamp_value:{seconds:1668802784  nanos:711705000}}}]
2022-11-18 21:19:44.843 UTC [TRACE] steampipe-plugin-hackernews.plugin: [TRACE] 1668806384661: getMatchingQuals column:'id' operator: =
2022-11-18 21:19:44.843 UTC [TRACE] steampipe-plugin-hackernews.plugin: [TRACE] 1668806384661: getMatchingQuals returning false - qualMap does not contain any quals for column id
2022-11-18 21:19:44.844 UTC [TRACE] steampipe-plugin-hackernews.plugin: [TRACE] 1668806384661: GetUnsatisfiedKeyColumns for columns column:'id' operator: =
2022-11-18 21:19:44.844 UTC [TRACE] steampipe-plugin-hackernews.plugin: [TRACE] 1668806384661: key column NOT satisfied column:'id' operator: =
2022-11-18 21:19:44.844 UTC [TRACE] steampipe-plugin-hackernews.plugin: [TRACE] 1668806384661: satisfied: map[any_of: optional: required:]
2022-11-18 21:19:44.845 UTC [TRACE] steampipe-plugin-hackernews.plugin: [TRACE] 1668806384661: unsatisfied: map[any_of: optional: required:column:'id' operator: =]
2022-11-18 21:19:44.846 UTC [TRACE] steampipe-plugin-hackernews.plugin: [TRACE] 1668806384661: unsatisfied required KeyColumns: column:'id' operator: =
2022-11-18 21:19:44.846 UTC [TRACE] steampipe-plugin-hackernews.plugin: [TRACE] 1668806384661: Set fetchType to fetchTypeList
2022-11-18 21:19:44.846 UTC [TRACE] steampipe-plugin-hackernews.plugin: [TRACE] 1668806384661: Equals key column quals:
2022-11-18 21:19:44.846 UTC [DEBUG] steampipe-plugin-hackernews.plugin: {}
2022-11-18 21:19:44.846 UTC [TRACE] steampipe-plugin-hackernews.plugin: [TRACE] 1668806384661: All key column quals:
2022-11-18 21:19:44.846 UTC [DEBUG] steampipe-plugin-hackernews.plugin: {}
2022-11-18 21:19:44.846 UTC [TRACE] steampipe-plugin-hackernews.plugin: [TRACE] 1668806384661: GetMatrixItem
2022-11-18 21:19:44.846 UTC [TRACE] steampipe-plugin-hackernews.plugin: [TRACE] 1668806384661: creating query data
2022-11-18 21:19:44.846 UTC [INFO]  steampipe-plugin-hackernews.plugin: [INFO]  1668806384661: cacheEnabled, trying cache get (hackernews-1668806384661)
2022-11-18 21:19:44.846 UTC [TRACE] steampipe-plugin-hackernews.plugin: [TRACE] 1668806384661: QueryCache Get - indexBucketKey index__hackernewshackernews_new, quals
2022-11-18 21:19:44.846 UTC [TRACE] steampipe-plugin-hackernews.plugin: [TRACE] 1668806384661: QueryCache getCachedQueryResult - table hackernews_new, connectionName hackernews
2022-11-18 21:19:44.846 UTC [TRACE] steampipe-plugin-hackernews.plugin: [TRACE] 1668806384661: index bucket key: index__hackernewshackernews_new ttlSeconds 300 limit: -1
2022-11-18 21:19:44.846 UTC [TRACE] steampipe-plugin-hackernews.plugin: [TRACE] 1668806384661: doGet cache miss
2022-11-18 21:19:44.846 UTC [TRACE] steampipe-plugin-hackernews.plugin: [TRACE] 1668806384661: getCachedIndexBucket - no item retrieved for cache key index__hackernewshackernews_new
2022-11-18 21:19:44.846 UTC [TRACE] steampipe-plugin-hackernews.plugin: [TRACE] 1668806384661: getCachedQueryResult returned CACHE MISS - checking for pending transfers
2022-11-18 21:19:44.846 UTC [TRACE] steampipe-plugin-hackernews.plugin: [TRACE] 1668806384661: getPendingResultItem indexBucketKey index__hackernewshackernews_new, columns [id title time by score dead deleted descendants kids parent parts poll text type url _ctx], limit -1
2022-11-18 21:19:44.846 UTC [TRACE] steampipe-plugin-hackernews.plugin: [TRACE] 1668806384661: no pending index item - add pending result, indexBucketKey index__hackernewshackernews_new
2022-11-18 21:19:44.846 UTC [TRACE] steampipe-plugin-hackernews.plugin: [TRACE] 1668806384661: addPendingResult (hackernews-1668806384661) indexBucketKey index__hackernewshackernews_new, columns [id title time by score dead deleted descendants kids parent parts poll text type url _ctx], limit -1
2022-11-18 21:19:44.846 UTC [TRACE] steampipe-plugin-hackernews.plugin: [TRACE] 1668806384661: no index bucket found - creating one
2022-11-18 21:19:44.846 UTC [TRACE] steampipe-plugin-hackernews.plugin: [TRACE] 1668806384661: pendingIndexItem Lock count before 0
2022-11-18 21:19:44.846 UTC [TRACE] steampipe-plugin-hackernews.plugin: [TRACE] 1668806384661: addPendingResult added pending index item to bucket, (hackernews-1668806384661) indexBucketKey index__hackernewshackernews_new, resultKeyRoot hackernewshackernews_newid,title,time,by,score,dead,deleted,descendants,kids,parent,parts,poll,text,type,url,_ctx-1, pending item : 0xc0004d8930
2022-11-18 21:19:44.846 UTC [TRACE] steampipe-plugin-hackernews.plugin: [TRACE] 1668806384661: **** pending items (hackernews-1668806384661)****
2022-11-18 21:19:44.846 UTC [TRACE] steampipe-plugin-hackernews.plugin: [TRACE] 1668806384661: key: index__hackernewshackernews_new: item: 0xc0004d8930, count: 1, key:hackernewshackernews_newid,title,time,by,score,dead,deleted,descendants,kids,parent,parts,poll,text,type,url,_ctx-1
2022-11-18 21:19:44.846 UTC [TRACE] steampipe-plugin-hackernews.plugin: [TRACE] 1668806384661: ********
2022-11-18 21:19:44.846 UTC [TRACE] steampipe-plugin-hackernews.plugin: [TRACE] 1668806384661: getPendingResultItem returning <nil>
2022-11-18 21:19:44.846 UTC [INFO]  steampipe-plugin-hackernews.plugin: [INFO]  1668806384661: CACHE MISS
2022-11-18 21:19:44.846 UTC [TRACE] steampipe-plugin-hackernews.plugin: [TRACE] 1668806384661: cache MISS
2022-11-18 21:19:44.846 UTC [INFO]  steampipe-plugin-hackernews.plugin: [INFO]  1668806384661: queryCacheGet returned CACHE MISS (hackernews-1668806384661)
2022-11-18 21:19:44.846 UTC [TRACE] steampipe-plugin-hackernews.plugin: [TRACE] 1668806384661: StartSet (hackernews-1668806384661)
2022-11-18 21:19:44.846 UTC [TRACE] steampipe-plugin-hackernews.plugin: [TRACE] 1668806384661: calling fetchItems, table: hackernews_new, matrixItem: [], limit: -1,  connectionCallId: hackernews-1668806384661"
2022-11-18 21:19:44.846 UTC [TRACE] steampipe-plugin-hackernews.plugin: [TRACE] 1668806384661: buildRowsAsync connectionCallId: hackernews-1668806384661
2022-11-18 21:19:44.846 UTC [TRACE] steampipe-plugin-hackernews.plugin: [TRACE] 1668806384661: streamRows connectionCallId: hackernews-1668806384661
2022-11-18 21:19:44.846 UTC [TRACE] steampipe-plugin-hackernews.plugin: [TRACE] 1668806384661: QueryData streamRows (hackernews-1668806384661)
2022-11-18 21:19:44.846 UTC [TRACE] steampipe-plugin-hackernews.plugin: [TRACE] 1668806384661: executeListCall START (hackernews-1668806384661)
2022-11-18 21:19:44.846 UTC [TRACE] steampipe-plugin-hackernews.plugin: [TRACE] 1668806384661: GetUnsatisfiedKeyColumns for columns
2022-11-18 21:19:44.846 UTC [TRACE] steampipe-plugin-hackernews.plugin: [TRACE] 1668806384661: doList (hackernews-1668806384661)
2022-11-18 21:19:44.846 UTC [TRACE] steampipe-plugin-hackernews.plugin: [TRACE] 1668806384661: doList: no matrix item
2022-11-18 21:19:45.059 UTC [TRACE] stdio: received data: channel=STDOUT len=19
2022-11-18 21:19:45.059 UTC [TRACE] stdio: waiting for stdio data
2022-11-18 21:19:45.180 UTC [TRACE] stdio: received data: channel=STDOUT len=443
2022-11-18 21:19:45.180 UTC [TRACE] stdio: waiting for stdio data
2022-11-18 21:19:45.241 UTC [TRACE] stdio: received data: channel=STDOUT len=542
2022-11-18 21:19:45.241 UTC [TRACE] stdio: waiting for stdio data
2022-11-18 21:19:45.258 UTC [TRACE] stdio: received data: channel=STDOUT len=1024
2022-11-18 21:19:45.258 UTC [TRACE] stdio: waiting for stdio data
2022-11-18 21:19:45.325 UTC [TRACE] stdio: received data: channel=STDOUT len=248
2022-11-18 21:19:45.325 UTC [TRACE] stdio: waiting for stdio data
2022-11-18 21:19:45.353 UTC [TRACE] steampipe-plugin-hackernews.plugin: [TRACE] 1668806384661: QueryData.fetchComplete
2022-11-18 21:19:45.353 UTC [TRACE] steampipe-plugin-hackernews.plugin: [TRACE] 1668806384661: executeListCall COMPLETE (hackernews-1668806384661)
2022-11-18 21:19:45.354 UTC [TRACE] steampipe-plugin-hackernews.plugin: [TRACE] 1668806384661: rowData chan returned nil - wait for rows to complete (hackernews-1668806384661)
2022-11-18 21:19:45.368 UTC [TRACE] stdio: received data: channel=STDOUT len=38
2022-11-18 21:19:45.368 UTC [TRACE] stdio: waiting for stdio data
2022-11-18 21:19:45.544 UTC [TRACE] stdio: received data: channel=STDOUT len=1024
2022-11-18 21:19:45.544 UTC [TRACE] stdio: waiting for stdio data
2022-11-18 21:19:45.577 UTC [TRACE] stdio: received data: channel=STDOUT len=824
2022-11-18 21:19:45.577 UTC [TRACE] stdio: waiting for stdio data
2022-11-18 21:19:45.578 UTC [TRACE] stdio: received data: channel=STDOUT len=54
2022-11-18 21:19:45.578 UTC [TRACE] stdio: waiting for stdio data
2022-11-18 21:19:45.580 UTC [TRACE] steampipe-plugin-hackernews.plugin: [TRACE] 1668806384661: buildRowsAsync goroutine returning (hackernews-1668806384661)
2022-11-18 21:19:45.580 UTC [TRACE] steampipe-plugin-hackernews.plugin: [TRACE] 1668806384661: streamRows - nil row, stop streaming (hackernews-1668806384661)
2022-11-18 21:19:45.580 UTC [TRACE] steampipe-plugin-hackernews.plugin: [TRACE] 1668806384661: ------------------------------------
2022-11-18 21:19:45.580 UTC [TRACE] steampipe-plugin-hackernews.plugin: [TRACE] 1668806384661: Concurrency Summary
2022-11-18 21:19:45.580 UTC [TRACE] steampipe-plugin-hackernews.plugin: [TRACE] 1668806384661: ------------------------------------
2022-11-18 21:19:45.580 UTC [TRACE] steampipe-plugin-hackernews.plugin: [TRACE] 1668806384661: getItem                       : 200
2022-11-18 21:19:45.580 UTC [TRACE] steampipe-plugin-hackernews.plugin: [TRACE] 1668806384661: ------------------------------------
2022-11-18 21:19:45.580 UTC [TRACE] steampipe-plugin-hackernews.plugin: [TRACE] 1668806384661: Total                         : 200
2022-11-18 21:19:45.580 UTC [TRACE] steampipe-plugin-hackernews.plugin: [TRACE] 1668806384661: ------------------------------------
2022-11-18 21:19:45.580 UTC [TRACE] steampipe-plugin-hackernews.plugin: [TRACE] 1668806384661: QueryData streamRows DONE (hackernews-1668806384661)
2022-11-18 21:19:45.580 UTC [TRACE] steampipe-plugin-hackernews.plugin: [TRACE] 1668806384661: EndSet (hackernews-1668806384661) table hackernews_new
2022-11-18 21:19:45.580 UTC [TRACE] steampipe-plugin-hackernews.plugin: [TRACE] 1668806384661: QueryCache writePageToCache: 500 rows, pageCount 1, page key hackernewshackernews_newid,title,time,by,score,dead,deleted,descendants,kids,parent,parts,poll,text,type,url,_ctx-1-0
2022-11-18 21:19:45.589 UTC [TRACE] steampipe-plugin-hackernews.plugin: [TRACE] 1668806384661: writePageToCache Set - result written
2022-11-18 21:19:45.589 UTC [TRACE] steampipe-plugin-hackernews.plugin: [TRACE] 1668806384661: QueryCache EndSet - result written
2022-11-18 21:19:45.589 UTC [TRACE] steampipe-plugin-hackernews.plugin: [TRACE] 1668806384661: doGet cache miss
2022-11-18 21:19:45.589 UTC [TRACE] steampipe-plugin-hackernews.plugin: [TRACE] 1668806384661: getCachedIndexBucket - no item retrieved for cache key index__hackernewshackernews_new
2022-11-18 21:19:45.589 UTC [TRACE] steampipe-plugin-hackernews.plugin: [TRACE] 1668806384661: getCachedIndexBucket returned cache miss
2022-11-18 21:19:45.589 UTC [TRACE] steampipe-plugin-hackernews.plugin: [TRACE] 1668806384661: QueryCache EndSet - Added index item (0xc0168240c0) to bucket (0xc01737a1b0), page count 1,  key root hackernewshackernews_newid,title,time,by,score,dead,deleted,descendants,kids,parent,parts,poll,text,type,url,_ctx-1
2022-11-18 21:19:45.589 UTC [TRACE] steampipe-plugin-hackernews.plugin: [TRACE] 1668806384661: cacheSetIndexBucket index__hackernewshackernews_new
2022-11-18 21:19:45.589 UTC [TRACE] steampipe-plugin-hackernews.plugin: [TRACE] 1668806384661: QueryCache EndSet - IndexBucket written
2022-11-18 21:19:45.589 UTC [TRACE] steampipe-plugin-hackernews.plugin: [TRACE] 1668806384661: EndSet DEFER (hackernews-1668806384661) table hackernews_new
2022-11-18 21:19:45.589 UTC [TRACE] steampipe-plugin-hackernews.plugin: [TRACE] 1668806384661: calling pendingItemComplete (hackernews-1668806384661)
2022-11-18 21:19:45.589 UTC [TRACE] steampipe-plugin-hackernews.plugin: [TRACE] 1668806384661: pendingItemComplete (hackernews-1668806384661) indexBucketKey index__hackernewshackernews_new, columns [id title time by score dead deleted descendants kids parent parts poll text type url _ctx], limit -1
2022-11-18 21:19:45.589 UTC [TRACE] steampipe-plugin-hackernews.plugin: [TRACE] 1668806384661: got pending index bucket, (hackernews-1668806384661) len 1
2022-11-18 21:19:45.589 UTC [TRACE] steampipe-plugin-hackernews.plugin: [TRACE] 1668806384661: SatisfiesLimit limit -1, no item limit - satisfied
2022-11-18 21:19:45.589 UTC [TRACE] steampipe-plugin-hackernews.plugin: [TRACE] 1668806384661: found pending index item to satisfy columns id,title,time,by,score,dead,deleted,descendants,kids,parent,parts,poll,text,type,url,_ctx, limit -1
2022-11-18 21:19:45.589 UTC [TRACE] steampipe-plugin-hackernews.plugin: [TRACE] 1668806384661: found completed pending item (hackernews-1668806384661) 0xc0004d8930, key hackernewshackernews_newid,title,time,by,score,dead,deleted,descendants,kids,parent,parts,poll,text,type,url,_ctx-1 - removing from map as it is complete
2022-11-18 21:19:45.589 UTC [TRACE] steampipe-plugin-hackernews.plugin: [TRACE] 1668806384661: pendingIndexItem Unlock count before 1 key hackernewshackernews_newid,title,time,by,score,dead,deleted,descendants,kids,parent,parts,poll,text,type,url,_ctx-1
2022-11-18 21:19:45.589 UTC [TRACE] steampipe-plugin-hackernews.plugin: [TRACE] 1668806384661: deleted from pending, (hackernews-1668806384661) len 0
2022-11-18 21:19:45.589 UTC [TRACE] steampipe-plugin-hackernews.plugin: [TRACE] 1668806384661: pending bucket now empty - deleting key index__hackernewshackernews_new
2022-11-18 21:19:45.589 UTC [TRACE] steampipe-plugin-hackernews.plugin: [TRACE] 1668806384661: pendingItemComplete done (hackernews-1668806384661)
2022-11-18 21:19:45.589 UTC [TRACE] steampipe-plugin-hackernews.plugin: [TRACE] 1668806384661: cache set succeeded
2022-11-18 21:19:45.589 UTC [TRACE] steampipe-plugin-hackernews.plugin: [TRACE] 1668806384661: End execute span
2022-11-18 21:19:45.589 UTC [TRACE] steampipe-plugin-hackernews.plugin: [TRACE] 1668806384661: executeForConnection DEFER (hackernews-1668806384661)
2022-11-18 21:19:45.589 UTC [TRACE] steampipe-plugin-hackernews.plugin: [TRACE] 1668806384661: Execute complete callId: hackernews-1668806384661 table: hackernews_new
2022-11-18 21:19:45.590 UTC [TRACE] steampipe-plugin-hackernews.plugin: [TRACE] 1668806384661: executeForConnection hackernews returned
2022-11-18 21:19:45.590 UTC [TRACE] steampipe-plugin-hackernews.plugin: [TRACE] 1668806384661: output wg complete - send nil row
2022-11-18 21:19:45.590 UTC [TRACE] steampipe-plugin-hackernews.plugin: [TRACE] 1668806384661: empty row on output channel - we are done
2022-11-18 21:19:45.590 UTC [INFO]  steampipe-plugin-hackernews.plugin: [INFO]  1668806384661: Plugin Execute complete (1668806384661)
2022-11-18 21:19:45.655 UTC [TRACE] PluginManager Shutdown
2022-11-18 21:19:45.656 UTC [TRACE] killing plugin csv (2005)
2022-11-18 21:19:45.657 UTC [TRACE] steampipe-plugin-csv.plugin: [TRACE] FLUSHING instrumentation
2022-11-18 21:19:45.657 UTC [TRACE] steampipe-plugin-csv.plugin: [TRACE] Shutdown instrumentation
2022-11-18 21:19:45.658 UTC [INFO]  plugin process exited: path=/home/runner/.steampipe/plugins/hub.steampipe.io/plugins/turbot/csv@latest/steampipe-plugin-csv.plugin pid=2005
2022-11-18 21:19:45.658 UTC [DEBUG] plugin exited
2022-11-18 21:19:45.658 UTC [TRACE] killing plugin hackernews (2028)
2022-11-18 21:19:45.658 UTC [DEBUG] stdio: received EOF, stopping recv loop: err="rpc error: code = Unavailable desc = error reading from server: EOF"
2022-11-18 21:19:45.658 UTC [TRACE] steampipe-plugin-hackernews.plugin: [TRACE] 1668806384661: FLUSHING instrumentation
2022-11-18 21:19:45.658 UTC [TRACE] steampipe-plugin-hackernews.plugin: [TRACE] 1668806384661: Shutdown instrumentation
2022-11-18 21:19:45.658 UTC [DEBUG] stdio: received EOF, stopping recv loop: err="rpc error: code = Unavailable desc = error reading from server: EOF"
2022-11-18 21:19:45.663 UTC [INFO]  plugin process exited: path=/home/runner/.steampipe/plugins/hub.steampipe.io/plugins/turbot/hackernews@latest/steampipe-plugin-hackernews.plugin pid=2028
2022-11-18 21:19:45.663 UTC [DEBUG] plugin exited
2022-11-18 21:19:51.198 UTC [WARN]  steampipe-plugin-csv.plugin: [WARN]  1668806391918: getKeyColumnsForTable found no schema for table '/home/runner/work/steampipe-samples/steampipe-samples/all/hackernews/hn.csv'
2022-11-18 21:20:23.240 UTC [WARN]  steampipe-plugin-csv.plugin: [WARN]  1668806423288: getKeyColumnsForTable found no schema for table '/home/runner/work/steampipe-samples/steampipe-samples/all/hackernews/hn.csv'
2022-11-18 21:23:32.850 UTC [ERROR] steampipe-plugin-csv.plugin: [ERROR] csv.tableCSV: header_parse_error=EOF path=/home/runner/work/steampipe-samples/steampipe-samples/all/hackernews/new_sc.csv header=[]
2022-11-18 21:23:32.850 UTC [ERROR] steampipe-plugin-csv.plugin: [ERROR] csv.PluginTables: create_table_error="failed to parse file header /home/runner/work/steampipe-samples/steampipe-samples/all/hackernews/new_sc.csv: EOF" path=/home/runner/work/steampipe-samples/steampipe-samples/all/hackernews/new_sc.csv
2022-11-18 21:23:32.850 UTC [WARN]  failed to set connection config: failed to parse file header /home/runner/work/steampipe-samples/steampipe-samples/all/hackernews/new_sc.csv: EOF
2022-11-18 21:23:34.307 UTC [WARN]  steampipe-plugin-csv.plugin: [WARN]  1668806614366: getKeyColumnsForTable found no schema for table '/home/runner/work/steampipe-samples/steampipe-samples/all/hackernews/new_sc.csv'
2022-11-18 21:23:43.701 UTC [ERROR] steampipe-plugin-csv.plugin: [ERROR] csv.tableCSV: header_parse_error=EOF path=/home/runner/work/steampipe-samples/steampipe-samples/all/hackernews/hn_items_all.csv header=[]
2022-11-18 21:23:43.702 UTC [ERROR] steampipe-plugin-csv.plugin: [ERROR] csv.PluginTables: create_table_error="failed to parse file header /home/runner/work/steampipe-samples/steampipe-samples/all/hackernews/hn_items_all.csv: EOF" path=/home/runner/work/steampipe-samples/steampipe-samples/all/hackernews/hn_items_all.csv
2022-11-18 21:23:43.702 UTC [WARN]  failed to set connection config: failed to parse file header /home/runner/work/steampipe-samples/steampipe-samples/all/hackernews/hn_items_all.csv: EOF
2022-11-18 21:23:45.400 UTC [ERROR] steampipe-plugin-csv.plugin: [ERROR] csv.tableCSV: header_parse_error=EOF path=/home/runner/work/steampipe-samples/steampipe-samples/all/hackernews/people.csv header=[]
2022-11-18 21:23:45.400 UTC [ERROR] steampipe-plugin-csv.plugin: [ERROR] csv.PluginTables: create_table_error="failed to parse file header /home/runner/work/steampipe-samples/steampipe-samples/all/hackernews/people.csv: EOF" path=/home/runner/work/steampipe-samples/steampipe-samples/all/hackernews/people.csv
2022-11-18 21:23:45.400 UTC [WARN]  failed to set connection config: failed to parse file header /home/runner/work/steampipe-samples/steampipe-samples/all/hackernews/people.csv: EOF
