2023-02-02 09:19:29.829 UTC [INFO]  starting plugin manager
2023-02-02 09:19:29.830 UTC [TRACE] loaded config map: csv,github,hackernews,net
2023-02-02 09:19:29.830 UTC [TRACE] NewPluginManager
2023-02-02 09:19:29.830 UTC [TRACE] PluginManager setPluginCacheSizeMap: 4 connections.
2023-02-02 09:19:29.830 UTC [TRACE] Total cache size 0Mb
2023-02-02 09:19:29.830 UTC [INFO]  starting connection watcher
2023-02-02 09:19:29.830 UTC [INFO]  created ConnectionWatcher
2023-02-02 09:19:29.830 UTC [TRACE] about to serve
2023-02-02 09:19:29.886 UTC [TRACE] PluginManager Get, connections: '[csv]'
2023-02-02 09:19:29.886 UTC [TRACE] PluginManager getPlugin hub.steampipe.io/plugins/turbot/csv@latest connection 'csv'
2023-02-02 09:19:29.886 UTC [TRACE] PluginManager 0xc0007483c0 plugin hub.steampipe.io/plugins/turbot/csv@latest (csv) NOT started or starting - start now
2023-02-02 09:19:29.886 UTC [TRACE] ************ start plugin csv ********************
2023-02-02 09:19:29.886 UTC [TRACE] ************ plugin path /home/runner/.steampipe/plugins/hub.steampipe.io/plugins/turbot/csv@latest/steampipe-plugin-csv.plugin ********************
2023-02-02 09:19:29.955 UTC [DEBUG] starting plugin: path=/home/runner/.steampipe/plugins/hub.steampipe.io/plugins/turbot/csv@latest/steampipe-plugin-csv.plugin args=["/home/runner/.steampipe/plugins/hub.steampipe.io/plugins/turbot/csv@latest/steampipe-plugin-csv.plugin"]
2023-02-02 09:19:29.955 UTC [DEBUG] plugin started: path=/home/runner/.steampipe/plugins/hub.steampipe.io/plugins/turbot/csv@latest/steampipe-plugin-csv.plugin pid=2086
2023-02-02 09:19:29.955 UTC [DEBUG] waiting for RPC address: path=/home/runner/.steampipe/plugins/hub.steampipe.io/plugins/turbot/csv@latest/steampipe-plugin-csv.plugin
2023-02-02 09:19:29.963 UTC [INFO]  steampipe-plugin-csv.plugin: [INFO]  Initialise plugin 'steampipe-plugin-csv', using sdk version 4.1.8
2023-02-02 09:19:29.963 UTC [TRACE] steampipe-plugin-csv.plugin: [TRACE] no DefaultRetryConfig defined - creating empty
2023-02-02 09:19:29.963 UTC [TRACE] steampipe-plugin-csv.plugin: [TRACE] no DefaultIgnoreConfig defined - creating empty
2023-02-02 09:19:29.965 UTC [TRACE] steampipe-plugin-csv.plugin: [TRACE] telemetry.Init service 'steampipe-plugin-csv', tracingEnabled: false, metricsEnabled: false
2023-02-02 09:19:29.965 UTC [TRACE] steampipe-plugin-csv.plugin: [TRACE] metrics and tracing disabled' - returning
2023-02-02 09:19:29.966 UTC [DEBUG] using plugin: version=0
2023-02-02 09:19:29.966 UTC [TRACE] NewPluginClient for plugin hub.steampipe.io/plugins/turbot/csv@latest
2023-02-02 09:19:29.966 UTC [DEBUG] steampipe-plugin-csv.plugin: plugin address: address=/tmp/plugin996759433 network=unix timestamp=2023-02-02T09:19:29.966Z
2023-02-02 09:19:29.967 UTC [TRACE] stdio: waiting for stdio data
2023-02-02 09:19:29.967 UTC [TRACE] supportedOperations: query_cache:true  multiple_connections:true
2023-02-02 09:19:29.968 UTC [TRACE] steampipe-plugin-csv.plugin: [TRACE] SetAllConnectionConfigs setting 1 configs
2023-02-02 09:19:29.968 UTC [TRACE] steampipe-plugin-csv.plugin: [TRACE] connection csv build schema and table map
2023-02-02 09:19:29.968 UTC [DEBUG] steampipe-plugin-csv.plugin: [DEBUG] csv.tableCSV: path=/home/runner/work/steampipe-samples/steampipe-samples/all/hackernews/hn_items_all.csv detected_encoding=Unknown
2023-02-02 09:19:29.968 UTC [DEBUG] steampipe-plugin-csv.plugin: [DEBUG] csv.tableCSV: path=/home/runner/work/steampipe-samples/steampipe-samples/all/hackernews/new_sc.csv detected_encoding=Unknown
2023-02-02 09:19:29.968 UTC [TRACE] steampipe-plugin-csv.plugin: [TRACE] initialise table /home/runner/work/steampipe-samples/steampipe-samples/all/hackernews/hn_items_all.csv
2023-02-02 09:19:29.968 UTC [TRACE] steampipe-plugin-csv.plugin: [TRACE] no DefaultRetryConfig defined - creating empty
2023-02-02 09:19:29.968 UTC [TRACE] steampipe-plugin-csv.plugin: [TRACE] no DefaultIgnoreConfig defined - creating empty
2023-02-02 09:19:29.968 UTC [TRACE] steampipe-plugin-csv.plugin: [TRACE] apply plugin defaults for DefaultRetryConfig
2023-02-02 09:19:29.968 UTC [TRACE] steampipe-plugin-csv.plugin: [TRACE] apply plugin defaults for DefaultIgnoreConfig, table &{<nil> <nil>} plugin &{<nil> <nil>}
2023-02-02 09:19:29.968 UTC [TRACE] steampipe-plugin-csv.plugin: [TRACE] DefaultRetryConfig:
2023-02-02 09:19:29.968 UTC [TRACE] steampipe-plugin-csv.plugin: [TRACE] DefaultIgnoreConfig:
2023-02-02 09:19:29.968 UTC [TRACE] steampipe-plugin-csv.plugin: [TRACE] t.List.initialise
2023-02-02 09:19:29.968 UTC [TRACE] steampipe-plugin-csv.plugin: [TRACE] ListConfig.initialise table /home/runner/work/steampipe-samples/steampipe-samples/all/hackernews/hn_items_all.csv
2023-02-02 09:19:29.968 UTC [TRACE] steampipe-plugin-csv.plugin: [TRACE] ListConfig.initialise complete: RetryConfig: , IgnoreConfig
2023-02-02 09:19:29.968 UTC [TRACE] steampipe-plugin-csv.plugin: [TRACE] back from initialiseHydrateConfigs
2023-02-02 09:19:29.968 UTC [TRACE] steampipe-plugin-csv.plugin: [TRACE] initialise table /home/runner/work/steampipe-samples/steampipe-samples/all/hackernews/hn_items_all.csv COMPLETE
2023-02-02 09:19:29.968 UTC [TRACE] steampipe-plugin-csv.plugin: [TRACE] initialise table /home/runner/work/steampipe-samples/steampipe-samples/all/hackernews/new_sc.csv
2023-02-02 09:19:29.968 UTC [TRACE] steampipe-plugin-csv.plugin: [TRACE] no DefaultRetryConfig defined - creating empty
2023-02-02 09:19:29.968 UTC [TRACE] steampipe-plugin-csv.plugin: [TRACE] no DefaultIgnoreConfig defined - creating empty
2023-02-02 09:19:29.968 UTC [TRACE] steampipe-plugin-csv.plugin: [TRACE] apply plugin defaults for DefaultRetryConfig
2023-02-02 09:19:29.968 UTC [TRACE] steampipe-plugin-csv.plugin: [TRACE] apply plugin defaults for DefaultIgnoreConfig, table &{<nil> <nil>} plugin &{<nil> <nil>}
2023-02-02 09:19:29.968 UTC [TRACE] steampipe-plugin-csv.plugin: [TRACE] DefaultRetryConfig:
2023-02-02 09:19:29.968 UTC [TRACE] steampipe-plugin-csv.plugin: [TRACE] DefaultIgnoreConfig:
2023-02-02 09:19:29.968 UTC [TRACE] steampipe-plugin-csv.plugin: [TRACE] t.List.initialise
2023-02-02 09:19:29.968 UTC [TRACE] steampipe-plugin-csv.plugin: [TRACE] ListConfig.initialise table /home/runner/work/steampipe-samples/steampipe-samples/all/hackernews/new_sc.csv
2023-02-02 09:19:29.968 UTC [TRACE] steampipe-plugin-csv.plugin: [TRACE] ListConfig.initialise complete: RetryConfig: , IgnoreConfig
2023-02-02 09:19:29.968 UTC [TRACE] steampipe-plugin-csv.plugin: [TRACE] back from initialiseHydrateConfigs
2023-02-02 09:19:29.968 UTC [TRACE] steampipe-plugin-csv.plugin: [TRACE] initialise table /home/runner/work/steampipe-samples/steampipe-samples/all/hackernews/new_sc.csv COMPLETE
2023-02-02 09:19:29.968 UTC [TRACE] steampipe-plugin-csv.plugin: [TRACE] validate plugin steampipe-plugin-csv, required columns []
2023-02-02 09:19:29.968 UTC [TRACE] steampipe-plugin-csv.plugin: [TRACE] validate DefaultRetryConfig
2023-02-02 09:19:29.968 UTC [TRACE] steampipe-plugin-csv.plugin: [TRACE] validate DefaultIgnoreConfig
2023-02-02 09:19:29.968 UTC [TRACE] steampipe-plugin-csv.plugin: [TRACE] validate table names
2023-02-02 09:19:29.968 UTC [TRACE] steampipe-plugin-csv.plugin: [TRACE] plugin has 0 validation errors
2023-02-02 09:19:29.968 UTC [TRACE] steampipe-plugin-csv.plugin: [TRACE] Plugin ensureCache creating cache, maxCacheStorageMb 0
2023-02-02 09:19:29.968 UTC [TRACE] steampipe-plugin-csv.plugin: [TRACE] createCacheStore for plugin 'steampipe-plugin-csv' setting max size to 0Mb, Shards: 2, max shard size: 0
2023-02-02 09:19:29.988 UTC [INFO]  steampipe-plugin-csv.plugin: [INFO]  query cache created
2023-02-02 09:19:29.988 UTC [DEBUG] steampipe-plugin-csv.plugin: [DEBUG] SetAllConnectionConfigs finished
2023-02-02 09:19:29.988 UTC [TRACE] PluginManager getPlugin complete, returning reattach config with PID: 2086
2023-02-02 09:19:29.988 UTC [TRACE] PluginManager Get returning reattach_map:{key:"csv"  value:{protocol:"grpc"  addr:{Network:"unix"  Address:"/tmp/plugin996759433"}  pid:2086  supported_operations:{query_cache:true  multiple_connections:true}  connections:"csv"  plugin:"hub.steampipe.io/plugins/turbot/csv@latest"}}
2023-02-02 09:19:30.026 UTC [TRACE] PluginManager Get, connections: '[csv]'
2023-02-02 09:19:30.026 UTC [TRACE] PluginManager getPlugin hub.steampipe.io/plugins/turbot/csv@latest connection 'csv'
2023-02-02 09:19:30.026 UTC [TRACE] connection csv found in connectionPluginMap
2023-02-02 09:19:30.026 UTC [TRACE] initialized: 2086
2023-02-02 09:19:30.026 UTC [TRACE] initialized: 2086
2023-02-02 09:19:30.026 UTC [TRACE] connection csv is loaded, check for running PID
2023-02-02 09:19:30.027 UTC [TRACE] PluginManager found 'csv' in map, pid 2086
2023-02-02 09:19:30.027 UTC [TRACE] PluginManager Get returning reattach_map:{key:"csv"  value:{protocol:"grpc"  addr:{Network:"unix"  Address:"/tmp/plugin996759433"}  pid:2086  supported_operations:{query_cache:true  multiple_connections:true}  connections:"csv"  plugin:"hub.steampipe.io/plugins/turbot/csv@latest"}}
2023-02-02 09:19:30.077 UTC [TRACE] PluginManager Get, connections: '[hackernews]'
2023-02-02 09:19:30.077 UTC [TRACE] PluginManager getPlugin hub.steampipe.io/plugins/turbot/hackernews@latest connection 'hackernews'
2023-02-02 09:19:30.077 UTC [TRACE] PluginManager 0xc0007483c0 plugin hub.steampipe.io/plugins/turbot/hackernews@latest (hackernews) NOT started or starting - start now
2023-02-02 09:19:30.077 UTC [TRACE] ************ start plugin hackernews ********************
2023-02-02 09:19:30.077 UTC [TRACE] ************ plugin path /home/runner/.steampipe/plugins/hub.steampipe.io/plugins/turbot/hackernews@latest/steampipe-plugin-hackernews.plugin ********************
2023-02-02 09:19:30.147 UTC [DEBUG] starting plugin: path=/home/runner/.steampipe/plugins/hub.steampipe.io/plugins/turbot/hackernews@latest/steampipe-plugin-hackernews.plugin args=["/home/runner/.steampipe/plugins/hub.steampipe.io/plugins/turbot/hackernews@latest/steampipe-plugin-hackernews.plugin"]
2023-02-02 09:19:30.147 UTC [DEBUG] plugin started: path=/home/runner/.steampipe/plugins/hub.steampipe.io/plugins/turbot/hackernews@latest/steampipe-plugin-hackernews.plugin pid=2109
2023-02-02 09:19:30.147 UTC [DEBUG] waiting for RPC address: path=/home/runner/.steampipe/plugins/hub.steampipe.io/plugins/turbot/hackernews@latest/steampipe-plugin-hackernews.plugin
2023-02-02 09:19:30.155 UTC [INFO]  steampipe-plugin-hackernews.plugin: [INFO]  Initialise plugin 'steampipe-plugin-hackernews', using sdk version 4.1.7
2023-02-02 09:19:30.155 UTC [TRACE] steampipe-plugin-hackernews.plugin: [TRACE] defaulting SchemaMode to SchemaModeStatic
2023-02-02 09:19:30.155 UTC [TRACE] steampipe-plugin-hackernews.plugin: [TRACE] no DefaultRetryConfig defined - creating empty
2023-02-02 09:19:30.155 UTC [TRACE] steampipe-plugin-hackernews.plugin: [TRACE] no DefaultIgnoreConfig defined - creating empty
2023-02-02 09:19:30.155 UTC [TRACE] steampipe-plugin-hackernews.plugin: [TRACE] Setting Ulimit: ulimit=2560
2023-02-02 09:19:30.155 UTC [TRACE] steampipe-plugin-hackernews.plugin: [TRACE] telemetry.Init service 'steampipe-plugin-hackernews', tracingEnabled: false, metricsEnabled: false
2023-02-02 09:19:30.155 UTC [TRACE] steampipe-plugin-hackernews.plugin: [TRACE] metrics and tracing disabled' - returning
2023-02-02 09:19:30.155 UTC [DEBUG] using plugin: version=0
2023-02-02 09:19:30.155 UTC [TRACE] NewPluginClient for plugin hub.steampipe.io/plugins/turbot/hackernews@latest
2023-02-02 09:19:30.155 UTC [DEBUG] steampipe-plugin-hackernews.plugin: plugin address: address=/tmp/plugin4014388696 network=unix timestamp=2023-02-02T09:19:30.155Z
2023-02-02 09:19:30.156 UTC [TRACE] stdio: waiting for stdio data
2023-02-02 09:19:30.157 UTC [TRACE] supportedOperations: query_cache:true  multiple_connections:true
2023-02-02 09:19:30.158 UTC [TRACE] steampipe-plugin-hackernews.plugin: [TRACE] SetAllConnectionConfigs setting 1 configs
2023-02-02 09:19:30.158 UTC [TRACE] steampipe-plugin-hackernews.plugin: [TRACE] connection hackernews build schema and table map
2023-02-02 09:19:30.158 UTC [TRACE] steampipe-plugin-hackernews.plugin: [TRACE] initialise table hackernews_best
2023-02-02 09:19:30.158 UTC [TRACE] steampipe-plugin-hackernews.plugin: [TRACE] no DefaultRetryConfig defined - creating empty
2023-02-02 09:19:30.158 UTC [TRACE] steampipe-plugin-hackernews.plugin: [TRACE] no DefaultIgnoreConfig defined - creating empty
2023-02-02 09:19:30.158 UTC [TRACE] steampipe-plugin-hackernews.plugin: [TRACE] apply plugin defaults for DefaultRetryConfig
2023-02-02 09:19:30.158 UTC [TRACE] steampipe-plugin-hackernews.plugin: [TRACE] apply plugin defaults for DefaultIgnoreConfig, table &{<nil> <nil>} plugin &{<nil> <nil>}
2023-02-02 09:19:30.158 UTC [TRACE] steampipe-plugin-hackernews.plugin: [TRACE] DefaultRetryConfig:
2023-02-02 09:19:30.158 UTC [TRACE] steampipe-plugin-hackernews.plugin: [TRACE] DefaultIgnoreConfig:
2023-02-02 09:19:30.158 UTC [TRACE] steampipe-plugin-hackernews.plugin: [TRACE] t.Get.initialise
2023-02-02 09:19:30.158 UTC [TRACE] steampipe-plugin-hackernews.plugin: [TRACE] GetConfig.initialise table hackernews_best
2023-02-02 09:19:30.158 UTC [TRACE] steampipe-plugin-hackernews.plugin: [TRACE] GetConfig.initialise complete: RetryConfig: , IgnoreConfig:
2023-02-02 09:19:30.158 UTC [TRACE] steampipe-plugin-hackernews.plugin: [TRACE] t.List.initialise
2023-02-02 09:19:30.158 UTC [TRACE] steampipe-plugin-hackernews.plugin: [TRACE] ListConfig.initialise table hackernews_best
2023-02-02 09:19:30.158 UTC [TRACE] steampipe-plugin-hackernews.plugin: [TRACE] ListConfig.initialise complete: RetryConfig: , IgnoreConfig
2023-02-02 09:19:30.158 UTC [TRACE] steampipe-plugin-hackernews.plugin: [TRACE] HydrateConfig.initialise func getItem, table hackernews_best
2023-02-02 09:19:30.158 UTC [TRACE] steampipe-plugin-hackernews.plugin: [TRACE] HydrateConfig.initialise complete: RetryConfig: , IgnoreConfig:
2023-02-02 09:19:30.158 UTC [TRACE] steampipe-plugin-hackernews.plugin: [TRACE] back from initialiseHydrateConfigs
2023-02-02 09:19:30.158 UTC [TRACE] steampipe-plugin-hackernews.plugin: [TRACE] initialise table hackernews_best COMPLETE
2023-02-02 09:19:30.158 UTC [TRACE] steampipe-plugin-hackernews.plugin: [TRACE] initialise table hackernews_item
2023-02-02 09:19:30.158 UTC [TRACE] steampipe-plugin-hackernews.plugin: [TRACE] no DefaultRetryConfig defined - creating empty
2023-02-02 09:19:30.158 UTC [TRACE] steampipe-plugin-hackernews.plugin: [TRACE] no DefaultIgnoreConfig defined - creating empty
2023-02-02 09:19:30.158 UTC [TRACE] steampipe-plugin-hackernews.plugin: [TRACE] apply plugin defaults for DefaultRetryConfig
2023-02-02 09:19:30.158 UTC [TRACE] steampipe-plugin-hackernews.plugin: [TRACE] apply plugin defaults for DefaultIgnoreConfig, table &{<nil> <nil>} plugin &{<nil> <nil>}
2023-02-02 09:19:30.158 UTC [TRACE] steampipe-plugin-hackernews.plugin: [TRACE] DefaultRetryConfig:
2023-02-02 09:19:30.158 UTC [TRACE] steampipe-plugin-hackernews.plugin: [TRACE] DefaultIgnoreConfig:
2023-02-02 09:19:30.158 UTC [TRACE] steampipe-plugin-hackernews.plugin: [TRACE] t.Get.initialise
2023-02-02 09:19:30.158 UTC [TRACE] steampipe-plugin-hackernews.plugin: [TRACE] GetConfig.initialise table hackernews_item
2023-02-02 09:19:30.158 UTC [TRACE] steampipe-plugin-hackernews.plugin: [TRACE] GetConfig.initialise complete: RetryConfig: , IgnoreConfig:
2023-02-02 09:19:30.158 UTC [TRACE] steampipe-plugin-hackernews.plugin: [TRACE] t.List.initialise
2023-02-02 09:19:30.158 UTC [TRACE] steampipe-plugin-hackernews.plugin: [TRACE] ListConfig.initialise table hackernews_item
2023-02-02 09:19:30.158 UTC [TRACE] steampipe-plugin-hackernews.plugin: [TRACE] ListConfig.initialise complete: RetryConfig: , IgnoreConfig
2023-02-02 09:19:30.158 UTC [TRACE] steampipe-plugin-hackernews.plugin: [TRACE] HydrateConfig.initialise func getItem, table hackernews_item
2023-02-02 09:19:30.158 UTC [TRACE] steampipe-plugin-hackernews.plugin: [TRACE] HydrateConfig.initialise complete: RetryConfig: , IgnoreConfig:
2023-02-02 09:19:30.158 UTC [TRACE] steampipe-plugin-hackernews.plugin: [TRACE] back from initialiseHydrateConfigs
2023-02-02 09:19:30.158 UTC [TRACE] steampipe-plugin-hackernews.plugin: [TRACE] initialise table hackernews_item COMPLETE
2023-02-02 09:19:30.158 UTC [TRACE] steampipe-plugin-hackernews.plugin: [TRACE] initialise table hackernews_job
2023-02-02 09:19:30.158 UTC [TRACE] steampipe-plugin-hackernews.plugin: [TRACE] no DefaultRetryConfig defined - creating empty
2023-02-02 09:19:30.158 UTC [TRACE] steampipe-plugin-hackernews.plugin: [TRACE] no DefaultIgnoreConfig defined - creating empty
2023-02-02 09:19:30.158 UTC [TRACE] steampipe-plugin-hackernews.plugin: [TRACE] apply plugin defaults for DefaultRetryConfig
2023-02-02 09:19:30.158 UTC [TRACE] steampipe-plugin-hackernews.plugin: [TRACE] apply plugin defaults for DefaultIgnoreConfig, table &{<nil> <nil>} plugin &{<nil> <nil>}
2023-02-02 09:19:30.158 UTC [TRACE] steampipe-plugin-hackernews.plugin: [TRACE] DefaultRetryConfig:
2023-02-02 09:19:30.158 UTC [TRACE] steampipe-plugin-hackernews.plugin: [TRACE] DefaultIgnoreConfig:
2023-02-02 09:19:30.158 UTC [TRACE] steampipe-plugin-hackernews.plugin: [TRACE] t.Get.initialise
2023-02-02 09:19:30.158 UTC [TRACE] steampipe-plugin-hackernews.plugin: [TRACE] GetConfig.initialise table hackernews_job
2023-02-02 09:19:30.158 UTC [TRACE] steampipe-plugin-hackernews.plugin: [TRACE] GetConfig.initialise complete: RetryConfig: , IgnoreConfig:
2023-02-02 09:19:30.158 UTC [TRACE] steampipe-plugin-hackernews.plugin: [TRACE] t.List.initialise
2023-02-02 09:19:30.158 UTC [TRACE] steampipe-plugin-hackernews.plugin: [TRACE] ListConfig.initialise table hackernews_job
2023-02-02 09:19:30.158 UTC [TRACE] steampipe-plugin-hackernews.plugin: [TRACE] ListConfig.initialise complete: RetryConfig: , IgnoreConfig
2023-02-02 09:19:30.158 UTC [TRACE] steampipe-plugin-hackernews.plugin: [TRACE] HydrateConfig.initialise func getItem, table hackernews_job
2023-02-02 09:19:30.158 UTC [TRACE] steampipe-plugin-hackernews.plugin: [TRACE] HydrateConfig.initialise complete: RetryConfig: , IgnoreConfig:
2023-02-02 09:19:30.158 UTC [TRACE] steampipe-plugin-hackernews.plugin: [TRACE] back from initialiseHydrateConfigs
2023-02-02 09:19:30.158 UTC [TRACE] steampipe-plugin-hackernews.plugin: [TRACE] initialise table hackernews_job COMPLETE
2023-02-02 09:19:30.158 UTC [TRACE] steampipe-plugin-hackernews.plugin: [TRACE] initialise table hackernews_new
2023-02-02 09:19:30.158 UTC [TRACE] steampipe-plugin-hackernews.plugin: [TRACE] no DefaultRetryConfig defined - creating empty
2023-02-02 09:19:30.158 UTC [TRACE] steampipe-plugin-hackernews.plugin: [TRACE] no DefaultIgnoreConfig defined - creating empty
2023-02-02 09:19:30.158 UTC [TRACE] steampipe-plugin-hackernews.plugin: [TRACE] apply plugin defaults for DefaultRetryConfig
2023-02-02 09:19:30.158 UTC [TRACE] steampipe-plugin-hackernews.plugin: [TRACE] apply plugin defaults for DefaultIgnoreConfig, table &{<nil> <nil>} plugin &{<nil> <nil>}
2023-02-02 09:19:30.158 UTC [TRACE] steampipe-plugin-hackernews.plugin: [TRACE] DefaultRetryConfig:
2023-02-02 09:19:30.158 UTC [TRACE] steampipe-plugin-hackernews.plugin: [TRACE] DefaultIgnoreConfig:
2023-02-02 09:19:30.158 UTC [TRACE] steampipe-plugin-hackernews.plugin: [TRACE] t.Get.initialise
2023-02-02 09:19:30.158 UTC [TRACE] steampipe-plugin-hackernews.plugin: [TRACE] GetConfig.initialise table hackernews_new
2023-02-02 09:19:30.158 UTC [TRACE] steampipe-plugin-hackernews.plugin: [TRACE] GetConfig.initialise complete: RetryConfig: , IgnoreConfig:
2023-02-02 09:19:30.158 UTC [TRACE] steampipe-plugin-hackernews.plugin: [TRACE] t.List.initialise
2023-02-02 09:19:30.158 UTC [TRACE] steampipe-plugin-hackernews.plugin: [TRACE] ListConfig.initialise table hackernews_new
2023-02-02 09:19:30.158 UTC [TRACE] steampipe-plugin-hackernews.plugin: [TRACE] ListConfig.initialise complete: RetryConfig: , IgnoreConfig
2023-02-02 09:19:30.158 UTC [TRACE] steampipe-plugin-hackernews.plugin: [TRACE] HydrateConfig.initialise func getItem, table hackernews_new
2023-02-02 09:19:30.158 UTC [TRACE] steampipe-plugin-hackernews.plugin: [TRACE] HydrateConfig.initialise complete: RetryConfig: , IgnoreConfig:
2023-02-02 09:19:30.158 UTC [TRACE] steampipe-plugin-hackernews.plugin: [TRACE] back from initialiseHydrateConfigs
2023-02-02 09:19:30.158 UTC [TRACE] steampipe-plugin-hackernews.plugin: [TRACE] initialise table hackernews_new COMPLETE
2023-02-02 09:19:30.158 UTC [TRACE] steampipe-plugin-hackernews.plugin: [TRACE] initialise table hackernews_show_hn
2023-02-02 09:19:30.158 UTC [TRACE] steampipe-plugin-hackernews.plugin: [TRACE] no DefaultRetryConfig defined - creating empty
2023-02-02 09:19:30.158 UTC [TRACE] steampipe-plugin-hackernews.plugin: [TRACE] no DefaultIgnoreConfig defined - creating empty
2023-02-02 09:19:30.158 UTC [TRACE] steampipe-plugin-hackernews.plugin: [TRACE] apply plugin defaults for DefaultRetryConfig
2023-02-02 09:19:30.158 UTC [TRACE] steampipe-plugin-hackernews.plugin: [TRACE] apply plugin defaults for DefaultIgnoreConfig, table &{<nil> <nil>} plugin &{<nil> <nil>}
2023-02-02 09:19:30.158 UTC [TRACE] steampipe-plugin-hackernews.plugin: [TRACE] DefaultRetryConfig:
2023-02-02 09:19:30.158 UTC [TRACE] steampipe-plugin-hackernews.plugin: [TRACE] DefaultIgnoreConfig:
2023-02-02 09:19:30.158 UTC [TRACE] steampipe-plugin-hackernews.plugin: [TRACE] t.Get.initialise
2023-02-02 09:19:30.158 UTC [TRACE] steampipe-plugin-hackernews.plugin: [TRACE] GetConfig.initialise table hackernews_show_hn
2023-02-02 09:19:30.158 UTC [TRACE] steampipe-plugin-hackernews.plugin: [TRACE] GetConfig.initialise complete: RetryConfig: , IgnoreConfig:
2023-02-02 09:19:30.158 UTC [TRACE] steampipe-plugin-hackernews.plugin: [TRACE] t.List.initialise
2023-02-02 09:19:30.158 UTC [TRACE] steampipe-plugin-hackernews.plugin: [TRACE] ListConfig.initialise table hackernews_show_hn
2023-02-02 09:19:30.158 UTC [TRACE] steampipe-plugin-hackernews.plugin: [TRACE] ListConfig.initialise complete: RetryConfig: , IgnoreConfig
2023-02-02 09:19:30.158 UTC [TRACE] steampipe-plugin-hackernews.plugin: [TRACE] HydrateConfig.initialise func getItem, table hackernews_show_hn
2023-02-02 09:19:30.158 UTC [TRACE] steampipe-plugin-hackernews.plugin: [TRACE] HydrateConfig.initialise complete: RetryConfig: , IgnoreConfig:
2023-02-02 09:19:30.158 UTC [TRACE] steampipe-plugin-hackernews.plugin: [TRACE] back from initialiseHydrateConfigs
2023-02-02 09:19:30.158 UTC [TRACE] steampipe-plugin-hackernews.plugin: [TRACE] initialise table hackernews_show_hn COMPLETE
2023-02-02 09:19:30.158 UTC [TRACE] steampipe-plugin-hackernews.plugin: [TRACE] initialise table hackernews_top
2023-02-02 09:19:30.158 UTC [TRACE] steampipe-plugin-hackernews.plugin: [TRACE] no DefaultRetryConfig defined - creating empty
2023-02-02 09:19:30.158 UTC [TRACE] steampipe-plugin-hackernews.plugin: [TRACE] no DefaultIgnoreConfig defined - creating empty
2023-02-02 09:19:30.158 UTC [TRACE] steampipe-plugin-hackernews.plugin: [TRACE] apply plugin defaults for DefaultRetryConfig
2023-02-02 09:19:30.158 UTC [TRACE] steampipe-plugin-hackernews.plugin: [TRACE] apply plugin defaults for DefaultIgnoreConfig, table &{<nil> <nil>} plugin &{<nil> <nil>}
2023-02-02 09:19:30.158 UTC [TRACE] steampipe-plugin-hackernews.plugin: [TRACE] DefaultRetryConfig:
2023-02-02 09:19:30.158 UTC [TRACE] steampipe-plugin-hackernews.plugin: [TRACE] DefaultIgnoreConfig:
2023-02-02 09:19:30.158 UTC [TRACE] steampipe-plugin-hackernews.plugin: [TRACE] t.Get.initialise
2023-02-02 09:19:30.158 UTC [TRACE] steampipe-plugin-hackernews.plugin: [TRACE] GetConfig.initialise table hackernews_top
2023-02-02 09:19:30.158 UTC [TRACE] steampipe-plugin-hackernews.plugin: [TRACE] GetConfig.initialise complete: RetryConfig: , IgnoreConfig:
2023-02-02 09:19:30.158 UTC [TRACE] steampipe-plugin-hackernews.plugin: [TRACE] t.List.initialise
2023-02-02 09:19:30.158 UTC [TRACE] steampipe-plugin-hackernews.plugin: [TRACE] ListConfig.initialise table hackernews_top
2023-02-02 09:19:30.158 UTC [TRACE] steampipe-plugin-hackernews.plugin: [TRACE] ListConfig.initialise complete: RetryConfig: , IgnoreConfig
2023-02-02 09:19:30.158 UTC [TRACE] steampipe-plugin-hackernews.plugin: [TRACE] HydrateConfig.initialise func getItem, table hackernews_top
2023-02-02 09:19:30.158 UTC [TRACE] steampipe-plugin-hackernews.plugin: [TRACE] HydrateConfig.initialise complete: RetryConfig: , IgnoreConfig:
2023-02-02 09:19:30.158 UTC [TRACE] steampipe-plugin-hackernews.plugin: [TRACE] back from initialiseHydrateConfigs
2023-02-02 09:19:30.158 UTC [TRACE] steampipe-plugin-hackernews.plugin: [TRACE] initialise table hackernews_top COMPLETE
2023-02-02 09:19:30.158 UTC [TRACE] steampipe-plugin-hackernews.plugin: [TRACE] initialise table hackernews_user
2023-02-02 09:19:30.158 UTC [TRACE] steampipe-plugin-hackernews.plugin: [TRACE] no DefaultRetryConfig defined - creating empty
2023-02-02 09:19:30.158 UTC [TRACE] steampipe-plugin-hackernews.plugin: [TRACE] no DefaultIgnoreConfig defined - creating empty
2023-02-02 09:19:30.158 UTC [TRACE] steampipe-plugin-hackernews.plugin: [TRACE] apply plugin defaults for DefaultRetryConfig
2023-02-02 09:19:30.158 UTC [TRACE] steampipe-plugin-hackernews.plugin: [TRACE] apply plugin defaults for DefaultIgnoreConfig, table &{<nil> <nil>} plugin &{<nil> <nil>}
2023-02-02 09:19:30.158 UTC [TRACE] steampipe-plugin-hackernews.plugin: [TRACE] DefaultRetryConfig:
2023-02-02 09:19:30.158 UTC [TRACE] steampipe-plugin-hackernews.plugin: [TRACE] DefaultIgnoreConfig:
2023-02-02 09:19:30.158 UTC [TRACE] steampipe-plugin-hackernews.plugin: [TRACE] t.List.initialise
2023-02-02 09:19:30.158 UTC [TRACE] steampipe-plugin-hackernews.plugin: [TRACE] ListConfig.initialise table hackernews_user
2023-02-02 09:19:30.158 UTC [TRACE] steampipe-plugin-hackernews.plugin: [TRACE] ListConfig.initialise complete: RetryConfig: , IgnoreConfig
2023-02-02 09:19:30.158 UTC [TRACE] steampipe-plugin-hackernews.plugin: [TRACE] back from initialiseHydrateConfigs
2023-02-02 09:19:30.158 UTC [TRACE] steampipe-plugin-hackernews.plugin: [TRACE] initialise table hackernews_user COMPLETE
2023-02-02 09:19:30.158 UTC [TRACE] steampipe-plugin-hackernews.plugin: [TRACE] initialise table hackernews_ask_hn
2023-02-02 09:19:30.158 UTC [TRACE] steampipe-plugin-hackernews.plugin: [TRACE] no DefaultRetryConfig defined - creating empty
2023-02-02 09:19:30.158 UTC [TRACE] steampipe-plugin-hackernews.plugin: [TRACE] no DefaultIgnoreConfig defined - creating empty
2023-02-02 09:19:30.158 UTC [TRACE] steampipe-plugin-hackernews.plugin: [TRACE] apply plugin defaults for DefaultRetryConfig
2023-02-02 09:19:30.158 UTC [TRACE] steampipe-plugin-hackernews.plugin: [TRACE] apply plugin defaults for DefaultIgnoreConfig, table &{<nil> <nil>} plugin &{<nil> <nil>}
2023-02-02 09:19:30.158 UTC [TRACE] steampipe-plugin-hackernews.plugin: [TRACE] DefaultRetryConfig:
2023-02-02 09:19:30.158 UTC [TRACE] steampipe-plugin-hackernews.plugin: [TRACE] DefaultIgnoreConfig:
2023-02-02 09:19:30.158 UTC [TRACE] steampipe-plugin-hackernews.plugin: [TRACE] t.Get.initialise
2023-02-02 09:19:30.158 UTC [TRACE] steampipe-plugin-hackernews.plugin: [TRACE] GetConfig.initialise table hackernews_ask_hn
2023-02-02 09:19:30.158 UTC [TRACE] steampipe-plugin-hackernews.plugin: [TRACE] GetConfig.initialise complete: RetryConfig: , IgnoreConfig:
2023-02-02 09:19:30.158 UTC [TRACE] steampipe-plugin-hackernews.plugin: [TRACE] t.List.initialise
2023-02-02 09:19:30.158 UTC [TRACE] steampipe-plugin-hackernews.plugin: [TRACE] ListConfig.initialise table hackernews_ask_hn
2023-02-02 09:19:30.158 UTC [TRACE] steampipe-plugin-hackernews.plugin: [TRACE] ListConfig.initialise complete: RetryConfig: , IgnoreConfig
2023-02-02 09:19:30.158 UTC [TRACE] steampipe-plugin-hackernews.plugin: [TRACE] HydrateConfig.initialise func getItem, table hackernews_ask_hn
2023-02-02 09:19:30.158 UTC [TRACE] steampipe-plugin-hackernews.plugin: [TRACE] HydrateConfig.initialise complete: RetryConfig: , IgnoreConfig:
2023-02-02 09:19:30.158 UTC [TRACE] steampipe-plugin-hackernews.plugin: [TRACE] back from initialiseHydrateConfigs
2023-02-02 09:19:30.158 UTC [TRACE] steampipe-plugin-hackernews.plugin: [TRACE] initialise table hackernews_ask_hn COMPLETE
2023-02-02 09:19:30.158 UTC [TRACE] steampipe-plugin-hackernews.plugin: [TRACE] validate plugin steampipe-plugin-hackernews, required columns []
2023-02-02 09:19:30.158 UTC [TRACE] steampipe-plugin-hackernews.plugin: [TRACE] validate DefaultRetryConfig
2023-02-02 09:19:30.158 UTC [TRACE] steampipe-plugin-hackernews.plugin: [TRACE] validate DefaultIgnoreConfig
2023-02-02 09:19:30.158 UTC [TRACE] steampipe-plugin-hackernews.plugin: [TRACE] validate table names
2023-02-02 09:19:30.158 UTC [TRACE] steampipe-plugin-hackernews.plugin: [TRACE] plugin has 0 validation errors
2023-02-02 09:19:30.158 UTC [TRACE] steampipe-plugin-hackernews.plugin: [TRACE] Plugin ensureCache creating cache, maxCacheStorageMb 0
2023-02-02 09:19:30.158 UTC [TRACE] steampipe-plugin-hackernews.plugin: [TRACE] createCacheStore for plugin 'steampipe-plugin-hackernews' setting max size to 0Mb, Shards: 2, max shard size: 0
2023-02-02 09:19:30.168 UTC [INFO]  steampipe-plugin-hackernews.plugin: [INFO]  query cache created
2023-02-02 09:19:30.168 UTC [DEBUG] steampipe-plugin-hackernews.plugin: [DEBUG] SetAllConnectionConfigs finished
2023-02-02 09:19:30.169 UTC [TRACE] PluginManager getPlugin complete, returning reattach config with PID: 2109
2023-02-02 09:19:30.169 UTC [TRACE] PluginManager Get returning reattach_map:{key:"hackernews"  value:{protocol:"grpc"  addr:{Network:"unix"  Address:"/tmp/plugin4014388696"}  pid:2109  supported_operations:{query_cache:true  multiple_connections:true}  connections:"hackernews"  plugin:"hub.steampipe.io/plugins/turbot/hackernews@latest"}}
2023-02-02 09:19:30.177 UTC [INFO]  steampipe-plugin-hackernews.plugin: [INFO]  1675329570308: Plugin Execute (1675329570308)
2023-02-02 09:19:30.177 UTC [TRACE] steampipe-plugin-hackernews.plugin: [TRACE] 1675329570308: No memory limit set
2023-02-02 09:19:30.177 UTC [INFO]  steampipe-plugin-hackernews.plugin: [INFO]  1675329570308: Plugin Execute, setting memory limit to -1Mb
2023-02-02 09:19:30.177 UTC [TRACE] steampipe-plugin-hackernews.plugin: [TRACE] 1675329570308: calling ExtractContextFromCarrier
2023-02-02 09:19:30.177 UTC [INFO]  steampipe-plugin-hackernews.plugin: [INFO]  1675329570308: Setting max concurrent connections to 25
2023-02-02 09:19:30.177 UTC [TRACE] steampipe-plugin-hackernews.plugin: [TRACE] 1675329570308: executeForConnection callId: 1675329570308, connectionCallId: hackernews-1675329570308, connection: hackernews table: hackernews_new cols: id,title,time,by,score,dead,deleted,descendants,kids,parent,parts,poll,text,type,url,_ctx
2023-02-02 09:19:30.177 UTC [TRACE] steampipe-plugin-hackernews.plugin: [TRACE] 1675329570308: got connection data
2023-02-02 09:19:30.177 UTC [TRACE] steampipe-plugin-hackernews.plugin: [TRACE] 1675329570308: Got query context, table: hackernews_new, cols: [id title time by score dead deleted descendants kids parent parts poll text type url _ctx]
2023-02-02 09:19:30.177 UTC [TRACE] steampipe-plugin-hackernews.plugin: [TRACE] 1675329570308: Start execute span
2023-02-02 09:19:30.177 UTC [INFO]  steampipe-plugin-hackernews.plugin: [INFO]  1675329570308: Setting free memory interval to 100 rows
2023-02-02 09:19:30.177 UTC [TRACE] steampipe-plugin-hackernews.plugin: [TRACE] 1675329570308: setFetchType map[time:quals:{fieldName:"time"  string_value:">"  value:{timestamp_value:{seconds:1675325970  nanos:55726000}}}]
2023-02-02 09:19:30.178 UTC [TRACE] steampipe-plugin-hackernews.plugin: [TRACE] 1675329570308: getMatchingQuals column:'id' operator: =
2023-02-02 09:19:30.178 UTC [TRACE] steampipe-plugin-hackernews.plugin: [TRACE] 1675329570308: getMatchingQuals returning false - qualMap does not contain any quals for column id
2023-02-02 09:19:30.179 UTC [TRACE] steampipe-plugin-hackernews.plugin: [TRACE] 1675329570308: GetUnsatisfiedKeyColumns for columns column:'id' operator: =
2023-02-02 09:19:30.179 UTC [TRACE] steampipe-plugin-hackernews.plugin: [TRACE] 1675329570308: key column NOT satisfied column:'id' operator: =
2023-02-02 09:19:30.179 UTC [TRACE] steampipe-plugin-hackernews.plugin: [TRACE] 1675329570308: satisfied: map[any_of: optional: required:]
2023-02-02 09:19:30.180 UTC [TRACE] steampipe-plugin-hackernews.plugin: [TRACE] 1675329570308: unsatisfied: map[any_of: optional: required:column:'id' operator: =]
2023-02-02 09:19:30.180 UTC [TRACE] steampipe-plugin-hackernews.plugin: [TRACE] 1675329570308: unsatisfied required KeyColumns: column:'id' operator: =
2023-02-02 09:19:30.180 UTC [TRACE] steampipe-plugin-hackernews.plugin: [TRACE] 1675329570308: Set fetchType to fetchTypeList
2023-02-02 09:19:30.180 UTC [TRACE] steampipe-plugin-hackernews.plugin: [TRACE] 1675329570308: Equals key column quals:
2023-02-02 09:19:30.180 UTC [DEBUG] steampipe-plugin-hackernews.plugin: {}
2023-02-02 09:19:30.180 UTC [TRACE] steampipe-plugin-hackernews.plugin: [TRACE] 1675329570308: All key column quals:
2023-02-02 09:19:30.180 UTC [DEBUG] steampipe-plugin-hackernews.plugin: {}
2023-02-02 09:19:30.180 UTC [TRACE] steampipe-plugin-hackernews.plugin: [TRACE] 1675329570308: GetMatrixItem
2023-02-02 09:19:30.180 UTC [TRACE] steampipe-plugin-hackernews.plugin: [TRACE] 1675329570308: creating query data
2023-02-02 09:19:30.180 UTC [INFO]  steampipe-plugin-hackernews.plugin: [INFO]  1675329570308: cacheEnabled, trying cache get (hackernews-1675329570308)
2023-02-02 09:19:30.180 UTC [TRACE] steampipe-plugin-hackernews.plugin: [TRACE] 1675329570308: QueryCache Get - indexBucketKey index__hackernewshackernews_new, quals
2023-02-02 09:19:30.180 UTC [TRACE] steampipe-plugin-hackernews.plugin: [TRACE] 1675329570308: QueryCache getCachedQueryResult - table hackernews_new, connectionName hackernews
2023-02-02 09:19:30.180 UTC [TRACE] steampipe-plugin-hackernews.plugin: [TRACE] 1675329570308: index bucket key: index__hackernewshackernews_new ttlSeconds 300 limit: -1
2023-02-02 09:19:30.180 UTC [TRACE] steampipe-plugin-hackernews.plugin: [TRACE] 1675329570308: doGet cache miss
2023-02-02 09:19:30.180 UTC [TRACE] steampipe-plugin-hackernews.plugin: [TRACE] 1675329570308: getCachedIndexBucket - no item retrieved for cache key index__hackernewshackernews_new
2023-02-02 09:19:30.180 UTC [TRACE] steampipe-plugin-hackernews.plugin: [TRACE] 1675329570308: getCachedQueryResult returned CACHE MISS - checking for pending transfers
2023-02-02 09:19:30.180 UTC [TRACE] steampipe-plugin-hackernews.plugin: [TRACE] 1675329570308: getPendingResultItem indexBucketKey index__hackernewshackernews_new, columns [id title time by score dead deleted descendants kids parent parts poll text type url _ctx], limit -1
2023-02-02 09:19:30.180 UTC [TRACE] steampipe-plugin-hackernews.plugin: [TRACE] 1675329570308: no pending index item - add pending result, indexBucketKey index__hackernewshackernews_new
2023-02-02 09:19:30.180 UTC [TRACE] steampipe-plugin-hackernews.plugin: [TRACE] 1675329570308: addPendingResult (hackernews-1675329570308) indexBucketKey index__hackernewshackernews_new, columns [id title time by score dead deleted descendants kids parent parts poll text type url _ctx], limit -1
2023-02-02 09:19:30.180 UTC [TRACE] steampipe-plugin-hackernews.plugin: [TRACE] 1675329570308: no index bucket found - creating one
2023-02-02 09:19:30.180 UTC [TRACE] steampipe-plugin-hackernews.plugin: [TRACE] 1675329570308: pendingIndexItem Lock count before 0
2023-02-02 09:19:30.180 UTC [TRACE] steampipe-plugin-hackernews.plugin: [TRACE] 1675329570308: addPendingResult added pending index item to bucket, (hackernews-1675329570308) indexBucketKey index__hackernewshackernews_new, resultKeyRoot hackernewshackernews_newid,title,time,by,score,dead,deleted,descendants,kids,parent,parts,poll,text,type,url,_ctx-1, pending item : 0xc0003b2ff0
2023-02-02 09:19:30.180 UTC [TRACE] steampipe-plugin-hackernews.plugin: [TRACE] 1675329570308: **** pending items (hackernews-1675329570308)****
2023-02-02 09:19:30.180 UTC [TRACE] steampipe-plugin-hackernews.plugin: [TRACE] 1675329570308: key: index__hackernewshackernews_new: item: 0xc0003b2ff0, count: 1, key:hackernewshackernews_newid,title,time,by,score,dead,deleted,descendants,kids,parent,parts,poll,text,type,url,_ctx-1
2023-02-02 09:19:30.180 UTC [TRACE] steampipe-plugin-hackernews.plugin: [TRACE] 1675329570308: ********
2023-02-02 09:19:30.180 UTC [TRACE] steampipe-plugin-hackernews.plugin: [TRACE] 1675329570308: getPendingResultItem returning <nil>
2023-02-02 09:19:30.180 UTC [INFO]  steampipe-plugin-hackernews.plugin: [INFO]  1675329570308: CACHE MISS
2023-02-02 09:19:30.180 UTC [TRACE] steampipe-plugin-hackernews.plugin: [TRACE] 1675329570308: cache MISS
2023-02-02 09:19:30.180 UTC [INFO]  steampipe-plugin-hackernews.plugin: [INFO]  1675329570308: queryCacheGet returned CACHE MISS (hackernews-1675329570308)
2023-02-02 09:19:30.180 UTC [TRACE] steampipe-plugin-hackernews.plugin: [TRACE] 1675329570308: StartSet (hackernews-1675329570308)
2023-02-02 09:19:30.180 UTC [TRACE] steampipe-plugin-hackernews.plugin: [TRACE] 1675329570308: calling fetchItems, table: hackernews_new, matrixItem: [], limit: -1,  connectionCallId: hackernews-1675329570308"
2023-02-02 09:19:30.180 UTC [TRACE] steampipe-plugin-hackernews.plugin: [TRACE] 1675329570308: buildRowsAsync connectionCallId: hackernews-1675329570308
2023-02-02 09:19:30.180 UTC [TRACE] steampipe-plugin-hackernews.plugin: [TRACE] 1675329570308: streamRows connectionCallId: hackernews-1675329570308
2023-02-02 09:19:30.180 UTC [TRACE] steampipe-plugin-hackernews.plugin: [TRACE] 1675329570308: QueryData streamRows (hackernews-1675329570308)
2023-02-02 09:19:30.180 UTC [TRACE] steampipe-plugin-hackernews.plugin: [TRACE] 1675329570308: executeListCall START (hackernews-1675329570308)
2023-02-02 09:19:30.180 UTC [TRACE] steampipe-plugin-hackernews.plugin: [TRACE] 1675329570308: GetUnsatisfiedKeyColumns for columns
2023-02-02 09:19:30.180 UTC [TRACE] steampipe-plugin-hackernews.plugin: [TRACE] 1675329570308: doList (hackernews-1675329570308)
2023-02-02 09:19:30.180 UTC [TRACE] steampipe-plugin-hackernews.plugin: [TRACE] 1675329570308: doList: no matrix item
2023-02-02 09:19:30.354 UTC [TRACE] steampipe-plugin-hackernews.plugin: [TRACE] 1675329570308: QueryData.fetchComplete
2023-02-02 09:19:30.354 UTC [TRACE] steampipe-plugin-hackernews.plugin: [TRACE] 1675329570308: executeListCall COMPLETE (hackernews-1675329570308)
2023-02-02 09:19:30.354 UTC [TRACE] steampipe-plugin-hackernews.plugin: [TRACE] 1675329570308: rowData chan returned nil - wait for rows to complete (hackernews-1675329570308)
2023-02-02 09:19:30.355 UTC [TRACE] stdio: received data: channel=STDOUT len=18
2023-02-02 09:19:30.355 UTC [TRACE] stdio: waiting for stdio data
2023-02-02 09:19:30.472 UTC [TRACE] stdio: received data: channel=STDOUT len=671
2023-02-02 09:19:30.472 UTC [TRACE] stdio: waiting for stdio data
2023-02-02 09:19:30.546 UTC [TRACE] stdio: received data: channel=STDOUT len=1024
2023-02-02 09:19:30.546 UTC [TRACE] stdio: waiting for stdio data
2023-02-02 09:19:30.588 UTC [TRACE] stdio: received data: channel=STDOUT len=15
2023-02-02 09:19:30.588 UTC [TRACE] stdio: waiting for stdio data
2023-02-02 09:19:30.727 UTC [TRACE] stdio: received data: channel=STDOUT len=907
2023-02-02 09:19:30.727 UTC [TRACE] stdio: waiting for stdio data
2023-02-02 09:19:30.753 UTC [TRACE] stdio: received data: channel=STDOUT len=873
2023-02-02 09:19:30.753 UTC [TRACE] stdio: waiting for stdio data
2023-02-02 09:19:30.762 UTC [TRACE] stdio: received data: channel=STDOUT len=302
2023-02-02 09:19:30.762 UTC [TRACE] stdio: waiting for stdio data
2023-02-02 09:19:30.766 UTC [TRACE] steampipe-plugin-hackernews.plugin: [TRACE] 1675329570308: buildRowsAsync goroutine returning (hackernews-1675329570308)
2023-02-02 09:19:30.766 UTC [TRACE] steampipe-plugin-hackernews.plugin: [TRACE] 1675329570308: streamRows - nil row, stop streaming (hackernews-1675329570308)
2023-02-02 09:19:30.766 UTC [TRACE] steampipe-plugin-hackernews.plugin: [TRACE] 1675329570308: ------------------------------------
2023-02-02 09:19:30.766 UTC [TRACE] steampipe-plugin-hackernews.plugin: [TRACE] 1675329570308: Concurrency Summary
2023-02-02 09:19:30.766 UTC [TRACE] steampipe-plugin-hackernews.plugin: [TRACE] 1675329570308: ------------------------------------
2023-02-02 09:19:30.766 UTC [TRACE] steampipe-plugin-hackernews.plugin: [TRACE] 1675329570308: getItem                       : 200
2023-02-02 09:19:30.766 UTC [TRACE] steampipe-plugin-hackernews.plugin: [TRACE] 1675329570308: ------------------------------------
2023-02-02 09:19:30.766 UTC [TRACE] steampipe-plugin-hackernews.plugin: [TRACE] 1675329570308: Total                         : 200
2023-02-02 09:19:30.766 UTC [TRACE] steampipe-plugin-hackernews.plugin: [TRACE] 1675329570308: ------------------------------------
2023-02-02 09:19:30.766 UTC [TRACE] steampipe-plugin-hackernews.plugin: [TRACE] 1675329570308: QueryData streamRows DONE (hackernews-1675329570308)
2023-02-02 09:19:30.766 UTC [TRACE] steampipe-plugin-hackernews.plugin: [TRACE] 1675329570308: EndSet (hackernews-1675329570308) table hackernews_new
2023-02-02 09:19:30.766 UTC [TRACE] steampipe-plugin-hackernews.plugin: [TRACE] 1675329570308: QueryCache writePageToCache: 500 rows, pageCount 1, page key hackernewshackernews_newid,title,time,by,score,dead,deleted,descendants,kids,parent,parts,poll,text,type,url,_ctx-1-0
2023-02-02 09:19:30.770 UTC [TRACE] stdio: received data: channel=STDOUT len=136
2023-02-02 09:19:30.770 UTC [TRACE] stdio: waiting for stdio data
2023-02-02 09:19:30.773 UTC [TRACE] steampipe-plugin-hackernews.plugin: [TRACE] 1675329570308: writePageToCache Set - result written
2023-02-02 09:19:30.773 UTC [TRACE] steampipe-plugin-hackernews.plugin: [TRACE] 1675329570308: QueryCache EndSet - result written
2023-02-02 09:19:30.773 UTC [TRACE] steampipe-plugin-hackernews.plugin: [TRACE] 1675329570308: doGet cache miss
2023-02-02 09:19:30.773 UTC [TRACE] steampipe-plugin-hackernews.plugin: [TRACE] 1675329570308: getCachedIndexBucket - no item retrieved for cache key index__hackernewshackernews_new
2023-02-02 09:19:30.773 UTC [TRACE] steampipe-plugin-hackernews.plugin: [TRACE] 1675329570308: getCachedIndexBucket returned cache miss
2023-02-02 09:19:30.773 UTC [TRACE] steampipe-plugin-hackernews.plugin: [TRACE] 1675329570308: QueryCache EndSet - Added index item (0xc01b1dee40) to bucket (0xc01b024ee8), page count 1,  key root hackernewshackernews_newid,title,time,by,score,dead,deleted,descendants,kids,parent,parts,poll,text,type,url,_ctx-1
2023-02-02 09:19:30.773 UTC [TRACE] steampipe-plugin-hackernews.plugin: [TRACE] 1675329570308: cacheSetIndexBucket index__hackernewshackernews_new
2023-02-02 09:19:30.773 UTC [TRACE] steampipe-plugin-hackernews.plugin: [TRACE] 1675329570308: QueryCache EndSet - IndexBucket written
2023-02-02 09:19:30.773 UTC [TRACE] steampipe-plugin-hackernews.plugin: [TRACE] 1675329570308: EndSet DEFER (hackernews-1675329570308) table hackernews_new
2023-02-02 09:19:30.773 UTC [TRACE] steampipe-plugin-hackernews.plugin: [TRACE] 1675329570308: calling pendingItemComplete (hackernews-1675329570308)
2023-02-02 09:19:30.773 UTC [TRACE] steampipe-plugin-hackernews.plugin: [TRACE] 1675329570308: pendingItemComplete (hackernews-1675329570308) indexBucketKey index__hackernewshackernews_new, columns [id title time by score dead deleted descendants kids parent parts poll text type url _ctx], limit -1
2023-02-02 09:19:30.773 UTC [TRACE] steampipe-plugin-hackernews.plugin: [TRACE] 1675329570308: got pending index bucket, (hackernews-1675329570308) len 1
2023-02-02 09:19:30.773 UTC [TRACE] steampipe-plugin-hackernews.plugin: [TRACE] 1675329570308: SatisfiesLimit limit -1, no item limit - satisfied
2023-02-02 09:19:30.773 UTC [TRACE] steampipe-plugin-hackernews.plugin: [TRACE] 1675329570308: found pending index item to satisfy columns id,title,time,by,score,dead,deleted,descendants,kids,parent,parts,poll,text,type,url,_ctx, limit -1
2023-02-02 09:19:30.773 UTC [TRACE] steampipe-plugin-hackernews.plugin: [TRACE] 1675329570308: found completed pending item (hackernews-1675329570308) 0xc0003b2ff0, key hackernewshackernews_newid,title,time,by,score,dead,deleted,descendants,kids,parent,parts,poll,text,type,url,_ctx-1 - removing from map as it is complete
2023-02-02 09:19:30.773 UTC [TRACE] steampipe-plugin-hackernews.plugin: [TRACE] 1675329570308: pendingIndexItem Unlock count before 1 key hackernewshackernews_newid,title,time,by,score,dead,deleted,descendants,kids,parent,parts,poll,text,type,url,_ctx-1
2023-02-02 09:19:30.773 UTC [TRACE] steampipe-plugin-hackernews.plugin: [TRACE] 1675329570308: deleted from pending, (hackernews-1675329570308) len 0
2023-02-02 09:19:30.773 UTC [TRACE] steampipe-plugin-hackernews.plugin: [TRACE] 1675329570308: pending bucket now empty - deleting key index__hackernewshackernews_new
2023-02-02 09:19:30.773 UTC [TRACE] steampipe-plugin-hackernews.plugin: [TRACE] 1675329570308: pendingItemComplete done (hackernews-1675329570308)
2023-02-02 09:19:30.773 UTC [TRACE] steampipe-plugin-hackernews.plugin: [TRACE] 1675329570308: cache set succeeded
2023-02-02 09:19:30.773 UTC [TRACE] steampipe-plugin-hackernews.plugin: [TRACE] 1675329570308: End execute span
2023-02-02 09:19:30.773 UTC [TRACE] steampipe-plugin-hackernews.plugin: [TRACE] 1675329570308: executeForConnection DEFER (hackernews-1675329570308)
2023-02-02 09:19:30.773 UTC [TRACE] steampipe-plugin-hackernews.plugin: [TRACE] 1675329570308: Execute complete callId: hackernews-1675329570308 table: hackernews_new
2023-02-02 09:19:30.773 UTC [TRACE] steampipe-plugin-hackernews.plugin: [TRACE] 1675329570308: executeForConnection hackernews returned
2023-02-02 09:19:30.773 UTC [TRACE] steampipe-plugin-hackernews.plugin: [TRACE] 1675329570308: output wg complete - send nil row
2023-02-02 09:19:30.773 UTC [TRACE] steampipe-plugin-hackernews.plugin: [TRACE] 1675329570308: empty row on output channel - we are done
2023-02-02 09:19:30.773 UTC [INFO]  steampipe-plugin-hackernews.plugin: [INFO]  1675329570308: Plugin Execute complete (1675329570308)
2023-02-02 09:19:30.787 UTC [TRACE] PluginManager Shutdown
2023-02-02 09:19:30.787 UTC [TRACE] killing plugin csv (2086)
2023-02-02 09:19:30.787 UTC [TRACE] steampipe-plugin-csv.plugin: [TRACE] FLUSHING instrumentation
2023-02-02 09:19:30.787 UTC [TRACE] steampipe-plugin-csv.plugin: [TRACE] Shutdown instrumentation
2023-02-02 09:19:30.787 UTC [DEBUG] stdio: received EOF, stopping recv loop: err="rpc error: code = Unavailable desc = error reading from server: EOF"
2023-02-02 09:19:30.788 UTC [INFO]  plugin process exited: path=/home/runner/.steampipe/plugins/hub.steampipe.io/plugins/turbot/csv@latest/steampipe-plugin-csv.plugin pid=2086
2023-02-02 09:19:30.788 UTC [DEBUG] plugin exited
2023-02-02 09:19:30.788 UTC [TRACE] killing plugin hackernews (2109)
2023-02-02 09:19:30.791 UTC [TRACE] steampipe-plugin-hackernews.plugin: [TRACE] 1675329570308: FLUSHING instrumentation
2023-02-02 09:19:30.791 UTC [TRACE] steampipe-plugin-hackernews.plugin: [TRACE] 1675329570308: Shutdown instrumentation
2023-02-02 09:19:30.792 UTC [INFO]  plugin process exited: path=/home/runner/.steampipe/plugins/hub.steampipe.io/plugins/turbot/hackernews@latest/steampipe-plugin-hackernews.plugin pid=2109
2023-02-02 09:19:30.792 UTC [DEBUG] plugin exited
2023-02-02 09:19:30.792 UTC [DEBUG] stdio: received EOF, stopping recv loop: err="rpc error: code = Canceled desc = context canceled"
2023-02-02 09:19:36.482 UTC [WARN]  steampipe-plugin-csv.plugin: [WARN]  1675329576544: getKeyColumnsForTable found no schema for table '/home/runner/work/steampipe-samples/steampipe-samples/all/hackernews/hn.csv'
2023-02-02 09:20:13.382 UTC [WARN]  steampipe-plugin-csv.plugin: [WARN]  1675329613519: getKeyColumnsForTable found no schema for table '/home/runner/work/steampipe-samples/steampipe-samples/all/hackernews/hn.csv'
2023-02-02 09:22:13.551 UTC [ERROR] steampipe-plugin-csv.plugin: [ERROR] csv.tableCSV: header_parse_error=EOF path=/home/runner/work/steampipe-samples/steampipe-samples/all/hackernews/new_sc.csv header=[]
2023-02-02 09:22:13.551 UTC [ERROR] steampipe-plugin-csv.plugin: [ERROR] csv.PluginTables: create_table_error="failed to parse file header /home/runner/work/steampipe-samples/steampipe-samples/all/hackernews/new_sc.csv: EOF" path=/home/runner/work/steampipe-samples/steampipe-samples/all/hackernews/new_sc.csv
2023-02-02 09:22:13.551 UTC [WARN]  failed to set connection config: failed to parse file header /home/runner/work/steampipe-samples/steampipe-samples/all/hackernews/new_sc.csv: EOF
2023-02-02 09:22:14.393 UTC [WARN]  steampipe-plugin-csv.plugin: [WARN]  167532973452: getKeyColumnsForTable found no schema for table '/home/runner/work/steampipe-samples/steampipe-samples/all/hackernews/new_sc.csv'
2023-02-02 09:22:19.419 UTC [ERROR] steampipe-plugin-csv.plugin: [ERROR] csv.tableCSV: header_parse_error=EOF path=/home/runner/work/steampipe-samples/steampipe-samples/all/hackernews/hn_items_all.csv header=[]
2023-02-02 09:22:19.419 UTC [ERROR] steampipe-plugin-csv.plugin: [ERROR] csv.PluginTables: create_table_error="failed to parse file header /home/runner/work/steampipe-samples/steampipe-samples/all/hackernews/hn_items_all.csv: EOF" path=/home/runner/work/steampipe-samples/steampipe-samples/all/hackernews/hn_items_all.csv
2023-02-02 09:22:19.419 UTC [WARN]  failed to set connection config: failed to parse file header /home/runner/work/steampipe-samples/steampipe-samples/all/hackernews/hn_items_all.csv: EOF
