2022-09-30 05:44:22.545 UTC [WARN]  PluginManager setPluginCacheSizeMap: 1 connection.
2022-09-30 05:44:22.545 UTC [WARN]  Total cache size 0Mb
2022-09-30 05:44:22.607 UTC [WARN]  plugin configured with a nil SecureConfig
2022-09-30 05:44:24.013 UTC [WARN]  PluginManager setPluginCacheSizeMap: 2 connections.
2022-09-30 05:44:24.013 UTC [WARN]  Total cache size 0Mb
2022-09-30 05:44:24.077 UTC [WARN]  plugin configured with a nil SecureConfig
2022-09-30 05:44:25.895 UTC [WARN]  PluginManager setPluginCacheSizeMap: 3 connections.
2022-09-30 05:44:25.895 UTC [WARN]  Total cache size 0Mb
2022-09-30 05:44:25.958 UTC [WARN]  plugin configured with a nil SecureConfig
2022-09-30 05:44:25.989 UTC [WARN]  plugin configured with a nil SecureConfig
2022-09-30 05:44:27.719 UTC [WARN]  PluginManager setPluginCacheSizeMap: 4 connections.
2022-09-30 05:44:27.719 UTC [WARN]  Total cache size 0Mb
2022-09-30 05:44:27.783 UTC [WARN]  plugin configured with a nil SecureConfig
2022-09-30 05:44:27.815 UTC [WARN]  plugin configured with a nil SecureConfig
2022-09-30 05:44:28.702 UTC [INFO]  starting plugin manager
2022-09-30 05:44:28.703 UTC [TRACE] loaded config map: net,csv,github,hackernews
2022-09-30 05:44:28.703 UTC [TRACE] NewPluginManager
2022-09-30 05:44:28.704 UTC [WARN]  PluginManager setPluginCacheSizeMap: 4 connections.
2022-09-30 05:44:28.704 UTC [WARN]  Total cache size 0Mb
2022-09-30 05:44:28.704 UTC [INFO]  starting connection watcher
2022-09-30 05:44:28.704 UTC [INFO]  created ConnectionWatcher
2022-09-30 05:44:28.704 UTC [TRACE] about to serve
2022-09-30 05:44:28.766 UTC [TRACE] PluginManager Get, connections: '[csv]'
2022-09-30 05:44:28.766 UTC [TRACE] PluginManager getPlugin hub.steampipe.io/plugins/turbot/csv@latest connection 'csv'
2022-09-30 05:44:28.766 UTC [TRACE] PluginManager 0xc0005c0320 plugin hub.steampipe.io/plugins/turbot/csv@latest (csv) NOT started or starting - start now
2022-09-30 05:44:28.766 UTC [TRACE] ************ start plugin csv ********************
2022-09-30 05:44:28.766 UTC [WARN]  plugin configured with a nil SecureConfig
2022-09-30 05:44:28.766 UTC [DEBUG] starting plugin: path=/home/runner/.steampipe/plugins/hub.steampipe.io/plugins/turbot/csv@latest/steampipe-plugin-csv.plugin args=["/home/runner/.steampipe/plugins/hub.steampipe.io/plugins/turbot/csv@latest/steampipe-plugin-csv.plugin"]
2022-09-30 05:44:28.767 UTC [DEBUG] plugin started: path=/home/runner/.steampipe/plugins/hub.steampipe.io/plugins/turbot/csv@latest/steampipe-plugin-csv.plugin pid=2018
2022-09-30 05:44:28.767 UTC [DEBUG] waiting for RPC address: path=/home/runner/.steampipe/plugins/hub.steampipe.io/plugins/turbot/csv@latest/steampipe-plugin-csv.plugin
2022-09-30 05:44:28.775 UTC [INFO]  steampipe-plugin-csv.plugin: [INFO]  Initialise plugin 'steampipe-plugin-csv', using sdk version 4.1.7
2022-09-30 05:44:28.775 UTC [TRACE] steampipe-plugin-csv.plugin: [TRACE] no DefaultRetryConfig defined - creating empty
2022-09-30 05:44:28.775 UTC [TRACE] steampipe-plugin-csv.plugin: [TRACE] no DefaultIgnoreConfig defined - creating empty
2022-09-30 05:44:28.775 UTC [TRACE] steampipe-plugin-csv.plugin: [TRACE] Setting Ulimit: ulimit=2560
2022-09-30 05:44:28.775 UTC [TRACE] steampipe-plugin-csv.plugin: [TRACE] telemetry.Init service 'steampipe-plugin-csv', tracingEnabled: false, metricsEnabled: false
2022-09-30 05:44:28.775 UTC [TRACE] steampipe-plugin-csv.plugin: [TRACE] metrics and tracing disabled' - returning
2022-09-30 05:44:28.775 UTC [DEBUG] steampipe-plugin-csv.plugin: plugin address: address=/tmp/plugin557551888 network=unix timestamp=2022-09-30T05:44:28.775Z
2022-09-30 05:44:28.775 UTC [DEBUG] using plugin: version=0
2022-09-30 05:44:28.775 UTC [TRACE] NewPluginClient for plugin hub.steampipe.io/plugins/turbot/csv@latest
2022-09-30 05:44:28.776 UTC [TRACE] stdio: waiting for stdio data
2022-09-30 05:44:28.778 UTC [TRACE] supportedOperations: query_cache:true multiple_connections:true
2022-09-30 05:44:28.778 UTC [TRACE] steampipe-plugin-csv.plugin: [TRACE] SetAllConnectionConfigs setting 1 configs
2022-09-30 05:44:28.778 UTC [TRACE] steampipe-plugin-csv.plugin: [TRACE] connection csv build schema and table map
2022-09-30 05:44:28.778 UTC [TRACE] steampipe-plugin-csv.plugin: [TRACE] initialise table /home/runner/work/steampipe-samples/steampipe-samples/all/hackernews/hn_items_all.csv
2022-09-30 05:44:28.778 UTC [TRACE] steampipe-plugin-csv.plugin: [TRACE] no DefaultRetryConfig defined - creating empty
2022-09-30 05:44:28.778 UTC [TRACE] steampipe-plugin-csv.plugin: [TRACE] no DefaultIgnoreConfig defined - creating empty
2022-09-30 05:44:28.778 UTC [TRACE] steampipe-plugin-csv.plugin: [TRACE] apply plugin defaults for DefaultRetryConfig
2022-09-30 05:44:28.778 UTC [TRACE] steampipe-plugin-csv.plugin: [TRACE] apply plugin defaults for DefaultIgnoreConfig, table &{<nil> <nil>} plugin &{<nil> <nil>}
2022-09-30 05:44:28.778 UTC [TRACE] steampipe-plugin-csv.plugin: [TRACE] DefaultRetryConfig:
2022-09-30 05:44:28.778 UTC [TRACE] steampipe-plugin-csv.plugin: [TRACE] DefaultIgnoreConfig:
2022-09-30 05:44:28.778 UTC [TRACE] steampipe-plugin-csv.plugin: [TRACE] t.List.initialise
2022-09-30 05:44:28.778 UTC [TRACE] steampipe-plugin-csv.plugin: [TRACE] ListConfig.initialise table /home/runner/work/steampipe-samples/steampipe-samples/all/hackernews/hn_items_all.csv
2022-09-30 05:44:28.778 UTC [TRACE] steampipe-plugin-csv.plugin: [TRACE] ListConfig.initialise complete: RetryConfig: , IgnoreConfig
2022-09-30 05:44:28.778 UTC [TRACE] steampipe-plugin-csv.plugin: [TRACE] back from initialiseHydrateConfigs
2022-09-30 05:44:28.778 UTC [TRACE] steampipe-plugin-csv.plugin: [TRACE] initialise table /home/runner/work/steampipe-samples/steampipe-samples/all/hackernews/hn_items_all.csv COMPLETE
2022-09-30 05:44:28.778 UTC [TRACE] steampipe-plugin-csv.plugin: [TRACE] initialise table /home/runner/work/steampipe-samples/steampipe-samples/all/hackernews/new_sc.csv
2022-09-30 05:44:28.778 UTC [TRACE] steampipe-plugin-csv.plugin: [TRACE] no DefaultRetryConfig defined - creating empty
2022-09-30 05:44:28.778 UTC [TRACE] steampipe-plugin-csv.plugin: [TRACE] no DefaultIgnoreConfig defined - creating empty
2022-09-30 05:44:28.778 UTC [TRACE] steampipe-plugin-csv.plugin: [TRACE] apply plugin defaults for DefaultRetryConfig
2022-09-30 05:44:28.778 UTC [TRACE] steampipe-plugin-csv.plugin: [TRACE] apply plugin defaults for DefaultIgnoreConfig, table &{<nil> <nil>} plugin &{<nil> <nil>}
2022-09-30 05:44:28.778 UTC [TRACE] steampipe-plugin-csv.plugin: [TRACE] DefaultRetryConfig:
2022-09-30 05:44:28.778 UTC [TRACE] steampipe-plugin-csv.plugin: [TRACE] DefaultIgnoreConfig:
2022-09-30 05:44:28.778 UTC [TRACE] steampipe-plugin-csv.plugin: [TRACE] t.List.initialise
2022-09-30 05:44:28.778 UTC [TRACE] steampipe-plugin-csv.plugin: [TRACE] ListConfig.initialise table /home/runner/work/steampipe-samples/steampipe-samples/all/hackernews/new_sc.csv
2022-09-30 05:44:28.778 UTC [TRACE] steampipe-plugin-csv.plugin: [TRACE] ListConfig.initialise complete: RetryConfig: , IgnoreConfig
2022-09-30 05:44:28.778 UTC [TRACE] steampipe-plugin-csv.plugin: [TRACE] back from initialiseHydrateConfigs
2022-09-30 05:44:28.778 UTC [TRACE] steampipe-plugin-csv.plugin: [TRACE] initialise table /home/runner/work/steampipe-samples/steampipe-samples/all/hackernews/new_sc.csv COMPLETE
2022-09-30 05:44:28.778 UTC [TRACE] steampipe-plugin-csv.plugin: [TRACE] initialise table /home/runner/work/steampipe-samples/steampipe-samples/all/hackernews/people.csv
2022-09-30 05:44:28.778 UTC [TRACE] steampipe-plugin-csv.plugin: [TRACE] no DefaultRetryConfig defined - creating empty
2022-09-30 05:44:28.778 UTC [TRACE] steampipe-plugin-csv.plugin: [TRACE] no DefaultIgnoreConfig defined - creating empty
2022-09-30 05:44:28.778 UTC [TRACE] steampipe-plugin-csv.plugin: [TRACE] apply plugin defaults for DefaultRetryConfig
2022-09-30 05:44:28.778 UTC [TRACE] steampipe-plugin-csv.plugin: [TRACE] apply plugin defaults for DefaultIgnoreConfig, table &{<nil> <nil>} plugin &{<nil> <nil>}
2022-09-30 05:44:28.778 UTC [TRACE] steampipe-plugin-csv.plugin: [TRACE] DefaultRetryConfig:
2022-09-30 05:44:28.778 UTC [TRACE] steampipe-plugin-csv.plugin: [TRACE] DefaultIgnoreConfig:
2022-09-30 05:44:28.778 UTC [TRACE] steampipe-plugin-csv.plugin: [TRACE] t.List.initialise
2022-09-30 05:44:28.778 UTC [TRACE] steampipe-plugin-csv.plugin: [TRACE] ListConfig.initialise table /home/runner/work/steampipe-samples/steampipe-samples/all/hackernews/people.csv
2022-09-30 05:44:28.778 UTC [TRACE] steampipe-plugin-csv.plugin: [TRACE] ListConfig.initialise complete: RetryConfig: , IgnoreConfig
2022-09-30 05:44:28.778 UTC [TRACE] steampipe-plugin-csv.plugin: [TRACE] back from initialiseHydrateConfigs
2022-09-30 05:44:28.778 UTC [TRACE] steampipe-plugin-csv.plugin: [TRACE] initialise table /home/runner/work/steampipe-samples/steampipe-samples/all/hackernews/people.csv COMPLETE
2022-09-30 05:44:28.778 UTC [TRACE] steampipe-plugin-csv.plugin: [TRACE] validate plugin steampipe-plugin-csv, required columns []
2022-09-30 05:44:28.778 UTC [TRACE] steampipe-plugin-csv.plugin: [TRACE] validate DefaultRetryConfig
2022-09-30 05:44:28.778 UTC [TRACE] steampipe-plugin-csv.plugin: [TRACE] validate DefaultIgnoreConfig
2022-09-30 05:44:28.778 UTC [TRACE] steampipe-plugin-csv.plugin: [TRACE] validate table names
2022-09-30 05:44:28.778 UTC [TRACE] steampipe-plugin-csv.plugin: [TRACE] plugin has 0 validation errors
2022-09-30 05:44:28.778 UTC [TRACE] steampipe-plugin-csv.plugin: [TRACE] Plugin ensureCache creating cache, maxCacheStorageMb 0
2022-09-30 05:44:28.778 UTC [TRACE] steampipe-plugin-csv.plugin: [TRACE] createCacheStore for plugin 'steampipe-plugin-csv' setting max size to 0Mb, Shards: 2, max shard size: 0
2022-09-30 05:44:28.791 UTC [INFO]  steampipe-plugin-csv.plugin: [INFO]  query cache created
2022-09-30 05:44:28.791 UTC [DEBUG] steampipe-plugin-csv.plugin: [DEBUG] SetAllConnectionConfigs finished
2022-09-30 05:44:28.791 UTC [TRACE] PluginManager getPlugin complete, returning reattach config with PID: 2018
2022-09-30 05:44:28.791 UTC [TRACE] PluginManager Get returning reattach_map:{key:"csv" value:{protocol:"grpc" addr:{Network:"unix" Address:"/tmp/plugin557551888"} pid:2018 supported_operations:{query_cache:true multiple_connections:true} connections:"csv" plugin:"hub.steampipe.io/plugins/turbot/csv@latest"}}
2022-09-30 05:44:28.806 UTC [TRACE] handleFileWatcherEvent ignoring first event
2022-09-30 05:44:28.870 UTC [TRACE] PluginManager Get, connections: '[csv]'
2022-09-30 05:44:28.870 UTC [TRACE] PluginManager getPlugin hub.steampipe.io/plugins/turbot/csv@latest connection 'csv'
2022-09-30 05:44:28.870 UTC [TRACE] connection csv found in connectionPluginMap
2022-09-30 05:44:28.870 UTC [TRACE] initialized: 2018
2022-09-30 05:44:28.870 UTC [TRACE] initialized: 2018
2022-09-30 05:44:28.870 UTC [TRACE] connection csv is loaded, check for running PID
2022-09-30 05:44:28.870 UTC [TRACE] PluginManager found 'csv' in map, pid 2018
2022-09-30 05:44:28.871 UTC [TRACE] PluginManager Get returning reattach_map:{key:"csv" value:{protocol:"grpc" addr:{Network:"unix" Address:"/tmp/plugin557551888"} pid:2018 supported_operations:{query_cache:true multiple_connections:true} connections:"csv" plugin:"hub.steampipe.io/plugins/turbot/csv@latest"}}
2022-09-30 05:44:29.014 UTC [TRACE] PluginManager Get, connections: '[hackernews]'
2022-09-30 05:44:29.014 UTC [TRACE] PluginManager getPlugin hub.steampipe.io/plugins/turbot/hackernews@latest connection 'hackernews'
2022-09-30 05:44:29.014 UTC [TRACE] PluginManager 0xc0005c0320 plugin hub.steampipe.io/plugins/turbot/hackernews@latest (hackernews) NOT started or starting - start now
2022-09-30 05:44:29.014 UTC [TRACE] ************ start plugin hackernews ********************
2022-09-30 05:44:29.014 UTC [WARN]  plugin configured with a nil SecureConfig
2022-09-30 05:44:29.014 UTC [DEBUG] starting plugin: path=/home/runner/.steampipe/plugins/hub.steampipe.io/plugins/turbot/hackernews@latest/steampipe-plugin-hackernews.plugin args=["/home/runner/.steampipe/plugins/hub.steampipe.io/plugins/turbot/hackernews@latest/steampipe-plugin-hackernews.plugin"]
2022-09-30 05:44:29.014 UTC [DEBUG] plugin started: path=/home/runner/.steampipe/plugins/hub.steampipe.io/plugins/turbot/hackernews@latest/steampipe-plugin-hackernews.plugin pid=2042
2022-09-30 05:44:29.014 UTC [DEBUG] waiting for RPC address: path=/home/runner/.steampipe/plugins/hub.steampipe.io/plugins/turbot/hackernews@latest/steampipe-plugin-hackernews.plugin
2022-09-30 05:44:29.020 UTC [INFO]  steampipe-plugin-hackernews.plugin: [INFO]  Initialise plugin 'steampipe-plugin-hackernews', using sdk version 4.1.7
2022-09-30 05:44:29.020 UTC [TRACE] steampipe-plugin-hackernews.plugin: [TRACE] defaulting SchemaMode to SchemaModeStatic
2022-09-30 05:44:29.020 UTC [TRACE] steampipe-plugin-hackernews.plugin: [TRACE] no DefaultRetryConfig defined - creating empty
2022-09-30 05:44:29.020 UTC [TRACE] steampipe-plugin-hackernews.plugin: [TRACE] no DefaultIgnoreConfig defined - creating empty
2022-09-30 05:44:29.020 UTC [TRACE] steampipe-plugin-hackernews.plugin: [TRACE] Setting Ulimit: ulimit=2560
2022-09-30 05:44:29.023 UTC [TRACE] steampipe-plugin-hackernews.plugin: [TRACE] telemetry.Init service 'steampipe-plugin-hackernews', tracingEnabled: false, metricsEnabled: false
2022-09-30 05:44:29.024 UTC [TRACE] steampipe-plugin-hackernews.plugin: [TRACE] metrics and tracing disabled' - returning
2022-09-30 05:44:29.024 UTC [DEBUG] steampipe-plugin-hackernews.plugin: plugin address: address=/tmp/plugin722364862 network=unix timestamp=2022-09-30T05:44:29.024Z
2022-09-30 05:44:29.024 UTC [DEBUG] using plugin: version=0
2022-09-30 05:44:29.024 UTC [TRACE] NewPluginClient for plugin hub.steampipe.io/plugins/turbot/hackernews@latest
2022-09-30 05:44:29.024 UTC [TRACE] stdio: waiting for stdio data
2022-09-30 05:44:29.025 UTC [TRACE] supportedOperations: query_cache:true multiple_connections:true
2022-09-30 05:44:29.025 UTC [TRACE] steampipe-plugin-hackernews.plugin: [TRACE] SetAllConnectionConfigs setting 1 configs
2022-09-30 05:44:29.025 UTC [TRACE] steampipe-plugin-hackernews.plugin: [TRACE] connection hackernews build schema and table map
2022-09-30 05:44:29.025 UTC [TRACE] steampipe-plugin-hackernews.plugin: [TRACE] initialise table hackernews_item
2022-09-30 05:44:29.025 UTC [TRACE] steampipe-plugin-hackernews.plugin: [TRACE] no DefaultRetryConfig defined - creating empty
2022-09-30 05:44:29.025 UTC [TRACE] steampipe-plugin-hackernews.plugin: [TRACE] no DefaultIgnoreConfig defined - creating empty
2022-09-30 05:44:29.025 UTC [TRACE] steampipe-plugin-hackernews.plugin: [TRACE] apply plugin defaults for DefaultRetryConfig
2022-09-30 05:44:29.025 UTC [TRACE] steampipe-plugin-hackernews.plugin: [TRACE] apply plugin defaults for DefaultIgnoreConfig, table &{<nil> <nil>} plugin &{<nil> <nil>}
2022-09-30 05:44:29.025 UTC [TRACE] steampipe-plugin-hackernews.plugin: [TRACE] DefaultRetryConfig:
2022-09-30 05:44:29.025 UTC [TRACE] steampipe-plugin-hackernews.plugin: [TRACE] DefaultIgnoreConfig:
2022-09-30 05:44:29.025 UTC [TRACE] steampipe-plugin-hackernews.plugin: [TRACE] t.Get.initialise
2022-09-30 05:44:29.025 UTC [TRACE] steampipe-plugin-hackernews.plugin: [TRACE] GetConfig.initialise table hackernews_item
2022-09-30 05:44:29.025 UTC [TRACE] steampipe-plugin-hackernews.plugin: [TRACE] GetConfig.initialise complete: RetryConfig: , IgnoreConfig:
2022-09-30 05:44:29.025 UTC [TRACE] steampipe-plugin-hackernews.plugin: [TRACE] t.List.initialise
2022-09-30 05:44:29.025 UTC [TRACE] steampipe-plugin-hackernews.plugin: [TRACE] ListConfig.initialise table hackernews_item
2022-09-30 05:44:29.025 UTC [TRACE] steampipe-plugin-hackernews.plugin: [TRACE] ListConfig.initialise complete: RetryConfig: , IgnoreConfig
2022-09-30 05:44:29.025 UTC [TRACE] steampipe-plugin-hackernews.plugin: [TRACE] HydrateConfig.initialise func getItem, table hackernews_item
2022-09-30 05:44:29.025 UTC [TRACE] steampipe-plugin-hackernews.plugin: [TRACE] HydrateConfig.initialise complete: RetryConfig: , IgnoreConfig:
2022-09-30 05:44:29.025 UTC [TRACE] steampipe-plugin-hackernews.plugin: [TRACE] back from initialiseHydrateConfigs
2022-09-30 05:44:29.025 UTC [TRACE] steampipe-plugin-hackernews.plugin: [TRACE] initialise table hackernews_item COMPLETE
2022-09-30 05:44:29.025 UTC [TRACE] steampipe-plugin-hackernews.plugin: [TRACE] initialise table hackernews_job
2022-09-30 05:44:29.025 UTC [TRACE] steampipe-plugin-hackernews.plugin: [TRACE] no DefaultRetryConfig defined - creating empty
2022-09-30 05:44:29.025 UTC [TRACE] steampipe-plugin-hackernews.plugin: [TRACE] no DefaultIgnoreConfig defined - creating empty
2022-09-30 05:44:29.025 UTC [TRACE] steampipe-plugin-hackernews.plugin: [TRACE] apply plugin defaults for DefaultRetryConfig
2022-09-30 05:44:29.025 UTC [TRACE] steampipe-plugin-hackernews.plugin: [TRACE] apply plugin defaults for DefaultIgnoreConfig, table &{<nil> <nil>} plugin &{<nil> <nil>}
2022-09-30 05:44:29.025 UTC [TRACE] steampipe-plugin-hackernews.plugin: [TRACE] DefaultRetryConfig:
2022-09-30 05:44:29.025 UTC [TRACE] steampipe-plugin-hackernews.plugin: [TRACE] DefaultIgnoreConfig:
2022-09-30 05:44:29.025 UTC [TRACE] steampipe-plugin-hackernews.plugin: [TRACE] t.Get.initialise
2022-09-30 05:44:29.025 UTC [TRACE] steampipe-plugin-hackernews.plugin: [TRACE] GetConfig.initialise table hackernews_job
2022-09-30 05:44:29.025 UTC [TRACE] steampipe-plugin-hackernews.plugin: [TRACE] GetConfig.initialise complete: RetryConfig: , IgnoreConfig:
2022-09-30 05:44:29.025 UTC [TRACE] steampipe-plugin-hackernews.plugin: [TRACE] t.List.initialise
2022-09-30 05:44:29.025 UTC [TRACE] steampipe-plugin-hackernews.plugin: [TRACE] ListConfig.initialise table hackernews_job
2022-09-30 05:44:29.025 UTC [TRACE] steampipe-plugin-hackernews.plugin: [TRACE] ListConfig.initialise complete: RetryConfig: , IgnoreConfig
2022-09-30 05:44:29.025 UTC [TRACE] steampipe-plugin-hackernews.plugin: [TRACE] HydrateConfig.initialise func getItem, table hackernews_job
2022-09-30 05:44:29.025 UTC [TRACE] steampipe-plugin-hackernews.plugin: [TRACE] HydrateConfig.initialise complete: RetryConfig: , IgnoreConfig:
2022-09-30 05:44:29.025 UTC [TRACE] steampipe-plugin-hackernews.plugin: [TRACE] back from initialiseHydrateConfigs
2022-09-30 05:44:29.025 UTC [TRACE] steampipe-plugin-hackernews.plugin: [TRACE] initialise table hackernews_job COMPLETE
2022-09-30 05:44:29.025 UTC [TRACE] steampipe-plugin-hackernews.plugin: [TRACE] initialise table hackernews_new
2022-09-30 05:44:29.025 UTC [TRACE] steampipe-plugin-hackernews.plugin: [TRACE] no DefaultRetryConfig defined - creating empty
2022-09-30 05:44:29.025 UTC [TRACE] steampipe-plugin-hackernews.plugin: [TRACE] no DefaultIgnoreConfig defined - creating empty
2022-09-30 05:44:29.025 UTC [TRACE] steampipe-plugin-hackernews.plugin: [TRACE] apply plugin defaults for DefaultRetryConfig
2022-09-30 05:44:29.025 UTC [TRACE] steampipe-plugin-hackernews.plugin: [TRACE] apply plugin defaults for DefaultIgnoreConfig, table &{<nil> <nil>} plugin &{<nil> <nil>}
2022-09-30 05:44:29.025 UTC [TRACE] steampipe-plugin-hackernews.plugin: [TRACE] DefaultRetryConfig:
2022-09-30 05:44:29.025 UTC [TRACE] steampipe-plugin-hackernews.plugin: [TRACE] DefaultIgnoreConfig:
2022-09-30 05:44:29.025 UTC [TRACE] steampipe-plugin-hackernews.plugin: [TRACE] t.Get.initialise
2022-09-30 05:44:29.025 UTC [TRACE] steampipe-plugin-hackernews.plugin: [TRACE] GetConfig.initialise table hackernews_new
2022-09-30 05:44:29.025 UTC [TRACE] steampipe-plugin-hackernews.plugin: [TRACE] GetConfig.initialise complete: RetryConfig: , IgnoreConfig:
2022-09-30 05:44:29.025 UTC [TRACE] steampipe-plugin-hackernews.plugin: [TRACE] t.List.initialise
2022-09-30 05:44:29.025 UTC [TRACE] steampipe-plugin-hackernews.plugin: [TRACE] ListConfig.initialise table hackernews_new
2022-09-30 05:44:29.025 UTC [TRACE] steampipe-plugin-hackernews.plugin: [TRACE] ListConfig.initialise complete: RetryConfig: , IgnoreConfig
2022-09-30 05:44:29.025 UTC [TRACE] steampipe-plugin-hackernews.plugin: [TRACE] HydrateConfig.initialise func getItem, table hackernews_new
2022-09-30 05:44:29.025 UTC [TRACE] steampipe-plugin-hackernews.plugin: [TRACE] HydrateConfig.initialise complete: RetryConfig: , IgnoreConfig:
2022-09-30 05:44:29.025 UTC [TRACE] steampipe-plugin-hackernews.plugin: [TRACE] back from initialiseHydrateConfigs
2022-09-30 05:44:29.025 UTC [TRACE] steampipe-plugin-hackernews.plugin: [TRACE] initialise table hackernews_new COMPLETE
2022-09-30 05:44:29.025 UTC [TRACE] steampipe-plugin-hackernews.plugin: [TRACE] initialise table hackernews_show_hn
2022-09-30 05:44:29.025 UTC [TRACE] steampipe-plugin-hackernews.plugin: [TRACE] no DefaultRetryConfig defined - creating empty
2022-09-30 05:44:29.025 UTC [TRACE] steampipe-plugin-hackernews.plugin: [TRACE] no DefaultIgnoreConfig defined - creating empty
2022-09-30 05:44:29.025 UTC [TRACE] steampipe-plugin-hackernews.plugin: [TRACE] apply plugin defaults for DefaultRetryConfig
2022-09-30 05:44:29.025 UTC [TRACE] steampipe-plugin-hackernews.plugin: [TRACE] apply plugin defaults for DefaultIgnoreConfig, table &{<nil> <nil>} plugin &{<nil> <nil>}
2022-09-30 05:44:29.025 UTC [TRACE] steampipe-plugin-hackernews.plugin: [TRACE] DefaultRetryConfig:
2022-09-30 05:44:29.025 UTC [TRACE] steampipe-plugin-hackernews.plugin: [TRACE] DefaultIgnoreConfig:
2022-09-30 05:44:29.025 UTC [TRACE] steampipe-plugin-hackernews.plugin: [TRACE] t.Get.initialise
2022-09-30 05:44:29.025 UTC [TRACE] steampipe-plugin-hackernews.plugin: [TRACE] GetConfig.initialise table hackernews_show_hn
2022-09-30 05:44:29.025 UTC [TRACE] steampipe-plugin-hackernews.plugin: [TRACE] GetConfig.initialise complete: RetryConfig: , IgnoreConfig:
2022-09-30 05:44:29.025 UTC [TRACE] steampipe-plugin-hackernews.plugin: [TRACE] t.List.initialise
2022-09-30 05:44:29.025 UTC [TRACE] steampipe-plugin-hackernews.plugin: [TRACE] ListConfig.initialise table hackernews_show_hn
2022-09-30 05:44:29.025 UTC [TRACE] steampipe-plugin-hackernews.plugin: [TRACE] ListConfig.initialise complete: RetryConfig: , IgnoreConfig
2022-09-30 05:44:29.025 UTC [TRACE] steampipe-plugin-hackernews.plugin: [TRACE] HydrateConfig.initialise func getItem, table hackernews_show_hn
2022-09-30 05:44:29.025 UTC [TRACE] steampipe-plugin-hackernews.plugin: [TRACE] HydrateConfig.initialise complete: RetryConfig: , IgnoreConfig:
2022-09-30 05:44:29.025 UTC [TRACE] steampipe-plugin-hackernews.plugin: [TRACE] back from initialiseHydrateConfigs
2022-09-30 05:44:29.025 UTC [TRACE] steampipe-plugin-hackernews.plugin: [TRACE] initialise table hackernews_show_hn COMPLETE
2022-09-30 05:44:29.025 UTC [TRACE] steampipe-plugin-hackernews.plugin: [TRACE] initialise table hackernews_top
2022-09-30 05:44:29.025 UTC [TRACE] steampipe-plugin-hackernews.plugin: [TRACE] no DefaultRetryConfig defined - creating empty
2022-09-30 05:44:29.025 UTC [TRACE] steampipe-plugin-hackernews.plugin: [TRACE] no DefaultIgnoreConfig defined - creating empty
2022-09-30 05:44:29.025 UTC [TRACE] steampipe-plugin-hackernews.plugin: [TRACE] apply plugin defaults for DefaultRetryConfig
2022-09-30 05:44:29.025 UTC [TRACE] steampipe-plugin-hackernews.plugin: [TRACE] apply plugin defaults for DefaultIgnoreConfig, table &{<nil> <nil>} plugin &{<nil> <nil>}
2022-09-30 05:44:29.025 UTC [TRACE] steampipe-plugin-hackernews.plugin: [TRACE] DefaultRetryConfig:
2022-09-30 05:44:29.025 UTC [TRACE] steampipe-plugin-hackernews.plugin: [TRACE] DefaultIgnoreConfig:
2022-09-30 05:44:29.025 UTC [TRACE] steampipe-plugin-hackernews.plugin: [TRACE] t.Get.initialise
2022-09-30 05:44:29.025 UTC [TRACE] steampipe-plugin-hackernews.plugin: [TRACE] GetConfig.initialise table hackernews_top
2022-09-30 05:44:29.025 UTC [TRACE] steampipe-plugin-hackernews.plugin: [TRACE] GetConfig.initialise complete: RetryConfig: , IgnoreConfig:
2022-09-30 05:44:29.025 UTC [TRACE] steampipe-plugin-hackernews.plugin: [TRACE] t.List.initialise
2022-09-30 05:44:29.025 UTC [TRACE] steampipe-plugin-hackernews.plugin: [TRACE] ListConfig.initialise table hackernews_top
2022-09-30 05:44:29.025 UTC [TRACE] steampipe-plugin-hackernews.plugin: [TRACE] ListConfig.initialise complete: RetryConfig: , IgnoreConfig
2022-09-30 05:44:29.025 UTC [TRACE] steampipe-plugin-hackernews.plugin: [TRACE] HydrateConfig.initialise func getItem, table hackernews_top
2022-09-30 05:44:29.025 UTC [TRACE] steampipe-plugin-hackernews.plugin: [TRACE] HydrateConfig.initialise complete: RetryConfig: , IgnoreConfig:
2022-09-30 05:44:29.025 UTC [TRACE] steampipe-plugin-hackernews.plugin: [TRACE] back from initialiseHydrateConfigs
2022-09-30 05:44:29.025 UTC [TRACE] steampipe-plugin-hackernews.plugin: [TRACE] initialise table hackernews_top COMPLETE
2022-09-30 05:44:29.025 UTC [TRACE] steampipe-plugin-hackernews.plugin: [TRACE] initialise table hackernews_user
2022-09-30 05:44:29.025 UTC [TRACE] steampipe-plugin-hackernews.plugin: [TRACE] no DefaultRetryConfig defined - creating empty
2022-09-30 05:44:29.025 UTC [TRACE] steampipe-plugin-hackernews.plugin: [TRACE] no DefaultIgnoreConfig defined - creating empty
2022-09-30 05:44:29.025 UTC [TRACE] steampipe-plugin-hackernews.plugin: [TRACE] apply plugin defaults for DefaultRetryConfig
2022-09-30 05:44:29.025 UTC [TRACE] steampipe-plugin-hackernews.plugin: [TRACE] apply plugin defaults for DefaultIgnoreConfig, table &{<nil> <nil>} plugin &{<nil> <nil>}
2022-09-30 05:44:29.025 UTC [TRACE] steampipe-plugin-hackernews.plugin: [TRACE] DefaultRetryConfig:
2022-09-30 05:44:29.025 UTC [TRACE] steampipe-plugin-hackernews.plugin: [TRACE] DefaultIgnoreConfig:
2022-09-30 05:44:29.025 UTC [TRACE] steampipe-plugin-hackernews.plugin: [TRACE] t.List.initialise
2022-09-30 05:44:29.025 UTC [TRACE] steampipe-plugin-hackernews.plugin: [TRACE] ListConfig.initialise table hackernews_user
2022-09-30 05:44:29.025 UTC [TRACE] steampipe-plugin-hackernews.plugin: [TRACE] ListConfig.initialise complete: RetryConfig: , IgnoreConfig
2022-09-30 05:44:29.025 UTC [TRACE] steampipe-plugin-hackernews.plugin: [TRACE] back from initialiseHydrateConfigs
2022-09-30 05:44:29.025 UTC [TRACE] steampipe-plugin-hackernews.plugin: [TRACE] initialise table hackernews_user COMPLETE
2022-09-30 05:44:29.025 UTC [TRACE] steampipe-plugin-hackernews.plugin: [TRACE] initialise table hackernews_ask_hn
2022-09-30 05:44:29.025 UTC [TRACE] steampipe-plugin-hackernews.plugin: [TRACE] no DefaultRetryConfig defined - creating empty
2022-09-30 05:44:29.025 UTC [TRACE] steampipe-plugin-hackernews.plugin: [TRACE] no DefaultIgnoreConfig defined - creating empty
2022-09-30 05:44:29.025 UTC [TRACE] steampipe-plugin-hackernews.plugin: [TRACE] apply plugin defaults for DefaultRetryConfig
2022-09-30 05:44:29.025 UTC [TRACE] steampipe-plugin-hackernews.plugin: [TRACE] apply plugin defaults for DefaultIgnoreConfig, table &{<nil> <nil>} plugin &{<nil> <nil>}
2022-09-30 05:44:29.025 UTC [TRACE] steampipe-plugin-hackernews.plugin: [TRACE] DefaultRetryConfig:
2022-09-30 05:44:29.025 UTC [TRACE] steampipe-plugin-hackernews.plugin: [TRACE] DefaultIgnoreConfig:
2022-09-30 05:44:29.025 UTC [TRACE] steampipe-plugin-hackernews.plugin: [TRACE] t.Get.initialise
2022-09-30 05:44:29.025 UTC [TRACE] steampipe-plugin-hackernews.plugin: [TRACE] GetConfig.initialise table hackernews_ask_hn
2022-09-30 05:44:29.025 UTC [TRACE] steampipe-plugin-hackernews.plugin: [TRACE] GetConfig.initialise complete: RetryConfig: , IgnoreConfig:
2022-09-30 05:44:29.026 UTC [TRACE] steampipe-plugin-hackernews.plugin: [TRACE] t.List.initialise
2022-09-30 05:44:29.026 UTC [TRACE] steampipe-plugin-hackernews.plugin: [TRACE] ListConfig.initialise table hackernews_ask_hn
2022-09-30 05:44:29.026 UTC [TRACE] steampipe-plugin-hackernews.plugin: [TRACE] ListConfig.initialise complete: RetryConfig: , IgnoreConfig
2022-09-30 05:44:29.026 UTC [TRACE] steampipe-plugin-hackernews.plugin: [TRACE] HydrateConfig.initialise func getItem, table hackernews_ask_hn
2022-09-30 05:44:29.026 UTC [TRACE] steampipe-plugin-hackernews.plugin: [TRACE] HydrateConfig.initialise complete: RetryConfig: , IgnoreConfig:
2022-09-30 05:44:29.026 UTC [TRACE] steampipe-plugin-hackernews.plugin: [TRACE] back from initialiseHydrateConfigs
2022-09-30 05:44:29.026 UTC [TRACE] steampipe-plugin-hackernews.plugin: [TRACE] initialise table hackernews_ask_hn COMPLETE
2022-09-30 05:44:29.026 UTC [TRACE] steampipe-plugin-hackernews.plugin: [TRACE] initialise table hackernews_best
2022-09-30 05:44:29.026 UTC [TRACE] steampipe-plugin-hackernews.plugin: [TRACE] no DefaultRetryConfig defined - creating empty
2022-09-30 05:44:29.026 UTC [TRACE] steampipe-plugin-hackernews.plugin: [TRACE] no DefaultIgnoreConfig defined - creating empty
2022-09-30 05:44:29.026 UTC [TRACE] steampipe-plugin-hackernews.plugin: [TRACE] apply plugin defaults for DefaultRetryConfig
2022-09-30 05:44:29.026 UTC [TRACE] steampipe-plugin-hackernews.plugin: [TRACE] apply plugin defaults for DefaultIgnoreConfig, table &{<nil> <nil>} plugin &{<nil> <nil>}
2022-09-30 05:44:29.026 UTC [TRACE] steampipe-plugin-hackernews.plugin: [TRACE] DefaultRetryConfig:
2022-09-30 05:44:29.026 UTC [TRACE] steampipe-plugin-hackernews.plugin: [TRACE] DefaultIgnoreConfig:
2022-09-30 05:44:29.026 UTC [TRACE] steampipe-plugin-hackernews.plugin: [TRACE] t.Get.initialise
2022-09-30 05:44:29.026 UTC [TRACE] steampipe-plugin-hackernews.plugin: [TRACE] GetConfig.initialise table hackernews_best
2022-09-30 05:44:29.026 UTC [TRACE] steampipe-plugin-hackernews.plugin: [TRACE] GetConfig.initialise complete: RetryConfig: , IgnoreConfig:
2022-09-30 05:44:29.026 UTC [TRACE] steampipe-plugin-hackernews.plugin: [TRACE] t.List.initialise
2022-09-30 05:44:29.026 UTC [TRACE] steampipe-plugin-hackernews.plugin: [TRACE] ListConfig.initialise table hackernews_best
2022-09-30 05:44:29.026 UTC [TRACE] steampipe-plugin-hackernews.plugin: [TRACE] ListConfig.initialise complete: RetryConfig: , IgnoreConfig
2022-09-30 05:44:29.026 UTC [TRACE] steampipe-plugin-hackernews.plugin: [TRACE] HydrateConfig.initialise func getItem, table hackernews_best
2022-09-30 05:44:29.026 UTC [TRACE] steampipe-plugin-hackernews.plugin: [TRACE] HydrateConfig.initialise complete: RetryConfig: , IgnoreConfig:
2022-09-30 05:44:29.026 UTC [TRACE] steampipe-plugin-hackernews.plugin: [TRACE] back from initialiseHydrateConfigs
2022-09-30 05:44:29.026 UTC [TRACE] steampipe-plugin-hackernews.plugin: [TRACE] initialise table hackernews_best COMPLETE
2022-09-30 05:44:29.026 UTC [TRACE] steampipe-plugin-hackernews.plugin: [TRACE] validate plugin steampipe-plugin-hackernews, required columns []
2022-09-30 05:44:29.026 UTC [TRACE] steampipe-plugin-hackernews.plugin: [TRACE] validate DefaultRetryConfig
2022-09-30 05:44:29.026 UTC [TRACE] steampipe-plugin-hackernews.plugin: [TRACE] validate DefaultIgnoreConfig
2022-09-30 05:44:29.026 UTC [TRACE] steampipe-plugin-hackernews.plugin: [TRACE] validate table names
2022-09-30 05:44:29.026 UTC [TRACE] steampipe-plugin-hackernews.plugin: [TRACE] plugin has 0 validation errors
2022-09-30 05:44:29.026 UTC [TRACE] steampipe-plugin-hackernews.plugin: [TRACE] Plugin ensureCache creating cache, maxCacheStorageMb 0
2022-09-30 05:44:29.026 UTC [TRACE] steampipe-plugin-hackernews.plugin: [TRACE] createCacheStore for plugin 'steampipe-plugin-hackernews' setting max size to 0Mb, Shards: 2, max shard size: 0
2022-09-30 05:44:29.038 UTC [INFO]  steampipe-plugin-hackernews.plugin: [INFO]  query cache created
2022-09-30 05:44:29.038 UTC [DEBUG] steampipe-plugin-hackernews.plugin: [DEBUG] SetAllConnectionConfigs finished
2022-09-30 05:44:29.038 UTC [TRACE] PluginManager getPlugin complete, returning reattach config with PID: 2042
2022-09-30 05:44:29.038 UTC [TRACE] PluginManager Get returning reattach_map:{key:"hackernews" value:{protocol:"grpc" addr:{Network:"unix" Address:"/tmp/plugin722364862"} pid:2042 supported_operations:{query_cache:true multiple_connections:true} connections:"hackernews" plugin:"hub.steampipe.io/plugins/turbot/hackernews@latest"}}
2022-09-30 05:44:29.041 UTC [INFO]  steampipe-plugin-hackernews.plugin: [INFO]  1664516669757: Plugin Execute (1664516669757)
2022-09-30 05:44:29.041 UTC [TRACE] steampipe-plugin-hackernews.plugin: [TRACE] 1664516669757: No memory limit set
2022-09-30 05:44:29.041 UTC [INFO]  steampipe-plugin-hackernews.plugin: [INFO]  1664516669757: Plugin Execute, setting memory limit to -1Mb
2022-09-30 05:44:29.041 UTC [TRACE] steampipe-plugin-hackernews.plugin: [TRACE] 1664516669757: calling ExtractContextFromCarrier
2022-09-30 05:44:29.041 UTC [INFO]  steampipe-plugin-hackernews.plugin: [INFO]  1664516669757: Setting max concurrent connections to 25
2022-09-30 05:44:29.041 UTC [TRACE] steampipe-plugin-hackernews.plugin: [TRACE] 1664516669757: executeForConnection callId: 1664516669757, connectionCallId: hackernews-1664516669757, connection: hackernews table: hackernews_new cols: id,title,time,by,score,dead,deleted,descendants,kids,parent,parts,poll,text,type,url,_ctx
2022-09-30 05:44:29.041 UTC [TRACE] steampipe-plugin-hackernews.plugin: [TRACE] 1664516669757: got connection data
2022-09-30 05:44:29.041 UTC [TRACE] steampipe-plugin-hackernews.plugin: [TRACE] 1664516669757: Got query context, table: hackernews_new, cols: [id title time by score dead deleted descendants kids parent parts poll text type url _ctx]
2022-09-30 05:44:29.041 UTC [TRACE] steampipe-plugin-hackernews.plugin: [TRACE] 1664516669757: Start execute span
2022-09-30 05:44:29.041 UTC [INFO]  steampipe-plugin-hackernews.plugin: [INFO]  1664516669757: Setting free memory interval to 100 rows
2022-09-30 05:44:29.041 UTC [TRACE] steampipe-plugin-hackernews.plugin: [TRACE] 1664516669757: setFetchType map[time:quals:{fieldName:"time"  string_value:">"  value:{timestamp_value:{seconds:1664513068  nanos:998840000}}}]
2022-09-30 05:44:29.042 UTC [TRACE] steampipe-plugin-hackernews.plugin: [TRACE] 1664516669757: getMatchingQuals column:'id' operator: =
2022-09-30 05:44:29.042 UTC [TRACE] steampipe-plugin-hackernews.plugin: [TRACE] 1664516669757: getMatchingQuals returning false - qualMap does not contain any quals for column id
2022-09-30 05:44:29.042 UTC [TRACE] steampipe-plugin-hackernews.plugin: [TRACE] 1664516669757: GetUnsatisfiedKeyColumns for columns column:'id' operator: =
2022-09-30 05:44:29.043 UTC [TRACE] steampipe-plugin-hackernews.plugin: [TRACE] 1664516669757: key column NOT satisfied column:'id' operator: =
2022-09-30 05:44:29.043 UTC [TRACE] steampipe-plugin-hackernews.plugin: [TRACE] 1664516669757: satisfied: map[any_of: optional: required:]
2022-09-30 05:44:29.043 UTC [TRACE] steampipe-plugin-hackernews.plugin: [TRACE] 1664516669757: unsatisfied: map[any_of: optional: required:column:'id' operator: =]
2022-09-30 05:44:29.044 UTC [TRACE] steampipe-plugin-hackernews.plugin: [TRACE] 1664516669757: unsatisfied required KeyColumns: column:'id' operator: =
2022-09-30 05:44:29.044 UTC [TRACE] steampipe-plugin-hackernews.plugin: [TRACE] 1664516669757: Set fetchType to fetchTypeList
2022-09-30 05:44:29.044 UTC [TRACE] steampipe-plugin-hackernews.plugin: [TRACE] 1664516669757: Equals key column quals:
2022-09-30 05:44:29.044 UTC [DEBUG] steampipe-plugin-hackernews.plugin: {}
2022-09-30 05:44:29.044 UTC [TRACE] steampipe-plugin-hackernews.plugin: [TRACE] 1664516669757: All key column quals:
2022-09-30 05:44:29.044 UTC [DEBUG] steampipe-plugin-hackernews.plugin: {}
2022-09-30 05:44:29.044 UTC [TRACE] steampipe-plugin-hackernews.plugin: [TRACE] 1664516669757: GetMatrixItem
2022-09-30 05:44:29.044 UTC [TRACE] steampipe-plugin-hackernews.plugin: [TRACE] 1664516669757: creating query data
2022-09-30 05:44:29.044 UTC [INFO]  steampipe-plugin-hackernews.plugin: [INFO]  1664516669757: cacheEnabled, trying cache get (hackernews-1664516669757)
2022-09-30 05:44:29.044 UTC [TRACE] steampipe-plugin-hackernews.plugin: [TRACE] 1664516669757: QueryCache Get - indexBucketKey index__hackernewshackernews_new, quals
2022-09-30 05:44:29.044 UTC [TRACE] steampipe-plugin-hackernews.plugin: [TRACE] 1664516669757: QueryCache getCachedQueryResult - table hackernews_new, connectionName hackernews
2022-09-30 05:44:29.044 UTC [TRACE] steampipe-plugin-hackernews.plugin: [TRACE] 1664516669757: index bucket key: index__hackernewshackernews_new ttlSeconds 300 limit: -1
2022-09-30 05:44:29.044 UTC [TRACE] steampipe-plugin-hackernews.plugin: [TRACE] 1664516669757: doGet cache miss
2022-09-30 05:44:29.044 UTC [TRACE] steampipe-plugin-hackernews.plugin: [TRACE] 1664516669757: getCachedIndexBucket - no item retrieved for cache key index__hackernewshackernews_new
2022-09-30 05:44:29.044 UTC [TRACE] steampipe-plugin-hackernews.plugin: [TRACE] 1664516669757: getCachedQueryResult returned CACHE MISS - checking for pending transfers
2022-09-30 05:44:29.044 UTC [TRACE] steampipe-plugin-hackernews.plugin: [TRACE] 1664516669757: getPendingResultItem indexBucketKey index__hackernewshackernews_new, columns [id title time by score dead deleted descendants kids parent parts poll text type url _ctx], limit -1
2022-09-30 05:44:29.044 UTC [TRACE] steampipe-plugin-hackernews.plugin: [TRACE] 1664516669757: no pending index item - add pending result, indexBucketKey index__hackernewshackernews_new
2022-09-30 05:44:29.044 UTC [TRACE] steampipe-plugin-hackernews.plugin: [TRACE] 1664516669757: addPendingResult (hackernews-1664516669757) indexBucketKey index__hackernewshackernews_new, columns [id title time by score dead deleted descendants kids parent parts poll text type url _ctx], limit -1
2022-09-30 05:44:29.044 UTC [TRACE] steampipe-plugin-hackernews.plugin: [TRACE] 1664516669757: no index bucket found - creating one
2022-09-30 05:44:29.044 UTC [TRACE] steampipe-plugin-hackernews.plugin: [TRACE] 1664516669757: pendingIndexItem Lock count before 0
2022-09-30 05:44:29.044 UTC [TRACE] steampipe-plugin-hackernews.plugin: [TRACE] 1664516669757: addPendingResult added pending index item to bucket, (hackernews-1664516669757) indexBucketKey index__hackernewshackernews_new, resultKeyRoot hackernewshackernews_newid,title,time,by,score,dead,deleted,descendants,kids,parent,parts,poll,text,type,url,_ctx-1, pending item : 0xc000406cf0
2022-09-30 05:44:29.044 UTC [TRACE] steampipe-plugin-hackernews.plugin: [TRACE] 1664516669757: **** pending items (hackernews-1664516669757)****
2022-09-30 05:44:29.044 UTC [TRACE] steampipe-plugin-hackernews.plugin: [TRACE] 1664516669757: key: index__hackernewshackernews_new: item: 0xc000406cf0, count: 1, key:hackernewshackernews_newid,title,time,by,score,dead,deleted,descendants,kids,parent,parts,poll,text,type,url,_ctx-1
2022-09-30 05:44:29.044 UTC [TRACE] steampipe-plugin-hackernews.plugin: [TRACE] 1664516669757: ********
2022-09-30 05:44:29.044 UTC [TRACE] steampipe-plugin-hackernews.plugin: [TRACE] 1664516669757: getPendingResultItem returning <nil>
2022-09-30 05:44:29.044 UTC [INFO]  steampipe-plugin-hackernews.plugin: [INFO]  1664516669757: CACHE MISS
2022-09-30 05:44:29.044 UTC [TRACE] steampipe-plugin-hackernews.plugin: [TRACE] 1664516669757: cache MISS
2022-09-30 05:44:29.044 UTC [INFO]  steampipe-plugin-hackernews.plugin: [INFO]  1664516669757: queryCacheGet returned CACHE MISS (hackernews-1664516669757)
2022-09-30 05:44:29.044 UTC [TRACE] steampipe-plugin-hackernews.plugin: [TRACE] 1664516669757: StartSet (hackernews-1664516669757)
2022-09-30 05:44:29.044 UTC [TRACE] steampipe-plugin-hackernews.plugin: [TRACE] 1664516669757: calling fetchItems, table: hackernews_new, matrixItem: [], limit: -1,  connectionCallId: hackernews-1664516669757"
2022-09-30 05:44:29.044 UTC [TRACE] steampipe-plugin-hackernews.plugin: [TRACE] 1664516669757: buildRowsAsync connectionCallId: hackernews-1664516669757
2022-09-30 05:44:29.044 UTC [TRACE] steampipe-plugin-hackernews.plugin: [TRACE] 1664516669757: streamRows connectionCallId: hackernews-1664516669757
2022-09-30 05:44:29.044 UTC [TRACE] steampipe-plugin-hackernews.plugin: [TRACE] 1664516669757: QueryData streamRows (hackernews-1664516669757)
2022-09-30 05:44:29.044 UTC [TRACE] steampipe-plugin-hackernews.plugin: [TRACE] 1664516669757: executeListCall START (hackernews-1664516669757)
2022-09-30 05:44:29.044 UTC [TRACE] steampipe-plugin-hackernews.plugin: [TRACE] 1664516669757: GetUnsatisfiedKeyColumns for columns
2022-09-30 05:44:29.044 UTC [TRACE] steampipe-plugin-hackernews.plugin: [TRACE] 1664516669757: doList (hackernews-1664516669757)
2022-09-30 05:44:29.044 UTC [TRACE] steampipe-plugin-hackernews.plugin: [TRACE] 1664516669757: doList: no matrix item
2022-09-30 05:44:29.260 UTC [TRACE] steampipe-plugin-hackernews.plugin: [TRACE] 1664516669757: QueryData.fetchComplete
2022-09-30 05:44:29.260 UTC [TRACE] steampipe-plugin-hackernews.plugin: [TRACE] 1664516669757: executeListCall COMPLETE (hackernews-1664516669757)
2022-09-30 05:44:29.260 UTC [TRACE] steampipe-plugin-hackernews.plugin: [TRACE] 1664516669757: rowData chan returned nil - wait for rows to complete (hackernews-1664516669757)
2022-09-30 05:44:29.272 UTC [TRACE] stdio: received data: channel=STDOUT len=18
2022-09-30 05:44:29.272 UTC [TRACE] stdio: waiting for stdio data
2022-09-30 05:44:29.401 UTC [TRACE] stdio: received data: channel=STDOUT len=1024
2022-09-30 05:44:29.401 UTC [TRACE] stdio: waiting for stdio data
2022-09-30 05:44:29.457 UTC [TRACE] stdio: received data: channel=STDOUT len=1024
2022-09-30 05:44:29.457 UTC [TRACE] stdio: waiting for stdio data
2022-09-30 05:44:29.457 UTC [TRACE] stdio: received data: channel=STDOUT len=1024
2022-09-30 05:44:29.457 UTC [TRACE] stdio: waiting for stdio data
2022-09-30 05:44:29.457 UTC [TRACE] stdio: received data: channel=STDOUT len=114
2022-09-30 05:44:29.457 UTC [TRACE] stdio: waiting for stdio data
2022-09-30 05:44:29.526 UTC [TRACE] stdio: received data: channel=STDOUT len=814
2022-09-30 05:44:29.526 UTC [TRACE] stdio: waiting for stdio data
2022-09-30 05:44:29.597 UTC [TRACE] stdio: received data: channel=STDOUT len=903
2022-09-30 05:44:29.597 UTC [TRACE] stdio: waiting for stdio data
2022-09-30 05:44:29.624 UTC [TRACE] stdio: received data: channel=STDOUT len=1024
2022-09-30 05:44:29.624 UTC [TRACE] stdio: waiting for stdio data
2022-09-30 05:44:29.625 UTC [TRACE] steampipe-plugin-hackernews.plugin: [TRACE] 1664516669757: buildRowsAsync goroutine returning (hackernews-1664516669757)
2022-09-30 05:44:29.625 UTC [TRACE] steampipe-plugin-hackernews.plugin: [TRACE] 1664516669757: streamRows - nil row, stop streaming (hackernews-1664516669757)
2022-09-30 05:44:29.625 UTC [TRACE] steampipe-plugin-hackernews.plugin: [TRACE] 1664516669757: ------------------------------------
2022-09-30 05:44:29.625 UTC [TRACE] steampipe-plugin-hackernews.plugin: [TRACE] 1664516669757: Concurrency Summary
2022-09-30 05:44:29.625 UTC [TRACE] steampipe-plugin-hackernews.plugin: [TRACE] 1664516669757: ------------------------------------
2022-09-30 05:44:29.625 UTC [TRACE] steampipe-plugin-hackernews.plugin: [TRACE] 1664516669757: getItem                       : 200
2022-09-30 05:44:29.625 UTC [TRACE] steampipe-plugin-hackernews.plugin: [TRACE] 1664516669757: ------------------------------------
2022-09-30 05:44:29.625 UTC [TRACE] steampipe-plugin-hackernews.plugin: [TRACE] 1664516669757: Total                         : 200
2022-09-30 05:44:29.625 UTC [TRACE] steampipe-plugin-hackernews.plugin: [TRACE] 1664516669757: ------------------------------------
2022-09-30 05:44:29.625 UTC [TRACE] steampipe-plugin-hackernews.plugin: [TRACE] 1664516669757: QueryData streamRows DONE (hackernews-1664516669757)
2022-09-30 05:44:29.625 UTC [TRACE] steampipe-plugin-hackernews.plugin: [TRACE] 1664516669757: EndSet (hackernews-1664516669757) table hackernews_new
2022-09-30 05:44:29.625 UTC [TRACE] steampipe-plugin-hackernews.plugin: [TRACE] 1664516669757: QueryCache writePageToCache: 500 rows, pageCount 1, page key hackernewshackernews_newid,title,time,by,score,dead,deleted,descendants,kids,parent,parts,poll,text,type,url,_ctx-1-0
2022-09-30 05:44:29.632 UTC [TRACE] steampipe-plugin-hackernews.plugin: [TRACE] 1664516669757: writePageToCache Set - result written
2022-09-30 05:44:29.632 UTC [TRACE] steampipe-plugin-hackernews.plugin: [TRACE] 1664516669757: QueryCache EndSet - result written
2022-09-30 05:44:29.632 UTC [TRACE] steampipe-plugin-hackernews.plugin: [TRACE] 1664516669757: doGet cache miss
2022-09-30 05:44:29.632 UTC [TRACE] steampipe-plugin-hackernews.plugin: [TRACE] 1664516669757: getCachedIndexBucket - no item retrieved for cache key index__hackernewshackernews_new
2022-09-30 05:44:29.632 UTC [TRACE] steampipe-plugin-hackernews.plugin: [TRACE] 1664516669757: getCachedIndexBucket returned cache miss
2022-09-30 05:44:29.632 UTC [TRACE] steampipe-plugin-hackernews.plugin: [TRACE] 1664516669757: QueryCache EndSet - Added index item (0xc01adc7740) to bucket (0xc01aad1bd8), page count 1,  key root hackernewshackernews_newid,title,time,by,score,dead,deleted,descendants,kids,parent,parts,poll,text,type,url,_ctx-1
2022-09-30 05:44:29.632 UTC [TRACE] steampipe-plugin-hackernews.plugin: [TRACE] 1664516669757: cacheSetIndexBucket index__hackernewshackernews_new
2022-09-30 05:44:29.632 UTC [TRACE] steampipe-plugin-hackernews.plugin: [TRACE] 1664516669757: QueryCache EndSet - IndexBucket written
2022-09-30 05:44:29.632 UTC [TRACE] steampipe-plugin-hackernews.plugin: [TRACE] 1664516669757: EndSet DEFER (hackernews-1664516669757) table hackernews_new
2022-09-30 05:44:29.632 UTC [TRACE] steampipe-plugin-hackernews.plugin: [TRACE] 1664516669757: calling pendingItemComplete (hackernews-1664516669757)
2022-09-30 05:44:29.632 UTC [TRACE] steampipe-plugin-hackernews.plugin: [TRACE] 1664516669757: pendingItemComplete (hackernews-1664516669757) indexBucketKey index__hackernewshackernews_new, columns [id title time by score dead deleted descendants kids parent parts poll text type url _ctx], limit -1
2022-09-30 05:44:29.632 UTC [TRACE] steampipe-plugin-hackernews.plugin: [TRACE] 1664516669757: got pending index bucket, (hackernews-1664516669757) len 1
2022-09-30 05:44:29.632 UTC [TRACE] steampipe-plugin-hackernews.plugin: [TRACE] 1664516669757: SatisfiesLimit limit -1, no item limit - satisfied
2022-09-30 05:44:29.632 UTC [TRACE] steampipe-plugin-hackernews.plugin: [TRACE] 1664516669757: found pending index item to satisfy columns id,title,time,by,score,dead,deleted,descendants,kids,parent,parts,poll,text,type,url,_ctx, limit -1
2022-09-30 05:44:29.632 UTC [TRACE] steampipe-plugin-hackernews.plugin: [TRACE] 1664516669757: found completed pending item (hackernews-1664516669757) 0xc000406cf0, key hackernewshackernews_newid,title,time,by,score,dead,deleted,descendants,kids,parent,parts,poll,text,type,url,_ctx-1 - removing from map as it is complete
2022-09-30 05:44:29.632 UTC [TRACE] steampipe-plugin-hackernews.plugin: [TRACE] 1664516669757: pendingIndexItem Unlock count before 1 key hackernewshackernews_newid,title,time,by,score,dead,deleted,descendants,kids,parent,parts,poll,text,type,url,_ctx-1
2022-09-30 05:44:29.632 UTC [TRACE] steampipe-plugin-hackernews.plugin: [TRACE] 1664516669757: deleted from pending, (hackernews-1664516669757) len 0
2022-09-30 05:44:29.632 UTC [TRACE] steampipe-plugin-hackernews.plugin: [TRACE] 1664516669757: pending bucket now empty - deleting key index__hackernewshackernews_new
2022-09-30 05:44:29.632 UTC [TRACE] steampipe-plugin-hackernews.plugin: [TRACE] 1664516669757: pendingItemComplete done (hackernews-1664516669757)
2022-09-30 05:44:29.632 UTC [TRACE] steampipe-plugin-hackernews.plugin: [TRACE] 1664516669757: cache set succeeded
2022-09-30 05:44:29.632 UTC [TRACE] steampipe-plugin-hackernews.plugin: [TRACE] 1664516669757: End execute span
2022-09-30 05:44:29.632 UTC [TRACE] steampipe-plugin-hackernews.plugin: [TRACE] 1664516669757: executeForConnection DEFER (hackernews-1664516669757)
2022-09-30 05:44:29.632 UTC [TRACE] steampipe-plugin-hackernews.plugin: [TRACE] 1664516669757: Execute complete callId: hackernews-1664516669757 table: hackernews_new
2022-09-30 05:44:29.632 UTC [TRACE] steampipe-plugin-hackernews.plugin: [TRACE] 1664516669757: executeForConnection hackernews returned
2022-09-30 05:44:29.632 UTC [TRACE] steampipe-plugin-hackernews.plugin: [TRACE] 1664516669757: output wg complete - send nil row
2022-09-30 05:44:29.632 UTC [TRACE] steampipe-plugin-hackernews.plugin: [TRACE] 1664516669757: empty row on output channel - we are done
2022-09-30 05:44:29.632 UTC [INFO]  steampipe-plugin-hackernews.plugin: [INFO]  1664516669757: Plugin Execute complete (1664516669757)
2022-09-30 05:44:29.709 UTC [TRACE] PluginManager Shutdown
2022-09-30 05:44:29.709 UTC [TRACE] killing plugin csv (2018)
2022-09-30 05:44:29.711 UTC [DEBUG] stdio: received EOF, stopping recv loop: err="rpc error: code = Unavailable desc = error reading from server: EOF"
2022-09-30 05:44:29.711 UTC [TRACE] steampipe-plugin-csv.plugin: [TRACE] FLUSHING instrumentation
2022-09-30 05:44:29.711 UTC [TRACE] steampipe-plugin-csv.plugin: [TRACE] Shutdown instrumentation
2022-09-30 05:44:29.711 UTC [INFO]  plugin process exited: path=/home/runner/.steampipe/plugins/hub.steampipe.io/plugins/turbot/csv@latest/steampipe-plugin-csv.plugin pid=2018
2022-09-30 05:44:29.711 UTC [DEBUG] plugin exited
2022-09-30 05:44:29.711 UTC [TRACE] killing plugin hackernews (2042)
2022-09-30 05:44:29.711 UTC [TRACE] steampipe-plugin-hackernews.plugin: [TRACE] 1664516669757: FLUSHING instrumentation
2022-09-30 05:44:29.711 UTC [TRACE] steampipe-plugin-hackernews.plugin: [TRACE] 1664516669757: Shutdown instrumentation
2022-09-30 05:44:29.712 UTC [DEBUG] stdio: received EOF, stopping recv loop: err="rpc error: code = Unavailable desc = error reading from server: EOF"
2022-09-30 05:44:29.714 UTC [INFO]  plugin process exited: path=/home/runner/.steampipe/plugins/hub.steampipe.io/plugins/turbot/hackernews@latest/steampipe-plugin-hackernews.plugin pid=2042
2022-09-30 05:44:29.714 UTC [DEBUG] plugin exited
2022-09-30 05:44:32.303 UTC [WARN]  PluginManager setPluginCacheSizeMap: 4 connections.
2022-09-30 05:44:32.303 UTC [WARN]  Total cache size 0Mb
2022-09-30 05:44:32.366 UTC [WARN]  plugin configured with a nil SecureConfig
2022-09-30 05:44:32.613 UTC [WARN]  steampipe-plugin-csv.plugin: [WARN]  1664516672264: getKeyColumnsForTable found no schema for table '/home/runner/work/steampipe-samples/steampipe-samples/all/hackernews/hn.csv'
2022-09-30 05:44:48.506 UTC [WARN]  PluginManager setPluginCacheSizeMap: 4 connections.
2022-09-30 05:44:48.506 UTC [WARN]  Total cache size 0Mb
2022-09-30 05:44:48.570 UTC [WARN]  plugin configured with a nil SecureConfig
2022-09-30 05:44:48.742 UTC [WARN]  steampipe-plugin-csv.plugin: [WARN]  166451668828: getKeyColumnsForTable found no schema for table '/home/runner/work/steampipe-samples/steampipe-samples/all/hackernews/hn.csv'
2022-09-30 05:45:03.657 UTC [WARN]  PluginManager setPluginCacheSizeMap: 4 connections.
2022-09-30 05:45:03.657 UTC [WARN]  Total cache size 0Mb
2022-09-30 05:45:03.720 UTC [WARN]  plugin configured with a nil SecureConfig
2022-09-30 05:45:04.697 UTC [WARN]  PluginManager setPluginCacheSizeMap: 4 connections.
2022-09-30 05:45:04.697 UTC [WARN]  Total cache size 0Mb
2022-09-30 05:45:04.760 UTC [WARN]  plugin configured with a nil SecureConfig
2022-09-30 05:45:05.576 UTC [WARN]  PluginManager setPluginCacheSizeMap: 4 connections.
2022-09-30 05:45:05.576 UTC [WARN]  Total cache size 0Mb
2022-09-30 05:45:05.637 UTC [WARN]  plugin configured with a nil SecureConfig
2022-09-30 05:45:06.353 UTC [WARN]  PluginManager setPluginCacheSizeMap: 4 connections.
2022-09-30 05:45:06.353 UTC [WARN]  Total cache size 0Mb
2022-09-30 05:45:06.416 UTC [WARN]  plugin configured with a nil SecureConfig
2022-09-30 05:45:07.177 UTC [WARN]  PluginManager setPluginCacheSizeMap: 4 connections.
2022-09-30 05:45:07.177 UTC [WARN]  Total cache size 0Mb
2022-09-30 05:45:07.240 UTC [WARN]  plugin configured with a nil SecureConfig
2022-09-30 05:45:07.970 UTC [WARN]  PluginManager setPluginCacheSizeMap: 4 connections.
2022-09-30 05:45:07.970 UTC [WARN]  Total cache size 0Mb
2022-09-30 05:45:08.032 UTC [WARN]  plugin configured with a nil SecureConfig
2022-09-30 05:45:08.756 UTC [WARN]  PluginManager setPluginCacheSizeMap: 4 connections.
2022-09-30 05:45:08.756 UTC [WARN]  Total cache size 0Mb
2022-09-30 05:45:08.818 UTC [WARN]  plugin configured with a nil SecureConfig
2022-09-30 05:45:09.532 UTC [WARN]  PluginManager setPluginCacheSizeMap: 4 connections.
2022-09-30 05:45:09.532 UTC [WARN]  Total cache size 0Mb
2022-09-30 05:45:09.595 UTC [WARN]  plugin configured with a nil SecureConfig
2022-09-30 05:45:09.758 UTC [WARN]  plugin configured with a nil SecureConfig
2022-09-30 05:46:27.514 UTC [WARN]  PluginManager setPluginCacheSizeMap: 4 connections.
2022-09-30 05:46:27.514 UTC [WARN]  Total cache size 0Mb
2022-09-30 05:46:27.576 UTC [WARN]  plugin configured with a nil SecureConfig
2022-09-30 05:46:28.288 UTC [WARN]  PluginManager setPluginCacheSizeMap: 4 connections.
2022-09-30 05:46:28.288 UTC [WARN]  Total cache size 0Mb
2022-09-30 05:46:28.350 UTC [WARN]  plugin configured with a nil SecureConfig
2022-09-30 05:46:28.362 UTC [ERROR] steampipe-plugin-csv.plugin: [ERROR] csv.tableCSV: header_parse_error=EOF path=/home/runner/work/steampipe-samples/steampipe-samples/all/hackernews/new_sc.csv header=[]
2022-09-30 05:46:28.362 UTC [ERROR] steampipe-plugin-csv.plugin: [ERROR] csv.PluginTables: create_table_error="failed to parse file header /home/runner/work/steampipe-samples/steampipe-samples/all/hackernews/new_sc.csv: EOF" path=/home/runner/work/steampipe-samples/steampipe-samples/all/hackernews/new_sc.csv
2022-09-30 05:46:28.362 UTC [WARN]  failed to set connection config: failed to parse file header /home/runner/work/steampipe-samples/steampipe-samples/all/hackernews/new_sc.csv: EOF
2022-09-30 05:46:29.053 UTC [WARN]  PluginManager setPluginCacheSizeMap: 4 connections.
2022-09-30 05:46:29.053 UTC [WARN]  Total cache size 0Mb
2022-09-30 05:46:29.116 UTC [WARN]  plugin configured with a nil SecureConfig
2022-09-30 05:46:29.284 UTC [WARN]  steampipe-plugin-csv.plugin: [WARN]  1664516789222: getKeyColumnsForTable found no schema for table '/home/runner/work/steampipe-samples/steampipe-samples/all/hackernews/new_sc.csv'
2022-09-30 05:46:32.551 UTC [WARN]  PluginManager setPluginCacheSizeMap: 4 connections.
2022-09-30 05:46:32.551 UTC [WARN]  Total cache size 0Mb
2022-09-30 05:46:32.613 UTC [WARN]  plugin configured with a nil SecureConfig
2022-09-30 05:46:33.308 UTC [WARN]  PluginManager setPluginCacheSizeMap: 4 connections.
2022-09-30 05:46:33.308 UTC [WARN]  Total cache size 0Mb
2022-09-30 05:46:33.372 UTC [WARN]  plugin configured with a nil SecureConfig
2022-09-30 05:46:33.383 UTC [ERROR] steampipe-plugin-csv.plugin: [ERROR] csv.tableCSV: header_parse_error=EOF path=/home/runner/work/steampipe-samples/steampipe-samples/all/hackernews/hn_items_all.csv header=[]
2022-09-30 05:46:33.383 UTC [ERROR] steampipe-plugin-csv.plugin: [ERROR] csv.PluginTables: create_table_error="failed to parse file header /home/runner/work/steampipe-samples/steampipe-samples/all/hackernews/hn_items_all.csv: EOF" path=/home/runner/work/steampipe-samples/steampipe-samples/all/hackernews/hn_items_all.csv
2022-09-30 05:46:33.383 UTC [WARN]  failed to set connection config: failed to parse file header /home/runner/work/steampipe-samples/steampipe-samples/all/hackernews/hn_items_all.csv: EOF
2022-09-30 05:46:34.295 UTC [WARN]  PluginManager setPluginCacheSizeMap: 4 connections.
2022-09-30 05:46:34.295 UTC [WARN]  Total cache size 0Mb
2022-09-30 05:46:34.358 UTC [WARN]  plugin configured with a nil SecureConfig
2022-09-30 05:46:34.371 UTC [ERROR] steampipe-plugin-csv.plugin: [ERROR] csv.tableCSV: header_parse_error=EOF path=/home/runner/work/steampipe-samples/steampipe-samples/all/hackernews/people.csv header=[]
2022-09-30 05:46:34.371 UTC [ERROR] steampipe-plugin-csv.plugin: [ERROR] csv.PluginTables: create_table_error="failed to parse file header /home/runner/work/steampipe-samples/steampipe-samples/all/hackernews/people.csv: EOF" path=/home/runner/work/steampipe-samples/steampipe-samples/all/hackernews/people.csv
2022-09-30 05:46:34.371 UTC [WARN]  failed to set connection config: failed to parse file header /home/runner/work/steampipe-samples/steampipe-samples/all/hackernews/people.csv: EOF
2022-09-30 05:46:34.511 UTC [WARN]  plugin configured with a nil SecureConfig
2022-09-30 05:46:34.546 UTC [WARN]  plugin configured with a nil SecureConfig
