2023-03-22 19:17:06.037 UTC [INFO]  starting plugin manager
2023-03-22 19:17:06.038 UTC [TRACE] loaded config map: csv,github,hackernews,net
2023-03-22 19:17:06.038 UTC [TRACE] NewPluginManager
2023-03-22 19:17:06.039 UTC [TRACE] PluginManager setPluginCacheSizeMap: 4 connections.
2023-03-22 19:17:06.039 UTC [TRACE] Total cache size 0Mb
2023-03-22 19:17:06.039 UTC [INFO]  starting connection watcher
2023-03-22 19:17:06.039 UTC [INFO]  created ConnectionWatcher
2023-03-22 19:17:06.039 UTC [TRACE] about to serve
2023-03-22 19:17:06.066 UTC [TRACE] PluginManager Get, connections: '[csv]'
2023-03-22 19:17:06.066 UTC [TRACE] PluginManager getPlugin hub.steampipe.io/plugins/turbot/csv@latest connection 'csv'
2023-03-22 19:17:06.066 UTC [TRACE] PluginManager 0xc000859090 plugin hub.steampipe.io/plugins/turbot/csv@latest (csv) NOT started or starting - start now
2023-03-22 19:17:06.066 UTC [TRACE] ************ start plugin csv ********************
2023-03-22 19:17:06.066 UTC [TRACE] ************ plugin path /home/runner/.steampipe/plugins/hub.steampipe.io/plugins/turbot/csv@latest/steampipe-plugin-csv.plugin ********************
2023-03-22 19:17:06.158 UTC [DEBUG] starting plugin: path=/home/runner/.steampipe/plugins/hub.steampipe.io/plugins/turbot/csv@latest/steampipe-plugin-csv.plugin args=["/home/runner/.steampipe/plugins/hub.steampipe.io/plugins/turbot/csv@latest/steampipe-plugin-csv.plugin"]
2023-03-22 19:17:06.158 UTC [DEBUG] plugin started: path=/home/runner/.steampipe/plugins/hub.steampipe.io/plugins/turbot/csv@latest/steampipe-plugin-csv.plugin pid=2015
2023-03-22 19:17:06.159 UTC [DEBUG] waiting for RPC address: path=/home/runner/.steampipe/plugins/hub.steampipe.io/plugins/turbot/csv@latest/steampipe-plugin-csv.plugin
2023-03-22 19:17:06.174 UTC [INFO]  steampipe-plugin-csv.plugin: [INFO]  initialise plugin 'steampipe-plugin-csv', using sdk version 5.3.0
2023-03-22 19:17:06.174 UTC [TRACE] steampipe-plugin-csv.plugin: [TRACE] no DefaultRetryConfig defined - creating empty
2023-03-22 19:17:06.174 UTC [TRACE] steampipe-plugin-csv.plugin: [TRACE] no DefaultIgnoreConfig defined - creating empty
2023-03-22 19:17:06.174 UTC [TRACE] steampipe-plugin-csv.plugin: [TRACE] intialising defaultWatchedFilesChangedFunc
2023-03-22 19:17:06.174 UTC [TRACE] steampipe-plugin-csv.plugin: [TRACE] telemetry.Init service 'steampipe-plugin-csv', tracingEnabled: false, metricsEnabled: false
2023-03-22 19:17:06.175 UTC [TRACE] steampipe-plugin-csv.plugin: [TRACE] metrics and tracing disabled' - returning
2023-03-22 19:17:06.175 UTC [DEBUG] steampipe-plugin-csv.plugin: plugin address: network=unix address=/tmp/plugin1017540996 timestamp=2023-03-22T19:17:06.175Z
2023-03-22 19:17:06.176 UTC [DEBUG] using plugin: version=0
2023-03-22 19:17:06.176 UTC [TRACE] NewPluginClient for plugin hub.steampipe.io/plugins/turbot/csv@latest
2023-03-22 19:17:06.178 UTC [TRACE] stdio: waiting for stdio data
2023-03-22 19:17:06.179 UTC [TRACE] supportedOperations: query_cache:true multiple_connections:true message_stream:true
2023-03-22 19:17:06.179 UTC [TRACE] steampipe-plugin-csv.plugin: [TRACE] SetAllConnectionConfigs setting 1 configs
2023-03-22 19:17:06.179 UTC [TRACE] steampipe-plugin-csv.plugin: [TRACE] connection csv build schema and table map
2023-03-22 19:17:06.179 UTC [TRACE] steampipe-plugin-csv.plugin: [TRACE] Plugin steampipe-plugin-csv initialiseTables
2023-03-22 19:17:06.180 UTC [TRACE] steampipe-plugin-csv.plugin: [TRACE] getSourceFiles source: /home/runner/work/steampipe-samples/steampipe-samples/all/hackernews, glob: /home/runner/work/steampipe-samples/steampipe-samples/all/hackernews/*.csv
2023-03-22 19:17:06.222 UTC [DEBUG] steampipe-plugin-csv.plugin: [DEBUG] csv.tableCSV: path=/home/runner/work/steampipe-samples/steampipe-samples/all/hackernews/hn_items_all.csv detected_encoding=Unknown
2023-03-22 19:17:06.222 UTC [DEBUG] steampipe-plugin-csv.plugin: [DEBUG] csv.tableCSV: path=/home/runner/work/steampipe-samples/steampipe-samples/all/hackernews/new_sc.csv detected_encoding=Unknown
2023-03-22 19:17:06.222 UTC [TRACE] steampipe-plugin-csv.plugin: [TRACE] initialise table /home/runner/work/steampipe-samples/steampipe-samples/all/hackernews/hn_items_all.csv
2023-03-22 19:17:06.222 UTC [TRACE] steampipe-plugin-csv.plugin: [TRACE] no DefaultRetryConfig defined - creating empty
2023-03-22 19:17:06.222 UTC [TRACE] steampipe-plugin-csv.plugin: [TRACE] no DefaultIgnoreConfig defined - creating empty
2023-03-22 19:17:06.222 UTC [TRACE] steampipe-plugin-csv.plugin: [TRACE] apply plugin defaults for DefaultRetryConfig
2023-03-22 19:17:06.222 UTC [TRACE] steampipe-plugin-csv.plugin: [TRACE] apply plugin defaults for DefaultIgnoreConfig, table &{<nil> <nil>} plugin &{<nil> <nil>}
2023-03-22 19:17:06.222 UTC [TRACE] steampipe-plugin-csv.plugin: [TRACE] DefaultRetryConfig:
2023-03-22 19:17:06.222 UTC [TRACE] steampipe-plugin-csv.plugin: [TRACE] DefaultIgnoreConfig:
2023-03-22 19:17:06.222 UTC [TRACE] steampipe-plugin-csv.plugin: [TRACE] t.List.initialise
2023-03-22 19:17:06.222 UTC [TRACE] steampipe-plugin-csv.plugin: [TRACE] ListConfig.initialise table /home/runner/work/steampipe-samples/steampipe-samples/all/hackernews/hn_items_all.csv
2023-03-22 19:17:06.222 UTC [TRACE] steampipe-plugin-csv.plugin: [TRACE] ListConfig.initialise complete: RetryConfig: , IgnoreConfig
2023-03-22 19:17:06.222 UTC [TRACE] steampipe-plugin-csv.plugin: [TRACE] back from initialiseHydrateConfigs
2023-03-22 19:17:06.222 UTC [TRACE] steampipe-plugin-csv.plugin: [TRACE] initialise table /home/runner/work/steampipe-samples/steampipe-samples/all/hackernews/hn_items_all.csv COMPLETE
2023-03-22 19:17:06.222 UTC [TRACE] steampipe-plugin-csv.plugin: [TRACE] initialise table /home/runner/work/steampipe-samples/steampipe-samples/all/hackernews/new_sc.csv
2023-03-22 19:17:06.222 UTC [TRACE] steampipe-plugin-csv.plugin: [TRACE] no DefaultRetryConfig defined - creating empty
2023-03-22 19:17:06.222 UTC [TRACE] steampipe-plugin-csv.plugin: [TRACE] no DefaultIgnoreConfig defined - creating empty
2023-03-22 19:17:06.222 UTC [TRACE] steampipe-plugin-csv.plugin: [TRACE] apply plugin defaults for DefaultRetryConfig
2023-03-22 19:17:06.222 UTC [TRACE] steampipe-plugin-csv.plugin: [TRACE] apply plugin defaults for DefaultIgnoreConfig, table &{<nil> <nil>} plugin &{<nil> <nil>}
2023-03-22 19:17:06.222 UTC [TRACE] steampipe-plugin-csv.plugin: [TRACE] DefaultRetryConfig:
2023-03-22 19:17:06.222 UTC [TRACE] steampipe-plugin-csv.plugin: [TRACE] DefaultIgnoreConfig:
2023-03-22 19:17:06.222 UTC [TRACE] steampipe-plugin-csv.plugin: [TRACE] t.List.initialise
2023-03-22 19:17:06.222 UTC [TRACE] steampipe-plugin-csv.plugin: [TRACE] ListConfig.initialise table /home/runner/work/steampipe-samples/steampipe-samples/all/hackernews/new_sc.csv
2023-03-22 19:17:06.222 UTC [TRACE] steampipe-plugin-csv.plugin: [TRACE] ListConfig.initialise complete: RetryConfig: , IgnoreConfig
2023-03-22 19:17:06.222 UTC [TRACE] steampipe-plugin-csv.plugin: [TRACE] back from initialiseHydrateConfigs
2023-03-22 19:17:06.222 UTC [TRACE] steampipe-plugin-csv.plugin: [TRACE] initialise table /home/runner/work/steampipe-samples/steampipe-samples/all/hackernews/new_sc.csv COMPLETE
2023-03-22 19:17:06.222 UTC [TRACE] steampipe-plugin-csv.plugin: [TRACE] validate plugin steampipe-plugin-csv, required columns []
2023-03-22 19:17:06.222 UTC [TRACE] steampipe-plugin-csv.plugin: [TRACE] validate DefaultRetryConfig
2023-03-22 19:17:06.222 UTC [TRACE] steampipe-plugin-csv.plugin: [TRACE] validate DefaultIgnoreConfig
2023-03-22 19:17:06.222 UTC [TRACE] steampipe-plugin-csv.plugin: [TRACE] validate table names
2023-03-22 19:17:06.223 UTC [INFO]  steampipe-plugin-csv.plugin: [INFO]  plugin validation result: 0 warnings 0 errors
2023-03-22 19:17:06.223 UTC [TRACE] steampipe-plugin-csv.plugin: [TRACE] SetAllConnectionConfigs added connection csv to map, setting watch paths
2023-03-22 19:17:06.223 UTC [TRACE] steampipe-plugin-csv.plugin: [TRACE] updateConnectionWatchPaths for connection csv, watch paths: [/home/runner/work/steampipe-samples/steampipe-samples/all/hackernews/*.csv]
2023-03-22 19:17:06.223 UTC [TRACE] steampipe-plugin-csv.plugin: [TRACE] ConnectionData.updateWatchPaths - create watcher options from the watchPaths [/home/runner/work/steampipe-samples/steampipe-samples/all/hackernews/*.csv]
2023-03-22 19:17:06.224 UTC [TRACE] steampipe-plugin-csv.plugin: [TRACE] ConnectionData.updateWatchPaths - created the new file watcher
2023-03-22 19:17:06.224 UTC [TRACE] steampipe-plugin-csv.plugin: [TRACE] Plugin ensureCache creating cache, maxCacheStorageMb 0
2023-03-22 19:17:06.224 UTC [TRACE] steampipe-plugin-csv.plugin: [TRACE] createCacheStore for plugin 'steampipe-plugin-csv' setting max size to 0Mb, Shards: 2, max shard size: 0
2023-03-22 19:17:06.240 UTC [INFO]  steampipe-plugin-csv.plugin: [INFO]  query cache created
2023-03-22 19:17:06.240 UTC [DEBUG] steampipe-plugin-csv.plugin: [DEBUG] SetAllConnectionConfigs finished
2023-03-22 19:17:06.243 UTC [TRACE] PluginMessageServer AddConnection for connections [csv]
2023-03-22 19:17:06.243 UTC [TRACE] openMessageStream for connection 'csv'
2023-03-22 19:17:06.244 UTC [TRACE] calling EstablishMessageStream
2023-03-22 19:17:06.244 UTC [TRACE] PluginManager getPlugin complete, returning reattach config with PID: 2015
2023-03-22 19:17:06.244 UTC [TRACE] runMessageListener connection 'csv'
2023-03-22 19:17:06.248 UTC [TRACE] steampipe-plugin-csv.plugin: [TRACE] plugin.EstablishMessageStream plugin 0xc00015a1e0, stream 0xc000654380
2023-03-22 19:17:06.248 UTC [TRACE] steampipe-plugin-csv.plugin: [TRACE] plugin.EstablishMessageStream set on plugin: plugin.messageStream 0xc000654380
2023-03-22 19:17:06.299 UTC [TRACE] PluginManager Get, connections: '[csv]'
2023-03-22 19:17:06.299 UTC [TRACE] PluginManager getPlugin hub.steampipe.io/plugins/turbot/csv@latest connection 'csv'
2023-03-22 19:17:06.299 UTC [TRACE] connection csv found in connectionPluginMap
2023-03-22 19:17:06.299 UTC [TRACE] initialized: 2015
2023-03-22 19:17:06.299 UTC [TRACE] initialized: 2015
2023-03-22 19:17:06.299 UTC [TRACE] connection csv is loaded, check for running PID
2023-03-22 19:17:06.300 UTC [TRACE] PluginManager found 'csv' in map, pid 2015
2023-03-22 19:17:06.369 UTC [TRACE] PluginManager Get, connections: '[hackernews]'
2023-03-22 19:17:06.369 UTC [TRACE] PluginManager getPlugin hub.steampipe.io/plugins/turbot/hackernews@latest connection 'hackernews'
2023-03-22 19:17:06.369 UTC [TRACE] PluginManager 0xc000859090 plugin hub.steampipe.io/plugins/turbot/hackernews@latest (hackernews) NOT started or starting - start now
2023-03-22 19:17:06.369 UTC [TRACE] ************ start plugin hackernews ********************
2023-03-22 19:17:06.369 UTC [TRACE] ************ plugin path /home/runner/.steampipe/plugins/hub.steampipe.io/plugins/turbot/hackernews@latest/steampipe-plugin-hackernews.plugin ********************
2023-03-22 19:17:06.446 UTC [DEBUG] starting plugin: path=/home/runner/.steampipe/plugins/hub.steampipe.io/plugins/turbot/hackernews@latest/steampipe-plugin-hackernews.plugin args=["/home/runner/.steampipe/plugins/hub.steampipe.io/plugins/turbot/hackernews@latest/steampipe-plugin-hackernews.plugin"]
2023-03-22 19:17:06.447 UTC [DEBUG] plugin started: path=/home/runner/.steampipe/plugins/hub.steampipe.io/plugins/turbot/hackernews@latest/steampipe-plugin-hackernews.plugin pid=2039
2023-03-22 19:17:06.447 UTC [DEBUG] waiting for RPC address: path=/home/runner/.steampipe/plugins/hub.steampipe.io/plugins/turbot/hackernews@latest/steampipe-plugin-hackernews.plugin
2023-03-22 19:17:06.455 UTC [INFO]  steampipe-plugin-hackernews.plugin: [INFO]  Initialise plugin 'steampipe-plugin-hackernews', using sdk version 4.1.7
2023-03-22 19:17:06.456 UTC [TRACE] steampipe-plugin-hackernews.plugin: [TRACE] defaulting SchemaMode to SchemaModeStatic
2023-03-22 19:17:06.456 UTC [TRACE] steampipe-plugin-hackernews.plugin: [TRACE] no DefaultRetryConfig defined - creating empty
2023-03-22 19:17:06.456 UTC [TRACE] steampipe-plugin-hackernews.plugin: [TRACE] no DefaultIgnoreConfig defined - creating empty
2023-03-22 19:17:06.456 UTC [TRACE] steampipe-plugin-hackernews.plugin: [TRACE] Setting Ulimit: ulimit=2560
2023-03-22 19:17:06.460 UTC [TRACE] steampipe-plugin-hackernews.plugin: [TRACE] telemetry.Init service 'steampipe-plugin-hackernews', tracingEnabled: false, metricsEnabled: false
2023-03-22 19:17:06.463 UTC [TRACE] steampipe-plugin-hackernews.plugin: [TRACE] metrics and tracing disabled' - returning
2023-03-22 19:17:06.464 UTC [DEBUG] using plugin: version=0
2023-03-22 19:17:06.464 UTC [TRACE] NewPluginClient for plugin hub.steampipe.io/plugins/turbot/hackernews@latest
2023-03-22 19:17:06.464 UTC [DEBUG] steampipe-plugin-hackernews.plugin: plugin address: address=/tmp/plugin1197980753 network=unix timestamp=2023-03-22T19:17:06.463Z
2023-03-22 19:17:06.464 UTC [TRACE] stdio: waiting for stdio data
2023-03-22 19:17:06.465 UTC [TRACE] supportedOperations: query_cache:true multiple_connections:true
2023-03-22 19:17:06.466 UTC [TRACE] steampipe-plugin-hackernews.plugin: [TRACE] SetAllConnectionConfigs setting 1 configs
2023-03-22 19:17:06.466 UTC [TRACE] steampipe-plugin-hackernews.plugin: [TRACE] connection hackernews build schema and table map
2023-03-22 19:17:06.466 UTC [TRACE] steampipe-plugin-hackernews.plugin: [TRACE] initialise table hackernews_show_hn
2023-03-22 19:17:06.466 UTC [TRACE] steampipe-plugin-hackernews.plugin: [TRACE] no DefaultRetryConfig defined - creating empty
2023-03-22 19:17:06.466 UTC [TRACE] steampipe-plugin-hackernews.plugin: [TRACE] no DefaultIgnoreConfig defined - creating empty
2023-03-22 19:17:06.466 UTC [TRACE] steampipe-plugin-hackernews.plugin: [TRACE] apply plugin defaults for DefaultRetryConfig
2023-03-22 19:17:06.466 UTC [TRACE] steampipe-plugin-hackernews.plugin: [TRACE] apply plugin defaults for DefaultIgnoreConfig, table &{<nil> <nil>} plugin &{<nil> <nil>}
2023-03-22 19:17:06.466 UTC [TRACE] steampipe-plugin-hackernews.plugin: [TRACE] DefaultRetryConfig:
2023-03-22 19:17:06.466 UTC [TRACE] steampipe-plugin-hackernews.plugin: [TRACE] DefaultIgnoreConfig:
2023-03-22 19:17:06.466 UTC [TRACE] steampipe-plugin-hackernews.plugin: [TRACE] t.Get.initialise
2023-03-22 19:17:06.466 UTC [TRACE] steampipe-plugin-hackernews.plugin: [TRACE] GetConfig.initialise table hackernews_show_hn
2023-03-22 19:17:06.466 UTC [TRACE] steampipe-plugin-hackernews.plugin: [TRACE] GetConfig.initialise complete: RetryConfig: , IgnoreConfig:
2023-03-22 19:17:06.466 UTC [TRACE] steampipe-plugin-hackernews.plugin: [TRACE] t.List.initialise
2023-03-22 19:17:06.466 UTC [TRACE] steampipe-plugin-hackernews.plugin: [TRACE] ListConfig.initialise table hackernews_show_hn
2023-03-22 19:17:06.466 UTC [TRACE] steampipe-plugin-hackernews.plugin: [TRACE] ListConfig.initialise complete: RetryConfig: , IgnoreConfig
2023-03-22 19:17:06.466 UTC [TRACE] steampipe-plugin-hackernews.plugin: [TRACE] HydrateConfig.initialise func getItem, table hackernews_show_hn
2023-03-22 19:17:06.466 UTC [TRACE] steampipe-plugin-hackernews.plugin: [TRACE] HydrateConfig.initialise complete: RetryConfig: , IgnoreConfig:
2023-03-22 19:17:06.466 UTC [TRACE] steampipe-plugin-hackernews.plugin: [TRACE] back from initialiseHydrateConfigs
2023-03-22 19:17:06.466 UTC [TRACE] steampipe-plugin-hackernews.plugin: [TRACE] initialise table hackernews_show_hn COMPLETE
2023-03-22 19:17:06.466 UTC [TRACE] steampipe-plugin-hackernews.plugin: [TRACE] initialise table hackernews_top
2023-03-22 19:17:06.466 UTC [TRACE] steampipe-plugin-hackernews.plugin: [TRACE] no DefaultRetryConfig defined - creating empty
2023-03-22 19:17:06.466 UTC [TRACE] steampipe-plugin-hackernews.plugin: [TRACE] no DefaultIgnoreConfig defined - creating empty
2023-03-22 19:17:06.466 UTC [TRACE] steampipe-plugin-hackernews.plugin: [TRACE] apply plugin defaults for DefaultRetryConfig
2023-03-22 19:17:06.466 UTC [TRACE] steampipe-plugin-hackernews.plugin: [TRACE] apply plugin defaults for DefaultIgnoreConfig, table &{<nil> <nil>} plugin &{<nil> <nil>}
2023-03-22 19:17:06.466 UTC [TRACE] steampipe-plugin-hackernews.plugin: [TRACE] DefaultRetryConfig:
2023-03-22 19:17:06.466 UTC [TRACE] steampipe-plugin-hackernews.plugin: [TRACE] DefaultIgnoreConfig:
2023-03-22 19:17:06.466 UTC [TRACE] steampipe-plugin-hackernews.plugin: [TRACE] t.Get.initialise
2023-03-22 19:17:06.466 UTC [TRACE] steampipe-plugin-hackernews.plugin: [TRACE] GetConfig.initialise table hackernews_top
2023-03-22 19:17:06.466 UTC [TRACE] steampipe-plugin-hackernews.plugin: [TRACE] GetConfig.initialise complete: RetryConfig: , IgnoreConfig:
2023-03-22 19:17:06.466 UTC [TRACE] steampipe-plugin-hackernews.plugin: [TRACE] t.List.initialise
2023-03-22 19:17:06.466 UTC [TRACE] steampipe-plugin-hackernews.plugin: [TRACE] ListConfig.initialise table hackernews_top
2023-03-22 19:17:06.466 UTC [TRACE] steampipe-plugin-hackernews.plugin: [TRACE] ListConfig.initialise complete: RetryConfig: , IgnoreConfig
2023-03-22 19:17:06.466 UTC [TRACE] steampipe-plugin-hackernews.plugin: [TRACE] HydrateConfig.initialise func getItem, table hackernews_top
2023-03-22 19:17:06.466 UTC [TRACE] steampipe-plugin-hackernews.plugin: [TRACE] HydrateConfig.initialise complete: RetryConfig: , IgnoreConfig:
2023-03-22 19:17:06.466 UTC [TRACE] steampipe-plugin-hackernews.plugin: [TRACE] back from initialiseHydrateConfigs
2023-03-22 19:17:06.466 UTC [TRACE] steampipe-plugin-hackernews.plugin: [TRACE] initialise table hackernews_top COMPLETE
2023-03-22 19:17:06.466 UTC [TRACE] steampipe-plugin-hackernews.plugin: [TRACE] initialise table hackernews_user
2023-03-22 19:17:06.466 UTC [TRACE] steampipe-plugin-hackernews.plugin: [TRACE] no DefaultRetryConfig defined - creating empty
2023-03-22 19:17:06.466 UTC [TRACE] steampipe-plugin-hackernews.plugin: [TRACE] no DefaultIgnoreConfig defined - creating empty
2023-03-22 19:17:06.466 UTC [TRACE] steampipe-plugin-hackernews.plugin: [TRACE] apply plugin defaults for DefaultRetryConfig
2023-03-22 19:17:06.466 UTC [TRACE] steampipe-plugin-hackernews.plugin: [TRACE] apply plugin defaults for DefaultIgnoreConfig, table &{<nil> <nil>} plugin &{<nil> <nil>}
2023-03-22 19:17:06.466 UTC [TRACE] steampipe-plugin-hackernews.plugin: [TRACE] DefaultRetryConfig:
2023-03-22 19:17:06.466 UTC [TRACE] steampipe-plugin-hackernews.plugin: [TRACE] DefaultIgnoreConfig:
2023-03-22 19:17:06.466 UTC [TRACE] steampipe-plugin-hackernews.plugin: [TRACE] t.List.initialise
2023-03-22 19:17:06.466 UTC [TRACE] steampipe-plugin-hackernews.plugin: [TRACE] ListConfig.initialise table hackernews_user
2023-03-22 19:17:06.466 UTC [TRACE] steampipe-plugin-hackernews.plugin: [TRACE] ListConfig.initialise complete: RetryConfig: , IgnoreConfig
2023-03-22 19:17:06.466 UTC [TRACE] steampipe-plugin-hackernews.plugin: [TRACE] back from initialiseHydrateConfigs
2023-03-22 19:17:06.466 UTC [TRACE] steampipe-plugin-hackernews.plugin: [TRACE] initialise table hackernews_user COMPLETE
2023-03-22 19:17:06.466 UTC [TRACE] steampipe-plugin-hackernews.plugin: [TRACE] initialise table hackernews_ask_hn
2023-03-22 19:17:06.466 UTC [TRACE] steampipe-plugin-hackernews.plugin: [TRACE] no DefaultRetryConfig defined - creating empty
2023-03-22 19:17:06.466 UTC [TRACE] steampipe-plugin-hackernews.plugin: [TRACE] no DefaultIgnoreConfig defined - creating empty
2023-03-22 19:17:06.466 UTC [TRACE] steampipe-plugin-hackernews.plugin: [TRACE] apply plugin defaults for DefaultRetryConfig
2023-03-22 19:17:06.466 UTC [TRACE] steampipe-plugin-hackernews.plugin: [TRACE] apply plugin defaults for DefaultIgnoreConfig, table &{<nil> <nil>} plugin &{<nil> <nil>}
2023-03-22 19:17:06.466 UTC [TRACE] steampipe-plugin-hackernews.plugin: [TRACE] DefaultRetryConfig:
2023-03-22 19:17:06.466 UTC [TRACE] steampipe-plugin-hackernews.plugin: [TRACE] DefaultIgnoreConfig:
2023-03-22 19:17:06.466 UTC [TRACE] steampipe-plugin-hackernews.plugin: [TRACE] t.Get.initialise
2023-03-22 19:17:06.466 UTC [TRACE] steampipe-plugin-hackernews.plugin: [TRACE] GetConfig.initialise table hackernews_ask_hn
2023-03-22 19:17:06.466 UTC [TRACE] steampipe-plugin-hackernews.plugin: [TRACE] GetConfig.initialise complete: RetryConfig: , IgnoreConfig:
2023-03-22 19:17:06.466 UTC [TRACE] steampipe-plugin-hackernews.plugin: [TRACE] t.List.initialise
2023-03-22 19:17:06.466 UTC [TRACE] steampipe-plugin-hackernews.plugin: [TRACE] ListConfig.initialise table hackernews_ask_hn
2023-03-22 19:17:06.466 UTC [TRACE] steampipe-plugin-hackernews.plugin: [TRACE] ListConfig.initialise complete: RetryConfig: , IgnoreConfig
2023-03-22 19:17:06.466 UTC [TRACE] steampipe-plugin-hackernews.plugin: [TRACE] HydrateConfig.initialise func getItem, table hackernews_ask_hn
2023-03-22 19:17:06.466 UTC [TRACE] steampipe-plugin-hackernews.plugin: [TRACE] HydrateConfig.initialise complete: RetryConfig: , IgnoreConfig:
2023-03-22 19:17:06.466 UTC [TRACE] steampipe-plugin-hackernews.plugin: [TRACE] back from initialiseHydrateConfigs
2023-03-22 19:17:06.466 UTC [TRACE] steampipe-plugin-hackernews.plugin: [TRACE] initialise table hackernews_ask_hn COMPLETE
2023-03-22 19:17:06.466 UTC [TRACE] steampipe-plugin-hackernews.plugin: [TRACE] initialise table hackernews_best
2023-03-22 19:17:06.466 UTC [TRACE] steampipe-plugin-hackernews.plugin: [TRACE] no DefaultRetryConfig defined - creating empty
2023-03-22 19:17:06.466 UTC [TRACE] steampipe-plugin-hackernews.plugin: [TRACE] no DefaultIgnoreConfig defined - creating empty
2023-03-22 19:17:06.466 UTC [TRACE] steampipe-plugin-hackernews.plugin: [TRACE] apply plugin defaults for DefaultRetryConfig
2023-03-22 19:17:06.466 UTC [TRACE] steampipe-plugin-hackernews.plugin: [TRACE] apply plugin defaults for DefaultIgnoreConfig, table &{<nil> <nil>} plugin &{<nil> <nil>}
2023-03-22 19:17:06.466 UTC [TRACE] steampipe-plugin-hackernews.plugin: [TRACE] DefaultRetryConfig:
2023-03-22 19:17:06.466 UTC [TRACE] steampipe-plugin-hackernews.plugin: [TRACE] DefaultIgnoreConfig:
2023-03-22 19:17:06.466 UTC [TRACE] steampipe-plugin-hackernews.plugin: [TRACE] t.Get.initialise
2023-03-22 19:17:06.466 UTC [TRACE] steampipe-plugin-hackernews.plugin: [TRACE] GetConfig.initialise table hackernews_best
2023-03-22 19:17:06.466 UTC [TRACE] steampipe-plugin-hackernews.plugin: [TRACE] GetConfig.initialise complete: RetryConfig: , IgnoreConfig:
2023-03-22 19:17:06.466 UTC [TRACE] steampipe-plugin-hackernews.plugin: [TRACE] t.List.initialise
2023-03-22 19:17:06.466 UTC [TRACE] steampipe-plugin-hackernews.plugin: [TRACE] ListConfig.initialise table hackernews_best
2023-03-22 19:17:06.466 UTC [TRACE] steampipe-plugin-hackernews.plugin: [TRACE] ListConfig.initialise complete: RetryConfig: , IgnoreConfig
2023-03-22 19:17:06.466 UTC [TRACE] steampipe-plugin-hackernews.plugin: [TRACE] HydrateConfig.initialise func getItem, table hackernews_best
2023-03-22 19:17:06.466 UTC [TRACE] steampipe-plugin-hackernews.plugin: [TRACE] HydrateConfig.initialise complete: RetryConfig: , IgnoreConfig:
2023-03-22 19:17:06.466 UTC [TRACE] steampipe-plugin-hackernews.plugin: [TRACE] back from initialiseHydrateConfigs
2023-03-22 19:17:06.466 UTC [TRACE] steampipe-plugin-hackernews.plugin: [TRACE] initialise table hackernews_best COMPLETE
2023-03-22 19:17:06.466 UTC [TRACE] steampipe-plugin-hackernews.plugin: [TRACE] initialise table hackernews_item
2023-03-22 19:17:06.466 UTC [TRACE] steampipe-plugin-hackernews.plugin: [TRACE] no DefaultRetryConfig defined - creating empty
2023-03-22 19:17:06.466 UTC [TRACE] steampipe-plugin-hackernews.plugin: [TRACE] no DefaultIgnoreConfig defined - creating empty
2023-03-22 19:17:06.466 UTC [TRACE] steampipe-plugin-hackernews.plugin: [TRACE] apply plugin defaults for DefaultRetryConfig
2023-03-22 19:17:06.466 UTC [TRACE] steampipe-plugin-hackernews.plugin: [TRACE] apply plugin defaults for DefaultIgnoreConfig, table &{<nil> <nil>} plugin &{<nil> <nil>}
2023-03-22 19:17:06.466 UTC [TRACE] steampipe-plugin-hackernews.plugin: [TRACE] DefaultRetryConfig:
2023-03-22 19:17:06.466 UTC [TRACE] steampipe-plugin-hackernews.plugin: [TRACE] DefaultIgnoreConfig:
2023-03-22 19:17:06.466 UTC [TRACE] steampipe-plugin-hackernews.plugin: [TRACE] t.Get.initialise
2023-03-22 19:17:06.466 UTC [TRACE] steampipe-plugin-hackernews.plugin: [TRACE] GetConfig.initialise table hackernews_item
2023-03-22 19:17:06.466 UTC [TRACE] steampipe-plugin-hackernews.plugin: [TRACE] GetConfig.initialise complete: RetryConfig: , IgnoreConfig:
2023-03-22 19:17:06.466 UTC [TRACE] steampipe-plugin-hackernews.plugin: [TRACE] t.List.initialise
2023-03-22 19:17:06.466 UTC [TRACE] steampipe-plugin-hackernews.plugin: [TRACE] ListConfig.initialise table hackernews_item
2023-03-22 19:17:06.466 UTC [TRACE] steampipe-plugin-hackernews.plugin: [TRACE] ListConfig.initialise complete: RetryConfig: , IgnoreConfig
2023-03-22 19:17:06.466 UTC [TRACE] steampipe-plugin-hackernews.plugin: [TRACE] HydrateConfig.initialise func getItem, table hackernews_item
2023-03-22 19:17:06.466 UTC [TRACE] steampipe-plugin-hackernews.plugin: [TRACE] HydrateConfig.initialise complete: RetryConfig: , IgnoreConfig:
2023-03-22 19:17:06.466 UTC [TRACE] steampipe-plugin-hackernews.plugin: [TRACE] back from initialiseHydrateConfigs
2023-03-22 19:17:06.466 UTC [TRACE] steampipe-plugin-hackernews.plugin: [TRACE] initialise table hackernews_item COMPLETE
2023-03-22 19:17:06.466 UTC [TRACE] steampipe-plugin-hackernews.plugin: [TRACE] initialise table hackernews_job
2023-03-22 19:17:06.466 UTC [TRACE] steampipe-plugin-hackernews.plugin: [TRACE] no DefaultRetryConfig defined - creating empty
2023-03-22 19:17:06.466 UTC [TRACE] steampipe-plugin-hackernews.plugin: [TRACE] no DefaultIgnoreConfig defined - creating empty
2023-03-22 19:17:06.466 UTC [TRACE] steampipe-plugin-hackernews.plugin: [TRACE] apply plugin defaults for DefaultRetryConfig
2023-03-22 19:17:06.466 UTC [TRACE] steampipe-plugin-hackernews.plugin: [TRACE] apply plugin defaults for DefaultIgnoreConfig, table &{<nil> <nil>} plugin &{<nil> <nil>}
2023-03-22 19:17:06.466 UTC [TRACE] steampipe-plugin-hackernews.plugin: [TRACE] DefaultRetryConfig:
2023-03-22 19:17:06.466 UTC [TRACE] steampipe-plugin-hackernews.plugin: [TRACE] DefaultIgnoreConfig:
2023-03-22 19:17:06.466 UTC [TRACE] steampipe-plugin-hackernews.plugin: [TRACE] t.Get.initialise
2023-03-22 19:17:06.466 UTC [TRACE] steampipe-plugin-hackernews.plugin: [TRACE] GetConfig.initialise table hackernews_job
2023-03-22 19:17:06.466 UTC [TRACE] steampipe-plugin-hackernews.plugin: [TRACE] GetConfig.initialise complete: RetryConfig: , IgnoreConfig:
2023-03-22 19:17:06.466 UTC [TRACE] steampipe-plugin-hackernews.plugin: [TRACE] t.List.initialise
2023-03-22 19:17:06.466 UTC [TRACE] steampipe-plugin-hackernews.plugin: [TRACE] ListConfig.initialise table hackernews_job
2023-03-22 19:17:06.466 UTC [TRACE] steampipe-plugin-hackernews.plugin: [TRACE] ListConfig.initialise complete: RetryConfig: , IgnoreConfig
2023-03-22 19:17:06.466 UTC [TRACE] steampipe-plugin-hackernews.plugin: [TRACE] HydrateConfig.initialise func getItem, table hackernews_job
2023-03-22 19:17:06.466 UTC [TRACE] steampipe-plugin-hackernews.plugin: [TRACE] HydrateConfig.initialise complete: RetryConfig: , IgnoreConfig:
2023-03-22 19:17:06.466 UTC [TRACE] steampipe-plugin-hackernews.plugin: [TRACE] back from initialiseHydrateConfigs
2023-03-22 19:17:06.466 UTC [TRACE] steampipe-plugin-hackernews.plugin: [TRACE] initialise table hackernews_job COMPLETE
2023-03-22 19:17:06.466 UTC [TRACE] steampipe-plugin-hackernews.plugin: [TRACE] initialise table hackernews_new
2023-03-22 19:17:06.466 UTC [TRACE] steampipe-plugin-hackernews.plugin: [TRACE] no DefaultRetryConfig defined - creating empty
2023-03-22 19:17:06.466 UTC [TRACE] steampipe-plugin-hackernews.plugin: [TRACE] no DefaultIgnoreConfig defined - creating empty
2023-03-22 19:17:06.466 UTC [TRACE] steampipe-plugin-hackernews.plugin: [TRACE] apply plugin defaults for DefaultRetryConfig
2023-03-22 19:17:06.466 UTC [TRACE] steampipe-plugin-hackernews.plugin: [TRACE] apply plugin defaults for DefaultIgnoreConfig, table &{<nil> <nil>} plugin &{<nil> <nil>}
2023-03-22 19:17:06.466 UTC [TRACE] steampipe-plugin-hackernews.plugin: [TRACE] DefaultRetryConfig:
2023-03-22 19:17:06.466 UTC [TRACE] steampipe-plugin-hackernews.plugin: [TRACE] DefaultIgnoreConfig:
2023-03-22 19:17:06.466 UTC [TRACE] steampipe-plugin-hackernews.plugin: [TRACE] t.Get.initialise
2023-03-22 19:17:06.466 UTC [TRACE] steampipe-plugin-hackernews.plugin: [TRACE] GetConfig.initialise table hackernews_new
2023-03-22 19:17:06.466 UTC [TRACE] steampipe-plugin-hackernews.plugin: [TRACE] GetConfig.initialise complete: RetryConfig: , IgnoreConfig:
2023-03-22 19:17:06.466 UTC [TRACE] steampipe-plugin-hackernews.plugin: [TRACE] t.List.initialise
2023-03-22 19:17:06.466 UTC [TRACE] steampipe-plugin-hackernews.plugin: [TRACE] ListConfig.initialise table hackernews_new
2023-03-22 19:17:06.466 UTC [TRACE] steampipe-plugin-hackernews.plugin: [TRACE] ListConfig.initialise complete: RetryConfig: , IgnoreConfig
2023-03-22 19:17:06.466 UTC [TRACE] steampipe-plugin-hackernews.plugin: [TRACE] HydrateConfig.initialise func getItem, table hackernews_new
2023-03-22 19:17:06.466 UTC [TRACE] steampipe-plugin-hackernews.plugin: [TRACE] HydrateConfig.initialise complete: RetryConfig: , IgnoreConfig:
2023-03-22 19:17:06.466 UTC [TRACE] steampipe-plugin-hackernews.plugin: [TRACE] back from initialiseHydrateConfigs
2023-03-22 19:17:06.466 UTC [TRACE] steampipe-plugin-hackernews.plugin: [TRACE] initialise table hackernews_new COMPLETE
2023-03-22 19:17:06.466 UTC [TRACE] steampipe-plugin-hackernews.plugin: [TRACE] validate plugin steampipe-plugin-hackernews, required columns []
2023-03-22 19:17:06.466 UTC [TRACE] steampipe-plugin-hackernews.plugin: [TRACE] validate DefaultRetryConfig
2023-03-22 19:17:06.466 UTC [TRACE] steampipe-plugin-hackernews.plugin: [TRACE] validate DefaultIgnoreConfig
2023-03-22 19:17:06.466 UTC [TRACE] steampipe-plugin-hackernews.plugin: [TRACE] validate table names
2023-03-22 19:17:06.466 UTC [TRACE] steampipe-plugin-hackernews.plugin: [TRACE] plugin has 0 validation errors
2023-03-22 19:17:06.466 UTC [TRACE] steampipe-plugin-hackernews.plugin: [TRACE] Plugin ensureCache creating cache, maxCacheStorageMb 0
2023-03-22 19:17:06.466 UTC [TRACE] steampipe-plugin-hackernews.plugin: [TRACE] createCacheStore for plugin 'steampipe-plugin-hackernews' setting max size to 0Mb, Shards: 2, max shard size: 0
2023-03-22 19:17:06.482 UTC [INFO]  steampipe-plugin-hackernews.plugin: [INFO]  query cache created
2023-03-22 19:17:06.482 UTC [DEBUG] steampipe-plugin-hackernews.plugin: [DEBUG] SetAllConnectionConfigs finished
2023-03-22 19:17:06.484 UTC [TRACE] PluginManager getPlugin complete, returning reattach config with PID: 2039
2023-03-22 19:17:06.500 UTC [INFO]  steampipe-plugin-hackernews.plugin: [INFO]  1679512626884: Plugin Execute (1679512626884)
2023-03-22 19:17:06.500 UTC [TRACE] steampipe-plugin-hackernews.plugin: [TRACE] 1679512626884: No memory limit set
2023-03-22 19:17:06.500 UTC [INFO]  steampipe-plugin-hackernews.plugin: [INFO]  1679512626884: Plugin Execute, setting memory limit to -1Mb
2023-03-22 19:17:06.500 UTC [TRACE] steampipe-plugin-hackernews.plugin: [TRACE] 1679512626884: calling ExtractContextFromCarrier
2023-03-22 19:17:06.500 UTC [INFO]  steampipe-plugin-hackernews.plugin: [INFO]  1679512626884: Setting max concurrent connections to 25
2023-03-22 19:17:06.500 UTC [TRACE] steampipe-plugin-hackernews.plugin: [TRACE] 1679512626884: executeForConnection callId: 1679512626884, connectionCallId: hackernews-1679512626884, connection: hackernews table: hackernews_new cols: id,title,time,by,score,dead,deleted,descendants,kids,parent,parts,poll,text,type,url,_ctx
2023-03-22 19:17:06.501 UTC [TRACE] steampipe-plugin-hackernews.plugin: [TRACE] 1679512626884: got connection data
2023-03-22 19:17:06.501 UTC [TRACE] steampipe-plugin-hackernews.plugin: [TRACE] 1679512626884: Got query context, table: hackernews_new, cols: [id title time by score dead deleted descendants kids parent parts poll text type url _ctx]
2023-03-22 19:17:06.501 UTC [TRACE] steampipe-plugin-hackernews.plugin: [TRACE] 1679512626884: Start execute span
2023-03-22 19:17:06.501 UTC [INFO]  steampipe-plugin-hackernews.plugin: [INFO]  1679512626884: Setting free memory interval to 100 rows
2023-03-22 19:17:06.501 UTC [TRACE] steampipe-plugin-hackernews.plugin: [TRACE] 1679512626884: setFetchType map[time:quals:{fieldName:"time"  string_value:">"  value:{timestamp_value:{seconds:1679509026  nanos:340432000}}}]
2023-03-22 19:17:06.502 UTC [TRACE] steampipe-plugin-hackernews.plugin: [TRACE] 1679512626884: getMatchingQuals column:'id' operator: =
2023-03-22 19:17:06.502 UTC [TRACE] steampipe-plugin-hackernews.plugin: [TRACE] 1679512626884: getMatchingQuals returning false - qualMap does not contain any quals for column id
2023-03-22 19:17:06.503 UTC [TRACE] steampipe-plugin-hackernews.plugin: [TRACE] 1679512626884: GetUnsatisfiedKeyColumns for columns column:'id' operator: =
2023-03-22 19:17:06.503 UTC [TRACE] steampipe-plugin-hackernews.plugin: [TRACE] 1679512626884: key column NOT satisfied column:'id' operator: =
2023-03-22 19:17:06.503 UTC [TRACE] steampipe-plugin-hackernews.plugin: [TRACE] 1679512626884: satisfied: map[any_of: optional: required:]
2023-03-22 19:17:06.504 UTC [TRACE] steampipe-plugin-hackernews.plugin: [TRACE] 1679512626884: unsatisfied: map[any_of: optional: required:column:'id' operator: =]
2023-03-22 19:17:06.505 UTC [TRACE] steampipe-plugin-hackernews.plugin: [TRACE] 1679512626884: unsatisfied required KeyColumns: column:'id' operator: =
2023-03-22 19:17:06.505 UTC [TRACE] steampipe-plugin-hackernews.plugin: [TRACE] 1679512626884: Set fetchType to fetchTypeList
2023-03-22 19:17:06.505 UTC [TRACE] steampipe-plugin-hackernews.plugin: [TRACE] 1679512626884: Equals key column quals:
2023-03-22 19:17:06.505 UTC [DEBUG] steampipe-plugin-hackernews.plugin: {}
2023-03-22 19:17:06.505 UTC [TRACE] steampipe-plugin-hackernews.plugin: [TRACE] 1679512626884: All key column quals:
2023-03-22 19:17:06.505 UTC [DEBUG] steampipe-plugin-hackernews.plugin: {}
2023-03-22 19:17:06.505 UTC [TRACE] steampipe-plugin-hackernews.plugin: [TRACE] 1679512626884: GetMatrixItem
2023-03-22 19:17:06.505 UTC [TRACE] steampipe-plugin-hackernews.plugin: [TRACE] 1679512626884: creating query data
2023-03-22 19:17:06.505 UTC [INFO]  steampipe-plugin-hackernews.plugin: [INFO]  1679512626884: cacheEnabled, trying cache get (hackernews-1679512626884)
2023-03-22 19:17:06.505 UTC [TRACE] steampipe-plugin-hackernews.plugin: [TRACE] 1679512626884: QueryCache Get - indexBucketKey index__hackernewshackernews_new, quals
2023-03-22 19:17:06.505 UTC [TRACE] steampipe-plugin-hackernews.plugin: [TRACE] 1679512626884: QueryCache getCachedQueryResult - table hackernews_new, connectionName hackernews
2023-03-22 19:17:06.505 UTC [TRACE] steampipe-plugin-hackernews.plugin: [TRACE] 1679512626884: index bucket key: index__hackernewshackernews_new ttlSeconds 300 limit: -1
2023-03-22 19:17:06.505 UTC [TRACE] steampipe-plugin-hackernews.plugin: [TRACE] 1679512626884: doGet cache miss
2023-03-22 19:17:06.505 UTC [TRACE] steampipe-plugin-hackernews.plugin: [TRACE] 1679512626884: getCachedIndexBucket - no item retrieved for cache key index__hackernewshackernews_new
2023-03-22 19:17:06.505 UTC [TRACE] steampipe-plugin-hackernews.plugin: [TRACE] 1679512626884: getCachedQueryResult returned CACHE MISS - checking for pending transfers
2023-03-22 19:17:06.505 UTC [TRACE] steampipe-plugin-hackernews.plugin: [TRACE] 1679512626884: getPendingResultItem indexBucketKey index__hackernewshackernews_new, columns [id title time by score dead deleted descendants kids parent parts poll text type url _ctx], limit -1
2023-03-22 19:17:06.505 UTC [TRACE] steampipe-plugin-hackernews.plugin: [TRACE] 1679512626884: no pending index item - add pending result, indexBucketKey index__hackernewshackernews_new
2023-03-22 19:17:06.505 UTC [TRACE] steampipe-plugin-hackernews.plugin: [TRACE] 1679512626884: addPendingResult (hackernews-1679512626884) indexBucketKey index__hackernewshackernews_new, columns [id title time by score dead deleted descendants kids parent parts poll text type url _ctx], limit -1
2023-03-22 19:17:06.505 UTC [TRACE] steampipe-plugin-hackernews.plugin: [TRACE] 1679512626884: no index bucket found - creating one
2023-03-22 19:17:06.505 UTC [TRACE] steampipe-plugin-hackernews.plugin: [TRACE] 1679512626884: pendingIndexItem Lock count before 0
2023-03-22 19:17:06.505 UTC [TRACE] steampipe-plugin-hackernews.plugin: [TRACE] 1679512626884: addPendingResult added pending index item to bucket, (hackernews-1679512626884) indexBucketKey index__hackernewshackernews_new, resultKeyRoot hackernewshackernews_newid,title,time,by,score,dead,deleted,descendants,kids,parent,parts,poll,text,type,url,_ctx-1, pending item : 0xc000415ce0
2023-03-22 19:17:06.505 UTC [TRACE] steampipe-plugin-hackernews.plugin: [TRACE] 1679512626884: **** pending items (hackernews-1679512626884)****
2023-03-22 19:17:06.505 UTC [TRACE] steampipe-plugin-hackernews.plugin: [TRACE] 1679512626884: key: index__hackernewshackernews_new: item: 0xc000415ce0, count: 1, key:hackernewshackernews_newid,title,time,by,score,dead,deleted,descendants,kids,parent,parts,poll,text,type,url,_ctx-1
2023-03-22 19:17:06.505 UTC [TRACE] steampipe-plugin-hackernews.plugin: [TRACE] 1679512626884: ********
2023-03-22 19:17:06.505 UTC [TRACE] steampipe-plugin-hackernews.plugin: [TRACE] 1679512626884: getPendingResultItem returning <nil>
2023-03-22 19:17:06.505 UTC [INFO]  steampipe-plugin-hackernews.plugin: [INFO]  1679512626884: CACHE MISS
2023-03-22 19:17:06.505 UTC [TRACE] steampipe-plugin-hackernews.plugin: [TRACE] 1679512626884: cache MISS
2023-03-22 19:17:06.505 UTC [INFO]  steampipe-plugin-hackernews.plugin: [INFO]  1679512626884: queryCacheGet returned CACHE MISS (hackernews-1679512626884)
2023-03-22 19:17:06.505 UTC [TRACE] steampipe-plugin-hackernews.plugin: [TRACE] 1679512626884: StartSet (hackernews-1679512626884)
2023-03-22 19:17:06.505 UTC [TRACE] steampipe-plugin-hackernews.plugin: [TRACE] 1679512626884: calling fetchItems, table: hackernews_new, matrixItem: [], limit: -1,  connectionCallId: hackernews-1679512626884"
2023-03-22 19:17:06.505 UTC [TRACE] steampipe-plugin-hackernews.plugin: [TRACE] 1679512626884: buildRowsAsync connectionCallId: hackernews-1679512626884
2023-03-22 19:17:06.505 UTC [TRACE] steampipe-plugin-hackernews.plugin: [TRACE] 1679512626884: streamRows connectionCallId: hackernews-1679512626884
2023-03-22 19:17:06.505 UTC [TRACE] steampipe-plugin-hackernews.plugin: [TRACE] 1679512626884: QueryData streamRows (hackernews-1679512626884)
2023-03-22 19:17:06.505 UTC [TRACE] steampipe-plugin-hackernews.plugin: [TRACE] 1679512626884: executeListCall START (hackernews-1679512626884)
2023-03-22 19:17:06.505 UTC [TRACE] steampipe-plugin-hackernews.plugin: [TRACE] 1679512626884: GetUnsatisfiedKeyColumns for columns
2023-03-22 19:17:06.505 UTC [TRACE] steampipe-plugin-hackernews.plugin: [TRACE] 1679512626884: doList (hackernews-1679512626884)
2023-03-22 19:17:06.505 UTC [TRACE] steampipe-plugin-hackernews.plugin: [TRACE] 1679512626884: doList: no matrix item
2023-03-22 19:17:06.762 UTC [TRACE] stdio: received data: channel=STDOUT len=17
2023-03-22 19:17:06.762 UTC [TRACE] stdio: waiting for stdio data
2023-03-22 19:17:06.764 UTC [TRACE] steampipe-plugin-hackernews.plugin: [TRACE] 1679512626884: QueryData.fetchComplete
2023-03-22 19:17:06.764 UTC [TRACE] steampipe-plugin-hackernews.plugin: [TRACE] 1679512626884: executeListCall COMPLETE (hackernews-1679512626884)
2023-03-22 19:17:06.765 UTC [TRACE] steampipe-plugin-hackernews.plugin: [TRACE] 1679512626884: rowData chan returned nil - wait for rows to complete (hackernews-1679512626884)
2023-03-22 19:17:06.932 UTC [TRACE] stdio: received data: channel=STDOUT len=743
2023-03-22 19:17:06.932 UTC [TRACE] stdio: waiting for stdio data
2023-03-22 19:17:06.958 UTC [TRACE] stdio: received data: channel=STDOUT len=689
2023-03-22 19:17:06.958 UTC [TRACE] stdio: waiting for stdio data
2023-03-22 19:17:06.970 UTC [TRACE] stdio: received data: channel=STDOUT len=303
2023-03-22 19:17:06.970 UTC [TRACE] stdio: waiting for stdio data
2023-03-22 19:17:07.106 UTC [TRACE] stdio: received data: channel=STDOUT len=756
2023-03-22 19:17:07.106 UTC [TRACE] stdio: waiting for stdio data
2023-03-22 19:17:07.157 UTC [TRACE] stdio: received data: channel=STDOUT len=42
2023-03-22 19:17:07.157 UTC [TRACE] stdio: waiting for stdio data
2023-03-22 19:17:07.209 UTC [TRACE] stdio: received data: channel=STDOUT len=1024
2023-03-22 19:17:07.209 UTC [TRACE] stdio: waiting for stdio data
2023-03-22 19:17:07.233 UTC [TRACE] steampipe-plugin-hackernews.plugin: [TRACE] 1679512626884: buildRowsAsync goroutine returning (hackernews-1679512626884)
2023-03-22 19:17:07.233 UTC [TRACE] steampipe-plugin-hackernews.plugin: [TRACE] 1679512626884: streamRows - nil row, stop streaming (hackernews-1679512626884)
2023-03-22 19:17:07.233 UTC [TRACE] steampipe-plugin-hackernews.plugin: [TRACE] 1679512626884: ------------------------------------
2023-03-22 19:17:07.233 UTC [TRACE] steampipe-plugin-hackernews.plugin: [TRACE] 1679512626884: Concurrency Summary
2023-03-22 19:17:07.233 UTC [TRACE] steampipe-plugin-hackernews.plugin: [TRACE] 1679512626884: ------------------------------------
2023-03-22 19:17:07.233 UTC [TRACE] steampipe-plugin-hackernews.plugin: [TRACE] 1679512626884: getItem                       : 200
2023-03-22 19:17:07.233 UTC [TRACE] steampipe-plugin-hackernews.plugin: [TRACE] 1679512626884: ------------------------------------
2023-03-22 19:17:07.233 UTC [TRACE] steampipe-plugin-hackernews.plugin: [TRACE] 1679512626884: Total                         : 200
2023-03-22 19:17:07.233 UTC [TRACE] steampipe-plugin-hackernews.plugin: [TRACE] 1679512626884: ------------------------------------
2023-03-22 19:17:07.233 UTC [TRACE] steampipe-plugin-hackernews.plugin: [TRACE] 1679512626884: QueryData streamRows DONE (hackernews-1679512626884)
2023-03-22 19:17:07.233 UTC [TRACE] steampipe-plugin-hackernews.plugin: [TRACE] 1679512626884: EndSet (hackernews-1679512626884) table hackernews_new
2023-03-22 19:17:07.233 UTC [TRACE] steampipe-plugin-hackernews.plugin: [TRACE] 1679512626884: QueryCache writePageToCache: 500 rows, pageCount 1, page key hackernewshackernews_newid,title,time,by,score,dead,deleted,descendants,kids,parent,parts,poll,text,type,url,_ctx-1-0
2023-03-22 19:17:07.244 UTC [TRACE] steampipe-plugin-hackernews.plugin: [TRACE] 1679512626884: writePageToCache Set - result written
2023-03-22 19:17:07.244 UTC [TRACE] steampipe-plugin-hackernews.plugin: [TRACE] 1679512626884: QueryCache EndSet - result written
2023-03-22 19:17:07.244 UTC [TRACE] steampipe-plugin-hackernews.plugin: [TRACE] 1679512626884: doGet cache miss
2023-03-22 19:17:07.244 UTC [TRACE] steampipe-plugin-hackernews.plugin: [TRACE] 1679512626884: getCachedIndexBucket - no item retrieved for cache key index__hackernewshackernews_new
2023-03-22 19:17:07.244 UTC [TRACE] steampipe-plugin-hackernews.plugin: [TRACE] 1679512626884: getCachedIndexBucket returned cache miss
2023-03-22 19:17:07.244 UTC [TRACE] steampipe-plugin-hackernews.plugin: [TRACE] 1679512626884: QueryCache EndSet - Added index item (0xc01a95e600) to bucket (0xc01a83c6c0), page count 1,  key root hackernewshackernews_newid,title,time,by,score,dead,deleted,descendants,kids,parent,parts,poll,text,type,url,_ctx-1
2023-03-22 19:17:07.244 UTC [TRACE] steampipe-plugin-hackernews.plugin: [TRACE] 1679512626884: cacheSetIndexBucket index__hackernewshackernews_new
2023-03-22 19:17:07.244 UTC [TRACE] steampipe-plugin-hackernews.plugin: [TRACE] 1679512626884: QueryCache EndSet - IndexBucket written
2023-03-22 19:17:07.244 UTC [TRACE] steampipe-plugin-hackernews.plugin: [TRACE] 1679512626884: EndSet DEFER (hackernews-1679512626884) table hackernews_new
2023-03-22 19:17:07.244 UTC [TRACE] steampipe-plugin-hackernews.plugin: [TRACE] 1679512626884: calling pendingItemComplete (hackernews-1679512626884)
2023-03-22 19:17:07.244 UTC [TRACE] steampipe-plugin-hackernews.plugin: [TRACE] 1679512626884: pendingItemComplete (hackernews-1679512626884) indexBucketKey index__hackernewshackernews_new, columns [id title time by score dead deleted descendants kids parent parts poll text type url _ctx], limit -1
2023-03-22 19:17:07.244 UTC [TRACE] steampipe-plugin-hackernews.plugin: [TRACE] 1679512626884: got pending index bucket, (hackernews-1679512626884) len 1
2023-03-22 19:17:07.244 UTC [TRACE] steampipe-plugin-hackernews.plugin: [TRACE] 1679512626884: SatisfiesLimit limit -1, no item limit - satisfied
2023-03-22 19:17:07.244 UTC [TRACE] steampipe-plugin-hackernews.plugin: [TRACE] 1679512626884: found pending index item to satisfy columns id,title,time,by,score,dead,deleted,descendants,kids,parent,parts,poll,text,type,url,_ctx, limit -1
2023-03-22 19:17:07.244 UTC [TRACE] steampipe-plugin-hackernews.plugin: [TRACE] 1679512626884: found completed pending item (hackernews-1679512626884) 0xc000415ce0, key hackernewshackernews_newid,title,time,by,score,dead,deleted,descendants,kids,parent,parts,poll,text,type,url,_ctx-1 - removing from map as it is complete
2023-03-22 19:17:07.245 UTC [TRACE] steampipe-plugin-hackernews.plugin: [TRACE] 1679512626884: pendingIndexItem Unlock count before 1 key hackernewshackernews_newid,title,time,by,score,dead,deleted,descendants,kids,parent,parts,poll,text,type,url,_ctx-1
2023-03-22 19:17:07.245 UTC [TRACE] steampipe-plugin-hackernews.plugin: [TRACE] 1679512626884: deleted from pending, (hackernews-1679512626884) len 0
2023-03-22 19:17:07.245 UTC [TRACE] steampipe-plugin-hackernews.plugin: [TRACE] 1679512626884: pending bucket now empty - deleting key index__hackernewshackernews_new
2023-03-22 19:17:07.245 UTC [TRACE] steampipe-plugin-hackernews.plugin: [TRACE] 1679512626884: pendingItemComplete done (hackernews-1679512626884)
2023-03-22 19:17:07.245 UTC [TRACE] steampipe-plugin-hackernews.plugin: [TRACE] 1679512626884: cache set succeeded
2023-03-22 19:17:07.245 UTC [TRACE] steampipe-plugin-hackernews.plugin: [TRACE] 1679512626884: End execute span
2023-03-22 19:17:07.245 UTC [TRACE] steampipe-plugin-hackernews.plugin: [TRACE] 1679512626884: executeForConnection DEFER (hackernews-1679512626884)
2023-03-22 19:17:07.245 UTC [TRACE] steampipe-plugin-hackernews.plugin: [TRACE] 1679512626884: Execute complete callId: hackernews-1679512626884 table: hackernews_new
2023-03-22 19:17:07.245 UTC [TRACE] steampipe-plugin-hackernews.plugin: [TRACE] 1679512626884: executeForConnection hackernews returned
2023-03-22 19:17:07.245 UTC [TRACE] steampipe-plugin-hackernews.plugin: [TRACE] 1679512626884: output wg complete - send nil row
2023-03-22 19:17:07.245 UTC [TRACE] steampipe-plugin-hackernews.plugin: [TRACE] 1679512626884: empty row on output channel - we are done
2023-03-22 19:17:07.245 UTC [INFO]  steampipe-plugin-hackernews.plugin: [INFO]  1679512626884: Plugin Execute complete (1679512626884)
2023-03-22 19:17:07.258 UTC [TRACE] stdio: received data: channel=STDOUT len=67
2023-03-22 19:17:07.258 UTC [TRACE] stdio: waiting for stdio data
2023-03-22 19:17:07.286 UTC [INFO]  PluginManager Shutdown
2023-03-22 19:17:07.286 UTC [INFO]  PluginManager killing plugin csv (2015)
2023-03-22 19:17:07.286 UTC [DEBUG] stdio: received EOF, stopping recv loop: err="rpc error: code = Unavailable desc = error reading from server: EOF"
2023-03-22 19:17:07.286 UTC [TRACE] receive error for connection 'csv': rpc error: code = Unavailable desc = error reading from server: EOF
2023-03-22 19:17:07.286 UTC [TRACE] cache listener received EOF for connection 'csv', returning
2023-03-22 19:17:07.287 UTC [TRACE] steampipe-plugin-csv.plugin: [TRACE] FLUSHING instrumentation
2023-03-22 19:17:07.287 UTC [TRACE] steampipe-plugin-csv.plugin: [TRACE] Shutdown instrumentation
2023-03-22 19:17:07.300 UTC [TRACE] steampipe-plugin-csv.plugin: [TRACE] file watcher event [no events]   ""
2023-03-22 19:17:07.300 UTC [TRACE] steampipe-plugin-csv.plugin: [TRACE] file watcher event [no events]   ""
2023-03-22 19:17:07.300 UTC [TRACE] steampipe-plugin-csv.plugin: [TRACE] ignore file change [no events]   ""
2023-03-22 19:17:07.300 UTC [TRACE] steampipe-plugin-csv.plugin: [TRACE] handleEvent error <nil>
2023-03-22 19:17:07.302 UTC [INFO]  plugin process exited: path=/home/runner/.steampipe/plugins/hub.steampipe.io/plugins/turbot/csv@latest/steampipe-plugin-csv.plugin pid=2015
2023-03-22 19:17:07.302 UTC [DEBUG] plugin exited
2023-03-22 19:17:07.302 UTC [INFO]  PluginManager killing plugin hackernews (2039)
2023-03-22 19:17:07.307 UTC [DEBUG] stdio: received EOF, stopping recv loop: err="rpc error: code = Unavailable desc = error reading from server: EOF"
2023-03-22 19:17:07.307 UTC [TRACE] steampipe-plugin-hackernews.plugin: [TRACE] 1679512626884: FLUSHING instrumentation
2023-03-22 19:17:07.307 UTC [TRACE] steampipe-plugin-hackernews.plugin: [TRACE] 1679512626884: Shutdown instrumentation
2023-03-22 19:17:07.311 UTC [INFO]  plugin process exited: path=/home/runner/.steampipe/plugins/hub.steampipe.io/plugins/turbot/hackernews@latest/steampipe-plugin-hackernews.plugin pid=2039
2023-03-22 19:17:07.311 UTC [DEBUG] plugin exited
2023-03-22 19:22:20.316 UTC [ERROR] steampipe-plugin-csv.plugin: [ERROR] csv.tableCSV: header_parse_error=EOF path=/home/runner/work/steampipe-samples/steampipe-samples/all/hackernews/new_sc.csv header=[]
2023-03-22 19:22:20.317 UTC [ERROR] steampipe-plugin-csv.plugin: [ERROR] csv.PluginTables: create_table_error="failed to parse file header /home/runner/work/steampipe-samples/steampipe-samples/all/hackernews/new_sc.csv: EOF" path=/home/runner/work/steampipe-samples/steampipe-samples/all/hackernews/new_sc.csv
2023-03-22 19:22:20.338 UTC [WARN]  failed to set connection config: failed to parse file header /home/runner/work/steampipe-samples/steampipe-samples/all/hackernews/new_sc.csv: EOF
2023-03-22 19:22:38.835 UTC [ERROR] steampipe-plugin-csv.plugin: [ERROR] csv.tableCSV: header_parse_error=EOF path=/home/runner/work/steampipe-samples/steampipe-samples/all/hackernews/hn_items_all.csv header=[]
2023-03-22 19:22:38.835 UTC [ERROR] steampipe-plugin-csv.plugin: [ERROR] csv.PluginTables: create_table_error="failed to parse file header /home/runner/work/steampipe-samples/steampipe-samples/all/hackernews/hn_items_all.csv: EOF" path=/home/runner/work/steampipe-samples/steampipe-samples/all/hackernews/hn_items_all.csv
2023-03-22 19:22:38.852 UTC [WARN]  failed to set connection config: failed to parse file header /home/runner/work/steampipe-samples/steampipe-samples/all/hackernews/hn_items_all.csv: EOF
