2022-11-23 14:19:39.062 UTC [INFO]  starting plugin manager
2022-11-23 14:19:39.063 UTC [TRACE] loaded config map: hackernews,net,csv,github
2022-11-23 14:19:39.063 UTC [TRACE] NewPluginManager
2022-11-23 14:19:39.064 UTC [TRACE] PluginManager setPluginCacheSizeMap: 4 connections.
2022-11-23 14:19:39.064 UTC [TRACE] Total cache size 0Mb
2022-11-23 14:19:39.064 UTC [INFO]  starting connection watcher
2022-11-23 14:19:39.064 UTC [INFO]  created ConnectionWatcher
2022-11-23 14:19:39.064 UTC [TRACE] about to serve
2022-11-23 14:19:39.130 UTC [TRACE] PluginManager Get, connections: '[csv]'
2022-11-23 14:19:39.130 UTC [TRACE] PluginManager getPlugin hub.steampipe.io/plugins/turbot/csv@latest connection 'csv'
2022-11-23 14:19:39.130 UTC [TRACE] PluginManager 0xc0000a0f50 plugin hub.steampipe.io/plugins/turbot/csv@latest (csv) NOT started or starting - start now
2022-11-23 14:19:39.130 UTC [TRACE] ************ start plugin csv ********************
2022-11-23 14:19:39.130 UTC [TRACE] ************ plugin path /home/runner/.steampipe/plugins/hub.steampipe.io/plugins/turbot/csv@latest/steampipe-plugin-csv.plugin ********************
2022-11-23 14:19:39.165 UTC [TRACE] handleFileWatcherEvent ignoring first event
2022-11-23 14:19:39.199 UTC [DEBUG] starting plugin: path=/home/runner/.steampipe/plugins/hub.steampipe.io/plugins/turbot/csv@latest/steampipe-plugin-csv.plugin args=["/home/runner/.steampipe/plugins/hub.steampipe.io/plugins/turbot/csv@latest/steampipe-plugin-csv.plugin"]
2022-11-23 14:19:39.199 UTC [DEBUG] plugin started: path=/home/runner/.steampipe/plugins/hub.steampipe.io/plugins/turbot/csv@latest/steampipe-plugin-csv.plugin pid=1962
2022-11-23 14:19:39.199 UTC [DEBUG] waiting for RPC address: path=/home/runner/.steampipe/plugins/hub.steampipe.io/plugins/turbot/csv@latest/steampipe-plugin-csv.plugin
2022-11-23 14:19:39.207 UTC [INFO]  steampipe-plugin-csv.plugin: [INFO]  Initialise plugin 'steampipe-plugin-csv', using sdk version 4.1.8
2022-11-23 14:19:39.207 UTC [TRACE] steampipe-plugin-csv.plugin: [TRACE] no DefaultRetryConfig defined - creating empty
2022-11-23 14:19:39.208 UTC [TRACE] steampipe-plugin-csv.plugin: [TRACE] no DefaultIgnoreConfig defined - creating empty
2022-11-23 14:19:39.208 UTC [TRACE] steampipe-plugin-csv.plugin: [TRACE] telemetry.Init service 'steampipe-plugin-csv', tracingEnabled: false, metricsEnabled: false
2022-11-23 14:19:39.208 UTC [TRACE] steampipe-plugin-csv.plugin: [TRACE] metrics and tracing disabled' - returning
2022-11-23 14:19:39.209 UTC [DEBUG] using plugin: version=0
2022-11-23 14:19:39.209 UTC [TRACE] NewPluginClient for plugin hub.steampipe.io/plugins/turbot/csv@latest
2022-11-23 14:19:39.210 UTC [DEBUG] steampipe-plugin-csv.plugin: plugin address: network=unix address=/tmp/plugin515383254 timestamp=2022-11-23T14:19:39.209Z
2022-11-23 14:19:39.210 UTC [TRACE] stdio: waiting for stdio data
2022-11-23 14:19:39.210 UTC [TRACE] supportedOperations: query_cache:true  multiple_connections:true
2022-11-23 14:19:39.211 UTC [TRACE] steampipe-plugin-csv.plugin: [TRACE] SetAllConnectionConfigs setting 1 configs
2022-11-23 14:19:39.211 UTC [TRACE] steampipe-plugin-csv.plugin: [TRACE] connection csv build schema and table map
2022-11-23 14:19:39.211 UTC [DEBUG] steampipe-plugin-csv.plugin: [DEBUG] csv.tableCSV: path=/home/runner/work/steampipe-samples/steampipe-samples/all/hackernews/hn_items_all.csv detected_encoding=Unknown
2022-11-23 14:19:39.211 UTC [DEBUG] steampipe-plugin-csv.plugin: [DEBUG] csv.tableCSV: path=/home/runner/work/steampipe-samples/steampipe-samples/all/hackernews/new_sc.csv detected_encoding=Unknown
2022-11-23 14:19:39.211 UTC [DEBUG] steampipe-plugin-csv.plugin: [DEBUG] csv.tableCSV: path=/home/runner/work/steampipe-samples/steampipe-samples/all/hackernews/people.csv detected_encoding=Unknown
2022-11-23 14:19:39.211 UTC [TRACE] steampipe-plugin-csv.plugin: [TRACE] initialise table /home/runner/work/steampipe-samples/steampipe-samples/all/hackernews/hn_items_all.csv
2022-11-23 14:19:39.211 UTC [TRACE] steampipe-plugin-csv.plugin: [TRACE] no DefaultRetryConfig defined - creating empty
2022-11-23 14:19:39.211 UTC [TRACE] steampipe-plugin-csv.plugin: [TRACE] no DefaultIgnoreConfig defined - creating empty
2022-11-23 14:19:39.211 UTC [TRACE] steampipe-plugin-csv.plugin: [TRACE] apply plugin defaults for DefaultRetryConfig
2022-11-23 14:19:39.211 UTC [TRACE] steampipe-plugin-csv.plugin: [TRACE] apply plugin defaults for DefaultIgnoreConfig, table &{<nil> <nil>} plugin &{<nil> <nil>}
2022-11-23 14:19:39.211 UTC [TRACE] steampipe-plugin-csv.plugin: [TRACE] DefaultRetryConfig:
2022-11-23 14:19:39.211 UTC [TRACE] steampipe-plugin-csv.plugin: [TRACE] DefaultIgnoreConfig:
2022-11-23 14:19:39.211 UTC [TRACE] steampipe-plugin-csv.plugin: [TRACE] t.List.initialise
2022-11-23 14:19:39.211 UTC [TRACE] steampipe-plugin-csv.plugin: [TRACE] ListConfig.initialise table /home/runner/work/steampipe-samples/steampipe-samples/all/hackernews/hn_items_all.csv
2022-11-23 14:19:39.211 UTC [TRACE] steampipe-plugin-csv.plugin: [TRACE] ListConfig.initialise complete: RetryConfig: , IgnoreConfig
2022-11-23 14:19:39.211 UTC [TRACE] steampipe-plugin-csv.plugin: [TRACE] back from initialiseHydrateConfigs
2022-11-23 14:19:39.211 UTC [TRACE] steampipe-plugin-csv.plugin: [TRACE] initialise table /home/runner/work/steampipe-samples/steampipe-samples/all/hackernews/hn_items_all.csv COMPLETE
2022-11-23 14:19:39.211 UTC [TRACE] steampipe-plugin-csv.plugin: [TRACE] initialise table /home/runner/work/steampipe-samples/steampipe-samples/all/hackernews/new_sc.csv
2022-11-23 14:19:39.211 UTC [TRACE] steampipe-plugin-csv.plugin: [TRACE] no DefaultRetryConfig defined - creating empty
2022-11-23 14:19:39.211 UTC [TRACE] steampipe-plugin-csv.plugin: [TRACE] no DefaultIgnoreConfig defined - creating empty
2022-11-23 14:19:39.211 UTC [TRACE] steampipe-plugin-csv.plugin: [TRACE] apply plugin defaults for DefaultRetryConfig
2022-11-23 14:19:39.211 UTC [TRACE] steampipe-plugin-csv.plugin: [TRACE] apply plugin defaults for DefaultIgnoreConfig, table &{<nil> <nil>} plugin &{<nil> <nil>}
2022-11-23 14:19:39.211 UTC [TRACE] steampipe-plugin-csv.plugin: [TRACE] DefaultRetryConfig:
2022-11-23 14:19:39.211 UTC [TRACE] steampipe-plugin-csv.plugin: [TRACE] DefaultIgnoreConfig:
2022-11-23 14:19:39.211 UTC [TRACE] steampipe-plugin-csv.plugin: [TRACE] t.List.initialise
2022-11-23 14:19:39.211 UTC [TRACE] steampipe-plugin-csv.plugin: [TRACE] ListConfig.initialise table /home/runner/work/steampipe-samples/steampipe-samples/all/hackernews/new_sc.csv
2022-11-23 14:19:39.211 UTC [TRACE] steampipe-plugin-csv.plugin: [TRACE] ListConfig.initialise complete: RetryConfig: , IgnoreConfig
2022-11-23 14:19:39.211 UTC [TRACE] steampipe-plugin-csv.plugin: [TRACE] back from initialiseHydrateConfigs
2022-11-23 14:19:39.211 UTC [TRACE] steampipe-plugin-csv.plugin: [TRACE] initialise table /home/runner/work/steampipe-samples/steampipe-samples/all/hackernews/new_sc.csv COMPLETE
2022-11-23 14:19:39.211 UTC [TRACE] steampipe-plugin-csv.plugin: [TRACE] initialise table /home/runner/work/steampipe-samples/steampipe-samples/all/hackernews/people.csv
2022-11-23 14:19:39.211 UTC [TRACE] steampipe-plugin-csv.plugin: [TRACE] no DefaultRetryConfig defined - creating empty
2022-11-23 14:19:39.211 UTC [TRACE] steampipe-plugin-csv.plugin: [TRACE] no DefaultIgnoreConfig defined - creating empty
2022-11-23 14:19:39.211 UTC [TRACE] steampipe-plugin-csv.plugin: [TRACE] apply plugin defaults for DefaultRetryConfig
2022-11-23 14:19:39.211 UTC [TRACE] steampipe-plugin-csv.plugin: [TRACE] apply plugin defaults for DefaultIgnoreConfig, table &{<nil> <nil>} plugin &{<nil> <nil>}
2022-11-23 14:19:39.211 UTC [TRACE] steampipe-plugin-csv.plugin: [TRACE] DefaultRetryConfig:
2022-11-23 14:19:39.211 UTC [TRACE] steampipe-plugin-csv.plugin: [TRACE] DefaultIgnoreConfig:
2022-11-23 14:19:39.211 UTC [TRACE] steampipe-plugin-csv.plugin: [TRACE] t.List.initialise
2022-11-23 14:19:39.211 UTC [TRACE] steampipe-plugin-csv.plugin: [TRACE] ListConfig.initialise table /home/runner/work/steampipe-samples/steampipe-samples/all/hackernews/people.csv
2022-11-23 14:19:39.211 UTC [TRACE] steampipe-plugin-csv.plugin: [TRACE] ListConfig.initialise complete: RetryConfig: , IgnoreConfig
2022-11-23 14:19:39.211 UTC [TRACE] steampipe-plugin-csv.plugin: [TRACE] back from initialiseHydrateConfigs
2022-11-23 14:19:39.211 UTC [TRACE] steampipe-plugin-csv.plugin: [TRACE] initialise table /home/runner/work/steampipe-samples/steampipe-samples/all/hackernews/people.csv COMPLETE
2022-11-23 14:19:39.211 UTC [TRACE] steampipe-plugin-csv.plugin: [TRACE] validate plugin steampipe-plugin-csv, required columns []
2022-11-23 14:19:39.211 UTC [TRACE] steampipe-plugin-csv.plugin: [TRACE] validate DefaultRetryConfig
2022-11-23 14:19:39.211 UTC [TRACE] steampipe-plugin-csv.plugin: [TRACE] validate DefaultIgnoreConfig
2022-11-23 14:19:39.211 UTC [TRACE] steampipe-plugin-csv.plugin: [TRACE] validate table names
2022-11-23 14:19:39.211 UTC [TRACE] steampipe-plugin-csv.plugin: [TRACE] plugin has 0 validation errors
2022-11-23 14:19:39.211 UTC [TRACE] steampipe-plugin-csv.plugin: [TRACE] Plugin ensureCache creating cache, maxCacheStorageMb 0
2022-11-23 14:19:39.211 UTC [TRACE] steampipe-plugin-csv.plugin: [TRACE] createCacheStore for plugin 'steampipe-plugin-csv' setting max size to 0Mb, Shards: 2, max shard size: 0
2022-11-23 14:19:39.223 UTC [INFO]  steampipe-plugin-csv.plugin: [INFO]  query cache created
2022-11-23 14:19:39.223 UTC [DEBUG] steampipe-plugin-csv.plugin: [DEBUG] SetAllConnectionConfigs finished
2022-11-23 14:19:39.223 UTC [TRACE] PluginManager getPlugin complete, returning reattach config with PID: 1962
2022-11-23 14:19:39.224 UTC [TRACE] PluginManager Get returning reattach_map:{key:"csv"  value:{protocol:"grpc"  addr:{Network:"unix"  Address:"/tmp/plugin515383254"}  pid:1962  supported_operations:{query_cache:true  multiple_connections:true}  connections:"csv"  plugin:"hub.steampipe.io/plugins/turbot/csv@latest"}}
2022-11-23 14:19:39.302 UTC [TRACE] PluginManager Get, connections: '[csv]'
2022-11-23 14:19:39.302 UTC [TRACE] PluginManager getPlugin hub.steampipe.io/plugins/turbot/csv@latest connection 'csv'
2022-11-23 14:19:39.302 UTC [TRACE] connection csv found in connectionPluginMap
2022-11-23 14:19:39.302 UTC [TRACE] initialized: 1962
2022-11-23 14:19:39.302 UTC [TRACE] initialized: 1962
2022-11-23 14:19:39.302 UTC [TRACE] connection csv is loaded, check for running PID
2022-11-23 14:19:39.303 UTC [TRACE] PluginManager found 'csv' in map, pid 1962
2022-11-23 14:19:39.303 UTC [TRACE] PluginManager Get returning reattach_map:{key:"csv"  value:{protocol:"grpc"  addr:{Network:"unix"  Address:"/tmp/plugin515383254"}  pid:1962  supported_operations:{query_cache:true  multiple_connections:true}  connections:"csv"  plugin:"hub.steampipe.io/plugins/turbot/csv@latest"}}
2022-11-23 14:19:39.446 UTC [TRACE] PluginManager Get, connections: '[hackernews]'
2022-11-23 14:19:39.446 UTC [TRACE] PluginManager getPlugin hub.steampipe.io/plugins/turbot/hackernews@latest connection 'hackernews'
2022-11-23 14:19:39.446 UTC [TRACE] PluginManager 0xc0000a0f50 plugin hub.steampipe.io/plugins/turbot/hackernews@latest (hackernews) NOT started or starting - start now
2022-11-23 14:19:39.446 UTC [TRACE] ************ start plugin hackernews ********************
2022-11-23 14:19:39.446 UTC [TRACE] ************ plugin path /home/runner/.steampipe/plugins/hub.steampipe.io/plugins/turbot/hackernews@latest/steampipe-plugin-hackernews.plugin ********************
2022-11-23 14:19:39.517 UTC [DEBUG] starting plugin: path=/home/runner/.steampipe/plugins/hub.steampipe.io/plugins/turbot/hackernews@latest/steampipe-plugin-hackernews.plugin args=["/home/runner/.steampipe/plugins/hub.steampipe.io/plugins/turbot/hackernews@latest/steampipe-plugin-hackernews.plugin"]
2022-11-23 14:19:39.518 UTC [DEBUG] plugin started: path=/home/runner/.steampipe/plugins/hub.steampipe.io/plugins/turbot/hackernews@latest/steampipe-plugin-hackernews.plugin pid=1987
2022-11-23 14:19:39.518 UTC [DEBUG] waiting for RPC address: path=/home/runner/.steampipe/plugins/hub.steampipe.io/plugins/turbot/hackernews@latest/steampipe-plugin-hackernews.plugin
2022-11-23 14:19:39.524 UTC [INFO]  steampipe-plugin-hackernews.plugin: [INFO]  Initialise plugin 'steampipe-plugin-hackernews', using sdk version 4.1.7
2022-11-23 14:19:39.524 UTC [TRACE] steampipe-plugin-hackernews.plugin: [TRACE] defaulting SchemaMode to SchemaModeStatic
2022-11-23 14:19:39.524 UTC [TRACE] steampipe-plugin-hackernews.plugin: [TRACE] no DefaultRetryConfig defined - creating empty
2022-11-23 14:19:39.524 UTC [TRACE] steampipe-plugin-hackernews.plugin: [TRACE] no DefaultIgnoreConfig defined - creating empty
2022-11-23 14:19:39.524 UTC [TRACE] steampipe-plugin-hackernews.plugin: [TRACE] Setting Ulimit: ulimit=2560
2022-11-23 14:19:39.524 UTC [TRACE] steampipe-plugin-hackernews.plugin: [TRACE] telemetry.Init service 'steampipe-plugin-hackernews', tracingEnabled: false, metricsEnabled: false
2022-11-23 14:19:39.524 UTC [TRACE] steampipe-plugin-hackernews.plugin: [TRACE] metrics and tracing disabled' - returning
2022-11-23 14:19:39.525 UTC [DEBUG] steampipe-plugin-hackernews.plugin: plugin address: address=/tmp/plugin4083899072 network=unix timestamp=2022-11-23T14:19:39.525Z
2022-11-23 14:19:39.525 UTC [DEBUG] using plugin: version=0
2022-11-23 14:19:39.525 UTC [TRACE] NewPluginClient for plugin hub.steampipe.io/plugins/turbot/hackernews@latest
2022-11-23 14:19:39.525 UTC [TRACE] stdio: waiting for stdio data
2022-11-23 14:19:39.527 UTC [TRACE] supportedOperations: query_cache:true  multiple_connections:true
2022-11-23 14:19:39.527 UTC [TRACE] steampipe-plugin-hackernews.plugin: [TRACE] SetAllConnectionConfigs setting 1 configs
2022-11-23 14:19:39.527 UTC [TRACE] steampipe-plugin-hackernews.plugin: [TRACE] connection hackernews build schema and table map
2022-11-23 14:19:39.527 UTC [TRACE] steampipe-plugin-hackernews.plugin: [TRACE] initialise table hackernews_new
2022-11-23 14:19:39.527 UTC [TRACE] steampipe-plugin-hackernews.plugin: [TRACE] no DefaultRetryConfig defined - creating empty
2022-11-23 14:19:39.527 UTC [TRACE] steampipe-plugin-hackernews.plugin: [TRACE] no DefaultIgnoreConfig defined - creating empty
2022-11-23 14:19:39.527 UTC [TRACE] steampipe-plugin-hackernews.plugin: [TRACE] apply plugin defaults for DefaultRetryConfig
2022-11-23 14:19:39.527 UTC [TRACE] steampipe-plugin-hackernews.plugin: [TRACE] apply plugin defaults for DefaultIgnoreConfig, table &{<nil> <nil>} plugin &{<nil> <nil>}
2022-11-23 14:19:39.527 UTC [TRACE] steampipe-plugin-hackernews.plugin: [TRACE] DefaultRetryConfig:
2022-11-23 14:19:39.527 UTC [TRACE] steampipe-plugin-hackernews.plugin: [TRACE] DefaultIgnoreConfig:
2022-11-23 14:19:39.527 UTC [TRACE] steampipe-plugin-hackernews.plugin: [TRACE] t.Get.initialise
2022-11-23 14:19:39.527 UTC [TRACE] steampipe-plugin-hackernews.plugin: [TRACE] GetConfig.initialise table hackernews_new
2022-11-23 14:19:39.527 UTC [TRACE] steampipe-plugin-hackernews.plugin: [TRACE] GetConfig.initialise complete: RetryConfig: , IgnoreConfig:
2022-11-23 14:19:39.527 UTC [TRACE] steampipe-plugin-hackernews.plugin: [TRACE] t.List.initialise
2022-11-23 14:19:39.527 UTC [TRACE] steampipe-plugin-hackernews.plugin: [TRACE] ListConfig.initialise table hackernews_new
2022-11-23 14:19:39.527 UTC [TRACE] steampipe-plugin-hackernews.plugin: [TRACE] ListConfig.initialise complete: RetryConfig: , IgnoreConfig
2022-11-23 14:19:39.527 UTC [TRACE] steampipe-plugin-hackernews.plugin: [TRACE] HydrateConfig.initialise func getItem, table hackernews_new
2022-11-23 14:19:39.527 UTC [TRACE] steampipe-plugin-hackernews.plugin: [TRACE] HydrateConfig.initialise complete: RetryConfig: , IgnoreConfig:
2022-11-23 14:19:39.527 UTC [TRACE] steampipe-plugin-hackernews.plugin: [TRACE] back from initialiseHydrateConfigs
2022-11-23 14:19:39.527 UTC [TRACE] steampipe-plugin-hackernews.plugin: [TRACE] initialise table hackernews_new COMPLETE
2022-11-23 14:19:39.527 UTC [TRACE] steampipe-plugin-hackernews.plugin: [TRACE] initialise table hackernews_show_hn
2022-11-23 14:19:39.527 UTC [TRACE] steampipe-plugin-hackernews.plugin: [TRACE] no DefaultRetryConfig defined - creating empty
2022-11-23 14:19:39.527 UTC [TRACE] steampipe-plugin-hackernews.plugin: [TRACE] no DefaultIgnoreConfig defined - creating empty
2022-11-23 14:19:39.527 UTC [TRACE] steampipe-plugin-hackernews.plugin: [TRACE] apply plugin defaults for DefaultRetryConfig
2022-11-23 14:19:39.527 UTC [TRACE] steampipe-plugin-hackernews.plugin: [TRACE] apply plugin defaults for DefaultIgnoreConfig, table &{<nil> <nil>} plugin &{<nil> <nil>}
2022-11-23 14:19:39.527 UTC [TRACE] steampipe-plugin-hackernews.plugin: [TRACE] DefaultRetryConfig:
2022-11-23 14:19:39.527 UTC [TRACE] steampipe-plugin-hackernews.plugin: [TRACE] DefaultIgnoreConfig:
2022-11-23 14:19:39.527 UTC [TRACE] steampipe-plugin-hackernews.plugin: [TRACE] t.Get.initialise
2022-11-23 14:19:39.527 UTC [TRACE] steampipe-plugin-hackernews.plugin: [TRACE] GetConfig.initialise table hackernews_show_hn
2022-11-23 14:19:39.527 UTC [TRACE] steampipe-plugin-hackernews.plugin: [TRACE] GetConfig.initialise complete: RetryConfig: , IgnoreConfig:
2022-11-23 14:19:39.527 UTC [TRACE] steampipe-plugin-hackernews.plugin: [TRACE] t.List.initialise
2022-11-23 14:19:39.527 UTC [TRACE] steampipe-plugin-hackernews.plugin: [TRACE] ListConfig.initialise table hackernews_show_hn
2022-11-23 14:19:39.527 UTC [TRACE] steampipe-plugin-hackernews.plugin: [TRACE] ListConfig.initialise complete: RetryConfig: , IgnoreConfig
2022-11-23 14:19:39.527 UTC [TRACE] steampipe-plugin-hackernews.plugin: [TRACE] HydrateConfig.initialise func getItem, table hackernews_show_hn
2022-11-23 14:19:39.527 UTC [TRACE] steampipe-plugin-hackernews.plugin: [TRACE] HydrateConfig.initialise complete: RetryConfig: , IgnoreConfig:
2022-11-23 14:19:39.527 UTC [TRACE] steampipe-plugin-hackernews.plugin: [TRACE] back from initialiseHydrateConfigs
2022-11-23 14:19:39.527 UTC [TRACE] steampipe-plugin-hackernews.plugin: [TRACE] initialise table hackernews_show_hn COMPLETE
2022-11-23 14:19:39.527 UTC [TRACE] steampipe-plugin-hackernews.plugin: [TRACE] initialise table hackernews_top
2022-11-23 14:19:39.527 UTC [TRACE] steampipe-plugin-hackernews.plugin: [TRACE] no DefaultRetryConfig defined - creating empty
2022-11-23 14:19:39.527 UTC [TRACE] steampipe-plugin-hackernews.plugin: [TRACE] no DefaultIgnoreConfig defined - creating empty
2022-11-23 14:19:39.527 UTC [TRACE] steampipe-plugin-hackernews.plugin: [TRACE] apply plugin defaults for DefaultRetryConfig
2022-11-23 14:19:39.527 UTC [TRACE] steampipe-plugin-hackernews.plugin: [TRACE] apply plugin defaults for DefaultIgnoreConfig, table &{<nil> <nil>} plugin &{<nil> <nil>}
2022-11-23 14:19:39.527 UTC [TRACE] steampipe-plugin-hackernews.plugin: [TRACE] DefaultRetryConfig:
2022-11-23 14:19:39.527 UTC [TRACE] steampipe-plugin-hackernews.plugin: [TRACE] DefaultIgnoreConfig:
2022-11-23 14:19:39.527 UTC [TRACE] steampipe-plugin-hackernews.plugin: [TRACE] t.Get.initialise
2022-11-23 14:19:39.527 UTC [TRACE] steampipe-plugin-hackernews.plugin: [TRACE] GetConfig.initialise table hackernews_top
2022-11-23 14:19:39.527 UTC [TRACE] steampipe-plugin-hackernews.plugin: [TRACE] GetConfig.initialise complete: RetryConfig: , IgnoreConfig:
2022-11-23 14:19:39.527 UTC [TRACE] steampipe-plugin-hackernews.plugin: [TRACE] t.List.initialise
2022-11-23 14:19:39.527 UTC [TRACE] steampipe-plugin-hackernews.plugin: [TRACE] ListConfig.initialise table hackernews_top
2022-11-23 14:19:39.527 UTC [TRACE] steampipe-plugin-hackernews.plugin: [TRACE] ListConfig.initialise complete: RetryConfig: , IgnoreConfig
2022-11-23 14:19:39.527 UTC [TRACE] steampipe-plugin-hackernews.plugin: [TRACE] HydrateConfig.initialise func getItem, table hackernews_top
2022-11-23 14:19:39.527 UTC [TRACE] steampipe-plugin-hackernews.plugin: [TRACE] HydrateConfig.initialise complete: RetryConfig: , IgnoreConfig:
2022-11-23 14:19:39.527 UTC [TRACE] steampipe-plugin-hackernews.plugin: [TRACE] back from initialiseHydrateConfigs
2022-11-23 14:19:39.527 UTC [TRACE] steampipe-plugin-hackernews.plugin: [TRACE] initialise table hackernews_top COMPLETE
2022-11-23 14:19:39.527 UTC [TRACE] steampipe-plugin-hackernews.plugin: [TRACE] initialise table hackernews_user
2022-11-23 14:19:39.527 UTC [TRACE] steampipe-plugin-hackernews.plugin: [TRACE] no DefaultRetryConfig defined - creating empty
2022-11-23 14:19:39.527 UTC [TRACE] steampipe-plugin-hackernews.plugin: [TRACE] no DefaultIgnoreConfig defined - creating empty
2022-11-23 14:19:39.527 UTC [TRACE] steampipe-plugin-hackernews.plugin: [TRACE] apply plugin defaults for DefaultRetryConfig
2022-11-23 14:19:39.527 UTC [TRACE] steampipe-plugin-hackernews.plugin: [TRACE] apply plugin defaults for DefaultIgnoreConfig, table &{<nil> <nil>} plugin &{<nil> <nil>}
2022-11-23 14:19:39.527 UTC [TRACE] steampipe-plugin-hackernews.plugin: [TRACE] DefaultRetryConfig:
2022-11-23 14:19:39.527 UTC [TRACE] steampipe-plugin-hackernews.plugin: [TRACE] DefaultIgnoreConfig:
2022-11-23 14:19:39.527 UTC [TRACE] steampipe-plugin-hackernews.plugin: [TRACE] t.List.initialise
2022-11-23 14:19:39.527 UTC [TRACE] steampipe-plugin-hackernews.plugin: [TRACE] ListConfig.initialise table hackernews_user
2022-11-23 14:19:39.527 UTC [TRACE] steampipe-plugin-hackernews.plugin: [TRACE] ListConfig.initialise complete: RetryConfig: , IgnoreConfig
2022-11-23 14:19:39.527 UTC [TRACE] steampipe-plugin-hackernews.plugin: [TRACE] back from initialiseHydrateConfigs
2022-11-23 14:19:39.527 UTC [TRACE] steampipe-plugin-hackernews.plugin: [TRACE] initialise table hackernews_user COMPLETE
2022-11-23 14:19:39.527 UTC [TRACE] steampipe-plugin-hackernews.plugin: [TRACE] initialise table hackernews_ask_hn
2022-11-23 14:19:39.527 UTC [TRACE] steampipe-plugin-hackernews.plugin: [TRACE] no DefaultRetryConfig defined - creating empty
2022-11-23 14:19:39.527 UTC [TRACE] steampipe-plugin-hackernews.plugin: [TRACE] no DefaultIgnoreConfig defined - creating empty
2022-11-23 14:19:39.527 UTC [TRACE] steampipe-plugin-hackernews.plugin: [TRACE] apply plugin defaults for DefaultRetryConfig
2022-11-23 14:19:39.527 UTC [TRACE] steampipe-plugin-hackernews.plugin: [TRACE] apply plugin defaults for DefaultIgnoreConfig, table &{<nil> <nil>} plugin &{<nil> <nil>}
2022-11-23 14:19:39.527 UTC [TRACE] steampipe-plugin-hackernews.plugin: [TRACE] DefaultRetryConfig:
2022-11-23 14:19:39.527 UTC [TRACE] steampipe-plugin-hackernews.plugin: [TRACE] DefaultIgnoreConfig:
2022-11-23 14:19:39.527 UTC [TRACE] steampipe-plugin-hackernews.plugin: [TRACE] t.Get.initialise
2022-11-23 14:19:39.527 UTC [TRACE] steampipe-plugin-hackernews.plugin: [TRACE] GetConfig.initialise table hackernews_ask_hn
2022-11-23 14:19:39.527 UTC [TRACE] steampipe-plugin-hackernews.plugin: [TRACE] GetConfig.initialise complete: RetryConfig: , IgnoreConfig:
2022-11-23 14:19:39.527 UTC [TRACE] steampipe-plugin-hackernews.plugin: [TRACE] t.List.initialise
2022-11-23 14:19:39.527 UTC [TRACE] steampipe-plugin-hackernews.plugin: [TRACE] ListConfig.initialise table hackernews_ask_hn
2022-11-23 14:19:39.527 UTC [TRACE] steampipe-plugin-hackernews.plugin: [TRACE] ListConfig.initialise complete: RetryConfig: , IgnoreConfig
2022-11-23 14:19:39.527 UTC [TRACE] steampipe-plugin-hackernews.plugin: [TRACE] HydrateConfig.initialise func getItem, table hackernews_ask_hn
2022-11-23 14:19:39.527 UTC [TRACE] steampipe-plugin-hackernews.plugin: [TRACE] HydrateConfig.initialise complete: RetryConfig: , IgnoreConfig:
2022-11-23 14:19:39.527 UTC [TRACE] steampipe-plugin-hackernews.plugin: [TRACE] back from initialiseHydrateConfigs
2022-11-23 14:19:39.527 UTC [TRACE] steampipe-plugin-hackernews.plugin: [TRACE] initialise table hackernews_ask_hn COMPLETE
2022-11-23 14:19:39.527 UTC [TRACE] steampipe-plugin-hackernews.plugin: [TRACE] initialise table hackernews_best
2022-11-23 14:19:39.527 UTC [TRACE] steampipe-plugin-hackernews.plugin: [TRACE] no DefaultRetryConfig defined - creating empty
2022-11-23 14:19:39.527 UTC [TRACE] steampipe-plugin-hackernews.plugin: [TRACE] no DefaultIgnoreConfig defined - creating empty
2022-11-23 14:19:39.527 UTC [TRACE] steampipe-plugin-hackernews.plugin: [TRACE] apply plugin defaults for DefaultRetryConfig
2022-11-23 14:19:39.527 UTC [TRACE] steampipe-plugin-hackernews.plugin: [TRACE] apply plugin defaults for DefaultIgnoreConfig, table &{<nil> <nil>} plugin &{<nil> <nil>}
2022-11-23 14:19:39.527 UTC [TRACE] steampipe-plugin-hackernews.plugin: [TRACE] DefaultRetryConfig:
2022-11-23 14:19:39.527 UTC [TRACE] steampipe-plugin-hackernews.plugin: [TRACE] DefaultIgnoreConfig:
2022-11-23 14:19:39.527 UTC [TRACE] steampipe-plugin-hackernews.plugin: [TRACE] t.Get.initialise
2022-11-23 14:19:39.527 UTC [TRACE] steampipe-plugin-hackernews.plugin: [TRACE] GetConfig.initialise table hackernews_best
2022-11-23 14:19:39.527 UTC [TRACE] steampipe-plugin-hackernews.plugin: [TRACE] GetConfig.initialise complete: RetryConfig: , IgnoreConfig:
2022-11-23 14:19:39.527 UTC [TRACE] steampipe-plugin-hackernews.plugin: [TRACE] t.List.initialise
2022-11-23 14:19:39.527 UTC [TRACE] steampipe-plugin-hackernews.plugin: [TRACE] ListConfig.initialise table hackernews_best
2022-11-23 14:19:39.527 UTC [TRACE] steampipe-plugin-hackernews.plugin: [TRACE] ListConfig.initialise complete: RetryConfig: , IgnoreConfig
2022-11-23 14:19:39.527 UTC [TRACE] steampipe-plugin-hackernews.plugin: [TRACE] HydrateConfig.initialise func getItem, table hackernews_best
2022-11-23 14:19:39.527 UTC [TRACE] steampipe-plugin-hackernews.plugin: [TRACE] HydrateConfig.initialise complete: RetryConfig: , IgnoreConfig:
2022-11-23 14:19:39.527 UTC [TRACE] steampipe-plugin-hackernews.plugin: [TRACE] back from initialiseHydrateConfigs
2022-11-23 14:19:39.527 UTC [TRACE] steampipe-plugin-hackernews.plugin: [TRACE] initialise table hackernews_best COMPLETE
2022-11-23 14:19:39.527 UTC [TRACE] steampipe-plugin-hackernews.plugin: [TRACE] initialise table hackernews_item
2022-11-23 14:19:39.527 UTC [TRACE] steampipe-plugin-hackernews.plugin: [TRACE] no DefaultRetryConfig defined - creating empty
2022-11-23 14:19:39.527 UTC [TRACE] steampipe-plugin-hackernews.plugin: [TRACE] no DefaultIgnoreConfig defined - creating empty
2022-11-23 14:19:39.528 UTC [TRACE] steampipe-plugin-hackernews.plugin: [TRACE] apply plugin defaults for DefaultRetryConfig
2022-11-23 14:19:39.528 UTC [TRACE] steampipe-plugin-hackernews.plugin: [TRACE] apply plugin defaults for DefaultIgnoreConfig, table &{<nil> <nil>} plugin &{<nil> <nil>}
2022-11-23 14:19:39.528 UTC [TRACE] steampipe-plugin-hackernews.plugin: [TRACE] DefaultRetryConfig:
2022-11-23 14:19:39.528 UTC [TRACE] steampipe-plugin-hackernews.plugin: [TRACE] DefaultIgnoreConfig:
2022-11-23 14:19:39.528 UTC [TRACE] steampipe-plugin-hackernews.plugin: [TRACE] t.Get.initialise
2022-11-23 14:19:39.528 UTC [TRACE] steampipe-plugin-hackernews.plugin: [TRACE] GetConfig.initialise table hackernews_item
2022-11-23 14:19:39.528 UTC [TRACE] steampipe-plugin-hackernews.plugin: [TRACE] GetConfig.initialise complete: RetryConfig: , IgnoreConfig:
2022-11-23 14:19:39.528 UTC [TRACE] steampipe-plugin-hackernews.plugin: [TRACE] t.List.initialise
2022-11-23 14:19:39.528 UTC [TRACE] steampipe-plugin-hackernews.plugin: [TRACE] ListConfig.initialise table hackernews_item
2022-11-23 14:19:39.528 UTC [TRACE] steampipe-plugin-hackernews.plugin: [TRACE] ListConfig.initialise complete: RetryConfig: , IgnoreConfig
2022-11-23 14:19:39.528 UTC [TRACE] steampipe-plugin-hackernews.plugin: [TRACE] HydrateConfig.initialise func getItem, table hackernews_item
2022-11-23 14:19:39.528 UTC [TRACE] steampipe-plugin-hackernews.plugin: [TRACE] HydrateConfig.initialise complete: RetryConfig: , IgnoreConfig:
2022-11-23 14:19:39.528 UTC [TRACE] steampipe-plugin-hackernews.plugin: [TRACE] back from initialiseHydrateConfigs
2022-11-23 14:19:39.528 UTC [TRACE] steampipe-plugin-hackernews.plugin: [TRACE] initialise table hackernews_item COMPLETE
2022-11-23 14:19:39.528 UTC [TRACE] steampipe-plugin-hackernews.plugin: [TRACE] initialise table hackernews_job
2022-11-23 14:19:39.528 UTC [TRACE] steampipe-plugin-hackernews.plugin: [TRACE] no DefaultRetryConfig defined - creating empty
2022-11-23 14:19:39.528 UTC [TRACE] steampipe-plugin-hackernews.plugin: [TRACE] no DefaultIgnoreConfig defined - creating empty
2022-11-23 14:19:39.528 UTC [TRACE] steampipe-plugin-hackernews.plugin: [TRACE] apply plugin defaults for DefaultRetryConfig
2022-11-23 14:19:39.528 UTC [TRACE] steampipe-plugin-hackernews.plugin: [TRACE] apply plugin defaults for DefaultIgnoreConfig, table &{<nil> <nil>} plugin &{<nil> <nil>}
2022-11-23 14:19:39.528 UTC [TRACE] steampipe-plugin-hackernews.plugin: [TRACE] DefaultRetryConfig:
2022-11-23 14:19:39.528 UTC [TRACE] steampipe-plugin-hackernews.plugin: [TRACE] DefaultIgnoreConfig:
2022-11-23 14:19:39.528 UTC [TRACE] steampipe-plugin-hackernews.plugin: [TRACE] t.Get.initialise
2022-11-23 14:19:39.528 UTC [TRACE] steampipe-plugin-hackernews.plugin: [TRACE] GetConfig.initialise table hackernews_job
2022-11-23 14:19:39.528 UTC [TRACE] steampipe-plugin-hackernews.plugin: [TRACE] GetConfig.initialise complete: RetryConfig: , IgnoreConfig:
2022-11-23 14:19:39.528 UTC [TRACE] steampipe-plugin-hackernews.plugin: [TRACE] t.List.initialise
2022-11-23 14:19:39.528 UTC [TRACE] steampipe-plugin-hackernews.plugin: [TRACE] ListConfig.initialise table hackernews_job
2022-11-23 14:19:39.528 UTC [TRACE] steampipe-plugin-hackernews.plugin: [TRACE] ListConfig.initialise complete: RetryConfig: , IgnoreConfig
2022-11-23 14:19:39.528 UTC [TRACE] steampipe-plugin-hackernews.plugin: [TRACE] HydrateConfig.initialise func getItem, table hackernews_job
2022-11-23 14:19:39.528 UTC [TRACE] steampipe-plugin-hackernews.plugin: [TRACE] HydrateConfig.initialise complete: RetryConfig: , IgnoreConfig:
2022-11-23 14:19:39.528 UTC [TRACE] steampipe-plugin-hackernews.plugin: [TRACE] back from initialiseHydrateConfigs
2022-11-23 14:19:39.528 UTC [TRACE] steampipe-plugin-hackernews.plugin: [TRACE] initialise table hackernews_job COMPLETE
2022-11-23 14:19:39.528 UTC [TRACE] steampipe-plugin-hackernews.plugin: [TRACE] validate plugin steampipe-plugin-hackernews, required columns []
2022-11-23 14:19:39.528 UTC [TRACE] steampipe-plugin-hackernews.plugin: [TRACE] validate DefaultRetryConfig
2022-11-23 14:19:39.528 UTC [TRACE] steampipe-plugin-hackernews.plugin: [TRACE] validate DefaultIgnoreConfig
2022-11-23 14:19:39.528 UTC [TRACE] steampipe-plugin-hackernews.plugin: [TRACE] validate table names
2022-11-23 14:19:39.528 UTC [TRACE] steampipe-plugin-hackernews.plugin: [TRACE] plugin has 0 validation errors
2022-11-23 14:19:39.528 UTC [TRACE] steampipe-plugin-hackernews.plugin: [TRACE] Plugin ensureCache creating cache, maxCacheStorageMb 0
2022-11-23 14:19:39.528 UTC [TRACE] steampipe-plugin-hackernews.plugin: [TRACE] createCacheStore for plugin 'steampipe-plugin-hackernews' setting max size to 0Mb, Shards: 2, max shard size: 0
2022-11-23 14:19:39.539 UTC [INFO]  steampipe-plugin-hackernews.plugin: [INFO]  query cache created
2022-11-23 14:19:39.539 UTC [DEBUG] steampipe-plugin-hackernews.plugin: [DEBUG] SetAllConnectionConfigs finished
2022-11-23 14:19:39.539 UTC [TRACE] PluginManager getPlugin complete, returning reattach config with PID: 1987
2022-11-23 14:19:39.539 UTC [TRACE] PluginManager Get returning reattach_map:{key:"hackernews"  value:{protocol:"grpc"  addr:{Network:"unix"  Address:"/tmp/plugin4083899072"}  pid:1987  supported_operations:{query_cache:true  multiple_connections:true}  connections:"hackernews"  plugin:"hub.steampipe.io/plugins/turbot/hackernews@latest"}}
2022-11-23 14:19:39.545 UTC [INFO]  steampipe-plugin-hackernews.plugin: [INFO]  1669213179406: Plugin Execute (1669213179406)
2022-11-23 14:19:39.545 UTC [TRACE] steampipe-plugin-hackernews.plugin: [TRACE] 1669213179406: No memory limit set
2022-11-23 14:19:39.545 UTC [INFO]  steampipe-plugin-hackernews.plugin: [INFO]  1669213179406: Plugin Execute, setting memory limit to -1Mb
2022-11-23 14:19:39.545 UTC [TRACE] steampipe-plugin-hackernews.plugin: [TRACE] 1669213179406: calling ExtractContextFromCarrier
2022-11-23 14:19:39.545 UTC [INFO]  steampipe-plugin-hackernews.plugin: [INFO]  1669213179406: Setting max concurrent connections to 25
2022-11-23 14:19:39.545 UTC [TRACE] steampipe-plugin-hackernews.plugin: [TRACE] 1669213179406: executeForConnection callId: 1669213179406, connectionCallId: hackernews-1669213179406, connection: hackernews table: hackernews_new cols: id,title,time,by,score,dead,deleted,descendants,kids,parent,parts,poll,text,type,url,_ctx
2022-11-23 14:19:39.545 UTC [TRACE] steampipe-plugin-hackernews.plugin: [TRACE] 1669213179406: got connection data
2022-11-23 14:19:39.545 UTC [TRACE] steampipe-plugin-hackernews.plugin: [TRACE] 1669213179406: Got query context, table: hackernews_new, cols: [id title time by score dead deleted descendants kids parent parts poll text type url _ctx]
2022-11-23 14:19:39.545 UTC [TRACE] steampipe-plugin-hackernews.plugin: [TRACE] 1669213179406: Start execute span
2022-11-23 14:19:39.545 UTC [INFO]  steampipe-plugin-hackernews.plugin: [INFO]  1669213179406: Setting free memory interval to 100 rows
2022-11-23 14:19:39.545 UTC [TRACE] steampipe-plugin-hackernews.plugin: [TRACE] 1669213179406: setFetchType map[time:quals:{fieldName:"time"  string_value:">"  value:{timestamp_value:{seconds:1669209579  nanos:430841000}}}]
2022-11-23 14:19:39.546 UTC [TRACE] steampipe-plugin-hackernews.plugin: [TRACE] 1669213179406: getMatchingQuals column:'id' operator: =
2022-11-23 14:19:39.546 UTC [TRACE] steampipe-plugin-hackernews.plugin: [TRACE] 1669213179406: getMatchingQuals returning false - qualMap does not contain any quals for column id
2022-11-23 14:19:39.546 UTC [TRACE] steampipe-plugin-hackernews.plugin: [TRACE] 1669213179406: GetUnsatisfiedKeyColumns for columns column:'id' operator: =
2022-11-23 14:19:39.547 UTC [TRACE] steampipe-plugin-hackernews.plugin: [TRACE] 1669213179406: key column NOT satisfied column:'id' operator: =
2022-11-23 14:19:39.547 UTC [TRACE] steampipe-plugin-hackernews.plugin: [TRACE] 1669213179406: satisfied: map[any_of: optional: required:]
2022-11-23 14:19:39.547 UTC [TRACE] steampipe-plugin-hackernews.plugin: [TRACE] 1669213179406: unsatisfied: map[any_of: optional: required:column:'id' operator: =]
2022-11-23 14:19:39.548 UTC [TRACE] steampipe-plugin-hackernews.plugin: [TRACE] 1669213179406: unsatisfied required KeyColumns: column:'id' operator: =
2022-11-23 14:19:39.548 UTC [TRACE] steampipe-plugin-hackernews.plugin: [TRACE] 1669213179406: Set fetchType to fetchTypeList
2022-11-23 14:19:39.548 UTC [TRACE] steampipe-plugin-hackernews.plugin: [TRACE] 1669213179406: Equals key column quals:
2022-11-23 14:19:39.548 UTC [DEBUG] steampipe-plugin-hackernews.plugin: {}
2022-11-23 14:19:39.548 UTC [TRACE] steampipe-plugin-hackernews.plugin: [TRACE] 1669213179406: All key column quals:
2022-11-23 14:19:39.548 UTC [DEBUG] steampipe-plugin-hackernews.plugin: {}
2022-11-23 14:19:39.548 UTC [TRACE] steampipe-plugin-hackernews.plugin: [TRACE] 1669213179406: GetMatrixItem
2022-11-23 14:19:39.548 UTC [TRACE] steampipe-plugin-hackernews.plugin: [TRACE] 1669213179406: creating query data
2022-11-23 14:19:39.548 UTC [INFO]  steampipe-plugin-hackernews.plugin: [INFO]  1669213179406: cacheEnabled, trying cache get (hackernews-1669213179406)
2022-11-23 14:19:39.548 UTC [TRACE] steampipe-plugin-hackernews.plugin: [TRACE] 1669213179406: QueryCache Get - indexBucketKey index__hackernewshackernews_new, quals
2022-11-23 14:19:39.548 UTC [TRACE] steampipe-plugin-hackernews.plugin: [TRACE] 1669213179406: QueryCache getCachedQueryResult - table hackernews_new, connectionName hackernews
2022-11-23 14:19:39.548 UTC [TRACE] steampipe-plugin-hackernews.plugin: [TRACE] 1669213179406: index bucket key: index__hackernewshackernews_new ttlSeconds 300 limit: -1
2022-11-23 14:19:39.548 UTC [TRACE] steampipe-plugin-hackernews.plugin: [TRACE] 1669213179406: doGet cache miss
2022-11-23 14:19:39.548 UTC [TRACE] steampipe-plugin-hackernews.plugin: [TRACE] 1669213179406: getCachedIndexBucket - no item retrieved for cache key index__hackernewshackernews_new
2022-11-23 14:19:39.548 UTC [TRACE] steampipe-plugin-hackernews.plugin: [TRACE] 1669213179406: getCachedQueryResult returned CACHE MISS - checking for pending transfers
2022-11-23 14:19:39.548 UTC [TRACE] steampipe-plugin-hackernews.plugin: [TRACE] 1669213179406: getPendingResultItem indexBucketKey index__hackernewshackernews_new, columns [id title time by score dead deleted descendants kids parent parts poll text type url _ctx], limit -1
2022-11-23 14:19:39.548 UTC [TRACE] steampipe-plugin-hackernews.plugin: [TRACE] 1669213179406: no pending index item - add pending result, indexBucketKey index__hackernewshackernews_new
2022-11-23 14:19:39.548 UTC [TRACE] steampipe-plugin-hackernews.plugin: [TRACE] 1669213179406: addPendingResult (hackernews-1669213179406) indexBucketKey index__hackernewshackernews_new, columns [id title time by score dead deleted descendants kids parent parts poll text type url _ctx], limit -1
2022-11-23 14:19:39.548 UTC [TRACE] steampipe-plugin-hackernews.plugin: [TRACE] 1669213179406: no index bucket found - creating one
2022-11-23 14:19:39.548 UTC [TRACE] steampipe-plugin-hackernews.plugin: [TRACE] 1669213179406: pendingIndexItem Lock count before 0
2022-11-23 14:19:39.548 UTC [TRACE] steampipe-plugin-hackernews.plugin: [TRACE] 1669213179406: addPendingResult added pending index item to bucket, (hackernews-1669213179406) indexBucketKey index__hackernewshackernews_new, resultKeyRoot hackernewshackernews_newid,title,time,by,score,dead,deleted,descendants,kids,parent,parts,poll,text,type,url,_ctx-1, pending item : 0xc0003da7e0
2022-11-23 14:19:39.548 UTC [TRACE] steampipe-plugin-hackernews.plugin: [TRACE] 1669213179406: **** pending items (hackernews-1669213179406)****
2022-11-23 14:19:39.548 UTC [TRACE] steampipe-plugin-hackernews.plugin: [TRACE] 1669213179406: key: index__hackernewshackernews_new: item: 0xc0003da7e0, count: 1, key:hackernewshackernews_newid,title,time,by,score,dead,deleted,descendants,kids,parent,parts,poll,text,type,url,_ctx-1
2022-11-23 14:19:39.548 UTC [TRACE] steampipe-plugin-hackernews.plugin: [TRACE] 1669213179406: ********
2022-11-23 14:19:39.548 UTC [TRACE] steampipe-plugin-hackernews.plugin: [TRACE] 1669213179406: getPendingResultItem returning <nil>
2022-11-23 14:19:39.548 UTC [INFO]  steampipe-plugin-hackernews.plugin: [INFO]  1669213179406: CACHE MISS
2022-11-23 14:19:39.548 UTC [TRACE] steampipe-plugin-hackernews.plugin: [TRACE] 1669213179406: cache MISS
2022-11-23 14:19:39.548 UTC [INFO]  steampipe-plugin-hackernews.plugin: [INFO]  1669213179406: queryCacheGet returned CACHE MISS (hackernews-1669213179406)
2022-11-23 14:19:39.548 UTC [TRACE] steampipe-plugin-hackernews.plugin: [TRACE] 1669213179406: StartSet (hackernews-1669213179406)
2022-11-23 14:19:39.548 UTC [TRACE] steampipe-plugin-hackernews.plugin: [TRACE] 1669213179406: calling fetchItems, table: hackernews_new, matrixItem: [], limit: -1,  connectionCallId: hackernews-1669213179406"
2022-11-23 14:19:39.548 UTC [TRACE] steampipe-plugin-hackernews.plugin: [TRACE] 1669213179406: buildRowsAsync connectionCallId: hackernews-1669213179406
2022-11-23 14:19:39.548 UTC [TRACE] steampipe-plugin-hackernews.plugin: [TRACE] 1669213179406: streamRows connectionCallId: hackernews-1669213179406
2022-11-23 14:19:39.548 UTC [TRACE] steampipe-plugin-hackernews.plugin: [TRACE] 1669213179406: QueryData streamRows (hackernews-1669213179406)
2022-11-23 14:19:39.548 UTC [TRACE] steampipe-plugin-hackernews.plugin: [TRACE] 1669213179406: executeListCall START (hackernews-1669213179406)
2022-11-23 14:19:39.548 UTC [TRACE] steampipe-plugin-hackernews.plugin: [TRACE] 1669213179406: GetUnsatisfiedKeyColumns for columns
2022-11-23 14:19:39.548 UTC [TRACE] steampipe-plugin-hackernews.plugin: [TRACE] 1669213179406: doList (hackernews-1669213179406)
2022-11-23 14:19:39.548 UTC [TRACE] steampipe-plugin-hackernews.plugin: [TRACE] 1669213179406: doList: no matrix item
2022-11-23 14:19:39.715 UTC [TRACE] stdio: received data: channel=STDOUT len=15
2022-11-23 14:19:39.715 UTC [TRACE] stdio: waiting for stdio data
2022-11-23 14:19:39.726 UTC [TRACE] steampipe-plugin-hackernews.plugin: [TRACE] 1669213179406: QueryData.fetchComplete
2022-11-23 14:19:39.726 UTC [TRACE] steampipe-plugin-hackernews.plugin: [TRACE] 1669213179406: executeListCall COMPLETE (hackernews-1669213179406)
2022-11-23 14:19:39.726 UTC [TRACE] steampipe-plugin-hackernews.plugin: [TRACE] 1669213179406: rowData chan returned nil - wait for rows to complete (hackernews-1669213179406)
2022-11-23 14:19:39.832 UTC [TRACE] stdio: received data: channel=STDOUT len=113
2022-11-23 14:19:39.832 UTC [TRACE] stdio: waiting for stdio data
2022-11-23 14:19:39.845 UTC [TRACE] stdio: received data: channel=STDOUT len=939
2022-11-23 14:19:39.845 UTC [TRACE] stdio: waiting for stdio data
2022-11-23 14:19:39.861 UTC [TRACE] stdio: received data: channel=STDOUT len=256
2022-11-23 14:19:39.861 UTC [TRACE] stdio: waiting for stdio data
2022-11-23 14:19:39.907 UTC [TRACE] stdio: received data: channel=STDOUT len=488
2022-11-23 14:19:39.907 UTC [TRACE] stdio: waiting for stdio data
2022-11-23 14:19:39.947 UTC [TRACE] stdio: received data: channel=STDOUT len=1024
2022-11-23 14:19:39.947 UTC [TRACE] stdio: waiting for stdio data
2022-11-23 14:19:39.977 UTC [TRACE] stdio: received data: channel=STDOUT len=565
2022-11-23 14:19:39.977 UTC [TRACE] stdio: waiting for stdio data
2022-11-23 14:19:40.073 UTC [TRACE] stdio: received data: channel=STDOUT len=480
2022-11-23 14:19:40.073 UTC [TRACE] stdio: waiting for stdio data
2022-11-23 14:19:40.087 UTC [TRACE] steampipe-plugin-hackernews.plugin: [TRACE] 1669213179406: buildRowsAsync goroutine returning (hackernews-1669213179406)
2022-11-23 14:19:40.088 UTC [TRACE] steampipe-plugin-hackernews.plugin: [TRACE] 1669213179406: streamRows - nil row, stop streaming (hackernews-1669213179406)
2022-11-23 14:19:40.088 UTC [TRACE] steampipe-plugin-hackernews.plugin: [TRACE] 1669213179406: ------------------------------------
2022-11-23 14:19:40.088 UTC [TRACE] steampipe-plugin-hackernews.plugin: [TRACE] 1669213179406: Concurrency Summary
2022-11-23 14:19:40.088 UTC [TRACE] steampipe-plugin-hackernews.plugin: [TRACE] 1669213179406: ------------------------------------
2022-11-23 14:19:40.088 UTC [TRACE] steampipe-plugin-hackernews.plugin: [TRACE] 1669213179406: getItem                       : 200
2022-11-23 14:19:40.088 UTC [TRACE] steampipe-plugin-hackernews.plugin: [TRACE] 1669213179406: ------------------------------------
2022-11-23 14:19:40.088 UTC [TRACE] steampipe-plugin-hackernews.plugin: [TRACE] 1669213179406: Total                         : 200
2022-11-23 14:19:40.088 UTC [TRACE] steampipe-plugin-hackernews.plugin: [TRACE] 1669213179406: ------------------------------------
2022-11-23 14:19:40.088 UTC [TRACE] steampipe-plugin-hackernews.plugin: [TRACE] 1669213179406: QueryData streamRows DONE (hackernews-1669213179406)
2022-11-23 14:19:40.088 UTC [TRACE] steampipe-plugin-hackernews.plugin: [TRACE] 1669213179406: EndSet (hackernews-1669213179406) table hackernews_new
2022-11-23 14:19:40.088 UTC [TRACE] steampipe-plugin-hackernews.plugin: [TRACE] 1669213179406: QueryCache writePageToCache: 500 rows, pageCount 1, page key hackernewshackernews_newid,title,time,by,score,dead,deleted,descendants,kids,parent,parts,poll,text,type,url,_ctx-1-0
2022-11-23 14:19:40.095 UTC [TRACE] steampipe-plugin-hackernews.plugin: [TRACE] 1669213179406: writePageToCache Set - result written
2022-11-23 14:19:40.095 UTC [TRACE] steampipe-plugin-hackernews.plugin: [TRACE] 1669213179406: QueryCache EndSet - result written
2022-11-23 14:19:40.095 UTC [TRACE] steampipe-plugin-hackernews.plugin: [TRACE] 1669213179406: doGet cache miss
2022-11-23 14:19:40.095 UTC [TRACE] steampipe-plugin-hackernews.plugin: [TRACE] 1669213179406: getCachedIndexBucket - no item retrieved for cache key index__hackernewshackernews_new
2022-11-23 14:19:40.095 UTC [TRACE] steampipe-plugin-hackernews.plugin: [TRACE] 1669213179406: getCachedIndexBucket returned cache miss
2022-11-23 14:19:40.095 UTC [TRACE] steampipe-plugin-hackernews.plugin: [TRACE] 1669213179406: QueryCache EndSet - Added index item (0xc01ac598c0) to bucket (0xc01ab4d1e8), page count 1,  key root hackernewshackernews_newid,title,time,by,score,dead,deleted,descendants,kids,parent,parts,poll,text,type,url,_ctx-1
2022-11-23 14:19:40.095 UTC [TRACE] steampipe-plugin-hackernews.plugin: [TRACE] 1669213179406: cacheSetIndexBucket index__hackernewshackernews_new
2022-11-23 14:19:40.095 UTC [TRACE] steampipe-plugin-hackernews.plugin: [TRACE] 1669213179406: QueryCache EndSet - IndexBucket written
2022-11-23 14:19:40.096 UTC [TRACE] steampipe-plugin-hackernews.plugin: [TRACE] 1669213179406: EndSet DEFER (hackernews-1669213179406) table hackernews_new
2022-11-23 14:19:40.096 UTC [TRACE] steampipe-plugin-hackernews.plugin: [TRACE] 1669213179406: calling pendingItemComplete (hackernews-1669213179406)
2022-11-23 14:19:40.096 UTC [TRACE] steampipe-plugin-hackernews.plugin: [TRACE] 1669213179406: pendingItemComplete (hackernews-1669213179406) indexBucketKey index__hackernewshackernews_new, columns [id title time by score dead deleted descendants kids parent parts poll text type url _ctx], limit -1
2022-11-23 14:19:40.096 UTC [TRACE] steampipe-plugin-hackernews.plugin: [TRACE] 1669213179406: got pending index bucket, (hackernews-1669213179406) len 1
2022-11-23 14:19:40.096 UTC [TRACE] steampipe-plugin-hackernews.plugin: [TRACE] 1669213179406: SatisfiesLimit limit -1, no item limit - satisfied
2022-11-23 14:19:40.096 UTC [TRACE] steampipe-plugin-hackernews.plugin: [TRACE] 1669213179406: found pending index item to satisfy columns id,title,time,by,score,dead,deleted,descendants,kids,parent,parts,poll,text,type,url,_ctx, limit -1
2022-11-23 14:19:40.096 UTC [TRACE] steampipe-plugin-hackernews.plugin: [TRACE] 1669213179406: found completed pending item (hackernews-1669213179406) 0xc0003da7e0, key hackernewshackernews_newid,title,time,by,score,dead,deleted,descendants,kids,parent,parts,poll,text,type,url,_ctx-1 - removing from map as it is complete
2022-11-23 14:19:40.096 UTC [TRACE] steampipe-plugin-hackernews.plugin: [TRACE] 1669213179406: pendingIndexItem Unlock count before 1 key hackernewshackernews_newid,title,time,by,score,dead,deleted,descendants,kids,parent,parts,poll,text,type,url,_ctx-1
2022-11-23 14:19:40.096 UTC [TRACE] steampipe-plugin-hackernews.plugin: [TRACE] 1669213179406: deleted from pending, (hackernews-1669213179406) len 0
2022-11-23 14:19:40.096 UTC [TRACE] steampipe-plugin-hackernews.plugin: [TRACE] 1669213179406: pending bucket now empty - deleting key index__hackernewshackernews_new
2022-11-23 14:19:40.096 UTC [TRACE] steampipe-plugin-hackernews.plugin: [TRACE] 1669213179406: pendingItemComplete done (hackernews-1669213179406)
2022-11-23 14:19:40.096 UTC [TRACE] steampipe-plugin-hackernews.plugin: [TRACE] 1669213179406: cache set succeeded
2022-11-23 14:19:40.096 UTC [TRACE] steampipe-plugin-hackernews.plugin: [TRACE] 1669213179406: End execute span
2022-11-23 14:19:40.096 UTC [TRACE] steampipe-plugin-hackernews.plugin: [TRACE] 1669213179406: executeForConnection DEFER (hackernews-1669213179406)
2022-11-23 14:19:40.096 UTC [TRACE] steampipe-plugin-hackernews.plugin: [TRACE] 1669213179406: Execute complete callId: hackernews-1669213179406 table: hackernews_new
2022-11-23 14:19:40.096 UTC [TRACE] steampipe-plugin-hackernews.plugin: [TRACE] 1669213179406: executeForConnection hackernews returned
2022-11-23 14:19:40.096 UTC [TRACE] steampipe-plugin-hackernews.plugin: [TRACE] 1669213179406: output wg complete - send nil row
2022-11-23 14:19:40.096 UTC [TRACE] steampipe-plugin-hackernews.plugin: [TRACE] 1669213179406: empty row on output channel - we are done
2022-11-23 14:19:40.096 UTC [INFO]  steampipe-plugin-hackernews.plugin: [INFO]  1669213179406: Plugin Execute complete (1669213179406)
2022-11-23 14:19:40.098 UTC [TRACE] stdio: received data: channel=STDOUT len=1024
2022-11-23 14:19:40.098 UTC [TRACE] stdio: waiting for stdio data
2022-11-23 14:19:40.176 UTC [TRACE] PluginManager Shutdown
2022-11-23 14:19:40.176 UTC [TRACE] killing plugin csv (1962)
2022-11-23 14:19:40.178 UTC [TRACE] steampipe-plugin-csv.plugin: [TRACE] FLUSHING instrumentation
2022-11-23 14:19:40.178 UTC [TRACE] steampipe-plugin-csv.plugin: [TRACE] Shutdown instrumentation
2022-11-23 14:19:40.178 UTC [INFO]  plugin process exited: path=/home/runner/.steampipe/plugins/hub.steampipe.io/plugins/turbot/csv@latest/steampipe-plugin-csv.plugin pid=1962
2022-11-23 14:19:40.178 UTC [DEBUG] stdio: received EOF, stopping recv loop: err="rpc error: code = Unavailable desc = error reading from server: EOF"
2022-11-23 14:19:40.178 UTC [DEBUG] plugin exited
2022-11-23 14:19:40.178 UTC [TRACE] killing plugin hackernews (1987)
2022-11-23 14:19:40.180 UTC [TRACE] steampipe-plugin-hackernews.plugin: [TRACE] 1669213179406: FLUSHING instrumentation
2022-11-23 14:19:40.180 UTC [TRACE] steampipe-plugin-hackernews.plugin: [TRACE] 1669213179406: Shutdown instrumentation
2022-11-23 14:19:40.181 UTC [INFO]  plugin process exited: path=/home/runner/.steampipe/plugins/hub.steampipe.io/plugins/turbot/hackernews@latest/steampipe-plugin-hackernews.plugin pid=1987
2022-11-23 14:19:40.181 UTC [DEBUG] stdio: received EOF, stopping recv loop: err="rpc error: code = Unavailable desc = error reading from server: EOF"
2022-11-23 14:19:40.181 UTC [DEBUG] plugin exited
2022-11-23 14:19:44.575 UTC [WARN]  steampipe-plugin-csv.plugin: [WARN]  1669213184405: getKeyColumnsForTable found no schema for table '/home/runner/work/steampipe-samples/steampipe-samples/all/hackernews/hn.csv'
2022-11-23 14:20:09.231 UTC [WARN]  steampipe-plugin-csv.plugin: [WARN]  1669213209742: getKeyColumnsForTable found no schema for table '/home/runner/work/steampipe-samples/steampipe-samples/all/hackernews/hn.csv'
2022-11-23 14:22:39.121 UTC [ERROR] steampipe-plugin-csv.plugin: [ERROR] csv.tableCSV: header_parse_error=EOF path=/home/runner/work/steampipe-samples/steampipe-samples/all/hackernews/new_sc.csv header=[]
2022-11-23 14:22:39.121 UTC [ERROR] steampipe-plugin-csv.plugin: [ERROR] csv.PluginTables: create_table_error="failed to parse file header /home/runner/work/steampipe-samples/steampipe-samples/all/hackernews/new_sc.csv: EOF" path=/home/runner/work/steampipe-samples/steampipe-samples/all/hackernews/new_sc.csv
2022-11-23 14:22:39.122 UTC [WARN]  failed to set connection config: failed to parse file header /home/runner/work/steampipe-samples/steampipe-samples/all/hackernews/new_sc.csv: EOF
2022-11-23 14:22:40.416 UTC [WARN]  steampipe-plugin-csv.plugin: [WARN]  1669213360246: getKeyColumnsForTable found no schema for table '/home/runner/work/steampipe-samples/steampipe-samples/all/hackernews/new_sc.csv'
2022-11-23 14:22:48.104 UTC [ERROR] steampipe-plugin-csv.plugin: [ERROR] csv.tableCSV: header_parse_error=EOF path=/home/runner/work/steampipe-samples/steampipe-samples/all/hackernews/hn_items_all.csv header=[]
2022-11-23 14:22:48.104 UTC [ERROR] steampipe-plugin-csv.plugin: [ERROR] csv.PluginTables: create_table_error="failed to parse file header /home/runner/work/steampipe-samples/steampipe-samples/all/hackernews/hn_items_all.csv: EOF" path=/home/runner/work/steampipe-samples/steampipe-samples/all/hackernews/hn_items_all.csv
2022-11-23 14:22:48.104 UTC [WARN]  failed to set connection config: failed to parse file header /home/runner/work/steampipe-samples/steampipe-samples/all/hackernews/hn_items_all.csv: EOF
2022-11-23 14:22:49.493 UTC [ERROR] steampipe-plugin-csv.plugin: [ERROR] csv.tableCSV: header_parse_error=EOF path=/home/runner/work/steampipe-samples/steampipe-samples/all/hackernews/people.csv header=[]
2022-11-23 14:22:49.493 UTC [ERROR] steampipe-plugin-csv.plugin: [ERROR] csv.PluginTables: create_table_error="failed to parse file header /home/runner/work/steampipe-samples/steampipe-samples/all/hackernews/people.csv: EOF" path=/home/runner/work/steampipe-samples/steampipe-samples/all/hackernews/people.csv
2022-11-23 14:22:49.493 UTC [WARN]  failed to set connection config: failed to parse file header /home/runner/work/steampipe-samples/steampipe-samples/all/hackernews/people.csv: EOF
