2022-11-12 03:38:57.789 UTC [INFO]  starting plugin manager
2022-11-12 03:38:57.790 UTC [TRACE] loaded config map: csv,github,hackernews,net
2022-11-12 03:38:57.790 UTC [TRACE] NewPluginManager
2022-11-12 03:38:57.790 UTC [TRACE] PluginManager setPluginCacheSizeMap: 4 connections.
2022-11-12 03:38:57.790 UTC [TRACE] Total cache size 0Mb
2022-11-12 03:38:57.790 UTC [INFO]  starting connection watcher
2022-11-12 03:38:57.790 UTC [INFO]  created ConnectionWatcher
2022-11-12 03:38:57.790 UTC [TRACE] about to serve
2022-11-12 03:38:57.858 UTC [TRACE] PluginManager Get, connections: '[csv]'
2022-11-12 03:38:57.858 UTC [TRACE] PluginManager getPlugin hub.steampipe.io/plugins/turbot/csv@latest connection 'csv'
2022-11-12 03:38:57.858 UTC [TRACE] PluginManager 0xc000317860 plugin hub.steampipe.io/plugins/turbot/csv@latest (csv) NOT started or starting - start now
2022-11-12 03:38:57.858 UTC [TRACE] ************ start plugin csv ********************
2022-11-12 03:38:57.859 UTC [TRACE] ************ plugin path /home/runner/.steampipe/plugins/hub.steampipe.io/plugins/turbot/csv@latest/steampipe-plugin-csv.plugin ********************
2022-11-12 03:38:57.891 UTC [TRACE] handleFileWatcherEvent ignoring first event
2022-11-12 03:38:57.919 UTC [DEBUG] starting plugin: path=/home/runner/.steampipe/plugins/hub.steampipe.io/plugins/turbot/csv@latest/steampipe-plugin-csv.plugin args=["/home/runner/.steampipe/plugins/hub.steampipe.io/plugins/turbot/csv@latest/steampipe-plugin-csv.plugin"]
2022-11-12 03:38:57.919 UTC [DEBUG] plugin started: path=/home/runner/.steampipe/plugins/hub.steampipe.io/plugins/turbot/csv@latest/steampipe-plugin-csv.plugin pid=1994
2022-11-12 03:38:57.919 UTC [DEBUG] waiting for RPC address: path=/home/runner/.steampipe/plugins/hub.steampipe.io/plugins/turbot/csv@latest/steampipe-plugin-csv.plugin
2022-11-12 03:38:57.928 UTC [INFO]  steampipe-plugin-csv.plugin: [INFO]  Initialise plugin 'steampipe-plugin-csv', using sdk version 4.1.7
2022-11-12 03:38:57.928 UTC [TRACE] steampipe-plugin-csv.plugin: [TRACE] no DefaultRetryConfig defined - creating empty
2022-11-12 03:38:57.928 UTC [TRACE] steampipe-plugin-csv.plugin: [TRACE] no DefaultIgnoreConfig defined - creating empty
2022-11-12 03:38:57.928 UTC [TRACE] steampipe-plugin-csv.plugin: [TRACE] Setting Ulimit: ulimit=2560
2022-11-12 03:38:57.928 UTC [TRACE] steampipe-plugin-csv.plugin: [TRACE] telemetry.Init service 'steampipe-plugin-csv', tracingEnabled: false, metricsEnabled: false
2022-11-12 03:38:57.928 UTC [TRACE] steampipe-plugin-csv.plugin: [TRACE] metrics and tracing disabled' - returning
2022-11-12 03:38:57.928 UTC [DEBUG] steampipe-plugin-csv.plugin: plugin address: network=unix address=/tmp/plugin1528979014 timestamp=2022-11-12T03:38:57.928Z
2022-11-12 03:38:57.928 UTC [DEBUG] using plugin: version=0
2022-11-12 03:38:57.928 UTC [TRACE] NewPluginClient for plugin hub.steampipe.io/plugins/turbot/csv@latest
2022-11-12 03:38:57.929 UTC [TRACE] stdio: waiting for stdio data
2022-11-12 03:38:57.931 UTC [TRACE] supportedOperations: query_cache:true multiple_connections:true
2022-11-12 03:38:57.931 UTC [TRACE] steampipe-plugin-csv.plugin: [TRACE] SetAllConnectionConfigs setting 1 configs
2022-11-12 03:38:57.932 UTC [TRACE] steampipe-plugin-csv.plugin: [TRACE] connection csv build schema and table map
2022-11-12 03:38:57.932 UTC [DEBUG] steampipe-plugin-csv.plugin: [DEBUG] csv.tableCSV: path=/home/runner/work/steampipe-samples/steampipe-samples/all/hackernews/hn_items_all.csv detected_encoding=Unknown
2022-11-12 03:38:57.932 UTC [DEBUG] steampipe-plugin-csv.plugin: [DEBUG] csv.tableCSV: path=/home/runner/work/steampipe-samples/steampipe-samples/all/hackernews/new_sc.csv detected_encoding=Unknown
2022-11-12 03:38:57.932 UTC [DEBUG] steampipe-plugin-csv.plugin: [DEBUG] csv.tableCSV: path=/home/runner/work/steampipe-samples/steampipe-samples/all/hackernews/people.csv detected_encoding=Unknown
2022-11-12 03:38:57.932 UTC [TRACE] steampipe-plugin-csv.plugin: [TRACE] initialise table /home/runner/work/steampipe-samples/steampipe-samples/all/hackernews/hn_items_all.csv
2022-11-12 03:38:57.932 UTC [TRACE] steampipe-plugin-csv.plugin: [TRACE] no DefaultRetryConfig defined - creating empty
2022-11-12 03:38:57.932 UTC [TRACE] steampipe-plugin-csv.plugin: [TRACE] no DefaultIgnoreConfig defined - creating empty
2022-11-12 03:38:57.932 UTC [TRACE] steampipe-plugin-csv.plugin: [TRACE] apply plugin defaults for DefaultRetryConfig
2022-11-12 03:38:57.932 UTC [TRACE] steampipe-plugin-csv.plugin: [TRACE] apply plugin defaults for DefaultIgnoreConfig, table &{<nil> <nil>} plugin &{<nil> <nil>}
2022-11-12 03:38:57.932 UTC [TRACE] steampipe-plugin-csv.plugin: [TRACE] DefaultRetryConfig:
2022-11-12 03:38:57.932 UTC [TRACE] steampipe-plugin-csv.plugin: [TRACE] DefaultIgnoreConfig:
2022-11-12 03:38:57.932 UTC [TRACE] steampipe-plugin-csv.plugin: [TRACE] t.List.initialise
2022-11-12 03:38:57.932 UTC [TRACE] steampipe-plugin-csv.plugin: [TRACE] ListConfig.initialise table /home/runner/work/steampipe-samples/steampipe-samples/all/hackernews/hn_items_all.csv
2022-11-12 03:38:57.932 UTC [TRACE] steampipe-plugin-csv.plugin: [TRACE] ListConfig.initialise complete: RetryConfig: , IgnoreConfig
2022-11-12 03:38:57.932 UTC [TRACE] steampipe-plugin-csv.plugin: [TRACE] back from initialiseHydrateConfigs
2022-11-12 03:38:57.932 UTC [TRACE] steampipe-plugin-csv.plugin: [TRACE] initialise table /home/runner/work/steampipe-samples/steampipe-samples/all/hackernews/hn_items_all.csv COMPLETE
2022-11-12 03:38:57.932 UTC [TRACE] steampipe-plugin-csv.plugin: [TRACE] initialise table /home/runner/work/steampipe-samples/steampipe-samples/all/hackernews/new_sc.csv
2022-11-12 03:38:57.932 UTC [TRACE] steampipe-plugin-csv.plugin: [TRACE] no DefaultRetryConfig defined - creating empty
2022-11-12 03:38:57.932 UTC [TRACE] steampipe-plugin-csv.plugin: [TRACE] no DefaultIgnoreConfig defined - creating empty
2022-11-12 03:38:57.932 UTC [TRACE] steampipe-plugin-csv.plugin: [TRACE] apply plugin defaults for DefaultRetryConfig
2022-11-12 03:38:57.932 UTC [TRACE] steampipe-plugin-csv.plugin: [TRACE] apply plugin defaults for DefaultIgnoreConfig, table &{<nil> <nil>} plugin &{<nil> <nil>}
2022-11-12 03:38:57.932 UTC [TRACE] steampipe-plugin-csv.plugin: [TRACE] DefaultRetryConfig:
2022-11-12 03:38:57.932 UTC [TRACE] steampipe-plugin-csv.plugin: [TRACE] DefaultIgnoreConfig:
2022-11-12 03:38:57.932 UTC [TRACE] steampipe-plugin-csv.plugin: [TRACE] t.List.initialise
2022-11-12 03:38:57.932 UTC [TRACE] steampipe-plugin-csv.plugin: [TRACE] ListConfig.initialise table /home/runner/work/steampipe-samples/steampipe-samples/all/hackernews/new_sc.csv
2022-11-12 03:38:57.932 UTC [TRACE] steampipe-plugin-csv.plugin: [TRACE] ListConfig.initialise complete: RetryConfig: , IgnoreConfig
2022-11-12 03:38:57.932 UTC [TRACE] steampipe-plugin-csv.plugin: [TRACE] back from initialiseHydrateConfigs
2022-11-12 03:38:57.932 UTC [TRACE] steampipe-plugin-csv.plugin: [TRACE] initialise table /home/runner/work/steampipe-samples/steampipe-samples/all/hackernews/new_sc.csv COMPLETE
2022-11-12 03:38:57.932 UTC [TRACE] steampipe-plugin-csv.plugin: [TRACE] initialise table /home/runner/work/steampipe-samples/steampipe-samples/all/hackernews/people.csv
2022-11-12 03:38:57.932 UTC [TRACE] steampipe-plugin-csv.plugin: [TRACE] no DefaultRetryConfig defined - creating empty
2022-11-12 03:38:57.932 UTC [TRACE] steampipe-plugin-csv.plugin: [TRACE] no DefaultIgnoreConfig defined - creating empty
2022-11-12 03:38:57.932 UTC [TRACE] steampipe-plugin-csv.plugin: [TRACE] apply plugin defaults for DefaultRetryConfig
2022-11-12 03:38:57.932 UTC [TRACE] steampipe-plugin-csv.plugin: [TRACE] apply plugin defaults for DefaultIgnoreConfig, table &{<nil> <nil>} plugin &{<nil> <nil>}
2022-11-12 03:38:57.932 UTC [TRACE] steampipe-plugin-csv.plugin: [TRACE] DefaultRetryConfig:
2022-11-12 03:38:57.932 UTC [TRACE] steampipe-plugin-csv.plugin: [TRACE] DefaultIgnoreConfig:
2022-11-12 03:38:57.932 UTC [TRACE] steampipe-plugin-csv.plugin: [TRACE] t.List.initialise
2022-11-12 03:38:57.932 UTC [TRACE] steampipe-plugin-csv.plugin: [TRACE] ListConfig.initialise table /home/runner/work/steampipe-samples/steampipe-samples/all/hackernews/people.csv
2022-11-12 03:38:57.932 UTC [TRACE] steampipe-plugin-csv.plugin: [TRACE] ListConfig.initialise complete: RetryConfig: , IgnoreConfig
2022-11-12 03:38:57.932 UTC [TRACE] steampipe-plugin-csv.plugin: [TRACE] back from initialiseHydrateConfigs
2022-11-12 03:38:57.932 UTC [TRACE] steampipe-plugin-csv.plugin: [TRACE] initialise table /home/runner/work/steampipe-samples/steampipe-samples/all/hackernews/people.csv COMPLETE
2022-11-12 03:38:57.932 UTC [TRACE] steampipe-plugin-csv.plugin: [TRACE] validate plugin steampipe-plugin-csv, required columns []
2022-11-12 03:38:57.932 UTC [TRACE] steampipe-plugin-csv.plugin: [TRACE] validate DefaultRetryConfig
2022-11-12 03:38:57.932 UTC [TRACE] steampipe-plugin-csv.plugin: [TRACE] validate DefaultIgnoreConfig
2022-11-12 03:38:57.932 UTC [TRACE] steampipe-plugin-csv.plugin: [TRACE] validate table names
2022-11-12 03:38:57.932 UTC [TRACE] steampipe-plugin-csv.plugin: [TRACE] plugin has 0 validation errors
2022-11-12 03:38:57.932 UTC [TRACE] steampipe-plugin-csv.plugin: [TRACE] Plugin ensureCache creating cache, maxCacheStorageMb 0
2022-11-12 03:38:57.932 UTC [TRACE] steampipe-plugin-csv.plugin: [TRACE] createCacheStore for plugin 'steampipe-plugin-csv' setting max size to 0Mb, Shards: 2, max shard size: 0
2022-11-12 03:38:57.944 UTC [INFO]  steampipe-plugin-csv.plugin: [INFO]  query cache created
2022-11-12 03:38:57.944 UTC [DEBUG] steampipe-plugin-csv.plugin: [DEBUG] SetAllConnectionConfigs finished
2022-11-12 03:38:57.945 UTC [TRACE] PluginManager getPlugin complete, returning reattach config with PID: 1994
2022-11-12 03:38:57.945 UTC [TRACE] PluginManager Get returning reattach_map:{key:"csv" value:{protocol:"grpc" addr:{Network:"unix" Address:"/tmp/plugin1528979014"} pid:1994 supported_operations:{query_cache:true multiple_connections:true} connections:"csv" plugin:"hub.steampipe.io/plugins/turbot/csv@latest"}}
2022-11-12 03:38:58.026 UTC [TRACE] PluginManager Get, connections: '[csv]'
2022-11-12 03:38:58.026 UTC [TRACE] PluginManager getPlugin hub.steampipe.io/plugins/turbot/csv@latest connection 'csv'
2022-11-12 03:38:58.026 UTC [TRACE] connection csv found in connectionPluginMap
2022-11-12 03:38:58.026 UTC [TRACE] initialized: 1994
2022-11-12 03:38:58.026 UTC [TRACE] initialized: 1994
2022-11-12 03:38:58.026 UTC [TRACE] connection csv is loaded, check for running PID
2022-11-12 03:38:58.027 UTC [TRACE] PluginManager found 'csv' in map, pid 1994
2022-11-12 03:38:58.027 UTC [TRACE] PluginManager Get returning reattach_map:{key:"csv" value:{protocol:"grpc" addr:{Network:"unix" Address:"/tmp/plugin1528979014"} pid:1994 supported_operations:{query_cache:true multiple_connections:true} connections:"csv" plugin:"hub.steampipe.io/plugins/turbot/csv@latest"}}
2022-11-12 03:38:58.181 UTC [TRACE] PluginManager Get, connections: '[hackernews]'
2022-11-12 03:38:58.181 UTC [TRACE] PluginManager getPlugin hub.steampipe.io/plugins/turbot/hackernews@latest connection 'hackernews'
2022-11-12 03:38:58.181 UTC [TRACE] PluginManager 0xc000317860 plugin hub.steampipe.io/plugins/turbot/hackernews@latest (hackernews) NOT started or starting - start now
2022-11-12 03:38:58.181 UTC [TRACE] ************ start plugin hackernews ********************
2022-11-12 03:38:58.181 UTC [TRACE] ************ plugin path /home/runner/.steampipe/plugins/hub.steampipe.io/plugins/turbot/hackernews@latest/steampipe-plugin-hackernews.plugin ********************
2022-11-12 03:38:58.243 UTC [DEBUG] starting plugin: path=/home/runner/.steampipe/plugins/hub.steampipe.io/plugins/turbot/hackernews@latest/steampipe-plugin-hackernews.plugin args=["/home/runner/.steampipe/plugins/hub.steampipe.io/plugins/turbot/hackernews@latest/steampipe-plugin-hackernews.plugin"]
2022-11-12 03:38:58.243 UTC [DEBUG] plugin started: path=/home/runner/.steampipe/plugins/hub.steampipe.io/plugins/turbot/hackernews@latest/steampipe-plugin-hackernews.plugin pid=2016
2022-11-12 03:38:58.243 UTC [DEBUG] waiting for RPC address: path=/home/runner/.steampipe/plugins/hub.steampipe.io/plugins/turbot/hackernews@latest/steampipe-plugin-hackernews.plugin
2022-11-12 03:38:58.253 UTC [INFO]  steampipe-plugin-hackernews.plugin: [INFO]  Initialise plugin 'steampipe-plugin-hackernews', using sdk version 4.1.7
2022-11-12 03:38:58.253 UTC [TRACE] steampipe-plugin-hackernews.plugin: [TRACE] defaulting SchemaMode to SchemaModeStatic
2022-11-12 03:38:58.253 UTC [TRACE] steampipe-plugin-hackernews.plugin: [TRACE] no DefaultRetryConfig defined - creating empty
2022-11-12 03:38:58.253 UTC [TRACE] steampipe-plugin-hackernews.plugin: [TRACE] no DefaultIgnoreConfig defined - creating empty
2022-11-12 03:38:58.253 UTC [TRACE] steampipe-plugin-hackernews.plugin: [TRACE] Setting Ulimit: ulimit=2560
2022-11-12 03:38:58.253 UTC [TRACE] steampipe-plugin-hackernews.plugin: [TRACE] telemetry.Init service 'steampipe-plugin-hackernews', tracingEnabled: false, metricsEnabled: false
2022-11-12 03:38:58.253 UTC [TRACE] steampipe-plugin-hackernews.plugin: [TRACE] metrics and tracing disabled' - returning
2022-11-12 03:38:58.253 UTC [DEBUG] steampipe-plugin-hackernews.plugin: plugin address: network=unix address=/tmp/plugin2198562964 timestamp=2022-11-12T03:38:58.253Z
2022-11-12 03:38:58.253 UTC [DEBUG] using plugin: version=0
2022-11-12 03:38:58.253 UTC [TRACE] NewPluginClient for plugin hub.steampipe.io/plugins/turbot/hackernews@latest
2022-11-12 03:38:58.254 UTC [TRACE] stdio: waiting for stdio data
2022-11-12 03:38:58.255 UTC [TRACE] supportedOperations: query_cache:true multiple_connections:true
2022-11-12 03:38:58.255 UTC [TRACE] steampipe-plugin-hackernews.plugin: [TRACE] SetAllConnectionConfigs setting 1 configs
2022-11-12 03:38:58.255 UTC [TRACE] steampipe-plugin-hackernews.plugin: [TRACE] connection hackernews build schema and table map
2022-11-12 03:38:58.255 UTC [TRACE] steampipe-plugin-hackernews.plugin: [TRACE] initialise table hackernews_best
2022-11-12 03:38:58.255 UTC [TRACE] steampipe-plugin-hackernews.plugin: [TRACE] no DefaultRetryConfig defined - creating empty
2022-11-12 03:38:58.255 UTC [TRACE] steampipe-plugin-hackernews.plugin: [TRACE] no DefaultIgnoreConfig defined - creating empty
2022-11-12 03:38:58.255 UTC [TRACE] steampipe-plugin-hackernews.plugin: [TRACE] apply plugin defaults for DefaultRetryConfig
2022-11-12 03:38:58.255 UTC [TRACE] steampipe-plugin-hackernews.plugin: [TRACE] apply plugin defaults for DefaultIgnoreConfig, table &{<nil> <nil>} plugin &{<nil> <nil>}
2022-11-12 03:38:58.255 UTC [TRACE] steampipe-plugin-hackernews.plugin: [TRACE] DefaultRetryConfig:
2022-11-12 03:38:58.255 UTC [TRACE] steampipe-plugin-hackernews.plugin: [TRACE] DefaultIgnoreConfig:
2022-11-12 03:38:58.255 UTC [TRACE] steampipe-plugin-hackernews.plugin: [TRACE] t.Get.initialise
2022-11-12 03:38:58.255 UTC [TRACE] steampipe-plugin-hackernews.plugin: [TRACE] GetConfig.initialise table hackernews_best
2022-11-12 03:38:58.255 UTC [TRACE] steampipe-plugin-hackernews.plugin: [TRACE] GetConfig.initialise complete: RetryConfig: , IgnoreConfig:
2022-11-12 03:38:58.255 UTC [TRACE] steampipe-plugin-hackernews.plugin: [TRACE] t.List.initialise
2022-11-12 03:38:58.255 UTC [TRACE] steampipe-plugin-hackernews.plugin: [TRACE] ListConfig.initialise table hackernews_best
2022-11-12 03:38:58.255 UTC [TRACE] steampipe-plugin-hackernews.plugin: [TRACE] ListConfig.initialise complete: RetryConfig: , IgnoreConfig
2022-11-12 03:38:58.255 UTC [TRACE] steampipe-plugin-hackernews.plugin: [TRACE] HydrateConfig.initialise func getItem, table hackernews_best
2022-11-12 03:38:58.255 UTC [TRACE] steampipe-plugin-hackernews.plugin: [TRACE] HydrateConfig.initialise complete: RetryConfig: , IgnoreConfig:
2022-11-12 03:38:58.255 UTC [TRACE] steampipe-plugin-hackernews.plugin: [TRACE] back from initialiseHydrateConfigs
2022-11-12 03:38:58.255 UTC [TRACE] steampipe-plugin-hackernews.plugin: [TRACE] initialise table hackernews_best COMPLETE
2022-11-12 03:38:58.255 UTC [TRACE] steampipe-plugin-hackernews.plugin: [TRACE] initialise table hackernews_item
2022-11-12 03:38:58.255 UTC [TRACE] steampipe-plugin-hackernews.plugin: [TRACE] no DefaultRetryConfig defined - creating empty
2022-11-12 03:38:58.255 UTC [TRACE] steampipe-plugin-hackernews.plugin: [TRACE] no DefaultIgnoreConfig defined - creating empty
2022-11-12 03:38:58.255 UTC [TRACE] steampipe-plugin-hackernews.plugin: [TRACE] apply plugin defaults for DefaultRetryConfig
2022-11-12 03:38:58.255 UTC [TRACE] steampipe-plugin-hackernews.plugin: [TRACE] apply plugin defaults for DefaultIgnoreConfig, table &{<nil> <nil>} plugin &{<nil> <nil>}
2022-11-12 03:38:58.255 UTC [TRACE] steampipe-plugin-hackernews.plugin: [TRACE] DefaultRetryConfig:
2022-11-12 03:38:58.255 UTC [TRACE] steampipe-plugin-hackernews.plugin: [TRACE] DefaultIgnoreConfig:
2022-11-12 03:38:58.255 UTC [TRACE] steampipe-plugin-hackernews.plugin: [TRACE] t.Get.initialise
2022-11-12 03:38:58.255 UTC [TRACE] steampipe-plugin-hackernews.plugin: [TRACE] GetConfig.initialise table hackernews_item
2022-11-12 03:38:58.255 UTC [TRACE] steampipe-plugin-hackernews.plugin: [TRACE] GetConfig.initialise complete: RetryConfig: , IgnoreConfig:
2022-11-12 03:38:58.255 UTC [TRACE] steampipe-plugin-hackernews.plugin: [TRACE] t.List.initialise
2022-11-12 03:38:58.255 UTC [TRACE] steampipe-plugin-hackernews.plugin: [TRACE] ListConfig.initialise table hackernews_item
2022-11-12 03:38:58.255 UTC [TRACE] steampipe-plugin-hackernews.plugin: [TRACE] ListConfig.initialise complete: RetryConfig: , IgnoreConfig
2022-11-12 03:38:58.255 UTC [TRACE] steampipe-plugin-hackernews.plugin: [TRACE] HydrateConfig.initialise func getItem, table hackernews_item
2022-11-12 03:38:58.255 UTC [TRACE] steampipe-plugin-hackernews.plugin: [TRACE] HydrateConfig.initialise complete: RetryConfig: , IgnoreConfig:
2022-11-12 03:38:58.255 UTC [TRACE] steampipe-plugin-hackernews.plugin: [TRACE] back from initialiseHydrateConfigs
2022-11-12 03:38:58.255 UTC [TRACE] steampipe-plugin-hackernews.plugin: [TRACE] initialise table hackernews_item COMPLETE
2022-11-12 03:38:58.255 UTC [TRACE] steampipe-plugin-hackernews.plugin: [TRACE] initialise table hackernews_job
2022-11-12 03:38:58.255 UTC [TRACE] steampipe-plugin-hackernews.plugin: [TRACE] no DefaultRetryConfig defined - creating empty
2022-11-12 03:38:58.255 UTC [TRACE] steampipe-plugin-hackernews.plugin: [TRACE] no DefaultIgnoreConfig defined - creating empty
2022-11-12 03:38:58.255 UTC [TRACE] steampipe-plugin-hackernews.plugin: [TRACE] apply plugin defaults for DefaultRetryConfig
2022-11-12 03:38:58.255 UTC [TRACE] steampipe-plugin-hackernews.plugin: [TRACE] apply plugin defaults for DefaultIgnoreConfig, table &{<nil> <nil>} plugin &{<nil> <nil>}
2022-11-12 03:38:58.255 UTC [TRACE] steampipe-plugin-hackernews.plugin: [TRACE] DefaultRetryConfig:
2022-11-12 03:38:58.255 UTC [TRACE] steampipe-plugin-hackernews.plugin: [TRACE] DefaultIgnoreConfig:
2022-11-12 03:38:58.255 UTC [TRACE] steampipe-plugin-hackernews.plugin: [TRACE] t.Get.initialise
2022-11-12 03:38:58.255 UTC [TRACE] steampipe-plugin-hackernews.plugin: [TRACE] GetConfig.initialise table hackernews_job
2022-11-12 03:38:58.255 UTC [TRACE] steampipe-plugin-hackernews.plugin: [TRACE] GetConfig.initialise complete: RetryConfig: , IgnoreConfig:
2022-11-12 03:38:58.255 UTC [TRACE] steampipe-plugin-hackernews.plugin: [TRACE] t.List.initialise
2022-11-12 03:38:58.255 UTC [TRACE] steampipe-plugin-hackernews.plugin: [TRACE] ListConfig.initialise table hackernews_job
2022-11-12 03:38:58.255 UTC [TRACE] steampipe-plugin-hackernews.plugin: [TRACE] ListConfig.initialise complete: RetryConfig: , IgnoreConfig
2022-11-12 03:38:58.255 UTC [TRACE] steampipe-plugin-hackernews.plugin: [TRACE] HydrateConfig.initialise func getItem, table hackernews_job
2022-11-12 03:38:58.255 UTC [TRACE] steampipe-plugin-hackernews.plugin: [TRACE] HydrateConfig.initialise complete: RetryConfig: , IgnoreConfig:
2022-11-12 03:38:58.255 UTC [TRACE] steampipe-plugin-hackernews.plugin: [TRACE] back from initialiseHydrateConfigs
2022-11-12 03:38:58.255 UTC [TRACE] steampipe-plugin-hackernews.plugin: [TRACE] initialise table hackernews_job COMPLETE
2022-11-12 03:38:58.255 UTC [TRACE] steampipe-plugin-hackernews.plugin: [TRACE] initialise table hackernews_new
2022-11-12 03:38:58.255 UTC [TRACE] steampipe-plugin-hackernews.plugin: [TRACE] no DefaultRetryConfig defined - creating empty
2022-11-12 03:38:58.255 UTC [TRACE] steampipe-plugin-hackernews.plugin: [TRACE] no DefaultIgnoreConfig defined - creating empty
2022-11-12 03:38:58.255 UTC [TRACE] steampipe-plugin-hackernews.plugin: [TRACE] apply plugin defaults for DefaultRetryConfig
2022-11-12 03:38:58.255 UTC [TRACE] steampipe-plugin-hackernews.plugin: [TRACE] apply plugin defaults for DefaultIgnoreConfig, table &{<nil> <nil>} plugin &{<nil> <nil>}
2022-11-12 03:38:58.255 UTC [TRACE] steampipe-plugin-hackernews.plugin: [TRACE] DefaultRetryConfig:
2022-11-12 03:38:58.255 UTC [TRACE] steampipe-plugin-hackernews.plugin: [TRACE] DefaultIgnoreConfig:
2022-11-12 03:38:58.255 UTC [TRACE] steampipe-plugin-hackernews.plugin: [TRACE] t.Get.initialise
2022-11-12 03:38:58.255 UTC [TRACE] steampipe-plugin-hackernews.plugin: [TRACE] GetConfig.initialise table hackernews_new
2022-11-12 03:38:58.255 UTC [TRACE] steampipe-plugin-hackernews.plugin: [TRACE] GetConfig.initialise complete: RetryConfig: , IgnoreConfig:
2022-11-12 03:38:58.255 UTC [TRACE] steampipe-plugin-hackernews.plugin: [TRACE] t.List.initialise
2022-11-12 03:38:58.255 UTC [TRACE] steampipe-plugin-hackernews.plugin: [TRACE] ListConfig.initialise table hackernews_new
2022-11-12 03:38:58.255 UTC [TRACE] steampipe-plugin-hackernews.plugin: [TRACE] ListConfig.initialise complete: RetryConfig: , IgnoreConfig
2022-11-12 03:38:58.255 UTC [TRACE] steampipe-plugin-hackernews.plugin: [TRACE] HydrateConfig.initialise func getItem, table hackernews_new
2022-11-12 03:38:58.255 UTC [TRACE] steampipe-plugin-hackernews.plugin: [TRACE] HydrateConfig.initialise complete: RetryConfig: , IgnoreConfig:
2022-11-12 03:38:58.255 UTC [TRACE] steampipe-plugin-hackernews.plugin: [TRACE] back from initialiseHydrateConfigs
2022-11-12 03:38:58.255 UTC [TRACE] steampipe-plugin-hackernews.plugin: [TRACE] initialise table hackernews_new COMPLETE
2022-11-12 03:38:58.255 UTC [TRACE] steampipe-plugin-hackernews.plugin: [TRACE] initialise table hackernews_show_hn
2022-11-12 03:38:58.255 UTC [TRACE] steampipe-plugin-hackernews.plugin: [TRACE] no DefaultRetryConfig defined - creating empty
2022-11-12 03:38:58.255 UTC [TRACE] steampipe-plugin-hackernews.plugin: [TRACE] no DefaultIgnoreConfig defined - creating empty
2022-11-12 03:38:58.255 UTC [TRACE] steampipe-plugin-hackernews.plugin: [TRACE] apply plugin defaults for DefaultRetryConfig
2022-11-12 03:38:58.255 UTC [TRACE] steampipe-plugin-hackernews.plugin: [TRACE] apply plugin defaults for DefaultIgnoreConfig, table &{<nil> <nil>} plugin &{<nil> <nil>}
2022-11-12 03:38:58.255 UTC [TRACE] steampipe-plugin-hackernews.plugin: [TRACE] DefaultRetryConfig:
2022-11-12 03:38:58.255 UTC [TRACE] steampipe-plugin-hackernews.plugin: [TRACE] DefaultIgnoreConfig:
2022-11-12 03:38:58.255 UTC [TRACE] steampipe-plugin-hackernews.plugin: [TRACE] t.Get.initialise
2022-11-12 03:38:58.255 UTC [TRACE] steampipe-plugin-hackernews.plugin: [TRACE] GetConfig.initialise table hackernews_show_hn
2022-11-12 03:38:58.255 UTC [TRACE] steampipe-plugin-hackernews.plugin: [TRACE] GetConfig.initialise complete: RetryConfig: , IgnoreConfig:
2022-11-12 03:38:58.255 UTC [TRACE] steampipe-plugin-hackernews.plugin: [TRACE] t.List.initialise
2022-11-12 03:38:58.255 UTC [TRACE] steampipe-plugin-hackernews.plugin: [TRACE] ListConfig.initialise table hackernews_show_hn
2022-11-12 03:38:58.255 UTC [TRACE] steampipe-plugin-hackernews.plugin: [TRACE] ListConfig.initialise complete: RetryConfig: , IgnoreConfig
2022-11-12 03:38:58.255 UTC [TRACE] steampipe-plugin-hackernews.plugin: [TRACE] HydrateConfig.initialise func getItem, table hackernews_show_hn
2022-11-12 03:38:58.255 UTC [TRACE] steampipe-plugin-hackernews.plugin: [TRACE] HydrateConfig.initialise complete: RetryConfig: , IgnoreConfig:
2022-11-12 03:38:58.255 UTC [TRACE] steampipe-plugin-hackernews.plugin: [TRACE] back from initialiseHydrateConfigs
2022-11-12 03:38:58.255 UTC [TRACE] steampipe-plugin-hackernews.plugin: [TRACE] initialise table hackernews_show_hn COMPLETE
2022-11-12 03:38:58.255 UTC [TRACE] steampipe-plugin-hackernews.plugin: [TRACE] initialise table hackernews_top
2022-11-12 03:38:58.255 UTC [TRACE] steampipe-plugin-hackernews.plugin: [TRACE] no DefaultRetryConfig defined - creating empty
2022-11-12 03:38:58.256 UTC [TRACE] steampipe-plugin-hackernews.plugin: [TRACE] no DefaultIgnoreConfig defined - creating empty
2022-11-12 03:38:58.256 UTC [TRACE] steampipe-plugin-hackernews.plugin: [TRACE] apply plugin defaults for DefaultRetryConfig
2022-11-12 03:38:58.256 UTC [TRACE] steampipe-plugin-hackernews.plugin: [TRACE] apply plugin defaults for DefaultIgnoreConfig, table &{<nil> <nil>} plugin &{<nil> <nil>}
2022-11-12 03:38:58.256 UTC [TRACE] steampipe-plugin-hackernews.plugin: [TRACE] DefaultRetryConfig:
2022-11-12 03:38:58.256 UTC [TRACE] steampipe-plugin-hackernews.plugin: [TRACE] DefaultIgnoreConfig:
2022-11-12 03:38:58.256 UTC [TRACE] steampipe-plugin-hackernews.plugin: [TRACE] t.Get.initialise
2022-11-12 03:38:58.256 UTC [TRACE] steampipe-plugin-hackernews.plugin: [TRACE] GetConfig.initialise table hackernews_top
2022-11-12 03:38:58.256 UTC [TRACE] steampipe-plugin-hackernews.plugin: [TRACE] GetConfig.initialise complete: RetryConfig: , IgnoreConfig:
2022-11-12 03:38:58.256 UTC [TRACE] steampipe-plugin-hackernews.plugin: [TRACE] t.List.initialise
2022-11-12 03:38:58.256 UTC [TRACE] steampipe-plugin-hackernews.plugin: [TRACE] ListConfig.initialise table hackernews_top
2022-11-12 03:38:58.256 UTC [TRACE] steampipe-plugin-hackernews.plugin: [TRACE] ListConfig.initialise complete: RetryConfig: , IgnoreConfig
2022-11-12 03:38:58.256 UTC [TRACE] steampipe-plugin-hackernews.plugin: [TRACE] HydrateConfig.initialise func getItem, table hackernews_top
2022-11-12 03:38:58.256 UTC [TRACE] steampipe-plugin-hackernews.plugin: [TRACE] HydrateConfig.initialise complete: RetryConfig: , IgnoreConfig:
2022-11-12 03:38:58.256 UTC [TRACE] steampipe-plugin-hackernews.plugin: [TRACE] back from initialiseHydrateConfigs
2022-11-12 03:38:58.256 UTC [TRACE] steampipe-plugin-hackernews.plugin: [TRACE] initialise table hackernews_top COMPLETE
2022-11-12 03:38:58.256 UTC [TRACE] steampipe-plugin-hackernews.plugin: [TRACE] initialise table hackernews_user
2022-11-12 03:38:58.256 UTC [TRACE] steampipe-plugin-hackernews.plugin: [TRACE] no DefaultRetryConfig defined - creating empty
2022-11-12 03:38:58.256 UTC [TRACE] steampipe-plugin-hackernews.plugin: [TRACE] no DefaultIgnoreConfig defined - creating empty
2022-11-12 03:38:58.256 UTC [TRACE] steampipe-plugin-hackernews.plugin: [TRACE] apply plugin defaults for DefaultRetryConfig
2022-11-12 03:38:58.256 UTC [TRACE] steampipe-plugin-hackernews.plugin: [TRACE] apply plugin defaults for DefaultIgnoreConfig, table &{<nil> <nil>} plugin &{<nil> <nil>}
2022-11-12 03:38:58.256 UTC [TRACE] steampipe-plugin-hackernews.plugin: [TRACE] DefaultRetryConfig:
2022-11-12 03:38:58.256 UTC [TRACE] steampipe-plugin-hackernews.plugin: [TRACE] DefaultIgnoreConfig:
2022-11-12 03:38:58.256 UTC [TRACE] steampipe-plugin-hackernews.plugin: [TRACE] t.List.initialise
2022-11-12 03:38:58.256 UTC [TRACE] steampipe-plugin-hackernews.plugin: [TRACE] ListConfig.initialise table hackernews_user
2022-11-12 03:38:58.256 UTC [TRACE] steampipe-plugin-hackernews.plugin: [TRACE] ListConfig.initialise complete: RetryConfig: , IgnoreConfig
2022-11-12 03:38:58.256 UTC [TRACE] steampipe-plugin-hackernews.plugin: [TRACE] back from initialiseHydrateConfigs
2022-11-12 03:38:58.256 UTC [TRACE] steampipe-plugin-hackernews.plugin: [TRACE] initialise table hackernews_user COMPLETE
2022-11-12 03:38:58.256 UTC [TRACE] steampipe-plugin-hackernews.plugin: [TRACE] initialise table hackernews_ask_hn
2022-11-12 03:38:58.256 UTC [TRACE] steampipe-plugin-hackernews.plugin: [TRACE] no DefaultRetryConfig defined - creating empty
2022-11-12 03:38:58.256 UTC [TRACE] steampipe-plugin-hackernews.plugin: [TRACE] no DefaultIgnoreConfig defined - creating empty
2022-11-12 03:38:58.256 UTC [TRACE] steampipe-plugin-hackernews.plugin: [TRACE] apply plugin defaults for DefaultRetryConfig
2022-11-12 03:38:58.256 UTC [TRACE] steampipe-plugin-hackernews.plugin: [TRACE] apply plugin defaults for DefaultIgnoreConfig, table &{<nil> <nil>} plugin &{<nil> <nil>}
2022-11-12 03:38:58.256 UTC [TRACE] steampipe-plugin-hackernews.plugin: [TRACE] DefaultRetryConfig:
2022-11-12 03:38:58.256 UTC [TRACE] steampipe-plugin-hackernews.plugin: [TRACE] DefaultIgnoreConfig:
2022-11-12 03:38:58.256 UTC [TRACE] steampipe-plugin-hackernews.plugin: [TRACE] t.Get.initialise
2022-11-12 03:38:58.256 UTC [TRACE] steampipe-plugin-hackernews.plugin: [TRACE] GetConfig.initialise table hackernews_ask_hn
2022-11-12 03:38:58.256 UTC [TRACE] steampipe-plugin-hackernews.plugin: [TRACE] GetConfig.initialise complete: RetryConfig: , IgnoreConfig:
2022-11-12 03:38:58.256 UTC [TRACE] steampipe-plugin-hackernews.plugin: [TRACE] t.List.initialise
2022-11-12 03:38:58.256 UTC [TRACE] steampipe-plugin-hackernews.plugin: [TRACE] ListConfig.initialise table hackernews_ask_hn
2022-11-12 03:38:58.256 UTC [TRACE] steampipe-plugin-hackernews.plugin: [TRACE] ListConfig.initialise complete: RetryConfig: , IgnoreConfig
2022-11-12 03:38:58.256 UTC [TRACE] steampipe-plugin-hackernews.plugin: [TRACE] HydrateConfig.initialise func getItem, table hackernews_ask_hn
2022-11-12 03:38:58.256 UTC [TRACE] steampipe-plugin-hackernews.plugin: [TRACE] HydrateConfig.initialise complete: RetryConfig: , IgnoreConfig:
2022-11-12 03:38:58.256 UTC [TRACE] steampipe-plugin-hackernews.plugin: [TRACE] back from initialiseHydrateConfigs
2022-11-12 03:38:58.256 UTC [TRACE] steampipe-plugin-hackernews.plugin: [TRACE] initialise table hackernews_ask_hn COMPLETE
2022-11-12 03:38:58.256 UTC [TRACE] steampipe-plugin-hackernews.plugin: [TRACE] validate plugin steampipe-plugin-hackernews, required columns []
2022-11-12 03:38:58.256 UTC [TRACE] steampipe-plugin-hackernews.plugin: [TRACE] validate DefaultRetryConfig
2022-11-12 03:38:58.256 UTC [TRACE] steampipe-plugin-hackernews.plugin: [TRACE] validate DefaultIgnoreConfig
2022-11-12 03:38:58.256 UTC [TRACE] steampipe-plugin-hackernews.plugin: [TRACE] validate table names
2022-11-12 03:38:58.256 UTC [TRACE] steampipe-plugin-hackernews.plugin: [TRACE] plugin has 0 validation errors
2022-11-12 03:38:58.256 UTC [TRACE] steampipe-plugin-hackernews.plugin: [TRACE] Plugin ensureCache creating cache, maxCacheStorageMb 0
2022-11-12 03:38:58.256 UTC [TRACE] steampipe-plugin-hackernews.plugin: [TRACE] createCacheStore for plugin 'steampipe-plugin-hackernews' setting max size to 0Mb, Shards: 2, max shard size: 0
2022-11-12 03:38:58.267 UTC [INFO]  steampipe-plugin-hackernews.plugin: [INFO]  query cache created
2022-11-12 03:38:58.267 UTC [DEBUG] steampipe-plugin-hackernews.plugin: [DEBUG] SetAllConnectionConfigs finished
2022-11-12 03:38:58.267 UTC [TRACE] PluginManager getPlugin complete, returning reattach config with PID: 2016
2022-11-12 03:38:58.268 UTC [TRACE] PluginManager Get returning reattach_map:{key:"hackernews" value:{protocol:"grpc" addr:{Network:"unix" Address:"/tmp/plugin2198562964"} pid:2016 supported_operations:{query_cache:true multiple_connections:true} connections:"hackernews" plugin:"hub.steampipe.io/plugins/turbot/hackernews@latest"}}
2022-11-12 03:38:58.271 UTC [INFO]  steampipe-plugin-hackernews.plugin: [INFO]  1668224338520: Plugin Execute (1668224338520)
2022-11-12 03:38:58.271 UTC [TRACE] steampipe-plugin-hackernews.plugin: [TRACE] 1668224338520: No memory limit set
2022-11-12 03:38:58.271 UTC [INFO]  steampipe-plugin-hackernews.plugin: [INFO]  1668224338520: Plugin Execute, setting memory limit to -1Mb
2022-11-12 03:38:58.271 UTC [TRACE] steampipe-plugin-hackernews.plugin: [TRACE] 1668224338520: calling ExtractContextFromCarrier
2022-11-12 03:38:58.271 UTC [INFO]  steampipe-plugin-hackernews.plugin: [INFO]  1668224338520: Setting max concurrent connections to 25
2022-11-12 03:38:58.271 UTC [TRACE] steampipe-plugin-hackernews.plugin: [TRACE] 1668224338520: executeForConnection callId: 1668224338520, connectionCallId: hackernews-1668224338520, connection: hackernews table: hackernews_new cols: id,title,time,by,score,dead,deleted,descendants,kids,parent,parts,poll,text,type,url,_ctx
2022-11-12 03:38:58.271 UTC [TRACE] steampipe-plugin-hackernews.plugin: [TRACE] 1668224338520: got connection data
2022-11-12 03:38:58.271 UTC [TRACE] steampipe-plugin-hackernews.plugin: [TRACE] 1668224338520: Got query context, table: hackernews_new, cols: [id title time by score dead deleted descendants kids parent parts poll text type url _ctx]
2022-11-12 03:38:58.271 UTC [TRACE] steampipe-plugin-hackernews.plugin: [TRACE] 1668224338520: Start execute span
2022-11-12 03:38:58.271 UTC [INFO]  steampipe-plugin-hackernews.plugin: [INFO]  1668224338520: Setting free memory interval to 100 rows
2022-11-12 03:38:58.271 UTC [TRACE] steampipe-plugin-hackernews.plugin: [TRACE] 1668224338520: setFetchType map[time:quals:{fieldName:"time"  string_value:">"  value:{timestamp_value:{seconds:1668220738  nanos:165296000}}}]
2022-11-12 03:38:58.272 UTC [TRACE] steampipe-plugin-hackernews.plugin: [TRACE] 1668224338520: getMatchingQuals column:'id' operator: =
2022-11-12 03:38:58.272 UTC [TRACE] steampipe-plugin-hackernews.plugin: [TRACE] 1668224338520: getMatchingQuals returning false - qualMap does not contain any quals for column id
2022-11-12 03:38:58.273 UTC [TRACE] steampipe-plugin-hackernews.plugin: [TRACE] 1668224338520: GetUnsatisfiedKeyColumns for columns column:'id' operator: =
2022-11-12 03:38:58.273 UTC [TRACE] steampipe-plugin-hackernews.plugin: [TRACE] 1668224338520: key column NOT satisfied column:'id' operator: =
2022-11-12 03:38:58.273 UTC [TRACE] steampipe-plugin-hackernews.plugin: [TRACE] 1668224338520: satisfied: map[any_of: optional: required:]
2022-11-12 03:38:58.274 UTC [TRACE] steampipe-plugin-hackernews.plugin: [TRACE] 1668224338520: unsatisfied: map[any_of: optional: required:column:'id' operator: =]
2022-11-12 03:38:58.274 UTC [TRACE] steampipe-plugin-hackernews.plugin: [TRACE] 1668224338520: unsatisfied required KeyColumns: column:'id' operator: =
2022-11-12 03:38:58.274 UTC [TRACE] steampipe-plugin-hackernews.plugin: [TRACE] 1668224338520: Set fetchType to fetchTypeList
2022-11-12 03:38:58.274 UTC [TRACE] steampipe-plugin-hackernews.plugin: [TRACE] 1668224338520: Equals key column quals:
2022-11-12 03:38:58.274 UTC [DEBUG] steampipe-plugin-hackernews.plugin: {}
2022-11-12 03:38:58.274 UTC [TRACE] steampipe-plugin-hackernews.plugin: [TRACE] 1668224338520: All key column quals:
2022-11-12 03:38:58.274 UTC [DEBUG] steampipe-plugin-hackernews.plugin: {}
2022-11-12 03:38:58.274 UTC [TRACE] steampipe-plugin-hackernews.plugin: [TRACE] 1668224338520: GetMatrixItem
2022-11-12 03:38:58.274 UTC [TRACE] steampipe-plugin-hackernews.plugin: [TRACE] 1668224338520: creating query data
2022-11-12 03:38:58.274 UTC [INFO]  steampipe-plugin-hackernews.plugin: [INFO]  1668224338520: cacheEnabled, trying cache get (hackernews-1668224338520)
2022-11-12 03:38:58.274 UTC [TRACE] steampipe-plugin-hackernews.plugin: [TRACE] 1668224338520: QueryCache Get - indexBucketKey index__hackernewshackernews_new, quals
2022-11-12 03:38:58.274 UTC [TRACE] steampipe-plugin-hackernews.plugin: [TRACE] 1668224338520: QueryCache getCachedQueryResult - table hackernews_new, connectionName hackernews
2022-11-12 03:38:58.274 UTC [TRACE] steampipe-plugin-hackernews.plugin: [TRACE] 1668224338520: index bucket key: index__hackernewshackernews_new ttlSeconds 300 limit: -1
2022-11-12 03:38:58.274 UTC [TRACE] steampipe-plugin-hackernews.plugin: [TRACE] 1668224338520: doGet cache miss
2022-11-12 03:38:58.274 UTC [TRACE] steampipe-plugin-hackernews.plugin: [TRACE] 1668224338520: getCachedIndexBucket - no item retrieved for cache key index__hackernewshackernews_new
2022-11-12 03:38:58.274 UTC [TRACE] steampipe-plugin-hackernews.plugin: [TRACE] 1668224338520: getCachedQueryResult returned CACHE MISS - checking for pending transfers
2022-11-12 03:38:58.274 UTC [TRACE] steampipe-plugin-hackernews.plugin: [TRACE] 1668224338520: getPendingResultItem indexBucketKey index__hackernewshackernews_new, columns [id title time by score dead deleted descendants kids parent parts poll text type url _ctx], limit -1
2022-11-12 03:38:58.274 UTC [TRACE] steampipe-plugin-hackernews.plugin: [TRACE] 1668224338520: no pending index item - add pending result, indexBucketKey index__hackernewshackernews_new
2022-11-12 03:38:58.274 UTC [TRACE] steampipe-plugin-hackernews.plugin: [TRACE] 1668224338520: addPendingResult (hackernews-1668224338520) indexBucketKey index__hackernewshackernews_new, columns [id title time by score dead deleted descendants kids parent parts poll text type url _ctx], limit -1
2022-11-12 03:38:58.274 UTC [TRACE] steampipe-plugin-hackernews.plugin: [TRACE] 1668224338520: no index bucket found - creating one
2022-11-12 03:38:58.274 UTC [TRACE] steampipe-plugin-hackernews.plugin: [TRACE] 1668224338520: pendingIndexItem Lock count before 0
2022-11-12 03:38:58.274 UTC [TRACE] steampipe-plugin-hackernews.plugin: [TRACE] 1668224338520: addPendingResult added pending index item to bucket, (hackernews-1668224338520) indexBucketKey index__hackernewshackernews_new, resultKeyRoot hackernewshackernews_newid,title,time,by,score,dead,deleted,descendants,kids,parent,parts,poll,text,type,url,_ctx-1, pending item : 0xc00039fc20
2022-11-12 03:38:58.274 UTC [TRACE] steampipe-plugin-hackernews.plugin: [TRACE] 1668224338520: **** pending items (hackernews-1668224338520)****
2022-11-12 03:38:58.274 UTC [TRACE] steampipe-plugin-hackernews.plugin: [TRACE] 1668224338520: key: index__hackernewshackernews_new: item: 0xc00039fc20, count: 1, key:hackernewshackernews_newid,title,time,by,score,dead,deleted,descendants,kids,parent,parts,poll,text,type,url,_ctx-1
2022-11-12 03:38:58.274 UTC [TRACE] steampipe-plugin-hackernews.plugin: [TRACE] 1668224338520: ********
2022-11-12 03:38:58.274 UTC [TRACE] steampipe-plugin-hackernews.plugin: [TRACE] 1668224338520: getPendingResultItem returning <nil>
2022-11-12 03:38:58.274 UTC [INFO]  steampipe-plugin-hackernews.plugin: [INFO]  1668224338520: CACHE MISS
2022-11-12 03:38:58.274 UTC [TRACE] steampipe-plugin-hackernews.plugin: [TRACE] 1668224338520: cache MISS
2022-11-12 03:38:58.274 UTC [INFO]  steampipe-plugin-hackernews.plugin: [INFO]  1668224338520: queryCacheGet returned CACHE MISS (hackernews-1668224338520)
2022-11-12 03:38:58.274 UTC [TRACE] steampipe-plugin-hackernews.plugin: [TRACE] 1668224338520: StartSet (hackernews-1668224338520)
2022-11-12 03:38:58.274 UTC [TRACE] steampipe-plugin-hackernews.plugin: [TRACE] 1668224338520: calling fetchItems, table: hackernews_new, matrixItem: [], limit: -1,  connectionCallId: hackernews-1668224338520"
2022-11-12 03:38:58.274 UTC [TRACE] steampipe-plugin-hackernews.plugin: [TRACE] 1668224338520: buildRowsAsync connectionCallId: hackernews-1668224338520
2022-11-12 03:38:58.274 UTC [TRACE] steampipe-plugin-hackernews.plugin: [TRACE] 1668224338520: streamRows connectionCallId: hackernews-1668224338520
2022-11-12 03:38:58.274 UTC [TRACE] steampipe-plugin-hackernews.plugin: [TRACE] 1668224338520: QueryData streamRows (hackernews-1668224338520)
2022-11-12 03:38:58.274 UTC [TRACE] steampipe-plugin-hackernews.plugin: [TRACE] 1668224338520: executeListCall START (hackernews-1668224338520)
2022-11-12 03:38:58.274 UTC [TRACE] steampipe-plugin-hackernews.plugin: [TRACE] 1668224338520: GetUnsatisfiedKeyColumns for columns
2022-11-12 03:38:58.274 UTC [TRACE] steampipe-plugin-hackernews.plugin: [TRACE] 1668224338520: doList (hackernews-1668224338520)
2022-11-12 03:38:58.274 UTC [TRACE] steampipe-plugin-hackernews.plugin: [TRACE] 1668224338520: doList: no matrix item
2022-11-12 03:38:58.462 UTC [TRACE] steampipe-plugin-hackernews.plugin: [TRACE] 1668224338520: QueryData.fetchComplete
2022-11-12 03:38:58.462 UTC [TRACE] steampipe-plugin-hackernews.plugin: [TRACE] 1668224338520: executeListCall COMPLETE (hackernews-1668224338520)
2022-11-12 03:38:58.462 UTC [TRACE] steampipe-plugin-hackernews.plugin: [TRACE] 1668224338520: rowData chan returned nil - wait for rows to complete (hackernews-1668224338520)
2022-11-12 03:38:58.463 UTC [TRACE] stdio: received data: channel=STDOUT len=17
2022-11-12 03:38:58.463 UTC [TRACE] stdio: waiting for stdio data
2022-11-12 03:38:58.535 UTC [TRACE] stdio: received data: channel=STDOUT len=400
2022-11-12 03:38:58.535 UTC [TRACE] stdio: waiting for stdio data
2022-11-12 03:38:58.613 UTC [TRACE] stdio: received data: channel=STDOUT len=1024
2022-11-12 03:38:58.613 UTC [TRACE] stdio: waiting for stdio data
2022-11-12 03:38:58.635 UTC [TRACE] stdio: received data: channel=STDOUT len=828
2022-11-12 03:38:58.635 UTC [TRACE] stdio: waiting for stdio data
2022-11-12 03:38:58.660 UTC [TRACE] stdio: received data: channel=STDOUT len=1024
2022-11-12 03:38:58.660 UTC [TRACE] stdio: waiting for stdio data
2022-11-12 03:38:58.703 UTC [TRACE] stdio: received data: channel=STDOUT len=10
2022-11-12 03:38:58.703 UTC [TRACE] stdio: waiting for stdio data
2022-11-12 03:38:58.789 UTC [TRACE] stdio: received data: channel=STDOUT len=1024
2022-11-12 03:38:58.789 UTC [TRACE] stdio: waiting for stdio data
2022-11-12 03:38:58.794 UTC [TRACE] stdio: received data: channel=STDOUT len=266
2022-11-12 03:38:58.794 UTC [TRACE] stdio: waiting for stdio data
2022-11-12 03:38:58.795 UTC [TRACE] stdio: received data: channel=STDOUT len=24
2022-11-12 03:38:58.795 UTC [TRACE] stdio: waiting for stdio data
2022-11-12 03:38:58.800 UTC [TRACE] steampipe-plugin-hackernews.plugin: [TRACE] 1668224338520: buildRowsAsync goroutine returning (hackernews-1668224338520)
2022-11-12 03:38:58.801 UTC [TRACE] steampipe-plugin-hackernews.plugin: [TRACE] 1668224338520: streamRows - nil row, stop streaming (hackernews-1668224338520)
2022-11-12 03:38:58.801 UTC [TRACE] steampipe-plugin-hackernews.plugin: [TRACE] 1668224338520: ------------------------------------
2022-11-12 03:38:58.801 UTC [TRACE] steampipe-plugin-hackernews.plugin: [TRACE] 1668224338520: Concurrency Summary
2022-11-12 03:38:58.801 UTC [TRACE] steampipe-plugin-hackernews.plugin: [TRACE] 1668224338520: ------------------------------------
2022-11-12 03:38:58.801 UTC [TRACE] steampipe-plugin-hackernews.plugin: [TRACE] 1668224338520: getItem                       : 200
2022-11-12 03:38:58.801 UTC [TRACE] steampipe-plugin-hackernews.plugin: [TRACE] 1668224338520: ------------------------------------
2022-11-12 03:38:58.801 UTC [TRACE] steampipe-plugin-hackernews.plugin: [TRACE] 1668224338520: Total                         : 200
2022-11-12 03:38:58.801 UTC [TRACE] steampipe-plugin-hackernews.plugin: [TRACE] 1668224338520: ------------------------------------
2022-11-12 03:38:58.801 UTC [TRACE] steampipe-plugin-hackernews.plugin: [TRACE] 1668224338520: QueryData streamRows DONE (hackernews-1668224338520)
2022-11-12 03:38:58.801 UTC [TRACE] steampipe-plugin-hackernews.plugin: [TRACE] 1668224338520: EndSet (hackernews-1668224338520) table hackernews_new
2022-11-12 03:38:58.801 UTC [TRACE] steampipe-plugin-hackernews.plugin: [TRACE] 1668224338520: QueryCache writePageToCache: 500 rows, pageCount 1, page key hackernewshackernews_newid,title,time,by,score,dead,deleted,descendants,kids,parent,parts,poll,text,type,url,_ctx-1-0
2022-11-12 03:38:58.809 UTC [TRACE] steampipe-plugin-hackernews.plugin: [TRACE] 1668224338520: writePageToCache Set - result written
2022-11-12 03:38:58.809 UTC [TRACE] steampipe-plugin-hackernews.plugin: [TRACE] 1668224338520: QueryCache EndSet - result written
2022-11-12 03:38:58.809 UTC [TRACE] steampipe-plugin-hackernews.plugin: [TRACE] 1668224338520: doGet cache miss
2022-11-12 03:38:58.809 UTC [TRACE] steampipe-plugin-hackernews.plugin: [TRACE] 1668224338520: getCachedIndexBucket - no item retrieved for cache key index__hackernewshackernews_new
2022-11-12 03:38:58.809 UTC [TRACE] steampipe-plugin-hackernews.plugin: [TRACE] 1668224338520: getCachedIndexBucket returned cache miss
2022-11-12 03:38:58.809 UTC [TRACE] steampipe-plugin-hackernews.plugin: [TRACE] 1668224338520: QueryCache EndSet - Added index item (0xc0179a87e0) to bucket (0xc01a8cfa40), page count 1,  key root hackernewshackernews_newid,title,time,by,score,dead,deleted,descendants,kids,parent,parts,poll,text,type,url,_ctx-1
2022-11-12 03:38:58.809 UTC [TRACE] steampipe-plugin-hackernews.plugin: [TRACE] 1668224338520: cacheSetIndexBucket index__hackernewshackernews_new
2022-11-12 03:38:58.810 UTC [TRACE] steampipe-plugin-hackernews.plugin: [TRACE] 1668224338520: QueryCache EndSet - IndexBucket written
2022-11-12 03:38:58.810 UTC [TRACE] steampipe-plugin-hackernews.plugin: [TRACE] 1668224338520: EndSet DEFER (hackernews-1668224338520) table hackernews_new
2022-11-12 03:38:58.810 UTC [TRACE] steampipe-plugin-hackernews.plugin: [TRACE] 1668224338520: calling pendingItemComplete (hackernews-1668224338520)
2022-11-12 03:38:58.810 UTC [TRACE] steampipe-plugin-hackernews.plugin: [TRACE] 1668224338520: pendingItemComplete (hackernews-1668224338520) indexBucketKey index__hackernewshackernews_new, columns [id title time by score dead deleted descendants kids parent parts poll text type url _ctx], limit -1
2022-11-12 03:38:58.810 UTC [TRACE] steampipe-plugin-hackernews.plugin: [TRACE] 1668224338520: got pending index bucket, (hackernews-1668224338520) len 1
2022-11-12 03:38:58.810 UTC [TRACE] steampipe-plugin-hackernews.plugin: [TRACE] 1668224338520: SatisfiesLimit limit -1, no item limit - satisfied
2022-11-12 03:38:58.810 UTC [TRACE] steampipe-plugin-hackernews.plugin: [TRACE] 1668224338520: found pending index item to satisfy columns id,title,time,by,score,dead,deleted,descendants,kids,parent,parts,poll,text,type,url,_ctx, limit -1
2022-11-12 03:38:58.810 UTC [TRACE] steampipe-plugin-hackernews.plugin: [TRACE] 1668224338520: found completed pending item (hackernews-1668224338520) 0xc00039fc20, key hackernewshackernews_newid,title,time,by,score,dead,deleted,descendants,kids,parent,parts,poll,text,type,url,_ctx-1 - removing from map as it is complete
2022-11-12 03:38:58.810 UTC [TRACE] steampipe-plugin-hackernews.plugin: [TRACE] 1668224338520: pendingIndexItem Unlock count before 1 key hackernewshackernews_newid,title,time,by,score,dead,deleted,descendants,kids,parent,parts,poll,text,type,url,_ctx-1
2022-11-12 03:38:58.810 UTC [TRACE] steampipe-plugin-hackernews.plugin: [TRACE] 1668224338520: deleted from pending, (hackernews-1668224338520) len 0
2022-11-12 03:38:58.810 UTC [TRACE] steampipe-plugin-hackernews.plugin: [TRACE] 1668224338520: pending bucket now empty - deleting key index__hackernewshackernews_new
2022-11-12 03:38:58.810 UTC [TRACE] steampipe-plugin-hackernews.plugin: [TRACE] 1668224338520: pendingItemComplete done (hackernews-1668224338520)
2022-11-12 03:38:58.810 UTC [TRACE] steampipe-plugin-hackernews.plugin: [TRACE] 1668224338520: cache set succeeded
2022-11-12 03:38:58.810 UTC [TRACE] steampipe-plugin-hackernews.plugin: [TRACE] 1668224338520: End execute span
2022-11-12 03:38:58.810 UTC [TRACE] steampipe-plugin-hackernews.plugin: [TRACE] 1668224338520: executeForConnection DEFER (hackernews-1668224338520)
2022-11-12 03:38:58.810 UTC [TRACE] steampipe-plugin-hackernews.plugin: [TRACE] 1668224338520: Execute complete callId: hackernews-1668224338520 table: hackernews_new
2022-11-12 03:38:58.810 UTC [TRACE] steampipe-plugin-hackernews.plugin: [TRACE] 1668224338520: executeForConnection hackernews returned
2022-11-12 03:38:58.810 UTC [TRACE] steampipe-plugin-hackernews.plugin: [TRACE] 1668224338520: output wg complete - send nil row
2022-11-12 03:38:58.810 UTC [TRACE] steampipe-plugin-hackernews.plugin: [TRACE] 1668224338520: empty row on output channel - we are done
2022-11-12 03:38:58.810 UTC [INFO]  steampipe-plugin-hackernews.plugin: [INFO]  1668224338520: Plugin Execute complete (1668224338520)
2022-11-12 03:38:58.883 UTC [TRACE] PluginManager Shutdown
2022-11-12 03:38:58.883 UTC [TRACE] killing plugin hackernews (2016)
2022-11-12 03:38:58.884 UTC [TRACE] steampipe-plugin-hackernews.plugin: [TRACE] 1668224338520: FLUSHING instrumentation
2022-11-12 03:38:58.884 UTC [TRACE] steampipe-plugin-hackernews.plugin: [TRACE] 1668224338520: Shutdown instrumentation
2022-11-12 03:38:58.884 UTC [DEBUG] stdio: received EOF, stopping recv loop: err="rpc error: code = Unavailable desc = error reading from server: EOF"
2022-11-12 03:38:58.887 UTC [INFO]  plugin process exited: path=/home/runner/.steampipe/plugins/hub.steampipe.io/plugins/turbot/hackernews@latest/steampipe-plugin-hackernews.plugin pid=2016
2022-11-12 03:38:58.887 UTC [DEBUG] plugin exited
2022-11-12 03:38:58.887 UTC [TRACE] killing plugin csv (1994)
2022-11-12 03:38:58.887 UTC [TRACE] steampipe-plugin-csv.plugin: [TRACE] FLUSHING instrumentation
2022-11-12 03:38:58.887 UTC [TRACE] steampipe-plugin-csv.plugin: [TRACE] Shutdown instrumentation
2022-11-12 03:38:58.887 UTC [DEBUG] stdio: received EOF, stopping recv loop: err="rpc error: code = Unavailable desc = error reading from server: EOF"
2022-11-12 03:38:58.888 UTC [INFO]  plugin process exited: path=/home/runner/.steampipe/plugins/hub.steampipe.io/plugins/turbot/csv@latest/steampipe-plugin-csv.plugin pid=1994
2022-11-12 03:38:58.888 UTC [DEBUG] plugin exited
2022-11-12 03:39:03.122 UTC [WARN]  steampipe-plugin-csv.plugin: [WARN]  1668224343813: getKeyColumnsForTable found no schema for table '/home/runner/work/steampipe-samples/steampipe-samples/all/hackernews/hn.csv'
2022-11-12 03:39:27.633 UTC [WARN]  steampipe-plugin-csv.plugin: [WARN]  1668224367998: getKeyColumnsForTable found no schema for table '/home/runner/work/steampipe-samples/steampipe-samples/all/hackernews/hn.csv'
2022-11-12 03:41:25.368 UTC [ERROR] steampipe-plugin-csv.plugin: [ERROR] csv.tableCSV: header_parse_error=EOF path=/home/runner/work/steampipe-samples/steampipe-samples/all/hackernews/new_sc.csv header=[]
2022-11-12 03:41:25.368 UTC [ERROR] steampipe-plugin-csv.plugin: [ERROR] csv.PluginTables: create_table_error="failed to parse file header /home/runner/work/steampipe-samples/steampipe-samples/all/hackernews/new_sc.csv: EOF" path=/home/runner/work/steampipe-samples/steampipe-samples/all/hackernews/new_sc.csv
2022-11-12 03:41:25.368 UTC [WARN]  failed to set connection config: failed to parse file header /home/runner/work/steampipe-samples/steampipe-samples/all/hackernews/new_sc.csv: EOF
2022-11-12 03:41:26.667 UTC [WARN]  steampipe-plugin-csv.plugin: [WARN]  1668224486897: getKeyColumnsForTable found no schema for table '/home/runner/work/steampipe-samples/steampipe-samples/all/hackernews/new_sc.csv'
2022-11-12 03:41:33.374 UTC [ERROR] steampipe-plugin-csv.plugin: [ERROR] csv.tableCSV: header_parse_error=EOF path=/home/runner/work/steampipe-samples/steampipe-samples/all/hackernews/hn_items_all.csv header=[]
2022-11-12 03:41:33.374 UTC [WARN]  failed to set connection config: failed to parse file header /home/runner/work/steampipe-samples/steampipe-samples/all/hackernews/hn_items_all.csv: EOF
2022-11-12 03:41:33.374 UTC [ERROR] steampipe-plugin-csv.plugin: [ERROR] csv.PluginTables: create_table_error="failed to parse file header /home/runner/work/steampipe-samples/steampipe-samples/all/hackernews/hn_items_all.csv: EOF" path=/home/runner/work/steampipe-samples/steampipe-samples/all/hackernews/hn_items_all.csv
2022-11-12 03:41:34.743 UTC [ERROR] steampipe-plugin-csv.plugin: [ERROR] csv.tableCSV: header_parse_error=EOF path=/home/runner/work/steampipe-samples/steampipe-samples/all/hackernews/people.csv header=[]
2022-11-12 03:41:34.743 UTC [ERROR] steampipe-plugin-csv.plugin: [ERROR] csv.PluginTables: create_table_error="failed to parse file header /home/runner/work/steampipe-samples/steampipe-samples/all/hackernews/people.csv: EOF" path=/home/runner/work/steampipe-samples/steampipe-samples/all/hackernews/people.csv
2022-11-12 03:41:34.743 UTC [WARN]  failed to set connection config: failed to parse file header /home/runner/work/steampipe-samples/steampipe-samples/all/hackernews/people.csv: EOF
