2023-03-21 21:18:16.010 UTC [INFO]  starting plugin manager
2023-03-21 21:18:16.010 UTC [TRACE] loaded config map: csv,github,hackernews,net
2023-03-21 21:18:16.010 UTC [TRACE] NewPluginManager
2023-03-21 21:18:16.011 UTC [TRACE] PluginManager setPluginCacheSizeMap: 4 connections.
2023-03-21 21:18:16.011 UTC [TRACE] Total cache size 0Mb
2023-03-21 21:18:16.011 UTC [INFO]  starting connection watcher
2023-03-21 21:18:16.011 UTC [INFO]  created ConnectionWatcher
2023-03-21 21:18:16.011 UTC [TRACE] about to serve
2023-03-21 21:18:16.030 UTC [TRACE] PluginManager Get, connections: '[csv]'
2023-03-21 21:18:16.030 UTC [TRACE] PluginManager getPlugin hub.steampipe.io/plugins/turbot/csv@latest connection 'csv'
2023-03-21 21:18:16.030 UTC [TRACE] PluginManager 0xc00085c5a0 plugin hub.steampipe.io/plugins/turbot/csv@latest (csv) NOT started or starting - start now
2023-03-21 21:18:16.030 UTC [TRACE] ************ start plugin csv ********************
2023-03-21 21:18:16.030 UTC [TRACE] ************ plugin path /home/runner/.steampipe/plugins/hub.steampipe.io/plugins/turbot/csv@latest/steampipe-plugin-csv.plugin ********************
2023-03-21 21:18:16.105 UTC [DEBUG] starting plugin: path=/home/runner/.steampipe/plugins/hub.steampipe.io/plugins/turbot/csv@latest/steampipe-plugin-csv.plugin args=["/home/runner/.steampipe/plugins/hub.steampipe.io/plugins/turbot/csv@latest/steampipe-plugin-csv.plugin"]
2023-03-21 21:18:16.105 UTC [DEBUG] plugin started: path=/home/runner/.steampipe/plugins/hub.steampipe.io/plugins/turbot/csv@latest/steampipe-plugin-csv.plugin pid=2023
2023-03-21 21:18:16.105 UTC [DEBUG] waiting for RPC address: path=/home/runner/.steampipe/plugins/hub.steampipe.io/plugins/turbot/csv@latest/steampipe-plugin-csv.plugin
2023-03-21 21:18:16.118 UTC [INFO]  steampipe-plugin-csv.plugin: [INFO]  initialise plugin 'steampipe-plugin-csv', using sdk version 5.3.0
2023-03-21 21:18:16.118 UTC [TRACE] steampipe-plugin-csv.plugin: [TRACE] no DefaultRetryConfig defined - creating empty
2023-03-21 21:18:16.118 UTC [TRACE] steampipe-plugin-csv.plugin: [TRACE] no DefaultIgnoreConfig defined - creating empty
2023-03-21 21:18:16.118 UTC [TRACE] steampipe-plugin-csv.plugin: [TRACE] intialising defaultWatchedFilesChangedFunc
2023-03-21 21:18:16.118 UTC [TRACE] steampipe-plugin-csv.plugin: [TRACE] telemetry.Init service 'steampipe-plugin-csv', tracingEnabled: false, metricsEnabled: false
2023-03-21 21:18:16.118 UTC [TRACE] steampipe-plugin-csv.plugin: [TRACE] metrics and tracing disabled' - returning
2023-03-21 21:18:16.120 UTC [DEBUG] steampipe-plugin-csv.plugin: plugin address: address=/tmp/plugin4273038995 network=unix timestamp=2023-03-21T21:18:16.120Z
2023-03-21 21:18:16.120 UTC [DEBUG] using plugin: version=0
2023-03-21 21:18:16.120 UTC [TRACE] NewPluginClient for plugin hub.steampipe.io/plugins/turbot/csv@latest
2023-03-21 21:18:16.122 UTC [TRACE] stdio: waiting for stdio data
2023-03-21 21:18:16.122 UTC [TRACE] supportedOperations: query_cache:true multiple_connections:true message_stream:true
2023-03-21 21:18:16.123 UTC [TRACE] steampipe-plugin-csv.plugin: [TRACE] SetAllConnectionConfigs setting 1 configs
2023-03-21 21:18:16.124 UTC [TRACE] steampipe-plugin-csv.plugin: [TRACE] connection csv build schema and table map
2023-03-21 21:18:16.124 UTC [TRACE] steampipe-plugin-csv.plugin: [TRACE] Plugin steampipe-plugin-csv initialiseTables
2023-03-21 21:18:16.124 UTC [TRACE] steampipe-plugin-csv.plugin: [TRACE] getSourceFiles source: /home/runner/work/steampipe-samples/steampipe-samples/all/hackernews, glob: /home/runner/work/steampipe-samples/steampipe-samples/all/hackernews/*.csv
2023-03-21 21:18:16.152 UTC [DEBUG] steampipe-plugin-csv.plugin: [DEBUG] csv.tableCSV: path=/home/runner/work/steampipe-samples/steampipe-samples/all/hackernews/hn_items_all.csv detected_encoding=Unknown
2023-03-21 21:18:16.152 UTC [DEBUG] steampipe-plugin-csv.plugin: [DEBUG] csv.tableCSV: path=/home/runner/work/steampipe-samples/steampipe-samples/all/hackernews/new_sc.csv detected_encoding=Unknown
2023-03-21 21:18:16.152 UTC [TRACE] steampipe-plugin-csv.plugin: [TRACE] initialise table /home/runner/work/steampipe-samples/steampipe-samples/all/hackernews/hn_items_all.csv
2023-03-21 21:18:16.152 UTC [TRACE] steampipe-plugin-csv.plugin: [TRACE] no DefaultRetryConfig defined - creating empty
2023-03-21 21:18:16.152 UTC [TRACE] steampipe-plugin-csv.plugin: [TRACE] no DefaultIgnoreConfig defined - creating empty
2023-03-21 21:18:16.152 UTC [TRACE] steampipe-plugin-csv.plugin: [TRACE] apply plugin defaults for DefaultRetryConfig
2023-03-21 21:18:16.152 UTC [TRACE] steampipe-plugin-csv.plugin: [TRACE] apply plugin defaults for DefaultIgnoreConfig, table &{<nil> <nil>} plugin &{<nil> <nil>}
2023-03-21 21:18:16.152 UTC [TRACE] steampipe-plugin-csv.plugin: [TRACE] DefaultRetryConfig:
2023-03-21 21:18:16.152 UTC [TRACE] steampipe-plugin-csv.plugin: [TRACE] DefaultIgnoreConfig:
2023-03-21 21:18:16.152 UTC [TRACE] steampipe-plugin-csv.plugin: [TRACE] t.List.initialise
2023-03-21 21:18:16.152 UTC [TRACE] steampipe-plugin-csv.plugin: [TRACE] ListConfig.initialise table /home/runner/work/steampipe-samples/steampipe-samples/all/hackernews/hn_items_all.csv
2023-03-21 21:18:16.152 UTC [TRACE] steampipe-plugin-csv.plugin: [TRACE] ListConfig.initialise complete: RetryConfig: , IgnoreConfig
2023-03-21 21:18:16.152 UTC [TRACE] steampipe-plugin-csv.plugin: [TRACE] back from initialiseHydrateConfigs
2023-03-21 21:18:16.152 UTC [TRACE] steampipe-plugin-csv.plugin: [TRACE] initialise table /home/runner/work/steampipe-samples/steampipe-samples/all/hackernews/hn_items_all.csv COMPLETE
2023-03-21 21:18:16.152 UTC [TRACE] steampipe-plugin-csv.plugin: [TRACE] initialise table /home/runner/work/steampipe-samples/steampipe-samples/all/hackernews/new_sc.csv
2023-03-21 21:18:16.152 UTC [TRACE] steampipe-plugin-csv.plugin: [TRACE] no DefaultRetryConfig defined - creating empty
2023-03-21 21:18:16.152 UTC [TRACE] steampipe-plugin-csv.plugin: [TRACE] no DefaultIgnoreConfig defined - creating empty
2023-03-21 21:18:16.152 UTC [TRACE] steampipe-plugin-csv.plugin: [TRACE] apply plugin defaults for DefaultRetryConfig
2023-03-21 21:18:16.152 UTC [TRACE] steampipe-plugin-csv.plugin: [TRACE] apply plugin defaults for DefaultIgnoreConfig, table &{<nil> <nil>} plugin &{<nil> <nil>}
2023-03-21 21:18:16.152 UTC [TRACE] steampipe-plugin-csv.plugin: [TRACE] DefaultRetryConfig:
2023-03-21 21:18:16.152 UTC [TRACE] steampipe-plugin-csv.plugin: [TRACE] DefaultIgnoreConfig:
2023-03-21 21:18:16.152 UTC [TRACE] steampipe-plugin-csv.plugin: [TRACE] t.List.initialise
2023-03-21 21:18:16.152 UTC [TRACE] steampipe-plugin-csv.plugin: [TRACE] ListConfig.initialise table /home/runner/work/steampipe-samples/steampipe-samples/all/hackernews/new_sc.csv
2023-03-21 21:18:16.152 UTC [TRACE] steampipe-plugin-csv.plugin: [TRACE] ListConfig.initialise complete: RetryConfig: , IgnoreConfig
2023-03-21 21:18:16.152 UTC [TRACE] steampipe-plugin-csv.plugin: [TRACE] back from initialiseHydrateConfigs
2023-03-21 21:18:16.152 UTC [TRACE] steampipe-plugin-csv.plugin: [TRACE] initialise table /home/runner/work/steampipe-samples/steampipe-samples/all/hackernews/new_sc.csv COMPLETE
2023-03-21 21:18:16.152 UTC [TRACE] steampipe-plugin-csv.plugin: [TRACE] validate plugin steampipe-plugin-csv, required columns []
2023-03-21 21:18:16.152 UTC [TRACE] steampipe-plugin-csv.plugin: [TRACE] validate DefaultRetryConfig
2023-03-21 21:18:16.152 UTC [TRACE] steampipe-plugin-csv.plugin: [TRACE] validate DefaultIgnoreConfig
2023-03-21 21:18:16.152 UTC [TRACE] steampipe-plugin-csv.plugin: [TRACE] validate table names
2023-03-21 21:18:16.154 UTC [INFO]  steampipe-plugin-csv.plugin: [INFO]  plugin validation result: 0 warnings 0 errors
2023-03-21 21:18:16.154 UTC [TRACE] steampipe-plugin-csv.plugin: [TRACE] SetAllConnectionConfigs added connection csv to map, setting watch paths
2023-03-21 21:18:16.154 UTC [TRACE] steampipe-plugin-csv.plugin: [TRACE] updateConnectionWatchPaths for connection csv, watch paths: [/home/runner/work/steampipe-samples/steampipe-samples/all/hackernews/*.csv]
2023-03-21 21:18:16.154 UTC [TRACE] steampipe-plugin-csv.plugin: [TRACE] ConnectionData.updateWatchPaths - create watcher options from the watchPaths [/home/runner/work/steampipe-samples/steampipe-samples/all/hackernews/*.csv]
2023-03-21 21:18:16.154 UTC [TRACE] steampipe-plugin-csv.plugin: [TRACE] ConnectionData.updateWatchPaths - created the new file watcher
2023-03-21 21:18:16.154 UTC [TRACE] steampipe-plugin-csv.plugin: [TRACE] Plugin ensureCache creating cache, maxCacheStorageMb 0
2023-03-21 21:18:16.154 UTC [TRACE] steampipe-plugin-csv.plugin: [TRACE] createCacheStore for plugin 'steampipe-plugin-csv' setting max size to 0Mb, Shards: 2, max shard size: 0
2023-03-21 21:18:16.166 UTC [INFO]  steampipe-plugin-csv.plugin: [INFO]  query cache created
2023-03-21 21:18:16.166 UTC [DEBUG] steampipe-plugin-csv.plugin: [DEBUG] SetAllConnectionConfigs finished
2023-03-21 21:18:16.167 UTC [TRACE] PluginMessageServer AddConnection for connections [csv]
2023-03-21 21:18:16.167 UTC [TRACE] openMessageStream for connection 'csv'
2023-03-21 21:18:16.168 UTC [TRACE] calling EstablishMessageStream
2023-03-21 21:18:16.168 UTC [TRACE] PluginManager getPlugin complete, returning reattach config with PID: 2023
2023-03-21 21:18:16.168 UTC [TRACE] runMessageListener connection 'csv'
2023-03-21 21:18:16.168 UTC [TRACE] steampipe-plugin-csv.plugin: [TRACE] plugin.EstablishMessageStream plugin 0xc0000fe1e0, stream 0xc0006eaa80
2023-03-21 21:18:16.168 UTC [TRACE] steampipe-plugin-csv.plugin: [TRACE] plugin.EstablishMessageStream set on plugin: plugin.messageStream 0xc0006eaa80
2023-03-21 21:18:16.211 UTC [TRACE] PluginManager Get, connections: '[csv]'
2023-03-21 21:18:16.211 UTC [TRACE] PluginManager getPlugin hub.steampipe.io/plugins/turbot/csv@latest connection 'csv'
2023-03-21 21:18:16.211 UTC [TRACE] connection csv found in connectionPluginMap
2023-03-21 21:18:16.211 UTC [TRACE] initialized: 2023
2023-03-21 21:18:16.211 UTC [TRACE] initialized: 2023
2023-03-21 21:18:16.211 UTC [TRACE] connection csv is loaded, check for running PID
2023-03-21 21:18:16.212 UTC [TRACE] PluginManager found 'csv' in map, pid 2023
2023-03-21 21:18:16.262 UTC [TRACE] PluginManager Get, connections: '[hackernews]'
2023-03-21 21:18:16.262 UTC [TRACE] PluginManager getPlugin hub.steampipe.io/plugins/turbot/hackernews@latest connection 'hackernews'
2023-03-21 21:18:16.262 UTC [TRACE] PluginManager 0xc00085c5a0 plugin hub.steampipe.io/plugins/turbot/hackernews@latest (hackernews) NOT started or starting - start now
2023-03-21 21:18:16.262 UTC [TRACE] ************ start plugin hackernews ********************
2023-03-21 21:18:16.262 UTC [TRACE] ************ plugin path /home/runner/.steampipe/plugins/hub.steampipe.io/plugins/turbot/hackernews@latest/steampipe-plugin-hackernews.plugin ********************
2023-03-21 21:18:16.323 UTC [DEBUG] starting plugin: path=/home/runner/.steampipe/plugins/hub.steampipe.io/plugins/turbot/hackernews@latest/steampipe-plugin-hackernews.plugin args=["/home/runner/.steampipe/plugins/hub.steampipe.io/plugins/turbot/hackernews@latest/steampipe-plugin-hackernews.plugin"]
2023-03-21 21:18:16.323 UTC [DEBUG] plugin started: path=/home/runner/.steampipe/plugins/hub.steampipe.io/plugins/turbot/hackernews@latest/steampipe-plugin-hackernews.plugin pid=2047
2023-03-21 21:18:16.323 UTC [DEBUG] waiting for RPC address: path=/home/runner/.steampipe/plugins/hub.steampipe.io/plugins/turbot/hackernews@latest/steampipe-plugin-hackernews.plugin
2023-03-21 21:18:16.333 UTC [INFO]  steampipe-plugin-hackernews.plugin: [INFO]  Initialise plugin 'steampipe-plugin-hackernews', using sdk version 4.1.7
2023-03-21 21:18:16.333 UTC [TRACE] steampipe-plugin-hackernews.plugin: [TRACE] defaulting SchemaMode to SchemaModeStatic
2023-03-21 21:18:16.333 UTC [TRACE] steampipe-plugin-hackernews.plugin: [TRACE] no DefaultRetryConfig defined - creating empty
2023-03-21 21:18:16.333 UTC [TRACE] steampipe-plugin-hackernews.plugin: [TRACE] no DefaultIgnoreConfig defined - creating empty
2023-03-21 21:18:16.333 UTC [TRACE] steampipe-plugin-hackernews.plugin: [TRACE] Setting Ulimit: ulimit=2560
2023-03-21 21:18:16.333 UTC [TRACE] steampipe-plugin-hackernews.plugin: [TRACE] telemetry.Init service 'steampipe-plugin-hackernews', tracingEnabled: false, metricsEnabled: false
2023-03-21 21:18:16.333 UTC [TRACE] steampipe-plugin-hackernews.plugin: [TRACE] metrics and tracing disabled' - returning
2023-03-21 21:18:16.334 UTC [DEBUG] steampipe-plugin-hackernews.plugin: plugin address: network=unix address=/tmp/plugin850306262 timestamp=2023-03-21T21:18:16.334Z
2023-03-21 21:18:16.334 UTC [DEBUG] using plugin: version=0
2023-03-21 21:18:16.334 UTC [TRACE] NewPluginClient for plugin hub.steampipe.io/plugins/turbot/hackernews@latest
2023-03-21 21:18:16.335 UTC [TRACE] stdio: waiting for stdio data
2023-03-21 21:18:16.336 UTC [TRACE] supportedOperations: query_cache:true multiple_connections:true
2023-03-21 21:18:16.338 UTC [TRACE] steampipe-plugin-hackernews.plugin: [TRACE] SetAllConnectionConfigs setting 1 configs
2023-03-21 21:18:16.338 UTC [TRACE] steampipe-plugin-hackernews.plugin: [TRACE] connection hackernews build schema and table map
2023-03-21 21:18:16.338 UTC [TRACE] steampipe-plugin-hackernews.plugin: [TRACE] initialise table hackernews_best
2023-03-21 21:18:16.338 UTC [TRACE] steampipe-plugin-hackernews.plugin: [TRACE] no DefaultRetryConfig defined - creating empty
2023-03-21 21:18:16.338 UTC [TRACE] steampipe-plugin-hackernews.plugin: [TRACE] no DefaultIgnoreConfig defined - creating empty
2023-03-21 21:18:16.338 UTC [TRACE] steampipe-plugin-hackernews.plugin: [TRACE] apply plugin defaults for DefaultRetryConfig
2023-03-21 21:18:16.338 UTC [TRACE] steampipe-plugin-hackernews.plugin: [TRACE] apply plugin defaults for DefaultIgnoreConfig, table &{<nil> <nil>} plugin &{<nil> <nil>}
2023-03-21 21:18:16.338 UTC [TRACE] steampipe-plugin-hackernews.plugin: [TRACE] DefaultRetryConfig:
2023-03-21 21:18:16.338 UTC [TRACE] steampipe-plugin-hackernews.plugin: [TRACE] DefaultIgnoreConfig:
2023-03-21 21:18:16.338 UTC [TRACE] steampipe-plugin-hackernews.plugin: [TRACE] t.Get.initialise
2023-03-21 21:18:16.338 UTC [TRACE] steampipe-plugin-hackernews.plugin: [TRACE] GetConfig.initialise table hackernews_best
2023-03-21 21:18:16.338 UTC [TRACE] steampipe-plugin-hackernews.plugin: [TRACE] GetConfig.initialise complete: RetryConfig: , IgnoreConfig:
2023-03-21 21:18:16.338 UTC [TRACE] steampipe-plugin-hackernews.plugin: [TRACE] t.List.initialise
2023-03-21 21:18:16.338 UTC [TRACE] steampipe-plugin-hackernews.plugin: [TRACE] ListConfig.initialise table hackernews_best
2023-03-21 21:18:16.338 UTC [TRACE] steampipe-plugin-hackernews.plugin: [TRACE] ListConfig.initialise complete: RetryConfig: , IgnoreConfig
2023-03-21 21:18:16.338 UTC [TRACE] steampipe-plugin-hackernews.plugin: [TRACE] HydrateConfig.initialise func getItem, table hackernews_best
2023-03-21 21:18:16.338 UTC [TRACE] steampipe-plugin-hackernews.plugin: [TRACE] HydrateConfig.initialise complete: RetryConfig: , IgnoreConfig:
2023-03-21 21:18:16.338 UTC [TRACE] steampipe-plugin-hackernews.plugin: [TRACE] back from initialiseHydrateConfigs
2023-03-21 21:18:16.338 UTC [TRACE] steampipe-plugin-hackernews.plugin: [TRACE] initialise table hackernews_best COMPLETE
2023-03-21 21:18:16.338 UTC [TRACE] steampipe-plugin-hackernews.plugin: [TRACE] initialise table hackernews_item
2023-03-21 21:18:16.338 UTC [TRACE] steampipe-plugin-hackernews.plugin: [TRACE] no DefaultRetryConfig defined - creating empty
2023-03-21 21:18:16.338 UTC [TRACE] steampipe-plugin-hackernews.plugin: [TRACE] no DefaultIgnoreConfig defined - creating empty
2023-03-21 21:18:16.338 UTC [TRACE] steampipe-plugin-hackernews.plugin: [TRACE] apply plugin defaults for DefaultRetryConfig
2023-03-21 21:18:16.338 UTC [TRACE] steampipe-plugin-hackernews.plugin: [TRACE] apply plugin defaults for DefaultIgnoreConfig, table &{<nil> <nil>} plugin &{<nil> <nil>}
2023-03-21 21:18:16.338 UTC [TRACE] steampipe-plugin-hackernews.plugin: [TRACE] DefaultRetryConfig:
2023-03-21 21:18:16.338 UTC [TRACE] steampipe-plugin-hackernews.plugin: [TRACE] DefaultIgnoreConfig:
2023-03-21 21:18:16.338 UTC [TRACE] steampipe-plugin-hackernews.plugin: [TRACE] t.Get.initialise
2023-03-21 21:18:16.338 UTC [TRACE] steampipe-plugin-hackernews.plugin: [TRACE] GetConfig.initialise table hackernews_item
2023-03-21 21:18:16.338 UTC [TRACE] steampipe-plugin-hackernews.plugin: [TRACE] GetConfig.initialise complete: RetryConfig: , IgnoreConfig:
2023-03-21 21:18:16.338 UTC [TRACE] steampipe-plugin-hackernews.plugin: [TRACE] t.List.initialise
2023-03-21 21:18:16.338 UTC [TRACE] steampipe-plugin-hackernews.plugin: [TRACE] ListConfig.initialise table hackernews_item
2023-03-21 21:18:16.338 UTC [TRACE] steampipe-plugin-hackernews.plugin: [TRACE] ListConfig.initialise complete: RetryConfig: , IgnoreConfig
2023-03-21 21:18:16.338 UTC [TRACE] steampipe-plugin-hackernews.plugin: [TRACE] HydrateConfig.initialise func getItem, table hackernews_item
2023-03-21 21:18:16.338 UTC [TRACE] steampipe-plugin-hackernews.plugin: [TRACE] HydrateConfig.initialise complete: RetryConfig: , IgnoreConfig:
2023-03-21 21:18:16.338 UTC [TRACE] steampipe-plugin-hackernews.plugin: [TRACE] back from initialiseHydrateConfigs
2023-03-21 21:18:16.338 UTC [TRACE] steampipe-plugin-hackernews.plugin: [TRACE] initialise table hackernews_item COMPLETE
2023-03-21 21:18:16.338 UTC [TRACE] steampipe-plugin-hackernews.plugin: [TRACE] initialise table hackernews_job
2023-03-21 21:18:16.338 UTC [TRACE] steampipe-plugin-hackernews.plugin: [TRACE] no DefaultRetryConfig defined - creating empty
2023-03-21 21:18:16.338 UTC [TRACE] steampipe-plugin-hackernews.plugin: [TRACE] no DefaultIgnoreConfig defined - creating empty
2023-03-21 21:18:16.338 UTC [TRACE] steampipe-plugin-hackernews.plugin: [TRACE] apply plugin defaults for DefaultRetryConfig
2023-03-21 21:18:16.338 UTC [TRACE] steampipe-plugin-hackernews.plugin: [TRACE] apply plugin defaults for DefaultIgnoreConfig, table &{<nil> <nil>} plugin &{<nil> <nil>}
2023-03-21 21:18:16.338 UTC [TRACE] steampipe-plugin-hackernews.plugin: [TRACE] DefaultRetryConfig:
2023-03-21 21:18:16.338 UTC [TRACE] steampipe-plugin-hackernews.plugin: [TRACE] DefaultIgnoreConfig:
2023-03-21 21:18:16.338 UTC [TRACE] steampipe-plugin-hackernews.plugin: [TRACE] t.Get.initialise
2023-03-21 21:18:16.338 UTC [TRACE] steampipe-plugin-hackernews.plugin: [TRACE] GetConfig.initialise table hackernews_job
2023-03-21 21:18:16.338 UTC [TRACE] steampipe-plugin-hackernews.plugin: [TRACE] GetConfig.initialise complete: RetryConfig: , IgnoreConfig:
2023-03-21 21:18:16.338 UTC [TRACE] steampipe-plugin-hackernews.plugin: [TRACE] t.List.initialise
2023-03-21 21:18:16.338 UTC [TRACE] steampipe-plugin-hackernews.plugin: [TRACE] ListConfig.initialise table hackernews_job
2023-03-21 21:18:16.338 UTC [TRACE] steampipe-plugin-hackernews.plugin: [TRACE] ListConfig.initialise complete: RetryConfig: , IgnoreConfig
2023-03-21 21:18:16.338 UTC [TRACE] steampipe-plugin-hackernews.plugin: [TRACE] HydrateConfig.initialise func getItem, table hackernews_job
2023-03-21 21:18:16.338 UTC [TRACE] steampipe-plugin-hackernews.plugin: [TRACE] HydrateConfig.initialise complete: RetryConfig: , IgnoreConfig:
2023-03-21 21:18:16.338 UTC [TRACE] steampipe-plugin-hackernews.plugin: [TRACE] back from initialiseHydrateConfigs
2023-03-21 21:18:16.338 UTC [TRACE] steampipe-plugin-hackernews.plugin: [TRACE] initialise table hackernews_job COMPLETE
2023-03-21 21:18:16.338 UTC [TRACE] steampipe-plugin-hackernews.plugin: [TRACE] initialise table hackernews_new
2023-03-21 21:18:16.338 UTC [TRACE] steampipe-plugin-hackernews.plugin: [TRACE] no DefaultRetryConfig defined - creating empty
2023-03-21 21:18:16.338 UTC [TRACE] steampipe-plugin-hackernews.plugin: [TRACE] no DefaultIgnoreConfig defined - creating empty
2023-03-21 21:18:16.338 UTC [TRACE] steampipe-plugin-hackernews.plugin: [TRACE] apply plugin defaults for DefaultRetryConfig
2023-03-21 21:18:16.338 UTC [TRACE] steampipe-plugin-hackernews.plugin: [TRACE] apply plugin defaults for DefaultIgnoreConfig, table &{<nil> <nil>} plugin &{<nil> <nil>}
2023-03-21 21:18:16.338 UTC [TRACE] steampipe-plugin-hackernews.plugin: [TRACE] DefaultRetryConfig:
2023-03-21 21:18:16.338 UTC [TRACE] steampipe-plugin-hackernews.plugin: [TRACE] DefaultIgnoreConfig:
2023-03-21 21:18:16.338 UTC [TRACE] steampipe-plugin-hackernews.plugin: [TRACE] t.Get.initialise
2023-03-21 21:18:16.338 UTC [TRACE] steampipe-plugin-hackernews.plugin: [TRACE] GetConfig.initialise table hackernews_new
2023-03-21 21:18:16.338 UTC [TRACE] steampipe-plugin-hackernews.plugin: [TRACE] GetConfig.initialise complete: RetryConfig: , IgnoreConfig:
2023-03-21 21:18:16.338 UTC [TRACE] steampipe-plugin-hackernews.plugin: [TRACE] t.List.initialise
2023-03-21 21:18:16.338 UTC [TRACE] steampipe-plugin-hackernews.plugin: [TRACE] ListConfig.initialise table hackernews_new
2023-03-21 21:18:16.338 UTC [TRACE] steampipe-plugin-hackernews.plugin: [TRACE] ListConfig.initialise complete: RetryConfig: , IgnoreConfig
2023-03-21 21:18:16.338 UTC [TRACE] steampipe-plugin-hackernews.plugin: [TRACE] HydrateConfig.initialise func getItem, table hackernews_new
2023-03-21 21:18:16.338 UTC [TRACE] steampipe-plugin-hackernews.plugin: [TRACE] HydrateConfig.initialise complete: RetryConfig: , IgnoreConfig:
2023-03-21 21:18:16.338 UTC [TRACE] steampipe-plugin-hackernews.plugin: [TRACE] back from initialiseHydrateConfigs
2023-03-21 21:18:16.338 UTC [TRACE] steampipe-plugin-hackernews.plugin: [TRACE] initialise table hackernews_new COMPLETE
2023-03-21 21:18:16.338 UTC [TRACE] steampipe-plugin-hackernews.plugin: [TRACE] initialise table hackernews_show_hn
2023-03-21 21:18:16.338 UTC [TRACE] steampipe-plugin-hackernews.plugin: [TRACE] no DefaultRetryConfig defined - creating empty
2023-03-21 21:18:16.338 UTC [TRACE] steampipe-plugin-hackernews.plugin: [TRACE] no DefaultIgnoreConfig defined - creating empty
2023-03-21 21:18:16.338 UTC [TRACE] steampipe-plugin-hackernews.plugin: [TRACE] apply plugin defaults for DefaultRetryConfig
2023-03-21 21:18:16.338 UTC [TRACE] steampipe-plugin-hackernews.plugin: [TRACE] apply plugin defaults for DefaultIgnoreConfig, table &{<nil> <nil>} plugin &{<nil> <nil>}
2023-03-21 21:18:16.338 UTC [TRACE] steampipe-plugin-hackernews.plugin: [TRACE] DefaultRetryConfig:
2023-03-21 21:18:16.338 UTC [TRACE] steampipe-plugin-hackernews.plugin: [TRACE] DefaultIgnoreConfig:
2023-03-21 21:18:16.338 UTC [TRACE] steampipe-plugin-hackernews.plugin: [TRACE] t.Get.initialise
2023-03-21 21:18:16.338 UTC [TRACE] steampipe-plugin-hackernews.plugin: [TRACE] GetConfig.initialise table hackernews_show_hn
2023-03-21 21:18:16.338 UTC [TRACE] steampipe-plugin-hackernews.plugin: [TRACE] GetConfig.initialise complete: RetryConfig: , IgnoreConfig:
2023-03-21 21:18:16.338 UTC [TRACE] steampipe-plugin-hackernews.plugin: [TRACE] t.List.initialise
2023-03-21 21:18:16.338 UTC [TRACE] steampipe-plugin-hackernews.plugin: [TRACE] ListConfig.initialise table hackernews_show_hn
2023-03-21 21:18:16.338 UTC [TRACE] steampipe-plugin-hackernews.plugin: [TRACE] ListConfig.initialise complete: RetryConfig: , IgnoreConfig
2023-03-21 21:18:16.338 UTC [TRACE] steampipe-plugin-hackernews.plugin: [TRACE] HydrateConfig.initialise func getItem, table hackernews_show_hn
2023-03-21 21:18:16.338 UTC [TRACE] steampipe-plugin-hackernews.plugin: [TRACE] HydrateConfig.initialise complete: RetryConfig: , IgnoreConfig:
2023-03-21 21:18:16.338 UTC [TRACE] steampipe-plugin-hackernews.plugin: [TRACE] back from initialiseHydrateConfigs
2023-03-21 21:18:16.338 UTC [TRACE] steampipe-plugin-hackernews.plugin: [TRACE] initialise table hackernews_show_hn COMPLETE
2023-03-21 21:18:16.338 UTC [TRACE] steampipe-plugin-hackernews.plugin: [TRACE] initialise table hackernews_top
2023-03-21 21:18:16.338 UTC [TRACE] steampipe-plugin-hackernews.plugin: [TRACE] no DefaultRetryConfig defined - creating empty
2023-03-21 21:18:16.338 UTC [TRACE] steampipe-plugin-hackernews.plugin: [TRACE] no DefaultIgnoreConfig defined - creating empty
2023-03-21 21:18:16.338 UTC [TRACE] steampipe-plugin-hackernews.plugin: [TRACE] apply plugin defaults for DefaultRetryConfig
2023-03-21 21:18:16.338 UTC [TRACE] steampipe-plugin-hackernews.plugin: [TRACE] apply plugin defaults for DefaultIgnoreConfig, table &{<nil> <nil>} plugin &{<nil> <nil>}
2023-03-21 21:18:16.339 UTC [TRACE] steampipe-plugin-hackernews.plugin: [TRACE] DefaultRetryConfig:
2023-03-21 21:18:16.339 UTC [TRACE] steampipe-plugin-hackernews.plugin: [TRACE] DefaultIgnoreConfig:
2023-03-21 21:18:16.339 UTC [TRACE] steampipe-plugin-hackernews.plugin: [TRACE] t.Get.initialise
2023-03-21 21:18:16.339 UTC [TRACE] steampipe-plugin-hackernews.plugin: [TRACE] GetConfig.initialise table hackernews_top
2023-03-21 21:18:16.339 UTC [TRACE] steampipe-plugin-hackernews.plugin: [TRACE] GetConfig.initialise complete: RetryConfig: , IgnoreConfig:
2023-03-21 21:18:16.339 UTC [TRACE] steampipe-plugin-hackernews.plugin: [TRACE] t.List.initialise
2023-03-21 21:18:16.339 UTC [TRACE] steampipe-plugin-hackernews.plugin: [TRACE] ListConfig.initialise table hackernews_top
2023-03-21 21:18:16.339 UTC [TRACE] steampipe-plugin-hackernews.plugin: [TRACE] ListConfig.initialise complete: RetryConfig: , IgnoreConfig
2023-03-21 21:18:16.339 UTC [TRACE] steampipe-plugin-hackernews.plugin: [TRACE] HydrateConfig.initialise func getItem, table hackernews_top
2023-03-21 21:18:16.339 UTC [TRACE] steampipe-plugin-hackernews.plugin: [TRACE] HydrateConfig.initialise complete: RetryConfig: , IgnoreConfig:
2023-03-21 21:18:16.339 UTC [TRACE] steampipe-plugin-hackernews.plugin: [TRACE] back from initialiseHydrateConfigs
2023-03-21 21:18:16.339 UTC [TRACE] steampipe-plugin-hackernews.plugin: [TRACE] initialise table hackernews_top COMPLETE
2023-03-21 21:18:16.339 UTC [TRACE] steampipe-plugin-hackernews.plugin: [TRACE] initialise table hackernews_user
2023-03-21 21:18:16.339 UTC [TRACE] steampipe-plugin-hackernews.plugin: [TRACE] no DefaultRetryConfig defined - creating empty
2023-03-21 21:18:16.339 UTC [TRACE] steampipe-plugin-hackernews.plugin: [TRACE] no DefaultIgnoreConfig defined - creating empty
2023-03-21 21:18:16.339 UTC [TRACE] steampipe-plugin-hackernews.plugin: [TRACE] apply plugin defaults for DefaultRetryConfig
2023-03-21 21:18:16.339 UTC [TRACE] steampipe-plugin-hackernews.plugin: [TRACE] apply plugin defaults for DefaultIgnoreConfig, table &{<nil> <nil>} plugin &{<nil> <nil>}
2023-03-21 21:18:16.339 UTC [TRACE] steampipe-plugin-hackernews.plugin: [TRACE] DefaultRetryConfig:
2023-03-21 21:18:16.339 UTC [TRACE] steampipe-plugin-hackernews.plugin: [TRACE] DefaultIgnoreConfig:
2023-03-21 21:18:16.339 UTC [TRACE] steampipe-plugin-hackernews.plugin: [TRACE] t.List.initialise
2023-03-21 21:18:16.339 UTC [TRACE] steampipe-plugin-hackernews.plugin: [TRACE] ListConfig.initialise table hackernews_user
2023-03-21 21:18:16.339 UTC [TRACE] steampipe-plugin-hackernews.plugin: [TRACE] ListConfig.initialise complete: RetryConfig: , IgnoreConfig
2023-03-21 21:18:16.339 UTC [TRACE] steampipe-plugin-hackernews.plugin: [TRACE] back from initialiseHydrateConfigs
2023-03-21 21:18:16.339 UTC [TRACE] steampipe-plugin-hackernews.plugin: [TRACE] initialise table hackernews_user COMPLETE
2023-03-21 21:18:16.339 UTC [TRACE] steampipe-plugin-hackernews.plugin: [TRACE] initialise table hackernews_ask_hn
2023-03-21 21:18:16.339 UTC [TRACE] steampipe-plugin-hackernews.plugin: [TRACE] no DefaultRetryConfig defined - creating empty
2023-03-21 21:18:16.339 UTC [TRACE] steampipe-plugin-hackernews.plugin: [TRACE] no DefaultIgnoreConfig defined - creating empty
2023-03-21 21:18:16.339 UTC [TRACE] steampipe-plugin-hackernews.plugin: [TRACE] apply plugin defaults for DefaultRetryConfig
2023-03-21 21:18:16.339 UTC [TRACE] steampipe-plugin-hackernews.plugin: [TRACE] apply plugin defaults for DefaultIgnoreConfig, table &{<nil> <nil>} plugin &{<nil> <nil>}
2023-03-21 21:18:16.339 UTC [TRACE] steampipe-plugin-hackernews.plugin: [TRACE] DefaultRetryConfig:
2023-03-21 21:18:16.339 UTC [TRACE] steampipe-plugin-hackernews.plugin: [TRACE] DefaultIgnoreConfig:
2023-03-21 21:18:16.339 UTC [TRACE] steampipe-plugin-hackernews.plugin: [TRACE] t.Get.initialise
2023-03-21 21:18:16.339 UTC [TRACE] steampipe-plugin-hackernews.plugin: [TRACE] GetConfig.initialise table hackernews_ask_hn
2023-03-21 21:18:16.339 UTC [TRACE] steampipe-plugin-hackernews.plugin: [TRACE] GetConfig.initialise complete: RetryConfig: , IgnoreConfig:
2023-03-21 21:18:16.339 UTC [TRACE] steampipe-plugin-hackernews.plugin: [TRACE] t.List.initialise
2023-03-21 21:18:16.339 UTC [TRACE] steampipe-plugin-hackernews.plugin: [TRACE] ListConfig.initialise table hackernews_ask_hn
2023-03-21 21:18:16.339 UTC [TRACE] steampipe-plugin-hackernews.plugin: [TRACE] ListConfig.initialise complete: RetryConfig: , IgnoreConfig
2023-03-21 21:18:16.339 UTC [TRACE] steampipe-plugin-hackernews.plugin: [TRACE] HydrateConfig.initialise func getItem, table hackernews_ask_hn
2023-03-21 21:18:16.339 UTC [TRACE] steampipe-plugin-hackernews.plugin: [TRACE] HydrateConfig.initialise complete: RetryConfig: , IgnoreConfig:
2023-03-21 21:18:16.339 UTC [TRACE] steampipe-plugin-hackernews.plugin: [TRACE] back from initialiseHydrateConfigs
2023-03-21 21:18:16.339 UTC [TRACE] steampipe-plugin-hackernews.plugin: [TRACE] initialise table hackernews_ask_hn COMPLETE
2023-03-21 21:18:16.339 UTC [TRACE] steampipe-plugin-hackernews.plugin: [TRACE] validate plugin steampipe-plugin-hackernews, required columns []
2023-03-21 21:18:16.339 UTC [TRACE] steampipe-plugin-hackernews.plugin: [TRACE] validate DefaultRetryConfig
2023-03-21 21:18:16.339 UTC [TRACE] steampipe-plugin-hackernews.plugin: [TRACE] validate DefaultIgnoreConfig
2023-03-21 21:18:16.339 UTC [TRACE] steampipe-plugin-hackernews.plugin: [TRACE] validate table names
2023-03-21 21:18:16.339 UTC [TRACE] steampipe-plugin-hackernews.plugin: [TRACE] plugin has 0 validation errors
2023-03-21 21:18:16.339 UTC [TRACE] steampipe-plugin-hackernews.plugin: [TRACE] Plugin ensureCache creating cache, maxCacheStorageMb 0
2023-03-21 21:18:16.339 UTC [TRACE] steampipe-plugin-hackernews.plugin: [TRACE] createCacheStore for plugin 'steampipe-plugin-hackernews' setting max size to 0Mb, Shards: 2, max shard size: 0
2023-03-21 21:18:16.357 UTC [INFO]  steampipe-plugin-hackernews.plugin: [INFO]  query cache created
2023-03-21 21:18:16.357 UTC [DEBUG] steampipe-plugin-hackernews.plugin: [DEBUG] SetAllConnectionConfigs finished
2023-03-21 21:18:16.358 UTC [TRACE] PluginManager getPlugin complete, returning reattach config with PID: 2047
2023-03-21 21:18:16.363 UTC [INFO]  steampipe-plugin-hackernews.plugin: [INFO]  1679433496796: Plugin Execute (1679433496796)
2023-03-21 21:18:16.363 UTC [TRACE] steampipe-plugin-hackernews.plugin: [TRACE] 1679433496796: No memory limit set
2023-03-21 21:18:16.363 UTC [INFO]  steampipe-plugin-hackernews.plugin: [INFO]  1679433496796: Plugin Execute, setting memory limit to -1Mb
2023-03-21 21:18:16.363 UTC [TRACE] steampipe-plugin-hackernews.plugin: [TRACE] 1679433496796: calling ExtractContextFromCarrier
2023-03-21 21:18:16.363 UTC [INFO]  steampipe-plugin-hackernews.plugin: [INFO]  1679433496796: Setting max concurrent connections to 25
2023-03-21 21:18:16.363 UTC [TRACE] steampipe-plugin-hackernews.plugin: [TRACE] 1679433496796: executeForConnection callId: 1679433496796, connectionCallId: hackernews-1679433496796, connection: hackernews table: hackernews_new cols: id,title,time,by,score,dead,deleted,descendants,kids,parent,parts,poll,text,type,url,_ctx
2023-03-21 21:18:16.363 UTC [TRACE] steampipe-plugin-hackernews.plugin: [TRACE] 1679433496796: got connection data
2023-03-21 21:18:16.363 UTC [TRACE] steampipe-plugin-hackernews.plugin: [TRACE] 1679433496796: Got query context, table: hackernews_new, cols: [id title time by score dead deleted descendants kids parent parts poll text type url _ctx]
2023-03-21 21:18:16.363 UTC [TRACE] steampipe-plugin-hackernews.plugin: [TRACE] 1679433496796: Start execute span
2023-03-21 21:18:16.363 UTC [INFO]  steampipe-plugin-hackernews.plugin: [INFO]  1679433496796: Setting free memory interval to 100 rows
2023-03-21 21:18:16.364 UTC [TRACE] steampipe-plugin-hackernews.plugin: [TRACE] 1679433496796: setFetchType map[time:quals:{fieldName:"time"  string_value:">"  value:{timestamp_value:{seconds:1679429896  nanos:239045000}}}]
2023-03-21 21:18:16.364 UTC [TRACE] steampipe-plugin-hackernews.plugin: [TRACE] 1679433496796: getMatchingQuals column:'id' operator: =
2023-03-21 21:18:16.364 UTC [TRACE] steampipe-plugin-hackernews.plugin: [TRACE] 1679433496796: getMatchingQuals returning false - qualMap does not contain any quals for column id
2023-03-21 21:18:16.365 UTC [TRACE] steampipe-plugin-hackernews.plugin: [TRACE] 1679433496796: GetUnsatisfiedKeyColumns for columns column:'id' operator: =
2023-03-21 21:18:16.365 UTC [TRACE] steampipe-plugin-hackernews.plugin: [TRACE] 1679433496796: key column NOT satisfied column:'id' operator: =
2023-03-21 21:18:16.365 UTC [TRACE] steampipe-plugin-hackernews.plugin: [TRACE] 1679433496796: satisfied: map[any_of: optional: required:]
2023-03-21 21:18:16.366 UTC [TRACE] steampipe-plugin-hackernews.plugin: [TRACE] 1679433496796: unsatisfied: map[any_of: optional: required:column:'id' operator: =]
2023-03-21 21:18:16.366 UTC [TRACE] steampipe-plugin-hackernews.plugin: [TRACE] 1679433496796: unsatisfied required KeyColumns: column:'id' operator: =
2023-03-21 21:18:16.366 UTC [TRACE] steampipe-plugin-hackernews.plugin: [TRACE] 1679433496796: Set fetchType to fetchTypeList
2023-03-21 21:18:16.366 UTC [TRACE] steampipe-plugin-hackernews.plugin: [TRACE] 1679433496796: Equals key column quals:
2023-03-21 21:18:16.366 UTC [DEBUG] steampipe-plugin-hackernews.plugin: {}
2023-03-21 21:18:16.366 UTC [TRACE] steampipe-plugin-hackernews.plugin: [TRACE] 1679433496796: All key column quals:
2023-03-21 21:18:16.366 UTC [DEBUG] steampipe-plugin-hackernews.plugin: {}
2023-03-21 21:18:16.366 UTC [TRACE] steampipe-plugin-hackernews.plugin: [TRACE] 1679433496796: GetMatrixItem
2023-03-21 21:18:16.366 UTC [TRACE] steampipe-plugin-hackernews.plugin: [TRACE] 1679433496796: creating query data
2023-03-21 21:18:16.366 UTC [INFO]  steampipe-plugin-hackernews.plugin: [INFO]  1679433496796: cacheEnabled, trying cache get (hackernews-1679433496796)
2023-03-21 21:18:16.366 UTC [TRACE] steampipe-plugin-hackernews.plugin: [TRACE] 1679433496796: QueryCache Get - indexBucketKey index__hackernewshackernews_new, quals
2023-03-21 21:18:16.366 UTC [TRACE] steampipe-plugin-hackernews.plugin: [TRACE] 1679433496796: QueryCache getCachedQueryResult - table hackernews_new, connectionName hackernews
2023-03-21 21:18:16.366 UTC [TRACE] steampipe-plugin-hackernews.plugin: [TRACE] 1679433496796: index bucket key: index__hackernewshackernews_new ttlSeconds 300 limit: -1
2023-03-21 21:18:16.366 UTC [TRACE] steampipe-plugin-hackernews.plugin: [TRACE] 1679433496796: doGet cache miss
2023-03-21 21:18:16.366 UTC [TRACE] steampipe-plugin-hackernews.plugin: [TRACE] 1679433496796: getCachedIndexBucket - no item retrieved for cache key index__hackernewshackernews_new
2023-03-21 21:18:16.366 UTC [TRACE] steampipe-plugin-hackernews.plugin: [TRACE] 1679433496796: getCachedQueryResult returned CACHE MISS - checking for pending transfers
2023-03-21 21:18:16.366 UTC [TRACE] steampipe-plugin-hackernews.plugin: [TRACE] 1679433496796: getPendingResultItem indexBucketKey index__hackernewshackernews_new, columns [id title time by score dead deleted descendants kids parent parts poll text type url _ctx], limit -1
2023-03-21 21:18:16.366 UTC [TRACE] steampipe-plugin-hackernews.plugin: [TRACE] 1679433496796: no pending index item - add pending result, indexBucketKey index__hackernewshackernews_new
2023-03-21 21:18:16.366 UTC [TRACE] steampipe-plugin-hackernews.plugin: [TRACE] 1679433496796: addPendingResult (hackernews-1679433496796) indexBucketKey index__hackernewshackernews_new, columns [id title time by score dead deleted descendants kids parent parts poll text type url _ctx], limit -1
2023-03-21 21:18:16.366 UTC [TRACE] steampipe-plugin-hackernews.plugin: [TRACE] 1679433496796: no index bucket found - creating one
2023-03-21 21:18:16.366 UTC [TRACE] steampipe-plugin-hackernews.plugin: [TRACE] 1679433496796: pendingIndexItem Lock count before 0
2023-03-21 21:18:16.366 UTC [TRACE] steampipe-plugin-hackernews.plugin: [TRACE] 1679433496796: addPendingResult added pending index item to bucket, (hackernews-1679433496796) indexBucketKey index__hackernewshackernews_new, resultKeyRoot hackernewshackernews_newid,title,time,by,score,dead,deleted,descendants,kids,parent,parts,poll,text,type,url,_ctx-1, pending item : 0xc00037ea50
2023-03-21 21:18:16.366 UTC [TRACE] steampipe-plugin-hackernews.plugin: [TRACE] 1679433496796: **** pending items (hackernews-1679433496796)****
2023-03-21 21:18:16.366 UTC [TRACE] steampipe-plugin-hackernews.plugin: [TRACE] 1679433496796: key: index__hackernewshackernews_new: item: 0xc00037ea50, count: 1, key:hackernewshackernews_newid,title,time,by,score,dead,deleted,descendants,kids,parent,parts,poll,text,type,url,_ctx-1
2023-03-21 21:18:16.366 UTC [TRACE] steampipe-plugin-hackernews.plugin: [TRACE] 1679433496796: ********
2023-03-21 21:18:16.366 UTC [TRACE] steampipe-plugin-hackernews.plugin: [TRACE] 1679433496796: getPendingResultItem returning <nil>
2023-03-21 21:18:16.366 UTC [INFO]  steampipe-plugin-hackernews.plugin: [INFO]  1679433496796: CACHE MISS
2023-03-21 21:18:16.366 UTC [TRACE] steampipe-plugin-hackernews.plugin: [TRACE] 1679433496796: cache MISS
2023-03-21 21:18:16.366 UTC [INFO]  steampipe-plugin-hackernews.plugin: [INFO]  1679433496796: queryCacheGet returned CACHE MISS (hackernews-1679433496796)
2023-03-21 21:18:16.366 UTC [TRACE] steampipe-plugin-hackernews.plugin: [TRACE] 1679433496796: StartSet (hackernews-1679433496796)
2023-03-21 21:18:16.366 UTC [TRACE] steampipe-plugin-hackernews.plugin: [TRACE] 1679433496796: calling fetchItems, table: hackernews_new, matrixItem: [], limit: -1,  connectionCallId: hackernews-1679433496796"
2023-03-21 21:18:16.366 UTC [TRACE] steampipe-plugin-hackernews.plugin: [TRACE] 1679433496796: buildRowsAsync connectionCallId: hackernews-1679433496796
2023-03-21 21:18:16.366 UTC [TRACE] steampipe-plugin-hackernews.plugin: [TRACE] 1679433496796: streamRows connectionCallId: hackernews-1679433496796
2023-03-21 21:18:16.366 UTC [TRACE] steampipe-plugin-hackernews.plugin: [TRACE] 1679433496796: QueryData streamRows (hackernews-1679433496796)
2023-03-21 21:18:16.366 UTC [TRACE] steampipe-plugin-hackernews.plugin: [TRACE] 1679433496796: executeListCall START (hackernews-1679433496796)
2023-03-21 21:18:16.366 UTC [TRACE] steampipe-plugin-hackernews.plugin: [TRACE] 1679433496796: GetUnsatisfiedKeyColumns for columns
2023-03-21 21:18:16.367 UTC [TRACE] steampipe-plugin-hackernews.plugin: [TRACE] 1679433496796: doList (hackernews-1679433496796)
2023-03-21 21:18:16.367 UTC [TRACE] steampipe-plugin-hackernews.plugin: [TRACE] 1679433496796: doList: no matrix item
2023-03-21 21:18:16.582 UTC [TRACE] steampipe-plugin-hackernews.plugin: [TRACE] 1679433496796: QueryData.fetchComplete
2023-03-21 21:18:16.582 UTC [TRACE] steampipe-plugin-hackernews.plugin: [TRACE] 1679433496796: executeListCall COMPLETE (hackernews-1679433496796)
2023-03-21 21:18:16.582 UTC [TRACE] steampipe-plugin-hackernews.plugin: [TRACE] 1679433496796: rowData chan returned nil - wait for rows to complete (hackernews-1679433496796)
2023-03-21 21:18:16.589 UTC [TRACE] stdio: received data: channel=STDOUT len=22
2023-03-21 21:18:16.589 UTC [TRACE] stdio: waiting for stdio data
2023-03-21 21:18:16.680 UTC [TRACE] stdio: received data: channel=STDOUT len=90
2023-03-21 21:18:16.680 UTC [TRACE] stdio: waiting for stdio data
2023-03-21 21:18:16.681 UTC [TRACE] stdio: received data: channel=STDOUT len=16
2023-03-21 21:18:16.681 UTC [TRACE] stdio: waiting for stdio data
2023-03-21 21:18:16.707 UTC [TRACE] stdio: received data: channel=STDOUT len=56
2023-03-21 21:18:16.707 UTC [TRACE] stdio: waiting for stdio data
2023-03-21 21:18:16.712 UTC [TRACE] stdio: received data: channel=STDOUT len=191
2023-03-21 21:18:16.712 UTC [TRACE] stdio: waiting for stdio data
2023-03-21 21:18:16.722 UTC [TRACE] stdio: received data: channel=STDOUT len=224
2023-03-21 21:18:16.722 UTC [TRACE] stdio: waiting for stdio data
2023-03-21 21:18:16.731 UTC [TRACE] stdio: received data: channel=STDOUT len=218
2023-03-21 21:18:16.731 UTC [TRACE] stdio: waiting for stdio data
2023-03-21 21:18:16.743 UTC [TRACE] stdio: received data: channel=STDOUT len=601
2023-03-21 21:18:16.743 UTC [TRACE] stdio: waiting for stdio data
2023-03-21 21:18:16.795 UTC [TRACE] stdio: received data: channel=STDOUT len=409
2023-03-21 21:18:16.795 UTC [TRACE] stdio: waiting for stdio data
2023-03-21 21:18:16.843 UTC [TRACE] stdio: received data: channel=STDOUT len=399
2023-03-21 21:18:16.843 UTC [TRACE] stdio: waiting for stdio data
2023-03-21 21:18:16.901 UTC [TRACE] stdio: received data: channel=STDOUT len=449
2023-03-21 21:18:16.901 UTC [TRACE] stdio: waiting for stdio data
2023-03-21 21:18:16.928 UTC [TRACE] stdio: received data: channel=STDOUT len=1024
2023-03-21 21:18:16.928 UTC [TRACE] stdio: waiting for stdio data
2023-03-21 21:18:16.935 UTC [TRACE] stdio: received data: channel=STDOUT len=125
2023-03-21 21:18:16.936 UTC [TRACE] stdio: waiting for stdio data
2023-03-21 21:18:16.949 UTC [TRACE] stdio: received data: channel=STDOUT len=37
2023-03-21 21:18:16.949 UTC [TRACE] stdio: waiting for stdio data
2023-03-21 21:18:16.957 UTC [TRACE] stdio: received data: channel=STDOUT len=326
2023-03-21 21:18:16.957 UTC [TRACE] stdio: waiting for stdio data
2023-03-21 21:18:16.963 UTC [TRACE] stdio: received data: channel=STDOUT len=108
2023-03-21 21:18:16.963 UTC [TRACE] stdio: waiting for stdio data
2023-03-21 21:18:16.966 UTC [TRACE] stdio: received data: channel=STDOUT len=16
2023-03-21 21:18:16.966 UTC [TRACE] stdio: waiting for stdio data
2023-03-21 21:18:16.966 UTC [TRACE] steampipe-plugin-hackernews.plugin: [TRACE] 1679433496796: buildRowsAsync goroutine returning (hackernews-1679433496796)
2023-03-21 21:18:16.966 UTC [TRACE] steampipe-plugin-hackernews.plugin: [TRACE] 1679433496796: streamRows - nil row, stop streaming (hackernews-1679433496796)
2023-03-21 21:18:16.966 UTC [TRACE] steampipe-plugin-hackernews.plugin: [TRACE] 1679433496796: ------------------------------------
2023-03-21 21:18:16.966 UTC [TRACE] steampipe-plugin-hackernews.plugin: [TRACE] 1679433496796: Concurrency Summary
2023-03-21 21:18:16.966 UTC [TRACE] steampipe-plugin-hackernews.plugin: [TRACE] 1679433496796: ------------------------------------
2023-03-21 21:18:16.966 UTC [TRACE] steampipe-plugin-hackernews.plugin: [TRACE] 1679433496796: getItem                       : 200
2023-03-21 21:18:16.966 UTC [TRACE] steampipe-plugin-hackernews.plugin: [TRACE] 1679433496796: ------------------------------------
2023-03-21 21:18:16.966 UTC [TRACE] steampipe-plugin-hackernews.plugin: [TRACE] 1679433496796: Total                         : 200
2023-03-21 21:18:16.966 UTC [TRACE] steampipe-plugin-hackernews.plugin: [TRACE] 1679433496796: ------------------------------------
2023-03-21 21:18:16.966 UTC [TRACE] steampipe-plugin-hackernews.plugin: [TRACE] 1679433496796: QueryData streamRows DONE (hackernews-1679433496796)
2023-03-21 21:18:16.966 UTC [TRACE] steampipe-plugin-hackernews.plugin: [TRACE] 1679433496796: EndSet (hackernews-1679433496796) table hackernews_new
2023-03-21 21:18:16.966 UTC [TRACE] steampipe-plugin-hackernews.plugin: [TRACE] 1679433496796: QueryCache writePageToCache: 500 rows, pageCount 1, page key hackernewshackernews_newid,title,time,by,score,dead,deleted,descendants,kids,parent,parts,poll,text,type,url,_ctx-1-0
2023-03-21 21:18:16.974 UTC [TRACE] steampipe-plugin-hackernews.plugin: [TRACE] 1679433496796: writePageToCache Set - result written
2023-03-21 21:18:16.974 UTC [TRACE] steampipe-plugin-hackernews.plugin: [TRACE] 1679433496796: QueryCache EndSet - result written
2023-03-21 21:18:16.974 UTC [TRACE] steampipe-plugin-hackernews.plugin: [TRACE] 1679433496796: doGet cache miss
2023-03-21 21:18:16.974 UTC [TRACE] steampipe-plugin-hackernews.plugin: [TRACE] 1679433496796: getCachedIndexBucket - no item retrieved for cache key index__hackernewshackernews_new
2023-03-21 21:18:16.974 UTC [TRACE] steampipe-plugin-hackernews.plugin: [TRACE] 1679433496796: getCachedIndexBucket returned cache miss
2023-03-21 21:18:16.974 UTC [TRACE] steampipe-plugin-hackernews.plugin: [TRACE] 1679433496796: QueryCache EndSet - Added index item (0xc01a89da40) to bucket (0xc01a8884f8), page count 1,  key root hackernewshackernews_newid,title,time,by,score,dead,deleted,descendants,kids,parent,parts,poll,text,type,url,_ctx-1
2023-03-21 21:18:16.974 UTC [TRACE] steampipe-plugin-hackernews.plugin: [TRACE] 1679433496796: cacheSetIndexBucket index__hackernewshackernews_new
2023-03-21 21:18:16.974 UTC [TRACE] steampipe-plugin-hackernews.plugin: [TRACE] 1679433496796: QueryCache EndSet - IndexBucket written
2023-03-21 21:18:16.974 UTC [TRACE] steampipe-plugin-hackernews.plugin: [TRACE] 1679433496796: EndSet DEFER (hackernews-1679433496796) table hackernews_new
2023-03-21 21:18:16.974 UTC [TRACE] steampipe-plugin-hackernews.plugin: [TRACE] 1679433496796: calling pendingItemComplete (hackernews-1679433496796)
2023-03-21 21:18:16.974 UTC [TRACE] steampipe-plugin-hackernews.plugin: [TRACE] 1679433496796: pendingItemComplete (hackernews-1679433496796) indexBucketKey index__hackernewshackernews_new, columns [id title time by score dead deleted descendants kids parent parts poll text type url _ctx], limit -1
2023-03-21 21:18:16.974 UTC [TRACE] steampipe-plugin-hackernews.plugin: [TRACE] 1679433496796: got pending index bucket, (hackernews-1679433496796) len 1
2023-03-21 21:18:16.974 UTC [TRACE] steampipe-plugin-hackernews.plugin: [TRACE] 1679433496796: SatisfiesLimit limit -1, no item limit - satisfied
2023-03-21 21:18:16.974 UTC [TRACE] steampipe-plugin-hackernews.plugin: [TRACE] 1679433496796: found pending index item to satisfy columns id,title,time,by,score,dead,deleted,descendants,kids,parent,parts,poll,text,type,url,_ctx, limit -1
2023-03-21 21:18:16.974 UTC [TRACE] steampipe-plugin-hackernews.plugin: [TRACE] 1679433496796: found completed pending item (hackernews-1679433496796) 0xc00037ea50, key hackernewshackernews_newid,title,time,by,score,dead,deleted,descendants,kids,parent,parts,poll,text,type,url,_ctx-1 - removing from map as it is complete
2023-03-21 21:18:16.974 UTC [TRACE] steampipe-plugin-hackernews.plugin: [TRACE] 1679433496796: pendingIndexItem Unlock count before 1 key hackernewshackernews_newid,title,time,by,score,dead,deleted,descendants,kids,parent,parts,poll,text,type,url,_ctx-1
2023-03-21 21:18:16.974 UTC [TRACE] steampipe-plugin-hackernews.plugin: [TRACE] 1679433496796: deleted from pending, (hackernews-1679433496796) len 0
2023-03-21 21:18:16.974 UTC [TRACE] steampipe-plugin-hackernews.plugin: [TRACE] 1679433496796: pending bucket now empty - deleting key index__hackernewshackernews_new
2023-03-21 21:18:16.974 UTC [TRACE] steampipe-plugin-hackernews.plugin: [TRACE] 1679433496796: pendingItemComplete done (hackernews-1679433496796)
2023-03-21 21:18:16.974 UTC [TRACE] steampipe-plugin-hackernews.plugin: [TRACE] 1679433496796: cache set succeeded
2023-03-21 21:18:16.974 UTC [TRACE] steampipe-plugin-hackernews.plugin: [TRACE] 1679433496796: End execute span
2023-03-21 21:18:16.974 UTC [TRACE] steampipe-plugin-hackernews.plugin: [TRACE] 1679433496796: executeForConnection DEFER (hackernews-1679433496796)
2023-03-21 21:18:16.974 UTC [TRACE] steampipe-plugin-hackernews.plugin: [TRACE] 1679433496796: Execute complete callId: hackernews-1679433496796 table: hackernews_new
2023-03-21 21:18:16.974 UTC [TRACE] steampipe-plugin-hackernews.plugin: [TRACE] 1679433496796: executeForConnection hackernews returned
2023-03-21 21:18:16.974 UTC [TRACE] steampipe-plugin-hackernews.plugin: [TRACE] 1679433496796: output wg complete - send nil row
2023-03-21 21:18:16.974 UTC [TRACE] steampipe-plugin-hackernews.plugin: [TRACE] 1679433496796: empty row on output channel - we are done
2023-03-21 21:18:16.974 UTC [INFO]  steampipe-plugin-hackernews.plugin: [INFO]  1679433496796: Plugin Execute complete (1679433496796)
2023-03-21 21:18:17.010 UTC [INFO]  PluginManager Shutdown
2023-03-21 21:18:17.010 UTC [INFO]  PluginManager killing plugin csv (2023)
2023-03-21 21:18:17.010 UTC [TRACE] steampipe-plugin-csv.plugin: [TRACE] FLUSHING instrumentation
2023-03-21 21:18:17.010 UTC [TRACE] steampipe-plugin-csv.plugin: [TRACE] Shutdown instrumentation
2023-03-21 21:18:17.010 UTC [TRACE] receive error for connection 'csv': rpc error: code = Unavailable desc = error reading from server: EOF
2023-03-21 21:18:17.010 UTC [TRACE] cache listener received EOF for connection 'csv', returning
2023-03-21 21:18:17.010 UTC [DEBUG] stdio: received EOF, stopping recv loop: err="rpc error: code = Unavailable desc = error reading from server: EOF"
2023-03-21 21:18:17.029 UTC [INFO]  plugin process exited: path=/home/runner/.steampipe/plugins/hub.steampipe.io/plugins/turbot/csv@latest/steampipe-plugin-csv.plugin pid=2023
2023-03-21 21:18:17.029 UTC [DEBUG] plugin exited
2023-03-21 21:18:17.029 UTC [INFO]  PluginManager killing plugin hackernews (2047)
2023-03-21 21:18:17.034 UTC [DEBUG] stdio: received EOF, stopping recv loop: err="rpc error: code = Unavailable desc = error reading from server: EOF"
2023-03-21 21:18:17.041 UTC [TRACE] steampipe-plugin-hackernews.plugin: [TRACE] 1679433496796: FLUSHING instrumentation
2023-03-21 21:18:17.041 UTC [TRACE] steampipe-plugin-hackernews.plugin: [TRACE] 1679433496796: Shutdown instrumentation
2023-03-21 21:18:17.043 UTC [INFO]  plugin process exited: path=/home/runner/.steampipe/plugins/hub.steampipe.io/plugins/turbot/hackernews@latest/steampipe-plugin-hackernews.plugin pid=2047
2023-03-21 21:18:17.043 UTC [DEBUG] plugin exited
2023-03-21 21:22:22.731 UTC [ERROR] steampipe-plugin-csv.plugin: [ERROR] csv.tableCSV: header_parse_error=EOF path=/home/runner/work/steampipe-samples/steampipe-samples/all/hackernews/new_sc.csv header=[]
2023-03-21 21:22:22.731 UTC [ERROR] steampipe-plugin-csv.plugin: [ERROR] csv.PluginTables: create_table_error="failed to parse file header /home/runner/work/steampipe-samples/steampipe-samples/all/hackernews/new_sc.csv: EOF" path=/home/runner/work/steampipe-samples/steampipe-samples/all/hackernews/new_sc.csv
2023-03-21 21:22:22.745 UTC [WARN]  failed to set connection config: failed to parse file header /home/runner/work/steampipe-samples/steampipe-samples/all/hackernews/new_sc.csv: EOF
2023-03-21 21:22:36.057 UTC [ERROR] steampipe-plugin-csv.plugin: [ERROR] csv.tableCSV: header_parse_error=EOF path=/home/runner/work/steampipe-samples/steampipe-samples/all/hackernews/hn_items_all.csv header=[]
2023-03-21 21:22:36.057 UTC [ERROR] steampipe-plugin-csv.plugin: [ERROR] csv.PluginTables: create_table_error="failed to parse file header /home/runner/work/steampipe-samples/steampipe-samples/all/hackernews/hn_items_all.csv: EOF" path=/home/runner/work/steampipe-samples/steampipe-samples/all/hackernews/hn_items_all.csv
2023-03-21 21:22:36.071 UTC [WARN]  failed to set connection config: failed to parse file header /home/runner/work/steampipe-samples/steampipe-samples/all/hackernews/hn_items_all.csv: EOF
