2023-03-01 08:20:41.302 UTC [INFO]  starting plugin manager
2023-03-01 08:20:41.302 UTC [TRACE] loaded config map: csv,github,hackernews,net
2023-03-01 08:20:41.302 UTC [TRACE] NewPluginManager
2023-03-01 08:20:41.303 UTC [TRACE] PluginManager setPluginCacheSizeMap: 4 connections.
2023-03-01 08:20:41.303 UTC [TRACE] Total cache size 0Mb
2023-03-01 08:20:41.303 UTC [INFO]  starting connection watcher
2023-03-01 08:20:41.303 UTC [INFO]  created ConnectionWatcher
2023-03-01 08:20:41.303 UTC [TRACE] about to serve
2023-03-01 08:20:41.360 UTC [TRACE] PluginManager Get, connections: '[csv]'
2023-03-01 08:20:41.360 UTC [TRACE] PluginManager getPlugin hub.steampipe.io/plugins/turbot/csv@latest connection 'csv'
2023-03-01 08:20:41.360 UTC [TRACE] PluginManager 0xc00073bbd0 plugin hub.steampipe.io/plugins/turbot/csv@latest (csv) NOT started or starting - start now
2023-03-01 08:20:41.360 UTC [TRACE] ************ start plugin csv ********************
2023-03-01 08:20:41.360 UTC [TRACE] ************ plugin path /home/runner/.steampipe/plugins/hub.steampipe.io/plugins/turbot/csv@latest/steampipe-plugin-csv.plugin ********************
2023-03-01 08:20:41.421 UTC [DEBUG] starting plugin: path=/home/runner/.steampipe/plugins/hub.steampipe.io/plugins/turbot/csv@latest/steampipe-plugin-csv.plugin args=["/home/runner/.steampipe/plugins/hub.steampipe.io/plugins/turbot/csv@latest/steampipe-plugin-csv.plugin"]
2023-03-01 08:20:41.421 UTC [DEBUG] plugin started: path=/home/runner/.steampipe/plugins/hub.steampipe.io/plugins/turbot/csv@latest/steampipe-plugin-csv.plugin pid=1973
2023-03-01 08:20:41.421 UTC [DEBUG] waiting for RPC address: path=/home/runner/.steampipe/plugins/hub.steampipe.io/plugins/turbot/csv@latest/steampipe-plugin-csv.plugin
2023-03-01 08:20:41.431 UTC [INFO]  steampipe-plugin-csv.plugin: [INFO]  Initialise plugin 'steampipe-plugin-csv', using sdk version 4.1.8
2023-03-01 08:20:41.431 UTC [TRACE] steampipe-plugin-csv.plugin: [TRACE] no DefaultRetryConfig defined - creating empty
2023-03-01 08:20:41.431 UTC [TRACE] steampipe-plugin-csv.plugin: [TRACE] no DefaultIgnoreConfig defined - creating empty
2023-03-01 08:20:41.434 UTC [TRACE] steampipe-plugin-csv.plugin: [TRACE] telemetry.Init service 'steampipe-plugin-csv', tracingEnabled: false, metricsEnabled: false
2023-03-01 08:20:41.434 UTC [TRACE] steampipe-plugin-csv.plugin: [TRACE] metrics and tracing disabled' - returning
2023-03-01 08:20:41.435 UTC [DEBUG] steampipe-plugin-csv.plugin: plugin address: address=/tmp/plugin3023316001 network=unix timestamp=2023-03-01T08:20:41.435Z
2023-03-01 08:20:41.435 UTC [DEBUG] using plugin: version=0
2023-03-01 08:20:41.435 UTC [TRACE] NewPluginClient for plugin hub.steampipe.io/plugins/turbot/csv@latest
2023-03-01 08:20:41.436 UTC [TRACE] stdio: waiting for stdio data
2023-03-01 08:20:41.436 UTC [TRACE] supportedOperations: query_cache:true  multiple_connections:true
2023-03-01 08:20:41.437 UTC [TRACE] steampipe-plugin-csv.plugin: [TRACE] SetAllConnectionConfigs setting 1 configs
2023-03-01 08:20:41.437 UTC [TRACE] steampipe-plugin-csv.plugin: [TRACE] connection csv build schema and table map
2023-03-01 08:20:41.437 UTC [DEBUG] steampipe-plugin-csv.plugin: [DEBUG] csv.tableCSV: path=/home/runner/work/steampipe-samples/steampipe-samples/all/hackernews/hn_items_all.csv detected_encoding=Unknown
2023-03-01 08:20:41.437 UTC [DEBUG] steampipe-plugin-csv.plugin: [DEBUG] csv.tableCSV: path=/home/runner/work/steampipe-samples/steampipe-samples/all/hackernews/new_sc.csv detected_encoding=Unknown
2023-03-01 08:20:41.437 UTC [TRACE] steampipe-plugin-csv.plugin: [TRACE] initialise table /home/runner/work/steampipe-samples/steampipe-samples/all/hackernews/hn_items_all.csv
2023-03-01 08:20:41.437 UTC [TRACE] steampipe-plugin-csv.plugin: [TRACE] no DefaultRetryConfig defined - creating empty
2023-03-01 08:20:41.437 UTC [TRACE] steampipe-plugin-csv.plugin: [TRACE] no DefaultIgnoreConfig defined - creating empty
2023-03-01 08:20:41.437 UTC [TRACE] steampipe-plugin-csv.plugin: [TRACE] apply plugin defaults for DefaultRetryConfig
2023-03-01 08:20:41.437 UTC [TRACE] steampipe-plugin-csv.plugin: [TRACE] apply plugin defaults for DefaultIgnoreConfig, table &{<nil> <nil>} plugin &{<nil> <nil>}
2023-03-01 08:20:41.437 UTC [TRACE] steampipe-plugin-csv.plugin: [TRACE] DefaultRetryConfig:
2023-03-01 08:20:41.437 UTC [TRACE] steampipe-plugin-csv.plugin: [TRACE] DefaultIgnoreConfig:
2023-03-01 08:20:41.437 UTC [TRACE] steampipe-plugin-csv.plugin: [TRACE] t.List.initialise
2023-03-01 08:20:41.437 UTC [TRACE] steampipe-plugin-csv.plugin: [TRACE] ListConfig.initialise table /home/runner/work/steampipe-samples/steampipe-samples/all/hackernews/hn_items_all.csv
2023-03-01 08:20:41.437 UTC [TRACE] steampipe-plugin-csv.plugin: [TRACE] ListConfig.initialise complete: RetryConfig: , IgnoreConfig
2023-03-01 08:20:41.437 UTC [TRACE] steampipe-plugin-csv.plugin: [TRACE] back from initialiseHydrateConfigs
2023-03-01 08:20:41.437 UTC [TRACE] steampipe-plugin-csv.plugin: [TRACE] initialise table /home/runner/work/steampipe-samples/steampipe-samples/all/hackernews/hn_items_all.csv COMPLETE
2023-03-01 08:20:41.437 UTC [TRACE] steampipe-plugin-csv.plugin: [TRACE] initialise table /home/runner/work/steampipe-samples/steampipe-samples/all/hackernews/new_sc.csv
2023-03-01 08:20:41.437 UTC [TRACE] steampipe-plugin-csv.plugin: [TRACE] no DefaultRetryConfig defined - creating empty
2023-03-01 08:20:41.437 UTC [TRACE] steampipe-plugin-csv.plugin: [TRACE] no DefaultIgnoreConfig defined - creating empty
2023-03-01 08:20:41.437 UTC [TRACE] steampipe-plugin-csv.plugin: [TRACE] apply plugin defaults for DefaultRetryConfig
2023-03-01 08:20:41.437 UTC [TRACE] steampipe-plugin-csv.plugin: [TRACE] apply plugin defaults for DefaultIgnoreConfig, table &{<nil> <nil>} plugin &{<nil> <nil>}
2023-03-01 08:20:41.437 UTC [TRACE] steampipe-plugin-csv.plugin: [TRACE] DefaultRetryConfig:
2023-03-01 08:20:41.437 UTC [TRACE] steampipe-plugin-csv.plugin: [TRACE] DefaultIgnoreConfig:
2023-03-01 08:20:41.437 UTC [TRACE] steampipe-plugin-csv.plugin: [TRACE] t.List.initialise
2023-03-01 08:20:41.437 UTC [TRACE] steampipe-plugin-csv.plugin: [TRACE] ListConfig.initialise table /home/runner/work/steampipe-samples/steampipe-samples/all/hackernews/new_sc.csv
2023-03-01 08:20:41.437 UTC [TRACE] steampipe-plugin-csv.plugin: [TRACE] ListConfig.initialise complete: RetryConfig: , IgnoreConfig
2023-03-01 08:20:41.437 UTC [TRACE] steampipe-plugin-csv.plugin: [TRACE] back from initialiseHydrateConfigs
2023-03-01 08:20:41.437 UTC [TRACE] steampipe-plugin-csv.plugin: [TRACE] initialise table /home/runner/work/steampipe-samples/steampipe-samples/all/hackernews/new_sc.csv COMPLETE
2023-03-01 08:20:41.437 UTC [TRACE] steampipe-plugin-csv.plugin: [TRACE] validate plugin steampipe-plugin-csv, required columns []
2023-03-01 08:20:41.437 UTC [TRACE] steampipe-plugin-csv.plugin: [TRACE] validate DefaultRetryConfig
2023-03-01 08:20:41.437 UTC [TRACE] steampipe-plugin-csv.plugin: [TRACE] validate DefaultIgnoreConfig
2023-03-01 08:20:41.437 UTC [TRACE] steampipe-plugin-csv.plugin: [TRACE] validate table names
2023-03-01 08:20:41.437 UTC [TRACE] steampipe-plugin-csv.plugin: [TRACE] plugin has 0 validation errors
2023-03-01 08:20:41.437 UTC [TRACE] steampipe-plugin-csv.plugin: [TRACE] Plugin ensureCache creating cache, maxCacheStorageMb 0
2023-03-01 08:20:41.437 UTC [TRACE] steampipe-plugin-csv.plugin: [TRACE] createCacheStore for plugin 'steampipe-plugin-csv' setting max size to 0Mb, Shards: 2, max shard size: 0
2023-03-01 08:20:41.453 UTC [INFO]  steampipe-plugin-csv.plugin: [INFO]  query cache created
2023-03-01 08:20:41.453 UTC [DEBUG] steampipe-plugin-csv.plugin: [DEBUG] SetAllConnectionConfigs finished
2023-03-01 08:20:41.453 UTC [TRACE] PluginManager getPlugin complete, returning reattach config with PID: 1973
2023-03-01 08:20:41.453 UTC [TRACE] PluginManager Get returning reattach_map:{key:"csv"  value:{protocol:"grpc"  addr:{Network:"unix"  Address:"/tmp/plugin3023316001"}  pid:1973  supported_operations:{query_cache:true  multiple_connections:true}  connections:"csv"  plugin:"hub.steampipe.io/plugins/turbot/csv@latest"}}
2023-03-01 08:20:41.496 UTC [TRACE] PluginManager Get, connections: '[csv]'
2023-03-01 08:20:41.496 UTC [TRACE] PluginManager getPlugin hub.steampipe.io/plugins/turbot/csv@latest connection 'csv'
2023-03-01 08:20:41.496 UTC [TRACE] connection csv found in connectionPluginMap
2023-03-01 08:20:41.496 UTC [TRACE] initialized: 1973
2023-03-01 08:20:41.496 UTC [TRACE] initialized: 1973
2023-03-01 08:20:41.496 UTC [TRACE] connection csv is loaded, check for running PID
2023-03-01 08:20:41.497 UTC [TRACE] PluginManager found 'csv' in map, pid 1973
2023-03-01 08:20:41.497 UTC [TRACE] PluginManager Get returning reattach_map:{key:"csv"  value:{protocol:"grpc"  addr:{Network:"unix"  Address:"/tmp/plugin3023316001"}  pid:1973  supported_operations:{query_cache:true  multiple_connections:true}  connections:"csv"  plugin:"hub.steampipe.io/plugins/turbot/csv@latest"}}
2023-03-01 08:20:41.548 UTC [TRACE] PluginManager Get, connections: '[hackernews]'
2023-03-01 08:20:41.548 UTC [TRACE] PluginManager getPlugin hub.steampipe.io/plugins/turbot/hackernews@latest connection 'hackernews'
2023-03-01 08:20:41.548 UTC [TRACE] PluginManager 0xc00073bbd0 plugin hub.steampipe.io/plugins/turbot/hackernews@latest (hackernews) NOT started or starting - start now
2023-03-01 08:20:41.548 UTC [TRACE] ************ start plugin hackernews ********************
2023-03-01 08:20:41.548 UTC [TRACE] ************ plugin path /home/runner/.steampipe/plugins/hub.steampipe.io/plugins/turbot/hackernews@latest/steampipe-plugin-hackernews.plugin ********************
2023-03-01 08:20:41.609 UTC [DEBUG] starting plugin: path=/home/runner/.steampipe/plugins/hub.steampipe.io/plugins/turbot/hackernews@latest/steampipe-plugin-hackernews.plugin args=["/home/runner/.steampipe/plugins/hub.steampipe.io/plugins/turbot/hackernews@latest/steampipe-plugin-hackernews.plugin"]
2023-03-01 08:20:41.610 UTC [DEBUG] plugin started: path=/home/runner/.steampipe/plugins/hub.steampipe.io/plugins/turbot/hackernews@latest/steampipe-plugin-hackernews.plugin pid=1995
2023-03-01 08:20:41.610 UTC [DEBUG] waiting for RPC address: path=/home/runner/.steampipe/plugins/hub.steampipe.io/plugins/turbot/hackernews@latest/steampipe-plugin-hackernews.plugin
2023-03-01 08:20:41.617 UTC [INFO]  steampipe-plugin-hackernews.plugin: [INFO]  Initialise plugin 'steampipe-plugin-hackernews', using sdk version 4.1.7
2023-03-01 08:20:41.617 UTC [TRACE] steampipe-plugin-hackernews.plugin: [TRACE] defaulting SchemaMode to SchemaModeStatic
2023-03-01 08:20:41.617 UTC [TRACE] steampipe-plugin-hackernews.plugin: [TRACE] no DefaultRetryConfig defined - creating empty
2023-03-01 08:20:41.617 UTC [TRACE] steampipe-plugin-hackernews.plugin: [TRACE] no DefaultIgnoreConfig defined - creating empty
2023-03-01 08:20:41.617 UTC [TRACE] steampipe-plugin-hackernews.plugin: [TRACE] Setting Ulimit: ulimit=2560
2023-03-01 08:20:41.617 UTC [TRACE] steampipe-plugin-hackernews.plugin: [TRACE] telemetry.Init service 'steampipe-plugin-hackernews', tracingEnabled: false, metricsEnabled: false
2023-03-01 08:20:41.617 UTC [TRACE] steampipe-plugin-hackernews.plugin: [TRACE] metrics and tracing disabled' - returning
2023-03-01 08:20:41.619 UTC [DEBUG] steampipe-plugin-hackernews.plugin: plugin address: address=/tmp/plugin3309525083 network=unix timestamp=2023-03-01T08:20:41.619Z
2023-03-01 08:20:41.619 UTC [DEBUG] using plugin: version=0
2023-03-01 08:20:41.619 UTC [TRACE] NewPluginClient for plugin hub.steampipe.io/plugins/turbot/hackernews@latest
2023-03-01 08:20:41.619 UTC [TRACE] stdio: waiting for stdio data
2023-03-01 08:20:41.621 UTC [TRACE] supportedOperations: query_cache:true  multiple_connections:true
2023-03-01 08:20:41.621 UTC [TRACE] steampipe-plugin-hackernews.plugin: [TRACE] SetAllConnectionConfigs setting 1 configs
2023-03-01 08:20:41.621 UTC [TRACE] steampipe-plugin-hackernews.plugin: [TRACE] connection hackernews build schema and table map
2023-03-01 08:20:41.621 UTC [TRACE] steampipe-plugin-hackernews.plugin: [TRACE] initialise table hackernews_new
2023-03-01 08:20:41.621 UTC [TRACE] steampipe-plugin-hackernews.plugin: [TRACE] no DefaultRetryConfig defined - creating empty
2023-03-01 08:20:41.621 UTC [TRACE] steampipe-plugin-hackernews.plugin: [TRACE] no DefaultIgnoreConfig defined - creating empty
2023-03-01 08:20:41.621 UTC [TRACE] steampipe-plugin-hackernews.plugin: [TRACE] apply plugin defaults for DefaultRetryConfig
2023-03-01 08:20:41.621 UTC [TRACE] steampipe-plugin-hackernews.plugin: [TRACE] apply plugin defaults for DefaultIgnoreConfig, table &{<nil> <nil>} plugin &{<nil> <nil>}
2023-03-01 08:20:41.621 UTC [TRACE] steampipe-plugin-hackernews.plugin: [TRACE] DefaultRetryConfig:
2023-03-01 08:20:41.621 UTC [TRACE] steampipe-plugin-hackernews.plugin: [TRACE] DefaultIgnoreConfig:
2023-03-01 08:20:41.621 UTC [TRACE] steampipe-plugin-hackernews.plugin: [TRACE] t.Get.initialise
2023-03-01 08:20:41.621 UTC [TRACE] steampipe-plugin-hackernews.plugin: [TRACE] GetConfig.initialise table hackernews_new
2023-03-01 08:20:41.621 UTC [TRACE] steampipe-plugin-hackernews.plugin: [TRACE] GetConfig.initialise complete: RetryConfig: , IgnoreConfig:
2023-03-01 08:20:41.621 UTC [TRACE] steampipe-plugin-hackernews.plugin: [TRACE] t.List.initialise
2023-03-01 08:20:41.621 UTC [TRACE] steampipe-plugin-hackernews.plugin: [TRACE] ListConfig.initialise table hackernews_new
2023-03-01 08:20:41.621 UTC [TRACE] steampipe-plugin-hackernews.plugin: [TRACE] ListConfig.initialise complete: RetryConfig: , IgnoreConfig
2023-03-01 08:20:41.621 UTC [TRACE] steampipe-plugin-hackernews.plugin: [TRACE] HydrateConfig.initialise func getItem, table hackernews_new
2023-03-01 08:20:41.621 UTC [TRACE] steampipe-plugin-hackernews.plugin: [TRACE] HydrateConfig.initialise complete: RetryConfig: , IgnoreConfig:
2023-03-01 08:20:41.621 UTC [TRACE] steampipe-plugin-hackernews.plugin: [TRACE] back from initialiseHydrateConfigs
2023-03-01 08:20:41.621 UTC [TRACE] steampipe-plugin-hackernews.plugin: [TRACE] initialise table hackernews_new COMPLETE
2023-03-01 08:20:41.621 UTC [TRACE] steampipe-plugin-hackernews.plugin: [TRACE] initialise table hackernews_show_hn
2023-03-01 08:20:41.621 UTC [TRACE] steampipe-plugin-hackernews.plugin: [TRACE] no DefaultRetryConfig defined - creating empty
2023-03-01 08:20:41.621 UTC [TRACE] steampipe-plugin-hackernews.plugin: [TRACE] no DefaultIgnoreConfig defined - creating empty
2023-03-01 08:20:41.621 UTC [TRACE] steampipe-plugin-hackernews.plugin: [TRACE] apply plugin defaults for DefaultRetryConfig
2023-03-01 08:20:41.621 UTC [TRACE] steampipe-plugin-hackernews.plugin: [TRACE] apply plugin defaults for DefaultIgnoreConfig, table &{<nil> <nil>} plugin &{<nil> <nil>}
2023-03-01 08:20:41.621 UTC [TRACE] steampipe-plugin-hackernews.plugin: [TRACE] DefaultRetryConfig:
2023-03-01 08:20:41.621 UTC [TRACE] steampipe-plugin-hackernews.plugin: [TRACE] DefaultIgnoreConfig:
2023-03-01 08:20:41.621 UTC [TRACE] steampipe-plugin-hackernews.plugin: [TRACE] t.Get.initialise
2023-03-01 08:20:41.621 UTC [TRACE] steampipe-plugin-hackernews.plugin: [TRACE] GetConfig.initialise table hackernews_show_hn
2023-03-01 08:20:41.621 UTC [TRACE] steampipe-plugin-hackernews.plugin: [TRACE] GetConfig.initialise complete: RetryConfig: , IgnoreConfig:
2023-03-01 08:20:41.621 UTC [TRACE] steampipe-plugin-hackernews.plugin: [TRACE] t.List.initialise
2023-03-01 08:20:41.621 UTC [TRACE] steampipe-plugin-hackernews.plugin: [TRACE] ListConfig.initialise table hackernews_show_hn
2023-03-01 08:20:41.621 UTC [TRACE] steampipe-plugin-hackernews.plugin: [TRACE] ListConfig.initialise complete: RetryConfig: , IgnoreConfig
2023-03-01 08:20:41.621 UTC [TRACE] steampipe-plugin-hackernews.plugin: [TRACE] HydrateConfig.initialise func getItem, table hackernews_show_hn
2023-03-01 08:20:41.621 UTC [TRACE] steampipe-plugin-hackernews.plugin: [TRACE] HydrateConfig.initialise complete: RetryConfig: , IgnoreConfig:
2023-03-01 08:20:41.621 UTC [TRACE] steampipe-plugin-hackernews.plugin: [TRACE] back from initialiseHydrateConfigs
2023-03-01 08:20:41.621 UTC [TRACE] steampipe-plugin-hackernews.plugin: [TRACE] initialise table hackernews_show_hn COMPLETE
2023-03-01 08:20:41.621 UTC [TRACE] steampipe-plugin-hackernews.plugin: [TRACE] initialise table hackernews_top
2023-03-01 08:20:41.621 UTC [TRACE] steampipe-plugin-hackernews.plugin: [TRACE] no DefaultRetryConfig defined - creating empty
2023-03-01 08:20:41.621 UTC [TRACE] steampipe-plugin-hackernews.plugin: [TRACE] no DefaultIgnoreConfig defined - creating empty
2023-03-01 08:20:41.621 UTC [TRACE] steampipe-plugin-hackernews.plugin: [TRACE] apply plugin defaults for DefaultRetryConfig
2023-03-01 08:20:41.621 UTC [TRACE] steampipe-plugin-hackernews.plugin: [TRACE] apply plugin defaults for DefaultIgnoreConfig, table &{<nil> <nil>} plugin &{<nil> <nil>}
2023-03-01 08:20:41.621 UTC [TRACE] steampipe-plugin-hackernews.plugin: [TRACE] DefaultRetryConfig:
2023-03-01 08:20:41.621 UTC [TRACE] steampipe-plugin-hackernews.plugin: [TRACE] DefaultIgnoreConfig:
2023-03-01 08:20:41.621 UTC [TRACE] steampipe-plugin-hackernews.plugin: [TRACE] t.Get.initialise
2023-03-01 08:20:41.621 UTC [TRACE] steampipe-plugin-hackernews.plugin: [TRACE] GetConfig.initialise table hackernews_top
2023-03-01 08:20:41.621 UTC [TRACE] steampipe-plugin-hackernews.plugin: [TRACE] GetConfig.initialise complete: RetryConfig: , IgnoreConfig:
2023-03-01 08:20:41.621 UTC [TRACE] steampipe-plugin-hackernews.plugin: [TRACE] t.List.initialise
2023-03-01 08:20:41.621 UTC [TRACE] steampipe-plugin-hackernews.plugin: [TRACE] ListConfig.initialise table hackernews_top
2023-03-01 08:20:41.621 UTC [TRACE] steampipe-plugin-hackernews.plugin: [TRACE] ListConfig.initialise complete: RetryConfig: , IgnoreConfig
2023-03-01 08:20:41.621 UTC [TRACE] steampipe-plugin-hackernews.plugin: [TRACE] HydrateConfig.initialise func getItem, table hackernews_top
2023-03-01 08:20:41.621 UTC [TRACE] steampipe-plugin-hackernews.plugin: [TRACE] HydrateConfig.initialise complete: RetryConfig: , IgnoreConfig:
2023-03-01 08:20:41.621 UTC [TRACE] steampipe-plugin-hackernews.plugin: [TRACE] back from initialiseHydrateConfigs
2023-03-01 08:20:41.621 UTC [TRACE] steampipe-plugin-hackernews.plugin: [TRACE] initialise table hackernews_top COMPLETE
2023-03-01 08:20:41.621 UTC [TRACE] steampipe-plugin-hackernews.plugin: [TRACE] initialise table hackernews_user
2023-03-01 08:20:41.621 UTC [TRACE] steampipe-plugin-hackernews.plugin: [TRACE] no DefaultRetryConfig defined - creating empty
2023-03-01 08:20:41.621 UTC [TRACE] steampipe-plugin-hackernews.plugin: [TRACE] no DefaultIgnoreConfig defined - creating empty
2023-03-01 08:20:41.621 UTC [TRACE] steampipe-plugin-hackernews.plugin: [TRACE] apply plugin defaults for DefaultRetryConfig
2023-03-01 08:20:41.621 UTC [TRACE] steampipe-plugin-hackernews.plugin: [TRACE] apply plugin defaults for DefaultIgnoreConfig, table &{<nil> <nil>} plugin &{<nil> <nil>}
2023-03-01 08:20:41.621 UTC [TRACE] steampipe-plugin-hackernews.plugin: [TRACE] DefaultRetryConfig:
2023-03-01 08:20:41.621 UTC [TRACE] steampipe-plugin-hackernews.plugin: [TRACE] DefaultIgnoreConfig:
2023-03-01 08:20:41.621 UTC [TRACE] steampipe-plugin-hackernews.plugin: [TRACE] t.List.initialise
2023-03-01 08:20:41.621 UTC [TRACE] steampipe-plugin-hackernews.plugin: [TRACE] ListConfig.initialise table hackernews_user
2023-03-01 08:20:41.621 UTC [TRACE] steampipe-plugin-hackernews.plugin: [TRACE] ListConfig.initialise complete: RetryConfig: , IgnoreConfig
2023-03-01 08:20:41.621 UTC [TRACE] steampipe-plugin-hackernews.plugin: [TRACE] back from initialiseHydrateConfigs
2023-03-01 08:20:41.621 UTC [TRACE] steampipe-plugin-hackernews.plugin: [TRACE] initialise table hackernews_user COMPLETE
2023-03-01 08:20:41.621 UTC [TRACE] steampipe-plugin-hackernews.plugin: [TRACE] initialise table hackernews_ask_hn
2023-03-01 08:20:41.621 UTC [TRACE] steampipe-plugin-hackernews.plugin: [TRACE] no DefaultRetryConfig defined - creating empty
2023-03-01 08:20:41.621 UTC [TRACE] steampipe-plugin-hackernews.plugin: [TRACE] no DefaultIgnoreConfig defined - creating empty
2023-03-01 08:20:41.621 UTC [TRACE] steampipe-plugin-hackernews.plugin: [TRACE] apply plugin defaults for DefaultRetryConfig
2023-03-01 08:20:41.621 UTC [TRACE] steampipe-plugin-hackernews.plugin: [TRACE] apply plugin defaults for DefaultIgnoreConfig, table &{<nil> <nil>} plugin &{<nil> <nil>}
2023-03-01 08:20:41.621 UTC [TRACE] steampipe-plugin-hackernews.plugin: [TRACE] DefaultRetryConfig:
2023-03-01 08:20:41.621 UTC [TRACE] steampipe-plugin-hackernews.plugin: [TRACE] DefaultIgnoreConfig:
2023-03-01 08:20:41.621 UTC [TRACE] steampipe-plugin-hackernews.plugin: [TRACE] t.Get.initialise
2023-03-01 08:20:41.621 UTC [TRACE] steampipe-plugin-hackernews.plugin: [TRACE] GetConfig.initialise table hackernews_ask_hn
2023-03-01 08:20:41.621 UTC [TRACE] steampipe-plugin-hackernews.plugin: [TRACE] GetConfig.initialise complete: RetryConfig: , IgnoreConfig:
2023-03-01 08:20:41.621 UTC [TRACE] steampipe-plugin-hackernews.plugin: [TRACE] t.List.initialise
2023-03-01 08:20:41.621 UTC [TRACE] steampipe-plugin-hackernews.plugin: [TRACE] ListConfig.initialise table hackernews_ask_hn
2023-03-01 08:20:41.621 UTC [TRACE] steampipe-plugin-hackernews.plugin: [TRACE] ListConfig.initialise complete: RetryConfig: , IgnoreConfig
2023-03-01 08:20:41.621 UTC [TRACE] steampipe-plugin-hackernews.plugin: [TRACE] HydrateConfig.initialise func getItem, table hackernews_ask_hn
2023-03-01 08:20:41.621 UTC [TRACE] steampipe-plugin-hackernews.plugin: [TRACE] HydrateConfig.initialise complete: RetryConfig: , IgnoreConfig:
2023-03-01 08:20:41.621 UTC [TRACE] steampipe-plugin-hackernews.plugin: [TRACE] back from initialiseHydrateConfigs
2023-03-01 08:20:41.621 UTC [TRACE] steampipe-plugin-hackernews.plugin: [TRACE] initialise table hackernews_ask_hn COMPLETE
2023-03-01 08:20:41.621 UTC [TRACE] steampipe-plugin-hackernews.plugin: [TRACE] initialise table hackernews_best
2023-03-01 08:20:41.621 UTC [TRACE] steampipe-plugin-hackernews.plugin: [TRACE] no DefaultRetryConfig defined - creating empty
2023-03-01 08:20:41.621 UTC [TRACE] steampipe-plugin-hackernews.plugin: [TRACE] no DefaultIgnoreConfig defined - creating empty
2023-03-01 08:20:41.621 UTC [TRACE] steampipe-plugin-hackernews.plugin: [TRACE] apply plugin defaults for DefaultRetryConfig
2023-03-01 08:20:41.621 UTC [TRACE] steampipe-plugin-hackernews.plugin: [TRACE] apply plugin defaults for DefaultIgnoreConfig, table &{<nil> <nil>} plugin &{<nil> <nil>}
2023-03-01 08:20:41.621 UTC [TRACE] steampipe-plugin-hackernews.plugin: [TRACE] DefaultRetryConfig:
2023-03-01 08:20:41.621 UTC [TRACE] steampipe-plugin-hackernews.plugin: [TRACE] DefaultIgnoreConfig:
2023-03-01 08:20:41.621 UTC [TRACE] steampipe-plugin-hackernews.plugin: [TRACE] t.Get.initialise
2023-03-01 08:20:41.621 UTC [TRACE] steampipe-plugin-hackernews.plugin: [TRACE] GetConfig.initialise table hackernews_best
2023-03-01 08:20:41.621 UTC [TRACE] steampipe-plugin-hackernews.plugin: [TRACE] GetConfig.initialise complete: RetryConfig: , IgnoreConfig:
2023-03-01 08:20:41.621 UTC [TRACE] steampipe-plugin-hackernews.plugin: [TRACE] t.List.initialise
2023-03-01 08:20:41.621 UTC [TRACE] steampipe-plugin-hackernews.plugin: [TRACE] ListConfig.initialise table hackernews_best
2023-03-01 08:20:41.621 UTC [TRACE] steampipe-plugin-hackernews.plugin: [TRACE] ListConfig.initialise complete: RetryConfig: , IgnoreConfig
2023-03-01 08:20:41.621 UTC [TRACE] steampipe-plugin-hackernews.plugin: [TRACE] HydrateConfig.initialise func getItem, table hackernews_best
2023-03-01 08:20:41.621 UTC [TRACE] steampipe-plugin-hackernews.plugin: [TRACE] HydrateConfig.initialise complete: RetryConfig: , IgnoreConfig:
2023-03-01 08:20:41.621 UTC [TRACE] steampipe-plugin-hackernews.plugin: [TRACE] back from initialiseHydrateConfigs
2023-03-01 08:20:41.621 UTC [TRACE] steampipe-plugin-hackernews.plugin: [TRACE] initialise table hackernews_best COMPLETE
2023-03-01 08:20:41.621 UTC [TRACE] steampipe-plugin-hackernews.plugin: [TRACE] initialise table hackernews_item
2023-03-01 08:20:41.621 UTC [TRACE] steampipe-plugin-hackernews.plugin: [TRACE] no DefaultRetryConfig defined - creating empty
2023-03-01 08:20:41.621 UTC [TRACE] steampipe-plugin-hackernews.plugin: [TRACE] no DefaultIgnoreConfig defined - creating empty
2023-03-01 08:20:41.621 UTC [TRACE] steampipe-plugin-hackernews.plugin: [TRACE] apply plugin defaults for DefaultRetryConfig
2023-03-01 08:20:41.621 UTC [TRACE] steampipe-plugin-hackernews.plugin: [TRACE] apply plugin defaults for DefaultIgnoreConfig, table &{<nil> <nil>} plugin &{<nil> <nil>}
2023-03-01 08:20:41.621 UTC [TRACE] steampipe-plugin-hackernews.plugin: [TRACE] DefaultRetryConfig:
2023-03-01 08:20:41.621 UTC [TRACE] steampipe-plugin-hackernews.plugin: [TRACE] DefaultIgnoreConfig:
2023-03-01 08:20:41.621 UTC [TRACE] steampipe-plugin-hackernews.plugin: [TRACE] t.Get.initialise
2023-03-01 08:20:41.621 UTC [TRACE] steampipe-plugin-hackernews.plugin: [TRACE] GetConfig.initialise table hackernews_item
2023-03-01 08:20:41.621 UTC [TRACE] steampipe-plugin-hackernews.plugin: [TRACE] GetConfig.initialise complete: RetryConfig: , IgnoreConfig:
2023-03-01 08:20:41.621 UTC [TRACE] steampipe-plugin-hackernews.plugin: [TRACE] t.List.initialise
2023-03-01 08:20:41.621 UTC [TRACE] steampipe-plugin-hackernews.plugin: [TRACE] ListConfig.initialise table hackernews_item
2023-03-01 08:20:41.621 UTC [TRACE] steampipe-plugin-hackernews.plugin: [TRACE] ListConfig.initialise complete: RetryConfig: , IgnoreConfig
2023-03-01 08:20:41.621 UTC [TRACE] steampipe-plugin-hackernews.plugin: [TRACE] HydrateConfig.initialise func getItem, table hackernews_item
2023-03-01 08:20:41.621 UTC [TRACE] steampipe-plugin-hackernews.plugin: [TRACE] HydrateConfig.initialise complete: RetryConfig: , IgnoreConfig:
2023-03-01 08:20:41.621 UTC [TRACE] steampipe-plugin-hackernews.plugin: [TRACE] back from initialiseHydrateConfigs
2023-03-01 08:20:41.621 UTC [TRACE] steampipe-plugin-hackernews.plugin: [TRACE] initialise table hackernews_item COMPLETE
2023-03-01 08:20:41.621 UTC [TRACE] steampipe-plugin-hackernews.plugin: [TRACE] initialise table hackernews_job
2023-03-01 08:20:41.621 UTC [TRACE] steampipe-plugin-hackernews.plugin: [TRACE] no DefaultRetryConfig defined - creating empty
2023-03-01 08:20:41.621 UTC [TRACE] steampipe-plugin-hackernews.plugin: [TRACE] no DefaultIgnoreConfig defined - creating empty
2023-03-01 08:20:41.621 UTC [TRACE] steampipe-plugin-hackernews.plugin: [TRACE] apply plugin defaults for DefaultRetryConfig
2023-03-01 08:20:41.621 UTC [TRACE] steampipe-plugin-hackernews.plugin: [TRACE] apply plugin defaults for DefaultIgnoreConfig, table &{<nil> <nil>} plugin &{<nil> <nil>}
2023-03-01 08:20:41.622 UTC [TRACE] steampipe-plugin-hackernews.plugin: [TRACE] DefaultRetryConfig:
2023-03-01 08:20:41.622 UTC [TRACE] steampipe-plugin-hackernews.plugin: [TRACE] DefaultIgnoreConfig:
2023-03-01 08:20:41.622 UTC [TRACE] steampipe-plugin-hackernews.plugin: [TRACE] t.Get.initialise
2023-03-01 08:20:41.622 UTC [TRACE] steampipe-plugin-hackernews.plugin: [TRACE] GetConfig.initialise table hackernews_job
2023-03-01 08:20:41.622 UTC [TRACE] steampipe-plugin-hackernews.plugin: [TRACE] GetConfig.initialise complete: RetryConfig: , IgnoreConfig:
2023-03-01 08:20:41.622 UTC [TRACE] steampipe-plugin-hackernews.plugin: [TRACE] t.List.initialise
2023-03-01 08:20:41.622 UTC [TRACE] steampipe-plugin-hackernews.plugin: [TRACE] ListConfig.initialise table hackernews_job
2023-03-01 08:20:41.622 UTC [TRACE] steampipe-plugin-hackernews.plugin: [TRACE] ListConfig.initialise complete: RetryConfig: , IgnoreConfig
2023-03-01 08:20:41.622 UTC [TRACE] steampipe-plugin-hackernews.plugin: [TRACE] HydrateConfig.initialise func getItem, table hackernews_job
2023-03-01 08:20:41.622 UTC [TRACE] steampipe-plugin-hackernews.plugin: [TRACE] HydrateConfig.initialise complete: RetryConfig: , IgnoreConfig:
2023-03-01 08:20:41.622 UTC [TRACE] steampipe-plugin-hackernews.plugin: [TRACE] back from initialiseHydrateConfigs
2023-03-01 08:20:41.622 UTC [TRACE] steampipe-plugin-hackernews.plugin: [TRACE] initialise table hackernews_job COMPLETE
2023-03-01 08:20:41.622 UTC [TRACE] steampipe-plugin-hackernews.plugin: [TRACE] validate plugin steampipe-plugin-hackernews, required columns []
2023-03-01 08:20:41.622 UTC [TRACE] steampipe-plugin-hackernews.plugin: [TRACE] validate DefaultRetryConfig
2023-03-01 08:20:41.622 UTC [TRACE] steampipe-plugin-hackernews.plugin: [TRACE] validate DefaultIgnoreConfig
2023-03-01 08:20:41.622 UTC [TRACE] steampipe-plugin-hackernews.plugin: [TRACE] validate table names
2023-03-01 08:20:41.622 UTC [TRACE] steampipe-plugin-hackernews.plugin: [TRACE] plugin has 0 validation errors
2023-03-01 08:20:41.622 UTC [TRACE] steampipe-plugin-hackernews.plugin: [TRACE] Plugin ensureCache creating cache, maxCacheStorageMb 0
2023-03-01 08:20:41.622 UTC [TRACE] steampipe-plugin-hackernews.plugin: [TRACE] createCacheStore for plugin 'steampipe-plugin-hackernews' setting max size to 0Mb, Shards: 2, max shard size: 0
2023-03-01 08:20:41.636 UTC [INFO]  steampipe-plugin-hackernews.plugin: [INFO]  query cache created
2023-03-01 08:20:41.636 UTC [DEBUG] steampipe-plugin-hackernews.plugin: [DEBUG] SetAllConnectionConfigs finished
2023-03-01 08:20:41.636 UTC [TRACE] PluginManager getPlugin complete, returning reattach config with PID: 1995
2023-03-01 08:20:41.636 UTC [TRACE] PluginManager Get returning reattach_map:{key:"hackernews"  value:{protocol:"grpc"  addr:{Network:"unix"  Address:"/tmp/plugin3309525083"}  pid:1995  supported_operations:{query_cache:true  multiple_connections:true}  connections:"hackernews"  plugin:"hub.steampipe.io/plugins/turbot/hackernews@latest"}}
2023-03-01 08:20:41.641 UTC [INFO]  steampipe-plugin-hackernews.plugin: [INFO]  1677658841569: Plugin Execute (1677658841569)
2023-03-01 08:20:41.641 UTC [TRACE] steampipe-plugin-hackernews.plugin: [TRACE] 1677658841569: No memory limit set
2023-03-01 08:20:41.641 UTC [INFO]  steampipe-plugin-hackernews.plugin: [INFO]  1677658841569: Plugin Execute, setting memory limit to -1Mb
2023-03-01 08:20:41.641 UTC [TRACE] steampipe-plugin-hackernews.plugin: [TRACE] 1677658841569: calling ExtractContextFromCarrier
2023-03-01 08:20:41.641 UTC [INFO]  steampipe-plugin-hackernews.plugin: [INFO]  1677658841569: Setting max concurrent connections to 25
2023-03-01 08:20:41.641 UTC [TRACE] steampipe-plugin-hackernews.plugin: [TRACE] 1677658841569: executeForConnection callId: 1677658841569, connectionCallId: hackernews-1677658841569, connection: hackernews table: hackernews_new cols: id,title,time,by,score,dead,deleted,descendants,kids,parent,parts,poll,text,type,url,_ctx
2023-03-01 08:20:41.641 UTC [TRACE] steampipe-plugin-hackernews.plugin: [TRACE] 1677658841569: got connection data
2023-03-01 08:20:41.641 UTC [TRACE] steampipe-plugin-hackernews.plugin: [TRACE] 1677658841569: Got query context, table: hackernews_new, cols: [id title time by score dead deleted descendants kids parent parts poll text type url _ctx]
2023-03-01 08:20:41.641 UTC [TRACE] steampipe-plugin-hackernews.plugin: [TRACE] 1677658841569: Start execute span
2023-03-01 08:20:41.641 UTC [INFO]  steampipe-plugin-hackernews.plugin: [INFO]  1677658841569: Setting free memory interval to 100 rows
2023-03-01 08:20:41.642 UTC [TRACE] steampipe-plugin-hackernews.plugin: [TRACE] 1677658841569: setFetchType map[time:quals:{fieldName:"time"  string_value:">"  value:{timestamp_value:{seconds:1677655241  nanos:525649000}}}]
2023-03-01 08:20:41.642 UTC [TRACE] steampipe-plugin-hackernews.plugin: [TRACE] 1677658841569: getMatchingQuals column:'id' operator: =
2023-03-01 08:20:41.642 UTC [TRACE] steampipe-plugin-hackernews.plugin: [TRACE] 1677658841569: getMatchingQuals returning false - qualMap does not contain any quals for column id
2023-03-01 08:20:41.643 UTC [TRACE] steampipe-plugin-hackernews.plugin: [TRACE] 1677658841569: GetUnsatisfiedKeyColumns for columns column:'id' operator: =
2023-03-01 08:20:41.643 UTC [TRACE] steampipe-plugin-hackernews.plugin: [TRACE] 1677658841569: key column NOT satisfied column:'id' operator: =
2023-03-01 08:20:41.643 UTC [TRACE] steampipe-plugin-hackernews.plugin: [TRACE] 1677658841569: satisfied: map[any_of: optional: required:]
2023-03-01 08:20:41.644 UTC [TRACE] steampipe-plugin-hackernews.plugin: [TRACE] 1677658841569: unsatisfied: map[any_of: optional: required:column:'id' operator: =]
2023-03-01 08:20:41.644 UTC [TRACE] steampipe-plugin-hackernews.plugin: [TRACE] 1677658841569: unsatisfied required KeyColumns: column:'id' operator: =
2023-03-01 08:20:41.644 UTC [TRACE] steampipe-plugin-hackernews.plugin: [TRACE] 1677658841569: Set fetchType to fetchTypeList
2023-03-01 08:20:41.644 UTC [TRACE] steampipe-plugin-hackernews.plugin: [TRACE] 1677658841569: Equals key column quals:
2023-03-01 08:20:41.644 UTC [DEBUG] steampipe-plugin-hackernews.plugin: {}
2023-03-01 08:20:41.644 UTC [TRACE] steampipe-plugin-hackernews.plugin: [TRACE] 1677658841569: All key column quals:
2023-03-01 08:20:41.644 UTC [DEBUG] steampipe-plugin-hackernews.plugin: {}
2023-03-01 08:20:41.644 UTC [TRACE] steampipe-plugin-hackernews.plugin: [TRACE] 1677658841569: GetMatrixItem
2023-03-01 08:20:41.644 UTC [TRACE] steampipe-plugin-hackernews.plugin: [TRACE] 1677658841569: creating query data
2023-03-01 08:20:41.644 UTC [INFO]  steampipe-plugin-hackernews.plugin: [INFO]  1677658841569: cacheEnabled, trying cache get (hackernews-1677658841569)
2023-03-01 08:20:41.644 UTC [TRACE] steampipe-plugin-hackernews.plugin: [TRACE] 1677658841569: QueryCache Get - indexBucketKey index__hackernewshackernews_new, quals
2023-03-01 08:20:41.644 UTC [TRACE] steampipe-plugin-hackernews.plugin: [TRACE] 1677658841569: QueryCache getCachedQueryResult - table hackernews_new, connectionName hackernews
2023-03-01 08:20:41.644 UTC [TRACE] steampipe-plugin-hackernews.plugin: [TRACE] 1677658841569: index bucket key: index__hackernewshackernews_new ttlSeconds 300 limit: -1
2023-03-01 08:20:41.644 UTC [TRACE] steampipe-plugin-hackernews.plugin: [TRACE] 1677658841569: doGet cache miss
2023-03-01 08:20:41.644 UTC [TRACE] steampipe-plugin-hackernews.plugin: [TRACE] 1677658841569: getCachedIndexBucket - no item retrieved for cache key index__hackernewshackernews_new
2023-03-01 08:20:41.644 UTC [TRACE] steampipe-plugin-hackernews.plugin: [TRACE] 1677658841569: getCachedQueryResult returned CACHE MISS - checking for pending transfers
2023-03-01 08:20:41.644 UTC [TRACE] steampipe-plugin-hackernews.plugin: [TRACE] 1677658841569: getPendingResultItem indexBucketKey index__hackernewshackernews_new, columns [id title time by score dead deleted descendants kids parent parts poll text type url _ctx], limit -1
2023-03-01 08:20:41.644 UTC [TRACE] steampipe-plugin-hackernews.plugin: [TRACE] 1677658841569: no pending index item - add pending result, indexBucketKey index__hackernewshackernews_new
2023-03-01 08:20:41.644 UTC [TRACE] steampipe-plugin-hackernews.plugin: [TRACE] 1677658841569: addPendingResult (hackernews-1677658841569) indexBucketKey index__hackernewshackernews_new, columns [id title time by score dead deleted descendants kids parent parts poll text type url _ctx], limit -1
2023-03-01 08:20:41.644 UTC [TRACE] steampipe-plugin-hackernews.plugin: [TRACE] 1677658841569: no index bucket found - creating one
2023-03-01 08:20:41.644 UTC [TRACE] steampipe-plugin-hackernews.plugin: [TRACE] 1677658841569: pendingIndexItem Lock count before 0
2023-03-01 08:20:41.644 UTC [TRACE] steampipe-plugin-hackernews.plugin: [TRACE] 1677658841569: addPendingResult added pending index item to bucket, (hackernews-1677658841569) indexBucketKey index__hackernewshackernews_new, resultKeyRoot hackernewshackernews_newid,title,time,by,score,dead,deleted,descendants,kids,parent,parts,poll,text,type,url,_ctx-1, pending item : 0xc0004110b0
2023-03-01 08:20:41.644 UTC [TRACE] steampipe-plugin-hackernews.plugin: [TRACE] 1677658841569: **** pending items (hackernews-1677658841569)****
2023-03-01 08:20:41.644 UTC [TRACE] steampipe-plugin-hackernews.plugin: [TRACE] 1677658841569: key: index__hackernewshackernews_new: item: 0xc0004110b0, count: 1, key:hackernewshackernews_newid,title,time,by,score,dead,deleted,descendants,kids,parent,parts,poll,text,type,url,_ctx-1
2023-03-01 08:20:41.644 UTC [TRACE] steampipe-plugin-hackernews.plugin: [TRACE] 1677658841569: ********
2023-03-01 08:20:41.644 UTC [TRACE] steampipe-plugin-hackernews.plugin: [TRACE] 1677658841569: getPendingResultItem returning <nil>
2023-03-01 08:20:41.644 UTC [INFO]  steampipe-plugin-hackernews.plugin: [INFO]  1677658841569: CACHE MISS
2023-03-01 08:20:41.644 UTC [TRACE] steampipe-plugin-hackernews.plugin: [TRACE] 1677658841569: cache MISS
2023-03-01 08:20:41.644 UTC [INFO]  steampipe-plugin-hackernews.plugin: [INFO]  1677658841569: queryCacheGet returned CACHE MISS (hackernews-1677658841569)
2023-03-01 08:20:41.644 UTC [TRACE] steampipe-plugin-hackernews.plugin: [TRACE] 1677658841569: StartSet (hackernews-1677658841569)
2023-03-01 08:20:41.644 UTC [TRACE] steampipe-plugin-hackernews.plugin: [TRACE] 1677658841569: calling fetchItems, table: hackernews_new, matrixItem: [], limit: -1,  connectionCallId: hackernews-1677658841569"
2023-03-01 08:20:41.644 UTC [TRACE] steampipe-plugin-hackernews.plugin: [TRACE] 1677658841569: buildRowsAsync connectionCallId: hackernews-1677658841569
2023-03-01 08:20:41.644 UTC [TRACE] steampipe-plugin-hackernews.plugin: [TRACE] 1677658841569: streamRows connectionCallId: hackernews-1677658841569
2023-03-01 08:20:41.644 UTC [TRACE] steampipe-plugin-hackernews.plugin: [TRACE] 1677658841569: QueryData streamRows (hackernews-1677658841569)
2023-03-01 08:20:41.644 UTC [TRACE] steampipe-plugin-hackernews.plugin: [TRACE] 1677658841569: executeListCall START (hackernews-1677658841569)
2023-03-01 08:20:41.644 UTC [TRACE] steampipe-plugin-hackernews.plugin: [TRACE] 1677658841569: GetUnsatisfiedKeyColumns for columns
2023-03-01 08:20:41.644 UTC [TRACE] steampipe-plugin-hackernews.plugin: [TRACE] 1677658841569: doList (hackernews-1677658841569)
2023-03-01 08:20:41.644 UTC [TRACE] steampipe-plugin-hackernews.plugin: [TRACE] 1677658841569: doList: no matrix item
2023-03-01 08:20:41.779 UTC [TRACE] steampipe-plugin-hackernews.plugin: [TRACE] 1677658841569: QueryData.fetchComplete
2023-03-01 08:20:41.779 UTC [TRACE] steampipe-plugin-hackernews.plugin: [TRACE] 1677658841569: executeListCall COMPLETE (hackernews-1677658841569)
2023-03-01 08:20:41.780 UTC [TRACE] steampipe-plugin-hackernews.plugin: [TRACE] 1677658841569: rowData chan returned nil - wait for rows to complete (hackernews-1677658841569)
2023-03-01 08:20:41.804 UTC [TRACE] stdio: received data: channel=STDOUT len=20
2023-03-01 08:20:41.804 UTC [TRACE] stdio: waiting for stdio data
2023-03-01 08:20:41.923 UTC [TRACE] stdio: received data: channel=STDOUT len=1006
2023-03-01 08:20:41.923 UTC [TRACE] stdio: waiting for stdio data
2023-03-01 08:20:41.942 UTC [TRACE] stdio: received data: channel=STDOUT len=546
2023-03-01 08:20:41.942 UTC [TRACE] stdio: waiting for stdio data
2023-03-01 08:20:41.982 UTC [TRACE] stdio: received data: channel=STDOUT len=1024
2023-03-01 08:20:41.982 UTC [TRACE] stdio: waiting for stdio data
2023-03-01 08:20:42.098 UTC [TRACE] stdio: received data: channel=STDOUT len=439
2023-03-01 08:20:42.098 UTC [TRACE] stdio: waiting for stdio data
2023-03-01 08:20:42.151 UTC [TRACE] stdio: received data: channel=STDOUT len=465
2023-03-01 08:20:42.151 UTC [TRACE] stdio: waiting for stdio data
2023-03-01 08:20:42.168 UTC [TRACE] steampipe-plugin-hackernews.plugin: [TRACE] 1677658841569: buildRowsAsync goroutine returning (hackernews-1677658841569)
2023-03-01 08:20:42.168 UTC [TRACE] steampipe-plugin-hackernews.plugin: [TRACE] 1677658841569: streamRows - nil row, stop streaming (hackernews-1677658841569)
2023-03-01 08:20:42.168 UTC [TRACE] steampipe-plugin-hackernews.plugin: [TRACE] 1677658841569: ------------------------------------
2023-03-01 08:20:42.168 UTC [TRACE] steampipe-plugin-hackernews.plugin: [TRACE] 1677658841569: Concurrency Summary
2023-03-01 08:20:42.168 UTC [TRACE] steampipe-plugin-hackernews.plugin: [TRACE] 1677658841569: ------------------------------------
2023-03-01 08:20:42.168 UTC [TRACE] steampipe-plugin-hackernews.plugin: [TRACE] 1677658841569: getItem                       : 200
2023-03-01 08:20:42.168 UTC [TRACE] steampipe-plugin-hackernews.plugin: [TRACE] 1677658841569: ------------------------------------
2023-03-01 08:20:42.168 UTC [TRACE] steampipe-plugin-hackernews.plugin: [TRACE] 1677658841569: Total                         : 200
2023-03-01 08:20:42.168 UTC [TRACE] steampipe-plugin-hackernews.plugin: [TRACE] 1677658841569: ------------------------------------
2023-03-01 08:20:42.168 UTC [TRACE] steampipe-plugin-hackernews.plugin: [TRACE] 1677658841569: QueryData streamRows DONE (hackernews-1677658841569)
2023-03-01 08:20:42.168 UTC [TRACE] steampipe-plugin-hackernews.plugin: [TRACE] 1677658841569: EndSet (hackernews-1677658841569) table hackernews_new
2023-03-01 08:20:42.168 UTC [TRACE] steampipe-plugin-hackernews.plugin: [TRACE] 1677658841569: QueryCache writePageToCache: 500 rows, pageCount 1, page key hackernewshackernews_newid,title,time,by,score,dead,deleted,descendants,kids,parent,parts,poll,text,type,url,_ctx-1-0
2023-03-01 08:20:42.171 UTC [TRACE] stdio: received data: channel=STDOUT len=883
2023-03-01 08:20:42.171 UTC [TRACE] stdio: waiting for stdio data
2023-03-01 08:20:42.178 UTC [TRACE] steampipe-plugin-hackernews.plugin: [TRACE] 1677658841569: writePageToCache Set - result written
2023-03-01 08:20:42.178 UTC [TRACE] steampipe-plugin-hackernews.plugin: [TRACE] 1677658841569: QueryCache EndSet - result written
2023-03-01 08:20:42.178 UTC [TRACE] steampipe-plugin-hackernews.plugin: [TRACE] 1677658841569: doGet cache miss
2023-03-01 08:20:42.178 UTC [TRACE] steampipe-plugin-hackernews.plugin: [TRACE] 1677658841569: getCachedIndexBucket - no item retrieved for cache key index__hackernewshackernews_new
2023-03-01 08:20:42.178 UTC [TRACE] steampipe-plugin-hackernews.plugin: [TRACE] 1677658841569: getCachedIndexBucket returned cache miss
2023-03-01 08:20:42.178 UTC [TRACE] steampipe-plugin-hackernews.plugin: [TRACE] 1677658841569: QueryCache EndSet - Added index item (0xc01ac5e3c0) to bucket (0xc01a711c08), page count 1,  key root hackernewshackernews_newid,title,time,by,score,dead,deleted,descendants,kids,parent,parts,poll,text,type,url,_ctx-1
2023-03-01 08:20:42.178 UTC [TRACE] steampipe-plugin-hackernews.plugin: [TRACE] 1677658841569: cacheSetIndexBucket index__hackernewshackernews_new
2023-03-01 08:20:42.178 UTC [TRACE] steampipe-plugin-hackernews.plugin: [TRACE] 1677658841569: QueryCache EndSet - IndexBucket written
2023-03-01 08:20:42.178 UTC [TRACE] steampipe-plugin-hackernews.plugin: [TRACE] 1677658841569: EndSet DEFER (hackernews-1677658841569) table hackernews_new
2023-03-01 08:20:42.178 UTC [TRACE] steampipe-plugin-hackernews.plugin: [TRACE] 1677658841569: calling pendingItemComplete (hackernews-1677658841569)
2023-03-01 08:20:42.178 UTC [TRACE] steampipe-plugin-hackernews.plugin: [TRACE] 1677658841569: pendingItemComplete (hackernews-1677658841569) indexBucketKey index__hackernewshackernews_new, columns [id title time by score dead deleted descendants kids parent parts poll text type url _ctx], limit -1
2023-03-01 08:20:42.178 UTC [TRACE] steampipe-plugin-hackernews.plugin: [TRACE] 1677658841569: got pending index bucket, (hackernews-1677658841569) len 1
2023-03-01 08:20:42.178 UTC [TRACE] steampipe-plugin-hackernews.plugin: [TRACE] 1677658841569: SatisfiesLimit limit -1, no item limit - satisfied
2023-03-01 08:20:42.178 UTC [TRACE] steampipe-plugin-hackernews.plugin: [TRACE] 1677658841569: found pending index item to satisfy columns id,title,time,by,score,dead,deleted,descendants,kids,parent,parts,poll,text,type,url,_ctx, limit -1
2023-03-01 08:20:42.178 UTC [TRACE] steampipe-plugin-hackernews.plugin: [TRACE] 1677658841569: found completed pending item (hackernews-1677658841569) 0xc0004110b0, key hackernewshackernews_newid,title,time,by,score,dead,deleted,descendants,kids,parent,parts,poll,text,type,url,_ctx-1 - removing from map as it is complete
2023-03-01 08:20:42.178 UTC [TRACE] steampipe-plugin-hackernews.plugin: [TRACE] 1677658841569: pendingIndexItem Unlock count before 1 key hackernewshackernews_newid,title,time,by,score,dead,deleted,descendants,kids,parent,parts,poll,text,type,url,_ctx-1
2023-03-01 08:20:42.178 UTC [TRACE] steampipe-plugin-hackernews.plugin: [TRACE] 1677658841569: deleted from pending, (hackernews-1677658841569) len 0
2023-03-01 08:20:42.178 UTC [TRACE] steampipe-plugin-hackernews.plugin: [TRACE] 1677658841569: pending bucket now empty - deleting key index__hackernewshackernews_new
2023-03-01 08:20:42.178 UTC [TRACE] steampipe-plugin-hackernews.plugin: [TRACE] 1677658841569: pendingItemComplete done (hackernews-1677658841569)
2023-03-01 08:20:42.178 UTC [TRACE] steampipe-plugin-hackernews.plugin: [TRACE] 1677658841569: cache set succeeded
2023-03-01 08:20:42.178 UTC [TRACE] steampipe-plugin-hackernews.plugin: [TRACE] 1677658841569: End execute span
2023-03-01 08:20:42.178 UTC [TRACE] steampipe-plugin-hackernews.plugin: [TRACE] 1677658841569: executeForConnection DEFER (hackernews-1677658841569)
2023-03-01 08:20:42.178 UTC [TRACE] steampipe-plugin-hackernews.plugin: [TRACE] 1677658841569: Execute complete callId: hackernews-1677658841569 table: hackernews_new
2023-03-01 08:20:42.178 UTC [TRACE] steampipe-plugin-hackernews.plugin: [TRACE] 1677658841569: executeForConnection hackernews returned
2023-03-01 08:20:42.178 UTC [TRACE] steampipe-plugin-hackernews.plugin: [TRACE] 1677658841569: output wg complete - send nil row
2023-03-01 08:20:42.178 UTC [TRACE] steampipe-plugin-hackernews.plugin: [TRACE] 1677658841569: empty row on output channel - we are done
2023-03-01 08:20:42.178 UTC [INFO]  steampipe-plugin-hackernews.plugin: [INFO]  1677658841569: Plugin Execute complete (1677658841569)
2023-03-01 08:20:42.212 UTC [TRACE] PluginManager Shutdown
2023-03-01 08:20:42.212 UTC [TRACE] killing plugin csv (1973)
2023-03-01 08:20:42.213 UTC [DEBUG] stdio: received EOF, stopping recv loop: err="rpc error: code = Unavailable desc = error reading from server: EOF"
2023-03-01 08:20:42.213 UTC [TRACE] steampipe-plugin-csv.plugin: [TRACE] FLUSHING instrumentation
2023-03-01 08:20:42.213 UTC [TRACE] steampipe-plugin-csv.plugin: [TRACE] Shutdown instrumentation
2023-03-01 08:20:42.214 UTC [INFO]  plugin process exited: path=/home/runner/.steampipe/plugins/hub.steampipe.io/plugins/turbot/csv@latest/steampipe-plugin-csv.plugin pid=1973
2023-03-01 08:20:42.214 UTC [DEBUG] plugin exited
2023-03-01 08:20:42.214 UTC [TRACE] killing plugin hackernews (1995)
2023-03-01 08:20:42.215 UTC [DEBUG] stdio: received EOF, stopping recv loop: err="rpc error: code = Unavailable desc = error reading from server: EOF"
2023-03-01 08:20:42.215 UTC [TRACE] steampipe-plugin-hackernews.plugin: [TRACE] 1677658841569: FLUSHING instrumentation
2023-03-01 08:20:42.215 UTC [TRACE] steampipe-plugin-hackernews.plugin: [TRACE] 1677658841569: Shutdown instrumentation
2023-03-01 08:20:42.217 UTC [INFO]  plugin process exited: path=/home/runner/.steampipe/plugins/hub.steampipe.io/plugins/turbot/hackernews@latest/steampipe-plugin-hackernews.plugin pid=1995
2023-03-01 08:20:42.217 UTC [DEBUG] plugin exited
2023-03-01 08:20:49.166 UTC [WARN]  steampipe-plugin-csv.plugin: [WARN]  1677658849422: getKeyColumnsForTable found no schema for table '/home/runner/work/steampipe-samples/steampipe-samples/all/hackernews/hn.csv'
2023-03-01 08:21:34.642 UTC [WARN]  steampipe-plugin-csv.plugin: [WARN]  1677658894131: getKeyColumnsForTable found no schema for table '/home/runner/work/steampipe-samples/steampipe-samples/all/hackernews/hn.csv'
2023-03-01 08:23:49.693 UTC [ERROR] steampipe-plugin-csv.plugin: [ERROR] csv.tableCSV: header_parse_error=EOF path=/home/runner/work/steampipe-samples/steampipe-samples/all/hackernews/new_sc.csv header=[]
2023-03-01 08:23:49.693 UTC [ERROR] steampipe-plugin-csv.plugin: [ERROR] csv.PluginTables: create_table_error="failed to parse file header /home/runner/work/steampipe-samples/steampipe-samples/all/hackernews/new_sc.csv: EOF" path=/home/runner/work/steampipe-samples/steampipe-samples/all/hackernews/new_sc.csv
2023-03-01 08:23:49.693 UTC [WARN]  failed to set connection config: failed to parse file header /home/runner/work/steampipe-samples/steampipe-samples/all/hackernews/new_sc.csv: EOF
2023-03-01 08:23:50.569 UTC [WARN]  steampipe-plugin-csv.plugin: [WARN]  1677659030857: getKeyColumnsForTable found no schema for table '/home/runner/work/steampipe-samples/steampipe-samples/all/hackernews/new_sc.csv'
2023-03-01 08:23:56.226 UTC [ERROR] steampipe-plugin-csv.plugin: [ERROR] csv.tableCSV: header_parse_error=EOF path=/home/runner/work/steampipe-samples/steampipe-samples/all/hackernews/hn_items_all.csv header=[]
2023-03-01 08:23:56.226 UTC [ERROR] steampipe-plugin-csv.plugin: [ERROR] csv.PluginTables: create_table_error="failed to parse file header /home/runner/work/steampipe-samples/steampipe-samples/all/hackernews/hn_items_all.csv: EOF" path=/home/runner/work/steampipe-samples/steampipe-samples/all/hackernews/hn_items_all.csv
2023-03-01 08:23:56.226 UTC [WARN]  failed to set connection config: failed to parse file header /home/runner/work/steampipe-samples/steampipe-samples/all/hackernews/hn_items_all.csv: EOF
