2022-11-26 02:37:44.204 UTC [INFO]  starting plugin manager
2022-11-26 02:37:44.204 UTC [TRACE] loaded config map: hackernews,net,csv,github
2022-11-26 02:37:44.204 UTC [TRACE] NewPluginManager
2022-11-26 02:37:44.205 UTC [TRACE] PluginManager setPluginCacheSizeMap: 4 connections.
2022-11-26 02:37:44.205 UTC [TRACE] Total cache size 0Mb
2022-11-26 02:37:44.205 UTC [INFO]  starting connection watcher
2022-11-26 02:37:44.205 UTC [INFO]  created ConnectionWatcher
2022-11-26 02:37:44.205 UTC [TRACE] about to serve
2022-11-26 02:37:44.281 UTC [TRACE] PluginManager Get, connections: '[csv]'
2022-11-26 02:37:44.281 UTC [TRACE] PluginManager getPlugin hub.steampipe.io/plugins/turbot/csv@latest connection 'csv'
2022-11-26 02:37:44.281 UTC [TRACE] PluginManager 0xc0000954a0 plugin hub.steampipe.io/plugins/turbot/csv@latest (csv) NOT started or starting - start now
2022-11-26 02:37:44.281 UTC [TRACE] ************ start plugin csv ********************
2022-11-26 02:37:44.281 UTC [TRACE] ************ plugin path /home/runner/.steampipe/plugins/hub.steampipe.io/plugins/turbot/csv@latest/steampipe-plugin-csv.plugin ********************
2022-11-26 02:37:44.306 UTC [TRACE] handleFileWatcherEvent ignoring first event
2022-11-26 02:37:44.352 UTC [DEBUG] starting plugin: path=/home/runner/.steampipe/plugins/hub.steampipe.io/plugins/turbot/csv@latest/steampipe-plugin-csv.plugin args=["/home/runner/.steampipe/plugins/hub.steampipe.io/plugins/turbot/csv@latest/steampipe-plugin-csv.plugin"]
2022-11-26 02:37:44.353 UTC [DEBUG] plugin started: path=/home/runner/.steampipe/plugins/hub.steampipe.io/plugins/turbot/csv@latest/steampipe-plugin-csv.plugin pid=1900
2022-11-26 02:37:44.353 UTC [DEBUG] waiting for RPC address: path=/home/runner/.steampipe/plugins/hub.steampipe.io/plugins/turbot/csv@latest/steampipe-plugin-csv.plugin
2022-11-26 02:37:44.362 UTC [INFO]  steampipe-plugin-csv.plugin: [INFO]  Initialise plugin 'steampipe-plugin-csv', using sdk version 4.1.8
2022-11-26 02:37:44.362 UTC [TRACE] steampipe-plugin-csv.plugin: [TRACE] no DefaultRetryConfig defined - creating empty
2022-11-26 02:37:44.362 UTC [TRACE] steampipe-plugin-csv.plugin: [TRACE] no DefaultIgnoreConfig defined - creating empty
2022-11-26 02:37:44.363 UTC [TRACE] steampipe-plugin-csv.plugin: [TRACE] telemetry.Init service 'steampipe-plugin-csv', tracingEnabled: false, metricsEnabled: false
2022-11-26 02:37:44.363 UTC [TRACE] steampipe-plugin-csv.plugin: [TRACE] metrics and tracing disabled' - returning
2022-11-26 02:37:44.363 UTC [DEBUG] steampipe-plugin-csv.plugin: plugin address: address=/tmp/plugin2847466035 network=unix timestamp=2022-11-26T02:37:44.363Z
2022-11-26 02:37:44.363 UTC [DEBUG] using plugin: version=0
2022-11-26 02:37:44.363 UTC [TRACE] NewPluginClient for plugin hub.steampipe.io/plugins/turbot/csv@latest
2022-11-26 02:37:44.364 UTC [TRACE] stdio: waiting for stdio data
2022-11-26 02:37:44.366 UTC [TRACE] supportedOperations: query_cache:true  multiple_connections:true
2022-11-26 02:37:44.366 UTC [TRACE] steampipe-plugin-csv.plugin: [TRACE] SetAllConnectionConfigs setting 1 configs
2022-11-26 02:37:44.366 UTC [TRACE] steampipe-plugin-csv.plugin: [TRACE] connection csv build schema and table map
2022-11-26 02:37:44.366 UTC [DEBUG] steampipe-plugin-csv.plugin: [DEBUG] csv.tableCSV: path=/home/runner/work/steampipe-samples/steampipe-samples/all/hackernews/hn_items_all.csv detected_encoding=Unknown
2022-11-26 02:37:44.367 UTC [DEBUG] steampipe-plugin-csv.plugin: [DEBUG] csv.tableCSV: path=/home/runner/work/steampipe-samples/steampipe-samples/all/hackernews/new_sc.csv detected_encoding=Unknown
2022-11-26 02:37:44.367 UTC [DEBUG] steampipe-plugin-csv.plugin: [DEBUG] csv.tableCSV: path=/home/runner/work/steampipe-samples/steampipe-samples/all/hackernews/people.csv detected_encoding=Unknown
2022-11-26 02:37:44.367 UTC [TRACE] steampipe-plugin-csv.plugin: [TRACE] initialise table /home/runner/work/steampipe-samples/steampipe-samples/all/hackernews/hn_items_all.csv
2022-11-26 02:37:44.367 UTC [TRACE] steampipe-plugin-csv.plugin: [TRACE] no DefaultRetryConfig defined - creating empty
2022-11-26 02:37:44.367 UTC [TRACE] steampipe-plugin-csv.plugin: [TRACE] no DefaultIgnoreConfig defined - creating empty
2022-11-26 02:37:44.367 UTC [TRACE] steampipe-plugin-csv.plugin: [TRACE] apply plugin defaults for DefaultRetryConfig
2022-11-26 02:37:44.367 UTC [TRACE] steampipe-plugin-csv.plugin: [TRACE] apply plugin defaults for DefaultIgnoreConfig, table &{<nil> <nil>} plugin &{<nil> <nil>}
2022-11-26 02:37:44.367 UTC [TRACE] steampipe-plugin-csv.plugin: [TRACE] DefaultRetryConfig:
2022-11-26 02:37:44.367 UTC [TRACE] steampipe-plugin-csv.plugin: [TRACE] DefaultIgnoreConfig:
2022-11-26 02:37:44.367 UTC [TRACE] steampipe-plugin-csv.plugin: [TRACE] t.List.initialise
2022-11-26 02:37:44.367 UTC [TRACE] steampipe-plugin-csv.plugin: [TRACE] ListConfig.initialise table /home/runner/work/steampipe-samples/steampipe-samples/all/hackernews/hn_items_all.csv
2022-11-26 02:37:44.367 UTC [TRACE] steampipe-plugin-csv.plugin: [TRACE] ListConfig.initialise complete: RetryConfig: , IgnoreConfig
2022-11-26 02:37:44.367 UTC [TRACE] steampipe-plugin-csv.plugin: [TRACE] back from initialiseHydrateConfigs
2022-11-26 02:37:44.367 UTC [TRACE] steampipe-plugin-csv.plugin: [TRACE] initialise table /home/runner/work/steampipe-samples/steampipe-samples/all/hackernews/hn_items_all.csv COMPLETE
2022-11-26 02:37:44.367 UTC [TRACE] steampipe-plugin-csv.plugin: [TRACE] initialise table /home/runner/work/steampipe-samples/steampipe-samples/all/hackernews/new_sc.csv
2022-11-26 02:37:44.367 UTC [TRACE] steampipe-plugin-csv.plugin: [TRACE] no DefaultRetryConfig defined - creating empty
2022-11-26 02:37:44.367 UTC [TRACE] steampipe-plugin-csv.plugin: [TRACE] no DefaultIgnoreConfig defined - creating empty
2022-11-26 02:37:44.367 UTC [TRACE] steampipe-plugin-csv.plugin: [TRACE] apply plugin defaults for DefaultRetryConfig
2022-11-26 02:37:44.367 UTC [TRACE] steampipe-plugin-csv.plugin: [TRACE] apply plugin defaults for DefaultIgnoreConfig, table &{<nil> <nil>} plugin &{<nil> <nil>}
2022-11-26 02:37:44.367 UTC [TRACE] steampipe-plugin-csv.plugin: [TRACE] DefaultRetryConfig:
2022-11-26 02:37:44.367 UTC [TRACE] steampipe-plugin-csv.plugin: [TRACE] DefaultIgnoreConfig:
2022-11-26 02:37:44.367 UTC [TRACE] steampipe-plugin-csv.plugin: [TRACE] t.List.initialise
2022-11-26 02:37:44.367 UTC [TRACE] steampipe-plugin-csv.plugin: [TRACE] ListConfig.initialise table /home/runner/work/steampipe-samples/steampipe-samples/all/hackernews/new_sc.csv
2022-11-26 02:37:44.367 UTC [TRACE] steampipe-plugin-csv.plugin: [TRACE] ListConfig.initialise complete: RetryConfig: , IgnoreConfig
2022-11-26 02:37:44.367 UTC [TRACE] steampipe-plugin-csv.plugin: [TRACE] back from initialiseHydrateConfigs
2022-11-26 02:37:44.367 UTC [TRACE] steampipe-plugin-csv.plugin: [TRACE] initialise table /home/runner/work/steampipe-samples/steampipe-samples/all/hackernews/new_sc.csv COMPLETE
2022-11-26 02:37:44.367 UTC [TRACE] steampipe-plugin-csv.plugin: [TRACE] initialise table /home/runner/work/steampipe-samples/steampipe-samples/all/hackernews/people.csv
2022-11-26 02:37:44.367 UTC [TRACE] steampipe-plugin-csv.plugin: [TRACE] no DefaultRetryConfig defined - creating empty
2022-11-26 02:37:44.367 UTC [TRACE] steampipe-plugin-csv.plugin: [TRACE] no DefaultIgnoreConfig defined - creating empty
2022-11-26 02:37:44.367 UTC [TRACE] steampipe-plugin-csv.plugin: [TRACE] apply plugin defaults for DefaultRetryConfig
2022-11-26 02:37:44.367 UTC [TRACE] steampipe-plugin-csv.plugin: [TRACE] apply plugin defaults for DefaultIgnoreConfig, table &{<nil> <nil>} plugin &{<nil> <nil>}
2022-11-26 02:37:44.367 UTC [TRACE] steampipe-plugin-csv.plugin: [TRACE] DefaultRetryConfig:
2022-11-26 02:37:44.367 UTC [TRACE] steampipe-plugin-csv.plugin: [TRACE] DefaultIgnoreConfig:
2022-11-26 02:37:44.367 UTC [TRACE] steampipe-plugin-csv.plugin: [TRACE] t.List.initialise
2022-11-26 02:37:44.367 UTC [TRACE] steampipe-plugin-csv.plugin: [TRACE] ListConfig.initialise table /home/runner/work/steampipe-samples/steampipe-samples/all/hackernews/people.csv
2022-11-26 02:37:44.367 UTC [TRACE] steampipe-plugin-csv.plugin: [TRACE] ListConfig.initialise complete: RetryConfig: , IgnoreConfig
2022-11-26 02:37:44.367 UTC [TRACE] steampipe-plugin-csv.plugin: [TRACE] back from initialiseHydrateConfigs
2022-11-26 02:37:44.367 UTC [TRACE] steampipe-plugin-csv.plugin: [TRACE] initialise table /home/runner/work/steampipe-samples/steampipe-samples/all/hackernews/people.csv COMPLETE
2022-11-26 02:37:44.367 UTC [TRACE] steampipe-plugin-csv.plugin: [TRACE] validate plugin steampipe-plugin-csv, required columns []
2022-11-26 02:37:44.367 UTC [TRACE] steampipe-plugin-csv.plugin: [TRACE] validate DefaultRetryConfig
2022-11-26 02:37:44.367 UTC [TRACE] steampipe-plugin-csv.plugin: [TRACE] validate DefaultIgnoreConfig
2022-11-26 02:37:44.367 UTC [TRACE] steampipe-plugin-csv.plugin: [TRACE] validate table names
2022-11-26 02:37:44.367 UTC [TRACE] steampipe-plugin-csv.plugin: [TRACE] plugin has 0 validation errors
2022-11-26 02:37:44.367 UTC [TRACE] steampipe-plugin-csv.plugin: [TRACE] Plugin ensureCache creating cache, maxCacheStorageMb 0
2022-11-26 02:37:44.367 UTC [TRACE] steampipe-plugin-csv.plugin: [TRACE] createCacheStore for plugin 'steampipe-plugin-csv' setting max size to 0Mb, Shards: 2, max shard size: 0
2022-11-26 02:37:44.380 UTC [INFO]  steampipe-plugin-csv.plugin: [INFO]  query cache created
2022-11-26 02:37:44.381 UTC [DEBUG] steampipe-plugin-csv.plugin: [DEBUG] SetAllConnectionConfigs finished
2022-11-26 02:37:44.381 UTC [TRACE] PluginManager getPlugin complete, returning reattach config with PID: 1900
2022-11-26 02:37:44.381 UTC [TRACE] PluginManager Get returning reattach_map:{key:"csv"  value:{protocol:"grpc"  addr:{Network:"unix"  Address:"/tmp/plugin2847466035"}  pid:1900  supported_operations:{query_cache:true  multiple_connections:true}  connections:"csv"  plugin:"hub.steampipe.io/plugins/turbot/csv@latest"}}
2022-11-26 02:37:44.465 UTC [TRACE] PluginManager Get, connections: '[csv]'
2022-11-26 02:37:44.465 UTC [TRACE] PluginManager getPlugin hub.steampipe.io/plugins/turbot/csv@latest connection 'csv'
2022-11-26 02:37:44.465 UTC [TRACE] connection csv found in connectionPluginMap
2022-11-26 02:37:44.465 UTC [TRACE] initialized: 1900
2022-11-26 02:37:44.465 UTC [TRACE] initialized: 1900
2022-11-26 02:37:44.465 UTC [TRACE] connection csv is loaded, check for running PID
2022-11-26 02:37:44.466 UTC [TRACE] PluginManager found 'csv' in map, pid 1900
2022-11-26 02:37:44.466 UTC [TRACE] PluginManager Get returning reattach_map:{key:"csv"  value:{protocol:"grpc"  addr:{Network:"unix"  Address:"/tmp/plugin2847466035"}  pid:1900  supported_operations:{query_cache:true  multiple_connections:true}  connections:"csv"  plugin:"hub.steampipe.io/plugins/turbot/csv@latest"}}
2022-11-26 02:37:44.627 UTC [TRACE] PluginManager Get, connections: '[hackernews]'
2022-11-26 02:37:44.627 UTC [TRACE] PluginManager getPlugin hub.steampipe.io/plugins/turbot/hackernews@latest connection 'hackernews'
2022-11-26 02:37:44.627 UTC [TRACE] PluginManager 0xc0000954a0 plugin hub.steampipe.io/plugins/turbot/hackernews@latest (hackernews) NOT started or starting - start now
2022-11-26 02:37:44.627 UTC [TRACE] ************ start plugin hackernews ********************
2022-11-26 02:37:44.627 UTC [TRACE] ************ plugin path /home/runner/.steampipe/plugins/hub.steampipe.io/plugins/turbot/hackernews@latest/steampipe-plugin-hackernews.plugin ********************
2022-11-26 02:37:44.693 UTC [DEBUG] starting plugin: path=/home/runner/.steampipe/plugins/hub.steampipe.io/plugins/turbot/hackernews@latest/steampipe-plugin-hackernews.plugin args=["/home/runner/.steampipe/plugins/hub.steampipe.io/plugins/turbot/hackernews@latest/steampipe-plugin-hackernews.plugin"]
2022-11-26 02:37:44.695 UTC [DEBUG] plugin started: path=/home/runner/.steampipe/plugins/hub.steampipe.io/plugins/turbot/hackernews@latest/steampipe-plugin-hackernews.plugin pid=1923
2022-11-26 02:37:44.695 UTC [DEBUG] waiting for RPC address: path=/home/runner/.steampipe/plugins/hub.steampipe.io/plugins/turbot/hackernews@latest/steampipe-plugin-hackernews.plugin
2022-11-26 02:37:44.704 UTC [INFO]  steampipe-plugin-hackernews.plugin: [INFO]  Initialise plugin 'steampipe-plugin-hackernews', using sdk version 4.1.7
2022-11-26 02:37:44.704 UTC [TRACE] steampipe-plugin-hackernews.plugin: [TRACE] defaulting SchemaMode to SchemaModeStatic
2022-11-26 02:37:44.704 UTC [TRACE] steampipe-plugin-hackernews.plugin: [TRACE] no DefaultRetryConfig defined - creating empty
2022-11-26 02:37:44.704 UTC [TRACE] steampipe-plugin-hackernews.plugin: [TRACE] no DefaultIgnoreConfig defined - creating empty
2022-11-26 02:37:44.704 UTC [TRACE] steampipe-plugin-hackernews.plugin: [TRACE] Setting Ulimit: ulimit=2560
2022-11-26 02:37:44.704 UTC [TRACE] steampipe-plugin-hackernews.plugin: [TRACE] telemetry.Init service 'steampipe-plugin-hackernews', tracingEnabled: false, metricsEnabled: false
2022-11-26 02:37:44.704 UTC [TRACE] steampipe-plugin-hackernews.plugin: [TRACE] metrics and tracing disabled' - returning
2022-11-26 02:37:44.705 UTC [DEBUG] steampipe-plugin-hackernews.plugin: plugin address: address=/tmp/plugin3526090658 network=unix timestamp=2022-11-26T02:37:44.705Z
2022-11-26 02:37:44.705 UTC [DEBUG] using plugin: version=0
2022-11-26 02:37:44.705 UTC [TRACE] NewPluginClient for plugin hub.steampipe.io/plugins/turbot/hackernews@latest
2022-11-26 02:37:44.709 UTC [TRACE] stdio: waiting for stdio data
2022-11-26 02:37:44.711 UTC [TRACE] supportedOperations: query_cache:true  multiple_connections:true
2022-11-26 02:37:44.711 UTC [TRACE] steampipe-plugin-hackernews.plugin: [TRACE] SetAllConnectionConfigs setting 1 configs
2022-11-26 02:37:44.711 UTC [TRACE] steampipe-plugin-hackernews.plugin: [TRACE] connection hackernews build schema and table map
2022-11-26 02:37:44.711 UTC [TRACE] steampipe-plugin-hackernews.plugin: [TRACE] initialise table hackernews_best
2022-11-26 02:37:44.711 UTC [TRACE] steampipe-plugin-hackernews.plugin: [TRACE] no DefaultRetryConfig defined - creating empty
2022-11-26 02:37:44.711 UTC [TRACE] steampipe-plugin-hackernews.plugin: [TRACE] no DefaultIgnoreConfig defined - creating empty
2022-11-26 02:37:44.711 UTC [TRACE] steampipe-plugin-hackernews.plugin: [TRACE] apply plugin defaults for DefaultRetryConfig
2022-11-26 02:37:44.711 UTC [TRACE] steampipe-plugin-hackernews.plugin: [TRACE] apply plugin defaults for DefaultIgnoreConfig, table &{<nil> <nil>} plugin &{<nil> <nil>}
2022-11-26 02:37:44.711 UTC [TRACE] steampipe-plugin-hackernews.plugin: [TRACE] DefaultRetryConfig:
2022-11-26 02:37:44.711 UTC [TRACE] steampipe-plugin-hackernews.plugin: [TRACE] DefaultIgnoreConfig:
2022-11-26 02:37:44.711 UTC [TRACE] steampipe-plugin-hackernews.plugin: [TRACE] t.Get.initialise
2022-11-26 02:37:44.711 UTC [TRACE] steampipe-plugin-hackernews.plugin: [TRACE] GetConfig.initialise table hackernews_best
2022-11-26 02:37:44.711 UTC [TRACE] steampipe-plugin-hackernews.plugin: [TRACE] GetConfig.initialise complete: RetryConfig: , IgnoreConfig:
2022-11-26 02:37:44.711 UTC [TRACE] steampipe-plugin-hackernews.plugin: [TRACE] t.List.initialise
2022-11-26 02:37:44.711 UTC [TRACE] steampipe-plugin-hackernews.plugin: [TRACE] ListConfig.initialise table hackernews_best
2022-11-26 02:37:44.711 UTC [TRACE] steampipe-plugin-hackernews.plugin: [TRACE] ListConfig.initialise complete: RetryConfig: , IgnoreConfig
2022-11-26 02:37:44.711 UTC [TRACE] steampipe-plugin-hackernews.plugin: [TRACE] HydrateConfig.initialise func getItem, table hackernews_best
2022-11-26 02:37:44.711 UTC [TRACE] steampipe-plugin-hackernews.plugin: [TRACE] HydrateConfig.initialise complete: RetryConfig: , IgnoreConfig:
2022-11-26 02:37:44.711 UTC [TRACE] steampipe-plugin-hackernews.plugin: [TRACE] back from initialiseHydrateConfigs
2022-11-26 02:37:44.711 UTC [TRACE] steampipe-plugin-hackernews.plugin: [TRACE] initialise table hackernews_best COMPLETE
2022-11-26 02:37:44.711 UTC [TRACE] steampipe-plugin-hackernews.plugin: [TRACE] initialise table hackernews_item
2022-11-26 02:37:44.711 UTC [TRACE] steampipe-plugin-hackernews.plugin: [TRACE] no DefaultRetryConfig defined - creating empty
2022-11-26 02:37:44.711 UTC [TRACE] steampipe-plugin-hackernews.plugin: [TRACE] no DefaultIgnoreConfig defined - creating empty
2022-11-26 02:37:44.711 UTC [TRACE] steampipe-plugin-hackernews.plugin: [TRACE] apply plugin defaults for DefaultRetryConfig
2022-11-26 02:37:44.711 UTC [TRACE] steampipe-plugin-hackernews.plugin: [TRACE] apply plugin defaults for DefaultIgnoreConfig, table &{<nil> <nil>} plugin &{<nil> <nil>}
2022-11-26 02:37:44.711 UTC [TRACE] steampipe-plugin-hackernews.plugin: [TRACE] DefaultRetryConfig:
2022-11-26 02:37:44.711 UTC [TRACE] steampipe-plugin-hackernews.plugin: [TRACE] DefaultIgnoreConfig:
2022-11-26 02:37:44.711 UTC [TRACE] steampipe-plugin-hackernews.plugin: [TRACE] t.Get.initialise
2022-11-26 02:37:44.711 UTC [TRACE] steampipe-plugin-hackernews.plugin: [TRACE] GetConfig.initialise table hackernews_item
2022-11-26 02:37:44.711 UTC [TRACE] steampipe-plugin-hackernews.plugin: [TRACE] GetConfig.initialise complete: RetryConfig: , IgnoreConfig:
2022-11-26 02:37:44.711 UTC [TRACE] steampipe-plugin-hackernews.plugin: [TRACE] t.List.initialise
2022-11-26 02:37:44.711 UTC [TRACE] steampipe-plugin-hackernews.plugin: [TRACE] ListConfig.initialise table hackernews_item
2022-11-26 02:37:44.711 UTC [TRACE] steampipe-plugin-hackernews.plugin: [TRACE] ListConfig.initialise complete: RetryConfig: , IgnoreConfig
2022-11-26 02:37:44.711 UTC [TRACE] steampipe-plugin-hackernews.plugin: [TRACE] HydrateConfig.initialise func getItem, table hackernews_item
2022-11-26 02:37:44.711 UTC [TRACE] steampipe-plugin-hackernews.plugin: [TRACE] HydrateConfig.initialise complete: RetryConfig: , IgnoreConfig:
2022-11-26 02:37:44.711 UTC [TRACE] steampipe-plugin-hackernews.plugin: [TRACE] back from initialiseHydrateConfigs
2022-11-26 02:37:44.711 UTC [TRACE] steampipe-plugin-hackernews.plugin: [TRACE] initialise table hackernews_item COMPLETE
2022-11-26 02:37:44.711 UTC [TRACE] steampipe-plugin-hackernews.plugin: [TRACE] initialise table hackernews_job
2022-11-26 02:37:44.711 UTC [TRACE] steampipe-plugin-hackernews.plugin: [TRACE] no DefaultRetryConfig defined - creating empty
2022-11-26 02:37:44.711 UTC [TRACE] steampipe-plugin-hackernews.plugin: [TRACE] no DefaultIgnoreConfig defined - creating empty
2022-11-26 02:37:44.711 UTC [TRACE] steampipe-plugin-hackernews.plugin: [TRACE] apply plugin defaults for DefaultRetryConfig
2022-11-26 02:37:44.711 UTC [TRACE] steampipe-plugin-hackernews.plugin: [TRACE] apply plugin defaults for DefaultIgnoreConfig, table &{<nil> <nil>} plugin &{<nil> <nil>}
2022-11-26 02:37:44.711 UTC [TRACE] steampipe-plugin-hackernews.plugin: [TRACE] DefaultRetryConfig:
2022-11-26 02:37:44.711 UTC [TRACE] steampipe-plugin-hackernews.plugin: [TRACE] DefaultIgnoreConfig:
2022-11-26 02:37:44.711 UTC [TRACE] steampipe-plugin-hackernews.plugin: [TRACE] t.Get.initialise
2022-11-26 02:37:44.711 UTC [TRACE] steampipe-plugin-hackernews.plugin: [TRACE] GetConfig.initialise table hackernews_job
2022-11-26 02:37:44.711 UTC [TRACE] steampipe-plugin-hackernews.plugin: [TRACE] GetConfig.initialise complete: RetryConfig: , IgnoreConfig:
2022-11-26 02:37:44.711 UTC [TRACE] steampipe-plugin-hackernews.plugin: [TRACE] t.List.initialise
2022-11-26 02:37:44.711 UTC [TRACE] steampipe-plugin-hackernews.plugin: [TRACE] ListConfig.initialise table hackernews_job
2022-11-26 02:37:44.711 UTC [TRACE] steampipe-plugin-hackernews.plugin: [TRACE] ListConfig.initialise complete: RetryConfig: , IgnoreConfig
2022-11-26 02:37:44.711 UTC [TRACE] steampipe-plugin-hackernews.plugin: [TRACE] HydrateConfig.initialise func getItem, table hackernews_job
2022-11-26 02:37:44.711 UTC [TRACE] steampipe-plugin-hackernews.plugin: [TRACE] HydrateConfig.initialise complete: RetryConfig: , IgnoreConfig:
2022-11-26 02:37:44.711 UTC [TRACE] steampipe-plugin-hackernews.plugin: [TRACE] back from initialiseHydrateConfigs
2022-11-26 02:37:44.711 UTC [TRACE] steampipe-plugin-hackernews.plugin: [TRACE] initialise table hackernews_job COMPLETE
2022-11-26 02:37:44.711 UTC [TRACE] steampipe-plugin-hackernews.plugin: [TRACE] initialise table hackernews_new
2022-11-26 02:37:44.711 UTC [TRACE] steampipe-plugin-hackernews.plugin: [TRACE] no DefaultRetryConfig defined - creating empty
2022-11-26 02:37:44.711 UTC [TRACE] steampipe-plugin-hackernews.plugin: [TRACE] no DefaultIgnoreConfig defined - creating empty
2022-11-26 02:37:44.711 UTC [TRACE] steampipe-plugin-hackernews.plugin: [TRACE] apply plugin defaults for DefaultRetryConfig
2022-11-26 02:37:44.711 UTC [TRACE] steampipe-plugin-hackernews.plugin: [TRACE] apply plugin defaults for DefaultIgnoreConfig, table &{<nil> <nil>} plugin &{<nil> <nil>}
2022-11-26 02:37:44.711 UTC [TRACE] steampipe-plugin-hackernews.plugin: [TRACE] DefaultRetryConfig:
2022-11-26 02:37:44.711 UTC [TRACE] steampipe-plugin-hackernews.plugin: [TRACE] DefaultIgnoreConfig:
2022-11-26 02:37:44.711 UTC [TRACE] steampipe-plugin-hackernews.plugin: [TRACE] t.Get.initialise
2022-11-26 02:37:44.711 UTC [TRACE] steampipe-plugin-hackernews.plugin: [TRACE] GetConfig.initialise table hackernews_new
2022-11-26 02:37:44.711 UTC [TRACE] steampipe-plugin-hackernews.plugin: [TRACE] GetConfig.initialise complete: RetryConfig: , IgnoreConfig:
2022-11-26 02:37:44.711 UTC [TRACE] steampipe-plugin-hackernews.plugin: [TRACE] t.List.initialise
2022-11-26 02:37:44.711 UTC [TRACE] steampipe-plugin-hackernews.plugin: [TRACE] ListConfig.initialise table hackernews_new
2022-11-26 02:37:44.711 UTC [TRACE] steampipe-plugin-hackernews.plugin: [TRACE] ListConfig.initialise complete: RetryConfig: , IgnoreConfig
2022-11-26 02:37:44.712 UTC [TRACE] steampipe-plugin-hackernews.plugin: [TRACE] HydrateConfig.initialise func getItem, table hackernews_new
2022-11-26 02:37:44.712 UTC [TRACE] steampipe-plugin-hackernews.plugin: [TRACE] HydrateConfig.initialise complete: RetryConfig: , IgnoreConfig:
2022-11-26 02:37:44.712 UTC [TRACE] steampipe-plugin-hackernews.plugin: [TRACE] back from initialiseHydrateConfigs
2022-11-26 02:37:44.712 UTC [TRACE] steampipe-plugin-hackernews.plugin: [TRACE] initialise table hackernews_new COMPLETE
2022-11-26 02:37:44.712 UTC [TRACE] steampipe-plugin-hackernews.plugin: [TRACE] initialise table hackernews_show_hn
2022-11-26 02:37:44.712 UTC [TRACE] steampipe-plugin-hackernews.plugin: [TRACE] no DefaultRetryConfig defined - creating empty
2022-11-26 02:37:44.712 UTC [TRACE] steampipe-plugin-hackernews.plugin: [TRACE] no DefaultIgnoreConfig defined - creating empty
2022-11-26 02:37:44.712 UTC [TRACE] steampipe-plugin-hackernews.plugin: [TRACE] apply plugin defaults for DefaultRetryConfig
2022-11-26 02:37:44.712 UTC [TRACE] steampipe-plugin-hackernews.plugin: [TRACE] apply plugin defaults for DefaultIgnoreConfig, table &{<nil> <nil>} plugin &{<nil> <nil>}
2022-11-26 02:37:44.712 UTC [TRACE] steampipe-plugin-hackernews.plugin: [TRACE] DefaultRetryConfig:
2022-11-26 02:37:44.712 UTC [TRACE] steampipe-plugin-hackernews.plugin: [TRACE] DefaultIgnoreConfig:
2022-11-26 02:37:44.712 UTC [TRACE] steampipe-plugin-hackernews.plugin: [TRACE] t.Get.initialise
2022-11-26 02:37:44.712 UTC [TRACE] steampipe-plugin-hackernews.plugin: [TRACE] GetConfig.initialise table hackernews_show_hn
2022-11-26 02:37:44.712 UTC [TRACE] steampipe-plugin-hackernews.plugin: [TRACE] GetConfig.initialise complete: RetryConfig: , IgnoreConfig:
2022-11-26 02:37:44.712 UTC [TRACE] steampipe-plugin-hackernews.plugin: [TRACE] t.List.initialise
2022-11-26 02:37:44.712 UTC [TRACE] steampipe-plugin-hackernews.plugin: [TRACE] ListConfig.initialise table hackernews_show_hn
2022-11-26 02:37:44.712 UTC [TRACE] steampipe-plugin-hackernews.plugin: [TRACE] ListConfig.initialise complete: RetryConfig: , IgnoreConfig
2022-11-26 02:37:44.712 UTC [TRACE] steampipe-plugin-hackernews.plugin: [TRACE] HydrateConfig.initialise func getItem, table hackernews_show_hn
2022-11-26 02:37:44.712 UTC [TRACE] steampipe-plugin-hackernews.plugin: [TRACE] HydrateConfig.initialise complete: RetryConfig: , IgnoreConfig:
2022-11-26 02:37:44.712 UTC [TRACE] steampipe-plugin-hackernews.plugin: [TRACE] back from initialiseHydrateConfigs
2022-11-26 02:37:44.712 UTC [TRACE] steampipe-plugin-hackernews.plugin: [TRACE] initialise table hackernews_show_hn COMPLETE
2022-11-26 02:37:44.712 UTC [TRACE] steampipe-plugin-hackernews.plugin: [TRACE] initialise table hackernews_top
2022-11-26 02:37:44.712 UTC [TRACE] steampipe-plugin-hackernews.plugin: [TRACE] no DefaultRetryConfig defined - creating empty
2022-11-26 02:37:44.712 UTC [TRACE] steampipe-plugin-hackernews.plugin: [TRACE] no DefaultIgnoreConfig defined - creating empty
2022-11-26 02:37:44.712 UTC [TRACE] steampipe-plugin-hackernews.plugin: [TRACE] apply plugin defaults for DefaultRetryConfig
2022-11-26 02:37:44.712 UTC [TRACE] steampipe-plugin-hackernews.plugin: [TRACE] apply plugin defaults for DefaultIgnoreConfig, table &{<nil> <nil>} plugin &{<nil> <nil>}
2022-11-26 02:37:44.712 UTC [TRACE] steampipe-plugin-hackernews.plugin: [TRACE] DefaultRetryConfig:
2022-11-26 02:37:44.712 UTC [TRACE] steampipe-plugin-hackernews.plugin: [TRACE] DefaultIgnoreConfig:
2022-11-26 02:37:44.712 UTC [TRACE] steampipe-plugin-hackernews.plugin: [TRACE] t.Get.initialise
2022-11-26 02:37:44.712 UTC [TRACE] steampipe-plugin-hackernews.plugin: [TRACE] GetConfig.initialise table hackernews_top
2022-11-26 02:37:44.712 UTC [TRACE] steampipe-plugin-hackernews.plugin: [TRACE] GetConfig.initialise complete: RetryConfig: , IgnoreConfig:
2022-11-26 02:37:44.712 UTC [TRACE] steampipe-plugin-hackernews.plugin: [TRACE] t.List.initialise
2022-11-26 02:37:44.712 UTC [TRACE] steampipe-plugin-hackernews.plugin: [TRACE] ListConfig.initialise table hackernews_top
2022-11-26 02:37:44.712 UTC [TRACE] steampipe-plugin-hackernews.plugin: [TRACE] ListConfig.initialise complete: RetryConfig: , IgnoreConfig
2022-11-26 02:37:44.712 UTC [TRACE] steampipe-plugin-hackernews.plugin: [TRACE] HydrateConfig.initialise func getItem, table hackernews_top
2022-11-26 02:37:44.712 UTC [TRACE] steampipe-plugin-hackernews.plugin: [TRACE] HydrateConfig.initialise complete: RetryConfig: , IgnoreConfig:
2022-11-26 02:37:44.712 UTC [TRACE] steampipe-plugin-hackernews.plugin: [TRACE] back from initialiseHydrateConfigs
2022-11-26 02:37:44.712 UTC [TRACE] steampipe-plugin-hackernews.plugin: [TRACE] initialise table hackernews_top COMPLETE
2022-11-26 02:37:44.712 UTC [TRACE] steampipe-plugin-hackernews.plugin: [TRACE] initialise table hackernews_user
2022-11-26 02:37:44.712 UTC [TRACE] steampipe-plugin-hackernews.plugin: [TRACE] no DefaultRetryConfig defined - creating empty
2022-11-26 02:37:44.712 UTC [TRACE] steampipe-plugin-hackernews.plugin: [TRACE] no DefaultIgnoreConfig defined - creating empty
2022-11-26 02:37:44.712 UTC [TRACE] steampipe-plugin-hackernews.plugin: [TRACE] apply plugin defaults for DefaultRetryConfig
2022-11-26 02:37:44.712 UTC [TRACE] steampipe-plugin-hackernews.plugin: [TRACE] apply plugin defaults for DefaultIgnoreConfig, table &{<nil> <nil>} plugin &{<nil> <nil>}
2022-11-26 02:37:44.712 UTC [TRACE] steampipe-plugin-hackernews.plugin: [TRACE] DefaultRetryConfig:
2022-11-26 02:37:44.712 UTC [TRACE] steampipe-plugin-hackernews.plugin: [TRACE] DefaultIgnoreConfig:
2022-11-26 02:37:44.712 UTC [TRACE] steampipe-plugin-hackernews.plugin: [TRACE] t.List.initialise
2022-11-26 02:37:44.712 UTC [TRACE] steampipe-plugin-hackernews.plugin: [TRACE] ListConfig.initialise table hackernews_user
2022-11-26 02:37:44.712 UTC [TRACE] steampipe-plugin-hackernews.plugin: [TRACE] ListConfig.initialise complete: RetryConfig: , IgnoreConfig
2022-11-26 02:37:44.712 UTC [TRACE] steampipe-plugin-hackernews.plugin: [TRACE] back from initialiseHydrateConfigs
2022-11-26 02:37:44.712 UTC [TRACE] steampipe-plugin-hackernews.plugin: [TRACE] initialise table hackernews_user COMPLETE
2022-11-26 02:37:44.712 UTC [TRACE] steampipe-plugin-hackernews.plugin: [TRACE] initialise table hackernews_ask_hn
2022-11-26 02:37:44.712 UTC [TRACE] steampipe-plugin-hackernews.plugin: [TRACE] no DefaultRetryConfig defined - creating empty
2022-11-26 02:37:44.712 UTC [TRACE] steampipe-plugin-hackernews.plugin: [TRACE] no DefaultIgnoreConfig defined - creating empty
2022-11-26 02:37:44.712 UTC [TRACE] steampipe-plugin-hackernews.plugin: [TRACE] apply plugin defaults for DefaultRetryConfig
2022-11-26 02:37:44.712 UTC [TRACE] steampipe-plugin-hackernews.plugin: [TRACE] apply plugin defaults for DefaultIgnoreConfig, table &{<nil> <nil>} plugin &{<nil> <nil>}
2022-11-26 02:37:44.712 UTC [TRACE] steampipe-plugin-hackernews.plugin: [TRACE] DefaultRetryConfig:
2022-11-26 02:37:44.712 UTC [TRACE] steampipe-plugin-hackernews.plugin: [TRACE] DefaultIgnoreConfig:
2022-11-26 02:37:44.712 UTC [TRACE] steampipe-plugin-hackernews.plugin: [TRACE] t.Get.initialise
2022-11-26 02:37:44.712 UTC [TRACE] steampipe-plugin-hackernews.plugin: [TRACE] GetConfig.initialise table hackernews_ask_hn
2022-11-26 02:37:44.712 UTC [TRACE] steampipe-plugin-hackernews.plugin: [TRACE] GetConfig.initialise complete: RetryConfig: , IgnoreConfig:
2022-11-26 02:37:44.712 UTC [TRACE] steampipe-plugin-hackernews.plugin: [TRACE] t.List.initialise
2022-11-26 02:37:44.712 UTC [TRACE] steampipe-plugin-hackernews.plugin: [TRACE] ListConfig.initialise table hackernews_ask_hn
2022-11-26 02:37:44.712 UTC [TRACE] steampipe-plugin-hackernews.plugin: [TRACE] ListConfig.initialise complete: RetryConfig: , IgnoreConfig
2022-11-26 02:37:44.712 UTC [TRACE] steampipe-plugin-hackernews.plugin: [TRACE] HydrateConfig.initialise func getItem, table hackernews_ask_hn
2022-11-26 02:37:44.712 UTC [TRACE] steampipe-plugin-hackernews.plugin: [TRACE] HydrateConfig.initialise complete: RetryConfig: , IgnoreConfig:
2022-11-26 02:37:44.712 UTC [TRACE] steampipe-plugin-hackernews.plugin: [TRACE] back from initialiseHydrateConfigs
2022-11-26 02:37:44.712 UTC [TRACE] steampipe-plugin-hackernews.plugin: [TRACE] initialise table hackernews_ask_hn COMPLETE
2022-11-26 02:37:44.712 UTC [TRACE] steampipe-plugin-hackernews.plugin: [TRACE] validate plugin steampipe-plugin-hackernews, required columns []
2022-11-26 02:37:44.712 UTC [TRACE] steampipe-plugin-hackernews.plugin: [TRACE] validate DefaultRetryConfig
2022-11-26 02:37:44.712 UTC [TRACE] steampipe-plugin-hackernews.plugin: [TRACE] validate DefaultIgnoreConfig
2022-11-26 02:37:44.712 UTC [TRACE] steampipe-plugin-hackernews.plugin: [TRACE] validate table names
2022-11-26 02:37:44.712 UTC [TRACE] steampipe-plugin-hackernews.plugin: [TRACE] plugin has 0 validation errors
2022-11-26 02:37:44.712 UTC [TRACE] steampipe-plugin-hackernews.plugin: [TRACE] Plugin ensureCache creating cache, maxCacheStorageMb 0
2022-11-26 02:37:44.712 UTC [TRACE] steampipe-plugin-hackernews.plugin: [TRACE] createCacheStore for plugin 'steampipe-plugin-hackernews' setting max size to 0Mb, Shards: 2, max shard size: 0
2022-11-26 02:37:44.725 UTC [INFO]  steampipe-plugin-hackernews.plugin: [INFO]  query cache created
2022-11-26 02:37:44.725 UTC [DEBUG] steampipe-plugin-hackernews.plugin: [DEBUG] SetAllConnectionConfigs finished
2022-11-26 02:37:44.726 UTC [TRACE] PluginManager getPlugin complete, returning reattach config with PID: 1923
2022-11-26 02:37:44.726 UTC [TRACE] PluginManager Get returning reattach_map:{key:"hackernews"  value:{protocol:"grpc"  addr:{Network:"unix"  Address:"/tmp/plugin3526090658"}  pid:1923  supported_operations:{query_cache:true  multiple_connections:true}  connections:"hackernews"  plugin:"hub.steampipe.io/plugins/turbot/hackernews@latest"}}
2022-11-26 02:37:44.737 UTC [INFO]  steampipe-plugin-hackernews.plugin: [INFO]  1669430264935: Plugin Execute (1669430264935)
2022-11-26 02:37:44.737 UTC [TRACE] steampipe-plugin-hackernews.plugin: [TRACE] 1669430264935: No memory limit set
2022-11-26 02:37:44.737 UTC [INFO]  steampipe-plugin-hackernews.plugin: [INFO]  1669430264935: Plugin Execute, setting memory limit to -1Mb
2022-11-26 02:37:44.737 UTC [TRACE] steampipe-plugin-hackernews.plugin: [TRACE] 1669430264935: calling ExtractContextFromCarrier
2022-11-26 02:37:44.737 UTC [INFO]  steampipe-plugin-hackernews.plugin: [INFO]  1669430264935: Setting max concurrent connections to 25
2022-11-26 02:37:44.737 UTC [TRACE] steampipe-plugin-hackernews.plugin: [TRACE] 1669430264935: executeForConnection callId: 1669430264935, connectionCallId: hackernews-1669430264935, connection: hackernews table: hackernews_new cols: id,title,time,by,score,dead,deleted,descendants,kids,parent,parts,poll,text,type,url,_ctx
2022-11-26 02:37:44.737 UTC [TRACE] steampipe-plugin-hackernews.plugin: [TRACE] 1669430264935: got connection data
2022-11-26 02:37:44.737 UTC [TRACE] steampipe-plugin-hackernews.plugin: [TRACE] 1669430264935: Got query context, table: hackernews_new, cols: [id title time by score dead deleted descendants kids parent parts poll text type url _ctx]
2022-11-26 02:37:44.737 UTC [TRACE] steampipe-plugin-hackernews.plugin: [TRACE] 1669430264935: Start execute span
2022-11-26 02:37:44.737 UTC [INFO]  steampipe-plugin-hackernews.plugin: [INFO]  1669430264935: Setting free memory interval to 100 rows
2022-11-26 02:37:44.737 UTC [TRACE] steampipe-plugin-hackernews.plugin: [TRACE] 1669430264935: setFetchType map[time:quals:{fieldName:"time"  string_value:">"  value:{timestamp_value:{seconds:1669426664  nanos:608011000}}}]
2022-11-26 02:37:44.737 UTC [TRACE] steampipe-plugin-hackernews.plugin: [TRACE] 1669430264935: getMatchingQuals column:'id' operator: =
2022-11-26 02:37:44.737 UTC [TRACE] steampipe-plugin-hackernews.plugin: [TRACE] 1669430264935: getMatchingQuals returning false - qualMap does not contain any quals for column id
2022-11-26 02:37:44.737 UTC [TRACE] steampipe-plugin-hackernews.plugin: [TRACE] 1669430264935: GetUnsatisfiedKeyColumns for columns column:'id' operator: =
2022-11-26 02:37:44.737 UTC [TRACE] steampipe-plugin-hackernews.plugin: [TRACE] 1669430264935: key column NOT satisfied column:'id' operator: =
2022-11-26 02:37:44.737 UTC [TRACE] steampipe-plugin-hackernews.plugin: [TRACE] 1669430264935: satisfied: map[any_of: optional: required:]
2022-11-26 02:37:44.737 UTC [TRACE] steampipe-plugin-hackernews.plugin: [TRACE] 1669430264935: unsatisfied: map[any_of: optional: required:column:'id' operator: =]
2022-11-26 02:37:44.737 UTC [TRACE] steampipe-plugin-hackernews.plugin: [TRACE] 1669430264935: unsatisfied required KeyColumns: column:'id' operator: =
2022-11-26 02:37:44.737 UTC [TRACE] steampipe-plugin-hackernews.plugin: [TRACE] 1669430264935: Set fetchType to fetchTypeList
2022-11-26 02:37:44.737 UTC [TRACE] steampipe-plugin-hackernews.plugin: [TRACE] 1669430264935: Equals key column quals:
2022-11-26 02:37:44.737 UTC [DEBUG] steampipe-plugin-hackernews.plugin: {}
2022-11-26 02:37:44.737 UTC [TRACE] steampipe-plugin-hackernews.plugin: [TRACE] 1669430264935: All key column quals:
2022-11-26 02:37:44.737 UTC [DEBUG] steampipe-plugin-hackernews.plugin: {}
2022-11-26 02:37:44.737 UTC [TRACE] steampipe-plugin-hackernews.plugin: [TRACE] 1669430264935: GetMatrixItem
2022-11-26 02:37:44.737 UTC [TRACE] steampipe-plugin-hackernews.plugin: [TRACE] 1669430264935: creating query data
2022-11-26 02:37:44.737 UTC [INFO]  steampipe-plugin-hackernews.plugin: [INFO]  1669430264935: cacheEnabled, trying cache get (hackernews-1669430264935)
2022-11-26 02:37:44.737 UTC [TRACE] steampipe-plugin-hackernews.plugin: [TRACE] 1669430264935: QueryCache Get - indexBucketKey index__hackernewshackernews_new, quals
2022-11-26 02:37:44.737 UTC [TRACE] steampipe-plugin-hackernews.plugin: [TRACE] 1669430264935: QueryCache getCachedQueryResult - table hackernews_new, connectionName hackernews
2022-11-26 02:37:44.737 UTC [TRACE] steampipe-plugin-hackernews.plugin: [TRACE] 1669430264935: index bucket key: index__hackernewshackernews_new ttlSeconds 300 limit: -1
2022-11-26 02:37:44.737 UTC [TRACE] steampipe-plugin-hackernews.plugin: [TRACE] 1669430264935: doGet cache miss
2022-11-26 02:37:44.737 UTC [TRACE] steampipe-plugin-hackernews.plugin: [TRACE] 1669430264935: getCachedIndexBucket - no item retrieved for cache key index__hackernewshackernews_new
2022-11-26 02:37:44.737 UTC [TRACE] steampipe-plugin-hackernews.plugin: [TRACE] 1669430264935: getCachedQueryResult returned CACHE MISS - checking for pending transfers
2022-11-26 02:37:44.737 UTC [TRACE] steampipe-plugin-hackernews.plugin: [TRACE] 1669430264935: getPendingResultItem indexBucketKey index__hackernewshackernews_new, columns [id title time by score dead deleted descendants kids parent parts poll text type url _ctx], limit -1
2022-11-26 02:37:44.737 UTC [TRACE] steampipe-plugin-hackernews.plugin: [TRACE] 1669430264935: no pending index item - add pending result, indexBucketKey index__hackernewshackernews_new
2022-11-26 02:37:44.737 UTC [TRACE] steampipe-plugin-hackernews.plugin: [TRACE] 1669430264935: addPendingResult (hackernews-1669430264935) indexBucketKey index__hackernewshackernews_new, columns [id title time by score dead deleted descendants kids parent parts poll text type url _ctx], limit -1
2022-11-26 02:37:44.737 UTC [TRACE] steampipe-plugin-hackernews.plugin: [TRACE] 1669430264935: no index bucket found - creating one
2022-11-26 02:37:44.737 UTC [TRACE] steampipe-plugin-hackernews.plugin: [TRACE] 1669430264935: pendingIndexItem Lock count before 0
2022-11-26 02:37:44.737 UTC [TRACE] steampipe-plugin-hackernews.plugin: [TRACE] 1669430264935: addPendingResult added pending index item to bucket, (hackernews-1669430264935) indexBucketKey index__hackernewshackernews_new, resultKeyRoot hackernewshackernews_newid,title,time,by,score,dead,deleted,descendants,kids,parent,parts,poll,text,type,url,_ctx-1, pending item : 0xc0004148d0
2022-11-26 02:37:44.737 UTC [TRACE] steampipe-plugin-hackernews.plugin: [TRACE] 1669430264935: **** pending items (hackernews-1669430264935)****
2022-11-26 02:37:44.737 UTC [TRACE] steampipe-plugin-hackernews.plugin: [TRACE] 1669430264935: key: index__hackernewshackernews_new: item: 0xc0004148d0, count: 1, key:hackernewshackernews_newid,title,time,by,score,dead,deleted,descendants,kids,parent,parts,poll,text,type,url,_ctx-1
2022-11-26 02:37:44.737 UTC [TRACE] steampipe-plugin-hackernews.plugin: [TRACE] 1669430264935: ********
2022-11-26 02:37:44.737 UTC [TRACE] steampipe-plugin-hackernews.plugin: [TRACE] 1669430264935: getPendingResultItem returning <nil>
2022-11-26 02:37:44.737 UTC [INFO]  steampipe-plugin-hackernews.plugin: [INFO]  1669430264935: CACHE MISS
2022-11-26 02:37:44.737 UTC [TRACE] steampipe-plugin-hackernews.plugin: [TRACE] 1669430264935: cache MISS
2022-11-26 02:37:44.737 UTC [INFO]  steampipe-plugin-hackernews.plugin: [INFO]  1669430264935: queryCacheGet returned CACHE MISS (hackernews-1669430264935)
2022-11-26 02:37:44.737 UTC [TRACE] steampipe-plugin-hackernews.plugin: [TRACE] 1669430264935: StartSet (hackernews-1669430264935)
2022-11-26 02:37:44.737 UTC [TRACE] steampipe-plugin-hackernews.plugin: [TRACE] 1669430264935: calling fetchItems, table: hackernews_new, matrixItem: [], limit: -1,  connectionCallId: hackernews-1669430264935"
2022-11-26 02:37:44.737 UTC [TRACE] steampipe-plugin-hackernews.plugin: [TRACE] 1669430264935: buildRowsAsync connectionCallId: hackernews-1669430264935
2022-11-26 02:37:44.737 UTC [TRACE] steampipe-plugin-hackernews.plugin: [TRACE] 1669430264935: streamRows connectionCallId: hackernews-1669430264935
2022-11-26 02:37:44.737 UTC [TRACE] steampipe-plugin-hackernews.plugin: [TRACE] 1669430264935: QueryData streamRows (hackernews-1669430264935)
2022-11-26 02:37:44.737 UTC [TRACE] steampipe-plugin-hackernews.plugin: [TRACE] 1669430264935: executeListCall START (hackernews-1669430264935)
2022-11-26 02:37:44.737 UTC [TRACE] steampipe-plugin-hackernews.plugin: [TRACE] 1669430264935: GetUnsatisfiedKeyColumns for columns
2022-11-26 02:37:44.737 UTC [TRACE] steampipe-plugin-hackernews.plugin: [TRACE] 1669430264935: doList (hackernews-1669430264935)
2022-11-26 02:37:44.737 UTC [TRACE] steampipe-plugin-hackernews.plugin: [TRACE] 1669430264935: doList: no matrix item
2022-11-26 02:37:44.869 UTC [TRACE] steampipe-plugin-hackernews.plugin: [TRACE] 1669430264935: QueryData.fetchComplete
2022-11-26 02:37:44.869 UTC [TRACE] steampipe-plugin-hackernews.plugin: [TRACE] 1669430264935: executeListCall COMPLETE (hackernews-1669430264935)
2022-11-26 02:37:44.869 UTC [TRACE] steampipe-plugin-hackernews.plugin: [TRACE] 1669430264935: rowData chan returned nil - wait for rows to complete (hackernews-1669430264935)
2022-11-26 02:37:44.886 UTC [TRACE] stdio: received data: channel=STDOUT len=17
2022-11-26 02:37:44.886 UTC [TRACE] stdio: waiting for stdio data
2022-11-26 02:37:45.040 UTC [TRACE] stdio: received data: channel=STDOUT len=332
2022-11-26 02:37:45.040 UTC [TRACE] stdio: waiting for stdio data
2022-11-26 02:37:45.040 UTC [TRACE] stdio: received data: channel=STDOUT len=822
2022-11-26 02:37:45.040 UTC [TRACE] stdio: waiting for stdio data
2022-11-26 02:37:45.040 UTC [TRACE] stdio: received data: channel=STDOUT len=16
2022-11-26 02:37:45.040 UTC [TRACE] stdio: waiting for stdio data
2022-11-26 02:37:45.073 UTC [TRACE] stdio: received data: channel=STDOUT len=1024
2022-11-26 02:37:45.073 UTC [TRACE] stdio: waiting for stdio data
2022-11-26 02:37:45.125 UTC [TRACE] stdio: received data: channel=STDOUT len=640
2022-11-26 02:37:45.125 UTC [TRACE] stdio: waiting for stdio data
2022-11-26 02:37:45.223 UTC [TRACE] stdio: received data: channel=STDOUT len=410
2022-11-26 02:37:45.223 UTC [TRACE] stdio: waiting for stdio data
2022-11-26 02:37:45.232 UTC [TRACE] stdio: received data: channel=STDOUT len=1024
2022-11-26 02:37:45.232 UTC [TRACE] stdio: waiting for stdio data
2022-11-26 02:37:45.232 UTC [TRACE] stdio: received data: channel=STDOUT len=126
2022-11-26 02:37:45.232 UTC [TRACE] stdio: waiting for stdio data
2022-11-26 02:37:45.255 UTC [TRACE] steampipe-plugin-hackernews.plugin: [TRACE] 1669430264935: buildRowsAsync goroutine returning (hackernews-1669430264935)
2022-11-26 02:37:45.255 UTC [TRACE] steampipe-plugin-hackernews.plugin: [TRACE] 1669430264935: streamRows - nil row, stop streaming (hackernews-1669430264935)
2022-11-26 02:37:45.255 UTC [TRACE] steampipe-plugin-hackernews.plugin: [TRACE] 1669430264935: ------------------------------------
2022-11-26 02:37:45.255 UTC [TRACE] steampipe-plugin-hackernews.plugin: [TRACE] 1669430264935: Concurrency Summary
2022-11-26 02:37:45.255 UTC [TRACE] steampipe-plugin-hackernews.plugin: [TRACE] 1669430264935: ------------------------------------
2022-11-26 02:37:45.255 UTC [TRACE] steampipe-plugin-hackernews.plugin: [TRACE] 1669430264935: getItem                       : 200
2022-11-26 02:37:45.255 UTC [TRACE] steampipe-plugin-hackernews.plugin: [TRACE] 1669430264935: ------------------------------------
2022-11-26 02:37:45.255 UTC [TRACE] steampipe-plugin-hackernews.plugin: [TRACE] 1669430264935: Total                         : 200
2022-11-26 02:37:45.255 UTC [TRACE] steampipe-plugin-hackernews.plugin: [TRACE] 1669430264935: ------------------------------------
2022-11-26 02:37:45.255 UTC [TRACE] steampipe-plugin-hackernews.plugin: [TRACE] 1669430264935: QueryData streamRows DONE (hackernews-1669430264935)
2022-11-26 02:37:45.255 UTC [TRACE] steampipe-plugin-hackernews.plugin: [TRACE] 1669430264935: EndSet (hackernews-1669430264935) table hackernews_new
2022-11-26 02:37:45.255 UTC [TRACE] steampipe-plugin-hackernews.plugin: [TRACE] 1669430264935: QueryCache writePageToCache: 500 rows, pageCount 1, page key hackernewshackernews_newid,title,time,by,score,dead,deleted,descendants,kids,parent,parts,poll,text,type,url,_ctx-1-0
2022-11-26 02:37:45.264 UTC [TRACE] steampipe-plugin-hackernews.plugin: [TRACE] 1669430264935: writePageToCache Set - result written
2022-11-26 02:37:45.264 UTC [TRACE] steampipe-plugin-hackernews.plugin: [TRACE] 1669430264935: QueryCache EndSet - result written
2022-11-26 02:37:45.264 UTC [TRACE] steampipe-plugin-hackernews.plugin: [TRACE] 1669430264935: doGet cache miss
2022-11-26 02:37:45.264 UTC [TRACE] steampipe-plugin-hackernews.plugin: [TRACE] 1669430264935: getCachedIndexBucket - no item retrieved for cache key index__hackernewshackernews_new
2022-11-26 02:37:45.264 UTC [TRACE] steampipe-plugin-hackernews.plugin: [TRACE] 1669430264935: getCachedIndexBucket returned cache miss
2022-11-26 02:37:45.264 UTC [TRACE] steampipe-plugin-hackernews.plugin: [TRACE] 1669430264935: QueryCache EndSet - Added index item (0xc01a9b2000) to bucket (0xc01a2edfe0), page count 1,  key root hackernewshackernews_newid,title,time,by,score,dead,deleted,descendants,kids,parent,parts,poll,text,type,url,_ctx-1
2022-11-26 02:37:45.264 UTC [TRACE] steampipe-plugin-hackernews.plugin: [TRACE] 1669430264935: cacheSetIndexBucket index__hackernewshackernews_new
2022-11-26 02:37:45.265 UTC [TRACE] steampipe-plugin-hackernews.plugin: [TRACE] 1669430264935: QueryCache EndSet - IndexBucket written
2022-11-26 02:37:45.265 UTC [TRACE] steampipe-plugin-hackernews.plugin: [TRACE] 1669430264935: EndSet DEFER (hackernews-1669430264935) table hackernews_new
2022-11-26 02:37:45.265 UTC [TRACE] steampipe-plugin-hackernews.plugin: [TRACE] 1669430264935: calling pendingItemComplete (hackernews-1669430264935)
2022-11-26 02:37:45.265 UTC [TRACE] steampipe-plugin-hackernews.plugin: [TRACE] 1669430264935: pendingItemComplete (hackernews-1669430264935) indexBucketKey index__hackernewshackernews_new, columns [id title time by score dead deleted descendants kids parent parts poll text type url _ctx], limit -1
2022-11-26 02:37:45.265 UTC [TRACE] steampipe-plugin-hackernews.plugin: [TRACE] 1669430264935: got pending index bucket, (hackernews-1669430264935) len 1
2022-11-26 02:37:45.265 UTC [TRACE] steampipe-plugin-hackernews.plugin: [TRACE] 1669430264935: SatisfiesLimit limit -1, no item limit - satisfied
2022-11-26 02:37:45.265 UTC [TRACE] steampipe-plugin-hackernews.plugin: [TRACE] 1669430264935: found pending index item to satisfy columns id,title,time,by,score,dead,deleted,descendants,kids,parent,parts,poll,text,type,url,_ctx, limit -1
2022-11-26 02:37:45.265 UTC [TRACE] steampipe-plugin-hackernews.plugin: [TRACE] 1669430264935: found completed pending item (hackernews-1669430264935) 0xc0004148d0, key hackernewshackernews_newid,title,time,by,score,dead,deleted,descendants,kids,parent,parts,poll,text,type,url,_ctx-1 - removing from map as it is complete
2022-11-26 02:37:45.265 UTC [TRACE] steampipe-plugin-hackernews.plugin: [TRACE] 1669430264935: pendingIndexItem Unlock count before 1 key hackernewshackernews_newid,title,time,by,score,dead,deleted,descendants,kids,parent,parts,poll,text,type,url,_ctx-1
2022-11-26 02:37:45.265 UTC [TRACE] steampipe-plugin-hackernews.plugin: [TRACE] 1669430264935: deleted from pending, (hackernews-1669430264935) len 0
2022-11-26 02:37:45.265 UTC [TRACE] steampipe-plugin-hackernews.plugin: [TRACE] 1669430264935: pending bucket now empty - deleting key index__hackernewshackernews_new
2022-11-26 02:37:45.265 UTC [TRACE] steampipe-plugin-hackernews.plugin: [TRACE] 1669430264935: pendingItemComplete done (hackernews-1669430264935)
2022-11-26 02:37:45.265 UTC [TRACE] steampipe-plugin-hackernews.plugin: [TRACE] 1669430264935: cache set succeeded
2022-11-26 02:37:45.265 UTC [TRACE] steampipe-plugin-hackernews.plugin: [TRACE] 1669430264935: End execute span
2022-11-26 02:37:45.265 UTC [TRACE] steampipe-plugin-hackernews.plugin: [TRACE] 1669430264935: executeForConnection DEFER (hackernews-1669430264935)
2022-11-26 02:37:45.265 UTC [TRACE] steampipe-plugin-hackernews.plugin: [TRACE] 1669430264935: Execute complete callId: hackernews-1669430264935 table: hackernews_new
2022-11-26 02:37:45.265 UTC [TRACE] steampipe-plugin-hackernews.plugin: [TRACE] 1669430264935: executeForConnection hackernews returned
2022-11-26 02:37:45.265 UTC [TRACE] steampipe-plugin-hackernews.plugin: [TRACE] 1669430264935: output wg complete - send nil row
2022-11-26 02:37:45.265 UTC [TRACE] steampipe-plugin-hackernews.plugin: [TRACE] 1669430264935: empty row on output channel - we are done
2022-11-26 02:37:45.265 UTC [INFO]  steampipe-plugin-hackernews.plugin: [INFO]  1669430264935: Plugin Execute complete (1669430264935)
2022-11-26 02:37:45.316 UTC [TRACE] stdio: received data: channel=STDOUT len=1024
2022-11-26 02:37:45.316 UTC [TRACE] stdio: waiting for stdio data
2022-11-26 02:37:45.371 UTC [TRACE] PluginManager Shutdown
2022-11-26 02:37:45.371 UTC [TRACE] killing plugin csv (1900)
2022-11-26 02:37:45.372 UTC [TRACE] steampipe-plugin-csv.plugin: [TRACE] FLUSHING instrumentation
2022-11-26 02:37:45.372 UTC [TRACE] steampipe-plugin-csv.plugin: [TRACE] Shutdown instrumentation
2022-11-26 02:37:45.372 UTC [DEBUG] stdio: received EOF, stopping recv loop: err="rpc error: code = Unavailable desc = error reading from server: EOF"
2022-11-26 02:37:45.373 UTC [INFO]  plugin process exited: path=/home/runner/.steampipe/plugins/hub.steampipe.io/plugins/turbot/csv@latest/steampipe-plugin-csv.plugin pid=1900
2022-11-26 02:37:45.373 UTC [DEBUG] plugin exited
2022-11-26 02:37:45.373 UTC [TRACE] killing plugin hackernews (1923)
2022-11-26 02:37:45.373 UTC [DEBUG] stdio: received EOF, stopping recv loop: err="rpc error: code = Unavailable desc = error reading from server: EOF"
2022-11-26 02:37:45.373 UTC [TRACE] steampipe-plugin-hackernews.plugin: [TRACE] 1669430264935: FLUSHING instrumentation
2022-11-26 02:37:45.373 UTC [TRACE] steampipe-plugin-hackernews.plugin: [TRACE] 1669430264935: Shutdown instrumentation
2022-11-26 02:37:45.376 UTC [INFO]  plugin process exited: path=/home/runner/.steampipe/plugins/hub.steampipe.io/plugins/turbot/hackernews@latest/steampipe-plugin-hackernews.plugin pid=1923
2022-11-26 02:37:45.376 UTC [DEBUG] plugin exited
2022-11-26 02:37:50.543 UTC [WARN]  steampipe-plugin-csv.plugin: [WARN]  1669430270959: getKeyColumnsForTable found no schema for table '/home/runner/work/steampipe-samples/steampipe-samples/all/hackernews/hn.csv'
2022-11-26 02:38:21.540 UTC [WARN]  steampipe-plugin-csv.plugin: [WARN]  1669430301688: getKeyColumnsForTable found no schema for table '/home/runner/work/steampipe-samples/steampipe-samples/all/hackernews/hn.csv'
2022-11-26 02:41:10.934 UTC [ERROR] steampipe-plugin-csv.plugin: [ERROR] csv.tableCSV: header_parse_error=EOF path=/home/runner/work/steampipe-samples/steampipe-samples/all/hackernews/new_sc.csv header=[]
2022-11-26 02:41:10.934 UTC [ERROR] steampipe-plugin-csv.plugin: [ERROR] csv.PluginTables: create_table_error="failed to parse file header /home/runner/work/steampipe-samples/steampipe-samples/all/hackernews/new_sc.csv: EOF" path=/home/runner/work/steampipe-samples/steampipe-samples/all/hackernews/new_sc.csv
2022-11-26 02:41:10.934 UTC [WARN]  failed to set connection config: failed to parse file header /home/runner/work/steampipe-samples/steampipe-samples/all/hackernews/new_sc.csv: EOF
2022-11-26 02:41:12.371 UTC [WARN]  steampipe-plugin-csv.plugin: [WARN]  1669430472250: getKeyColumnsForTable found no schema for table '/home/runner/work/steampipe-samples/steampipe-samples/all/hackernews/new_sc.csv'
2022-11-26 02:41:21.217 UTC [ERROR] steampipe-plugin-csv.plugin: [ERROR] csv.tableCSV: header_parse_error=EOF path=/home/runner/work/steampipe-samples/steampipe-samples/all/hackernews/hn_items_all.csv header=[]
2022-11-26 02:41:21.217 UTC [ERROR] steampipe-plugin-csv.plugin: [ERROR] csv.PluginTables: create_table_error="failed to parse file header /home/runner/work/steampipe-samples/steampipe-samples/all/hackernews/hn_items_all.csv: EOF" path=/home/runner/work/steampipe-samples/steampipe-samples/all/hackernews/hn_items_all.csv
2022-11-26 02:41:21.217 UTC [WARN]  failed to set connection config: failed to parse file header /home/runner/work/steampipe-samples/steampipe-samples/all/hackernews/hn_items_all.csv: EOF
2022-11-26 02:41:22.797 UTC [ERROR] steampipe-plugin-csv.plugin: [ERROR] csv.tableCSV: header_parse_error=EOF path=/home/runner/work/steampipe-samples/steampipe-samples/all/hackernews/people.csv header=[]
2022-11-26 02:41:22.797 UTC [ERROR] steampipe-plugin-csv.plugin: [ERROR] csv.PluginTables: create_table_error="failed to parse file header /home/runner/work/steampipe-samples/steampipe-samples/all/hackernews/people.csv: EOF" path=/home/runner/work/steampipe-samples/steampipe-samples/all/hackernews/people.csv
2022-11-26 02:41:22.797 UTC [WARN]  failed to set connection config: failed to parse file header /home/runner/work/steampipe-samples/steampipe-samples/all/hackernews/people.csv: EOF
