2023-03-28 05:19:11.707 UTC [INFO]  starting plugin manager
2023-03-28 05:19:11.707 UTC [TRACE] loaded config map: csv,github,hackernews,net
2023-03-28 05:19:11.707 UTC [TRACE] NewPluginManager
2023-03-28 05:19:11.708 UTC [TRACE] PluginManager setPluginCacheSizeMap: 4 connections.
2023-03-28 05:19:11.708 UTC [TRACE] Total cache size 0Mb
2023-03-28 05:19:11.708 UTC [INFO]  starting connection watcher
2023-03-28 05:19:11.708 UTC [INFO]  created ConnectionWatcher
2023-03-28 05:19:11.708 UTC [TRACE] about to serve
2023-03-28 05:19:11.736 UTC [TRACE] PluginManager Get, connections: '[csv]'
2023-03-28 05:19:11.736 UTC [TRACE] PluginManager getPlugin hub.steampipe.io/plugins/turbot/csv@latest connection 'csv'
2023-03-28 05:19:11.736 UTC [TRACE] PluginManager 0xc000891180 plugin hub.steampipe.io/plugins/turbot/csv@latest (csv) NOT started or starting - start now
2023-03-28 05:19:11.736 UTC [TRACE] ************ start plugin csv ********************
2023-03-28 05:19:11.736 UTC [TRACE] ************ plugin path /home/runner/.steampipe/plugins/hub.steampipe.io/plugins/turbot/csv@latest/steampipe-plugin-csv.plugin ********************
2023-03-28 05:19:11.811 UTC [DEBUG] starting plugin: path=/home/runner/.steampipe/plugins/hub.steampipe.io/plugins/turbot/csv@latest/steampipe-plugin-csv.plugin args=["/home/runner/.steampipe/plugins/hub.steampipe.io/plugins/turbot/csv@latest/steampipe-plugin-csv.plugin"]
2023-03-28 05:19:11.811 UTC [DEBUG] plugin started: path=/home/runner/.steampipe/plugins/hub.steampipe.io/plugins/turbot/csv@latest/steampipe-plugin-csv.plugin pid=2044
2023-03-28 05:19:11.811 UTC [DEBUG] waiting for RPC address: path=/home/runner/.steampipe/plugins/hub.steampipe.io/plugins/turbot/csv@latest/steampipe-plugin-csv.plugin
2023-03-28 05:19:11.825 UTC [INFO]  steampipe-plugin-csv.plugin: [INFO]  initialise plugin 'steampipe-plugin-csv', using sdk version 5.3.0
2023-03-28 05:19:11.825 UTC [TRACE] steampipe-plugin-csv.plugin: [TRACE] no DefaultRetryConfig defined - creating empty
2023-03-28 05:19:11.825 UTC [TRACE] steampipe-plugin-csv.plugin: [TRACE] no DefaultIgnoreConfig defined - creating empty
2023-03-28 05:19:11.825 UTC [TRACE] steampipe-plugin-csv.plugin: [TRACE] intialising defaultWatchedFilesChangedFunc
2023-03-28 05:19:11.825 UTC [TRACE] steampipe-plugin-csv.plugin: [TRACE] telemetry.Init service 'steampipe-plugin-csv', tracingEnabled: false, metricsEnabled: false
2023-03-28 05:19:11.825 UTC [TRACE] steampipe-plugin-csv.plugin: [TRACE] metrics and tracing disabled' - returning
2023-03-28 05:19:11.826 UTC [DEBUG] steampipe-plugin-csv.plugin: plugin address: network=unix address=/tmp/plugin2750148150 timestamp=2023-03-28T05:19:11.826Z
2023-03-28 05:19:11.826 UTC [DEBUG] using plugin: version=0
2023-03-28 05:19:11.826 UTC [TRACE] NewPluginClient for plugin hub.steampipe.io/plugins/turbot/csv@latest
2023-03-28 05:19:11.827 UTC [TRACE] stdio: waiting for stdio data
2023-03-28 05:19:11.828 UTC [TRACE] supportedOperations: query_cache:true  multiple_connections:true  message_stream:true
2023-03-28 05:19:11.830 UTC [TRACE] steampipe-plugin-csv.plugin: [TRACE] SetAllConnectionConfigs setting 1 configs
2023-03-28 05:19:11.830 UTC [TRACE] steampipe-plugin-csv.plugin: [TRACE] connection csv build schema and table map
2023-03-28 05:19:11.830 UTC [TRACE] steampipe-plugin-csv.plugin: [TRACE] Plugin steampipe-plugin-csv initialiseTables
2023-03-28 05:19:11.830 UTC [TRACE] steampipe-plugin-csv.plugin: [TRACE] getSourceFiles source: /home/runner/work/steampipe-samples/steampipe-samples/all/hackernews, glob: /home/runner/work/steampipe-samples/steampipe-samples/all/hackernews/*.csv
2023-03-28 05:19:11.833 UTC [DEBUG] steampipe-plugin-csv.plugin: [DEBUG] csv.tableCSV: path=/home/runner/work/steampipe-samples/steampipe-samples/all/hackernews/hn_items_all.csv detected_encoding=Unknown
2023-03-28 05:19:11.833 UTC [DEBUG] steampipe-plugin-csv.plugin: [DEBUG] csv.tableCSV: path=/home/runner/work/steampipe-samples/steampipe-samples/all/hackernews/new_sc.csv detected_encoding=Unknown
2023-03-28 05:19:11.833 UTC [TRACE] steampipe-plugin-csv.plugin: [TRACE] initialise table /home/runner/work/steampipe-samples/steampipe-samples/all/hackernews/hn_items_all.csv
2023-03-28 05:19:11.833 UTC [TRACE] steampipe-plugin-csv.plugin: [TRACE] no DefaultRetryConfig defined - creating empty
2023-03-28 05:19:11.833 UTC [TRACE] steampipe-plugin-csv.plugin: [TRACE] no DefaultIgnoreConfig defined - creating empty
2023-03-28 05:19:11.833 UTC [TRACE] steampipe-plugin-csv.plugin: [TRACE] apply plugin defaults for DefaultRetryConfig
2023-03-28 05:19:11.833 UTC [TRACE] steampipe-plugin-csv.plugin: [TRACE] apply plugin defaults for DefaultIgnoreConfig, table &{<nil> <nil>} plugin &{<nil> <nil>}
2023-03-28 05:19:11.833 UTC [TRACE] steampipe-plugin-csv.plugin: [TRACE] DefaultRetryConfig:
2023-03-28 05:19:11.833 UTC [TRACE] steampipe-plugin-csv.plugin: [TRACE] DefaultIgnoreConfig:
2023-03-28 05:19:11.833 UTC [TRACE] steampipe-plugin-csv.plugin: [TRACE] t.List.initialise
2023-03-28 05:19:11.833 UTC [TRACE] steampipe-plugin-csv.plugin: [TRACE] ListConfig.initialise table /home/runner/work/steampipe-samples/steampipe-samples/all/hackernews/hn_items_all.csv
2023-03-28 05:19:11.833 UTC [TRACE] steampipe-plugin-csv.plugin: [TRACE] ListConfig.initialise complete: RetryConfig: , IgnoreConfig
2023-03-28 05:19:11.833 UTC [TRACE] steampipe-plugin-csv.plugin: [TRACE] back from initialiseHydrateConfigs
2023-03-28 05:19:11.833 UTC [TRACE] steampipe-plugin-csv.plugin: [TRACE] initialise table /home/runner/work/steampipe-samples/steampipe-samples/all/hackernews/hn_items_all.csv COMPLETE
2023-03-28 05:19:11.833 UTC [TRACE] steampipe-plugin-csv.plugin: [TRACE] initialise table /home/runner/work/steampipe-samples/steampipe-samples/all/hackernews/new_sc.csv
2023-03-28 05:19:11.833 UTC [TRACE] steampipe-plugin-csv.plugin: [TRACE] no DefaultRetryConfig defined - creating empty
2023-03-28 05:19:11.833 UTC [TRACE] steampipe-plugin-csv.plugin: [TRACE] no DefaultIgnoreConfig defined - creating empty
2023-03-28 05:19:11.833 UTC [TRACE] steampipe-plugin-csv.plugin: [TRACE] apply plugin defaults for DefaultRetryConfig
2023-03-28 05:19:11.833 UTC [TRACE] steampipe-plugin-csv.plugin: [TRACE] apply plugin defaults for DefaultIgnoreConfig, table &{<nil> <nil>} plugin &{<nil> <nil>}
2023-03-28 05:19:11.833 UTC [TRACE] steampipe-plugin-csv.plugin: [TRACE] DefaultRetryConfig:
2023-03-28 05:19:11.833 UTC [TRACE] steampipe-plugin-csv.plugin: [TRACE] DefaultIgnoreConfig:
2023-03-28 05:19:11.833 UTC [TRACE] steampipe-plugin-csv.plugin: [TRACE] t.List.initialise
2023-03-28 05:19:11.833 UTC [TRACE] steampipe-plugin-csv.plugin: [TRACE] ListConfig.initialise table /home/runner/work/steampipe-samples/steampipe-samples/all/hackernews/new_sc.csv
2023-03-28 05:19:11.833 UTC [TRACE] steampipe-plugin-csv.plugin: [TRACE] ListConfig.initialise complete: RetryConfig: , IgnoreConfig
2023-03-28 05:19:11.833 UTC [TRACE] steampipe-plugin-csv.plugin: [TRACE] back from initialiseHydrateConfigs
2023-03-28 05:19:11.833 UTC [TRACE] steampipe-plugin-csv.plugin: [TRACE] initialise table /home/runner/work/steampipe-samples/steampipe-samples/all/hackernews/new_sc.csv COMPLETE
2023-03-28 05:19:11.833 UTC [TRACE] steampipe-plugin-csv.plugin: [TRACE] validate plugin steampipe-plugin-csv, required columns []
2023-03-28 05:19:11.833 UTC [TRACE] steampipe-plugin-csv.plugin: [TRACE] validate DefaultRetryConfig
2023-03-28 05:19:11.833 UTC [TRACE] steampipe-plugin-csv.plugin: [TRACE] validate DefaultIgnoreConfig
2023-03-28 05:19:11.833 UTC [TRACE] steampipe-plugin-csv.plugin: [TRACE] validate table names
2023-03-28 05:19:11.834 UTC [INFO]  steampipe-plugin-csv.plugin: [INFO]  plugin validation result: 0 warnings 0 errors
2023-03-28 05:19:11.834 UTC [TRACE] steampipe-plugin-csv.plugin: [TRACE] SetAllConnectionConfigs added connection csv to map, setting watch paths
2023-03-28 05:19:11.835 UTC [TRACE] steampipe-plugin-csv.plugin: [TRACE] updateConnectionWatchPaths for connection csv, watch paths: [/home/runner/work/steampipe-samples/steampipe-samples/all/hackernews/*.csv]
2023-03-28 05:19:11.835 UTC [TRACE] steampipe-plugin-csv.plugin: [TRACE] ConnectionData.updateWatchPaths - create watcher options from the watchPaths [/home/runner/work/steampipe-samples/steampipe-samples/all/hackernews/*.csv]
2023-03-28 05:19:11.835 UTC [TRACE] steampipe-plugin-csv.plugin: [TRACE] ConnectionData.updateWatchPaths - created the new file watcher
2023-03-28 05:19:11.835 UTC [TRACE] steampipe-plugin-csv.plugin: [TRACE] Plugin ensureCache creating cache, maxCacheStorageMb 0
2023-03-28 05:19:11.835 UTC [TRACE] steampipe-plugin-csv.plugin: [TRACE] createCacheStore for plugin 'steampipe-plugin-csv' setting max size to 0Mb, Shards: 2, max shard size: 0
2023-03-28 05:19:11.848 UTC [INFO]  steampipe-plugin-csv.plugin: [INFO]  query cache created
2023-03-28 05:19:11.848 UTC [DEBUG] steampipe-plugin-csv.plugin: [DEBUG] SetAllConnectionConfigs finished
2023-03-28 05:19:11.849 UTC [TRACE] PluginMessageServer AddConnection for connections [csv]
2023-03-28 05:19:11.849 UTC [TRACE] openMessageStream for connection 'csv'
2023-03-28 05:19:11.852 UTC [TRACE] calling EstablishMessageStream
2023-03-28 05:19:11.852 UTC [TRACE] PluginManager getPlugin complete, returning reattach config with PID: 2044
2023-03-28 05:19:11.852 UTC [TRACE] runMessageListener connection 'csv'
2023-03-28 05:19:11.855 UTC [TRACE] steampipe-plugin-csv.plugin: [TRACE] plugin.EstablishMessageStream plugin 0xc000302000, stream 0xc0004ec260
2023-03-28 05:19:11.855 UTC [TRACE] steampipe-plugin-csv.plugin: [TRACE] plugin.EstablishMessageStream set on plugin: plugin.messageStream 0xc0004ec260
2023-03-28 05:19:11.896 UTC [TRACE] PluginManager Get, connections: '[csv]'
2023-03-28 05:19:11.896 UTC [TRACE] PluginManager getPlugin hub.steampipe.io/plugins/turbot/csv@latest connection 'csv'
2023-03-28 05:19:11.896 UTC [TRACE] connection csv found in connectionPluginMap
2023-03-28 05:19:11.896 UTC [TRACE] initialized: 2044
2023-03-28 05:19:11.896 UTC [TRACE] initialized: 2044
2023-03-28 05:19:11.896 UTC [TRACE] connection csv is loaded, check for running PID
2023-03-28 05:19:11.897 UTC [TRACE] PluginManager found 'csv' in map, pid 2044
2023-03-28 05:19:11.950 UTC [TRACE] PluginManager Get, connections: '[hackernews]'
2023-03-28 05:19:11.950 UTC [TRACE] PluginManager getPlugin hub.steampipe.io/plugins/turbot/hackernews@latest connection 'hackernews'
2023-03-28 05:19:11.950 UTC [TRACE] PluginManager 0xc000891180 plugin hub.steampipe.io/plugins/turbot/hackernews@latest (hackernews) NOT started or starting - start now
2023-03-28 05:19:11.950 UTC [TRACE] ************ start plugin hackernews ********************
2023-03-28 05:19:11.951 UTC [TRACE] ************ plugin path /home/runner/.steampipe/plugins/hub.steampipe.io/plugins/turbot/hackernews@latest/steampipe-plugin-hackernews.plugin ********************
2023-03-28 05:19:12.012 UTC [DEBUG] starting plugin: path=/home/runner/.steampipe/plugins/hub.steampipe.io/plugins/turbot/hackernews@latest/steampipe-plugin-hackernews.plugin args=["/home/runner/.steampipe/plugins/hub.steampipe.io/plugins/turbot/hackernews@latest/steampipe-plugin-hackernews.plugin"]
2023-03-28 05:19:12.012 UTC [DEBUG] plugin started: path=/home/runner/.steampipe/plugins/hub.steampipe.io/plugins/turbot/hackernews@latest/steampipe-plugin-hackernews.plugin pid=2067
2023-03-28 05:19:12.012 UTC [DEBUG] waiting for RPC address: path=/home/runner/.steampipe/plugins/hub.steampipe.io/plugins/turbot/hackernews@latest/steampipe-plugin-hackernews.plugin
2023-03-28 05:19:12.020 UTC [INFO]  steampipe-plugin-hackernews.plugin: [INFO]  Initialise plugin 'steampipe-plugin-hackernews', using sdk version 4.1.7
2023-03-28 05:19:12.020 UTC [TRACE] steampipe-plugin-hackernews.plugin: [TRACE] defaulting SchemaMode to SchemaModeStatic
2023-03-28 05:19:12.020 UTC [TRACE] steampipe-plugin-hackernews.plugin: [TRACE] no DefaultRetryConfig defined - creating empty
2023-03-28 05:19:12.020 UTC [TRACE] steampipe-plugin-hackernews.plugin: [TRACE] no DefaultIgnoreConfig defined - creating empty
2023-03-28 05:19:12.020 UTC [TRACE] steampipe-plugin-hackernews.plugin: [TRACE] Setting Ulimit: ulimit=2560
2023-03-28 05:19:12.020 UTC [TRACE] steampipe-plugin-hackernews.plugin: [TRACE] telemetry.Init service 'steampipe-plugin-hackernews', tracingEnabled: false, metricsEnabled: false
2023-03-28 05:19:12.020 UTC [TRACE] steampipe-plugin-hackernews.plugin: [TRACE] metrics and tracing disabled' - returning
2023-03-28 05:19:12.021 UTC [DEBUG] steampipe-plugin-hackernews.plugin: plugin address: address=/tmp/plugin3125901733 network=unix timestamp=2023-03-28T05:19:12.020Z
2023-03-28 05:19:12.021 UTC [DEBUG] using plugin: version=0
2023-03-28 05:19:12.021 UTC [TRACE] NewPluginClient for plugin hub.steampipe.io/plugins/turbot/hackernews@latest
2023-03-28 05:19:12.022 UTC [TRACE] stdio: waiting for stdio data
2023-03-28 05:19:12.023 UTC [TRACE] supportedOperations: query_cache:true  multiple_connections:true
2023-03-28 05:19:12.023 UTC [TRACE] steampipe-plugin-hackernews.plugin: [TRACE] SetAllConnectionConfigs setting 1 configs
2023-03-28 05:19:12.023 UTC [TRACE] steampipe-plugin-hackernews.plugin: [TRACE] connection hackernews build schema and table map
2023-03-28 05:19:12.023 UTC [TRACE] steampipe-plugin-hackernews.plugin: [TRACE] initialise table hackernews_user
2023-03-28 05:19:12.023 UTC [TRACE] steampipe-plugin-hackernews.plugin: [TRACE] no DefaultRetryConfig defined - creating empty
2023-03-28 05:19:12.023 UTC [TRACE] steampipe-plugin-hackernews.plugin: [TRACE] no DefaultIgnoreConfig defined - creating empty
2023-03-28 05:19:12.023 UTC [TRACE] steampipe-plugin-hackernews.plugin: [TRACE] apply plugin defaults for DefaultRetryConfig
2023-03-28 05:19:12.023 UTC [TRACE] steampipe-plugin-hackernews.plugin: [TRACE] apply plugin defaults for DefaultIgnoreConfig, table &{<nil> <nil>} plugin &{<nil> <nil>}
2023-03-28 05:19:12.023 UTC [TRACE] steampipe-plugin-hackernews.plugin: [TRACE] DefaultRetryConfig:
2023-03-28 05:19:12.023 UTC [TRACE] steampipe-plugin-hackernews.plugin: [TRACE] DefaultIgnoreConfig:
2023-03-28 05:19:12.023 UTC [TRACE] steampipe-plugin-hackernews.plugin: [TRACE] t.List.initialise
2023-03-28 05:19:12.023 UTC [TRACE] steampipe-plugin-hackernews.plugin: [TRACE] ListConfig.initialise table hackernews_user
2023-03-28 05:19:12.023 UTC [TRACE] steampipe-plugin-hackernews.plugin: [TRACE] ListConfig.initialise complete: RetryConfig: , IgnoreConfig
2023-03-28 05:19:12.023 UTC [TRACE] steampipe-plugin-hackernews.plugin: [TRACE] back from initialiseHydrateConfigs
2023-03-28 05:19:12.023 UTC [TRACE] steampipe-plugin-hackernews.plugin: [TRACE] initialise table hackernews_user COMPLETE
2023-03-28 05:19:12.023 UTC [TRACE] steampipe-plugin-hackernews.plugin: [TRACE] initialise table hackernews_ask_hn
2023-03-28 05:19:12.023 UTC [TRACE] steampipe-plugin-hackernews.plugin: [TRACE] no DefaultRetryConfig defined - creating empty
2023-03-28 05:19:12.023 UTC [TRACE] steampipe-plugin-hackernews.plugin: [TRACE] no DefaultIgnoreConfig defined - creating empty
2023-03-28 05:19:12.023 UTC [TRACE] steampipe-plugin-hackernews.plugin: [TRACE] apply plugin defaults for DefaultRetryConfig
2023-03-28 05:19:12.023 UTC [TRACE] steampipe-plugin-hackernews.plugin: [TRACE] apply plugin defaults for DefaultIgnoreConfig, table &{<nil> <nil>} plugin &{<nil> <nil>}
2023-03-28 05:19:12.023 UTC [TRACE] steampipe-plugin-hackernews.plugin: [TRACE] DefaultRetryConfig:
2023-03-28 05:19:12.023 UTC [TRACE] steampipe-plugin-hackernews.plugin: [TRACE] DefaultIgnoreConfig:
2023-03-28 05:19:12.023 UTC [TRACE] steampipe-plugin-hackernews.plugin: [TRACE] t.Get.initialise
2023-03-28 05:19:12.023 UTC [TRACE] steampipe-plugin-hackernews.plugin: [TRACE] GetConfig.initialise table hackernews_ask_hn
2023-03-28 05:19:12.023 UTC [TRACE] steampipe-plugin-hackernews.plugin: [TRACE] GetConfig.initialise complete: RetryConfig: , IgnoreConfig:
2023-03-28 05:19:12.023 UTC [TRACE] steampipe-plugin-hackernews.plugin: [TRACE] t.List.initialise
2023-03-28 05:19:12.023 UTC [TRACE] steampipe-plugin-hackernews.plugin: [TRACE] ListConfig.initialise table hackernews_ask_hn
2023-03-28 05:19:12.023 UTC [TRACE] steampipe-plugin-hackernews.plugin: [TRACE] ListConfig.initialise complete: RetryConfig: , IgnoreConfig
2023-03-28 05:19:12.023 UTC [TRACE] steampipe-plugin-hackernews.plugin: [TRACE] HydrateConfig.initialise func getItem, table hackernews_ask_hn
2023-03-28 05:19:12.023 UTC [TRACE] steampipe-plugin-hackernews.plugin: [TRACE] HydrateConfig.initialise complete: RetryConfig: , IgnoreConfig:
2023-03-28 05:19:12.023 UTC [TRACE] steampipe-plugin-hackernews.plugin: [TRACE] back from initialiseHydrateConfigs
2023-03-28 05:19:12.023 UTC [TRACE] steampipe-plugin-hackernews.plugin: [TRACE] initialise table hackernews_ask_hn COMPLETE
2023-03-28 05:19:12.023 UTC [TRACE] steampipe-plugin-hackernews.plugin: [TRACE] initialise table hackernews_best
2023-03-28 05:19:12.023 UTC [TRACE] steampipe-plugin-hackernews.plugin: [TRACE] no DefaultRetryConfig defined - creating empty
2023-03-28 05:19:12.023 UTC [TRACE] steampipe-plugin-hackernews.plugin: [TRACE] no DefaultIgnoreConfig defined - creating empty
2023-03-28 05:19:12.023 UTC [TRACE] steampipe-plugin-hackernews.plugin: [TRACE] apply plugin defaults for DefaultRetryConfig
2023-03-28 05:19:12.023 UTC [TRACE] steampipe-plugin-hackernews.plugin: [TRACE] apply plugin defaults for DefaultIgnoreConfig, table &{<nil> <nil>} plugin &{<nil> <nil>}
2023-03-28 05:19:12.023 UTC [TRACE] steampipe-plugin-hackernews.plugin: [TRACE] DefaultRetryConfig:
2023-03-28 05:19:12.023 UTC [TRACE] steampipe-plugin-hackernews.plugin: [TRACE] DefaultIgnoreConfig:
2023-03-28 05:19:12.023 UTC [TRACE] steampipe-plugin-hackernews.plugin: [TRACE] t.Get.initialise
2023-03-28 05:19:12.023 UTC [TRACE] steampipe-plugin-hackernews.plugin: [TRACE] GetConfig.initialise table hackernews_best
2023-03-28 05:19:12.023 UTC [TRACE] steampipe-plugin-hackernews.plugin: [TRACE] GetConfig.initialise complete: RetryConfig: , IgnoreConfig:
2023-03-28 05:19:12.023 UTC [TRACE] steampipe-plugin-hackernews.plugin: [TRACE] t.List.initialise
2023-03-28 05:19:12.023 UTC [TRACE] steampipe-plugin-hackernews.plugin: [TRACE] ListConfig.initialise table hackernews_best
2023-03-28 05:19:12.023 UTC [TRACE] steampipe-plugin-hackernews.plugin: [TRACE] ListConfig.initialise complete: RetryConfig: , IgnoreConfig
2023-03-28 05:19:12.023 UTC [TRACE] steampipe-plugin-hackernews.plugin: [TRACE] HydrateConfig.initialise func getItem, table hackernews_best
2023-03-28 05:19:12.023 UTC [TRACE] steampipe-plugin-hackernews.plugin: [TRACE] HydrateConfig.initialise complete: RetryConfig: , IgnoreConfig:
2023-03-28 05:19:12.023 UTC [TRACE] steampipe-plugin-hackernews.plugin: [TRACE] back from initialiseHydrateConfigs
2023-03-28 05:19:12.023 UTC [TRACE] steampipe-plugin-hackernews.plugin: [TRACE] initialise table hackernews_best COMPLETE
2023-03-28 05:19:12.023 UTC [TRACE] steampipe-plugin-hackernews.plugin: [TRACE] initialise table hackernews_item
2023-03-28 05:19:12.023 UTC [TRACE] steampipe-plugin-hackernews.plugin: [TRACE] no DefaultRetryConfig defined - creating empty
2023-03-28 05:19:12.023 UTC [TRACE] steampipe-plugin-hackernews.plugin: [TRACE] no DefaultIgnoreConfig defined - creating empty
2023-03-28 05:19:12.023 UTC [TRACE] steampipe-plugin-hackernews.plugin: [TRACE] apply plugin defaults for DefaultRetryConfig
2023-03-28 05:19:12.023 UTC [TRACE] steampipe-plugin-hackernews.plugin: [TRACE] apply plugin defaults for DefaultIgnoreConfig, table &{<nil> <nil>} plugin &{<nil> <nil>}
2023-03-28 05:19:12.023 UTC [TRACE] steampipe-plugin-hackernews.plugin: [TRACE] DefaultRetryConfig:
2023-03-28 05:19:12.023 UTC [TRACE] steampipe-plugin-hackernews.plugin: [TRACE] DefaultIgnoreConfig:
2023-03-28 05:19:12.023 UTC [TRACE] steampipe-plugin-hackernews.plugin: [TRACE] t.Get.initialise
2023-03-28 05:19:12.023 UTC [TRACE] steampipe-plugin-hackernews.plugin: [TRACE] GetConfig.initialise table hackernews_item
2023-03-28 05:19:12.023 UTC [TRACE] steampipe-plugin-hackernews.plugin: [TRACE] GetConfig.initialise complete: RetryConfig: , IgnoreConfig:
2023-03-28 05:19:12.023 UTC [TRACE] steampipe-plugin-hackernews.plugin: [TRACE] t.List.initialise
2023-03-28 05:19:12.023 UTC [TRACE] steampipe-plugin-hackernews.plugin: [TRACE] ListConfig.initialise table hackernews_item
2023-03-28 05:19:12.023 UTC [TRACE] steampipe-plugin-hackernews.plugin: [TRACE] ListConfig.initialise complete: RetryConfig: , IgnoreConfig
2023-03-28 05:19:12.023 UTC [TRACE] steampipe-plugin-hackernews.plugin: [TRACE] HydrateConfig.initialise func getItem, table hackernews_item
2023-03-28 05:19:12.023 UTC [TRACE] steampipe-plugin-hackernews.plugin: [TRACE] HydrateConfig.initialise complete: RetryConfig: , IgnoreConfig:
2023-03-28 05:19:12.023 UTC [TRACE] steampipe-plugin-hackernews.plugin: [TRACE] back from initialiseHydrateConfigs
2023-03-28 05:19:12.023 UTC [TRACE] steampipe-plugin-hackernews.plugin: [TRACE] initialise table hackernews_item COMPLETE
2023-03-28 05:19:12.023 UTC [TRACE] steampipe-plugin-hackernews.plugin: [TRACE] initialise table hackernews_job
2023-03-28 05:19:12.023 UTC [TRACE] steampipe-plugin-hackernews.plugin: [TRACE] no DefaultRetryConfig defined - creating empty
2023-03-28 05:19:12.024 UTC [TRACE] steampipe-plugin-hackernews.plugin: [TRACE] no DefaultIgnoreConfig defined - creating empty
2023-03-28 05:19:12.024 UTC [TRACE] steampipe-plugin-hackernews.plugin: [TRACE] apply plugin defaults for DefaultRetryConfig
2023-03-28 05:19:12.024 UTC [TRACE] steampipe-plugin-hackernews.plugin: [TRACE] apply plugin defaults for DefaultIgnoreConfig, table &{<nil> <nil>} plugin &{<nil> <nil>}
2023-03-28 05:19:12.024 UTC [TRACE] steampipe-plugin-hackernews.plugin: [TRACE] DefaultRetryConfig:
2023-03-28 05:19:12.024 UTC [TRACE] steampipe-plugin-hackernews.plugin: [TRACE] DefaultIgnoreConfig:
2023-03-28 05:19:12.024 UTC [TRACE] steampipe-plugin-hackernews.plugin: [TRACE] t.Get.initialise
2023-03-28 05:19:12.024 UTC [TRACE] steampipe-plugin-hackernews.plugin: [TRACE] GetConfig.initialise table hackernews_job
2023-03-28 05:19:12.024 UTC [TRACE] steampipe-plugin-hackernews.plugin: [TRACE] GetConfig.initialise complete: RetryConfig: , IgnoreConfig:
2023-03-28 05:19:12.024 UTC [TRACE] steampipe-plugin-hackernews.plugin: [TRACE] t.List.initialise
2023-03-28 05:19:12.024 UTC [TRACE] steampipe-plugin-hackernews.plugin: [TRACE] ListConfig.initialise table hackernews_job
2023-03-28 05:19:12.024 UTC [TRACE] steampipe-plugin-hackernews.plugin: [TRACE] ListConfig.initialise complete: RetryConfig: , IgnoreConfig
2023-03-28 05:19:12.024 UTC [TRACE] steampipe-plugin-hackernews.plugin: [TRACE] HydrateConfig.initialise func getItem, table hackernews_job
2023-03-28 05:19:12.024 UTC [TRACE] steampipe-plugin-hackernews.plugin: [TRACE] HydrateConfig.initialise complete: RetryConfig: , IgnoreConfig:
2023-03-28 05:19:12.024 UTC [TRACE] steampipe-plugin-hackernews.plugin: [TRACE] back from initialiseHydrateConfigs
2023-03-28 05:19:12.024 UTC [TRACE] steampipe-plugin-hackernews.plugin: [TRACE] initialise table hackernews_job COMPLETE
2023-03-28 05:19:12.024 UTC [TRACE] steampipe-plugin-hackernews.plugin: [TRACE] initialise table hackernews_new
2023-03-28 05:19:12.024 UTC [TRACE] steampipe-plugin-hackernews.plugin: [TRACE] no DefaultRetryConfig defined - creating empty
2023-03-28 05:19:12.024 UTC [TRACE] steampipe-plugin-hackernews.plugin: [TRACE] no DefaultIgnoreConfig defined - creating empty
2023-03-28 05:19:12.024 UTC [TRACE] steampipe-plugin-hackernews.plugin: [TRACE] apply plugin defaults for DefaultRetryConfig
2023-03-28 05:19:12.024 UTC [TRACE] steampipe-plugin-hackernews.plugin: [TRACE] apply plugin defaults for DefaultIgnoreConfig, table &{<nil> <nil>} plugin &{<nil> <nil>}
2023-03-28 05:19:12.024 UTC [TRACE] steampipe-plugin-hackernews.plugin: [TRACE] DefaultRetryConfig:
2023-03-28 05:19:12.024 UTC [TRACE] steampipe-plugin-hackernews.plugin: [TRACE] DefaultIgnoreConfig:
2023-03-28 05:19:12.024 UTC [TRACE] steampipe-plugin-hackernews.plugin: [TRACE] t.Get.initialise
2023-03-28 05:19:12.024 UTC [TRACE] steampipe-plugin-hackernews.plugin: [TRACE] GetConfig.initialise table hackernews_new
2023-03-28 05:19:12.024 UTC [TRACE] steampipe-plugin-hackernews.plugin: [TRACE] GetConfig.initialise complete: RetryConfig: , IgnoreConfig:
2023-03-28 05:19:12.024 UTC [TRACE] steampipe-plugin-hackernews.plugin: [TRACE] t.List.initialise
2023-03-28 05:19:12.024 UTC [TRACE] steampipe-plugin-hackernews.plugin: [TRACE] ListConfig.initialise table hackernews_new
2023-03-28 05:19:12.024 UTC [TRACE] steampipe-plugin-hackernews.plugin: [TRACE] ListConfig.initialise complete: RetryConfig: , IgnoreConfig
2023-03-28 05:19:12.024 UTC [TRACE] steampipe-plugin-hackernews.plugin: [TRACE] HydrateConfig.initialise func getItem, table hackernews_new
2023-03-28 05:19:12.024 UTC [TRACE] steampipe-plugin-hackernews.plugin: [TRACE] HydrateConfig.initialise complete: RetryConfig: , IgnoreConfig:
2023-03-28 05:19:12.024 UTC [TRACE] steampipe-plugin-hackernews.plugin: [TRACE] back from initialiseHydrateConfigs
2023-03-28 05:19:12.024 UTC [TRACE] steampipe-plugin-hackernews.plugin: [TRACE] initialise table hackernews_new COMPLETE
2023-03-28 05:19:12.024 UTC [TRACE] steampipe-plugin-hackernews.plugin: [TRACE] initialise table hackernews_show_hn
2023-03-28 05:19:12.024 UTC [TRACE] steampipe-plugin-hackernews.plugin: [TRACE] no DefaultRetryConfig defined - creating empty
2023-03-28 05:19:12.024 UTC [TRACE] steampipe-plugin-hackernews.plugin: [TRACE] no DefaultIgnoreConfig defined - creating empty
2023-03-28 05:19:12.024 UTC [TRACE] steampipe-plugin-hackernews.plugin: [TRACE] apply plugin defaults for DefaultRetryConfig
2023-03-28 05:19:12.024 UTC [TRACE] steampipe-plugin-hackernews.plugin: [TRACE] apply plugin defaults for DefaultIgnoreConfig, table &{<nil> <nil>} plugin &{<nil> <nil>}
2023-03-28 05:19:12.024 UTC [TRACE] steampipe-plugin-hackernews.plugin: [TRACE] DefaultRetryConfig:
2023-03-28 05:19:12.024 UTC [TRACE] steampipe-plugin-hackernews.plugin: [TRACE] DefaultIgnoreConfig:
2023-03-28 05:19:12.024 UTC [TRACE] steampipe-plugin-hackernews.plugin: [TRACE] t.Get.initialise
2023-03-28 05:19:12.024 UTC [TRACE] steampipe-plugin-hackernews.plugin: [TRACE] GetConfig.initialise table hackernews_show_hn
2023-03-28 05:19:12.024 UTC [TRACE] steampipe-plugin-hackernews.plugin: [TRACE] GetConfig.initialise complete: RetryConfig: , IgnoreConfig:
2023-03-28 05:19:12.024 UTC [TRACE] steampipe-plugin-hackernews.plugin: [TRACE] t.List.initialise
2023-03-28 05:19:12.024 UTC [TRACE] steampipe-plugin-hackernews.plugin: [TRACE] ListConfig.initialise table hackernews_show_hn
2023-03-28 05:19:12.024 UTC [TRACE] steampipe-plugin-hackernews.plugin: [TRACE] ListConfig.initialise complete: RetryConfig: , IgnoreConfig
2023-03-28 05:19:12.024 UTC [TRACE] steampipe-plugin-hackernews.plugin: [TRACE] HydrateConfig.initialise func getItem, table hackernews_show_hn
2023-03-28 05:19:12.024 UTC [TRACE] steampipe-plugin-hackernews.plugin: [TRACE] HydrateConfig.initialise complete: RetryConfig: , IgnoreConfig:
2023-03-28 05:19:12.024 UTC [TRACE] steampipe-plugin-hackernews.plugin: [TRACE] back from initialiseHydrateConfigs
2023-03-28 05:19:12.024 UTC [TRACE] steampipe-plugin-hackernews.plugin: [TRACE] initialise table hackernews_show_hn COMPLETE
2023-03-28 05:19:12.024 UTC [TRACE] steampipe-plugin-hackernews.plugin: [TRACE] initialise table hackernews_top
2023-03-28 05:19:12.024 UTC [TRACE] steampipe-plugin-hackernews.plugin: [TRACE] no DefaultRetryConfig defined - creating empty
2023-03-28 05:19:12.024 UTC [TRACE] steampipe-plugin-hackernews.plugin: [TRACE] no DefaultIgnoreConfig defined - creating empty
2023-03-28 05:19:12.024 UTC [TRACE] steampipe-plugin-hackernews.plugin: [TRACE] apply plugin defaults for DefaultRetryConfig
2023-03-28 05:19:12.024 UTC [TRACE] steampipe-plugin-hackernews.plugin: [TRACE] apply plugin defaults for DefaultIgnoreConfig, table &{<nil> <nil>} plugin &{<nil> <nil>}
2023-03-28 05:19:12.024 UTC [TRACE] steampipe-plugin-hackernews.plugin: [TRACE] DefaultRetryConfig:
2023-03-28 05:19:12.024 UTC [TRACE] steampipe-plugin-hackernews.plugin: [TRACE] DefaultIgnoreConfig:
2023-03-28 05:19:12.024 UTC [TRACE] steampipe-plugin-hackernews.plugin: [TRACE] t.Get.initialise
2023-03-28 05:19:12.024 UTC [TRACE] steampipe-plugin-hackernews.plugin: [TRACE] GetConfig.initialise table hackernews_top
2023-03-28 05:19:12.024 UTC [TRACE] steampipe-plugin-hackernews.plugin: [TRACE] GetConfig.initialise complete: RetryConfig: , IgnoreConfig:
2023-03-28 05:19:12.024 UTC [TRACE] steampipe-plugin-hackernews.plugin: [TRACE] t.List.initialise
2023-03-28 05:19:12.024 UTC [TRACE] steampipe-plugin-hackernews.plugin: [TRACE] ListConfig.initialise table hackernews_top
2023-03-28 05:19:12.024 UTC [TRACE] steampipe-plugin-hackernews.plugin: [TRACE] ListConfig.initialise complete: RetryConfig: , IgnoreConfig
2023-03-28 05:19:12.024 UTC [TRACE] steampipe-plugin-hackernews.plugin: [TRACE] HydrateConfig.initialise func getItem, table hackernews_top
2023-03-28 05:19:12.024 UTC [TRACE] steampipe-plugin-hackernews.plugin: [TRACE] HydrateConfig.initialise complete: RetryConfig: , IgnoreConfig:
2023-03-28 05:19:12.024 UTC [TRACE] steampipe-plugin-hackernews.plugin: [TRACE] back from initialiseHydrateConfigs
2023-03-28 05:19:12.024 UTC [TRACE] steampipe-plugin-hackernews.plugin: [TRACE] initialise table hackernews_top COMPLETE
2023-03-28 05:19:12.024 UTC [TRACE] steampipe-plugin-hackernews.plugin: [TRACE] validate plugin steampipe-plugin-hackernews, required columns []
2023-03-28 05:19:12.024 UTC [TRACE] steampipe-plugin-hackernews.plugin: [TRACE] validate DefaultRetryConfig
2023-03-28 05:19:12.024 UTC [TRACE] steampipe-plugin-hackernews.plugin: [TRACE] validate DefaultIgnoreConfig
2023-03-28 05:19:12.024 UTC [TRACE] steampipe-plugin-hackernews.plugin: [TRACE] validate table names
2023-03-28 05:19:12.024 UTC [TRACE] steampipe-plugin-hackernews.plugin: [TRACE] plugin has 0 validation errors
2023-03-28 05:19:12.024 UTC [TRACE] steampipe-plugin-hackernews.plugin: [TRACE] Plugin ensureCache creating cache, maxCacheStorageMb 0
2023-03-28 05:19:12.024 UTC [TRACE] steampipe-plugin-hackernews.plugin: [TRACE] createCacheStore for plugin 'steampipe-plugin-hackernews' setting max size to 0Mb, Shards: 2, max shard size: 0
2023-03-28 05:19:12.038 UTC [INFO]  steampipe-plugin-hackernews.plugin: [INFO]  query cache created
2023-03-28 05:19:12.038 UTC [DEBUG] steampipe-plugin-hackernews.plugin: [DEBUG] SetAllConnectionConfigs finished
2023-03-28 05:19:12.039 UTC [TRACE] PluginManager getPlugin complete, returning reattach config with PID: 2067
2023-03-28 05:19:12.043 UTC [INFO]  steampipe-plugin-hackernews.plugin: [INFO]  16799807523: Plugin Execute (16799807523)
2023-03-28 05:19:12.043 UTC [TRACE] steampipe-plugin-hackernews.plugin: [TRACE] 16799807523: No memory limit set
2023-03-28 05:19:12.043 UTC [INFO]  steampipe-plugin-hackernews.plugin: [INFO]  16799807523: Plugin Execute, setting memory limit to -1Mb
2023-03-28 05:19:12.043 UTC [TRACE] steampipe-plugin-hackernews.plugin: [TRACE] 16799807523: calling ExtractContextFromCarrier
2023-03-28 05:19:12.043 UTC [INFO]  steampipe-plugin-hackernews.plugin: [INFO]  16799807523: Setting max concurrent connections to 25
2023-03-28 05:19:12.043 UTC [TRACE] steampipe-plugin-hackernews.plugin: [TRACE] 16799807523: executeForConnection callId: 16799807523, connectionCallId: hackernews-16799807523, connection: hackernews table: hackernews_new cols: id,title,time,by,score,dead,deleted,descendants,kids,parent,parts,poll,text,type,url,_ctx
2023-03-28 05:19:12.043 UTC [TRACE] steampipe-plugin-hackernews.plugin: [TRACE] 16799807523: got connection data
2023-03-28 05:19:12.043 UTC [TRACE] steampipe-plugin-hackernews.plugin: [TRACE] 16799807523: Got query context, table: hackernews_new, cols: [id title time by score dead deleted descendants kids parent parts poll text type url _ctx]
2023-03-28 05:19:12.043 UTC [TRACE] steampipe-plugin-hackernews.plugin: [TRACE] 16799807523: Start execute span
2023-03-28 05:19:12.043 UTC [INFO]  steampipe-plugin-hackernews.plugin: [INFO]  16799807523: Setting free memory interval to 100 rows
2023-03-28 05:19:12.043 UTC [TRACE] steampipe-plugin-hackernews.plugin: [TRACE] 16799807523: setFetchType map[time:quals:{fieldName:"time"  string_value:">"  value:{timestamp_value:{seconds:1679977151  nanos:925649000}}}]
2023-03-28 05:19:12.044 UTC [TRACE] steampipe-plugin-hackernews.plugin: [TRACE] 16799807523: getMatchingQuals column:'id' operator: =
2023-03-28 05:19:12.044 UTC [TRACE] steampipe-plugin-hackernews.plugin: [TRACE] 16799807523: getMatchingQuals returning false - qualMap does not contain any quals for column id
2023-03-28 05:19:12.044 UTC [TRACE] steampipe-plugin-hackernews.plugin: [TRACE] 16799807523: GetUnsatisfiedKeyColumns for columns column:'id' operator: =
2023-03-28 05:19:12.045 UTC [TRACE] steampipe-plugin-hackernews.plugin: [TRACE] 16799807523: key column NOT satisfied column:'id' operator: =
2023-03-28 05:19:12.045 UTC [TRACE] steampipe-plugin-hackernews.plugin: [TRACE] 16799807523: satisfied: map[any_of: optional: required:]
2023-03-28 05:19:12.045 UTC [TRACE] steampipe-plugin-hackernews.plugin: [TRACE] 16799807523: unsatisfied: map[any_of: optional: required:column:'id' operator: =]
2023-03-28 05:19:12.046 UTC [TRACE] steampipe-plugin-hackernews.plugin: [TRACE] 16799807523: unsatisfied required KeyColumns: column:'id' operator: =
2023-03-28 05:19:12.046 UTC [TRACE] steampipe-plugin-hackernews.plugin: [TRACE] 16799807523: Set fetchType to fetchTypeList
2023-03-28 05:19:12.046 UTC [TRACE] steampipe-plugin-hackernews.plugin: [TRACE] 16799807523: Equals key column quals:
2023-03-28 05:19:12.046 UTC [DEBUG] steampipe-plugin-hackernews.plugin: {}
2023-03-28 05:19:12.046 UTC [TRACE] steampipe-plugin-hackernews.plugin: [TRACE] 16799807523: All key column quals:
2023-03-28 05:19:12.046 UTC [DEBUG] steampipe-plugin-hackernews.plugin: {}
2023-03-28 05:19:12.046 UTC [TRACE] steampipe-plugin-hackernews.plugin: [TRACE] 16799807523: GetMatrixItem
2023-03-28 05:19:12.046 UTC [TRACE] steampipe-plugin-hackernews.plugin: [TRACE] 16799807523: creating query data
2023-03-28 05:19:12.046 UTC [INFO]  steampipe-plugin-hackernews.plugin: [INFO]  16799807523: cacheEnabled, trying cache get (hackernews-16799807523)
2023-03-28 05:19:12.046 UTC [TRACE] steampipe-plugin-hackernews.plugin: [TRACE] 16799807523: QueryCache Get - indexBucketKey index__hackernewshackernews_new, quals
2023-03-28 05:19:12.046 UTC [TRACE] steampipe-plugin-hackernews.plugin: [TRACE] 16799807523: QueryCache getCachedQueryResult - table hackernews_new, connectionName hackernews
2023-03-28 05:19:12.046 UTC [TRACE] steampipe-plugin-hackernews.plugin: [TRACE] 16799807523: index bucket key: index__hackernewshackernews_new ttlSeconds 300 limit: -1
2023-03-28 05:19:12.046 UTC [TRACE] steampipe-plugin-hackernews.plugin: [TRACE] 16799807523: doGet cache miss
2023-03-28 05:19:12.046 UTC [TRACE] steampipe-plugin-hackernews.plugin: [TRACE] 16799807523: getCachedIndexBucket - no item retrieved for cache key index__hackernewshackernews_new
2023-03-28 05:19:12.046 UTC [TRACE] steampipe-plugin-hackernews.plugin: [TRACE] 16799807523: getCachedQueryResult returned CACHE MISS - checking for pending transfers
2023-03-28 05:19:12.046 UTC [TRACE] steampipe-plugin-hackernews.plugin: [TRACE] 16799807523: getPendingResultItem indexBucketKey index__hackernewshackernews_new, columns [id title time by score dead deleted descendants kids parent parts poll text type url _ctx], limit -1
2023-03-28 05:19:12.046 UTC [TRACE] steampipe-plugin-hackernews.plugin: [TRACE] 16799807523: no pending index item - add pending result, indexBucketKey index__hackernewshackernews_new
2023-03-28 05:19:12.046 UTC [TRACE] steampipe-plugin-hackernews.plugin: [TRACE] 16799807523: addPendingResult (hackernews-16799807523) indexBucketKey index__hackernewshackernews_new, columns [id title time by score dead deleted descendants kids parent parts poll text type url _ctx], limit -1
2023-03-28 05:19:12.046 UTC [TRACE] steampipe-plugin-hackernews.plugin: [TRACE] 16799807523: no index bucket found - creating one
2023-03-28 05:19:12.046 UTC [TRACE] steampipe-plugin-hackernews.plugin: [TRACE] 16799807523: pendingIndexItem Lock count before 0
2023-03-28 05:19:12.046 UTC [TRACE] steampipe-plugin-hackernews.plugin: [TRACE] 16799807523: addPendingResult added pending index item to bucket, (hackernews-16799807523) indexBucketKey index__hackernewshackernews_new, resultKeyRoot hackernewshackernews_newid,title,time,by,score,dead,deleted,descendants,kids,parent,parts,poll,text,type,url,_ctx-1, pending item : 0xc0003d9a70
2023-03-28 05:19:12.046 UTC [TRACE] steampipe-plugin-hackernews.plugin: [TRACE] 16799807523: **** pending items (hackernews-16799807523)****
2023-03-28 05:19:12.046 UTC [TRACE] steampipe-plugin-hackernews.plugin: [TRACE] 16799807523: key: index__hackernewshackernews_new: item: 0xc0003d9a70, count: 1, key:hackernewshackernews_newid,title,time,by,score,dead,deleted,descendants,kids,parent,parts,poll,text,type,url,_ctx-1
2023-03-28 05:19:12.046 UTC [TRACE] steampipe-plugin-hackernews.plugin: [TRACE] 16799807523: ********
2023-03-28 05:19:12.046 UTC [TRACE] steampipe-plugin-hackernews.plugin: [TRACE] 16799807523: getPendingResultItem returning <nil>
2023-03-28 05:19:12.046 UTC [INFO]  steampipe-plugin-hackernews.plugin: [INFO]  16799807523: CACHE MISS
2023-03-28 05:19:12.046 UTC [TRACE] steampipe-plugin-hackernews.plugin: [TRACE] 16799807523: cache MISS
2023-03-28 05:19:12.046 UTC [INFO]  steampipe-plugin-hackernews.plugin: [INFO]  16799807523: queryCacheGet returned CACHE MISS (hackernews-16799807523)
2023-03-28 05:19:12.046 UTC [TRACE] steampipe-plugin-hackernews.plugin: [TRACE] 16799807523: StartSet (hackernews-16799807523)
2023-03-28 05:19:12.046 UTC [TRACE] steampipe-plugin-hackernews.plugin: [TRACE] 16799807523: calling fetchItems, table: hackernews_new, matrixItem: [], limit: -1,  connectionCallId: hackernews-16799807523"
2023-03-28 05:19:12.046 UTC [TRACE] steampipe-plugin-hackernews.plugin: [TRACE] 16799807523: buildRowsAsync connectionCallId: hackernews-16799807523
2023-03-28 05:19:12.046 UTC [TRACE] steampipe-plugin-hackernews.plugin: [TRACE] 16799807523: streamRows connectionCallId: hackernews-16799807523
2023-03-28 05:19:12.046 UTC [TRACE] steampipe-plugin-hackernews.plugin: [TRACE] 16799807523: QueryData streamRows (hackernews-16799807523)
2023-03-28 05:19:12.046 UTC [TRACE] steampipe-plugin-hackernews.plugin: [TRACE] 16799807523: executeListCall START (hackernews-16799807523)
2023-03-28 05:19:12.046 UTC [TRACE] steampipe-plugin-hackernews.plugin: [TRACE] 16799807523: GetUnsatisfiedKeyColumns for columns
2023-03-28 05:19:12.046 UTC [TRACE] steampipe-plugin-hackernews.plugin: [TRACE] 16799807523: doList (hackernews-16799807523)
2023-03-28 05:19:12.046 UTC [TRACE] steampipe-plugin-hackernews.plugin: [TRACE] 16799807523: doList: no matrix item
2023-03-28 05:19:12.202 UTC [TRACE] steampipe-plugin-hackernews.plugin: [TRACE] 16799807523: QueryData.fetchComplete
2023-03-28 05:19:12.202 UTC [TRACE] steampipe-plugin-hackernews.plugin: [TRACE] 16799807523: executeListCall COMPLETE (hackernews-16799807523)
2023-03-28 05:19:12.202 UTC [TRACE] steampipe-plugin-hackernews.plugin: [TRACE] 16799807523: rowData chan returned nil - wait for rows to complete (hackernews-16799807523)
2023-03-28 05:19:12.296 UTC [TRACE] stdio: received data: channel=STDOUT len=207
2023-03-28 05:19:12.296 UTC [TRACE] stdio: waiting for stdio data
2023-03-28 05:19:12.329 UTC [TRACE] stdio: received data: channel=STDOUT len=1024
2023-03-28 05:19:12.329 UTC [TRACE] stdio: waiting for stdio data
2023-03-28 05:19:12.378 UTC [TRACE] stdio: received data: channel=STDOUT len=1024
2023-03-28 05:19:12.378 UTC [TRACE] stdio: waiting for stdio data
2023-03-28 05:19:12.427 UTC [TRACE] stdio: received data: channel=STDOUT len=241
2023-03-28 05:19:12.427 UTC [TRACE] stdio: waiting for stdio data
2023-03-28 05:19:12.427 UTC [TRACE] stdio: received data: channel=STDOUT len=594
2023-03-28 05:19:12.427 UTC [TRACE] stdio: waiting for stdio data
2023-03-28 05:19:12.547 UTC [TRACE] stdio: received data: channel=STDOUT len=1024
2023-03-28 05:19:12.547 UTC [TRACE] stdio: waiting for stdio data
2023-03-28 05:19:12.560 UTC [TRACE] steampipe-plugin-hackernews.plugin: [TRACE] 16799807523: buildRowsAsync goroutine returning (hackernews-16799807523)
2023-03-28 05:19:12.560 UTC [TRACE] steampipe-plugin-hackernews.plugin: [TRACE] 16799807523: streamRows - nil row, stop streaming (hackernews-16799807523)
2023-03-28 05:19:12.560 UTC [TRACE] steampipe-plugin-hackernews.plugin: [TRACE] 16799807523: ------------------------------------
2023-03-28 05:19:12.560 UTC [TRACE] steampipe-plugin-hackernews.plugin: [TRACE] 16799807523: Concurrency Summary
2023-03-28 05:19:12.560 UTC [TRACE] steampipe-plugin-hackernews.plugin: [TRACE] 16799807523: ------------------------------------
2023-03-28 05:19:12.560 UTC [TRACE] steampipe-plugin-hackernews.plugin: [TRACE] 16799807523: getItem                       : 200
2023-03-28 05:19:12.560 UTC [TRACE] steampipe-plugin-hackernews.plugin: [TRACE] 16799807523: ------------------------------------
2023-03-28 05:19:12.560 UTC [TRACE] steampipe-plugin-hackernews.plugin: [TRACE] 16799807523: Total                         : 200
2023-03-28 05:19:12.560 UTC [TRACE] steampipe-plugin-hackernews.plugin: [TRACE] 16799807523: ------------------------------------
2023-03-28 05:19:12.560 UTC [TRACE] steampipe-plugin-hackernews.plugin: [TRACE] 16799807523: QueryData streamRows DONE (hackernews-16799807523)
2023-03-28 05:19:12.560 UTC [TRACE] steampipe-plugin-hackernews.plugin: [TRACE] 16799807523: EndSet (hackernews-16799807523) table hackernews_new
2023-03-28 05:19:12.561 UTC [TRACE] steampipe-plugin-hackernews.plugin: [TRACE] 16799807523: QueryCache writePageToCache: 500 rows, pageCount 1, page key hackernewshackernews_newid,title,time,by,score,dead,deleted,descendants,kids,parent,parts,poll,text,type,url,_ctx-1-0
2023-03-28 05:19:12.580 UTC [TRACE] stdio: received data: channel=STDOUT len=323
2023-03-28 05:19:12.580 UTC [TRACE] stdio: waiting for stdio data
2023-03-28 05:19:12.580 UTC [TRACE] steampipe-plugin-hackernews.plugin: [TRACE] 16799807523: writePageToCache Set - result written
2023-03-28 05:19:12.580 UTC [TRACE] steampipe-plugin-hackernews.plugin: [TRACE] 16799807523: QueryCache EndSet - result written
2023-03-28 05:19:12.580 UTC [TRACE] steampipe-plugin-hackernews.plugin: [TRACE] 16799807523: doGet cache miss
2023-03-28 05:19:12.580 UTC [TRACE] steampipe-plugin-hackernews.plugin: [TRACE] 16799807523: getCachedIndexBucket - no item retrieved for cache key index__hackernewshackernews_new
2023-03-28 05:19:12.580 UTC [TRACE] steampipe-plugin-hackernews.plugin: [TRACE] 16799807523: getCachedIndexBucket returned cache miss
2023-03-28 05:19:12.580 UTC [TRACE] steampipe-plugin-hackernews.plugin: [TRACE] 16799807523: QueryCache EndSet - Added index item (0xc018355140) to bucket (0xc0146c34a0), page count 1,  key root hackernewshackernews_newid,title,time,by,score,dead,deleted,descendants,kids,parent,parts,poll,text,type,url,_ctx-1
2023-03-28 05:19:12.580 UTC [TRACE] steampipe-plugin-hackernews.plugin: [TRACE] 16799807523: cacheSetIndexBucket index__hackernewshackernews_new
2023-03-28 05:19:12.580 UTC [TRACE] steampipe-plugin-hackernews.plugin: [TRACE] 16799807523: QueryCache EndSet - IndexBucket written
2023-03-28 05:19:12.580 UTC [TRACE] steampipe-plugin-hackernews.plugin: [TRACE] 16799807523: EndSet DEFER (hackernews-16799807523) table hackernews_new
2023-03-28 05:19:12.580 UTC [TRACE] steampipe-plugin-hackernews.plugin: [TRACE] 16799807523: calling pendingItemComplete (hackernews-16799807523)
2023-03-28 05:19:12.580 UTC [TRACE] steampipe-plugin-hackernews.plugin: [TRACE] 16799807523: pendingItemComplete (hackernews-16799807523) indexBucketKey index__hackernewshackernews_new, columns [id title time by score dead deleted descendants kids parent parts poll text type url _ctx], limit -1
2023-03-28 05:19:12.580 UTC [TRACE] steampipe-plugin-hackernews.plugin: [TRACE] 16799807523: got pending index bucket, (hackernews-16799807523) len 1
2023-03-28 05:19:12.580 UTC [TRACE] steampipe-plugin-hackernews.plugin: [TRACE] 16799807523: SatisfiesLimit limit -1, no item limit - satisfied
2023-03-28 05:19:12.580 UTC [TRACE] steampipe-plugin-hackernews.plugin: [TRACE] 16799807523: found pending index item to satisfy columns id,title,time,by,score,dead,deleted,descendants,kids,parent,parts,poll,text,type,url,_ctx, limit -1
2023-03-28 05:19:12.580 UTC [TRACE] steampipe-plugin-hackernews.plugin: [TRACE] 16799807523: found completed pending item (hackernews-16799807523) 0xc0003d9a70, key hackernewshackernews_newid,title,time,by,score,dead,deleted,descendants,kids,parent,parts,poll,text,type,url,_ctx-1 - removing from map as it is complete
2023-03-28 05:19:12.580 UTC [TRACE] steampipe-plugin-hackernews.plugin: [TRACE] 16799807523: pendingIndexItem Unlock count before 1 key hackernewshackernews_newid,title,time,by,score,dead,deleted,descendants,kids,parent,parts,poll,text,type,url,_ctx-1
2023-03-28 05:19:12.580 UTC [TRACE] steampipe-plugin-hackernews.plugin: [TRACE] 16799807523: deleted from pending, (hackernews-16799807523) len 0
2023-03-28 05:19:12.580 UTC [TRACE] steampipe-plugin-hackernews.plugin: [TRACE] 16799807523: pending bucket now empty - deleting key index__hackernewshackernews_new
2023-03-28 05:19:12.580 UTC [TRACE] steampipe-plugin-hackernews.plugin: [TRACE] 16799807523: pendingItemComplete done (hackernews-16799807523)
2023-03-28 05:19:12.580 UTC [TRACE] steampipe-plugin-hackernews.plugin: [TRACE] 16799807523: cache set succeeded
2023-03-28 05:19:12.580 UTC [TRACE] steampipe-plugin-hackernews.plugin: [TRACE] 16799807523: End execute span
2023-03-28 05:19:12.580 UTC [TRACE] steampipe-plugin-hackernews.plugin: [TRACE] 16799807523: executeForConnection DEFER (hackernews-16799807523)
2023-03-28 05:19:12.580 UTC [TRACE] steampipe-plugin-hackernews.plugin: [TRACE] 16799807523: Execute complete callId: hackernews-16799807523 table: hackernews_new
2023-03-28 05:19:12.580 UTC [TRACE] steampipe-plugin-hackernews.plugin: [TRACE] 16799807523: executeForConnection hackernews returned
2023-03-28 05:19:12.580 UTC [TRACE] steampipe-plugin-hackernews.plugin: [TRACE] 16799807523: output wg complete - send nil row
2023-03-28 05:19:12.580 UTC [TRACE] steampipe-plugin-hackernews.plugin: [TRACE] 16799807523: empty row on output channel - we are done
2023-03-28 05:19:12.580 UTC [INFO]  steampipe-plugin-hackernews.plugin: [INFO]  16799807523: Plugin Execute complete (16799807523)
2023-03-28 05:19:12.599 UTC [INFO]  PluginManager Shutdown
2023-03-28 05:19:12.599 UTC [INFO]  PluginManager killing plugin csv (2044)
2023-03-28 05:19:12.600 UTC [TRACE] steampipe-plugin-csv.plugin: [TRACE] FLUSHING instrumentation
2023-03-28 05:19:12.600 UTC [TRACE] steampipe-plugin-csv.plugin: [TRACE] Shutdown instrumentation
2023-03-28 05:19:12.600 UTC [TRACE] receive error for connection 'csv': rpc error: code = Unavailable desc = error reading from server: EOF
2023-03-28 05:19:12.600 UTC [TRACE] cache listener received EOF for connection 'csv', returning
2023-03-28 05:19:12.600 UTC [DEBUG] stdio: received EOF, stopping recv loop: err="rpc error: code = Unavailable desc = error reading from server: EOF"
2023-03-28 05:19:12.616 UTC [INFO]  plugin process exited: path=/home/runner/.steampipe/plugins/hub.steampipe.io/plugins/turbot/csv@latest/steampipe-plugin-csv.plugin pid=2044
2023-03-28 05:19:12.616 UTC [DEBUG] plugin exited
2023-03-28 05:19:12.616 UTC [INFO]  PluginManager killing plugin hackernews (2067)
2023-03-28 05:19:12.616 UTC [DEBUG] stdio: received EOF, stopping recv loop: err="rpc error: code = Unavailable desc = error reading from server: EOF"
2023-03-28 05:19:12.616 UTC [TRACE] steampipe-plugin-hackernews.plugin: [TRACE] 16799807523: FLUSHING instrumentation
2023-03-28 05:19:12.616 UTC [TRACE] steampipe-plugin-hackernews.plugin: [TRACE] 16799807523: Shutdown instrumentation
2023-03-28 05:19:12.619 UTC [INFO]  plugin process exited: path=/home/runner/.steampipe/plugins/hub.steampipe.io/plugins/turbot/hackernews@latest/steampipe-plugin-hackernews.plugin pid=2067
2023-03-28 05:19:12.619 UTC [DEBUG] plugin exited
2023-03-28 05:21:40.159 UTC [ERROR] steampipe-plugin-csv.plugin: [ERROR] csv.tableCSV: header_parse_error=EOF path=/home/runner/work/steampipe-samples/steampipe-samples/all/hackernews/new_sc.csv header=[]
2023-03-28 05:21:40.159 UTC [ERROR] steampipe-plugin-csv.plugin: [ERROR] csv.PluginTables: create_table_error="failed to parse file header /home/runner/work/steampipe-samples/steampipe-samples/all/hackernews/new_sc.csv: EOF" path=/home/runner/work/steampipe-samples/steampipe-samples/all/hackernews/new_sc.csv
2023-03-28 05:21:40.175 UTC [WARN]  failed to set connection config: failed to parse file header /home/runner/work/steampipe-samples/steampipe-samples/all/hackernews/new_sc.csv: EOF
2023-03-28 05:21:53.802 UTC [ERROR] steampipe-plugin-csv.plugin: [ERROR] csv.tableCSV: header_parse_error=EOF path=/home/runner/work/steampipe-samples/steampipe-samples/all/hackernews/hn_items_all.csv header=[]
2023-03-28 05:21:53.802 UTC [ERROR] steampipe-plugin-csv.plugin: [ERROR] csv.PluginTables: create_table_error="failed to parse file header /home/runner/work/steampipe-samples/steampipe-samples/all/hackernews/hn_items_all.csv: EOF" path=/home/runner/work/steampipe-samples/steampipe-samples/all/hackernews/hn_items_all.csv
2023-03-28 05:21:53.816 UTC [WARN]  failed to set connection config: failed to parse file header /home/runner/work/steampipe-samples/steampipe-samples/all/hackernews/hn_items_all.csv: EOF
