2022-11-04 06:21:40.185 UTC [WARN]  PluginManager setPluginCacheSizeMap: 1 connection.
2022-11-04 06:21:40.185 UTC [WARN]  Total cache size 0Mb
2022-11-04 06:21:40.250 UTC [WARN]  plugin configured with a nil SecureConfig
2022-11-04 06:21:41.502 UTC [WARN]  PluginManager setPluginCacheSizeMap: 2 connections.
2022-11-04 06:21:41.502 UTC [WARN]  Total cache size 0Mb
2022-11-04 06:21:41.567 UTC [WARN]  plugin configured with a nil SecureConfig
2022-11-04 06:21:43.063 UTC [WARN]  PluginManager setPluginCacheSizeMap: 3 connections.
2022-11-04 06:21:43.063 UTC [WARN]  Total cache size 0Mb
2022-11-04 06:21:43.126 UTC [WARN]  plugin configured with a nil SecureConfig
2022-11-04 06:21:43.164 UTC [WARN]  plugin configured with a nil SecureConfig
2022-11-04 06:21:44.552 UTC [WARN]  PluginManager setPluginCacheSizeMap: 4 connections.
2022-11-04 06:21:44.552 UTC [WARN]  Total cache size 0Mb
2022-11-04 06:21:44.616 UTC [WARN]  plugin configured with a nil SecureConfig
2022-11-04 06:21:44.644 UTC [WARN]  plugin configured with a nil SecureConfig
2022-11-04 06:21:45.518 UTC [INFO]  starting plugin manager
2022-11-04 06:21:45.519 UTC [TRACE] loaded config map: csv,github,hackernews,net
2022-11-04 06:21:45.519 UTC [TRACE] NewPluginManager
2022-11-04 06:21:45.520 UTC [WARN]  PluginManager setPluginCacheSizeMap: 4 connections.
2022-11-04 06:21:45.520 UTC [WARN]  Total cache size 0Mb
2022-11-04 06:21:45.520 UTC [INFO]  starting connection watcher
2022-11-04 06:21:45.520 UTC [INFO]  created ConnectionWatcher
2022-11-04 06:21:45.520 UTC [TRACE] about to serve
2022-11-04 06:21:45.583 UTC [TRACE] PluginManager Get, connections: '[csv]'
2022-11-04 06:21:45.583 UTC [TRACE] PluginManager getPlugin hub.steampipe.io/plugins/turbot/csv@latest connection 'csv'
2022-11-04 06:21:45.583 UTC [TRACE] PluginManager 0xc000456410 plugin hub.steampipe.io/plugins/turbot/csv@latest (csv) NOT started or starting - start now
2022-11-04 06:21:45.583 UTC [TRACE] ************ start plugin csv ********************
2022-11-04 06:21:45.583 UTC [WARN]  plugin configured with a nil SecureConfig
2022-11-04 06:21:45.583 UTC [DEBUG] starting plugin: path=/home/runner/.steampipe/plugins/hub.steampipe.io/plugins/turbot/csv@latest/steampipe-plugin-csv.plugin args=["/home/runner/.steampipe/plugins/hub.steampipe.io/plugins/turbot/csv@latest/steampipe-plugin-csv.plugin"]
2022-11-04 06:21:45.583 UTC [DEBUG] plugin started: path=/home/runner/.steampipe/plugins/hub.steampipe.io/plugins/turbot/csv@latest/steampipe-plugin-csv.plugin pid=2006
2022-11-04 06:21:45.583 UTC [DEBUG] waiting for RPC address: path=/home/runner/.steampipe/plugins/hub.steampipe.io/plugins/turbot/csv@latest/steampipe-plugin-csv.plugin
2022-11-04 06:21:45.591 UTC [INFO]  steampipe-plugin-csv.plugin: [INFO]  Initialise plugin 'steampipe-plugin-csv', using sdk version 4.1.7
2022-11-04 06:21:45.592 UTC [TRACE] steampipe-plugin-csv.plugin: [TRACE] no DefaultRetryConfig defined - creating empty
2022-11-04 06:21:45.592 UTC [TRACE] steampipe-plugin-csv.plugin: [TRACE] no DefaultIgnoreConfig defined - creating empty
2022-11-04 06:21:45.592 UTC [TRACE] steampipe-plugin-csv.plugin: [TRACE] Setting Ulimit: ulimit=2560
2022-11-04 06:21:45.592 UTC [TRACE] steampipe-plugin-csv.plugin: [TRACE] telemetry.Init service 'steampipe-plugin-csv', tracingEnabled: false, metricsEnabled: false
2022-11-04 06:21:45.592 UTC [TRACE] steampipe-plugin-csv.plugin: [TRACE] metrics and tracing disabled' - returning
2022-11-04 06:21:45.592 UTC [DEBUG] steampipe-plugin-csv.plugin: plugin address: address=/tmp/plugin2219443181 network=unix timestamp=2022-11-04T06:21:45.592Z
2022-11-04 06:21:45.592 UTC [DEBUG] using plugin: version=0
2022-11-04 06:21:45.592 UTC [TRACE] NewPluginClient for plugin hub.steampipe.io/plugins/turbot/csv@latest
2022-11-04 06:21:45.594 UTC [TRACE] stdio: waiting for stdio data
2022-11-04 06:21:45.594 UTC [TRACE] supportedOperations: query_cache:true multiple_connections:true
2022-11-04 06:21:45.595 UTC [TRACE] steampipe-plugin-csv.plugin: [TRACE] SetAllConnectionConfigs setting 1 configs
2022-11-04 06:21:45.595 UTC [TRACE] steampipe-plugin-csv.plugin: [TRACE] connection csv build schema and table map
2022-11-04 06:21:45.595 UTC [DEBUG] steampipe-plugin-csv.plugin: [DEBUG] csv.tableCSV: path=/home/runner/work/steampipe-samples/steampipe-samples/all/hackernews/hn_items_all.csv detected_encoding=Unknown
2022-11-04 06:21:45.595 UTC [DEBUG] steampipe-plugin-csv.plugin: [DEBUG] csv.tableCSV: path=/home/runner/work/steampipe-samples/steampipe-samples/all/hackernews/new_sc.csv detected_encoding=Unknown
2022-11-04 06:21:45.595 UTC [DEBUG] steampipe-plugin-csv.plugin: [DEBUG] csv.tableCSV: path=/home/runner/work/steampipe-samples/steampipe-samples/all/hackernews/people.csv detected_encoding=Unknown
2022-11-04 06:21:45.595 UTC [TRACE] steampipe-plugin-csv.plugin: [TRACE] initialise table /home/runner/work/steampipe-samples/steampipe-samples/all/hackernews/people.csv
2022-11-04 06:21:45.595 UTC [TRACE] steampipe-plugin-csv.plugin: [TRACE] no DefaultRetryConfig defined - creating empty
2022-11-04 06:21:45.595 UTC [TRACE] steampipe-plugin-csv.plugin: [TRACE] no DefaultIgnoreConfig defined - creating empty
2022-11-04 06:21:45.595 UTC [TRACE] steampipe-plugin-csv.plugin: [TRACE] apply plugin defaults for DefaultRetryConfig
2022-11-04 06:21:45.595 UTC [TRACE] steampipe-plugin-csv.plugin: [TRACE] apply plugin defaults for DefaultIgnoreConfig, table &{<nil> <nil>} plugin &{<nil> <nil>}
2022-11-04 06:21:45.595 UTC [TRACE] steampipe-plugin-csv.plugin: [TRACE] DefaultRetryConfig:
2022-11-04 06:21:45.595 UTC [TRACE] steampipe-plugin-csv.plugin: [TRACE] DefaultIgnoreConfig:
2022-11-04 06:21:45.595 UTC [TRACE] steampipe-plugin-csv.plugin: [TRACE] t.List.initialise
2022-11-04 06:21:45.595 UTC [TRACE] steampipe-plugin-csv.plugin: [TRACE] ListConfig.initialise table /home/runner/work/steampipe-samples/steampipe-samples/all/hackernews/people.csv
2022-11-04 06:21:45.595 UTC [TRACE] steampipe-plugin-csv.plugin: [TRACE] ListConfig.initialise complete: RetryConfig: , IgnoreConfig
2022-11-04 06:21:45.595 UTC [TRACE] steampipe-plugin-csv.plugin: [TRACE] back from initialiseHydrateConfigs
2022-11-04 06:21:45.595 UTC [TRACE] steampipe-plugin-csv.plugin: [TRACE] initialise table /home/runner/work/steampipe-samples/steampipe-samples/all/hackernews/people.csv COMPLETE
2022-11-04 06:21:45.595 UTC [TRACE] steampipe-plugin-csv.plugin: [TRACE] initialise table /home/runner/work/steampipe-samples/steampipe-samples/all/hackernews/hn_items_all.csv
2022-11-04 06:21:45.595 UTC [TRACE] steampipe-plugin-csv.plugin: [TRACE] no DefaultRetryConfig defined - creating empty
2022-11-04 06:21:45.595 UTC [TRACE] steampipe-plugin-csv.plugin: [TRACE] no DefaultIgnoreConfig defined - creating empty
2022-11-04 06:21:45.595 UTC [TRACE] steampipe-plugin-csv.plugin: [TRACE] apply plugin defaults for DefaultRetryConfig
2022-11-04 06:21:45.595 UTC [TRACE] steampipe-plugin-csv.plugin: [TRACE] apply plugin defaults for DefaultIgnoreConfig, table &{<nil> <nil>} plugin &{<nil> <nil>}
2022-11-04 06:21:45.595 UTC [TRACE] steampipe-plugin-csv.plugin: [TRACE] DefaultRetryConfig:
2022-11-04 06:21:45.595 UTC [TRACE] steampipe-plugin-csv.plugin: [TRACE] DefaultIgnoreConfig:
2022-11-04 06:21:45.595 UTC [TRACE] steampipe-plugin-csv.plugin: [TRACE] t.List.initialise
2022-11-04 06:21:45.595 UTC [TRACE] steampipe-plugin-csv.plugin: [TRACE] ListConfig.initialise table /home/runner/work/steampipe-samples/steampipe-samples/all/hackernews/hn_items_all.csv
2022-11-04 06:21:45.595 UTC [TRACE] steampipe-plugin-csv.plugin: [TRACE] ListConfig.initialise complete: RetryConfig: , IgnoreConfig
2022-11-04 06:21:45.595 UTC [TRACE] steampipe-plugin-csv.plugin: [TRACE] back from initialiseHydrateConfigs
2022-11-04 06:21:45.595 UTC [TRACE] steampipe-plugin-csv.plugin: [TRACE] initialise table /home/runner/work/steampipe-samples/steampipe-samples/all/hackernews/hn_items_all.csv COMPLETE
2022-11-04 06:21:45.595 UTC [TRACE] steampipe-plugin-csv.plugin: [TRACE] initialise table /home/runner/work/steampipe-samples/steampipe-samples/all/hackernews/new_sc.csv
2022-11-04 06:21:45.595 UTC [TRACE] steampipe-plugin-csv.plugin: [TRACE] no DefaultRetryConfig defined - creating empty
2022-11-04 06:21:45.595 UTC [TRACE] steampipe-plugin-csv.plugin: [TRACE] no DefaultIgnoreConfig defined - creating empty
2022-11-04 06:21:45.595 UTC [TRACE] steampipe-plugin-csv.plugin: [TRACE] apply plugin defaults for DefaultRetryConfig
2022-11-04 06:21:45.595 UTC [TRACE] steampipe-plugin-csv.plugin: [TRACE] apply plugin defaults for DefaultIgnoreConfig, table &{<nil> <nil>} plugin &{<nil> <nil>}
2022-11-04 06:21:45.595 UTC [TRACE] steampipe-plugin-csv.plugin: [TRACE] DefaultRetryConfig:
2022-11-04 06:21:45.595 UTC [TRACE] steampipe-plugin-csv.plugin: [TRACE] DefaultIgnoreConfig:
2022-11-04 06:21:45.595 UTC [TRACE] steampipe-plugin-csv.plugin: [TRACE] t.List.initialise
2022-11-04 06:21:45.595 UTC [TRACE] steampipe-plugin-csv.plugin: [TRACE] ListConfig.initialise table /home/runner/work/steampipe-samples/steampipe-samples/all/hackernews/new_sc.csv
2022-11-04 06:21:45.595 UTC [TRACE] steampipe-plugin-csv.plugin: [TRACE] ListConfig.initialise complete: RetryConfig: , IgnoreConfig
2022-11-04 06:21:45.595 UTC [TRACE] steampipe-plugin-csv.plugin: [TRACE] back from initialiseHydrateConfigs
2022-11-04 06:21:45.595 UTC [TRACE] steampipe-plugin-csv.plugin: [TRACE] initialise table /home/runner/work/steampipe-samples/steampipe-samples/all/hackernews/new_sc.csv COMPLETE
2022-11-04 06:21:45.595 UTC [TRACE] steampipe-plugin-csv.plugin: [TRACE] validate plugin steampipe-plugin-csv, required columns []
2022-11-04 06:21:45.595 UTC [TRACE] steampipe-plugin-csv.plugin: [TRACE] validate DefaultRetryConfig
2022-11-04 06:21:45.595 UTC [TRACE] steampipe-plugin-csv.plugin: [TRACE] validate DefaultIgnoreConfig
2022-11-04 06:21:45.595 UTC [TRACE] steampipe-plugin-csv.plugin: [TRACE] validate table names
2022-11-04 06:21:45.595 UTC [TRACE] steampipe-plugin-csv.plugin: [TRACE] plugin has 0 validation errors
2022-11-04 06:21:45.595 UTC [TRACE] steampipe-plugin-csv.plugin: [TRACE] Plugin ensureCache creating cache, maxCacheStorageMb 0
2022-11-04 06:21:45.595 UTC [TRACE] steampipe-plugin-csv.plugin: [TRACE] createCacheStore for plugin 'steampipe-plugin-csv' setting max size to 0Mb, Shards: 2, max shard size: 0
2022-11-04 06:21:45.607 UTC [INFO]  steampipe-plugin-csv.plugin: [INFO]  query cache created
2022-11-04 06:21:45.607 UTC [DEBUG] steampipe-plugin-csv.plugin: [DEBUG] SetAllConnectionConfigs finished
2022-11-04 06:21:45.607 UTC [TRACE] PluginManager getPlugin complete, returning reattach config with PID: 2006
2022-11-04 06:21:45.608 UTC [TRACE] PluginManager Get returning reattach_map:{key:"csv" value:{protocol:"grpc" addr:{Network:"unix" Address:"/tmp/plugin2219443181"} pid:2006 supported_operations:{query_cache:true multiple_connections:true} connections:"csv" plugin:"hub.steampipe.io/plugins/turbot/csv@latest"}}
2022-11-04 06:21:45.622 UTC [TRACE] handleFileWatcherEvent ignoring first event
2022-11-04 06:21:45.683 UTC [TRACE] PluginManager Get, connections: '[csv]'
2022-11-04 06:21:45.683 UTC [TRACE] PluginManager getPlugin hub.steampipe.io/plugins/turbot/csv@latest connection 'csv'
2022-11-04 06:21:45.683 UTC [TRACE] connection csv found in connectionPluginMap
2022-11-04 06:21:45.683 UTC [TRACE] initialized: 2006
2022-11-04 06:21:45.683 UTC [TRACE] initialized: 2006
2022-11-04 06:21:45.683 UTC [TRACE] connection csv is loaded, check for running PID
2022-11-04 06:21:45.684 UTC [TRACE] PluginManager found 'csv' in map, pid 2006
2022-11-04 06:21:45.684 UTC [TRACE] PluginManager Get returning reattach_map:{key:"csv" value:{protocol:"grpc" addr:{Network:"unix" Address:"/tmp/plugin2219443181"} pid:2006 supported_operations:{query_cache:true multiple_connections:true} connections:"csv" plugin:"hub.steampipe.io/plugins/turbot/csv@latest"}}
2022-11-04 06:21:45.829 UTC [TRACE] PluginManager Get, connections: '[hackernews]'
2022-11-04 06:21:45.829 UTC [TRACE] PluginManager getPlugin hub.steampipe.io/plugins/turbot/hackernews@latest connection 'hackernews'
2022-11-04 06:21:45.829 UTC [TRACE] PluginManager 0xc000456410 plugin hub.steampipe.io/plugins/turbot/hackernews@latest (hackernews) NOT started or starting - start now
2022-11-04 06:21:45.829 UTC [TRACE] ************ start plugin hackernews ********************
2022-11-04 06:21:45.829 UTC [WARN]  plugin configured with a nil SecureConfig
2022-11-04 06:21:45.829 UTC [DEBUG] starting plugin: path=/home/runner/.steampipe/plugins/hub.steampipe.io/plugins/turbot/hackernews@latest/steampipe-plugin-hackernews.plugin args=["/home/runner/.steampipe/plugins/hub.steampipe.io/plugins/turbot/hackernews@latest/steampipe-plugin-hackernews.plugin"]
2022-11-04 06:21:45.830 UTC [DEBUG] plugin started: path=/home/runner/.steampipe/plugins/hub.steampipe.io/plugins/turbot/hackernews@latest/steampipe-plugin-hackernews.plugin pid=2031
2022-11-04 06:21:45.830 UTC [DEBUG] waiting for RPC address: path=/home/runner/.steampipe/plugins/hub.steampipe.io/plugins/turbot/hackernews@latest/steampipe-plugin-hackernews.plugin
2022-11-04 06:21:45.838 UTC [INFO]  steampipe-plugin-hackernews.plugin: [INFO]  Initialise plugin 'steampipe-plugin-hackernews', using sdk version 4.1.7
2022-11-04 06:21:45.838 UTC [TRACE] steampipe-plugin-hackernews.plugin: [TRACE] defaulting SchemaMode to SchemaModeStatic
2022-11-04 06:21:45.838 UTC [TRACE] steampipe-plugin-hackernews.plugin: [TRACE] no DefaultRetryConfig defined - creating empty
2022-11-04 06:21:45.838 UTC [TRACE] steampipe-plugin-hackernews.plugin: [TRACE] no DefaultIgnoreConfig defined - creating empty
2022-11-04 06:21:45.838 UTC [TRACE] steampipe-plugin-hackernews.plugin: [TRACE] Setting Ulimit: ulimit=2560
2022-11-04 06:21:45.838 UTC [TRACE] steampipe-plugin-hackernews.plugin: [TRACE] telemetry.Init service 'steampipe-plugin-hackernews', tracingEnabled: false, metricsEnabled: false
2022-11-04 06:21:45.838 UTC [TRACE] steampipe-plugin-hackernews.plugin: [TRACE] metrics and tracing disabled' - returning
2022-11-04 06:21:45.839 UTC [DEBUG] steampipe-plugin-hackernews.plugin: plugin address: address=/tmp/plugin2243048858 network=unix timestamp=2022-11-04T06:21:45.838Z
2022-11-04 06:21:45.839 UTC [DEBUG] using plugin: version=0
2022-11-04 06:21:45.839 UTC [TRACE] NewPluginClient for plugin hub.steampipe.io/plugins/turbot/hackernews@latest
2022-11-04 06:21:45.840 UTC [TRACE] stdio: waiting for stdio data
2022-11-04 06:21:45.841 UTC [TRACE] supportedOperations: query_cache:true multiple_connections:true
2022-11-04 06:21:45.841 UTC [TRACE] steampipe-plugin-hackernews.plugin: [TRACE] SetAllConnectionConfigs setting 1 configs
2022-11-04 06:21:45.841 UTC [TRACE] steampipe-plugin-hackernews.plugin: [TRACE] connection hackernews build schema and table map
2022-11-04 06:21:45.841 UTC [TRACE] steampipe-plugin-hackernews.plugin: [TRACE] initialise table hackernews_item
2022-11-04 06:21:45.841 UTC [TRACE] steampipe-plugin-hackernews.plugin: [TRACE] no DefaultRetryConfig defined - creating empty
2022-11-04 06:21:45.841 UTC [TRACE] steampipe-plugin-hackernews.plugin: [TRACE] no DefaultIgnoreConfig defined - creating empty
2022-11-04 06:21:45.841 UTC [TRACE] steampipe-plugin-hackernews.plugin: [TRACE] apply plugin defaults for DefaultRetryConfig
2022-11-04 06:21:45.841 UTC [TRACE] steampipe-plugin-hackernews.plugin: [TRACE] apply plugin defaults for DefaultIgnoreConfig, table &{<nil> <nil>} plugin &{<nil> <nil>}
2022-11-04 06:21:45.841 UTC [TRACE] steampipe-plugin-hackernews.plugin: [TRACE] DefaultRetryConfig:
2022-11-04 06:21:45.841 UTC [TRACE] steampipe-plugin-hackernews.plugin: [TRACE] DefaultIgnoreConfig:
2022-11-04 06:21:45.841 UTC [TRACE] steampipe-plugin-hackernews.plugin: [TRACE] t.Get.initialise
2022-11-04 06:21:45.841 UTC [TRACE] steampipe-plugin-hackernews.plugin: [TRACE] GetConfig.initialise table hackernews_item
2022-11-04 06:21:45.841 UTC [TRACE] steampipe-plugin-hackernews.plugin: [TRACE] GetConfig.initialise complete: RetryConfig: , IgnoreConfig:
2022-11-04 06:21:45.841 UTC [TRACE] steampipe-plugin-hackernews.plugin: [TRACE] t.List.initialise
2022-11-04 06:21:45.841 UTC [TRACE] steampipe-plugin-hackernews.plugin: [TRACE] ListConfig.initialise table hackernews_item
2022-11-04 06:21:45.841 UTC [TRACE] steampipe-plugin-hackernews.plugin: [TRACE] ListConfig.initialise complete: RetryConfig: , IgnoreConfig
2022-11-04 06:21:45.841 UTC [TRACE] steampipe-plugin-hackernews.plugin: [TRACE] HydrateConfig.initialise func getItem, table hackernews_item
2022-11-04 06:21:45.841 UTC [TRACE] steampipe-plugin-hackernews.plugin: [TRACE] HydrateConfig.initialise complete: RetryConfig: , IgnoreConfig:
2022-11-04 06:21:45.841 UTC [TRACE] steampipe-plugin-hackernews.plugin: [TRACE] back from initialiseHydrateConfigs
2022-11-04 06:21:45.841 UTC [TRACE] steampipe-plugin-hackernews.plugin: [TRACE] initialise table hackernews_item COMPLETE
2022-11-04 06:21:45.841 UTC [TRACE] steampipe-plugin-hackernews.plugin: [TRACE] initialise table hackernews_job
2022-11-04 06:21:45.841 UTC [TRACE] steampipe-plugin-hackernews.plugin: [TRACE] no DefaultRetryConfig defined - creating empty
2022-11-04 06:21:45.841 UTC [TRACE] steampipe-plugin-hackernews.plugin: [TRACE] no DefaultIgnoreConfig defined - creating empty
2022-11-04 06:21:45.841 UTC [TRACE] steampipe-plugin-hackernews.plugin: [TRACE] apply plugin defaults for DefaultRetryConfig
2022-11-04 06:21:45.841 UTC [TRACE] steampipe-plugin-hackernews.plugin: [TRACE] apply plugin defaults for DefaultIgnoreConfig, table &{<nil> <nil>} plugin &{<nil> <nil>}
2022-11-04 06:21:45.841 UTC [TRACE] steampipe-plugin-hackernews.plugin: [TRACE] DefaultRetryConfig:
2022-11-04 06:21:45.841 UTC [TRACE] steampipe-plugin-hackernews.plugin: [TRACE] DefaultIgnoreConfig:
2022-11-04 06:21:45.841 UTC [TRACE] steampipe-plugin-hackernews.plugin: [TRACE] t.Get.initialise
2022-11-04 06:21:45.841 UTC [TRACE] steampipe-plugin-hackernews.plugin: [TRACE] GetConfig.initialise table hackernews_job
2022-11-04 06:21:45.841 UTC [TRACE] steampipe-plugin-hackernews.plugin: [TRACE] GetConfig.initialise complete: RetryConfig: , IgnoreConfig:
2022-11-04 06:21:45.841 UTC [TRACE] steampipe-plugin-hackernews.plugin: [TRACE] t.List.initialise
2022-11-04 06:21:45.841 UTC [TRACE] steampipe-plugin-hackernews.plugin: [TRACE] ListConfig.initialise table hackernews_job
2022-11-04 06:21:45.841 UTC [TRACE] steampipe-plugin-hackernews.plugin: [TRACE] ListConfig.initialise complete: RetryConfig: , IgnoreConfig
2022-11-04 06:21:45.841 UTC [TRACE] steampipe-plugin-hackernews.plugin: [TRACE] HydrateConfig.initialise func getItem, table hackernews_job
2022-11-04 06:21:45.841 UTC [TRACE] steampipe-plugin-hackernews.plugin: [TRACE] HydrateConfig.initialise complete: RetryConfig: , IgnoreConfig:
2022-11-04 06:21:45.841 UTC [TRACE] steampipe-plugin-hackernews.plugin: [TRACE] back from initialiseHydrateConfigs
2022-11-04 06:21:45.841 UTC [TRACE] steampipe-plugin-hackernews.plugin: [TRACE] initialise table hackernews_job COMPLETE
2022-11-04 06:21:45.841 UTC [TRACE] steampipe-plugin-hackernews.plugin: [TRACE] initialise table hackernews_new
2022-11-04 06:21:45.841 UTC [TRACE] steampipe-plugin-hackernews.plugin: [TRACE] no DefaultRetryConfig defined - creating empty
2022-11-04 06:21:45.841 UTC [TRACE] steampipe-plugin-hackernews.plugin: [TRACE] no DefaultIgnoreConfig defined - creating empty
2022-11-04 06:21:45.841 UTC [TRACE] steampipe-plugin-hackernews.plugin: [TRACE] apply plugin defaults for DefaultRetryConfig
2022-11-04 06:21:45.841 UTC [TRACE] steampipe-plugin-hackernews.plugin: [TRACE] apply plugin defaults for DefaultIgnoreConfig, table &{<nil> <nil>} plugin &{<nil> <nil>}
2022-11-04 06:21:45.841 UTC [TRACE] steampipe-plugin-hackernews.plugin: [TRACE] DefaultRetryConfig:
2022-11-04 06:21:45.841 UTC [TRACE] steampipe-plugin-hackernews.plugin: [TRACE] DefaultIgnoreConfig:
2022-11-04 06:21:45.841 UTC [TRACE] steampipe-plugin-hackernews.plugin: [TRACE] t.Get.initialise
2022-11-04 06:21:45.841 UTC [TRACE] steampipe-plugin-hackernews.plugin: [TRACE] GetConfig.initialise table hackernews_new
2022-11-04 06:21:45.841 UTC [TRACE] steampipe-plugin-hackernews.plugin: [TRACE] GetConfig.initialise complete: RetryConfig: , IgnoreConfig:
2022-11-04 06:21:45.841 UTC [TRACE] steampipe-plugin-hackernews.plugin: [TRACE] t.List.initialise
2022-11-04 06:21:45.841 UTC [TRACE] steampipe-plugin-hackernews.plugin: [TRACE] ListConfig.initialise table hackernews_new
2022-11-04 06:21:45.841 UTC [TRACE] steampipe-plugin-hackernews.plugin: [TRACE] ListConfig.initialise complete: RetryConfig: , IgnoreConfig
2022-11-04 06:21:45.841 UTC [TRACE] steampipe-plugin-hackernews.plugin: [TRACE] HydrateConfig.initialise func getItem, table hackernews_new
2022-11-04 06:21:45.841 UTC [TRACE] steampipe-plugin-hackernews.plugin: [TRACE] HydrateConfig.initialise complete: RetryConfig: , IgnoreConfig:
2022-11-04 06:21:45.841 UTC [TRACE] steampipe-plugin-hackernews.plugin: [TRACE] back from initialiseHydrateConfigs
2022-11-04 06:21:45.841 UTC [TRACE] steampipe-plugin-hackernews.plugin: [TRACE] initialise table hackernews_new COMPLETE
2022-11-04 06:21:45.841 UTC [TRACE] steampipe-plugin-hackernews.plugin: [TRACE] initialise table hackernews_show_hn
2022-11-04 06:21:45.841 UTC [TRACE] steampipe-plugin-hackernews.plugin: [TRACE] no DefaultRetryConfig defined - creating empty
2022-11-04 06:21:45.841 UTC [TRACE] steampipe-plugin-hackernews.plugin: [TRACE] no DefaultIgnoreConfig defined - creating empty
2022-11-04 06:21:45.841 UTC [TRACE] steampipe-plugin-hackernews.plugin: [TRACE] apply plugin defaults for DefaultRetryConfig
2022-11-04 06:21:45.841 UTC [TRACE] steampipe-plugin-hackernews.plugin: [TRACE] apply plugin defaults for DefaultIgnoreConfig, table &{<nil> <nil>} plugin &{<nil> <nil>}
2022-11-04 06:21:45.841 UTC [TRACE] steampipe-plugin-hackernews.plugin: [TRACE] DefaultRetryConfig:
2022-11-04 06:21:45.841 UTC [TRACE] steampipe-plugin-hackernews.plugin: [TRACE] DefaultIgnoreConfig:
2022-11-04 06:21:45.841 UTC [TRACE] steampipe-plugin-hackernews.plugin: [TRACE] t.Get.initialise
2022-11-04 06:21:45.841 UTC [TRACE] steampipe-plugin-hackernews.plugin: [TRACE] GetConfig.initialise table hackernews_show_hn
2022-11-04 06:21:45.841 UTC [TRACE] steampipe-plugin-hackernews.plugin: [TRACE] GetConfig.initialise complete: RetryConfig: , IgnoreConfig:
2022-11-04 06:21:45.841 UTC [TRACE] steampipe-plugin-hackernews.plugin: [TRACE] t.List.initialise
2022-11-04 06:21:45.841 UTC [TRACE] steampipe-plugin-hackernews.plugin: [TRACE] ListConfig.initialise table hackernews_show_hn
2022-11-04 06:21:45.841 UTC [TRACE] steampipe-plugin-hackernews.plugin: [TRACE] ListConfig.initialise complete: RetryConfig: , IgnoreConfig
2022-11-04 06:21:45.841 UTC [TRACE] steampipe-plugin-hackernews.plugin: [TRACE] HydrateConfig.initialise func getItem, table hackernews_show_hn
2022-11-04 06:21:45.841 UTC [TRACE] steampipe-plugin-hackernews.plugin: [TRACE] HydrateConfig.initialise complete: RetryConfig: , IgnoreConfig:
2022-11-04 06:21:45.841 UTC [TRACE] steampipe-plugin-hackernews.plugin: [TRACE] back from initialiseHydrateConfigs
2022-11-04 06:21:45.841 UTC [TRACE] steampipe-plugin-hackernews.plugin: [TRACE] initialise table hackernews_show_hn COMPLETE
2022-11-04 06:21:45.841 UTC [TRACE] steampipe-plugin-hackernews.plugin: [TRACE] initialise table hackernews_top
2022-11-04 06:21:45.841 UTC [TRACE] steampipe-plugin-hackernews.plugin: [TRACE] no DefaultRetryConfig defined - creating empty
2022-11-04 06:21:45.841 UTC [TRACE] steampipe-plugin-hackernews.plugin: [TRACE] no DefaultIgnoreConfig defined - creating empty
2022-11-04 06:21:45.841 UTC [TRACE] steampipe-plugin-hackernews.plugin: [TRACE] apply plugin defaults for DefaultRetryConfig
2022-11-04 06:21:45.841 UTC [TRACE] steampipe-plugin-hackernews.plugin: [TRACE] apply plugin defaults for DefaultIgnoreConfig, table &{<nil> <nil>} plugin &{<nil> <nil>}
2022-11-04 06:21:45.841 UTC [TRACE] steampipe-plugin-hackernews.plugin: [TRACE] DefaultRetryConfig:
2022-11-04 06:21:45.841 UTC [TRACE] steampipe-plugin-hackernews.plugin: [TRACE] DefaultIgnoreConfig:
2022-11-04 06:21:45.841 UTC [TRACE] steampipe-plugin-hackernews.plugin: [TRACE] t.Get.initialise
2022-11-04 06:21:45.841 UTC [TRACE] steampipe-plugin-hackernews.plugin: [TRACE] GetConfig.initialise table hackernews_top
2022-11-04 06:21:45.841 UTC [TRACE] steampipe-plugin-hackernews.plugin: [TRACE] GetConfig.initialise complete: RetryConfig: , IgnoreConfig:
2022-11-04 06:21:45.841 UTC [TRACE] steampipe-plugin-hackernews.plugin: [TRACE] t.List.initialise
2022-11-04 06:21:45.841 UTC [TRACE] steampipe-plugin-hackernews.plugin: [TRACE] ListConfig.initialise table hackernews_top
2022-11-04 06:21:45.841 UTC [TRACE] steampipe-plugin-hackernews.plugin: [TRACE] ListConfig.initialise complete: RetryConfig: , IgnoreConfig
2022-11-04 06:21:45.841 UTC [TRACE] steampipe-plugin-hackernews.plugin: [TRACE] HydrateConfig.initialise func getItem, table hackernews_top
2022-11-04 06:21:45.841 UTC [TRACE] steampipe-plugin-hackernews.plugin: [TRACE] HydrateConfig.initialise complete: RetryConfig: , IgnoreConfig:
2022-11-04 06:21:45.841 UTC [TRACE] steampipe-plugin-hackernews.plugin: [TRACE] back from initialiseHydrateConfigs
2022-11-04 06:21:45.841 UTC [TRACE] steampipe-plugin-hackernews.plugin: [TRACE] initialise table hackernews_top COMPLETE
2022-11-04 06:21:45.841 UTC [TRACE] steampipe-plugin-hackernews.plugin: [TRACE] initialise table hackernews_user
2022-11-04 06:21:45.841 UTC [TRACE] steampipe-plugin-hackernews.plugin: [TRACE] no DefaultRetryConfig defined - creating empty
2022-11-04 06:21:45.841 UTC [TRACE] steampipe-plugin-hackernews.plugin: [TRACE] no DefaultIgnoreConfig defined - creating empty
2022-11-04 06:21:45.841 UTC [TRACE] steampipe-plugin-hackernews.plugin: [TRACE] apply plugin defaults for DefaultRetryConfig
2022-11-04 06:21:45.841 UTC [TRACE] steampipe-plugin-hackernews.plugin: [TRACE] apply plugin defaults for DefaultIgnoreConfig, table &{<nil> <nil>} plugin &{<nil> <nil>}
2022-11-04 06:21:45.841 UTC [TRACE] steampipe-plugin-hackernews.plugin: [TRACE] DefaultRetryConfig:
2022-11-04 06:21:45.841 UTC [TRACE] steampipe-plugin-hackernews.plugin: [TRACE] DefaultIgnoreConfig:
2022-11-04 06:21:45.841 UTC [TRACE] steampipe-plugin-hackernews.plugin: [TRACE] t.List.initialise
2022-11-04 06:21:45.841 UTC [TRACE] steampipe-plugin-hackernews.plugin: [TRACE] ListConfig.initialise table hackernews_user
2022-11-04 06:21:45.841 UTC [TRACE] steampipe-plugin-hackernews.plugin: [TRACE] ListConfig.initialise complete: RetryConfig: , IgnoreConfig
2022-11-04 06:21:45.841 UTC [TRACE] steampipe-plugin-hackernews.plugin: [TRACE] back from initialiseHydrateConfigs
2022-11-04 06:21:45.841 UTC [TRACE] steampipe-plugin-hackernews.plugin: [TRACE] initialise table hackernews_user COMPLETE
2022-11-04 06:21:45.841 UTC [TRACE] steampipe-plugin-hackernews.plugin: [TRACE] initialise table hackernews_ask_hn
2022-11-04 06:21:45.841 UTC [TRACE] steampipe-plugin-hackernews.plugin: [TRACE] no DefaultRetryConfig defined - creating empty
2022-11-04 06:21:45.841 UTC [TRACE] steampipe-plugin-hackernews.plugin: [TRACE] no DefaultIgnoreConfig defined - creating empty
2022-11-04 06:21:45.841 UTC [TRACE] steampipe-plugin-hackernews.plugin: [TRACE] apply plugin defaults for DefaultRetryConfig
2022-11-04 06:21:45.841 UTC [TRACE] steampipe-plugin-hackernews.plugin: [TRACE] apply plugin defaults for DefaultIgnoreConfig, table &{<nil> <nil>} plugin &{<nil> <nil>}
2022-11-04 06:21:45.841 UTC [TRACE] steampipe-plugin-hackernews.plugin: [TRACE] DefaultRetryConfig:
2022-11-04 06:21:45.841 UTC [TRACE] steampipe-plugin-hackernews.plugin: [TRACE] DefaultIgnoreConfig:
2022-11-04 06:21:45.841 UTC [TRACE] steampipe-plugin-hackernews.plugin: [TRACE] t.Get.initialise
2022-11-04 06:21:45.841 UTC [TRACE] steampipe-plugin-hackernews.plugin: [TRACE] GetConfig.initialise table hackernews_ask_hn
2022-11-04 06:21:45.841 UTC [TRACE] steampipe-plugin-hackernews.plugin: [TRACE] GetConfig.initialise complete: RetryConfig: , IgnoreConfig:
2022-11-04 06:21:45.841 UTC [TRACE] steampipe-plugin-hackernews.plugin: [TRACE] t.List.initialise
2022-11-04 06:21:45.841 UTC [TRACE] steampipe-plugin-hackernews.plugin: [TRACE] ListConfig.initialise table hackernews_ask_hn
2022-11-04 06:21:45.841 UTC [TRACE] steampipe-plugin-hackernews.plugin: [TRACE] ListConfig.initialise complete: RetryConfig: , IgnoreConfig
2022-11-04 06:21:45.841 UTC [TRACE] steampipe-plugin-hackernews.plugin: [TRACE] HydrateConfig.initialise func getItem, table hackernews_ask_hn
2022-11-04 06:21:45.841 UTC [TRACE] steampipe-plugin-hackernews.plugin: [TRACE] HydrateConfig.initialise complete: RetryConfig: , IgnoreConfig:
2022-11-04 06:21:45.841 UTC [TRACE] steampipe-plugin-hackernews.plugin: [TRACE] back from initialiseHydrateConfigs
2022-11-04 06:21:45.841 UTC [TRACE] steampipe-plugin-hackernews.plugin: [TRACE] initialise table hackernews_ask_hn COMPLETE
2022-11-04 06:21:45.841 UTC [TRACE] steampipe-plugin-hackernews.plugin: [TRACE] initialise table hackernews_best
2022-11-04 06:21:45.841 UTC [TRACE] steampipe-plugin-hackernews.plugin: [TRACE] no DefaultRetryConfig defined - creating empty
2022-11-04 06:21:45.841 UTC [TRACE] steampipe-plugin-hackernews.plugin: [TRACE] no DefaultIgnoreConfig defined - creating empty
2022-11-04 06:21:45.841 UTC [TRACE] steampipe-plugin-hackernews.plugin: [TRACE] apply plugin defaults for DefaultRetryConfig
2022-11-04 06:21:45.841 UTC [TRACE] steampipe-plugin-hackernews.plugin: [TRACE] apply plugin defaults for DefaultIgnoreConfig, table &{<nil> <nil>} plugin &{<nil> <nil>}
2022-11-04 06:21:45.841 UTC [TRACE] steampipe-plugin-hackernews.plugin: [TRACE] DefaultRetryConfig:
2022-11-04 06:21:45.841 UTC [TRACE] steampipe-plugin-hackernews.plugin: [TRACE] DefaultIgnoreConfig:
2022-11-04 06:21:45.841 UTC [TRACE] steampipe-plugin-hackernews.plugin: [TRACE] t.Get.initialise
2022-11-04 06:21:45.841 UTC [TRACE] steampipe-plugin-hackernews.plugin: [TRACE] GetConfig.initialise table hackernews_best
2022-11-04 06:21:45.841 UTC [TRACE] steampipe-plugin-hackernews.plugin: [TRACE] GetConfig.initialise complete: RetryConfig: , IgnoreConfig:
2022-11-04 06:21:45.841 UTC [TRACE] steampipe-plugin-hackernews.plugin: [TRACE] t.List.initialise
2022-11-04 06:21:45.841 UTC [TRACE] steampipe-plugin-hackernews.plugin: [TRACE] ListConfig.initialise table hackernews_best
2022-11-04 06:21:45.841 UTC [TRACE] steampipe-plugin-hackernews.plugin: [TRACE] ListConfig.initialise complete: RetryConfig: , IgnoreConfig
2022-11-04 06:21:45.841 UTC [TRACE] steampipe-plugin-hackernews.plugin: [TRACE] HydrateConfig.initialise func getItem, table hackernews_best
2022-11-04 06:21:45.841 UTC [TRACE] steampipe-plugin-hackernews.plugin: [TRACE] HydrateConfig.initialise complete: RetryConfig: , IgnoreConfig:
2022-11-04 06:21:45.841 UTC [TRACE] steampipe-plugin-hackernews.plugin: [TRACE] back from initialiseHydrateConfigs
2022-11-04 06:21:45.841 UTC [TRACE] steampipe-plugin-hackernews.plugin: [TRACE] initialise table hackernews_best COMPLETE
2022-11-04 06:21:45.841 UTC [TRACE] steampipe-plugin-hackernews.plugin: [TRACE] validate plugin steampipe-plugin-hackernews, required columns []
2022-11-04 06:21:45.841 UTC [TRACE] steampipe-plugin-hackernews.plugin: [TRACE] validate DefaultRetryConfig
2022-11-04 06:21:45.841 UTC [TRACE] steampipe-plugin-hackernews.plugin: [TRACE] validate DefaultIgnoreConfig
2022-11-04 06:21:45.841 UTC [TRACE] steampipe-plugin-hackernews.plugin: [TRACE] validate table names
2022-11-04 06:21:45.841 UTC [TRACE] steampipe-plugin-hackernews.plugin: [TRACE] plugin has 0 validation errors
2022-11-04 06:21:45.841 UTC [TRACE] steampipe-plugin-hackernews.plugin: [TRACE] Plugin ensureCache creating cache, maxCacheStorageMb 0
2022-11-04 06:21:45.841 UTC [TRACE] steampipe-plugin-hackernews.plugin: [TRACE] createCacheStore for plugin 'steampipe-plugin-hackernews' setting max size to 0Mb, Shards: 2, max shard size: 0
2022-11-04 06:21:45.853 UTC [INFO]  steampipe-plugin-hackernews.plugin: [INFO]  query cache created
2022-11-04 06:21:45.853 UTC [DEBUG] steampipe-plugin-hackernews.plugin: [DEBUG] SetAllConnectionConfigs finished
2022-11-04 06:21:45.853 UTC [TRACE] PluginManager getPlugin complete, returning reattach config with PID: 2031
2022-11-04 06:21:45.853 UTC [TRACE] PluginManager Get returning reattach_map:{key:"hackernews" value:{protocol:"grpc" addr:{Network:"unix" Address:"/tmp/plugin2243048858"} pid:2031 supported_operations:{query_cache:true multiple_connections:true} connections:"hackernews" plugin:"hub.steampipe.io/plugins/turbot/hackernews@latest"}}
2022-11-04 06:21:45.857 UTC [INFO]  steampipe-plugin-hackernews.plugin: [INFO]  1667542905408: Plugin Execute (1667542905408)
2022-11-04 06:21:45.857 UTC [TRACE] steampipe-plugin-hackernews.plugin: [TRACE] 1667542905408: No memory limit set
2022-11-04 06:21:45.857 UTC [INFO]  steampipe-plugin-hackernews.plugin: [INFO]  1667542905408: Plugin Execute, setting memory limit to -1Mb
2022-11-04 06:21:45.857 UTC [TRACE] steampipe-plugin-hackernews.plugin: [TRACE] 1667542905408: calling ExtractContextFromCarrier
2022-11-04 06:21:45.858 UTC [INFO]  steampipe-plugin-hackernews.plugin: [INFO]  1667542905408: Setting max concurrent connections to 25
2022-11-04 06:21:45.858 UTC [TRACE] steampipe-plugin-hackernews.plugin: [TRACE] 1667542905408: executeForConnection callId: 1667542905408, connectionCallId: hackernews-1667542905408, connection: hackernews table: hackernews_new cols: id,title,time,by,score,dead,deleted,descendants,kids,parent,parts,poll,text,type,url,_ctx
2022-11-04 06:21:45.858 UTC [TRACE] steampipe-plugin-hackernews.plugin: [TRACE] 1667542905408: got connection data
2022-11-04 06:21:45.858 UTC [TRACE] steampipe-plugin-hackernews.plugin: [TRACE] 1667542905408: Got query context, table: hackernews_new, cols: [id title time by score dead deleted descendants kids parent parts poll text type url _ctx]
2022-11-04 06:21:45.858 UTC [TRACE] steampipe-plugin-hackernews.plugin: [TRACE] 1667542905408: Start execute span
2022-11-04 06:21:45.858 UTC [INFO]  steampipe-plugin-hackernews.plugin: [INFO]  1667542905408: Setting free memory interval to 100 rows
2022-11-04 06:21:45.858 UTC [TRACE] steampipe-plugin-hackernews.plugin: [TRACE] 1667542905408: setFetchType map[time:quals:{fieldName:"time"  string_value:">"  value:{timestamp_value:{seconds:1667539305  nanos:813965000}}}]
2022-11-04 06:21:45.858 UTC [TRACE] steampipe-plugin-hackernews.plugin: [TRACE] 1667542905408: getMatchingQuals column:'id' operator: =
2022-11-04 06:21:45.858 UTC [TRACE] steampipe-plugin-hackernews.plugin: [TRACE] 1667542905408: getMatchingQuals returning false - qualMap does not contain any quals for column id
2022-11-04 06:21:45.859 UTC [TRACE] steampipe-plugin-hackernews.plugin: [TRACE] 1667542905408: GetUnsatisfiedKeyColumns for columns column:'id' operator: =
2022-11-04 06:21:45.860 UTC [TRACE] steampipe-plugin-hackernews.plugin: [TRACE] 1667542905408: key column NOT satisfied column:'id' operator: =
2022-11-04 06:21:45.860 UTC [TRACE] steampipe-plugin-hackernews.plugin: [TRACE] 1667542905408: satisfied: map[any_of: optional: required:]
2022-11-04 06:21:45.860 UTC [TRACE] steampipe-plugin-hackernews.plugin: [TRACE] 1667542905408: unsatisfied: map[any_of: optional: required:column:'id' operator: =]
2022-11-04 06:21:45.861 UTC [TRACE] steampipe-plugin-hackernews.plugin: [TRACE] 1667542905408: unsatisfied required KeyColumns: column:'id' operator: =
2022-11-04 06:21:45.861 UTC [TRACE] steampipe-plugin-hackernews.plugin: [TRACE] 1667542905408: Set fetchType to fetchTypeList
2022-11-04 06:21:45.861 UTC [TRACE] steampipe-plugin-hackernews.plugin: [TRACE] 1667542905408: Equals key column quals:
2022-11-04 06:21:45.861 UTC [DEBUG] steampipe-plugin-hackernews.plugin: {}
2022-11-04 06:21:45.861 UTC [TRACE] steampipe-plugin-hackernews.plugin: [TRACE] 1667542905408: All key column quals:
2022-11-04 06:21:45.861 UTC [DEBUG] steampipe-plugin-hackernews.plugin: {}
2022-11-04 06:21:45.861 UTC [TRACE] steampipe-plugin-hackernews.plugin: [TRACE] 1667542905408: GetMatrixItem
2022-11-04 06:21:45.861 UTC [TRACE] steampipe-plugin-hackernews.plugin: [TRACE] 1667542905408: creating query data
2022-11-04 06:21:45.861 UTC [INFO]  steampipe-plugin-hackernews.plugin: [INFO]  1667542905408: cacheEnabled, trying cache get (hackernews-1667542905408)
2022-11-04 06:21:45.861 UTC [TRACE] steampipe-plugin-hackernews.plugin: [TRACE] 1667542905408: QueryCache Get - indexBucketKey index__hackernewshackernews_new, quals
2022-11-04 06:21:45.861 UTC [TRACE] steampipe-plugin-hackernews.plugin: [TRACE] 1667542905408: QueryCache getCachedQueryResult - table hackernews_new, connectionName hackernews
2022-11-04 06:21:45.861 UTC [TRACE] steampipe-plugin-hackernews.plugin: [TRACE] 1667542905408: index bucket key: index__hackernewshackernews_new ttlSeconds 300 limit: -1
2022-11-04 06:21:45.861 UTC [TRACE] steampipe-plugin-hackernews.plugin: [TRACE] 1667542905408: doGet cache miss
2022-11-04 06:21:45.861 UTC [TRACE] steampipe-plugin-hackernews.plugin: [TRACE] 1667542905408: getCachedIndexBucket - no item retrieved for cache key index__hackernewshackernews_new
2022-11-04 06:21:45.861 UTC [TRACE] steampipe-plugin-hackernews.plugin: [TRACE] 1667542905408: getCachedQueryResult returned CACHE MISS - checking for pending transfers
2022-11-04 06:21:45.861 UTC [TRACE] steampipe-plugin-hackernews.plugin: [TRACE] 1667542905408: getPendingResultItem indexBucketKey index__hackernewshackernews_new, columns [id title time by score dead deleted descendants kids parent parts poll text type url _ctx], limit -1
2022-11-04 06:21:45.861 UTC [TRACE] steampipe-plugin-hackernews.plugin: [TRACE] 1667542905408: no pending index item - add pending result, indexBucketKey index__hackernewshackernews_new
2022-11-04 06:21:45.861 UTC [TRACE] steampipe-plugin-hackernews.plugin: [TRACE] 1667542905408: addPendingResult (hackernews-1667542905408) indexBucketKey index__hackernewshackernews_new, columns [id title time by score dead deleted descendants kids parent parts poll text type url _ctx], limit -1
2022-11-04 06:21:45.861 UTC [TRACE] steampipe-plugin-hackernews.plugin: [TRACE] 1667542905408: no index bucket found - creating one
2022-11-04 06:21:45.861 UTC [TRACE] steampipe-plugin-hackernews.plugin: [TRACE] 1667542905408: pendingIndexItem Lock count before 0
2022-11-04 06:21:45.861 UTC [TRACE] steampipe-plugin-hackernews.plugin: [TRACE] 1667542905408: addPendingResult added pending index item to bucket, (hackernews-1667542905408) indexBucketKey index__hackernewshackernews_new, resultKeyRoot hackernewshackernews_newid,title,time,by,score,dead,deleted,descendants,kids,parent,parts,poll,text,type,url,_ctx-1, pending item : 0xc000454a50
2022-11-04 06:21:45.861 UTC [TRACE] steampipe-plugin-hackernews.plugin: [TRACE] 1667542905408: **** pending items (hackernews-1667542905408)****
2022-11-04 06:21:45.861 UTC [TRACE] steampipe-plugin-hackernews.plugin: [TRACE] 1667542905408: key: index__hackernewshackernews_new: item: 0xc000454a50, count: 1, key:hackernewshackernews_newid,title,time,by,score,dead,deleted,descendants,kids,parent,parts,poll,text,type,url,_ctx-1
2022-11-04 06:21:45.861 UTC [TRACE] steampipe-plugin-hackernews.plugin: [TRACE] 1667542905408: ********
2022-11-04 06:21:45.861 UTC [TRACE] steampipe-plugin-hackernews.plugin: [TRACE] 1667542905408: getPendingResultItem returning <nil>
2022-11-04 06:21:45.861 UTC [INFO]  steampipe-plugin-hackernews.plugin: [INFO]  1667542905408: CACHE MISS
2022-11-04 06:21:45.861 UTC [TRACE] steampipe-plugin-hackernews.plugin: [TRACE] 1667542905408: cache MISS
2022-11-04 06:21:45.861 UTC [INFO]  steampipe-plugin-hackernews.plugin: [INFO]  1667542905408: queryCacheGet returned CACHE MISS (hackernews-1667542905408)
2022-11-04 06:21:45.861 UTC [TRACE] steampipe-plugin-hackernews.plugin: [TRACE] 1667542905408: StartSet (hackernews-1667542905408)
2022-11-04 06:21:45.861 UTC [TRACE] steampipe-plugin-hackernews.plugin: [TRACE] 1667542905408: calling fetchItems, table: hackernews_new, matrixItem: [], limit: -1,  connectionCallId: hackernews-1667542905408"
2022-11-04 06:21:45.861 UTC [TRACE] steampipe-plugin-hackernews.plugin: [TRACE] 1667542905408: buildRowsAsync connectionCallId: hackernews-1667542905408
2022-11-04 06:21:45.861 UTC [TRACE] steampipe-plugin-hackernews.plugin: [TRACE] 1667542905408: streamRows connectionCallId: hackernews-1667542905408
2022-11-04 06:21:45.861 UTC [TRACE] steampipe-plugin-hackernews.plugin: [TRACE] 1667542905408: QueryData streamRows (hackernews-1667542905408)
2022-11-04 06:21:45.861 UTC [TRACE] steampipe-plugin-hackernews.plugin: [TRACE] 1667542905408: executeListCall START (hackernews-1667542905408)
2022-11-04 06:21:45.861 UTC [TRACE] steampipe-plugin-hackernews.plugin: [TRACE] 1667542905408: GetUnsatisfiedKeyColumns for columns
2022-11-04 06:21:45.861 UTC [TRACE] steampipe-plugin-hackernews.plugin: [TRACE] 1667542905408: doList (hackernews-1667542905408)
2022-11-04 06:21:45.861 UTC [TRACE] steampipe-plugin-hackernews.plugin: [TRACE] 1667542905408: doList: no matrix item
2022-11-04 06:21:46.037 UTC [TRACE] steampipe-plugin-hackernews.plugin: [TRACE] 1667542905408: QueryData.fetchComplete
2022-11-04 06:21:46.037 UTC [TRACE] steampipe-plugin-hackernews.plugin: [TRACE] 1667542905408: executeListCall COMPLETE (hackernews-1667542905408)
2022-11-04 06:21:46.037 UTC [TRACE] steampipe-plugin-hackernews.plugin: [TRACE] 1667542905408: rowData chan returned nil - wait for rows to complete (hackernews-1667542905408)
2022-11-04 06:21:46.043 UTC [TRACE] stdio: received data: channel=STDOUT len=16
2022-11-04 06:21:46.043 UTC [TRACE] stdio: waiting for stdio data
2022-11-04 06:21:46.108 UTC [TRACE] stdio: received data: channel=STDOUT len=98
2022-11-04 06:21:46.108 UTC [TRACE] stdio: waiting for stdio data
2022-11-04 06:21:46.174 UTC [TRACE] stdio: received data: channel=STDOUT len=1024
2022-11-04 06:21:46.174 UTC [TRACE] stdio: waiting for stdio data
2022-11-04 06:21:46.197 UTC [TRACE] stdio: received data: channel=STDOUT len=93
2022-11-04 06:21:46.197 UTC [TRACE] stdio: waiting for stdio data
2022-11-04 06:21:46.222 UTC [TRACE] stdio: received data: channel=STDOUT len=1024
2022-11-04 06:21:46.223 UTC [TRACE] stdio: waiting for stdio data
2022-11-04 06:21:46.283 UTC [TRACE] stdio: received data: channel=STDOUT len=824
2022-11-04 06:21:46.283 UTC [TRACE] stdio: waiting for stdio data
2022-11-04 06:21:46.336 UTC [TRACE] stdio: received data: channel=STDOUT len=1024
2022-11-04 06:21:46.336 UTC [TRACE] stdio: waiting for stdio data
2022-11-04 06:21:46.386 UTC [TRACE] steampipe-plugin-hackernews.plugin: [TRACE] 1667542905408: buildRowsAsync goroutine returning (hackernews-1667542905408)
2022-11-04 06:21:46.386 UTC [TRACE] steampipe-plugin-hackernews.plugin: [TRACE] 1667542905408: streamRows - nil row, stop streaming (hackernews-1667542905408)
2022-11-04 06:21:46.386 UTC [TRACE] steampipe-plugin-hackernews.plugin: [TRACE] 1667542905408: ------------------------------------
2022-11-04 06:21:46.386 UTC [TRACE] steampipe-plugin-hackernews.plugin: [TRACE] 1667542905408: Concurrency Summary
2022-11-04 06:21:46.386 UTC [TRACE] steampipe-plugin-hackernews.plugin: [TRACE] 1667542905408: ------------------------------------
2022-11-04 06:21:46.386 UTC [TRACE] steampipe-plugin-hackernews.plugin: [TRACE] 1667542905408: getItem                       : 200
2022-11-04 06:21:46.386 UTC [TRACE] steampipe-plugin-hackernews.plugin: [TRACE] 1667542905408: ------------------------------------
2022-11-04 06:21:46.386 UTC [TRACE] steampipe-plugin-hackernews.plugin: [TRACE] 1667542905408: Total                         : 200
2022-11-04 06:21:46.386 UTC [TRACE] steampipe-plugin-hackernews.plugin: [TRACE] 1667542905408: ------------------------------------
2022-11-04 06:21:46.386 UTC [TRACE] steampipe-plugin-hackernews.plugin: [TRACE] 1667542905408: QueryData streamRows DONE (hackernews-1667542905408)
2022-11-04 06:21:46.386 UTC [TRACE] steampipe-plugin-hackernews.plugin: [TRACE] 1667542905408: EndSet (hackernews-1667542905408) table hackernews_new
2022-11-04 06:21:46.386 UTC [TRACE] steampipe-plugin-hackernews.plugin: [TRACE] 1667542905408: QueryCache writePageToCache: 500 rows, pageCount 1, page key hackernewshackernews_newid,title,time,by,score,dead,deleted,descendants,kids,parent,parts,poll,text,type,url,_ctx-1-0
2022-11-04 06:21:46.393 UTC [TRACE] steampipe-plugin-hackernews.plugin: [TRACE] 1667542905408: writePageToCache Set - result written
2022-11-04 06:21:46.393 UTC [TRACE] steampipe-plugin-hackernews.plugin: [TRACE] 1667542905408: QueryCache EndSet - result written
2022-11-04 06:21:46.393 UTC [TRACE] steampipe-plugin-hackernews.plugin: [TRACE] 1667542905408: doGet cache miss
2022-11-04 06:21:46.393 UTC [TRACE] steampipe-plugin-hackernews.plugin: [TRACE] 1667542905408: getCachedIndexBucket - no item retrieved for cache key index__hackernewshackernews_new
2022-11-04 06:21:46.393 UTC [TRACE] steampipe-plugin-hackernews.plugin: [TRACE] 1667542905408: getCachedIndexBucket returned cache miss
2022-11-04 06:21:46.393 UTC [TRACE] steampipe-plugin-hackernews.plugin: [TRACE] 1667542905408: QueryCache EndSet - Added index item (0xc01aa5ea80) to bucket (0xc01a8cd6e0), page count 1,  key root hackernewshackernews_newid,title,time,by,score,dead,deleted,descendants,kids,parent,parts,poll,text,type,url,_ctx-1
2022-11-04 06:21:46.393 UTC [TRACE] steampipe-plugin-hackernews.plugin: [TRACE] 1667542905408: cacheSetIndexBucket index__hackernewshackernews_new
2022-11-04 06:21:46.393 UTC [TRACE] steampipe-plugin-hackernews.plugin: [TRACE] 1667542905408: QueryCache EndSet - IndexBucket written
2022-11-04 06:21:46.393 UTC [TRACE] steampipe-plugin-hackernews.plugin: [TRACE] 1667542905408: EndSet DEFER (hackernews-1667542905408) table hackernews_new
2022-11-04 06:21:46.393 UTC [TRACE] steampipe-plugin-hackernews.plugin: [TRACE] 1667542905408: calling pendingItemComplete (hackernews-1667542905408)
2022-11-04 06:21:46.393 UTC [TRACE] steampipe-plugin-hackernews.plugin: [TRACE] 1667542905408: pendingItemComplete (hackernews-1667542905408) indexBucketKey index__hackernewshackernews_new, columns [id title time by score dead deleted descendants kids parent parts poll text type url _ctx], limit -1
2022-11-04 06:21:46.393 UTC [TRACE] steampipe-plugin-hackernews.plugin: [TRACE] 1667542905408: got pending index bucket, (hackernews-1667542905408) len 1
2022-11-04 06:21:46.393 UTC [TRACE] steampipe-plugin-hackernews.plugin: [TRACE] 1667542905408: SatisfiesLimit limit -1, no item limit - satisfied
2022-11-04 06:21:46.393 UTC [TRACE] steampipe-plugin-hackernews.plugin: [TRACE] 1667542905408: found pending index item to satisfy columns id,title,time,by,score,dead,deleted,descendants,kids,parent,parts,poll,text,type,url,_ctx, limit -1
2022-11-04 06:21:46.393 UTC [TRACE] steampipe-plugin-hackernews.plugin: [TRACE] 1667542905408: found completed pending item (hackernews-1667542905408) 0xc000454a50, key hackernewshackernews_newid,title,time,by,score,dead,deleted,descendants,kids,parent,parts,poll,text,type,url,_ctx-1 - removing from map as it is complete
2022-11-04 06:21:46.393 UTC [TRACE] steampipe-plugin-hackernews.plugin: [TRACE] 1667542905408: pendingIndexItem Unlock count before 1 key hackernewshackernews_newid,title,time,by,score,dead,deleted,descendants,kids,parent,parts,poll,text,type,url,_ctx-1
2022-11-04 06:21:46.393 UTC [TRACE] steampipe-plugin-hackernews.plugin: [TRACE] 1667542905408: deleted from pending, (hackernews-1667542905408) len 0
2022-11-04 06:21:46.393 UTC [TRACE] steampipe-plugin-hackernews.plugin: [TRACE] 1667542905408: pending bucket now empty - deleting key index__hackernewshackernews_new
2022-11-04 06:21:46.393 UTC [TRACE] steampipe-plugin-hackernews.plugin: [TRACE] 1667542905408: pendingItemComplete done (hackernews-1667542905408)
2022-11-04 06:21:46.393 UTC [TRACE] steampipe-plugin-hackernews.plugin: [TRACE] 1667542905408: cache set succeeded
2022-11-04 06:21:46.393 UTC [TRACE] steampipe-plugin-hackernews.plugin: [TRACE] 1667542905408: End execute span
2022-11-04 06:21:46.393 UTC [TRACE] steampipe-plugin-hackernews.plugin: [TRACE] 1667542905408: executeForConnection DEFER (hackernews-1667542905408)
2022-11-04 06:21:46.393 UTC [TRACE] steampipe-plugin-hackernews.plugin: [TRACE] 1667542905408: Execute complete callId: hackernews-1667542905408 table: hackernews_new
2022-11-04 06:21:46.393 UTC [TRACE] steampipe-plugin-hackernews.plugin: [TRACE] 1667542905408: executeForConnection hackernews returned
2022-11-04 06:21:46.393 UTC [TRACE] steampipe-plugin-hackernews.plugin: [TRACE] 1667542905408: output wg complete - send nil row
2022-11-04 06:21:46.393 UTC [TRACE] steampipe-plugin-hackernews.plugin: [TRACE] 1667542905408: empty row on output channel - we are done
2022-11-04 06:21:46.393 UTC [INFO]  steampipe-plugin-hackernews.plugin: [INFO]  1667542905408: Plugin Execute complete (1667542905408)
2022-11-04 06:21:46.397 UTC [TRACE] stdio: received data: channel=STDOUT len=753
2022-11-04 06:21:46.397 UTC [TRACE] stdio: waiting for stdio data
2022-11-04 06:21:46.420 UTC [TRACE] stdio: received data: channel=STDOUT len=619
2022-11-04 06:21:46.420 UTC [TRACE] stdio: waiting for stdio data
2022-11-04 06:21:46.460 UTC [TRACE] PluginManager Shutdown
2022-11-04 06:21:46.460 UTC [TRACE] killing plugin hackernews (2031)
2022-11-04 06:21:46.461 UTC [DEBUG] stdio: received EOF, stopping recv loop: err="rpc error: code = Unavailable desc = error reading from server: EOF"
2022-11-04 06:21:46.461 UTC [TRACE] steampipe-plugin-hackernews.plugin: [TRACE] 1667542905408: FLUSHING instrumentation
2022-11-04 06:21:46.461 UTC [TRACE] steampipe-plugin-hackernews.plugin: [TRACE] 1667542905408: Shutdown instrumentation
2022-11-04 06:21:46.464 UTC [INFO]  plugin process exited: path=/home/runner/.steampipe/plugins/hub.steampipe.io/plugins/turbot/hackernews@latest/steampipe-plugin-hackernews.plugin pid=2031
2022-11-04 06:21:46.464 UTC [DEBUG] plugin exited
2022-11-04 06:21:46.464 UTC [TRACE] killing plugin csv (2006)
2022-11-04 06:21:46.465 UTC [TRACE] steampipe-plugin-csv.plugin: [TRACE] FLUSHING instrumentation
2022-11-04 06:21:46.465 UTC [TRACE] steampipe-plugin-csv.plugin: [TRACE] Shutdown instrumentation
2022-11-04 06:21:46.465 UTC [INFO]  plugin process exited: path=/home/runner/.steampipe/plugins/hub.steampipe.io/plugins/turbot/csv@latest/steampipe-plugin-csv.plugin pid=2006
2022-11-04 06:21:46.465 UTC [DEBUG] stdio: received EOF, stopping recv loop: err="rpc error: code = Unavailable desc = error reading from server: EOF"
2022-11-04 06:21:46.465 UTC [DEBUG] plugin exited
2022-11-04 06:21:49.814 UTC [WARN]  PluginManager setPluginCacheSizeMap: 4 connections.
2022-11-04 06:21:49.814 UTC [WARN]  Total cache size 0Mb
2022-11-04 06:21:49.880 UTC [WARN]  plugin configured with a nil SecureConfig
2022-11-04 06:21:50.126 UTC [WARN]  steampipe-plugin-csv.plugin: [WARN]  1667542910180: getKeyColumnsForTable found no schema for table '/home/runner/work/steampipe-samples/steampipe-samples/all/hackernews/hn.csv'
2022-11-04 06:22:10.648 UTC [WARN]  PluginManager setPluginCacheSizeMap: 4 connections.
2022-11-04 06:22:10.648 UTC [WARN]  Total cache size 0Mb
2022-11-04 06:22:10.711 UTC [WARN]  plugin configured with a nil SecureConfig
2022-11-04 06:22:10.880 UTC [WARN]  steampipe-plugin-csv.plugin: [WARN]  1667542930395: getKeyColumnsForTable found no schema for table '/home/runner/work/steampipe-samples/steampipe-samples/all/hackernews/hn.csv'
2022-11-04 06:22:30.773 UTC [WARN]  PluginManager setPluginCacheSizeMap: 4 connections.
2022-11-04 06:22:30.773 UTC [WARN]  Total cache size 0Mb
2022-11-04 06:22:30.836 UTC [WARN]  plugin configured with a nil SecureConfig
2022-11-04 06:22:31.981 UTC [WARN]  PluginManager setPluginCacheSizeMap: 4 connections.
2022-11-04 06:22:31.981 UTC [WARN]  Total cache size 0Mb
2022-11-04 06:22:32.045 UTC [WARN]  plugin configured with a nil SecureConfig
2022-11-04 06:22:32.958 UTC [WARN]  PluginManager setPluginCacheSizeMap: 4 connections.
2022-11-04 06:22:32.958 UTC [WARN]  Total cache size 0Mb
2022-11-04 06:22:33.022 UTC [WARN]  plugin configured with a nil SecureConfig
2022-11-04 06:22:33.817 UTC [WARN]  PluginManager setPluginCacheSizeMap: 4 connections.
2022-11-04 06:22:33.817 UTC [WARN]  Total cache size 0Mb
2022-11-04 06:22:33.880 UTC [WARN]  plugin configured with a nil SecureConfig
2022-11-04 06:22:34.714 UTC [WARN]  PluginManager setPluginCacheSizeMap: 4 connections.
2022-11-04 06:22:34.714 UTC [WARN]  Total cache size 0Mb
2022-11-04 06:22:34.777 UTC [WARN]  plugin configured with a nil SecureConfig
2022-11-04 06:22:35.593 UTC [WARN]  PluginManager setPluginCacheSizeMap: 4 connections.
2022-11-04 06:22:35.593 UTC [WARN]  Total cache size 0Mb
2022-11-04 06:22:35.656 UTC [WARN]  plugin configured with a nil SecureConfig
2022-11-04 06:22:36.457 UTC [WARN]  PluginManager setPluginCacheSizeMap: 4 connections.
2022-11-04 06:22:36.457 UTC [WARN]  Total cache size 0Mb
2022-11-04 06:22:36.520 UTC [WARN]  plugin configured with a nil SecureConfig
2022-11-04 06:22:37.287 UTC [WARN]  PluginManager setPluginCacheSizeMap: 4 connections.
2022-11-04 06:22:37.287 UTC [WARN]  Total cache size 0Mb
2022-11-04 06:22:37.349 UTC [WARN]  plugin configured with a nil SecureConfig
2022-11-04 06:22:37.515 UTC [WARN]  plugin configured with a nil SecureConfig
2022-11-04 06:23:48.088 UTC [WARN]  PluginManager setPluginCacheSizeMap: 4 connections.
2022-11-04 06:23:48.088 UTC [WARN]  Total cache size 0Mb
2022-11-04 06:23:48.150 UTC [WARN]  plugin configured with a nil SecureConfig
2022-11-04 06:23:48.924 UTC [WARN]  PluginManager setPluginCacheSizeMap: 4 connections.
2022-11-04 06:23:48.924 UTC [WARN]  Total cache size 0Mb
2022-11-04 06:23:48.987 UTC [WARN]  plugin configured with a nil SecureConfig
2022-11-04 06:23:48.999 UTC [ERROR] steampipe-plugin-csv.plugin: [ERROR] csv.tableCSV: header_parse_error=EOF path=/home/runner/work/steampipe-samples/steampipe-samples/all/hackernews/new_sc.csv header=[]
2022-11-04 06:23:48.999 UTC [ERROR] steampipe-plugin-csv.plugin: [ERROR] csv.PluginTables: create_table_error="failed to parse file header /home/runner/work/steampipe-samples/steampipe-samples/all/hackernews/new_sc.csv: EOF" path=/home/runner/work/steampipe-samples/steampipe-samples/all/hackernews/new_sc.csv
2022-11-04 06:23:49.000 UTC [WARN]  failed to set connection config: failed to parse file header /home/runner/work/steampipe-samples/steampipe-samples/all/hackernews/new_sc.csv: EOF
2022-11-04 06:23:49.744 UTC [WARN]  PluginManager setPluginCacheSizeMap: 4 connections.
2022-11-04 06:23:49.744 UTC [WARN]  Total cache size 0Mb
2022-11-04 06:23:49.806 UTC [WARN]  plugin configured with a nil SecureConfig
2022-11-04 06:23:49.973 UTC [WARN]  steampipe-plugin-csv.plugin: [WARN]  1667543029358: getKeyColumnsForTable found no schema for table '/home/runner/work/steampipe-samples/steampipe-samples/all/hackernews/new_sc.csv'
2022-11-04 06:23:53.062 UTC [WARN]  PluginManager setPluginCacheSizeMap: 4 connections.
2022-11-04 06:23:53.062 UTC [WARN]  Total cache size 0Mb
2022-11-04 06:23:53.125 UTC [WARN]  plugin configured with a nil SecureConfig
2022-11-04 06:23:53.874 UTC [WARN]  PluginManager setPluginCacheSizeMap: 4 connections.
2022-11-04 06:23:53.874 UTC [WARN]  Total cache size 0Mb
2022-11-04 06:23:53.937 UTC [WARN]  plugin configured with a nil SecureConfig
2022-11-04 06:23:54.702 UTC [WARN]  PluginManager setPluginCacheSizeMap: 4 connections.
2022-11-04 06:23:54.702 UTC [WARN]  Total cache size 0Mb
2022-11-04 06:23:54.765 UTC [WARN]  plugin configured with a nil SecureConfig
2022-11-04 06:23:55.528 UTC [WARN]  PluginManager setPluginCacheSizeMap: 4 connections.
2022-11-04 06:23:55.528 UTC [WARN]  Total cache size 0Mb
2022-11-04 06:23:55.591 UTC [WARN]  plugin configured with a nil SecureConfig
2022-11-04 06:23:55.603 UTC [ERROR] steampipe-plugin-csv.plugin: [ERROR] csv.tableCSV: header_parse_error=EOF path=/home/runner/work/steampipe-samples/steampipe-samples/all/hackernews/hn_items_all.csv header=[]
2022-11-04 06:23:55.603 UTC [ERROR] steampipe-plugin-csv.plugin: [ERROR] csv.PluginTables: create_table_error="failed to parse file header /home/runner/work/steampipe-samples/steampipe-samples/all/hackernews/hn_items_all.csv: EOF" path=/home/runner/work/steampipe-samples/steampipe-samples/all/hackernews/hn_items_all.csv
2022-11-04 06:23:55.603 UTC [WARN]  failed to set connection config: failed to parse file header /home/runner/work/steampipe-samples/steampipe-samples/all/hackernews/hn_items_all.csv: EOF
2022-11-04 06:23:56.563 UTC [WARN]  PluginManager setPluginCacheSizeMap: 4 connections.
2022-11-04 06:23:56.563 UTC [WARN]  Total cache size 0Mb
2022-11-04 06:23:56.625 UTC [WARN]  plugin configured with a nil SecureConfig
2022-11-04 06:23:56.637 UTC [ERROR] steampipe-plugin-csv.plugin: [ERROR] csv.tableCSV: header_parse_error=EOF path=/home/runner/work/steampipe-samples/steampipe-samples/all/hackernews/people.csv header=[]
2022-11-04 06:23:56.637 UTC [ERROR] steampipe-plugin-csv.plugin: [ERROR] csv.PluginTables: create_table_error="failed to parse file header /home/runner/work/steampipe-samples/steampipe-samples/all/hackernews/people.csv: EOF" path=/home/runner/work/steampipe-samples/steampipe-samples/all/hackernews/people.csv
2022-11-04 06:23:56.637 UTC [WARN]  failed to set connection config: failed to parse file header /home/runner/work/steampipe-samples/steampipe-samples/all/hackernews/people.csv: EOF
2022-11-04 06:23:56.779 UTC [WARN]  plugin configured with a nil SecureConfig
2022-11-04 06:23:56.810 UTC [WARN]  plugin configured with a nil SecureConfig
