2022-12-07 12:21:44.259 UTC [INFO]  starting plugin manager
2022-12-07 12:21:44.259 UTC [TRACE] loaded config map: csv,github,hackernews,net
2022-12-07 12:21:44.259 UTC [TRACE] NewPluginManager
2022-12-07 12:21:44.260 UTC [TRACE] PluginManager setPluginCacheSizeMap: 4 connections.
2022-12-07 12:21:44.260 UTC [TRACE] Total cache size 0Mb
2022-12-07 12:21:44.260 UTC [INFO]  starting connection watcher
2022-12-07 12:21:44.260 UTC [INFO]  created ConnectionWatcher
2022-12-07 12:21:44.260 UTC [TRACE] about to serve
2022-12-07 12:21:44.330 UTC [TRACE] PluginManager Get, connections: '[csv]'
2022-12-07 12:21:44.330 UTC [TRACE] PluginManager getPlugin hub.steampipe.io/plugins/turbot/csv@latest connection 'csv'
2022-12-07 12:21:44.330 UTC [TRACE] PluginManager 0xc000500e60 plugin hub.steampipe.io/plugins/turbot/csv@latest (csv) NOT started or starting - start now
2022-12-07 12:21:44.330 UTC [TRACE] ************ start plugin csv ********************
2022-12-07 12:21:44.330 UTC [TRACE] ************ plugin path /home/runner/.steampipe/plugins/hub.steampipe.io/plugins/turbot/csv@latest/steampipe-plugin-csv.plugin ********************
2022-12-07 12:21:44.360 UTC [TRACE] handleFileWatcherEvent ignoring first event
2022-12-07 12:21:44.395 UTC [DEBUG] starting plugin: path=/home/runner/.steampipe/plugins/hub.steampipe.io/plugins/turbot/csv@latest/steampipe-plugin-csv.plugin args=["/home/runner/.steampipe/plugins/hub.steampipe.io/plugins/turbot/csv@latest/steampipe-plugin-csv.plugin"]
2022-12-07 12:21:44.396 UTC [DEBUG] plugin started: path=/home/runner/.steampipe/plugins/hub.steampipe.io/plugins/turbot/csv@latest/steampipe-plugin-csv.plugin pid=1987
2022-12-07 12:21:44.396 UTC [DEBUG] waiting for RPC address: path=/home/runner/.steampipe/plugins/hub.steampipe.io/plugins/turbot/csv@latest/steampipe-plugin-csv.plugin
2022-12-07 12:21:44.405 UTC [INFO]  steampipe-plugin-csv.plugin: [INFO]  Initialise plugin 'steampipe-plugin-csv', using sdk version 4.1.8
2022-12-07 12:21:44.405 UTC [TRACE] steampipe-plugin-csv.plugin: [TRACE] no DefaultRetryConfig defined - creating empty
2022-12-07 12:21:44.405 UTC [TRACE] steampipe-plugin-csv.plugin: [TRACE] no DefaultIgnoreConfig defined - creating empty
2022-12-07 12:21:44.405 UTC [TRACE] steampipe-plugin-csv.plugin: [TRACE] telemetry.Init service 'steampipe-plugin-csv', tracingEnabled: false, metricsEnabled: false
2022-12-07 12:21:44.405 UTC [TRACE] steampipe-plugin-csv.plugin: [TRACE] metrics and tracing disabled' - returning
2022-12-07 12:21:44.406 UTC [DEBUG] steampipe-plugin-csv.plugin: plugin address: address=/tmp/plugin2081085324 network=unix timestamp=2022-12-07T12:21:44.406Z
2022-12-07 12:21:44.406 UTC [DEBUG] using plugin: version=0
2022-12-07 12:21:44.406 UTC [TRACE] NewPluginClient for plugin hub.steampipe.io/plugins/turbot/csv@latest
2022-12-07 12:21:44.407 UTC [TRACE] stdio: waiting for stdio data
2022-12-07 12:21:44.408 UTC [TRACE] supportedOperations: query_cache:true multiple_connections:true
2022-12-07 12:21:44.408 UTC [TRACE] steampipe-plugin-csv.plugin: [TRACE] SetAllConnectionConfigs setting 1 configs
2022-12-07 12:21:44.408 UTC [TRACE] steampipe-plugin-csv.plugin: [TRACE] connection csv build schema and table map
2022-12-07 12:21:44.408 UTC [DEBUG] steampipe-plugin-csv.plugin: [DEBUG] csv.tableCSV: path=/home/runner/work/steampipe-samples/steampipe-samples/all/hackernews/hn_items_all.csv detected_encoding=Unknown
2022-12-07 12:21:44.408 UTC [DEBUG] steampipe-plugin-csv.plugin: [DEBUG] csv.tableCSV: path=/home/runner/work/steampipe-samples/steampipe-samples/all/hackernews/new_sc.csv detected_encoding=Unknown
2022-12-07 12:21:44.408 UTC [DEBUG] steampipe-plugin-csv.plugin: [DEBUG] csv.tableCSV: path=/home/runner/work/steampipe-samples/steampipe-samples/all/hackernews/people.csv detected_encoding=Unknown
2022-12-07 12:21:44.408 UTC [TRACE] steampipe-plugin-csv.plugin: [TRACE] initialise table /home/runner/work/steampipe-samples/steampipe-samples/all/hackernews/hn_items_all.csv
2022-12-07 12:21:44.408 UTC [TRACE] steampipe-plugin-csv.plugin: [TRACE] no DefaultRetryConfig defined - creating empty
2022-12-07 12:21:44.409 UTC [TRACE] steampipe-plugin-csv.plugin: [TRACE] no DefaultIgnoreConfig defined - creating empty
2022-12-07 12:21:44.409 UTC [TRACE] steampipe-plugin-csv.plugin: [TRACE] apply plugin defaults for DefaultRetryConfig
2022-12-07 12:21:44.409 UTC [TRACE] steampipe-plugin-csv.plugin: [TRACE] apply plugin defaults for DefaultIgnoreConfig, table &{<nil> <nil>} plugin &{<nil> <nil>}
2022-12-07 12:21:44.409 UTC [TRACE] steampipe-plugin-csv.plugin: [TRACE] DefaultRetryConfig:
2022-12-07 12:21:44.409 UTC [TRACE] steampipe-plugin-csv.plugin: [TRACE] DefaultIgnoreConfig:
2022-12-07 12:21:44.409 UTC [TRACE] steampipe-plugin-csv.plugin: [TRACE] t.List.initialise
2022-12-07 12:21:44.409 UTC [TRACE] steampipe-plugin-csv.plugin: [TRACE] ListConfig.initialise table /home/runner/work/steampipe-samples/steampipe-samples/all/hackernews/hn_items_all.csv
2022-12-07 12:21:44.409 UTC [TRACE] steampipe-plugin-csv.plugin: [TRACE] ListConfig.initialise complete: RetryConfig: , IgnoreConfig
2022-12-07 12:21:44.409 UTC [TRACE] steampipe-plugin-csv.plugin: [TRACE] back from initialiseHydrateConfigs
2022-12-07 12:21:44.409 UTC [TRACE] steampipe-plugin-csv.plugin: [TRACE] initialise table /home/runner/work/steampipe-samples/steampipe-samples/all/hackernews/hn_items_all.csv COMPLETE
2022-12-07 12:21:44.409 UTC [TRACE] steampipe-plugin-csv.plugin: [TRACE] initialise table /home/runner/work/steampipe-samples/steampipe-samples/all/hackernews/new_sc.csv
2022-12-07 12:21:44.409 UTC [TRACE] steampipe-plugin-csv.plugin: [TRACE] no DefaultRetryConfig defined - creating empty
2022-12-07 12:21:44.409 UTC [TRACE] steampipe-plugin-csv.plugin: [TRACE] no DefaultIgnoreConfig defined - creating empty
2022-12-07 12:21:44.409 UTC [TRACE] steampipe-plugin-csv.plugin: [TRACE] apply plugin defaults for DefaultRetryConfig
2022-12-07 12:21:44.409 UTC [TRACE] steampipe-plugin-csv.plugin: [TRACE] apply plugin defaults for DefaultIgnoreConfig, table &{<nil> <nil>} plugin &{<nil> <nil>}
2022-12-07 12:21:44.409 UTC [TRACE] steampipe-plugin-csv.plugin: [TRACE] DefaultRetryConfig:
2022-12-07 12:21:44.409 UTC [TRACE] steampipe-plugin-csv.plugin: [TRACE] DefaultIgnoreConfig:
2022-12-07 12:21:44.409 UTC [TRACE] steampipe-plugin-csv.plugin: [TRACE] t.List.initialise
2022-12-07 12:21:44.409 UTC [TRACE] steampipe-plugin-csv.plugin: [TRACE] ListConfig.initialise table /home/runner/work/steampipe-samples/steampipe-samples/all/hackernews/new_sc.csv
2022-12-07 12:21:44.409 UTC [TRACE] steampipe-plugin-csv.plugin: [TRACE] ListConfig.initialise complete: RetryConfig: , IgnoreConfig
2022-12-07 12:21:44.409 UTC [TRACE] steampipe-plugin-csv.plugin: [TRACE] back from initialiseHydrateConfigs
2022-12-07 12:21:44.409 UTC [TRACE] steampipe-plugin-csv.plugin: [TRACE] initialise table /home/runner/work/steampipe-samples/steampipe-samples/all/hackernews/new_sc.csv COMPLETE
2022-12-07 12:21:44.409 UTC [TRACE] steampipe-plugin-csv.plugin: [TRACE] initialise table /home/runner/work/steampipe-samples/steampipe-samples/all/hackernews/people.csv
2022-12-07 12:21:44.409 UTC [TRACE] steampipe-plugin-csv.plugin: [TRACE] no DefaultRetryConfig defined - creating empty
2022-12-07 12:21:44.409 UTC [TRACE] steampipe-plugin-csv.plugin: [TRACE] no DefaultIgnoreConfig defined - creating empty
2022-12-07 12:21:44.409 UTC [TRACE] steampipe-plugin-csv.plugin: [TRACE] apply plugin defaults for DefaultRetryConfig
2022-12-07 12:21:44.409 UTC [TRACE] steampipe-plugin-csv.plugin: [TRACE] apply plugin defaults for DefaultIgnoreConfig, table &{<nil> <nil>} plugin &{<nil> <nil>}
2022-12-07 12:21:44.409 UTC [TRACE] steampipe-plugin-csv.plugin: [TRACE] DefaultRetryConfig:
2022-12-07 12:21:44.409 UTC [TRACE] steampipe-plugin-csv.plugin: [TRACE] DefaultIgnoreConfig:
2022-12-07 12:21:44.409 UTC [TRACE] steampipe-plugin-csv.plugin: [TRACE] t.List.initialise
2022-12-07 12:21:44.409 UTC [TRACE] steampipe-plugin-csv.plugin: [TRACE] ListConfig.initialise table /home/runner/work/steampipe-samples/steampipe-samples/all/hackernews/people.csv
2022-12-07 12:21:44.409 UTC [TRACE] steampipe-plugin-csv.plugin: [TRACE] ListConfig.initialise complete: RetryConfig: , IgnoreConfig
2022-12-07 12:21:44.409 UTC [TRACE] steampipe-plugin-csv.plugin: [TRACE] back from initialiseHydrateConfigs
2022-12-07 12:21:44.409 UTC [TRACE] steampipe-plugin-csv.plugin: [TRACE] initialise table /home/runner/work/steampipe-samples/steampipe-samples/all/hackernews/people.csv COMPLETE
2022-12-07 12:21:44.409 UTC [TRACE] steampipe-plugin-csv.plugin: [TRACE] validate plugin steampipe-plugin-csv, required columns []
2022-12-07 12:21:44.409 UTC [TRACE] steampipe-plugin-csv.plugin: [TRACE] validate DefaultRetryConfig
2022-12-07 12:21:44.409 UTC [TRACE] steampipe-plugin-csv.plugin: [TRACE] validate DefaultIgnoreConfig
2022-12-07 12:21:44.409 UTC [TRACE] steampipe-plugin-csv.plugin: [TRACE] validate table names
2022-12-07 12:21:44.409 UTC [TRACE] steampipe-plugin-csv.plugin: [TRACE] plugin has 0 validation errors
2022-12-07 12:21:44.409 UTC [TRACE] steampipe-plugin-csv.plugin: [TRACE] Plugin ensureCache creating cache, maxCacheStorageMb 0
2022-12-07 12:21:44.409 UTC [TRACE] steampipe-plugin-csv.plugin: [TRACE] createCacheStore for plugin 'steampipe-plugin-csv' setting max size to 0Mb, Shards: 2, max shard size: 0
2022-12-07 12:21:44.422 UTC [INFO]  steampipe-plugin-csv.plugin: [INFO]  query cache created
2022-12-07 12:21:44.422 UTC [DEBUG] steampipe-plugin-csv.plugin: [DEBUG] SetAllConnectionConfigs finished
2022-12-07 12:21:44.422 UTC [TRACE] PluginManager getPlugin complete, returning reattach config with PID: 1987
2022-12-07 12:21:44.422 UTC [TRACE] PluginManager Get returning reattach_map:{key:"csv" value:{protocol:"grpc" addr:{Network:"unix" Address:"/tmp/plugin2081085324"} pid:1987 supported_operations:{query_cache:true multiple_connections:true} connections:"csv" plugin:"hub.steampipe.io/plugins/turbot/csv@latest"}}
2022-12-07 12:21:44.507 UTC [TRACE] PluginManager Get, connections: '[csv]'
2022-12-07 12:21:44.508 UTC [TRACE] PluginManager getPlugin hub.steampipe.io/plugins/turbot/csv@latest connection 'csv'
2022-12-07 12:21:44.508 UTC [TRACE] connection csv found in connectionPluginMap
2022-12-07 12:21:44.508 UTC [TRACE] initialized: 1987
2022-12-07 12:21:44.508 UTC [TRACE] initialized: 1987
2022-12-07 12:21:44.508 UTC [TRACE] connection csv is loaded, check for running PID
2022-12-07 12:21:44.508 UTC [TRACE] PluginManager found 'csv' in map, pid 1987
2022-12-07 12:21:44.508 UTC [TRACE] PluginManager Get returning reattach_map:{key:"csv" value:{protocol:"grpc" addr:{Network:"unix" Address:"/tmp/plugin2081085324"} pid:1987 supported_operations:{query_cache:true multiple_connections:true} connections:"csv" plugin:"hub.steampipe.io/plugins/turbot/csv@latest"}}
2022-12-07 12:21:44.675 UTC [TRACE] PluginManager Get, connections: '[hackernews]'
2022-12-07 12:21:44.675 UTC [TRACE] PluginManager getPlugin hub.steampipe.io/plugins/turbot/hackernews@latest connection 'hackernews'
2022-12-07 12:21:44.676 UTC [TRACE] PluginManager 0xc000500e60 plugin hub.steampipe.io/plugins/turbot/hackernews@latest (hackernews) NOT started or starting - start now
2022-12-07 12:21:44.676 UTC [TRACE] ************ start plugin hackernews ********************
2022-12-07 12:21:44.676 UTC [TRACE] ************ plugin path /home/runner/.steampipe/plugins/hub.steampipe.io/plugins/turbot/hackernews@latest/steampipe-plugin-hackernews.plugin ********************
2022-12-07 12:21:44.739 UTC [DEBUG] starting plugin: path=/home/runner/.steampipe/plugins/hub.steampipe.io/plugins/turbot/hackernews@latest/steampipe-plugin-hackernews.plugin args=["/home/runner/.steampipe/plugins/hub.steampipe.io/plugins/turbot/hackernews@latest/steampipe-plugin-hackernews.plugin"]
2022-12-07 12:21:44.739 UTC [DEBUG] plugin started: path=/home/runner/.steampipe/plugins/hub.steampipe.io/plugins/turbot/hackernews@latest/steampipe-plugin-hackernews.plugin pid=2011
2022-12-07 12:21:44.739 UTC [DEBUG] waiting for RPC address: path=/home/runner/.steampipe/plugins/hub.steampipe.io/plugins/turbot/hackernews@latest/steampipe-plugin-hackernews.plugin
2022-12-07 12:21:44.747 UTC [INFO]  steampipe-plugin-hackernews.plugin: [INFO]  Initialise plugin 'steampipe-plugin-hackernews', using sdk version 4.1.7
2022-12-07 12:21:44.747 UTC [TRACE] steampipe-plugin-hackernews.plugin: [TRACE] defaulting SchemaMode to SchemaModeStatic
2022-12-07 12:21:44.747 UTC [TRACE] steampipe-plugin-hackernews.plugin: [TRACE] no DefaultRetryConfig defined - creating empty
2022-12-07 12:21:44.747 UTC [TRACE] steampipe-plugin-hackernews.plugin: [TRACE] no DefaultIgnoreConfig defined - creating empty
2022-12-07 12:21:44.747 UTC [TRACE] steampipe-plugin-hackernews.plugin: [TRACE] Setting Ulimit: ulimit=2560
2022-12-07 12:21:44.752 UTC [TRACE] steampipe-plugin-hackernews.plugin: [TRACE] telemetry.Init service 'steampipe-plugin-hackernews', tracingEnabled: false, metricsEnabled: false
2022-12-07 12:21:44.752 UTC [TRACE] steampipe-plugin-hackernews.plugin: [TRACE] metrics and tracing disabled' - returning
2022-12-07 12:21:44.752 UTC [DEBUG] steampipe-plugin-hackernews.plugin: plugin address: address=/tmp/plugin911169144 network=unix timestamp=2022-12-07T12:21:44.752Z
2022-12-07 12:21:44.752 UTC [DEBUG] using plugin: version=0
2022-12-07 12:21:44.752 UTC [TRACE] NewPluginClient for plugin hub.steampipe.io/plugins/turbot/hackernews@latest
2022-12-07 12:21:44.753 UTC [TRACE] stdio: waiting for stdio data
2022-12-07 12:21:44.754 UTC [TRACE] supportedOperations: query_cache:true multiple_connections:true
2022-12-07 12:21:44.754 UTC [TRACE] steampipe-plugin-hackernews.plugin: [TRACE] SetAllConnectionConfigs setting 1 configs
2022-12-07 12:21:44.754 UTC [TRACE] steampipe-plugin-hackernews.plugin: [TRACE] connection hackernews build schema and table map
2022-12-07 12:21:44.754 UTC [TRACE] steampipe-plugin-hackernews.plugin: [TRACE] initialise table hackernews_top
2022-12-07 12:21:44.754 UTC [TRACE] steampipe-plugin-hackernews.plugin: [TRACE] no DefaultRetryConfig defined - creating empty
2022-12-07 12:21:44.754 UTC [TRACE] steampipe-plugin-hackernews.plugin: [TRACE] no DefaultIgnoreConfig defined - creating empty
2022-12-07 12:21:44.754 UTC [TRACE] steampipe-plugin-hackernews.plugin: [TRACE] apply plugin defaults for DefaultRetryConfig
2022-12-07 12:21:44.754 UTC [TRACE] steampipe-plugin-hackernews.plugin: [TRACE] apply plugin defaults for DefaultIgnoreConfig, table &{<nil> <nil>} plugin &{<nil> <nil>}
2022-12-07 12:21:44.754 UTC [TRACE] steampipe-plugin-hackernews.plugin: [TRACE] DefaultRetryConfig:
2022-12-07 12:21:44.754 UTC [TRACE] steampipe-plugin-hackernews.plugin: [TRACE] DefaultIgnoreConfig:
2022-12-07 12:21:44.754 UTC [TRACE] steampipe-plugin-hackernews.plugin: [TRACE] t.Get.initialise
2022-12-07 12:21:44.754 UTC [TRACE] steampipe-plugin-hackernews.plugin: [TRACE] GetConfig.initialise table hackernews_top
2022-12-07 12:21:44.754 UTC [TRACE] steampipe-plugin-hackernews.plugin: [TRACE] GetConfig.initialise complete: RetryConfig: , IgnoreConfig:
2022-12-07 12:21:44.754 UTC [TRACE] steampipe-plugin-hackernews.plugin: [TRACE] t.List.initialise
2022-12-07 12:21:44.754 UTC [TRACE] steampipe-plugin-hackernews.plugin: [TRACE] ListConfig.initialise table hackernews_top
2022-12-07 12:21:44.754 UTC [TRACE] steampipe-plugin-hackernews.plugin: [TRACE] ListConfig.initialise complete: RetryConfig: , IgnoreConfig
2022-12-07 12:21:44.754 UTC [TRACE] steampipe-plugin-hackernews.plugin: [TRACE] HydrateConfig.initialise func getItem, table hackernews_top
2022-12-07 12:21:44.754 UTC [TRACE] steampipe-plugin-hackernews.plugin: [TRACE] HydrateConfig.initialise complete: RetryConfig: , IgnoreConfig:
2022-12-07 12:21:44.754 UTC [TRACE] steampipe-plugin-hackernews.plugin: [TRACE] back from initialiseHydrateConfigs
2022-12-07 12:21:44.754 UTC [TRACE] steampipe-plugin-hackernews.plugin: [TRACE] initialise table hackernews_top COMPLETE
2022-12-07 12:21:44.754 UTC [TRACE] steampipe-plugin-hackernews.plugin: [TRACE] initialise table hackernews_user
2022-12-07 12:21:44.754 UTC [TRACE] steampipe-plugin-hackernews.plugin: [TRACE] no DefaultRetryConfig defined - creating empty
2022-12-07 12:21:44.754 UTC [TRACE] steampipe-plugin-hackernews.plugin: [TRACE] no DefaultIgnoreConfig defined - creating empty
2022-12-07 12:21:44.754 UTC [TRACE] steampipe-plugin-hackernews.plugin: [TRACE] apply plugin defaults for DefaultRetryConfig
2022-12-07 12:21:44.754 UTC [TRACE] steampipe-plugin-hackernews.plugin: [TRACE] apply plugin defaults for DefaultIgnoreConfig, table &{<nil> <nil>} plugin &{<nil> <nil>}
2022-12-07 12:21:44.754 UTC [TRACE] steampipe-plugin-hackernews.plugin: [TRACE] DefaultRetryConfig:
2022-12-07 12:21:44.754 UTC [TRACE] steampipe-plugin-hackernews.plugin: [TRACE] DefaultIgnoreConfig:
2022-12-07 12:21:44.754 UTC [TRACE] steampipe-plugin-hackernews.plugin: [TRACE] t.List.initialise
2022-12-07 12:21:44.754 UTC [TRACE] steampipe-plugin-hackernews.plugin: [TRACE] ListConfig.initialise table hackernews_user
2022-12-07 12:21:44.754 UTC [TRACE] steampipe-plugin-hackernews.plugin: [TRACE] ListConfig.initialise complete: RetryConfig: , IgnoreConfig
2022-12-07 12:21:44.754 UTC [TRACE] steampipe-plugin-hackernews.plugin: [TRACE] back from initialiseHydrateConfigs
2022-12-07 12:21:44.754 UTC [TRACE] steampipe-plugin-hackernews.plugin: [TRACE] initialise table hackernews_user COMPLETE
2022-12-07 12:21:44.754 UTC [TRACE] steampipe-plugin-hackernews.plugin: [TRACE] initialise table hackernews_ask_hn
2022-12-07 12:21:44.754 UTC [TRACE] steampipe-plugin-hackernews.plugin: [TRACE] no DefaultRetryConfig defined - creating empty
2022-12-07 12:21:44.754 UTC [TRACE] steampipe-plugin-hackernews.plugin: [TRACE] no DefaultIgnoreConfig defined - creating empty
2022-12-07 12:21:44.754 UTC [TRACE] steampipe-plugin-hackernews.plugin: [TRACE] apply plugin defaults for DefaultRetryConfig
2022-12-07 12:21:44.754 UTC [TRACE] steampipe-plugin-hackernews.plugin: [TRACE] apply plugin defaults for DefaultIgnoreConfig, table &{<nil> <nil>} plugin &{<nil> <nil>}
2022-12-07 12:21:44.754 UTC [TRACE] steampipe-plugin-hackernews.plugin: [TRACE] DefaultRetryConfig:
2022-12-07 12:21:44.754 UTC [TRACE] steampipe-plugin-hackernews.plugin: [TRACE] DefaultIgnoreConfig:
2022-12-07 12:21:44.754 UTC [TRACE] steampipe-plugin-hackernews.plugin: [TRACE] t.Get.initialise
2022-12-07 12:21:44.754 UTC [TRACE] steampipe-plugin-hackernews.plugin: [TRACE] GetConfig.initialise table hackernews_ask_hn
2022-12-07 12:21:44.754 UTC [TRACE] steampipe-plugin-hackernews.plugin: [TRACE] GetConfig.initialise complete: RetryConfig: , IgnoreConfig:
2022-12-07 12:21:44.754 UTC [TRACE] steampipe-plugin-hackernews.plugin: [TRACE] t.List.initialise
2022-12-07 12:21:44.754 UTC [TRACE] steampipe-plugin-hackernews.plugin: [TRACE] ListConfig.initialise table hackernews_ask_hn
2022-12-07 12:21:44.754 UTC [TRACE] steampipe-plugin-hackernews.plugin: [TRACE] ListConfig.initialise complete: RetryConfig: , IgnoreConfig
2022-12-07 12:21:44.754 UTC [TRACE] steampipe-plugin-hackernews.plugin: [TRACE] HydrateConfig.initialise func getItem, table hackernews_ask_hn
2022-12-07 12:21:44.754 UTC [TRACE] steampipe-plugin-hackernews.plugin: [TRACE] HydrateConfig.initialise complete: RetryConfig: , IgnoreConfig:
2022-12-07 12:21:44.754 UTC [TRACE] steampipe-plugin-hackernews.plugin: [TRACE] back from initialiseHydrateConfigs
2022-12-07 12:21:44.754 UTC [TRACE] steampipe-plugin-hackernews.plugin: [TRACE] initialise table hackernews_ask_hn COMPLETE
2022-12-07 12:21:44.754 UTC [TRACE] steampipe-plugin-hackernews.plugin: [TRACE] initialise table hackernews_best
2022-12-07 12:21:44.754 UTC [TRACE] steampipe-plugin-hackernews.plugin: [TRACE] no DefaultRetryConfig defined - creating empty
2022-12-07 12:21:44.754 UTC [TRACE] steampipe-plugin-hackernews.plugin: [TRACE] no DefaultIgnoreConfig defined - creating empty
2022-12-07 12:21:44.754 UTC [TRACE] steampipe-plugin-hackernews.plugin: [TRACE] apply plugin defaults for DefaultRetryConfig
2022-12-07 12:21:44.754 UTC [TRACE] steampipe-plugin-hackernews.plugin: [TRACE] apply plugin defaults for DefaultIgnoreConfig, table &{<nil> <nil>} plugin &{<nil> <nil>}
2022-12-07 12:21:44.754 UTC [TRACE] steampipe-plugin-hackernews.plugin: [TRACE] DefaultRetryConfig:
2022-12-07 12:21:44.754 UTC [TRACE] steampipe-plugin-hackernews.plugin: [TRACE] DefaultIgnoreConfig:
2022-12-07 12:21:44.754 UTC [TRACE] steampipe-plugin-hackernews.plugin: [TRACE] t.Get.initialise
2022-12-07 12:21:44.754 UTC [TRACE] steampipe-plugin-hackernews.plugin: [TRACE] GetConfig.initialise table hackernews_best
2022-12-07 12:21:44.754 UTC [TRACE] steampipe-plugin-hackernews.plugin: [TRACE] GetConfig.initialise complete: RetryConfig: , IgnoreConfig:
2022-12-07 12:21:44.754 UTC [TRACE] steampipe-plugin-hackernews.plugin: [TRACE] t.List.initialise
2022-12-07 12:21:44.754 UTC [TRACE] steampipe-plugin-hackernews.plugin: [TRACE] ListConfig.initialise table hackernews_best
2022-12-07 12:21:44.754 UTC [TRACE] steampipe-plugin-hackernews.plugin: [TRACE] ListConfig.initialise complete: RetryConfig: , IgnoreConfig
2022-12-07 12:21:44.754 UTC [TRACE] steampipe-plugin-hackernews.plugin: [TRACE] HydrateConfig.initialise func getItem, table hackernews_best
2022-12-07 12:21:44.754 UTC [TRACE] steampipe-plugin-hackernews.plugin: [TRACE] HydrateConfig.initialise complete: RetryConfig: , IgnoreConfig:
2022-12-07 12:21:44.754 UTC [TRACE] steampipe-plugin-hackernews.plugin: [TRACE] back from initialiseHydrateConfigs
2022-12-07 12:21:44.754 UTC [TRACE] steampipe-plugin-hackernews.plugin: [TRACE] initialise table hackernews_best COMPLETE
2022-12-07 12:21:44.754 UTC [TRACE] steampipe-plugin-hackernews.plugin: [TRACE] initialise table hackernews_item
2022-12-07 12:21:44.754 UTC [TRACE] steampipe-plugin-hackernews.plugin: [TRACE] no DefaultRetryConfig defined - creating empty
2022-12-07 12:21:44.754 UTC [TRACE] steampipe-plugin-hackernews.plugin: [TRACE] no DefaultIgnoreConfig defined - creating empty
2022-12-07 12:21:44.754 UTC [TRACE] steampipe-plugin-hackernews.plugin: [TRACE] apply plugin defaults for DefaultRetryConfig
2022-12-07 12:21:44.754 UTC [TRACE] steampipe-plugin-hackernews.plugin: [TRACE] apply plugin defaults for DefaultIgnoreConfig, table &{<nil> <nil>} plugin &{<nil> <nil>}
2022-12-07 12:21:44.754 UTC [TRACE] steampipe-plugin-hackernews.plugin: [TRACE] DefaultRetryConfig:
2022-12-07 12:21:44.754 UTC [TRACE] steampipe-plugin-hackernews.plugin: [TRACE] DefaultIgnoreConfig:
2022-12-07 12:21:44.754 UTC [TRACE] steampipe-plugin-hackernews.plugin: [TRACE] t.Get.initialise
2022-12-07 12:21:44.754 UTC [TRACE] steampipe-plugin-hackernews.plugin: [TRACE] GetConfig.initialise table hackernews_item
2022-12-07 12:21:44.754 UTC [TRACE] steampipe-plugin-hackernews.plugin: [TRACE] GetConfig.initialise complete: RetryConfig: , IgnoreConfig:
2022-12-07 12:21:44.754 UTC [TRACE] steampipe-plugin-hackernews.plugin: [TRACE] t.List.initialise
2022-12-07 12:21:44.754 UTC [TRACE] steampipe-plugin-hackernews.plugin: [TRACE] ListConfig.initialise table hackernews_item
2022-12-07 12:21:44.754 UTC [TRACE] steampipe-plugin-hackernews.plugin: [TRACE] ListConfig.initialise complete: RetryConfig: , IgnoreConfig
2022-12-07 12:21:44.754 UTC [TRACE] steampipe-plugin-hackernews.plugin: [TRACE] HydrateConfig.initialise func getItem, table hackernews_item
2022-12-07 12:21:44.754 UTC [TRACE] steampipe-plugin-hackernews.plugin: [TRACE] HydrateConfig.initialise complete: RetryConfig: , IgnoreConfig:
2022-12-07 12:21:44.754 UTC [TRACE] steampipe-plugin-hackernews.plugin: [TRACE] back from initialiseHydrateConfigs
2022-12-07 12:21:44.754 UTC [TRACE] steampipe-plugin-hackernews.plugin: [TRACE] initialise table hackernews_item COMPLETE
2022-12-07 12:21:44.754 UTC [TRACE] steampipe-plugin-hackernews.plugin: [TRACE] initialise table hackernews_job
2022-12-07 12:21:44.754 UTC [TRACE] steampipe-plugin-hackernews.plugin: [TRACE] no DefaultRetryConfig defined - creating empty
2022-12-07 12:21:44.754 UTC [TRACE] steampipe-plugin-hackernews.plugin: [TRACE] no DefaultIgnoreConfig defined - creating empty
2022-12-07 12:21:44.754 UTC [TRACE] steampipe-plugin-hackernews.plugin: [TRACE] apply plugin defaults for DefaultRetryConfig
2022-12-07 12:21:44.754 UTC [TRACE] steampipe-plugin-hackernews.plugin: [TRACE] apply plugin defaults for DefaultIgnoreConfig, table &{<nil> <nil>} plugin &{<nil> <nil>}
2022-12-07 12:21:44.754 UTC [TRACE] steampipe-plugin-hackernews.plugin: [TRACE] DefaultRetryConfig:
2022-12-07 12:21:44.754 UTC [TRACE] steampipe-plugin-hackernews.plugin: [TRACE] DefaultIgnoreConfig:
2022-12-07 12:21:44.754 UTC [TRACE] steampipe-plugin-hackernews.plugin: [TRACE] t.Get.initialise
2022-12-07 12:21:44.754 UTC [TRACE] steampipe-plugin-hackernews.plugin: [TRACE] GetConfig.initialise table hackernews_job
2022-12-07 12:21:44.754 UTC [TRACE] steampipe-plugin-hackernews.plugin: [TRACE] GetConfig.initialise complete: RetryConfig: , IgnoreConfig:
2022-12-07 12:21:44.754 UTC [TRACE] steampipe-plugin-hackernews.plugin: [TRACE] t.List.initialise
2022-12-07 12:21:44.754 UTC [TRACE] steampipe-plugin-hackernews.plugin: [TRACE] ListConfig.initialise table hackernews_job
2022-12-07 12:21:44.754 UTC [TRACE] steampipe-plugin-hackernews.plugin: [TRACE] ListConfig.initialise complete: RetryConfig: , IgnoreConfig
2022-12-07 12:21:44.754 UTC [TRACE] steampipe-plugin-hackernews.plugin: [TRACE] HydrateConfig.initialise func getItem, table hackernews_job
2022-12-07 12:21:44.754 UTC [TRACE] steampipe-plugin-hackernews.plugin: [TRACE] HydrateConfig.initialise complete: RetryConfig: , IgnoreConfig:
2022-12-07 12:21:44.754 UTC [TRACE] steampipe-plugin-hackernews.plugin: [TRACE] back from initialiseHydrateConfigs
2022-12-07 12:21:44.754 UTC [TRACE] steampipe-plugin-hackernews.plugin: [TRACE] initialise table hackernews_job COMPLETE
2022-12-07 12:21:44.754 UTC [TRACE] steampipe-plugin-hackernews.plugin: [TRACE] initialise table hackernews_new
2022-12-07 12:21:44.754 UTC [TRACE] steampipe-plugin-hackernews.plugin: [TRACE] no DefaultRetryConfig defined - creating empty
2022-12-07 12:21:44.754 UTC [TRACE] steampipe-plugin-hackernews.plugin: [TRACE] no DefaultIgnoreConfig defined - creating empty
2022-12-07 12:21:44.754 UTC [TRACE] steampipe-plugin-hackernews.plugin: [TRACE] apply plugin defaults for DefaultRetryConfig
2022-12-07 12:21:44.754 UTC [TRACE] steampipe-plugin-hackernews.plugin: [TRACE] apply plugin defaults for DefaultIgnoreConfig, table &{<nil> <nil>} plugin &{<nil> <nil>}
2022-12-07 12:21:44.754 UTC [TRACE] steampipe-plugin-hackernews.plugin: [TRACE] DefaultRetryConfig:
2022-12-07 12:21:44.754 UTC [TRACE] steampipe-plugin-hackernews.plugin: [TRACE] DefaultIgnoreConfig:
2022-12-07 12:21:44.754 UTC [TRACE] steampipe-plugin-hackernews.plugin: [TRACE] t.Get.initialise
2022-12-07 12:21:44.754 UTC [TRACE] steampipe-plugin-hackernews.plugin: [TRACE] GetConfig.initialise table hackernews_new
2022-12-07 12:21:44.754 UTC [TRACE] steampipe-plugin-hackernews.plugin: [TRACE] GetConfig.initialise complete: RetryConfig: , IgnoreConfig:
2022-12-07 12:21:44.754 UTC [TRACE] steampipe-plugin-hackernews.plugin: [TRACE] t.List.initialise
2022-12-07 12:21:44.754 UTC [TRACE] steampipe-plugin-hackernews.plugin: [TRACE] ListConfig.initialise table hackernews_new
2022-12-07 12:21:44.754 UTC [TRACE] steampipe-plugin-hackernews.plugin: [TRACE] ListConfig.initialise complete: RetryConfig: , IgnoreConfig
2022-12-07 12:21:44.754 UTC [TRACE] steampipe-plugin-hackernews.plugin: [TRACE] HydrateConfig.initialise func getItem, table hackernews_new
2022-12-07 12:21:44.754 UTC [TRACE] steampipe-plugin-hackernews.plugin: [TRACE] HydrateConfig.initialise complete: RetryConfig: , IgnoreConfig:
2022-12-07 12:21:44.754 UTC [TRACE] steampipe-plugin-hackernews.plugin: [TRACE] back from initialiseHydrateConfigs
2022-12-07 12:21:44.754 UTC [TRACE] steampipe-plugin-hackernews.plugin: [TRACE] initialise table hackernews_new COMPLETE
2022-12-07 12:21:44.754 UTC [TRACE] steampipe-plugin-hackernews.plugin: [TRACE] initialise table hackernews_show_hn
2022-12-07 12:21:44.754 UTC [TRACE] steampipe-plugin-hackernews.plugin: [TRACE] no DefaultRetryConfig defined - creating empty
2022-12-07 12:21:44.754 UTC [TRACE] steampipe-plugin-hackernews.plugin: [TRACE] no DefaultIgnoreConfig defined - creating empty
2022-12-07 12:21:44.754 UTC [TRACE] steampipe-plugin-hackernews.plugin: [TRACE] apply plugin defaults for DefaultRetryConfig
2022-12-07 12:21:44.754 UTC [TRACE] steampipe-plugin-hackernews.plugin: [TRACE] apply plugin defaults for DefaultIgnoreConfig, table &{<nil> <nil>} plugin &{<nil> <nil>}
2022-12-07 12:21:44.754 UTC [TRACE] steampipe-plugin-hackernews.plugin: [TRACE] DefaultRetryConfig:
2022-12-07 12:21:44.754 UTC [TRACE] steampipe-plugin-hackernews.plugin: [TRACE] DefaultIgnoreConfig:
2022-12-07 12:21:44.754 UTC [TRACE] steampipe-plugin-hackernews.plugin: [TRACE] t.Get.initialise
2022-12-07 12:21:44.754 UTC [TRACE] steampipe-plugin-hackernews.plugin: [TRACE] GetConfig.initialise table hackernews_show_hn
2022-12-07 12:21:44.754 UTC [TRACE] steampipe-plugin-hackernews.plugin: [TRACE] GetConfig.initialise complete: RetryConfig: , IgnoreConfig:
2022-12-07 12:21:44.754 UTC [TRACE] steampipe-plugin-hackernews.plugin: [TRACE] t.List.initialise
2022-12-07 12:21:44.754 UTC [TRACE] steampipe-plugin-hackernews.plugin: [TRACE] ListConfig.initialise table hackernews_show_hn
2022-12-07 12:21:44.755 UTC [TRACE] steampipe-plugin-hackernews.plugin: [TRACE] ListConfig.initialise complete: RetryConfig: , IgnoreConfig
2022-12-07 12:21:44.755 UTC [TRACE] steampipe-plugin-hackernews.plugin: [TRACE] HydrateConfig.initialise func getItem, table hackernews_show_hn
2022-12-07 12:21:44.755 UTC [TRACE] steampipe-plugin-hackernews.plugin: [TRACE] HydrateConfig.initialise complete: RetryConfig: , IgnoreConfig:
2022-12-07 12:21:44.755 UTC [TRACE] steampipe-plugin-hackernews.plugin: [TRACE] back from initialiseHydrateConfigs
2022-12-07 12:21:44.755 UTC [TRACE] steampipe-plugin-hackernews.plugin: [TRACE] initialise table hackernews_show_hn COMPLETE
2022-12-07 12:21:44.755 UTC [TRACE] steampipe-plugin-hackernews.plugin: [TRACE] validate plugin steampipe-plugin-hackernews, required columns []
2022-12-07 12:21:44.755 UTC [TRACE] steampipe-plugin-hackernews.plugin: [TRACE] validate DefaultRetryConfig
2022-12-07 12:21:44.755 UTC [TRACE] steampipe-plugin-hackernews.plugin: [TRACE] validate DefaultIgnoreConfig
2022-12-07 12:21:44.755 UTC [TRACE] steampipe-plugin-hackernews.plugin: [TRACE] validate table names
2022-12-07 12:21:44.755 UTC [TRACE] steampipe-plugin-hackernews.plugin: [TRACE] plugin has 0 validation errors
2022-12-07 12:21:44.755 UTC [TRACE] steampipe-plugin-hackernews.plugin: [TRACE] Plugin ensureCache creating cache, maxCacheStorageMb 0
2022-12-07 12:21:44.755 UTC [TRACE] steampipe-plugin-hackernews.plugin: [TRACE] createCacheStore for plugin 'steampipe-plugin-hackernews' setting max size to 0Mb, Shards: 2, max shard size: 0
2022-12-07 12:21:44.768 UTC [INFO]  steampipe-plugin-hackernews.plugin: [INFO]  query cache created
2022-12-07 12:21:44.768 UTC [DEBUG] steampipe-plugin-hackernews.plugin: [DEBUG] SetAllConnectionConfigs finished
2022-12-07 12:21:44.769 UTC [TRACE] PluginManager getPlugin complete, returning reattach config with PID: 2011
2022-12-07 12:21:44.769 UTC [TRACE] PluginManager Get returning reattach_map:{key:"hackernews" value:{protocol:"grpc" addr:{Network:"unix" Address:"/tmp/plugin911169144"} pid:2011 supported_operations:{query_cache:true multiple_connections:true} connections:"hackernews" plugin:"hub.steampipe.io/plugins/turbot/hackernews@latest"}}
2022-12-07 12:21:44.777 UTC [INFO]  steampipe-plugin-hackernews.plugin: [INFO]  167041570464: Plugin Execute (167041570464)
2022-12-07 12:21:44.777 UTC [TRACE] steampipe-plugin-hackernews.plugin: [TRACE] 167041570464: No memory limit set
2022-12-07 12:21:44.777 UTC [INFO]  steampipe-plugin-hackernews.plugin: [INFO]  167041570464: Plugin Execute, setting memory limit to -1Mb
2022-12-07 12:21:44.777 UTC [TRACE] steampipe-plugin-hackernews.plugin: [TRACE] 167041570464: calling ExtractContextFromCarrier
2022-12-07 12:21:44.777 UTC [INFO]  steampipe-plugin-hackernews.plugin: [INFO]  167041570464: Setting max concurrent connections to 25
2022-12-07 12:21:44.777 UTC [TRACE] steampipe-plugin-hackernews.plugin: [TRACE] 167041570464: executeForConnection callId: 167041570464, connectionCallId: hackernews-167041570464, connection: hackernews table: hackernews_new cols: id,title,time,by,score,dead,deleted,descendants,kids,parent,parts,poll,text,type,url,_ctx
2022-12-07 12:21:44.777 UTC [TRACE] steampipe-plugin-hackernews.plugin: [TRACE] 167041570464: got connection data
2022-12-07 12:21:44.777 UTC [TRACE] steampipe-plugin-hackernews.plugin: [TRACE] 167041570464: Got query context, table: hackernews_new, cols: [id title time by score dead deleted descendants kids parent parts poll text type url _ctx]
2022-12-07 12:21:44.777 UTC [TRACE] steampipe-plugin-hackernews.plugin: [TRACE] 167041570464: Start execute span
2022-12-07 12:21:44.777 UTC [INFO]  steampipe-plugin-hackernews.plugin: [INFO]  167041570464: Setting free memory interval to 100 rows
2022-12-07 12:21:44.777 UTC [TRACE] steampipe-plugin-hackernews.plugin: [TRACE] 167041570464: setFetchType map[time:quals:{fieldName:"time"  string_value:">"  value:{timestamp_value:{seconds:1670412104  nanos:650962000}}}]
2022-12-07 12:21:44.777 UTC [TRACE] steampipe-plugin-hackernews.plugin: [TRACE] 167041570464: getMatchingQuals column:'id' operator: =
2022-12-07 12:21:44.777 UTC [TRACE] steampipe-plugin-hackernews.plugin: [TRACE] 167041570464: getMatchingQuals returning false - qualMap does not contain any quals for column id
2022-12-07 12:21:44.777 UTC [TRACE] steampipe-plugin-hackernews.plugin: [TRACE] 167041570464: GetUnsatisfiedKeyColumns for columns column:'id' operator: =
2022-12-07 12:21:44.777 UTC [TRACE] steampipe-plugin-hackernews.plugin: [TRACE] 167041570464: key column NOT satisfied column:'id' operator: =
2022-12-07 12:21:44.777 UTC [TRACE] steampipe-plugin-hackernews.plugin: [TRACE] 167041570464: satisfied: map[any_of: optional: required:]
2022-12-07 12:21:44.777 UTC [TRACE] steampipe-plugin-hackernews.plugin: [TRACE] 167041570464: unsatisfied: map[any_of: optional: required:column:'id' operator: =]
2022-12-07 12:21:44.777 UTC [TRACE] steampipe-plugin-hackernews.plugin: [TRACE] 167041570464: unsatisfied required KeyColumns: column:'id' operator: =
2022-12-07 12:21:44.777 UTC [TRACE] steampipe-plugin-hackernews.plugin: [TRACE] 167041570464: Set fetchType to fetchTypeList
2022-12-07 12:21:44.777 UTC [TRACE] steampipe-plugin-hackernews.plugin: [TRACE] 167041570464: Equals key column quals:
2022-12-07 12:21:44.777 UTC [DEBUG] steampipe-plugin-hackernews.plugin: {}
2022-12-07 12:21:44.777 UTC [TRACE] steampipe-plugin-hackernews.plugin: [TRACE] 167041570464: All key column quals:
2022-12-07 12:21:44.777 UTC [DEBUG] steampipe-plugin-hackernews.plugin: {}
2022-12-07 12:21:44.777 UTC [TRACE] steampipe-plugin-hackernews.plugin: [TRACE] 167041570464: GetMatrixItem
2022-12-07 12:21:44.777 UTC [TRACE] steampipe-plugin-hackernews.plugin: [TRACE] 167041570464: creating query data
2022-12-07 12:21:44.777 UTC [INFO]  steampipe-plugin-hackernews.plugin: [INFO]  167041570464: cacheEnabled, trying cache get (hackernews-167041570464)
2022-12-07 12:21:44.777 UTC [TRACE] steampipe-plugin-hackernews.plugin: [TRACE] 167041570464: QueryCache Get - indexBucketKey index__hackernewshackernews_new, quals
2022-12-07 12:21:44.777 UTC [TRACE] steampipe-plugin-hackernews.plugin: [TRACE] 167041570464: QueryCache getCachedQueryResult - table hackernews_new, connectionName hackernews
2022-12-07 12:21:44.777 UTC [TRACE] steampipe-plugin-hackernews.plugin: [TRACE] 167041570464: index bucket key: index__hackernewshackernews_new ttlSeconds 300 limit: -1
2022-12-07 12:21:44.777 UTC [TRACE] steampipe-plugin-hackernews.plugin: [TRACE] 167041570464: doGet cache miss
2022-12-07 12:21:44.777 UTC [TRACE] steampipe-plugin-hackernews.plugin: [TRACE] 167041570464: getCachedIndexBucket - no item retrieved for cache key index__hackernewshackernews_new
2022-12-07 12:21:44.777 UTC [TRACE] steampipe-plugin-hackernews.plugin: [TRACE] 167041570464: getCachedQueryResult returned CACHE MISS - checking for pending transfers
2022-12-07 12:21:44.777 UTC [TRACE] steampipe-plugin-hackernews.plugin: [TRACE] 167041570464: getPendingResultItem indexBucketKey index__hackernewshackernews_new, columns [id title time by score dead deleted descendants kids parent parts poll text type url _ctx], limit -1
2022-12-07 12:21:44.777 UTC [TRACE] steampipe-plugin-hackernews.plugin: [TRACE] 167041570464: no pending index item - add pending result, indexBucketKey index__hackernewshackernews_new
2022-12-07 12:21:44.777 UTC [TRACE] steampipe-plugin-hackernews.plugin: [TRACE] 167041570464: addPendingResult (hackernews-167041570464) indexBucketKey index__hackernewshackernews_new, columns [id title time by score dead deleted descendants kids parent parts poll text type url _ctx], limit -1
2022-12-07 12:21:44.777 UTC [TRACE] steampipe-plugin-hackernews.plugin: [TRACE] 167041570464: no index bucket found - creating one
2022-12-07 12:21:44.777 UTC [TRACE] steampipe-plugin-hackernews.plugin: [TRACE] 167041570464: pendingIndexItem Lock count before 0
2022-12-07 12:21:44.777 UTC [TRACE] steampipe-plugin-hackernews.plugin: [TRACE] 167041570464: addPendingResult added pending index item to bucket, (hackernews-167041570464) indexBucketKey index__hackernewshackernews_new, resultKeyRoot hackernewshackernews_newid,title,time,by,score,dead,deleted,descendants,kids,parent,parts,poll,text,type,url,_ctx-1, pending item : 0xc0004cc900
2022-12-07 12:21:44.777 UTC [TRACE] steampipe-plugin-hackernews.plugin: [TRACE] 167041570464: **** pending items (hackernews-167041570464)****
2022-12-07 12:21:44.777 UTC [TRACE] steampipe-plugin-hackernews.plugin: [TRACE] 167041570464: key: index__hackernewshackernews_new: item: 0xc0004cc900, count: 1, key:hackernewshackernews_newid,title,time,by,score,dead,deleted,descendants,kids,parent,parts,poll,text,type,url,_ctx-1
2022-12-07 12:21:44.777 UTC [TRACE] steampipe-plugin-hackernews.plugin: [TRACE] 167041570464: ********
2022-12-07 12:21:44.777 UTC [TRACE] steampipe-plugin-hackernews.plugin: [TRACE] 167041570464: getPendingResultItem returning <nil>
2022-12-07 12:21:44.777 UTC [INFO]  steampipe-plugin-hackernews.plugin: [INFO]  167041570464: CACHE MISS
2022-12-07 12:21:44.777 UTC [TRACE] steampipe-plugin-hackernews.plugin: [TRACE] 167041570464: cache MISS
2022-12-07 12:21:44.777 UTC [INFO]  steampipe-plugin-hackernews.plugin: [INFO]  167041570464: queryCacheGet returned CACHE MISS (hackernews-167041570464)
2022-12-07 12:21:44.777 UTC [TRACE] steampipe-plugin-hackernews.plugin: [TRACE] 167041570464: StartSet (hackernews-167041570464)
2022-12-07 12:21:44.777 UTC [TRACE] steampipe-plugin-hackernews.plugin: [TRACE] 167041570464: calling fetchItems, table: hackernews_new, matrixItem: [], limit: -1,  connectionCallId: hackernews-167041570464"
2022-12-07 12:21:44.777 UTC [TRACE] steampipe-plugin-hackernews.plugin: [TRACE] 167041570464: buildRowsAsync connectionCallId: hackernews-167041570464
2022-12-07 12:21:44.777 UTC [TRACE] steampipe-plugin-hackernews.plugin: [TRACE] 167041570464: streamRows connectionCallId: hackernews-167041570464
2022-12-07 12:21:44.777 UTC [TRACE] steampipe-plugin-hackernews.plugin: [TRACE] 167041570464: QueryData streamRows (hackernews-167041570464)
2022-12-07 12:21:44.777 UTC [TRACE] steampipe-plugin-hackernews.plugin: [TRACE] 167041570464: executeListCall START (hackernews-167041570464)
2022-12-07 12:21:44.777 UTC [TRACE] steampipe-plugin-hackernews.plugin: [TRACE] 167041570464: GetUnsatisfiedKeyColumns for columns
2022-12-07 12:21:44.777 UTC [TRACE] steampipe-plugin-hackernews.plugin: [TRACE] 167041570464: doList (hackernews-167041570464)
2022-12-07 12:21:44.777 UTC [TRACE] steampipe-plugin-hackernews.plugin: [TRACE] 167041570464: doList: no matrix item
2022-12-07 12:21:44.942 UTC [TRACE] stdio: received data: channel=STDOUT len=13
2022-12-07 12:21:44.942 UTC [TRACE] stdio: waiting for stdio data
2022-12-07 12:21:44.944 UTC [TRACE] steampipe-plugin-hackernews.plugin: [TRACE] 167041570464: QueryData.fetchComplete
2022-12-07 12:21:44.944 UTC [TRACE] steampipe-plugin-hackernews.plugin: [TRACE] 167041570464: executeListCall COMPLETE (hackernews-167041570464)
2022-12-07 12:21:44.944 UTC [TRACE] steampipe-plugin-hackernews.plugin: [TRACE] 167041570464: rowData chan returned nil - wait for rows to complete (hackernews-167041570464)
2022-12-07 12:21:45.063 UTC [TRACE] stdio: received data: channel=STDOUT len=1024
2022-12-07 12:21:45.064 UTC [TRACE] stdio: waiting for stdio data
2022-12-07 12:21:45.116 UTC [TRACE] stdio: received data: channel=STDOUT len=934
2022-12-07 12:21:45.116 UTC [TRACE] stdio: waiting for stdio data
2022-12-07 12:21:45.143 UTC [TRACE] stdio: received data: channel=STDOUT len=449
2022-12-07 12:21:45.143 UTC [TRACE] stdio: waiting for stdio data
2022-12-07 12:21:45.201 UTC [TRACE] stdio: received data: channel=STDOUT len=534
2022-12-07 12:21:45.201 UTC [TRACE] stdio: waiting for stdio data
2022-12-07 12:21:45.227 UTC [TRACE] stdio: received data: channel=STDOUT len=999
2022-12-07 12:21:45.227 UTC [TRACE] stdio: waiting for stdio data
2022-12-07 12:21:45.298 UTC [TRACE] stdio: received data: channel=STDOUT len=1024
2022-12-07 12:21:45.298 UTC [TRACE] stdio: waiting for stdio data
2022-12-07 12:21:45.298 UTC [TRACE] steampipe-plugin-hackernews.plugin: [TRACE] 167041570464: buildRowsAsync goroutine returning (hackernews-167041570464)
2022-12-07 12:21:45.298 UTC [TRACE] steampipe-plugin-hackernews.plugin: [TRACE] 167041570464: streamRows - nil row, stop streaming (hackernews-167041570464)
2022-12-07 12:21:45.298 UTC [TRACE] steampipe-plugin-hackernews.plugin: [TRACE] 167041570464: ------------------------------------
2022-12-07 12:21:45.298 UTC [TRACE] steampipe-plugin-hackernews.plugin: [TRACE] 167041570464: Concurrency Summary
2022-12-07 12:21:45.298 UTC [TRACE] steampipe-plugin-hackernews.plugin: [TRACE] 167041570464: ------------------------------------
2022-12-07 12:21:45.298 UTC [TRACE] steampipe-plugin-hackernews.plugin: [TRACE] 167041570464: getItem                       : 200
2022-12-07 12:21:45.298 UTC [TRACE] steampipe-plugin-hackernews.plugin: [TRACE] 167041570464: ------------------------------------
2022-12-07 12:21:45.298 UTC [TRACE] steampipe-plugin-hackernews.plugin: [TRACE] 167041570464: Total                         : 200
2022-12-07 12:21:45.298 UTC [TRACE] steampipe-plugin-hackernews.plugin: [TRACE] 167041570464: ------------------------------------
2022-12-07 12:21:45.299 UTC [TRACE] steampipe-plugin-hackernews.plugin: [TRACE] 167041570464: QueryData streamRows DONE (hackernews-167041570464)
2022-12-07 12:21:45.299 UTC [TRACE] steampipe-plugin-hackernews.plugin: [TRACE] 167041570464: EndSet (hackernews-167041570464) table hackernews_new
2022-12-07 12:21:45.299 UTC [TRACE] steampipe-plugin-hackernews.plugin: [TRACE] 167041570464: QueryCache writePageToCache: 500 rows, pageCount 1, page key hackernewshackernews_newid,title,time,by,score,dead,deleted,descendants,kids,parent,parts,poll,text,type,url,_ctx-1-0
2022-12-07 12:21:45.307 UTC [TRACE] steampipe-plugin-hackernews.plugin: [TRACE] 167041570464: writePageToCache Set - result written
2022-12-07 12:21:45.307 UTC [TRACE] steampipe-plugin-hackernews.plugin: [TRACE] 167041570464: QueryCache EndSet - result written
2022-12-07 12:21:45.307 UTC [TRACE] steampipe-plugin-hackernews.plugin: [TRACE] 167041570464: doGet cache miss
2022-12-07 12:21:45.307 UTC [TRACE] steampipe-plugin-hackernews.plugin: [TRACE] 167041570464: getCachedIndexBucket - no item retrieved for cache key index__hackernewshackernews_new
2022-12-07 12:21:45.307 UTC [TRACE] steampipe-plugin-hackernews.plugin: [TRACE] 167041570464: getCachedIndexBucket returned cache miss
2022-12-07 12:21:45.307 UTC [TRACE] steampipe-plugin-hackernews.plugin: [TRACE] 167041570464: QueryCache EndSet - Added index item (0xc01ad7b3e0) to bucket (0xc014636ab0), page count 1,  key root hackernewshackernews_newid,title,time,by,score,dead,deleted,descendants,kids,parent,parts,poll,text,type,url,_ctx-1
2022-12-07 12:21:45.307 UTC [TRACE] steampipe-plugin-hackernews.plugin: [TRACE] 167041570464: cacheSetIndexBucket index__hackernewshackernews_new
2022-12-07 12:21:45.307 UTC [TRACE] steampipe-plugin-hackernews.plugin: [TRACE] 167041570464: QueryCache EndSet - IndexBucket written
2022-12-07 12:21:45.307 UTC [TRACE] steampipe-plugin-hackernews.plugin: [TRACE] 167041570464: EndSet DEFER (hackernews-167041570464) table hackernews_new
2022-12-07 12:21:45.307 UTC [TRACE] steampipe-plugin-hackernews.plugin: [TRACE] 167041570464: calling pendingItemComplete (hackernews-167041570464)
2022-12-07 12:21:45.307 UTC [TRACE] steampipe-plugin-hackernews.plugin: [TRACE] 167041570464: pendingItemComplete (hackernews-167041570464) indexBucketKey index__hackernewshackernews_new, columns [id title time by score dead deleted descendants kids parent parts poll text type url _ctx], limit -1
2022-12-07 12:21:45.307 UTC [TRACE] steampipe-plugin-hackernews.plugin: [TRACE] 167041570464: got pending index bucket, (hackernews-167041570464) len 1
2022-12-07 12:21:45.307 UTC [TRACE] steampipe-plugin-hackernews.plugin: [TRACE] 167041570464: SatisfiesLimit limit -1, no item limit - satisfied
2022-12-07 12:21:45.307 UTC [TRACE] steampipe-plugin-hackernews.plugin: [TRACE] 167041570464: found pending index item to satisfy columns id,title,time,by,score,dead,deleted,descendants,kids,parent,parts,poll,text,type,url,_ctx, limit -1
2022-12-07 12:21:45.307 UTC [TRACE] steampipe-plugin-hackernews.plugin: [TRACE] 167041570464: found completed pending item (hackernews-167041570464) 0xc0004cc900, key hackernewshackernews_newid,title,time,by,score,dead,deleted,descendants,kids,parent,parts,poll,text,type,url,_ctx-1 - removing from map as it is complete
2022-12-07 12:21:45.307 UTC [TRACE] steampipe-plugin-hackernews.plugin: [TRACE] 167041570464: pendingIndexItem Unlock count before 1 key hackernewshackernews_newid,title,time,by,score,dead,deleted,descendants,kids,parent,parts,poll,text,type,url,_ctx-1
2022-12-07 12:21:45.307 UTC [TRACE] steampipe-plugin-hackernews.plugin: [TRACE] 167041570464: deleted from pending, (hackernews-167041570464) len 0
2022-12-07 12:21:45.307 UTC [TRACE] steampipe-plugin-hackernews.plugin: [TRACE] 167041570464: pending bucket now empty - deleting key index__hackernewshackernews_new
2022-12-07 12:21:45.307 UTC [TRACE] steampipe-plugin-hackernews.plugin: [TRACE] 167041570464: pendingItemComplete done (hackernews-167041570464)
2022-12-07 12:21:45.307 UTC [TRACE] steampipe-plugin-hackernews.plugin: [TRACE] 167041570464: cache set succeeded
2022-12-07 12:21:45.307 UTC [TRACE] steampipe-plugin-hackernews.plugin: [TRACE] 167041570464: End execute span
2022-12-07 12:21:45.307 UTC [TRACE] steampipe-plugin-hackernews.plugin: [TRACE] 167041570464: executeForConnection DEFER (hackernews-167041570464)
2022-12-07 12:21:45.307 UTC [TRACE] steampipe-plugin-hackernews.plugin: [TRACE] 167041570464: Execute complete callId: hackernews-167041570464 table: hackernews_new
2022-12-07 12:21:45.307 UTC [TRACE] steampipe-plugin-hackernews.plugin: [TRACE] 167041570464: executeForConnection hackernews returned
2022-12-07 12:21:45.307 UTC [TRACE] steampipe-plugin-hackernews.plugin: [TRACE] 167041570464: output wg complete - send nil row
2022-12-07 12:21:45.307 UTC [TRACE] steampipe-plugin-hackernews.plugin: [TRACE] 167041570464: empty row on output channel - we are done
2022-12-07 12:21:45.307 UTC [INFO]  steampipe-plugin-hackernews.plugin: [INFO]  167041570464: Plugin Execute complete (167041570464)
2022-12-07 12:21:45.386 UTC [TRACE] PluginManager Shutdown
2022-12-07 12:21:45.386 UTC [TRACE] killing plugin csv (1987)
2022-12-07 12:21:45.388 UTC [DEBUG] stdio: received EOF, stopping recv loop: err="rpc error: code = Unavailable desc = error reading from server: EOF"
2022-12-07 12:21:45.388 UTC [TRACE] steampipe-plugin-csv.plugin: [TRACE] FLUSHING instrumentation
2022-12-07 12:21:45.388 UTC [TRACE] steampipe-plugin-csv.plugin: [TRACE] Shutdown instrumentation
2022-12-07 12:21:45.388 UTC [INFO]  plugin process exited: path=/home/runner/.steampipe/plugins/hub.steampipe.io/plugins/turbot/csv@latest/steampipe-plugin-csv.plugin pid=1987
2022-12-07 12:21:45.388 UTC [DEBUG] plugin exited
2022-12-07 12:21:45.388 UTC [TRACE] killing plugin hackernews (2011)
2022-12-07 12:21:45.388 UTC [TRACE] steampipe-plugin-hackernews.plugin: [TRACE] 167041570464: FLUSHING instrumentation
2022-12-07 12:21:45.388 UTC [TRACE] steampipe-plugin-hackernews.plugin: [TRACE] 167041570464: Shutdown instrumentation
2022-12-07 12:21:45.388 UTC [DEBUG] stdio: received EOF, stopping recv loop: err="rpc error: code = Unavailable desc = error reading from server: EOF"
2022-12-07 12:21:45.391 UTC [INFO]  plugin process exited: path=/home/runner/.steampipe/plugins/hub.steampipe.io/plugins/turbot/hackernews@latest/steampipe-plugin-hackernews.plugin pid=2011
2022-12-07 12:21:45.391 UTC [DEBUG] plugin exited
2022-12-07 12:21:50.212 UTC [WARN]  steampipe-plugin-csv.plugin: [WARN]  1670415710770: getKeyColumnsForTable found no schema for table '/home/runner/work/steampipe-samples/steampipe-samples/all/hackernews/hn.csv'
2022-12-07 12:22:20.189 UTC [WARN]  steampipe-plugin-csv.plugin: [WARN]  1670415740373: getKeyColumnsForTable found no schema for table '/home/runner/work/steampipe-samples/steampipe-samples/all/hackernews/hn.csv'
2022-12-07 12:24:58.860 UTC [ERROR] steampipe-plugin-csv.plugin: [ERROR] csv.tableCSV: header_parse_error=EOF path=/home/runner/work/steampipe-samples/steampipe-samples/all/hackernews/new_sc.csv header=[]
2022-12-07 12:24:58.860 UTC [ERROR] steampipe-plugin-csv.plugin: [ERROR] csv.PluginTables: create_table_error="failed to parse file header /home/runner/work/steampipe-samples/steampipe-samples/all/hackernews/new_sc.csv: EOF" path=/home/runner/work/steampipe-samples/steampipe-samples/all/hackernews/new_sc.csv
2022-12-07 12:24:58.860 UTC [WARN]  failed to set connection config: failed to parse file header /home/runner/work/steampipe-samples/steampipe-samples/all/hackernews/new_sc.csv: EOF
2022-12-07 12:25:00.198 UTC [WARN]  steampipe-plugin-csv.plugin: [WARN]  1670415900504: getKeyColumnsForTable found no schema for table '/home/runner/work/steampipe-samples/steampipe-samples/all/hackernews/new_sc.csv'
2022-12-07 12:25:08.104 UTC [ERROR] steampipe-plugin-csv.plugin: [ERROR] csv.tableCSV: header_parse_error=EOF path=/home/runner/work/steampipe-samples/steampipe-samples/all/hackernews/hn_items_all.csv header=[]
2022-12-07 12:25:08.104 UTC [ERROR] steampipe-plugin-csv.plugin: [ERROR] csv.PluginTables: create_table_error="failed to parse file header /home/runner/work/steampipe-samples/steampipe-samples/all/hackernews/hn_items_all.csv: EOF" path=/home/runner/work/steampipe-samples/steampipe-samples/all/hackernews/hn_items_all.csv
2022-12-07 12:25:08.104 UTC [WARN]  failed to set connection config: failed to parse file header /home/runner/work/steampipe-samples/steampipe-samples/all/hackernews/hn_items_all.csv: EOF
2022-12-07 12:25:09.554 UTC [ERROR] steampipe-plugin-csv.plugin: [ERROR] csv.tableCSV: header_parse_error=EOF path=/home/runner/work/steampipe-samples/steampipe-samples/all/hackernews/people.csv header=[]
2022-12-07 12:25:09.554 UTC [ERROR] steampipe-plugin-csv.plugin: [ERROR] csv.PluginTables: create_table_error="failed to parse file header /home/runner/work/steampipe-samples/steampipe-samples/all/hackernews/people.csv: EOF" path=/home/runner/work/steampipe-samples/steampipe-samples/all/hackernews/people.csv
2022-12-07 12:25:09.554 UTC [WARN]  failed to set connection config: failed to parse file header /home/runner/work/steampipe-samples/steampipe-samples/all/hackernews/people.csv: EOF
