2023-04-06 01:41:59.243 UTC [INFO]  starting plugin manager
2023-04-06 01:41:59.243 UTC [TRACE] loaded config map: github,hackernews,net,csv
2023-04-06 01:41:59.243 UTC [TRACE] NewPluginManager
2023-04-06 01:41:59.244 UTC [TRACE] PluginManager setPluginCacheSizeMap: 4 connections.
2023-04-06 01:41:59.244 UTC [TRACE] Total cache size 0Mb
2023-04-06 01:41:59.244 UTC [INFO]  starting connection watcher
2023-04-06 01:41:59.244 UTC [INFO]  created ConnectionWatcher
2023-04-06 01:41:59.244 UTC [TRACE] about to serve
2023-04-06 01:41:59.261 UTC [TRACE] PluginManager Get, connections: '[csv]'
2023-04-06 01:41:59.261 UTC [TRACE] PluginManager getPlugin hub.steampipe.io/plugins/turbot/csv@latest connection 'csv'
2023-04-06 01:41:59.261 UTC [TRACE] PluginManager 0xc000898460 plugin hub.steampipe.io/plugins/turbot/csv@latest (csv) NOT started or starting - start now
2023-04-06 01:41:59.261 UTC [TRACE] ************ start plugin csv ********************
2023-04-06 01:41:59.261 UTC [TRACE] ************ plugin path /home/runner/.steampipe/plugins/hub.steampipe.io/plugins/turbot/csv@latest/steampipe-plugin-csv.plugin ********************
2023-04-06 01:41:59.345 UTC [DEBUG] starting plugin: path=/home/runner/.steampipe/plugins/hub.steampipe.io/plugins/turbot/csv@latest/steampipe-plugin-csv.plugin args=["/home/runner/.steampipe/plugins/hub.steampipe.io/plugins/turbot/csv@latest/steampipe-plugin-csv.plugin"]
2023-04-06 01:41:59.346 UTC [DEBUG] plugin started: path=/home/runner/.steampipe/plugins/hub.steampipe.io/plugins/turbot/csv@latest/steampipe-plugin-csv.plugin pid=1988
2023-04-06 01:41:59.346 UTC [DEBUG] waiting for RPC address: path=/home/runner/.steampipe/plugins/hub.steampipe.io/plugins/turbot/csv@latest/steampipe-plugin-csv.plugin
2023-04-06 01:41:59.357 UTC [INFO]  steampipe-plugin-csv.plugin: [INFO]  initialise plugin 'steampipe-plugin-csv', using sdk version 5.3.0
2023-04-06 01:41:59.357 UTC [TRACE] steampipe-plugin-csv.plugin: [TRACE] no DefaultRetryConfig defined - creating empty
2023-04-06 01:41:59.357 UTC [TRACE] steampipe-plugin-csv.plugin: [TRACE] no DefaultIgnoreConfig defined - creating empty
2023-04-06 01:41:59.357 UTC [TRACE] steampipe-plugin-csv.plugin: [TRACE] intialising defaultWatchedFilesChangedFunc
2023-04-06 01:41:59.357 UTC [TRACE] steampipe-plugin-csv.plugin: [TRACE] telemetry.Init service 'steampipe-plugin-csv', tracingEnabled: false, metricsEnabled: false
2023-04-06 01:41:59.357 UTC [TRACE] steampipe-plugin-csv.plugin: [TRACE] metrics and tracing disabled' - returning
2023-04-06 01:41:59.357 UTC [DEBUG] steampipe-plugin-csv.plugin: plugin address: network=unix address=/tmp/plugin970860604 timestamp=2023-04-06T01:41:59.357Z
2023-04-06 01:41:59.357 UTC [DEBUG] using plugin: version=0
2023-04-06 01:41:59.357 UTC [TRACE] NewPluginClient for plugin hub.steampipe.io/plugins/turbot/csv@latest
2023-04-06 01:41:59.359 UTC [TRACE] stdio: waiting for stdio data
2023-04-06 01:41:59.360 UTC [TRACE] supportedOperations: query_cache:true  multiple_connections:true  message_stream:true
2023-04-06 01:41:59.360 UTC [TRACE] steampipe-plugin-csv.plugin: [TRACE] SetAllConnectionConfigs setting 1 configs
2023-04-06 01:41:59.360 UTC [TRACE] steampipe-plugin-csv.plugin: [TRACE] connection csv build schema and table map
2023-04-06 01:41:59.360 UTC [TRACE] steampipe-plugin-csv.plugin: [TRACE] Plugin steampipe-plugin-csv initialiseTables
2023-04-06 01:41:59.360 UTC [TRACE] steampipe-plugin-csv.plugin: [TRACE] getSourceFiles source: /home/runner/work/steampipe-samples/steampipe-samples/all/hackernews, glob: /home/runner/work/steampipe-samples/steampipe-samples/all/hackernews/*.csv
2023-04-06 01:41:59.365 UTC [DEBUG] steampipe-plugin-csv.plugin: [DEBUG] csv.tableCSV: path=/home/runner/work/steampipe-samples/steampipe-samples/all/hackernews/hn_items_all.csv detected_encoding=Unknown
2023-04-06 01:41:59.365 UTC [DEBUG] steampipe-plugin-csv.plugin: [DEBUG] csv.tableCSV: path=/home/runner/work/steampipe-samples/steampipe-samples/all/hackernews/new_sc.csv detected_encoding=Unknown
2023-04-06 01:41:59.365 UTC [TRACE] steampipe-plugin-csv.plugin: [TRACE] initialise table /home/runner/work/steampipe-samples/steampipe-samples/all/hackernews/hn_items_all.csv
2023-04-06 01:41:59.365 UTC [TRACE] steampipe-plugin-csv.plugin: [TRACE] no DefaultRetryConfig defined - creating empty
2023-04-06 01:41:59.365 UTC [TRACE] steampipe-plugin-csv.plugin: [TRACE] no DefaultIgnoreConfig defined - creating empty
2023-04-06 01:41:59.366 UTC [TRACE] steampipe-plugin-csv.plugin: [TRACE] apply plugin defaults for DefaultRetryConfig
2023-04-06 01:41:59.366 UTC [TRACE] steampipe-plugin-csv.plugin: [TRACE] apply plugin defaults for DefaultIgnoreConfig, table &{<nil> <nil>} plugin &{<nil> <nil>}
2023-04-06 01:41:59.366 UTC [TRACE] steampipe-plugin-csv.plugin: [TRACE] DefaultRetryConfig:
2023-04-06 01:41:59.366 UTC [TRACE] steampipe-plugin-csv.plugin: [TRACE] DefaultIgnoreConfig:
2023-04-06 01:41:59.366 UTC [TRACE] steampipe-plugin-csv.plugin: [TRACE] t.List.initialise
2023-04-06 01:41:59.366 UTC [TRACE] steampipe-plugin-csv.plugin: [TRACE] ListConfig.initialise table /home/runner/work/steampipe-samples/steampipe-samples/all/hackernews/hn_items_all.csv
2023-04-06 01:41:59.366 UTC [TRACE] steampipe-plugin-csv.plugin: [TRACE] ListConfig.initialise complete: RetryConfig: , IgnoreConfig
2023-04-06 01:41:59.366 UTC [TRACE] steampipe-plugin-csv.plugin: [TRACE] back from initialiseHydrateConfigs
2023-04-06 01:41:59.366 UTC [TRACE] steampipe-plugin-csv.plugin: [TRACE] initialise table /home/runner/work/steampipe-samples/steampipe-samples/all/hackernews/hn_items_all.csv COMPLETE
2023-04-06 01:41:59.366 UTC [TRACE] steampipe-plugin-csv.plugin: [TRACE] initialise table /home/runner/work/steampipe-samples/steampipe-samples/all/hackernews/new_sc.csv
2023-04-06 01:41:59.366 UTC [TRACE] steampipe-plugin-csv.plugin: [TRACE] no DefaultRetryConfig defined - creating empty
2023-04-06 01:41:59.366 UTC [TRACE] steampipe-plugin-csv.plugin: [TRACE] no DefaultIgnoreConfig defined - creating empty
2023-04-06 01:41:59.366 UTC [TRACE] steampipe-plugin-csv.plugin: [TRACE] apply plugin defaults for DefaultRetryConfig
2023-04-06 01:41:59.366 UTC [TRACE] steampipe-plugin-csv.plugin: [TRACE] apply plugin defaults for DefaultIgnoreConfig, table &{<nil> <nil>} plugin &{<nil> <nil>}
2023-04-06 01:41:59.366 UTC [TRACE] steampipe-plugin-csv.plugin: [TRACE] DefaultRetryConfig:
2023-04-06 01:41:59.366 UTC [TRACE] steampipe-plugin-csv.plugin: [TRACE] DefaultIgnoreConfig:
2023-04-06 01:41:59.366 UTC [TRACE] steampipe-plugin-csv.plugin: [TRACE] t.List.initialise
2023-04-06 01:41:59.366 UTC [TRACE] steampipe-plugin-csv.plugin: [TRACE] ListConfig.initialise table /home/runner/work/steampipe-samples/steampipe-samples/all/hackernews/new_sc.csv
2023-04-06 01:41:59.366 UTC [TRACE] steampipe-plugin-csv.plugin: [TRACE] ListConfig.initialise complete: RetryConfig: , IgnoreConfig
2023-04-06 01:41:59.366 UTC [TRACE] steampipe-plugin-csv.plugin: [TRACE] back from initialiseHydrateConfigs
2023-04-06 01:41:59.366 UTC [TRACE] steampipe-plugin-csv.plugin: [TRACE] initialise table /home/runner/work/steampipe-samples/steampipe-samples/all/hackernews/new_sc.csv COMPLETE
2023-04-06 01:41:59.366 UTC [TRACE] steampipe-plugin-csv.plugin: [TRACE] validate plugin steampipe-plugin-csv, required columns []
2023-04-06 01:41:59.366 UTC [TRACE] steampipe-plugin-csv.plugin: [TRACE] validate DefaultRetryConfig
2023-04-06 01:41:59.366 UTC [TRACE] steampipe-plugin-csv.plugin: [TRACE] validate DefaultIgnoreConfig
2023-04-06 01:41:59.366 UTC [TRACE] steampipe-plugin-csv.plugin: [TRACE] validate table names
2023-04-06 01:41:59.368 UTC [INFO]  steampipe-plugin-csv.plugin: [INFO]  plugin validation result: 0 warnings 0 errors
2023-04-06 01:41:59.368 UTC [TRACE] steampipe-plugin-csv.plugin: [TRACE] SetAllConnectionConfigs added connection csv to map, setting watch paths
2023-04-06 01:41:59.368 UTC [TRACE] steampipe-plugin-csv.plugin: [TRACE] updateConnectionWatchPaths for connection csv, watch paths: [/home/runner/work/steampipe-samples/steampipe-samples/all/hackernews/*.csv]
2023-04-06 01:41:59.368 UTC [TRACE] steampipe-plugin-csv.plugin: [TRACE] ConnectionData.updateWatchPaths - create watcher options from the watchPaths [/home/runner/work/steampipe-samples/steampipe-samples/all/hackernews/*.csv]
2023-04-06 01:41:59.368 UTC [TRACE] steampipe-plugin-csv.plugin: [TRACE] ConnectionData.updateWatchPaths - created the new file watcher
2023-04-06 01:41:59.368 UTC [TRACE] steampipe-plugin-csv.plugin: [TRACE] Plugin ensureCache creating cache, maxCacheStorageMb 0
2023-04-06 01:41:59.368 UTC [TRACE] steampipe-plugin-csv.plugin: [TRACE] createCacheStore for plugin 'steampipe-plugin-csv' setting max size to 0Mb, Shards: 2, max shard size: 0
2023-04-06 01:41:59.382 UTC [INFO]  steampipe-plugin-csv.plugin: [INFO]  query cache created
2023-04-06 01:41:59.382 UTC [DEBUG] steampipe-plugin-csv.plugin: [DEBUG] SetAllConnectionConfigs finished
2023-04-06 01:41:59.383 UTC [TRACE] PluginMessageServer AddConnection for connections [csv]
2023-04-06 01:41:59.383 UTC [TRACE] openMessageStream for connection 'csv'
2023-04-06 01:41:59.384 UTC [TRACE] calling EstablishMessageStream
2023-04-06 01:41:59.384 UTC [TRACE] PluginManager getPlugin complete, returning reattach config with PID: 1988
2023-04-06 01:41:59.384 UTC [TRACE] runMessageListener connection 'csv'
2023-04-06 01:41:59.385 UTC [TRACE] steampipe-plugin-csv.plugin: [TRACE] plugin.EstablishMessageStream plugin 0xc0001ca1e0, stream 0xc0004ca230
2023-04-06 01:41:59.387 UTC [TRACE] steampipe-plugin-csv.plugin: [TRACE] plugin.EstablishMessageStream set on plugin: plugin.messageStream 0xc0004ca230
2023-04-06 01:41:59.416 UTC [TRACE] PluginManager Get, connections: '[csv]'
2023-04-06 01:41:59.416 UTC [TRACE] PluginManager getPlugin hub.steampipe.io/plugins/turbot/csv@latest connection 'csv'
2023-04-06 01:41:59.416 UTC [TRACE] connection csv found in connectionPluginMap
2023-04-06 01:41:59.416 UTC [TRACE] initialized: 1988
2023-04-06 01:41:59.416 UTC [TRACE] initialized: 1988
2023-04-06 01:41:59.416 UTC [TRACE] connection csv is loaded, check for running PID
2023-04-06 01:41:59.416 UTC [TRACE] PluginManager found 'csv' in map, pid 1988
2023-04-06 01:41:59.468 UTC [TRACE] PluginManager Get, connections: '[hackernews]'
2023-04-06 01:41:59.468 UTC [TRACE] PluginManager getPlugin hub.steampipe.io/plugins/turbot/hackernews@latest connection 'hackernews'
2023-04-06 01:41:59.468 UTC [TRACE] PluginManager 0xc000898460 plugin hub.steampipe.io/plugins/turbot/hackernews@latest (hackernews) NOT started or starting - start now
2023-04-06 01:41:59.468 UTC [TRACE] ************ start plugin hackernews ********************
2023-04-06 01:41:59.468 UTC [TRACE] ************ plugin path /home/runner/.steampipe/plugins/hub.steampipe.io/plugins/turbot/hackernews@latest/steampipe-plugin-hackernews.plugin ********************
2023-04-06 01:41:59.538 UTC [DEBUG] starting plugin: path=/home/runner/.steampipe/plugins/hub.steampipe.io/plugins/turbot/hackernews@latest/steampipe-plugin-hackernews.plugin args=["/home/runner/.steampipe/plugins/hub.steampipe.io/plugins/turbot/hackernews@latest/steampipe-plugin-hackernews.plugin"]
2023-04-06 01:41:59.538 UTC [DEBUG] plugin started: path=/home/runner/.steampipe/plugins/hub.steampipe.io/plugins/turbot/hackernews@latest/steampipe-plugin-hackernews.plugin pid=2011
2023-04-06 01:41:59.538 UTC [DEBUG] waiting for RPC address: path=/home/runner/.steampipe/plugins/hub.steampipe.io/plugins/turbot/hackernews@latest/steampipe-plugin-hackernews.plugin
2023-04-06 01:41:59.546 UTC [INFO]  steampipe-plugin-hackernews.plugin: [INFO]  Initialise plugin 'steampipe-plugin-hackernews', using sdk version 4.1.7
2023-04-06 01:41:59.546 UTC [TRACE] steampipe-plugin-hackernews.plugin: [TRACE] defaulting SchemaMode to SchemaModeStatic
2023-04-06 01:41:59.546 UTC [TRACE] steampipe-plugin-hackernews.plugin: [TRACE] no DefaultRetryConfig defined - creating empty
2023-04-06 01:41:59.546 UTC [TRACE] steampipe-plugin-hackernews.plugin: [TRACE] no DefaultIgnoreConfig defined - creating empty
2023-04-06 01:41:59.546 UTC [TRACE] steampipe-plugin-hackernews.plugin: [TRACE] Setting Ulimit: ulimit=2560
2023-04-06 01:41:59.546 UTC [TRACE] steampipe-plugin-hackernews.plugin: [TRACE] telemetry.Init service 'steampipe-plugin-hackernews', tracingEnabled: false, metricsEnabled: false
2023-04-06 01:41:59.546 UTC [TRACE] steampipe-plugin-hackernews.plugin: [TRACE] metrics and tracing disabled' - returning
2023-04-06 01:41:59.547 UTC [DEBUG] steampipe-plugin-hackernews.plugin: plugin address: address=/tmp/plugin967973235 network=unix timestamp=2023-04-06T01:41:59.547Z
2023-04-06 01:41:59.547 UTC [DEBUG] using plugin: version=0
2023-04-06 01:41:59.547 UTC [TRACE] NewPluginClient for plugin hub.steampipe.io/plugins/turbot/hackernews@latest
2023-04-06 01:41:59.548 UTC [TRACE] stdio: waiting for stdio data
2023-04-06 01:41:59.548 UTC [TRACE] supportedOperations: query_cache:true  multiple_connections:true
2023-04-06 01:41:59.549 UTC [TRACE] steampipe-plugin-hackernews.plugin: [TRACE] SetAllConnectionConfigs setting 1 configs
2023-04-06 01:41:59.549 UTC [TRACE] steampipe-plugin-hackernews.plugin: [TRACE] connection hackernews build schema and table map
2023-04-06 01:41:59.549 UTC [TRACE] steampipe-plugin-hackernews.plugin: [TRACE] initialise table hackernews_user
2023-04-06 01:41:59.549 UTC [TRACE] steampipe-plugin-hackernews.plugin: [TRACE] no DefaultRetryConfig defined - creating empty
2023-04-06 01:41:59.549 UTC [TRACE] steampipe-plugin-hackernews.plugin: [TRACE] no DefaultIgnoreConfig defined - creating empty
2023-04-06 01:41:59.549 UTC [TRACE] steampipe-plugin-hackernews.plugin: [TRACE] apply plugin defaults for DefaultRetryConfig
2023-04-06 01:41:59.549 UTC [TRACE] steampipe-plugin-hackernews.plugin: [TRACE] apply plugin defaults for DefaultIgnoreConfig, table &{<nil> <nil>} plugin &{<nil> <nil>}
2023-04-06 01:41:59.549 UTC [TRACE] steampipe-plugin-hackernews.plugin: [TRACE] DefaultRetryConfig:
2023-04-06 01:41:59.549 UTC [TRACE] steampipe-plugin-hackernews.plugin: [TRACE] DefaultIgnoreConfig:
2023-04-06 01:41:59.549 UTC [TRACE] steampipe-plugin-hackernews.plugin: [TRACE] t.List.initialise
2023-04-06 01:41:59.549 UTC [TRACE] steampipe-plugin-hackernews.plugin: [TRACE] ListConfig.initialise table hackernews_user
2023-04-06 01:41:59.549 UTC [TRACE] steampipe-plugin-hackernews.plugin: [TRACE] ListConfig.initialise complete: RetryConfig: , IgnoreConfig
2023-04-06 01:41:59.549 UTC [TRACE] steampipe-plugin-hackernews.plugin: [TRACE] back from initialiseHydrateConfigs
2023-04-06 01:41:59.549 UTC [TRACE] steampipe-plugin-hackernews.plugin: [TRACE] initialise table hackernews_user COMPLETE
2023-04-06 01:41:59.549 UTC [TRACE] steampipe-plugin-hackernews.plugin: [TRACE] initialise table hackernews_ask_hn
2023-04-06 01:41:59.549 UTC [TRACE] steampipe-plugin-hackernews.plugin: [TRACE] no DefaultRetryConfig defined - creating empty
2023-04-06 01:41:59.549 UTC [TRACE] steampipe-plugin-hackernews.plugin: [TRACE] no DefaultIgnoreConfig defined - creating empty
2023-04-06 01:41:59.549 UTC [TRACE] steampipe-plugin-hackernews.plugin: [TRACE] apply plugin defaults for DefaultRetryConfig
2023-04-06 01:41:59.549 UTC [TRACE] steampipe-plugin-hackernews.plugin: [TRACE] apply plugin defaults for DefaultIgnoreConfig, table &{<nil> <nil>} plugin &{<nil> <nil>}
2023-04-06 01:41:59.549 UTC [TRACE] steampipe-plugin-hackernews.plugin: [TRACE] DefaultRetryConfig:
2023-04-06 01:41:59.549 UTC [TRACE] steampipe-plugin-hackernews.plugin: [TRACE] DefaultIgnoreConfig:
2023-04-06 01:41:59.549 UTC [TRACE] steampipe-plugin-hackernews.plugin: [TRACE] t.Get.initialise
2023-04-06 01:41:59.549 UTC [TRACE] steampipe-plugin-hackernews.plugin: [TRACE] GetConfig.initialise table hackernews_ask_hn
2023-04-06 01:41:59.549 UTC [TRACE] steampipe-plugin-hackernews.plugin: [TRACE] GetConfig.initialise complete: RetryConfig: , IgnoreConfig:
2023-04-06 01:41:59.549 UTC [TRACE] steampipe-plugin-hackernews.plugin: [TRACE] t.List.initialise
2023-04-06 01:41:59.549 UTC [TRACE] steampipe-plugin-hackernews.plugin: [TRACE] ListConfig.initialise table hackernews_ask_hn
2023-04-06 01:41:59.549 UTC [TRACE] steampipe-plugin-hackernews.plugin: [TRACE] ListConfig.initialise complete: RetryConfig: , IgnoreConfig
2023-04-06 01:41:59.549 UTC [TRACE] steampipe-plugin-hackernews.plugin: [TRACE] HydrateConfig.initialise func getItem, table hackernews_ask_hn
2023-04-06 01:41:59.549 UTC [TRACE] steampipe-plugin-hackernews.plugin: [TRACE] HydrateConfig.initialise complete: RetryConfig: , IgnoreConfig:
2023-04-06 01:41:59.549 UTC [TRACE] steampipe-plugin-hackernews.plugin: [TRACE] back from initialiseHydrateConfigs
2023-04-06 01:41:59.549 UTC [TRACE] steampipe-plugin-hackernews.plugin: [TRACE] initialise table hackernews_ask_hn COMPLETE
2023-04-06 01:41:59.550 UTC [TRACE] steampipe-plugin-hackernews.plugin: [TRACE] initialise table hackernews_best
2023-04-06 01:41:59.550 UTC [TRACE] steampipe-plugin-hackernews.plugin: [TRACE] no DefaultRetryConfig defined - creating empty
2023-04-06 01:41:59.550 UTC [TRACE] steampipe-plugin-hackernews.plugin: [TRACE] no DefaultIgnoreConfig defined - creating empty
2023-04-06 01:41:59.550 UTC [TRACE] steampipe-plugin-hackernews.plugin: [TRACE] apply plugin defaults for DefaultRetryConfig
2023-04-06 01:41:59.550 UTC [TRACE] steampipe-plugin-hackernews.plugin: [TRACE] apply plugin defaults for DefaultIgnoreConfig, table &{<nil> <nil>} plugin &{<nil> <nil>}
2023-04-06 01:41:59.550 UTC [TRACE] steampipe-plugin-hackernews.plugin: [TRACE] DefaultRetryConfig:
2023-04-06 01:41:59.550 UTC [TRACE] steampipe-plugin-hackernews.plugin: [TRACE] DefaultIgnoreConfig:
2023-04-06 01:41:59.550 UTC [TRACE] steampipe-plugin-hackernews.plugin: [TRACE] t.Get.initialise
2023-04-06 01:41:59.550 UTC [TRACE] steampipe-plugin-hackernews.plugin: [TRACE] GetConfig.initialise table hackernews_best
2023-04-06 01:41:59.550 UTC [TRACE] steampipe-plugin-hackernews.plugin: [TRACE] GetConfig.initialise complete: RetryConfig: , IgnoreConfig:
2023-04-06 01:41:59.550 UTC [TRACE] steampipe-plugin-hackernews.plugin: [TRACE] t.List.initialise
2023-04-06 01:41:59.550 UTC [TRACE] steampipe-plugin-hackernews.plugin: [TRACE] ListConfig.initialise table hackernews_best
2023-04-06 01:41:59.550 UTC [TRACE] steampipe-plugin-hackernews.plugin: [TRACE] ListConfig.initialise complete: RetryConfig: , IgnoreConfig
2023-04-06 01:41:59.550 UTC [TRACE] steampipe-plugin-hackernews.plugin: [TRACE] HydrateConfig.initialise func getItem, table hackernews_best
2023-04-06 01:41:59.550 UTC [TRACE] steampipe-plugin-hackernews.plugin: [TRACE] HydrateConfig.initialise complete: RetryConfig: , IgnoreConfig:
2023-04-06 01:41:59.550 UTC [TRACE] steampipe-plugin-hackernews.plugin: [TRACE] back from initialiseHydrateConfigs
2023-04-06 01:41:59.550 UTC [TRACE] steampipe-plugin-hackernews.plugin: [TRACE] initialise table hackernews_best COMPLETE
2023-04-06 01:41:59.550 UTC [TRACE] steampipe-plugin-hackernews.plugin: [TRACE] initialise table hackernews_item
2023-04-06 01:41:59.550 UTC [TRACE] steampipe-plugin-hackernews.plugin: [TRACE] no DefaultRetryConfig defined - creating empty
2023-04-06 01:41:59.550 UTC [TRACE] steampipe-plugin-hackernews.plugin: [TRACE] no DefaultIgnoreConfig defined - creating empty
2023-04-06 01:41:59.550 UTC [TRACE] steampipe-plugin-hackernews.plugin: [TRACE] apply plugin defaults for DefaultRetryConfig
2023-04-06 01:41:59.550 UTC [TRACE] steampipe-plugin-hackernews.plugin: [TRACE] apply plugin defaults for DefaultIgnoreConfig, table &{<nil> <nil>} plugin &{<nil> <nil>}
2023-04-06 01:41:59.550 UTC [TRACE] steampipe-plugin-hackernews.plugin: [TRACE] DefaultRetryConfig:
2023-04-06 01:41:59.550 UTC [TRACE] steampipe-plugin-hackernews.plugin: [TRACE] DefaultIgnoreConfig:
2023-04-06 01:41:59.550 UTC [TRACE] steampipe-plugin-hackernews.plugin: [TRACE] t.Get.initialise
2023-04-06 01:41:59.550 UTC [TRACE] steampipe-plugin-hackernews.plugin: [TRACE] GetConfig.initialise table hackernews_item
2023-04-06 01:41:59.550 UTC [TRACE] steampipe-plugin-hackernews.plugin: [TRACE] GetConfig.initialise complete: RetryConfig: , IgnoreConfig:
2023-04-06 01:41:59.550 UTC [TRACE] steampipe-plugin-hackernews.plugin: [TRACE] t.List.initialise
2023-04-06 01:41:59.550 UTC [TRACE] steampipe-plugin-hackernews.plugin: [TRACE] ListConfig.initialise table hackernews_item
2023-04-06 01:41:59.550 UTC [TRACE] steampipe-plugin-hackernews.plugin: [TRACE] ListConfig.initialise complete: RetryConfig: , IgnoreConfig
2023-04-06 01:41:59.550 UTC [TRACE] steampipe-plugin-hackernews.plugin: [TRACE] HydrateConfig.initialise func getItem, table hackernews_item
2023-04-06 01:41:59.550 UTC [TRACE] steampipe-plugin-hackernews.plugin: [TRACE] HydrateConfig.initialise complete: RetryConfig: , IgnoreConfig:
2023-04-06 01:41:59.550 UTC [TRACE] steampipe-plugin-hackernews.plugin: [TRACE] back from initialiseHydrateConfigs
2023-04-06 01:41:59.550 UTC [TRACE] steampipe-plugin-hackernews.plugin: [TRACE] initialise table hackernews_item COMPLETE
2023-04-06 01:41:59.550 UTC [TRACE] steampipe-plugin-hackernews.plugin: [TRACE] initialise table hackernews_job
2023-04-06 01:41:59.550 UTC [TRACE] steampipe-plugin-hackernews.plugin: [TRACE] no DefaultRetryConfig defined - creating empty
2023-04-06 01:41:59.550 UTC [TRACE] steampipe-plugin-hackernews.plugin: [TRACE] no DefaultIgnoreConfig defined - creating empty
2023-04-06 01:41:59.551 UTC [TRACE] steampipe-plugin-hackernews.plugin: [TRACE] apply plugin defaults for DefaultRetryConfig
2023-04-06 01:41:59.551 UTC [TRACE] steampipe-plugin-hackernews.plugin: [TRACE] apply plugin defaults for DefaultIgnoreConfig, table &{<nil> <nil>} plugin &{<nil> <nil>}
2023-04-06 01:41:59.551 UTC [TRACE] steampipe-plugin-hackernews.plugin: [TRACE] DefaultRetryConfig:
2023-04-06 01:41:59.551 UTC [TRACE] steampipe-plugin-hackernews.plugin: [TRACE] DefaultIgnoreConfig:
2023-04-06 01:41:59.551 UTC [TRACE] steampipe-plugin-hackernews.plugin: [TRACE] t.Get.initialise
2023-04-06 01:41:59.551 UTC [TRACE] steampipe-plugin-hackernews.plugin: [TRACE] GetConfig.initialise table hackernews_job
2023-04-06 01:41:59.551 UTC [TRACE] steampipe-plugin-hackernews.plugin: [TRACE] GetConfig.initialise complete: RetryConfig: , IgnoreConfig:
2023-04-06 01:41:59.551 UTC [TRACE] steampipe-plugin-hackernews.plugin: [TRACE] t.List.initialise
2023-04-06 01:41:59.551 UTC [TRACE] steampipe-plugin-hackernews.plugin: [TRACE] ListConfig.initialise table hackernews_job
2023-04-06 01:41:59.551 UTC [TRACE] steampipe-plugin-hackernews.plugin: [TRACE] ListConfig.initialise complete: RetryConfig: , IgnoreConfig
2023-04-06 01:41:59.551 UTC [TRACE] steampipe-plugin-hackernews.plugin: [TRACE] HydrateConfig.initialise func getItem, table hackernews_job
2023-04-06 01:41:59.551 UTC [TRACE] steampipe-plugin-hackernews.plugin: [TRACE] HydrateConfig.initialise complete: RetryConfig: , IgnoreConfig:
2023-04-06 01:41:59.551 UTC [TRACE] steampipe-plugin-hackernews.plugin: [TRACE] back from initialiseHydrateConfigs
2023-04-06 01:41:59.551 UTC [TRACE] steampipe-plugin-hackernews.plugin: [TRACE] initialise table hackernews_job COMPLETE
2023-04-06 01:41:59.551 UTC [TRACE] steampipe-plugin-hackernews.plugin: [TRACE] initialise table hackernews_new
2023-04-06 01:41:59.551 UTC [TRACE] steampipe-plugin-hackernews.plugin: [TRACE] no DefaultRetryConfig defined - creating empty
2023-04-06 01:41:59.551 UTC [TRACE] steampipe-plugin-hackernews.plugin: [TRACE] no DefaultIgnoreConfig defined - creating empty
2023-04-06 01:41:59.551 UTC [TRACE] steampipe-plugin-hackernews.plugin: [TRACE] apply plugin defaults for DefaultRetryConfig
2023-04-06 01:41:59.551 UTC [TRACE] steampipe-plugin-hackernews.plugin: [TRACE] apply plugin defaults for DefaultIgnoreConfig, table &{<nil> <nil>} plugin &{<nil> <nil>}
2023-04-06 01:41:59.551 UTC [TRACE] steampipe-plugin-hackernews.plugin: [TRACE] DefaultRetryConfig:
2023-04-06 01:41:59.551 UTC [TRACE] steampipe-plugin-hackernews.plugin: [TRACE] DefaultIgnoreConfig:
2023-04-06 01:41:59.551 UTC [TRACE] steampipe-plugin-hackernews.plugin: [TRACE] t.Get.initialise
2023-04-06 01:41:59.551 UTC [TRACE] steampipe-plugin-hackernews.plugin: [TRACE] GetConfig.initialise table hackernews_new
2023-04-06 01:41:59.551 UTC [TRACE] steampipe-plugin-hackernews.plugin: [TRACE] GetConfig.initialise complete: RetryConfig: , IgnoreConfig:
2023-04-06 01:41:59.551 UTC [TRACE] steampipe-plugin-hackernews.plugin: [TRACE] t.List.initialise
2023-04-06 01:41:59.551 UTC [TRACE] steampipe-plugin-hackernews.plugin: [TRACE] ListConfig.initialise table hackernews_new
2023-04-06 01:41:59.551 UTC [TRACE] steampipe-plugin-hackernews.plugin: [TRACE] ListConfig.initialise complete: RetryConfig: , IgnoreConfig
2023-04-06 01:41:59.551 UTC [TRACE] steampipe-plugin-hackernews.plugin: [TRACE] HydrateConfig.initialise func getItem, table hackernews_new
2023-04-06 01:41:59.551 UTC [TRACE] steampipe-plugin-hackernews.plugin: [TRACE] HydrateConfig.initialise complete: RetryConfig: , IgnoreConfig:
2023-04-06 01:41:59.551 UTC [TRACE] steampipe-plugin-hackernews.plugin: [TRACE] back from initialiseHydrateConfigs
2023-04-06 01:41:59.551 UTC [TRACE] steampipe-plugin-hackernews.plugin: [TRACE] initialise table hackernews_new COMPLETE
2023-04-06 01:41:59.551 UTC [TRACE] steampipe-plugin-hackernews.plugin: [TRACE] initialise table hackernews_show_hn
2023-04-06 01:41:59.551 UTC [TRACE] steampipe-plugin-hackernews.plugin: [TRACE] no DefaultRetryConfig defined - creating empty
2023-04-06 01:41:59.551 UTC [TRACE] steampipe-plugin-hackernews.plugin: [TRACE] no DefaultIgnoreConfig defined - creating empty
2023-04-06 01:41:59.551 UTC [TRACE] steampipe-plugin-hackernews.plugin: [TRACE] apply plugin defaults for DefaultRetryConfig
2023-04-06 01:41:59.551 UTC [TRACE] steampipe-plugin-hackernews.plugin: [TRACE] apply plugin defaults for DefaultIgnoreConfig, table &{<nil> <nil>} plugin &{<nil> <nil>}
2023-04-06 01:41:59.551 UTC [TRACE] steampipe-plugin-hackernews.plugin: [TRACE] DefaultRetryConfig:
2023-04-06 01:41:59.551 UTC [TRACE] steampipe-plugin-hackernews.plugin: [TRACE] DefaultIgnoreConfig:
2023-04-06 01:41:59.551 UTC [TRACE] steampipe-plugin-hackernews.plugin: [TRACE] t.Get.initialise
2023-04-06 01:41:59.551 UTC [TRACE] steampipe-plugin-hackernews.plugin: [TRACE] GetConfig.initialise table hackernews_show_hn
2023-04-06 01:41:59.551 UTC [TRACE] steampipe-plugin-hackernews.plugin: [TRACE] GetConfig.initialise complete: RetryConfig: , IgnoreConfig:
2023-04-06 01:41:59.551 UTC [TRACE] steampipe-plugin-hackernews.plugin: [TRACE] t.List.initialise
2023-04-06 01:41:59.551 UTC [TRACE] steampipe-plugin-hackernews.plugin: [TRACE] ListConfig.initialise table hackernews_show_hn
2023-04-06 01:41:59.551 UTC [TRACE] steampipe-plugin-hackernews.plugin: [TRACE] ListConfig.initialise complete: RetryConfig: , IgnoreConfig
2023-04-06 01:41:59.551 UTC [TRACE] steampipe-plugin-hackernews.plugin: [TRACE] HydrateConfig.initialise func getItem, table hackernews_show_hn
2023-04-06 01:41:59.551 UTC [TRACE] steampipe-plugin-hackernews.plugin: [TRACE] HydrateConfig.initialise complete: RetryConfig: , IgnoreConfig:
2023-04-06 01:41:59.551 UTC [TRACE] steampipe-plugin-hackernews.plugin: [TRACE] back from initialiseHydrateConfigs
2023-04-06 01:41:59.551 UTC [TRACE] steampipe-plugin-hackernews.plugin: [TRACE] initialise table hackernews_show_hn COMPLETE
2023-04-06 01:41:59.551 UTC [TRACE] steampipe-plugin-hackernews.plugin: [TRACE] initialise table hackernews_top
2023-04-06 01:41:59.551 UTC [TRACE] steampipe-plugin-hackernews.plugin: [TRACE] no DefaultRetryConfig defined - creating empty
2023-04-06 01:41:59.551 UTC [TRACE] steampipe-plugin-hackernews.plugin: [TRACE] no DefaultIgnoreConfig defined - creating empty
2023-04-06 01:41:59.551 UTC [TRACE] steampipe-plugin-hackernews.plugin: [TRACE] apply plugin defaults for DefaultRetryConfig
2023-04-06 01:41:59.551 UTC [TRACE] steampipe-plugin-hackernews.plugin: [TRACE] apply plugin defaults for DefaultIgnoreConfig, table &{<nil> <nil>} plugin &{<nil> <nil>}
2023-04-06 01:41:59.551 UTC [TRACE] steampipe-plugin-hackernews.plugin: [TRACE] DefaultRetryConfig:
2023-04-06 01:41:59.551 UTC [TRACE] steampipe-plugin-hackernews.plugin: [TRACE] DefaultIgnoreConfig:
2023-04-06 01:41:59.551 UTC [TRACE] steampipe-plugin-hackernews.plugin: [TRACE] t.Get.initialise
2023-04-06 01:41:59.551 UTC [TRACE] steampipe-plugin-hackernews.plugin: [TRACE] GetConfig.initialise table hackernews_top
2023-04-06 01:41:59.551 UTC [TRACE] steampipe-plugin-hackernews.plugin: [TRACE] GetConfig.initialise complete: RetryConfig: , IgnoreConfig:
2023-04-06 01:41:59.551 UTC [TRACE] steampipe-plugin-hackernews.plugin: [TRACE] t.List.initialise
2023-04-06 01:41:59.551 UTC [TRACE] steampipe-plugin-hackernews.plugin: [TRACE] ListConfig.initialise table hackernews_top
2023-04-06 01:41:59.551 UTC [TRACE] steampipe-plugin-hackernews.plugin: [TRACE] ListConfig.initialise complete: RetryConfig: , IgnoreConfig
2023-04-06 01:41:59.551 UTC [TRACE] steampipe-plugin-hackernews.plugin: [TRACE] HydrateConfig.initialise func getItem, table hackernews_top
2023-04-06 01:41:59.551 UTC [TRACE] steampipe-plugin-hackernews.plugin: [TRACE] HydrateConfig.initialise complete: RetryConfig: , IgnoreConfig:
2023-04-06 01:41:59.551 UTC [TRACE] steampipe-plugin-hackernews.plugin: [TRACE] back from initialiseHydrateConfigs
2023-04-06 01:41:59.551 UTC [TRACE] steampipe-plugin-hackernews.plugin: [TRACE] initialise table hackernews_top COMPLETE
2023-04-06 01:41:59.551 UTC [TRACE] steampipe-plugin-hackernews.plugin: [TRACE] validate plugin steampipe-plugin-hackernews, required columns []
2023-04-06 01:41:59.551 UTC [TRACE] steampipe-plugin-hackernews.plugin: [TRACE] validate DefaultRetryConfig
2023-04-06 01:41:59.551 UTC [TRACE] steampipe-plugin-hackernews.plugin: [TRACE] validate DefaultIgnoreConfig
2023-04-06 01:41:59.551 UTC [TRACE] steampipe-plugin-hackernews.plugin: [TRACE] validate table names
2023-04-06 01:41:59.551 UTC [TRACE] steampipe-plugin-hackernews.plugin: [TRACE] plugin has 0 validation errors
2023-04-06 01:41:59.551 UTC [TRACE] steampipe-plugin-hackernews.plugin: [TRACE] Plugin ensureCache creating cache, maxCacheStorageMb 0
2023-04-06 01:41:59.551 UTC [TRACE] steampipe-plugin-hackernews.plugin: [TRACE] createCacheStore for plugin 'steampipe-plugin-hackernews' setting max size to 0Mb, Shards: 2, max shard size: 0
2023-04-06 01:41:59.560 UTC [INFO]  steampipe-plugin-hackernews.plugin: [INFO]  query cache created
2023-04-06 01:41:59.560 UTC [DEBUG] steampipe-plugin-hackernews.plugin: [DEBUG] SetAllConnectionConfigs finished
2023-04-06 01:41:59.561 UTC [TRACE] PluginManager getPlugin complete, returning reattach config with PID: 2011
2023-04-06 01:41:59.567 UTC [INFO]  steampipe-plugin-hackernews.plugin: [INFO]  1680745319928: Plugin Execute (1680745319928)
2023-04-06 01:41:59.567 UTC [TRACE] steampipe-plugin-hackernews.plugin: [TRACE] 1680745319928: No memory limit set
2023-04-06 01:41:59.567 UTC [INFO]  steampipe-plugin-hackernews.plugin: [INFO]  1680745319928: Plugin Execute, setting memory limit to -1Mb
2023-04-06 01:41:59.567 UTC [TRACE] steampipe-plugin-hackernews.plugin: [TRACE] 1680745319928: calling ExtractContextFromCarrier
2023-04-06 01:41:59.568 UTC [INFO]  steampipe-plugin-hackernews.plugin: [INFO]  1680745319928: Setting max concurrent connections to 25
2023-04-06 01:41:59.568 UTC [TRACE] steampipe-plugin-hackernews.plugin: [TRACE] 1680745319928: executeForConnection callId: 1680745319928, connectionCallId: hackernews-1680745319928, connection: hackernews table: hackernews_new cols: id,title,time,by,score,dead,deleted,descendants,kids,parent,parts,poll,text,type,url,_ctx
2023-04-06 01:41:59.568 UTC [TRACE] steampipe-plugin-hackernews.plugin: [TRACE] 1680745319928: got connection data
2023-04-06 01:41:59.568 UTC [TRACE] steampipe-plugin-hackernews.plugin: [TRACE] 1680745319928: Got query context, table: hackernews_new, cols: [id title time by score dead deleted descendants kids parent parts poll text type url _ctx]
2023-04-06 01:41:59.568 UTC [TRACE] steampipe-plugin-hackernews.plugin: [TRACE] 1680745319928: Start execute span
2023-04-06 01:41:59.568 UTC [INFO]  steampipe-plugin-hackernews.plugin: [INFO]  1680745319928: Setting free memory interval to 100 rows
2023-04-06 01:41:59.568 UTC [TRACE] steampipe-plugin-hackernews.plugin: [TRACE] 1680745319928: setFetchType map[time:quals:{fieldName:"time"  string_value:">"  value:{timestamp_value:{seconds:1680741719  nanos:443081000}}}]
2023-04-06 01:41:59.568 UTC [TRACE] steampipe-plugin-hackernews.plugin: [TRACE] 1680745319928: getMatchingQuals column:'id' operator: =
2023-04-06 01:41:59.569 UTC [TRACE] steampipe-plugin-hackernews.plugin: [TRACE] 1680745319928: getMatchingQuals returning false - qualMap does not contain any quals for column id
2023-04-06 01:41:59.569 UTC [TRACE] steampipe-plugin-hackernews.plugin: [TRACE] 1680745319928: GetUnsatisfiedKeyColumns for columns column:'id' operator: =
2023-04-06 01:41:59.570 UTC [TRACE] steampipe-plugin-hackernews.plugin: [TRACE] 1680745319928: key column NOT satisfied column:'id' operator: =
2023-04-06 01:41:59.570 UTC [TRACE] steampipe-plugin-hackernews.plugin: [TRACE] 1680745319928: satisfied: map[any_of: optional: required:]
2023-04-06 01:41:59.570 UTC [TRACE] steampipe-plugin-hackernews.plugin: [TRACE] 1680745319928: unsatisfied: map[any_of: optional: required:column:'id' operator: =]
2023-04-06 01:41:59.571 UTC [TRACE] steampipe-plugin-hackernews.plugin: [TRACE] 1680745319928: unsatisfied required KeyColumns: column:'id' operator: =
2023-04-06 01:41:59.571 UTC [TRACE] steampipe-plugin-hackernews.plugin: [TRACE] 1680745319928: Set fetchType to fetchTypeList
2023-04-06 01:41:59.571 UTC [TRACE] steampipe-plugin-hackernews.plugin: [TRACE] 1680745319928: Equals key column quals:
2023-04-06 01:41:59.571 UTC [DEBUG] steampipe-plugin-hackernews.plugin: {}
2023-04-06 01:41:59.571 UTC [TRACE] steampipe-plugin-hackernews.plugin: [TRACE] 1680745319928: All key column quals:
2023-04-06 01:41:59.571 UTC [DEBUG] steampipe-plugin-hackernews.plugin: {}
2023-04-06 01:41:59.571 UTC [TRACE] steampipe-plugin-hackernews.plugin: [TRACE] 1680745319928: GetMatrixItem
2023-04-06 01:41:59.571 UTC [TRACE] steampipe-plugin-hackernews.plugin: [TRACE] 1680745319928: creating query data
2023-04-06 01:41:59.571 UTC [INFO]  steampipe-plugin-hackernews.plugin: [INFO]  1680745319928: cacheEnabled, trying cache get (hackernews-1680745319928)
2023-04-06 01:41:59.571 UTC [TRACE] steampipe-plugin-hackernews.plugin: [TRACE] 1680745319928: QueryCache Get - indexBucketKey index__hackernewshackernews_new, quals
2023-04-06 01:41:59.571 UTC [TRACE] steampipe-plugin-hackernews.plugin: [TRACE] 1680745319928: QueryCache getCachedQueryResult - table hackernews_new, connectionName hackernews
2023-04-06 01:41:59.571 UTC [TRACE] steampipe-plugin-hackernews.plugin: [TRACE] 1680745319928: index bucket key: index__hackernewshackernews_new ttlSeconds 300 limit: -1
2023-04-06 01:41:59.571 UTC [TRACE] steampipe-plugin-hackernews.plugin: [TRACE] 1680745319928: doGet cache miss
2023-04-06 01:41:59.571 UTC [TRACE] steampipe-plugin-hackernews.plugin: [TRACE] 1680745319928: getCachedIndexBucket - no item retrieved for cache key index__hackernewshackernews_new
2023-04-06 01:41:59.571 UTC [TRACE] steampipe-plugin-hackernews.plugin: [TRACE] 1680745319928: getCachedQueryResult returned CACHE MISS - checking for pending transfers
2023-04-06 01:41:59.571 UTC [TRACE] steampipe-plugin-hackernews.plugin: [TRACE] 1680745319928: getPendingResultItem indexBucketKey index__hackernewshackernews_new, columns [id title time by score dead deleted descendants kids parent parts poll text type url _ctx], limit -1
2023-04-06 01:41:59.571 UTC [TRACE] steampipe-plugin-hackernews.plugin: [TRACE] 1680745319928: no pending index item - add pending result, indexBucketKey index__hackernewshackernews_new
2023-04-06 01:41:59.571 UTC [TRACE] steampipe-plugin-hackernews.plugin: [TRACE] 1680745319928: addPendingResult (hackernews-1680745319928) indexBucketKey index__hackernewshackernews_new, columns [id title time by score dead deleted descendants kids parent parts poll text type url _ctx], limit -1
2023-04-06 01:41:59.571 UTC [TRACE] steampipe-plugin-hackernews.plugin: [TRACE] 1680745319928: no index bucket found - creating one
2023-04-06 01:41:59.571 UTC [TRACE] steampipe-plugin-hackernews.plugin: [TRACE] 1680745319928: pendingIndexItem Lock count before 0
2023-04-06 01:41:59.571 UTC [TRACE] steampipe-plugin-hackernews.plugin: [TRACE] 1680745319928: addPendingResult added pending index item to bucket, (hackernews-1680745319928) indexBucketKey index__hackernewshackernews_new, resultKeyRoot hackernewshackernews_newid,title,time,by,score,dead,deleted,descendants,kids,parent,parts,poll,text,type,url,_ctx-1, pending item : 0xc000381440
2023-04-06 01:41:59.571 UTC [TRACE] steampipe-plugin-hackernews.plugin: [TRACE] 1680745319928: **** pending items (hackernews-1680745319928)****
2023-04-06 01:41:59.572 UTC [TRACE] steampipe-plugin-hackernews.plugin: [TRACE] 1680745319928: key: index__hackernewshackernews_new: item: 0xc000381440, count: 1, key:hackernewshackernews_newid,title,time,by,score,dead,deleted,descendants,kids,parent,parts,poll,text,type,url,_ctx-1
2023-04-06 01:41:59.572 UTC [TRACE] steampipe-plugin-hackernews.plugin: [TRACE] 1680745319928: ********
2023-04-06 01:41:59.572 UTC [TRACE] steampipe-plugin-hackernews.plugin: [TRACE] 1680745319928: getPendingResultItem returning <nil>
2023-04-06 01:41:59.572 UTC [INFO]  steampipe-plugin-hackernews.plugin: [INFO]  1680745319928: CACHE MISS
2023-04-06 01:41:59.572 UTC [TRACE] steampipe-plugin-hackernews.plugin: [TRACE] 1680745319928: cache MISS
2023-04-06 01:41:59.572 UTC [INFO]  steampipe-plugin-hackernews.plugin: [INFO]  1680745319928: queryCacheGet returned CACHE MISS (hackernews-1680745319928)
2023-04-06 01:41:59.572 UTC [TRACE] steampipe-plugin-hackernews.plugin: [TRACE] 1680745319928: StartSet (hackernews-1680745319928)
2023-04-06 01:41:59.572 UTC [TRACE] steampipe-plugin-hackernews.plugin: [TRACE] 1680745319928: calling fetchItems, table: hackernews_new, matrixItem: [], limit: -1,  connectionCallId: hackernews-1680745319928"
2023-04-06 01:41:59.572 UTC [TRACE] steampipe-plugin-hackernews.plugin: [TRACE] 1680745319928: buildRowsAsync connectionCallId: hackernews-1680745319928
2023-04-06 01:41:59.572 UTC [TRACE] steampipe-plugin-hackernews.plugin: [TRACE] 1680745319928: executeListCall START (hackernews-1680745319928)
2023-04-06 01:41:59.572 UTC [TRACE] steampipe-plugin-hackernews.plugin: [TRACE] 1680745319928: GetUnsatisfiedKeyColumns for columns
2023-04-06 01:41:59.572 UTC [TRACE] steampipe-plugin-hackernews.plugin: [TRACE] 1680745319928: doList (hackernews-1680745319928)
2023-04-06 01:41:59.572 UTC [TRACE] steampipe-plugin-hackernews.plugin: [TRACE] 1680745319928: doList: no matrix item
2023-04-06 01:41:59.572 UTC [TRACE] steampipe-plugin-hackernews.plugin: [TRACE] 1680745319928: streamRows connectionCallId: hackernews-1680745319928
2023-04-06 01:41:59.572 UTC [TRACE] steampipe-plugin-hackernews.plugin: [TRACE] 1680745319928: QueryData streamRows (hackernews-1680745319928)
2023-04-06 01:41:59.727 UTC [TRACE] steampipe-plugin-hackernews.plugin: [TRACE] 1680745319928: QueryData.fetchComplete
2023-04-06 01:41:59.727 UTC [TRACE] steampipe-plugin-hackernews.plugin: [TRACE] 1680745319928: executeListCall COMPLETE (hackernews-1680745319928)
2023-04-06 01:41:59.727 UTC [TRACE] steampipe-plugin-hackernews.plugin: [TRACE] 1680745319928: rowData chan returned nil - wait for rows to complete (hackernews-1680745319928)
2023-04-06 01:41:59.734 UTC [TRACE] stdio: received data: channel=STDOUT len=18
2023-04-06 01:41:59.734 UTC [TRACE] stdio: waiting for stdio data
2023-04-06 01:41:59.875 UTC [TRACE] stdio: received data: channel=STDOUT len=113
2023-04-06 01:41:59.875 UTC [TRACE] stdio: waiting for stdio data
2023-04-06 01:41:59.900 UTC [TRACE] stdio: received data: channel=STDOUT len=1024
2023-04-06 01:41:59.900 UTC [TRACE] stdio: waiting for stdio data
2023-04-06 01:41:59.929 UTC [TRACE] stdio: received data: channel=STDOUT len=996
2023-04-06 01:41:59.929 UTC [TRACE] stdio: waiting for stdio data
2023-04-06 01:42:00.017 UTC [TRACE] stdio: received data: channel=STDOUT len=455
2023-04-06 01:42:00.017 UTC [TRACE] stdio: waiting for stdio data
2023-04-06 01:42:00.124 UTC [TRACE] stdio: received data: channel=STDOUT len=421
2023-04-06 01:42:00.124 UTC [TRACE] stdio: waiting for stdio data
2023-04-06 01:42:00.144 UTC [TRACE] stdio: received data: channel=STDOUT len=1024
2023-04-06 01:42:00.144 UTC [TRACE] stdio: waiting for stdio data
2023-04-06 01:42:00.152 UTC [TRACE] steampipe-plugin-hackernews.plugin: [TRACE] 1680745319928: buildRowsAsync goroutine returning (hackernews-1680745319928)
2023-04-06 01:42:00.152 UTC [TRACE] steampipe-plugin-hackernews.plugin: [TRACE] 1680745319928: streamRows - nil row, stop streaming (hackernews-1680745319928)
2023-04-06 01:42:00.152 UTC [TRACE] steampipe-plugin-hackernews.plugin: [TRACE] 1680745319928: ------------------------------------
2023-04-06 01:42:00.152 UTC [TRACE] steampipe-plugin-hackernews.plugin: [TRACE] 1680745319928: Concurrency Summary
2023-04-06 01:42:00.152 UTC [TRACE] steampipe-plugin-hackernews.plugin: [TRACE] 1680745319928: ------------------------------------
2023-04-06 01:42:00.152 UTC [TRACE] steampipe-plugin-hackernews.plugin: [TRACE] 1680745319928: getItem                       : 200
2023-04-06 01:42:00.152 UTC [TRACE] steampipe-plugin-hackernews.plugin: [TRACE] 1680745319928: ------------------------------------
2023-04-06 01:42:00.152 UTC [TRACE] steampipe-plugin-hackernews.plugin: [TRACE] 1680745319928: Total                         : 200
2023-04-06 01:42:00.152 UTC [TRACE] steampipe-plugin-hackernews.plugin: [TRACE] 1680745319928: ------------------------------------
2023-04-06 01:42:00.152 UTC [TRACE] steampipe-plugin-hackernews.plugin: [TRACE] 1680745319928: QueryData streamRows DONE (hackernews-1680745319928)
2023-04-06 01:42:00.152 UTC [TRACE] steampipe-plugin-hackernews.plugin: [TRACE] 1680745319928: EndSet (hackernews-1680745319928) table hackernews_new
2023-04-06 01:42:00.152 UTC [TRACE] steampipe-plugin-hackernews.plugin: [TRACE] 1680745319928: QueryCache writePageToCache: 500 rows, pageCount 1, page key hackernewshackernews_newid,title,time,by,score,dead,deleted,descendants,kids,parent,parts,poll,text,type,url,_ctx-1-0
2023-04-06 01:42:00.158 UTC [TRACE] steampipe-plugin-hackernews.plugin: [TRACE] 1680745319928: writePageToCache Set - result written
2023-04-06 01:42:00.158 UTC [TRACE] steampipe-plugin-hackernews.plugin: [TRACE] 1680745319928: QueryCache EndSet - result written
2023-04-06 01:42:00.158 UTC [TRACE] steampipe-plugin-hackernews.plugin: [TRACE] 1680745319928: doGet cache miss
2023-04-06 01:42:00.159 UTC [TRACE] steampipe-plugin-hackernews.plugin: [TRACE] 1680745319928: getCachedIndexBucket - no item retrieved for cache key index__hackernewshackernews_new
2023-04-06 01:42:00.159 UTC [TRACE] steampipe-plugin-hackernews.plugin: [TRACE] 1680745319928: getCachedIndexBucket returned cache miss
2023-04-06 01:42:00.159 UTC [TRACE] steampipe-plugin-hackernews.plugin: [TRACE] 1680745319928: QueryCache EndSet - Added index item (0xc01b04ee40) to bucket (0xc01aef0510), page count 1,  key root hackernewshackernews_newid,title,time,by,score,dead,deleted,descendants,kids,parent,parts,poll,text,type,url,_ctx-1
2023-04-06 01:42:00.159 UTC [TRACE] steampipe-plugin-hackernews.plugin: [TRACE] 1680745319928: cacheSetIndexBucket index__hackernewshackernews_new
2023-04-06 01:42:00.159 UTC [TRACE] steampipe-plugin-hackernews.plugin: [TRACE] 1680745319928: QueryCache EndSet - IndexBucket written
2023-04-06 01:42:00.159 UTC [TRACE] steampipe-plugin-hackernews.plugin: [TRACE] 1680745319928: EndSet DEFER (hackernews-1680745319928) table hackernews_new
2023-04-06 01:42:00.159 UTC [TRACE] steampipe-plugin-hackernews.plugin: [TRACE] 1680745319928: calling pendingItemComplete (hackernews-1680745319928)
2023-04-06 01:42:00.159 UTC [TRACE] steampipe-plugin-hackernews.plugin: [TRACE] 1680745319928: pendingItemComplete (hackernews-1680745319928) indexBucketKey index__hackernewshackernews_new, columns [id title time by score dead deleted descendants kids parent parts poll text type url _ctx], limit -1
2023-04-06 01:42:00.159 UTC [TRACE] steampipe-plugin-hackernews.plugin: [TRACE] 1680745319928: got pending index bucket, (hackernews-1680745319928) len 1
2023-04-06 01:42:00.159 UTC [TRACE] steampipe-plugin-hackernews.plugin: [TRACE] 1680745319928: SatisfiesLimit limit -1, no item limit - satisfied
2023-04-06 01:42:00.159 UTC [TRACE] steampipe-plugin-hackernews.plugin: [TRACE] 1680745319928: found pending index item to satisfy columns id,title,time,by,score,dead,deleted,descendants,kids,parent,parts,poll,text,type,url,_ctx, limit -1
2023-04-06 01:42:00.159 UTC [TRACE] steampipe-plugin-hackernews.plugin: [TRACE] 1680745319928: found completed pending item (hackernews-1680745319928) 0xc000381440, key hackernewshackernews_newid,title,time,by,score,dead,deleted,descendants,kids,parent,parts,poll,text,type,url,_ctx-1 - removing from map as it is complete
2023-04-06 01:42:00.159 UTC [TRACE] steampipe-plugin-hackernews.plugin: [TRACE] 1680745319928: pendingIndexItem Unlock count before 1 key hackernewshackernews_newid,title,time,by,score,dead,deleted,descendants,kids,parent,parts,poll,text,type,url,_ctx-1
2023-04-06 01:42:00.159 UTC [TRACE] steampipe-plugin-hackernews.plugin: [TRACE] 1680745319928: deleted from pending, (hackernews-1680745319928) len 0
2023-04-06 01:42:00.159 UTC [TRACE] steampipe-plugin-hackernews.plugin: [TRACE] 1680745319928: pending bucket now empty - deleting key index__hackernewshackernews_new
2023-04-06 01:42:00.159 UTC [TRACE] steampipe-plugin-hackernews.plugin: [TRACE] 1680745319928: pendingItemComplete done (hackernews-1680745319928)
2023-04-06 01:42:00.159 UTC [TRACE] steampipe-plugin-hackernews.plugin: [TRACE] 1680745319928: cache set succeeded
2023-04-06 01:42:00.159 UTC [TRACE] steampipe-plugin-hackernews.plugin: [TRACE] 1680745319928: End execute span
2023-04-06 01:42:00.159 UTC [TRACE] steampipe-plugin-hackernews.plugin: [TRACE] 1680745319928: executeForConnection DEFER (hackernews-1680745319928)
2023-04-06 01:42:00.159 UTC [TRACE] steampipe-plugin-hackernews.plugin: [TRACE] 1680745319928: Execute complete callId: hackernews-1680745319928 table: hackernews_new
2023-04-06 01:42:00.159 UTC [TRACE] steampipe-plugin-hackernews.plugin: [TRACE] 1680745319928: executeForConnection hackernews returned
2023-04-06 01:42:00.159 UTC [TRACE] steampipe-plugin-hackernews.plugin: [TRACE] 1680745319928: output wg complete - send nil row
2023-04-06 01:42:00.159 UTC [TRACE] steampipe-plugin-hackernews.plugin: [TRACE] 1680745319928: empty row on output channel - we are done
2023-04-06 01:42:00.159 UTC [INFO]  steampipe-plugin-hackernews.plugin: [INFO]  1680745319928: Plugin Execute complete (1680745319928)
2023-04-06 01:42:00.181 UTC [INFO]  PluginManager Shutdown
2023-04-06 01:42:00.181 UTC [INFO]  PluginManager killing plugin hackernews (2011)
2023-04-06 01:42:00.181 UTC [DEBUG] stdio: received EOF, stopping recv loop: err="rpc error: code = Unavailable desc = error reading from server: EOF"
2023-04-06 01:42:00.181 UTC [TRACE] steampipe-plugin-hackernews.plugin: [TRACE] 1680745319928: FLUSHING instrumentation
2023-04-06 01:42:00.181 UTC [TRACE] steampipe-plugin-hackernews.plugin: [TRACE] 1680745319928: Shutdown instrumentation
2023-04-06 01:42:00.184 UTC [INFO]  plugin process exited: path=/home/runner/.steampipe/plugins/hub.steampipe.io/plugins/turbot/hackernews@latest/steampipe-plugin-hackernews.plugin pid=2011
2023-04-06 01:42:00.184 UTC [DEBUG] plugin exited
2023-04-06 01:42:00.184 UTC [INFO]  PluginManager killing plugin csv (1988)
2023-04-06 01:42:00.184 UTC [TRACE] receive error for connection 'csv': rpc error: code = Unavailable desc = error reading from server: EOF
2023-04-06 01:42:00.184 UTC [TRACE] cache listener received EOF for connection 'csv', returning
2023-04-06 01:42:00.184 UTC [DEBUG] stdio: received EOF, stopping recv loop: err="rpc error: code = Unavailable desc = error reading from server: EOF"
2023-04-06 01:42:00.184 UTC [TRACE] steampipe-plugin-csv.plugin: [TRACE] FLUSHING instrumentation
2023-04-06 01:42:00.184 UTC [TRACE] steampipe-plugin-csv.plugin: [TRACE] Shutdown instrumentation
2023-04-06 01:42:00.184 UTC [TRACE] steampipe-plugin-csv.plugin: [TRACE] file watcher event [no events]   ""
2023-04-06 01:42:00.184 UTC [TRACE] steampipe-plugin-csv.plugin: [TRACE] file watcher event [no events]   ""
2023-04-06 01:42:00.184 UTC [TRACE] steampipe-plugin-csv.plugin: [TRACE] ignore file change [no events]   ""
2023-04-06 01:42:00.184 UTC [TRACE] steampipe-plugin-csv.plugin: [TRACE] handleEvent error <nil>
2023-04-06 01:42:00.184 UTC [TRACE] steampipe-plugin-csv.plugin: [TRACE] file watcher event [no events]   ""
2023-04-06 01:42:00.184 UTC [TRACE] steampipe-plugin-csv.plugin: [TRACE] file watcher event [no events]   ""
2023-04-06 01:42:00.184 UTC [TRACE] steampipe-plugin-csv.plugin: [TRACE] ignore file change [no events]   ""
2023-04-06 01:42:00.184 UTC [TRACE] steampipe-plugin-csv.plugin: [TRACE] handleEvent error <nil>
2023-04-06 01:42:00.184 UTC [TRACE] steampipe-plugin-csv.plugin: [TRACE] file watcher event [no events]   ""
2023-04-06 01:42:00.184 UTC [TRACE] steampipe-plugin-csv.plugin: [TRACE] file watcher event [no events]   ""
2023-04-06 01:42:00.184 UTC [TRACE] steampipe-plugin-csv.plugin: [TRACE] ignore file change [no events]   ""
2023-04-06 01:42:00.184 UTC [TRACE] steampipe-plugin-csv.plugin: [TRACE] handleEvent error <nil>
2023-04-06 01:42:00.185 UTC [INFO]  plugin process exited: path=/home/runner/.steampipe/plugins/hub.steampipe.io/plugins/turbot/csv@latest/steampipe-plugin-csv.plugin pid=1988
2023-04-06 01:42:00.185 UTC [DEBUG] plugin exited
2023-04-06 01:44:33.834 UTC [ERROR] steampipe-plugin-csv.plugin: [ERROR] csv.tableCSV: header_parse_error=EOF path=/home/runner/work/steampipe-samples/steampipe-samples/all/hackernews/new_sc.csv header=[]
2023-04-06 01:44:33.834 UTC [ERROR] steampipe-plugin-csv.plugin: [ERROR] csv.PluginTables: create_table_error="failed to parse file header /home/runner/work/steampipe-samples/steampipe-samples/all/hackernews/new_sc.csv: EOF" path=/home/runner/work/steampipe-samples/steampipe-samples/all/hackernews/new_sc.csv
2023-04-06 01:44:33.846 UTC [WARN]  failed to set connection config: failed to parse file header /home/runner/work/steampipe-samples/steampipe-samples/all/hackernews/new_sc.csv: EOF
2023-04-06 01:44:48.002 UTC [ERROR] steampipe-plugin-csv.plugin: [ERROR] csv.tableCSV: header_parse_error=EOF path=/home/runner/work/steampipe-samples/steampipe-samples/all/hackernews/hn_items_all.csv header=[]
2023-04-06 01:44:48.002 UTC [ERROR] steampipe-plugin-csv.plugin: [ERROR] csv.PluginTables: create_table_error="failed to parse file header /home/runner/work/steampipe-samples/steampipe-samples/all/hackernews/hn_items_all.csv: EOF" path=/home/runner/work/steampipe-samples/steampipe-samples/all/hackernews/hn_items_all.csv
2023-04-06 01:44:48.015 UTC [WARN]  failed to set connection config: failed to parse file header /home/runner/work/steampipe-samples/steampipe-samples/all/hackernews/hn_items_all.csv: EOF
