2023-02-25 07:18:44.266 UTC [INFO]  starting plugin manager
2023-02-25 07:18:44.267 UTC [TRACE] loaded config map: csv,github,hackernews,net
2023-02-25 07:18:44.267 UTC [TRACE] NewPluginManager
2023-02-25 07:18:44.268 UTC [TRACE] PluginManager setPluginCacheSizeMap: 4 connections.
2023-02-25 07:18:44.268 UTC [TRACE] Total cache size 0Mb
2023-02-25 07:18:44.268 UTC [INFO]  starting connection watcher
2023-02-25 07:18:44.268 UTC [INFO]  created ConnectionWatcher
2023-02-25 07:18:44.268 UTC [TRACE] about to serve
2023-02-25 07:18:44.324 UTC [TRACE] PluginManager Get, connections: '[csv]'
2023-02-25 07:18:44.325 UTC [TRACE] PluginManager getPlugin hub.steampipe.io/plugins/turbot/csv@latest connection 'csv'
2023-02-25 07:18:44.325 UTC [TRACE] PluginManager 0xc00009c1e0 plugin hub.steampipe.io/plugins/turbot/csv@latest (csv) NOT started or starting - start now
2023-02-25 07:18:44.325 UTC [TRACE] ************ start plugin csv ********************
2023-02-25 07:18:44.325 UTC [TRACE] ************ plugin path /home/runner/.steampipe/plugins/hub.steampipe.io/plugins/turbot/csv@latest/steampipe-plugin-csv.plugin ********************
2023-02-25 07:18:44.387 UTC [DEBUG] starting plugin: path=/home/runner/.steampipe/plugins/hub.steampipe.io/plugins/turbot/csv@latest/steampipe-plugin-csv.plugin args=["/home/runner/.steampipe/plugins/hub.steampipe.io/plugins/turbot/csv@latest/steampipe-plugin-csv.plugin"]
2023-02-25 07:18:44.387 UTC [DEBUG] plugin started: path=/home/runner/.steampipe/plugins/hub.steampipe.io/plugins/turbot/csv@latest/steampipe-plugin-csv.plugin pid=1938
2023-02-25 07:18:44.387 UTC [DEBUG] waiting for RPC address: path=/home/runner/.steampipe/plugins/hub.steampipe.io/plugins/turbot/csv@latest/steampipe-plugin-csv.plugin
2023-02-25 07:18:44.395 UTC [INFO]  steampipe-plugin-csv.plugin: [INFO]  Initialise plugin 'steampipe-plugin-csv', using sdk version 4.1.8
2023-02-25 07:18:44.395 UTC [TRACE] steampipe-plugin-csv.plugin: [TRACE] no DefaultRetryConfig defined - creating empty
2023-02-25 07:18:44.395 UTC [TRACE] steampipe-plugin-csv.plugin: [TRACE] no DefaultIgnoreConfig defined - creating empty
2023-02-25 07:18:44.396 UTC [TRACE] steampipe-plugin-csv.plugin: [TRACE] telemetry.Init service 'steampipe-plugin-csv', tracingEnabled: false, metricsEnabled: false
2023-02-25 07:18:44.396 UTC [TRACE] steampipe-plugin-csv.plugin: [TRACE] metrics and tracing disabled' - returning
2023-02-25 07:18:44.396 UTC [DEBUG] steampipe-plugin-csv.plugin: plugin address: address=/tmp/plugin3648983812 network=unix timestamp=2023-02-25T07:18:44.396Z
2023-02-25 07:18:44.396 UTC [DEBUG] using plugin: version=0
2023-02-25 07:18:44.396 UTC [TRACE] NewPluginClient for plugin hub.steampipe.io/plugins/turbot/csv@latest
2023-02-25 07:18:44.402 UTC [TRACE] stdio: waiting for stdio data
2023-02-25 07:18:44.403 UTC [TRACE] supportedOperations: query_cache:true  multiple_connections:true
2023-02-25 07:18:44.404 UTC [TRACE] steampipe-plugin-csv.plugin: [TRACE] SetAllConnectionConfigs setting 1 configs
2023-02-25 07:18:44.404 UTC [TRACE] steampipe-plugin-csv.plugin: [TRACE] connection csv build schema and table map
2023-02-25 07:18:44.404 UTC [DEBUG] steampipe-plugin-csv.plugin: [DEBUG] csv.tableCSV: path=/home/runner/work/steampipe-samples/steampipe-samples/all/hackernews/hn_items_all.csv detected_encoding=Unknown
2023-02-25 07:18:44.404 UTC [DEBUG] steampipe-plugin-csv.plugin: [DEBUG] csv.tableCSV: path=/home/runner/work/steampipe-samples/steampipe-samples/all/hackernews/new_sc.csv detected_encoding=Unknown
2023-02-25 07:18:44.404 UTC [TRACE] steampipe-plugin-csv.plugin: [TRACE] initialise table /home/runner/work/steampipe-samples/steampipe-samples/all/hackernews/hn_items_all.csv
2023-02-25 07:18:44.404 UTC [TRACE] steampipe-plugin-csv.plugin: [TRACE] no DefaultRetryConfig defined - creating empty
2023-02-25 07:18:44.404 UTC [TRACE] steampipe-plugin-csv.plugin: [TRACE] no DefaultIgnoreConfig defined - creating empty
2023-02-25 07:18:44.404 UTC [TRACE] steampipe-plugin-csv.plugin: [TRACE] apply plugin defaults for DefaultRetryConfig
2023-02-25 07:18:44.404 UTC [TRACE] steampipe-plugin-csv.plugin: [TRACE] apply plugin defaults for DefaultIgnoreConfig, table &{<nil> <nil>} plugin &{<nil> <nil>}
2023-02-25 07:18:44.404 UTC [TRACE] steampipe-plugin-csv.plugin: [TRACE] DefaultRetryConfig:
2023-02-25 07:18:44.404 UTC [TRACE] steampipe-plugin-csv.plugin: [TRACE] DefaultIgnoreConfig:
2023-02-25 07:18:44.404 UTC [TRACE] steampipe-plugin-csv.plugin: [TRACE] t.List.initialise
2023-02-25 07:18:44.404 UTC [TRACE] steampipe-plugin-csv.plugin: [TRACE] ListConfig.initialise table /home/runner/work/steampipe-samples/steampipe-samples/all/hackernews/hn_items_all.csv
2023-02-25 07:18:44.404 UTC [TRACE] steampipe-plugin-csv.plugin: [TRACE] ListConfig.initialise complete: RetryConfig: , IgnoreConfig
2023-02-25 07:18:44.404 UTC [TRACE] steampipe-plugin-csv.plugin: [TRACE] back from initialiseHydrateConfigs
2023-02-25 07:18:44.404 UTC [TRACE] steampipe-plugin-csv.plugin: [TRACE] initialise table /home/runner/work/steampipe-samples/steampipe-samples/all/hackernews/hn_items_all.csv COMPLETE
2023-02-25 07:18:44.404 UTC [TRACE] steampipe-plugin-csv.plugin: [TRACE] initialise table /home/runner/work/steampipe-samples/steampipe-samples/all/hackernews/new_sc.csv
2023-02-25 07:18:44.404 UTC [TRACE] steampipe-plugin-csv.plugin: [TRACE] no DefaultRetryConfig defined - creating empty
2023-02-25 07:18:44.404 UTC [TRACE] steampipe-plugin-csv.plugin: [TRACE] no DefaultIgnoreConfig defined - creating empty
2023-02-25 07:18:44.404 UTC [TRACE] steampipe-plugin-csv.plugin: [TRACE] apply plugin defaults for DefaultRetryConfig
2023-02-25 07:18:44.404 UTC [TRACE] steampipe-plugin-csv.plugin: [TRACE] apply plugin defaults for DefaultIgnoreConfig, table &{<nil> <nil>} plugin &{<nil> <nil>}
2023-02-25 07:18:44.404 UTC [TRACE] steampipe-plugin-csv.plugin: [TRACE] DefaultRetryConfig:
2023-02-25 07:18:44.404 UTC [TRACE] steampipe-plugin-csv.plugin: [TRACE] DefaultIgnoreConfig:
2023-02-25 07:18:44.404 UTC [TRACE] steampipe-plugin-csv.plugin: [TRACE] t.List.initialise
2023-02-25 07:18:44.404 UTC [TRACE] steampipe-plugin-csv.plugin: [TRACE] ListConfig.initialise table /home/runner/work/steampipe-samples/steampipe-samples/all/hackernews/new_sc.csv
2023-02-25 07:18:44.404 UTC [TRACE] steampipe-plugin-csv.plugin: [TRACE] ListConfig.initialise complete: RetryConfig: , IgnoreConfig
2023-02-25 07:18:44.404 UTC [TRACE] steampipe-plugin-csv.plugin: [TRACE] back from initialiseHydrateConfigs
2023-02-25 07:18:44.404 UTC [TRACE] steampipe-plugin-csv.plugin: [TRACE] initialise table /home/runner/work/steampipe-samples/steampipe-samples/all/hackernews/new_sc.csv COMPLETE
2023-02-25 07:18:44.404 UTC [TRACE] steampipe-plugin-csv.plugin: [TRACE] validate plugin steampipe-plugin-csv, required columns []
2023-02-25 07:18:44.404 UTC [TRACE] steampipe-plugin-csv.plugin: [TRACE] validate DefaultRetryConfig
2023-02-25 07:18:44.404 UTC [TRACE] steampipe-plugin-csv.plugin: [TRACE] validate DefaultIgnoreConfig
2023-02-25 07:18:44.404 UTC [TRACE] steampipe-plugin-csv.plugin: [TRACE] validate table names
2023-02-25 07:18:44.404 UTC [TRACE] steampipe-plugin-csv.plugin: [TRACE] plugin has 0 validation errors
2023-02-25 07:18:44.404 UTC [TRACE] steampipe-plugin-csv.plugin: [TRACE] Plugin ensureCache creating cache, maxCacheStorageMb 0
2023-02-25 07:18:44.404 UTC [TRACE] steampipe-plugin-csv.plugin: [TRACE] createCacheStore for plugin 'steampipe-plugin-csv' setting max size to 0Mb, Shards: 2, max shard size: 0
2023-02-25 07:18:44.417 UTC [INFO]  steampipe-plugin-csv.plugin: [INFO]  query cache created
2023-02-25 07:18:44.417 UTC [DEBUG] steampipe-plugin-csv.plugin: [DEBUG] SetAllConnectionConfigs finished
2023-02-25 07:18:44.417 UTC [TRACE] PluginManager getPlugin complete, returning reattach config with PID: 1938
2023-02-25 07:18:44.417 UTC [TRACE] PluginManager Get returning reattach_map:{key:"csv"  value:{protocol:"grpc"  addr:{Network:"unix"  Address:"/tmp/plugin3648983812"}  pid:1938  supported_operations:{query_cache:true  multiple_connections:true}  connections:"csv"  plugin:"hub.steampipe.io/plugins/turbot/csv@latest"}}
2023-02-25 07:18:44.457 UTC [TRACE] PluginManager Get, connections: '[csv]'
2023-02-25 07:18:44.457 UTC [TRACE] PluginManager getPlugin hub.steampipe.io/plugins/turbot/csv@latest connection 'csv'
2023-02-25 07:18:44.457 UTC [TRACE] connection csv found in connectionPluginMap
2023-02-25 07:18:44.457 UTC [TRACE] initialized: 1938
2023-02-25 07:18:44.457 UTC [TRACE] initialized: 1938
2023-02-25 07:18:44.457 UTC [TRACE] connection csv is loaded, check for running PID
2023-02-25 07:18:44.458 UTC [TRACE] PluginManager found 'csv' in map, pid 1938
2023-02-25 07:18:44.458 UTC [TRACE] PluginManager Get returning reattach_map:{key:"csv"  value:{protocol:"grpc"  addr:{Network:"unix"  Address:"/tmp/plugin3648983812"}  pid:1938  supported_operations:{query_cache:true  multiple_connections:true}  connections:"csv"  plugin:"hub.steampipe.io/plugins/turbot/csv@latest"}}
2023-02-25 07:18:44.513 UTC [TRACE] PluginManager Get, connections: '[hackernews]'
2023-02-25 07:18:44.513 UTC [TRACE] PluginManager getPlugin hub.steampipe.io/plugins/turbot/hackernews@latest connection 'hackernews'
2023-02-25 07:18:44.513 UTC [TRACE] PluginManager 0xc00009c1e0 plugin hub.steampipe.io/plugins/turbot/hackernews@latest (hackernews) NOT started or starting - start now
2023-02-25 07:18:44.513 UTC [TRACE] ************ start plugin hackernews ********************
2023-02-25 07:18:44.513 UTC [TRACE] ************ plugin path /home/runner/.steampipe/plugins/hub.steampipe.io/plugins/turbot/hackernews@latest/steampipe-plugin-hackernews.plugin ********************
2023-02-25 07:18:44.576 UTC [DEBUG] starting plugin: path=/home/runner/.steampipe/plugins/hub.steampipe.io/plugins/turbot/hackernews@latest/steampipe-plugin-hackernews.plugin args=["/home/runner/.steampipe/plugins/hub.steampipe.io/plugins/turbot/hackernews@latest/steampipe-plugin-hackernews.plugin"]
2023-02-25 07:18:44.576 UTC [DEBUG] plugin started: path=/home/runner/.steampipe/plugins/hub.steampipe.io/plugins/turbot/hackernews@latest/steampipe-plugin-hackernews.plugin pid=1961
2023-02-25 07:18:44.576 UTC [DEBUG] waiting for RPC address: path=/home/runner/.steampipe/plugins/hub.steampipe.io/plugins/turbot/hackernews@latest/steampipe-plugin-hackernews.plugin
2023-02-25 07:18:44.584 UTC [INFO]  steampipe-plugin-hackernews.plugin: [INFO]  Initialise plugin 'steampipe-plugin-hackernews', using sdk version 4.1.7
2023-02-25 07:18:44.584 UTC [TRACE] steampipe-plugin-hackernews.plugin: [TRACE] defaulting SchemaMode to SchemaModeStatic
2023-02-25 07:18:44.584 UTC [TRACE] steampipe-plugin-hackernews.plugin: [TRACE] no DefaultRetryConfig defined - creating empty
2023-02-25 07:18:44.584 UTC [TRACE] steampipe-plugin-hackernews.plugin: [TRACE] no DefaultIgnoreConfig defined - creating empty
2023-02-25 07:18:44.584 UTC [TRACE] steampipe-plugin-hackernews.plugin: [TRACE] Setting Ulimit: ulimit=2560
2023-02-25 07:18:44.584 UTC [TRACE] steampipe-plugin-hackernews.plugin: [TRACE] telemetry.Init service 'steampipe-plugin-hackernews', tracingEnabled: false, metricsEnabled: false
2023-02-25 07:18:44.584 UTC [TRACE] steampipe-plugin-hackernews.plugin: [TRACE] metrics and tracing disabled' - returning
2023-02-25 07:18:44.585 UTC [DEBUG] steampipe-plugin-hackernews.plugin: plugin address: address=/tmp/plugin3196911230 network=unix timestamp=2023-02-25T07:18:44.585Z
2023-02-25 07:18:44.585 UTC [DEBUG] using plugin: version=0
2023-02-25 07:18:44.585 UTC [TRACE] NewPluginClient for plugin hub.steampipe.io/plugins/turbot/hackernews@latest
2023-02-25 07:18:44.586 UTC [TRACE] stdio: waiting for stdio data
2023-02-25 07:18:44.587 UTC [TRACE] supportedOperations: query_cache:true  multiple_connections:true
2023-02-25 07:18:44.588 UTC [TRACE] steampipe-plugin-hackernews.plugin: [TRACE] SetAllConnectionConfigs setting 1 configs
2023-02-25 07:18:44.588 UTC [TRACE] steampipe-plugin-hackernews.plugin: [TRACE] connection hackernews build schema and table map
2023-02-25 07:18:44.588 UTC [TRACE] steampipe-plugin-hackernews.plugin: [TRACE] initialise table hackernews_user
2023-02-25 07:18:44.588 UTC [TRACE] steampipe-plugin-hackernews.plugin: [TRACE] no DefaultRetryConfig defined - creating empty
2023-02-25 07:18:44.588 UTC [TRACE] steampipe-plugin-hackernews.plugin: [TRACE] no DefaultIgnoreConfig defined - creating empty
2023-02-25 07:18:44.588 UTC [TRACE] steampipe-plugin-hackernews.plugin: [TRACE] apply plugin defaults for DefaultRetryConfig
2023-02-25 07:18:44.588 UTC [TRACE] steampipe-plugin-hackernews.plugin: [TRACE] apply plugin defaults for DefaultIgnoreConfig, table &{<nil> <nil>} plugin &{<nil> <nil>}
2023-02-25 07:18:44.588 UTC [TRACE] steampipe-plugin-hackernews.plugin: [TRACE] DefaultRetryConfig:
2023-02-25 07:18:44.588 UTC [TRACE] steampipe-plugin-hackernews.plugin: [TRACE] DefaultIgnoreConfig:
2023-02-25 07:18:44.588 UTC [TRACE] steampipe-plugin-hackernews.plugin: [TRACE] t.List.initialise
2023-02-25 07:18:44.588 UTC [TRACE] steampipe-plugin-hackernews.plugin: [TRACE] ListConfig.initialise table hackernews_user
2023-02-25 07:18:44.588 UTC [TRACE] steampipe-plugin-hackernews.plugin: [TRACE] ListConfig.initialise complete: RetryConfig: , IgnoreConfig
2023-02-25 07:18:44.588 UTC [TRACE] steampipe-plugin-hackernews.plugin: [TRACE] back from initialiseHydrateConfigs
2023-02-25 07:18:44.588 UTC [TRACE] steampipe-plugin-hackernews.plugin: [TRACE] initialise table hackernews_user COMPLETE
2023-02-25 07:18:44.588 UTC [TRACE] steampipe-plugin-hackernews.plugin: [TRACE] initialise table hackernews_ask_hn
2023-02-25 07:18:44.588 UTC [TRACE] steampipe-plugin-hackernews.plugin: [TRACE] no DefaultRetryConfig defined - creating empty
2023-02-25 07:18:44.588 UTC [TRACE] steampipe-plugin-hackernews.plugin: [TRACE] no DefaultIgnoreConfig defined - creating empty
2023-02-25 07:18:44.588 UTC [TRACE] steampipe-plugin-hackernews.plugin: [TRACE] apply plugin defaults for DefaultRetryConfig
2023-02-25 07:18:44.589 UTC [TRACE] steampipe-plugin-hackernews.plugin: [TRACE] apply plugin defaults for DefaultIgnoreConfig, table &{<nil> <nil>} plugin &{<nil> <nil>}
2023-02-25 07:18:44.589 UTC [TRACE] steampipe-plugin-hackernews.plugin: [TRACE] DefaultRetryConfig:
2023-02-25 07:18:44.589 UTC [TRACE] steampipe-plugin-hackernews.plugin: [TRACE] DefaultIgnoreConfig:
2023-02-25 07:18:44.589 UTC [TRACE] steampipe-plugin-hackernews.plugin: [TRACE] t.Get.initialise
2023-02-25 07:18:44.589 UTC [TRACE] steampipe-plugin-hackernews.plugin: [TRACE] GetConfig.initialise table hackernews_ask_hn
2023-02-25 07:18:44.589 UTC [TRACE] steampipe-plugin-hackernews.plugin: [TRACE] GetConfig.initialise complete: RetryConfig: , IgnoreConfig:
2023-02-25 07:18:44.589 UTC [TRACE] steampipe-plugin-hackernews.plugin: [TRACE] t.List.initialise
2023-02-25 07:18:44.589 UTC [TRACE] steampipe-plugin-hackernews.plugin: [TRACE] ListConfig.initialise table hackernews_ask_hn
2023-02-25 07:18:44.589 UTC [TRACE] steampipe-plugin-hackernews.plugin: [TRACE] ListConfig.initialise complete: RetryConfig: , IgnoreConfig
2023-02-25 07:18:44.589 UTC [TRACE] steampipe-plugin-hackernews.plugin: [TRACE] HydrateConfig.initialise func getItem, table hackernews_ask_hn
2023-02-25 07:18:44.589 UTC [TRACE] steampipe-plugin-hackernews.plugin: [TRACE] HydrateConfig.initialise complete: RetryConfig: , IgnoreConfig:
2023-02-25 07:18:44.589 UTC [TRACE] steampipe-plugin-hackernews.plugin: [TRACE] back from initialiseHydrateConfigs
2023-02-25 07:18:44.589 UTC [TRACE] steampipe-plugin-hackernews.plugin: [TRACE] initialise table hackernews_ask_hn COMPLETE
2023-02-25 07:18:44.589 UTC [TRACE] steampipe-plugin-hackernews.plugin: [TRACE] initialise table hackernews_best
2023-02-25 07:18:44.589 UTC [TRACE] steampipe-plugin-hackernews.plugin: [TRACE] no DefaultRetryConfig defined - creating empty
2023-02-25 07:18:44.589 UTC [TRACE] steampipe-plugin-hackernews.plugin: [TRACE] no DefaultIgnoreConfig defined - creating empty
2023-02-25 07:18:44.589 UTC [TRACE] steampipe-plugin-hackernews.plugin: [TRACE] apply plugin defaults for DefaultRetryConfig
2023-02-25 07:18:44.589 UTC [TRACE] steampipe-plugin-hackernews.plugin: [TRACE] apply plugin defaults for DefaultIgnoreConfig, table &{<nil> <nil>} plugin &{<nil> <nil>}
2023-02-25 07:18:44.589 UTC [TRACE] steampipe-plugin-hackernews.plugin: [TRACE] DefaultRetryConfig:
2023-02-25 07:18:44.589 UTC [TRACE] steampipe-plugin-hackernews.plugin: [TRACE] DefaultIgnoreConfig:
2023-02-25 07:18:44.589 UTC [TRACE] steampipe-plugin-hackernews.plugin: [TRACE] t.Get.initialise
2023-02-25 07:18:44.589 UTC [TRACE] steampipe-plugin-hackernews.plugin: [TRACE] GetConfig.initialise table hackernews_best
2023-02-25 07:18:44.589 UTC [TRACE] steampipe-plugin-hackernews.plugin: [TRACE] GetConfig.initialise complete: RetryConfig: , IgnoreConfig:
2023-02-25 07:18:44.589 UTC [TRACE] steampipe-plugin-hackernews.plugin: [TRACE] t.List.initialise
2023-02-25 07:18:44.589 UTC [TRACE] steampipe-plugin-hackernews.plugin: [TRACE] ListConfig.initialise table hackernews_best
2023-02-25 07:18:44.589 UTC [TRACE] steampipe-plugin-hackernews.plugin: [TRACE] ListConfig.initialise complete: RetryConfig: , IgnoreConfig
2023-02-25 07:18:44.589 UTC [TRACE] steampipe-plugin-hackernews.plugin: [TRACE] HydrateConfig.initialise func getItem, table hackernews_best
2023-02-25 07:18:44.589 UTC [TRACE] steampipe-plugin-hackernews.plugin: [TRACE] HydrateConfig.initialise complete: RetryConfig: , IgnoreConfig:
2023-02-25 07:18:44.589 UTC [TRACE] steampipe-plugin-hackernews.plugin: [TRACE] back from initialiseHydrateConfigs
2023-02-25 07:18:44.589 UTC [TRACE] steampipe-plugin-hackernews.plugin: [TRACE] initialise table hackernews_best COMPLETE
2023-02-25 07:18:44.589 UTC [TRACE] steampipe-plugin-hackernews.plugin: [TRACE] initialise table hackernews_item
2023-02-25 07:18:44.589 UTC [TRACE] steampipe-plugin-hackernews.plugin: [TRACE] no DefaultRetryConfig defined - creating empty
2023-02-25 07:18:44.589 UTC [TRACE] steampipe-plugin-hackernews.plugin: [TRACE] no DefaultIgnoreConfig defined - creating empty
2023-02-25 07:18:44.589 UTC [TRACE] steampipe-plugin-hackernews.plugin: [TRACE] apply plugin defaults for DefaultRetryConfig
2023-02-25 07:18:44.589 UTC [TRACE] steampipe-plugin-hackernews.plugin: [TRACE] apply plugin defaults for DefaultIgnoreConfig, table &{<nil> <nil>} plugin &{<nil> <nil>}
2023-02-25 07:18:44.589 UTC [TRACE] steampipe-plugin-hackernews.plugin: [TRACE] DefaultRetryConfig:
2023-02-25 07:18:44.589 UTC [TRACE] steampipe-plugin-hackernews.plugin: [TRACE] DefaultIgnoreConfig:
2023-02-25 07:18:44.589 UTC [TRACE] steampipe-plugin-hackernews.plugin: [TRACE] t.Get.initialise
2023-02-25 07:18:44.589 UTC [TRACE] steampipe-plugin-hackernews.plugin: [TRACE] GetConfig.initialise table hackernews_item
2023-02-25 07:18:44.589 UTC [TRACE] steampipe-plugin-hackernews.plugin: [TRACE] GetConfig.initialise complete: RetryConfig: , IgnoreConfig:
2023-02-25 07:18:44.589 UTC [TRACE] steampipe-plugin-hackernews.plugin: [TRACE] t.List.initialise
2023-02-25 07:18:44.589 UTC [TRACE] steampipe-plugin-hackernews.plugin: [TRACE] ListConfig.initialise table hackernews_item
2023-02-25 07:18:44.589 UTC [TRACE] steampipe-plugin-hackernews.plugin: [TRACE] ListConfig.initialise complete: RetryConfig: , IgnoreConfig
2023-02-25 07:18:44.589 UTC [TRACE] steampipe-plugin-hackernews.plugin: [TRACE] HydrateConfig.initialise func getItem, table hackernews_item
2023-02-25 07:18:44.589 UTC [TRACE] steampipe-plugin-hackernews.plugin: [TRACE] HydrateConfig.initialise complete: RetryConfig: , IgnoreConfig:
2023-02-25 07:18:44.589 UTC [TRACE] steampipe-plugin-hackernews.plugin: [TRACE] back from initialiseHydrateConfigs
2023-02-25 07:18:44.589 UTC [TRACE] steampipe-plugin-hackernews.plugin: [TRACE] initialise table hackernews_item COMPLETE
2023-02-25 07:18:44.589 UTC [TRACE] steampipe-plugin-hackernews.plugin: [TRACE] initialise table hackernews_job
2023-02-25 07:18:44.589 UTC [TRACE] steampipe-plugin-hackernews.plugin: [TRACE] no DefaultRetryConfig defined - creating empty
2023-02-25 07:18:44.589 UTC [TRACE] steampipe-plugin-hackernews.plugin: [TRACE] no DefaultIgnoreConfig defined - creating empty
2023-02-25 07:18:44.589 UTC [TRACE] steampipe-plugin-hackernews.plugin: [TRACE] apply plugin defaults for DefaultRetryConfig
2023-02-25 07:18:44.589 UTC [TRACE] steampipe-plugin-hackernews.plugin: [TRACE] apply plugin defaults for DefaultIgnoreConfig, table &{<nil> <nil>} plugin &{<nil> <nil>}
2023-02-25 07:18:44.589 UTC [TRACE] steampipe-plugin-hackernews.plugin: [TRACE] DefaultRetryConfig:
2023-02-25 07:18:44.589 UTC [TRACE] steampipe-plugin-hackernews.plugin: [TRACE] DefaultIgnoreConfig:
2023-02-25 07:18:44.589 UTC [TRACE] steampipe-plugin-hackernews.plugin: [TRACE] t.Get.initialise
2023-02-25 07:18:44.589 UTC [TRACE] steampipe-plugin-hackernews.plugin: [TRACE] GetConfig.initialise table hackernews_job
2023-02-25 07:18:44.589 UTC [TRACE] steampipe-plugin-hackernews.plugin: [TRACE] GetConfig.initialise complete: RetryConfig: , IgnoreConfig:
2023-02-25 07:18:44.589 UTC [TRACE] steampipe-plugin-hackernews.plugin: [TRACE] t.List.initialise
2023-02-25 07:18:44.589 UTC [TRACE] steampipe-plugin-hackernews.plugin: [TRACE] ListConfig.initialise table hackernews_job
2023-02-25 07:18:44.589 UTC [TRACE] steampipe-plugin-hackernews.plugin: [TRACE] ListConfig.initialise complete: RetryConfig: , IgnoreConfig
2023-02-25 07:18:44.589 UTC [TRACE] steampipe-plugin-hackernews.plugin: [TRACE] HydrateConfig.initialise func getItem, table hackernews_job
2023-02-25 07:18:44.589 UTC [TRACE] steampipe-plugin-hackernews.plugin: [TRACE] HydrateConfig.initialise complete: RetryConfig: , IgnoreConfig:
2023-02-25 07:18:44.589 UTC [TRACE] steampipe-plugin-hackernews.plugin: [TRACE] back from initialiseHydrateConfigs
2023-02-25 07:18:44.589 UTC [TRACE] steampipe-plugin-hackernews.plugin: [TRACE] initialise table hackernews_job COMPLETE
2023-02-25 07:18:44.589 UTC [TRACE] steampipe-plugin-hackernews.plugin: [TRACE] initialise table hackernews_new
2023-02-25 07:18:44.589 UTC [TRACE] steampipe-plugin-hackernews.plugin: [TRACE] no DefaultRetryConfig defined - creating empty
2023-02-25 07:18:44.589 UTC [TRACE] steampipe-plugin-hackernews.plugin: [TRACE] no DefaultIgnoreConfig defined - creating empty
2023-02-25 07:18:44.589 UTC [TRACE] steampipe-plugin-hackernews.plugin: [TRACE] apply plugin defaults for DefaultRetryConfig
2023-02-25 07:18:44.589 UTC [TRACE] steampipe-plugin-hackernews.plugin: [TRACE] apply plugin defaults for DefaultIgnoreConfig, table &{<nil> <nil>} plugin &{<nil> <nil>}
2023-02-25 07:18:44.589 UTC [TRACE] steampipe-plugin-hackernews.plugin: [TRACE] DefaultRetryConfig:
2023-02-25 07:18:44.589 UTC [TRACE] steampipe-plugin-hackernews.plugin: [TRACE] DefaultIgnoreConfig:
2023-02-25 07:18:44.589 UTC [TRACE] steampipe-plugin-hackernews.plugin: [TRACE] t.Get.initialise
2023-02-25 07:18:44.589 UTC [TRACE] steampipe-plugin-hackernews.plugin: [TRACE] GetConfig.initialise table hackernews_new
2023-02-25 07:18:44.589 UTC [TRACE] steampipe-plugin-hackernews.plugin: [TRACE] GetConfig.initialise complete: RetryConfig: , IgnoreConfig:
2023-02-25 07:18:44.589 UTC [TRACE] steampipe-plugin-hackernews.plugin: [TRACE] t.List.initialise
2023-02-25 07:18:44.589 UTC [TRACE] steampipe-plugin-hackernews.plugin: [TRACE] ListConfig.initialise table hackernews_new
2023-02-25 07:18:44.589 UTC [TRACE] steampipe-plugin-hackernews.plugin: [TRACE] ListConfig.initialise complete: RetryConfig: , IgnoreConfig
2023-02-25 07:18:44.589 UTC [TRACE] steampipe-plugin-hackernews.plugin: [TRACE] HydrateConfig.initialise func getItem, table hackernews_new
2023-02-25 07:18:44.589 UTC [TRACE] steampipe-plugin-hackernews.plugin: [TRACE] HydrateConfig.initialise complete: RetryConfig: , IgnoreConfig:
2023-02-25 07:18:44.589 UTC [TRACE] steampipe-plugin-hackernews.plugin: [TRACE] back from initialiseHydrateConfigs
2023-02-25 07:18:44.589 UTC [TRACE] steampipe-plugin-hackernews.plugin: [TRACE] initialise table hackernews_new COMPLETE
2023-02-25 07:18:44.589 UTC [TRACE] steampipe-plugin-hackernews.plugin: [TRACE] initialise table hackernews_show_hn
2023-02-25 07:18:44.589 UTC [TRACE] steampipe-plugin-hackernews.plugin: [TRACE] no DefaultRetryConfig defined - creating empty
2023-02-25 07:18:44.589 UTC [TRACE] steampipe-plugin-hackernews.plugin: [TRACE] no DefaultIgnoreConfig defined - creating empty
2023-02-25 07:18:44.589 UTC [TRACE] steampipe-plugin-hackernews.plugin: [TRACE] apply plugin defaults for DefaultRetryConfig
2023-02-25 07:18:44.589 UTC [TRACE] steampipe-plugin-hackernews.plugin: [TRACE] apply plugin defaults for DefaultIgnoreConfig, table &{<nil> <nil>} plugin &{<nil> <nil>}
2023-02-25 07:18:44.589 UTC [TRACE] steampipe-plugin-hackernews.plugin: [TRACE] DefaultRetryConfig:
2023-02-25 07:18:44.589 UTC [TRACE] steampipe-plugin-hackernews.plugin: [TRACE] DefaultIgnoreConfig:
2023-02-25 07:18:44.589 UTC [TRACE] steampipe-plugin-hackernews.plugin: [TRACE] t.Get.initialise
2023-02-25 07:18:44.589 UTC [TRACE] steampipe-plugin-hackernews.plugin: [TRACE] GetConfig.initialise table hackernews_show_hn
2023-02-25 07:18:44.589 UTC [TRACE] steampipe-plugin-hackernews.plugin: [TRACE] GetConfig.initialise complete: RetryConfig: , IgnoreConfig:
2023-02-25 07:18:44.589 UTC [TRACE] steampipe-plugin-hackernews.plugin: [TRACE] t.List.initialise
2023-02-25 07:18:44.589 UTC [TRACE] steampipe-plugin-hackernews.plugin: [TRACE] ListConfig.initialise table hackernews_show_hn
2023-02-25 07:18:44.589 UTC [TRACE] steampipe-plugin-hackernews.plugin: [TRACE] ListConfig.initialise complete: RetryConfig: , IgnoreConfig
2023-02-25 07:18:44.589 UTC [TRACE] steampipe-plugin-hackernews.plugin: [TRACE] HydrateConfig.initialise func getItem, table hackernews_show_hn
2023-02-25 07:18:44.589 UTC [TRACE] steampipe-plugin-hackernews.plugin: [TRACE] HydrateConfig.initialise complete: RetryConfig: , IgnoreConfig:
2023-02-25 07:18:44.589 UTC [TRACE] steampipe-plugin-hackernews.plugin: [TRACE] back from initialiseHydrateConfigs
2023-02-25 07:18:44.589 UTC [TRACE] steampipe-plugin-hackernews.plugin: [TRACE] initialise table hackernews_show_hn COMPLETE
2023-02-25 07:18:44.589 UTC [TRACE] steampipe-plugin-hackernews.plugin: [TRACE] initialise table hackernews_top
2023-02-25 07:18:44.589 UTC [TRACE] steampipe-plugin-hackernews.plugin: [TRACE] no DefaultRetryConfig defined - creating empty
2023-02-25 07:18:44.589 UTC [TRACE] steampipe-plugin-hackernews.plugin: [TRACE] no DefaultIgnoreConfig defined - creating empty
2023-02-25 07:18:44.589 UTC [TRACE] steampipe-plugin-hackernews.plugin: [TRACE] apply plugin defaults for DefaultRetryConfig
2023-02-25 07:18:44.589 UTC [TRACE] steampipe-plugin-hackernews.plugin: [TRACE] apply plugin defaults for DefaultIgnoreConfig, table &{<nil> <nil>} plugin &{<nil> <nil>}
2023-02-25 07:18:44.589 UTC [TRACE] steampipe-plugin-hackernews.plugin: [TRACE] DefaultRetryConfig:
2023-02-25 07:18:44.589 UTC [TRACE] steampipe-plugin-hackernews.plugin: [TRACE] DefaultIgnoreConfig:
2023-02-25 07:18:44.589 UTC [TRACE] steampipe-plugin-hackernews.plugin: [TRACE] t.Get.initialise
2023-02-25 07:18:44.589 UTC [TRACE] steampipe-plugin-hackernews.plugin: [TRACE] GetConfig.initialise table hackernews_top
2023-02-25 07:18:44.589 UTC [TRACE] steampipe-plugin-hackernews.plugin: [TRACE] GetConfig.initialise complete: RetryConfig: , IgnoreConfig:
2023-02-25 07:18:44.589 UTC [TRACE] steampipe-plugin-hackernews.plugin: [TRACE] t.List.initialise
2023-02-25 07:18:44.589 UTC [TRACE] steampipe-plugin-hackernews.plugin: [TRACE] ListConfig.initialise table hackernews_top
2023-02-25 07:18:44.589 UTC [TRACE] steampipe-plugin-hackernews.plugin: [TRACE] ListConfig.initialise complete: RetryConfig: , IgnoreConfig
2023-02-25 07:18:44.589 UTC [TRACE] steampipe-plugin-hackernews.plugin: [TRACE] HydrateConfig.initialise func getItem, table hackernews_top
2023-02-25 07:18:44.589 UTC [TRACE] steampipe-plugin-hackernews.plugin: [TRACE] HydrateConfig.initialise complete: RetryConfig: , IgnoreConfig:
2023-02-25 07:18:44.589 UTC [TRACE] steampipe-plugin-hackernews.plugin: [TRACE] back from initialiseHydrateConfigs
2023-02-25 07:18:44.589 UTC [TRACE] steampipe-plugin-hackernews.plugin: [TRACE] initialise table hackernews_top COMPLETE
2023-02-25 07:18:44.589 UTC [TRACE] steampipe-plugin-hackernews.plugin: [TRACE] validate plugin steampipe-plugin-hackernews, required columns []
2023-02-25 07:18:44.589 UTC [TRACE] steampipe-plugin-hackernews.plugin: [TRACE] validate DefaultRetryConfig
2023-02-25 07:18:44.589 UTC [TRACE] steampipe-plugin-hackernews.plugin: [TRACE] validate DefaultIgnoreConfig
2023-02-25 07:18:44.589 UTC [TRACE] steampipe-plugin-hackernews.plugin: [TRACE] validate table names
2023-02-25 07:18:44.589 UTC [TRACE] steampipe-plugin-hackernews.plugin: [TRACE] plugin has 0 validation errors
2023-02-25 07:18:44.589 UTC [TRACE] steampipe-plugin-hackernews.plugin: [TRACE] Plugin ensureCache creating cache, maxCacheStorageMb 0
2023-02-25 07:18:44.589 UTC [TRACE] steampipe-plugin-hackernews.plugin: [TRACE] createCacheStore for plugin 'steampipe-plugin-hackernews' setting max size to 0Mb, Shards: 2, max shard size: 0
2023-02-25 07:18:44.601 UTC [INFO]  steampipe-plugin-hackernews.plugin: [INFO]  query cache created
2023-02-25 07:18:44.601 UTC [DEBUG] steampipe-plugin-hackernews.plugin: [DEBUG] SetAllConnectionConfigs finished
2023-02-25 07:18:44.601 UTC [TRACE] PluginManager getPlugin complete, returning reattach config with PID: 1961
2023-02-25 07:18:44.601 UTC [TRACE] PluginManager Get returning reattach_map:{key:"hackernews"  value:{protocol:"grpc"  addr:{Network:"unix"  Address:"/tmp/plugin3196911230"}  pid:1961  supported_operations:{query_cache:true  multiple_connections:true}  connections:"hackernews"  plugin:"hub.steampipe.io/plugins/turbot/hackernews@latest"}}
2023-02-25 07:18:44.608 UTC [INFO]  steampipe-plugin-hackernews.plugin: [INFO]  1677309524818: Plugin Execute (1677309524818)
2023-02-25 07:18:44.608 UTC [TRACE] steampipe-plugin-hackernews.plugin: [TRACE] 1677309524818: No memory limit set
2023-02-25 07:18:44.608 UTC [INFO]  steampipe-plugin-hackernews.plugin: [INFO]  1677309524818: Plugin Execute, setting memory limit to -1Mb
2023-02-25 07:18:44.608 UTC [TRACE] steampipe-plugin-hackernews.plugin: [TRACE] 1677309524818: calling ExtractContextFromCarrier
2023-02-25 07:18:44.608 UTC [INFO]  steampipe-plugin-hackernews.plugin: [INFO]  1677309524818: Setting max concurrent connections to 25
2023-02-25 07:18:44.608 UTC [TRACE] steampipe-plugin-hackernews.plugin: [TRACE] 1677309524818: executeForConnection callId: 1677309524818, connectionCallId: hackernews-1677309524818, connection: hackernews table: hackernews_new cols: id,title,time,by,score,dead,deleted,descendants,kids,parent,parts,poll,text,type,url,_ctx
2023-02-25 07:18:44.608 UTC [TRACE] steampipe-plugin-hackernews.plugin: [TRACE] 1677309524818: got connection data
2023-02-25 07:18:44.608 UTC [TRACE] steampipe-plugin-hackernews.plugin: [TRACE] 1677309524818: Got query context, table: hackernews_new, cols: [id title time by score dead deleted descendants kids parent parts poll text type url _ctx]
2023-02-25 07:18:44.608 UTC [TRACE] steampipe-plugin-hackernews.plugin: [TRACE] 1677309524818: Start execute span
2023-02-25 07:18:44.608 UTC [INFO]  steampipe-plugin-hackernews.plugin: [INFO]  1677309524818: Setting free memory interval to 100 rows
2023-02-25 07:18:44.608 UTC [TRACE] steampipe-plugin-hackernews.plugin: [TRACE] 1677309524818: setFetchType map[time:quals:{fieldName:"time"  string_value:">"  value:{timestamp_value:{seconds:1677305924  nanos:487513000}}}]
2023-02-25 07:18:44.609 UTC [TRACE] steampipe-plugin-hackernews.plugin: [TRACE] 1677309524818: getMatchingQuals column:'id' operator: =
2023-02-25 07:18:44.609 UTC [TRACE] steampipe-plugin-hackernews.plugin: [TRACE] 1677309524818: getMatchingQuals returning false - qualMap does not contain any quals for column id
2023-02-25 07:18:44.610 UTC [TRACE] steampipe-plugin-hackernews.plugin: [TRACE] 1677309524818: GetUnsatisfiedKeyColumns for columns column:'id' operator: =
2023-02-25 07:18:44.610 UTC [TRACE] steampipe-plugin-hackernews.plugin: [TRACE] 1677309524818: key column NOT satisfied column:'id' operator: =
2023-02-25 07:18:44.610 UTC [TRACE] steampipe-plugin-hackernews.plugin: [TRACE] 1677309524818: satisfied: map[any_of: optional: required:]
2023-02-25 07:18:44.611 UTC [TRACE] steampipe-plugin-hackernews.plugin: [TRACE] 1677309524818: unsatisfied: map[any_of: optional: required:column:'id' operator: =]
2023-02-25 07:18:44.612 UTC [TRACE] steampipe-plugin-hackernews.plugin: [TRACE] 1677309524818: unsatisfied required KeyColumns: column:'id' operator: =
2023-02-25 07:18:44.612 UTC [TRACE] steampipe-plugin-hackernews.plugin: [TRACE] 1677309524818: Set fetchType to fetchTypeList
2023-02-25 07:18:44.612 UTC [TRACE] steampipe-plugin-hackernews.plugin: [TRACE] 1677309524818: Equals key column quals:
2023-02-25 07:18:44.612 UTC [DEBUG] steampipe-plugin-hackernews.plugin: {}
2023-02-25 07:18:44.612 UTC [TRACE] steampipe-plugin-hackernews.plugin: [TRACE] 1677309524818: All key column quals:
2023-02-25 07:18:44.612 UTC [DEBUG] steampipe-plugin-hackernews.plugin: {}
2023-02-25 07:18:44.612 UTC [TRACE] steampipe-plugin-hackernews.plugin: [TRACE] 1677309524818: GetMatrixItem
2023-02-25 07:18:44.612 UTC [TRACE] steampipe-plugin-hackernews.plugin: [TRACE] 1677309524818: creating query data
2023-02-25 07:18:44.612 UTC [INFO]  steampipe-plugin-hackernews.plugin: [INFO]  1677309524818: cacheEnabled, trying cache get (hackernews-1677309524818)
2023-02-25 07:18:44.612 UTC [TRACE] steampipe-plugin-hackernews.plugin: [TRACE] 1677309524818: QueryCache Get - indexBucketKey index__hackernewshackernews_new, quals
2023-02-25 07:18:44.612 UTC [TRACE] steampipe-plugin-hackernews.plugin: [TRACE] 1677309524818: QueryCache getCachedQueryResult - table hackernews_new, connectionName hackernews
2023-02-25 07:18:44.612 UTC [TRACE] steampipe-plugin-hackernews.plugin: [TRACE] 1677309524818: index bucket key: index__hackernewshackernews_new ttlSeconds 300 limit: -1
2023-02-25 07:18:44.612 UTC [TRACE] steampipe-plugin-hackernews.plugin: [TRACE] 1677309524818: doGet cache miss
2023-02-25 07:18:44.612 UTC [TRACE] steampipe-plugin-hackernews.plugin: [TRACE] 1677309524818: getCachedIndexBucket - no item retrieved for cache key index__hackernewshackernews_new
2023-02-25 07:18:44.612 UTC [TRACE] steampipe-plugin-hackernews.plugin: [TRACE] 1677309524818: getCachedQueryResult returned CACHE MISS - checking for pending transfers
2023-02-25 07:18:44.612 UTC [TRACE] steampipe-plugin-hackernews.plugin: [TRACE] 1677309524818: getPendingResultItem indexBucketKey index__hackernewshackernews_new, columns [id title time by score dead deleted descendants kids parent parts poll text type url _ctx], limit -1
2023-02-25 07:18:44.612 UTC [TRACE] steampipe-plugin-hackernews.plugin: [TRACE] 1677309524818: no pending index item - add pending result, indexBucketKey index__hackernewshackernews_new
2023-02-25 07:18:44.612 UTC [TRACE] steampipe-plugin-hackernews.plugin: [TRACE] 1677309524818: addPendingResult (hackernews-1677309524818) indexBucketKey index__hackernewshackernews_new, columns [id title time by score dead deleted descendants kids parent parts poll text type url _ctx], limit -1
2023-02-25 07:18:44.612 UTC [TRACE] steampipe-plugin-hackernews.plugin: [TRACE] 1677309524818: no index bucket found - creating one
2023-02-25 07:18:44.612 UTC [TRACE] steampipe-plugin-hackernews.plugin: [TRACE] 1677309524818: pendingIndexItem Lock count before 0
2023-02-25 07:18:44.612 UTC [TRACE] steampipe-plugin-hackernews.plugin: [TRACE] 1677309524818: addPendingResult added pending index item to bucket, (hackernews-1677309524818) indexBucketKey index__hackernewshackernews_new, resultKeyRoot hackernewshackernews_newid,title,time,by,score,dead,deleted,descendants,kids,parent,parts,poll,text,type,url,_ctx-1, pending item : 0xc00044ecf0
2023-02-25 07:18:44.612 UTC [TRACE] steampipe-plugin-hackernews.plugin: [TRACE] 1677309524818: **** pending items (hackernews-1677309524818)****
2023-02-25 07:18:44.612 UTC [TRACE] steampipe-plugin-hackernews.plugin: [TRACE] 1677309524818: key: index__hackernewshackernews_new: item: 0xc00044ecf0, count: 1, key:hackernewshackernews_newid,title,time,by,score,dead,deleted,descendants,kids,parent,parts,poll,text,type,url,_ctx-1
2023-02-25 07:18:44.612 UTC [TRACE] steampipe-plugin-hackernews.plugin: [TRACE] 1677309524818: ********
2023-02-25 07:18:44.612 UTC [TRACE] steampipe-plugin-hackernews.plugin: [TRACE] 1677309524818: getPendingResultItem returning <nil>
2023-02-25 07:18:44.612 UTC [INFO]  steampipe-plugin-hackernews.plugin: [INFO]  1677309524818: CACHE MISS
2023-02-25 07:18:44.612 UTC [TRACE] steampipe-plugin-hackernews.plugin: [TRACE] 1677309524818: cache MISS
2023-02-25 07:18:44.612 UTC [INFO]  steampipe-plugin-hackernews.plugin: [INFO]  1677309524818: queryCacheGet returned CACHE MISS (hackernews-1677309524818)
2023-02-25 07:18:44.612 UTC [TRACE] steampipe-plugin-hackernews.plugin: [TRACE] 1677309524818: StartSet (hackernews-1677309524818)
2023-02-25 07:18:44.612 UTC [TRACE] steampipe-plugin-hackernews.plugin: [TRACE] 1677309524818: calling fetchItems, table: hackernews_new, matrixItem: [], limit: -1,  connectionCallId: hackernews-1677309524818"
2023-02-25 07:18:44.612 UTC [TRACE] steampipe-plugin-hackernews.plugin: [TRACE] 1677309524818: buildRowsAsync connectionCallId: hackernews-1677309524818
2023-02-25 07:18:44.612 UTC [TRACE] steampipe-plugin-hackernews.plugin: [TRACE] 1677309524818: streamRows connectionCallId: hackernews-1677309524818
2023-02-25 07:18:44.612 UTC [TRACE] steampipe-plugin-hackernews.plugin: [TRACE] 1677309524818: QueryData streamRows (hackernews-1677309524818)
2023-02-25 07:18:44.612 UTC [TRACE] steampipe-plugin-hackernews.plugin: [TRACE] 1677309524818: executeListCall START (hackernews-1677309524818)
2023-02-25 07:18:44.612 UTC [TRACE] steampipe-plugin-hackernews.plugin: [TRACE] 1677309524818: GetUnsatisfiedKeyColumns for columns
2023-02-25 07:18:44.612 UTC [TRACE] steampipe-plugin-hackernews.plugin: [TRACE] 1677309524818: doList (hackernews-1677309524818)
2023-02-25 07:18:44.612 UTC [TRACE] steampipe-plugin-hackernews.plugin: [TRACE] 1677309524818: doList: no matrix item
2023-02-25 07:18:44.798 UTC [TRACE] stdio: received data: channel=STDOUT len=18
2023-02-25 07:18:44.798 UTC [TRACE] stdio: waiting for stdio data
2023-02-25 07:18:44.812 UTC [TRACE] steampipe-plugin-hackernews.plugin: [TRACE] 1677309524818: QueryData.fetchComplete
2023-02-25 07:18:44.812 UTC [TRACE] steampipe-plugin-hackernews.plugin: [TRACE] 1677309524818: executeListCall COMPLETE (hackernews-1677309524818)
2023-02-25 07:18:44.812 UTC [TRACE] steampipe-plugin-hackernews.plugin: [TRACE] 1677309524818: rowData chan returned nil - wait for rows to complete (hackernews-1677309524818)
2023-02-25 07:18:44.924 UTC [TRACE] stdio: received data: channel=STDOUT len=997
2023-02-25 07:18:44.924 UTC [TRACE] stdio: waiting for stdio data
2023-02-25 07:18:44.945 UTC [TRACE] stdio: received data: channel=STDOUT len=398
2023-02-25 07:18:44.945 UTC [TRACE] stdio: waiting for stdio data
2023-02-25 07:18:44.958 UTC [TRACE] stdio: received data: channel=STDOUT len=1013
2023-02-25 07:18:44.958 UTC [TRACE] stdio: waiting for stdio data
2023-02-25 07:18:45.020 UTC [TRACE] stdio: received data: channel=STDOUT len=116
2023-02-25 07:18:45.020 UTC [TRACE] stdio: waiting for stdio data
2023-02-25 07:18:45.044 UTC [TRACE] stdio: received data: channel=STDOUT len=1024
2023-02-25 07:18:45.044 UTC [TRACE] stdio: waiting for stdio data
2023-02-25 07:18:45.143 UTC [TRACE] stdio: received data: channel=STDOUT len=322
2023-02-25 07:18:45.143 UTC [TRACE] stdio: waiting for stdio data
2023-02-25 07:18:45.163 UTC [TRACE] stdio: received data: channel=STDOUT len=1024
2023-02-25 07:18:45.163 UTC [TRACE] stdio: waiting for stdio data
2023-02-25 07:18:45.163 UTC [TRACE] stdio: received data: channel=STDOUT len=38
2023-02-25 07:18:45.163 UTC [TRACE] stdio: waiting for stdio data
2023-02-25 07:18:45.164 UTC [TRACE] stdio: received data: channel=STDOUT len=19
2023-02-25 07:18:45.164 UTC [TRACE] stdio: waiting for stdio data
2023-02-25 07:18:45.164 UTC [TRACE] steampipe-plugin-hackernews.plugin: [TRACE] 1677309524818: buildRowsAsync goroutine returning (hackernews-1677309524818)
2023-02-25 07:18:45.165 UTC [TRACE] steampipe-plugin-hackernews.plugin: [TRACE] 1677309524818: streamRows - nil row, stop streaming (hackernews-1677309524818)
2023-02-25 07:18:45.165 UTC [TRACE] steampipe-plugin-hackernews.plugin: [TRACE] 1677309524818: ------------------------------------
2023-02-25 07:18:45.165 UTC [TRACE] steampipe-plugin-hackernews.plugin: [TRACE] 1677309524818: Concurrency Summary
2023-02-25 07:18:45.165 UTC [TRACE] steampipe-plugin-hackernews.plugin: [TRACE] 1677309524818: ------------------------------------
2023-02-25 07:18:45.165 UTC [TRACE] steampipe-plugin-hackernews.plugin: [TRACE] 1677309524818: getItem                       : 200
2023-02-25 07:18:45.165 UTC [TRACE] steampipe-plugin-hackernews.plugin: [TRACE] 1677309524818: ------------------------------------
2023-02-25 07:18:45.165 UTC [TRACE] steampipe-plugin-hackernews.plugin: [TRACE] 1677309524818: Total                         : 200
2023-02-25 07:18:45.165 UTC [TRACE] steampipe-plugin-hackernews.plugin: [TRACE] 1677309524818: ------------------------------------
2023-02-25 07:18:45.165 UTC [TRACE] steampipe-plugin-hackernews.plugin: [TRACE] 1677309524818: QueryData streamRows DONE (hackernews-1677309524818)
2023-02-25 07:18:45.165 UTC [TRACE] steampipe-plugin-hackernews.plugin: [TRACE] 1677309524818: EndSet (hackernews-1677309524818) table hackernews_new
2023-02-25 07:18:45.165 UTC [TRACE] steampipe-plugin-hackernews.plugin: [TRACE] 1677309524818: QueryCache writePageToCache: 500 rows, pageCount 1, page key hackernewshackernews_newid,title,time,by,score,dead,deleted,descendants,kids,parent,parts,poll,text,type,url,_ctx-1-0
2023-02-25 07:18:45.174 UTC [TRACE] steampipe-plugin-hackernews.plugin: [TRACE] 1677309524818: writePageToCache Set - result written
2023-02-25 07:18:45.174 UTC [TRACE] steampipe-plugin-hackernews.plugin: [TRACE] 1677309524818: QueryCache EndSet - result written
2023-02-25 07:18:45.174 UTC [TRACE] steampipe-plugin-hackernews.plugin: [TRACE] 1677309524818: doGet cache miss
2023-02-25 07:18:45.174 UTC [TRACE] steampipe-plugin-hackernews.plugin: [TRACE] 1677309524818: getCachedIndexBucket - no item retrieved for cache key index__hackernewshackernews_new
2023-02-25 07:18:45.174 UTC [TRACE] steampipe-plugin-hackernews.plugin: [TRACE] 1677309524818: getCachedIndexBucket returned cache miss
2023-02-25 07:18:45.174 UTC [TRACE] steampipe-plugin-hackernews.plugin: [TRACE] 1677309524818: QueryCache EndSet - Added index item (0xc01ab0c8a0) to bucket (0xc01aa2d290), page count 1,  key root hackernewshackernews_newid,title,time,by,score,dead,deleted,descendants,kids,parent,parts,poll,text,type,url,_ctx-1
2023-02-25 07:18:45.174 UTC [TRACE] steampipe-plugin-hackernews.plugin: [TRACE] 1677309524818: cacheSetIndexBucket index__hackernewshackernews_new
2023-02-25 07:18:45.174 UTC [TRACE] steampipe-plugin-hackernews.plugin: [TRACE] 1677309524818: QueryCache EndSet - IndexBucket written
2023-02-25 07:18:45.174 UTC [TRACE] steampipe-plugin-hackernews.plugin: [TRACE] 1677309524818: EndSet DEFER (hackernews-1677309524818) table hackernews_new
2023-02-25 07:18:45.174 UTC [TRACE] steampipe-plugin-hackernews.plugin: [TRACE] 1677309524818: calling pendingItemComplete (hackernews-1677309524818)
2023-02-25 07:18:45.174 UTC [TRACE] steampipe-plugin-hackernews.plugin: [TRACE] 1677309524818: pendingItemComplete (hackernews-1677309524818) indexBucketKey index__hackernewshackernews_new, columns [id title time by score dead deleted descendants kids parent parts poll text type url _ctx], limit -1
2023-02-25 07:18:45.174 UTC [TRACE] steampipe-plugin-hackernews.plugin: [TRACE] 1677309524818: got pending index bucket, (hackernews-1677309524818) len 1
2023-02-25 07:18:45.174 UTC [TRACE] steampipe-plugin-hackernews.plugin: [TRACE] 1677309524818: SatisfiesLimit limit -1, no item limit - satisfied
2023-02-25 07:18:45.174 UTC [TRACE] steampipe-plugin-hackernews.plugin: [TRACE] 1677309524818: found pending index item to satisfy columns id,title,time,by,score,dead,deleted,descendants,kids,parent,parts,poll,text,type,url,_ctx, limit -1
2023-02-25 07:18:45.174 UTC [TRACE] steampipe-plugin-hackernews.plugin: [TRACE] 1677309524818: found completed pending item (hackernews-1677309524818) 0xc00044ecf0, key hackernewshackernews_newid,title,time,by,score,dead,deleted,descendants,kids,parent,parts,poll,text,type,url,_ctx-1 - removing from map as it is complete
2023-02-25 07:18:45.174 UTC [TRACE] steampipe-plugin-hackernews.plugin: [TRACE] 1677309524818: pendingIndexItem Unlock count before 1 key hackernewshackernews_newid,title,time,by,score,dead,deleted,descendants,kids,parent,parts,poll,text,type,url,_ctx-1
2023-02-25 07:18:45.174 UTC [TRACE] steampipe-plugin-hackernews.plugin: [TRACE] 1677309524818: deleted from pending, (hackernews-1677309524818) len 0
2023-02-25 07:18:45.174 UTC [TRACE] steampipe-plugin-hackernews.plugin: [TRACE] 1677309524818: pending bucket now empty - deleting key index__hackernewshackernews_new
2023-02-25 07:18:45.174 UTC [TRACE] steampipe-plugin-hackernews.plugin: [TRACE] 1677309524818: pendingItemComplete done (hackernews-1677309524818)
2023-02-25 07:18:45.174 UTC [TRACE] steampipe-plugin-hackernews.plugin: [TRACE] 1677309524818: cache set succeeded
2023-02-25 07:18:45.174 UTC [TRACE] steampipe-plugin-hackernews.plugin: [TRACE] 1677309524818: End execute span
2023-02-25 07:18:45.174 UTC [TRACE] steampipe-plugin-hackernews.plugin: [TRACE] 1677309524818: executeForConnection DEFER (hackernews-1677309524818)
2023-02-25 07:18:45.174 UTC [TRACE] steampipe-plugin-hackernews.plugin: [TRACE] 1677309524818: Execute complete callId: hackernews-1677309524818 table: hackernews_new
2023-02-25 07:18:45.174 UTC [TRACE] steampipe-plugin-hackernews.plugin: [TRACE] 1677309524818: executeForConnection hackernews returned
2023-02-25 07:18:45.174 UTC [TRACE] steampipe-plugin-hackernews.plugin: [TRACE] 1677309524818: output wg complete - send nil row
2023-02-25 07:18:45.174 UTC [TRACE] steampipe-plugin-hackernews.plugin: [TRACE] 1677309524818: empty row on output channel - we are done
2023-02-25 07:18:45.174 UTC [INFO]  steampipe-plugin-hackernews.plugin: [INFO]  1677309524818: Plugin Execute complete (1677309524818)
2023-02-25 07:18:45.202 UTC [TRACE] PluginManager Shutdown
2023-02-25 07:18:45.202 UTC [TRACE] killing plugin csv (1938)
2023-02-25 07:18:45.204 UTC [DEBUG] stdio: received EOF, stopping recv loop: err="rpc error: code = Unavailable desc = error reading from server: EOF"
2023-02-25 07:18:45.204 UTC [TRACE] steampipe-plugin-csv.plugin: [TRACE] FLUSHING instrumentation
2023-02-25 07:18:45.204 UTC [TRACE] steampipe-plugin-csv.plugin: [TRACE] Shutdown instrumentation
2023-02-25 07:18:45.204 UTC [INFO]  plugin process exited: path=/home/runner/.steampipe/plugins/hub.steampipe.io/plugins/turbot/csv@latest/steampipe-plugin-csv.plugin pid=1938
2023-02-25 07:18:45.204 UTC [DEBUG] plugin exited
2023-02-25 07:18:45.204 UTC [TRACE] killing plugin hackernews (1961)
2023-02-25 07:18:45.211 UTC [DEBUG] stdio: received EOF, stopping recv loop: err="rpc error: code = Unavailable desc = error reading from server: EOF"
2023-02-25 07:18:45.211 UTC [TRACE] steampipe-plugin-hackernews.plugin: [TRACE] 1677309524818: FLUSHING instrumentation
2023-02-25 07:18:45.211 UTC [TRACE] steampipe-plugin-hackernews.plugin: [TRACE] 1677309524818: Shutdown instrumentation
2023-02-25 07:18:45.214 UTC [INFO]  plugin process exited: path=/home/runner/.steampipe/plugins/hub.steampipe.io/plugins/turbot/hackernews@latest/steampipe-plugin-hackernews.plugin pid=1961
2023-02-25 07:18:45.214 UTC [DEBUG] plugin exited
2023-02-25 07:18:51.650 UTC [WARN]  steampipe-plugin-csv.plugin: [WARN]  167730953113: getKeyColumnsForTable found no schema for table '/home/runner/work/steampipe-samples/steampipe-samples/all/hackernews/hn.csv'
2023-02-25 07:19:33.501 UTC [WARN]  steampipe-plugin-csv.plugin: [WARN]  1677309573776: getKeyColumnsForTable found no schema for table '/home/runner/work/steampipe-samples/steampipe-samples/all/hackernews/hn.csv'
2023-02-25 07:21:30.812 UTC [ERROR] steampipe-plugin-csv.plugin: [ERROR] csv.tableCSV: header_parse_error=EOF path=/home/runner/work/steampipe-samples/steampipe-samples/all/hackernews/new_sc.csv header=[]
2023-02-25 07:21:30.812 UTC [ERROR] steampipe-plugin-csv.plugin: [ERROR] csv.PluginTables: create_table_error="failed to parse file header /home/runner/work/steampipe-samples/steampipe-samples/all/hackernews/new_sc.csv: EOF" path=/home/runner/work/steampipe-samples/steampipe-samples/all/hackernews/new_sc.csv
2023-02-25 07:21:30.812 UTC [WARN]  failed to set connection config: failed to parse file header /home/runner/work/steampipe-samples/steampipe-samples/all/hackernews/new_sc.csv: EOF
2023-02-25 07:21:31.674 UTC [WARN]  steampipe-plugin-csv.plugin: [WARN]  1677309691428: getKeyColumnsForTable found no schema for table '/home/runner/work/steampipe-samples/steampipe-samples/all/hackernews/new_sc.csv'
2023-02-25 07:21:36.764 UTC [ERROR] steampipe-plugin-csv.plugin: [ERROR] csv.tableCSV: header_parse_error=EOF path=/home/runner/work/steampipe-samples/steampipe-samples/all/hackernews/hn_items_all.csv header=[]
2023-02-25 07:21:36.764 UTC [ERROR] steampipe-plugin-csv.plugin: [ERROR] csv.PluginTables: create_table_error="failed to parse file header /home/runner/work/steampipe-samples/steampipe-samples/all/hackernews/hn_items_all.csv: EOF" path=/home/runner/work/steampipe-samples/steampipe-samples/all/hackernews/hn_items_all.csv
2023-02-25 07:21:36.764 UTC [WARN]  failed to set connection config: failed to parse file header /home/runner/work/steampipe-samples/steampipe-samples/all/hackernews/hn_items_all.csv: EOF
