2022-07-07 03:03:38.063 UTC [INFO]  starting plugin manager
2022-07-07 03:03:38.063 UTC [TRACE] loaded config map: hackernews
2022-07-07 03:03:38.063 UTC [INFO]  starting connection watcher
2022-07-07 03:03:38.063 UTC [INFO]  created ConnectionWatcher
2022-07-07 03:03:38.063 UTC [TRACE] about to serve
2022-07-07 03:03:38.139 UTC [TRACE] PluginManager Get, connections: '[]'
2022-07-07 03:03:38.139 UTC [TRACE] PluginManager Get returning
2022-07-07 03:03:38.146 UTC [TRACE] PluginManager Get, connections: '[]'
2022-07-07 03:03:38.146 UTC [TRACE] PluginManager Get returning
2022-07-07 03:03:38.164 UTC [TRACE] handleFileWatcherEvent ignoring first event
2022-07-07 03:03:38.336 UTC [TRACE] PluginManager Get, connections: '[hackernews]'
2022-07-07 03:03:38.336 UTC [TRACE] PluginManager getPlugin connection 'hackernews'
2022-07-07 03:03:38.336 UTC [TRACE] PluginManager 0xc00053eb40 'hackernews' NOT found in map  - starting
2022-07-07 03:03:38.336 UTC [TRACE] ************ start plugin hackernews ********************
2022-07-07 03:03:38.337 UTC [DEBUG] starting plugin: path=/home/runner/.steampipe/plugins/hub.steampipe.io/plugins/turbot/hackernews@latest/steampipe-plugin-hackernews.plugin args=["/home/runner/.steampipe/plugins/hub.steampipe.io/plugins/turbot/hackernews@latest/steampipe-plugin-hackernews.plugin"]
2022-07-07 03:03:38.337 UTC [DEBUG] plugin started: path=/home/runner/.steampipe/plugins/hub.steampipe.io/plugins/turbot/hackernews@latest/steampipe-plugin-hackernews.plugin pid=1756
2022-07-07 03:03:38.337 UTC [DEBUG] waiting for RPC address: path=/home/runner/.steampipe/plugins/hub.steampipe.io/plugins/turbot/hackernews@latest/steampipe-plugin-hackernews.plugin
2022-07-07 03:03:38.350 UTC [DEBUG] steampipe-plugin-hackernews.plugin: 2022/07/07 03:03:38 [TRACE] Plugin Initialise creating connection manager
2022-07-07 03:03:38.355 UTC [TRACE] steampipe-plugin-hackernews.plugin: [TRACE] Setting Ulimit: ulimit=2560
2022-07-07 03:03:38.355 UTC [DEBUG] steampipe-plugin-hackernews.plugin: plugin address: address=/tmp/plugin1100961395 network=unix timestamp=2022-07-07T03:03:38.355Z
2022-07-07 03:03:38.355 UTC [DEBUG] using plugin: version=0
2022-07-07 03:03:38.355 UTC [TRACE] PluginManager getPlugin complete, returning reattach config with PID: 1756
2022-07-07 03:03:38.356 UTC [TRACE] PluginManager Get returning reattach_map:{key:"hackernews" value:{protocol:"grpc" addr:{Network:"unix" Address:"/tmp/plugin1100961395"} pid:1756}}
2022-07-07 03:03:38.365 UTC [TRACE] steampipe-plugin-hackernews.plugin: [TRACE] validate plugin steampipe-plugin-hackernews, required columns []
2022-07-07 03:03:38.367 UTC [INFO]  steampipe-plugin-hackernews.plugin: [INFO]  query cache created
2022-07-07 03:03:38.367 UTC [DEBUG] steampipe-plugin-hackernews.plugin: [DEBUG] SetConnectionConfig finished
2022-07-07 03:03:38.373 UTC [TRACE] steampipe-plugin-hackernews.plugin: [TRACE] EXECUTE callId: 1657163018290 table: hackernews_new cols: id,title,time,by,score,dead,deleted,descendants,kids,parent,parts,poll,text,type,url,_ctx
2022-07-07 03:03:38.373 UTC [TRACE] steampipe-plugin-hackernews.plugin: [TRACE] 1657163018290: Execute : connection=hackernews table=hackernews_new
2022-07-07 03:03:38.373 UTC [TRACE] steampipe-plugin-hackernews.plugin: [TRACE] 1657163018290: Got query context: table=hackernews_new cols=[id, title, time, by, score, dead, deleted, descendants, kids, parent, parts, poll, text, type, url, _ctx]
2022-07-07 03:03:38.373 UTC [TRACE] steampipe-plugin-hackernews.plugin: [TRACE] 1657163018290: setFetchType map[time:quals:{fieldName:"time"  string_value:">"  value:{timestamp_value:{seconds:1657159418  nanos:324691000}}}]
2022-07-07 03:03:38.373 UTC [TRACE] steampipe-plugin-hackernews.plugin: [TRACE] 1657163018290: getMatchingQuals column:'id' operator: =
2022-07-07 03:03:38.373 UTC [TRACE] steampipe-plugin-hackernews.plugin: [TRACE] 1657163018290: getMatchingQuals returning false - qualMap does not contain any quals for column id
2022-07-07 03:03:38.373 UTC [TRACE] steampipe-plugin-hackernews.plugin: [TRACE] 1657163018290: GetUnsatisfiedKeyColumns for columns column:'id' operator: =
2022-07-07 03:03:38.373 UTC [TRACE] steampipe-plugin-hackernews.plugin: [TRACE] 1657163018290: key column NOT satisfied column:'id' operator: =
2022-07-07 03:03:38.373 UTC [TRACE] steampipe-plugin-hackernews.plugin: [TRACE] 1657163018290: satisfied: map[any_of: optional: required:]
2022-07-07 03:03:38.373 UTC [TRACE] steampipe-plugin-hackernews.plugin: [TRACE] 1657163018290: unsatisfied: map[any_of: optional: required:column:'id' operator: =]
2022-07-07 03:03:38.373 UTC [TRACE] steampipe-plugin-hackernews.plugin: [TRACE] 1657163018290: unsatisfied required KeyColumns: column:'id' operator: =
2022-07-07 03:03:38.373 UTC [TRACE] steampipe-plugin-hackernews.plugin: [TRACE] 1657163018290: Set fetchType to fetchTypeList
2022-07-07 03:03:38.373 UTC [TRACE] steampipe-plugin-hackernews.plugin: [TRACE] 1657163018290: Equals key column quals:
2022-07-07 03:03:38.373 UTC [DEBUG] steampipe-plugin-hackernews.plugin: {}
2022-07-07 03:03:38.373 UTC [TRACE] steampipe-plugin-hackernews.plugin: [TRACE] 1657163018290: All key column quals:
2022-07-07 03:03:38.373 UTC [DEBUG] steampipe-plugin-hackernews.plugin: {}
2022-07-07 03:03:38.373 UTC [TRACE] steampipe-plugin-hackernews.plugin: [TRACE] 1657163018290: calling fetchItems: table=hackernews_new matrixItem=[] limit=<nil>
2022-07-07 03:03:38.373 UTC [TRACE] steampipe-plugin-hackernews.plugin: [TRACE] 1657163018290: Cache ENABLED callId: 1657163018290
2022-07-07 03:03:38.373 UTC [TRACE] steampipe-plugin-hackernews.plugin: [TRACE] 1657163018290: QueryCache Get - indexBucketKey index__hackernewshackernews_new, quals
2022-07-07 03:03:38.373 UTC [TRACE] steampipe-plugin-hackernews.plugin: [TRACE] 1657163018290: buildCacheQualMap col time, quals quals:{fieldName:"time"  string_value:">"  value:{timestamp_value:{seconds:1657159418  nanos:324691000}}}
2022-07-07 03:03:38.373 UTC [TRACE] steampipe-plugin-hackernews.plugin: [TRACE] 1657163018290: EXCLUDING COLUMN
2022-07-07 03:03:38.373 UTC [TRACE] steampipe-plugin-hackernews.plugin: [TRACE] 1657163018290: QueryCache getCachedResult - index bucket key: index__hackernewshackernews_new ttlSeconds 300
2022-07-07 03:03:38.373 UTC [TRACE] steampipe-plugin-hackernews.plugin: [TRACE] 1657163018290: getCachedResult - no index bucket
2022-07-07 03:03:38.373 UTC [TRACE] steampipe-plugin-hackernews.plugin: [TRACE] 1657163018290: getPendingResultItem indexBucketKey index__hackernewshackernews_new, columns [id title time by score dead deleted descendants kids parent parts poll text type url _ctx], limit -1
2022-07-07 03:03:38.373 UTC [TRACE] steampipe-plugin-hackernews.plugin: [TRACE] 1657163018290: no pending index item - add pending result
2022-07-07 03:03:38.373 UTC [TRACE] steampipe-plugin-hackernews.plugin: [TRACE] 1657163018290: addPendingResult indexBucketKey index__hackernewshackernews_new, columns [id title time by score dead deleted descendants kids parent parts poll text type url _ctx], limit -1
2022-07-07 03:03:38.373 UTC [TRACE] steampipe-plugin-hackernews.plugin: [TRACE] 1657163018290: no index bucket found - creating one
2022-07-07 03:03:38.373 UTC [TRACE] steampipe-plugin-hackernews.plugin: [TRACE] 1657163018290: pendingIndexItem Lock count before 0
2022-07-07 03:03:38.373 UTC [TRACE] steampipe-plugin-hackernews.plugin: [TRACE] 1657163018290: getPendingResultItem returning <nil>
2022-07-07 03:03:38.373 UTC [INFO]  steampipe-plugin-hackernews.plugin: [INFO]  1657163018290: CACHE MISS
2022-07-07 03:03:38.373 UTC [TRACE] steampipe-plugin-hackernews.plugin: [TRACE] 1657163018290: fetch items callId: 1657163018290
2022-07-07 03:03:38.373 UTC [TRACE] steampipe-plugin-hackernews.plugin: [TRACE] 1657163018290: buildRows callId: 1657163018290
2022-07-07 03:03:38.373 UTC [TRACE] steampipe-plugin-hackernews.plugin: [TRACE] 1657163018290: streamRows callId: 1657163018290
2022-07-07 03:03:38.373 UTC [TRACE] steampipe-plugin-hackernews.plugin: [TRACE] 1657163018290: executeListCall
2022-07-07 03:03:38.373 UTC [TRACE] steampipe-plugin-hackernews.plugin: [TRACE] 1657163018290: GetUnsatisfiedKeyColumns for columns
2022-07-07 03:03:38.373 UTC [TRACE] steampipe-plugin-hackernews.plugin: [TRACE] 1657163018290: doList: no matrix item
2022-07-07 03:03:38.518 UTC [TRACE] steampipe-plugin-hackernews.plugin: [TRACE] 1657163018290: rowData chan select - channel CLOSED
2022-07-07 03:03:38.521 UTC [TRACE] steampipe-plugin-hackernews.plugin: [TRACE] 1657163018290: wait for rows
2022-07-07 03:03:38.961 UTC [TRACE] steampipe-plugin-hackernews.plugin: [TRACE] 1657163018290: rowWg complete - CLOSING ROW CHANNEL
2022-07-07 03:03:38.961 UTC [TRACE] steampipe-plugin-hackernews.plugin: [TRACE] 1657163018290: row chan closed, stop streaming
2022-07-07 03:03:38.961 UTC [INFO]  steampipe-plugin-hackernews.plugin: [INFO]  1657163018290: ------------------------------------
2022-07-07 03:03:38.961 UTC [INFO]  steampipe-plugin-hackernews.plugin: [INFO]  1657163018290: Concurrency Summary
2022-07-07 03:03:38.961 UTC [INFO]  steampipe-plugin-hackernews.plugin: [INFO]  1657163018290: ------------------------------------
2022-07-07 03:03:38.961 UTC [INFO]  steampipe-plugin-hackernews.plugin: [INFO]  1657163018290: getItem                       : 200
2022-07-07 03:03:38.961 UTC [INFO]  steampipe-plugin-hackernews.plugin: [INFO]  1657163018290: ------------------------------------
2022-07-07 03:03:38.961 UTC [INFO]  steampipe-plugin-hackernews.plugin: [INFO]  1657163018290: Total                         : 200
2022-07-07 03:03:38.961 UTC [INFO]  steampipe-plugin-hackernews.plugin: [INFO]  1657163018290: ------------------------------------
2022-07-07 03:03:38.961 UTC [TRACE] steampipe-plugin-hackernews.plugin: [TRACE] 1657163018290: queryCache.Set callId: 1657163018290
2022-07-07 03:03:38.961 UTC [TRACE] steampipe-plugin-hackernews.plugin: [TRACE] 1657163018290: buildCacheQualMap col time, quals quals:{fieldName:"time"  string_value:">"  value:{timestamp_value:{seconds:1657159418  nanos:324691000}}}
2022-07-07 03:03:38.961 UTC [TRACE] steampipe-plugin-hackernews.plugin: [TRACE] 1657163018290: EXCLUDING COLUMN
2022-07-07 03:03:38.961 UTC [TRACE] steampipe-plugin-hackernews.plugin: [TRACE] 1657163018290: QueryCache Set - connectionName: hackernews, table: hackernews_new, columns: [_ctx by dead deleted descendants id kids parent parts poll score text time title type url], limit -1
2022-07-07 03:03:38.961 UTC [TRACE] steampipe-plugin-hackernews.plugin: [TRACE] 1657163018290: cache item cost = 64000 (500 rows, 16 columns)
2022-07-07 03:03:38.972 UTC [TRACE] steampipe-plugin-hackernews.plugin: [TRACE] 1657163018290: ------------------------------------
2022-07-07 03:03:38.972 UTC [TRACE] steampipe-plugin-hackernews.plugin: [TRACE] 1657163018290: Cache Metrics
2022-07-07 03:03:38.972 UTC [TRACE] steampipe-plugin-hackernews.plugin: [TRACE] 1657163018290: ------------------------------------
2022-07-07 03:03:38.972 UTC [TRACE] steampipe-plugin-hackernews.plugin: [TRACE] 1657163018290: MaxCost: 1073741824
2022-07-07 03:03:38.972 UTC [TRACE] steampipe-plugin-hackernews.plugin: [TRACE] 1657163018290: KeysAdded: 2
2022-07-07 03:03:38.972 UTC [TRACE] steampipe-plugin-hackernews.plugin: [TRACE] 1657163018290: CostAdded: 64113
2022-07-07 03:03:38.972 UTC [TRACE] steampipe-plugin-hackernews.plugin: [TRACE] 1657163018290: KeysEvicted: 0
2022-07-07 03:03:38.972 UTC [TRACE] steampipe-plugin-hackernews.plugin: [TRACE] 1657163018290: CostEvicted: 0
2022-07-07 03:03:38.972 UTC [TRACE] steampipe-plugin-hackernews.plugin: [TRACE] 1657163018290: ------------------------------------
2022-07-07 03:03:38.972 UTC [TRACE] steampipe-plugin-hackernews.plugin: [TRACE] 1657163018290: QueryCache Set() DONE
2022-07-07 03:03:38.972 UTC [TRACE] steampipe-plugin-hackernews.plugin: [TRACE] 1657163018290: pendingItemComplete indexBucketKey index__hackernewshackernews_new, columns [_ctx by dead deleted descendants id kids parent parts poll score text time title type url], limit -1
2022-07-07 03:03:38.972 UTC [TRACE] steampipe-plugin-hackernews.plugin: [TRACE] 1657163018290: got pending index bucket, len 1
2022-07-07 03:03:38.972 UTC [TRACE] steampipe-plugin-hackernews.plugin: [TRACE] 1657163018290: SatisfiesLimit limit -1, no item limit - satisfied
2022-07-07 03:03:38.972 UTC [TRACE] steampipe-plugin-hackernews.plugin: [TRACE] 1657163018290: found pending index item to satisfy columns _ctx,by,dead,deleted,descendants,id,kids,parent,parts,poll,score,text,time,title,type,url, limit -1
2022-07-07 03:03:38.972 UTC [TRACE] steampipe-plugin-hackernews.plugin: [TRACE] 1657163018290: got pending item hackernewshackernews_newid,title,time,by,score,dead,deleted,descendants,kids,parent,parts,poll,text,type,url,_ctx-1 - removing from map as it is complete
2022-07-07 03:03:38.972 UTC [TRACE] steampipe-plugin-hackernews.plugin: [TRACE] 1657163018290: pendingIndexItem Unlock count before 1
2022-07-07 03:03:38.972 UTC [TRACE] steampipe-plugin-hackernews.plugin: [TRACE] 1657163018290: deleted from pending, len 0
2022-07-07 03:03:38.972 UTC [TRACE] steampipe-plugin-hackernews.plugin: [TRACE] 1657163018290: pending bucket now empty - deleting key index__hackernewshackernews_new
2022-07-07 03:03:38.972 UTC [TRACE] steampipe-plugin-hackernews.plugin: [TRACE] 1657163018290: pendingItemComplete done
2022-07-07 03:03:38.972 UTC [TRACE] steampipe-plugin-hackernews.plugin: [TRACE] 1657163018290: Execute complete callId: 1657163018290 table: hackernews_new
2022-07-07 03:03:39.032 UTC [TRACE] PluginManager Shutdown map[hackernews:0xc00000c3f0]
2022-07-07 03:03:39.032 UTC [TRACE] killing plugin hackernews (1756)
2022-07-07 03:03:39.034 UTC [TRACE] stdio: waiting for stdio data
2022-07-07 03:03:39.035 UTC [DEBUG] stdio: received EOF, stopping recv loop: err="rpc error: code = Unavailable desc = error reading from server: EOF"
2022-07-07 03:03:39.036 UTC [INFO]  plugin process exited: path=/home/runner/.steampipe/plugins/hub.steampipe.io/plugins/turbot/hackernews@latest/steampipe-plugin-hackernews.plugin pid=1756
2022-07-07 03:03:39.036 UTC [DEBUG] plugin exited
2022-07-07 03:03:39.407 UTC [INFO]  starting plugin manager
2022-07-07 03:03:39.407 UTC [TRACE] loaded config map: hackernews
2022-07-07 03:03:39.407 UTC [INFO]  starting connection watcher
2022-07-07 03:03:39.407 UTC [INFO]  created ConnectionWatcher
2022-07-07 03:03:39.407 UTC [TRACE] about to serve
2022-07-07 03:03:39.468 UTC [TRACE] PluginManager Get, connections: '[]'
2022-07-07 03:03:39.468 UTC [TRACE] PluginManager Get returning
2022-07-07 03:03:39.471 UTC [TRACE] PluginManager Get, connections: '[]'
2022-07-07 03:03:39.471 UTC [TRACE] PluginManager Get returning
2022-07-07 03:03:39.508 UTC [TRACE] handleFileWatcherEvent ignoring first event
2022-07-07 03:03:39.641 UTC [TRACE] PluginManager Get, connections: '[hackernews]'
2022-07-07 03:03:39.641 UTC [TRACE] PluginManager getPlugin connection 'hackernews'
2022-07-07 03:03:39.641 UTC [TRACE] PluginManager 0xc0005811d0 'hackernews' NOT found in map  - starting
2022-07-07 03:03:39.641 UTC [TRACE] ************ start plugin hackernews ********************
2022-07-07 03:03:39.641 UTC [DEBUG] starting plugin: path=/home/runner/.steampipe/plugins/hub.steampipe.io/plugins/turbot/hackernews@latest/steampipe-plugin-hackernews.plugin args=["/home/runner/.steampipe/plugins/hub.steampipe.io/plugins/turbot/hackernews@latest/steampipe-plugin-hackernews.plugin"]
2022-07-07 03:03:39.641 UTC [DEBUG] plugin started: path=/home/runner/.steampipe/plugins/hub.steampipe.io/plugins/turbot/hackernews@latest/steampipe-plugin-hackernews.plugin pid=1822
2022-07-07 03:03:39.641 UTC [DEBUG] waiting for RPC address: path=/home/runner/.steampipe/plugins/hub.steampipe.io/plugins/turbot/hackernews@latest/steampipe-plugin-hackernews.plugin
2022-07-07 03:03:39.645 UTC [DEBUG] steampipe-plugin-hackernews.plugin: 2022/07/07 03:03:39 [TRACE] Plugin Initialise creating connection manager
2022-07-07 03:03:39.649 UTC [TRACE] steampipe-plugin-hackernews.plugin: [TRACE] Setting Ulimit: ulimit=2560
2022-07-07 03:03:39.649 UTC [DEBUG] steampipe-plugin-hackernews.plugin: plugin address: address=/tmp/plugin2892730469 network=unix timestamp=2022-07-07T03:03:39.649Z
2022-07-07 03:03:39.649 UTC [DEBUG] using plugin: version=0
2022-07-07 03:03:39.649 UTC [TRACE] PluginManager getPlugin complete, returning reattach config with PID: 1822
2022-07-07 03:03:39.649 UTC [TRACE] PluginManager Get returning reattach_map:{key:"hackernews" value:{protocol:"grpc" addr:{Network:"unix" Address:"/tmp/plugin2892730469"} pid:1822}}
2022-07-07 03:03:39.651 UTC [TRACE] steampipe-plugin-hackernews.plugin: [TRACE] validate plugin steampipe-plugin-hackernews, required columns []
2022-07-07 03:03:39.652 UTC [INFO]  steampipe-plugin-hackernews.plugin: [INFO]  query cache created
2022-07-07 03:03:39.652 UTC [DEBUG] steampipe-plugin-hackernews.plugin: [DEBUG] SetConnectionConfig finished
2022-07-07 03:03:39.654 UTC [TRACE] steampipe-plugin-hackernews.plugin: [TRACE] EXECUTE callId: 1657163019616 table: hackernews_new cols: time
2022-07-07 03:03:39.654 UTC [TRACE] steampipe-plugin-hackernews.plugin: [TRACE] 1657163019616: Execute : connection=hackernews table=hackernews_new
2022-07-07 03:03:39.654 UTC [TRACE] steampipe-plugin-hackernews.plugin: [TRACE] 1657163019616: Got query context: table=hackernews_new cols=[time]
2022-07-07 03:03:39.654 UTC [TRACE] steampipe-plugin-hackernews.plugin: [TRACE] 1657163019616: setFetchType map[time:quals:{fieldName:"time"  string_value:">"  value:{timestamp_value:{seconds:1657159419  nanos:627257000}}}]
2022-07-07 03:03:39.655 UTC [TRACE] steampipe-plugin-hackernews.plugin: [TRACE] 1657163019616: getMatchingQuals column:'id' operator: =
2022-07-07 03:03:39.655 UTC [TRACE] steampipe-plugin-hackernews.plugin: [TRACE] 1657163019616: getMatchingQuals returning false - qualMap does not contain any quals for column id
2022-07-07 03:03:39.655 UTC [TRACE] steampipe-plugin-hackernews.plugin: [TRACE] 1657163019616: GetUnsatisfiedKeyColumns for columns column:'id' operator: =
2022-07-07 03:03:39.656 UTC [TRACE] steampipe-plugin-hackernews.plugin: [TRACE] 1657163019616: key column NOT satisfied column:'id' operator: =
2022-07-07 03:03:39.656 UTC [TRACE] steampipe-plugin-hackernews.plugin: [TRACE] 1657163019616: satisfied: map[any_of: optional: required:]
2022-07-07 03:03:39.657 UTC [TRACE] steampipe-plugin-hackernews.plugin: [TRACE] 1657163019616: unsatisfied: map[any_of: optional: required:column:'id' operator: =]
2022-07-07 03:03:39.658 UTC [TRACE] steampipe-plugin-hackernews.plugin: [TRACE] 1657163019616: unsatisfied required KeyColumns: column:'id' operator: =
2022-07-07 03:03:39.658 UTC [TRACE] steampipe-plugin-hackernews.plugin: [TRACE] 1657163019616: Set fetchType to fetchTypeList
2022-07-07 03:03:39.658 UTC [TRACE] steampipe-plugin-hackernews.plugin: [TRACE] 1657163019616: Equals key column quals:
2022-07-07 03:03:39.658 UTC [DEBUG] steampipe-plugin-hackernews.plugin: {}
2022-07-07 03:03:39.658 UTC [TRACE] steampipe-plugin-hackernews.plugin: [TRACE] 1657163019616: All key column quals:
2022-07-07 03:03:39.658 UTC [DEBUG] steampipe-plugin-hackernews.plugin: {}
2022-07-07 03:03:39.658 UTC [TRACE] steampipe-plugin-hackernews.plugin: [TRACE] 1657163019616: calling fetchItems: table=hackernews_new matrixItem=[] limit=<nil>
2022-07-07 03:03:39.658 UTC [TRACE] steampipe-plugin-hackernews.plugin: [TRACE] 1657163019616: Cache ENABLED callId: 1657163019616
2022-07-07 03:03:39.658 UTC [TRACE] steampipe-plugin-hackernews.plugin: [TRACE] 1657163019616: QueryCache Get - indexBucketKey index__hackernewshackernews_new, quals
2022-07-07 03:03:39.658 UTC [TRACE] steampipe-plugin-hackernews.plugin: [TRACE] 1657163019616: buildCacheQualMap col time, quals quals:{fieldName:"time"  string_value:">"  value:{timestamp_value:{seconds:1657159419  nanos:627257000}}}
2022-07-07 03:03:39.658 UTC [TRACE] steampipe-plugin-hackernews.plugin: [TRACE] 1657163019616: EXCLUDING COLUMN
2022-07-07 03:03:39.658 UTC [TRACE] steampipe-plugin-hackernews.plugin: [TRACE] 1657163019616: QueryCache getCachedResult - index bucket key: index__hackernewshackernews_new ttlSeconds 300
2022-07-07 03:03:39.658 UTC [TRACE] steampipe-plugin-hackernews.plugin: [TRACE] 1657163019616: getCachedResult - no index bucket
2022-07-07 03:03:39.658 UTC [TRACE] steampipe-plugin-hackernews.plugin: [TRACE] 1657163019616: getPendingResultItem indexBucketKey index__hackernewshackernews_new, columns [time], limit -1
2022-07-07 03:03:39.658 UTC [TRACE] steampipe-plugin-hackernews.plugin: [TRACE] 1657163019616: no pending index item - add pending result
2022-07-07 03:03:39.658 UTC [TRACE] steampipe-plugin-hackernews.plugin: [TRACE] 1657163019616: addPendingResult indexBucketKey index__hackernewshackernews_new, columns [time], limit -1
2022-07-07 03:03:39.658 UTC [TRACE] steampipe-plugin-hackernews.plugin: [TRACE] 1657163019616: no index bucket found - creating one
2022-07-07 03:03:39.658 UTC [TRACE] steampipe-plugin-hackernews.plugin: [TRACE] 1657163019616: pendingIndexItem Lock count before 0
2022-07-07 03:03:39.658 UTC [TRACE] steampipe-plugin-hackernews.plugin: [TRACE] 1657163019616: getPendingResultItem returning <nil>
2022-07-07 03:03:39.658 UTC [INFO]  steampipe-plugin-hackernews.plugin: [INFO]  1657163019616: CACHE MISS
2022-07-07 03:03:39.658 UTC [TRACE] steampipe-plugin-hackernews.plugin: [TRACE] 1657163019616: fetch items callId: 1657163019616
2022-07-07 03:03:39.658 UTC [TRACE] steampipe-plugin-hackernews.plugin: [TRACE] 1657163019616: buildRows callId: 1657163019616
2022-07-07 03:03:39.658 UTC [TRACE] steampipe-plugin-hackernews.plugin: [TRACE] 1657163019616: streamRows callId: 1657163019616
2022-07-07 03:03:39.658 UTC [TRACE] steampipe-plugin-hackernews.plugin: [TRACE] 1657163019616: executeListCall
2022-07-07 03:03:39.658 UTC [TRACE] steampipe-plugin-hackernews.plugin: [TRACE] 1657163019616: GetUnsatisfiedKeyColumns for columns
2022-07-07 03:03:39.658 UTC [TRACE] steampipe-plugin-hackernews.plugin: [TRACE] 1657163019616: doList: no matrix item
2022-07-07 03:03:39.754 UTC [TRACE] steampipe-plugin-hackernews.plugin: [TRACE] 1657163019616: rowData chan select - channel CLOSED
2022-07-07 03:03:39.754 UTC [TRACE] steampipe-plugin-hackernews.plugin: [TRACE] 1657163019616: wait for rows
2022-07-07 03:03:40.175 UTC [TRACE] steampipe-plugin-hackernews.plugin: [TRACE] 1657163019616: rowWg complete - CLOSING ROW CHANNEL
2022-07-07 03:03:40.175 UTC [TRACE] steampipe-plugin-hackernews.plugin: [TRACE] 1657163019616: row chan closed, stop streaming
2022-07-07 03:03:40.176 UTC [INFO]  steampipe-plugin-hackernews.plugin: [INFO]  1657163019616: ------------------------------------
2022-07-07 03:03:40.176 UTC [INFO]  steampipe-plugin-hackernews.plugin: [INFO]  1657163019616: Concurrency Summary
2022-07-07 03:03:40.176 UTC [INFO]  steampipe-plugin-hackernews.plugin: [INFO]  1657163019616: ------------------------------------
2022-07-07 03:03:40.176 UTC [INFO]  steampipe-plugin-hackernews.plugin: [INFO]  1657163019616: getItem                       : 200
2022-07-07 03:03:40.176 UTC [INFO]  steampipe-plugin-hackernews.plugin: [INFO]  1657163019616: ------------------------------------
2022-07-07 03:03:40.176 UTC [INFO]  steampipe-plugin-hackernews.plugin: [INFO]  1657163019616: Total                         : 200
2022-07-07 03:03:40.176 UTC [INFO]  steampipe-plugin-hackernews.plugin: [INFO]  1657163019616: ------------------------------------
2022-07-07 03:03:40.176 UTC [TRACE] steampipe-plugin-hackernews.plugin: [TRACE] 1657163019616: queryCache.Set callId: 1657163019616
2022-07-07 03:03:40.176 UTC [TRACE] steampipe-plugin-hackernews.plugin: [TRACE] 1657163019616: buildCacheQualMap col time, quals quals:{fieldName:"time"  string_value:">"  value:{timestamp_value:{seconds:1657159419  nanos:627257000}}}
2022-07-07 03:03:40.176 UTC [TRACE] steampipe-plugin-hackernews.plugin: [TRACE] 1657163019616: EXCLUDING COLUMN
2022-07-07 03:03:40.176 UTC [TRACE] steampipe-plugin-hackernews.plugin: [TRACE] 1657163019616: QueryCache Set - connectionName: hackernews, table: hackernews_new, columns: [_ctx by dead deleted descendants id kids parent parts poll score text time title type url], limit -1
2022-07-07 03:03:40.176 UTC [TRACE] steampipe-plugin-hackernews.plugin: [TRACE] 1657163019616: cache item cost = 64000 (500 rows, 16 columns)
2022-07-07 03:03:40.186 UTC [TRACE] steampipe-plugin-hackernews.plugin: [TRACE] 1657163019616: ------------------------------------
2022-07-07 03:03:40.186 UTC [TRACE] steampipe-plugin-hackernews.plugin: [TRACE] 1657163019616: Cache Metrics
2022-07-07 03:03:40.186 UTC [TRACE] steampipe-plugin-hackernews.plugin: [TRACE] 1657163019616: ------------------------------------
2022-07-07 03:03:40.186 UTC [TRACE] steampipe-plugin-hackernews.plugin: [TRACE] 1657163019616: MaxCost: 1073741824
2022-07-07 03:03:40.186 UTC [TRACE] steampipe-plugin-hackernews.plugin: [TRACE] 1657163019616: KeysAdded: 2
2022-07-07 03:03:40.187 UTC [TRACE] steampipe-plugin-hackernews.plugin: [TRACE] 1657163019616: CostAdded: 64113
2022-07-07 03:03:40.187 UTC [TRACE] steampipe-plugin-hackernews.plugin: [TRACE] 1657163019616: KeysEvicted: 0
2022-07-07 03:03:40.187 UTC [TRACE] steampipe-plugin-hackernews.plugin: [TRACE] 1657163019616: CostEvicted: 0
2022-07-07 03:03:40.187 UTC [TRACE] steampipe-plugin-hackernews.plugin: [TRACE] 1657163019616: ------------------------------------
2022-07-07 03:03:40.187 UTC [TRACE] steampipe-plugin-hackernews.plugin: [TRACE] 1657163019616: QueryCache Set() DONE
2022-07-07 03:03:40.187 UTC [TRACE] steampipe-plugin-hackernews.plugin: [TRACE] 1657163019616: pendingItemComplete indexBucketKey index__hackernewshackernews_new, columns [_ctx by dead deleted descendants id kids parent parts poll score text time title type url], limit -1
2022-07-07 03:03:40.187 UTC [TRACE] steampipe-plugin-hackernews.plugin: [TRACE] 1657163019616: got pending index bucket, len 1
2022-07-07 03:03:40.187 UTC [TRACE] steampipe-plugin-hackernews.plugin: [TRACE] 1657163019616: SatisfiesLimit limit -1, no item limit - satisfied
2022-07-07 03:03:40.187 UTC [TRACE] steampipe-plugin-hackernews.plugin: [TRACE] 1657163019616: found pending index item to satisfy columns _ctx,by,dead,deleted,descendants,id,kids,parent,parts,poll,score,text,time,title,type,url, limit -1
2022-07-07 03:03:40.187 UTC [TRACE] steampipe-plugin-hackernews.plugin: [TRACE] 1657163019616: got pending item hackernewshackernews_newtime-1 - removing from map as it is complete
2022-07-07 03:03:40.187 UTC [TRACE] steampipe-plugin-hackernews.plugin: [TRACE] 1657163019616: pendingIndexItem Unlock count before 1
2022-07-07 03:03:40.187 UTC [TRACE] steampipe-plugin-hackernews.plugin: [TRACE] 1657163019616: deleted from pending, len 0
2022-07-07 03:03:40.187 UTC [TRACE] steampipe-plugin-hackernews.plugin: [TRACE] 1657163019616: pending bucket now empty - deleting key index__hackernewshackernews_new
2022-07-07 03:03:40.187 UTC [TRACE] steampipe-plugin-hackernews.plugin: [TRACE] 1657163019616: pendingItemComplete done
2022-07-07 03:03:40.187 UTC [TRACE] steampipe-plugin-hackernews.plugin: [TRACE] 1657163019616: Execute complete callId: 1657163019616 table: hackernews_new
2022-07-07 03:03:40.251 UTC [TRACE] PluginManager Shutdown map[hackernews:0xc000121e48]
2022-07-07 03:03:40.251 UTC [TRACE] killing plugin hackernews (1822)
2022-07-07 03:03:40.251 UTC [TRACE] stdio: waiting for stdio data
2022-07-07 03:03:40.251 UTC [DEBUG] stdio: received EOF, stopping recv loop: err="rpc error: code = Unavailable desc = error reading from server: EOF"
2022-07-07 03:03:40.253 UTC [INFO]  plugin process exited: path=/home/runner/.steampipe/plugins/hub.steampipe.io/plugins/turbot/hackernews@latest/steampipe-plugin-hackernews.plugin pid=1822
2022-07-07 03:03:40.253 UTC [DEBUG] plugin exited
