2022-07-15 15:21:36.501 UTC [INFO]  starting plugin manager
2022-07-15 15:21:36.501 UTC [TRACE] loaded config map: csv,hackernews,net
2022-07-15 15:21:36.501 UTC [INFO]  starting connection watcher
2022-07-15 15:21:36.501 UTC [INFO]  created ConnectionWatcher
2022-07-15 15:21:36.501 UTC [TRACE] about to serve
2022-07-15 15:21:36.567 UTC [TRACE] PluginManager Get, connections: '[csv]'
2022-07-15 15:21:36.567 UTC [TRACE] PluginManager getPlugin connection 'csv'
2022-07-15 15:21:36.567 UTC [TRACE] PluginManager 0xc000569fb0 'csv' NOT found in map  - starting
2022-07-15 15:21:36.567 UTC [TRACE] ************ start plugin csv ********************
2022-07-15 15:21:36.567 UTC [DEBUG] starting plugin: path=/home/runner/.steampipe/plugins/hub.steampipe.io/plugins/turbot/csv@latest/steampipe-plugin-csv.plugin args=["/home/runner/.steampipe/plugins/hub.steampipe.io/plugins/turbot/csv@latest/steampipe-plugin-csv.plugin"]
2022-07-15 15:21:36.568 UTC [DEBUG] plugin started: path=/home/runner/.steampipe/plugins/hub.steampipe.io/plugins/turbot/csv@latest/steampipe-plugin-csv.plugin pid=1899
2022-07-15 15:21:36.568 UTC [DEBUG] waiting for RPC address: path=/home/runner/.steampipe/plugins/hub.steampipe.io/plugins/turbot/csv@latest/steampipe-plugin-csv.plugin
2022-07-15 15:21:36.573 UTC [DEBUG] steampipe-plugin-csv.plugin: 2022/07/15 15:21:36 [TRACE] Plugin Initialise creating connection manager
2022-07-15 15:21:36.577 UTC [TRACE] steampipe-plugin-csv.plugin: [TRACE] Setting Ulimit: ulimit=2560
2022-07-15 15:21:36.578 UTC [DEBUG] steampipe-plugin-csv.plugin: plugin address: address=/tmp/plugin2593213734 network=unix timestamp=2022-07-15T15:21:36.578Z
2022-07-15 15:21:36.578 UTC [DEBUG] using plugin: version=0
2022-07-15 15:21:36.578 UTC [TRACE] PluginManager getPlugin complete, returning reattach config with PID: 1899
2022-07-15 15:21:36.578 UTC [TRACE] PluginManager Get returning reattach_map:{key:"csv"  value:{protocol:"grpc"  addr:{Network:"unix"  Address:"/tmp/plugin2593213734"}  pid:1899}}
2022-07-15 15:21:36.580 UTC [TRACE] steampipe-plugin-csv.plugin: [TRACE] validate plugin steampipe-plugin-csv, required columns []
2022-07-15 15:21:36.583 UTC [INFO]  steampipe-plugin-csv.plugin: [INFO]  query cache created
2022-07-15 15:21:36.583 UTC [DEBUG] steampipe-plugin-csv.plugin: [DEBUG] SetConnectionConfig finished
2022-07-15 15:21:36.590 UTC [TRACE] PluginManager Get, connections: '[]'
2022-07-15 15:21:36.590 UTC [TRACE] PluginManager Get returning
2022-07-15 15:21:36.602 UTC [TRACE] handleFileWatcherEvent ignoring first event
2022-07-15 15:21:36.669 UTC [TRACE] PluginManager Get, connections: '[csv]'
2022-07-15 15:21:36.669 UTC [TRACE] PluginManager getPlugin connection 'csv'
2022-07-15 15:21:36.669 UTC [TRACE] initialized: 1899
2022-07-15 15:21:36.669 UTC [TRACE] connection csv is loaded, check for running PID
2022-07-15 15:21:36.670 UTC [TRACE] PluginManager found 'csv' in map, pid 1899, reattach protocol:"grpc"  addr:{Network:"unix"  Address:"/tmp/plugin2593213734"}  pid:1899
2022-07-15 15:21:36.670 UTC [TRACE] PluginManager Get returning reattach_map:{key:"csv"  value:{protocol:"grpc"  addr:{Network:"unix"  Address:"/tmp/plugin2593213734"}  pid:1899}}
2022-07-15 15:21:36.891 UTC [TRACE] PluginManager Get, connections: '[hackernews]'
2022-07-15 15:21:36.891 UTC [TRACE] PluginManager getPlugin connection 'hackernews'
2022-07-15 15:21:36.891 UTC [TRACE] PluginManager 0xc000569fb0 'hackernews' NOT found in map  - starting
2022-07-15 15:21:36.891 UTC [TRACE] ************ start plugin hackernews ********************
2022-07-15 15:21:36.891 UTC [DEBUG] starting plugin: path=/home/runner/.steampipe/plugins/hub.steampipe.io/plugins/turbot/hackernews@latest/steampipe-plugin-hackernews.plugin args=["/home/runner/.steampipe/plugins/hub.steampipe.io/plugins/turbot/hackernews@latest/steampipe-plugin-hackernews.plugin"]
2022-07-15 15:21:36.892 UTC [DEBUG] plugin started: path=/home/runner/.steampipe/plugins/hub.steampipe.io/plugins/turbot/hackernews@latest/steampipe-plugin-hackernews.plugin pid=1922
2022-07-15 15:21:36.892 UTC [DEBUG] waiting for RPC address: path=/home/runner/.steampipe/plugins/hub.steampipe.io/plugins/turbot/hackernews@latest/steampipe-plugin-hackernews.plugin
2022-07-15 15:21:36.897 UTC [DEBUG] steampipe-plugin-hackernews.plugin: 2022/07/15 15:21:36 [TRACE] Plugin Initialise creating connection manager
2022-07-15 15:21:36.901 UTC [TRACE] steampipe-plugin-hackernews.plugin: [TRACE] Setting Ulimit: ulimit=2560
2022-07-15 15:21:36.901 UTC [DEBUG] using plugin: version=0
2022-07-15 15:21:36.901 UTC [TRACE] PluginManager getPlugin complete, returning reattach config with PID: 1922
2022-07-15 15:21:36.901 UTC [TRACE] PluginManager Get returning reattach_map:{key:"hackernews"  value:{protocol:"grpc"  addr:{Network:"unix"  Address:"/tmp/plugin3690546095"}  pid:1922}}
2022-07-15 15:21:36.901 UTC [DEBUG] steampipe-plugin-hackernews.plugin: plugin address: address=/tmp/plugin3690546095 network=unix timestamp=2022-07-15T15:21:36.901Z
2022-07-15 15:21:36.903 UTC [TRACE] steampipe-plugin-hackernews.plugin: [TRACE] validate plugin steampipe-plugin-hackernews, required columns []
2022-07-15 15:21:36.905 UTC [INFO]  steampipe-plugin-hackernews.plugin: [INFO]  query cache created
2022-07-15 15:21:36.905 UTC [DEBUG] steampipe-plugin-hackernews.plugin: [DEBUG] SetConnectionConfig finished
2022-07-15 15:21:36.909 UTC [TRACE] steampipe-plugin-hackernews.plugin: [TRACE] EXECUTE callId: 1657898496602 table: hackernews_new cols: id,title,time,by,score,dead,deleted,descendants,kids,parent,parts,poll,text,type,url,_ctx
2022-07-15 15:21:36.909 UTC [TRACE] steampipe-plugin-hackernews.plugin: [TRACE] 1657898496602: Execute : connection=hackernews table=hackernews_new
2022-07-15 15:21:36.909 UTC [TRACE] steampipe-plugin-hackernews.plugin: [TRACE] 1657898496602: Got query context: table=hackernews_new cols=[id, title, time, by, score, dead, deleted, descendants, kids, parent, parts, poll, text, type, url, _ctx]
2022-07-15 15:21:36.909 UTC [TRACE] steampipe-plugin-hackernews.plugin: [TRACE] 1657898496602: setFetchType map[time:quals:{fieldName:"time"  string_value:">"  value:{timestamp_value:{seconds:1657894896  nanos:871800000}}}]
2022-07-15 15:21:36.910 UTC [TRACE] steampipe-plugin-hackernews.plugin: [TRACE] 1657898496602: getMatchingQuals column:'id' operator: =
2022-07-15 15:21:36.910 UTC [TRACE] steampipe-plugin-hackernews.plugin: [TRACE] 1657898496602: getMatchingQuals returning false - qualMap does not contain any quals for column id
2022-07-15 15:21:36.911 UTC [TRACE] steampipe-plugin-hackernews.plugin: [TRACE] 1657898496602: GetUnsatisfiedKeyColumns for columns column:'id' operator: =
2022-07-15 15:21:36.912 UTC [TRACE] steampipe-plugin-hackernews.plugin: [TRACE] 1657898496602: key column NOT satisfied column:'id' operator: =
2022-07-15 15:21:36.912 UTC [TRACE] steampipe-plugin-hackernews.plugin: [TRACE] 1657898496602: satisfied: map[any_of: optional: required:]
2022-07-15 15:21:36.913 UTC [TRACE] steampipe-plugin-hackernews.plugin: [TRACE] 1657898496602: unsatisfied: map[any_of: optional: required:column:'id' operator: =]
2022-07-15 15:21:36.913 UTC [TRACE] steampipe-plugin-hackernews.plugin: [TRACE] 1657898496602: unsatisfied required KeyColumns: column:'id' operator: =
2022-07-15 15:21:36.913 UTC [TRACE] steampipe-plugin-hackernews.plugin: [TRACE] 1657898496602: Set fetchType to fetchTypeList
2022-07-15 15:21:36.913 UTC [TRACE] steampipe-plugin-hackernews.plugin: [TRACE] 1657898496602: Equals key column quals:
2022-07-15 15:21:36.913 UTC [DEBUG] steampipe-plugin-hackernews.plugin: {}
2022-07-15 15:21:36.913 UTC [TRACE] steampipe-plugin-hackernews.plugin: [TRACE] 1657898496602: All key column quals:
2022-07-15 15:21:36.913 UTC [DEBUG] steampipe-plugin-hackernews.plugin: {}
2022-07-15 15:21:36.913 UTC [TRACE] steampipe-plugin-hackernews.plugin: [TRACE] 1657898496602: calling fetchItems: table=hackernews_new matrixItem=[] limit=<nil>
2022-07-15 15:21:36.913 UTC [TRACE] steampipe-plugin-hackernews.plugin: [TRACE] 1657898496602: Cache ENABLED callId: 1657898496602
2022-07-15 15:21:36.913 UTC [TRACE] steampipe-plugin-hackernews.plugin: [TRACE] 1657898496602: QueryCache Get - indexBucketKey index__hackernewshackernews_new, quals
2022-07-15 15:21:36.913 UTC [TRACE] steampipe-plugin-hackernews.plugin: [TRACE] 1657898496602: buildCacheQualMap col time, quals quals:{fieldName:"time"  string_value:">"  value:{timestamp_value:{seconds:1657894896  nanos:871800000}}}
2022-07-15 15:21:36.913 UTC [TRACE] steampipe-plugin-hackernews.plugin: [TRACE] 1657898496602: EXCLUDING COLUMN
2022-07-15 15:21:36.913 UTC [TRACE] steampipe-plugin-hackernews.plugin: [TRACE] 1657898496602: QueryCache getCachedResult - index bucket key: index__hackernewshackernews_new ttlSeconds 300
2022-07-15 15:21:36.913 UTC [TRACE] steampipe-plugin-hackernews.plugin: [TRACE] 1657898496602: getCachedResult - no index bucket
2022-07-15 15:21:36.913 UTC [TRACE] steampipe-plugin-hackernews.plugin: [TRACE] 1657898496602: getPendingResultItem indexBucketKey index__hackernewshackernews_new, columns [id title time by score dead deleted descendants kids parent parts poll text type url _ctx], limit -1
2022-07-15 15:21:36.913 UTC [TRACE] steampipe-plugin-hackernews.plugin: [TRACE] 1657898496602: no pending index item - add pending result
2022-07-15 15:21:36.913 UTC [TRACE] steampipe-plugin-hackernews.plugin: [TRACE] 1657898496602: addPendingResult indexBucketKey index__hackernewshackernews_new, columns [id title time by score dead deleted descendants kids parent parts poll text type url _ctx], limit -1
2022-07-15 15:21:36.913 UTC [TRACE] steampipe-plugin-hackernews.plugin: [TRACE] 1657898496602: no index bucket found - creating one
2022-07-15 15:21:36.913 UTC [TRACE] steampipe-plugin-hackernews.plugin: [TRACE] 1657898496602: pendingIndexItem Lock count before 0
2022-07-15 15:21:36.913 UTC [TRACE] steampipe-plugin-hackernews.plugin: [TRACE] 1657898496602: getPendingResultItem returning <nil>
2022-07-15 15:21:36.913 UTC [INFO]  steampipe-plugin-hackernews.plugin: [INFO]  1657898496602: CACHE MISS
2022-07-15 15:21:36.913 UTC [TRACE] steampipe-plugin-hackernews.plugin: [TRACE] 1657898496602: fetch items callId: 1657898496602
2022-07-15 15:21:36.913 UTC [TRACE] steampipe-plugin-hackernews.plugin: [TRACE] 1657898496602: buildRows callId: 1657898496602
2022-07-15 15:21:36.913 UTC [TRACE] steampipe-plugin-hackernews.plugin: [TRACE] 1657898496602: streamRows callId: 1657898496602
2022-07-15 15:21:36.914 UTC [TRACE] steampipe-plugin-hackernews.plugin: [TRACE] 1657898496602: executeListCall
2022-07-15 15:21:36.914 UTC [TRACE] steampipe-plugin-hackernews.plugin: [TRACE] 1657898496602: GetUnsatisfiedKeyColumns for columns
2022-07-15 15:21:36.914 UTC [TRACE] steampipe-plugin-hackernews.plugin: [TRACE] 1657898496602: doList: no matrix item
2022-07-15 15:21:37.009 UTC [TRACE] steampipe-plugin-hackernews.plugin: [TRACE] 1657898496602: rowData chan select - channel CLOSED
2022-07-15 15:21:37.009 UTC [TRACE] steampipe-plugin-hackernews.plugin: [TRACE] 1657898496602: wait for rows
2022-07-15 15:21:37.513 UTC [TRACE] steampipe-plugin-hackernews.plugin: [TRACE] 1657898496602: rowWg complete - CLOSING ROW CHANNEL
2022-07-15 15:21:37.514 UTC [TRACE] steampipe-plugin-hackernews.plugin: [TRACE] 1657898496602: row chan closed, stop streaming
2022-07-15 15:21:37.514 UTC [INFO]  steampipe-plugin-hackernews.plugin: [INFO]  1657898496602: ------------------------------------
2022-07-15 15:21:37.514 UTC [INFO]  steampipe-plugin-hackernews.plugin: [INFO]  1657898496602: Concurrency Summary
2022-07-15 15:21:37.514 UTC [INFO]  steampipe-plugin-hackernews.plugin: [INFO]  1657898496602: ------------------------------------
2022-07-15 15:21:37.514 UTC [INFO]  steampipe-plugin-hackernews.plugin: [INFO]  1657898496602: getItem                       : 200
2022-07-15 15:21:37.514 UTC [INFO]  steampipe-plugin-hackernews.plugin: [INFO]  1657898496602: ------------------------------------
2022-07-15 15:21:37.514 UTC [INFO]  steampipe-plugin-hackernews.plugin: [INFO]  1657898496602: Total                         : 200
2022-07-15 15:21:37.514 UTC [INFO]  steampipe-plugin-hackernews.plugin: [INFO]  1657898496602: ------------------------------------
2022-07-15 15:21:37.514 UTC [TRACE] steampipe-plugin-hackernews.plugin: [TRACE] 1657898496602: queryCache.Set callId: 1657898496602
2022-07-15 15:21:37.514 UTC [TRACE] steampipe-plugin-hackernews.plugin: [TRACE] 1657898496602: buildCacheQualMap col time, quals quals:{fieldName:"time"  string_value:">"  value:{timestamp_value:{seconds:1657894896  nanos:871800000}}}
2022-07-15 15:21:37.514 UTC [TRACE] steampipe-plugin-hackernews.plugin: [TRACE] 1657898496602: EXCLUDING COLUMN
2022-07-15 15:21:37.514 UTC [TRACE] steampipe-plugin-hackernews.plugin: [TRACE] 1657898496602: QueryCache Set - connectionName: hackernews, table: hackernews_new, columns: [_ctx by dead deleted descendants id kids parent parts poll score text time title type url], limit -1
2022-07-15 15:21:37.514 UTC [TRACE] steampipe-plugin-hackernews.plugin: [TRACE] 1657898496602: cache item cost = 64000 (500 rows, 16 columns)
2022-07-15 15:21:37.524 UTC [TRACE] steampipe-plugin-hackernews.plugin: [TRACE] 1657898496602: ------------------------------------
2022-07-15 15:21:37.525 UTC [TRACE] steampipe-plugin-hackernews.plugin: [TRACE] 1657898496602: Cache Metrics
2022-07-15 15:21:37.525 UTC [TRACE] steampipe-plugin-hackernews.plugin: [TRACE] 1657898496602: ------------------------------------
2022-07-15 15:21:37.525 UTC [TRACE] steampipe-plugin-hackernews.plugin: [TRACE] 1657898496602: MaxCost: 1073741824
2022-07-15 15:21:37.525 UTC [TRACE] steampipe-plugin-hackernews.plugin: [TRACE] 1657898496602: KeysAdded: 2
2022-07-15 15:21:37.525 UTC [TRACE] steampipe-plugin-hackernews.plugin: [TRACE] 1657898496602: CostAdded: 64113
2022-07-15 15:21:37.525 UTC [TRACE] steampipe-plugin-hackernews.plugin: [TRACE] 1657898496602: KeysEvicted: 0
2022-07-15 15:21:37.525 UTC [TRACE] steampipe-plugin-hackernews.plugin: [TRACE] 1657898496602: CostEvicted: 0
2022-07-15 15:21:37.525 UTC [TRACE] steampipe-plugin-hackernews.plugin: [TRACE] 1657898496602: ------------------------------------
2022-07-15 15:21:37.525 UTC [TRACE] steampipe-plugin-hackernews.plugin: [TRACE] 1657898496602: QueryCache Set() DONE
2022-07-15 15:21:37.525 UTC [TRACE] steampipe-plugin-hackernews.plugin: [TRACE] 1657898496602: pendingItemComplete indexBucketKey index__hackernewshackernews_new, columns [_ctx by dead deleted descendants id kids parent parts poll score text time title type url], limit -1
2022-07-15 15:21:37.525 UTC [TRACE] steampipe-plugin-hackernews.plugin: [TRACE] 1657898496602: got pending index bucket, len 1
2022-07-15 15:21:37.525 UTC [TRACE] steampipe-plugin-hackernews.plugin: [TRACE] 1657898496602: SatisfiesLimit limit -1, no item limit - satisfied
2022-07-15 15:21:37.525 UTC [TRACE] steampipe-plugin-hackernews.plugin: [TRACE] 1657898496602: found pending index item to satisfy columns _ctx,by,dead,deleted,descendants,id,kids,parent,parts,poll,score,text,time,title,type,url, limit -1
2022-07-15 15:21:37.525 UTC [TRACE] steampipe-plugin-hackernews.plugin: [TRACE] 1657898496602: got pending item hackernewshackernews_newid,title,time,by,score,dead,deleted,descendants,kids,parent,parts,poll,text,type,url,_ctx-1 - removing from map as it is complete
2022-07-15 15:21:37.525 UTC [TRACE] steampipe-plugin-hackernews.plugin: [TRACE] 1657898496602: pendingIndexItem Unlock count before 1
2022-07-15 15:21:37.525 UTC [TRACE] steampipe-plugin-hackernews.plugin: [TRACE] 1657898496602: deleted from pending, len 0
2022-07-15 15:21:37.525 UTC [TRACE] steampipe-plugin-hackernews.plugin: [TRACE] 1657898496602: pending bucket now empty - deleting key index__hackernewshackernews_new
2022-07-15 15:21:37.525 UTC [TRACE] steampipe-plugin-hackernews.plugin: [TRACE] 1657898496602: pendingItemComplete done
2022-07-15 15:21:37.525 UTC [TRACE] steampipe-plugin-hackernews.plugin: [TRACE] 1657898496602: Execute complete callId: 1657898496602 table: hackernews_new
2022-07-15 15:21:37.593 UTC [TRACE] PluginManager Shutdown map[csv:0xc00050ec78 hackernews:0xc00000c7e0]
2022-07-15 15:21:37.593 UTC [TRACE] killing plugin hackernews (1922)
2022-07-15 15:21:37.594 UTC [TRACE] stdio: waiting for stdio data
2022-07-15 15:21:37.594 UTC [DEBUG] stdio: received EOF, stopping recv loop: err="rpc error: code = Unavailable desc = error reading from server: EOF"
2022-07-15 15:21:37.597 UTC [INFO]  plugin process exited: path=/home/runner/.steampipe/plugins/hub.steampipe.io/plugins/turbot/hackernews@latest/steampipe-plugin-hackernews.plugin pid=1922
2022-07-15 15:21:37.597 UTC [DEBUG] plugin exited
2022-07-15 15:21:37.597 UTC [TRACE] killing plugin csv (1899)
2022-07-15 15:21:37.597 UTC [TRACE] stdio: waiting for stdio data
2022-07-15 15:21:37.599 UTC [DEBUG] stdio: received EOF, stopping recv loop: err="rpc error: code = Unavailable desc = error reading from server: EOF"
2022-07-15 15:21:37.599 UTC [INFO]  plugin process exited: path=/home/runner/.steampipe/plugins/hub.steampipe.io/plugins/turbot/csv@latest/steampipe-plugin-csv.plugin pid=1899
2022-07-15 15:21:37.599 UTC [DEBUG] plugin exited
2022-07-15 15:21:38.037 UTC [INFO]  starting plugin manager
2022-07-15 15:21:38.037 UTC [TRACE] loaded config map: net,csv,hackernews
2022-07-15 15:21:38.037 UTC [INFO]  starting connection watcher
2022-07-15 15:21:38.037 UTC [INFO]  created ConnectionWatcher
2022-07-15 15:21:38.037 UTC [TRACE] about to serve
2022-07-15 15:21:38.102 UTC [TRACE] PluginManager Get, connections: '[csv]'
2022-07-15 15:21:38.102 UTC [TRACE] PluginManager getPlugin connection 'csv'
2022-07-15 15:21:38.103 UTC [TRACE] PluginManager 0xc0004ffe00 'csv' NOT found in map  - starting
2022-07-15 15:21:38.103 UTC [TRACE] ************ start plugin csv ********************
2022-07-15 15:21:38.103 UTC [DEBUG] starting plugin: path=/home/runner/.steampipe/plugins/hub.steampipe.io/plugins/turbot/csv@latest/steampipe-plugin-csv.plugin args=["/home/runner/.steampipe/plugins/hub.steampipe.io/plugins/turbot/csv@latest/steampipe-plugin-csv.plugin"]
2022-07-15 15:21:38.103 UTC [DEBUG] plugin started: path=/home/runner/.steampipe/plugins/hub.steampipe.io/plugins/turbot/csv@latest/steampipe-plugin-csv.plugin pid=1974
2022-07-15 15:21:38.103 UTC [DEBUG] waiting for RPC address: path=/home/runner/.steampipe/plugins/hub.steampipe.io/plugins/turbot/csv@latest/steampipe-plugin-csv.plugin
2022-07-15 15:21:38.113 UTC [DEBUG] steampipe-plugin-csv.plugin: 2022/07/15 15:21:38 [TRACE] Plugin Initialise creating connection manager
2022-07-15 15:21:38.117 UTC [TRACE] steampipe-plugin-csv.plugin: [TRACE] Setting Ulimit: ulimit=2560
2022-07-15 15:21:38.117 UTC [DEBUG] steampipe-plugin-csv.plugin: plugin address: address=/tmp/plugin3546760129 network=unix timestamp=2022-07-15T15:21:38.117Z
2022-07-15 15:21:38.117 UTC [DEBUG] using plugin: version=0
2022-07-15 15:21:38.117 UTC [TRACE] PluginManager getPlugin complete, returning reattach config with PID: 1974
2022-07-15 15:21:38.118 UTC [TRACE] PluginManager Get returning reattach_map:{key:"csv"  value:{protocol:"grpc"  addr:{Network:"unix"  Address:"/tmp/plugin3546760129"}  pid:1974}}
2022-07-15 15:21:38.124 UTC [TRACE] steampipe-plugin-csv.plugin: [TRACE] validate plugin steampipe-plugin-csv, required columns []
2022-07-15 15:21:38.127 UTC [INFO]  steampipe-plugin-csv.plugin: [INFO]  query cache created
2022-07-15 15:21:38.127 UTC [DEBUG] steampipe-plugin-csv.plugin: [DEBUG] SetConnectionConfig finished
2022-07-15 15:21:38.130 UTC [TRACE] PluginManager Get, connections: '[]'
2022-07-15 15:21:38.130 UTC [TRACE] PluginManager Get returning
2022-07-15 15:21:38.139 UTC [TRACE] handleFileWatcherEvent ignoring first event
2022-07-15 15:21:38.343 UTC [TRACE] PluginManager Get, connections: '[hackernews]'
2022-07-15 15:21:38.343 UTC [TRACE] PluginManager getPlugin connection 'hackernews'
2022-07-15 15:21:38.343 UTC [TRACE] PluginManager 0xc0004ffe00 'hackernews' NOT found in map  - starting
2022-07-15 15:21:38.343 UTC [TRACE] ************ start plugin hackernews ********************
2022-07-15 15:21:38.343 UTC [DEBUG] starting plugin: path=/home/runner/.steampipe/plugins/hub.steampipe.io/plugins/turbot/hackernews@latest/steampipe-plugin-hackernews.plugin args=["/home/runner/.steampipe/plugins/hub.steampipe.io/plugins/turbot/hackernews@latest/steampipe-plugin-hackernews.plugin"]
2022-07-15 15:21:38.343 UTC [DEBUG] plugin started: path=/home/runner/.steampipe/plugins/hub.steampipe.io/plugins/turbot/hackernews@latest/steampipe-plugin-hackernews.plugin pid=1990
2022-07-15 15:21:38.343 UTC [DEBUG] waiting for RPC address: path=/home/runner/.steampipe/plugins/hub.steampipe.io/plugins/turbot/hackernews@latest/steampipe-plugin-hackernews.plugin
2022-07-15 15:21:38.349 UTC [DEBUG] steampipe-plugin-hackernews.plugin: 2022/07/15 15:21:38 [TRACE] Plugin Initialise creating connection manager
2022-07-15 15:21:38.352 UTC [TRACE] steampipe-plugin-hackernews.plugin: [TRACE] Setting Ulimit: ulimit=2560
2022-07-15 15:21:38.353 UTC [DEBUG] steampipe-plugin-hackernews.plugin: plugin address: address=/tmp/plugin2784547016 network=unix timestamp=2022-07-15T15:21:38.353Z
2022-07-15 15:21:38.353 UTC [DEBUG] using plugin: version=0
2022-07-15 15:21:38.353 UTC [TRACE] PluginManager getPlugin complete, returning reattach config with PID: 1990
2022-07-15 15:21:38.353 UTC [TRACE] PluginManager Get returning reattach_map:{key:"hackernews"  value:{protocol:"grpc"  addr:{Network:"unix"  Address:"/tmp/plugin2784547016"}  pid:1990}}
2022-07-15 15:21:38.354 UTC [TRACE] steampipe-plugin-hackernews.plugin: [TRACE] validate plugin steampipe-plugin-hackernews, required columns []
2022-07-15 15:21:38.357 UTC [INFO]  steampipe-plugin-hackernews.plugin: [INFO]  query cache created
2022-07-15 15:21:38.357 UTC [DEBUG] steampipe-plugin-hackernews.plugin: [DEBUG] SetConnectionConfig finished
2022-07-15 15:21:38.359 UTC [TRACE] steampipe-plugin-hackernews.plugin: [TRACE] EXECUTE callId: 1657898498949 table: hackernews_new cols: time
2022-07-15 15:21:38.359 UTC [TRACE] steampipe-plugin-hackernews.plugin: [TRACE] 1657898498949: Execute : connection=hackernews table=hackernews_new
2022-07-15 15:21:38.359 UTC [TRACE] steampipe-plugin-hackernews.plugin: [TRACE] 1657898498949: Got query context: table=hackernews_new cols=[time]
2022-07-15 15:21:38.359 UTC [TRACE] steampipe-plugin-hackernews.plugin: [TRACE] 1657898498949: setFetchType map[time:quals:{fieldName:"time"  string_value:">"  value:{timestamp_value:{seconds:1657894898  nanos:319871000}}}]
2022-07-15 15:21:38.360 UTC [TRACE] steampipe-plugin-hackernews.plugin: [TRACE] 1657898498949: getMatchingQuals column:'id' operator: =
2022-07-15 15:21:38.360 UTC [TRACE] steampipe-plugin-hackernews.plugin: [TRACE] 1657898498949: getMatchingQuals returning false - qualMap does not contain any quals for column id
2022-07-15 15:21:38.360 UTC [TRACE] steampipe-plugin-hackernews.plugin: [TRACE] 1657898498949: GetUnsatisfiedKeyColumns for columns column:'id' operator: =
2022-07-15 15:21:38.361 UTC [TRACE] steampipe-plugin-hackernews.plugin: [TRACE] 1657898498949: key column NOT satisfied column:'id' operator: =
2022-07-15 15:21:38.361 UTC [TRACE] steampipe-plugin-hackernews.plugin: [TRACE] 1657898498949: satisfied: map[any_of: optional: required:]
2022-07-15 15:21:38.363 UTC [TRACE] steampipe-plugin-hackernews.plugin: [TRACE] 1657898498949: unsatisfied: map[any_of: optional: required:column:'id' operator: =]
2022-07-15 15:21:38.363 UTC [TRACE] steampipe-plugin-hackernews.plugin: [TRACE] 1657898498949: unsatisfied required KeyColumns: column:'id' operator: =
2022-07-15 15:21:38.363 UTC [TRACE] steampipe-plugin-hackernews.plugin: [TRACE] 1657898498949: Set fetchType to fetchTypeList
2022-07-15 15:21:38.363 UTC [TRACE] steampipe-plugin-hackernews.plugin: [TRACE] 1657898498949: Equals key column quals:
2022-07-15 15:21:38.363 UTC [DEBUG] steampipe-plugin-hackernews.plugin: {}
2022-07-15 15:21:38.363 UTC [TRACE] steampipe-plugin-hackernews.plugin: [TRACE] 1657898498949: All key column quals:
2022-07-15 15:21:38.363 UTC [DEBUG] steampipe-plugin-hackernews.plugin: {}
2022-07-15 15:21:38.363 UTC [TRACE] steampipe-plugin-hackernews.plugin: [TRACE] 1657898498949: calling fetchItems: table=hackernews_new matrixItem=[] limit=<nil>
2022-07-15 15:21:38.363 UTC [TRACE] steampipe-plugin-hackernews.plugin: [TRACE] 1657898498949: Cache ENABLED callId: 1657898498949
2022-07-15 15:21:38.363 UTC [TRACE] steampipe-plugin-hackernews.plugin: [TRACE] 1657898498949: QueryCache Get - indexBucketKey index__hackernewshackernews_new, quals
2022-07-15 15:21:38.363 UTC [TRACE] steampipe-plugin-hackernews.plugin: [TRACE] 1657898498949: buildCacheQualMap col time, quals quals:{fieldName:"time"  string_value:">"  value:{timestamp_value:{seconds:1657894898  nanos:319871000}}}
2022-07-15 15:21:38.363 UTC [TRACE] steampipe-plugin-hackernews.plugin: [TRACE] 1657898498949: EXCLUDING COLUMN
2022-07-15 15:21:38.363 UTC [TRACE] steampipe-plugin-hackernews.plugin: [TRACE] 1657898498949: QueryCache getCachedResult - index bucket key: index__hackernewshackernews_new ttlSeconds 300
2022-07-15 15:21:38.363 UTC [TRACE] steampipe-plugin-hackernews.plugin: [TRACE] 1657898498949: getCachedResult - no index bucket
2022-07-15 15:21:38.363 UTC [TRACE] steampipe-plugin-hackernews.plugin: [TRACE] 1657898498949: getPendingResultItem indexBucketKey index__hackernewshackernews_new, columns [time], limit -1
2022-07-15 15:21:38.363 UTC [TRACE] steampipe-plugin-hackernews.plugin: [TRACE] 1657898498949: no pending index item - add pending result
2022-07-15 15:21:38.363 UTC [TRACE] steampipe-plugin-hackernews.plugin: [TRACE] 1657898498949: addPendingResult indexBucketKey index__hackernewshackernews_new, columns [time], limit -1
2022-07-15 15:21:38.363 UTC [TRACE] steampipe-plugin-hackernews.plugin: [TRACE] 1657898498949: no index bucket found - creating one
2022-07-15 15:21:38.363 UTC [TRACE] steampipe-plugin-hackernews.plugin: [TRACE] 1657898498949: pendingIndexItem Lock count before 0
2022-07-15 15:21:38.363 UTC [TRACE] steampipe-plugin-hackernews.plugin: [TRACE] 1657898498949: getPendingResultItem returning <nil>
2022-07-15 15:21:38.364 UTC [INFO]  steampipe-plugin-hackernews.plugin: [INFO]  1657898498949: CACHE MISS
2022-07-15 15:21:38.364 UTC [TRACE] steampipe-plugin-hackernews.plugin: [TRACE] 1657898498949: fetch items callId: 1657898498949
2022-07-15 15:21:38.364 UTC [TRACE] steampipe-plugin-hackernews.plugin: [TRACE] 1657898498949: buildRows callId: 1657898498949
2022-07-15 15:21:38.364 UTC [TRACE] steampipe-plugin-hackernews.plugin: [TRACE] 1657898498949: streamRows callId: 1657898498949
2022-07-15 15:21:38.364 UTC [TRACE] steampipe-plugin-hackernews.plugin: [TRACE] 1657898498949: executeListCall
2022-07-15 15:21:38.364 UTC [TRACE] steampipe-plugin-hackernews.plugin: [TRACE] 1657898498949: GetUnsatisfiedKeyColumns for columns
2022-07-15 15:21:38.364 UTC [TRACE] steampipe-plugin-hackernews.plugin: [TRACE] 1657898498949: doList: no matrix item
2022-07-15 15:21:38.451 UTC [TRACE] steampipe-plugin-hackernews.plugin: [TRACE] 1657898498949: rowData chan select - channel CLOSED
2022-07-15 15:21:38.451 UTC [TRACE] steampipe-plugin-hackernews.plugin: [TRACE] 1657898498949: wait for rows
2022-07-15 15:21:38.947 UTC [TRACE] steampipe-plugin-hackernews.plugin: [TRACE] 1657898498949: rowWg complete - CLOSING ROW CHANNEL
2022-07-15 15:21:38.947 UTC [TRACE] steampipe-plugin-hackernews.plugin: [TRACE] 1657898498949: row chan closed, stop streaming
2022-07-15 15:21:38.947 UTC [INFO]  steampipe-plugin-hackernews.plugin: [INFO]  1657898498949: ------------------------------------
2022-07-15 15:21:38.947 UTC [INFO]  steampipe-plugin-hackernews.plugin: [INFO]  1657898498949: Concurrency Summary
2022-07-15 15:21:38.947 UTC [INFO]  steampipe-plugin-hackernews.plugin: [INFO]  1657898498949: ------------------------------------
2022-07-15 15:21:38.947 UTC [INFO]  steampipe-plugin-hackernews.plugin: [INFO]  1657898498949: getItem                       : 200
2022-07-15 15:21:38.947 UTC [INFO]  steampipe-plugin-hackernews.plugin: [INFO]  1657898498949: ------------------------------------
2022-07-15 15:21:38.947 UTC [INFO]  steampipe-plugin-hackernews.plugin: [INFO]  1657898498949: Total                         : 200
2022-07-15 15:21:38.947 UTC [INFO]  steampipe-plugin-hackernews.plugin: [INFO]  1657898498949: ------------------------------------
2022-07-15 15:21:38.947 UTC [TRACE] steampipe-plugin-hackernews.plugin: [TRACE] 1657898498949: queryCache.Set callId: 1657898498949
2022-07-15 15:21:38.947 UTC [TRACE] steampipe-plugin-hackernews.plugin: [TRACE] 1657898498949: buildCacheQualMap col time, quals quals:{fieldName:"time"  string_value:">"  value:{timestamp_value:{seconds:1657894898  nanos:319871000}}}
2022-07-15 15:21:38.947 UTC [TRACE] steampipe-plugin-hackernews.plugin: [TRACE] 1657898498949: EXCLUDING COLUMN
2022-07-15 15:21:38.947 UTC [TRACE] steampipe-plugin-hackernews.plugin: [TRACE] 1657898498949: QueryCache Set - connectionName: hackernews, table: hackernews_new, columns: [_ctx by dead deleted descendants id kids parent parts poll score text time title type url], limit -1
2022-07-15 15:21:38.947 UTC [TRACE] steampipe-plugin-hackernews.plugin: [TRACE] 1657898498949: cache item cost = 64000 (500 rows, 16 columns)
2022-07-15 15:21:38.957 UTC [TRACE] steampipe-plugin-hackernews.plugin: [TRACE] 1657898498949: ------------------------------------
2022-07-15 15:21:38.957 UTC [TRACE] steampipe-plugin-hackernews.plugin: [TRACE] 1657898498949: Cache Metrics
2022-07-15 15:21:38.957 UTC [TRACE] steampipe-plugin-hackernews.plugin: [TRACE] 1657898498949: ------------------------------------
2022-07-15 15:21:38.957 UTC [TRACE] steampipe-plugin-hackernews.plugin: [TRACE] 1657898498949: MaxCost: 1073741824
2022-07-15 15:21:38.957 UTC [TRACE] steampipe-plugin-hackernews.plugin: [TRACE] 1657898498949: KeysAdded: 2
2022-07-15 15:21:38.957 UTC [TRACE] steampipe-plugin-hackernews.plugin: [TRACE] 1657898498949: CostAdded: 64113
2022-07-15 15:21:38.957 UTC [TRACE] steampipe-plugin-hackernews.plugin: [TRACE] 1657898498949: KeysEvicted: 0
2022-07-15 15:21:38.957 UTC [TRACE] steampipe-plugin-hackernews.plugin: [TRACE] 1657898498949: CostEvicted: 0
2022-07-15 15:21:38.957 UTC [TRACE] steampipe-plugin-hackernews.plugin: [TRACE] 1657898498949: ------------------------------------
2022-07-15 15:21:38.957 UTC [TRACE] steampipe-plugin-hackernews.plugin: [TRACE] 1657898498949: QueryCache Set() DONE
2022-07-15 15:21:38.957 UTC [TRACE] steampipe-plugin-hackernews.plugin: [TRACE] 1657898498949: pendingItemComplete indexBucketKey index__hackernewshackernews_new, columns [_ctx by dead deleted descendants id kids parent parts poll score text time title type url], limit -1
2022-07-15 15:21:38.957 UTC [TRACE] steampipe-plugin-hackernews.plugin: [TRACE] 1657898498949: got pending index bucket, len 1
2022-07-15 15:21:38.957 UTC [TRACE] steampipe-plugin-hackernews.plugin: [TRACE] 1657898498949: SatisfiesLimit limit -1, no item limit - satisfied
2022-07-15 15:21:38.957 UTC [TRACE] steampipe-plugin-hackernews.plugin: [TRACE] 1657898498949: found pending index item to satisfy columns _ctx,by,dead,deleted,descendants,id,kids,parent,parts,poll,score,text,time,title,type,url, limit -1
2022-07-15 15:21:38.957 UTC [TRACE] steampipe-plugin-hackernews.plugin: [TRACE] 1657898498949: got pending item hackernewshackernews_newtime-1 - removing from map as it is complete
2022-07-15 15:21:38.957 UTC [TRACE] steampipe-plugin-hackernews.plugin: [TRACE] 1657898498949: pendingIndexItem Unlock count before 1
2022-07-15 15:21:38.957 UTC [TRACE] steampipe-plugin-hackernews.plugin: [TRACE] 1657898498949: deleted from pending, len 0
2022-07-15 15:21:38.957 UTC [TRACE] steampipe-plugin-hackernews.plugin: [TRACE] 1657898498949: pending bucket now empty - deleting key index__hackernewshackernews_new
2022-07-15 15:21:38.957 UTC [TRACE] steampipe-plugin-hackernews.plugin: [TRACE] 1657898498949: pendingItemComplete done
2022-07-15 15:21:38.957 UTC [TRACE] steampipe-plugin-hackernews.plugin: [TRACE] 1657898498949: Execute complete callId: 1657898498949 table: hackernews_new
2022-07-15 15:21:39.062 UTC [TRACE] PluginManager Shutdown map[csv:0xc0004de468 hackernews:0xc0004de3a8]
2022-07-15 15:21:39.062 UTC [TRACE] killing plugin hackernews (1990)
2022-07-15 15:21:39.063 UTC [TRACE] stdio: waiting for stdio data
2022-07-15 15:21:39.063 UTC [DEBUG] stdio: received EOF, stopping recv loop: err="rpc error: code = Unavailable desc = error reading from server: EOF"
2022-07-15 15:21:39.065 UTC [INFO]  plugin process exited: path=/home/runner/.steampipe/plugins/hub.steampipe.io/plugins/turbot/hackernews@latest/steampipe-plugin-hackernews.plugin pid=1990
2022-07-15 15:21:39.065 UTC [DEBUG] plugin exited
2022-07-15 15:21:39.065 UTC [TRACE] killing plugin csv (1974)
2022-07-15 15:21:39.066 UTC [TRACE] stdio: waiting for stdio data
2022-07-15 15:21:39.067 UTC [DEBUG] stdio: received EOF, stopping recv loop: err="rpc error: code = Unavailable desc = error reading from server: EOF"
2022-07-15 15:21:39.068 UTC [INFO]  plugin process exited: path=/home/runner/.steampipe/plugins/hub.steampipe.io/plugins/turbot/csv@latest/steampipe-plugin-csv.plugin pid=1974
2022-07-15 15:21:39.068 UTC [DEBUG] plugin exited
2022-07-15 15:21:54.078 UTC [ERROR] steampipe-plugin-net.plugin: [ERROR] 1657898514885: listRequestResponses do request error: url=? request method=GET error="Get \"?\": unsupported protocol scheme \"\""
2022-07-15 15:23:01.613 UTC [ERROR] steampipe-plugin-csv.plugin: [ERROR] csv.tableCSV: header_parse_error=EOF path=/home/runner/work/steampipe-samples/steampipe-samples/all/hackernews/new_sc.csv header=[]
2022-07-15 15:23:01.613 UTC [ERROR] steampipe-plugin-csv.plugin: [ERROR] csv.PluginTables: create_table_error="failed to parse file header /home/runner/work/steampipe-samples/steampipe-samples/all/hackernews/new_sc.csv: EOF" path=/home/runner/work/steampipe-samples/steampipe-samples/all/hackernews/new_sc.csv
