2022-10-22 03:05:35.616 UTC [WARN]  PluginManager setPluginCacheSizeMap: 1 connection.
2022-10-22 03:05:35.616 UTC [WARN]  Total cache size 0Mb
2022-10-22 03:05:35.682 UTC [WARN]  plugin configured with a nil SecureConfig
2022-10-22 03:05:37.075 UTC [WARN]  PluginManager setPluginCacheSizeMap: 2 connections.
2022-10-22 03:05:37.075 UTC [WARN]  Total cache size 0Mb
2022-10-22 03:05:37.138 UTC [WARN]  plugin configured with a nil SecureConfig
2022-10-22 03:05:38.665 UTC [WARN]  PluginManager setPluginCacheSizeMap: 3 connections.
2022-10-22 03:05:38.665 UTC [WARN]  Total cache size 0Mb
2022-10-22 03:05:38.728 UTC [WARN]  plugin configured with a nil SecureConfig
2022-10-22 03:05:38.760 UTC [WARN]  plugin configured with a nil SecureConfig
2022-10-22 03:05:40.430 UTC [WARN]  PluginManager setPluginCacheSizeMap: 4 connections.
2022-10-22 03:05:40.430 UTC [WARN]  Total cache size 0Mb
2022-10-22 03:05:40.493 UTC [WARN]  plugin configured with a nil SecureConfig
2022-10-22 03:05:40.536 UTC [WARN]  plugin configured with a nil SecureConfig
2022-10-22 03:05:41.475 UTC [INFO]  starting plugin manager
2022-10-22 03:05:41.475 UTC [TRACE] loaded config map: net,csv,github,hackernews
2022-10-22 03:05:41.475 UTC [TRACE] NewPluginManager
2022-10-22 03:05:41.476 UTC [WARN]  PluginManager setPluginCacheSizeMap: 4 connections.
2022-10-22 03:05:41.476 UTC [WARN]  Total cache size 0Mb
2022-10-22 03:05:41.476 UTC [INFO]  starting connection watcher
2022-10-22 03:05:41.476 UTC [INFO]  created ConnectionWatcher
2022-10-22 03:05:41.476 UTC [TRACE] about to serve
2022-10-22 03:05:41.540 UTC [TRACE] PluginManager Get, connections: '[csv]'
2022-10-22 03:05:41.540 UTC [TRACE] PluginManager getPlugin hub.steampipe.io/plugins/turbot/csv@latest connection 'csv'
2022-10-22 03:05:41.540 UTC [TRACE] PluginManager 0xc0002fe690 plugin hub.steampipe.io/plugins/turbot/csv@latest (csv) NOT started or starting - start now
2022-10-22 03:05:41.540 UTC [TRACE] ************ start plugin csv ********************
2022-10-22 03:05:41.540 UTC [WARN]  plugin configured with a nil SecureConfig
2022-10-22 03:05:41.540 UTC [DEBUG] starting plugin: path=/home/runner/.steampipe/plugins/hub.steampipe.io/plugins/turbot/csv@latest/steampipe-plugin-csv.plugin args=["/home/runner/.steampipe/plugins/hub.steampipe.io/plugins/turbot/csv@latest/steampipe-plugin-csv.plugin"]
2022-10-22 03:05:41.541 UTC [DEBUG] plugin started: path=/home/runner/.steampipe/plugins/hub.steampipe.io/plugins/turbot/csv@latest/steampipe-plugin-csv.plugin pid=2003
2022-10-22 03:05:41.541 UTC [DEBUG] waiting for RPC address: path=/home/runner/.steampipe/plugins/hub.steampipe.io/plugins/turbot/csv@latest/steampipe-plugin-csv.plugin
2022-10-22 03:05:41.547 UTC [INFO]  steampipe-plugin-csv.plugin: [INFO]  Initialise plugin 'steampipe-plugin-csv', using sdk version 4.1.7
2022-10-22 03:05:41.547 UTC [TRACE] steampipe-plugin-csv.plugin: [TRACE] no DefaultRetryConfig defined - creating empty
2022-10-22 03:05:41.548 UTC [TRACE] steampipe-plugin-csv.plugin: [TRACE] no DefaultIgnoreConfig defined - creating empty
2022-10-22 03:05:41.548 UTC [TRACE] steampipe-plugin-csv.plugin: [TRACE] Setting Ulimit: ulimit=2560
2022-10-22 03:05:41.548 UTC [TRACE] steampipe-plugin-csv.plugin: [TRACE] telemetry.Init service 'steampipe-plugin-csv', tracingEnabled: false, metricsEnabled: false
2022-10-22 03:05:41.548 UTC [TRACE] steampipe-plugin-csv.plugin: [TRACE] metrics and tracing disabled' - returning
2022-10-22 03:05:41.548 UTC [DEBUG] steampipe-plugin-csv.plugin: plugin address: address=/tmp/plugin3905863259 network=unix timestamp=2022-10-22T03:05:41.548Z
2022-10-22 03:05:41.548 UTC [DEBUG] using plugin: version=0
2022-10-22 03:05:41.548 UTC [TRACE] NewPluginClient for plugin hub.steampipe.io/plugins/turbot/csv@latest
2022-10-22 03:05:41.550 UTC [TRACE] stdio: waiting for stdio data
2022-10-22 03:05:41.551 UTC [TRACE] supportedOperations: query_cache:true multiple_connections:true
2022-10-22 03:05:41.553 UTC [TRACE] steampipe-plugin-csv.plugin: [TRACE] SetAllConnectionConfigs setting 1 configs
2022-10-22 03:05:41.553 UTC [TRACE] steampipe-plugin-csv.plugin: [TRACE] connection csv build schema and table map
2022-10-22 03:05:41.553 UTC [DEBUG] steampipe-plugin-csv.plugin: [DEBUG] csv.tableCSV: path=/home/runner/work/steampipe-samples/steampipe-samples/all/hackernews/hn_items_all.csv detected_encoding=Unknown
2022-10-22 03:05:41.553 UTC [DEBUG] steampipe-plugin-csv.plugin: [DEBUG] csv.tableCSV: path=/home/runner/work/steampipe-samples/steampipe-samples/all/hackernews/new_sc.csv detected_encoding=Unknown
2022-10-22 03:05:41.553 UTC [DEBUG] steampipe-plugin-csv.plugin: [DEBUG] csv.tableCSV: path=/home/runner/work/steampipe-samples/steampipe-samples/all/hackernews/people.csv detected_encoding=Unknown
2022-10-22 03:05:41.553 UTC [TRACE] steampipe-plugin-csv.plugin: [TRACE] initialise table /home/runner/work/steampipe-samples/steampipe-samples/all/hackernews/hn_items_all.csv
2022-10-22 03:05:41.553 UTC [TRACE] steampipe-plugin-csv.plugin: [TRACE] no DefaultRetryConfig defined - creating empty
2022-10-22 03:05:41.553 UTC [TRACE] steampipe-plugin-csv.plugin: [TRACE] no DefaultIgnoreConfig defined - creating empty
2022-10-22 03:05:41.553 UTC [TRACE] steampipe-plugin-csv.plugin: [TRACE] apply plugin defaults for DefaultRetryConfig
2022-10-22 03:05:41.553 UTC [TRACE] steampipe-plugin-csv.plugin: [TRACE] apply plugin defaults for DefaultIgnoreConfig, table &{<nil> <nil>} plugin &{<nil> <nil>}
2022-10-22 03:05:41.553 UTC [TRACE] steampipe-plugin-csv.plugin: [TRACE] DefaultRetryConfig:
2022-10-22 03:05:41.553 UTC [TRACE] steampipe-plugin-csv.plugin: [TRACE] DefaultIgnoreConfig:
2022-10-22 03:05:41.553 UTC [TRACE] steampipe-plugin-csv.plugin: [TRACE] t.List.initialise
2022-10-22 03:05:41.553 UTC [TRACE] steampipe-plugin-csv.plugin: [TRACE] ListConfig.initialise table /home/runner/work/steampipe-samples/steampipe-samples/all/hackernews/hn_items_all.csv
2022-10-22 03:05:41.553 UTC [TRACE] steampipe-plugin-csv.plugin: [TRACE] ListConfig.initialise complete: RetryConfig: , IgnoreConfig
2022-10-22 03:05:41.553 UTC [TRACE] steampipe-plugin-csv.plugin: [TRACE] back from initialiseHydrateConfigs
2022-10-22 03:05:41.553 UTC [TRACE] steampipe-plugin-csv.plugin: [TRACE] initialise table /home/runner/work/steampipe-samples/steampipe-samples/all/hackernews/hn_items_all.csv COMPLETE
2022-10-22 03:05:41.553 UTC [TRACE] steampipe-plugin-csv.plugin: [TRACE] initialise table /home/runner/work/steampipe-samples/steampipe-samples/all/hackernews/new_sc.csv
2022-10-22 03:05:41.553 UTC [TRACE] steampipe-plugin-csv.plugin: [TRACE] no DefaultRetryConfig defined - creating empty
2022-10-22 03:05:41.553 UTC [TRACE] steampipe-plugin-csv.plugin: [TRACE] no DefaultIgnoreConfig defined - creating empty
2022-10-22 03:05:41.553 UTC [TRACE] steampipe-plugin-csv.plugin: [TRACE] apply plugin defaults for DefaultRetryConfig
2022-10-22 03:05:41.553 UTC [TRACE] steampipe-plugin-csv.plugin: [TRACE] apply plugin defaults for DefaultIgnoreConfig, table &{<nil> <nil>} plugin &{<nil> <nil>}
2022-10-22 03:05:41.553 UTC [TRACE] steampipe-plugin-csv.plugin: [TRACE] DefaultRetryConfig:
2022-10-22 03:05:41.553 UTC [TRACE] steampipe-plugin-csv.plugin: [TRACE] DefaultIgnoreConfig:
2022-10-22 03:05:41.553 UTC [TRACE] steampipe-plugin-csv.plugin: [TRACE] t.List.initialise
2022-10-22 03:05:41.553 UTC [TRACE] steampipe-plugin-csv.plugin: [TRACE] ListConfig.initialise table /home/runner/work/steampipe-samples/steampipe-samples/all/hackernews/new_sc.csv
2022-10-22 03:05:41.553 UTC [TRACE] steampipe-plugin-csv.plugin: [TRACE] ListConfig.initialise complete: RetryConfig: , IgnoreConfig
2022-10-22 03:05:41.553 UTC [TRACE] steampipe-plugin-csv.plugin: [TRACE] back from initialiseHydrateConfigs
2022-10-22 03:05:41.553 UTC [TRACE] steampipe-plugin-csv.plugin: [TRACE] initialise table /home/runner/work/steampipe-samples/steampipe-samples/all/hackernews/new_sc.csv COMPLETE
2022-10-22 03:05:41.553 UTC [TRACE] steampipe-plugin-csv.plugin: [TRACE] initialise table /home/runner/work/steampipe-samples/steampipe-samples/all/hackernews/people.csv
2022-10-22 03:05:41.553 UTC [TRACE] steampipe-plugin-csv.plugin: [TRACE] no DefaultRetryConfig defined - creating empty
2022-10-22 03:05:41.553 UTC [TRACE] steampipe-plugin-csv.plugin: [TRACE] no DefaultIgnoreConfig defined - creating empty
2022-10-22 03:05:41.553 UTC [TRACE] steampipe-plugin-csv.plugin: [TRACE] apply plugin defaults for DefaultRetryConfig
2022-10-22 03:05:41.553 UTC [TRACE] steampipe-plugin-csv.plugin: [TRACE] apply plugin defaults for DefaultIgnoreConfig, table &{<nil> <nil>} plugin &{<nil> <nil>}
2022-10-22 03:05:41.553 UTC [TRACE] steampipe-plugin-csv.plugin: [TRACE] DefaultRetryConfig:
2022-10-22 03:05:41.553 UTC [TRACE] steampipe-plugin-csv.plugin: [TRACE] DefaultIgnoreConfig:
2022-10-22 03:05:41.553 UTC [TRACE] steampipe-plugin-csv.plugin: [TRACE] t.List.initialise
2022-10-22 03:05:41.553 UTC [TRACE] steampipe-plugin-csv.plugin: [TRACE] ListConfig.initialise table /home/runner/work/steampipe-samples/steampipe-samples/all/hackernews/people.csv
2022-10-22 03:05:41.553 UTC [TRACE] steampipe-plugin-csv.plugin: [TRACE] ListConfig.initialise complete: RetryConfig: , IgnoreConfig
2022-10-22 03:05:41.553 UTC [TRACE] steampipe-plugin-csv.plugin: [TRACE] back from initialiseHydrateConfigs
2022-10-22 03:05:41.553 UTC [TRACE] steampipe-plugin-csv.plugin: [TRACE] initialise table /home/runner/work/steampipe-samples/steampipe-samples/all/hackernews/people.csv COMPLETE
2022-10-22 03:05:41.553 UTC [TRACE] steampipe-plugin-csv.plugin: [TRACE] validate plugin steampipe-plugin-csv, required columns []
2022-10-22 03:05:41.553 UTC [TRACE] steampipe-plugin-csv.plugin: [TRACE] validate DefaultRetryConfig
2022-10-22 03:05:41.553 UTC [TRACE] steampipe-plugin-csv.plugin: [TRACE] validate DefaultIgnoreConfig
2022-10-22 03:05:41.553 UTC [TRACE] steampipe-plugin-csv.plugin: [TRACE] validate table names
2022-10-22 03:05:41.553 UTC [TRACE] steampipe-plugin-csv.plugin: [TRACE] plugin has 0 validation errors
2022-10-22 03:05:41.553 UTC [TRACE] steampipe-plugin-csv.plugin: [TRACE] Plugin ensureCache creating cache, maxCacheStorageMb 0
2022-10-22 03:05:41.553 UTC [TRACE] steampipe-plugin-csv.plugin: [TRACE] createCacheStore for plugin 'steampipe-plugin-csv' setting max size to 0Mb, Shards: 2, max shard size: 0
2022-10-22 03:05:41.565 UTC [INFO]  steampipe-plugin-csv.plugin: [INFO]  query cache created
2022-10-22 03:05:41.565 UTC [DEBUG] steampipe-plugin-csv.plugin: [DEBUG] SetAllConnectionConfigs finished
2022-10-22 03:05:41.566 UTC [TRACE] PluginManager getPlugin complete, returning reattach config with PID: 2003
2022-10-22 03:05:41.566 UTC [TRACE] PluginManager Get returning reattach_map:{key:"csv" value:{protocol:"grpc" addr:{Network:"unix" Address:"/tmp/plugin3905863259"} pid:2003 supported_operations:{query_cache:true multiple_connections:true} connections:"csv" plugin:"hub.steampipe.io/plugins/turbot/csv@latest"}}
2022-10-22 03:05:41.577 UTC [TRACE] handleFileWatcherEvent ignoring first event
2022-10-22 03:05:41.646 UTC [TRACE] PluginManager Get, connections: '[csv]'
2022-10-22 03:05:41.646 UTC [TRACE] PluginManager getPlugin hub.steampipe.io/plugins/turbot/csv@latest connection 'csv'
2022-10-22 03:05:41.646 UTC [TRACE] connection csv found in connectionPluginMap
2022-10-22 03:05:41.646 UTC [TRACE] initialized: 2003
2022-10-22 03:05:41.646 UTC [TRACE] initialized: 2003
2022-10-22 03:05:41.646 UTC [TRACE] connection csv is loaded, check for running PID
2022-10-22 03:05:41.647 UTC [TRACE] PluginManager found 'csv' in map, pid 2003
2022-10-22 03:05:41.647 UTC [TRACE] PluginManager Get returning reattach_map:{key:"csv" value:{protocol:"grpc" addr:{Network:"unix" Address:"/tmp/plugin3905863259"} pid:2003 supported_operations:{query_cache:true multiple_connections:true} connections:"csv" plugin:"hub.steampipe.io/plugins/turbot/csv@latest"}}
2022-10-22 03:05:41.797 UTC [TRACE] PluginManager Get, connections: '[hackernews]'
2022-10-22 03:05:41.797 UTC [TRACE] PluginManager getPlugin hub.steampipe.io/plugins/turbot/hackernews@latest connection 'hackernews'
2022-10-22 03:05:41.797 UTC [TRACE] PluginManager 0xc0002fe690 plugin hub.steampipe.io/plugins/turbot/hackernews@latest (hackernews) NOT started or starting - start now
2022-10-22 03:05:41.797 UTC [TRACE] ************ start plugin hackernews ********************
2022-10-22 03:05:41.797 UTC [WARN]  plugin configured with a nil SecureConfig
2022-10-22 03:05:41.797 UTC [DEBUG] starting plugin: path=/home/runner/.steampipe/plugins/hub.steampipe.io/plugins/turbot/hackernews@latest/steampipe-plugin-hackernews.plugin args=["/home/runner/.steampipe/plugins/hub.steampipe.io/plugins/turbot/hackernews@latest/steampipe-plugin-hackernews.plugin"]
2022-10-22 03:05:41.797 UTC [DEBUG] plugin started: path=/home/runner/.steampipe/plugins/hub.steampipe.io/plugins/turbot/hackernews@latest/steampipe-plugin-hackernews.plugin pid=2027
2022-10-22 03:05:41.797 UTC [DEBUG] waiting for RPC address: path=/home/runner/.steampipe/plugins/hub.steampipe.io/plugins/turbot/hackernews@latest/steampipe-plugin-hackernews.plugin
2022-10-22 03:05:41.809 UTC [INFO]  steampipe-plugin-hackernews.plugin: [INFO]  Initialise plugin 'steampipe-plugin-hackernews', using sdk version 4.1.7
2022-10-22 03:05:41.809 UTC [TRACE] steampipe-plugin-hackernews.plugin: [TRACE] defaulting SchemaMode to SchemaModeStatic
2022-10-22 03:05:41.809 UTC [TRACE] steampipe-plugin-hackernews.plugin: [TRACE] no DefaultRetryConfig defined - creating empty
2022-10-22 03:05:41.809 UTC [TRACE] steampipe-plugin-hackernews.plugin: [TRACE] no DefaultIgnoreConfig defined - creating empty
2022-10-22 03:05:41.809 UTC [TRACE] steampipe-plugin-hackernews.plugin: [TRACE] Setting Ulimit: ulimit=2560
2022-10-22 03:05:41.809 UTC [TRACE] steampipe-plugin-hackernews.plugin: [TRACE] telemetry.Init service 'steampipe-plugin-hackernews', tracingEnabled: false, metricsEnabled: false
2022-10-22 03:05:41.809 UTC [TRACE] steampipe-plugin-hackernews.plugin: [TRACE] metrics and tracing disabled' - returning
2022-10-22 03:05:41.810 UTC [DEBUG] steampipe-plugin-hackernews.plugin: plugin address: address=/tmp/plugin151166376 network=unix timestamp=2022-10-22T03:05:41.810Z
2022-10-22 03:05:41.810 UTC [DEBUG] using plugin: version=0
2022-10-22 03:05:41.810 UTC [TRACE] NewPluginClient for plugin hub.steampipe.io/plugins/turbot/hackernews@latest
2022-10-22 03:05:41.811 UTC [TRACE] stdio: waiting for stdio data
2022-10-22 03:05:41.812 UTC [TRACE] supportedOperations: query_cache:true multiple_connections:true
2022-10-22 03:05:41.812 UTC [TRACE] steampipe-plugin-hackernews.plugin: [TRACE] SetAllConnectionConfigs setting 1 configs
2022-10-22 03:05:41.812 UTC [TRACE] steampipe-plugin-hackernews.plugin: [TRACE] connection hackernews build schema and table map
2022-10-22 03:05:41.812 UTC [TRACE] steampipe-plugin-hackernews.plugin: [TRACE] initialise table hackernews_top
2022-10-22 03:05:41.812 UTC [TRACE] steampipe-plugin-hackernews.plugin: [TRACE] no DefaultRetryConfig defined - creating empty
2022-10-22 03:05:41.812 UTC [TRACE] steampipe-plugin-hackernews.plugin: [TRACE] no DefaultIgnoreConfig defined - creating empty
2022-10-22 03:05:41.812 UTC [TRACE] steampipe-plugin-hackernews.plugin: [TRACE] apply plugin defaults for DefaultRetryConfig
2022-10-22 03:05:41.812 UTC [TRACE] steampipe-plugin-hackernews.plugin: [TRACE] apply plugin defaults for DefaultIgnoreConfig, table &{<nil> <nil>} plugin &{<nil> <nil>}
2022-10-22 03:05:41.812 UTC [TRACE] steampipe-plugin-hackernews.plugin: [TRACE] DefaultRetryConfig:
2022-10-22 03:05:41.812 UTC [TRACE] steampipe-plugin-hackernews.plugin: [TRACE] DefaultIgnoreConfig:
2022-10-22 03:05:41.812 UTC [TRACE] steampipe-plugin-hackernews.plugin: [TRACE] t.Get.initialise
2022-10-22 03:05:41.812 UTC [TRACE] steampipe-plugin-hackernews.plugin: [TRACE] GetConfig.initialise table hackernews_top
2022-10-22 03:05:41.812 UTC [TRACE] steampipe-plugin-hackernews.plugin: [TRACE] GetConfig.initialise complete: RetryConfig: , IgnoreConfig:
2022-10-22 03:05:41.812 UTC [TRACE] steampipe-plugin-hackernews.plugin: [TRACE] t.List.initialise
2022-10-22 03:05:41.812 UTC [TRACE] steampipe-plugin-hackernews.plugin: [TRACE] ListConfig.initialise table hackernews_top
2022-10-22 03:05:41.812 UTC [TRACE] steampipe-plugin-hackernews.plugin: [TRACE] ListConfig.initialise complete: RetryConfig: , IgnoreConfig
2022-10-22 03:05:41.812 UTC [TRACE] steampipe-plugin-hackernews.plugin: [TRACE] HydrateConfig.initialise func getItem, table hackernews_top
2022-10-22 03:05:41.812 UTC [TRACE] steampipe-plugin-hackernews.plugin: [TRACE] HydrateConfig.initialise complete: RetryConfig: , IgnoreConfig:
2022-10-22 03:05:41.812 UTC [TRACE] steampipe-plugin-hackernews.plugin: [TRACE] back from initialiseHydrateConfigs
2022-10-22 03:05:41.812 UTC [TRACE] steampipe-plugin-hackernews.plugin: [TRACE] initialise table hackernews_top COMPLETE
2022-10-22 03:05:41.812 UTC [TRACE] steampipe-plugin-hackernews.plugin: [TRACE] initialise table hackernews_user
2022-10-22 03:05:41.812 UTC [TRACE] steampipe-plugin-hackernews.plugin: [TRACE] no DefaultRetryConfig defined - creating empty
2022-10-22 03:05:41.812 UTC [TRACE] steampipe-plugin-hackernews.plugin: [TRACE] no DefaultIgnoreConfig defined - creating empty
2022-10-22 03:05:41.812 UTC [TRACE] steampipe-plugin-hackernews.plugin: [TRACE] apply plugin defaults for DefaultRetryConfig
2022-10-22 03:05:41.812 UTC [TRACE] steampipe-plugin-hackernews.plugin: [TRACE] apply plugin defaults for DefaultIgnoreConfig, table &{<nil> <nil>} plugin &{<nil> <nil>}
2022-10-22 03:05:41.812 UTC [TRACE] steampipe-plugin-hackernews.plugin: [TRACE] DefaultRetryConfig:
2022-10-22 03:05:41.812 UTC [TRACE] steampipe-plugin-hackernews.plugin: [TRACE] DefaultIgnoreConfig:
2022-10-22 03:05:41.812 UTC [TRACE] steampipe-plugin-hackernews.plugin: [TRACE] t.List.initialise
2022-10-22 03:05:41.812 UTC [TRACE] steampipe-plugin-hackernews.plugin: [TRACE] ListConfig.initialise table hackernews_user
2022-10-22 03:05:41.812 UTC [TRACE] steampipe-plugin-hackernews.plugin: [TRACE] ListConfig.initialise complete: RetryConfig: , IgnoreConfig
2022-10-22 03:05:41.812 UTC [TRACE] steampipe-plugin-hackernews.plugin: [TRACE] back from initialiseHydrateConfigs
2022-10-22 03:05:41.812 UTC [TRACE] steampipe-plugin-hackernews.plugin: [TRACE] initialise table hackernews_user COMPLETE
2022-10-22 03:05:41.812 UTC [TRACE] steampipe-plugin-hackernews.plugin: [TRACE] initialise table hackernews_ask_hn
2022-10-22 03:05:41.812 UTC [TRACE] steampipe-plugin-hackernews.plugin: [TRACE] no DefaultRetryConfig defined - creating empty
2022-10-22 03:05:41.812 UTC [TRACE] steampipe-plugin-hackernews.plugin: [TRACE] no DefaultIgnoreConfig defined - creating empty
2022-10-22 03:05:41.812 UTC [TRACE] steampipe-plugin-hackernews.plugin: [TRACE] apply plugin defaults for DefaultRetryConfig
2022-10-22 03:05:41.812 UTC [TRACE] steampipe-plugin-hackernews.plugin: [TRACE] apply plugin defaults for DefaultIgnoreConfig, table &{<nil> <nil>} plugin &{<nil> <nil>}
2022-10-22 03:05:41.812 UTC [TRACE] steampipe-plugin-hackernews.plugin: [TRACE] DefaultRetryConfig:
2022-10-22 03:05:41.812 UTC [TRACE] steampipe-plugin-hackernews.plugin: [TRACE] DefaultIgnoreConfig:
2022-10-22 03:05:41.812 UTC [TRACE] steampipe-plugin-hackernews.plugin: [TRACE] t.Get.initialise
2022-10-22 03:05:41.812 UTC [TRACE] steampipe-plugin-hackernews.plugin: [TRACE] GetConfig.initialise table hackernews_ask_hn
2022-10-22 03:05:41.812 UTC [TRACE] steampipe-plugin-hackernews.plugin: [TRACE] GetConfig.initialise complete: RetryConfig: , IgnoreConfig:
2022-10-22 03:05:41.812 UTC [TRACE] steampipe-plugin-hackernews.plugin: [TRACE] t.List.initialise
2022-10-22 03:05:41.812 UTC [TRACE] steampipe-plugin-hackernews.plugin: [TRACE] ListConfig.initialise table hackernews_ask_hn
2022-10-22 03:05:41.812 UTC [TRACE] steampipe-plugin-hackernews.plugin: [TRACE] ListConfig.initialise complete: RetryConfig: , IgnoreConfig
2022-10-22 03:05:41.812 UTC [TRACE] steampipe-plugin-hackernews.plugin: [TRACE] HydrateConfig.initialise func getItem, table hackernews_ask_hn
2022-10-22 03:05:41.812 UTC [TRACE] steampipe-plugin-hackernews.plugin: [TRACE] HydrateConfig.initialise complete: RetryConfig: , IgnoreConfig:
2022-10-22 03:05:41.812 UTC [TRACE] steampipe-plugin-hackernews.plugin: [TRACE] back from initialiseHydrateConfigs
2022-10-22 03:05:41.812 UTC [TRACE] steampipe-plugin-hackernews.plugin: [TRACE] initialise table hackernews_ask_hn COMPLETE
2022-10-22 03:05:41.812 UTC [TRACE] steampipe-plugin-hackernews.plugin: [TRACE] initialise table hackernews_best
2022-10-22 03:05:41.812 UTC [TRACE] steampipe-plugin-hackernews.plugin: [TRACE] no DefaultRetryConfig defined - creating empty
2022-10-22 03:05:41.812 UTC [TRACE] steampipe-plugin-hackernews.plugin: [TRACE] no DefaultIgnoreConfig defined - creating empty
2022-10-22 03:05:41.812 UTC [TRACE] steampipe-plugin-hackernews.plugin: [TRACE] apply plugin defaults for DefaultRetryConfig
2022-10-22 03:05:41.812 UTC [TRACE] steampipe-plugin-hackernews.plugin: [TRACE] apply plugin defaults for DefaultIgnoreConfig, table &{<nil> <nil>} plugin &{<nil> <nil>}
2022-10-22 03:05:41.812 UTC [TRACE] steampipe-plugin-hackernews.plugin: [TRACE] DefaultRetryConfig:
2022-10-22 03:05:41.812 UTC [TRACE] steampipe-plugin-hackernews.plugin: [TRACE] DefaultIgnoreConfig:
2022-10-22 03:05:41.812 UTC [TRACE] steampipe-plugin-hackernews.plugin: [TRACE] t.Get.initialise
2022-10-22 03:05:41.812 UTC [TRACE] steampipe-plugin-hackernews.plugin: [TRACE] GetConfig.initialise table hackernews_best
2022-10-22 03:05:41.812 UTC [TRACE] steampipe-plugin-hackernews.plugin: [TRACE] GetConfig.initialise complete: RetryConfig: , IgnoreConfig:
2022-10-22 03:05:41.812 UTC [TRACE] steampipe-plugin-hackernews.plugin: [TRACE] t.List.initialise
2022-10-22 03:05:41.812 UTC [TRACE] steampipe-plugin-hackernews.plugin: [TRACE] ListConfig.initialise table hackernews_best
2022-10-22 03:05:41.812 UTC [TRACE] steampipe-plugin-hackernews.plugin: [TRACE] ListConfig.initialise complete: RetryConfig: , IgnoreConfig
2022-10-22 03:05:41.812 UTC [TRACE] steampipe-plugin-hackernews.plugin: [TRACE] HydrateConfig.initialise func getItem, table hackernews_best
2022-10-22 03:05:41.812 UTC [TRACE] steampipe-plugin-hackernews.plugin: [TRACE] HydrateConfig.initialise complete: RetryConfig: , IgnoreConfig:
2022-10-22 03:05:41.812 UTC [TRACE] steampipe-plugin-hackernews.plugin: [TRACE] back from initialiseHydrateConfigs
2022-10-22 03:05:41.812 UTC [TRACE] steampipe-plugin-hackernews.plugin: [TRACE] initialise table hackernews_best COMPLETE
2022-10-22 03:05:41.812 UTC [TRACE] steampipe-plugin-hackernews.plugin: [TRACE] initialise table hackernews_item
2022-10-22 03:05:41.812 UTC [TRACE] steampipe-plugin-hackernews.plugin: [TRACE] no DefaultRetryConfig defined - creating empty
2022-10-22 03:05:41.812 UTC [TRACE] steampipe-plugin-hackernews.plugin: [TRACE] no DefaultIgnoreConfig defined - creating empty
2022-10-22 03:05:41.812 UTC [TRACE] steampipe-plugin-hackernews.plugin: [TRACE] apply plugin defaults for DefaultRetryConfig
2022-10-22 03:05:41.812 UTC [TRACE] steampipe-plugin-hackernews.plugin: [TRACE] apply plugin defaults for DefaultIgnoreConfig, table &{<nil> <nil>} plugin &{<nil> <nil>}
2022-10-22 03:05:41.812 UTC [TRACE] steampipe-plugin-hackernews.plugin: [TRACE] DefaultRetryConfig:
2022-10-22 03:05:41.812 UTC [TRACE] steampipe-plugin-hackernews.plugin: [TRACE] DefaultIgnoreConfig:
2022-10-22 03:05:41.812 UTC [TRACE] steampipe-plugin-hackernews.plugin: [TRACE] t.Get.initialise
2022-10-22 03:05:41.812 UTC [TRACE] steampipe-plugin-hackernews.plugin: [TRACE] GetConfig.initialise table hackernews_item
2022-10-22 03:05:41.812 UTC [TRACE] steampipe-plugin-hackernews.plugin: [TRACE] GetConfig.initialise complete: RetryConfig: , IgnoreConfig:
2022-10-22 03:05:41.812 UTC [TRACE] steampipe-plugin-hackernews.plugin: [TRACE] t.List.initialise
2022-10-22 03:05:41.812 UTC [TRACE] steampipe-plugin-hackernews.plugin: [TRACE] ListConfig.initialise table hackernews_item
2022-10-22 03:05:41.812 UTC [TRACE] steampipe-plugin-hackernews.plugin: [TRACE] ListConfig.initialise complete: RetryConfig: , IgnoreConfig
2022-10-22 03:05:41.812 UTC [TRACE] steampipe-plugin-hackernews.plugin: [TRACE] HydrateConfig.initialise func getItem, table hackernews_item
2022-10-22 03:05:41.812 UTC [TRACE] steampipe-plugin-hackernews.plugin: [TRACE] HydrateConfig.initialise complete: RetryConfig: , IgnoreConfig:
2022-10-22 03:05:41.812 UTC [TRACE] steampipe-plugin-hackernews.plugin: [TRACE] back from initialiseHydrateConfigs
2022-10-22 03:05:41.812 UTC [TRACE] steampipe-plugin-hackernews.plugin: [TRACE] initialise table hackernews_item COMPLETE
2022-10-22 03:05:41.812 UTC [TRACE] steampipe-plugin-hackernews.plugin: [TRACE] initialise table hackernews_job
2022-10-22 03:05:41.812 UTC [TRACE] steampipe-plugin-hackernews.plugin: [TRACE] no DefaultRetryConfig defined - creating empty
2022-10-22 03:05:41.812 UTC [TRACE] steampipe-plugin-hackernews.plugin: [TRACE] no DefaultIgnoreConfig defined - creating empty
2022-10-22 03:05:41.812 UTC [TRACE] steampipe-plugin-hackernews.plugin: [TRACE] apply plugin defaults for DefaultRetryConfig
2022-10-22 03:05:41.812 UTC [TRACE] steampipe-plugin-hackernews.plugin: [TRACE] apply plugin defaults for DefaultIgnoreConfig, table &{<nil> <nil>} plugin &{<nil> <nil>}
2022-10-22 03:05:41.812 UTC [TRACE] steampipe-plugin-hackernews.plugin: [TRACE] DefaultRetryConfig:
2022-10-22 03:05:41.812 UTC [TRACE] steampipe-plugin-hackernews.plugin: [TRACE] DefaultIgnoreConfig:
2022-10-22 03:05:41.812 UTC [TRACE] steampipe-plugin-hackernews.plugin: [TRACE] t.Get.initialise
2022-10-22 03:05:41.812 UTC [TRACE] steampipe-plugin-hackernews.plugin: [TRACE] GetConfig.initialise table hackernews_job
2022-10-22 03:05:41.812 UTC [TRACE] steampipe-plugin-hackernews.plugin: [TRACE] GetConfig.initialise complete: RetryConfig: , IgnoreConfig:
2022-10-22 03:05:41.812 UTC [TRACE] steampipe-plugin-hackernews.plugin: [TRACE] t.List.initialise
2022-10-22 03:05:41.812 UTC [TRACE] steampipe-plugin-hackernews.plugin: [TRACE] ListConfig.initialise table hackernews_job
2022-10-22 03:05:41.813 UTC [TRACE] steampipe-plugin-hackernews.plugin: [TRACE] ListConfig.initialise complete: RetryConfig: , IgnoreConfig
2022-10-22 03:05:41.813 UTC [TRACE] steampipe-plugin-hackernews.plugin: [TRACE] HydrateConfig.initialise func getItem, table hackernews_job
2022-10-22 03:05:41.813 UTC [TRACE] steampipe-plugin-hackernews.plugin: [TRACE] HydrateConfig.initialise complete: RetryConfig: , IgnoreConfig:
2022-10-22 03:05:41.813 UTC [TRACE] steampipe-plugin-hackernews.plugin: [TRACE] back from initialiseHydrateConfigs
2022-10-22 03:05:41.813 UTC [TRACE] steampipe-plugin-hackernews.plugin: [TRACE] initialise table hackernews_job COMPLETE
2022-10-22 03:05:41.813 UTC [TRACE] steampipe-plugin-hackernews.plugin: [TRACE] initialise table hackernews_new
2022-10-22 03:05:41.813 UTC [TRACE] steampipe-plugin-hackernews.plugin: [TRACE] no DefaultRetryConfig defined - creating empty
2022-10-22 03:05:41.813 UTC [TRACE] steampipe-plugin-hackernews.plugin: [TRACE] no DefaultIgnoreConfig defined - creating empty
2022-10-22 03:05:41.813 UTC [TRACE] steampipe-plugin-hackernews.plugin: [TRACE] apply plugin defaults for DefaultRetryConfig
2022-10-22 03:05:41.813 UTC [TRACE] steampipe-plugin-hackernews.plugin: [TRACE] apply plugin defaults for DefaultIgnoreConfig, table &{<nil> <nil>} plugin &{<nil> <nil>}
2022-10-22 03:05:41.813 UTC [TRACE] steampipe-plugin-hackernews.plugin: [TRACE] DefaultRetryConfig:
2022-10-22 03:05:41.813 UTC [TRACE] steampipe-plugin-hackernews.plugin: [TRACE] DefaultIgnoreConfig:
2022-10-22 03:05:41.813 UTC [TRACE] steampipe-plugin-hackernews.plugin: [TRACE] t.Get.initialise
2022-10-22 03:05:41.813 UTC [TRACE] steampipe-plugin-hackernews.plugin: [TRACE] GetConfig.initialise table hackernews_new
2022-10-22 03:05:41.813 UTC [TRACE] steampipe-plugin-hackernews.plugin: [TRACE] GetConfig.initialise complete: RetryConfig: , IgnoreConfig:
2022-10-22 03:05:41.813 UTC [TRACE] steampipe-plugin-hackernews.plugin: [TRACE] t.List.initialise
2022-10-22 03:05:41.813 UTC [TRACE] steampipe-plugin-hackernews.plugin: [TRACE] ListConfig.initialise table hackernews_new
2022-10-22 03:05:41.813 UTC [TRACE] steampipe-plugin-hackernews.plugin: [TRACE] ListConfig.initialise complete: RetryConfig: , IgnoreConfig
2022-10-22 03:05:41.813 UTC [TRACE] steampipe-plugin-hackernews.plugin: [TRACE] HydrateConfig.initialise func getItem, table hackernews_new
2022-10-22 03:05:41.813 UTC [TRACE] steampipe-plugin-hackernews.plugin: [TRACE] HydrateConfig.initialise complete: RetryConfig: , IgnoreConfig:
2022-10-22 03:05:41.813 UTC [TRACE] steampipe-plugin-hackernews.plugin: [TRACE] back from initialiseHydrateConfigs
2022-10-22 03:05:41.813 UTC [TRACE] steampipe-plugin-hackernews.plugin: [TRACE] initialise table hackernews_new COMPLETE
2022-10-22 03:05:41.813 UTC [TRACE] steampipe-plugin-hackernews.plugin: [TRACE] initialise table hackernews_show_hn
2022-10-22 03:05:41.813 UTC [TRACE] steampipe-plugin-hackernews.plugin: [TRACE] no DefaultRetryConfig defined - creating empty
2022-10-22 03:05:41.813 UTC [TRACE] steampipe-plugin-hackernews.plugin: [TRACE] no DefaultIgnoreConfig defined - creating empty
2022-10-22 03:05:41.814 UTC [TRACE] steampipe-plugin-hackernews.plugin: [TRACE] apply plugin defaults for DefaultRetryConfig
2022-10-22 03:05:41.814 UTC [TRACE] steampipe-plugin-hackernews.plugin: [TRACE] apply plugin defaults for DefaultIgnoreConfig, table &{<nil> <nil>} plugin &{<nil> <nil>}
2022-10-22 03:05:41.814 UTC [TRACE] steampipe-plugin-hackernews.plugin: [TRACE] DefaultRetryConfig:
2022-10-22 03:05:41.814 UTC [TRACE] steampipe-plugin-hackernews.plugin: [TRACE] DefaultIgnoreConfig:
2022-10-22 03:05:41.814 UTC [TRACE] steampipe-plugin-hackernews.plugin: [TRACE] t.Get.initialise
2022-10-22 03:05:41.814 UTC [TRACE] steampipe-plugin-hackernews.plugin: [TRACE] GetConfig.initialise table hackernews_show_hn
2022-10-22 03:05:41.814 UTC [TRACE] steampipe-plugin-hackernews.plugin: [TRACE] GetConfig.initialise complete: RetryConfig: , IgnoreConfig:
2022-10-22 03:05:41.814 UTC [TRACE] steampipe-plugin-hackernews.plugin: [TRACE] t.List.initialise
2022-10-22 03:05:41.814 UTC [TRACE] steampipe-plugin-hackernews.plugin: [TRACE] ListConfig.initialise table hackernews_show_hn
2022-10-22 03:05:41.814 UTC [TRACE] steampipe-plugin-hackernews.plugin: [TRACE] ListConfig.initialise complete: RetryConfig: , IgnoreConfig
2022-10-22 03:05:41.814 UTC [TRACE] steampipe-plugin-hackernews.plugin: [TRACE] HydrateConfig.initialise func getItem, table hackernews_show_hn
2022-10-22 03:05:41.814 UTC [TRACE] steampipe-plugin-hackernews.plugin: [TRACE] HydrateConfig.initialise complete: RetryConfig: , IgnoreConfig:
2022-10-22 03:05:41.814 UTC [TRACE] steampipe-plugin-hackernews.plugin: [TRACE] back from initialiseHydrateConfigs
2022-10-22 03:05:41.814 UTC [TRACE] steampipe-plugin-hackernews.plugin: [TRACE] initialise table hackernews_show_hn COMPLETE
2022-10-22 03:05:41.814 UTC [TRACE] steampipe-plugin-hackernews.plugin: [TRACE] validate plugin steampipe-plugin-hackernews, required columns []
2022-10-22 03:05:41.814 UTC [TRACE] steampipe-plugin-hackernews.plugin: [TRACE] validate DefaultRetryConfig
2022-10-22 03:05:41.814 UTC [TRACE] steampipe-plugin-hackernews.plugin: [TRACE] validate DefaultIgnoreConfig
2022-10-22 03:05:41.814 UTC [TRACE] steampipe-plugin-hackernews.plugin: [TRACE] validate table names
2022-10-22 03:05:41.814 UTC [TRACE] steampipe-plugin-hackernews.plugin: [TRACE] plugin has 0 validation errors
2022-10-22 03:05:41.814 UTC [TRACE] steampipe-plugin-hackernews.plugin: [TRACE] Plugin ensureCache creating cache, maxCacheStorageMb 0
2022-10-22 03:05:41.814 UTC [TRACE] steampipe-plugin-hackernews.plugin: [TRACE] createCacheStore for plugin 'steampipe-plugin-hackernews' setting max size to 0Mb, Shards: 2, max shard size: 0
2022-10-22 03:05:41.832 UTC [INFO]  steampipe-plugin-hackernews.plugin: [INFO]  query cache created
2022-10-22 03:05:41.832 UTC [DEBUG] steampipe-plugin-hackernews.plugin: [DEBUG] SetAllConnectionConfigs finished
2022-10-22 03:05:41.832 UTC [TRACE] PluginManager getPlugin complete, returning reattach config with PID: 2027
2022-10-22 03:05:41.832 UTC [TRACE] PluginManager Get returning reattach_map:{key:"hackernews" value:{protocol:"grpc" addr:{Network:"unix" Address:"/tmp/plugin151166376"} pid:2027 supported_operations:{query_cache:true multiple_connections:true} connections:"hackernews" plugin:"hub.steampipe.io/plugins/turbot/hackernews@latest"}}
2022-10-22 03:05:41.836 UTC [INFO]  steampipe-plugin-hackernews.plugin: [INFO]  1666407941285: Plugin Execute (1666407941285)
2022-10-22 03:05:41.836 UTC [TRACE] steampipe-plugin-hackernews.plugin: [TRACE] 1666407941285: No memory limit set
2022-10-22 03:05:41.836 UTC [INFO]  steampipe-plugin-hackernews.plugin: [INFO]  1666407941285: Plugin Execute, setting memory limit to -1Mb
2022-10-22 03:05:41.836 UTC [TRACE] steampipe-plugin-hackernews.plugin: [TRACE] 1666407941285: calling ExtractContextFromCarrier
2022-10-22 03:05:41.836 UTC [INFO]  steampipe-plugin-hackernews.plugin: [INFO]  1666407941285: Setting max concurrent connections to 25
2022-10-22 03:05:41.836 UTC [TRACE] steampipe-plugin-hackernews.plugin: [TRACE] 1666407941285: executeForConnection callId: 1666407941285, connectionCallId: hackernews-1666407941285, connection: hackernews table: hackernews_new cols: id,title,time,by,score,dead,deleted,descendants,kids,parent,parts,poll,text,type,url,_ctx
2022-10-22 03:05:41.836 UTC [TRACE] steampipe-plugin-hackernews.plugin: [TRACE] 1666407941285: got connection data
2022-10-22 03:05:41.836 UTC [TRACE] steampipe-plugin-hackernews.plugin: [TRACE] 1666407941285: Got query context, table: hackernews_new, cols: [id title time by score dead deleted descendants kids parent parts poll text type url _ctx]
2022-10-22 03:05:41.836 UTC [TRACE] steampipe-plugin-hackernews.plugin: [TRACE] 1666407941285: Start execute span
2022-10-22 03:05:41.836 UTC [INFO]  steampipe-plugin-hackernews.plugin: [INFO]  1666407941285: Setting free memory interval to 100 rows
2022-10-22 03:05:41.836 UTC [TRACE] steampipe-plugin-hackernews.plugin: [TRACE] 1666407941285: setFetchType map[time:quals:{fieldName:"time"  string_value:">"  value:{timestamp_value:{seconds:1666404341  nanos:779737000}}}]
2022-10-22 03:05:41.837 UTC [TRACE] steampipe-plugin-hackernews.plugin: [TRACE] 1666407941285: getMatchingQuals column:'id' operator: =
2022-10-22 03:05:41.837 UTC [TRACE] steampipe-plugin-hackernews.plugin: [TRACE] 1666407941285: getMatchingQuals returning false - qualMap does not contain any quals for column id
2022-10-22 03:05:41.837 UTC [TRACE] steampipe-plugin-hackernews.plugin: [TRACE] 1666407941285: GetUnsatisfiedKeyColumns for columns column:'id' operator: =
2022-10-22 03:05:41.838 UTC [TRACE] steampipe-plugin-hackernews.plugin: [TRACE] 1666407941285: key column NOT satisfied column:'id' operator: =
2022-10-22 03:05:41.838 UTC [TRACE] steampipe-plugin-hackernews.plugin: [TRACE] 1666407941285: satisfied: map[any_of: optional: required:]
2022-10-22 03:05:41.838 UTC [TRACE] steampipe-plugin-hackernews.plugin: [TRACE] 1666407941285: unsatisfied: map[any_of: optional: required:column:'id' operator: =]
2022-10-22 03:05:41.839 UTC [TRACE] steampipe-plugin-hackernews.plugin: [TRACE] 1666407941285: unsatisfied required KeyColumns: column:'id' operator: =
2022-10-22 03:05:41.839 UTC [TRACE] steampipe-plugin-hackernews.plugin: [TRACE] 1666407941285: Set fetchType to fetchTypeList
2022-10-22 03:05:41.839 UTC [TRACE] steampipe-plugin-hackernews.plugin: [TRACE] 1666407941285: Equals key column quals:
2022-10-22 03:05:41.839 UTC [DEBUG] steampipe-plugin-hackernews.plugin: {}
2022-10-22 03:05:41.839 UTC [TRACE] steampipe-plugin-hackernews.plugin: [TRACE] 1666407941285: All key column quals:
2022-10-22 03:05:41.839 UTC [DEBUG] steampipe-plugin-hackernews.plugin: {}
2022-10-22 03:05:41.839 UTC [TRACE] steampipe-plugin-hackernews.plugin: [TRACE] 1666407941285: GetMatrixItem
2022-10-22 03:05:41.839 UTC [TRACE] steampipe-plugin-hackernews.plugin: [TRACE] 1666407941285: creating query data
2022-10-22 03:05:41.839 UTC [INFO]  steampipe-plugin-hackernews.plugin: [INFO]  1666407941285: cacheEnabled, trying cache get (hackernews-1666407941285)
2022-10-22 03:05:41.839 UTC [TRACE] steampipe-plugin-hackernews.plugin: [TRACE] 1666407941285: QueryCache Get - indexBucketKey index__hackernewshackernews_new, quals
2022-10-22 03:05:41.839 UTC [TRACE] steampipe-plugin-hackernews.plugin: [TRACE] 1666407941285: QueryCache getCachedQueryResult - table hackernews_new, connectionName hackernews
2022-10-22 03:05:41.839 UTC [TRACE] steampipe-plugin-hackernews.plugin: [TRACE] 1666407941285: index bucket key: index__hackernewshackernews_new ttlSeconds 300 limit: -1
2022-10-22 03:05:41.839 UTC [TRACE] steampipe-plugin-hackernews.plugin: [TRACE] 1666407941285: doGet cache miss
2022-10-22 03:05:41.839 UTC [TRACE] steampipe-plugin-hackernews.plugin: [TRACE] 1666407941285: getCachedIndexBucket - no item retrieved for cache key index__hackernewshackernews_new
2022-10-22 03:05:41.839 UTC [TRACE] steampipe-plugin-hackernews.plugin: [TRACE] 1666407941285: getCachedQueryResult returned CACHE MISS - checking for pending transfers
2022-10-22 03:05:41.839 UTC [TRACE] steampipe-plugin-hackernews.plugin: [TRACE] 1666407941285: getPendingResultItem indexBucketKey index__hackernewshackernews_new, columns [id title time by score dead deleted descendants kids parent parts poll text type url _ctx], limit -1
2022-10-22 03:05:41.839 UTC [TRACE] steampipe-plugin-hackernews.plugin: [TRACE] 1666407941285: no pending index item - add pending result, indexBucketKey index__hackernewshackernews_new
2022-10-22 03:05:41.839 UTC [TRACE] steampipe-plugin-hackernews.plugin: [TRACE] 1666407941285: addPendingResult (hackernews-1666407941285) indexBucketKey index__hackernewshackernews_new, columns [id title time by score dead deleted descendants kids parent parts poll text type url _ctx], limit -1
2022-10-22 03:05:41.839 UTC [TRACE] steampipe-plugin-hackernews.plugin: [TRACE] 1666407941285: no index bucket found - creating one
2022-10-22 03:05:41.839 UTC [TRACE] steampipe-plugin-hackernews.plugin: [TRACE] 1666407941285: pendingIndexItem Lock count before 0
2022-10-22 03:05:41.839 UTC [TRACE] steampipe-plugin-hackernews.plugin: [TRACE] 1666407941285: addPendingResult added pending index item to bucket, (hackernews-1666407941285) indexBucketKey index__hackernewshackernews_new, resultKeyRoot hackernewshackernews_newid,title,time,by,score,dead,deleted,descendants,kids,parent,parts,poll,text,type,url,_ctx-1, pending item : 0xc000426030
2022-10-22 03:05:41.839 UTC [TRACE] steampipe-plugin-hackernews.plugin: [TRACE] 1666407941285: **** pending items (hackernews-1666407941285)****
2022-10-22 03:05:41.839 UTC [TRACE] steampipe-plugin-hackernews.plugin: [TRACE] 1666407941285: key: index__hackernewshackernews_new: item: 0xc000426030, count: 1, key:hackernewshackernews_newid,title,time,by,score,dead,deleted,descendants,kids,parent,parts,poll,text,type,url,_ctx-1
2022-10-22 03:05:41.839 UTC [TRACE] steampipe-plugin-hackernews.plugin: [TRACE] 1666407941285: ********
2022-10-22 03:05:41.839 UTC [TRACE] steampipe-plugin-hackernews.plugin: [TRACE] 1666407941285: getPendingResultItem returning <nil>
2022-10-22 03:05:41.839 UTC [INFO]  steampipe-plugin-hackernews.plugin: [INFO]  1666407941285: CACHE MISS
2022-10-22 03:05:41.839 UTC [TRACE] steampipe-plugin-hackernews.plugin: [TRACE] 1666407941285: cache MISS
2022-10-22 03:05:41.839 UTC [INFO]  steampipe-plugin-hackernews.plugin: [INFO]  1666407941285: queryCacheGet returned CACHE MISS (hackernews-1666407941285)
2022-10-22 03:05:41.839 UTC [TRACE] steampipe-plugin-hackernews.plugin: [TRACE] 1666407941285: StartSet (hackernews-1666407941285)
2022-10-22 03:05:41.839 UTC [TRACE] steampipe-plugin-hackernews.plugin: [TRACE] 1666407941285: calling fetchItems, table: hackernews_new, matrixItem: [], limit: -1,  connectionCallId: hackernews-1666407941285"
2022-10-22 03:05:41.839 UTC [TRACE] steampipe-plugin-hackernews.plugin: [TRACE] 1666407941285: buildRowsAsync connectionCallId: hackernews-1666407941285
2022-10-22 03:05:41.839 UTC [TRACE] steampipe-plugin-hackernews.plugin: [TRACE] 1666407941285: streamRows connectionCallId: hackernews-1666407941285
2022-10-22 03:05:41.839 UTC [TRACE] steampipe-plugin-hackernews.plugin: [TRACE] 1666407941285: QueryData streamRows (hackernews-1666407941285)
2022-10-22 03:05:41.839 UTC [TRACE] steampipe-plugin-hackernews.plugin: [TRACE] 1666407941285: executeListCall START (hackernews-1666407941285)
2022-10-22 03:05:41.839 UTC [TRACE] steampipe-plugin-hackernews.plugin: [TRACE] 1666407941285: GetUnsatisfiedKeyColumns for columns
2022-10-22 03:05:41.839 UTC [TRACE] steampipe-plugin-hackernews.plugin: [TRACE] 1666407941285: doList (hackernews-1666407941285)
2022-10-22 03:05:41.839 UTC [TRACE] steampipe-plugin-hackernews.plugin: [TRACE] 1666407941285: doList: no matrix item
2022-10-22 03:05:42.434 UTC [TRACE] steampipe-plugin-hackernews.plugin: [TRACE] 1666407941285: QueryData.fetchComplete
2022-10-22 03:05:42.434 UTC [TRACE] steampipe-plugin-hackernews.plugin: [TRACE] 1666407941285: executeListCall COMPLETE (hackernews-1666407941285)
2022-10-22 03:05:42.434 UTC [TRACE] steampipe-plugin-hackernews.plugin: [TRACE] 1666407941285: rowData chan returned nil - wait for rows to complete (hackernews-1666407941285)
2022-10-22 03:05:43.006 UTC [TRACE] stdio: received data: channel=STDOUT len=281
2022-10-22 03:05:43.006 UTC [TRACE] stdio: waiting for stdio data
2022-10-22 03:05:43.047 UTC [TRACE] stdio: received data: channel=STDOUT len=1024
2022-10-22 03:05:43.047 UTC [TRACE] stdio: waiting for stdio data
2022-10-22 03:05:43.073 UTC [TRACE] stdio: received data: channel=STDOUT len=194
2022-10-22 03:05:43.073 UTC [TRACE] stdio: waiting for stdio data
2022-10-22 03:05:43.125 UTC [TRACE] stdio: received data: channel=STDOUT len=599
2022-10-22 03:05:43.125 UTC [TRACE] stdio: waiting for stdio data
2022-10-22 03:05:43.225 UTC [TRACE] stdio: received data: channel=STDOUT len=1024
2022-10-22 03:05:43.225 UTC [TRACE] stdio: waiting for stdio data
2022-10-22 03:05:43.249 UTC [TRACE] stdio: received data: channel=STDOUT len=641
2022-10-22 03:05:43.249 UTC [TRACE] stdio: waiting for stdio data
2022-10-22 03:05:43.249 UTC [TRACE] stdio: received data: channel=STDOUT len=17
2022-10-22 03:05:43.249 UTC [TRACE] stdio: waiting for stdio data
2022-10-22 03:05:43.264 UTC [TRACE] steampipe-plugin-hackernews.plugin: [TRACE] 1666407941285: buildRowsAsync goroutine returning (hackernews-1666407941285)
2022-10-22 03:05:43.264 UTC [TRACE] steampipe-plugin-hackernews.plugin: [TRACE] 1666407941285: streamRows - nil row, stop streaming (hackernews-1666407941285)
2022-10-22 03:05:43.264 UTC [TRACE] steampipe-plugin-hackernews.plugin: [TRACE] 1666407941285: ------------------------------------
2022-10-22 03:05:43.264 UTC [TRACE] steampipe-plugin-hackernews.plugin: [TRACE] 1666407941285: Concurrency Summary
2022-10-22 03:05:43.264 UTC [TRACE] steampipe-plugin-hackernews.plugin: [TRACE] 1666407941285: ------------------------------------
2022-10-22 03:05:43.264 UTC [TRACE] steampipe-plugin-hackernews.plugin: [TRACE] 1666407941285: getItem                       : 200
2022-10-22 03:05:43.264 UTC [TRACE] steampipe-plugin-hackernews.plugin: [TRACE] 1666407941285: ------------------------------------
2022-10-22 03:05:43.264 UTC [TRACE] steampipe-plugin-hackernews.plugin: [TRACE] 1666407941285: Total                         : 200
2022-10-22 03:05:43.264 UTC [TRACE] steampipe-plugin-hackernews.plugin: [TRACE] 1666407941285: ------------------------------------
2022-10-22 03:05:43.264 UTC [TRACE] steampipe-plugin-hackernews.plugin: [TRACE] 1666407941285: QueryData streamRows DONE (hackernews-1666407941285)
2022-10-22 03:05:43.264 UTC [TRACE] steampipe-plugin-hackernews.plugin: [TRACE] 1666407941285: EndSet (hackernews-1666407941285) table hackernews_new
2022-10-22 03:05:43.264 UTC [TRACE] steampipe-plugin-hackernews.plugin: [TRACE] 1666407941285: QueryCache writePageToCache: 500 rows, pageCount 1, page key hackernewshackernews_newid,title,time,by,score,dead,deleted,descendants,kids,parent,parts,poll,text,type,url,_ctx-1-0
2022-10-22 03:05:43.266 UTC [TRACE] stdio: received data: channel=STDOUT len=18
2022-10-22 03:05:43.266 UTC [TRACE] stdio: waiting for stdio data
2022-10-22 03:05:43.273 UTC [TRACE] steampipe-plugin-hackernews.plugin: [TRACE] 1666407941285: writePageToCache Set - result written
2022-10-22 03:05:43.273 UTC [TRACE] steampipe-plugin-hackernews.plugin: [TRACE] 1666407941285: QueryCache EndSet - result written
2022-10-22 03:05:43.273 UTC [TRACE] steampipe-plugin-hackernews.plugin: [TRACE] 1666407941285: doGet cache miss
2022-10-22 03:05:43.273 UTC [TRACE] steampipe-plugin-hackernews.plugin: [TRACE] 1666407941285: getCachedIndexBucket - no item retrieved for cache key index__hackernewshackernews_new
2022-10-22 03:05:43.273 UTC [TRACE] steampipe-plugin-hackernews.plugin: [TRACE] 1666407941285: getCachedIndexBucket returned cache miss
2022-10-22 03:05:43.273 UTC [TRACE] steampipe-plugin-hackernews.plugin: [TRACE] 1666407941285: QueryCache EndSet - Added index item (0xc0149081e0) to bucket (0xc01b02e5d0), page count 1,  key root hackernewshackernews_newid,title,time,by,score,dead,deleted,descendants,kids,parent,parts,poll,text,type,url,_ctx-1
2022-10-22 03:05:43.273 UTC [TRACE] steampipe-plugin-hackernews.plugin: [TRACE] 1666407941285: cacheSetIndexBucket index__hackernewshackernews_new
2022-10-22 03:05:43.273 UTC [TRACE] steampipe-plugin-hackernews.plugin: [TRACE] 1666407941285: QueryCache EndSet - IndexBucket written
2022-10-22 03:05:43.273 UTC [TRACE] steampipe-plugin-hackernews.plugin: [TRACE] 1666407941285: EndSet DEFER (hackernews-1666407941285) table hackernews_new
2022-10-22 03:05:43.273 UTC [TRACE] steampipe-plugin-hackernews.plugin: [TRACE] 1666407941285: calling pendingItemComplete (hackernews-1666407941285)
2022-10-22 03:05:43.273 UTC [TRACE] steampipe-plugin-hackernews.plugin: [TRACE] 1666407941285: pendingItemComplete (hackernews-1666407941285) indexBucketKey index__hackernewshackernews_new, columns [id title time by score dead deleted descendants kids parent parts poll text type url _ctx], limit -1
2022-10-22 03:05:43.273 UTC [TRACE] steampipe-plugin-hackernews.plugin: [TRACE] 1666407941285: got pending index bucket, (hackernews-1666407941285) len 1
2022-10-22 03:05:43.273 UTC [TRACE] steampipe-plugin-hackernews.plugin: [TRACE] 1666407941285: SatisfiesLimit limit -1, no item limit - satisfied
2022-10-22 03:05:43.273 UTC [TRACE] steampipe-plugin-hackernews.plugin: [TRACE] 1666407941285: found pending index item to satisfy columns id,title,time,by,score,dead,deleted,descendants,kids,parent,parts,poll,text,type,url,_ctx, limit -1
2022-10-22 03:05:43.273 UTC [TRACE] steampipe-plugin-hackernews.plugin: [TRACE] 1666407941285: found completed pending item (hackernews-1666407941285) 0xc000426030, key hackernewshackernews_newid,title,time,by,score,dead,deleted,descendants,kids,parent,parts,poll,text,type,url,_ctx-1 - removing from map as it is complete
2022-10-22 03:05:43.273 UTC [TRACE] steampipe-plugin-hackernews.plugin: [TRACE] 1666407941285: pendingIndexItem Unlock count before 1 key hackernewshackernews_newid,title,time,by,score,dead,deleted,descendants,kids,parent,parts,poll,text,type,url,_ctx-1
2022-10-22 03:05:43.273 UTC [TRACE] steampipe-plugin-hackernews.plugin: [TRACE] 1666407941285: deleted from pending, (hackernews-1666407941285) len 0
2022-10-22 03:05:43.273 UTC [TRACE] steampipe-plugin-hackernews.plugin: [TRACE] 1666407941285: pending bucket now empty - deleting key index__hackernewshackernews_new
2022-10-22 03:05:43.273 UTC [TRACE] steampipe-plugin-hackernews.plugin: [TRACE] 1666407941285: pendingItemComplete done (hackernews-1666407941285)
2022-10-22 03:05:43.273 UTC [TRACE] steampipe-plugin-hackernews.plugin: [TRACE] 1666407941285: cache set succeeded
2022-10-22 03:05:43.273 UTC [TRACE] steampipe-plugin-hackernews.plugin: [TRACE] 1666407941285: End execute span
2022-10-22 03:05:43.273 UTC [TRACE] steampipe-plugin-hackernews.plugin: [TRACE] 1666407941285: executeForConnection DEFER (hackernews-1666407941285)
2022-10-22 03:05:43.273 UTC [TRACE] steampipe-plugin-hackernews.plugin: [TRACE] 1666407941285: Execute complete callId: hackernews-1666407941285 table: hackernews_new
2022-10-22 03:05:43.273 UTC [TRACE] steampipe-plugin-hackernews.plugin: [TRACE] 1666407941285: executeForConnection hackernews returned
2022-10-22 03:05:43.273 UTC [TRACE] steampipe-plugin-hackernews.plugin: [TRACE] 1666407941285: output wg complete - send nil row
2022-10-22 03:05:43.273 UTC [TRACE] steampipe-plugin-hackernews.plugin: [TRACE] 1666407941285: empty row on output channel - we are done
2022-10-22 03:05:43.273 UTC [INFO]  steampipe-plugin-hackernews.plugin: [INFO]  1666407941285: Plugin Execute complete (1666407941285)
2022-10-22 03:05:43.335 UTC [TRACE] PluginManager Shutdown
2022-10-22 03:05:43.336 UTC [TRACE] killing plugin csv (2003)
2022-10-22 03:05:43.337 UTC [TRACE] steampipe-plugin-csv.plugin: [TRACE] FLUSHING instrumentation
2022-10-22 03:05:43.337 UTC [TRACE] steampipe-plugin-csv.plugin: [TRACE] Shutdown instrumentation
2022-10-22 03:05:43.337 UTC [INFO]  plugin process exited: path=/home/runner/.steampipe/plugins/hub.steampipe.io/plugins/turbot/csv@latest/steampipe-plugin-csv.plugin pid=2003
2022-10-22 03:05:43.337 UTC [DEBUG] stdio: received EOF, stopping recv loop: err="rpc error: code = Unavailable desc = error reading from server: EOF"
2022-10-22 03:05:43.337 UTC [DEBUG] plugin exited
2022-10-22 03:05:43.337 UTC [TRACE] killing plugin hackernews (2027)
2022-10-22 03:05:43.338 UTC [TRACE] steampipe-plugin-hackernews.plugin: [TRACE] 1666407941285: FLUSHING instrumentation
2022-10-22 03:05:43.338 UTC [TRACE] steampipe-plugin-hackernews.plugin: [TRACE] 1666407941285: Shutdown instrumentation
2022-10-22 03:05:43.341 UTC [DEBUG] stdio: received EOF, stopping recv loop: err="rpc error: code = Unavailable desc = error reading from server: EOF"
2022-10-22 03:05:43.341 UTC [INFO]  plugin process exited: path=/home/runner/.steampipe/plugins/hub.steampipe.io/plugins/turbot/hackernews@latest/steampipe-plugin-hackernews.plugin pid=2027
2022-10-22 03:05:43.341 UTC [DEBUG] plugin exited
2022-10-22 03:05:46.477 UTC [WARN]  PluginManager setPluginCacheSizeMap: 4 connections.
2022-10-22 03:05:46.477 UTC [WARN]  Total cache size 0Mb
2022-10-22 03:05:46.541 UTC [WARN]  plugin configured with a nil SecureConfig
2022-10-22 03:05:46.803 UTC [WARN]  steampipe-plugin-csv.plugin: [WARN]  1666407946155: getKeyColumnsForTable found no schema for table '/home/runner/work/steampipe-samples/steampipe-samples/all/hackernews/hn.csv'
2022-10-22 03:06:06.264 UTC [WARN]  PluginManager setPluginCacheSizeMap: 4 connections.
2022-10-22 03:06:06.265 UTC [WARN]  Total cache size 0Mb
2022-10-22 03:06:06.330 UTC [WARN]  plugin configured with a nil SecureConfig
2022-10-22 03:06:06.505 UTC [WARN]  steampipe-plugin-csv.plugin: [WARN]  1666407966191: getKeyColumnsForTable found no schema for table '/home/runner/work/steampipe-samples/steampipe-samples/all/hackernews/hn.csv'
2022-10-22 03:06:25.673 UTC [WARN]  PluginManager setPluginCacheSizeMap: 4 connections.
2022-10-22 03:06:25.673 UTC [WARN]  Total cache size 0Mb
2022-10-22 03:06:25.740 UTC [WARN]  plugin configured with a nil SecureConfig
2022-10-22 03:06:26.880 UTC [WARN]  PluginManager setPluginCacheSizeMap: 4 connections.
2022-10-22 03:06:26.880 UTC [WARN]  Total cache size 0Mb
2022-10-22 03:06:26.944 UTC [WARN]  plugin configured with a nil SecureConfig
2022-10-22 03:06:27.880 UTC [WARN]  PluginManager setPluginCacheSizeMap: 4 connections.
2022-10-22 03:06:27.880 UTC [WARN]  Total cache size 0Mb
2022-10-22 03:06:27.944 UTC [WARN]  plugin configured with a nil SecureConfig
2022-10-22 03:06:28.739 UTC [WARN]  PluginManager setPluginCacheSizeMap: 4 connections.
2022-10-22 03:06:28.739 UTC [WARN]  Total cache size 0Mb
2022-10-22 03:06:28.804 UTC [WARN]  plugin configured with a nil SecureConfig
2022-10-22 03:06:29.623 UTC [WARN]  PluginManager setPluginCacheSizeMap: 4 connections.
2022-10-22 03:06:29.623 UTC [WARN]  Total cache size 0Mb
2022-10-22 03:06:29.688 UTC [WARN]  plugin configured with a nil SecureConfig
2022-10-22 03:06:30.490 UTC [WARN]  PluginManager setPluginCacheSizeMap: 4 connections.
2022-10-22 03:06:30.490 UTC [WARN]  Total cache size 0Mb
2022-10-22 03:06:30.555 UTC [WARN]  plugin configured with a nil SecureConfig
2022-10-22 03:06:31.380 UTC [WARN]  PluginManager setPluginCacheSizeMap: 4 connections.
2022-10-22 03:06:31.380 UTC [WARN]  Total cache size 0Mb
2022-10-22 03:06:31.445 UTC [WARN]  plugin configured with a nil SecureConfig
2022-10-22 03:06:32.214 UTC [WARN]  PluginManager setPluginCacheSizeMap: 4 connections.
2022-10-22 03:06:32.214 UTC [WARN]  Total cache size 0Mb
2022-10-22 03:06:32.279 UTC [WARN]  plugin configured with a nil SecureConfig
2022-10-22 03:06:32.452 UTC [WARN]  plugin configured with a nil SecureConfig
2022-10-22 03:07:33.494 UTC [WARN]  PluginManager setPluginCacheSizeMap: 4 connections.
2022-10-22 03:07:33.494 UTC [WARN]  Total cache size 0Mb
2022-10-22 03:07:33.559 UTC [WARN]  plugin configured with a nil SecureConfig
2022-10-22 03:07:34.328 UTC [WARN]  PluginManager setPluginCacheSizeMap: 4 connections.
2022-10-22 03:07:34.328 UTC [WARN]  Total cache size 0Mb
2022-10-22 03:07:34.392 UTC [WARN]  plugin configured with a nil SecureConfig
2022-10-22 03:07:34.405 UTC [ERROR] steampipe-plugin-csv.plugin: [ERROR] csv.tableCSV: header_parse_error=EOF path=/home/runner/work/steampipe-samples/steampipe-samples/all/hackernews/new_sc.csv header=[]
2022-10-22 03:07:34.405 UTC [ERROR] steampipe-plugin-csv.plugin: [ERROR] csv.PluginTables: create_table_error="failed to parse file header /home/runner/work/steampipe-samples/steampipe-samples/all/hackernews/new_sc.csv: EOF" path=/home/runner/work/steampipe-samples/steampipe-samples/all/hackernews/new_sc.csv
2022-10-22 03:07:34.405 UTC [WARN]  failed to set connection config: failed to parse file header /home/runner/work/steampipe-samples/steampipe-samples/all/hackernews/new_sc.csv: EOF
2022-10-22 03:07:35.143 UTC [WARN]  PluginManager setPluginCacheSizeMap: 4 connections.
2022-10-22 03:07:35.143 UTC [WARN]  Total cache size 0Mb
2022-10-22 03:07:35.208 UTC [WARN]  plugin configured with a nil SecureConfig
2022-10-22 03:07:35.388 UTC [WARN]  steampipe-plugin-csv.plugin: [WARN]  1666408055682: getKeyColumnsForTable found no schema for table '/home/runner/work/steampipe-samples/steampipe-samples/all/hackernews/new_sc.csv'
2022-10-22 03:07:38.408 UTC [WARN]  PluginManager setPluginCacheSizeMap: 4 connections.
2022-10-22 03:07:38.408 UTC [WARN]  Total cache size 0Mb
2022-10-22 03:07:38.472 UTC [WARN]  plugin configured with a nil SecureConfig
2022-10-22 03:07:39.215 UTC [WARN]  PluginManager setPluginCacheSizeMap: 4 connections.
2022-10-22 03:07:39.215 UTC [WARN]  Total cache size 0Mb
2022-10-22 03:07:39.280 UTC [WARN]  plugin configured with a nil SecureConfig
2022-10-22 03:07:40.041 UTC [WARN]  PluginManager setPluginCacheSizeMap: 4 connections.
2022-10-22 03:07:40.041 UTC [WARN]  Total cache size 0Mb
2022-10-22 03:07:40.106 UTC [WARN]  plugin configured with a nil SecureConfig
2022-10-22 03:07:40.883 UTC [WARN]  PluginManager setPluginCacheSizeMap: 4 connections.
2022-10-22 03:07:40.883 UTC [WARN]  Total cache size 0Mb
2022-10-22 03:07:40.947 UTC [WARN]  plugin configured with a nil SecureConfig
2022-10-22 03:07:40.959 UTC [ERROR] steampipe-plugin-csv.plugin: [ERROR] csv.tableCSV: header_parse_error=EOF path=/home/runner/work/steampipe-samples/steampipe-samples/all/hackernews/hn_items_all.csv header=[]
2022-10-22 03:07:40.959 UTC [ERROR] steampipe-plugin-csv.plugin: [ERROR] csv.PluginTables: create_table_error="failed to parse file header /home/runner/work/steampipe-samples/steampipe-samples/all/hackernews/hn_items_all.csv: EOF" path=/home/runner/work/steampipe-samples/steampipe-samples/all/hackernews/hn_items_all.csv
2022-10-22 03:07:40.959 UTC [WARN]  failed to set connection config: failed to parse file header /home/runner/work/steampipe-samples/steampipe-samples/all/hackernews/hn_items_all.csv: EOF
2022-10-22 03:07:41.898 UTC [WARN]  PluginManager setPluginCacheSizeMap: 4 connections.
2022-10-22 03:07:41.898 UTC [WARN]  Total cache size 0Mb
2022-10-22 03:07:41.962 UTC [WARN]  plugin configured with a nil SecureConfig
2022-10-22 03:07:41.974 UTC [ERROR] steampipe-plugin-csv.plugin: [ERROR] csv.tableCSV: header_parse_error=EOF path=/home/runner/work/steampipe-samples/steampipe-samples/all/hackernews/people.csv header=[]
2022-10-22 03:07:41.974 UTC [ERROR] steampipe-plugin-csv.plugin: [ERROR] csv.PluginTables: create_table_error="failed to parse file header /home/runner/work/steampipe-samples/steampipe-samples/all/hackernews/people.csv: EOF" path=/home/runner/work/steampipe-samples/steampipe-samples/all/hackernews/people.csv
2022-10-22 03:07:41.974 UTC [WARN]  failed to set connection config: failed to parse file header /home/runner/work/steampipe-samples/steampipe-samples/all/hackernews/people.csv: EOF
2022-10-22 03:07:42.121 UTC [WARN]  plugin configured with a nil SecureConfig
2022-10-22 03:07:42.153 UTC [WARN]  plugin configured with a nil SecureConfig
