2023-01-31 16:56:34.535 UTC [INFO]  starting plugin manager
2023-01-31 16:56:34.536 UTC [TRACE] loaded config map: csv,github,hackernews,net
2023-01-31 16:56:34.536 UTC [TRACE] NewPluginManager
2023-01-31 16:56:34.538 UTC [TRACE] PluginManager setPluginCacheSizeMap: 4 connections.
2023-01-31 16:56:34.538 UTC [TRACE] Total cache size 0Mb
2023-01-31 16:56:34.538 UTC [INFO]  starting connection watcher
2023-01-31 16:56:34.539 UTC [INFO]  created ConnectionWatcher
2023-01-31 16:56:34.539 UTC [TRACE] about to serve
2023-01-31 16:56:34.595 UTC [TRACE] PluginManager Get, connections: '[csv]'
2023-01-31 16:56:34.595 UTC [TRACE] PluginManager getPlugin hub.steampipe.io/plugins/turbot/csv@latest connection 'csv'
2023-01-31 16:56:34.595 UTC [TRACE] PluginManager 0xc00073e690 plugin hub.steampipe.io/plugins/turbot/csv@latest (csv) NOT started or starting - start now
2023-01-31 16:56:34.595 UTC [TRACE] ************ start plugin csv ********************
2023-01-31 16:56:34.595 UTC [TRACE] ************ plugin path /home/runner/.steampipe/plugins/hub.steampipe.io/plugins/turbot/csv@latest/steampipe-plugin-csv.plugin ********************
2023-01-31 16:56:34.663 UTC [DEBUG] starting plugin: path=/home/runner/.steampipe/plugins/hub.steampipe.io/plugins/turbot/csv@latest/steampipe-plugin-csv.plugin args=["/home/runner/.steampipe/plugins/hub.steampipe.io/plugins/turbot/csv@latest/steampipe-plugin-csv.plugin"]
2023-01-31 16:56:34.663 UTC [DEBUG] plugin started: path=/home/runner/.steampipe/plugins/hub.steampipe.io/plugins/turbot/csv@latest/steampipe-plugin-csv.plugin pid=2068
2023-01-31 16:56:34.663 UTC [DEBUG] waiting for RPC address: path=/home/runner/.steampipe/plugins/hub.steampipe.io/plugins/turbot/csv@latest/steampipe-plugin-csv.plugin
2023-01-31 16:56:34.671 UTC [INFO]  steampipe-plugin-csv.plugin: [INFO]  Initialise plugin 'steampipe-plugin-csv', using sdk version 4.1.8
2023-01-31 16:56:34.671 UTC [TRACE] steampipe-plugin-csv.plugin: [TRACE] no DefaultRetryConfig defined - creating empty
2023-01-31 16:56:34.671 UTC [TRACE] steampipe-plugin-csv.plugin: [TRACE] no DefaultIgnoreConfig defined - creating empty
2023-01-31 16:56:34.671 UTC [TRACE] steampipe-plugin-csv.plugin: [TRACE] telemetry.Init service 'steampipe-plugin-csv', tracingEnabled: false, metricsEnabled: false
2023-01-31 16:56:34.671 UTC [TRACE] steampipe-plugin-csv.plugin: [TRACE] metrics and tracing disabled' - returning
2023-01-31 16:56:34.672 UTC [DEBUG] steampipe-plugin-csv.plugin: plugin address: address=/tmp/plugin2363904184 network=unix timestamp=2023-01-31T16:56:34.672Z
2023-01-31 16:56:34.672 UTC [DEBUG] using plugin: version=0
2023-01-31 16:56:34.672 UTC [TRACE] NewPluginClient for plugin hub.steampipe.io/plugins/turbot/csv@latest
2023-01-31 16:56:34.673 UTC [TRACE] stdio: waiting for stdio data
2023-01-31 16:56:34.674 UTC [TRACE] supportedOperations: query_cache:true multiple_connections:true
2023-01-31 16:56:34.675 UTC [TRACE] steampipe-plugin-csv.plugin: [TRACE] SetAllConnectionConfigs setting 1 configs
2023-01-31 16:56:34.675 UTC [TRACE] steampipe-plugin-csv.plugin: [TRACE] connection csv build schema and table map
2023-01-31 16:56:34.675 UTC [DEBUG] steampipe-plugin-csv.plugin: [DEBUG] csv.tableCSV: path=/home/runner/work/steampipe-samples/steampipe-samples/all/hackernews/hn_items_all.csv detected_encoding=Unknown
2023-01-31 16:56:34.675 UTC [DEBUG] steampipe-plugin-csv.plugin: [DEBUG] csv.tableCSV: path=/home/runner/work/steampipe-samples/steampipe-samples/all/hackernews/new_sc.csv detected_encoding=Unknown
2023-01-31 16:56:34.675 UTC [TRACE] steampipe-plugin-csv.plugin: [TRACE] initialise table /home/runner/work/steampipe-samples/steampipe-samples/all/hackernews/hn_items_all.csv
2023-01-31 16:56:34.675 UTC [TRACE] steampipe-plugin-csv.plugin: [TRACE] no DefaultRetryConfig defined - creating empty
2023-01-31 16:56:34.675 UTC [TRACE] steampipe-plugin-csv.plugin: [TRACE] no DefaultIgnoreConfig defined - creating empty
2023-01-31 16:56:34.675 UTC [TRACE] steampipe-plugin-csv.plugin: [TRACE] apply plugin defaults for DefaultRetryConfig
2023-01-31 16:56:34.675 UTC [TRACE] steampipe-plugin-csv.plugin: [TRACE] apply plugin defaults for DefaultIgnoreConfig, table &{<nil> <nil>} plugin &{<nil> <nil>}
2023-01-31 16:56:34.675 UTC [TRACE] steampipe-plugin-csv.plugin: [TRACE] DefaultRetryConfig:
2023-01-31 16:56:34.675 UTC [TRACE] steampipe-plugin-csv.plugin: [TRACE] DefaultIgnoreConfig:
2023-01-31 16:56:34.675 UTC [TRACE] steampipe-plugin-csv.plugin: [TRACE] t.List.initialise
2023-01-31 16:56:34.675 UTC [TRACE] steampipe-plugin-csv.plugin: [TRACE] ListConfig.initialise table /home/runner/work/steampipe-samples/steampipe-samples/all/hackernews/hn_items_all.csv
2023-01-31 16:56:34.675 UTC [TRACE] steampipe-plugin-csv.plugin: [TRACE] ListConfig.initialise complete: RetryConfig: , IgnoreConfig
2023-01-31 16:56:34.675 UTC [TRACE] steampipe-plugin-csv.plugin: [TRACE] back from initialiseHydrateConfigs
2023-01-31 16:56:34.675 UTC [TRACE] steampipe-plugin-csv.plugin: [TRACE] initialise table /home/runner/work/steampipe-samples/steampipe-samples/all/hackernews/hn_items_all.csv COMPLETE
2023-01-31 16:56:34.675 UTC [TRACE] steampipe-plugin-csv.plugin: [TRACE] initialise table /home/runner/work/steampipe-samples/steampipe-samples/all/hackernews/new_sc.csv
2023-01-31 16:56:34.675 UTC [TRACE] steampipe-plugin-csv.plugin: [TRACE] no DefaultRetryConfig defined - creating empty
2023-01-31 16:56:34.675 UTC [TRACE] steampipe-plugin-csv.plugin: [TRACE] no DefaultIgnoreConfig defined - creating empty
2023-01-31 16:56:34.675 UTC [TRACE] steampipe-plugin-csv.plugin: [TRACE] apply plugin defaults for DefaultRetryConfig
2023-01-31 16:56:34.675 UTC [TRACE] steampipe-plugin-csv.plugin: [TRACE] apply plugin defaults for DefaultIgnoreConfig, table &{<nil> <nil>} plugin &{<nil> <nil>}
2023-01-31 16:56:34.675 UTC [TRACE] steampipe-plugin-csv.plugin: [TRACE] DefaultRetryConfig:
2023-01-31 16:56:34.675 UTC [TRACE] steampipe-plugin-csv.plugin: [TRACE] DefaultIgnoreConfig:
2023-01-31 16:56:34.675 UTC [TRACE] steampipe-plugin-csv.plugin: [TRACE] t.List.initialise
2023-01-31 16:56:34.675 UTC [TRACE] steampipe-plugin-csv.plugin: [TRACE] ListConfig.initialise table /home/runner/work/steampipe-samples/steampipe-samples/all/hackernews/new_sc.csv
2023-01-31 16:56:34.675 UTC [TRACE] steampipe-plugin-csv.plugin: [TRACE] ListConfig.initialise complete: RetryConfig: , IgnoreConfig
2023-01-31 16:56:34.675 UTC [TRACE] steampipe-plugin-csv.plugin: [TRACE] back from initialiseHydrateConfigs
2023-01-31 16:56:34.675 UTC [TRACE] steampipe-plugin-csv.plugin: [TRACE] initialise table /home/runner/work/steampipe-samples/steampipe-samples/all/hackernews/new_sc.csv COMPLETE
2023-01-31 16:56:34.675 UTC [TRACE] steampipe-plugin-csv.plugin: [TRACE] validate plugin steampipe-plugin-csv, required columns []
2023-01-31 16:56:34.675 UTC [TRACE] steampipe-plugin-csv.plugin: [TRACE] validate DefaultRetryConfig
2023-01-31 16:56:34.675 UTC [TRACE] steampipe-plugin-csv.plugin: [TRACE] validate DefaultIgnoreConfig
2023-01-31 16:56:34.675 UTC [TRACE] steampipe-plugin-csv.plugin: [TRACE] validate table names
2023-01-31 16:56:34.675 UTC [TRACE] steampipe-plugin-csv.plugin: [TRACE] plugin has 0 validation errors
2023-01-31 16:56:34.675 UTC [TRACE] steampipe-plugin-csv.plugin: [TRACE] Plugin ensureCache creating cache, maxCacheStorageMb 0
2023-01-31 16:56:34.675 UTC [TRACE] steampipe-plugin-csv.plugin: [TRACE] createCacheStore for plugin 'steampipe-plugin-csv' setting max size to 0Mb, Shards: 2, max shard size: 0
2023-01-31 16:56:34.687 UTC [INFO]  steampipe-plugin-csv.plugin: [INFO]  query cache created
2023-01-31 16:56:34.687 UTC [DEBUG] steampipe-plugin-csv.plugin: [DEBUG] SetAllConnectionConfigs finished
2023-01-31 16:56:34.687 UTC [TRACE] PluginManager getPlugin complete, returning reattach config with PID: 2068
2023-01-31 16:56:34.687 UTC [TRACE] PluginManager Get returning reattach_map:{key:"csv" value:{protocol:"grpc" addr:{Network:"unix" Address:"/tmp/plugin2363904184"} pid:2068 supported_operations:{query_cache:true multiple_connections:true} connections:"csv" plugin:"hub.steampipe.io/plugins/turbot/csv@latest"}}
2023-01-31 16:56:34.720 UTC [TRACE] PluginManager Get, connections: '[csv]'
2023-01-31 16:56:34.720 UTC [TRACE] PluginManager getPlugin hub.steampipe.io/plugins/turbot/csv@latest connection 'csv'
2023-01-31 16:56:34.720 UTC [TRACE] connection csv found in connectionPluginMap
2023-01-31 16:56:34.720 UTC [TRACE] initialized: 2068
2023-01-31 16:56:34.720 UTC [TRACE] initialized: 2068
2023-01-31 16:56:34.720 UTC [TRACE] connection csv is loaded, check for running PID
2023-01-31 16:56:34.720 UTC [TRACE] PluginManager found 'csv' in map, pid 2068
2023-01-31 16:56:34.720 UTC [TRACE] PluginManager Get returning reattach_map:{key:"csv" value:{protocol:"grpc" addr:{Network:"unix" Address:"/tmp/plugin2363904184"} pid:2068 supported_operations:{query_cache:true multiple_connections:true} connections:"csv" plugin:"hub.steampipe.io/plugins/turbot/csv@latest"}}
2023-01-31 16:56:34.766 UTC [TRACE] PluginManager Get, connections: '[hackernews]'
2023-01-31 16:56:34.766 UTC [TRACE] PluginManager getPlugin hub.steampipe.io/plugins/turbot/hackernews@latest connection 'hackernews'
2023-01-31 16:56:34.766 UTC [TRACE] PluginManager 0xc00073e690 plugin hub.steampipe.io/plugins/turbot/hackernews@latest (hackernews) NOT started or starting - start now
2023-01-31 16:56:34.766 UTC [TRACE] ************ start plugin hackernews ********************
2023-01-31 16:56:34.766 UTC [TRACE] ************ plugin path /home/runner/.steampipe/plugins/hub.steampipe.io/plugins/turbot/hackernews@latest/steampipe-plugin-hackernews.plugin ********************
2023-01-31 16:56:34.838 UTC [DEBUG] starting plugin: path=/home/runner/.steampipe/plugins/hub.steampipe.io/plugins/turbot/hackernews@latest/steampipe-plugin-hackernews.plugin args=["/home/runner/.steampipe/plugins/hub.steampipe.io/plugins/turbot/hackernews@latest/steampipe-plugin-hackernews.plugin"]
2023-01-31 16:56:34.838 UTC [DEBUG] plugin started: path=/home/runner/.steampipe/plugins/hub.steampipe.io/plugins/turbot/hackernews@latest/steampipe-plugin-hackernews.plugin pid=2092
2023-01-31 16:56:34.838 UTC [DEBUG] waiting for RPC address: path=/home/runner/.steampipe/plugins/hub.steampipe.io/plugins/turbot/hackernews@latest/steampipe-plugin-hackernews.plugin
2023-01-31 16:56:34.846 UTC [INFO]  steampipe-plugin-hackernews.plugin: [INFO]  Initialise plugin 'steampipe-plugin-hackernews', using sdk version 4.1.7
2023-01-31 16:56:34.846 UTC [TRACE] steampipe-plugin-hackernews.plugin: [TRACE] defaulting SchemaMode to SchemaModeStatic
2023-01-31 16:56:34.846 UTC [TRACE] steampipe-plugin-hackernews.plugin: [TRACE] no DefaultRetryConfig defined - creating empty
2023-01-31 16:56:34.846 UTC [TRACE] steampipe-plugin-hackernews.plugin: [TRACE] no DefaultIgnoreConfig defined - creating empty
2023-01-31 16:56:34.846 UTC [TRACE] steampipe-plugin-hackernews.plugin: [TRACE] Setting Ulimit: ulimit=2560
2023-01-31 16:56:34.846 UTC [TRACE] steampipe-plugin-hackernews.plugin: [TRACE] telemetry.Init service 'steampipe-plugin-hackernews', tracingEnabled: false, metricsEnabled: false
2023-01-31 16:56:34.846 UTC [TRACE] steampipe-plugin-hackernews.plugin: [TRACE] metrics and tracing disabled' - returning
2023-01-31 16:56:34.846 UTC [DEBUG] steampipe-plugin-hackernews.plugin: plugin address: address=/tmp/plugin526858845 network=unix timestamp=2023-01-31T16:56:34.846Z
2023-01-31 16:56:34.846 UTC [DEBUG] using plugin: version=0
2023-01-31 16:56:34.846 UTC [TRACE] NewPluginClient for plugin hub.steampipe.io/plugins/turbot/hackernews@latest
2023-01-31 16:56:34.847 UTC [TRACE] stdio: waiting for stdio data
2023-01-31 16:56:34.849 UTC [TRACE] supportedOperations: query_cache:true multiple_connections:true
2023-01-31 16:56:34.849 UTC [TRACE] steampipe-plugin-hackernews.plugin: [TRACE] SetAllConnectionConfigs setting 1 configs
2023-01-31 16:56:34.849 UTC [TRACE] steampipe-plugin-hackernews.plugin: [TRACE] connection hackernews build schema and table map
2023-01-31 16:56:34.849 UTC [TRACE] steampipe-plugin-hackernews.plugin: [TRACE] initialise table hackernews_new
2023-01-31 16:56:34.849 UTC [TRACE] steampipe-plugin-hackernews.plugin: [TRACE] no DefaultRetryConfig defined - creating empty
2023-01-31 16:56:34.849 UTC [TRACE] steampipe-plugin-hackernews.plugin: [TRACE] no DefaultIgnoreConfig defined - creating empty
2023-01-31 16:56:34.849 UTC [TRACE] steampipe-plugin-hackernews.plugin: [TRACE] apply plugin defaults for DefaultRetryConfig
2023-01-31 16:56:34.849 UTC [TRACE] steampipe-plugin-hackernews.plugin: [TRACE] apply plugin defaults for DefaultIgnoreConfig, table &{<nil> <nil>} plugin &{<nil> <nil>}
2023-01-31 16:56:34.849 UTC [TRACE] steampipe-plugin-hackernews.plugin: [TRACE] DefaultRetryConfig:
2023-01-31 16:56:34.849 UTC [TRACE] steampipe-plugin-hackernews.plugin: [TRACE] DefaultIgnoreConfig:
2023-01-31 16:56:34.849 UTC [TRACE] steampipe-plugin-hackernews.plugin: [TRACE] t.Get.initialise
2023-01-31 16:56:34.849 UTC [TRACE] steampipe-plugin-hackernews.plugin: [TRACE] GetConfig.initialise table hackernews_new
2023-01-31 16:56:34.849 UTC [TRACE] steampipe-plugin-hackernews.plugin: [TRACE] GetConfig.initialise complete: RetryConfig: , IgnoreConfig:
2023-01-31 16:56:34.849 UTC [TRACE] steampipe-plugin-hackernews.plugin: [TRACE] t.List.initialise
2023-01-31 16:56:34.849 UTC [TRACE] steampipe-plugin-hackernews.plugin: [TRACE] ListConfig.initialise table hackernews_new
2023-01-31 16:56:34.849 UTC [TRACE] steampipe-plugin-hackernews.plugin: [TRACE] ListConfig.initialise complete: RetryConfig: , IgnoreConfig
2023-01-31 16:56:34.849 UTC [TRACE] steampipe-plugin-hackernews.plugin: [TRACE] HydrateConfig.initialise func getItem, table hackernews_new
2023-01-31 16:56:34.849 UTC [TRACE] steampipe-plugin-hackernews.plugin: [TRACE] HydrateConfig.initialise complete: RetryConfig: , IgnoreConfig:
2023-01-31 16:56:34.849 UTC [TRACE] steampipe-plugin-hackernews.plugin: [TRACE] back from initialiseHydrateConfigs
2023-01-31 16:56:34.849 UTC [TRACE] steampipe-plugin-hackernews.plugin: [TRACE] initialise table hackernews_new COMPLETE
2023-01-31 16:56:34.849 UTC [TRACE] steampipe-plugin-hackernews.plugin: [TRACE] initialise table hackernews_show_hn
2023-01-31 16:56:34.849 UTC [TRACE] steampipe-plugin-hackernews.plugin: [TRACE] no DefaultRetryConfig defined - creating empty
2023-01-31 16:56:34.849 UTC [TRACE] steampipe-plugin-hackernews.plugin: [TRACE] no DefaultIgnoreConfig defined - creating empty
2023-01-31 16:56:34.849 UTC [TRACE] steampipe-plugin-hackernews.plugin: [TRACE] apply plugin defaults for DefaultRetryConfig
2023-01-31 16:56:34.849 UTC [TRACE] steampipe-plugin-hackernews.plugin: [TRACE] apply plugin defaults for DefaultIgnoreConfig, table &{<nil> <nil>} plugin &{<nil> <nil>}
2023-01-31 16:56:34.849 UTC [TRACE] steampipe-plugin-hackernews.plugin: [TRACE] DefaultRetryConfig:
2023-01-31 16:56:34.849 UTC [TRACE] steampipe-plugin-hackernews.plugin: [TRACE] DefaultIgnoreConfig:
2023-01-31 16:56:34.849 UTC [TRACE] steampipe-plugin-hackernews.plugin: [TRACE] t.Get.initialise
2023-01-31 16:56:34.849 UTC [TRACE] steampipe-plugin-hackernews.plugin: [TRACE] GetConfig.initialise table hackernews_show_hn
2023-01-31 16:56:34.849 UTC [TRACE] steampipe-plugin-hackernews.plugin: [TRACE] GetConfig.initialise complete: RetryConfig: , IgnoreConfig:
2023-01-31 16:56:34.849 UTC [TRACE] steampipe-plugin-hackernews.plugin: [TRACE] t.List.initialise
2023-01-31 16:56:34.849 UTC [TRACE] steampipe-plugin-hackernews.plugin: [TRACE] ListConfig.initialise table hackernews_show_hn
2023-01-31 16:56:34.849 UTC [TRACE] steampipe-plugin-hackernews.plugin: [TRACE] ListConfig.initialise complete: RetryConfig: , IgnoreConfig
2023-01-31 16:56:34.849 UTC [TRACE] steampipe-plugin-hackernews.plugin: [TRACE] HydrateConfig.initialise func getItem, table hackernews_show_hn
2023-01-31 16:56:34.849 UTC [TRACE] steampipe-plugin-hackernews.plugin: [TRACE] HydrateConfig.initialise complete: RetryConfig: , IgnoreConfig:
2023-01-31 16:56:34.849 UTC [TRACE] steampipe-plugin-hackernews.plugin: [TRACE] back from initialiseHydrateConfigs
2023-01-31 16:56:34.849 UTC [TRACE] steampipe-plugin-hackernews.plugin: [TRACE] initialise table hackernews_show_hn COMPLETE
2023-01-31 16:56:34.849 UTC [TRACE] steampipe-plugin-hackernews.plugin: [TRACE] initialise table hackernews_top
2023-01-31 16:56:34.849 UTC [TRACE] steampipe-plugin-hackernews.plugin: [TRACE] no DefaultRetryConfig defined - creating empty
2023-01-31 16:56:34.849 UTC [TRACE] steampipe-plugin-hackernews.plugin: [TRACE] no DefaultIgnoreConfig defined - creating empty
2023-01-31 16:56:34.849 UTC [TRACE] steampipe-plugin-hackernews.plugin: [TRACE] apply plugin defaults for DefaultRetryConfig
2023-01-31 16:56:34.849 UTC [TRACE] steampipe-plugin-hackernews.plugin: [TRACE] apply plugin defaults for DefaultIgnoreConfig, table &{<nil> <nil>} plugin &{<nil> <nil>}
2023-01-31 16:56:34.849 UTC [TRACE] steampipe-plugin-hackernews.plugin: [TRACE] DefaultRetryConfig:
2023-01-31 16:56:34.849 UTC [TRACE] steampipe-plugin-hackernews.plugin: [TRACE] DefaultIgnoreConfig:
2023-01-31 16:56:34.849 UTC [TRACE] steampipe-plugin-hackernews.plugin: [TRACE] t.Get.initialise
2023-01-31 16:56:34.849 UTC [TRACE] steampipe-plugin-hackernews.plugin: [TRACE] GetConfig.initialise table hackernews_top
2023-01-31 16:56:34.849 UTC [TRACE] steampipe-plugin-hackernews.plugin: [TRACE] GetConfig.initialise complete: RetryConfig: , IgnoreConfig:
2023-01-31 16:56:34.849 UTC [TRACE] steampipe-plugin-hackernews.plugin: [TRACE] t.List.initialise
2023-01-31 16:56:34.849 UTC [TRACE] steampipe-plugin-hackernews.plugin: [TRACE] ListConfig.initialise table hackernews_top
2023-01-31 16:56:34.849 UTC [TRACE] steampipe-plugin-hackernews.plugin: [TRACE] ListConfig.initialise complete: RetryConfig: , IgnoreConfig
2023-01-31 16:56:34.849 UTC [TRACE] steampipe-plugin-hackernews.plugin: [TRACE] HydrateConfig.initialise func getItem, table hackernews_top
2023-01-31 16:56:34.849 UTC [TRACE] steampipe-plugin-hackernews.plugin: [TRACE] HydrateConfig.initialise complete: RetryConfig: , IgnoreConfig:
2023-01-31 16:56:34.849 UTC [TRACE] steampipe-plugin-hackernews.plugin: [TRACE] back from initialiseHydrateConfigs
2023-01-31 16:56:34.849 UTC [TRACE] steampipe-plugin-hackernews.plugin: [TRACE] initialise table hackernews_top COMPLETE
2023-01-31 16:56:34.849 UTC [TRACE] steampipe-plugin-hackernews.plugin: [TRACE] initialise table hackernews_user
2023-01-31 16:56:34.849 UTC [TRACE] steampipe-plugin-hackernews.plugin: [TRACE] no DefaultRetryConfig defined - creating empty
2023-01-31 16:56:34.849 UTC [TRACE] steampipe-plugin-hackernews.plugin: [TRACE] no DefaultIgnoreConfig defined - creating empty
2023-01-31 16:56:34.849 UTC [TRACE] steampipe-plugin-hackernews.plugin: [TRACE] apply plugin defaults for DefaultRetryConfig
2023-01-31 16:56:34.849 UTC [TRACE] steampipe-plugin-hackernews.plugin: [TRACE] apply plugin defaults for DefaultIgnoreConfig, table &{<nil> <nil>} plugin &{<nil> <nil>}
2023-01-31 16:56:34.849 UTC [TRACE] steampipe-plugin-hackernews.plugin: [TRACE] DefaultRetryConfig:
2023-01-31 16:56:34.849 UTC [TRACE] steampipe-plugin-hackernews.plugin: [TRACE] DefaultIgnoreConfig:
2023-01-31 16:56:34.849 UTC [TRACE] steampipe-plugin-hackernews.plugin: [TRACE] t.List.initialise
2023-01-31 16:56:34.849 UTC [TRACE] steampipe-plugin-hackernews.plugin: [TRACE] ListConfig.initialise table hackernews_user
2023-01-31 16:56:34.849 UTC [TRACE] steampipe-plugin-hackernews.plugin: [TRACE] ListConfig.initialise complete: RetryConfig: , IgnoreConfig
2023-01-31 16:56:34.849 UTC [TRACE] steampipe-plugin-hackernews.plugin: [TRACE] back from initialiseHydrateConfigs
2023-01-31 16:56:34.849 UTC [TRACE] steampipe-plugin-hackernews.plugin: [TRACE] initialise table hackernews_user COMPLETE
2023-01-31 16:56:34.849 UTC [TRACE] steampipe-plugin-hackernews.plugin: [TRACE] initialise table hackernews_ask_hn
2023-01-31 16:56:34.849 UTC [TRACE] steampipe-plugin-hackernews.plugin: [TRACE] no DefaultRetryConfig defined - creating empty
2023-01-31 16:56:34.849 UTC [TRACE] steampipe-plugin-hackernews.plugin: [TRACE] no DefaultIgnoreConfig defined - creating empty
2023-01-31 16:56:34.849 UTC [TRACE] steampipe-plugin-hackernews.plugin: [TRACE] apply plugin defaults for DefaultRetryConfig
2023-01-31 16:56:34.849 UTC [TRACE] steampipe-plugin-hackernews.plugin: [TRACE] apply plugin defaults for DefaultIgnoreConfig, table &{<nil> <nil>} plugin &{<nil> <nil>}
2023-01-31 16:56:34.849 UTC [TRACE] steampipe-plugin-hackernews.plugin: [TRACE] DefaultRetryConfig:
2023-01-31 16:56:34.849 UTC [TRACE] steampipe-plugin-hackernews.plugin: [TRACE] DefaultIgnoreConfig:
2023-01-31 16:56:34.849 UTC [TRACE] steampipe-plugin-hackernews.plugin: [TRACE] t.Get.initialise
2023-01-31 16:56:34.849 UTC [TRACE] steampipe-plugin-hackernews.plugin: [TRACE] GetConfig.initialise table hackernews_ask_hn
2023-01-31 16:56:34.849 UTC [TRACE] steampipe-plugin-hackernews.plugin: [TRACE] GetConfig.initialise complete: RetryConfig: , IgnoreConfig:
2023-01-31 16:56:34.849 UTC [TRACE] steampipe-plugin-hackernews.plugin: [TRACE] t.List.initialise
2023-01-31 16:56:34.849 UTC [TRACE] steampipe-plugin-hackernews.plugin: [TRACE] ListConfig.initialise table hackernews_ask_hn
2023-01-31 16:56:34.849 UTC [TRACE] steampipe-plugin-hackernews.plugin: [TRACE] ListConfig.initialise complete: RetryConfig: , IgnoreConfig
2023-01-31 16:56:34.849 UTC [TRACE] steampipe-plugin-hackernews.plugin: [TRACE] HydrateConfig.initialise func getItem, table hackernews_ask_hn
2023-01-31 16:56:34.849 UTC [TRACE] steampipe-plugin-hackernews.plugin: [TRACE] HydrateConfig.initialise complete: RetryConfig: , IgnoreConfig:
2023-01-31 16:56:34.849 UTC [TRACE] steampipe-plugin-hackernews.plugin: [TRACE] back from initialiseHydrateConfigs
2023-01-31 16:56:34.849 UTC [TRACE] steampipe-plugin-hackernews.plugin: [TRACE] initialise table hackernews_ask_hn COMPLETE
2023-01-31 16:56:34.849 UTC [TRACE] steampipe-plugin-hackernews.plugin: [TRACE] initialise table hackernews_best
2023-01-31 16:56:34.849 UTC [TRACE] steampipe-plugin-hackernews.plugin: [TRACE] no DefaultRetryConfig defined - creating empty
2023-01-31 16:56:34.849 UTC [TRACE] steampipe-plugin-hackernews.plugin: [TRACE] no DefaultIgnoreConfig defined - creating empty
2023-01-31 16:56:34.849 UTC [TRACE] steampipe-plugin-hackernews.plugin: [TRACE] apply plugin defaults for DefaultRetryConfig
2023-01-31 16:56:34.849 UTC [TRACE] steampipe-plugin-hackernews.plugin: [TRACE] apply plugin defaults for DefaultIgnoreConfig, table &{<nil> <nil>} plugin &{<nil> <nil>}
2023-01-31 16:56:34.849 UTC [TRACE] steampipe-plugin-hackernews.plugin: [TRACE] DefaultRetryConfig:
2023-01-31 16:56:34.849 UTC [TRACE] steampipe-plugin-hackernews.plugin: [TRACE] DefaultIgnoreConfig:
2023-01-31 16:56:34.849 UTC [TRACE] steampipe-plugin-hackernews.plugin: [TRACE] t.Get.initialise
2023-01-31 16:56:34.849 UTC [TRACE] steampipe-plugin-hackernews.plugin: [TRACE] GetConfig.initialise table hackernews_best
2023-01-31 16:56:34.849 UTC [TRACE] steampipe-plugin-hackernews.plugin: [TRACE] GetConfig.initialise complete: RetryConfig: , IgnoreConfig:
2023-01-31 16:56:34.849 UTC [TRACE] steampipe-plugin-hackernews.plugin: [TRACE] t.List.initialise
2023-01-31 16:56:34.849 UTC [TRACE] steampipe-plugin-hackernews.plugin: [TRACE] ListConfig.initialise table hackernews_best
2023-01-31 16:56:34.849 UTC [TRACE] steampipe-plugin-hackernews.plugin: [TRACE] ListConfig.initialise complete: RetryConfig: , IgnoreConfig
2023-01-31 16:56:34.849 UTC [TRACE] steampipe-plugin-hackernews.plugin: [TRACE] HydrateConfig.initialise func getItem, table hackernews_best
2023-01-31 16:56:34.849 UTC [TRACE] steampipe-plugin-hackernews.plugin: [TRACE] HydrateConfig.initialise complete: RetryConfig: , IgnoreConfig:
2023-01-31 16:56:34.849 UTC [TRACE] steampipe-plugin-hackernews.plugin: [TRACE] back from initialiseHydrateConfigs
2023-01-31 16:56:34.849 UTC [TRACE] steampipe-plugin-hackernews.plugin: [TRACE] initialise table hackernews_best COMPLETE
2023-01-31 16:56:34.849 UTC [TRACE] steampipe-plugin-hackernews.plugin: [TRACE] initialise table hackernews_item
2023-01-31 16:56:34.849 UTC [TRACE] steampipe-plugin-hackernews.plugin: [TRACE] no DefaultRetryConfig defined - creating empty
2023-01-31 16:56:34.849 UTC [TRACE] steampipe-plugin-hackernews.plugin: [TRACE] no DefaultIgnoreConfig defined - creating empty
2023-01-31 16:56:34.849 UTC [TRACE] steampipe-plugin-hackernews.plugin: [TRACE] apply plugin defaults for DefaultRetryConfig
2023-01-31 16:56:34.849 UTC [TRACE] steampipe-plugin-hackernews.plugin: [TRACE] apply plugin defaults for DefaultIgnoreConfig, table &{<nil> <nil>} plugin &{<nil> <nil>}
2023-01-31 16:56:34.849 UTC [TRACE] steampipe-plugin-hackernews.plugin: [TRACE] DefaultRetryConfig:
2023-01-31 16:56:34.849 UTC [TRACE] steampipe-plugin-hackernews.plugin: [TRACE] DefaultIgnoreConfig:
2023-01-31 16:56:34.849 UTC [TRACE] steampipe-plugin-hackernews.plugin: [TRACE] t.Get.initialise
2023-01-31 16:56:34.849 UTC [TRACE] steampipe-plugin-hackernews.plugin: [TRACE] GetConfig.initialise table hackernews_item
2023-01-31 16:56:34.849 UTC [TRACE] steampipe-plugin-hackernews.plugin: [TRACE] GetConfig.initialise complete: RetryConfig: , IgnoreConfig:
2023-01-31 16:56:34.849 UTC [TRACE] steampipe-plugin-hackernews.plugin: [TRACE] t.List.initialise
2023-01-31 16:56:34.849 UTC [TRACE] steampipe-plugin-hackernews.plugin: [TRACE] ListConfig.initialise table hackernews_item
2023-01-31 16:56:34.849 UTC [TRACE] steampipe-plugin-hackernews.plugin: [TRACE] ListConfig.initialise complete: RetryConfig: , IgnoreConfig
2023-01-31 16:56:34.849 UTC [TRACE] steampipe-plugin-hackernews.plugin: [TRACE] HydrateConfig.initialise func getItem, table hackernews_item
2023-01-31 16:56:34.849 UTC [TRACE] steampipe-plugin-hackernews.plugin: [TRACE] HydrateConfig.initialise complete: RetryConfig: , IgnoreConfig:
2023-01-31 16:56:34.849 UTC [TRACE] steampipe-plugin-hackernews.plugin: [TRACE] back from initialiseHydrateConfigs
2023-01-31 16:56:34.849 UTC [TRACE] steampipe-plugin-hackernews.plugin: [TRACE] initialise table hackernews_item COMPLETE
2023-01-31 16:56:34.849 UTC [TRACE] steampipe-plugin-hackernews.plugin: [TRACE] initialise table hackernews_job
2023-01-31 16:56:34.849 UTC [TRACE] steampipe-plugin-hackernews.plugin: [TRACE] no DefaultRetryConfig defined - creating empty
2023-01-31 16:56:34.849 UTC [TRACE] steampipe-plugin-hackernews.plugin: [TRACE] no DefaultIgnoreConfig defined - creating empty
2023-01-31 16:56:34.849 UTC [TRACE] steampipe-plugin-hackernews.plugin: [TRACE] apply plugin defaults for DefaultRetryConfig
2023-01-31 16:56:34.849 UTC [TRACE] steampipe-plugin-hackernews.plugin: [TRACE] apply plugin defaults for DefaultIgnoreConfig, table &{<nil> <nil>} plugin &{<nil> <nil>}
2023-01-31 16:56:34.849 UTC [TRACE] steampipe-plugin-hackernews.plugin: [TRACE] DefaultRetryConfig:
2023-01-31 16:56:34.849 UTC [TRACE] steampipe-plugin-hackernews.plugin: [TRACE] DefaultIgnoreConfig:
2023-01-31 16:56:34.849 UTC [TRACE] steampipe-plugin-hackernews.plugin: [TRACE] t.Get.initialise
2023-01-31 16:56:34.849 UTC [TRACE] steampipe-plugin-hackernews.plugin: [TRACE] GetConfig.initialise table hackernews_job
2023-01-31 16:56:34.849 UTC [TRACE] steampipe-plugin-hackernews.plugin: [TRACE] GetConfig.initialise complete: RetryConfig: , IgnoreConfig:
2023-01-31 16:56:34.849 UTC [TRACE] steampipe-plugin-hackernews.plugin: [TRACE] t.List.initialise
2023-01-31 16:56:34.849 UTC [TRACE] steampipe-plugin-hackernews.plugin: [TRACE] ListConfig.initialise table hackernews_job
2023-01-31 16:56:34.849 UTC [TRACE] steampipe-plugin-hackernews.plugin: [TRACE] ListConfig.initialise complete: RetryConfig: , IgnoreConfig
2023-01-31 16:56:34.849 UTC [TRACE] steampipe-plugin-hackernews.plugin: [TRACE] HydrateConfig.initialise func getItem, table hackernews_job
2023-01-31 16:56:34.849 UTC [TRACE] steampipe-plugin-hackernews.plugin: [TRACE] HydrateConfig.initialise complete: RetryConfig: , IgnoreConfig:
2023-01-31 16:56:34.849 UTC [TRACE] steampipe-plugin-hackernews.plugin: [TRACE] back from initialiseHydrateConfigs
2023-01-31 16:56:34.849 UTC [TRACE] steampipe-plugin-hackernews.plugin: [TRACE] initialise table hackernews_job COMPLETE
2023-01-31 16:56:34.849 UTC [TRACE] steampipe-plugin-hackernews.plugin: [TRACE] validate plugin steampipe-plugin-hackernews, required columns []
2023-01-31 16:56:34.849 UTC [TRACE] steampipe-plugin-hackernews.plugin: [TRACE] validate DefaultRetryConfig
2023-01-31 16:56:34.849 UTC [TRACE] steampipe-plugin-hackernews.plugin: [TRACE] validate DefaultIgnoreConfig
2023-01-31 16:56:34.849 UTC [TRACE] steampipe-plugin-hackernews.plugin: [TRACE] validate table names
2023-01-31 16:56:34.849 UTC [TRACE] steampipe-plugin-hackernews.plugin: [TRACE] plugin has 0 validation errors
2023-01-31 16:56:34.849 UTC [TRACE] steampipe-plugin-hackernews.plugin: [TRACE] Plugin ensureCache creating cache, maxCacheStorageMb 0
2023-01-31 16:56:34.849 UTC [TRACE] steampipe-plugin-hackernews.plugin: [TRACE] createCacheStore for plugin 'steampipe-plugin-hackernews' setting max size to 0Mb, Shards: 2, max shard size: 0
2023-01-31 16:56:34.866 UTC [INFO]  steampipe-plugin-hackernews.plugin: [INFO]  query cache created
2023-01-31 16:56:34.866 UTC [DEBUG] steampipe-plugin-hackernews.plugin: [DEBUG] SetAllConnectionConfigs finished
2023-01-31 16:56:34.866 UTC [TRACE] PluginManager getPlugin complete, returning reattach config with PID: 2092
2023-01-31 16:56:34.866 UTC [TRACE] PluginManager Get returning reattach_map:{key:"hackernews" value:{protocol:"grpc" addr:{Network:"unix" Address:"/tmp/plugin526858845"} pid:2092 supported_operations:{query_cache:true multiple_connections:true} connections:"hackernews" plugin:"hub.steampipe.io/plugins/turbot/hackernews@latest"}}
2023-01-31 16:56:34.873 UTC [INFO]  steampipe-plugin-hackernews.plugin: [INFO]  1675184194740: Plugin Execute (1675184194740)
2023-01-31 16:56:34.873 UTC [TRACE] steampipe-plugin-hackernews.plugin: [TRACE] 1675184194740: No memory limit set
2023-01-31 16:56:34.873 UTC [INFO]  steampipe-plugin-hackernews.plugin: [INFO]  1675184194740: Plugin Execute, setting memory limit to -1Mb
2023-01-31 16:56:34.873 UTC [TRACE] steampipe-plugin-hackernews.plugin: [TRACE] 1675184194740: calling ExtractContextFromCarrier
2023-01-31 16:56:34.874 UTC [INFO]  steampipe-plugin-hackernews.plugin: [INFO]  1675184194740: Setting max concurrent connections to 25
2023-01-31 16:56:34.874 UTC [TRACE] steampipe-plugin-hackernews.plugin: [TRACE] 1675184194740: executeForConnection callId: 1675184194740, connectionCallId: hackernews-1675184194740, connection: hackernews table: hackernews_new cols: id,title,time,by,score,dead,deleted,descendants,kids,parent,parts,poll,text,type,url,_ctx
2023-01-31 16:56:34.874 UTC [TRACE] steampipe-plugin-hackernews.plugin: [TRACE] 1675184194740: got connection data
2023-01-31 16:56:34.874 UTC [TRACE] steampipe-plugin-hackernews.plugin: [TRACE] 1675184194740: Got query context, table: hackernews_new, cols: [id title time by score dead deleted descendants kids parent parts poll text type url _ctx]
2023-01-31 16:56:34.874 UTC [TRACE] steampipe-plugin-hackernews.plugin: [TRACE] 1675184194740: Start execute span
2023-01-31 16:56:34.874 UTC [INFO]  steampipe-plugin-hackernews.plugin: [INFO]  1675184194740: Setting free memory interval to 100 rows
2023-01-31 16:56:34.874 UTC [TRACE] steampipe-plugin-hackernews.plugin: [TRACE] 1675184194740: setFetchType map[time:quals:{fieldName:"time"  string_value:">"  value:{timestamp_value:{seconds:1675180594  nanos:747598000}}}]
2023-01-31 16:56:34.874 UTC [TRACE] steampipe-plugin-hackernews.plugin: [TRACE] 1675184194740: getMatchingQuals column:'id' operator: =
2023-01-31 16:56:34.874 UTC [TRACE] steampipe-plugin-hackernews.plugin: [TRACE] 1675184194740: getMatchingQuals returning false - qualMap does not contain any quals for column id
2023-01-31 16:56:34.874 UTC [TRACE] steampipe-plugin-hackernews.plugin: [TRACE] 1675184194740: GetUnsatisfiedKeyColumns for columns column:'id' operator: =
2023-01-31 16:56:34.874 UTC [TRACE] steampipe-plugin-hackernews.plugin: [TRACE] 1675184194740: key column NOT satisfied column:'id' operator: =
2023-01-31 16:56:34.874 UTC [TRACE] steampipe-plugin-hackernews.plugin: [TRACE] 1675184194740: satisfied: map[any_of: optional: required:]
2023-01-31 16:56:34.874 UTC [TRACE] steampipe-plugin-hackernews.plugin: [TRACE] 1675184194740: unsatisfied: map[any_of: optional: required:column:'id' operator: =]
2023-01-31 16:56:34.875 UTC [TRACE] steampipe-plugin-hackernews.plugin: [TRACE] 1675184194740: unsatisfied required KeyColumns: column:'id' operator: =
2023-01-31 16:56:34.875 UTC [TRACE] steampipe-plugin-hackernews.plugin: [TRACE] 1675184194740: Set fetchType to fetchTypeList
2023-01-31 16:56:34.875 UTC [TRACE] steampipe-plugin-hackernews.plugin: [TRACE] 1675184194740: Equals key column quals:
2023-01-31 16:56:34.875 UTC [DEBUG] steampipe-plugin-hackernews.plugin: {}
2023-01-31 16:56:34.875 UTC [TRACE] steampipe-plugin-hackernews.plugin: [TRACE] 1675184194740: All key column quals:
2023-01-31 16:56:34.875 UTC [DEBUG] steampipe-plugin-hackernews.plugin: {}
2023-01-31 16:56:34.875 UTC [TRACE] steampipe-plugin-hackernews.plugin: [TRACE] 1675184194740: GetMatrixItem
2023-01-31 16:56:34.875 UTC [TRACE] steampipe-plugin-hackernews.plugin: [TRACE] 1675184194740: creating query data
2023-01-31 16:56:34.875 UTC [INFO]  steampipe-plugin-hackernews.plugin: [INFO]  1675184194740: cacheEnabled, trying cache get (hackernews-1675184194740)
2023-01-31 16:56:34.875 UTC [TRACE] steampipe-plugin-hackernews.plugin: [TRACE] 1675184194740: QueryCache Get - indexBucketKey index__hackernewshackernews_new, quals
2023-01-31 16:56:34.875 UTC [TRACE] steampipe-plugin-hackernews.plugin: [TRACE] 1675184194740: QueryCache getCachedQueryResult - table hackernews_new, connectionName hackernews
2023-01-31 16:56:34.875 UTC [TRACE] steampipe-plugin-hackernews.plugin: [TRACE] 1675184194740: index bucket key: index__hackernewshackernews_new ttlSeconds 300 limit: -1
2023-01-31 16:56:34.875 UTC [TRACE] steampipe-plugin-hackernews.plugin: [TRACE] 1675184194740: doGet cache miss
2023-01-31 16:56:34.875 UTC [TRACE] steampipe-plugin-hackernews.plugin: [TRACE] 1675184194740: getCachedIndexBucket - no item retrieved for cache key index__hackernewshackernews_new
2023-01-31 16:56:34.875 UTC [TRACE] steampipe-plugin-hackernews.plugin: [TRACE] 1675184194740: getCachedQueryResult returned CACHE MISS - checking for pending transfers
2023-01-31 16:56:34.875 UTC [TRACE] steampipe-plugin-hackernews.plugin: [TRACE] 1675184194740: getPendingResultItem indexBucketKey index__hackernewshackernews_new, columns [id title time by score dead deleted descendants kids parent parts poll text type url _ctx], limit -1
2023-01-31 16:56:34.875 UTC [TRACE] steampipe-plugin-hackernews.plugin: [TRACE] 1675184194740: no pending index item - add pending result, indexBucketKey index__hackernewshackernews_new
2023-01-31 16:56:34.875 UTC [TRACE] steampipe-plugin-hackernews.plugin: [TRACE] 1675184194740: addPendingResult (hackernews-1675184194740) indexBucketKey index__hackernewshackernews_new, columns [id title time by score dead deleted descendants kids parent parts poll text type url _ctx], limit -1
2023-01-31 16:56:34.875 UTC [TRACE] steampipe-plugin-hackernews.plugin: [TRACE] 1675184194740: no index bucket found - creating one
2023-01-31 16:56:34.875 UTC [TRACE] steampipe-plugin-hackernews.plugin: [TRACE] 1675184194740: pendingIndexItem Lock count before 0
2023-01-31 16:56:34.875 UTC [TRACE] steampipe-plugin-hackernews.plugin: [TRACE] 1675184194740: addPendingResult added pending index item to bucket, (hackernews-1675184194740) indexBucketKey index__hackernewshackernews_new, resultKeyRoot hackernewshackernews_newid,title,time,by,score,dead,deleted,descendants,kids,parent,parts,poll,text,type,url,_ctx-1, pending item : 0xc00045aba0
2023-01-31 16:56:34.875 UTC [TRACE] steampipe-plugin-hackernews.plugin: [TRACE] 1675184194740: **** pending items (hackernews-1675184194740)****
2023-01-31 16:56:34.875 UTC [TRACE] steampipe-plugin-hackernews.plugin: [TRACE] 1675184194740: key: index__hackernewshackernews_new: item: 0xc00045aba0, count: 1, key:hackernewshackernews_newid,title,time,by,score,dead,deleted,descendants,kids,parent,parts,poll,text,type,url,_ctx-1
2023-01-31 16:56:34.875 UTC [TRACE] steampipe-plugin-hackernews.plugin: [TRACE] 1675184194740: ********
2023-01-31 16:56:34.875 UTC [TRACE] steampipe-plugin-hackernews.plugin: [TRACE] 1675184194740: getPendingResultItem returning <nil>
2023-01-31 16:56:34.875 UTC [INFO]  steampipe-plugin-hackernews.plugin: [INFO]  1675184194740: CACHE MISS
2023-01-31 16:56:34.875 UTC [TRACE] steampipe-plugin-hackernews.plugin: [TRACE] 1675184194740: cache MISS
2023-01-31 16:56:34.875 UTC [INFO]  steampipe-plugin-hackernews.plugin: [INFO]  1675184194740: queryCacheGet returned CACHE MISS (hackernews-1675184194740)
2023-01-31 16:56:34.875 UTC [TRACE] steampipe-plugin-hackernews.plugin: [TRACE] 1675184194740: StartSet (hackernews-1675184194740)
2023-01-31 16:56:34.875 UTC [TRACE] steampipe-plugin-hackernews.plugin: [TRACE] 1675184194740: calling fetchItems, table: hackernews_new, matrixItem: [], limit: -1,  connectionCallId: hackernews-1675184194740"
2023-01-31 16:56:34.875 UTC [TRACE] steampipe-plugin-hackernews.plugin: [TRACE] 1675184194740: buildRowsAsync connectionCallId: hackernews-1675184194740
2023-01-31 16:56:34.875 UTC [TRACE] steampipe-plugin-hackernews.plugin: [TRACE] 1675184194740: streamRows connectionCallId: hackernews-1675184194740
2023-01-31 16:56:34.875 UTC [TRACE] steampipe-plugin-hackernews.plugin: [TRACE] 1675184194740: QueryData streamRows (hackernews-1675184194740)
2023-01-31 16:56:34.875 UTC [TRACE] steampipe-plugin-hackernews.plugin: [TRACE] 1675184194740: executeListCall START (hackernews-1675184194740)
2023-01-31 16:56:34.875 UTC [TRACE] steampipe-plugin-hackernews.plugin: [TRACE] 1675184194740: GetUnsatisfiedKeyColumns for columns
2023-01-31 16:56:34.875 UTC [TRACE] steampipe-plugin-hackernews.plugin: [TRACE] 1675184194740: doList (hackernews-1675184194740)
2023-01-31 16:56:34.875 UTC [TRACE] steampipe-plugin-hackernews.plugin: [TRACE] 1675184194740: doList: no matrix item
2023-01-31 16:56:35.120 UTC [TRACE] steampipe-plugin-hackernews.plugin: [TRACE] 1675184194740: QueryData.fetchComplete
2023-01-31 16:56:35.120 UTC [TRACE] steampipe-plugin-hackernews.plugin: [TRACE] 1675184194740: executeListCall COMPLETE (hackernews-1675184194740)
2023-01-31 16:56:35.120 UTC [TRACE] steampipe-plugin-hackernews.plugin: [TRACE] 1675184194740: rowData chan returned nil - wait for rows to complete (hackernews-1675184194740)
2023-01-31 16:56:35.128 UTC [TRACE] stdio: received data: channel=STDOUT len=16
2023-01-31 16:56:35.128 UTC [TRACE] stdio: waiting for stdio data
2023-01-31 16:56:35.267 UTC [TRACE] stdio: received data: channel=STDOUT len=471
2023-01-31 16:56:35.267 UTC [TRACE] stdio: waiting for stdio data
2023-01-31 16:56:35.276 UTC [TRACE] stdio: received data: channel=STDOUT len=18
2023-01-31 16:56:35.276 UTC [TRACE] stdio: waiting for stdio data
2023-01-31 16:56:35.294 UTC [TRACE] stdio: received data: channel=STDOUT len=15
2023-01-31 16:56:35.294 UTC [TRACE] stdio: waiting for stdio data
2023-01-31 16:56:35.296 UTC [TRACE] stdio: received data: channel=STDOUT len=21
2023-01-31 16:56:35.296 UTC [TRACE] stdio: waiting for stdio data
2023-01-31 16:56:35.299 UTC [TRACE] stdio: received data: channel=STDOUT len=60
2023-01-31 16:56:35.299 UTC [TRACE] stdio: waiting for stdio data
2023-01-31 16:56:35.322 UTC [TRACE] stdio: received data: channel=STDOUT len=423
2023-01-31 16:56:35.322 UTC [TRACE] stdio: waiting for stdio data
2023-01-31 16:56:35.381 UTC [TRACE] stdio: received data: channel=STDOUT len=1024
2023-01-31 16:56:35.381 UTC [TRACE] stdio: waiting for stdio data
2023-01-31 16:56:35.422 UTC [TRACE] stdio: received data: channel=STDOUT len=814
2023-01-31 16:56:35.422 UTC [TRACE] stdio: waiting for stdio data
2023-01-31 16:56:35.422 UTC [TRACE] stdio: received data: channel=STDOUT len=311
2023-01-31 16:56:35.422 UTC [TRACE] stdio: waiting for stdio data
2023-01-31 16:56:35.425 UTC [TRACE] stdio: received data: channel=STDOUT len=50
2023-01-31 16:56:35.425 UTC [TRACE] stdio: waiting for stdio data
2023-01-31 16:56:35.430 UTC [TRACE] stdio: received data: channel=STDOUT len=58
2023-01-31 16:56:35.430 UTC [TRACE] stdio: waiting for stdio data
2023-01-31 16:56:35.432 UTC [TRACE] stdio: received data: channel=STDOUT len=51
2023-01-31 16:56:35.432 UTC [TRACE] stdio: waiting for stdio data
2023-01-31 16:56:35.445 UTC [TRACE] stdio: received data: channel=STDOUT len=153
2023-01-31 16:56:35.445 UTC [TRACE] stdio: waiting for stdio data
2023-01-31 16:56:35.451 UTC [TRACE] stdio: received data: channel=STDOUT len=180
2023-01-31 16:56:35.451 UTC [TRACE] stdio: waiting for stdio data
2023-01-31 16:56:35.465 UTC [TRACE] stdio: received data: channel=STDOUT len=104
2023-01-31 16:56:35.465 UTC [TRACE] stdio: waiting for stdio data
2023-01-31 16:56:35.470 UTC [TRACE] stdio: received data: channel=STDOUT len=107
2023-01-31 16:56:35.470 UTC [TRACE] stdio: waiting for stdio data
2023-01-31 16:56:35.474 UTC [TRACE] stdio: received data: channel=STDOUT len=191
2023-01-31 16:56:35.474 UTC [TRACE] stdio: waiting for stdio data
2023-01-31 16:56:35.478 UTC [TRACE] stdio: received data: channel=STDOUT len=242
2023-01-31 16:56:35.478 UTC [TRACE] stdio: waiting for stdio data
2023-01-31 16:56:35.482 UTC [TRACE] stdio: received data: channel=STDOUT len=80
2023-01-31 16:56:35.482 UTC [TRACE] stdio: waiting for stdio data
2023-01-31 16:56:35.566 UTC [TRACE] stdio: received data: channel=STDOUT len=891
2023-01-31 16:56:35.566 UTC [TRACE] stdio: waiting for stdio data
2023-01-31 16:56:35.567 UTC [TRACE] steampipe-plugin-hackernews.plugin: [TRACE] 1675184194740: buildRowsAsync goroutine returning (hackernews-1675184194740)
2023-01-31 16:56:35.567 UTC [TRACE] steampipe-plugin-hackernews.plugin: [TRACE] 1675184194740: streamRows - nil row, stop streaming (hackernews-1675184194740)
2023-01-31 16:56:35.567 UTC [TRACE] steampipe-plugin-hackernews.plugin: [TRACE] 1675184194740: ------------------------------------
2023-01-31 16:56:35.567 UTC [TRACE] steampipe-plugin-hackernews.plugin: [TRACE] 1675184194740: Concurrency Summary
2023-01-31 16:56:35.567 UTC [TRACE] steampipe-plugin-hackernews.plugin: [TRACE] 1675184194740: ------------------------------------
2023-01-31 16:56:35.567 UTC [TRACE] steampipe-plugin-hackernews.plugin: [TRACE] 1675184194740: getItem                       : 200
2023-01-31 16:56:35.567 UTC [TRACE] steampipe-plugin-hackernews.plugin: [TRACE] 1675184194740: ------------------------------------
2023-01-31 16:56:35.567 UTC [TRACE] steampipe-plugin-hackernews.plugin: [TRACE] 1675184194740: Total                         : 200
2023-01-31 16:56:35.567 UTC [TRACE] steampipe-plugin-hackernews.plugin: [TRACE] 1675184194740: ------------------------------------
2023-01-31 16:56:35.567 UTC [TRACE] steampipe-plugin-hackernews.plugin: [TRACE] 1675184194740: QueryData streamRows DONE (hackernews-1675184194740)
2023-01-31 16:56:35.567 UTC [TRACE] steampipe-plugin-hackernews.plugin: [TRACE] 1675184194740: EndSet (hackernews-1675184194740) table hackernews_new
2023-01-31 16:56:35.567 UTC [TRACE] steampipe-plugin-hackernews.plugin: [TRACE] 1675184194740: QueryCache writePageToCache: 500 rows, pageCount 1, page key hackernewshackernews_newid,title,time,by,score,dead,deleted,descendants,kids,parent,parts,poll,text,type,url,_ctx-1-0
2023-01-31 16:56:35.568 UTC [TRACE] stdio: received data: channel=STDOUT len=19
2023-01-31 16:56:35.568 UTC [TRACE] stdio: waiting for stdio data
2023-01-31 16:56:35.574 UTC [TRACE] steampipe-plugin-hackernews.plugin: [TRACE] 1675184194740: writePageToCache Set - result written
2023-01-31 16:56:35.574 UTC [TRACE] steampipe-plugin-hackernews.plugin: [TRACE] 1675184194740: QueryCache EndSet - result written
2023-01-31 16:56:35.574 UTC [TRACE] steampipe-plugin-hackernews.plugin: [TRACE] 1675184194740: doGet cache miss
2023-01-31 16:56:35.574 UTC [TRACE] steampipe-plugin-hackernews.plugin: [TRACE] 1675184194740: getCachedIndexBucket - no item retrieved for cache key index__hackernewshackernews_new
2023-01-31 16:56:35.574 UTC [TRACE] steampipe-plugin-hackernews.plugin: [TRACE] 1675184194740: getCachedIndexBucket returned cache miss
2023-01-31 16:56:35.574 UTC [TRACE] steampipe-plugin-hackernews.plugin: [TRACE] 1675184194740: QueryCache EndSet - Added index item (0xc01b026fc0) to bucket (0xc01acf7ea8), page count 1,  key root hackernewshackernews_newid,title,time,by,score,dead,deleted,descendants,kids,parent,parts,poll,text,type,url,_ctx-1
2023-01-31 16:56:35.574 UTC [TRACE] steampipe-plugin-hackernews.plugin: [TRACE] 1675184194740: cacheSetIndexBucket index__hackernewshackernews_new
2023-01-31 16:56:35.574 UTC [TRACE] steampipe-plugin-hackernews.plugin: [TRACE] 1675184194740: QueryCache EndSet - IndexBucket written
2023-01-31 16:56:35.574 UTC [TRACE] steampipe-plugin-hackernews.plugin: [TRACE] 1675184194740: EndSet DEFER (hackernews-1675184194740) table hackernews_new
2023-01-31 16:56:35.574 UTC [TRACE] steampipe-plugin-hackernews.plugin: [TRACE] 1675184194740: calling pendingItemComplete (hackernews-1675184194740)
2023-01-31 16:56:35.574 UTC [TRACE] steampipe-plugin-hackernews.plugin: [TRACE] 1675184194740: pendingItemComplete (hackernews-1675184194740) indexBucketKey index__hackernewshackernews_new, columns [id title time by score dead deleted descendants kids parent parts poll text type url _ctx], limit -1
2023-01-31 16:56:35.574 UTC [TRACE] steampipe-plugin-hackernews.plugin: [TRACE] 1675184194740: got pending index bucket, (hackernews-1675184194740) len 1
2023-01-31 16:56:35.574 UTC [TRACE] steampipe-plugin-hackernews.plugin: [TRACE] 1675184194740: SatisfiesLimit limit -1, no item limit - satisfied
2023-01-31 16:56:35.574 UTC [TRACE] steampipe-plugin-hackernews.plugin: [TRACE] 1675184194740: found pending index item to satisfy columns id,title,time,by,score,dead,deleted,descendants,kids,parent,parts,poll,text,type,url,_ctx, limit -1
2023-01-31 16:56:35.574 UTC [TRACE] steampipe-plugin-hackernews.plugin: [TRACE] 1675184194740: found completed pending item (hackernews-1675184194740) 0xc00045aba0, key hackernewshackernews_newid,title,time,by,score,dead,deleted,descendants,kids,parent,parts,poll,text,type,url,_ctx-1 - removing from map as it is complete
2023-01-31 16:56:35.574 UTC [TRACE] steampipe-plugin-hackernews.plugin: [TRACE] 1675184194740: pendingIndexItem Unlock count before 1 key hackernewshackernews_newid,title,time,by,score,dead,deleted,descendants,kids,parent,parts,poll,text,type,url,_ctx-1
2023-01-31 16:56:35.574 UTC [TRACE] steampipe-plugin-hackernews.plugin: [TRACE] 1675184194740: deleted from pending, (hackernews-1675184194740) len 0
2023-01-31 16:56:35.574 UTC [TRACE] steampipe-plugin-hackernews.plugin: [TRACE] 1675184194740: pending bucket now empty - deleting key index__hackernewshackernews_new
2023-01-31 16:56:35.574 UTC [TRACE] steampipe-plugin-hackernews.plugin: [TRACE] 1675184194740: pendingItemComplete done (hackernews-1675184194740)
2023-01-31 16:56:35.574 UTC [TRACE] steampipe-plugin-hackernews.plugin: [TRACE] 1675184194740: cache set succeeded
2023-01-31 16:56:35.574 UTC [TRACE] steampipe-plugin-hackernews.plugin: [TRACE] 1675184194740: End execute span
2023-01-31 16:56:35.574 UTC [TRACE] steampipe-plugin-hackernews.plugin: [TRACE] 1675184194740: executeForConnection DEFER (hackernews-1675184194740)
2023-01-31 16:56:35.574 UTC [TRACE] steampipe-plugin-hackernews.plugin: [TRACE] 1675184194740: Execute complete callId: hackernews-1675184194740 table: hackernews_new
2023-01-31 16:56:35.574 UTC [TRACE] steampipe-plugin-hackernews.plugin: [TRACE] 1675184194740: executeForConnection hackernews returned
2023-01-31 16:56:35.574 UTC [TRACE] steampipe-plugin-hackernews.plugin: [TRACE] 1675184194740: output wg complete - send nil row
2023-01-31 16:56:35.574 UTC [TRACE] steampipe-plugin-hackernews.plugin: [TRACE] 1675184194740: empty row on output channel - we are done
2023-01-31 16:56:35.574 UTC [INFO]  steampipe-plugin-hackernews.plugin: [INFO]  1675184194740: Plugin Execute complete (1675184194740)
2023-01-31 16:56:35.592 UTC [TRACE] PluginManager Shutdown
2023-01-31 16:56:35.592 UTC [TRACE] killing plugin csv (2068)
2023-01-31 16:56:35.593 UTC [DEBUG] stdio: received EOF, stopping recv loop: err="rpc error: code = Unavailable desc = error reading from server: EOF"
2023-01-31 16:56:35.593 UTC [TRACE] steampipe-plugin-csv.plugin: [TRACE] FLUSHING instrumentation
2023-01-31 16:56:35.593 UTC [TRACE] steampipe-plugin-csv.plugin: [TRACE] Shutdown instrumentation
2023-01-31 16:56:35.593 UTC [INFO]  plugin process exited: path=/home/runner/.steampipe/plugins/hub.steampipe.io/plugins/turbot/csv@latest/steampipe-plugin-csv.plugin pid=2068
2023-01-31 16:56:35.593 UTC [DEBUG] plugin exited
2023-01-31 16:56:35.593 UTC [TRACE] killing plugin hackernews (2092)
2023-01-31 16:56:35.593 UTC [TRACE] steampipe-plugin-hackernews.plugin: [TRACE] 1675184194740: FLUSHING instrumentation
2023-01-31 16:56:35.593 UTC [TRACE] steampipe-plugin-hackernews.plugin: [TRACE] 1675184194740: Shutdown instrumentation
2023-01-31 16:56:35.594 UTC [DEBUG] stdio: received EOF, stopping recv loop: err="rpc error: code = Unavailable desc = error reading from server: EOF"
2023-01-31 16:56:35.596 UTC [INFO]  plugin process exited: path=/home/runner/.steampipe/plugins/hub.steampipe.io/plugins/turbot/hackernews@latest/steampipe-plugin-hackernews.plugin pid=2092
2023-01-31 16:56:35.596 UTC [DEBUG] plugin exited
2023-01-31 16:56:41.152 UTC [WARN]  steampipe-plugin-csv.plugin: [WARN]  1675184201520: getKeyColumnsForTable found no schema for table '/home/runner/work/steampipe-samples/steampipe-samples/all/hackernews/hn.csv'
2023-01-31 16:57:15.710 UTC [WARN]  steampipe-plugin-csv.plugin: [WARN]  1675184235498: getKeyColumnsForTable found no schema for table '/home/runner/work/steampipe-samples/steampipe-samples/all/hackernews/hn.csv'
2023-01-31 16:59:37.765 UTC [ERROR] steampipe-plugin-csv.plugin: [ERROR] csv.tableCSV: header_parse_error=EOF path=/home/runner/work/steampipe-samples/steampipe-samples/all/hackernews/new_sc.csv header=[]
2023-01-31 16:59:37.765 UTC [ERROR] steampipe-plugin-csv.plugin: [ERROR] csv.PluginTables: create_table_error="failed to parse file header /home/runner/work/steampipe-samples/steampipe-samples/all/hackernews/new_sc.csv: EOF" path=/home/runner/work/steampipe-samples/steampipe-samples/all/hackernews/new_sc.csv
2023-01-31 16:59:37.765 UTC [WARN]  failed to set connection config: failed to parse file header /home/runner/work/steampipe-samples/steampipe-samples/all/hackernews/new_sc.csv: EOF
2023-01-31 16:59:38.597 UTC [WARN]  steampipe-plugin-csv.plugin: [WARN]  1675184378710: getKeyColumnsForTable found no schema for table '/home/runner/work/steampipe-samples/steampipe-samples/all/hackernews/new_sc.csv'
2023-01-31 16:59:43.433 UTC [ERROR] steampipe-plugin-csv.plugin: [ERROR] csv.tableCSV: header_parse_error=EOF path=/home/runner/work/steampipe-samples/steampipe-samples/all/hackernews/hn_items_all.csv header=[]
2023-01-31 16:59:43.433 UTC [ERROR] steampipe-plugin-csv.plugin: [ERROR] csv.PluginTables: create_table_error="failed to parse file header /home/runner/work/steampipe-samples/steampipe-samples/all/hackernews/hn_items_all.csv: EOF" path=/home/runner/work/steampipe-samples/steampipe-samples/all/hackernews/hn_items_all.csv
2023-01-31 16:59:43.433 UTC [WARN]  failed to set connection config: failed to parse file header /home/runner/work/steampipe-samples/steampipe-samples/all/hackernews/hn_items_all.csv: EOF
