2022-11-19 06:20:47.276 UTC [INFO]  starting plugin manager
2022-11-19 06:20:47.276 UTC [TRACE] loaded config map: hackernews,net,csv,github
2022-11-19 06:20:47.276 UTC [TRACE] NewPluginManager
2022-11-19 06:20:47.277 UTC [TRACE] PluginManager setPluginCacheSizeMap: 4 connections.
2022-11-19 06:20:47.277 UTC [TRACE] Total cache size 0Mb
2022-11-19 06:20:47.277 UTC [INFO]  starting connection watcher
2022-11-19 06:20:47.278 UTC [INFO]  created ConnectionWatcher
2022-11-19 06:20:47.278 UTC [TRACE] about to serve
2022-11-19 06:20:47.349 UTC [TRACE] PluginManager Get, connections: '[csv]'
2022-11-19 06:20:47.349 UTC [TRACE] PluginManager getPlugin hub.steampipe.io/plugins/turbot/csv@latest connection 'csv'
2022-11-19 06:20:47.349 UTC [TRACE] PluginManager 0xc0004714f0 plugin hub.steampipe.io/plugins/turbot/csv@latest (csv) NOT started or starting - start now
2022-11-19 06:20:47.349 UTC [TRACE] ************ start plugin csv ********************
2022-11-19 06:20:47.349 UTC [TRACE] ************ plugin path /home/runner/.steampipe/plugins/hub.steampipe.io/plugins/turbot/csv@latest/steampipe-plugin-csv.plugin ********************
2022-11-19 06:20:47.379 UTC [TRACE] handleFileWatcherEvent ignoring first event
2022-11-19 06:20:47.415 UTC [DEBUG] starting plugin: path=/home/runner/.steampipe/plugins/hub.steampipe.io/plugins/turbot/csv@latest/steampipe-plugin-csv.plugin args=["/home/runner/.steampipe/plugins/hub.steampipe.io/plugins/turbot/csv@latest/steampipe-plugin-csv.plugin"]
2022-11-19 06:20:47.416 UTC [DEBUG] plugin started: path=/home/runner/.steampipe/plugins/hub.steampipe.io/plugins/turbot/csv@latest/steampipe-plugin-csv.plugin pid=2003
2022-11-19 06:20:47.416 UTC [DEBUG] waiting for RPC address: path=/home/runner/.steampipe/plugins/hub.steampipe.io/plugins/turbot/csv@latest/steampipe-plugin-csv.plugin
2022-11-19 06:20:47.425 UTC [INFO]  steampipe-plugin-csv.plugin: [INFO]  Initialise plugin 'steampipe-plugin-csv', using sdk version 4.1.7
2022-11-19 06:20:47.425 UTC [TRACE] steampipe-plugin-csv.plugin: [TRACE] no DefaultRetryConfig defined - creating empty
2022-11-19 06:20:47.425 UTC [TRACE] steampipe-plugin-csv.plugin: [TRACE] no DefaultIgnoreConfig defined - creating empty
2022-11-19 06:20:47.425 UTC [TRACE] steampipe-plugin-csv.plugin: [TRACE] Setting Ulimit: ulimit=2560
2022-11-19 06:20:47.425 UTC [TRACE] steampipe-plugin-csv.plugin: [TRACE] telemetry.Init service 'steampipe-plugin-csv', tracingEnabled: false, metricsEnabled: false
2022-11-19 06:20:47.425 UTC [TRACE] steampipe-plugin-csv.plugin: [TRACE] metrics and tracing disabled' - returning
2022-11-19 06:20:47.426 UTC [DEBUG] steampipe-plugin-csv.plugin: plugin address: address=/tmp/plugin1634927062 network=unix timestamp=2022-11-19T06:20:47.426Z
2022-11-19 06:20:47.426 UTC [DEBUG] using plugin: version=0
2022-11-19 06:20:47.426 UTC [TRACE] NewPluginClient for plugin hub.steampipe.io/plugins/turbot/csv@latest
2022-11-19 06:20:47.427 UTC [TRACE] stdio: waiting for stdio data
2022-11-19 06:20:47.428 UTC [TRACE] supportedOperations: query_cache:true  multiple_connections:true
2022-11-19 06:20:47.429 UTC [TRACE] steampipe-plugin-csv.plugin: [TRACE] SetAllConnectionConfigs setting 1 configs
2022-11-19 06:20:47.429 UTC [TRACE] steampipe-plugin-csv.plugin: [TRACE] connection csv build schema and table map
2022-11-19 06:20:47.429 UTC [DEBUG] steampipe-plugin-csv.plugin: [DEBUG] csv.tableCSV: path=/home/runner/work/steampipe-samples/steampipe-samples/all/hackernews/hn_items_all.csv detected_encoding=Unknown
2022-11-19 06:20:47.429 UTC [DEBUG] steampipe-plugin-csv.plugin: [DEBUG] csv.tableCSV: path=/home/runner/work/steampipe-samples/steampipe-samples/all/hackernews/new_sc.csv detected_encoding=Unknown
2022-11-19 06:20:47.429 UTC [DEBUG] steampipe-plugin-csv.plugin: [DEBUG] csv.tableCSV: path=/home/runner/work/steampipe-samples/steampipe-samples/all/hackernews/people.csv detected_encoding=Unknown
2022-11-19 06:20:47.429 UTC [TRACE] steampipe-plugin-csv.plugin: [TRACE] initialise table /home/runner/work/steampipe-samples/steampipe-samples/all/hackernews/hn_items_all.csv
2022-11-19 06:20:47.429 UTC [TRACE] steampipe-plugin-csv.plugin: [TRACE] no DefaultRetryConfig defined - creating empty
2022-11-19 06:20:47.430 UTC [TRACE] steampipe-plugin-csv.plugin: [TRACE] no DefaultIgnoreConfig defined - creating empty
2022-11-19 06:20:47.430 UTC [TRACE] steampipe-plugin-csv.plugin: [TRACE] apply plugin defaults for DefaultRetryConfig
2022-11-19 06:20:47.430 UTC [TRACE] steampipe-plugin-csv.plugin: [TRACE] apply plugin defaults for DefaultIgnoreConfig, table &{<nil> <nil>} plugin &{<nil> <nil>}
2022-11-19 06:20:47.430 UTC [TRACE] steampipe-plugin-csv.plugin: [TRACE] DefaultRetryConfig:
2022-11-19 06:20:47.430 UTC [TRACE] steampipe-plugin-csv.plugin: [TRACE] DefaultIgnoreConfig:
2022-11-19 06:20:47.430 UTC [TRACE] steampipe-plugin-csv.plugin: [TRACE] t.List.initialise
2022-11-19 06:20:47.430 UTC [TRACE] steampipe-plugin-csv.plugin: [TRACE] ListConfig.initialise table /home/runner/work/steampipe-samples/steampipe-samples/all/hackernews/hn_items_all.csv
2022-11-19 06:20:47.430 UTC [TRACE] steampipe-plugin-csv.plugin: [TRACE] ListConfig.initialise complete: RetryConfig: , IgnoreConfig
2022-11-19 06:20:47.430 UTC [TRACE] steampipe-plugin-csv.plugin: [TRACE] back from initialiseHydrateConfigs
2022-11-19 06:20:47.430 UTC [TRACE] steampipe-plugin-csv.plugin: [TRACE] initialise table /home/runner/work/steampipe-samples/steampipe-samples/all/hackernews/hn_items_all.csv COMPLETE
2022-11-19 06:20:47.430 UTC [TRACE] steampipe-plugin-csv.plugin: [TRACE] initialise table /home/runner/work/steampipe-samples/steampipe-samples/all/hackernews/new_sc.csv
2022-11-19 06:20:47.430 UTC [TRACE] steampipe-plugin-csv.plugin: [TRACE] no DefaultRetryConfig defined - creating empty
2022-11-19 06:20:47.430 UTC [TRACE] steampipe-plugin-csv.plugin: [TRACE] no DefaultIgnoreConfig defined - creating empty
2022-11-19 06:20:47.430 UTC [TRACE] steampipe-plugin-csv.plugin: [TRACE] apply plugin defaults for DefaultRetryConfig
2022-11-19 06:20:47.430 UTC [TRACE] steampipe-plugin-csv.plugin: [TRACE] apply plugin defaults for DefaultIgnoreConfig, table &{<nil> <nil>} plugin &{<nil> <nil>}
2022-11-19 06:20:47.430 UTC [TRACE] steampipe-plugin-csv.plugin: [TRACE] DefaultRetryConfig:
2022-11-19 06:20:47.430 UTC [TRACE] steampipe-plugin-csv.plugin: [TRACE] DefaultIgnoreConfig:
2022-11-19 06:20:47.430 UTC [TRACE] steampipe-plugin-csv.plugin: [TRACE] t.List.initialise
2022-11-19 06:20:47.430 UTC [TRACE] steampipe-plugin-csv.plugin: [TRACE] ListConfig.initialise table /home/runner/work/steampipe-samples/steampipe-samples/all/hackernews/new_sc.csv
2022-11-19 06:20:47.430 UTC [TRACE] steampipe-plugin-csv.plugin: [TRACE] ListConfig.initialise complete: RetryConfig: , IgnoreConfig
2022-11-19 06:20:47.430 UTC [TRACE] steampipe-plugin-csv.plugin: [TRACE] back from initialiseHydrateConfigs
2022-11-19 06:20:47.430 UTC [TRACE] steampipe-plugin-csv.plugin: [TRACE] initialise table /home/runner/work/steampipe-samples/steampipe-samples/all/hackernews/new_sc.csv COMPLETE
2022-11-19 06:20:47.430 UTC [TRACE] steampipe-plugin-csv.plugin: [TRACE] initialise table /home/runner/work/steampipe-samples/steampipe-samples/all/hackernews/people.csv
2022-11-19 06:20:47.430 UTC [TRACE] steampipe-plugin-csv.plugin: [TRACE] no DefaultRetryConfig defined - creating empty
2022-11-19 06:20:47.430 UTC [TRACE] steampipe-plugin-csv.plugin: [TRACE] no DefaultIgnoreConfig defined - creating empty
2022-11-19 06:20:47.430 UTC [TRACE] steampipe-plugin-csv.plugin: [TRACE] apply plugin defaults for DefaultRetryConfig
2022-11-19 06:20:47.430 UTC [TRACE] steampipe-plugin-csv.plugin: [TRACE] apply plugin defaults for DefaultIgnoreConfig, table &{<nil> <nil>} plugin &{<nil> <nil>}
2022-11-19 06:20:47.430 UTC [TRACE] steampipe-plugin-csv.plugin: [TRACE] DefaultRetryConfig:
2022-11-19 06:20:47.430 UTC [TRACE] steampipe-plugin-csv.plugin: [TRACE] DefaultIgnoreConfig:
2022-11-19 06:20:47.430 UTC [TRACE] steampipe-plugin-csv.plugin: [TRACE] t.List.initialise
2022-11-19 06:20:47.430 UTC [TRACE] steampipe-plugin-csv.plugin: [TRACE] ListConfig.initialise table /home/runner/work/steampipe-samples/steampipe-samples/all/hackernews/people.csv
2022-11-19 06:20:47.430 UTC [TRACE] steampipe-plugin-csv.plugin: [TRACE] ListConfig.initialise complete: RetryConfig: , IgnoreConfig
2022-11-19 06:20:47.430 UTC [TRACE] steampipe-plugin-csv.plugin: [TRACE] back from initialiseHydrateConfigs
2022-11-19 06:20:47.430 UTC [TRACE] steampipe-plugin-csv.plugin: [TRACE] initialise table /home/runner/work/steampipe-samples/steampipe-samples/all/hackernews/people.csv COMPLETE
2022-11-19 06:20:47.430 UTC [TRACE] steampipe-plugin-csv.plugin: [TRACE] validate plugin steampipe-plugin-csv, required columns []
2022-11-19 06:20:47.430 UTC [TRACE] steampipe-plugin-csv.plugin: [TRACE] validate DefaultRetryConfig
2022-11-19 06:20:47.430 UTC [TRACE] steampipe-plugin-csv.plugin: [TRACE] validate DefaultIgnoreConfig
2022-11-19 06:20:47.430 UTC [TRACE] steampipe-plugin-csv.plugin: [TRACE] validate table names
2022-11-19 06:20:47.430 UTC [TRACE] steampipe-plugin-csv.plugin: [TRACE] plugin has 0 validation errors
2022-11-19 06:20:47.430 UTC [TRACE] steampipe-plugin-csv.plugin: [TRACE] Plugin ensureCache creating cache, maxCacheStorageMb 0
2022-11-19 06:20:47.430 UTC [TRACE] steampipe-plugin-csv.plugin: [TRACE] createCacheStore for plugin 'steampipe-plugin-csv' setting max size to 0Mb, Shards: 2, max shard size: 0
2022-11-19 06:20:47.445 UTC [INFO]  steampipe-plugin-csv.plugin: [INFO]  query cache created
2022-11-19 06:20:47.445 UTC [DEBUG] steampipe-plugin-csv.plugin: [DEBUG] SetAllConnectionConfigs finished
2022-11-19 06:20:47.446 UTC [TRACE] PluginManager getPlugin complete, returning reattach config with PID: 2003
2022-11-19 06:20:47.446 UTC [TRACE] PluginManager Get returning reattach_map:{key:"csv"  value:{protocol:"grpc"  addr:{Network:"unix"  Address:"/tmp/plugin1634927062"}  pid:2003  supported_operations:{query_cache:true  multiple_connections:true}  connections:"csv"  plugin:"hub.steampipe.io/plugins/turbot/csv@latest"}}
2022-11-19 06:20:47.529 UTC [TRACE] PluginManager Get, connections: '[csv]'
2022-11-19 06:20:47.529 UTC [TRACE] PluginManager getPlugin hub.steampipe.io/plugins/turbot/csv@latest connection 'csv'
2022-11-19 06:20:47.529 UTC [TRACE] connection csv found in connectionPluginMap
2022-11-19 06:20:47.529 UTC [TRACE] initialized: 2003
2022-11-19 06:20:47.529 UTC [TRACE] initialized: 2003
2022-11-19 06:20:47.529 UTC [TRACE] connection csv is loaded, check for running PID
2022-11-19 06:20:47.529 UTC [TRACE] PluginManager found 'csv' in map, pid 2003
2022-11-19 06:20:47.529 UTC [TRACE] PluginManager Get returning reattach_map:{key:"csv"  value:{protocol:"grpc"  addr:{Network:"unix"  Address:"/tmp/plugin1634927062"}  pid:2003  supported_operations:{query_cache:true  multiple_connections:true}  connections:"csv"  plugin:"hub.steampipe.io/plugins/turbot/csv@latest"}}
2022-11-19 06:20:47.685 UTC [TRACE] PluginManager Get, connections: '[hackernews]'
2022-11-19 06:20:47.685 UTC [TRACE] PluginManager getPlugin hub.steampipe.io/plugins/turbot/hackernews@latest connection 'hackernews'
2022-11-19 06:20:47.685 UTC [TRACE] PluginManager 0xc0004714f0 plugin hub.steampipe.io/plugins/turbot/hackernews@latest (hackernews) NOT started or starting - start now
2022-11-19 06:20:47.685 UTC [TRACE] ************ start plugin hackernews ********************
2022-11-19 06:20:47.685 UTC [TRACE] ************ plugin path /home/runner/.steampipe/plugins/hub.steampipe.io/plugins/turbot/hackernews@latest/steampipe-plugin-hackernews.plugin ********************
2022-11-19 06:20:47.750 UTC [DEBUG] starting plugin: path=/home/runner/.steampipe/plugins/hub.steampipe.io/plugins/turbot/hackernews@latest/steampipe-plugin-hackernews.plugin args=["/home/runner/.steampipe/plugins/hub.steampipe.io/plugins/turbot/hackernews@latest/steampipe-plugin-hackernews.plugin"]
2022-11-19 06:20:47.751 UTC [DEBUG] plugin started: path=/home/runner/.steampipe/plugins/hub.steampipe.io/plugins/turbot/hackernews@latest/steampipe-plugin-hackernews.plugin pid=2024
2022-11-19 06:20:47.751 UTC [DEBUG] waiting for RPC address: path=/home/runner/.steampipe/plugins/hub.steampipe.io/plugins/turbot/hackernews@latest/steampipe-plugin-hackernews.plugin
2022-11-19 06:20:47.758 UTC [INFO]  steampipe-plugin-hackernews.plugin: [INFO]  Initialise plugin 'steampipe-plugin-hackernews', using sdk version 4.1.7
2022-11-19 06:20:47.758 UTC [TRACE] steampipe-plugin-hackernews.plugin: [TRACE] defaulting SchemaMode to SchemaModeStatic
2022-11-19 06:20:47.758 UTC [TRACE] steampipe-plugin-hackernews.plugin: [TRACE] no DefaultRetryConfig defined - creating empty
2022-11-19 06:20:47.758 UTC [TRACE] steampipe-plugin-hackernews.plugin: [TRACE] no DefaultIgnoreConfig defined - creating empty
2022-11-19 06:20:47.758 UTC [TRACE] steampipe-plugin-hackernews.plugin: [TRACE] Setting Ulimit: ulimit=2560
2022-11-19 06:20:47.759 UTC [TRACE] steampipe-plugin-hackernews.plugin: [TRACE] telemetry.Init service 'steampipe-plugin-hackernews', tracingEnabled: false, metricsEnabled: false
2022-11-19 06:20:47.759 UTC [TRACE] steampipe-plugin-hackernews.plugin: [TRACE] metrics and tracing disabled' - returning
2022-11-19 06:20:47.759 UTC [DEBUG] steampipe-plugin-hackernews.plugin: plugin address: address=/tmp/plugin795457761 network=unix timestamp=2022-11-19T06:20:47.759Z
2022-11-19 06:20:47.759 UTC [DEBUG] using plugin: version=0
2022-11-19 06:20:47.759 UTC [TRACE] NewPluginClient for plugin hub.steampipe.io/plugins/turbot/hackernews@latest
2022-11-19 06:20:47.760 UTC [TRACE] stdio: waiting for stdio data
2022-11-19 06:20:47.761 UTC [TRACE] supportedOperations: query_cache:true  multiple_connections:true
2022-11-19 06:20:47.761 UTC [TRACE] steampipe-plugin-hackernews.plugin: [TRACE] SetAllConnectionConfigs setting 1 configs
2022-11-19 06:20:47.761 UTC [TRACE] steampipe-plugin-hackernews.plugin: [TRACE] connection hackernews build schema and table map
2022-11-19 06:20:47.761 UTC [TRACE] steampipe-plugin-hackernews.plugin: [TRACE] initialise table hackernews_top
2022-11-19 06:20:47.761 UTC [TRACE] steampipe-plugin-hackernews.plugin: [TRACE] no DefaultRetryConfig defined - creating empty
2022-11-19 06:20:47.761 UTC [TRACE] steampipe-plugin-hackernews.plugin: [TRACE] no DefaultIgnoreConfig defined - creating empty
2022-11-19 06:20:47.761 UTC [TRACE] steampipe-plugin-hackernews.plugin: [TRACE] apply plugin defaults for DefaultRetryConfig
2022-11-19 06:20:47.761 UTC [TRACE] steampipe-plugin-hackernews.plugin: [TRACE] apply plugin defaults for DefaultIgnoreConfig, table &{<nil> <nil>} plugin &{<nil> <nil>}
2022-11-19 06:20:47.761 UTC [TRACE] steampipe-plugin-hackernews.plugin: [TRACE] DefaultRetryConfig:
2022-11-19 06:20:47.761 UTC [TRACE] steampipe-plugin-hackernews.plugin: [TRACE] DefaultIgnoreConfig:
2022-11-19 06:20:47.761 UTC [TRACE] steampipe-plugin-hackernews.plugin: [TRACE] t.Get.initialise
2022-11-19 06:20:47.761 UTC [TRACE] steampipe-plugin-hackernews.plugin: [TRACE] GetConfig.initialise table hackernews_top
2022-11-19 06:20:47.761 UTC [TRACE] steampipe-plugin-hackernews.plugin: [TRACE] GetConfig.initialise complete: RetryConfig: , IgnoreConfig:
2022-11-19 06:20:47.761 UTC [TRACE] steampipe-plugin-hackernews.plugin: [TRACE] t.List.initialise
2022-11-19 06:20:47.761 UTC [TRACE] steampipe-plugin-hackernews.plugin: [TRACE] ListConfig.initialise table hackernews_top
2022-11-19 06:20:47.761 UTC [TRACE] steampipe-plugin-hackernews.plugin: [TRACE] ListConfig.initialise complete: RetryConfig: , IgnoreConfig
2022-11-19 06:20:47.761 UTC [TRACE] steampipe-plugin-hackernews.plugin: [TRACE] HydrateConfig.initialise func getItem, table hackernews_top
2022-11-19 06:20:47.761 UTC [TRACE] steampipe-plugin-hackernews.plugin: [TRACE] HydrateConfig.initialise complete: RetryConfig: , IgnoreConfig:
2022-11-19 06:20:47.761 UTC [TRACE] steampipe-plugin-hackernews.plugin: [TRACE] back from initialiseHydrateConfigs
2022-11-19 06:20:47.761 UTC [TRACE] steampipe-plugin-hackernews.plugin: [TRACE] initialise table hackernews_top COMPLETE
2022-11-19 06:20:47.761 UTC [TRACE] steampipe-plugin-hackernews.plugin: [TRACE] initialise table hackernews_user
2022-11-19 06:20:47.761 UTC [TRACE] steampipe-plugin-hackernews.plugin: [TRACE] no DefaultRetryConfig defined - creating empty
2022-11-19 06:20:47.761 UTC [TRACE] steampipe-plugin-hackernews.plugin: [TRACE] no DefaultIgnoreConfig defined - creating empty
2022-11-19 06:20:47.761 UTC [TRACE] steampipe-plugin-hackernews.plugin: [TRACE] apply plugin defaults for DefaultRetryConfig
2022-11-19 06:20:47.761 UTC [TRACE] steampipe-plugin-hackernews.plugin: [TRACE] apply plugin defaults for DefaultIgnoreConfig, table &{<nil> <nil>} plugin &{<nil> <nil>}
2022-11-19 06:20:47.761 UTC [TRACE] steampipe-plugin-hackernews.plugin: [TRACE] DefaultRetryConfig:
2022-11-19 06:20:47.761 UTC [TRACE] steampipe-plugin-hackernews.plugin: [TRACE] DefaultIgnoreConfig:
2022-11-19 06:20:47.761 UTC [TRACE] steampipe-plugin-hackernews.plugin: [TRACE] t.List.initialise
2022-11-19 06:20:47.761 UTC [TRACE] steampipe-plugin-hackernews.plugin: [TRACE] ListConfig.initialise table hackernews_user
2022-11-19 06:20:47.761 UTC [TRACE] steampipe-plugin-hackernews.plugin: [TRACE] ListConfig.initialise complete: RetryConfig: , IgnoreConfig
2022-11-19 06:20:47.761 UTC [TRACE] steampipe-plugin-hackernews.plugin: [TRACE] back from initialiseHydrateConfigs
2022-11-19 06:20:47.761 UTC [TRACE] steampipe-plugin-hackernews.plugin: [TRACE] initialise table hackernews_user COMPLETE
2022-11-19 06:20:47.761 UTC [TRACE] steampipe-plugin-hackernews.plugin: [TRACE] initialise table hackernews_ask_hn
2022-11-19 06:20:47.761 UTC [TRACE] steampipe-plugin-hackernews.plugin: [TRACE] no DefaultRetryConfig defined - creating empty
2022-11-19 06:20:47.761 UTC [TRACE] steampipe-plugin-hackernews.plugin: [TRACE] no DefaultIgnoreConfig defined - creating empty
2022-11-19 06:20:47.761 UTC [TRACE] steampipe-plugin-hackernews.plugin: [TRACE] apply plugin defaults for DefaultRetryConfig
2022-11-19 06:20:47.761 UTC [TRACE] steampipe-plugin-hackernews.plugin: [TRACE] apply plugin defaults for DefaultIgnoreConfig, table &{<nil> <nil>} plugin &{<nil> <nil>}
2022-11-19 06:20:47.761 UTC [TRACE] steampipe-plugin-hackernews.plugin: [TRACE] DefaultRetryConfig:
2022-11-19 06:20:47.761 UTC [TRACE] steampipe-plugin-hackernews.plugin: [TRACE] DefaultIgnoreConfig:
2022-11-19 06:20:47.761 UTC [TRACE] steampipe-plugin-hackernews.plugin: [TRACE] t.Get.initialise
2022-11-19 06:20:47.761 UTC [TRACE] steampipe-plugin-hackernews.plugin: [TRACE] GetConfig.initialise table hackernews_ask_hn
2022-11-19 06:20:47.761 UTC [TRACE] steampipe-plugin-hackernews.plugin: [TRACE] GetConfig.initialise complete: RetryConfig: , IgnoreConfig:
2022-11-19 06:20:47.761 UTC [TRACE] steampipe-plugin-hackernews.plugin: [TRACE] t.List.initialise
2022-11-19 06:20:47.761 UTC [TRACE] steampipe-plugin-hackernews.plugin: [TRACE] ListConfig.initialise table hackernews_ask_hn
2022-11-19 06:20:47.761 UTC [TRACE] steampipe-plugin-hackernews.plugin: [TRACE] ListConfig.initialise complete: RetryConfig: , IgnoreConfig
2022-11-19 06:20:47.761 UTC [TRACE] steampipe-plugin-hackernews.plugin: [TRACE] HydrateConfig.initialise func getItem, table hackernews_ask_hn
2022-11-19 06:20:47.761 UTC [TRACE] steampipe-plugin-hackernews.plugin: [TRACE] HydrateConfig.initialise complete: RetryConfig: , IgnoreConfig:
2022-11-19 06:20:47.761 UTC [TRACE] steampipe-plugin-hackernews.plugin: [TRACE] back from initialiseHydrateConfigs
2022-11-19 06:20:47.761 UTC [TRACE] steampipe-plugin-hackernews.plugin: [TRACE] initialise table hackernews_ask_hn COMPLETE
2022-11-19 06:20:47.761 UTC [TRACE] steampipe-plugin-hackernews.plugin: [TRACE] initialise table hackernews_best
2022-11-19 06:20:47.761 UTC [TRACE] steampipe-plugin-hackernews.plugin: [TRACE] no DefaultRetryConfig defined - creating empty
2022-11-19 06:20:47.761 UTC [TRACE] steampipe-plugin-hackernews.plugin: [TRACE] no DefaultIgnoreConfig defined - creating empty
2022-11-19 06:20:47.761 UTC [TRACE] steampipe-plugin-hackernews.plugin: [TRACE] apply plugin defaults for DefaultRetryConfig
2022-11-19 06:20:47.761 UTC [TRACE] steampipe-plugin-hackernews.plugin: [TRACE] apply plugin defaults for DefaultIgnoreConfig, table &{<nil> <nil>} plugin &{<nil> <nil>}
2022-11-19 06:20:47.761 UTC [TRACE] steampipe-plugin-hackernews.plugin: [TRACE] DefaultRetryConfig:
2022-11-19 06:20:47.761 UTC [TRACE] steampipe-plugin-hackernews.plugin: [TRACE] DefaultIgnoreConfig:
2022-11-19 06:20:47.761 UTC [TRACE] steampipe-plugin-hackernews.plugin: [TRACE] t.Get.initialise
2022-11-19 06:20:47.761 UTC [TRACE] steampipe-plugin-hackernews.plugin: [TRACE] GetConfig.initialise table hackernews_best
2022-11-19 06:20:47.761 UTC [TRACE] steampipe-plugin-hackernews.plugin: [TRACE] GetConfig.initialise complete: RetryConfig: , IgnoreConfig:
2022-11-19 06:20:47.761 UTC [TRACE] steampipe-plugin-hackernews.plugin: [TRACE] t.List.initialise
2022-11-19 06:20:47.761 UTC [TRACE] steampipe-plugin-hackernews.plugin: [TRACE] ListConfig.initialise table hackernews_best
2022-11-19 06:20:47.761 UTC [TRACE] steampipe-plugin-hackernews.plugin: [TRACE] ListConfig.initialise complete: RetryConfig: , IgnoreConfig
2022-11-19 06:20:47.761 UTC [TRACE] steampipe-plugin-hackernews.plugin: [TRACE] HydrateConfig.initialise func getItem, table hackernews_best
2022-11-19 06:20:47.761 UTC [TRACE] steampipe-plugin-hackernews.plugin: [TRACE] HydrateConfig.initialise complete: RetryConfig: , IgnoreConfig:
2022-11-19 06:20:47.761 UTC [TRACE] steampipe-plugin-hackernews.plugin: [TRACE] back from initialiseHydrateConfigs
2022-11-19 06:20:47.761 UTC [TRACE] steampipe-plugin-hackernews.plugin: [TRACE] initialise table hackernews_best COMPLETE
2022-11-19 06:20:47.761 UTC [TRACE] steampipe-plugin-hackernews.plugin: [TRACE] initialise table hackernews_item
2022-11-19 06:20:47.761 UTC [TRACE] steampipe-plugin-hackernews.plugin: [TRACE] no DefaultRetryConfig defined - creating empty
2022-11-19 06:20:47.761 UTC [TRACE] steampipe-plugin-hackernews.plugin: [TRACE] no DefaultIgnoreConfig defined - creating empty
2022-11-19 06:20:47.761 UTC [TRACE] steampipe-plugin-hackernews.plugin: [TRACE] apply plugin defaults for DefaultRetryConfig
2022-11-19 06:20:47.761 UTC [TRACE] steampipe-plugin-hackernews.plugin: [TRACE] apply plugin defaults for DefaultIgnoreConfig, table &{<nil> <nil>} plugin &{<nil> <nil>}
2022-11-19 06:20:47.761 UTC [TRACE] steampipe-plugin-hackernews.plugin: [TRACE] DefaultRetryConfig:
2022-11-19 06:20:47.761 UTC [TRACE] steampipe-plugin-hackernews.plugin: [TRACE] DefaultIgnoreConfig:
2022-11-19 06:20:47.761 UTC [TRACE] steampipe-plugin-hackernews.plugin: [TRACE] t.Get.initialise
2022-11-19 06:20:47.761 UTC [TRACE] steampipe-plugin-hackernews.plugin: [TRACE] GetConfig.initialise table hackernews_item
2022-11-19 06:20:47.761 UTC [TRACE] steampipe-plugin-hackernews.plugin: [TRACE] GetConfig.initialise complete: RetryConfig: , IgnoreConfig:
2022-11-19 06:20:47.761 UTC [TRACE] steampipe-plugin-hackernews.plugin: [TRACE] t.List.initialise
2022-11-19 06:20:47.761 UTC [TRACE] steampipe-plugin-hackernews.plugin: [TRACE] ListConfig.initialise table hackernews_item
2022-11-19 06:20:47.761 UTC [TRACE] steampipe-plugin-hackernews.plugin: [TRACE] ListConfig.initialise complete: RetryConfig: , IgnoreConfig
2022-11-19 06:20:47.761 UTC [TRACE] steampipe-plugin-hackernews.plugin: [TRACE] HydrateConfig.initialise func getItem, table hackernews_item
2022-11-19 06:20:47.761 UTC [TRACE] steampipe-plugin-hackernews.plugin: [TRACE] HydrateConfig.initialise complete: RetryConfig: , IgnoreConfig:
2022-11-19 06:20:47.761 UTC [TRACE] steampipe-plugin-hackernews.plugin: [TRACE] back from initialiseHydrateConfigs
2022-11-19 06:20:47.761 UTC [TRACE] steampipe-plugin-hackernews.plugin: [TRACE] initialise table hackernews_item COMPLETE
2022-11-19 06:20:47.761 UTC [TRACE] steampipe-plugin-hackernews.plugin: [TRACE] initialise table hackernews_job
2022-11-19 06:20:47.761 UTC [TRACE] steampipe-plugin-hackernews.plugin: [TRACE] no DefaultRetryConfig defined - creating empty
2022-11-19 06:20:47.761 UTC [TRACE] steampipe-plugin-hackernews.plugin: [TRACE] no DefaultIgnoreConfig defined - creating empty
2022-11-19 06:20:47.761 UTC [TRACE] steampipe-plugin-hackernews.plugin: [TRACE] apply plugin defaults for DefaultRetryConfig
2022-11-19 06:20:47.761 UTC [TRACE] steampipe-plugin-hackernews.plugin: [TRACE] apply plugin defaults for DefaultIgnoreConfig, table &{<nil> <nil>} plugin &{<nil> <nil>}
2022-11-19 06:20:47.762 UTC [TRACE] steampipe-plugin-hackernews.plugin: [TRACE] DefaultRetryConfig:
2022-11-19 06:20:47.762 UTC [TRACE] steampipe-plugin-hackernews.plugin: [TRACE] DefaultIgnoreConfig:
2022-11-19 06:20:47.762 UTC [TRACE] steampipe-plugin-hackernews.plugin: [TRACE] t.Get.initialise
2022-11-19 06:20:47.762 UTC [TRACE] steampipe-plugin-hackernews.plugin: [TRACE] GetConfig.initialise table hackernews_job
2022-11-19 06:20:47.762 UTC [TRACE] steampipe-plugin-hackernews.plugin: [TRACE] GetConfig.initialise complete: RetryConfig: , IgnoreConfig:
2022-11-19 06:20:47.762 UTC [TRACE] steampipe-plugin-hackernews.plugin: [TRACE] t.List.initialise
2022-11-19 06:20:47.762 UTC [TRACE] steampipe-plugin-hackernews.plugin: [TRACE] ListConfig.initialise table hackernews_job
2022-11-19 06:20:47.762 UTC [TRACE] steampipe-plugin-hackernews.plugin: [TRACE] ListConfig.initialise complete: RetryConfig: , IgnoreConfig
2022-11-19 06:20:47.762 UTC [TRACE] steampipe-plugin-hackernews.plugin: [TRACE] HydrateConfig.initialise func getItem, table hackernews_job
2022-11-19 06:20:47.762 UTC [TRACE] steampipe-plugin-hackernews.plugin: [TRACE] HydrateConfig.initialise complete: RetryConfig: , IgnoreConfig:
2022-11-19 06:20:47.762 UTC [TRACE] steampipe-plugin-hackernews.plugin: [TRACE] back from initialiseHydrateConfigs
2022-11-19 06:20:47.762 UTC [TRACE] steampipe-plugin-hackernews.plugin: [TRACE] initialise table hackernews_job COMPLETE
2022-11-19 06:20:47.762 UTC [TRACE] steampipe-plugin-hackernews.plugin: [TRACE] initialise table hackernews_new
2022-11-19 06:20:47.762 UTC [TRACE] steampipe-plugin-hackernews.plugin: [TRACE] no DefaultRetryConfig defined - creating empty
2022-11-19 06:20:47.762 UTC [TRACE] steampipe-plugin-hackernews.plugin: [TRACE] no DefaultIgnoreConfig defined - creating empty
2022-11-19 06:20:47.762 UTC [TRACE] steampipe-plugin-hackernews.plugin: [TRACE] apply plugin defaults for DefaultRetryConfig
2022-11-19 06:20:47.762 UTC [TRACE] steampipe-plugin-hackernews.plugin: [TRACE] apply plugin defaults for DefaultIgnoreConfig, table &{<nil> <nil>} plugin &{<nil> <nil>}
2022-11-19 06:20:47.762 UTC [TRACE] steampipe-plugin-hackernews.plugin: [TRACE] DefaultRetryConfig:
2022-11-19 06:20:47.762 UTC [TRACE] steampipe-plugin-hackernews.plugin: [TRACE] DefaultIgnoreConfig:
2022-11-19 06:20:47.762 UTC [TRACE] steampipe-plugin-hackernews.plugin: [TRACE] t.Get.initialise
2022-11-19 06:20:47.762 UTC [TRACE] steampipe-plugin-hackernews.plugin: [TRACE] GetConfig.initialise table hackernews_new
2022-11-19 06:20:47.762 UTC [TRACE] steampipe-plugin-hackernews.plugin: [TRACE] GetConfig.initialise complete: RetryConfig: , IgnoreConfig:
2022-11-19 06:20:47.762 UTC [TRACE] steampipe-plugin-hackernews.plugin: [TRACE] t.List.initialise
2022-11-19 06:20:47.762 UTC [TRACE] steampipe-plugin-hackernews.plugin: [TRACE] ListConfig.initialise table hackernews_new
2022-11-19 06:20:47.762 UTC [TRACE] steampipe-plugin-hackernews.plugin: [TRACE] ListConfig.initialise complete: RetryConfig: , IgnoreConfig
2022-11-19 06:20:47.762 UTC [TRACE] steampipe-plugin-hackernews.plugin: [TRACE] HydrateConfig.initialise func getItem, table hackernews_new
2022-11-19 06:20:47.762 UTC [TRACE] steampipe-plugin-hackernews.plugin: [TRACE] HydrateConfig.initialise complete: RetryConfig: , IgnoreConfig:
2022-11-19 06:20:47.762 UTC [TRACE] steampipe-plugin-hackernews.plugin: [TRACE] back from initialiseHydrateConfigs
2022-11-19 06:20:47.762 UTC [TRACE] steampipe-plugin-hackernews.plugin: [TRACE] initialise table hackernews_new COMPLETE
2022-11-19 06:20:47.762 UTC [TRACE] steampipe-plugin-hackernews.plugin: [TRACE] initialise table hackernews_show_hn
2022-11-19 06:20:47.762 UTC [TRACE] steampipe-plugin-hackernews.plugin: [TRACE] no DefaultRetryConfig defined - creating empty
2022-11-19 06:20:47.762 UTC [TRACE] steampipe-plugin-hackernews.plugin: [TRACE] no DefaultIgnoreConfig defined - creating empty
2022-11-19 06:20:47.762 UTC [TRACE] steampipe-plugin-hackernews.plugin: [TRACE] apply plugin defaults for DefaultRetryConfig
2022-11-19 06:20:47.762 UTC [TRACE] steampipe-plugin-hackernews.plugin: [TRACE] apply plugin defaults for DefaultIgnoreConfig, table &{<nil> <nil>} plugin &{<nil> <nil>}
2022-11-19 06:20:47.762 UTC [TRACE] steampipe-plugin-hackernews.plugin: [TRACE] DefaultRetryConfig:
2022-11-19 06:20:47.762 UTC [TRACE] steampipe-plugin-hackernews.plugin: [TRACE] DefaultIgnoreConfig:
2022-11-19 06:20:47.762 UTC [TRACE] steampipe-plugin-hackernews.plugin: [TRACE] t.Get.initialise
2022-11-19 06:20:47.762 UTC [TRACE] steampipe-plugin-hackernews.plugin: [TRACE] GetConfig.initialise table hackernews_show_hn
2022-11-19 06:20:47.762 UTC [TRACE] steampipe-plugin-hackernews.plugin: [TRACE] GetConfig.initialise complete: RetryConfig: , IgnoreConfig:
2022-11-19 06:20:47.762 UTC [TRACE] steampipe-plugin-hackernews.plugin: [TRACE] t.List.initialise
2022-11-19 06:20:47.762 UTC [TRACE] steampipe-plugin-hackernews.plugin: [TRACE] ListConfig.initialise table hackernews_show_hn
2022-11-19 06:20:47.762 UTC [TRACE] steampipe-plugin-hackernews.plugin: [TRACE] ListConfig.initialise complete: RetryConfig: , IgnoreConfig
2022-11-19 06:20:47.762 UTC [TRACE] steampipe-plugin-hackernews.plugin: [TRACE] HydrateConfig.initialise func getItem, table hackernews_show_hn
2022-11-19 06:20:47.762 UTC [TRACE] steampipe-plugin-hackernews.plugin: [TRACE] HydrateConfig.initialise complete: RetryConfig: , IgnoreConfig:
2022-11-19 06:20:47.762 UTC [TRACE] steampipe-plugin-hackernews.plugin: [TRACE] back from initialiseHydrateConfigs
2022-11-19 06:20:47.762 UTC [TRACE] steampipe-plugin-hackernews.plugin: [TRACE] initialise table hackernews_show_hn COMPLETE
2022-11-19 06:20:47.762 UTC [TRACE] steampipe-plugin-hackernews.plugin: [TRACE] validate plugin steampipe-plugin-hackernews, required columns []
2022-11-19 06:20:47.762 UTC [TRACE] steampipe-plugin-hackernews.plugin: [TRACE] validate DefaultRetryConfig
2022-11-19 06:20:47.762 UTC [TRACE] steampipe-plugin-hackernews.plugin: [TRACE] validate DefaultIgnoreConfig
2022-11-19 06:20:47.762 UTC [TRACE] steampipe-plugin-hackernews.plugin: [TRACE] validate table names
2022-11-19 06:20:47.762 UTC [TRACE] steampipe-plugin-hackernews.plugin: [TRACE] plugin has 0 validation errors
2022-11-19 06:20:47.762 UTC [TRACE] steampipe-plugin-hackernews.plugin: [TRACE] Plugin ensureCache creating cache, maxCacheStorageMb 0
2022-11-19 06:20:47.762 UTC [TRACE] steampipe-plugin-hackernews.plugin: [TRACE] createCacheStore for plugin 'steampipe-plugin-hackernews' setting max size to 0Mb, Shards: 2, max shard size: 0
2022-11-19 06:20:47.774 UTC [INFO]  steampipe-plugin-hackernews.plugin: [INFO]  query cache created
2022-11-19 06:20:47.774 UTC [DEBUG] steampipe-plugin-hackernews.plugin: [DEBUG] SetAllConnectionConfigs finished
2022-11-19 06:20:47.774 UTC [TRACE] PluginManager getPlugin complete, returning reattach config with PID: 2024
2022-11-19 06:20:47.774 UTC [TRACE] PluginManager Get returning reattach_map:{key:"hackernews"  value:{protocol:"grpc"  addr:{Network:"unix"  Address:"/tmp/plugin795457761"}  pid:2024  supported_operations:{query_cache:true  multiple_connections:true}  connections:"hackernews"  plugin:"hub.steampipe.io/plugins/turbot/hackernews@latest"}}
2022-11-19 06:20:47.780 UTC [INFO]  steampipe-plugin-hackernews.plugin: [INFO]  1668838847849: Plugin Execute (1668838847849)
2022-11-19 06:20:47.780 UTC [TRACE] steampipe-plugin-hackernews.plugin: [TRACE] 1668838847849: No memory limit set
2022-11-19 06:20:47.780 UTC [INFO]  steampipe-plugin-hackernews.plugin: [INFO]  1668838847849: Plugin Execute, setting memory limit to -1Mb
2022-11-19 06:20:47.780 UTC [TRACE] steampipe-plugin-hackernews.plugin: [TRACE] 1668838847849: calling ExtractContextFromCarrier
2022-11-19 06:20:47.780 UTC [INFO]  steampipe-plugin-hackernews.plugin: [INFO]  1668838847849: Setting max concurrent connections to 25
2022-11-19 06:20:47.780 UTC [TRACE] steampipe-plugin-hackernews.plugin: [TRACE] 1668838847849: executeForConnection callId: 1668838847849, connectionCallId: hackernews-1668838847849, connection: hackernews table: hackernews_new cols: id,title,time,by,score,dead,deleted,descendants,kids,parent,parts,poll,text,type,url,_ctx
2022-11-19 06:20:47.780 UTC [TRACE] steampipe-plugin-hackernews.plugin: [TRACE] 1668838847849: got connection data
2022-11-19 06:20:47.780 UTC [TRACE] steampipe-plugin-hackernews.plugin: [TRACE] 1668838847849: Got query context, table: hackernews_new, cols: [id title time by score dead deleted descendants kids parent parts poll text type url _ctx]
2022-11-19 06:20:47.780 UTC [TRACE] steampipe-plugin-hackernews.plugin: [TRACE] 1668838847849: Start execute span
2022-11-19 06:20:47.780 UTC [INFO]  steampipe-plugin-hackernews.plugin: [INFO]  1668838847849: Setting free memory interval to 100 rows
2022-11-19 06:20:47.780 UTC [TRACE] steampipe-plugin-hackernews.plugin: [TRACE] 1668838847849: setFetchType map[time:quals:{fieldName:"time"  string_value:">"  value:{timestamp_value:{seconds:1668835247  nanos:666192000}}}]
2022-11-19 06:20:47.781 UTC [TRACE] steampipe-plugin-hackernews.plugin: [TRACE] 1668838847849: getMatchingQuals column:'id' operator: =
2022-11-19 06:20:47.781 UTC [TRACE] steampipe-plugin-hackernews.plugin: [TRACE] 1668838847849: getMatchingQuals returning false - qualMap does not contain any quals for column id
2022-11-19 06:20:47.781 UTC [TRACE] steampipe-plugin-hackernews.plugin: [TRACE] 1668838847849: GetUnsatisfiedKeyColumns for columns column:'id' operator: =
2022-11-19 06:20:47.782 UTC [TRACE] steampipe-plugin-hackernews.plugin: [TRACE] 1668838847849: key column NOT satisfied column:'id' operator: =
2022-11-19 06:20:47.782 UTC [TRACE] steampipe-plugin-hackernews.plugin: [TRACE] 1668838847849: satisfied: map[any_of: optional: required:]
2022-11-19 06:20:47.783 UTC [TRACE] steampipe-plugin-hackernews.plugin: [TRACE] 1668838847849: unsatisfied: map[any_of: optional: required:column:'id' operator: =]
2022-11-19 06:20:47.783 UTC [TRACE] steampipe-plugin-hackernews.plugin: [TRACE] 1668838847849: unsatisfied required KeyColumns: column:'id' operator: =
2022-11-19 06:20:47.783 UTC [TRACE] steampipe-plugin-hackernews.plugin: [TRACE] 1668838847849: Set fetchType to fetchTypeList
2022-11-19 06:20:47.783 UTC [TRACE] steampipe-plugin-hackernews.plugin: [TRACE] 1668838847849: Equals key column quals:
2022-11-19 06:20:47.783 UTC [DEBUG] steampipe-plugin-hackernews.plugin: {}
2022-11-19 06:20:47.783 UTC [TRACE] steampipe-plugin-hackernews.plugin: [TRACE] 1668838847849: All key column quals:
2022-11-19 06:20:47.783 UTC [DEBUG] steampipe-plugin-hackernews.plugin: {}
2022-11-19 06:20:47.783 UTC [TRACE] steampipe-plugin-hackernews.plugin: [TRACE] 1668838847849: GetMatrixItem
2022-11-19 06:20:47.783 UTC [TRACE] steampipe-plugin-hackernews.plugin: [TRACE] 1668838847849: creating query data
2022-11-19 06:20:47.783 UTC [INFO]  steampipe-plugin-hackernews.plugin: [INFO]  1668838847849: cacheEnabled, trying cache get (hackernews-1668838847849)
2022-11-19 06:20:47.783 UTC [TRACE] steampipe-plugin-hackernews.plugin: [TRACE] 1668838847849: QueryCache Get - indexBucketKey index__hackernewshackernews_new, quals
2022-11-19 06:20:47.783 UTC [TRACE] steampipe-plugin-hackernews.plugin: [TRACE] 1668838847849: QueryCache getCachedQueryResult - table hackernews_new, connectionName hackernews
2022-11-19 06:20:47.783 UTC [TRACE] steampipe-plugin-hackernews.plugin: [TRACE] 1668838847849: index bucket key: index__hackernewshackernews_new ttlSeconds 300 limit: -1
2022-11-19 06:20:47.783 UTC [TRACE] steampipe-plugin-hackernews.plugin: [TRACE] 1668838847849: doGet cache miss
2022-11-19 06:20:47.783 UTC [TRACE] steampipe-plugin-hackernews.plugin: [TRACE] 1668838847849: getCachedIndexBucket - no item retrieved for cache key index__hackernewshackernews_new
2022-11-19 06:20:47.783 UTC [TRACE] steampipe-plugin-hackernews.plugin: [TRACE] 1668838847849: getCachedQueryResult returned CACHE MISS - checking for pending transfers
2022-11-19 06:20:47.783 UTC [TRACE] steampipe-plugin-hackernews.plugin: [TRACE] 1668838847849: getPendingResultItem indexBucketKey index__hackernewshackernews_new, columns [id title time by score dead deleted descendants kids parent parts poll text type url _ctx], limit -1
2022-11-19 06:20:47.783 UTC [TRACE] steampipe-plugin-hackernews.plugin: [TRACE] 1668838847849: no pending index item - add pending result, indexBucketKey index__hackernewshackernews_new
2022-11-19 06:20:47.784 UTC [TRACE] steampipe-plugin-hackernews.plugin: [TRACE] 1668838847849: addPendingResult (hackernews-1668838847849) indexBucketKey index__hackernewshackernews_new, columns [id title time by score dead deleted descendants kids parent parts poll text type url _ctx], limit -1
2022-11-19 06:20:47.784 UTC [TRACE] steampipe-plugin-hackernews.plugin: [TRACE] 1668838847849: no index bucket found - creating one
2022-11-19 06:20:47.784 UTC [TRACE] steampipe-plugin-hackernews.plugin: [TRACE] 1668838847849: pendingIndexItem Lock count before 0
2022-11-19 06:20:47.784 UTC [TRACE] steampipe-plugin-hackernews.plugin: [TRACE] 1668838847849: addPendingResult added pending index item to bucket, (hackernews-1668838847849) indexBucketKey index__hackernewshackernews_new, resultKeyRoot hackernewshackernews_newid,title,time,by,score,dead,deleted,descendants,kids,parent,parts,poll,text,type,url,_ctx-1, pending item : 0xc00041c840
2022-11-19 06:20:47.784 UTC [TRACE] steampipe-plugin-hackernews.plugin: [TRACE] 1668838847849: **** pending items (hackernews-1668838847849)****
2022-11-19 06:20:47.784 UTC [TRACE] steampipe-plugin-hackernews.plugin: [TRACE] 1668838847849: key: index__hackernewshackernews_new: item: 0xc00041c840, count: 1, key:hackernewshackernews_newid,title,time,by,score,dead,deleted,descendants,kids,parent,parts,poll,text,type,url,_ctx-1
2022-11-19 06:20:47.784 UTC [TRACE] steampipe-plugin-hackernews.plugin: [TRACE] 1668838847849: ********
2022-11-19 06:20:47.784 UTC [TRACE] steampipe-plugin-hackernews.plugin: [TRACE] 1668838847849: getPendingResultItem returning <nil>
2022-11-19 06:20:47.784 UTC [INFO]  steampipe-plugin-hackernews.plugin: [INFO]  1668838847849: CACHE MISS
2022-11-19 06:20:47.784 UTC [TRACE] steampipe-plugin-hackernews.plugin: [TRACE] 1668838847849: cache MISS
2022-11-19 06:20:47.784 UTC [INFO]  steampipe-plugin-hackernews.plugin: [INFO]  1668838847849: queryCacheGet returned CACHE MISS (hackernews-1668838847849)
2022-11-19 06:20:47.784 UTC [TRACE] steampipe-plugin-hackernews.plugin: [TRACE] 1668838847849: StartSet (hackernews-1668838847849)
2022-11-19 06:20:47.784 UTC [TRACE] steampipe-plugin-hackernews.plugin: [TRACE] 1668838847849: calling fetchItems, table: hackernews_new, matrixItem: [], limit: -1,  connectionCallId: hackernews-1668838847849"
2022-11-19 06:20:47.784 UTC [TRACE] steampipe-plugin-hackernews.plugin: [TRACE] 1668838847849: buildRowsAsync connectionCallId: hackernews-1668838847849
2022-11-19 06:20:47.784 UTC [TRACE] steampipe-plugin-hackernews.plugin: [TRACE] 1668838847849: streamRows connectionCallId: hackernews-1668838847849
2022-11-19 06:20:47.784 UTC [TRACE] steampipe-plugin-hackernews.plugin: [TRACE] 1668838847849: QueryData streamRows (hackernews-1668838847849)
2022-11-19 06:20:47.784 UTC [TRACE] steampipe-plugin-hackernews.plugin: [TRACE] 1668838847849: executeListCall START (hackernews-1668838847849)
2022-11-19 06:20:47.784 UTC [TRACE] steampipe-plugin-hackernews.plugin: [TRACE] 1668838847849: GetUnsatisfiedKeyColumns for columns
2022-11-19 06:20:47.784 UTC [TRACE] steampipe-plugin-hackernews.plugin: [TRACE] 1668838847849: doList (hackernews-1668838847849)
2022-11-19 06:20:47.784 UTC [TRACE] steampipe-plugin-hackernews.plugin: [TRACE] 1668838847849: doList: no matrix item
2022-11-19 06:20:48.096 UTC [TRACE] stdio: received data: channel=STDOUT len=18
2022-11-19 06:20:48.096 UTC [TRACE] stdio: waiting for stdio data
2022-11-19 06:20:48.173 UTC [TRACE] stdio: received data: channel=STDOUT len=636
2022-11-19 06:20:48.173 UTC [TRACE] stdio: waiting for stdio data
2022-11-19 06:20:48.189 UTC [TRACE] steampipe-plugin-hackernews.plugin: [TRACE] 1668838847849: QueryData.fetchComplete
2022-11-19 06:20:48.189 UTC [TRACE] steampipe-plugin-hackernews.plugin: [TRACE] 1668838847849: executeListCall COMPLETE (hackernews-1668838847849)
2022-11-19 06:20:48.189 UTC [TRACE] steampipe-plugin-hackernews.plugin: [TRACE] 1668838847849: rowData chan returned nil - wait for rows to complete (hackernews-1668838847849)
2022-11-19 06:20:48.240 UTC [TRACE] stdio: received data: channel=STDOUT len=527
2022-11-19 06:20:48.240 UTC [TRACE] stdio: waiting for stdio data
2022-11-19 06:20:48.240 UTC [TRACE] stdio: received data: channel=STDOUT len=208
2022-11-19 06:20:48.240 UTC [TRACE] stdio: waiting for stdio data
2022-11-19 06:20:48.296 UTC [TRACE] stdio: received data: channel=STDOUT len=812
2022-11-19 06:20:48.296 UTC [TRACE] stdio: waiting for stdio data
2022-11-19 06:20:48.393 UTC [TRACE] stdio: received data: channel=STDOUT len=1024
2022-11-19 06:20:48.393 UTC [TRACE] stdio: waiting for stdio data
2022-11-19 06:20:48.393 UTC [TRACE] stdio: received data: channel=STDOUT len=714
2022-11-19 06:20:48.393 UTC [TRACE] stdio: waiting for stdio data
2022-11-19 06:20:48.511 UTC [TRACE] stdio: received data: channel=STDOUT len=763
2022-11-19 06:20:48.511 UTC [TRACE] stdio: waiting for stdio data
2022-11-19 06:20:48.553 UTC [TRACE] steampipe-plugin-hackernews.plugin: [TRACE] 1668838847849: buildRowsAsync goroutine returning (hackernews-1668838847849)
2022-11-19 06:20:48.553 UTC [TRACE] steampipe-plugin-hackernews.plugin: [TRACE] 1668838847849: streamRows - nil row, stop streaming (hackernews-1668838847849)
2022-11-19 06:20:48.553 UTC [TRACE] steampipe-plugin-hackernews.plugin: [TRACE] 1668838847849: ------------------------------------
2022-11-19 06:20:48.553 UTC [TRACE] steampipe-plugin-hackernews.plugin: [TRACE] 1668838847849: Concurrency Summary
2022-11-19 06:20:48.553 UTC [TRACE] steampipe-plugin-hackernews.plugin: [TRACE] 1668838847849: ------------------------------------
2022-11-19 06:20:48.553 UTC [TRACE] steampipe-plugin-hackernews.plugin: [TRACE] 1668838847849: getItem                       : 200
2022-11-19 06:20:48.553 UTC [TRACE] steampipe-plugin-hackernews.plugin: [TRACE] 1668838847849: ------------------------------------
2022-11-19 06:20:48.553 UTC [TRACE] steampipe-plugin-hackernews.plugin: [TRACE] 1668838847849: Total                         : 200
2022-11-19 06:20:48.553 UTC [TRACE] steampipe-plugin-hackernews.plugin: [TRACE] 1668838847849: ------------------------------------
2022-11-19 06:20:48.553 UTC [TRACE] steampipe-plugin-hackernews.plugin: [TRACE] 1668838847849: QueryData streamRows DONE (hackernews-1668838847849)
2022-11-19 06:20:48.553 UTC [TRACE] steampipe-plugin-hackernews.plugin: [TRACE] 1668838847849: EndSet (hackernews-1668838847849) table hackernews_new
2022-11-19 06:20:48.553 UTC [TRACE] steampipe-plugin-hackernews.plugin: [TRACE] 1668838847849: QueryCache writePageToCache: 500 rows, pageCount 1, page key hackernewshackernews_newid,title,time,by,score,dead,deleted,descendants,kids,parent,parts,poll,text,type,url,_ctx-1-0
2022-11-19 06:20:48.562 UTC [TRACE] steampipe-plugin-hackernews.plugin: [TRACE] 1668838847849: writePageToCache Set - result written
2022-11-19 06:20:48.562 UTC [TRACE] steampipe-plugin-hackernews.plugin: [TRACE] 1668838847849: QueryCache EndSet - result written
2022-11-19 06:20:48.562 UTC [TRACE] steampipe-plugin-hackernews.plugin: [TRACE] 1668838847849: doGet cache miss
2022-11-19 06:20:48.562 UTC [TRACE] steampipe-plugin-hackernews.plugin: [TRACE] 1668838847849: getCachedIndexBucket - no item retrieved for cache key index__hackernewshackernews_new
2022-11-19 06:20:48.562 UTC [TRACE] steampipe-plugin-hackernews.plugin: [TRACE] 1668838847849: getCachedIndexBucket returned cache miss
2022-11-19 06:20:48.562 UTC [TRACE] steampipe-plugin-hackernews.plugin: [TRACE] 1668838847849: QueryCache EndSet - Added index item (0xc01ae0b560) to bucket (0xc0145fd4d0), page count 1,  key root hackernewshackernews_newid,title,time,by,score,dead,deleted,descendants,kids,parent,parts,poll,text,type,url,_ctx-1
2022-11-19 06:20:48.562 UTC [TRACE] steampipe-plugin-hackernews.plugin: [TRACE] 1668838847849: cacheSetIndexBucket index__hackernewshackernews_new
2022-11-19 06:20:48.562 UTC [TRACE] steampipe-plugin-hackernews.plugin: [TRACE] 1668838847849: QueryCache EndSet - IndexBucket written
2022-11-19 06:20:48.562 UTC [TRACE] steampipe-plugin-hackernews.plugin: [TRACE] 1668838847849: EndSet DEFER (hackernews-1668838847849) table hackernews_new
2022-11-19 06:20:48.562 UTC [TRACE] steampipe-plugin-hackernews.plugin: [TRACE] 1668838847849: calling pendingItemComplete (hackernews-1668838847849)
2022-11-19 06:20:48.562 UTC [TRACE] steampipe-plugin-hackernews.plugin: [TRACE] 1668838847849: pendingItemComplete (hackernews-1668838847849) indexBucketKey index__hackernewshackernews_new, columns [id title time by score dead deleted descendants kids parent parts poll text type url _ctx], limit -1
2022-11-19 06:20:48.562 UTC [TRACE] steampipe-plugin-hackernews.plugin: [TRACE] 1668838847849: got pending index bucket, (hackernews-1668838847849) len 1
2022-11-19 06:20:48.562 UTC [TRACE] steampipe-plugin-hackernews.plugin: [TRACE] 1668838847849: SatisfiesLimit limit -1, no item limit - satisfied
2022-11-19 06:20:48.562 UTC [TRACE] steampipe-plugin-hackernews.plugin: [TRACE] 1668838847849: found pending index item to satisfy columns id,title,time,by,score,dead,deleted,descendants,kids,parent,parts,poll,text,type,url,_ctx, limit -1
2022-11-19 06:20:48.562 UTC [TRACE] steampipe-plugin-hackernews.plugin: [TRACE] 1668838847849: found completed pending item (hackernews-1668838847849) 0xc00041c840, key hackernewshackernews_newid,title,time,by,score,dead,deleted,descendants,kids,parent,parts,poll,text,type,url,_ctx-1 - removing from map as it is complete
2022-11-19 06:20:48.562 UTC [TRACE] steampipe-plugin-hackernews.plugin: [TRACE] 1668838847849: pendingIndexItem Unlock count before 1 key hackernewshackernews_newid,title,time,by,score,dead,deleted,descendants,kids,parent,parts,poll,text,type,url,_ctx-1
2022-11-19 06:20:48.562 UTC [TRACE] steampipe-plugin-hackernews.plugin: [TRACE] 1668838847849: deleted from pending, (hackernews-1668838847849) len 0
2022-11-19 06:20:48.562 UTC [TRACE] steampipe-plugin-hackernews.plugin: [TRACE] 1668838847849: pending bucket now empty - deleting key index__hackernewshackernews_new
2022-11-19 06:20:48.562 UTC [TRACE] steampipe-plugin-hackernews.plugin: [TRACE] 1668838847849: pendingItemComplete done (hackernews-1668838847849)
2022-11-19 06:20:48.562 UTC [TRACE] steampipe-plugin-hackernews.plugin: [TRACE] 1668838847849: cache set succeeded
2022-11-19 06:20:48.562 UTC [TRACE] steampipe-plugin-hackernews.plugin: [TRACE] 1668838847849: End execute span
2022-11-19 06:20:48.562 UTC [TRACE] steampipe-plugin-hackernews.plugin: [TRACE] 1668838847849: executeForConnection DEFER (hackernews-1668838847849)
2022-11-19 06:20:48.562 UTC [TRACE] steampipe-plugin-hackernews.plugin: [TRACE] 1668838847849: Execute complete callId: hackernews-1668838847849 table: hackernews_new
2022-11-19 06:20:48.562 UTC [TRACE] steampipe-plugin-hackernews.plugin: [TRACE] 1668838847849: executeForConnection hackernews returned
2022-11-19 06:20:48.562 UTC [TRACE] steampipe-plugin-hackernews.plugin: [TRACE] 1668838847849: output wg complete - send nil row
2022-11-19 06:20:48.562 UTC [TRACE] steampipe-plugin-hackernews.plugin: [TRACE] 1668838847849: empty row on output channel - we are done
2022-11-19 06:20:48.562 UTC [INFO]  steampipe-plugin-hackernews.plugin: [INFO]  1668838847849: Plugin Execute complete (1668838847849)
2022-11-19 06:20:48.590 UTC [TRACE] stdio: received data: channel=STDOUT len=1024
2022-11-19 06:20:48.590 UTC [TRACE] stdio: waiting for stdio data
2022-11-19 06:20:48.650 UTC [TRACE] PluginManager Shutdown
2022-11-19 06:20:48.650 UTC [TRACE] killing plugin csv (2003)
2022-11-19 06:20:48.650 UTC [DEBUG] stdio: received EOF, stopping recv loop: err="rpc error: code = Unavailable desc = error reading from server: read unix @->/tmp/plugin1634927062: read: connection reset by peer"
2022-11-19 06:20:48.651 UTC [TRACE] steampipe-plugin-csv.plugin: [TRACE] FLUSHING instrumentation
2022-11-19 06:20:48.651 UTC [TRACE] steampipe-plugin-csv.plugin: [TRACE] Shutdown instrumentation
2022-11-19 06:20:48.652 UTC [INFO]  plugin process exited: path=/home/runner/.steampipe/plugins/hub.steampipe.io/plugins/turbot/csv@latest/steampipe-plugin-csv.plugin pid=2003
2022-11-19 06:20:48.652 UTC [DEBUG] plugin exited
2022-11-19 06:20:48.652 UTC [TRACE] killing plugin hackernews (2024)
2022-11-19 06:20:48.652 UTC [DEBUG] stdio: received EOF, stopping recv loop: err="rpc error: code = Unavailable desc = error reading from server: EOF"
2022-11-19 06:20:48.652 UTC [TRACE] steampipe-plugin-hackernews.plugin: [TRACE] 1668838847849: FLUSHING instrumentation
2022-11-19 06:20:48.652 UTC [TRACE] steampipe-plugin-hackernews.plugin: [TRACE] 1668838847849: Shutdown instrumentation
2022-11-19 06:20:48.656 UTC [INFO]  plugin process exited: path=/home/runner/.steampipe/plugins/hub.steampipe.io/plugins/turbot/hackernews@latest/steampipe-plugin-hackernews.plugin pid=2024
2022-11-19 06:20:48.656 UTC [DEBUG] plugin exited
2022-11-19 06:20:53.784 UTC [WARN]  steampipe-plugin-csv.plugin: [WARN]  1668838853829: getKeyColumnsForTable found no schema for table '/home/runner/work/steampipe-samples/steampipe-samples/all/hackernews/hn.csv'
2022-11-19 06:21:26.021 UTC [WARN]  steampipe-plugin-csv.plugin: [WARN]  1668838886196: getKeyColumnsForTable found no schema for table '/home/runner/work/steampipe-samples/steampipe-samples/all/hackernews/hn.csv'
2022-11-19 06:24:43.224 UTC [ERROR] steampipe-plugin-csv.plugin: [ERROR] csv.tableCSV: header_parse_error=EOF path=/home/runner/work/steampipe-samples/steampipe-samples/all/hackernews/new_sc.csv header=[]
2022-11-19 06:24:43.224 UTC [ERROR] steampipe-plugin-csv.plugin: [ERROR] csv.PluginTables: create_table_error="failed to parse file header /home/runner/work/steampipe-samples/steampipe-samples/all/hackernews/new_sc.csv: EOF" path=/home/runner/work/steampipe-samples/steampipe-samples/all/hackernews/new_sc.csv
2022-11-19 06:24:43.224 UTC [WARN]  failed to set connection config: failed to parse file header /home/runner/work/steampipe-samples/steampipe-samples/all/hackernews/new_sc.csv: EOF
2022-11-19 06:24:44.631 UTC [WARN]  steampipe-plugin-csv.plugin: [WARN]  1668839084603: getKeyColumnsForTable found no schema for table '/home/runner/work/steampipe-samples/steampipe-samples/all/hackernews/new_sc.csv'
2022-11-19 06:24:53.204 UTC [ERROR] steampipe-plugin-csv.plugin: [ERROR] csv.tableCSV: header_parse_error=EOF path=/home/runner/work/steampipe-samples/steampipe-samples/all/hackernews/hn_items_all.csv header=[]
2022-11-19 06:24:53.204 UTC [ERROR] steampipe-plugin-csv.plugin: [ERROR] csv.PluginTables: create_table_error="failed to parse file header /home/runner/work/steampipe-samples/steampipe-samples/all/hackernews/hn_items_all.csv: EOF" path=/home/runner/work/steampipe-samples/steampipe-samples/all/hackernews/hn_items_all.csv
2022-11-19 06:24:53.204 UTC [WARN]  failed to set connection config: failed to parse file header /home/runner/work/steampipe-samples/steampipe-samples/all/hackernews/hn_items_all.csv: EOF
2022-11-19 06:24:54.804 UTC [ERROR] steampipe-plugin-csv.plugin: [ERROR] csv.tableCSV: header_parse_error=EOF path=/home/runner/work/steampipe-samples/steampipe-samples/all/hackernews/people.csv header=[]
2022-11-19 06:24:54.804 UTC [ERROR] steampipe-plugin-csv.plugin: [ERROR] csv.PluginTables: create_table_error="failed to parse file header /home/runner/work/steampipe-samples/steampipe-samples/all/hackernews/people.csv: EOF" path=/home/runner/work/steampipe-samples/steampipe-samples/all/hackernews/people.csv
2022-11-19 06:24:54.804 UTC [WARN]  failed to set connection config: failed to parse file header /home/runner/work/steampipe-samples/steampipe-samples/all/hackernews/people.csv: EOF
