2022-11-28 12:21:55.785 UTC [INFO]  starting plugin manager
2022-11-28 12:21:55.786 UTC [TRACE] loaded config map: csv,github,hackernews,net
2022-11-28 12:21:55.786 UTC [TRACE] NewPluginManager
2022-11-28 12:21:55.786 UTC [TRACE] PluginManager setPluginCacheSizeMap: 4 connections.
2022-11-28 12:21:55.786 UTC [TRACE] Total cache size 0Mb
2022-11-28 12:21:55.786 UTC [INFO]  starting connection watcher
2022-11-28 12:21:55.787 UTC [INFO]  created ConnectionWatcher
2022-11-28 12:21:55.787 UTC [TRACE] about to serve
2022-11-28 12:21:55.855 UTC [TRACE] PluginManager Get, connections: '[csv]'
2022-11-28 12:21:55.855 UTC [TRACE] PluginManager getPlugin hub.steampipe.io/plugins/turbot/csv@latest connection 'csv'
2022-11-28 12:21:55.855 UTC [TRACE] PluginManager 0xc000095e00 plugin hub.steampipe.io/plugins/turbot/csv@latest (csv) NOT started or starting - start now
2022-11-28 12:21:55.855 UTC [TRACE] ************ start plugin csv ********************
2022-11-28 12:21:55.855 UTC [TRACE] ************ plugin path /home/runner/.steampipe/plugins/hub.steampipe.io/plugins/turbot/csv@latest/steampipe-plugin-csv.plugin ********************
2022-11-28 12:21:55.888 UTC [TRACE] handleFileWatcherEvent ignoring first event
2022-11-28 12:21:55.924 UTC [DEBUG] starting plugin: path=/home/runner/.steampipe/plugins/hub.steampipe.io/plugins/turbot/csv@latest/steampipe-plugin-csv.plugin args=["/home/runner/.steampipe/plugins/hub.steampipe.io/plugins/turbot/csv@latest/steampipe-plugin-csv.plugin"]
2022-11-28 12:21:55.925 UTC [DEBUG] plugin started: path=/home/runner/.steampipe/plugins/hub.steampipe.io/plugins/turbot/csv@latest/steampipe-plugin-csv.plugin pid=1951
2022-11-28 12:21:55.925 UTC [DEBUG] waiting for RPC address: path=/home/runner/.steampipe/plugins/hub.steampipe.io/plugins/turbot/csv@latest/steampipe-plugin-csv.plugin
2022-11-28 12:21:55.934 UTC [INFO]  steampipe-plugin-csv.plugin: [INFO]  Initialise plugin 'steampipe-plugin-csv', using sdk version 4.1.8
2022-11-28 12:21:55.934 UTC [TRACE] steampipe-plugin-csv.plugin: [TRACE] no DefaultRetryConfig defined - creating empty
2022-11-28 12:21:55.934 UTC [TRACE] steampipe-plugin-csv.plugin: [TRACE] no DefaultIgnoreConfig defined - creating empty
2022-11-28 12:21:55.934 UTC [TRACE] steampipe-plugin-csv.plugin: [TRACE] telemetry.Init service 'steampipe-plugin-csv', tracingEnabled: false, metricsEnabled: false
2022-11-28 12:21:55.934 UTC [TRACE] steampipe-plugin-csv.plugin: [TRACE] metrics and tracing disabled' - returning
2022-11-28 12:21:55.935 UTC [DEBUG] steampipe-plugin-csv.plugin: plugin address: network=unix address=/tmp/plugin3007929688 timestamp=2022-11-28T12:21:55.935Z
2022-11-28 12:21:55.936 UTC [DEBUG] using plugin: version=0
2022-11-28 12:21:55.936 UTC [TRACE] NewPluginClient for plugin hub.steampipe.io/plugins/turbot/csv@latest
2022-11-28 12:21:55.937 UTC [TRACE] stdio: waiting for stdio data
2022-11-28 12:21:55.938 UTC [TRACE] supportedOperations: query_cache:true  multiple_connections:true
2022-11-28 12:21:55.939 UTC [TRACE] steampipe-plugin-csv.plugin: [TRACE] SetAllConnectionConfigs setting 1 configs
2022-11-28 12:21:55.939 UTC [TRACE] steampipe-plugin-csv.plugin: [TRACE] connection csv build schema and table map
2022-11-28 12:21:55.939 UTC [DEBUG] steampipe-plugin-csv.plugin: [DEBUG] csv.tableCSV: path=/home/runner/work/steampipe-samples/steampipe-samples/all/hackernews/hn_items_all.csv detected_encoding=Unknown
2022-11-28 12:21:55.939 UTC [DEBUG] steampipe-plugin-csv.plugin: [DEBUG] csv.tableCSV: path=/home/runner/work/steampipe-samples/steampipe-samples/all/hackernews/new_sc.csv detected_encoding=Unknown
2022-11-28 12:21:55.939 UTC [DEBUG] steampipe-plugin-csv.plugin: [DEBUG] csv.tableCSV: path=/home/runner/work/steampipe-samples/steampipe-samples/all/hackernews/people.csv detected_encoding=Unknown
2022-11-28 12:21:55.939 UTC [TRACE] steampipe-plugin-csv.plugin: [TRACE] initialise table /home/runner/work/steampipe-samples/steampipe-samples/all/hackernews/hn_items_all.csv
2022-11-28 12:21:55.939 UTC [TRACE] steampipe-plugin-csv.plugin: [TRACE] no DefaultRetryConfig defined - creating empty
2022-11-28 12:21:55.939 UTC [TRACE] steampipe-plugin-csv.plugin: [TRACE] no DefaultIgnoreConfig defined - creating empty
2022-11-28 12:21:55.939 UTC [TRACE] steampipe-plugin-csv.plugin: [TRACE] apply plugin defaults for DefaultRetryConfig
2022-11-28 12:21:55.939 UTC [TRACE] steampipe-plugin-csv.plugin: [TRACE] apply plugin defaults for DefaultIgnoreConfig, table &{<nil> <nil>} plugin &{<nil> <nil>}
2022-11-28 12:21:55.939 UTC [TRACE] steampipe-plugin-csv.plugin: [TRACE] DefaultRetryConfig:
2022-11-28 12:21:55.939 UTC [TRACE] steampipe-plugin-csv.plugin: [TRACE] DefaultIgnoreConfig:
2022-11-28 12:21:55.939 UTC [TRACE] steampipe-plugin-csv.plugin: [TRACE] t.List.initialise
2022-11-28 12:21:55.939 UTC [TRACE] steampipe-plugin-csv.plugin: [TRACE] ListConfig.initialise table /home/runner/work/steampipe-samples/steampipe-samples/all/hackernews/hn_items_all.csv
2022-11-28 12:21:55.939 UTC [TRACE] steampipe-plugin-csv.plugin: [TRACE] ListConfig.initialise complete: RetryConfig: , IgnoreConfig
2022-11-28 12:21:55.939 UTC [TRACE] steampipe-plugin-csv.plugin: [TRACE] back from initialiseHydrateConfigs
2022-11-28 12:21:55.939 UTC [TRACE] steampipe-plugin-csv.plugin: [TRACE] initialise table /home/runner/work/steampipe-samples/steampipe-samples/all/hackernews/hn_items_all.csv COMPLETE
2022-11-28 12:21:55.939 UTC [TRACE] steampipe-plugin-csv.plugin: [TRACE] initialise table /home/runner/work/steampipe-samples/steampipe-samples/all/hackernews/new_sc.csv
2022-11-28 12:21:55.939 UTC [TRACE] steampipe-plugin-csv.plugin: [TRACE] no DefaultRetryConfig defined - creating empty
2022-11-28 12:21:55.939 UTC [TRACE] steampipe-plugin-csv.plugin: [TRACE] no DefaultIgnoreConfig defined - creating empty
2022-11-28 12:21:55.939 UTC [TRACE] steampipe-plugin-csv.plugin: [TRACE] apply plugin defaults for DefaultRetryConfig
2022-11-28 12:21:55.939 UTC [TRACE] steampipe-plugin-csv.plugin: [TRACE] apply plugin defaults for DefaultIgnoreConfig, table &{<nil> <nil>} plugin &{<nil> <nil>}
2022-11-28 12:21:55.939 UTC [TRACE] steampipe-plugin-csv.plugin: [TRACE] DefaultRetryConfig:
2022-11-28 12:21:55.939 UTC [TRACE] steampipe-plugin-csv.plugin: [TRACE] DefaultIgnoreConfig:
2022-11-28 12:21:55.939 UTC [TRACE] steampipe-plugin-csv.plugin: [TRACE] t.List.initialise
2022-11-28 12:21:55.939 UTC [TRACE] steampipe-plugin-csv.plugin: [TRACE] ListConfig.initialise table /home/runner/work/steampipe-samples/steampipe-samples/all/hackernews/new_sc.csv
2022-11-28 12:21:55.939 UTC [TRACE] steampipe-plugin-csv.plugin: [TRACE] ListConfig.initialise complete: RetryConfig: , IgnoreConfig
2022-11-28 12:21:55.939 UTC [TRACE] steampipe-plugin-csv.plugin: [TRACE] back from initialiseHydrateConfigs
2022-11-28 12:21:55.939 UTC [TRACE] steampipe-plugin-csv.plugin: [TRACE] initialise table /home/runner/work/steampipe-samples/steampipe-samples/all/hackernews/new_sc.csv COMPLETE
2022-11-28 12:21:55.939 UTC [TRACE] steampipe-plugin-csv.plugin: [TRACE] initialise table /home/runner/work/steampipe-samples/steampipe-samples/all/hackernews/people.csv
2022-11-28 12:21:55.939 UTC [TRACE] steampipe-plugin-csv.plugin: [TRACE] no DefaultRetryConfig defined - creating empty
2022-11-28 12:21:55.939 UTC [TRACE] steampipe-plugin-csv.plugin: [TRACE] no DefaultIgnoreConfig defined - creating empty
2022-11-28 12:21:55.939 UTC [TRACE] steampipe-plugin-csv.plugin: [TRACE] apply plugin defaults for DefaultRetryConfig
2022-11-28 12:21:55.939 UTC [TRACE] steampipe-plugin-csv.plugin: [TRACE] apply plugin defaults for DefaultIgnoreConfig, table &{<nil> <nil>} plugin &{<nil> <nil>}
2022-11-28 12:21:55.939 UTC [TRACE] steampipe-plugin-csv.plugin: [TRACE] DefaultRetryConfig:
2022-11-28 12:21:55.939 UTC [TRACE] steampipe-plugin-csv.plugin: [TRACE] DefaultIgnoreConfig:
2022-11-28 12:21:55.939 UTC [TRACE] steampipe-plugin-csv.plugin: [TRACE] t.List.initialise
2022-11-28 12:21:55.939 UTC [TRACE] steampipe-plugin-csv.plugin: [TRACE] ListConfig.initialise table /home/runner/work/steampipe-samples/steampipe-samples/all/hackernews/people.csv
2022-11-28 12:21:55.939 UTC [TRACE] steampipe-plugin-csv.plugin: [TRACE] ListConfig.initialise complete: RetryConfig: , IgnoreConfig
2022-11-28 12:21:55.939 UTC [TRACE] steampipe-plugin-csv.plugin: [TRACE] back from initialiseHydrateConfigs
2022-11-28 12:21:55.939 UTC [TRACE] steampipe-plugin-csv.plugin: [TRACE] initialise table /home/runner/work/steampipe-samples/steampipe-samples/all/hackernews/people.csv COMPLETE
2022-11-28 12:21:55.939 UTC [TRACE] steampipe-plugin-csv.plugin: [TRACE] validate plugin steampipe-plugin-csv, required columns []
2022-11-28 12:21:55.939 UTC [TRACE] steampipe-plugin-csv.plugin: [TRACE] validate DefaultRetryConfig
2022-11-28 12:21:55.939 UTC [TRACE] steampipe-plugin-csv.plugin: [TRACE] validate DefaultIgnoreConfig
2022-11-28 12:21:55.939 UTC [TRACE] steampipe-plugin-csv.plugin: [TRACE] validate table names
2022-11-28 12:21:55.939 UTC [TRACE] steampipe-plugin-csv.plugin: [TRACE] plugin has 0 validation errors
2022-11-28 12:21:55.939 UTC [TRACE] steampipe-plugin-csv.plugin: [TRACE] Plugin ensureCache creating cache, maxCacheStorageMb 0
2022-11-28 12:21:55.939 UTC [TRACE] steampipe-plugin-csv.plugin: [TRACE] createCacheStore for plugin 'steampipe-plugin-csv' setting max size to 0Mb, Shards: 2, max shard size: 0
2022-11-28 12:21:55.952 UTC [INFO]  steampipe-plugin-csv.plugin: [INFO]  query cache created
2022-11-28 12:21:55.952 UTC [DEBUG] steampipe-plugin-csv.plugin: [DEBUG] SetAllConnectionConfigs finished
2022-11-28 12:21:55.953 UTC [TRACE] PluginManager getPlugin complete, returning reattach config with PID: 1951
2022-11-28 12:21:55.953 UTC [TRACE] PluginManager Get returning reattach_map:{key:"csv"  value:{protocol:"grpc"  addr:{Network:"unix"  Address:"/tmp/plugin3007929688"}  pid:1951  supported_operations:{query_cache:true  multiple_connections:true}  connections:"csv"  plugin:"hub.steampipe.io/plugins/turbot/csv@latest"}}
2022-11-28 12:21:56.032 UTC [TRACE] PluginManager Get, connections: '[csv]'
2022-11-28 12:21:56.032 UTC [TRACE] PluginManager getPlugin hub.steampipe.io/plugins/turbot/csv@latest connection 'csv'
2022-11-28 12:21:56.032 UTC [TRACE] connection csv found in connectionPluginMap
2022-11-28 12:21:56.032 UTC [TRACE] initialized: 1951
2022-11-28 12:21:56.032 UTC [TRACE] initialized: 1951
2022-11-28 12:21:56.032 UTC [TRACE] connection csv is loaded, check for running PID
2022-11-28 12:21:56.033 UTC [TRACE] PluginManager found 'csv' in map, pid 1951
2022-11-28 12:21:56.033 UTC [TRACE] PluginManager Get returning reattach_map:{key:"csv"  value:{protocol:"grpc"  addr:{Network:"unix"  Address:"/tmp/plugin3007929688"}  pid:1951  supported_operations:{query_cache:true  multiple_connections:true}  connections:"csv"  plugin:"hub.steampipe.io/plugins/turbot/csv@latest"}}
2022-11-28 12:21:56.185 UTC [TRACE] PluginManager Get, connections: '[hackernews]'
2022-11-28 12:21:56.185 UTC [TRACE] PluginManager getPlugin hub.steampipe.io/plugins/turbot/hackernews@latest connection 'hackernews'
2022-11-28 12:21:56.185 UTC [TRACE] PluginManager 0xc000095e00 plugin hub.steampipe.io/plugins/turbot/hackernews@latest (hackernews) NOT started or starting - start now
2022-11-28 12:21:56.185 UTC [TRACE] ************ start plugin hackernews ********************
2022-11-28 12:21:56.185 UTC [TRACE] ************ plugin path /home/runner/.steampipe/plugins/hub.steampipe.io/plugins/turbot/hackernews@latest/steampipe-plugin-hackernews.plugin ********************
2022-11-28 12:21:56.256 UTC [DEBUG] starting plugin: path=/home/runner/.steampipe/plugins/hub.steampipe.io/plugins/turbot/hackernews@latest/steampipe-plugin-hackernews.plugin args=["/home/runner/.steampipe/plugins/hub.steampipe.io/plugins/turbot/hackernews@latest/steampipe-plugin-hackernews.plugin"]
2022-11-28 12:21:56.256 UTC [DEBUG] plugin started: path=/home/runner/.steampipe/plugins/hub.steampipe.io/plugins/turbot/hackernews@latest/steampipe-plugin-hackernews.plugin pid=1973
2022-11-28 12:21:56.256 UTC [DEBUG] waiting for RPC address: path=/home/runner/.steampipe/plugins/hub.steampipe.io/plugins/turbot/hackernews@latest/steampipe-plugin-hackernews.plugin
2022-11-28 12:21:56.265 UTC [INFO]  steampipe-plugin-hackernews.plugin: [INFO]  Initialise plugin 'steampipe-plugin-hackernews', using sdk version 4.1.7
2022-11-28 12:21:56.265 UTC [TRACE] steampipe-plugin-hackernews.plugin: [TRACE] defaulting SchemaMode to SchemaModeStatic
2022-11-28 12:21:56.265 UTC [TRACE] steampipe-plugin-hackernews.plugin: [TRACE] no DefaultRetryConfig defined - creating empty
2022-11-28 12:21:56.265 UTC [TRACE] steampipe-plugin-hackernews.plugin: [TRACE] no DefaultIgnoreConfig defined - creating empty
2022-11-28 12:21:56.265 UTC [TRACE] steampipe-plugin-hackernews.plugin: [TRACE] Setting Ulimit: ulimit=2560
2022-11-28 12:21:56.265 UTC [TRACE] steampipe-plugin-hackernews.plugin: [TRACE] telemetry.Init service 'steampipe-plugin-hackernews', tracingEnabled: false, metricsEnabled: false
2022-11-28 12:21:56.265 UTC [TRACE] steampipe-plugin-hackernews.plugin: [TRACE] metrics and tracing disabled' - returning
2022-11-28 12:21:56.266 UTC [DEBUG] steampipe-plugin-hackernews.plugin: plugin address: address=/tmp/plugin2239844852 network=unix timestamp=2022-11-28T12:21:56.266Z
2022-11-28 12:21:56.266 UTC [DEBUG] using plugin: version=0
2022-11-28 12:21:56.266 UTC [TRACE] NewPluginClient for plugin hub.steampipe.io/plugins/turbot/hackernews@latest
2022-11-28 12:21:56.266 UTC [TRACE] stdio: waiting for stdio data
2022-11-28 12:21:56.268 UTC [TRACE] supportedOperations: query_cache:true  multiple_connections:true
2022-11-28 12:21:56.269 UTC [TRACE] steampipe-plugin-hackernews.plugin: [TRACE] SetAllConnectionConfigs setting 1 configs
2022-11-28 12:21:56.269 UTC [TRACE] steampipe-plugin-hackernews.plugin: [TRACE] connection hackernews build schema and table map
2022-11-28 12:21:56.269 UTC [TRACE] steampipe-plugin-hackernews.plugin: [TRACE] initialise table hackernews_user
2022-11-28 12:21:56.269 UTC [TRACE] steampipe-plugin-hackernews.plugin: [TRACE] no DefaultRetryConfig defined - creating empty
2022-11-28 12:21:56.269 UTC [TRACE] steampipe-plugin-hackernews.plugin: [TRACE] no DefaultIgnoreConfig defined - creating empty
2022-11-28 12:21:56.269 UTC [TRACE] steampipe-plugin-hackernews.plugin: [TRACE] apply plugin defaults for DefaultRetryConfig
2022-11-28 12:21:56.269 UTC [TRACE] steampipe-plugin-hackernews.plugin: [TRACE] apply plugin defaults for DefaultIgnoreConfig, table &{<nil> <nil>} plugin &{<nil> <nil>}
2022-11-28 12:21:56.269 UTC [TRACE] steampipe-plugin-hackernews.plugin: [TRACE] DefaultRetryConfig:
2022-11-28 12:21:56.269 UTC [TRACE] steampipe-plugin-hackernews.plugin: [TRACE] DefaultIgnoreConfig:
2022-11-28 12:21:56.269 UTC [TRACE] steampipe-plugin-hackernews.plugin: [TRACE] t.List.initialise
2022-11-28 12:21:56.269 UTC [TRACE] steampipe-plugin-hackernews.plugin: [TRACE] ListConfig.initialise table hackernews_user
2022-11-28 12:21:56.269 UTC [TRACE] steampipe-plugin-hackernews.plugin: [TRACE] ListConfig.initialise complete: RetryConfig: , IgnoreConfig
2022-11-28 12:21:56.269 UTC [TRACE] steampipe-plugin-hackernews.plugin: [TRACE] back from initialiseHydrateConfigs
2022-11-28 12:21:56.269 UTC [TRACE] steampipe-plugin-hackernews.plugin: [TRACE] initialise table hackernews_user COMPLETE
2022-11-28 12:21:56.269 UTC [TRACE] steampipe-plugin-hackernews.plugin: [TRACE] initialise table hackernews_ask_hn
2022-11-28 12:21:56.269 UTC [TRACE] steampipe-plugin-hackernews.plugin: [TRACE] no DefaultRetryConfig defined - creating empty
2022-11-28 12:21:56.269 UTC [TRACE] steampipe-plugin-hackernews.plugin: [TRACE] no DefaultIgnoreConfig defined - creating empty
2022-11-28 12:21:56.269 UTC [TRACE] steampipe-plugin-hackernews.plugin: [TRACE] apply plugin defaults for DefaultRetryConfig
2022-11-28 12:21:56.269 UTC [TRACE] steampipe-plugin-hackernews.plugin: [TRACE] apply plugin defaults for DefaultIgnoreConfig, table &{<nil> <nil>} plugin &{<nil> <nil>}
2022-11-28 12:21:56.269 UTC [TRACE] steampipe-plugin-hackernews.plugin: [TRACE] DefaultRetryConfig:
2022-11-28 12:21:56.269 UTC [TRACE] steampipe-plugin-hackernews.plugin: [TRACE] DefaultIgnoreConfig:
2022-11-28 12:21:56.269 UTC [TRACE] steampipe-plugin-hackernews.plugin: [TRACE] t.Get.initialise
2022-11-28 12:21:56.269 UTC [TRACE] steampipe-plugin-hackernews.plugin: [TRACE] GetConfig.initialise table hackernews_ask_hn
2022-11-28 12:21:56.269 UTC [TRACE] steampipe-plugin-hackernews.plugin: [TRACE] GetConfig.initialise complete: RetryConfig: , IgnoreConfig:
2022-11-28 12:21:56.269 UTC [TRACE] steampipe-plugin-hackernews.plugin: [TRACE] t.List.initialise
2022-11-28 12:21:56.269 UTC [TRACE] steampipe-plugin-hackernews.plugin: [TRACE] ListConfig.initialise table hackernews_ask_hn
2022-11-28 12:21:56.269 UTC [TRACE] steampipe-plugin-hackernews.plugin: [TRACE] ListConfig.initialise complete: RetryConfig: , IgnoreConfig
2022-11-28 12:21:56.269 UTC [TRACE] steampipe-plugin-hackernews.plugin: [TRACE] HydrateConfig.initialise func getItem, table hackernews_ask_hn
2022-11-28 12:21:56.269 UTC [TRACE] steampipe-plugin-hackernews.plugin: [TRACE] HydrateConfig.initialise complete: RetryConfig: , IgnoreConfig:
2022-11-28 12:21:56.269 UTC [TRACE] steampipe-plugin-hackernews.plugin: [TRACE] back from initialiseHydrateConfigs
2022-11-28 12:21:56.269 UTC [TRACE] steampipe-plugin-hackernews.plugin: [TRACE] initialise table hackernews_ask_hn COMPLETE
2022-11-28 12:21:56.269 UTC [TRACE] steampipe-plugin-hackernews.plugin: [TRACE] initialise table hackernews_best
2022-11-28 12:21:56.269 UTC [TRACE] steampipe-plugin-hackernews.plugin: [TRACE] no DefaultRetryConfig defined - creating empty
2022-11-28 12:21:56.269 UTC [TRACE] steampipe-plugin-hackernews.plugin: [TRACE] no DefaultIgnoreConfig defined - creating empty
2022-11-28 12:21:56.269 UTC [TRACE] steampipe-plugin-hackernews.plugin: [TRACE] apply plugin defaults for DefaultRetryConfig
2022-11-28 12:21:56.269 UTC [TRACE] steampipe-plugin-hackernews.plugin: [TRACE] apply plugin defaults for DefaultIgnoreConfig, table &{<nil> <nil>} plugin &{<nil> <nil>}
2022-11-28 12:21:56.269 UTC [TRACE] steampipe-plugin-hackernews.plugin: [TRACE] DefaultRetryConfig:
2022-11-28 12:21:56.269 UTC [TRACE] steampipe-plugin-hackernews.plugin: [TRACE] DefaultIgnoreConfig:
2022-11-28 12:21:56.269 UTC [TRACE] steampipe-plugin-hackernews.plugin: [TRACE] t.Get.initialise
2022-11-28 12:21:56.269 UTC [TRACE] steampipe-plugin-hackernews.plugin: [TRACE] GetConfig.initialise table hackernews_best
2022-11-28 12:21:56.269 UTC [TRACE] steampipe-plugin-hackernews.plugin: [TRACE] GetConfig.initialise complete: RetryConfig: , IgnoreConfig:
2022-11-28 12:21:56.269 UTC [TRACE] steampipe-plugin-hackernews.plugin: [TRACE] t.List.initialise
2022-11-28 12:21:56.269 UTC [TRACE] steampipe-plugin-hackernews.plugin: [TRACE] ListConfig.initialise table hackernews_best
2022-11-28 12:21:56.269 UTC [TRACE] steampipe-plugin-hackernews.plugin: [TRACE] ListConfig.initialise complete: RetryConfig: , IgnoreConfig
2022-11-28 12:21:56.269 UTC [TRACE] steampipe-plugin-hackernews.plugin: [TRACE] HydrateConfig.initialise func getItem, table hackernews_best
2022-11-28 12:21:56.269 UTC [TRACE] steampipe-plugin-hackernews.plugin: [TRACE] HydrateConfig.initialise complete: RetryConfig: , IgnoreConfig:
2022-11-28 12:21:56.269 UTC [TRACE] steampipe-plugin-hackernews.plugin: [TRACE] back from initialiseHydrateConfigs
2022-11-28 12:21:56.269 UTC [TRACE] steampipe-plugin-hackernews.plugin: [TRACE] initialise table hackernews_best COMPLETE
2022-11-28 12:21:56.269 UTC [TRACE] steampipe-plugin-hackernews.plugin: [TRACE] initialise table hackernews_item
2022-11-28 12:21:56.269 UTC [TRACE] steampipe-plugin-hackernews.plugin: [TRACE] no DefaultRetryConfig defined - creating empty
2022-11-28 12:21:56.269 UTC [TRACE] steampipe-plugin-hackernews.plugin: [TRACE] no DefaultIgnoreConfig defined - creating empty
2022-11-28 12:21:56.269 UTC [TRACE] steampipe-plugin-hackernews.plugin: [TRACE] apply plugin defaults for DefaultRetryConfig
2022-11-28 12:21:56.269 UTC [TRACE] steampipe-plugin-hackernews.plugin: [TRACE] apply plugin defaults for DefaultIgnoreConfig, table &{<nil> <nil>} plugin &{<nil> <nil>}
2022-11-28 12:21:56.269 UTC [TRACE] steampipe-plugin-hackernews.plugin: [TRACE] DefaultRetryConfig:
2022-11-28 12:21:56.269 UTC [TRACE] steampipe-plugin-hackernews.plugin: [TRACE] DefaultIgnoreConfig:
2022-11-28 12:21:56.269 UTC [TRACE] steampipe-plugin-hackernews.plugin: [TRACE] t.Get.initialise
2022-11-28 12:21:56.269 UTC [TRACE] steampipe-plugin-hackernews.plugin: [TRACE] GetConfig.initialise table hackernews_item
2022-11-28 12:21:56.269 UTC [TRACE] steampipe-plugin-hackernews.plugin: [TRACE] GetConfig.initialise complete: RetryConfig: , IgnoreConfig:
2022-11-28 12:21:56.269 UTC [TRACE] steampipe-plugin-hackernews.plugin: [TRACE] t.List.initialise
2022-11-28 12:21:56.269 UTC [TRACE] steampipe-plugin-hackernews.plugin: [TRACE] ListConfig.initialise table hackernews_item
2022-11-28 12:21:56.269 UTC [TRACE] steampipe-plugin-hackernews.plugin: [TRACE] ListConfig.initialise complete: RetryConfig: , IgnoreConfig
2022-11-28 12:21:56.269 UTC [TRACE] steampipe-plugin-hackernews.plugin: [TRACE] HydrateConfig.initialise func getItem, table hackernews_item
2022-11-28 12:21:56.270 UTC [TRACE] steampipe-plugin-hackernews.plugin: [TRACE] HydrateConfig.initialise complete: RetryConfig: , IgnoreConfig:
2022-11-28 12:21:56.270 UTC [TRACE] steampipe-plugin-hackernews.plugin: [TRACE] back from initialiseHydrateConfigs
2022-11-28 12:21:56.270 UTC [TRACE] steampipe-plugin-hackernews.plugin: [TRACE] initialise table hackernews_item COMPLETE
2022-11-28 12:21:56.270 UTC [TRACE] steampipe-plugin-hackernews.plugin: [TRACE] initialise table hackernews_job
2022-11-28 12:21:56.270 UTC [TRACE] steampipe-plugin-hackernews.plugin: [TRACE] no DefaultRetryConfig defined - creating empty
2022-11-28 12:21:56.270 UTC [TRACE] steampipe-plugin-hackernews.plugin: [TRACE] no DefaultIgnoreConfig defined - creating empty
2022-11-28 12:21:56.270 UTC [TRACE] steampipe-plugin-hackernews.plugin: [TRACE] apply plugin defaults for DefaultRetryConfig
2022-11-28 12:21:56.270 UTC [TRACE] steampipe-plugin-hackernews.plugin: [TRACE] apply plugin defaults for DefaultIgnoreConfig, table &{<nil> <nil>} plugin &{<nil> <nil>}
2022-11-28 12:21:56.270 UTC [TRACE] steampipe-plugin-hackernews.plugin: [TRACE] DefaultRetryConfig:
2022-11-28 12:21:56.270 UTC [TRACE] steampipe-plugin-hackernews.plugin: [TRACE] DefaultIgnoreConfig:
2022-11-28 12:21:56.270 UTC [TRACE] steampipe-plugin-hackernews.plugin: [TRACE] t.Get.initialise
2022-11-28 12:21:56.270 UTC [TRACE] steampipe-plugin-hackernews.plugin: [TRACE] GetConfig.initialise table hackernews_job
2022-11-28 12:21:56.270 UTC [TRACE] steampipe-plugin-hackernews.plugin: [TRACE] GetConfig.initialise complete: RetryConfig: , IgnoreConfig:
2022-11-28 12:21:56.270 UTC [TRACE] steampipe-plugin-hackernews.plugin: [TRACE] t.List.initialise
2022-11-28 12:21:56.270 UTC [TRACE] steampipe-plugin-hackernews.plugin: [TRACE] ListConfig.initialise table hackernews_job
2022-11-28 12:21:56.270 UTC [TRACE] steampipe-plugin-hackernews.plugin: [TRACE] ListConfig.initialise complete: RetryConfig: , IgnoreConfig
2022-11-28 12:21:56.270 UTC [TRACE] steampipe-plugin-hackernews.plugin: [TRACE] HydrateConfig.initialise func getItem, table hackernews_job
2022-11-28 12:21:56.270 UTC [TRACE] steampipe-plugin-hackernews.plugin: [TRACE] HydrateConfig.initialise complete: RetryConfig: , IgnoreConfig:
2022-11-28 12:21:56.270 UTC [TRACE] steampipe-plugin-hackernews.plugin: [TRACE] back from initialiseHydrateConfigs
2022-11-28 12:21:56.270 UTC [TRACE] steampipe-plugin-hackernews.plugin: [TRACE] initialise table hackernews_job COMPLETE
2022-11-28 12:21:56.270 UTC [TRACE] steampipe-plugin-hackernews.plugin: [TRACE] initialise table hackernews_new
2022-11-28 12:21:56.270 UTC [TRACE] steampipe-plugin-hackernews.plugin: [TRACE] no DefaultRetryConfig defined - creating empty
2022-11-28 12:21:56.270 UTC [TRACE] steampipe-plugin-hackernews.plugin: [TRACE] no DefaultIgnoreConfig defined - creating empty
2022-11-28 12:21:56.270 UTC [TRACE] steampipe-plugin-hackernews.plugin: [TRACE] apply plugin defaults for DefaultRetryConfig
2022-11-28 12:21:56.270 UTC [TRACE] steampipe-plugin-hackernews.plugin: [TRACE] apply plugin defaults for DefaultIgnoreConfig, table &{<nil> <nil>} plugin &{<nil> <nil>}
2022-11-28 12:21:56.270 UTC [TRACE] steampipe-plugin-hackernews.plugin: [TRACE] DefaultRetryConfig:
2022-11-28 12:21:56.270 UTC [TRACE] steampipe-plugin-hackernews.plugin: [TRACE] DefaultIgnoreConfig:
2022-11-28 12:21:56.270 UTC [TRACE] steampipe-plugin-hackernews.plugin: [TRACE] t.Get.initialise
2022-11-28 12:21:56.270 UTC [TRACE] steampipe-plugin-hackernews.plugin: [TRACE] GetConfig.initialise table hackernews_new
2022-11-28 12:21:56.270 UTC [TRACE] steampipe-plugin-hackernews.plugin: [TRACE] GetConfig.initialise complete: RetryConfig: , IgnoreConfig:
2022-11-28 12:21:56.270 UTC [TRACE] steampipe-plugin-hackernews.plugin: [TRACE] t.List.initialise
2022-11-28 12:21:56.270 UTC [TRACE] steampipe-plugin-hackernews.plugin: [TRACE] ListConfig.initialise table hackernews_new
2022-11-28 12:21:56.270 UTC [TRACE] steampipe-plugin-hackernews.plugin: [TRACE] ListConfig.initialise complete: RetryConfig: , IgnoreConfig
2022-11-28 12:21:56.270 UTC [TRACE] steampipe-plugin-hackernews.plugin: [TRACE] HydrateConfig.initialise func getItem, table hackernews_new
2022-11-28 12:21:56.270 UTC [TRACE] steampipe-plugin-hackernews.plugin: [TRACE] HydrateConfig.initialise complete: RetryConfig: , IgnoreConfig:
2022-11-28 12:21:56.270 UTC [TRACE] steampipe-plugin-hackernews.plugin: [TRACE] back from initialiseHydrateConfigs
2022-11-28 12:21:56.270 UTC [TRACE] steampipe-plugin-hackernews.plugin: [TRACE] initialise table hackernews_new COMPLETE
2022-11-28 12:21:56.270 UTC [TRACE] steampipe-plugin-hackernews.plugin: [TRACE] initialise table hackernews_show_hn
2022-11-28 12:21:56.270 UTC [TRACE] steampipe-plugin-hackernews.plugin: [TRACE] no DefaultRetryConfig defined - creating empty
2022-11-28 12:21:56.270 UTC [TRACE] steampipe-plugin-hackernews.plugin: [TRACE] no DefaultIgnoreConfig defined - creating empty
2022-11-28 12:21:56.270 UTC [TRACE] steampipe-plugin-hackernews.plugin: [TRACE] apply plugin defaults for DefaultRetryConfig
2022-11-28 12:21:56.270 UTC [TRACE] steampipe-plugin-hackernews.plugin: [TRACE] apply plugin defaults for DefaultIgnoreConfig, table &{<nil> <nil>} plugin &{<nil> <nil>}
2022-11-28 12:21:56.270 UTC [TRACE] steampipe-plugin-hackernews.plugin: [TRACE] DefaultRetryConfig:
2022-11-28 12:21:56.270 UTC [TRACE] steampipe-plugin-hackernews.plugin: [TRACE] DefaultIgnoreConfig:
2022-11-28 12:21:56.270 UTC [TRACE] steampipe-plugin-hackernews.plugin: [TRACE] t.Get.initialise
2022-11-28 12:21:56.270 UTC [TRACE] steampipe-plugin-hackernews.plugin: [TRACE] GetConfig.initialise table hackernews_show_hn
2022-11-28 12:21:56.270 UTC [TRACE] steampipe-plugin-hackernews.plugin: [TRACE] GetConfig.initialise complete: RetryConfig: , IgnoreConfig:
2022-11-28 12:21:56.270 UTC [TRACE] steampipe-plugin-hackernews.plugin: [TRACE] t.List.initialise
2022-11-28 12:21:56.270 UTC [TRACE] steampipe-plugin-hackernews.plugin: [TRACE] ListConfig.initialise table hackernews_show_hn
2022-11-28 12:21:56.270 UTC [TRACE] steampipe-plugin-hackernews.plugin: [TRACE] ListConfig.initialise complete: RetryConfig: , IgnoreConfig
2022-11-28 12:21:56.270 UTC [TRACE] steampipe-plugin-hackernews.plugin: [TRACE] HydrateConfig.initialise func getItem, table hackernews_show_hn
2022-11-28 12:21:56.270 UTC [TRACE] steampipe-plugin-hackernews.plugin: [TRACE] HydrateConfig.initialise complete: RetryConfig: , IgnoreConfig:
2022-11-28 12:21:56.270 UTC [TRACE] steampipe-plugin-hackernews.plugin: [TRACE] back from initialiseHydrateConfigs
2022-11-28 12:21:56.270 UTC [TRACE] steampipe-plugin-hackernews.plugin: [TRACE] initialise table hackernews_show_hn COMPLETE
2022-11-28 12:21:56.270 UTC [TRACE] steampipe-plugin-hackernews.plugin: [TRACE] initialise table hackernews_top
2022-11-28 12:21:56.270 UTC [TRACE] steampipe-plugin-hackernews.plugin: [TRACE] no DefaultRetryConfig defined - creating empty
2022-11-28 12:21:56.270 UTC [TRACE] steampipe-plugin-hackernews.plugin: [TRACE] no DefaultIgnoreConfig defined - creating empty
2022-11-28 12:21:56.270 UTC [TRACE] steampipe-plugin-hackernews.plugin: [TRACE] apply plugin defaults for DefaultRetryConfig
2022-11-28 12:21:56.270 UTC [TRACE] steampipe-plugin-hackernews.plugin: [TRACE] apply plugin defaults for DefaultIgnoreConfig, table &{<nil> <nil>} plugin &{<nil> <nil>}
2022-11-28 12:21:56.270 UTC [TRACE] steampipe-plugin-hackernews.plugin: [TRACE] DefaultRetryConfig:
2022-11-28 12:21:56.270 UTC [TRACE] steampipe-plugin-hackernews.plugin: [TRACE] DefaultIgnoreConfig:
2022-11-28 12:21:56.270 UTC [TRACE] steampipe-plugin-hackernews.plugin: [TRACE] t.Get.initialise
2022-11-28 12:21:56.270 UTC [TRACE] steampipe-plugin-hackernews.plugin: [TRACE] GetConfig.initialise table hackernews_top
2022-11-28 12:21:56.270 UTC [TRACE] steampipe-plugin-hackernews.plugin: [TRACE] GetConfig.initialise complete: RetryConfig: , IgnoreConfig:
2022-11-28 12:21:56.270 UTC [TRACE] steampipe-plugin-hackernews.plugin: [TRACE] t.List.initialise
2022-11-28 12:21:56.270 UTC [TRACE] steampipe-plugin-hackernews.plugin: [TRACE] ListConfig.initialise table hackernews_top
2022-11-28 12:21:56.270 UTC [TRACE] steampipe-plugin-hackernews.plugin: [TRACE] ListConfig.initialise complete: RetryConfig: , IgnoreConfig
2022-11-28 12:21:56.270 UTC [TRACE] steampipe-plugin-hackernews.plugin: [TRACE] HydrateConfig.initialise func getItem, table hackernews_top
2022-11-28 12:21:56.270 UTC [TRACE] steampipe-plugin-hackernews.plugin: [TRACE] HydrateConfig.initialise complete: RetryConfig: , IgnoreConfig:
2022-11-28 12:21:56.270 UTC [TRACE] steampipe-plugin-hackernews.plugin: [TRACE] back from initialiseHydrateConfigs
2022-11-28 12:21:56.270 UTC [TRACE] steampipe-plugin-hackernews.plugin: [TRACE] initialise table hackernews_top COMPLETE
2022-11-28 12:21:56.270 UTC [TRACE] steampipe-plugin-hackernews.plugin: [TRACE] validate plugin steampipe-plugin-hackernews, required columns []
2022-11-28 12:21:56.270 UTC [TRACE] steampipe-plugin-hackernews.plugin: [TRACE] validate DefaultRetryConfig
2022-11-28 12:21:56.270 UTC [TRACE] steampipe-plugin-hackernews.plugin: [TRACE] validate DefaultIgnoreConfig
2022-11-28 12:21:56.270 UTC [TRACE] steampipe-plugin-hackernews.plugin: [TRACE] validate table names
2022-11-28 12:21:56.270 UTC [TRACE] steampipe-plugin-hackernews.plugin: [TRACE] plugin has 0 validation errors
2022-11-28 12:21:56.270 UTC [TRACE] steampipe-plugin-hackernews.plugin: [TRACE] Plugin ensureCache creating cache, maxCacheStorageMb 0
2022-11-28 12:21:56.270 UTC [TRACE] steampipe-plugin-hackernews.plugin: [TRACE] createCacheStore for plugin 'steampipe-plugin-hackernews' setting max size to 0Mb, Shards: 2, max shard size: 0
2022-11-28 12:21:56.286 UTC [INFO]  steampipe-plugin-hackernews.plugin: [INFO]  query cache created
2022-11-28 12:21:56.286 UTC [DEBUG] steampipe-plugin-hackernews.plugin: [DEBUG] SetAllConnectionConfigs finished
2022-11-28 12:21:56.286 UTC [TRACE] PluginManager getPlugin complete, returning reattach config with PID: 1973
2022-11-28 12:21:56.286 UTC [TRACE] PluginManager Get returning reattach_map:{key:"hackernews"  value:{protocol:"grpc"  addr:{Network:"unix"  Address:"/tmp/plugin2239844852"}  pid:1973  supported_operations:{query_cache:true  multiple_connections:true}  connections:"hackernews"  plugin:"hub.steampipe.io/plugins/turbot/hackernews@latest"}}
2022-11-28 12:21:56.291 UTC [INFO]  steampipe-plugin-hackernews.plugin: [INFO]  1669638116299: Plugin Execute (1669638116299)
2022-11-28 12:21:56.291 UTC [TRACE] steampipe-plugin-hackernews.plugin: [TRACE] 1669638116299: No memory limit set
2022-11-28 12:21:56.291 UTC [INFO]  steampipe-plugin-hackernews.plugin: [INFO]  1669638116299: Plugin Execute, setting memory limit to -1Mb
2022-11-28 12:21:56.291 UTC [TRACE] steampipe-plugin-hackernews.plugin: [TRACE] 1669638116299: calling ExtractContextFromCarrier
2022-11-28 12:21:56.291 UTC [INFO]  steampipe-plugin-hackernews.plugin: [INFO]  1669638116299: Setting max concurrent connections to 25
2022-11-28 12:21:56.291 UTC [TRACE] steampipe-plugin-hackernews.plugin: [TRACE] 1669638116299: executeForConnection callId: 1669638116299, connectionCallId: hackernews-1669638116299, connection: hackernews table: hackernews_new cols: id,title,time,by,score,dead,deleted,descendants,kids,parent,parts,poll,text,type,url,_ctx
2022-11-28 12:21:56.291 UTC [TRACE] steampipe-plugin-hackernews.plugin: [TRACE] 1669638116299: got connection data
2022-11-28 12:21:56.291 UTC [TRACE] steampipe-plugin-hackernews.plugin: [TRACE] 1669638116299: Got query context, table: hackernews_new, cols: [id title time by score dead deleted descendants kids parent parts poll text type url _ctx]
2022-11-28 12:21:56.291 UTC [TRACE] steampipe-plugin-hackernews.plugin: [TRACE] 1669638116299: Start execute span
2022-11-28 12:21:56.291 UTC [INFO]  steampipe-plugin-hackernews.plugin: [INFO]  1669638116299: Setting free memory interval to 100 rows
2022-11-28 12:21:56.291 UTC [TRACE] steampipe-plugin-hackernews.plugin: [TRACE] 1669638116299: setFetchType map[time:quals:{fieldName:"time"  string_value:">"  value:{timestamp_value:{seconds:1669634516  nanos:168242000}}}]
2022-11-28 12:21:56.292 UTC [TRACE] steampipe-plugin-hackernews.plugin: [TRACE] 1669638116299: getMatchingQuals column:'id' operator: =
2022-11-28 12:21:56.292 UTC [TRACE] steampipe-plugin-hackernews.plugin: [TRACE] 1669638116299: getMatchingQuals returning false - qualMap does not contain any quals for column id
2022-11-28 12:21:56.292 UTC [TRACE] steampipe-plugin-hackernews.plugin: [TRACE] 1669638116299: GetUnsatisfiedKeyColumns for columns column:'id' operator: =
2022-11-28 12:21:56.293 UTC [TRACE] steampipe-plugin-hackernews.plugin: [TRACE] 1669638116299: key column NOT satisfied column:'id' operator: =
2022-11-28 12:21:56.293 UTC [TRACE] steampipe-plugin-hackernews.plugin: [TRACE] 1669638116299: satisfied: map[any_of: optional: required:]
2022-11-28 12:21:56.293 UTC [TRACE] steampipe-plugin-hackernews.plugin: [TRACE] 1669638116299: unsatisfied: map[any_of: optional: required:column:'id' operator: =]
2022-11-28 12:21:56.294 UTC [TRACE] steampipe-plugin-hackernews.plugin: [TRACE] 1669638116299: unsatisfied required KeyColumns: column:'id' operator: =
2022-11-28 12:21:56.294 UTC [TRACE] steampipe-plugin-hackernews.plugin: [TRACE] 1669638116299: Set fetchType to fetchTypeList
2022-11-28 12:21:56.294 UTC [TRACE] steampipe-plugin-hackernews.plugin: [TRACE] 1669638116299: Equals key column quals:
2022-11-28 12:21:56.294 UTC [DEBUG] steampipe-plugin-hackernews.plugin: {}
2022-11-28 12:21:56.294 UTC [TRACE] steampipe-plugin-hackernews.plugin: [TRACE] 1669638116299: All key column quals:
2022-11-28 12:21:56.294 UTC [DEBUG] steampipe-plugin-hackernews.plugin: {}
2022-11-28 12:21:56.294 UTC [TRACE] steampipe-plugin-hackernews.plugin: [TRACE] 1669638116299: GetMatrixItem
2022-11-28 12:21:56.294 UTC [TRACE] steampipe-plugin-hackernews.plugin: [TRACE] 1669638116299: creating query data
2022-11-28 12:21:56.294 UTC [INFO]  steampipe-plugin-hackernews.plugin: [INFO]  1669638116299: cacheEnabled, trying cache get (hackernews-1669638116299)
2022-11-28 12:21:56.294 UTC [TRACE] steampipe-plugin-hackernews.plugin: [TRACE] 1669638116299: QueryCache Get - indexBucketKey index__hackernewshackernews_new, quals
2022-11-28 12:21:56.294 UTC [TRACE] steampipe-plugin-hackernews.plugin: [TRACE] 1669638116299: QueryCache getCachedQueryResult - table hackernews_new, connectionName hackernews
2022-11-28 12:21:56.294 UTC [TRACE] steampipe-plugin-hackernews.plugin: [TRACE] 1669638116299: index bucket key: index__hackernewshackernews_new ttlSeconds 300 limit: -1
2022-11-28 12:21:56.294 UTC [TRACE] steampipe-plugin-hackernews.plugin: [TRACE] 1669638116299: doGet cache miss
2022-11-28 12:21:56.294 UTC [TRACE] steampipe-plugin-hackernews.plugin: [TRACE] 1669638116299: getCachedIndexBucket - no item retrieved for cache key index__hackernewshackernews_new
2022-11-28 12:21:56.294 UTC [TRACE] steampipe-plugin-hackernews.plugin: [TRACE] 1669638116299: getCachedQueryResult returned CACHE MISS - checking for pending transfers
2022-11-28 12:21:56.294 UTC [TRACE] steampipe-plugin-hackernews.plugin: [TRACE] 1669638116299: getPendingResultItem indexBucketKey index__hackernewshackernews_new, columns [id title time by score dead deleted descendants kids parent parts poll text type url _ctx], limit -1
2022-11-28 12:21:56.294 UTC [TRACE] steampipe-plugin-hackernews.plugin: [TRACE] 1669638116299: no pending index item - add pending result, indexBucketKey index__hackernewshackernews_new
2022-11-28 12:21:56.294 UTC [TRACE] steampipe-plugin-hackernews.plugin: [TRACE] 1669638116299: addPendingResult (hackernews-1669638116299) indexBucketKey index__hackernewshackernews_new, columns [id title time by score dead deleted descendants kids parent parts poll text type url _ctx], limit -1
2022-11-28 12:21:56.294 UTC [TRACE] steampipe-plugin-hackernews.plugin: [TRACE] 1669638116299: no index bucket found - creating one
2022-11-28 12:21:56.294 UTC [TRACE] steampipe-plugin-hackernews.plugin: [TRACE] 1669638116299: pendingIndexItem Lock count before 0
2022-11-28 12:21:56.294 UTC [TRACE] steampipe-plugin-hackernews.plugin: [TRACE] 1669638116299: addPendingResult added pending index item to bucket, (hackernews-1669638116299) indexBucketKey index__hackernewshackernews_new, resultKeyRoot hackernewshackernews_newid,title,time,by,score,dead,deleted,descendants,kids,parent,parts,poll,text,type,url,_ctx-1, pending item : 0xc0003de4e0
2022-11-28 12:21:56.294 UTC [TRACE] steampipe-plugin-hackernews.plugin: [TRACE] 1669638116299: **** pending items (hackernews-1669638116299)****
2022-11-28 12:21:56.294 UTC [TRACE] steampipe-plugin-hackernews.plugin: [TRACE] 1669638116299: key: index__hackernewshackernews_new: item: 0xc0003de4e0, count: 1, key:hackernewshackernews_newid,title,time,by,score,dead,deleted,descendants,kids,parent,parts,poll,text,type,url,_ctx-1
2022-11-28 12:21:56.294 UTC [TRACE] steampipe-plugin-hackernews.plugin: [TRACE] 1669638116299: ********
2022-11-28 12:21:56.294 UTC [TRACE] steampipe-plugin-hackernews.plugin: [TRACE] 1669638116299: getPendingResultItem returning <nil>
2022-11-28 12:21:56.294 UTC [INFO]  steampipe-plugin-hackernews.plugin: [INFO]  1669638116299: CACHE MISS
2022-11-28 12:21:56.294 UTC [TRACE] steampipe-plugin-hackernews.plugin: [TRACE] 1669638116299: cache MISS
2022-11-28 12:21:56.294 UTC [INFO]  steampipe-plugin-hackernews.plugin: [INFO]  1669638116299: queryCacheGet returned CACHE MISS (hackernews-1669638116299)
2022-11-28 12:21:56.294 UTC [TRACE] steampipe-plugin-hackernews.plugin: [TRACE] 1669638116299: StartSet (hackernews-1669638116299)
2022-11-28 12:21:56.294 UTC [TRACE] steampipe-plugin-hackernews.plugin: [TRACE] 1669638116299: calling fetchItems, table: hackernews_new, matrixItem: [], limit: -1,  connectionCallId: hackernews-1669638116299"
2022-11-28 12:21:56.294 UTC [TRACE] steampipe-plugin-hackernews.plugin: [TRACE] 1669638116299: buildRowsAsync connectionCallId: hackernews-1669638116299
2022-11-28 12:21:56.294 UTC [TRACE] steampipe-plugin-hackernews.plugin: [TRACE] 1669638116299: streamRows connectionCallId: hackernews-1669638116299
2022-11-28 12:21:56.294 UTC [TRACE] steampipe-plugin-hackernews.plugin: [TRACE] 1669638116299: QueryData streamRows (hackernews-1669638116299)
2022-11-28 12:21:56.294 UTC [TRACE] steampipe-plugin-hackernews.plugin: [TRACE] 1669638116299: executeListCall START (hackernews-1669638116299)
2022-11-28 12:21:56.294 UTC [TRACE] steampipe-plugin-hackernews.plugin: [TRACE] 1669638116299: GetUnsatisfiedKeyColumns for columns
2022-11-28 12:21:56.294 UTC [TRACE] steampipe-plugin-hackernews.plugin: [TRACE] 1669638116299: doList (hackernews-1669638116299)
2022-11-28 12:21:56.294 UTC [TRACE] steampipe-plugin-hackernews.plugin: [TRACE] 1669638116299: doList: no matrix item
2022-11-28 12:21:56.477 UTC [TRACE] stdio: received data: channel=STDOUT len=17
2022-11-28 12:21:56.477 UTC [TRACE] stdio: waiting for stdio data
2022-11-28 12:21:56.485 UTC [TRACE] steampipe-plugin-hackernews.plugin: [TRACE] 1669638116299: QueryData.fetchComplete
2022-11-28 12:21:56.485 UTC [TRACE] steampipe-plugin-hackernews.plugin: [TRACE] 1669638116299: executeListCall COMPLETE (hackernews-1669638116299)
2022-11-28 12:21:56.486 UTC [TRACE] steampipe-plugin-hackernews.plugin: [TRACE] 1669638116299: rowData chan returned nil - wait for rows to complete (hackernews-1669638116299)
2022-11-28 12:21:56.603 UTC [TRACE] stdio: received data: channel=STDOUT len=177
2022-11-28 12:21:56.603 UTC [TRACE] stdio: waiting for stdio data
2022-11-28 12:21:56.653 UTC [TRACE] stdio: received data: channel=STDOUT len=1024
2022-11-28 12:21:56.653 UTC [TRACE] stdio: waiting for stdio data
2022-11-28 12:21:56.680 UTC [TRACE] stdio: received data: channel=STDOUT len=1002
2022-11-28 12:21:56.680 UTC [TRACE] stdio: waiting for stdio data
2022-11-28 12:21:56.752 UTC [TRACE] stdio: received data: channel=STDOUT len=1024
2022-11-28 12:21:56.752 UTC [TRACE] stdio: waiting for stdio data
2022-11-28 12:21:56.871 UTC [TRACE] stdio: received data: channel=STDOUT len=106
2022-11-28 12:21:56.871 UTC [TRACE] stdio: waiting for stdio data
2022-11-28 12:21:56.871 UTC [TRACE] stdio: received data: channel=STDOUT len=1024
2022-11-28 12:21:56.871 UTC [TRACE] stdio: waiting for stdio data
2022-11-28 12:21:56.881 UTC [TRACE] steampipe-plugin-hackernews.plugin: [TRACE] 1669638116299: buildRowsAsync goroutine returning (hackernews-1669638116299)
2022-11-28 12:21:56.881 UTC [TRACE] steampipe-plugin-hackernews.plugin: [TRACE] 1669638116299: streamRows - nil row, stop streaming (hackernews-1669638116299)
2022-11-28 12:21:56.881 UTC [TRACE] steampipe-plugin-hackernews.plugin: [TRACE] 1669638116299: ------------------------------------
2022-11-28 12:21:56.881 UTC [TRACE] steampipe-plugin-hackernews.plugin: [TRACE] 1669638116299: Concurrency Summary
2022-11-28 12:21:56.881 UTC [TRACE] steampipe-plugin-hackernews.plugin: [TRACE] 1669638116299: ------------------------------------
2022-11-28 12:21:56.881 UTC [TRACE] steampipe-plugin-hackernews.plugin: [TRACE] 1669638116299: getItem                       : 200
2022-11-28 12:21:56.881 UTC [TRACE] steampipe-plugin-hackernews.plugin: [TRACE] 1669638116299: ------------------------------------
2022-11-28 12:21:56.881 UTC [TRACE] steampipe-plugin-hackernews.plugin: [TRACE] 1669638116299: Total                         : 200
2022-11-28 12:21:56.881 UTC [TRACE] steampipe-plugin-hackernews.plugin: [TRACE] 1669638116299: ------------------------------------
2022-11-28 12:21:56.881 UTC [TRACE] steampipe-plugin-hackernews.plugin: [TRACE] 1669638116299: QueryData streamRows DONE (hackernews-1669638116299)
2022-11-28 12:21:56.881 UTC [TRACE] steampipe-plugin-hackernews.plugin: [TRACE] 1669638116299: EndSet (hackernews-1669638116299) table hackernews_new
2022-11-28 12:21:56.881 UTC [TRACE] steampipe-plugin-hackernews.plugin: [TRACE] 1669638116299: QueryCache writePageToCache: 500 rows, pageCount 1, page key hackernewshackernews_newid,title,time,by,score,dead,deleted,descendants,kids,parent,parts,poll,text,type,url,_ctx-1-0
2022-11-28 12:21:56.889 UTC [TRACE] steampipe-plugin-hackernews.plugin: [TRACE] 1669638116299: writePageToCache Set - result written
2022-11-28 12:21:56.889 UTC [TRACE] steampipe-plugin-hackernews.plugin: [TRACE] 1669638116299: QueryCache EndSet - result written
2022-11-28 12:21:56.889 UTC [TRACE] steampipe-plugin-hackernews.plugin: [TRACE] 1669638116299: doGet cache miss
2022-11-28 12:21:56.889 UTC [TRACE] steampipe-plugin-hackernews.plugin: [TRACE] 1669638116299: getCachedIndexBucket - no item retrieved for cache key index__hackernewshackernews_new
2022-11-28 12:21:56.889 UTC [TRACE] steampipe-plugin-hackernews.plugin: [TRACE] 1669638116299: getCachedIndexBucket returned cache miss
2022-11-28 12:21:56.889 UTC [TRACE] steampipe-plugin-hackernews.plugin: [TRACE] 1669638116299: QueryCache EndSet - Added index item (0xc017a20ba0) to bucket (0xc01439a588), page count 1,  key root hackernewshackernews_newid,title,time,by,score,dead,deleted,descendants,kids,parent,parts,poll,text,type,url,_ctx-1
2022-11-28 12:21:56.889 UTC [TRACE] steampipe-plugin-hackernews.plugin: [TRACE] 1669638116299: cacheSetIndexBucket index__hackernewshackernews_new
2022-11-28 12:21:56.889 UTC [TRACE] steampipe-plugin-hackernews.plugin: [TRACE] 1669638116299: QueryCache EndSet - IndexBucket written
2022-11-28 12:21:56.889 UTC [TRACE] steampipe-plugin-hackernews.plugin: [TRACE] 1669638116299: EndSet DEFER (hackernews-1669638116299) table hackernews_new
2022-11-28 12:21:56.889 UTC [TRACE] steampipe-plugin-hackernews.plugin: [TRACE] 1669638116299: calling pendingItemComplete (hackernews-1669638116299)
2022-11-28 12:21:56.889 UTC [TRACE] steampipe-plugin-hackernews.plugin: [TRACE] 1669638116299: pendingItemComplete (hackernews-1669638116299) indexBucketKey index__hackernewshackernews_new, columns [id title time by score dead deleted descendants kids parent parts poll text type url _ctx], limit -1
2022-11-28 12:21:56.889 UTC [TRACE] steampipe-plugin-hackernews.plugin: [TRACE] 1669638116299: got pending index bucket, (hackernews-1669638116299) len 1
2022-11-28 12:21:56.889 UTC [TRACE] steampipe-plugin-hackernews.plugin: [TRACE] 1669638116299: SatisfiesLimit limit -1, no item limit - satisfied
2022-11-28 12:21:56.889 UTC [TRACE] steampipe-plugin-hackernews.plugin: [TRACE] 1669638116299: found pending index item to satisfy columns id,title,time,by,score,dead,deleted,descendants,kids,parent,parts,poll,text,type,url,_ctx, limit -1
2022-11-28 12:21:56.889 UTC [TRACE] steampipe-plugin-hackernews.plugin: [TRACE] 1669638116299: found completed pending item (hackernews-1669638116299) 0xc0003de4e0, key hackernewshackernews_newid,title,time,by,score,dead,deleted,descendants,kids,parent,parts,poll,text,type,url,_ctx-1 - removing from map as it is complete
2022-11-28 12:21:56.889 UTC [TRACE] steampipe-plugin-hackernews.plugin: [TRACE] 1669638116299: pendingIndexItem Unlock count before 1 key hackernewshackernews_newid,title,time,by,score,dead,deleted,descendants,kids,parent,parts,poll,text,type,url,_ctx-1
2022-11-28 12:21:56.889 UTC [TRACE] steampipe-plugin-hackernews.plugin: [TRACE] 1669638116299: deleted from pending, (hackernews-1669638116299) len 0
2022-11-28 12:21:56.889 UTC [TRACE] steampipe-plugin-hackernews.plugin: [TRACE] 1669638116299: pending bucket now empty - deleting key index__hackernewshackernews_new
2022-11-28 12:21:56.889 UTC [TRACE] steampipe-plugin-hackernews.plugin: [TRACE] 1669638116299: pendingItemComplete done (hackernews-1669638116299)
2022-11-28 12:21:56.889 UTC [TRACE] steampipe-plugin-hackernews.plugin: [TRACE] 1669638116299: cache set succeeded
2022-11-28 12:21:56.889 UTC [TRACE] steampipe-plugin-hackernews.plugin: [TRACE] 1669638116299: End execute span
2022-11-28 12:21:56.889 UTC [TRACE] steampipe-plugin-hackernews.plugin: [TRACE] 1669638116299: executeForConnection DEFER (hackernews-1669638116299)
2022-11-28 12:21:56.889 UTC [TRACE] steampipe-plugin-hackernews.plugin: [TRACE] 1669638116299: Execute complete callId: hackernews-1669638116299 table: hackernews_new
2022-11-28 12:21:56.889 UTC [TRACE] steampipe-plugin-hackernews.plugin: [TRACE] 1669638116299: executeForConnection hackernews returned
2022-11-28 12:21:56.889 UTC [TRACE] steampipe-plugin-hackernews.plugin: [TRACE] 1669638116299: output wg complete - send nil row
2022-11-28 12:21:56.889 UTC [TRACE] steampipe-plugin-hackernews.plugin: [TRACE] 1669638116299: empty row on output channel - we are done
2022-11-28 12:21:56.889 UTC [INFO]  steampipe-plugin-hackernews.plugin: [INFO]  1669638116299: Plugin Execute complete (1669638116299)
2022-11-28 12:21:56.953 UTC [TRACE] PluginManager Shutdown
2022-11-28 12:21:56.953 UTC [TRACE] killing plugin csv (1951)
2022-11-28 12:21:56.954 UTC [TRACE] steampipe-plugin-csv.plugin: [TRACE] FLUSHING instrumentation
2022-11-28 12:21:56.954 UTC [TRACE] steampipe-plugin-csv.plugin: [TRACE] Shutdown instrumentation
2022-11-28 12:21:56.954 UTC [INFO]  plugin process exited: path=/home/runner/.steampipe/plugins/hub.steampipe.io/plugins/turbot/csv@latest/steampipe-plugin-csv.plugin pid=1951
2022-11-28 12:21:56.954 UTC [DEBUG] stdio: received EOF, stopping recv loop: err="rpc error: code = Unavailable desc = error reading from server: EOF"
2022-11-28 12:21:56.954 UTC [DEBUG] plugin exited
2022-11-28 12:21:56.954 UTC [TRACE] killing plugin hackernews (1973)
2022-11-28 12:21:56.955 UTC [DEBUG] stdio: received EOF, stopping recv loop: err="rpc error: code = Unavailable desc = error reading from server: EOF"
2022-11-28 12:21:56.955 UTC [TRACE] steampipe-plugin-hackernews.plugin: [TRACE] 1669638116299: FLUSHING instrumentation
2022-11-28 12:21:56.955 UTC [TRACE] steampipe-plugin-hackernews.plugin: [TRACE] 1669638116299: Shutdown instrumentation
2022-11-28 12:21:56.957 UTC [INFO]  plugin process exited: path=/home/runner/.steampipe/plugins/hub.steampipe.io/plugins/turbot/hackernews@latest/steampipe-plugin-hackernews.plugin pid=1973
2022-11-28 12:21:56.958 UTC [DEBUG] plugin exited
2022-11-28 12:22:01.748 UTC [WARN]  steampipe-plugin-csv.plugin: [WARN]  1669638121211: getKeyColumnsForTable found no schema for table '/home/runner/work/steampipe-samples/steampipe-samples/all/hackernews/hn.csv'
2022-11-28 12:22:32.244 UTC [WARN]  steampipe-plugin-csv.plugin: [WARN]  1669638152357: getKeyColumnsForTable found no schema for table '/home/runner/work/steampipe-samples/steampipe-samples/all/hackernews/hn.csv'
2022-11-28 12:25:09.588 UTC [ERROR] steampipe-plugin-csv.plugin: [ERROR] csv.tableCSV: header_parse_error=EOF path=/home/runner/work/steampipe-samples/steampipe-samples/all/hackernews/new_sc.csv header=[]
2022-11-28 12:25:09.588 UTC [ERROR] steampipe-plugin-csv.plugin: [ERROR] csv.PluginTables: create_table_error="failed to parse file header /home/runner/work/steampipe-samples/steampipe-samples/all/hackernews/new_sc.csv: EOF" path=/home/runner/work/steampipe-samples/steampipe-samples/all/hackernews/new_sc.csv
2022-11-28 12:25:09.588 UTC [WARN]  failed to set connection config: failed to parse file header /home/runner/work/steampipe-samples/steampipe-samples/all/hackernews/new_sc.csv: EOF
2022-11-28 12:25:10.929 UTC [WARN]  steampipe-plugin-csv.plugin: [WARN]  1669638310849: getKeyColumnsForTable found no schema for table '/home/runner/work/steampipe-samples/steampipe-samples/all/hackernews/new_sc.csv'
2022-11-28 12:25:18.639 UTC [ERROR] steampipe-plugin-csv.plugin: [ERROR] csv.tableCSV: header_parse_error=EOF path=/home/runner/work/steampipe-samples/steampipe-samples/all/hackernews/hn_items_all.csv header=[]
2022-11-28 12:25:18.639 UTC [ERROR] steampipe-plugin-csv.plugin: [ERROR] csv.PluginTables: create_table_error="failed to parse file header /home/runner/work/steampipe-samples/steampipe-samples/all/hackernews/hn_items_all.csv: EOF" path=/home/runner/work/steampipe-samples/steampipe-samples/all/hackernews/hn_items_all.csv
2022-11-28 12:25:18.639 UTC [WARN]  failed to set connection config: failed to parse file header /home/runner/work/steampipe-samples/steampipe-samples/all/hackernews/hn_items_all.csv: EOF
2022-11-28 12:25:20.083 UTC [ERROR] steampipe-plugin-csv.plugin: [ERROR] csv.tableCSV: header_parse_error=EOF path=/home/runner/work/steampipe-samples/steampipe-samples/all/hackernews/people.csv header=[]
2022-11-28 12:25:20.083 UTC [ERROR] steampipe-plugin-csv.plugin: [ERROR] csv.PluginTables: create_table_error="failed to parse file header /home/runner/work/steampipe-samples/steampipe-samples/all/hackernews/people.csv: EOF" path=/home/runner/work/steampipe-samples/steampipe-samples/all/hackernews/people.csv
2022-11-28 12:25:20.084 UTC [WARN]  failed to set connection config: failed to parse file header /home/runner/work/steampipe-samples/steampipe-samples/all/hackernews/people.csv: EOF
