2022-11-20 23:20:18.014 UTC [INFO]  starting plugin manager
2022-11-20 23:20:18.014 UTC [TRACE] loaded config map: net,csv,github,hackernews
2022-11-20 23:20:18.014 UTC [TRACE] NewPluginManager
2022-11-20 23:20:18.015 UTC [TRACE] PluginManager setPluginCacheSizeMap: 4 connections.
2022-11-20 23:20:18.015 UTC [TRACE] Total cache size 0Mb
2022-11-20 23:20:18.015 UTC [INFO]  starting connection watcher
2022-11-20 23:20:18.015 UTC [INFO]  created ConnectionWatcher
2022-11-20 23:20:18.015 UTC [TRACE] about to serve
2022-11-20 23:20:18.082 UTC [TRACE] PluginManager Get, connections: '[csv]'
2022-11-20 23:20:18.082 UTC [TRACE] PluginManager getPlugin hub.steampipe.io/plugins/turbot/csv@latest connection 'csv'
2022-11-20 23:20:18.082 UTC [TRACE] PluginManager 0xc000147770 plugin hub.steampipe.io/plugins/turbot/csv@latest (csv) NOT started or starting - start now
2022-11-20 23:20:18.082 UTC [TRACE] ************ start plugin csv ********************
2022-11-20 23:20:18.082 UTC [TRACE] ************ plugin path /home/runner/.steampipe/plugins/hub.steampipe.io/plugins/turbot/csv@latest/steampipe-plugin-csv.plugin ********************
2022-11-20 23:20:18.117 UTC [TRACE] handleFileWatcherEvent ignoring first event
2022-11-20 23:20:18.151 UTC [DEBUG] starting plugin: path=/home/runner/.steampipe/plugins/hub.steampipe.io/plugins/turbot/csv@latest/steampipe-plugin-csv.plugin args=["/home/runner/.steampipe/plugins/hub.steampipe.io/plugins/turbot/csv@latest/steampipe-plugin-csv.plugin"]
2022-11-20 23:20:18.151 UTC [DEBUG] plugin started: path=/home/runner/.steampipe/plugins/hub.steampipe.io/plugins/turbot/csv@latest/steampipe-plugin-csv.plugin pid=1990
2022-11-20 23:20:18.151 UTC [DEBUG] waiting for RPC address: path=/home/runner/.steampipe/plugins/hub.steampipe.io/plugins/turbot/csv@latest/steampipe-plugin-csv.plugin
2022-11-20 23:20:18.157 UTC [INFO]  steampipe-plugin-csv.plugin: [INFO]  Initialise plugin 'steampipe-plugin-csv', using sdk version 4.1.7
2022-11-20 23:20:18.157 UTC [TRACE] steampipe-plugin-csv.plugin: [TRACE] no DefaultRetryConfig defined - creating empty
2022-11-20 23:20:18.157 UTC [TRACE] steampipe-plugin-csv.plugin: [TRACE] no DefaultIgnoreConfig defined - creating empty
2022-11-20 23:20:18.157 UTC [TRACE] steampipe-plugin-csv.plugin: [TRACE] Setting Ulimit: ulimit=2560
2022-11-20 23:20:18.157 UTC [TRACE] steampipe-plugin-csv.plugin: [TRACE] telemetry.Init service 'steampipe-plugin-csv', tracingEnabled: false, metricsEnabled: false
2022-11-20 23:20:18.157 UTC [TRACE] steampipe-plugin-csv.plugin: [TRACE] metrics and tracing disabled' - returning
2022-11-20 23:20:18.158 UTC [DEBUG] steampipe-plugin-csv.plugin: plugin address: address=/tmp/plugin2380474088 network=unix timestamp=2022-11-20T23:20:18.158Z
2022-11-20 23:20:18.158 UTC [DEBUG] using plugin: version=0
2022-11-20 23:20:18.158 UTC [TRACE] NewPluginClient for plugin hub.steampipe.io/plugins/turbot/csv@latest
2022-11-20 23:20:18.159 UTC [TRACE] stdio: waiting for stdio data
2022-11-20 23:20:18.160 UTC [TRACE] supportedOperations: query_cache:true  multiple_connections:true
2022-11-20 23:20:18.162 UTC [TRACE] steampipe-plugin-csv.plugin: [TRACE] SetAllConnectionConfigs setting 1 configs
2022-11-20 23:20:18.162 UTC [TRACE] steampipe-plugin-csv.plugin: [TRACE] connection csv build schema and table map
2022-11-20 23:20:18.162 UTC [DEBUG] steampipe-plugin-csv.plugin: [DEBUG] csv.tableCSV: path=/home/runner/work/steampipe-samples/steampipe-samples/all/hackernews/hn_items_all.csv detected_encoding=Unknown
2022-11-20 23:20:18.162 UTC [DEBUG] steampipe-plugin-csv.plugin: [DEBUG] csv.tableCSV: path=/home/runner/work/steampipe-samples/steampipe-samples/all/hackernews/new_sc.csv detected_encoding=Unknown
2022-11-20 23:20:18.162 UTC [DEBUG] steampipe-plugin-csv.plugin: [DEBUG] csv.tableCSV: path=/home/runner/work/steampipe-samples/steampipe-samples/all/hackernews/people.csv detected_encoding=Unknown
2022-11-20 23:20:18.162 UTC [TRACE] steampipe-plugin-csv.plugin: [TRACE] initialise table /home/runner/work/steampipe-samples/steampipe-samples/all/hackernews/hn_items_all.csv
2022-11-20 23:20:18.162 UTC [TRACE] steampipe-plugin-csv.plugin: [TRACE] no DefaultRetryConfig defined - creating empty
2022-11-20 23:20:18.162 UTC [TRACE] steampipe-plugin-csv.plugin: [TRACE] no DefaultIgnoreConfig defined - creating empty
2022-11-20 23:20:18.162 UTC [TRACE] steampipe-plugin-csv.plugin: [TRACE] apply plugin defaults for DefaultRetryConfig
2022-11-20 23:20:18.162 UTC [TRACE] steampipe-plugin-csv.plugin: [TRACE] apply plugin defaults for DefaultIgnoreConfig, table &{<nil> <nil>} plugin &{<nil> <nil>}
2022-11-20 23:20:18.162 UTC [TRACE] steampipe-plugin-csv.plugin: [TRACE] DefaultRetryConfig:
2022-11-20 23:20:18.162 UTC [TRACE] steampipe-plugin-csv.plugin: [TRACE] DefaultIgnoreConfig:
2022-11-20 23:20:18.162 UTC [TRACE] steampipe-plugin-csv.plugin: [TRACE] t.List.initialise
2022-11-20 23:20:18.162 UTC [TRACE] steampipe-plugin-csv.plugin: [TRACE] ListConfig.initialise table /home/runner/work/steampipe-samples/steampipe-samples/all/hackernews/hn_items_all.csv
2022-11-20 23:20:18.162 UTC [TRACE] steampipe-plugin-csv.plugin: [TRACE] ListConfig.initialise complete: RetryConfig: , IgnoreConfig
2022-11-20 23:20:18.162 UTC [TRACE] steampipe-plugin-csv.plugin: [TRACE] back from initialiseHydrateConfigs
2022-11-20 23:20:18.162 UTC [TRACE] steampipe-plugin-csv.plugin: [TRACE] initialise table /home/runner/work/steampipe-samples/steampipe-samples/all/hackernews/hn_items_all.csv COMPLETE
2022-11-20 23:20:18.162 UTC [TRACE] steampipe-plugin-csv.plugin: [TRACE] initialise table /home/runner/work/steampipe-samples/steampipe-samples/all/hackernews/new_sc.csv
2022-11-20 23:20:18.162 UTC [TRACE] steampipe-plugin-csv.plugin: [TRACE] no DefaultRetryConfig defined - creating empty
2022-11-20 23:20:18.162 UTC [TRACE] steampipe-plugin-csv.plugin: [TRACE] no DefaultIgnoreConfig defined - creating empty
2022-11-20 23:20:18.162 UTC [TRACE] steampipe-plugin-csv.plugin: [TRACE] apply plugin defaults for DefaultRetryConfig
2022-11-20 23:20:18.162 UTC [TRACE] steampipe-plugin-csv.plugin: [TRACE] apply plugin defaults for DefaultIgnoreConfig, table &{<nil> <nil>} plugin &{<nil> <nil>}
2022-11-20 23:20:18.162 UTC [TRACE] steampipe-plugin-csv.plugin: [TRACE] DefaultRetryConfig:
2022-11-20 23:20:18.162 UTC [TRACE] steampipe-plugin-csv.plugin: [TRACE] DefaultIgnoreConfig:
2022-11-20 23:20:18.162 UTC [TRACE] steampipe-plugin-csv.plugin: [TRACE] t.List.initialise
2022-11-20 23:20:18.162 UTC [TRACE] steampipe-plugin-csv.plugin: [TRACE] ListConfig.initialise table /home/runner/work/steampipe-samples/steampipe-samples/all/hackernews/new_sc.csv
2022-11-20 23:20:18.162 UTC [TRACE] steampipe-plugin-csv.plugin: [TRACE] ListConfig.initialise complete: RetryConfig: , IgnoreConfig
2022-11-20 23:20:18.162 UTC [TRACE] steampipe-plugin-csv.plugin: [TRACE] back from initialiseHydrateConfigs
2022-11-20 23:20:18.162 UTC [TRACE] steampipe-plugin-csv.plugin: [TRACE] initialise table /home/runner/work/steampipe-samples/steampipe-samples/all/hackernews/new_sc.csv COMPLETE
2022-11-20 23:20:18.162 UTC [TRACE] steampipe-plugin-csv.plugin: [TRACE] initialise table /home/runner/work/steampipe-samples/steampipe-samples/all/hackernews/people.csv
2022-11-20 23:20:18.162 UTC [TRACE] steampipe-plugin-csv.plugin: [TRACE] no DefaultRetryConfig defined - creating empty
2022-11-20 23:20:18.162 UTC [TRACE] steampipe-plugin-csv.plugin: [TRACE] no DefaultIgnoreConfig defined - creating empty
2022-11-20 23:20:18.162 UTC [TRACE] steampipe-plugin-csv.plugin: [TRACE] apply plugin defaults for DefaultRetryConfig
2022-11-20 23:20:18.162 UTC [TRACE] steampipe-plugin-csv.plugin: [TRACE] apply plugin defaults for DefaultIgnoreConfig, table &{<nil> <nil>} plugin &{<nil> <nil>}
2022-11-20 23:20:18.162 UTC [TRACE] steampipe-plugin-csv.plugin: [TRACE] DefaultRetryConfig:
2022-11-20 23:20:18.162 UTC [TRACE] steampipe-plugin-csv.plugin: [TRACE] DefaultIgnoreConfig:
2022-11-20 23:20:18.162 UTC [TRACE] steampipe-plugin-csv.plugin: [TRACE] t.List.initialise
2022-11-20 23:20:18.162 UTC [TRACE] steampipe-plugin-csv.plugin: [TRACE] ListConfig.initialise table /home/runner/work/steampipe-samples/steampipe-samples/all/hackernews/people.csv
2022-11-20 23:20:18.162 UTC [TRACE] steampipe-plugin-csv.plugin: [TRACE] ListConfig.initialise complete: RetryConfig: , IgnoreConfig
2022-11-20 23:20:18.162 UTC [TRACE] steampipe-plugin-csv.plugin: [TRACE] back from initialiseHydrateConfigs
2022-11-20 23:20:18.162 UTC [TRACE] steampipe-plugin-csv.plugin: [TRACE] initialise table /home/runner/work/steampipe-samples/steampipe-samples/all/hackernews/people.csv COMPLETE
2022-11-20 23:20:18.162 UTC [TRACE] steampipe-plugin-csv.plugin: [TRACE] validate plugin steampipe-plugin-csv, required columns []
2022-11-20 23:20:18.162 UTC [TRACE] steampipe-plugin-csv.plugin: [TRACE] validate DefaultRetryConfig
2022-11-20 23:20:18.162 UTC [TRACE] steampipe-plugin-csv.plugin: [TRACE] validate DefaultIgnoreConfig
2022-11-20 23:20:18.162 UTC [TRACE] steampipe-plugin-csv.plugin: [TRACE] validate table names
2022-11-20 23:20:18.162 UTC [TRACE] steampipe-plugin-csv.plugin: [TRACE] plugin has 0 validation errors
2022-11-20 23:20:18.162 UTC [TRACE] steampipe-plugin-csv.plugin: [TRACE] Plugin ensureCache creating cache, maxCacheStorageMb 0
2022-11-20 23:20:18.162 UTC [TRACE] steampipe-plugin-csv.plugin: [TRACE] createCacheStore for plugin 'steampipe-plugin-csv' setting max size to 0Mb, Shards: 2, max shard size: 0
2022-11-20 23:20:18.172 UTC [INFO]  steampipe-plugin-csv.plugin: [INFO]  query cache created
2022-11-20 23:20:18.172 UTC [DEBUG] steampipe-plugin-csv.plugin: [DEBUG] SetAllConnectionConfigs finished
2022-11-20 23:20:18.172 UTC [TRACE] PluginManager getPlugin complete, returning reattach config with PID: 1990
2022-11-20 23:20:18.173 UTC [TRACE] PluginManager Get returning reattach_map:{key:"csv"  value:{protocol:"grpc"  addr:{Network:"unix"  Address:"/tmp/plugin2380474088"}  pid:1990  supported_operations:{query_cache:true  multiple_connections:true}  connections:"csv"  plugin:"hub.steampipe.io/plugins/turbot/csv@latest"}}
2022-11-20 23:20:18.249 UTC [TRACE] PluginManager Get, connections: '[csv]'
2022-11-20 23:20:18.249 UTC [TRACE] PluginManager getPlugin hub.steampipe.io/plugins/turbot/csv@latest connection 'csv'
2022-11-20 23:20:18.249 UTC [TRACE] connection csv found in connectionPluginMap
2022-11-20 23:20:18.249 UTC [TRACE] initialized: 1990
2022-11-20 23:20:18.249 UTC [TRACE] initialized: 1990
2022-11-20 23:20:18.249 UTC [TRACE] connection csv is loaded, check for running PID
2022-11-20 23:20:18.250 UTC [TRACE] PluginManager found 'csv' in map, pid 1990
2022-11-20 23:20:18.250 UTC [TRACE] PluginManager Get returning reattach_map:{key:"csv"  value:{protocol:"grpc"  addr:{Network:"unix"  Address:"/tmp/plugin2380474088"}  pid:1990  supported_operations:{query_cache:true  multiple_connections:true}  connections:"csv"  plugin:"hub.steampipe.io/plugins/turbot/csv@latest"}}
2022-11-20 23:20:18.400 UTC [TRACE] PluginManager Get, connections: '[hackernews]'
2022-11-20 23:20:18.400 UTC [TRACE] PluginManager getPlugin hub.steampipe.io/plugins/turbot/hackernews@latest connection 'hackernews'
2022-11-20 23:20:18.400 UTC [TRACE] PluginManager 0xc000147770 plugin hub.steampipe.io/plugins/turbot/hackernews@latest (hackernews) NOT started or starting - start now
2022-11-20 23:20:18.400 UTC [TRACE] ************ start plugin hackernews ********************
2022-11-20 23:20:18.400 UTC [TRACE] ************ plugin path /home/runner/.steampipe/plugins/hub.steampipe.io/plugins/turbot/hackernews@latest/steampipe-plugin-hackernews.plugin ********************
2022-11-20 23:20:18.470 UTC [DEBUG] starting plugin: path=/home/runner/.steampipe/plugins/hub.steampipe.io/plugins/turbot/hackernews@latest/steampipe-plugin-hackernews.plugin args=["/home/runner/.steampipe/plugins/hub.steampipe.io/plugins/turbot/hackernews@latest/steampipe-plugin-hackernews.plugin"]
2022-11-20 23:20:18.470 UTC [DEBUG] plugin started: path=/home/runner/.steampipe/plugins/hub.steampipe.io/plugins/turbot/hackernews@latest/steampipe-plugin-hackernews.plugin pid=2013
2022-11-20 23:20:18.470 UTC [DEBUG] waiting for RPC address: path=/home/runner/.steampipe/plugins/hub.steampipe.io/plugins/turbot/hackernews@latest/steampipe-plugin-hackernews.plugin
2022-11-20 23:20:18.478 UTC [INFO]  steampipe-plugin-hackernews.plugin: [INFO]  Initialise plugin 'steampipe-plugin-hackernews', using sdk version 4.1.7
2022-11-20 23:20:18.478 UTC [TRACE] steampipe-plugin-hackernews.plugin: [TRACE] defaulting SchemaMode to SchemaModeStatic
2022-11-20 23:20:18.478 UTC [TRACE] steampipe-plugin-hackernews.plugin: [TRACE] no DefaultRetryConfig defined - creating empty
2022-11-20 23:20:18.478 UTC [TRACE] steampipe-plugin-hackernews.plugin: [TRACE] no DefaultIgnoreConfig defined - creating empty
2022-11-20 23:20:18.478 UTC [TRACE] steampipe-plugin-hackernews.plugin: [TRACE] Setting Ulimit: ulimit=2560
2022-11-20 23:20:18.478 UTC [TRACE] steampipe-plugin-hackernews.plugin: [TRACE] telemetry.Init service 'steampipe-plugin-hackernews', tracingEnabled: false, metricsEnabled: false
2022-11-20 23:20:18.478 UTC [TRACE] steampipe-plugin-hackernews.plugin: [TRACE] metrics and tracing disabled' - returning
2022-11-20 23:20:18.479 UTC [DEBUG] steampipe-plugin-hackernews.plugin: plugin address: address=/tmp/plugin1106314064 network=unix timestamp=2022-11-20T23:20:18.479Z
2022-11-20 23:20:18.479 UTC [DEBUG] using plugin: version=0
2022-11-20 23:20:18.479 UTC [TRACE] NewPluginClient for plugin hub.steampipe.io/plugins/turbot/hackernews@latest
2022-11-20 23:20:18.480 UTC [TRACE] stdio: waiting for stdio data
2022-11-20 23:20:18.481 UTC [TRACE] supportedOperations: query_cache:true  multiple_connections:true
2022-11-20 23:20:18.482 UTC [TRACE] steampipe-plugin-hackernews.plugin: [TRACE] SetAllConnectionConfigs setting 1 configs
2022-11-20 23:20:18.482 UTC [TRACE] steampipe-plugin-hackernews.plugin: [TRACE] connection hackernews build schema and table map
2022-11-20 23:20:18.482 UTC [TRACE] steampipe-plugin-hackernews.plugin: [TRACE] initialise table hackernews_new
2022-11-20 23:20:18.482 UTC [TRACE] steampipe-plugin-hackernews.plugin: [TRACE] no DefaultRetryConfig defined - creating empty
2022-11-20 23:20:18.482 UTC [TRACE] steampipe-plugin-hackernews.plugin: [TRACE] no DefaultIgnoreConfig defined - creating empty
2022-11-20 23:20:18.482 UTC [TRACE] steampipe-plugin-hackernews.plugin: [TRACE] apply plugin defaults for DefaultRetryConfig
2022-11-20 23:20:18.482 UTC [TRACE] steampipe-plugin-hackernews.plugin: [TRACE] apply plugin defaults for DefaultIgnoreConfig, table &{<nil> <nil>} plugin &{<nil> <nil>}
2022-11-20 23:20:18.482 UTC [TRACE] steampipe-plugin-hackernews.plugin: [TRACE] DefaultRetryConfig:
2022-11-20 23:20:18.482 UTC [TRACE] steampipe-plugin-hackernews.plugin: [TRACE] DefaultIgnoreConfig:
2022-11-20 23:20:18.482 UTC [TRACE] steampipe-plugin-hackernews.plugin: [TRACE] t.Get.initialise
2022-11-20 23:20:18.482 UTC [TRACE] steampipe-plugin-hackernews.plugin: [TRACE] GetConfig.initialise table hackernews_new
2022-11-20 23:20:18.482 UTC [TRACE] steampipe-plugin-hackernews.plugin: [TRACE] GetConfig.initialise complete: RetryConfig: , IgnoreConfig:
2022-11-20 23:20:18.482 UTC [TRACE] steampipe-plugin-hackernews.plugin: [TRACE] t.List.initialise
2022-11-20 23:20:18.482 UTC [TRACE] steampipe-plugin-hackernews.plugin: [TRACE] ListConfig.initialise table hackernews_new
2022-11-20 23:20:18.482 UTC [TRACE] steampipe-plugin-hackernews.plugin: [TRACE] ListConfig.initialise complete: RetryConfig: , IgnoreConfig
2022-11-20 23:20:18.482 UTC [TRACE] steampipe-plugin-hackernews.plugin: [TRACE] HydrateConfig.initialise func getItem, table hackernews_new
2022-11-20 23:20:18.482 UTC [TRACE] steampipe-plugin-hackernews.plugin: [TRACE] HydrateConfig.initialise complete: RetryConfig: , IgnoreConfig:
2022-11-20 23:20:18.482 UTC [TRACE] steampipe-plugin-hackernews.plugin: [TRACE] back from initialiseHydrateConfigs
2022-11-20 23:20:18.482 UTC [TRACE] steampipe-plugin-hackernews.plugin: [TRACE] initialise table hackernews_new COMPLETE
2022-11-20 23:20:18.482 UTC [TRACE] steampipe-plugin-hackernews.plugin: [TRACE] initialise table hackernews_show_hn
2022-11-20 23:20:18.482 UTC [TRACE] steampipe-plugin-hackernews.plugin: [TRACE] no DefaultRetryConfig defined - creating empty
2022-11-20 23:20:18.482 UTC [TRACE] steampipe-plugin-hackernews.plugin: [TRACE] no DefaultIgnoreConfig defined - creating empty
2022-11-20 23:20:18.482 UTC [TRACE] steampipe-plugin-hackernews.plugin: [TRACE] apply plugin defaults for DefaultRetryConfig
2022-11-20 23:20:18.482 UTC [TRACE] steampipe-plugin-hackernews.plugin: [TRACE] apply plugin defaults for DefaultIgnoreConfig, table &{<nil> <nil>} plugin &{<nil> <nil>}
2022-11-20 23:20:18.482 UTC [TRACE] steampipe-plugin-hackernews.plugin: [TRACE] DefaultRetryConfig:
2022-11-20 23:20:18.482 UTC [TRACE] steampipe-plugin-hackernews.plugin: [TRACE] DefaultIgnoreConfig:
2022-11-20 23:20:18.482 UTC [TRACE] steampipe-plugin-hackernews.plugin: [TRACE] t.Get.initialise
2022-11-20 23:20:18.482 UTC [TRACE] steampipe-plugin-hackernews.plugin: [TRACE] GetConfig.initialise table hackernews_show_hn
2022-11-20 23:20:18.482 UTC [TRACE] steampipe-plugin-hackernews.plugin: [TRACE] GetConfig.initialise complete: RetryConfig: , IgnoreConfig:
2022-11-20 23:20:18.482 UTC [TRACE] steampipe-plugin-hackernews.plugin: [TRACE] t.List.initialise
2022-11-20 23:20:18.482 UTC [TRACE] steampipe-plugin-hackernews.plugin: [TRACE] ListConfig.initialise table hackernews_show_hn
2022-11-20 23:20:18.482 UTC [TRACE] steampipe-plugin-hackernews.plugin: [TRACE] ListConfig.initialise complete: RetryConfig: , IgnoreConfig
2022-11-20 23:20:18.482 UTC [TRACE] steampipe-plugin-hackernews.plugin: [TRACE] HydrateConfig.initialise func getItem, table hackernews_show_hn
2022-11-20 23:20:18.482 UTC [TRACE] steampipe-plugin-hackernews.plugin: [TRACE] HydrateConfig.initialise complete: RetryConfig: , IgnoreConfig:
2022-11-20 23:20:18.482 UTC [TRACE] steampipe-plugin-hackernews.plugin: [TRACE] back from initialiseHydrateConfigs
2022-11-20 23:20:18.482 UTC [TRACE] steampipe-plugin-hackernews.plugin: [TRACE] initialise table hackernews_show_hn COMPLETE
2022-11-20 23:20:18.482 UTC [TRACE] steampipe-plugin-hackernews.plugin: [TRACE] initialise table hackernews_top
2022-11-20 23:20:18.482 UTC [TRACE] steampipe-plugin-hackernews.plugin: [TRACE] no DefaultRetryConfig defined - creating empty
2022-11-20 23:20:18.482 UTC [TRACE] steampipe-plugin-hackernews.plugin: [TRACE] no DefaultIgnoreConfig defined - creating empty
2022-11-20 23:20:18.482 UTC [TRACE] steampipe-plugin-hackernews.plugin: [TRACE] apply plugin defaults for DefaultRetryConfig
2022-11-20 23:20:18.482 UTC [TRACE] steampipe-plugin-hackernews.plugin: [TRACE] apply plugin defaults for DefaultIgnoreConfig, table &{<nil> <nil>} plugin &{<nil> <nil>}
2022-11-20 23:20:18.482 UTC [TRACE] steampipe-plugin-hackernews.plugin: [TRACE] DefaultRetryConfig:
2022-11-20 23:20:18.482 UTC [TRACE] steampipe-plugin-hackernews.plugin: [TRACE] DefaultIgnoreConfig:
2022-11-20 23:20:18.482 UTC [TRACE] steampipe-plugin-hackernews.plugin: [TRACE] t.Get.initialise
2022-11-20 23:20:18.482 UTC [TRACE] steampipe-plugin-hackernews.plugin: [TRACE] GetConfig.initialise table hackernews_top
2022-11-20 23:20:18.482 UTC [TRACE] steampipe-plugin-hackernews.plugin: [TRACE] GetConfig.initialise complete: RetryConfig: , IgnoreConfig:
2022-11-20 23:20:18.482 UTC [TRACE] steampipe-plugin-hackernews.plugin: [TRACE] t.List.initialise
2022-11-20 23:20:18.482 UTC [TRACE] steampipe-plugin-hackernews.plugin: [TRACE] ListConfig.initialise table hackernews_top
2022-11-20 23:20:18.482 UTC [TRACE] steampipe-plugin-hackernews.plugin: [TRACE] ListConfig.initialise complete: RetryConfig: , IgnoreConfig
2022-11-20 23:20:18.482 UTC [TRACE] steampipe-plugin-hackernews.plugin: [TRACE] HydrateConfig.initialise func getItem, table hackernews_top
2022-11-20 23:20:18.482 UTC [TRACE] steampipe-plugin-hackernews.plugin: [TRACE] HydrateConfig.initialise complete: RetryConfig: , IgnoreConfig:
2022-11-20 23:20:18.482 UTC [TRACE] steampipe-plugin-hackernews.plugin: [TRACE] back from initialiseHydrateConfigs
2022-11-20 23:20:18.482 UTC [TRACE] steampipe-plugin-hackernews.plugin: [TRACE] initialise table hackernews_top COMPLETE
2022-11-20 23:20:18.482 UTC [TRACE] steampipe-plugin-hackernews.plugin: [TRACE] initialise table hackernews_user
2022-11-20 23:20:18.482 UTC [TRACE] steampipe-plugin-hackernews.plugin: [TRACE] no DefaultRetryConfig defined - creating empty
2022-11-20 23:20:18.482 UTC [TRACE] steampipe-plugin-hackernews.plugin: [TRACE] no DefaultIgnoreConfig defined - creating empty
2022-11-20 23:20:18.482 UTC [TRACE] steampipe-plugin-hackernews.plugin: [TRACE] apply plugin defaults for DefaultRetryConfig
2022-11-20 23:20:18.482 UTC [TRACE] steampipe-plugin-hackernews.plugin: [TRACE] apply plugin defaults for DefaultIgnoreConfig, table &{<nil> <nil>} plugin &{<nil> <nil>}
2022-11-20 23:20:18.482 UTC [TRACE] steampipe-plugin-hackernews.plugin: [TRACE] DefaultRetryConfig:
2022-11-20 23:20:18.482 UTC [TRACE] steampipe-plugin-hackernews.plugin: [TRACE] DefaultIgnoreConfig:
2022-11-20 23:20:18.482 UTC [TRACE] steampipe-plugin-hackernews.plugin: [TRACE] t.List.initialise
2022-11-20 23:20:18.482 UTC [TRACE] steampipe-plugin-hackernews.plugin: [TRACE] ListConfig.initialise table hackernews_user
2022-11-20 23:20:18.482 UTC [TRACE] steampipe-plugin-hackernews.plugin: [TRACE] ListConfig.initialise complete: RetryConfig: , IgnoreConfig
2022-11-20 23:20:18.482 UTC [TRACE] steampipe-plugin-hackernews.plugin: [TRACE] back from initialiseHydrateConfigs
2022-11-20 23:20:18.482 UTC [TRACE] steampipe-plugin-hackernews.plugin: [TRACE] initialise table hackernews_user COMPLETE
2022-11-20 23:20:18.482 UTC [TRACE] steampipe-plugin-hackernews.plugin: [TRACE] initialise table hackernews_ask_hn
2022-11-20 23:20:18.482 UTC [TRACE] steampipe-plugin-hackernews.plugin: [TRACE] no DefaultRetryConfig defined - creating empty
2022-11-20 23:20:18.482 UTC [TRACE] steampipe-plugin-hackernews.plugin: [TRACE] no DefaultIgnoreConfig defined - creating empty
2022-11-20 23:20:18.482 UTC [TRACE] steampipe-plugin-hackernews.plugin: [TRACE] apply plugin defaults for DefaultRetryConfig
2022-11-20 23:20:18.483 UTC [TRACE] steampipe-plugin-hackernews.plugin: [TRACE] apply plugin defaults for DefaultIgnoreConfig, table &{<nil> <nil>} plugin &{<nil> <nil>}
2022-11-20 23:20:18.483 UTC [TRACE] steampipe-plugin-hackernews.plugin: [TRACE] DefaultRetryConfig:
2022-11-20 23:20:18.483 UTC [TRACE] steampipe-plugin-hackernews.plugin: [TRACE] DefaultIgnoreConfig:
2022-11-20 23:20:18.483 UTC [TRACE] steampipe-plugin-hackernews.plugin: [TRACE] t.Get.initialise
2022-11-20 23:20:18.483 UTC [TRACE] steampipe-plugin-hackernews.plugin: [TRACE] GetConfig.initialise table hackernews_ask_hn
2022-11-20 23:20:18.483 UTC [TRACE] steampipe-plugin-hackernews.plugin: [TRACE] GetConfig.initialise complete: RetryConfig: , IgnoreConfig:
2022-11-20 23:20:18.483 UTC [TRACE] steampipe-plugin-hackernews.plugin: [TRACE] t.List.initialise
2022-11-20 23:20:18.483 UTC [TRACE] steampipe-plugin-hackernews.plugin: [TRACE] ListConfig.initialise table hackernews_ask_hn
2022-11-20 23:20:18.483 UTC [TRACE] steampipe-plugin-hackernews.plugin: [TRACE] ListConfig.initialise complete: RetryConfig: , IgnoreConfig
2022-11-20 23:20:18.483 UTC [TRACE] steampipe-plugin-hackernews.plugin: [TRACE] HydrateConfig.initialise func getItem, table hackernews_ask_hn
2022-11-20 23:20:18.483 UTC [TRACE] steampipe-plugin-hackernews.plugin: [TRACE] HydrateConfig.initialise complete: RetryConfig: , IgnoreConfig:
2022-11-20 23:20:18.483 UTC [TRACE] steampipe-plugin-hackernews.plugin: [TRACE] back from initialiseHydrateConfigs
2022-11-20 23:20:18.483 UTC [TRACE] steampipe-plugin-hackernews.plugin: [TRACE] initialise table hackernews_ask_hn COMPLETE
2022-11-20 23:20:18.483 UTC [TRACE] steampipe-plugin-hackernews.plugin: [TRACE] initialise table hackernews_best
2022-11-20 23:20:18.483 UTC [TRACE] steampipe-plugin-hackernews.plugin: [TRACE] no DefaultRetryConfig defined - creating empty
2022-11-20 23:20:18.483 UTC [TRACE] steampipe-plugin-hackernews.plugin: [TRACE] no DefaultIgnoreConfig defined - creating empty
2022-11-20 23:20:18.483 UTC [TRACE] steampipe-plugin-hackernews.plugin: [TRACE] apply plugin defaults for DefaultRetryConfig
2022-11-20 23:20:18.483 UTC [TRACE] steampipe-plugin-hackernews.plugin: [TRACE] apply plugin defaults for DefaultIgnoreConfig, table &{<nil> <nil>} plugin &{<nil> <nil>}
2022-11-20 23:20:18.483 UTC [TRACE] steampipe-plugin-hackernews.plugin: [TRACE] DefaultRetryConfig:
2022-11-20 23:20:18.483 UTC [TRACE] steampipe-plugin-hackernews.plugin: [TRACE] DefaultIgnoreConfig:
2022-11-20 23:20:18.483 UTC [TRACE] steampipe-plugin-hackernews.plugin: [TRACE] t.Get.initialise
2022-11-20 23:20:18.483 UTC [TRACE] steampipe-plugin-hackernews.plugin: [TRACE] GetConfig.initialise table hackernews_best
2022-11-20 23:20:18.483 UTC [TRACE] steampipe-plugin-hackernews.plugin: [TRACE] GetConfig.initialise complete: RetryConfig: , IgnoreConfig:
2022-11-20 23:20:18.483 UTC [TRACE] steampipe-plugin-hackernews.plugin: [TRACE] t.List.initialise
2022-11-20 23:20:18.483 UTC [TRACE] steampipe-plugin-hackernews.plugin: [TRACE] ListConfig.initialise table hackernews_best
2022-11-20 23:20:18.483 UTC [TRACE] steampipe-plugin-hackernews.plugin: [TRACE] ListConfig.initialise complete: RetryConfig: , IgnoreConfig
2022-11-20 23:20:18.483 UTC [TRACE] steampipe-plugin-hackernews.plugin: [TRACE] HydrateConfig.initialise func getItem, table hackernews_best
2022-11-20 23:20:18.483 UTC [TRACE] steampipe-plugin-hackernews.plugin: [TRACE] HydrateConfig.initialise complete: RetryConfig: , IgnoreConfig:
2022-11-20 23:20:18.483 UTC [TRACE] steampipe-plugin-hackernews.plugin: [TRACE] back from initialiseHydrateConfigs
2022-11-20 23:20:18.483 UTC [TRACE] steampipe-plugin-hackernews.plugin: [TRACE] initialise table hackernews_best COMPLETE
2022-11-20 23:20:18.483 UTC [TRACE] steampipe-plugin-hackernews.plugin: [TRACE] initialise table hackernews_item
2022-11-20 23:20:18.483 UTC [TRACE] steampipe-plugin-hackernews.plugin: [TRACE] no DefaultRetryConfig defined - creating empty
2022-11-20 23:20:18.483 UTC [TRACE] steampipe-plugin-hackernews.plugin: [TRACE] no DefaultIgnoreConfig defined - creating empty
2022-11-20 23:20:18.483 UTC [TRACE] steampipe-plugin-hackernews.plugin: [TRACE] apply plugin defaults for DefaultRetryConfig
2022-11-20 23:20:18.483 UTC [TRACE] steampipe-plugin-hackernews.plugin: [TRACE] apply plugin defaults for DefaultIgnoreConfig, table &{<nil> <nil>} plugin &{<nil> <nil>}
2022-11-20 23:20:18.483 UTC [TRACE] steampipe-plugin-hackernews.plugin: [TRACE] DefaultRetryConfig:
2022-11-20 23:20:18.483 UTC [TRACE] steampipe-plugin-hackernews.plugin: [TRACE] DefaultIgnoreConfig:
2022-11-20 23:20:18.483 UTC [TRACE] steampipe-plugin-hackernews.plugin: [TRACE] t.Get.initialise
2022-11-20 23:20:18.483 UTC [TRACE] steampipe-plugin-hackernews.plugin: [TRACE] GetConfig.initialise table hackernews_item
2022-11-20 23:20:18.483 UTC [TRACE] steampipe-plugin-hackernews.plugin: [TRACE] GetConfig.initialise complete: RetryConfig: , IgnoreConfig:
2022-11-20 23:20:18.483 UTC [TRACE] steampipe-plugin-hackernews.plugin: [TRACE] t.List.initialise
2022-11-20 23:20:18.483 UTC [TRACE] steampipe-plugin-hackernews.plugin: [TRACE] ListConfig.initialise table hackernews_item
2022-11-20 23:20:18.483 UTC [TRACE] steampipe-plugin-hackernews.plugin: [TRACE] ListConfig.initialise complete: RetryConfig: , IgnoreConfig
2022-11-20 23:20:18.483 UTC [TRACE] steampipe-plugin-hackernews.plugin: [TRACE] HydrateConfig.initialise func getItem, table hackernews_item
2022-11-20 23:20:18.483 UTC [TRACE] steampipe-plugin-hackernews.plugin: [TRACE] HydrateConfig.initialise complete: RetryConfig: , IgnoreConfig:
2022-11-20 23:20:18.483 UTC [TRACE] steampipe-plugin-hackernews.plugin: [TRACE] back from initialiseHydrateConfigs
2022-11-20 23:20:18.483 UTC [TRACE] steampipe-plugin-hackernews.plugin: [TRACE] initialise table hackernews_item COMPLETE
2022-11-20 23:20:18.483 UTC [TRACE] steampipe-plugin-hackernews.plugin: [TRACE] initialise table hackernews_job
2022-11-20 23:20:18.483 UTC [TRACE] steampipe-plugin-hackernews.plugin: [TRACE] no DefaultRetryConfig defined - creating empty
2022-11-20 23:20:18.483 UTC [TRACE] steampipe-plugin-hackernews.plugin: [TRACE] no DefaultIgnoreConfig defined - creating empty
2022-11-20 23:20:18.483 UTC [TRACE] steampipe-plugin-hackernews.plugin: [TRACE] apply plugin defaults for DefaultRetryConfig
2022-11-20 23:20:18.483 UTC [TRACE] steampipe-plugin-hackernews.plugin: [TRACE] apply plugin defaults for DefaultIgnoreConfig, table &{<nil> <nil>} plugin &{<nil> <nil>}
2022-11-20 23:20:18.483 UTC [TRACE] steampipe-plugin-hackernews.plugin: [TRACE] DefaultRetryConfig:
2022-11-20 23:20:18.483 UTC [TRACE] steampipe-plugin-hackernews.plugin: [TRACE] DefaultIgnoreConfig:
2022-11-20 23:20:18.483 UTC [TRACE] steampipe-plugin-hackernews.plugin: [TRACE] t.Get.initialise
2022-11-20 23:20:18.483 UTC [TRACE] steampipe-plugin-hackernews.plugin: [TRACE] GetConfig.initialise table hackernews_job
2022-11-20 23:20:18.483 UTC [TRACE] steampipe-plugin-hackernews.plugin: [TRACE] GetConfig.initialise complete: RetryConfig: , IgnoreConfig:
2022-11-20 23:20:18.483 UTC [TRACE] steampipe-plugin-hackernews.plugin: [TRACE] t.List.initialise
2022-11-20 23:20:18.483 UTC [TRACE] steampipe-plugin-hackernews.plugin: [TRACE] ListConfig.initialise table hackernews_job
2022-11-20 23:20:18.483 UTC [TRACE] steampipe-plugin-hackernews.plugin: [TRACE] ListConfig.initialise complete: RetryConfig: , IgnoreConfig
2022-11-20 23:20:18.483 UTC [TRACE] steampipe-plugin-hackernews.plugin: [TRACE] HydrateConfig.initialise func getItem, table hackernews_job
2022-11-20 23:20:18.483 UTC [TRACE] steampipe-plugin-hackernews.plugin: [TRACE] HydrateConfig.initialise complete: RetryConfig: , IgnoreConfig:
2022-11-20 23:20:18.483 UTC [TRACE] steampipe-plugin-hackernews.plugin: [TRACE] back from initialiseHydrateConfigs
2022-11-20 23:20:18.483 UTC [TRACE] steampipe-plugin-hackernews.plugin: [TRACE] initialise table hackernews_job COMPLETE
2022-11-20 23:20:18.483 UTC [TRACE] steampipe-plugin-hackernews.plugin: [TRACE] validate plugin steampipe-plugin-hackernews, required columns []
2022-11-20 23:20:18.483 UTC [TRACE] steampipe-plugin-hackernews.plugin: [TRACE] validate DefaultRetryConfig
2022-11-20 23:20:18.483 UTC [TRACE] steampipe-plugin-hackernews.plugin: [TRACE] validate DefaultIgnoreConfig
2022-11-20 23:20:18.483 UTC [TRACE] steampipe-plugin-hackernews.plugin: [TRACE] validate table names
2022-11-20 23:20:18.483 UTC [TRACE] steampipe-plugin-hackernews.plugin: [TRACE] plugin has 0 validation errors
2022-11-20 23:20:18.483 UTC [TRACE] steampipe-plugin-hackernews.plugin: [TRACE] Plugin ensureCache creating cache, maxCacheStorageMb 0
2022-11-20 23:20:18.483 UTC [TRACE] steampipe-plugin-hackernews.plugin: [TRACE] createCacheStore for plugin 'steampipe-plugin-hackernews' setting max size to 0Mb, Shards: 2, max shard size: 0
2022-11-20 23:20:18.494 UTC [INFO]  steampipe-plugin-hackernews.plugin: [INFO]  query cache created
2022-11-20 23:20:18.494 UTC [DEBUG] steampipe-plugin-hackernews.plugin: [DEBUG] SetAllConnectionConfigs finished
2022-11-20 23:20:18.494 UTC [TRACE] PluginManager getPlugin complete, returning reattach config with PID: 2013
2022-11-20 23:20:18.494 UTC [TRACE] PluginManager Get returning reattach_map:{key:"hackernews"  value:{protocol:"grpc"  addr:{Network:"unix"  Address:"/tmp/plugin1106314064"}  pid:2013  supported_operations:{query_cache:true  multiple_connections:true}  connections:"hackernews"  plugin:"hub.steampipe.io/plugins/turbot/hackernews@latest"}}
2022-11-20 23:20:18.498 UTC [INFO]  steampipe-plugin-hackernews.plugin: [INFO]  1668986418301: Plugin Execute (1668986418301)
2022-11-20 23:20:18.498 UTC [TRACE] steampipe-plugin-hackernews.plugin: [TRACE] 1668986418301: No memory limit set
2022-11-20 23:20:18.498 UTC [INFO]  steampipe-plugin-hackernews.plugin: [INFO]  1668986418301: Plugin Execute, setting memory limit to -1Mb
2022-11-20 23:20:18.498 UTC [TRACE] steampipe-plugin-hackernews.plugin: [TRACE] 1668986418301: calling ExtractContextFromCarrier
2022-11-20 23:20:18.498 UTC [INFO]  steampipe-plugin-hackernews.plugin: [INFO]  1668986418301: Setting max concurrent connections to 25
2022-11-20 23:20:18.498 UTC [TRACE] steampipe-plugin-hackernews.plugin: [TRACE] 1668986418301: executeForConnection callId: 1668986418301, connectionCallId: hackernews-1668986418301, connection: hackernews table: hackernews_new cols: id,title,time,by,score,dead,deleted,descendants,kids,parent,parts,poll,text,type,url,_ctx
2022-11-20 23:20:18.498 UTC [TRACE] steampipe-plugin-hackernews.plugin: [TRACE] 1668986418301: got connection data
2022-11-20 23:20:18.498 UTC [TRACE] steampipe-plugin-hackernews.plugin: [TRACE] 1668986418301: Got query context, table: hackernews_new, cols: [id title time by score dead deleted descendants kids parent parts poll text type url _ctx]
2022-11-20 23:20:18.498 UTC [TRACE] steampipe-plugin-hackernews.plugin: [TRACE] 1668986418301: Start execute span
2022-11-20 23:20:18.498 UTC [INFO]  steampipe-plugin-hackernews.plugin: [INFO]  1668986418301: Setting free memory interval to 100 rows
2022-11-20 23:20:18.498 UTC [TRACE] steampipe-plugin-hackernews.plugin: [TRACE] 1668986418301: setFetchType map[time:quals:{fieldName:"time"  string_value:">"  value:{timestamp_value:{seconds:1668982818  nanos:385689000}}}]
2022-11-20 23:20:18.498 UTC [TRACE] steampipe-plugin-hackernews.plugin: [TRACE] 1668986418301: getMatchingQuals column:'id' operator: =
2022-11-20 23:20:18.498 UTC [TRACE] steampipe-plugin-hackernews.plugin: [TRACE] 1668986418301: getMatchingQuals returning false - qualMap does not contain any quals for column id
2022-11-20 23:20:18.499 UTC [TRACE] steampipe-plugin-hackernews.plugin: [TRACE] 1668986418301: GetUnsatisfiedKeyColumns for columns column:'id' operator: =
2022-11-20 23:20:18.499 UTC [TRACE] steampipe-plugin-hackernews.plugin: [TRACE] 1668986418301: key column NOT satisfied column:'id' operator: =
2022-11-20 23:20:18.499 UTC [TRACE] steampipe-plugin-hackernews.plugin: [TRACE] 1668986418301: satisfied: map[any_of: optional: required:]
2022-11-20 23:20:18.500 UTC [TRACE] steampipe-plugin-hackernews.plugin: [TRACE] 1668986418301: unsatisfied: map[any_of: optional: required:column:'id' operator: =]
2022-11-20 23:20:18.501 UTC [TRACE] steampipe-plugin-hackernews.plugin: [TRACE] 1668986418301: unsatisfied required KeyColumns: column:'id' operator: =
2022-11-20 23:20:18.501 UTC [TRACE] steampipe-plugin-hackernews.plugin: [TRACE] 1668986418301: Set fetchType to fetchTypeList
2022-11-20 23:20:18.501 UTC [TRACE] steampipe-plugin-hackernews.plugin: [TRACE] 1668986418301: Equals key column quals:
2022-11-20 23:20:18.501 UTC [DEBUG] steampipe-plugin-hackernews.plugin: {}
2022-11-20 23:20:18.501 UTC [TRACE] steampipe-plugin-hackernews.plugin: [TRACE] 1668986418301: All key column quals:
2022-11-20 23:20:18.501 UTC [DEBUG] steampipe-plugin-hackernews.plugin: {}
2022-11-20 23:20:18.501 UTC [TRACE] steampipe-plugin-hackernews.plugin: [TRACE] 1668986418301: GetMatrixItem
2022-11-20 23:20:18.501 UTC [TRACE] steampipe-plugin-hackernews.plugin: [TRACE] 1668986418301: creating query data
2022-11-20 23:20:18.501 UTC [INFO]  steampipe-plugin-hackernews.plugin: [INFO]  1668986418301: cacheEnabled, trying cache get (hackernews-1668986418301)
2022-11-20 23:20:18.501 UTC [TRACE] steampipe-plugin-hackernews.plugin: [TRACE] 1668986418301: QueryCache Get - indexBucketKey index__hackernewshackernews_new, quals
2022-11-20 23:20:18.501 UTC [TRACE] steampipe-plugin-hackernews.plugin: [TRACE] 1668986418301: QueryCache getCachedQueryResult - table hackernews_new, connectionName hackernews
2022-11-20 23:20:18.501 UTC [TRACE] steampipe-plugin-hackernews.plugin: [TRACE] 1668986418301: index bucket key: index__hackernewshackernews_new ttlSeconds 300 limit: -1
2022-11-20 23:20:18.501 UTC [TRACE] steampipe-plugin-hackernews.plugin: [TRACE] 1668986418301: doGet cache miss
2022-11-20 23:20:18.501 UTC [TRACE] steampipe-plugin-hackernews.plugin: [TRACE] 1668986418301: getCachedIndexBucket - no item retrieved for cache key index__hackernewshackernews_new
2022-11-20 23:20:18.501 UTC [TRACE] steampipe-plugin-hackernews.plugin: [TRACE] 1668986418301: getCachedQueryResult returned CACHE MISS - checking for pending transfers
2022-11-20 23:20:18.501 UTC [TRACE] steampipe-plugin-hackernews.plugin: [TRACE] 1668986418301: getPendingResultItem indexBucketKey index__hackernewshackernews_new, columns [id title time by score dead deleted descendants kids parent parts poll text type url _ctx], limit -1
2022-11-20 23:20:18.501 UTC [TRACE] steampipe-plugin-hackernews.plugin: [TRACE] 1668986418301: no pending index item - add pending result, indexBucketKey index__hackernewshackernews_new
2022-11-20 23:20:18.501 UTC [TRACE] steampipe-plugin-hackernews.plugin: [TRACE] 1668986418301: addPendingResult (hackernews-1668986418301) indexBucketKey index__hackernewshackernews_new, columns [id title time by score dead deleted descendants kids parent parts poll text type url _ctx], limit -1
2022-11-20 23:20:18.501 UTC [TRACE] steampipe-plugin-hackernews.plugin: [TRACE] 1668986418301: no index bucket found - creating one
2022-11-20 23:20:18.501 UTC [TRACE] steampipe-plugin-hackernews.plugin: [TRACE] 1668986418301: pendingIndexItem Lock count before 0
2022-11-20 23:20:18.501 UTC [TRACE] steampipe-plugin-hackernews.plugin: [TRACE] 1668986418301: addPendingResult added pending index item to bucket, (hackernews-1668986418301) indexBucketKey index__hackernewshackernews_new, resultKeyRoot hackernewshackernews_newid,title,time,by,score,dead,deleted,descendants,kids,parent,parts,poll,text,type,url,_ctx-1, pending item : 0xc0004367e0
2022-11-20 23:20:18.501 UTC [TRACE] steampipe-plugin-hackernews.plugin: [TRACE] 1668986418301: **** pending items (hackernews-1668986418301)****
2022-11-20 23:20:18.501 UTC [TRACE] steampipe-plugin-hackernews.plugin: [TRACE] 1668986418301: key: index__hackernewshackernews_new: item: 0xc0004367e0, count: 1, key:hackernewshackernews_newid,title,time,by,score,dead,deleted,descendants,kids,parent,parts,poll,text,type,url,_ctx-1
2022-11-20 23:20:18.501 UTC [TRACE] steampipe-plugin-hackernews.plugin: [TRACE] 1668986418301: ********
2022-11-20 23:20:18.501 UTC [TRACE] steampipe-plugin-hackernews.plugin: [TRACE] 1668986418301: getPendingResultItem returning <nil>
2022-11-20 23:20:18.501 UTC [INFO]  steampipe-plugin-hackernews.plugin: [INFO]  1668986418301: CACHE MISS
2022-11-20 23:20:18.501 UTC [TRACE] steampipe-plugin-hackernews.plugin: [TRACE] 1668986418301: cache MISS
2022-11-20 23:20:18.501 UTC [INFO]  steampipe-plugin-hackernews.plugin: [INFO]  1668986418301: queryCacheGet returned CACHE MISS (hackernews-1668986418301)
2022-11-20 23:20:18.501 UTC [TRACE] steampipe-plugin-hackernews.plugin: [TRACE] 1668986418301: StartSet (hackernews-1668986418301)
2022-11-20 23:20:18.501 UTC [TRACE] steampipe-plugin-hackernews.plugin: [TRACE] 1668986418301: calling fetchItems, table: hackernews_new, matrixItem: [], limit: -1,  connectionCallId: hackernews-1668986418301"
2022-11-20 23:20:18.501 UTC [TRACE] steampipe-plugin-hackernews.plugin: [TRACE] 1668986418301: buildRowsAsync connectionCallId: hackernews-1668986418301
2022-11-20 23:20:18.501 UTC [TRACE] steampipe-plugin-hackernews.plugin: [TRACE] 1668986418301: streamRows connectionCallId: hackernews-1668986418301
2022-11-20 23:20:18.501 UTC [TRACE] steampipe-plugin-hackernews.plugin: [TRACE] 1668986418301: QueryData streamRows (hackernews-1668986418301)
2022-11-20 23:20:18.501 UTC [TRACE] steampipe-plugin-hackernews.plugin: [TRACE] 1668986418301: executeListCall START (hackernews-1668986418301)
2022-11-20 23:20:18.501 UTC [TRACE] steampipe-plugin-hackernews.plugin: [TRACE] 1668986418301: GetUnsatisfiedKeyColumns for columns
2022-11-20 23:20:18.501 UTC [TRACE] steampipe-plugin-hackernews.plugin: [TRACE] 1668986418301: doList (hackernews-1668986418301)
2022-11-20 23:20:18.501 UTC [TRACE] steampipe-plugin-hackernews.plugin: [TRACE] 1668986418301: doList: no matrix item
2022-11-20 23:20:18.668 UTC [TRACE] stdio: received data: channel=STDOUT len=17
2022-11-20 23:20:18.668 UTC [TRACE] stdio: waiting for stdio data
2022-11-20 23:20:18.673 UTC [TRACE] steampipe-plugin-hackernews.plugin: [TRACE] 1668986418301: QueryData.fetchComplete
2022-11-20 23:20:18.673 UTC [TRACE] steampipe-plugin-hackernews.plugin: [TRACE] 1668986418301: executeListCall COMPLETE (hackernews-1668986418301)
2022-11-20 23:20:18.673 UTC [TRACE] steampipe-plugin-hackernews.plugin: [TRACE] 1668986418301: rowData chan returned nil - wait for rows to complete (hackernews-1668986418301)
2022-11-20 23:20:18.793 UTC [TRACE] stdio: received data: channel=STDOUT len=52
2022-11-20 23:20:18.793 UTC [TRACE] stdio: waiting for stdio data
2022-11-20 23:20:18.798 UTC [TRACE] stdio: received data: channel=STDOUT len=487
2022-11-20 23:20:18.798 UTC [TRACE] stdio: waiting for stdio data
2022-11-20 23:20:18.822 UTC [TRACE] stdio: received data: channel=STDOUT len=59
2022-11-20 23:20:18.823 UTC [TRACE] stdio: waiting for stdio data
2022-11-20 23:20:18.864 UTC [TRACE] stdio: received data: channel=STDOUT len=1024
2022-11-20 23:20:18.864 UTC [TRACE] stdio: waiting for stdio data
2022-11-20 23:20:18.864 UTC [TRACE] stdio: received data: channel=STDOUT len=79
2022-11-20 23:20:18.864 UTC [TRACE] stdio: waiting for stdio data
2022-11-20 23:20:18.906 UTC [TRACE] stdio: received data: channel=STDOUT len=1024
2022-11-20 23:20:18.906 UTC [TRACE] stdio: waiting for stdio data
2022-11-20 23:20:18.966 UTC [TRACE] stdio: received data: channel=STDOUT len=866
2022-11-20 23:20:18.966 UTC [TRACE] stdio: waiting for stdio data
2022-11-20 23:20:19.029 UTC [TRACE] stdio: received data: channel=STDOUT len=1024
2022-11-20 23:20:19.029 UTC [TRACE] stdio: waiting for stdio data
2022-11-20 23:20:19.048 UTC [TRACE] steampipe-plugin-hackernews.plugin: [TRACE] 1668986418301: buildRowsAsync goroutine returning (hackernews-1668986418301)
2022-11-20 23:20:19.048 UTC [TRACE] steampipe-plugin-hackernews.plugin: [TRACE] 1668986418301: streamRows - nil row, stop streaming (hackernews-1668986418301)
2022-11-20 23:20:19.048 UTC [TRACE] steampipe-plugin-hackernews.plugin: [TRACE] 1668986418301: ------------------------------------
2022-11-20 23:20:19.048 UTC [TRACE] steampipe-plugin-hackernews.plugin: [TRACE] 1668986418301: Concurrency Summary
2022-11-20 23:20:19.048 UTC [TRACE] steampipe-plugin-hackernews.plugin: [TRACE] 1668986418301: ------------------------------------
2022-11-20 23:20:19.048 UTC [TRACE] steampipe-plugin-hackernews.plugin: [TRACE] 1668986418301: getItem                       : 200
2022-11-20 23:20:19.048 UTC [TRACE] steampipe-plugin-hackernews.plugin: [TRACE] 1668986418301: ------------------------------------
2022-11-20 23:20:19.048 UTC [TRACE] steampipe-plugin-hackernews.plugin: [TRACE] 1668986418301: Total                         : 200
2022-11-20 23:20:19.048 UTC [TRACE] steampipe-plugin-hackernews.plugin: [TRACE] 1668986418301: ------------------------------------
2022-11-20 23:20:19.048 UTC [TRACE] steampipe-plugin-hackernews.plugin: [TRACE] 1668986418301: QueryData streamRows DONE (hackernews-1668986418301)
2022-11-20 23:20:19.048 UTC [TRACE] steampipe-plugin-hackernews.plugin: [TRACE] 1668986418301: EndSet (hackernews-1668986418301) table hackernews_new
2022-11-20 23:20:19.048 UTC [TRACE] steampipe-plugin-hackernews.plugin: [TRACE] 1668986418301: QueryCache writePageToCache: 500 rows, pageCount 1, page key hackernewshackernews_newid,title,time,by,score,dead,deleted,descendants,kids,parent,parts,poll,text,type,url,_ctx-1-0
2022-11-20 23:20:19.055 UTC [TRACE] steampipe-plugin-hackernews.plugin: [TRACE] 1668986418301: writePageToCache Set - result written
2022-11-20 23:20:19.055 UTC [TRACE] steampipe-plugin-hackernews.plugin: [TRACE] 1668986418301: QueryCache EndSet - result written
2022-11-20 23:20:19.055 UTC [TRACE] steampipe-plugin-hackernews.plugin: [TRACE] 1668986418301: doGet cache miss
2022-11-20 23:20:19.055 UTC [TRACE] steampipe-plugin-hackernews.plugin: [TRACE] 1668986418301: getCachedIndexBucket - no item retrieved for cache key index__hackernewshackernews_new
2022-11-20 23:20:19.055 UTC [TRACE] steampipe-plugin-hackernews.plugin: [TRACE] 1668986418301: getCachedIndexBucket returned cache miss
2022-11-20 23:20:19.055 UTC [TRACE] steampipe-plugin-hackernews.plugin: [TRACE] 1668986418301: QueryCache EndSet - Added index item (0xc01afea3c0) to bucket (0xc01affc0c0), page count 1,  key root hackernewshackernews_newid,title,time,by,score,dead,deleted,descendants,kids,parent,parts,poll,text,type,url,_ctx-1
2022-11-20 23:20:19.055 UTC [TRACE] steampipe-plugin-hackernews.plugin: [TRACE] 1668986418301: cacheSetIndexBucket index__hackernewshackernews_new
2022-11-20 23:20:19.055 UTC [TRACE] steampipe-plugin-hackernews.plugin: [TRACE] 1668986418301: QueryCache EndSet - IndexBucket written
2022-11-20 23:20:19.055 UTC [TRACE] steampipe-plugin-hackernews.plugin: [TRACE] 1668986418301: EndSet DEFER (hackernews-1668986418301) table hackernews_new
2022-11-20 23:20:19.055 UTC [TRACE] steampipe-plugin-hackernews.plugin: [TRACE] 1668986418301: calling pendingItemComplete (hackernews-1668986418301)
2022-11-20 23:20:19.055 UTC [TRACE] steampipe-plugin-hackernews.plugin: [TRACE] 1668986418301: pendingItemComplete (hackernews-1668986418301) indexBucketKey index__hackernewshackernews_new, columns [id title time by score dead deleted descendants kids parent parts poll text type url _ctx], limit -1
2022-11-20 23:20:19.055 UTC [TRACE] steampipe-plugin-hackernews.plugin: [TRACE] 1668986418301: got pending index bucket, (hackernews-1668986418301) len 1
2022-11-20 23:20:19.055 UTC [TRACE] steampipe-plugin-hackernews.plugin: [TRACE] 1668986418301: SatisfiesLimit limit -1, no item limit - satisfied
2022-11-20 23:20:19.055 UTC [TRACE] steampipe-plugin-hackernews.plugin: [TRACE] 1668986418301: found pending index item to satisfy columns id,title,time,by,score,dead,deleted,descendants,kids,parent,parts,poll,text,type,url,_ctx, limit -1
2022-11-20 23:20:19.055 UTC [TRACE] steampipe-plugin-hackernews.plugin: [TRACE] 1668986418301: found completed pending item (hackernews-1668986418301) 0xc0004367e0, key hackernewshackernews_newid,title,time,by,score,dead,deleted,descendants,kids,parent,parts,poll,text,type,url,_ctx-1 - removing from map as it is complete
2022-11-20 23:20:19.055 UTC [TRACE] steampipe-plugin-hackernews.plugin: [TRACE] 1668986418301: pendingIndexItem Unlock count before 1 key hackernewshackernews_newid,title,time,by,score,dead,deleted,descendants,kids,parent,parts,poll,text,type,url,_ctx-1
2022-11-20 23:20:19.055 UTC [TRACE] steampipe-plugin-hackernews.plugin: [TRACE] 1668986418301: deleted from pending, (hackernews-1668986418301) len 0
2022-11-20 23:20:19.055 UTC [TRACE] steampipe-plugin-hackernews.plugin: [TRACE] 1668986418301: pending bucket now empty - deleting key index__hackernewshackernews_new
2022-11-20 23:20:19.055 UTC [TRACE] steampipe-plugin-hackernews.plugin: [TRACE] 1668986418301: pendingItemComplete done (hackernews-1668986418301)
2022-11-20 23:20:19.055 UTC [TRACE] steampipe-plugin-hackernews.plugin: [TRACE] 1668986418301: cache set succeeded
2022-11-20 23:20:19.055 UTC [TRACE] steampipe-plugin-hackernews.plugin: [TRACE] 1668986418301: End execute span
2022-11-20 23:20:19.055 UTC [TRACE] steampipe-plugin-hackernews.plugin: [TRACE] 1668986418301: executeForConnection DEFER (hackernews-1668986418301)
2022-11-20 23:20:19.056 UTC [TRACE] steampipe-plugin-hackernews.plugin: [TRACE] 1668986418301: Execute complete callId: hackernews-1668986418301 table: hackernews_new
2022-11-20 23:20:19.056 UTC [TRACE] steampipe-plugin-hackernews.plugin: [TRACE] 1668986418301: executeForConnection hackernews returned
2022-11-20 23:20:19.056 UTC [TRACE] steampipe-plugin-hackernews.plugin: [TRACE] 1668986418301: output wg complete - send nil row
2022-11-20 23:20:19.056 UTC [TRACE] steampipe-plugin-hackernews.plugin: [TRACE] 1668986418301: empty row on output channel - we are done
2022-11-20 23:20:19.056 UTC [INFO]  steampipe-plugin-hackernews.plugin: [INFO]  1668986418301: Plugin Execute complete (1668986418301)
2022-11-20 23:20:19.125 UTC [TRACE] PluginManager Shutdown
2022-11-20 23:20:19.126 UTC [TRACE] killing plugin csv (1990)
2022-11-20 23:20:19.126 UTC [TRACE] steampipe-plugin-csv.plugin: [TRACE] FLUSHING instrumentation
2022-11-20 23:20:19.126 UTC [TRACE] steampipe-plugin-csv.plugin: [TRACE] Shutdown instrumentation
2022-11-20 23:20:19.126 UTC [DEBUG] stdio: received EOF, stopping recv loop: err="rpc error: code = Unavailable desc = error reading from server: EOF"
2022-11-20 23:20:19.127 UTC [INFO]  plugin process exited: path=/home/runner/.steampipe/plugins/hub.steampipe.io/plugins/turbot/csv@latest/steampipe-plugin-csv.plugin pid=1990
2022-11-20 23:20:19.127 UTC [DEBUG] plugin exited
2022-11-20 23:20:19.127 UTC [TRACE] killing plugin hackernews (2013)
2022-11-20 23:20:19.127 UTC [DEBUG] stdio: received EOF, stopping recv loop: err="rpc error: code = Unavailable desc = error reading from server: EOF"
2022-11-20 23:20:19.127 UTC [TRACE] steampipe-plugin-hackernews.plugin: [TRACE] 1668986418301: FLUSHING instrumentation
2022-11-20 23:20:19.127 UTC [TRACE] steampipe-plugin-hackernews.plugin: [TRACE] 1668986418301: Shutdown instrumentation
2022-11-20 23:20:19.130 UTC [INFO]  plugin process exited: path=/home/runner/.steampipe/plugins/hub.steampipe.io/plugins/turbot/hackernews@latest/steampipe-plugin-hackernews.plugin pid=2013
2022-11-20 23:20:19.130 UTC [DEBUG] plugin exited
2022-11-20 23:20:23.433 UTC [WARN]  steampipe-plugin-csv.plugin: [WARN]  1668986423449: getKeyColumnsForTable found no schema for table '/home/runner/work/steampipe-samples/steampipe-samples/all/hackernews/hn.csv'
2022-11-20 23:20:47.523 UTC [WARN]  steampipe-plugin-csv.plugin: [WARN]  166898644777: getKeyColumnsForTable found no schema for table '/home/runner/work/steampipe-samples/steampipe-samples/all/hackernews/hn.csv'
2022-11-20 23:23:23.354 UTC [ERROR] steampipe-plugin-csv.plugin: [ERROR] csv.tableCSV: header_parse_error=EOF path=/home/runner/work/steampipe-samples/steampipe-samples/all/hackernews/new_sc.csv header=[]
2022-11-20 23:23:23.354 UTC [ERROR] steampipe-plugin-csv.plugin: [ERROR] csv.PluginTables: create_table_error="failed to parse file header /home/runner/work/steampipe-samples/steampipe-samples/all/hackernews/new_sc.csv: EOF" path=/home/runner/work/steampipe-samples/steampipe-samples/all/hackernews/new_sc.csv
2022-11-20 23:23:23.354 UTC [WARN]  failed to set connection config: failed to parse file header /home/runner/work/steampipe-samples/steampipe-samples/all/hackernews/new_sc.csv: EOF
2022-11-20 23:23:24.665 UTC [WARN]  steampipe-plugin-csv.plugin: [WARN]  1668986604363: getKeyColumnsForTable found no schema for table '/home/runner/work/steampipe-samples/steampipe-samples/all/hackernews/new_sc.csv'
2022-11-20 23:23:32.277 UTC [ERROR] steampipe-plugin-csv.plugin: [ERROR] csv.tableCSV: header_parse_error=EOF path=/home/runner/work/steampipe-samples/steampipe-samples/all/hackernews/hn_items_all.csv header=[]
2022-11-20 23:23:32.277 UTC [ERROR] steampipe-plugin-csv.plugin: [ERROR] csv.PluginTables: create_table_error="failed to parse file header /home/runner/work/steampipe-samples/steampipe-samples/all/hackernews/hn_items_all.csv: EOF" path=/home/runner/work/steampipe-samples/steampipe-samples/all/hackernews/hn_items_all.csv
2022-11-20 23:23:32.277 UTC [WARN]  failed to set connection config: failed to parse file header /home/runner/work/steampipe-samples/steampipe-samples/all/hackernews/hn_items_all.csv: EOF
2022-11-20 23:23:33.664 UTC [ERROR] steampipe-plugin-csv.plugin: [ERROR] csv.tableCSV: header_parse_error=EOF path=/home/runner/work/steampipe-samples/steampipe-samples/all/hackernews/people.csv header=[]
2022-11-20 23:23:33.664 UTC [ERROR] steampipe-plugin-csv.plugin: [ERROR] csv.PluginTables: create_table_error="failed to parse file header /home/runner/work/steampipe-samples/steampipe-samples/all/hackernews/people.csv: EOF" path=/home/runner/work/steampipe-samples/steampipe-samples/all/hackernews/people.csv
2022-11-20 23:23:33.664 UTC [WARN]  failed to set connection config: failed to parse file header /home/runner/work/steampipe-samples/steampipe-samples/all/hackernews/people.csv: EOF
