2022-07-10 10:23:54.727 UTC [INFO]  starting plugin manager
2022-07-10 10:23:54.727 UTC [TRACE] loaded config map: csv,hackernews
2022-07-10 10:23:54.727 UTC [INFO]  starting connection watcher
2022-07-10 10:23:54.728 UTC [INFO]  created ConnectionWatcher
2022-07-10 10:23:54.728 UTC [TRACE] about to serve
2022-07-10 10:23:54.797 UTC [TRACE] PluginManager Get, connections: '[csv]'
2022-07-10 10:23:54.797 UTC [TRACE] PluginManager getPlugin connection 'csv'
2022-07-10 10:23:54.797 UTC [TRACE] PluginManager 0xc0003c0b40 'csv' NOT found in map  - starting
2022-07-10 10:23:54.797 UTC [TRACE] ************ start plugin csv ********************
2022-07-10 10:23:54.797 UTC [DEBUG] starting plugin: path=/home/runner/.steampipe/plugins/hub.steampipe.io/plugins/turbot/csv@latest/steampipe-plugin-csv.plugin args=["/home/runner/.steampipe/plugins/hub.steampipe.io/plugins/turbot/csv@latest/steampipe-plugin-csv.plugin"]
2022-07-10 10:23:54.797 UTC [DEBUG] plugin started: path=/home/runner/.steampipe/plugins/hub.steampipe.io/plugins/turbot/csv@latest/steampipe-plugin-csv.plugin pid=1854
2022-07-10 10:23:54.797 UTC [DEBUG] waiting for RPC address: path=/home/runner/.steampipe/plugins/hub.steampipe.io/plugins/turbot/csv@latest/steampipe-plugin-csv.plugin
2022-07-10 10:23:54.803 UTC [DEBUG] steampipe-plugin-csv.plugin: 2022/07/10 10:23:54 [TRACE] Plugin Initialise creating connection manager
2022-07-10 10:23:54.807 UTC [TRACE] steampipe-plugin-csv.plugin: [TRACE] Setting Ulimit: ulimit=2560
2022-07-10 10:23:54.807 UTC [DEBUG] steampipe-plugin-csv.plugin: plugin address: address=/tmp/plugin3336912100 network=unix timestamp=2022-07-10T10:23:54.807Z
2022-07-10 10:23:54.807 UTC [DEBUG] using plugin: version=0
2022-07-10 10:23:54.807 UTC [TRACE] PluginManager getPlugin complete, returning reattach config with PID: 1854
2022-07-10 10:23:54.807 UTC [TRACE] PluginManager Get returning reattach_map:{key:"csv" value:{protocol:"grpc" addr:{Network:"unix" Address:"/tmp/plugin3336912100"} pid:1854}}
2022-07-10 10:23:54.809 UTC [TRACE] steampipe-plugin-csv.plugin: [TRACE] validate plugin steampipe-plugin-csv, required columns []
2022-07-10 10:23:54.812 UTC [INFO]  steampipe-plugin-csv.plugin: [INFO]  query cache created
2022-07-10 10:23:54.812 UTC [DEBUG] steampipe-plugin-csv.plugin: [DEBUG] SetConnectionConfig finished
2022-07-10 10:23:54.818 UTC [TRACE] PluginManager Get, connections: '[]'
2022-07-10 10:23:54.818 UTC [TRACE] PluginManager Get returning
2022-07-10 10:23:54.829 UTC [TRACE] handleFileWatcherEvent ignoring first event
2022-07-10 10:23:54.899 UTC [TRACE] PluginManager Get, connections: '[csv]'
2022-07-10 10:23:54.900 UTC [TRACE] PluginManager getPlugin connection 'csv'
2022-07-10 10:23:54.900 UTC [TRACE] initialized: 1854
2022-07-10 10:23:54.900 UTC [TRACE] connection csv is loaded, check for running PID
2022-07-10 10:23:54.900 UTC [TRACE] PluginManager found 'csv' in map, pid 1854, reattach protocol:"grpc" addr:{Network:"unix" Address:"/tmp/plugin3336912100"} pid:1854
2022-07-10 10:23:54.900 UTC [TRACE] PluginManager Get returning reattach_map:{key:"csv" value:{protocol:"grpc" addr:{Network:"unix" Address:"/tmp/plugin3336912100"} pid:1854}}
2022-07-10 10:23:55.108 UTC [TRACE] PluginManager Get, connections: '[hackernews]'
2022-07-10 10:23:55.108 UTC [TRACE] PluginManager getPlugin connection 'hackernews'
2022-07-10 10:23:55.108 UTC [TRACE] PluginManager 0xc0003c0b40 'hackernews' NOT found in map  - starting
2022-07-10 10:23:55.108 UTC [TRACE] ************ start plugin hackernews ********************
2022-07-10 10:23:55.108 UTC [DEBUG] starting plugin: path=/home/runner/.steampipe/plugins/hub.steampipe.io/plugins/turbot/hackernews@latest/steampipe-plugin-hackernews.plugin args=["/home/runner/.steampipe/plugins/hub.steampipe.io/plugins/turbot/hackernews@latest/steampipe-plugin-hackernews.plugin"]
2022-07-10 10:23:55.108 UTC [DEBUG] plugin started: path=/home/runner/.steampipe/plugins/hub.steampipe.io/plugins/turbot/hackernews@latest/steampipe-plugin-hackernews.plugin pid=1877
2022-07-10 10:23:55.108 UTC [DEBUG] waiting for RPC address: path=/home/runner/.steampipe/plugins/hub.steampipe.io/plugins/turbot/hackernews@latest/steampipe-plugin-hackernews.plugin
2022-07-10 10:23:55.114 UTC [DEBUG] steampipe-plugin-hackernews.plugin: 2022/07/10 10:23:55 [TRACE] Plugin Initialise creating connection manager
2022-07-10 10:23:55.117 UTC [TRACE] steampipe-plugin-hackernews.plugin: [TRACE] Setting Ulimit: ulimit=2560
2022-07-10 10:23:55.118 UTC [DEBUG] steampipe-plugin-hackernews.plugin: plugin address: address=/tmp/plugin847067926 network=unix timestamp=2022-07-10T10:23:55.118Z
2022-07-10 10:23:55.118 UTC [DEBUG] using plugin: version=0
2022-07-10 10:23:55.118 UTC [TRACE] PluginManager getPlugin complete, returning reattach config with PID: 1877
2022-07-10 10:23:55.118 UTC [TRACE] PluginManager Get returning reattach_map:{key:"hackernews" value:{protocol:"grpc" addr:{Network:"unix" Address:"/tmp/plugin847067926"} pid:1877}}
2022-07-10 10:23:55.120 UTC [TRACE] steampipe-plugin-hackernews.plugin: [TRACE] validate plugin steampipe-plugin-hackernews, required columns []
2022-07-10 10:23:55.122 UTC [INFO]  steampipe-plugin-hackernews.plugin: [INFO]  query cache created
2022-07-10 10:23:55.122 UTC [DEBUG] steampipe-plugin-hackernews.plugin: [DEBUG] SetConnectionConfig finished
2022-07-10 10:23:55.124 UTC [TRACE] steampipe-plugin-hackernews.plugin: [TRACE] EXECUTE callId: 1657448635830 table: hackernews_new cols: id,title,time,by,score,dead,deleted,descendants,kids,parent,parts,poll,text,type,url,_ctx
2022-07-10 10:23:55.124 UTC [TRACE] steampipe-plugin-hackernews.plugin: [TRACE] 1657448635830: Execute : connection=hackernews table=hackernews_new
2022-07-10 10:23:55.124 UTC [TRACE] steampipe-plugin-hackernews.plugin: [TRACE] 1657448635830: Got query context: table=hackernews_new cols=[id, title, time, by, score, dead, deleted, descendants, kids, parent, parts, poll, text, type, url, _ctx]
2022-07-10 10:23:55.124 UTC [TRACE] steampipe-plugin-hackernews.plugin: [TRACE] 1657448635830: setFetchType map[time:quals:{fieldName:"time"  string_value:">"  value:{timestamp_value:{seconds:1657445035  nanos:88424000}}}]
2022-07-10 10:23:55.125 UTC [TRACE] steampipe-plugin-hackernews.plugin: [TRACE] 1657448635830: getMatchingQuals column:'id' operator: =
2022-07-10 10:23:55.125 UTC [TRACE] steampipe-plugin-hackernews.plugin: [TRACE] 1657448635830: getMatchingQuals returning false - qualMap does not contain any quals for column id
2022-07-10 10:23:55.125 UTC [TRACE] steampipe-plugin-hackernews.plugin: [TRACE] 1657448635830: GetUnsatisfiedKeyColumns for columns column:'id' operator: =
2022-07-10 10:23:55.127 UTC [TRACE] steampipe-plugin-hackernews.plugin: [TRACE] 1657448635830: key column NOT satisfied column:'id' operator: =
2022-07-10 10:23:55.127 UTC [TRACE] steampipe-plugin-hackernews.plugin: [TRACE] 1657448635830: satisfied: map[any_of: optional: required:]
2022-07-10 10:23:55.128 UTC [TRACE] steampipe-plugin-hackernews.plugin: [TRACE] 1657448635830: unsatisfied: map[any_of: optional: required:column:'id' operator: =]
2022-07-10 10:23:55.129 UTC [TRACE] steampipe-plugin-hackernews.plugin: [TRACE] 1657448635830: unsatisfied required KeyColumns: column:'id' operator: =
2022-07-10 10:23:55.129 UTC [TRACE] steampipe-plugin-hackernews.plugin: [TRACE] 1657448635830: Set fetchType to fetchTypeList
2022-07-10 10:23:55.129 UTC [TRACE] steampipe-plugin-hackernews.plugin: [TRACE] 1657448635830: Equals key column quals:
2022-07-10 10:23:55.129 UTC [DEBUG] steampipe-plugin-hackernews.plugin: {}
2022-07-10 10:23:55.129 UTC [TRACE] steampipe-plugin-hackernews.plugin: [TRACE] 1657448635830: All key column quals:
2022-07-10 10:23:55.129 UTC [DEBUG] steampipe-plugin-hackernews.plugin: {}
2022-07-10 10:23:55.129 UTC [TRACE] steampipe-plugin-hackernews.plugin: [TRACE] 1657448635830: calling fetchItems: table=hackernews_new matrixItem=[] limit=<nil>
2022-07-10 10:23:55.129 UTC [TRACE] steampipe-plugin-hackernews.plugin: [TRACE] 1657448635830: Cache ENABLED callId: 1657448635830
2022-07-10 10:23:55.129 UTC [TRACE] steampipe-plugin-hackernews.plugin: [TRACE] 1657448635830: QueryCache Get - indexBucketKey index__hackernewshackernews_new, quals
2022-07-10 10:23:55.129 UTC [TRACE] steampipe-plugin-hackernews.plugin: [TRACE] 1657448635830: buildCacheQualMap col time, quals quals:{fieldName:"time"  string_value:">"  value:{timestamp_value:{seconds:1657445035  nanos:88424000}}}
2022-07-10 10:23:55.129 UTC [TRACE] steampipe-plugin-hackernews.plugin: [TRACE] 1657448635830: EXCLUDING COLUMN
2022-07-10 10:23:55.129 UTC [TRACE] steampipe-plugin-hackernews.plugin: [TRACE] 1657448635830: QueryCache getCachedResult - index bucket key: index__hackernewshackernews_new ttlSeconds 300
2022-07-10 10:23:55.129 UTC [TRACE] steampipe-plugin-hackernews.plugin: [TRACE] 1657448635830: getCachedResult - no index bucket
2022-07-10 10:23:55.129 UTC [TRACE] steampipe-plugin-hackernews.plugin: [TRACE] 1657448635830: getPendingResultItem indexBucketKey index__hackernewshackernews_new, columns [id title time by score dead deleted descendants kids parent parts poll text type url _ctx], limit -1
2022-07-10 10:23:55.129 UTC [TRACE] steampipe-plugin-hackernews.plugin: [TRACE] 1657448635830: no pending index item - add pending result
2022-07-10 10:23:55.129 UTC [TRACE] steampipe-plugin-hackernews.plugin: [TRACE] 1657448635830: addPendingResult indexBucketKey index__hackernewshackernews_new, columns [id title time by score dead deleted descendants kids parent parts poll text type url _ctx], limit -1
2022-07-10 10:23:55.129 UTC [TRACE] steampipe-plugin-hackernews.plugin: [TRACE] 1657448635830: no index bucket found - creating one
2022-07-10 10:23:55.129 UTC [TRACE] steampipe-plugin-hackernews.plugin: [TRACE] 1657448635830: pendingIndexItem Lock count before 0
2022-07-10 10:23:55.129 UTC [TRACE] steampipe-plugin-hackernews.plugin: [TRACE] 1657448635830: getPendingResultItem returning <nil>
2022-07-10 10:23:55.129 UTC [INFO]  steampipe-plugin-hackernews.plugin: [INFO]  1657448635830: CACHE MISS
2022-07-10 10:23:55.129 UTC [TRACE] steampipe-plugin-hackernews.plugin: [TRACE] 1657448635830: fetch items callId: 1657448635830
2022-07-10 10:23:55.129 UTC [TRACE] steampipe-plugin-hackernews.plugin: [TRACE] 1657448635830: buildRows callId: 1657448635830
2022-07-10 10:23:55.129 UTC [TRACE] steampipe-plugin-hackernews.plugin: [TRACE] 1657448635830: streamRows callId: 1657448635830
2022-07-10 10:23:55.129 UTC [TRACE] steampipe-plugin-hackernews.plugin: [TRACE] 1657448635830: executeListCall
2022-07-10 10:23:55.129 UTC [TRACE] steampipe-plugin-hackernews.plugin: [TRACE] 1657448635830: GetUnsatisfiedKeyColumns for columns
2022-07-10 10:23:55.129 UTC [TRACE] steampipe-plugin-hackernews.plugin: [TRACE] 1657448635830: doList: no matrix item
2022-07-10 10:23:55.305 UTC [TRACE] steampipe-plugin-hackernews.plugin: [TRACE] 1657448635830: rowData chan select - channel CLOSED
2022-07-10 10:23:55.305 UTC [TRACE] steampipe-plugin-hackernews.plugin: [TRACE] 1657448635830: wait for rows
2022-07-10 10:23:55.791 UTC [TRACE] steampipe-plugin-hackernews.plugin: [TRACE] 1657448635830: rowWg complete - CLOSING ROW CHANNEL
2022-07-10 10:23:55.791 UTC [TRACE] steampipe-plugin-hackernews.plugin: [TRACE] 1657448635830: row chan closed, stop streaming
2022-07-10 10:23:55.791 UTC [INFO]  steampipe-plugin-hackernews.plugin: [INFO]  1657448635830: ------------------------------------
2022-07-10 10:23:55.792 UTC [INFO]  steampipe-plugin-hackernews.plugin: [INFO]  1657448635830: Concurrency Summary
2022-07-10 10:23:55.792 UTC [INFO]  steampipe-plugin-hackernews.plugin: [INFO]  1657448635830: ------------------------------------
2022-07-10 10:23:55.792 UTC [INFO]  steampipe-plugin-hackernews.plugin: [INFO]  1657448635830: getItem                       : 200
2022-07-10 10:23:55.792 UTC [INFO]  steampipe-plugin-hackernews.plugin: [INFO]  1657448635830: ------------------------------------
2022-07-10 10:23:55.792 UTC [INFO]  steampipe-plugin-hackernews.plugin: [INFO]  1657448635830: Total                         : 200
2022-07-10 10:23:55.792 UTC [INFO]  steampipe-plugin-hackernews.plugin: [INFO]  1657448635830: ------------------------------------
2022-07-10 10:23:55.792 UTC [TRACE] steampipe-plugin-hackernews.plugin: [TRACE] 1657448635830: queryCache.Set callId: 1657448635830
2022-07-10 10:23:55.792 UTC [TRACE] steampipe-plugin-hackernews.plugin: [TRACE] 1657448635830: buildCacheQualMap col time, quals quals:{fieldName:"time"  string_value:">"  value:{timestamp_value:{seconds:1657445035  nanos:88424000}}}
2022-07-10 10:23:55.792 UTC [TRACE] steampipe-plugin-hackernews.plugin: [TRACE] 1657448635830: EXCLUDING COLUMN
2022-07-10 10:23:55.792 UTC [TRACE] steampipe-plugin-hackernews.plugin: [TRACE] 1657448635830: QueryCache Set - connectionName: hackernews, table: hackernews_new, columns: [_ctx by dead deleted descendants id kids parent parts poll score text time title type url], limit -1
2022-07-10 10:23:55.792 UTC [TRACE] steampipe-plugin-hackernews.plugin: [TRACE] 1657448635830: cache item cost = 64000 (500 rows, 16 columns)
2022-07-10 10:23:55.803 UTC [TRACE] steampipe-plugin-hackernews.plugin: [TRACE] 1657448635830: ------------------------------------
2022-07-10 10:23:55.803 UTC [TRACE] steampipe-plugin-hackernews.plugin: [TRACE] 1657448635830: Cache Metrics
2022-07-10 10:23:55.803 UTC [TRACE] steampipe-plugin-hackernews.plugin: [TRACE] 1657448635830: ------------------------------------
2022-07-10 10:23:55.803 UTC [TRACE] steampipe-plugin-hackernews.plugin: [TRACE] 1657448635830: MaxCost: 1073741824
2022-07-10 10:23:55.803 UTC [TRACE] steampipe-plugin-hackernews.plugin: [TRACE] 1657448635830: KeysAdded: 2
2022-07-10 10:23:55.803 UTC [TRACE] steampipe-plugin-hackernews.plugin: [TRACE] 1657448635830: CostAdded: 64113
2022-07-10 10:23:55.803 UTC [TRACE] steampipe-plugin-hackernews.plugin: [TRACE] 1657448635830: KeysEvicted: 0
2022-07-10 10:23:55.803 UTC [TRACE] steampipe-plugin-hackernews.plugin: [TRACE] 1657448635830: CostEvicted: 0
2022-07-10 10:23:55.803 UTC [TRACE] steampipe-plugin-hackernews.plugin: [TRACE] 1657448635830: ------------------------------------
2022-07-10 10:23:55.803 UTC [TRACE] steampipe-plugin-hackernews.plugin: [TRACE] 1657448635830: QueryCache Set() DONE
2022-07-10 10:23:55.803 UTC [TRACE] steampipe-plugin-hackernews.plugin: [TRACE] 1657448635830: pendingItemComplete indexBucketKey index__hackernewshackernews_new, columns [_ctx by dead deleted descendants id kids parent parts poll score text time title type url], limit -1
2022-07-10 10:23:55.803 UTC [TRACE] steampipe-plugin-hackernews.plugin: [TRACE] 1657448635830: got pending index bucket, len 1
2022-07-10 10:23:55.803 UTC [TRACE] steampipe-plugin-hackernews.plugin: [TRACE] 1657448635830: SatisfiesLimit limit -1, no item limit - satisfied
2022-07-10 10:23:55.803 UTC [TRACE] steampipe-plugin-hackernews.plugin: [TRACE] 1657448635830: found pending index item to satisfy columns _ctx,by,dead,deleted,descendants,id,kids,parent,parts,poll,score,text,time,title,type,url, limit -1
2022-07-10 10:23:55.803 UTC [TRACE] steampipe-plugin-hackernews.plugin: [TRACE] 1657448635830: got pending item hackernewshackernews_newid,title,time,by,score,dead,deleted,descendants,kids,parent,parts,poll,text,type,url,_ctx-1 - removing from map as it is complete
2022-07-10 10:23:55.803 UTC [TRACE] steampipe-plugin-hackernews.plugin: [TRACE] 1657448635830: pendingIndexItem Unlock count before 1
2022-07-10 10:23:55.803 UTC [TRACE] steampipe-plugin-hackernews.plugin: [TRACE] 1657448635830: deleted from pending, len 0
2022-07-10 10:23:55.803 UTC [TRACE] steampipe-plugin-hackernews.plugin: [TRACE] 1657448635830: pending bucket now empty - deleting key index__hackernewshackernews_new
2022-07-10 10:23:55.803 UTC [TRACE] steampipe-plugin-hackernews.plugin: [TRACE] 1657448635830: pendingItemComplete done
2022-07-10 10:23:55.803 UTC [TRACE] steampipe-plugin-hackernews.plugin: [TRACE] 1657448635830: Execute complete callId: 1657448635830 table: hackernews_new
2022-07-10 10:23:55.890 UTC [TRACE] PluginManager Shutdown map[csv:0xc00050e480 hackernews:0xc00000c960]
2022-07-10 10:23:55.890 UTC [TRACE] killing plugin csv (1854)
2022-07-10 10:23:55.891 UTC [TRACE] stdio: waiting for stdio data
2022-07-10 10:23:55.891 UTC [DEBUG] stdio: received EOF, stopping recv loop: err="rpc error: code = Unavailable desc = error reading from server: EOF"
2022-07-10 10:23:55.893 UTC [INFO]  plugin process exited: path=/home/runner/.steampipe/plugins/hub.steampipe.io/plugins/turbot/csv@latest/steampipe-plugin-csv.plugin pid=1854
2022-07-10 10:23:55.893 UTC [DEBUG] plugin exited
2022-07-10 10:23:55.893 UTC [TRACE] killing plugin hackernews (1877)
2022-07-10 10:23:55.893 UTC [TRACE] stdio: waiting for stdio data
2022-07-10 10:23:55.894 UTC [DEBUG] stdio: received EOF, stopping recv loop: err="rpc error: code = Unavailable desc = error reading from server: EOF"
2022-07-10 10:23:55.896 UTC [INFO]  plugin process exited: path=/home/runner/.steampipe/plugins/hub.steampipe.io/plugins/turbot/hackernews@latest/steampipe-plugin-hackernews.plugin pid=1877
2022-07-10 10:23:55.896 UTC [DEBUG] plugin exited
2022-07-10 10:23:56.308 UTC [INFO]  starting plugin manager
2022-07-10 10:23:56.308 UTC [TRACE] loaded config map: csv,hackernews
2022-07-10 10:23:56.308 UTC [INFO]  starting connection watcher
2022-07-10 10:23:56.308 UTC [INFO]  created ConnectionWatcher
2022-07-10 10:23:56.308 UTC [TRACE] about to serve
2022-07-10 10:23:56.378 UTC [TRACE] PluginManager Get, connections: '[csv]'
2022-07-10 10:23:56.378 UTC [TRACE] PluginManager getPlugin connection 'csv'
2022-07-10 10:23:56.378 UTC [TRACE] PluginManager 0xc0005838c0 'csv' NOT found in map  - starting
2022-07-10 10:23:56.378 UTC [TRACE] ************ start plugin csv ********************
2022-07-10 10:23:56.378 UTC [DEBUG] starting plugin: path=/home/runner/.steampipe/plugins/hub.steampipe.io/plugins/turbot/csv@latest/steampipe-plugin-csv.plugin args=["/home/runner/.steampipe/plugins/hub.steampipe.io/plugins/turbot/csv@latest/steampipe-plugin-csv.plugin"]
2022-07-10 10:23:56.379 UTC [DEBUG] plugin started: path=/home/runner/.steampipe/plugins/hub.steampipe.io/plugins/turbot/csv@latest/steampipe-plugin-csv.plugin pid=1931
2022-07-10 10:23:56.379 UTC [DEBUG] waiting for RPC address: path=/home/runner/.steampipe/plugins/hub.steampipe.io/plugins/turbot/csv@latest/steampipe-plugin-csv.plugin
2022-07-10 10:23:56.384 UTC [DEBUG] steampipe-plugin-csv.plugin: 2022/07/10 10:23:56 [TRACE] Plugin Initialise creating connection manager
2022-07-10 10:23:56.390 UTC [TRACE] steampipe-plugin-csv.plugin: [TRACE] Setting Ulimit: ulimit=2560
2022-07-10 10:23:56.390 UTC [DEBUG] steampipe-plugin-csv.plugin: plugin address: network=unix address=/tmp/plugin1716166862 timestamp=2022-07-10T10:23:56.390Z
2022-07-10 10:23:56.390 UTC [DEBUG] using plugin: version=0
2022-07-10 10:23:56.390 UTC [TRACE] PluginManager getPlugin complete, returning reattach config with PID: 1931
2022-07-10 10:23:56.391 UTC [TRACE] PluginManager Get returning reattach_map:{key:"csv" value:{protocol:"grpc" addr:{Network:"unix" Address:"/tmp/plugin1716166862"} pid:1931}}
2022-07-10 10:23:56.393 UTC [TRACE] steampipe-plugin-csv.plugin: [TRACE] validate plugin steampipe-plugin-csv, required columns []
2022-07-10 10:23:56.395 UTC [INFO]  steampipe-plugin-csv.plugin: [INFO]  query cache created
2022-07-10 10:23:56.395 UTC [DEBUG] steampipe-plugin-csv.plugin: [DEBUG] SetConnectionConfig finished
2022-07-10 10:23:56.400 UTC [TRACE] PluginManager Get, connections: '[]'
2022-07-10 10:23:56.400 UTC [TRACE] PluginManager Get returning
2022-07-10 10:23:56.411 UTC [TRACE] handleFileWatcherEvent ignoring first event
2022-07-10 10:23:56.594 UTC [TRACE] PluginManager Get, connections: '[hackernews]'
2022-07-10 10:23:56.594 UTC [TRACE] PluginManager getPlugin connection 'hackernews'
2022-07-10 10:23:56.594 UTC [TRACE] PluginManager 0xc0005838c0 'hackernews' NOT found in map  - starting
2022-07-10 10:23:56.594 UTC [TRACE] ************ start plugin hackernews ********************
2022-07-10 10:23:56.595 UTC [DEBUG] starting plugin: path=/home/runner/.steampipe/plugins/hub.steampipe.io/plugins/turbot/hackernews@latest/steampipe-plugin-hackernews.plugin args=["/home/runner/.steampipe/plugins/hub.steampipe.io/plugins/turbot/hackernews@latest/steampipe-plugin-hackernews.plugin"]
2022-07-10 10:23:56.595 UTC [DEBUG] plugin started: path=/home/runner/.steampipe/plugins/hub.steampipe.io/plugins/turbot/hackernews@latest/steampipe-plugin-hackernews.plugin pid=1948
2022-07-10 10:23:56.595 UTC [DEBUG] waiting for RPC address: path=/home/runner/.steampipe/plugins/hub.steampipe.io/plugins/turbot/hackernews@latest/steampipe-plugin-hackernews.plugin
2022-07-10 10:23:56.602 UTC [DEBUG] steampipe-plugin-hackernews.plugin: 2022/07/10 10:23:56 [TRACE] Plugin Initialise creating connection manager
2022-07-10 10:23:56.606 UTC [TRACE] steampipe-plugin-hackernews.plugin: [TRACE] Setting Ulimit: ulimit=2560
2022-07-10 10:23:56.606 UTC [DEBUG] steampipe-plugin-hackernews.plugin: plugin address: address=/tmp/plugin3273943016 network=unix timestamp=2022-07-10T10:23:56.606Z
2022-07-10 10:23:56.606 UTC [DEBUG] using plugin: version=0
2022-07-10 10:23:56.606 UTC [TRACE] PluginManager getPlugin complete, returning reattach config with PID: 1948
2022-07-10 10:23:56.606 UTC [TRACE] PluginManager Get returning reattach_map:{key:"hackernews" value:{protocol:"grpc" addr:{Network:"unix" Address:"/tmp/plugin3273943016"} pid:1948}}
2022-07-10 10:23:56.608 UTC [TRACE] steampipe-plugin-hackernews.plugin: [TRACE] validate plugin steampipe-plugin-hackernews, required columns []
2022-07-10 10:23:56.610 UTC [INFO]  steampipe-plugin-hackernews.plugin: [INFO]  query cache created
2022-07-10 10:23:56.611 UTC [DEBUG] steampipe-plugin-hackernews.plugin: [DEBUG] SetConnectionConfig finished
2022-07-10 10:23:56.614 UTC [TRACE] steampipe-plugin-hackernews.plugin: [TRACE] EXECUTE callId: 1657448636553 table: hackernews_new cols: time
2022-07-10 10:23:56.614 UTC [TRACE] steampipe-plugin-hackernews.plugin: [TRACE] 1657448636553: Execute : connection=hackernews table=hackernews_new
2022-07-10 10:23:56.614 UTC [TRACE] steampipe-plugin-hackernews.plugin: [TRACE] 1657448636553: Got query context: table=hackernews_new cols=[time]
2022-07-10 10:23:56.614 UTC [TRACE] steampipe-plugin-hackernews.plugin: [TRACE] 1657448636553: setFetchType map[time:quals:{fieldName:"time"  string_value:">"  value:{timestamp_value:{seconds:1657445036  nanos:576517000}}}]
2022-07-10 10:23:56.615 UTC [TRACE] steampipe-plugin-hackernews.plugin: [TRACE] 1657448636553: getMatchingQuals column:'id' operator: =
2022-07-10 10:23:56.615 UTC [TRACE] steampipe-plugin-hackernews.plugin: [TRACE] 1657448636553: getMatchingQuals returning false - qualMap does not contain any quals for column id
2022-07-10 10:23:56.615 UTC [TRACE] steampipe-plugin-hackernews.plugin: [TRACE] 1657448636553: GetUnsatisfiedKeyColumns for columns column:'id' operator: =
2022-07-10 10:23:56.616 UTC [TRACE] steampipe-plugin-hackernews.plugin: [TRACE] 1657448636553: key column NOT satisfied column:'id' operator: =
2022-07-10 10:23:56.616 UTC [TRACE] steampipe-plugin-hackernews.plugin: [TRACE] 1657448636553: satisfied: map[any_of: optional: required:]
2022-07-10 10:23:56.617 UTC [TRACE] steampipe-plugin-hackernews.plugin: [TRACE] 1657448636553: unsatisfied: map[any_of: optional: required:column:'id' operator: =]
2022-07-10 10:23:56.618 UTC [TRACE] steampipe-plugin-hackernews.plugin: [TRACE] 1657448636553: unsatisfied required KeyColumns: column:'id' operator: =
2022-07-10 10:23:56.618 UTC [TRACE] steampipe-plugin-hackernews.plugin: [TRACE] 1657448636553: Set fetchType to fetchTypeList
2022-07-10 10:23:56.618 UTC [TRACE] steampipe-plugin-hackernews.plugin: [TRACE] 1657448636553: Equals key column quals:
2022-07-10 10:23:56.618 UTC [DEBUG] steampipe-plugin-hackernews.plugin: {}
2022-07-10 10:23:56.618 UTC [TRACE] steampipe-plugin-hackernews.plugin: [TRACE] 1657448636553: All key column quals:
2022-07-10 10:23:56.618 UTC [DEBUG] steampipe-plugin-hackernews.plugin: {}
2022-07-10 10:23:56.618 UTC [TRACE] steampipe-plugin-hackernews.plugin: [TRACE] 1657448636553: calling fetchItems: table=hackernews_new matrixItem=[] limit=<nil>
2022-07-10 10:23:56.618 UTC [TRACE] steampipe-plugin-hackernews.plugin: [TRACE] 1657448636553: Cache ENABLED callId: 1657448636553
2022-07-10 10:23:56.618 UTC [TRACE] steampipe-plugin-hackernews.plugin: [TRACE] 1657448636553: QueryCache Get - indexBucketKey index__hackernewshackernews_new, quals
2022-07-10 10:23:56.618 UTC [TRACE] steampipe-plugin-hackernews.plugin: [TRACE] 1657448636553: buildCacheQualMap col time, quals quals:{fieldName:"time"  string_value:">"  value:{timestamp_value:{seconds:1657445036  nanos:576517000}}}
2022-07-10 10:23:56.618 UTC [TRACE] steampipe-plugin-hackernews.plugin: [TRACE] 1657448636553: EXCLUDING COLUMN
2022-07-10 10:23:56.618 UTC [TRACE] steampipe-plugin-hackernews.plugin: [TRACE] 1657448636553: QueryCache getCachedResult - index bucket key: index__hackernewshackernews_new ttlSeconds 300
2022-07-10 10:23:56.618 UTC [TRACE] steampipe-plugin-hackernews.plugin: [TRACE] 1657448636553: getCachedResult - no index bucket
2022-07-10 10:23:56.618 UTC [TRACE] steampipe-plugin-hackernews.plugin: [TRACE] 1657448636553: getPendingResultItem indexBucketKey index__hackernewshackernews_new, columns [time], limit -1
2022-07-10 10:23:56.618 UTC [TRACE] steampipe-plugin-hackernews.plugin: [TRACE] 1657448636553: no pending index item - add pending result
2022-07-10 10:23:56.618 UTC [TRACE] steampipe-plugin-hackernews.plugin: [TRACE] 1657448636553: addPendingResult indexBucketKey index__hackernewshackernews_new, columns [time], limit -1
2022-07-10 10:23:56.618 UTC [TRACE] steampipe-plugin-hackernews.plugin: [TRACE] 1657448636553: no index bucket found - creating one
2022-07-10 10:23:56.618 UTC [TRACE] steampipe-plugin-hackernews.plugin: [TRACE] 1657448636553: pendingIndexItem Lock count before 0
2022-07-10 10:23:56.618 UTC [TRACE] steampipe-plugin-hackernews.plugin: [TRACE] 1657448636553: getPendingResultItem returning <nil>
2022-07-10 10:23:56.618 UTC [INFO]  steampipe-plugin-hackernews.plugin: [INFO]  1657448636553: CACHE MISS
2022-07-10 10:23:56.618 UTC [TRACE] steampipe-plugin-hackernews.plugin: [TRACE] 1657448636553: fetch items callId: 1657448636553
2022-07-10 10:23:56.618 UTC [TRACE] steampipe-plugin-hackernews.plugin: [TRACE] 1657448636553: buildRows callId: 1657448636553
2022-07-10 10:23:56.618 UTC [TRACE] steampipe-plugin-hackernews.plugin: [TRACE] 1657448636553: streamRows callId: 1657448636553
2022-07-10 10:23:56.618 UTC [TRACE] steampipe-plugin-hackernews.plugin: [TRACE] 1657448636553: executeListCall
2022-07-10 10:23:56.618 UTC [TRACE] steampipe-plugin-hackernews.plugin: [TRACE] 1657448636553: GetUnsatisfiedKeyColumns for columns
2022-07-10 10:23:56.618 UTC [TRACE] steampipe-plugin-hackernews.plugin: [TRACE] 1657448636553: doList: no matrix item
2022-07-10 10:23:56.731 UTC [TRACE] steampipe-plugin-hackernews.plugin: [TRACE] 1657448636553: rowData chan select - channel CLOSED
2022-07-10 10:23:56.731 UTC [TRACE] steampipe-plugin-hackernews.plugin: [TRACE] 1657448636553: wait for rows
2022-07-10 10:23:57.253 UTC [TRACE] steampipe-plugin-hackernews.plugin: [TRACE] 1657448636553: rowWg complete - CLOSING ROW CHANNEL
2022-07-10 10:23:57.254 UTC [TRACE] steampipe-plugin-hackernews.plugin: [TRACE] 1657448636553: row chan closed, stop streaming
2022-07-10 10:23:57.254 UTC [INFO]  steampipe-plugin-hackernews.plugin: [INFO]  1657448636553: ------------------------------------
2022-07-10 10:23:57.254 UTC [INFO]  steampipe-plugin-hackernews.plugin: [INFO]  1657448636553: Concurrency Summary
2022-07-10 10:23:57.254 UTC [INFO]  steampipe-plugin-hackernews.plugin: [INFO]  1657448636553: ------------------------------------
2022-07-10 10:23:57.254 UTC [INFO]  steampipe-plugin-hackernews.plugin: [INFO]  1657448636553: getItem                       : 200
2022-07-10 10:23:57.254 UTC [INFO]  steampipe-plugin-hackernews.plugin: [INFO]  1657448636553: ------------------------------------
2022-07-10 10:23:57.254 UTC [INFO]  steampipe-plugin-hackernews.plugin: [INFO]  1657448636553: Total                         : 200
2022-07-10 10:23:57.254 UTC [INFO]  steampipe-plugin-hackernews.plugin: [INFO]  1657448636553: ------------------------------------
2022-07-10 10:23:57.254 UTC [TRACE] steampipe-plugin-hackernews.plugin: [TRACE] 1657448636553: queryCache.Set callId: 1657448636553
2022-07-10 10:23:57.254 UTC [TRACE] steampipe-plugin-hackernews.plugin: [TRACE] 1657448636553: buildCacheQualMap col time, quals quals:{fieldName:"time"  string_value:">"  value:{timestamp_value:{seconds:1657445036  nanos:576517000}}}
2022-07-10 10:23:57.254 UTC [TRACE] steampipe-plugin-hackernews.plugin: [TRACE] 1657448636553: EXCLUDING COLUMN
2022-07-10 10:23:57.254 UTC [TRACE] steampipe-plugin-hackernews.plugin: [TRACE] 1657448636553: QueryCache Set - connectionName: hackernews, table: hackernews_new, columns: [_ctx by dead deleted descendants id kids parent parts poll score text time title type url], limit -1
2022-07-10 10:23:57.254 UTC [TRACE] steampipe-plugin-hackernews.plugin: [TRACE] 1657448636553: cache item cost = 64000 (500 rows, 16 columns)
2022-07-10 10:23:57.265 UTC [TRACE] steampipe-plugin-hackernews.plugin: [TRACE] 1657448636553: ------------------------------------
2022-07-10 10:23:57.265 UTC [TRACE] steampipe-plugin-hackernews.plugin: [TRACE] 1657448636553: Cache Metrics
2022-07-10 10:23:57.265 UTC [TRACE] steampipe-plugin-hackernews.plugin: [TRACE] 1657448636553: ------------------------------------
2022-07-10 10:23:57.265 UTC [TRACE] steampipe-plugin-hackernews.plugin: [TRACE] 1657448636553: MaxCost: 1073741824
2022-07-10 10:23:57.265 UTC [TRACE] steampipe-plugin-hackernews.plugin: [TRACE] 1657448636553: KeysAdded: 2
2022-07-10 10:23:57.265 UTC [TRACE] steampipe-plugin-hackernews.plugin: [TRACE] 1657448636553: CostAdded: 64113
2022-07-10 10:23:57.265 UTC [TRACE] steampipe-plugin-hackernews.plugin: [TRACE] 1657448636553: KeysEvicted: 0
2022-07-10 10:23:57.265 UTC [TRACE] steampipe-plugin-hackernews.plugin: [TRACE] 1657448636553: CostEvicted: 0
2022-07-10 10:23:57.265 UTC [TRACE] steampipe-plugin-hackernews.plugin: [TRACE] 1657448636553: ------------------------------------
2022-07-10 10:23:57.265 UTC [TRACE] steampipe-plugin-hackernews.plugin: [TRACE] 1657448636553: QueryCache Set() DONE
2022-07-10 10:23:57.265 UTC [TRACE] steampipe-plugin-hackernews.plugin: [TRACE] 1657448636553: pendingItemComplete indexBucketKey index__hackernewshackernews_new, columns [_ctx by dead deleted descendants id kids parent parts poll score text time title type url], limit -1
2022-07-10 10:23:57.265 UTC [TRACE] steampipe-plugin-hackernews.plugin: [TRACE] 1657448636553: got pending index bucket, len 1
2022-07-10 10:23:57.266 UTC [TRACE] steampipe-plugin-hackernews.plugin: [TRACE] 1657448636553: SatisfiesLimit limit -1, no item limit - satisfied
2022-07-10 10:23:57.266 UTC [TRACE] steampipe-plugin-hackernews.plugin: [TRACE] 1657448636553: found pending index item to satisfy columns _ctx,by,dead,deleted,descendants,id,kids,parent,parts,poll,score,text,time,title,type,url, limit -1
2022-07-10 10:23:57.266 UTC [TRACE] steampipe-plugin-hackernews.plugin: [TRACE] 1657448636553: got pending item hackernewshackernews_newtime-1 - removing from map as it is complete
2022-07-10 10:23:57.266 UTC [TRACE] steampipe-plugin-hackernews.plugin: [TRACE] 1657448636553: pendingIndexItem Unlock count before 1
2022-07-10 10:23:57.266 UTC [TRACE] steampipe-plugin-hackernews.plugin: [TRACE] 1657448636553: deleted from pending, len 0
2022-07-10 10:23:57.266 UTC [TRACE] steampipe-plugin-hackernews.plugin: [TRACE] 1657448636553: pending bucket now empty - deleting key index__hackernewshackernews_new
2022-07-10 10:23:57.266 UTC [TRACE] steampipe-plugin-hackernews.plugin: [TRACE] 1657448636553: pendingItemComplete done
2022-07-10 10:23:57.266 UTC [TRACE] steampipe-plugin-hackernews.plugin: [TRACE] 1657448636553: Execute complete callId: 1657448636553 table: hackernews_new
2022-07-10 10:23:57.331 UTC [TRACE] PluginManager Shutdown map[csv:0xc0004de3d8 hackernews:0xc0004deca8]
2022-07-10 10:23:57.331 UTC [TRACE] killing plugin csv (1931)
2022-07-10 10:23:57.332 UTC [TRACE] stdio: waiting for stdio data
2022-07-10 10:23:57.333 UTC [DEBUG] stdio: received EOF, stopping recv loop: err="rpc error: code = Unavailable desc = error reading from server: EOF"
2022-07-10 10:23:57.334 UTC [INFO]  plugin process exited: path=/home/runner/.steampipe/plugins/hub.steampipe.io/plugins/turbot/csv@latest/steampipe-plugin-csv.plugin pid=1931
2022-07-10 10:23:57.334 UTC [DEBUG] plugin exited
2022-07-10 10:23:57.334 UTC [TRACE] killing plugin hackernews (1948)
2022-07-10 10:23:57.334 UTC [TRACE] stdio: waiting for stdio data
2022-07-10 10:23:57.335 UTC [DEBUG] stdio: received EOF, stopping recv loop: err="rpc error: code = Unavailable desc = error reading from server: EOF"
2022-07-10 10:23:57.336 UTC [INFO]  plugin process exited: path=/home/runner/.steampipe/plugins/hub.steampipe.io/plugins/turbot/hackernews@latest/steampipe-plugin-hackernews.plugin pid=1948
2022-07-10 10:23:57.336 UTC [DEBUG] plugin exited
