2022-12-15 00:27:03.027 UTC [INFO]  starting plugin manager
2022-12-15 00:27:03.027 UTC [TRACE] loaded config map: github,hackernews,net,csv
2022-12-15 00:27:03.027 UTC [TRACE] NewPluginManager
2022-12-15 00:27:03.028 UTC [TRACE] PluginManager setPluginCacheSizeMap: 4 connections.
2022-12-15 00:27:03.028 UTC [TRACE] Total cache size 0Mb
2022-12-15 00:27:03.028 UTC [INFO]  starting connection watcher
2022-12-15 00:27:03.028 UTC [INFO]  created ConnectionWatcher
2022-12-15 00:27:03.028 UTC [TRACE] about to serve
2022-12-15 00:27:03.100 UTC [TRACE] PluginManager Get, connections: '[csv]'
2022-12-15 00:27:03.100 UTC [TRACE] PluginManager getPlugin hub.steampipe.io/plugins/turbot/csv@latest connection 'csv'
2022-12-15 00:27:03.100 UTC [TRACE] PluginManager 0xc00009b720 plugin hub.steampipe.io/plugins/turbot/csv@latest (csv) NOT started or starting - start now
2022-12-15 00:27:03.100 UTC [TRACE] ************ start plugin csv ********************
2022-12-15 00:27:03.100 UTC [TRACE] ************ plugin path /home/runner/.steampipe/plugins/hub.steampipe.io/plugins/turbot/csv@latest/steampipe-plugin-csv.plugin ********************
2022-12-15 00:27:03.129 UTC [TRACE] handleFileWatcherEvent ignoring first event
2022-12-15 00:27:03.164 UTC [DEBUG] starting plugin: path=/home/runner/.steampipe/plugins/hub.steampipe.io/plugins/turbot/csv@latest/steampipe-plugin-csv.plugin args=["/home/runner/.steampipe/plugins/hub.steampipe.io/plugins/turbot/csv@latest/steampipe-plugin-csv.plugin"]
2022-12-15 00:27:03.164 UTC [DEBUG] plugin started: path=/home/runner/.steampipe/plugins/hub.steampipe.io/plugins/turbot/csv@latest/steampipe-plugin-csv.plugin pid=2075
2022-12-15 00:27:03.164 UTC [DEBUG] waiting for RPC address: path=/home/runner/.steampipe/plugins/hub.steampipe.io/plugins/turbot/csv@latest/steampipe-plugin-csv.plugin
2022-12-15 00:27:03.174 UTC [INFO]  steampipe-plugin-csv.plugin: [INFO]  Initialise plugin 'steampipe-plugin-csv', using sdk version 4.1.8
2022-12-15 00:27:03.174 UTC [TRACE] steampipe-plugin-csv.plugin: [TRACE] no DefaultRetryConfig defined - creating empty
2022-12-15 00:27:03.174 UTC [TRACE] steampipe-plugin-csv.plugin: [TRACE] no DefaultIgnoreConfig defined - creating empty
2022-12-15 00:27:03.175 UTC [TRACE] steampipe-plugin-csv.plugin: [TRACE] telemetry.Init service 'steampipe-plugin-csv', tracingEnabled: false, metricsEnabled: false
2022-12-15 00:27:03.175 UTC [TRACE] steampipe-plugin-csv.plugin: [TRACE] metrics and tracing disabled' - returning
2022-12-15 00:27:03.176 UTC [DEBUG] steampipe-plugin-csv.plugin: plugin address: network=unix address=/tmp/plugin2987049314 timestamp=2022-12-15T00:27:03.176Z
2022-12-15 00:27:03.176 UTC [DEBUG] using plugin: version=0
2022-12-15 00:27:03.176 UTC [TRACE] NewPluginClient for plugin hub.steampipe.io/plugins/turbot/csv@latest
2022-12-15 00:27:03.177 UTC [TRACE] stdio: waiting for stdio data
2022-12-15 00:27:03.181 UTC [TRACE] supportedOperations: query_cache:true multiple_connections:true
2022-12-15 00:27:03.182 UTC [TRACE] steampipe-plugin-csv.plugin: [TRACE] SetAllConnectionConfigs setting 1 configs
2022-12-15 00:27:03.182 UTC [TRACE] steampipe-plugin-csv.plugin: [TRACE] connection csv build schema and table map
2022-12-15 00:27:03.182 UTC [DEBUG] steampipe-plugin-csv.plugin: [DEBUG] csv.tableCSV: path=/home/runner/work/steampipe-samples/steampipe-samples/all/hackernews/hn_items_all.csv detected_encoding=Unknown
2022-12-15 00:27:03.182 UTC [DEBUG] steampipe-plugin-csv.plugin: [DEBUG] csv.tableCSV: path=/home/runner/work/steampipe-samples/steampipe-samples/all/hackernews/new_sc.csv detected_encoding=Unknown
2022-12-15 00:27:03.182 UTC [DEBUG] steampipe-plugin-csv.plugin: [DEBUG] csv.tableCSV: path=/home/runner/work/steampipe-samples/steampipe-samples/all/hackernews/people.csv detected_encoding=Unknown
2022-12-15 00:27:03.182 UTC [TRACE] steampipe-plugin-csv.plugin: [TRACE] initialise table /home/runner/work/steampipe-samples/steampipe-samples/all/hackernews/hn_items_all.csv
2022-12-15 00:27:03.182 UTC [TRACE] steampipe-plugin-csv.plugin: [TRACE] no DefaultRetryConfig defined - creating empty
2022-12-15 00:27:03.182 UTC [TRACE] steampipe-plugin-csv.plugin: [TRACE] no DefaultIgnoreConfig defined - creating empty
2022-12-15 00:27:03.182 UTC [TRACE] steampipe-plugin-csv.plugin: [TRACE] apply plugin defaults for DefaultRetryConfig
2022-12-15 00:27:03.182 UTC [TRACE] steampipe-plugin-csv.plugin: [TRACE] apply plugin defaults for DefaultIgnoreConfig, table &{<nil> <nil>} plugin &{<nil> <nil>}
2022-12-15 00:27:03.182 UTC [TRACE] steampipe-plugin-csv.plugin: [TRACE] DefaultRetryConfig:
2022-12-15 00:27:03.182 UTC [TRACE] steampipe-plugin-csv.plugin: [TRACE] DefaultIgnoreConfig:
2022-12-15 00:27:03.182 UTC [TRACE] steampipe-plugin-csv.plugin: [TRACE] t.List.initialise
2022-12-15 00:27:03.182 UTC [TRACE] steampipe-plugin-csv.plugin: [TRACE] ListConfig.initialise table /home/runner/work/steampipe-samples/steampipe-samples/all/hackernews/hn_items_all.csv
2022-12-15 00:27:03.182 UTC [TRACE] steampipe-plugin-csv.plugin: [TRACE] ListConfig.initialise complete: RetryConfig: , IgnoreConfig
2022-12-15 00:27:03.182 UTC [TRACE] steampipe-plugin-csv.plugin: [TRACE] back from initialiseHydrateConfigs
2022-12-15 00:27:03.182 UTC [TRACE] steampipe-plugin-csv.plugin: [TRACE] initialise table /home/runner/work/steampipe-samples/steampipe-samples/all/hackernews/hn_items_all.csv COMPLETE
2022-12-15 00:27:03.182 UTC [TRACE] steampipe-plugin-csv.plugin: [TRACE] initialise table /home/runner/work/steampipe-samples/steampipe-samples/all/hackernews/new_sc.csv
2022-12-15 00:27:03.182 UTC [TRACE] steampipe-plugin-csv.plugin: [TRACE] no DefaultRetryConfig defined - creating empty
2022-12-15 00:27:03.182 UTC [TRACE] steampipe-plugin-csv.plugin: [TRACE] no DefaultIgnoreConfig defined - creating empty
2022-12-15 00:27:03.182 UTC [TRACE] steampipe-plugin-csv.plugin: [TRACE] apply plugin defaults for DefaultRetryConfig
2022-12-15 00:27:03.182 UTC [TRACE] steampipe-plugin-csv.plugin: [TRACE] apply plugin defaults for DefaultIgnoreConfig, table &{<nil> <nil>} plugin &{<nil> <nil>}
2022-12-15 00:27:03.182 UTC [TRACE] steampipe-plugin-csv.plugin: [TRACE] DefaultRetryConfig:
2022-12-15 00:27:03.182 UTC [TRACE] steampipe-plugin-csv.plugin: [TRACE] DefaultIgnoreConfig:
2022-12-15 00:27:03.182 UTC [TRACE] steampipe-plugin-csv.plugin: [TRACE] t.List.initialise
2022-12-15 00:27:03.182 UTC [TRACE] steampipe-plugin-csv.plugin: [TRACE] ListConfig.initialise table /home/runner/work/steampipe-samples/steampipe-samples/all/hackernews/new_sc.csv
2022-12-15 00:27:03.182 UTC [TRACE] steampipe-plugin-csv.plugin: [TRACE] ListConfig.initialise complete: RetryConfig: , IgnoreConfig
2022-12-15 00:27:03.182 UTC [TRACE] steampipe-plugin-csv.plugin: [TRACE] back from initialiseHydrateConfigs
2022-12-15 00:27:03.182 UTC [TRACE] steampipe-plugin-csv.plugin: [TRACE] initialise table /home/runner/work/steampipe-samples/steampipe-samples/all/hackernews/new_sc.csv COMPLETE
2022-12-15 00:27:03.182 UTC [TRACE] steampipe-plugin-csv.plugin: [TRACE] initialise table /home/runner/work/steampipe-samples/steampipe-samples/all/hackernews/people.csv
2022-12-15 00:27:03.182 UTC [TRACE] steampipe-plugin-csv.plugin: [TRACE] no DefaultRetryConfig defined - creating empty
2022-12-15 00:27:03.182 UTC [TRACE] steampipe-plugin-csv.plugin: [TRACE] no DefaultIgnoreConfig defined - creating empty
2022-12-15 00:27:03.182 UTC [TRACE] steampipe-plugin-csv.plugin: [TRACE] apply plugin defaults for DefaultRetryConfig
2022-12-15 00:27:03.182 UTC [TRACE] steampipe-plugin-csv.plugin: [TRACE] apply plugin defaults for DefaultIgnoreConfig, table &{<nil> <nil>} plugin &{<nil> <nil>}
2022-12-15 00:27:03.182 UTC [TRACE] steampipe-plugin-csv.plugin: [TRACE] DefaultRetryConfig:
2022-12-15 00:27:03.182 UTC [TRACE] steampipe-plugin-csv.plugin: [TRACE] DefaultIgnoreConfig:
2022-12-15 00:27:03.182 UTC [TRACE] steampipe-plugin-csv.plugin: [TRACE] t.List.initialise
2022-12-15 00:27:03.182 UTC [TRACE] steampipe-plugin-csv.plugin: [TRACE] ListConfig.initialise table /home/runner/work/steampipe-samples/steampipe-samples/all/hackernews/people.csv
2022-12-15 00:27:03.182 UTC [TRACE] steampipe-plugin-csv.plugin: [TRACE] ListConfig.initialise complete: RetryConfig: , IgnoreConfig
2022-12-15 00:27:03.182 UTC [TRACE] steampipe-plugin-csv.plugin: [TRACE] back from initialiseHydrateConfigs
2022-12-15 00:27:03.182 UTC [TRACE] steampipe-plugin-csv.plugin: [TRACE] initialise table /home/runner/work/steampipe-samples/steampipe-samples/all/hackernews/people.csv COMPLETE
2022-12-15 00:27:03.182 UTC [TRACE] steampipe-plugin-csv.plugin: [TRACE] validate plugin steampipe-plugin-csv, required columns []
2022-12-15 00:27:03.182 UTC [TRACE] steampipe-plugin-csv.plugin: [TRACE] validate DefaultRetryConfig
2022-12-15 00:27:03.182 UTC [TRACE] steampipe-plugin-csv.plugin: [TRACE] validate DefaultIgnoreConfig
2022-12-15 00:27:03.182 UTC [TRACE] steampipe-plugin-csv.plugin: [TRACE] validate table names
2022-12-15 00:27:03.182 UTC [TRACE] steampipe-plugin-csv.plugin: [TRACE] plugin has 0 validation errors
2022-12-15 00:27:03.182 UTC [TRACE] steampipe-plugin-csv.plugin: [TRACE] Plugin ensureCache creating cache, maxCacheStorageMb 0
2022-12-15 00:27:03.182 UTC [TRACE] steampipe-plugin-csv.plugin: [TRACE] createCacheStore for plugin 'steampipe-plugin-csv' setting max size to 0Mb, Shards: 2, max shard size: 0
2022-12-15 00:27:03.201 UTC [INFO]  steampipe-plugin-csv.plugin: [INFO]  query cache created
2022-12-15 00:27:03.201 UTC [DEBUG] steampipe-plugin-csv.plugin: [DEBUG] SetAllConnectionConfigs finished
2022-12-15 00:27:03.201 UTC [TRACE] PluginManager getPlugin complete, returning reattach config with PID: 2075
2022-12-15 00:27:03.202 UTC [TRACE] PluginManager Get returning reattach_map:{key:"csv" value:{protocol:"grpc" addr:{Network:"unix" Address:"/tmp/plugin2987049314"} pid:2075 supported_operations:{query_cache:true multiple_connections:true} connections:"csv" plugin:"hub.steampipe.io/plugins/turbot/csv@latest"}}
2022-12-15 00:27:03.294 UTC [TRACE] PluginManager Get, connections: '[csv]'
2022-12-15 00:27:03.294 UTC [TRACE] PluginManager getPlugin hub.steampipe.io/plugins/turbot/csv@latest connection 'csv'
2022-12-15 00:27:03.294 UTC [TRACE] connection csv found in connectionPluginMap
2022-12-15 00:27:03.294 UTC [TRACE] initialized: 2075
2022-12-15 00:27:03.294 UTC [TRACE] initialized: 2075
2022-12-15 00:27:03.294 UTC [TRACE] connection csv is loaded, check for running PID
2022-12-15 00:27:03.295 UTC [TRACE] PluginManager found 'csv' in map, pid 2075
2022-12-15 00:27:03.295 UTC [TRACE] PluginManager Get returning reattach_map:{key:"csv" value:{protocol:"grpc" addr:{Network:"unix" Address:"/tmp/plugin2987049314"} pid:2075 supported_operations:{query_cache:true multiple_connections:true} connections:"csv" plugin:"hub.steampipe.io/plugins/turbot/csv@latest"}}
2022-12-15 00:27:03.467 UTC [TRACE] PluginManager Get, connections: '[hackernews]'
2022-12-15 00:27:03.467 UTC [TRACE] PluginManager getPlugin hub.steampipe.io/plugins/turbot/hackernews@latest connection 'hackernews'
2022-12-15 00:27:03.467 UTC [TRACE] PluginManager 0xc00009b720 plugin hub.steampipe.io/plugins/turbot/hackernews@latest (hackernews) NOT started or starting - start now
2022-12-15 00:27:03.467 UTC [TRACE] ************ start plugin hackernews ********************
2022-12-15 00:27:03.467 UTC [TRACE] ************ plugin path /home/runner/.steampipe/plugins/hub.steampipe.io/plugins/turbot/hackernews@latest/steampipe-plugin-hackernews.plugin ********************
2022-12-15 00:27:03.532 UTC [DEBUG] starting plugin: path=/home/runner/.steampipe/plugins/hub.steampipe.io/plugins/turbot/hackernews@latest/steampipe-plugin-hackernews.plugin args=["/home/runner/.steampipe/plugins/hub.steampipe.io/plugins/turbot/hackernews@latest/steampipe-plugin-hackernews.plugin"]
2022-12-15 00:27:03.532 UTC [DEBUG] plugin started: path=/home/runner/.steampipe/plugins/hub.steampipe.io/plugins/turbot/hackernews@latest/steampipe-plugin-hackernews.plugin pid=2099
2022-12-15 00:27:03.533 UTC [DEBUG] waiting for RPC address: path=/home/runner/.steampipe/plugins/hub.steampipe.io/plugins/turbot/hackernews@latest/steampipe-plugin-hackernews.plugin
2022-12-15 00:27:03.542 UTC [INFO]  steampipe-plugin-hackernews.plugin: [INFO]  Initialise plugin 'steampipe-plugin-hackernews', using sdk version 4.1.7
2022-12-15 00:27:03.542 UTC [TRACE] steampipe-plugin-hackernews.plugin: [TRACE] defaulting SchemaMode to SchemaModeStatic
2022-12-15 00:27:03.542 UTC [TRACE] steampipe-plugin-hackernews.plugin: [TRACE] no DefaultRetryConfig defined - creating empty
2022-12-15 00:27:03.542 UTC [TRACE] steampipe-plugin-hackernews.plugin: [TRACE] no DefaultIgnoreConfig defined - creating empty
2022-12-15 00:27:03.542 UTC [TRACE] steampipe-plugin-hackernews.plugin: [TRACE] Setting Ulimit: ulimit=2560
2022-12-15 00:27:03.542 UTC [TRACE] steampipe-plugin-hackernews.plugin: [TRACE] telemetry.Init service 'steampipe-plugin-hackernews', tracingEnabled: false, metricsEnabled: false
2022-12-15 00:27:03.542 UTC [TRACE] steampipe-plugin-hackernews.plugin: [TRACE] metrics and tracing disabled' - returning
2022-12-15 00:27:03.543 UTC [DEBUG] using plugin: version=0
2022-12-15 00:27:03.543 UTC [TRACE] NewPluginClient for plugin hub.steampipe.io/plugins/turbot/hackernews@latest
2022-12-15 00:27:03.543 UTC [DEBUG] steampipe-plugin-hackernews.plugin: plugin address: address=/tmp/plugin190110579 network=unix timestamp=2022-12-15T00:27:03.543Z
2022-12-15 00:27:03.546 UTC [TRACE] stdio: waiting for stdio data
2022-12-15 00:27:03.547 UTC [TRACE] supportedOperations: query_cache:true multiple_connections:true
2022-12-15 00:27:03.547 UTC [TRACE] steampipe-plugin-hackernews.plugin: [TRACE] SetAllConnectionConfigs setting 1 configs
2022-12-15 00:27:03.547 UTC [TRACE] steampipe-plugin-hackernews.plugin: [TRACE] connection hackernews build schema and table map
2022-12-15 00:27:03.547 UTC [TRACE] steampipe-plugin-hackernews.plugin: [TRACE] initialise table hackernews_user
2022-12-15 00:27:03.547 UTC [TRACE] steampipe-plugin-hackernews.plugin: [TRACE] no DefaultRetryConfig defined - creating empty
2022-12-15 00:27:03.547 UTC [TRACE] steampipe-plugin-hackernews.plugin: [TRACE] no DefaultIgnoreConfig defined - creating empty
2022-12-15 00:27:03.547 UTC [TRACE] steampipe-plugin-hackernews.plugin: [TRACE] apply plugin defaults for DefaultRetryConfig
2022-12-15 00:27:03.547 UTC [TRACE] steampipe-plugin-hackernews.plugin: [TRACE] apply plugin defaults for DefaultIgnoreConfig, table &{<nil> <nil>} plugin &{<nil> <nil>}
2022-12-15 00:27:03.547 UTC [TRACE] steampipe-plugin-hackernews.plugin: [TRACE] DefaultRetryConfig:
2022-12-15 00:27:03.547 UTC [TRACE] steampipe-plugin-hackernews.plugin: [TRACE] DefaultIgnoreConfig:
2022-12-15 00:27:03.547 UTC [TRACE] steampipe-plugin-hackernews.plugin: [TRACE] t.List.initialise
2022-12-15 00:27:03.547 UTC [TRACE] steampipe-plugin-hackernews.plugin: [TRACE] ListConfig.initialise table hackernews_user
2022-12-15 00:27:03.547 UTC [TRACE] steampipe-plugin-hackernews.plugin: [TRACE] ListConfig.initialise complete: RetryConfig: , IgnoreConfig
2022-12-15 00:27:03.547 UTC [TRACE] steampipe-plugin-hackernews.plugin: [TRACE] back from initialiseHydrateConfigs
2022-12-15 00:27:03.547 UTC [TRACE] steampipe-plugin-hackernews.plugin: [TRACE] initialise table hackernews_user COMPLETE
2022-12-15 00:27:03.547 UTC [TRACE] steampipe-plugin-hackernews.plugin: [TRACE] initialise table hackernews_ask_hn
2022-12-15 00:27:03.547 UTC [TRACE] steampipe-plugin-hackernews.plugin: [TRACE] no DefaultRetryConfig defined - creating empty
2022-12-15 00:27:03.547 UTC [TRACE] steampipe-plugin-hackernews.plugin: [TRACE] no DefaultIgnoreConfig defined - creating empty
2022-12-15 00:27:03.547 UTC [TRACE] steampipe-plugin-hackernews.plugin: [TRACE] apply plugin defaults for DefaultRetryConfig
2022-12-15 00:27:03.547 UTC [TRACE] steampipe-plugin-hackernews.plugin: [TRACE] apply plugin defaults for DefaultIgnoreConfig, table &{<nil> <nil>} plugin &{<nil> <nil>}
2022-12-15 00:27:03.547 UTC [TRACE] steampipe-plugin-hackernews.plugin: [TRACE] DefaultRetryConfig:
2022-12-15 00:27:03.547 UTC [TRACE] steampipe-plugin-hackernews.plugin: [TRACE] DefaultIgnoreConfig:
2022-12-15 00:27:03.547 UTC [TRACE] steampipe-plugin-hackernews.plugin: [TRACE] t.Get.initialise
2022-12-15 00:27:03.547 UTC [TRACE] steampipe-plugin-hackernews.plugin: [TRACE] GetConfig.initialise table hackernews_ask_hn
2022-12-15 00:27:03.547 UTC [TRACE] steampipe-plugin-hackernews.plugin: [TRACE] GetConfig.initialise complete: RetryConfig: , IgnoreConfig:
2022-12-15 00:27:03.547 UTC [TRACE] steampipe-plugin-hackernews.plugin: [TRACE] t.List.initialise
2022-12-15 00:27:03.547 UTC [TRACE] steampipe-plugin-hackernews.plugin: [TRACE] ListConfig.initialise table hackernews_ask_hn
2022-12-15 00:27:03.547 UTC [TRACE] steampipe-plugin-hackernews.plugin: [TRACE] ListConfig.initialise complete: RetryConfig: , IgnoreConfig
2022-12-15 00:27:03.547 UTC [TRACE] steampipe-plugin-hackernews.plugin: [TRACE] HydrateConfig.initialise func getItem, table hackernews_ask_hn
2022-12-15 00:27:03.547 UTC [TRACE] steampipe-plugin-hackernews.plugin: [TRACE] HydrateConfig.initialise complete: RetryConfig: , IgnoreConfig:
2022-12-15 00:27:03.547 UTC [TRACE] steampipe-plugin-hackernews.plugin: [TRACE] back from initialiseHydrateConfigs
2022-12-15 00:27:03.547 UTC [TRACE] steampipe-plugin-hackernews.plugin: [TRACE] initialise table hackernews_ask_hn COMPLETE
2022-12-15 00:27:03.547 UTC [TRACE] steampipe-plugin-hackernews.plugin: [TRACE] initialise table hackernews_best
2022-12-15 00:27:03.547 UTC [TRACE] steampipe-plugin-hackernews.plugin: [TRACE] no DefaultRetryConfig defined - creating empty
2022-12-15 00:27:03.547 UTC [TRACE] steampipe-plugin-hackernews.plugin: [TRACE] no DefaultIgnoreConfig defined - creating empty
2022-12-15 00:27:03.547 UTC [TRACE] steampipe-plugin-hackernews.plugin: [TRACE] apply plugin defaults for DefaultRetryConfig
2022-12-15 00:27:03.547 UTC [TRACE] steampipe-plugin-hackernews.plugin: [TRACE] apply plugin defaults for DefaultIgnoreConfig, table &{<nil> <nil>} plugin &{<nil> <nil>}
2022-12-15 00:27:03.547 UTC [TRACE] steampipe-plugin-hackernews.plugin: [TRACE] DefaultRetryConfig:
2022-12-15 00:27:03.547 UTC [TRACE] steampipe-plugin-hackernews.plugin: [TRACE] DefaultIgnoreConfig:
2022-12-15 00:27:03.547 UTC [TRACE] steampipe-plugin-hackernews.plugin: [TRACE] t.Get.initialise
2022-12-15 00:27:03.547 UTC [TRACE] steampipe-plugin-hackernews.plugin: [TRACE] GetConfig.initialise table hackernews_best
2022-12-15 00:27:03.547 UTC [TRACE] steampipe-plugin-hackernews.plugin: [TRACE] GetConfig.initialise complete: RetryConfig: , IgnoreConfig:
2022-12-15 00:27:03.547 UTC [TRACE] steampipe-plugin-hackernews.plugin: [TRACE] t.List.initialise
2022-12-15 00:27:03.547 UTC [TRACE] steampipe-plugin-hackernews.plugin: [TRACE] ListConfig.initialise table hackernews_best
2022-12-15 00:27:03.547 UTC [TRACE] steampipe-plugin-hackernews.plugin: [TRACE] ListConfig.initialise complete: RetryConfig: , IgnoreConfig
2022-12-15 00:27:03.547 UTC [TRACE] steampipe-plugin-hackernews.plugin: [TRACE] HydrateConfig.initialise func getItem, table hackernews_best
2022-12-15 00:27:03.547 UTC [TRACE] steampipe-plugin-hackernews.plugin: [TRACE] HydrateConfig.initialise complete: RetryConfig: , IgnoreConfig:
2022-12-15 00:27:03.547 UTC [TRACE] steampipe-plugin-hackernews.plugin: [TRACE] back from initialiseHydrateConfigs
2022-12-15 00:27:03.547 UTC [TRACE] steampipe-plugin-hackernews.plugin: [TRACE] initialise table hackernews_best COMPLETE
2022-12-15 00:27:03.547 UTC [TRACE] steampipe-plugin-hackernews.plugin: [TRACE] initialise table hackernews_item
2022-12-15 00:27:03.547 UTC [TRACE] steampipe-plugin-hackernews.plugin: [TRACE] no DefaultRetryConfig defined - creating empty
2022-12-15 00:27:03.547 UTC [TRACE] steampipe-plugin-hackernews.plugin: [TRACE] no DefaultIgnoreConfig defined - creating empty
2022-12-15 00:27:03.547 UTC [TRACE] steampipe-plugin-hackernews.plugin: [TRACE] apply plugin defaults for DefaultRetryConfig
2022-12-15 00:27:03.547 UTC [TRACE] steampipe-plugin-hackernews.plugin: [TRACE] apply plugin defaults for DefaultIgnoreConfig, table &{<nil> <nil>} plugin &{<nil> <nil>}
2022-12-15 00:27:03.547 UTC [TRACE] steampipe-plugin-hackernews.plugin: [TRACE] DefaultRetryConfig:
2022-12-15 00:27:03.547 UTC [TRACE] steampipe-plugin-hackernews.plugin: [TRACE] DefaultIgnoreConfig:
2022-12-15 00:27:03.547 UTC [TRACE] steampipe-plugin-hackernews.plugin: [TRACE] t.Get.initialise
2022-12-15 00:27:03.547 UTC [TRACE] steampipe-plugin-hackernews.plugin: [TRACE] GetConfig.initialise table hackernews_item
2022-12-15 00:27:03.547 UTC [TRACE] steampipe-plugin-hackernews.plugin: [TRACE] GetConfig.initialise complete: RetryConfig: , IgnoreConfig:
2022-12-15 00:27:03.547 UTC [TRACE] steampipe-plugin-hackernews.plugin: [TRACE] t.List.initialise
2022-12-15 00:27:03.547 UTC [TRACE] steampipe-plugin-hackernews.plugin: [TRACE] ListConfig.initialise table hackernews_item
2022-12-15 00:27:03.547 UTC [TRACE] steampipe-plugin-hackernews.plugin: [TRACE] ListConfig.initialise complete: RetryConfig: , IgnoreConfig
2022-12-15 00:27:03.547 UTC [TRACE] steampipe-plugin-hackernews.plugin: [TRACE] HydrateConfig.initialise func getItem, table hackernews_item
2022-12-15 00:27:03.547 UTC [TRACE] steampipe-plugin-hackernews.plugin: [TRACE] HydrateConfig.initialise complete: RetryConfig: , IgnoreConfig:
2022-12-15 00:27:03.547 UTC [TRACE] steampipe-plugin-hackernews.plugin: [TRACE] back from initialiseHydrateConfigs
2022-12-15 00:27:03.547 UTC [TRACE] steampipe-plugin-hackernews.plugin: [TRACE] initialise table hackernews_item COMPLETE
2022-12-15 00:27:03.547 UTC [TRACE] steampipe-plugin-hackernews.plugin: [TRACE] initialise table hackernews_job
2022-12-15 00:27:03.547 UTC [TRACE] steampipe-plugin-hackernews.plugin: [TRACE] no DefaultRetryConfig defined - creating empty
2022-12-15 00:27:03.547 UTC [TRACE] steampipe-plugin-hackernews.plugin: [TRACE] no DefaultIgnoreConfig defined - creating empty
2022-12-15 00:27:03.547 UTC [TRACE] steampipe-plugin-hackernews.plugin: [TRACE] apply plugin defaults for DefaultRetryConfig
2022-12-15 00:27:03.547 UTC [TRACE] steampipe-plugin-hackernews.plugin: [TRACE] apply plugin defaults for DefaultIgnoreConfig, table &{<nil> <nil>} plugin &{<nil> <nil>}
2022-12-15 00:27:03.547 UTC [TRACE] steampipe-plugin-hackernews.plugin: [TRACE] DefaultRetryConfig:
2022-12-15 00:27:03.547 UTC [TRACE] steampipe-plugin-hackernews.plugin: [TRACE] DefaultIgnoreConfig:
2022-12-15 00:27:03.547 UTC [TRACE] steampipe-plugin-hackernews.plugin: [TRACE] t.Get.initialise
2022-12-15 00:27:03.547 UTC [TRACE] steampipe-plugin-hackernews.plugin: [TRACE] GetConfig.initialise table hackernews_job
2022-12-15 00:27:03.547 UTC [TRACE] steampipe-plugin-hackernews.plugin: [TRACE] GetConfig.initialise complete: RetryConfig: , IgnoreConfig:
2022-12-15 00:27:03.547 UTC [TRACE] steampipe-plugin-hackernews.plugin: [TRACE] t.List.initialise
2022-12-15 00:27:03.547 UTC [TRACE] steampipe-plugin-hackernews.plugin: [TRACE] ListConfig.initialise table hackernews_job
2022-12-15 00:27:03.547 UTC [TRACE] steampipe-plugin-hackernews.plugin: [TRACE] ListConfig.initialise complete: RetryConfig: , IgnoreConfig
2022-12-15 00:27:03.547 UTC [TRACE] steampipe-plugin-hackernews.plugin: [TRACE] HydrateConfig.initialise func getItem, table hackernews_job
2022-12-15 00:27:03.547 UTC [TRACE] steampipe-plugin-hackernews.plugin: [TRACE] HydrateConfig.initialise complete: RetryConfig: , IgnoreConfig:
2022-12-15 00:27:03.547 UTC [TRACE] steampipe-plugin-hackernews.plugin: [TRACE] back from initialiseHydrateConfigs
2022-12-15 00:27:03.547 UTC [TRACE] steampipe-plugin-hackernews.plugin: [TRACE] initialise table hackernews_job COMPLETE
2022-12-15 00:27:03.547 UTC [TRACE] steampipe-plugin-hackernews.plugin: [TRACE] initialise table hackernews_new
2022-12-15 00:27:03.547 UTC [TRACE] steampipe-plugin-hackernews.plugin: [TRACE] no DefaultRetryConfig defined - creating empty
2022-12-15 00:27:03.547 UTC [TRACE] steampipe-plugin-hackernews.plugin: [TRACE] no DefaultIgnoreConfig defined - creating empty
2022-12-15 00:27:03.547 UTC [TRACE] steampipe-plugin-hackernews.plugin: [TRACE] apply plugin defaults for DefaultRetryConfig
2022-12-15 00:27:03.547 UTC [TRACE] steampipe-plugin-hackernews.plugin: [TRACE] apply plugin defaults for DefaultIgnoreConfig, table &{<nil> <nil>} plugin &{<nil> <nil>}
2022-12-15 00:27:03.547 UTC [TRACE] steampipe-plugin-hackernews.plugin: [TRACE] DefaultRetryConfig:
2022-12-15 00:27:03.547 UTC [TRACE] steampipe-plugin-hackernews.plugin: [TRACE] DefaultIgnoreConfig:
2022-12-15 00:27:03.547 UTC [TRACE] steampipe-plugin-hackernews.plugin: [TRACE] t.Get.initialise
2022-12-15 00:27:03.547 UTC [TRACE] steampipe-plugin-hackernews.plugin: [TRACE] GetConfig.initialise table hackernews_new
2022-12-15 00:27:03.547 UTC [TRACE] steampipe-plugin-hackernews.plugin: [TRACE] GetConfig.initialise complete: RetryConfig: , IgnoreConfig:
2022-12-15 00:27:03.547 UTC [TRACE] steampipe-plugin-hackernews.plugin: [TRACE] t.List.initialise
2022-12-15 00:27:03.547 UTC [TRACE] steampipe-plugin-hackernews.plugin: [TRACE] ListConfig.initialise table hackernews_new
2022-12-15 00:27:03.547 UTC [TRACE] steampipe-plugin-hackernews.plugin: [TRACE] ListConfig.initialise complete: RetryConfig: , IgnoreConfig
2022-12-15 00:27:03.547 UTC [TRACE] steampipe-plugin-hackernews.plugin: [TRACE] HydrateConfig.initialise func getItem, table hackernews_new
2022-12-15 00:27:03.547 UTC [TRACE] steampipe-plugin-hackernews.plugin: [TRACE] HydrateConfig.initialise complete: RetryConfig: , IgnoreConfig:
2022-12-15 00:27:03.547 UTC [TRACE] steampipe-plugin-hackernews.plugin: [TRACE] back from initialiseHydrateConfigs
2022-12-15 00:27:03.547 UTC [TRACE] steampipe-plugin-hackernews.plugin: [TRACE] initialise table hackernews_new COMPLETE
2022-12-15 00:27:03.547 UTC [TRACE] steampipe-plugin-hackernews.plugin: [TRACE] initialise table hackernews_show_hn
2022-12-15 00:27:03.547 UTC [TRACE] steampipe-plugin-hackernews.plugin: [TRACE] no DefaultRetryConfig defined - creating empty
2022-12-15 00:27:03.547 UTC [TRACE] steampipe-plugin-hackernews.plugin: [TRACE] no DefaultIgnoreConfig defined - creating empty
2022-12-15 00:27:03.547 UTC [TRACE] steampipe-plugin-hackernews.plugin: [TRACE] apply plugin defaults for DefaultRetryConfig
2022-12-15 00:27:03.547 UTC [TRACE] steampipe-plugin-hackernews.plugin: [TRACE] apply plugin defaults for DefaultIgnoreConfig, table &{<nil> <nil>} plugin &{<nil> <nil>}
2022-12-15 00:27:03.547 UTC [TRACE] steampipe-plugin-hackernews.plugin: [TRACE] DefaultRetryConfig:
2022-12-15 00:27:03.547 UTC [TRACE] steampipe-plugin-hackernews.plugin: [TRACE] DefaultIgnoreConfig:
2022-12-15 00:27:03.547 UTC [TRACE] steampipe-plugin-hackernews.plugin: [TRACE] t.Get.initialise
2022-12-15 00:27:03.547 UTC [TRACE] steampipe-plugin-hackernews.plugin: [TRACE] GetConfig.initialise table hackernews_show_hn
2022-12-15 00:27:03.547 UTC [TRACE] steampipe-plugin-hackernews.plugin: [TRACE] GetConfig.initialise complete: RetryConfig: , IgnoreConfig:
2022-12-15 00:27:03.547 UTC [TRACE] steampipe-plugin-hackernews.plugin: [TRACE] t.List.initialise
2022-12-15 00:27:03.547 UTC [TRACE] steampipe-plugin-hackernews.plugin: [TRACE] ListConfig.initialise table hackernews_show_hn
2022-12-15 00:27:03.547 UTC [TRACE] steampipe-plugin-hackernews.plugin: [TRACE] ListConfig.initialise complete: RetryConfig: , IgnoreConfig
2022-12-15 00:27:03.547 UTC [TRACE] steampipe-plugin-hackernews.plugin: [TRACE] HydrateConfig.initialise func getItem, table hackernews_show_hn
2022-12-15 00:27:03.547 UTC [TRACE] steampipe-plugin-hackernews.plugin: [TRACE] HydrateConfig.initialise complete: RetryConfig: , IgnoreConfig:
2022-12-15 00:27:03.547 UTC [TRACE] steampipe-plugin-hackernews.plugin: [TRACE] back from initialiseHydrateConfigs
2022-12-15 00:27:03.547 UTC [TRACE] steampipe-plugin-hackernews.plugin: [TRACE] initialise table hackernews_show_hn COMPLETE
2022-12-15 00:27:03.547 UTC [TRACE] steampipe-plugin-hackernews.plugin: [TRACE] initialise table hackernews_top
2022-12-15 00:27:03.547 UTC [TRACE] steampipe-plugin-hackernews.plugin: [TRACE] no DefaultRetryConfig defined - creating empty
2022-12-15 00:27:03.547 UTC [TRACE] steampipe-plugin-hackernews.plugin: [TRACE] no DefaultIgnoreConfig defined - creating empty
2022-12-15 00:27:03.547 UTC [TRACE] steampipe-plugin-hackernews.plugin: [TRACE] apply plugin defaults for DefaultRetryConfig
2022-12-15 00:27:03.547 UTC [TRACE] steampipe-plugin-hackernews.plugin: [TRACE] apply plugin defaults for DefaultIgnoreConfig, table &{<nil> <nil>} plugin &{<nil> <nil>}
2022-12-15 00:27:03.547 UTC [TRACE] steampipe-plugin-hackernews.plugin: [TRACE] DefaultRetryConfig:
2022-12-15 00:27:03.547 UTC [TRACE] steampipe-plugin-hackernews.plugin: [TRACE] DefaultIgnoreConfig:
2022-12-15 00:27:03.547 UTC [TRACE] steampipe-plugin-hackernews.plugin: [TRACE] t.Get.initialise
2022-12-15 00:27:03.547 UTC [TRACE] steampipe-plugin-hackernews.plugin: [TRACE] GetConfig.initialise table hackernews_top
2022-12-15 00:27:03.547 UTC [TRACE] steampipe-plugin-hackernews.plugin: [TRACE] GetConfig.initialise complete: RetryConfig: , IgnoreConfig:
2022-12-15 00:27:03.547 UTC [TRACE] steampipe-plugin-hackernews.plugin: [TRACE] t.List.initialise
2022-12-15 00:27:03.548 UTC [TRACE] steampipe-plugin-hackernews.plugin: [TRACE] ListConfig.initialise table hackernews_top
2022-12-15 00:27:03.548 UTC [TRACE] steampipe-plugin-hackernews.plugin: [TRACE] ListConfig.initialise complete: RetryConfig: , IgnoreConfig
2022-12-15 00:27:03.548 UTC [TRACE] steampipe-plugin-hackernews.plugin: [TRACE] HydrateConfig.initialise func getItem, table hackernews_top
2022-12-15 00:27:03.548 UTC [TRACE] steampipe-plugin-hackernews.plugin: [TRACE] HydrateConfig.initialise complete: RetryConfig: , IgnoreConfig:
2022-12-15 00:27:03.548 UTC [TRACE] steampipe-plugin-hackernews.plugin: [TRACE] back from initialiseHydrateConfigs
2022-12-15 00:27:03.548 UTC [TRACE] steampipe-plugin-hackernews.plugin: [TRACE] initialise table hackernews_top COMPLETE
2022-12-15 00:27:03.548 UTC [TRACE] steampipe-plugin-hackernews.plugin: [TRACE] validate plugin steampipe-plugin-hackernews, required columns []
2022-12-15 00:27:03.548 UTC [TRACE] steampipe-plugin-hackernews.plugin: [TRACE] validate DefaultRetryConfig
2022-12-15 00:27:03.548 UTC [TRACE] steampipe-plugin-hackernews.plugin: [TRACE] validate DefaultIgnoreConfig
2022-12-15 00:27:03.548 UTC [TRACE] steampipe-plugin-hackernews.plugin: [TRACE] validate table names
2022-12-15 00:27:03.548 UTC [TRACE] steampipe-plugin-hackernews.plugin: [TRACE] plugin has 0 validation errors
2022-12-15 00:27:03.548 UTC [TRACE] steampipe-plugin-hackernews.plugin: [TRACE] Plugin ensureCache creating cache, maxCacheStorageMb 0
2022-12-15 00:27:03.548 UTC [TRACE] steampipe-plugin-hackernews.plugin: [TRACE] createCacheStore for plugin 'steampipe-plugin-hackernews' setting max size to 0Mb, Shards: 2, max shard size: 0
2022-12-15 00:27:03.565 UTC [INFO]  steampipe-plugin-hackernews.plugin: [INFO]  query cache created
2022-12-15 00:27:03.565 UTC [DEBUG] steampipe-plugin-hackernews.plugin: [DEBUG] SetAllConnectionConfigs finished
2022-12-15 00:27:03.566 UTC [TRACE] PluginManager getPlugin complete, returning reattach config with PID: 2099
2022-12-15 00:27:03.566 UTC [TRACE] PluginManager Get returning reattach_map:{key:"hackernews" value:{protocol:"grpc" addr:{Network:"unix" Address:"/tmp/plugin190110579"} pid:2099 supported_operations:{query_cache:true multiple_connections:true} connections:"hackernews" plugin:"hub.steampipe.io/plugins/turbot/hackernews@latest"}}
2022-12-15 00:27:03.573 UTC [INFO]  steampipe-plugin-hackernews.plugin: [INFO]  1671064023814: Plugin Execute (1671064023814)
2022-12-15 00:27:03.573 UTC [TRACE] steampipe-plugin-hackernews.plugin: [TRACE] 1671064023814: No memory limit set
2022-12-15 00:27:03.573 UTC [INFO]  steampipe-plugin-hackernews.plugin: [INFO]  1671064023814: Plugin Execute, setting memory limit to -1Mb
2022-12-15 00:27:03.573 UTC [TRACE] steampipe-plugin-hackernews.plugin: [TRACE] 1671064023814: calling ExtractContextFromCarrier
2022-12-15 00:27:03.573 UTC [INFO]  steampipe-plugin-hackernews.plugin: [INFO]  1671064023814: Setting max concurrent connections to 25
2022-12-15 00:27:03.573 UTC [TRACE] steampipe-plugin-hackernews.plugin: [TRACE] 1671064023814: executeForConnection callId: 1671064023814, connectionCallId: hackernews-1671064023814, connection: hackernews table: hackernews_new cols: id,title,time,by,score,dead,deleted,descendants,kids,parent,parts,poll,text,type,url,_ctx
2022-12-15 00:27:03.573 UTC [TRACE] steampipe-plugin-hackernews.plugin: [TRACE] 1671064023814: got connection data
2022-12-15 00:27:03.573 UTC [TRACE] steampipe-plugin-hackernews.plugin: [TRACE] 1671064023814: Got query context, table: hackernews_new, cols: [id title time by score dead deleted descendants kids parent parts poll text type url _ctx]
2022-12-15 00:27:03.573 UTC [TRACE] steampipe-plugin-hackernews.plugin: [TRACE] 1671064023814: Start execute span
2022-12-15 00:27:03.573 UTC [INFO]  steampipe-plugin-hackernews.plugin: [INFO]  1671064023814: Setting free memory interval to 100 rows
2022-12-15 00:27:03.573 UTC [TRACE] steampipe-plugin-hackernews.plugin: [TRACE] 1671064023814: setFetchType map[time:quals:{fieldName:"time"  string_value:">"  value:{timestamp_value:{seconds:1671060423  nanos:444786000}}}]
2022-12-15 00:27:03.574 UTC [TRACE] steampipe-plugin-hackernews.plugin: [TRACE] 1671064023814: getMatchingQuals column:'id' operator: =
2022-12-15 00:27:03.574 UTC [TRACE] steampipe-plugin-hackernews.plugin: [TRACE] 1671064023814: getMatchingQuals returning false - qualMap does not contain any quals for column id
2022-12-15 00:27:03.575 UTC [TRACE] steampipe-plugin-hackernews.plugin: [TRACE] 1671064023814: GetUnsatisfiedKeyColumns for columns column:'id' operator: =
2022-12-15 00:27:03.575 UTC [TRACE] steampipe-plugin-hackernews.plugin: [TRACE] 1671064023814: key column NOT satisfied column:'id' operator: =
2022-12-15 00:27:03.576 UTC [TRACE] steampipe-plugin-hackernews.plugin: [TRACE] 1671064023814: satisfied: map[any_of: optional: required:]
2022-12-15 00:27:03.576 UTC [TRACE] steampipe-plugin-hackernews.plugin: [TRACE] 1671064023814: unsatisfied: map[any_of: optional: required:column:'id' operator: =]
2022-12-15 00:27:03.577 UTC [TRACE] steampipe-plugin-hackernews.plugin: [TRACE] 1671064023814: unsatisfied required KeyColumns: column:'id' operator: =
2022-12-15 00:27:03.577 UTC [TRACE] steampipe-plugin-hackernews.plugin: [TRACE] 1671064023814: Set fetchType to fetchTypeList
2022-12-15 00:27:03.577 UTC [TRACE] steampipe-plugin-hackernews.plugin: [TRACE] 1671064023814: Equals key column quals:
2022-12-15 00:27:03.577 UTC [DEBUG] steampipe-plugin-hackernews.plugin: {}
2022-12-15 00:27:03.577 UTC [TRACE] steampipe-plugin-hackernews.plugin: [TRACE] 1671064023814: All key column quals:
2022-12-15 00:27:03.577 UTC [DEBUG] steampipe-plugin-hackernews.plugin: {}
2022-12-15 00:27:03.577 UTC [TRACE] steampipe-plugin-hackernews.plugin: [TRACE] 1671064023814: GetMatrixItem
2022-12-15 00:27:03.577 UTC [TRACE] steampipe-plugin-hackernews.plugin: [TRACE] 1671064023814: creating query data
2022-12-15 00:27:03.577 UTC [INFO]  steampipe-plugin-hackernews.plugin: [INFO]  1671064023814: cacheEnabled, trying cache get (hackernews-1671064023814)
2022-12-15 00:27:03.577 UTC [TRACE] steampipe-plugin-hackernews.plugin: [TRACE] 1671064023814: QueryCache Get - indexBucketKey index__hackernewshackernews_new, quals
2022-12-15 00:27:03.577 UTC [TRACE] steampipe-plugin-hackernews.plugin: [TRACE] 1671064023814: QueryCache getCachedQueryResult - table hackernews_new, connectionName hackernews
2022-12-15 00:27:03.577 UTC [TRACE] steampipe-plugin-hackernews.plugin: [TRACE] 1671064023814: index bucket key: index__hackernewshackernews_new ttlSeconds 300 limit: -1
2022-12-15 00:27:03.577 UTC [TRACE] steampipe-plugin-hackernews.plugin: [TRACE] 1671064023814: doGet cache miss
2022-12-15 00:27:03.577 UTC [TRACE] steampipe-plugin-hackernews.plugin: [TRACE] 1671064023814: getCachedIndexBucket - no item retrieved for cache key index__hackernewshackernews_new
2022-12-15 00:27:03.577 UTC [TRACE] steampipe-plugin-hackernews.plugin: [TRACE] 1671064023814: getCachedQueryResult returned CACHE MISS - checking for pending transfers
2022-12-15 00:27:03.577 UTC [TRACE] steampipe-plugin-hackernews.plugin: [TRACE] 1671064023814: getPendingResultItem indexBucketKey index__hackernewshackernews_new, columns [id title time by score dead deleted descendants kids parent parts poll text type url _ctx], limit -1
2022-12-15 00:27:03.577 UTC [TRACE] steampipe-plugin-hackernews.plugin: [TRACE] 1671064023814: no pending index item - add pending result, indexBucketKey index__hackernewshackernews_new
2022-12-15 00:27:03.577 UTC [TRACE] steampipe-plugin-hackernews.plugin: [TRACE] 1671064023814: addPendingResult (hackernews-1671064023814) indexBucketKey index__hackernewshackernews_new, columns [id title time by score dead deleted descendants kids parent parts poll text type url _ctx], limit -1
2022-12-15 00:27:03.577 UTC [TRACE] steampipe-plugin-hackernews.plugin: [TRACE] 1671064023814: no index bucket found - creating one
2022-12-15 00:27:03.577 UTC [TRACE] steampipe-plugin-hackernews.plugin: [TRACE] 1671064023814: pendingIndexItem Lock count before 0
2022-12-15 00:27:03.577 UTC [TRACE] steampipe-plugin-hackernews.plugin: [TRACE] 1671064023814: addPendingResult added pending index item to bucket, (hackernews-1671064023814) indexBucketKey index__hackernewshackernews_new, resultKeyRoot hackernewshackernews_newid,title,time,by,score,dead,deleted,descendants,kids,parent,parts,poll,text,type,url,_ctx-1, pending item : 0xc0003bfe60
2022-12-15 00:27:03.577 UTC [TRACE] steampipe-plugin-hackernews.plugin: [TRACE] 1671064023814: **** pending items (hackernews-1671064023814)****
2022-12-15 00:27:03.577 UTC [TRACE] steampipe-plugin-hackernews.plugin: [TRACE] 1671064023814: key: index__hackernewshackernews_new: item: 0xc0003bfe60, count: 1, key:hackernewshackernews_newid,title,time,by,score,dead,deleted,descendants,kids,parent,parts,poll,text,type,url,_ctx-1
2022-12-15 00:27:03.577 UTC [TRACE] steampipe-plugin-hackernews.plugin: [TRACE] 1671064023814: ********
2022-12-15 00:27:03.577 UTC [TRACE] steampipe-plugin-hackernews.plugin: [TRACE] 1671064023814: getPendingResultItem returning <nil>
2022-12-15 00:27:03.577 UTC [INFO]  steampipe-plugin-hackernews.plugin: [INFO]  1671064023814: CACHE MISS
2022-12-15 00:27:03.577 UTC [TRACE] steampipe-plugin-hackernews.plugin: [TRACE] 1671064023814: cache MISS
2022-12-15 00:27:03.577 UTC [INFO]  steampipe-plugin-hackernews.plugin: [INFO]  1671064023814: queryCacheGet returned CACHE MISS (hackernews-1671064023814)
2022-12-15 00:27:03.577 UTC [TRACE] steampipe-plugin-hackernews.plugin: [TRACE] 1671064023814: StartSet (hackernews-1671064023814)
2022-12-15 00:27:03.577 UTC [TRACE] steampipe-plugin-hackernews.plugin: [TRACE] 1671064023814: calling fetchItems, table: hackernews_new, matrixItem: [], limit: -1,  connectionCallId: hackernews-1671064023814"
2022-12-15 00:27:03.578 UTC [TRACE] steampipe-plugin-hackernews.plugin: [TRACE] 1671064023814: buildRowsAsync connectionCallId: hackernews-1671064023814
2022-12-15 00:27:03.578 UTC [TRACE] steampipe-plugin-hackernews.plugin: [TRACE] 1671064023814: streamRows connectionCallId: hackernews-1671064023814
2022-12-15 00:27:03.578 UTC [TRACE] steampipe-plugin-hackernews.plugin: [TRACE] 1671064023814: QueryData streamRows (hackernews-1671064023814)
2022-12-15 00:27:03.578 UTC [TRACE] steampipe-plugin-hackernews.plugin: [TRACE] 1671064023814: executeListCall START (hackernews-1671064023814)
2022-12-15 00:27:03.578 UTC [TRACE] steampipe-plugin-hackernews.plugin: [TRACE] 1671064023814: GetUnsatisfiedKeyColumns for columns
2022-12-15 00:27:03.578 UTC [TRACE] steampipe-plugin-hackernews.plugin: [TRACE] 1671064023814: doList (hackernews-1671064023814)
2022-12-15 00:27:03.578 UTC [TRACE] steampipe-plugin-hackernews.plugin: [TRACE] 1671064023814: doList: no matrix item
2022-12-15 00:27:03.795 UTC [TRACE] stdio: received data: channel=STDOUT len=18
2022-12-15 00:27:03.795 UTC [TRACE] stdio: waiting for stdio data
2022-12-15 00:27:03.877 UTC [TRACE] stdio: received data: channel=STDOUT len=1024
2022-12-15 00:27:03.878 UTC [TRACE] stdio: waiting for stdio data
2022-12-15 00:27:03.928 UTC [TRACE] stdio: received data: channel=STDOUT len=1024
2022-12-15 00:27:03.928 UTC [TRACE] stdio: waiting for stdio data
2022-12-15 00:27:03.968 UTC [TRACE] stdio: received data: channel=STDOUT len=289
2022-12-15 00:27:03.968 UTC [TRACE] stdio: waiting for stdio data
2022-12-15 00:27:04.036 UTC [TRACE] stdio: received data: channel=STDOUT len=196
2022-12-15 00:27:04.036 UTC [TRACE] stdio: waiting for stdio data
2022-12-15 00:27:04.068 UTC [TRACE] stdio: received data: channel=STDOUT len=912
2022-12-15 00:27:04.068 UTC [TRACE] stdio: waiting for stdio data
2022-12-15 00:27:04.068 UTC [TRACE] stdio: received data: channel=STDOUT len=35
2022-12-15 00:27:04.068 UTC [TRACE] stdio: waiting for stdio data
2022-12-15 00:27:04.068 UTC [TRACE] steampipe-plugin-hackernews.plugin: [TRACE] 1671064023814: QueryData.fetchComplete
2022-12-15 00:27:04.068 UTC [TRACE] steampipe-plugin-hackernews.plugin: [TRACE] 1671064023814: executeListCall COMPLETE (hackernews-1671064023814)
2022-12-15 00:27:04.069 UTC [TRACE] steampipe-plugin-hackernews.plugin: [TRACE] 1671064023814: rowData chan returned nil - wait for rows to complete (hackernews-1671064023814)
2022-12-15 00:27:04.097 UTC [TRACE] stdio: received data: channel=STDOUT len=13
2022-12-15 00:27:04.097 UTC [TRACE] stdio: waiting for stdio data
2022-12-15 00:27:04.099 UTC [TRACE] stdio: received data: channel=STDOUT len=16
2022-12-15 00:27:04.099 UTC [TRACE] stdio: waiting for stdio data
2022-12-15 00:27:04.165 UTC [TRACE] stdio: received data: channel=STDOUT len=247
2022-12-15 00:27:04.165 UTC [TRACE] stdio: waiting for stdio data
2022-12-15 00:27:04.174 UTC [TRACE] stdio: received data: channel=STDOUT len=410
2022-12-15 00:27:04.174 UTC [TRACE] stdio: waiting for stdio data
2022-12-15 00:27:04.183 UTC [TRACE] stdio: received data: channel=STDOUT len=14
2022-12-15 00:27:04.183 UTC [TRACE] stdio: waiting for stdio data
2022-12-15 00:27:04.194 UTC [TRACE] stdio: received data: channel=STDOUT len=67
2022-12-15 00:27:04.194 UTC [TRACE] stdio: waiting for stdio data
2022-12-15 00:27:04.197 UTC [TRACE] stdio: received data: channel=STDOUT len=145
2022-12-15 00:27:04.197 UTC [TRACE] stdio: waiting for stdio data
2022-12-15 00:27:04.199 UTC [TRACE] stdio: received data: channel=STDOUT len=14
2022-12-15 00:27:04.199 UTC [TRACE] stdio: waiting for stdio data
2022-12-15 00:27:04.595 UTC [TRACE] stdio: received data: channel=STDOUT len=58
2022-12-15 00:27:04.595 UTC [TRACE] stdio: waiting for stdio data
2022-12-15 00:27:04.598 UTC [TRACE] stdio: received data: channel=STDOUT len=19
2022-12-15 00:27:04.598 UTC [TRACE] stdio: waiting for stdio data
2022-12-15 00:27:04.599 UTC [TRACE] stdio: received data: channel=STDOUT len=24
2022-12-15 00:27:04.599 UTC [TRACE] stdio: waiting for stdio data
2022-12-15 00:27:04.638 UTC [TRACE] stdio: received data: channel=STDOUT len=40
2022-12-15 00:27:04.638 UTC [TRACE] stdio: waiting for stdio data
2022-12-15 00:27:04.639 UTC [TRACE] steampipe-plugin-hackernews.plugin: [TRACE] 1671064023814: buildRowsAsync goroutine returning (hackernews-1671064023814)
2022-12-15 00:27:04.640 UTC [TRACE] stdio: received data: channel=STDOUT len=118
2022-12-15 00:27:04.640 UTC [TRACE] stdio: waiting for stdio data
2022-12-15 00:27:04.640 UTC [TRACE] steampipe-plugin-hackernews.plugin: [TRACE] 1671064023814: streamRows - nil row, stop streaming (hackernews-1671064023814)
2022-12-15 00:27:04.640 UTC [TRACE] steampipe-plugin-hackernews.plugin: [TRACE] 1671064023814: ------------------------------------
2022-12-15 00:27:04.640 UTC [TRACE] steampipe-plugin-hackernews.plugin: [TRACE] 1671064023814: Concurrency Summary
2022-12-15 00:27:04.640 UTC [TRACE] steampipe-plugin-hackernews.plugin: [TRACE] 1671064023814: ------------------------------------
2022-12-15 00:27:04.640 UTC [TRACE] steampipe-plugin-hackernews.plugin: [TRACE] 1671064023814: getItem                       : 200
2022-12-15 00:27:04.640 UTC [TRACE] steampipe-plugin-hackernews.plugin: [TRACE] 1671064023814: ------------------------------------
2022-12-15 00:27:04.640 UTC [TRACE] steampipe-plugin-hackernews.plugin: [TRACE] 1671064023814: Total                         : 200
2022-12-15 00:27:04.640 UTC [TRACE] steampipe-plugin-hackernews.plugin: [TRACE] 1671064023814: ------------------------------------
2022-12-15 00:27:04.640 UTC [TRACE] steampipe-plugin-hackernews.plugin: [TRACE] 1671064023814: QueryData streamRows DONE (hackernews-1671064023814)
2022-12-15 00:27:04.640 UTC [TRACE] steampipe-plugin-hackernews.plugin: [TRACE] 1671064023814: EndSet (hackernews-1671064023814) table hackernews_new
2022-12-15 00:27:04.640 UTC [TRACE] steampipe-plugin-hackernews.plugin: [TRACE] 1671064023814: QueryCache writePageToCache: 500 rows, pageCount 1, page key hackernewshackernews_newid,title,time,by,score,dead,deleted,descendants,kids,parent,parts,poll,text,type,url,_ctx-1-0
2022-12-15 00:27:04.651 UTC [TRACE] steampipe-plugin-hackernews.plugin: [TRACE] 1671064023814: writePageToCache Set - result written
2022-12-15 00:27:04.651 UTC [TRACE] steampipe-plugin-hackernews.plugin: [TRACE] 1671064023814: QueryCache EndSet - result written
2022-12-15 00:27:04.651 UTC [TRACE] steampipe-plugin-hackernews.plugin: [TRACE] 1671064023814: doGet cache miss
2022-12-15 00:27:04.651 UTC [TRACE] steampipe-plugin-hackernews.plugin: [TRACE] 1671064023814: getCachedIndexBucket - no item retrieved for cache key index__hackernewshackernews_new
2022-12-15 00:27:04.651 UTC [TRACE] steampipe-plugin-hackernews.plugin: [TRACE] 1671064023814: getCachedIndexBucket returned cache miss
2022-12-15 00:27:04.651 UTC [TRACE] steampipe-plugin-hackernews.plugin: [TRACE] 1671064023814: QueryCache EndSet - Added index item (0xc01afd9a40) to bucket (0xc01afee2b8), page count 1,  key root hackernewshackernews_newid,title,time,by,score,dead,deleted,descendants,kids,parent,parts,poll,text,type,url,_ctx-1
2022-12-15 00:27:04.651 UTC [TRACE] steampipe-plugin-hackernews.plugin: [TRACE] 1671064023814: cacheSetIndexBucket index__hackernewshackernews_new
2022-12-15 00:27:04.652 UTC [TRACE] steampipe-plugin-hackernews.plugin: [TRACE] 1671064023814: QueryCache EndSet - IndexBucket written
2022-12-15 00:27:04.652 UTC [TRACE] steampipe-plugin-hackernews.plugin: [TRACE] 1671064023814: EndSet DEFER (hackernews-1671064023814) table hackernews_new
2022-12-15 00:27:04.652 UTC [TRACE] steampipe-plugin-hackernews.plugin: [TRACE] 1671064023814: calling pendingItemComplete (hackernews-1671064023814)
2022-12-15 00:27:04.652 UTC [TRACE] steampipe-plugin-hackernews.plugin: [TRACE] 1671064023814: pendingItemComplete (hackernews-1671064023814) indexBucketKey index__hackernewshackernews_new, columns [id title time by score dead deleted descendants kids parent parts poll text type url _ctx], limit -1
2022-12-15 00:27:04.652 UTC [TRACE] steampipe-plugin-hackernews.plugin: [TRACE] 1671064023814: got pending index bucket, (hackernews-1671064023814) len 1
2022-12-15 00:27:04.652 UTC [TRACE] steampipe-plugin-hackernews.plugin: [TRACE] 1671064023814: SatisfiesLimit limit -1, no item limit - satisfied
2022-12-15 00:27:04.652 UTC [TRACE] steampipe-plugin-hackernews.plugin: [TRACE] 1671064023814: found pending index item to satisfy columns id,title,time,by,score,dead,deleted,descendants,kids,parent,parts,poll,text,type,url,_ctx, limit -1
2022-12-15 00:27:04.652 UTC [TRACE] steampipe-plugin-hackernews.plugin: [TRACE] 1671064023814: found completed pending item (hackernews-1671064023814) 0xc0003bfe60, key hackernewshackernews_newid,title,time,by,score,dead,deleted,descendants,kids,parent,parts,poll,text,type,url,_ctx-1 - removing from map as it is complete
2022-12-15 00:27:04.652 UTC [TRACE] steampipe-plugin-hackernews.plugin: [TRACE] 1671064023814: pendingIndexItem Unlock count before 1 key hackernewshackernews_newid,title,time,by,score,dead,deleted,descendants,kids,parent,parts,poll,text,type,url,_ctx-1
2022-12-15 00:27:04.652 UTC [TRACE] steampipe-plugin-hackernews.plugin: [TRACE] 1671064023814: deleted from pending, (hackernews-1671064023814) len 0
2022-12-15 00:27:04.652 UTC [TRACE] steampipe-plugin-hackernews.plugin: [TRACE] 1671064023814: pending bucket now empty - deleting key index__hackernewshackernews_new
2022-12-15 00:27:04.652 UTC [TRACE] steampipe-plugin-hackernews.plugin: [TRACE] 1671064023814: pendingItemComplete done (hackernews-1671064023814)
2022-12-15 00:27:04.652 UTC [TRACE] steampipe-plugin-hackernews.plugin: [TRACE] 1671064023814: cache set succeeded
2022-12-15 00:27:04.652 UTC [TRACE] steampipe-plugin-hackernews.plugin: [TRACE] 1671064023814: End execute span
2022-12-15 00:27:04.652 UTC [TRACE] steampipe-plugin-hackernews.plugin: [TRACE] 1671064023814: executeForConnection DEFER (hackernews-1671064023814)
2022-12-15 00:27:04.652 UTC [TRACE] steampipe-plugin-hackernews.plugin: [TRACE] 1671064023814: Execute complete callId: hackernews-1671064023814 table: hackernews_new
2022-12-15 00:27:04.652 UTC [TRACE] steampipe-plugin-hackernews.plugin: [TRACE] 1671064023814: executeForConnection hackernews returned
2022-12-15 00:27:04.652 UTC [TRACE] steampipe-plugin-hackernews.plugin: [TRACE] 1671064023814: output wg complete - send nil row
2022-12-15 00:27:04.652 UTC [TRACE] steampipe-plugin-hackernews.plugin: [TRACE] 1671064023814: empty row on output channel - we are done
2022-12-15 00:27:04.652 UTC [INFO]  steampipe-plugin-hackernews.plugin: [INFO]  1671064023814: Plugin Execute complete (1671064023814)
2022-12-15 00:27:04.718 UTC [TRACE] PluginManager Shutdown
2022-12-15 00:27:04.718 UTC [TRACE] killing plugin csv (2075)
2022-12-15 00:27:04.719 UTC [DEBUG] stdio: received EOF, stopping recv loop: err="rpc error: code = Unavailable desc = error reading from server: EOF"
2022-12-15 00:27:04.719 UTC [TRACE] steampipe-plugin-csv.plugin: [TRACE] FLUSHING instrumentation
2022-12-15 00:27:04.719 UTC [TRACE] steampipe-plugin-csv.plugin: [TRACE] Shutdown instrumentation
2022-12-15 00:27:04.720 UTC [INFO]  plugin process exited: path=/home/runner/.steampipe/plugins/hub.steampipe.io/plugins/turbot/csv@latest/steampipe-plugin-csv.plugin pid=2075
2022-12-15 00:27:04.720 UTC [DEBUG] plugin exited
2022-12-15 00:27:04.720 UTC [TRACE] killing plugin hackernews (2099)
2022-12-15 00:27:04.721 UTC [TRACE] steampipe-plugin-hackernews.plugin: [TRACE] 1671064023814: FLUSHING instrumentation
2022-12-15 00:27:04.721 UTC [TRACE] steampipe-plugin-hackernews.plugin: [TRACE] 1671064023814: Shutdown instrumentation
2022-12-15 00:27:04.721 UTC [DEBUG] stdio: received EOF, stopping recv loop: err="rpc error: code = Unavailable desc = error reading from server: EOF"
2022-12-15 00:27:04.724 UTC [INFO]  plugin process exited: path=/home/runner/.steampipe/plugins/hub.steampipe.io/plugins/turbot/hackernews@latest/steampipe-plugin-hackernews.plugin pid=2099
2022-12-15 00:27:04.724 UTC [DEBUG] plugin exited
2022-12-15 00:27:10.504 UTC [WARN]  steampipe-plugin-csv.plugin: [WARN]  167106403096: getKeyColumnsForTable found no schema for table '/home/runner/work/steampipe-samples/steampipe-samples/all/hackernews/hn.csv'
2022-12-15 00:27:47.338 UTC [WARN]  steampipe-plugin-csv.plugin: [WARN]  1671064067699: getKeyColumnsForTable found no schema for table '/home/runner/work/steampipe-samples/steampipe-samples/all/hackernews/hn.csv'
2022-12-15 00:30:21.992 UTC [ERROR] steampipe-plugin-csv.plugin: [ERROR] csv.tableCSV: header_parse_error=EOF path=/home/runner/work/steampipe-samples/steampipe-samples/all/hackernews/new_sc.csv header=[]
2022-12-15 00:30:21.992 UTC [ERROR] steampipe-plugin-csv.plugin: [ERROR] csv.PluginTables: create_table_error="failed to parse file header /home/runner/work/steampipe-samples/steampipe-samples/all/hackernews/new_sc.csv: EOF" path=/home/runner/work/steampipe-samples/steampipe-samples/all/hackernews/new_sc.csv
2022-12-15 00:30:21.992 UTC [WARN]  failed to set connection config: failed to parse file header /home/runner/work/steampipe-samples/steampipe-samples/all/hackernews/new_sc.csv: EOF
2022-12-15 00:30:23.453 UTC [WARN]  steampipe-plugin-csv.plugin: [WARN]  1671064223796: getKeyColumnsForTable found no schema for table '/home/runner/work/steampipe-samples/steampipe-samples/all/hackernews/new_sc.csv'
2022-12-15 00:30:31.333 UTC [ERROR] steampipe-plugin-csv.plugin: [ERROR] csv.tableCSV: header_parse_error=EOF path=/home/runner/work/steampipe-samples/steampipe-samples/all/hackernews/hn_items_all.csv header=[]
2022-12-15 00:30:31.333 UTC [ERROR] steampipe-plugin-csv.plugin: [ERROR] csv.PluginTables: create_table_error="failed to parse file header /home/runner/work/steampipe-samples/steampipe-samples/all/hackernews/hn_items_all.csv: EOF" path=/home/runner/work/steampipe-samples/steampipe-samples/all/hackernews/hn_items_all.csv
2022-12-15 00:30:31.333 UTC [WARN]  failed to set connection config: failed to parse file header /home/runner/work/steampipe-samples/steampipe-samples/all/hackernews/hn_items_all.csv: EOF
2022-12-15 00:30:32.880 UTC [ERROR] steampipe-plugin-csv.plugin: [ERROR] csv.tableCSV: header_parse_error=EOF path=/home/runner/work/steampipe-samples/steampipe-samples/all/hackernews/people.csv header=[]
2022-12-15 00:30:32.880 UTC [ERROR] steampipe-plugin-csv.plugin: [ERROR] csv.PluginTables: create_table_error="failed to parse file header /home/runner/work/steampipe-samples/steampipe-samples/all/hackernews/people.csv: EOF" path=/home/runner/work/steampipe-samples/steampipe-samples/all/hackernews/people.csv
2022-12-15 00:30:32.880 UTC [WARN]  failed to set connection config: failed to parse file header /home/runner/work/steampipe-samples/steampipe-samples/all/hackernews/people.csv: EOF
