2022-11-06 12:21:51.070 UTC [WARN]  PluginManager setPluginCacheSizeMap: 1 connection.
2022-11-06 12:21:51.070 UTC [WARN]  Total cache size 0Mb
2022-11-06 12:21:51.135 UTC [WARN]  plugin configured with a nil SecureConfig
2022-11-06 12:21:52.592 UTC [WARN]  PluginManager setPluginCacheSizeMap: 2 connections.
2022-11-06 12:21:52.593 UTC [WARN]  Total cache size 0Mb
2022-11-06 12:21:52.667 UTC [WARN]  plugin configured with a nil SecureConfig
2022-11-06 12:21:54.105 UTC [WARN]  PluginManager setPluginCacheSizeMap: 3 connections.
2022-11-06 12:21:54.105 UTC [WARN]  Total cache size 0Mb
2022-11-06 12:21:54.168 UTC [WARN]  plugin configured with a nil SecureConfig
2022-11-06 12:21:54.199 UTC [WARN]  plugin configured with a nil SecureConfig
2022-11-06 12:21:55.934 UTC [WARN]  PluginManager setPluginCacheSizeMap: 4 connections.
2022-11-06 12:21:55.934 UTC [WARN]  Total cache size 0Mb
2022-11-06 12:21:55.996 UTC [WARN]  plugin configured with a nil SecureConfig
2022-11-06 12:21:56.033 UTC [WARN]  plugin configured with a nil SecureConfig
2022-11-06 12:21:56.926 UTC [INFO]  starting plugin manager
2022-11-06 12:21:56.927 UTC [TRACE] loaded config map: hackernews,net,csv,github
2022-11-06 12:21:56.927 UTC [TRACE] NewPluginManager
2022-11-06 12:21:56.928 UTC [WARN]  PluginManager setPluginCacheSizeMap: 4 connections.
2022-11-06 12:21:56.928 UTC [WARN]  Total cache size 0Mb
2022-11-06 12:21:56.928 UTC [INFO]  starting connection watcher
2022-11-06 12:21:56.928 UTC [INFO]  created ConnectionWatcher
2022-11-06 12:21:56.928 UTC [TRACE] about to serve
2022-11-06 12:21:56.993 UTC [TRACE] PluginManager Get, connections: '[csv]'
2022-11-06 12:21:56.993 UTC [TRACE] PluginManager getPlugin hub.steampipe.io/plugins/turbot/csv@latest connection 'csv'
2022-11-06 12:21:56.993 UTC [TRACE] PluginManager 0xc000636870 plugin hub.steampipe.io/plugins/turbot/csv@latest (csv) NOT started or starting - start now
2022-11-06 12:21:56.993 UTC [TRACE] ************ start plugin csv ********************
2022-11-06 12:21:56.993 UTC [WARN]  plugin configured with a nil SecureConfig
2022-11-06 12:21:56.993 UTC [DEBUG] starting plugin: path=/home/runner/.steampipe/plugins/hub.steampipe.io/plugins/turbot/csv@latest/steampipe-plugin-csv.plugin args=["/home/runner/.steampipe/plugins/hub.steampipe.io/plugins/turbot/csv@latest/steampipe-plugin-csv.plugin"]
2022-11-06 12:21:56.995 UTC [DEBUG] plugin started: path=/home/runner/.steampipe/plugins/hub.steampipe.io/plugins/turbot/csv@latest/steampipe-plugin-csv.plugin pid=1969
2022-11-06 12:21:56.995 UTC [DEBUG] waiting for RPC address: path=/home/runner/.steampipe/plugins/hub.steampipe.io/plugins/turbot/csv@latest/steampipe-plugin-csv.plugin
2022-11-06 12:21:57.004 UTC [INFO]  steampipe-plugin-csv.plugin: [INFO]  Initialise plugin 'steampipe-plugin-csv', using sdk version 4.1.7
2022-11-06 12:21:57.004 UTC [TRACE] steampipe-plugin-csv.plugin: [TRACE] no DefaultRetryConfig defined - creating empty
2022-11-06 12:21:57.004 UTC [TRACE] steampipe-plugin-csv.plugin: [TRACE] no DefaultIgnoreConfig defined - creating empty
2022-11-06 12:21:57.004 UTC [TRACE] steampipe-plugin-csv.plugin: [TRACE] Setting Ulimit: ulimit=2560
2022-11-06 12:21:57.004 UTC [TRACE] steampipe-plugin-csv.plugin: [TRACE] telemetry.Init service 'steampipe-plugin-csv', tracingEnabled: false, metricsEnabled: false
2022-11-06 12:21:57.004 UTC [TRACE] steampipe-plugin-csv.plugin: [TRACE] metrics and tracing disabled' - returning
2022-11-06 12:21:57.006 UTC [DEBUG] steampipe-plugin-csv.plugin: plugin address: network=unix address=/tmp/plugin3748699794 timestamp=2022-11-06T12:21:57.006Z
2022-11-06 12:21:57.006 UTC [DEBUG] using plugin: version=0
2022-11-06 12:21:57.006 UTC [TRACE] NewPluginClient for plugin hub.steampipe.io/plugins/turbot/csv@latest
2022-11-06 12:21:57.007 UTC [TRACE] stdio: waiting for stdio data
2022-11-06 12:21:57.007 UTC [TRACE] supportedOperations: query_cache:true multiple_connections:true
2022-11-06 12:21:57.008 UTC [TRACE] steampipe-plugin-csv.plugin: [TRACE] SetAllConnectionConfigs setting 1 configs
2022-11-06 12:21:57.009 UTC [TRACE] steampipe-plugin-csv.plugin: [TRACE] connection csv build schema and table map
2022-11-06 12:21:57.009 UTC [DEBUG] steampipe-plugin-csv.plugin: [DEBUG] csv.tableCSV: path=/home/runner/work/steampipe-samples/steampipe-samples/all/hackernews/hn_items_all.csv detected_encoding=Unknown
2022-11-06 12:21:57.009 UTC [DEBUG] steampipe-plugin-csv.plugin: [DEBUG] csv.tableCSV: path=/home/runner/work/steampipe-samples/steampipe-samples/all/hackernews/new_sc.csv detected_encoding=Unknown
2022-11-06 12:21:57.009 UTC [DEBUG] steampipe-plugin-csv.plugin: [DEBUG] csv.tableCSV: path=/home/runner/work/steampipe-samples/steampipe-samples/all/hackernews/people.csv detected_encoding=Unknown
2022-11-06 12:21:57.009 UTC [TRACE] steampipe-plugin-csv.plugin: [TRACE] initialise table /home/runner/work/steampipe-samples/steampipe-samples/all/hackernews/hn_items_all.csv
2022-11-06 12:21:57.009 UTC [TRACE] steampipe-plugin-csv.plugin: [TRACE] no DefaultRetryConfig defined - creating empty
2022-11-06 12:21:57.009 UTC [TRACE] steampipe-plugin-csv.plugin: [TRACE] no DefaultIgnoreConfig defined - creating empty
2022-11-06 12:21:57.009 UTC [TRACE] steampipe-plugin-csv.plugin: [TRACE] apply plugin defaults for DefaultRetryConfig
2022-11-06 12:21:57.009 UTC [TRACE] steampipe-plugin-csv.plugin: [TRACE] apply plugin defaults for DefaultIgnoreConfig, table &{<nil> <nil>} plugin &{<nil> <nil>}
2022-11-06 12:21:57.009 UTC [TRACE] steampipe-plugin-csv.plugin: [TRACE] DefaultRetryConfig:
2022-11-06 12:21:57.009 UTC [TRACE] steampipe-plugin-csv.plugin: [TRACE] DefaultIgnoreConfig:
2022-11-06 12:21:57.009 UTC [TRACE] steampipe-plugin-csv.plugin: [TRACE] t.List.initialise
2022-11-06 12:21:57.009 UTC [TRACE] steampipe-plugin-csv.plugin: [TRACE] ListConfig.initialise table /home/runner/work/steampipe-samples/steampipe-samples/all/hackernews/hn_items_all.csv
2022-11-06 12:21:57.009 UTC [TRACE] steampipe-plugin-csv.plugin: [TRACE] ListConfig.initialise complete: RetryConfig: , IgnoreConfig
2022-11-06 12:21:57.009 UTC [TRACE] steampipe-plugin-csv.plugin: [TRACE] back from initialiseHydrateConfigs
2022-11-06 12:21:57.009 UTC [TRACE] steampipe-plugin-csv.plugin: [TRACE] initialise table /home/runner/work/steampipe-samples/steampipe-samples/all/hackernews/hn_items_all.csv COMPLETE
2022-11-06 12:21:57.009 UTC [TRACE] steampipe-plugin-csv.plugin: [TRACE] initialise table /home/runner/work/steampipe-samples/steampipe-samples/all/hackernews/new_sc.csv
2022-11-06 12:21:57.009 UTC [TRACE] steampipe-plugin-csv.plugin: [TRACE] no DefaultRetryConfig defined - creating empty
2022-11-06 12:21:57.009 UTC [TRACE] steampipe-plugin-csv.plugin: [TRACE] no DefaultIgnoreConfig defined - creating empty
2022-11-06 12:21:57.009 UTC [TRACE] steampipe-plugin-csv.plugin: [TRACE] apply plugin defaults for DefaultRetryConfig
2022-11-06 12:21:57.009 UTC [TRACE] steampipe-plugin-csv.plugin: [TRACE] apply plugin defaults for DefaultIgnoreConfig, table &{<nil> <nil>} plugin &{<nil> <nil>}
2022-11-06 12:21:57.009 UTC [TRACE] steampipe-plugin-csv.plugin: [TRACE] DefaultRetryConfig:
2022-11-06 12:21:57.009 UTC [TRACE] steampipe-plugin-csv.plugin: [TRACE] DefaultIgnoreConfig:
2022-11-06 12:21:57.009 UTC [TRACE] steampipe-plugin-csv.plugin: [TRACE] t.List.initialise
2022-11-06 12:21:57.009 UTC [TRACE] steampipe-plugin-csv.plugin: [TRACE] ListConfig.initialise table /home/runner/work/steampipe-samples/steampipe-samples/all/hackernews/new_sc.csv
2022-11-06 12:21:57.009 UTC [TRACE] steampipe-plugin-csv.plugin: [TRACE] ListConfig.initialise complete: RetryConfig: , IgnoreConfig
2022-11-06 12:21:57.009 UTC [TRACE] steampipe-plugin-csv.plugin: [TRACE] back from initialiseHydrateConfigs
2022-11-06 12:21:57.009 UTC [TRACE] steampipe-plugin-csv.plugin: [TRACE] initialise table /home/runner/work/steampipe-samples/steampipe-samples/all/hackernews/new_sc.csv COMPLETE
2022-11-06 12:21:57.009 UTC [TRACE] steampipe-plugin-csv.plugin: [TRACE] initialise table /home/runner/work/steampipe-samples/steampipe-samples/all/hackernews/people.csv
2022-11-06 12:21:57.009 UTC [TRACE] steampipe-plugin-csv.plugin: [TRACE] no DefaultRetryConfig defined - creating empty
2022-11-06 12:21:57.009 UTC [TRACE] steampipe-plugin-csv.plugin: [TRACE] no DefaultIgnoreConfig defined - creating empty
2022-11-06 12:21:57.009 UTC [TRACE] steampipe-plugin-csv.plugin: [TRACE] apply plugin defaults for DefaultRetryConfig
2022-11-06 12:21:57.009 UTC [TRACE] steampipe-plugin-csv.plugin: [TRACE] apply plugin defaults for DefaultIgnoreConfig, table &{<nil> <nil>} plugin &{<nil> <nil>}
2022-11-06 12:21:57.009 UTC [TRACE] steampipe-plugin-csv.plugin: [TRACE] DefaultRetryConfig:
2022-11-06 12:21:57.009 UTC [TRACE] steampipe-plugin-csv.plugin: [TRACE] DefaultIgnoreConfig:
2022-11-06 12:21:57.009 UTC [TRACE] steampipe-plugin-csv.plugin: [TRACE] t.List.initialise
2022-11-06 12:21:57.009 UTC [TRACE] steampipe-plugin-csv.plugin: [TRACE] ListConfig.initialise table /home/runner/work/steampipe-samples/steampipe-samples/all/hackernews/people.csv
2022-11-06 12:21:57.009 UTC [TRACE] steampipe-plugin-csv.plugin: [TRACE] ListConfig.initialise complete: RetryConfig: , IgnoreConfig
2022-11-06 12:21:57.009 UTC [TRACE] steampipe-plugin-csv.plugin: [TRACE] back from initialiseHydrateConfigs
2022-11-06 12:21:57.009 UTC [TRACE] steampipe-plugin-csv.plugin: [TRACE] initialise table /home/runner/work/steampipe-samples/steampipe-samples/all/hackernews/people.csv COMPLETE
2022-11-06 12:21:57.009 UTC [TRACE] steampipe-plugin-csv.plugin: [TRACE] validate plugin steampipe-plugin-csv, required columns []
2022-11-06 12:21:57.009 UTC [TRACE] steampipe-plugin-csv.plugin: [TRACE] validate DefaultRetryConfig
2022-11-06 12:21:57.009 UTC [TRACE] steampipe-plugin-csv.plugin: [TRACE] validate DefaultIgnoreConfig
2022-11-06 12:21:57.009 UTC [TRACE] steampipe-plugin-csv.plugin: [TRACE] validate table names
2022-11-06 12:21:57.009 UTC [TRACE] steampipe-plugin-csv.plugin: [TRACE] plugin has 0 validation errors
2022-11-06 12:21:57.009 UTC [TRACE] steampipe-plugin-csv.plugin: [TRACE] Plugin ensureCache creating cache, maxCacheStorageMb 0
2022-11-06 12:21:57.009 UTC [TRACE] steampipe-plugin-csv.plugin: [TRACE] createCacheStore for plugin 'steampipe-plugin-csv' setting max size to 0Mb, Shards: 2, max shard size: 0
2022-11-06 12:21:57.021 UTC [INFO]  steampipe-plugin-csv.plugin: [INFO]  query cache created
2022-11-06 12:21:57.021 UTC [DEBUG] steampipe-plugin-csv.plugin: [DEBUG] SetAllConnectionConfigs finished
2022-11-06 12:21:57.021 UTC [TRACE] PluginManager getPlugin complete, returning reattach config with PID: 1969
2022-11-06 12:21:57.022 UTC [TRACE] PluginManager Get returning reattach_map:{key:"csv" value:{protocol:"grpc" addr:{Network:"unix" Address:"/tmp/plugin3748699794"} pid:1969 supported_operations:{query_cache:true multiple_connections:true} connections:"csv" plugin:"hub.steampipe.io/plugins/turbot/csv@latest"}}
2022-11-06 12:21:57.029 UTC [TRACE] handleFileWatcherEvent ignoring first event
2022-11-06 12:21:57.098 UTC [TRACE] PluginManager Get, connections: '[csv]'
2022-11-06 12:21:57.098 UTC [TRACE] PluginManager getPlugin hub.steampipe.io/plugins/turbot/csv@latest connection 'csv'
2022-11-06 12:21:57.098 UTC [TRACE] connection csv found in connectionPluginMap
2022-11-06 12:21:57.098 UTC [TRACE] initialized: 1969
2022-11-06 12:21:57.098 UTC [TRACE] initialized: 1969
2022-11-06 12:21:57.098 UTC [TRACE] connection csv is loaded, check for running PID
2022-11-06 12:21:57.099 UTC [TRACE] PluginManager found 'csv' in map, pid 1969
2022-11-06 12:21:57.099 UTC [TRACE] PluginManager Get returning reattach_map:{key:"csv" value:{protocol:"grpc" addr:{Network:"unix" Address:"/tmp/plugin3748699794"} pid:1969 supported_operations:{query_cache:true multiple_connections:true} connections:"csv" plugin:"hub.steampipe.io/plugins/turbot/csv@latest"}}
2022-11-06 12:21:57.242 UTC [TRACE] PluginManager Get, connections: '[hackernews]'
2022-11-06 12:21:57.242 UTC [TRACE] PluginManager getPlugin hub.steampipe.io/plugins/turbot/hackernews@latest connection 'hackernews'
2022-11-06 12:21:57.242 UTC [TRACE] PluginManager 0xc000636870 plugin hub.steampipe.io/plugins/turbot/hackernews@latest (hackernews) NOT started or starting - start now
2022-11-06 12:21:57.242 UTC [TRACE] ************ start plugin hackernews ********************
2022-11-06 12:21:57.242 UTC [WARN]  plugin configured with a nil SecureConfig
2022-11-06 12:21:57.242 UTC [DEBUG] starting plugin: path=/home/runner/.steampipe/plugins/hub.steampipe.io/plugins/turbot/hackernews@latest/steampipe-plugin-hackernews.plugin args=["/home/runner/.steampipe/plugins/hub.steampipe.io/plugins/turbot/hackernews@latest/steampipe-plugin-hackernews.plugin"]
2022-11-06 12:21:57.243 UTC [DEBUG] plugin started: path=/home/runner/.steampipe/plugins/hub.steampipe.io/plugins/turbot/hackernews@latest/steampipe-plugin-hackernews.plugin pid=1991
2022-11-06 12:21:57.243 UTC [DEBUG] waiting for RPC address: path=/home/runner/.steampipe/plugins/hub.steampipe.io/plugins/turbot/hackernews@latest/steampipe-plugin-hackernews.plugin
2022-11-06 12:21:57.249 UTC [INFO]  steampipe-plugin-hackernews.plugin: [INFO]  Initialise plugin 'steampipe-plugin-hackernews', using sdk version 4.1.7
2022-11-06 12:21:57.249 UTC [TRACE] steampipe-plugin-hackernews.plugin: [TRACE] defaulting SchemaMode to SchemaModeStatic
2022-11-06 12:21:57.249 UTC [TRACE] steampipe-plugin-hackernews.plugin: [TRACE] no DefaultRetryConfig defined - creating empty
2022-11-06 12:21:57.249 UTC [TRACE] steampipe-plugin-hackernews.plugin: [TRACE] no DefaultIgnoreConfig defined - creating empty
2022-11-06 12:21:57.249 UTC [TRACE] steampipe-plugin-hackernews.plugin: [TRACE] Setting Ulimit: ulimit=2560
2022-11-06 12:21:57.249 UTC [TRACE] steampipe-plugin-hackernews.plugin: [TRACE] telemetry.Init service 'steampipe-plugin-hackernews', tracingEnabled: false, metricsEnabled: false
2022-11-06 12:21:57.249 UTC [TRACE] steampipe-plugin-hackernews.plugin: [TRACE] metrics and tracing disabled' - returning
2022-11-06 12:21:57.250 UTC [DEBUG] steampipe-plugin-hackernews.plugin: plugin address: address=/tmp/plugin3171449312 network=unix timestamp=2022-11-06T12:21:57.250Z
2022-11-06 12:21:57.250 UTC [DEBUG] using plugin: version=0
2022-11-06 12:21:57.250 UTC [TRACE] NewPluginClient for plugin hub.steampipe.io/plugins/turbot/hackernews@latest
2022-11-06 12:21:57.251 UTC [TRACE] stdio: waiting for stdio data
2022-11-06 12:21:57.252 UTC [TRACE] supportedOperations: query_cache:true multiple_connections:true
2022-11-06 12:21:57.252 UTC [TRACE] steampipe-plugin-hackernews.plugin: [TRACE] SetAllConnectionConfigs setting 1 configs
2022-11-06 12:21:57.252 UTC [TRACE] steampipe-plugin-hackernews.plugin: [TRACE] connection hackernews build schema and table map
2022-11-06 12:21:57.252 UTC [TRACE] steampipe-plugin-hackernews.plugin: [TRACE] initialise table hackernews_best
2022-11-06 12:21:57.252 UTC [TRACE] steampipe-plugin-hackernews.plugin: [TRACE] no DefaultRetryConfig defined - creating empty
2022-11-06 12:21:57.252 UTC [TRACE] steampipe-plugin-hackernews.plugin: [TRACE] no DefaultIgnoreConfig defined - creating empty
2022-11-06 12:21:57.252 UTC [TRACE] steampipe-plugin-hackernews.plugin: [TRACE] apply plugin defaults for DefaultRetryConfig
2022-11-06 12:21:57.252 UTC [TRACE] steampipe-plugin-hackernews.plugin: [TRACE] apply plugin defaults for DefaultIgnoreConfig, table &{<nil> <nil>} plugin &{<nil> <nil>}
2022-11-06 12:21:57.252 UTC [TRACE] steampipe-plugin-hackernews.plugin: [TRACE] DefaultRetryConfig:
2022-11-06 12:21:57.252 UTC [TRACE] steampipe-plugin-hackernews.plugin: [TRACE] DefaultIgnoreConfig:
2022-11-06 12:21:57.252 UTC [TRACE] steampipe-plugin-hackernews.plugin: [TRACE] t.Get.initialise
2022-11-06 12:21:57.252 UTC [TRACE] steampipe-plugin-hackernews.plugin: [TRACE] GetConfig.initialise table hackernews_best
2022-11-06 12:21:57.252 UTC [TRACE] steampipe-plugin-hackernews.plugin: [TRACE] GetConfig.initialise complete: RetryConfig: , IgnoreConfig:
2022-11-06 12:21:57.252 UTC [TRACE] steampipe-plugin-hackernews.plugin: [TRACE] t.List.initialise
2022-11-06 12:21:57.252 UTC [TRACE] steampipe-plugin-hackernews.plugin: [TRACE] ListConfig.initialise table hackernews_best
2022-11-06 12:21:57.252 UTC [TRACE] steampipe-plugin-hackernews.plugin: [TRACE] ListConfig.initialise complete: RetryConfig: , IgnoreConfig
2022-11-06 12:21:57.252 UTC [TRACE] steampipe-plugin-hackernews.plugin: [TRACE] HydrateConfig.initialise func getItem, table hackernews_best
2022-11-06 12:21:57.252 UTC [TRACE] steampipe-plugin-hackernews.plugin: [TRACE] HydrateConfig.initialise complete: RetryConfig: , IgnoreConfig:
2022-11-06 12:21:57.252 UTC [TRACE] steampipe-plugin-hackernews.plugin: [TRACE] back from initialiseHydrateConfigs
2022-11-06 12:21:57.252 UTC [TRACE] steampipe-plugin-hackernews.plugin: [TRACE] initialise table hackernews_best COMPLETE
2022-11-06 12:21:57.252 UTC [TRACE] steampipe-plugin-hackernews.plugin: [TRACE] initialise table hackernews_item
2022-11-06 12:21:57.252 UTC [TRACE] steampipe-plugin-hackernews.plugin: [TRACE] no DefaultRetryConfig defined - creating empty
2022-11-06 12:21:57.252 UTC [TRACE] steampipe-plugin-hackernews.plugin: [TRACE] no DefaultIgnoreConfig defined - creating empty
2022-11-06 12:21:57.252 UTC [TRACE] steampipe-plugin-hackernews.plugin: [TRACE] apply plugin defaults for DefaultRetryConfig
2022-11-06 12:21:57.252 UTC [TRACE] steampipe-plugin-hackernews.plugin: [TRACE] apply plugin defaults for DefaultIgnoreConfig, table &{<nil> <nil>} plugin &{<nil> <nil>}
2022-11-06 12:21:57.252 UTC [TRACE] steampipe-plugin-hackernews.plugin: [TRACE] DefaultRetryConfig:
2022-11-06 12:21:57.252 UTC [TRACE] steampipe-plugin-hackernews.plugin: [TRACE] DefaultIgnoreConfig:
2022-11-06 12:21:57.252 UTC [TRACE] steampipe-plugin-hackernews.plugin: [TRACE] t.Get.initialise
2022-11-06 12:21:57.252 UTC [TRACE] steampipe-plugin-hackernews.plugin: [TRACE] GetConfig.initialise table hackernews_item
2022-11-06 12:21:57.252 UTC [TRACE] steampipe-plugin-hackernews.plugin: [TRACE] GetConfig.initialise complete: RetryConfig: , IgnoreConfig:
2022-11-06 12:21:57.252 UTC [TRACE] steampipe-plugin-hackernews.plugin: [TRACE] t.List.initialise
2022-11-06 12:21:57.252 UTC [TRACE] steampipe-plugin-hackernews.plugin: [TRACE] ListConfig.initialise table hackernews_item
2022-11-06 12:21:57.252 UTC [TRACE] steampipe-plugin-hackernews.plugin: [TRACE] ListConfig.initialise complete: RetryConfig: , IgnoreConfig
2022-11-06 12:21:57.252 UTC [TRACE] steampipe-plugin-hackernews.plugin: [TRACE] HydrateConfig.initialise func getItem, table hackernews_item
2022-11-06 12:21:57.252 UTC [TRACE] steampipe-plugin-hackernews.plugin: [TRACE] HydrateConfig.initialise complete: RetryConfig: , IgnoreConfig:
2022-11-06 12:21:57.252 UTC [TRACE] steampipe-plugin-hackernews.plugin: [TRACE] back from initialiseHydrateConfigs
2022-11-06 12:21:57.252 UTC [TRACE] steampipe-plugin-hackernews.plugin: [TRACE] initialise table hackernews_item COMPLETE
2022-11-06 12:21:57.252 UTC [TRACE] steampipe-plugin-hackernews.plugin: [TRACE] initialise table hackernews_job
2022-11-06 12:21:57.252 UTC [TRACE] steampipe-plugin-hackernews.plugin: [TRACE] no DefaultRetryConfig defined - creating empty
2022-11-06 12:21:57.252 UTC [TRACE] steampipe-plugin-hackernews.plugin: [TRACE] no DefaultIgnoreConfig defined - creating empty
2022-11-06 12:21:57.252 UTC [TRACE] steampipe-plugin-hackernews.plugin: [TRACE] apply plugin defaults for DefaultRetryConfig
2022-11-06 12:21:57.252 UTC [TRACE] steampipe-plugin-hackernews.plugin: [TRACE] apply plugin defaults for DefaultIgnoreConfig, table &{<nil> <nil>} plugin &{<nil> <nil>}
2022-11-06 12:21:57.252 UTC [TRACE] steampipe-plugin-hackernews.plugin: [TRACE] DefaultRetryConfig:
2022-11-06 12:21:57.252 UTC [TRACE] steampipe-plugin-hackernews.plugin: [TRACE] DefaultIgnoreConfig:
2022-11-06 12:21:57.252 UTC [TRACE] steampipe-plugin-hackernews.plugin: [TRACE] t.Get.initialise
2022-11-06 12:21:57.252 UTC [TRACE] steampipe-plugin-hackernews.plugin: [TRACE] GetConfig.initialise table hackernews_job
2022-11-06 12:21:57.252 UTC [TRACE] steampipe-plugin-hackernews.plugin: [TRACE] GetConfig.initialise complete: RetryConfig: , IgnoreConfig:
2022-11-06 12:21:57.252 UTC [TRACE] steampipe-plugin-hackernews.plugin: [TRACE] t.List.initialise
2022-11-06 12:21:57.252 UTC [TRACE] steampipe-plugin-hackernews.plugin: [TRACE] ListConfig.initialise table hackernews_job
2022-11-06 12:21:57.252 UTC [TRACE] steampipe-plugin-hackernews.plugin: [TRACE] ListConfig.initialise complete: RetryConfig: , IgnoreConfig
2022-11-06 12:21:57.252 UTC [TRACE] steampipe-plugin-hackernews.plugin: [TRACE] HydrateConfig.initialise func getItem, table hackernews_job
2022-11-06 12:21:57.252 UTC [TRACE] steampipe-plugin-hackernews.plugin: [TRACE] HydrateConfig.initialise complete: RetryConfig: , IgnoreConfig:
2022-11-06 12:21:57.252 UTC [TRACE] steampipe-plugin-hackernews.plugin: [TRACE] back from initialiseHydrateConfigs
2022-11-06 12:21:57.252 UTC [TRACE] steampipe-plugin-hackernews.plugin: [TRACE] initialise table hackernews_job COMPLETE
2022-11-06 12:21:57.252 UTC [TRACE] steampipe-plugin-hackernews.plugin: [TRACE] initialise table hackernews_new
2022-11-06 12:21:57.252 UTC [TRACE] steampipe-plugin-hackernews.plugin: [TRACE] no DefaultRetryConfig defined - creating empty
2022-11-06 12:21:57.252 UTC [TRACE] steampipe-plugin-hackernews.plugin: [TRACE] no DefaultIgnoreConfig defined - creating empty
2022-11-06 12:21:57.252 UTC [TRACE] steampipe-plugin-hackernews.plugin: [TRACE] apply plugin defaults for DefaultRetryConfig
2022-11-06 12:21:57.252 UTC [TRACE] steampipe-plugin-hackernews.plugin: [TRACE] apply plugin defaults for DefaultIgnoreConfig, table &{<nil> <nil>} plugin &{<nil> <nil>}
2022-11-06 12:21:57.252 UTC [TRACE] steampipe-plugin-hackernews.plugin: [TRACE] DefaultRetryConfig:
2022-11-06 12:21:57.252 UTC [TRACE] steampipe-plugin-hackernews.plugin: [TRACE] DefaultIgnoreConfig:
2022-11-06 12:21:57.252 UTC [TRACE] steampipe-plugin-hackernews.plugin: [TRACE] t.Get.initialise
2022-11-06 12:21:57.252 UTC [TRACE] steampipe-plugin-hackernews.plugin: [TRACE] GetConfig.initialise table hackernews_new
2022-11-06 12:21:57.252 UTC [TRACE] steampipe-plugin-hackernews.plugin: [TRACE] GetConfig.initialise complete: RetryConfig: , IgnoreConfig:
2022-11-06 12:21:57.252 UTC [TRACE] steampipe-plugin-hackernews.plugin: [TRACE] t.List.initialise
2022-11-06 12:21:57.252 UTC [TRACE] steampipe-plugin-hackernews.plugin: [TRACE] ListConfig.initialise table hackernews_new
2022-11-06 12:21:57.252 UTC [TRACE] steampipe-plugin-hackernews.plugin: [TRACE] ListConfig.initialise complete: RetryConfig: , IgnoreConfig
2022-11-06 12:21:57.252 UTC [TRACE] steampipe-plugin-hackernews.plugin: [TRACE] HydrateConfig.initialise func getItem, table hackernews_new
2022-11-06 12:21:57.252 UTC [TRACE] steampipe-plugin-hackernews.plugin: [TRACE] HydrateConfig.initialise complete: RetryConfig: , IgnoreConfig:
2022-11-06 12:21:57.252 UTC [TRACE] steampipe-plugin-hackernews.plugin: [TRACE] back from initialiseHydrateConfigs
2022-11-06 12:21:57.252 UTC [TRACE] steampipe-plugin-hackernews.plugin: [TRACE] initialise table hackernews_new COMPLETE
2022-11-06 12:21:57.252 UTC [TRACE] steampipe-plugin-hackernews.plugin: [TRACE] initialise table hackernews_show_hn
2022-11-06 12:21:57.252 UTC [TRACE] steampipe-plugin-hackernews.plugin: [TRACE] no DefaultRetryConfig defined - creating empty
2022-11-06 12:21:57.252 UTC [TRACE] steampipe-plugin-hackernews.plugin: [TRACE] no DefaultIgnoreConfig defined - creating empty
2022-11-06 12:21:57.252 UTC [TRACE] steampipe-plugin-hackernews.plugin: [TRACE] apply plugin defaults for DefaultRetryConfig
2022-11-06 12:21:57.252 UTC [TRACE] steampipe-plugin-hackernews.plugin: [TRACE] apply plugin defaults for DefaultIgnoreConfig, table &{<nil> <nil>} plugin &{<nil> <nil>}
2022-11-06 12:21:57.252 UTC [TRACE] steampipe-plugin-hackernews.plugin: [TRACE] DefaultRetryConfig:
2022-11-06 12:21:57.252 UTC [TRACE] steampipe-plugin-hackernews.plugin: [TRACE] DefaultIgnoreConfig:
2022-11-06 12:21:57.252 UTC [TRACE] steampipe-plugin-hackernews.plugin: [TRACE] t.Get.initialise
2022-11-06 12:21:57.252 UTC [TRACE] steampipe-plugin-hackernews.plugin: [TRACE] GetConfig.initialise table hackernews_show_hn
2022-11-06 12:21:57.252 UTC [TRACE] steampipe-plugin-hackernews.plugin: [TRACE] GetConfig.initialise complete: RetryConfig: , IgnoreConfig:
2022-11-06 12:21:57.252 UTC [TRACE] steampipe-plugin-hackernews.plugin: [TRACE] t.List.initialise
2022-11-06 12:21:57.252 UTC [TRACE] steampipe-plugin-hackernews.plugin: [TRACE] ListConfig.initialise table hackernews_show_hn
2022-11-06 12:21:57.252 UTC [TRACE] steampipe-plugin-hackernews.plugin: [TRACE] ListConfig.initialise complete: RetryConfig: , IgnoreConfig
2022-11-06 12:21:57.252 UTC [TRACE] steampipe-plugin-hackernews.plugin: [TRACE] HydrateConfig.initialise func getItem, table hackernews_show_hn
2022-11-06 12:21:57.252 UTC [TRACE] steampipe-plugin-hackernews.plugin: [TRACE] HydrateConfig.initialise complete: RetryConfig: , IgnoreConfig:
2022-11-06 12:21:57.252 UTC [TRACE] steampipe-plugin-hackernews.plugin: [TRACE] back from initialiseHydrateConfigs
2022-11-06 12:21:57.252 UTC [TRACE] steampipe-plugin-hackernews.plugin: [TRACE] initialise table hackernews_show_hn COMPLETE
2022-11-06 12:21:57.252 UTC [TRACE] steampipe-plugin-hackernews.plugin: [TRACE] initialise table hackernews_top
2022-11-06 12:21:57.252 UTC [TRACE] steampipe-plugin-hackernews.plugin: [TRACE] no DefaultRetryConfig defined - creating empty
2022-11-06 12:21:57.252 UTC [TRACE] steampipe-plugin-hackernews.plugin: [TRACE] no DefaultIgnoreConfig defined - creating empty
2022-11-06 12:21:57.252 UTC [TRACE] steampipe-plugin-hackernews.plugin: [TRACE] apply plugin defaults for DefaultRetryConfig
2022-11-06 12:21:57.252 UTC [TRACE] steampipe-plugin-hackernews.plugin: [TRACE] apply plugin defaults for DefaultIgnoreConfig, table &{<nil> <nil>} plugin &{<nil> <nil>}
2022-11-06 12:21:57.252 UTC [TRACE] steampipe-plugin-hackernews.plugin: [TRACE] DefaultRetryConfig:
2022-11-06 12:21:57.252 UTC [TRACE] steampipe-plugin-hackernews.plugin: [TRACE] DefaultIgnoreConfig:
2022-11-06 12:21:57.252 UTC [TRACE] steampipe-plugin-hackernews.plugin: [TRACE] t.Get.initialise
2022-11-06 12:21:57.252 UTC [TRACE] steampipe-plugin-hackernews.plugin: [TRACE] GetConfig.initialise table hackernews_top
2022-11-06 12:21:57.252 UTC [TRACE] steampipe-plugin-hackernews.plugin: [TRACE] GetConfig.initialise complete: RetryConfig: , IgnoreConfig:
2022-11-06 12:21:57.252 UTC [TRACE] steampipe-plugin-hackernews.plugin: [TRACE] t.List.initialise
2022-11-06 12:21:57.252 UTC [TRACE] steampipe-plugin-hackernews.plugin: [TRACE] ListConfig.initialise table hackernews_top
2022-11-06 12:21:57.252 UTC [TRACE] steampipe-plugin-hackernews.plugin: [TRACE] ListConfig.initialise complete: RetryConfig: , IgnoreConfig
2022-11-06 12:21:57.252 UTC [TRACE] steampipe-plugin-hackernews.plugin: [TRACE] HydrateConfig.initialise func getItem, table hackernews_top
2022-11-06 12:21:57.252 UTC [TRACE] steampipe-plugin-hackernews.plugin: [TRACE] HydrateConfig.initialise complete: RetryConfig: , IgnoreConfig:
2022-11-06 12:21:57.252 UTC [TRACE] steampipe-plugin-hackernews.plugin: [TRACE] back from initialiseHydrateConfigs
2022-11-06 12:21:57.252 UTC [TRACE] steampipe-plugin-hackernews.plugin: [TRACE] initialise table hackernews_top COMPLETE
2022-11-06 12:21:57.252 UTC [TRACE] steampipe-plugin-hackernews.plugin: [TRACE] initialise table hackernews_user
2022-11-06 12:21:57.252 UTC [TRACE] steampipe-plugin-hackernews.plugin: [TRACE] no DefaultRetryConfig defined - creating empty
2022-11-06 12:21:57.252 UTC [TRACE] steampipe-plugin-hackernews.plugin: [TRACE] no DefaultIgnoreConfig defined - creating empty
2022-11-06 12:21:57.252 UTC [TRACE] steampipe-plugin-hackernews.plugin: [TRACE] apply plugin defaults for DefaultRetryConfig
2022-11-06 12:21:57.252 UTC [TRACE] steampipe-plugin-hackernews.plugin: [TRACE] apply plugin defaults for DefaultIgnoreConfig, table &{<nil> <nil>} plugin &{<nil> <nil>}
2022-11-06 12:21:57.252 UTC [TRACE] steampipe-plugin-hackernews.plugin: [TRACE] DefaultRetryConfig:
2022-11-06 12:21:57.252 UTC [TRACE] steampipe-plugin-hackernews.plugin: [TRACE] DefaultIgnoreConfig:
2022-11-06 12:21:57.252 UTC [TRACE] steampipe-plugin-hackernews.plugin: [TRACE] t.List.initialise
2022-11-06 12:21:57.252 UTC [TRACE] steampipe-plugin-hackernews.plugin: [TRACE] ListConfig.initialise table hackernews_user
2022-11-06 12:21:57.252 UTC [TRACE] steampipe-plugin-hackernews.plugin: [TRACE] ListConfig.initialise complete: RetryConfig: , IgnoreConfig
2022-11-06 12:21:57.252 UTC [TRACE] steampipe-plugin-hackernews.plugin: [TRACE] back from initialiseHydrateConfigs
2022-11-06 12:21:57.252 UTC [TRACE] steampipe-plugin-hackernews.plugin: [TRACE] initialise table hackernews_user COMPLETE
2022-11-06 12:21:57.252 UTC [TRACE] steampipe-plugin-hackernews.plugin: [TRACE] initialise table hackernews_ask_hn
2022-11-06 12:21:57.252 UTC [TRACE] steampipe-plugin-hackernews.plugin: [TRACE] no DefaultRetryConfig defined - creating empty
2022-11-06 12:21:57.252 UTC [TRACE] steampipe-plugin-hackernews.plugin: [TRACE] no DefaultIgnoreConfig defined - creating empty
2022-11-06 12:21:57.252 UTC [TRACE] steampipe-plugin-hackernews.plugin: [TRACE] apply plugin defaults for DefaultRetryConfig
2022-11-06 12:21:57.252 UTC [TRACE] steampipe-plugin-hackernews.plugin: [TRACE] apply plugin defaults for DefaultIgnoreConfig, table &{<nil> <nil>} plugin &{<nil> <nil>}
2022-11-06 12:21:57.252 UTC [TRACE] steampipe-plugin-hackernews.plugin: [TRACE] DefaultRetryConfig:
2022-11-06 12:21:57.252 UTC [TRACE] steampipe-plugin-hackernews.plugin: [TRACE] DefaultIgnoreConfig:
2022-11-06 12:21:57.252 UTC [TRACE] steampipe-plugin-hackernews.plugin: [TRACE] t.Get.initialise
2022-11-06 12:21:57.252 UTC [TRACE] steampipe-plugin-hackernews.plugin: [TRACE] GetConfig.initialise table hackernews_ask_hn
2022-11-06 12:21:57.252 UTC [TRACE] steampipe-plugin-hackernews.plugin: [TRACE] GetConfig.initialise complete: RetryConfig: , IgnoreConfig:
2022-11-06 12:21:57.252 UTC [TRACE] steampipe-plugin-hackernews.plugin: [TRACE] t.List.initialise
2022-11-06 12:21:57.252 UTC [TRACE] steampipe-plugin-hackernews.plugin: [TRACE] ListConfig.initialise table hackernews_ask_hn
2022-11-06 12:21:57.252 UTC [TRACE] steampipe-plugin-hackernews.plugin: [TRACE] ListConfig.initialise complete: RetryConfig: , IgnoreConfig
2022-11-06 12:21:57.252 UTC [TRACE] steampipe-plugin-hackernews.plugin: [TRACE] HydrateConfig.initialise func getItem, table hackernews_ask_hn
2022-11-06 12:21:57.252 UTC [TRACE] steampipe-plugin-hackernews.plugin: [TRACE] HydrateConfig.initialise complete: RetryConfig: , IgnoreConfig:
2022-11-06 12:21:57.252 UTC [TRACE] steampipe-plugin-hackernews.plugin: [TRACE] back from initialiseHydrateConfigs
2022-11-06 12:21:57.252 UTC [TRACE] steampipe-plugin-hackernews.plugin: [TRACE] initialise table hackernews_ask_hn COMPLETE
2022-11-06 12:21:57.252 UTC [TRACE] steampipe-plugin-hackernews.plugin: [TRACE] validate plugin steampipe-plugin-hackernews, required columns []
2022-11-06 12:21:57.252 UTC [TRACE] steampipe-plugin-hackernews.plugin: [TRACE] validate DefaultRetryConfig
2022-11-06 12:21:57.252 UTC [TRACE] steampipe-plugin-hackernews.plugin: [TRACE] validate DefaultIgnoreConfig
2022-11-06 12:21:57.252 UTC [TRACE] steampipe-plugin-hackernews.plugin: [TRACE] validate table names
2022-11-06 12:21:57.252 UTC [TRACE] steampipe-plugin-hackernews.plugin: [TRACE] plugin has 0 validation errors
2022-11-06 12:21:57.252 UTC [TRACE] steampipe-plugin-hackernews.plugin: [TRACE] Plugin ensureCache creating cache, maxCacheStorageMb 0
2022-11-06 12:21:57.252 UTC [TRACE] steampipe-plugin-hackernews.plugin: [TRACE] createCacheStore for plugin 'steampipe-plugin-hackernews' setting max size to 0Mb, Shards: 2, max shard size: 0
2022-11-06 12:21:57.263 UTC [INFO]  steampipe-plugin-hackernews.plugin: [INFO]  query cache created
2022-11-06 12:21:57.263 UTC [DEBUG] steampipe-plugin-hackernews.plugin: [DEBUG] SetAllConnectionConfigs finished
2022-11-06 12:21:57.263 UTC [TRACE] PluginManager getPlugin complete, returning reattach config with PID: 1991
2022-11-06 12:21:57.263 UTC [TRACE] PluginManager Get returning reattach_map:{key:"hackernews" value:{protocol:"grpc" addr:{Network:"unix" Address:"/tmp/plugin3171449312"} pid:1991 supported_operations:{query_cache:true multiple_connections:true} connections:"hackernews" plugin:"hub.steampipe.io/plugins/turbot/hackernews@latest"}}
2022-11-06 12:21:57.269 UTC [INFO]  steampipe-plugin-hackernews.plugin: [INFO]  1667737317626: Plugin Execute (1667737317626)
2022-11-06 12:21:57.269 UTC [TRACE] steampipe-plugin-hackernews.plugin: [TRACE] 1667737317626: No memory limit set
2022-11-06 12:21:57.269 UTC [INFO]  steampipe-plugin-hackernews.plugin: [INFO]  1667737317626: Plugin Execute, setting memory limit to -1Mb
2022-11-06 12:21:57.269 UTC [TRACE] steampipe-plugin-hackernews.plugin: [TRACE] 1667737317626: calling ExtractContextFromCarrier
2022-11-06 12:21:57.269 UTC [INFO]  steampipe-plugin-hackernews.plugin: [INFO]  1667737317626: Setting max concurrent connections to 25
2022-11-06 12:21:57.269 UTC [TRACE] steampipe-plugin-hackernews.plugin: [TRACE] 1667737317626: executeForConnection callId: 1667737317626, connectionCallId: hackernews-1667737317626, connection: hackernews table: hackernews_new cols: id,title,time,by,score,dead,deleted,descendants,kids,parent,parts,poll,text,type,url,_ctx
2022-11-06 12:21:57.269 UTC [TRACE] steampipe-plugin-hackernews.plugin: [TRACE] 1667737317626: got connection data
2022-11-06 12:21:57.269 UTC [TRACE] steampipe-plugin-hackernews.plugin: [TRACE] 1667737317626: Got query context, table: hackernews_new, cols: [id title time by score dead deleted descendants kids parent parts poll text type url _ctx]
2022-11-06 12:21:57.269 UTC [TRACE] steampipe-plugin-hackernews.plugin: [TRACE] 1667737317626: Start execute span
2022-11-06 12:21:57.269 UTC [INFO]  steampipe-plugin-hackernews.plugin: [INFO]  1667737317626: Setting free memory interval to 100 rows
2022-11-06 12:21:57.269 UTC [TRACE] steampipe-plugin-hackernews.plugin: [TRACE] 1667737317626: setFetchType map[time:quals:{fieldName:"time"  string_value:">"  value:{timestamp_value:{seconds:1667733717  nanos:227810000}}}]
2022-11-06 12:21:57.270 UTC [TRACE] steampipe-plugin-hackernews.plugin: [TRACE] 1667737317626: getMatchingQuals column:'id' operator: =
2022-11-06 12:21:57.270 UTC [TRACE] steampipe-plugin-hackernews.plugin: [TRACE] 1667737317626: getMatchingQuals returning false - qualMap does not contain any quals for column id
2022-11-06 12:21:57.270 UTC [TRACE] steampipe-plugin-hackernews.plugin: [TRACE] 1667737317626: GetUnsatisfiedKeyColumns for columns column:'id' operator: =
2022-11-06 12:21:57.271 UTC [TRACE] steampipe-plugin-hackernews.plugin: [TRACE] 1667737317626: key column NOT satisfied column:'id' operator: =
2022-11-06 12:21:57.271 UTC [TRACE] steampipe-plugin-hackernews.plugin: [TRACE] 1667737317626: satisfied: map[any_of: optional: required:]
2022-11-06 12:21:57.271 UTC [TRACE] steampipe-plugin-hackernews.plugin: [TRACE] 1667737317626: unsatisfied: map[any_of: optional: required:column:'id' operator: =]
2022-11-06 12:21:57.271 UTC [TRACE] steampipe-plugin-hackernews.plugin: [TRACE] 1667737317626: unsatisfied required KeyColumns: column:'id' operator: =
2022-11-06 12:21:57.271 UTC [TRACE] steampipe-plugin-hackernews.plugin: [TRACE] 1667737317626: Set fetchType to fetchTypeList
2022-11-06 12:21:57.271 UTC [TRACE] steampipe-plugin-hackernews.plugin: [TRACE] 1667737317626: Equals key column quals:
2022-11-06 12:21:57.271 UTC [DEBUG] steampipe-plugin-hackernews.plugin: {}
2022-11-06 12:21:57.271 UTC [TRACE] steampipe-plugin-hackernews.plugin: [TRACE] 1667737317626: All key column quals:
2022-11-06 12:21:57.272 UTC [DEBUG] steampipe-plugin-hackernews.plugin: {}
2022-11-06 12:21:57.272 UTC [TRACE] steampipe-plugin-hackernews.plugin: [TRACE] 1667737317626: GetMatrixItem
2022-11-06 12:21:57.272 UTC [TRACE] steampipe-plugin-hackernews.plugin: [TRACE] 1667737317626: creating query data
2022-11-06 12:21:57.272 UTC [INFO]  steampipe-plugin-hackernews.plugin: [INFO]  1667737317626: cacheEnabled, trying cache get (hackernews-1667737317626)
2022-11-06 12:21:57.272 UTC [TRACE] steampipe-plugin-hackernews.plugin: [TRACE] 1667737317626: QueryCache Get - indexBucketKey index__hackernewshackernews_new, quals
2022-11-06 12:21:57.272 UTC [TRACE] steampipe-plugin-hackernews.plugin: [TRACE] 1667737317626: QueryCache getCachedQueryResult - table hackernews_new, connectionName hackernews
2022-11-06 12:21:57.272 UTC [TRACE] steampipe-plugin-hackernews.plugin: [TRACE] 1667737317626: index bucket key: index__hackernewshackernews_new ttlSeconds 300 limit: -1
2022-11-06 12:21:57.272 UTC [TRACE] steampipe-plugin-hackernews.plugin: [TRACE] 1667737317626: doGet cache miss
2022-11-06 12:21:57.272 UTC [TRACE] steampipe-plugin-hackernews.plugin: [TRACE] 1667737317626: getCachedIndexBucket - no item retrieved for cache key index__hackernewshackernews_new
2022-11-06 12:21:57.272 UTC [TRACE] steampipe-plugin-hackernews.plugin: [TRACE] 1667737317626: getCachedQueryResult returned CACHE MISS - checking for pending transfers
2022-11-06 12:21:57.272 UTC [TRACE] steampipe-plugin-hackernews.plugin: [TRACE] 1667737317626: getPendingResultItem indexBucketKey index__hackernewshackernews_new, columns [id title time by score dead deleted descendants kids parent parts poll text type url _ctx], limit -1
2022-11-06 12:21:57.272 UTC [TRACE] steampipe-plugin-hackernews.plugin: [TRACE] 1667737317626: no pending index item - add pending result, indexBucketKey index__hackernewshackernews_new
2022-11-06 12:21:57.272 UTC [TRACE] steampipe-plugin-hackernews.plugin: [TRACE] 1667737317626: addPendingResult (hackernews-1667737317626) indexBucketKey index__hackernewshackernews_new, columns [id title time by score dead deleted descendants kids parent parts poll text type url _ctx], limit -1
2022-11-06 12:21:57.272 UTC [TRACE] steampipe-plugin-hackernews.plugin: [TRACE] 1667737317626: no index bucket found - creating one
2022-11-06 12:21:57.272 UTC [TRACE] steampipe-plugin-hackernews.plugin: [TRACE] 1667737317626: pendingIndexItem Lock count before 0
2022-11-06 12:21:57.272 UTC [TRACE] steampipe-plugin-hackernews.plugin: [TRACE] 1667737317626: addPendingResult added pending index item to bucket, (hackernews-1667737317626) indexBucketKey index__hackernewshackernews_new, resultKeyRoot hackernewshackernews_newid,title,time,by,score,dead,deleted,descendants,kids,parent,parts,poll,text,type,url,_ctx-1, pending item : 0xc0004ecae0
2022-11-06 12:21:57.272 UTC [TRACE] steampipe-plugin-hackernews.plugin: [TRACE] 1667737317626: **** pending items (hackernews-1667737317626)****
2022-11-06 12:21:57.272 UTC [TRACE] steampipe-plugin-hackernews.plugin: [TRACE] 1667737317626: key: index__hackernewshackernews_new: item: 0xc0004ecae0, count: 1, key:hackernewshackernews_newid,title,time,by,score,dead,deleted,descendants,kids,parent,parts,poll,text,type,url,_ctx-1
2022-11-06 12:21:57.272 UTC [TRACE] steampipe-plugin-hackernews.plugin: [TRACE] 1667737317626: ********
2022-11-06 12:21:57.272 UTC [TRACE] steampipe-plugin-hackernews.plugin: [TRACE] 1667737317626: getPendingResultItem returning <nil>
2022-11-06 12:21:57.272 UTC [INFO]  steampipe-plugin-hackernews.plugin: [INFO]  1667737317626: CACHE MISS
2022-11-06 12:21:57.272 UTC [TRACE] steampipe-plugin-hackernews.plugin: [TRACE] 1667737317626: cache MISS
2022-11-06 12:21:57.272 UTC [INFO]  steampipe-plugin-hackernews.plugin: [INFO]  1667737317626: queryCacheGet returned CACHE MISS (hackernews-1667737317626)
2022-11-06 12:21:57.272 UTC [TRACE] steampipe-plugin-hackernews.plugin: [TRACE] 1667737317626: StartSet (hackernews-1667737317626)
2022-11-06 12:21:57.272 UTC [TRACE] steampipe-plugin-hackernews.plugin: [TRACE] 1667737317626: calling fetchItems, table: hackernews_new, matrixItem: [], limit: -1,  connectionCallId: hackernews-1667737317626"
2022-11-06 12:21:57.272 UTC [TRACE] steampipe-plugin-hackernews.plugin: [TRACE] 1667737317626: buildRowsAsync connectionCallId: hackernews-1667737317626
2022-11-06 12:21:57.272 UTC [TRACE] steampipe-plugin-hackernews.plugin: [TRACE] 1667737317626: streamRows connectionCallId: hackernews-1667737317626
2022-11-06 12:21:57.272 UTC [TRACE] steampipe-plugin-hackernews.plugin: [TRACE] 1667737317626: QueryData streamRows (hackernews-1667737317626)
2022-11-06 12:21:57.272 UTC [TRACE] steampipe-plugin-hackernews.plugin: [TRACE] 1667737317626: executeListCall START (hackernews-1667737317626)
2022-11-06 12:21:57.272 UTC [TRACE] steampipe-plugin-hackernews.plugin: [TRACE] 1667737317626: GetUnsatisfiedKeyColumns for columns
2022-11-06 12:21:57.272 UTC [TRACE] steampipe-plugin-hackernews.plugin: [TRACE] 1667737317626: doList (hackernews-1667737317626)
2022-11-06 12:21:57.272 UTC [TRACE] steampipe-plugin-hackernews.plugin: [TRACE] 1667737317626: doList: no matrix item
2022-11-06 12:21:57.428 UTC [TRACE] steampipe-plugin-hackernews.plugin: [TRACE] 1667737317626: QueryData.fetchComplete
2022-11-06 12:21:57.428 UTC [TRACE] steampipe-plugin-hackernews.plugin: [TRACE] 1667737317626: executeListCall COMPLETE (hackernews-1667737317626)
2022-11-06 12:21:57.428 UTC [TRACE] steampipe-plugin-hackernews.plugin: [TRACE] 1667737317626: rowData chan returned nil - wait for rows to complete (hackernews-1667737317626)
2022-11-06 12:21:57.451 UTC [TRACE] stdio: received data: channel=STDOUT len=20
2022-11-06 12:21:57.451 UTC [TRACE] stdio: waiting for stdio data
2022-11-06 12:21:57.571 UTC [TRACE] stdio: received data: channel=STDOUT len=78
2022-11-06 12:21:57.571 UTC [TRACE] stdio: waiting for stdio data
2022-11-06 12:21:57.585 UTC [TRACE] stdio: received data: channel=STDOUT len=1024
2022-11-06 12:21:57.585 UTC [TRACE] stdio: waiting for stdio data
2022-11-06 12:21:57.624 UTC [TRACE] stdio: received data: channel=STDOUT len=1024
2022-11-06 12:21:57.624 UTC [TRACE] stdio: waiting for stdio data
2022-11-06 12:21:57.683 UTC [TRACE] stdio: received data: channel=STDOUT len=54
2022-11-06 12:21:57.683 UTC [TRACE] stdio: waiting for stdio data
2022-11-06 12:21:57.759 UTC [TRACE] stdio: received data: channel=STDOUT len=245
2022-11-06 12:21:57.759 UTC [TRACE] stdio: waiting for stdio data
2022-11-06 12:21:57.759 UTC [TRACE] stdio: received data: channel=STDOUT len=743
2022-11-06 12:21:57.759 UTC [TRACE] stdio: waiting for stdio data
2022-11-06 12:21:57.759 UTC [TRACE] stdio: received data: channel=STDOUT len=1018
2022-11-06 12:21:57.759 UTC [TRACE] stdio: waiting for stdio data
2022-11-06 12:21:57.785 UTC [TRACE] steampipe-plugin-hackernews.plugin: [TRACE] 1667737317626: buildRowsAsync goroutine returning (hackernews-1667737317626)
2022-11-06 12:21:57.785 UTC [TRACE] steampipe-plugin-hackernews.plugin: [TRACE] 1667737317626: streamRows - nil row, stop streaming (hackernews-1667737317626)
2022-11-06 12:21:57.785 UTC [TRACE] steampipe-plugin-hackernews.plugin: [TRACE] 1667737317626: ------------------------------------
2022-11-06 12:21:57.785 UTC [TRACE] steampipe-plugin-hackernews.plugin: [TRACE] 1667737317626: Concurrency Summary
2022-11-06 12:21:57.785 UTC [TRACE] steampipe-plugin-hackernews.plugin: [TRACE] 1667737317626: ------------------------------------
2022-11-06 12:21:57.785 UTC [TRACE] steampipe-plugin-hackernews.plugin: [TRACE] 1667737317626: getItem                       : 200
2022-11-06 12:21:57.786 UTC [TRACE] steampipe-plugin-hackernews.plugin: [TRACE] 1667737317626: ------------------------------------
2022-11-06 12:21:57.786 UTC [TRACE] steampipe-plugin-hackernews.plugin: [TRACE] 1667737317626: Total                         : 200
2022-11-06 12:21:57.786 UTC [TRACE] steampipe-plugin-hackernews.plugin: [TRACE] 1667737317626: ------------------------------------
2022-11-06 12:21:57.786 UTC [TRACE] steampipe-plugin-hackernews.plugin: [TRACE] 1667737317626: QueryData streamRows DONE (hackernews-1667737317626)
2022-11-06 12:21:57.786 UTC [TRACE] steampipe-plugin-hackernews.plugin: [TRACE] 1667737317626: EndSet (hackernews-1667737317626) table hackernews_new
2022-11-06 12:21:57.786 UTC [TRACE] steampipe-plugin-hackernews.plugin: [TRACE] 1667737317626: QueryCache writePageToCache: 500 rows, pageCount 1, page key hackernewshackernews_newid,title,time,by,score,dead,deleted,descendants,kids,parent,parts,poll,text,type,url,_ctx-1-0
2022-11-06 12:21:57.789 UTC [TRACE] stdio: received data: channel=STDOUT len=13
2022-11-06 12:21:57.789 UTC [TRACE] stdio: waiting for stdio data
2022-11-06 12:21:57.793 UTC [TRACE] steampipe-plugin-hackernews.plugin: [TRACE] 1667737317626: writePageToCache Set - result written
2022-11-06 12:21:57.793 UTC [TRACE] steampipe-plugin-hackernews.plugin: [TRACE] 1667737317626: QueryCache EndSet - result written
2022-11-06 12:21:57.793 UTC [TRACE] steampipe-plugin-hackernews.plugin: [TRACE] 1667737317626: doGet cache miss
2022-11-06 12:21:57.793 UTC [TRACE] steampipe-plugin-hackernews.plugin: [TRACE] 1667737317626: getCachedIndexBucket - no item retrieved for cache key index__hackernewshackernews_new
2022-11-06 12:21:57.793 UTC [TRACE] steampipe-plugin-hackernews.plugin: [TRACE] 1667737317626: getCachedIndexBucket returned cache miss
2022-11-06 12:21:57.793 UTC [TRACE] steampipe-plugin-hackernews.plugin: [TRACE] 1667737317626: QueryCache EndSet - Added index item (0xc01a97ac60) to bucket (0xc01a9522e8), page count 1,  key root hackernewshackernews_newid,title,time,by,score,dead,deleted,descendants,kids,parent,parts,poll,text,type,url,_ctx-1
2022-11-06 12:21:57.793 UTC [TRACE] steampipe-plugin-hackernews.plugin: [TRACE] 1667737317626: cacheSetIndexBucket index__hackernewshackernews_new
2022-11-06 12:21:57.793 UTC [TRACE] steampipe-plugin-hackernews.plugin: [TRACE] 1667737317626: QueryCache EndSet - IndexBucket written
2022-11-06 12:21:57.793 UTC [TRACE] steampipe-plugin-hackernews.plugin: [TRACE] 1667737317626: EndSet DEFER (hackernews-1667737317626) table hackernews_new
2022-11-06 12:21:57.793 UTC [TRACE] steampipe-plugin-hackernews.plugin: [TRACE] 1667737317626: calling pendingItemComplete (hackernews-1667737317626)
2022-11-06 12:21:57.793 UTC [TRACE] steampipe-plugin-hackernews.plugin: [TRACE] 1667737317626: pendingItemComplete (hackernews-1667737317626) indexBucketKey index__hackernewshackernews_new, columns [id title time by score dead deleted descendants kids parent parts poll text type url _ctx], limit -1
2022-11-06 12:21:57.793 UTC [TRACE] steampipe-plugin-hackernews.plugin: [TRACE] 1667737317626: got pending index bucket, (hackernews-1667737317626) len 1
2022-11-06 12:21:57.793 UTC [TRACE] steampipe-plugin-hackernews.plugin: [TRACE] 1667737317626: SatisfiesLimit limit -1, no item limit - satisfied
2022-11-06 12:21:57.793 UTC [TRACE] steampipe-plugin-hackernews.plugin: [TRACE] 1667737317626: found pending index item to satisfy columns id,title,time,by,score,dead,deleted,descendants,kids,parent,parts,poll,text,type,url,_ctx, limit -1
2022-11-06 12:21:57.793 UTC [TRACE] steampipe-plugin-hackernews.plugin: [TRACE] 1667737317626: found completed pending item (hackernews-1667737317626) 0xc0004ecae0, key hackernewshackernews_newid,title,time,by,score,dead,deleted,descendants,kids,parent,parts,poll,text,type,url,_ctx-1 - removing from map as it is complete
2022-11-06 12:21:57.793 UTC [TRACE] steampipe-plugin-hackernews.plugin: [TRACE] 1667737317626: pendingIndexItem Unlock count before 1 key hackernewshackernews_newid,title,time,by,score,dead,deleted,descendants,kids,parent,parts,poll,text,type,url,_ctx-1
2022-11-06 12:21:57.793 UTC [TRACE] steampipe-plugin-hackernews.plugin: [TRACE] 1667737317626: deleted from pending, (hackernews-1667737317626) len 0
2022-11-06 12:21:57.793 UTC [TRACE] steampipe-plugin-hackernews.plugin: [TRACE] 1667737317626: pending bucket now empty - deleting key index__hackernewshackernews_new
2022-11-06 12:21:57.793 UTC [TRACE] steampipe-plugin-hackernews.plugin: [TRACE] 1667737317626: pendingItemComplete done (hackernews-1667737317626)
2022-11-06 12:21:57.793 UTC [TRACE] steampipe-plugin-hackernews.plugin: [TRACE] 1667737317626: cache set succeeded
2022-11-06 12:21:57.793 UTC [TRACE] steampipe-plugin-hackernews.plugin: [TRACE] 1667737317626: End execute span
2022-11-06 12:21:57.793 UTC [TRACE] steampipe-plugin-hackernews.plugin: [TRACE] 1667737317626: executeForConnection DEFER (hackernews-1667737317626)
2022-11-06 12:21:57.793 UTC [TRACE] steampipe-plugin-hackernews.plugin: [TRACE] 1667737317626: Execute complete callId: hackernews-1667737317626 table: hackernews_new
2022-11-06 12:21:57.793 UTC [TRACE] steampipe-plugin-hackernews.plugin: [TRACE] 1667737317626: executeForConnection hackernews returned
2022-11-06 12:21:57.793 UTC [TRACE] steampipe-plugin-hackernews.plugin: [TRACE] 1667737317626: output wg complete - send nil row
2022-11-06 12:21:57.793 UTC [TRACE] steampipe-plugin-hackernews.plugin: [TRACE] 1667737317626: empty row on output channel - we are done
2022-11-06 12:21:57.793 UTC [INFO]  steampipe-plugin-hackernews.plugin: [INFO]  1667737317626: Plugin Execute complete (1667737317626)
2022-11-06 12:21:57.863 UTC [TRACE] PluginManager Shutdown
2022-11-06 12:21:57.863 UTC [TRACE] killing plugin csv (1969)
2022-11-06 12:21:57.864 UTC [DEBUG] stdio: received EOF, stopping recv loop: err="rpc error: code = Unavailable desc = error reading from server: EOF"
2022-11-06 12:21:57.864 UTC [TRACE] steampipe-plugin-csv.plugin: [TRACE] FLUSHING instrumentation
2022-11-06 12:21:57.864 UTC [TRACE] steampipe-plugin-csv.plugin: [TRACE] Shutdown instrumentation
2022-11-06 12:21:57.865 UTC [INFO]  plugin process exited: path=/home/runner/.steampipe/plugins/hub.steampipe.io/plugins/turbot/csv@latest/steampipe-plugin-csv.plugin pid=1969
2022-11-06 12:21:57.865 UTC [DEBUG] plugin exited
2022-11-06 12:21:57.865 UTC [TRACE] killing plugin hackernews (1991)
2022-11-06 12:21:57.865 UTC [DEBUG] stdio: received EOF, stopping recv loop: err="rpc error: code = Unavailable desc = error reading from server: EOF"
2022-11-06 12:21:57.865 UTC [TRACE] steampipe-plugin-hackernews.plugin: [TRACE] 1667737317626: FLUSHING instrumentation
2022-11-06 12:21:57.865 UTC [TRACE] steampipe-plugin-hackernews.plugin: [TRACE] 1667737317626: Shutdown instrumentation
2022-11-06 12:21:57.868 UTC [INFO]  plugin process exited: path=/home/runner/.steampipe/plugins/hub.steampipe.io/plugins/turbot/hackernews@latest/steampipe-plugin-hackernews.plugin pid=1991
2022-11-06 12:21:57.868 UTC [DEBUG] plugin exited
2022-11-06 12:22:01.219 UTC [WARN]  PluginManager setPluginCacheSizeMap: 4 connections.
2022-11-06 12:22:01.219 UTC [WARN]  Total cache size 0Mb
2022-11-06 12:22:01.281 UTC [WARN]  plugin configured with a nil SecureConfig
2022-11-06 12:22:01.529 UTC [WARN]  steampipe-plugin-csv.plugin: [WARN]  1667737321327: getKeyColumnsForTable found no schema for table '/home/runner/work/steampipe-samples/steampipe-samples/all/hackernews/hn.csv'
2022-11-06 12:22:21.881 UTC [WARN]  PluginManager setPluginCacheSizeMap: 4 connections.
2022-11-06 12:22:21.882 UTC [WARN]  Total cache size 0Mb
2022-11-06 12:22:21.944 UTC [WARN]  plugin configured with a nil SecureConfig
2022-11-06 12:22:22.109 UTC [WARN]  steampipe-plugin-csv.plugin: [WARN]  1667737342744: getKeyColumnsForTable found no schema for table '/home/runner/work/steampipe-samples/steampipe-samples/all/hackernews/hn.csv'
2022-11-06 12:22:41.911 UTC [WARN]  PluginManager setPluginCacheSizeMap: 4 connections.
2022-11-06 12:22:41.911 UTC [WARN]  Total cache size 0Mb
2022-11-06 12:22:41.974 UTC [WARN]  plugin configured with a nil SecureConfig
2022-11-06 12:22:43.107 UTC [WARN]  PluginManager setPluginCacheSizeMap: 4 connections.
2022-11-06 12:22:43.107 UTC [WARN]  Total cache size 0Mb
2022-11-06 12:22:43.169 UTC [WARN]  plugin configured with a nil SecureConfig
2022-11-06 12:22:44.083 UTC [WARN]  PluginManager setPluginCacheSizeMap: 4 connections.
2022-11-06 12:22:44.083 UTC [WARN]  Total cache size 0Mb
2022-11-06 12:22:44.145 UTC [WARN]  plugin configured with a nil SecureConfig
2022-11-06 12:22:44.936 UTC [WARN]  PluginManager setPluginCacheSizeMap: 4 connections.
2022-11-06 12:22:44.936 UTC [WARN]  Total cache size 0Mb
2022-11-06 12:22:44.998 UTC [WARN]  plugin configured with a nil SecureConfig
2022-11-06 12:22:45.803 UTC [WARN]  PluginManager setPluginCacheSizeMap: 4 connections.
2022-11-06 12:22:45.803 UTC [WARN]  Total cache size 0Mb
2022-11-06 12:22:45.865 UTC [WARN]  plugin configured with a nil SecureConfig
2022-11-06 12:22:46.655 UTC [WARN]  PluginManager setPluginCacheSizeMap: 4 connections.
2022-11-06 12:22:46.655 UTC [WARN]  Total cache size 0Mb
2022-11-06 12:22:46.718 UTC [WARN]  plugin configured with a nil SecureConfig
2022-11-06 12:22:47.497 UTC [WARN]  PluginManager setPluginCacheSizeMap: 4 connections.
2022-11-06 12:22:47.497 UTC [WARN]  Total cache size 0Mb
2022-11-06 12:22:47.560 UTC [WARN]  plugin configured with a nil SecureConfig
2022-11-06 12:22:48.326 UTC [WARN]  PluginManager setPluginCacheSizeMap: 4 connections.
2022-11-06 12:22:48.326 UTC [WARN]  Total cache size 0Mb
2022-11-06 12:22:48.389 UTC [WARN]  plugin configured with a nil SecureConfig
2022-11-06 12:22:48.554 UTC [WARN]  plugin configured with a nil SecureConfig
2022-11-06 12:23:58.671 UTC [WARN]  PluginManager setPluginCacheSizeMap: 4 connections.
2022-11-06 12:23:58.671 UTC [WARN]  Total cache size 0Mb
2022-11-06 12:23:58.733 UTC [WARN]  plugin configured with a nil SecureConfig
2022-11-06 12:23:59.491 UTC [WARN]  PluginManager setPluginCacheSizeMap: 4 connections.
2022-11-06 12:23:59.491 UTC [WARN]  Total cache size 0Mb
2022-11-06 12:23:59.555 UTC [WARN]  plugin configured with a nil SecureConfig
2022-11-06 12:23:59.567 UTC [ERROR] steampipe-plugin-csv.plugin: [ERROR] csv.tableCSV: header_parse_error=EOF path=/home/runner/work/steampipe-samples/steampipe-samples/all/hackernews/new_sc.csv header=[]
2022-11-06 12:23:59.567 UTC [ERROR] steampipe-plugin-csv.plugin: [ERROR] csv.PluginTables: create_table_error="failed to parse file header /home/runner/work/steampipe-samples/steampipe-samples/all/hackernews/new_sc.csv: EOF" path=/home/runner/work/steampipe-samples/steampipe-samples/all/hackernews/new_sc.csv
2022-11-06 12:23:59.567 UTC [WARN]  failed to set connection config: failed to parse file header /home/runner/work/steampipe-samples/steampipe-samples/all/hackernews/new_sc.csv: EOF
2022-11-06 12:24:00.311 UTC [WARN]  PluginManager setPluginCacheSizeMap: 4 connections.
2022-11-06 12:24:00.311 UTC [WARN]  Total cache size 0Mb
2022-11-06 12:24:00.375 UTC [WARN]  plugin configured with a nil SecureConfig
2022-11-06 12:24:00.542 UTC [WARN]  steampipe-plugin-csv.plugin: [WARN]  166773744017: getKeyColumnsForTable found no schema for table '/home/runner/work/steampipe-samples/steampipe-samples/all/hackernews/new_sc.csv'
2022-11-06 12:24:03.544 UTC [WARN]  PluginManager setPluginCacheSizeMap: 4 connections.
2022-11-06 12:24:03.544 UTC [WARN]  Total cache size 0Mb
2022-11-06 12:24:03.607 UTC [WARN]  plugin configured with a nil SecureConfig
2022-11-06 12:24:04.357 UTC [WARN]  PluginManager setPluginCacheSizeMap: 4 connections.
2022-11-06 12:24:04.357 UTC [WARN]  Total cache size 0Mb
2022-11-06 12:24:04.419 UTC [WARN]  plugin configured with a nil SecureConfig
2022-11-06 12:24:05.183 UTC [WARN]  PluginManager setPluginCacheSizeMap: 4 connections.
2022-11-06 12:24:05.183 UTC [WARN]  Total cache size 0Mb
2022-11-06 12:24:05.245 UTC [WARN]  plugin configured with a nil SecureConfig
2022-11-06 12:24:06.004 UTC [WARN]  PluginManager setPluginCacheSizeMap: 4 connections.
2022-11-06 12:24:06.004 UTC [WARN]  Total cache size 0Mb
2022-11-06 12:24:06.067 UTC [WARN]  plugin configured with a nil SecureConfig
2022-11-06 12:24:06.077 UTC [ERROR] steampipe-plugin-csv.plugin: [ERROR] csv.tableCSV: header_parse_error=EOF path=/home/runner/work/steampipe-samples/steampipe-samples/all/hackernews/hn_items_all.csv header=[]
2022-11-06 12:24:06.077 UTC [ERROR] steampipe-plugin-csv.plugin: [ERROR] csv.PluginTables: create_table_error="failed to parse file header /home/runner/work/steampipe-samples/steampipe-samples/all/hackernews/hn_items_all.csv: EOF" path=/home/runner/work/steampipe-samples/steampipe-samples/all/hackernews/hn_items_all.csv
2022-11-06 12:24:06.077 UTC [WARN]  failed to set connection config: failed to parse file header /home/runner/work/steampipe-samples/steampipe-samples/all/hackernews/hn_items_all.csv: EOF
2022-11-06 12:24:07.020 UTC [WARN]  PluginManager setPluginCacheSizeMap: 4 connections.
2022-11-06 12:24:07.020 UTC [WARN]  Total cache size 0Mb
2022-11-06 12:24:07.083 UTC [WARN]  plugin configured with a nil SecureConfig
2022-11-06 12:24:07.094 UTC [ERROR] steampipe-plugin-csv.plugin: [ERROR] csv.tableCSV: header_parse_error=EOF path=/home/runner/work/steampipe-samples/steampipe-samples/all/hackernews/people.csv header=[]
2022-11-06 12:24:07.094 UTC [ERROR] steampipe-plugin-csv.plugin: [ERROR] csv.PluginTables: create_table_error="failed to parse file header /home/runner/work/steampipe-samples/steampipe-samples/all/hackernews/people.csv: EOF" path=/home/runner/work/steampipe-samples/steampipe-samples/all/hackernews/people.csv
2022-11-06 12:24:07.094 UTC [WARN]  failed to set connection config: failed to parse file header /home/runner/work/steampipe-samples/steampipe-samples/all/hackernews/people.csv: EOF
2022-11-06 12:24:07.233 UTC [WARN]  plugin configured with a nil SecureConfig
2022-11-06 12:24:07.263 UTC [WARN]  plugin configured with a nil SecureConfig
