2023-03-06 03:20:57.006 UTC [INFO]  starting plugin manager
2023-03-06 03:20:57.006 UTC [TRACE] loaded config map: hackernews,net,csv,github
2023-03-06 03:20:57.006 UTC [TRACE] NewPluginManager
2023-03-06 03:20:57.007 UTC [TRACE] PluginManager setPluginCacheSizeMap: 4 connections.
2023-03-06 03:20:57.007 UTC [TRACE] Total cache size 0Mb
2023-03-06 03:20:57.007 UTC [INFO]  starting connection watcher
2023-03-06 03:20:57.008 UTC [INFO]  created ConnectionWatcher
2023-03-06 03:20:57.008 UTC [TRACE] about to serve
2023-03-06 03:20:57.065 UTC [TRACE] PluginManager Get, connections: '[csv]'
2023-03-06 03:20:57.065 UTC [TRACE] PluginManager getPlugin hub.steampipe.io/plugins/turbot/csv@latest connection 'csv'
2023-03-06 03:20:57.066 UTC [TRACE] PluginManager 0xc0007b4690 plugin hub.steampipe.io/plugins/turbot/csv@latest (csv) NOT started or starting - start now
2023-03-06 03:20:57.066 UTC [TRACE] ************ start plugin csv ********************
2023-03-06 03:20:57.066 UTC [TRACE] ************ plugin path /home/runner/.steampipe/plugins/hub.steampipe.io/plugins/turbot/csv@latest/steampipe-plugin-csv.plugin ********************
2023-03-06 03:20:57.130 UTC [DEBUG] starting plugin: path=/home/runner/.steampipe/plugins/hub.steampipe.io/plugins/turbot/csv@latest/steampipe-plugin-csv.plugin args=["/home/runner/.steampipe/plugins/hub.steampipe.io/plugins/turbot/csv@latest/steampipe-plugin-csv.plugin"]
2023-03-06 03:20:57.130 UTC [DEBUG] plugin started: path=/home/runner/.steampipe/plugins/hub.steampipe.io/plugins/turbot/csv@latest/steampipe-plugin-csv.plugin pid=1967
2023-03-06 03:20:57.130 UTC [DEBUG] waiting for RPC address: path=/home/runner/.steampipe/plugins/hub.steampipe.io/plugins/turbot/csv@latest/steampipe-plugin-csv.plugin
2023-03-06 03:20:57.139 UTC [INFO]  steampipe-plugin-csv.plugin: [INFO]  Initialise plugin 'steampipe-plugin-csv', using sdk version 4.1.8
2023-03-06 03:20:57.139 UTC [TRACE] steampipe-plugin-csv.plugin: [TRACE] no DefaultRetryConfig defined - creating empty
2023-03-06 03:20:57.139 UTC [TRACE] steampipe-plugin-csv.plugin: [TRACE] no DefaultIgnoreConfig defined - creating empty
2023-03-06 03:20:57.139 UTC [TRACE] steampipe-plugin-csv.plugin: [TRACE] telemetry.Init service 'steampipe-plugin-csv', tracingEnabled: false, metricsEnabled: false
2023-03-06 03:20:57.139 UTC [TRACE] steampipe-plugin-csv.plugin: [TRACE] metrics and tracing disabled' - returning
2023-03-06 03:20:57.140 UTC [DEBUG] steampipe-plugin-csv.plugin: plugin address: address=/tmp/plugin3753162963 network=unix timestamp=2023-03-06T03:20:57.140Z
2023-03-06 03:20:57.140 UTC [DEBUG] using plugin: version=0
2023-03-06 03:20:57.140 UTC [TRACE] NewPluginClient for plugin hub.steampipe.io/plugins/turbot/csv@latest
2023-03-06 03:20:57.141 UTC [TRACE] stdio: waiting for stdio data
2023-03-06 03:20:57.142 UTC [TRACE] supportedOperations: query_cache:true  multiple_connections:true
2023-03-06 03:20:57.142 UTC [TRACE] steampipe-plugin-csv.plugin: [TRACE] SetAllConnectionConfigs setting 1 configs
2023-03-06 03:20:57.142 UTC [TRACE] steampipe-plugin-csv.plugin: [TRACE] connection csv build schema and table map
2023-03-06 03:20:57.142 UTC [DEBUG] steampipe-plugin-csv.plugin: [DEBUG] csv.tableCSV: path=/home/runner/work/steampipe-samples/steampipe-samples/all/hackernews/hn_items_all.csv detected_encoding=Unknown
2023-03-06 03:20:57.142 UTC [DEBUG] steampipe-plugin-csv.plugin: [DEBUG] csv.tableCSV: path=/home/runner/work/steampipe-samples/steampipe-samples/all/hackernews/new_sc.csv detected_encoding=Unknown
2023-03-06 03:20:57.142 UTC [TRACE] steampipe-plugin-csv.plugin: [TRACE] initialise table /home/runner/work/steampipe-samples/steampipe-samples/all/hackernews/hn_items_all.csv
2023-03-06 03:20:57.142 UTC [TRACE] steampipe-plugin-csv.plugin: [TRACE] no DefaultRetryConfig defined - creating empty
2023-03-06 03:20:57.142 UTC [TRACE] steampipe-plugin-csv.plugin: [TRACE] no DefaultIgnoreConfig defined - creating empty
2023-03-06 03:20:57.142 UTC [TRACE] steampipe-plugin-csv.plugin: [TRACE] apply plugin defaults for DefaultRetryConfig
2023-03-06 03:20:57.142 UTC [TRACE] steampipe-plugin-csv.plugin: [TRACE] apply plugin defaults for DefaultIgnoreConfig, table &{<nil> <nil>} plugin &{<nil> <nil>}
2023-03-06 03:20:57.143 UTC [TRACE] steampipe-plugin-csv.plugin: [TRACE] DefaultRetryConfig:
2023-03-06 03:20:57.143 UTC [TRACE] steampipe-plugin-csv.plugin: [TRACE] DefaultIgnoreConfig:
2023-03-06 03:20:57.143 UTC [TRACE] steampipe-plugin-csv.plugin: [TRACE] t.List.initialise
2023-03-06 03:20:57.143 UTC [TRACE] steampipe-plugin-csv.plugin: [TRACE] ListConfig.initialise table /home/runner/work/steampipe-samples/steampipe-samples/all/hackernews/hn_items_all.csv
2023-03-06 03:20:57.143 UTC [TRACE] steampipe-plugin-csv.plugin: [TRACE] ListConfig.initialise complete: RetryConfig: , IgnoreConfig
2023-03-06 03:20:57.143 UTC [TRACE] steampipe-plugin-csv.plugin: [TRACE] back from initialiseHydrateConfigs
2023-03-06 03:20:57.143 UTC [TRACE] steampipe-plugin-csv.plugin: [TRACE] initialise table /home/runner/work/steampipe-samples/steampipe-samples/all/hackernews/hn_items_all.csv COMPLETE
2023-03-06 03:20:57.143 UTC [TRACE] steampipe-plugin-csv.plugin: [TRACE] initialise table /home/runner/work/steampipe-samples/steampipe-samples/all/hackernews/new_sc.csv
2023-03-06 03:20:57.143 UTC [TRACE] steampipe-plugin-csv.plugin: [TRACE] no DefaultRetryConfig defined - creating empty
2023-03-06 03:20:57.143 UTC [TRACE] steampipe-plugin-csv.plugin: [TRACE] no DefaultIgnoreConfig defined - creating empty
2023-03-06 03:20:57.143 UTC [TRACE] steampipe-plugin-csv.plugin: [TRACE] apply plugin defaults for DefaultRetryConfig
2023-03-06 03:20:57.143 UTC [TRACE] steampipe-plugin-csv.plugin: [TRACE] apply plugin defaults for DefaultIgnoreConfig, table &{<nil> <nil>} plugin &{<nil> <nil>}
2023-03-06 03:20:57.143 UTC [TRACE] steampipe-plugin-csv.plugin: [TRACE] DefaultRetryConfig:
2023-03-06 03:20:57.143 UTC [TRACE] steampipe-plugin-csv.plugin: [TRACE] DefaultIgnoreConfig:
2023-03-06 03:20:57.143 UTC [TRACE] steampipe-plugin-csv.plugin: [TRACE] t.List.initialise
2023-03-06 03:20:57.143 UTC [TRACE] steampipe-plugin-csv.plugin: [TRACE] ListConfig.initialise table /home/runner/work/steampipe-samples/steampipe-samples/all/hackernews/new_sc.csv
2023-03-06 03:20:57.143 UTC [TRACE] steampipe-plugin-csv.plugin: [TRACE] ListConfig.initialise complete: RetryConfig: , IgnoreConfig
2023-03-06 03:20:57.143 UTC [TRACE] steampipe-plugin-csv.plugin: [TRACE] back from initialiseHydrateConfigs
2023-03-06 03:20:57.143 UTC [TRACE] steampipe-plugin-csv.plugin: [TRACE] initialise table /home/runner/work/steampipe-samples/steampipe-samples/all/hackernews/new_sc.csv COMPLETE
2023-03-06 03:20:57.143 UTC [TRACE] steampipe-plugin-csv.plugin: [TRACE] validate plugin steampipe-plugin-csv, required columns []
2023-03-06 03:20:57.143 UTC [TRACE] steampipe-plugin-csv.plugin: [TRACE] validate DefaultRetryConfig
2023-03-06 03:20:57.143 UTC [TRACE] steampipe-plugin-csv.plugin: [TRACE] validate DefaultIgnoreConfig
2023-03-06 03:20:57.143 UTC [TRACE] steampipe-plugin-csv.plugin: [TRACE] validate table names
2023-03-06 03:20:57.143 UTC [TRACE] steampipe-plugin-csv.plugin: [TRACE] plugin has 0 validation errors
2023-03-06 03:20:57.143 UTC [TRACE] steampipe-plugin-csv.plugin: [TRACE] Plugin ensureCache creating cache, maxCacheStorageMb 0
2023-03-06 03:20:57.143 UTC [TRACE] steampipe-plugin-csv.plugin: [TRACE] createCacheStore for plugin 'steampipe-plugin-csv' setting max size to 0Mb, Shards: 2, max shard size: 0
2023-03-06 03:20:57.155 UTC [INFO]  steampipe-plugin-csv.plugin: [INFO]  query cache created
2023-03-06 03:20:57.155 UTC [DEBUG] steampipe-plugin-csv.plugin: [DEBUG] SetAllConnectionConfigs finished
2023-03-06 03:20:57.156 UTC [TRACE] PluginManager getPlugin complete, returning reattach config with PID: 1967
2023-03-06 03:20:57.156 UTC [TRACE] PluginManager Get returning reattach_map:{key:"csv"  value:{protocol:"grpc"  addr:{Network:"unix"  Address:"/tmp/plugin3753162963"}  pid:1967  supported_operations:{query_cache:true  multiple_connections:true}  connections:"csv"  plugin:"hub.steampipe.io/plugins/turbot/csv@latest"}}
2023-03-06 03:20:57.195 UTC [TRACE] PluginManager Get, connections: '[csv]'
2023-03-06 03:20:57.195 UTC [TRACE] PluginManager getPlugin hub.steampipe.io/plugins/turbot/csv@latest connection 'csv'
2023-03-06 03:20:57.195 UTC [TRACE] connection csv found in connectionPluginMap
2023-03-06 03:20:57.195 UTC [TRACE] initialized: 1967
2023-03-06 03:20:57.195 UTC [TRACE] initialized: 1967
2023-03-06 03:20:57.195 UTC [TRACE] connection csv is loaded, check for running PID
2023-03-06 03:20:57.196 UTC [TRACE] PluginManager found 'csv' in map, pid 1967
2023-03-06 03:20:57.196 UTC [TRACE] PluginManager Get returning reattach_map:{key:"csv"  value:{protocol:"grpc"  addr:{Network:"unix"  Address:"/tmp/plugin3753162963"}  pid:1967  supported_operations:{query_cache:true  multiple_connections:true}  connections:"csv"  plugin:"hub.steampipe.io/plugins/turbot/csv@latest"}}
2023-03-06 03:20:57.253 UTC [TRACE] PluginManager Get, connections: '[hackernews]'
2023-03-06 03:20:57.253 UTC [TRACE] PluginManager getPlugin hub.steampipe.io/plugins/turbot/hackernews@latest connection 'hackernews'
2023-03-06 03:20:57.253 UTC [TRACE] PluginManager 0xc0007b4690 plugin hub.steampipe.io/plugins/turbot/hackernews@latest (hackernews) NOT started or starting - start now
2023-03-06 03:20:57.253 UTC [TRACE] ************ start plugin hackernews ********************
2023-03-06 03:20:57.253 UTC [TRACE] ************ plugin path /home/runner/.steampipe/plugins/hub.steampipe.io/plugins/turbot/hackernews@latest/steampipe-plugin-hackernews.plugin ********************
2023-03-06 03:20:57.316 UTC [DEBUG] starting plugin: path=/home/runner/.steampipe/plugins/hub.steampipe.io/plugins/turbot/hackernews@latest/steampipe-plugin-hackernews.plugin args=["/home/runner/.steampipe/plugins/hub.steampipe.io/plugins/turbot/hackernews@latest/steampipe-plugin-hackernews.plugin"]
2023-03-06 03:20:57.316 UTC [DEBUG] plugin started: path=/home/runner/.steampipe/plugins/hub.steampipe.io/plugins/turbot/hackernews@latest/steampipe-plugin-hackernews.plugin pid=1990
2023-03-06 03:20:57.316 UTC [DEBUG] waiting for RPC address: path=/home/runner/.steampipe/plugins/hub.steampipe.io/plugins/turbot/hackernews@latest/steampipe-plugin-hackernews.plugin
2023-03-06 03:20:57.325 UTC [INFO]  steampipe-plugin-hackernews.plugin: [INFO]  Initialise plugin 'steampipe-plugin-hackernews', using sdk version 4.1.7
2023-03-06 03:20:57.325 UTC [TRACE] steampipe-plugin-hackernews.plugin: [TRACE] defaulting SchemaMode to SchemaModeStatic
2023-03-06 03:20:57.325 UTC [TRACE] steampipe-plugin-hackernews.plugin: [TRACE] no DefaultRetryConfig defined - creating empty
2023-03-06 03:20:57.325 UTC [TRACE] steampipe-plugin-hackernews.plugin: [TRACE] no DefaultIgnoreConfig defined - creating empty
2023-03-06 03:20:57.325 UTC [TRACE] steampipe-plugin-hackernews.plugin: [TRACE] Setting Ulimit: ulimit=2560
2023-03-06 03:20:57.325 UTC [TRACE] steampipe-plugin-hackernews.plugin: [TRACE] telemetry.Init service 'steampipe-plugin-hackernews', tracingEnabled: false, metricsEnabled: false
2023-03-06 03:20:57.325 UTC [TRACE] steampipe-plugin-hackernews.plugin: [TRACE] metrics and tracing disabled' - returning
2023-03-06 03:20:57.326 UTC [DEBUG] steampipe-plugin-hackernews.plugin: plugin address: address=/tmp/plugin3429477892 network=unix timestamp=2023-03-06T03:20:57.326Z
2023-03-06 03:20:57.326 UTC [DEBUG] using plugin: version=0
2023-03-06 03:20:57.326 UTC [TRACE] NewPluginClient for plugin hub.steampipe.io/plugins/turbot/hackernews@latest
2023-03-06 03:20:57.327 UTC [TRACE] stdio: waiting for stdio data
2023-03-06 03:20:57.328 UTC [TRACE] supportedOperations: query_cache:true  multiple_connections:true
2023-03-06 03:20:57.328 UTC [TRACE] steampipe-plugin-hackernews.plugin: [TRACE] SetAllConnectionConfigs setting 1 configs
2023-03-06 03:20:57.328 UTC [TRACE] steampipe-plugin-hackernews.plugin: [TRACE] connection hackernews build schema and table map
2023-03-06 03:20:57.328 UTC [TRACE] steampipe-plugin-hackernews.plugin: [TRACE] initialise table hackernews_ask_hn
2023-03-06 03:20:57.328 UTC [TRACE] steampipe-plugin-hackernews.plugin: [TRACE] no DefaultRetryConfig defined - creating empty
2023-03-06 03:20:57.328 UTC [TRACE] steampipe-plugin-hackernews.plugin: [TRACE] no DefaultIgnoreConfig defined - creating empty
2023-03-06 03:20:57.328 UTC [TRACE] steampipe-plugin-hackernews.plugin: [TRACE] apply plugin defaults for DefaultRetryConfig
2023-03-06 03:20:57.328 UTC [TRACE] steampipe-plugin-hackernews.plugin: [TRACE] apply plugin defaults for DefaultIgnoreConfig, table &{<nil> <nil>} plugin &{<nil> <nil>}
2023-03-06 03:20:57.328 UTC [TRACE] steampipe-plugin-hackernews.plugin: [TRACE] DefaultRetryConfig:
2023-03-06 03:20:57.328 UTC [TRACE] steampipe-plugin-hackernews.plugin: [TRACE] DefaultIgnoreConfig:
2023-03-06 03:20:57.328 UTC [TRACE] steampipe-plugin-hackernews.plugin: [TRACE] t.Get.initialise
2023-03-06 03:20:57.328 UTC [TRACE] steampipe-plugin-hackernews.plugin: [TRACE] GetConfig.initialise table hackernews_ask_hn
2023-03-06 03:20:57.328 UTC [TRACE] steampipe-plugin-hackernews.plugin: [TRACE] GetConfig.initialise complete: RetryConfig: , IgnoreConfig:
2023-03-06 03:20:57.328 UTC [TRACE] steampipe-plugin-hackernews.plugin: [TRACE] t.List.initialise
2023-03-06 03:20:57.328 UTC [TRACE] steampipe-plugin-hackernews.plugin: [TRACE] ListConfig.initialise table hackernews_ask_hn
2023-03-06 03:20:57.328 UTC [TRACE] steampipe-plugin-hackernews.plugin: [TRACE] ListConfig.initialise complete: RetryConfig: , IgnoreConfig
2023-03-06 03:20:57.328 UTC [TRACE] steampipe-plugin-hackernews.plugin: [TRACE] HydrateConfig.initialise func getItem, table hackernews_ask_hn
2023-03-06 03:20:57.328 UTC [TRACE] steampipe-plugin-hackernews.plugin: [TRACE] HydrateConfig.initialise complete: RetryConfig: , IgnoreConfig:
2023-03-06 03:20:57.328 UTC [TRACE] steampipe-plugin-hackernews.plugin: [TRACE] back from initialiseHydrateConfigs
2023-03-06 03:20:57.328 UTC [TRACE] steampipe-plugin-hackernews.plugin: [TRACE] initialise table hackernews_ask_hn COMPLETE
2023-03-06 03:20:57.328 UTC [TRACE] steampipe-plugin-hackernews.plugin: [TRACE] initialise table hackernews_best
2023-03-06 03:20:57.328 UTC [TRACE] steampipe-plugin-hackernews.plugin: [TRACE] no DefaultRetryConfig defined - creating empty
2023-03-06 03:20:57.328 UTC [TRACE] steampipe-plugin-hackernews.plugin: [TRACE] no DefaultIgnoreConfig defined - creating empty
2023-03-06 03:20:57.328 UTC [TRACE] steampipe-plugin-hackernews.plugin: [TRACE] apply plugin defaults for DefaultRetryConfig
2023-03-06 03:20:57.328 UTC [TRACE] steampipe-plugin-hackernews.plugin: [TRACE] apply plugin defaults for DefaultIgnoreConfig, table &{<nil> <nil>} plugin &{<nil> <nil>}
2023-03-06 03:20:57.328 UTC [TRACE] steampipe-plugin-hackernews.plugin: [TRACE] DefaultRetryConfig:
2023-03-06 03:20:57.328 UTC [TRACE] steampipe-plugin-hackernews.plugin: [TRACE] DefaultIgnoreConfig:
2023-03-06 03:20:57.328 UTC [TRACE] steampipe-plugin-hackernews.plugin: [TRACE] t.Get.initialise
2023-03-06 03:20:57.328 UTC [TRACE] steampipe-plugin-hackernews.plugin: [TRACE] GetConfig.initialise table hackernews_best
2023-03-06 03:20:57.328 UTC [TRACE] steampipe-plugin-hackernews.plugin: [TRACE] GetConfig.initialise complete: RetryConfig: , IgnoreConfig:
2023-03-06 03:20:57.328 UTC [TRACE] steampipe-plugin-hackernews.plugin: [TRACE] t.List.initialise
2023-03-06 03:20:57.328 UTC [TRACE] steampipe-plugin-hackernews.plugin: [TRACE] ListConfig.initialise table hackernews_best
2023-03-06 03:20:57.328 UTC [TRACE] steampipe-plugin-hackernews.plugin: [TRACE] ListConfig.initialise complete: RetryConfig: , IgnoreConfig
2023-03-06 03:20:57.328 UTC [TRACE] steampipe-plugin-hackernews.plugin: [TRACE] HydrateConfig.initialise func getItem, table hackernews_best
2023-03-06 03:20:57.328 UTC [TRACE] steampipe-plugin-hackernews.plugin: [TRACE] HydrateConfig.initialise complete: RetryConfig: , IgnoreConfig:
2023-03-06 03:20:57.328 UTC [TRACE] steampipe-plugin-hackernews.plugin: [TRACE] back from initialiseHydrateConfigs
2023-03-06 03:20:57.328 UTC [TRACE] steampipe-plugin-hackernews.plugin: [TRACE] initialise table hackernews_best COMPLETE
2023-03-06 03:20:57.328 UTC [TRACE] steampipe-plugin-hackernews.plugin: [TRACE] initialise table hackernews_item
2023-03-06 03:20:57.328 UTC [TRACE] steampipe-plugin-hackernews.plugin: [TRACE] no DefaultRetryConfig defined - creating empty
2023-03-06 03:20:57.328 UTC [TRACE] steampipe-plugin-hackernews.plugin: [TRACE] no DefaultIgnoreConfig defined - creating empty
2023-03-06 03:20:57.328 UTC [TRACE] steampipe-plugin-hackernews.plugin: [TRACE] apply plugin defaults for DefaultRetryConfig
2023-03-06 03:20:57.328 UTC [TRACE] steampipe-plugin-hackernews.plugin: [TRACE] apply plugin defaults for DefaultIgnoreConfig, table &{<nil> <nil>} plugin &{<nil> <nil>}
2023-03-06 03:20:57.328 UTC [TRACE] steampipe-plugin-hackernews.plugin: [TRACE] DefaultRetryConfig:
2023-03-06 03:20:57.328 UTC [TRACE] steampipe-plugin-hackernews.plugin: [TRACE] DefaultIgnoreConfig:
2023-03-06 03:20:57.328 UTC [TRACE] steampipe-plugin-hackernews.plugin: [TRACE] t.Get.initialise
2023-03-06 03:20:57.328 UTC [TRACE] steampipe-plugin-hackernews.plugin: [TRACE] GetConfig.initialise table hackernews_item
2023-03-06 03:20:57.329 UTC [TRACE] steampipe-plugin-hackernews.plugin: [TRACE] GetConfig.initialise complete: RetryConfig: , IgnoreConfig:
2023-03-06 03:20:57.329 UTC [TRACE] steampipe-plugin-hackernews.plugin: [TRACE] t.List.initialise
2023-03-06 03:20:57.329 UTC [TRACE] steampipe-plugin-hackernews.plugin: [TRACE] ListConfig.initialise table hackernews_item
2023-03-06 03:20:57.329 UTC [TRACE] steampipe-plugin-hackernews.plugin: [TRACE] ListConfig.initialise complete: RetryConfig: , IgnoreConfig
2023-03-06 03:20:57.329 UTC [TRACE] steampipe-plugin-hackernews.plugin: [TRACE] HydrateConfig.initialise func getItem, table hackernews_item
2023-03-06 03:20:57.329 UTC [TRACE] steampipe-plugin-hackernews.plugin: [TRACE] HydrateConfig.initialise complete: RetryConfig: , IgnoreConfig:
2023-03-06 03:20:57.329 UTC [TRACE] steampipe-plugin-hackernews.plugin: [TRACE] back from initialiseHydrateConfigs
2023-03-06 03:20:57.329 UTC [TRACE] steampipe-plugin-hackernews.plugin: [TRACE] initialise table hackernews_item COMPLETE
2023-03-06 03:20:57.329 UTC [TRACE] steampipe-plugin-hackernews.plugin: [TRACE] initialise table hackernews_job
2023-03-06 03:20:57.329 UTC [TRACE] steampipe-plugin-hackernews.plugin: [TRACE] no DefaultRetryConfig defined - creating empty
2023-03-06 03:20:57.329 UTC [TRACE] steampipe-plugin-hackernews.plugin: [TRACE] no DefaultIgnoreConfig defined - creating empty
2023-03-06 03:20:57.329 UTC [TRACE] steampipe-plugin-hackernews.plugin: [TRACE] apply plugin defaults for DefaultRetryConfig
2023-03-06 03:20:57.329 UTC [TRACE] steampipe-plugin-hackernews.plugin: [TRACE] apply plugin defaults for DefaultIgnoreConfig, table &{<nil> <nil>} plugin &{<nil> <nil>}
2023-03-06 03:20:57.329 UTC [TRACE] steampipe-plugin-hackernews.plugin: [TRACE] DefaultRetryConfig:
2023-03-06 03:20:57.329 UTC [TRACE] steampipe-plugin-hackernews.plugin: [TRACE] DefaultIgnoreConfig:
2023-03-06 03:20:57.329 UTC [TRACE] steampipe-plugin-hackernews.plugin: [TRACE] t.Get.initialise
2023-03-06 03:20:57.329 UTC [TRACE] steampipe-plugin-hackernews.plugin: [TRACE] GetConfig.initialise table hackernews_job
2023-03-06 03:20:57.329 UTC [TRACE] steampipe-plugin-hackernews.plugin: [TRACE] GetConfig.initialise complete: RetryConfig: , IgnoreConfig:
2023-03-06 03:20:57.329 UTC [TRACE] steampipe-plugin-hackernews.plugin: [TRACE] t.List.initialise
2023-03-06 03:20:57.329 UTC [TRACE] steampipe-plugin-hackernews.plugin: [TRACE] ListConfig.initialise table hackernews_job
2023-03-06 03:20:57.329 UTC [TRACE] steampipe-plugin-hackernews.plugin: [TRACE] ListConfig.initialise complete: RetryConfig: , IgnoreConfig
2023-03-06 03:20:57.329 UTC [TRACE] steampipe-plugin-hackernews.plugin: [TRACE] HydrateConfig.initialise func getItem, table hackernews_job
2023-03-06 03:20:57.329 UTC [TRACE] steampipe-plugin-hackernews.plugin: [TRACE] HydrateConfig.initialise complete: RetryConfig: , IgnoreConfig:
2023-03-06 03:20:57.329 UTC [TRACE] steampipe-plugin-hackernews.plugin: [TRACE] back from initialiseHydrateConfigs
2023-03-06 03:20:57.329 UTC [TRACE] steampipe-plugin-hackernews.plugin: [TRACE] initialise table hackernews_job COMPLETE
2023-03-06 03:20:57.329 UTC [TRACE] steampipe-plugin-hackernews.plugin: [TRACE] initialise table hackernews_new
2023-03-06 03:20:57.329 UTC [TRACE] steampipe-plugin-hackernews.plugin: [TRACE] no DefaultRetryConfig defined - creating empty
2023-03-06 03:20:57.329 UTC [TRACE] steampipe-plugin-hackernews.plugin: [TRACE] no DefaultIgnoreConfig defined - creating empty
2023-03-06 03:20:57.329 UTC [TRACE] steampipe-plugin-hackernews.plugin: [TRACE] apply plugin defaults for DefaultRetryConfig
2023-03-06 03:20:57.329 UTC [TRACE] steampipe-plugin-hackernews.plugin: [TRACE] apply plugin defaults for DefaultIgnoreConfig, table &{<nil> <nil>} plugin &{<nil> <nil>}
2023-03-06 03:20:57.329 UTC [TRACE] steampipe-plugin-hackernews.plugin: [TRACE] DefaultRetryConfig:
2023-03-06 03:20:57.329 UTC [TRACE] steampipe-plugin-hackernews.plugin: [TRACE] DefaultIgnoreConfig:
2023-03-06 03:20:57.329 UTC [TRACE] steampipe-plugin-hackernews.plugin: [TRACE] t.Get.initialise
2023-03-06 03:20:57.329 UTC [TRACE] steampipe-plugin-hackernews.plugin: [TRACE] GetConfig.initialise table hackernews_new
2023-03-06 03:20:57.329 UTC [TRACE] steampipe-plugin-hackernews.plugin: [TRACE] GetConfig.initialise complete: RetryConfig: , IgnoreConfig:
2023-03-06 03:20:57.329 UTC [TRACE] steampipe-plugin-hackernews.plugin: [TRACE] t.List.initialise
2023-03-06 03:20:57.329 UTC [TRACE] steampipe-plugin-hackernews.plugin: [TRACE] ListConfig.initialise table hackernews_new
2023-03-06 03:20:57.329 UTC [TRACE] steampipe-plugin-hackernews.plugin: [TRACE] ListConfig.initialise complete: RetryConfig: , IgnoreConfig
2023-03-06 03:20:57.329 UTC [TRACE] steampipe-plugin-hackernews.plugin: [TRACE] HydrateConfig.initialise func getItem, table hackernews_new
2023-03-06 03:20:57.329 UTC [TRACE] steampipe-plugin-hackernews.plugin: [TRACE] HydrateConfig.initialise complete: RetryConfig: , IgnoreConfig:
2023-03-06 03:20:57.329 UTC [TRACE] steampipe-plugin-hackernews.plugin: [TRACE] back from initialiseHydrateConfigs
2023-03-06 03:20:57.329 UTC [TRACE] steampipe-plugin-hackernews.plugin: [TRACE] initialise table hackernews_new COMPLETE
2023-03-06 03:20:57.329 UTC [TRACE] steampipe-plugin-hackernews.plugin: [TRACE] initialise table hackernews_show_hn
2023-03-06 03:20:57.329 UTC [TRACE] steampipe-plugin-hackernews.plugin: [TRACE] no DefaultRetryConfig defined - creating empty
2023-03-06 03:20:57.329 UTC [TRACE] steampipe-plugin-hackernews.plugin: [TRACE] no DefaultIgnoreConfig defined - creating empty
2023-03-06 03:20:57.329 UTC [TRACE] steampipe-plugin-hackernews.plugin: [TRACE] apply plugin defaults for DefaultRetryConfig
2023-03-06 03:20:57.329 UTC [TRACE] steampipe-plugin-hackernews.plugin: [TRACE] apply plugin defaults for DefaultIgnoreConfig, table &{<nil> <nil>} plugin &{<nil> <nil>}
2023-03-06 03:20:57.329 UTC [TRACE] steampipe-plugin-hackernews.plugin: [TRACE] DefaultRetryConfig:
2023-03-06 03:20:57.329 UTC [TRACE] steampipe-plugin-hackernews.plugin: [TRACE] DefaultIgnoreConfig:
2023-03-06 03:20:57.329 UTC [TRACE] steampipe-plugin-hackernews.plugin: [TRACE] t.Get.initialise
2023-03-06 03:20:57.329 UTC [TRACE] steampipe-plugin-hackernews.plugin: [TRACE] GetConfig.initialise table hackernews_show_hn
2023-03-06 03:20:57.329 UTC [TRACE] steampipe-plugin-hackernews.plugin: [TRACE] GetConfig.initialise complete: RetryConfig: , IgnoreConfig:
2023-03-06 03:20:57.329 UTC [TRACE] steampipe-plugin-hackernews.plugin: [TRACE] t.List.initialise
2023-03-06 03:20:57.329 UTC [TRACE] steampipe-plugin-hackernews.plugin: [TRACE] ListConfig.initialise table hackernews_show_hn
2023-03-06 03:20:57.329 UTC [TRACE] steampipe-plugin-hackernews.plugin: [TRACE] ListConfig.initialise complete: RetryConfig: , IgnoreConfig
2023-03-06 03:20:57.329 UTC [TRACE] steampipe-plugin-hackernews.plugin: [TRACE] HydrateConfig.initialise func getItem, table hackernews_show_hn
2023-03-06 03:20:57.329 UTC [TRACE] steampipe-plugin-hackernews.plugin: [TRACE] HydrateConfig.initialise complete: RetryConfig: , IgnoreConfig:
2023-03-06 03:20:57.329 UTC [TRACE] steampipe-plugin-hackernews.plugin: [TRACE] back from initialiseHydrateConfigs
2023-03-06 03:20:57.329 UTC [TRACE] steampipe-plugin-hackernews.plugin: [TRACE] initialise table hackernews_show_hn COMPLETE
2023-03-06 03:20:57.329 UTC [TRACE] steampipe-plugin-hackernews.plugin: [TRACE] initialise table hackernews_top
2023-03-06 03:20:57.329 UTC [TRACE] steampipe-plugin-hackernews.plugin: [TRACE] no DefaultRetryConfig defined - creating empty
2023-03-06 03:20:57.329 UTC [TRACE] steampipe-plugin-hackernews.plugin: [TRACE] no DefaultIgnoreConfig defined - creating empty
2023-03-06 03:20:57.329 UTC [TRACE] steampipe-plugin-hackernews.plugin: [TRACE] apply plugin defaults for DefaultRetryConfig
2023-03-06 03:20:57.329 UTC [TRACE] steampipe-plugin-hackernews.plugin: [TRACE] apply plugin defaults for DefaultIgnoreConfig, table &{<nil> <nil>} plugin &{<nil> <nil>}
2023-03-06 03:20:57.329 UTC [TRACE] steampipe-plugin-hackernews.plugin: [TRACE] DefaultRetryConfig:
2023-03-06 03:20:57.329 UTC [TRACE] steampipe-plugin-hackernews.plugin: [TRACE] DefaultIgnoreConfig:
2023-03-06 03:20:57.329 UTC [TRACE] steampipe-plugin-hackernews.plugin: [TRACE] t.Get.initialise
2023-03-06 03:20:57.329 UTC [TRACE] steampipe-plugin-hackernews.plugin: [TRACE] GetConfig.initialise table hackernews_top
2023-03-06 03:20:57.329 UTC [TRACE] steampipe-plugin-hackernews.plugin: [TRACE] GetConfig.initialise complete: RetryConfig: , IgnoreConfig:
2023-03-06 03:20:57.329 UTC [TRACE] steampipe-plugin-hackernews.plugin: [TRACE] t.List.initialise
2023-03-06 03:20:57.329 UTC [TRACE] steampipe-plugin-hackernews.plugin: [TRACE] ListConfig.initialise table hackernews_top
2023-03-06 03:20:57.329 UTC [TRACE] steampipe-plugin-hackernews.plugin: [TRACE] ListConfig.initialise complete: RetryConfig: , IgnoreConfig
2023-03-06 03:20:57.329 UTC [TRACE] steampipe-plugin-hackernews.plugin: [TRACE] HydrateConfig.initialise func getItem, table hackernews_top
2023-03-06 03:20:57.329 UTC [TRACE] steampipe-plugin-hackernews.plugin: [TRACE] HydrateConfig.initialise complete: RetryConfig: , IgnoreConfig:
2023-03-06 03:20:57.329 UTC [TRACE] steampipe-plugin-hackernews.plugin: [TRACE] back from initialiseHydrateConfigs
2023-03-06 03:20:57.329 UTC [TRACE] steampipe-plugin-hackernews.plugin: [TRACE] initialise table hackernews_top COMPLETE
2023-03-06 03:20:57.329 UTC [TRACE] steampipe-plugin-hackernews.plugin: [TRACE] initialise table hackernews_user
2023-03-06 03:20:57.329 UTC [TRACE] steampipe-plugin-hackernews.plugin: [TRACE] no DefaultRetryConfig defined - creating empty
2023-03-06 03:20:57.329 UTC [TRACE] steampipe-plugin-hackernews.plugin: [TRACE] no DefaultIgnoreConfig defined - creating empty
2023-03-06 03:20:57.329 UTC [TRACE] steampipe-plugin-hackernews.plugin: [TRACE] apply plugin defaults for DefaultRetryConfig
2023-03-06 03:20:57.329 UTC [TRACE] steampipe-plugin-hackernews.plugin: [TRACE] apply plugin defaults for DefaultIgnoreConfig, table &{<nil> <nil>} plugin &{<nil> <nil>}
2023-03-06 03:20:57.329 UTC [TRACE] steampipe-plugin-hackernews.plugin: [TRACE] DefaultRetryConfig:
2023-03-06 03:20:57.329 UTC [TRACE] steampipe-plugin-hackernews.plugin: [TRACE] DefaultIgnoreConfig:
2023-03-06 03:20:57.329 UTC [TRACE] steampipe-plugin-hackernews.plugin: [TRACE] t.List.initialise
2023-03-06 03:20:57.329 UTC [TRACE] steampipe-plugin-hackernews.plugin: [TRACE] ListConfig.initialise table hackernews_user
2023-03-06 03:20:57.329 UTC [TRACE] steampipe-plugin-hackernews.plugin: [TRACE] ListConfig.initialise complete: RetryConfig: , IgnoreConfig
2023-03-06 03:20:57.329 UTC [TRACE] steampipe-plugin-hackernews.plugin: [TRACE] back from initialiseHydrateConfigs
2023-03-06 03:20:57.329 UTC [TRACE] steampipe-plugin-hackernews.plugin: [TRACE] initialise table hackernews_user COMPLETE
2023-03-06 03:20:57.329 UTC [TRACE] steampipe-plugin-hackernews.plugin: [TRACE] validate plugin steampipe-plugin-hackernews, required columns []
2023-03-06 03:20:57.329 UTC [TRACE] steampipe-plugin-hackernews.plugin: [TRACE] validate DefaultRetryConfig
2023-03-06 03:20:57.329 UTC [TRACE] steampipe-plugin-hackernews.plugin: [TRACE] validate DefaultIgnoreConfig
2023-03-06 03:20:57.329 UTC [TRACE] steampipe-plugin-hackernews.plugin: [TRACE] validate table names
2023-03-06 03:20:57.329 UTC [TRACE] steampipe-plugin-hackernews.plugin: [TRACE] plugin has 0 validation errors
2023-03-06 03:20:57.329 UTC [TRACE] steampipe-plugin-hackernews.plugin: [TRACE] Plugin ensureCache creating cache, maxCacheStorageMb 0
2023-03-06 03:20:57.329 UTC [TRACE] steampipe-plugin-hackernews.plugin: [TRACE] createCacheStore for plugin 'steampipe-plugin-hackernews' setting max size to 0Mb, Shards: 2, max shard size: 0
2023-03-06 03:20:57.341 UTC [INFO]  steampipe-plugin-hackernews.plugin: [INFO]  query cache created
2023-03-06 03:20:57.341 UTC [DEBUG] steampipe-plugin-hackernews.plugin: [DEBUG] SetAllConnectionConfigs finished
2023-03-06 03:20:57.342 UTC [TRACE] PluginManager getPlugin complete, returning reattach config with PID: 1990
2023-03-06 03:20:57.342 UTC [TRACE] PluginManager Get returning reattach_map:{key:"hackernews"  value:{protocol:"grpc"  addr:{Network:"unix"  Address:"/tmp/plugin3429477892"}  pid:1990  supported_operations:{query_cache:true  multiple_connections:true}  connections:"hackernews"  plugin:"hub.steampipe.io/plugins/turbot/hackernews@latest"}}
2023-03-06 03:20:57.347 UTC [INFO]  steampipe-plugin-hackernews.plugin: [INFO]  1678072857737: Plugin Execute (1678072857737)
2023-03-06 03:20:57.347 UTC [TRACE] steampipe-plugin-hackernews.plugin: [TRACE] 1678072857737: No memory limit set
2023-03-06 03:20:57.347 UTC [INFO]  steampipe-plugin-hackernews.plugin: [INFO]  1678072857737: Plugin Execute, setting memory limit to -1Mb
2023-03-06 03:20:57.347 UTC [TRACE] steampipe-plugin-hackernews.plugin: [TRACE] 1678072857737: calling ExtractContextFromCarrier
2023-03-06 03:20:57.347 UTC [INFO]  steampipe-plugin-hackernews.plugin: [INFO]  1678072857737: Setting max concurrent connections to 25
2023-03-06 03:20:57.347 UTC [TRACE] steampipe-plugin-hackernews.plugin: [TRACE] 1678072857737: executeForConnection callId: 1678072857737, connectionCallId: hackernews-1678072857737, connection: hackernews table: hackernews_new cols: id,title,time,by,score,dead,deleted,descendants,kids,parent,parts,poll,text,type,url,_ctx
2023-03-06 03:20:57.347 UTC [TRACE] steampipe-plugin-hackernews.plugin: [TRACE] 1678072857737: got connection data
2023-03-06 03:20:57.347 UTC [TRACE] steampipe-plugin-hackernews.plugin: [TRACE] 1678072857737: Got query context, table: hackernews_new, cols: [id title time by score dead deleted descendants kids parent parts poll text type url _ctx]
2023-03-06 03:20:57.347 UTC [TRACE] steampipe-plugin-hackernews.plugin: [TRACE] 1678072857737: Start execute span
2023-03-06 03:20:57.347 UTC [INFO]  steampipe-plugin-hackernews.plugin: [INFO]  1678072857737: Setting free memory interval to 100 rows
2023-03-06 03:20:57.347 UTC [TRACE] steampipe-plugin-hackernews.plugin: [TRACE] 1678072857737: setFetchType map[time:quals:{fieldName:"time"  string_value:">"  value:{timestamp_value:{seconds:1678069257  nanos:232685000}}}]
2023-03-06 03:20:57.348 UTC [TRACE] steampipe-plugin-hackernews.plugin: [TRACE] 1678072857737: getMatchingQuals column:'id' operator: =
2023-03-06 03:20:57.348 UTC [TRACE] steampipe-plugin-hackernews.plugin: [TRACE] 1678072857737: getMatchingQuals returning false - qualMap does not contain any quals for column id
2023-03-06 03:20:57.348 UTC [TRACE] steampipe-plugin-hackernews.plugin: [TRACE] 1678072857737: GetUnsatisfiedKeyColumns for columns column:'id' operator: =
2023-03-06 03:20:57.349 UTC [TRACE] steampipe-plugin-hackernews.plugin: [TRACE] 1678072857737: key column NOT satisfied column:'id' operator: =
2023-03-06 03:20:57.349 UTC [TRACE] steampipe-plugin-hackernews.plugin: [TRACE] 1678072857737: satisfied: map[any_of: optional: required:]
2023-03-06 03:20:57.350 UTC [TRACE] steampipe-plugin-hackernews.plugin: [TRACE] 1678072857737: unsatisfied: map[any_of: optional: required:column:'id' operator: =]
2023-03-06 03:20:57.351 UTC [TRACE] steampipe-plugin-hackernews.plugin: [TRACE] 1678072857737: unsatisfied required KeyColumns: column:'id' operator: =
2023-03-06 03:20:57.351 UTC [TRACE] steampipe-plugin-hackernews.plugin: [TRACE] 1678072857737: Set fetchType to fetchTypeList
2023-03-06 03:20:57.351 UTC [TRACE] steampipe-plugin-hackernews.plugin: [TRACE] 1678072857737: Equals key column quals:
2023-03-06 03:20:57.351 UTC [DEBUG] steampipe-plugin-hackernews.plugin: {}
2023-03-06 03:20:57.351 UTC [TRACE] steampipe-plugin-hackernews.plugin: [TRACE] 1678072857737: All key column quals:
2023-03-06 03:20:57.351 UTC [DEBUG] steampipe-plugin-hackernews.plugin: {}
2023-03-06 03:20:57.351 UTC [TRACE] steampipe-plugin-hackernews.plugin: [TRACE] 1678072857737: GetMatrixItem
2023-03-06 03:20:57.351 UTC [TRACE] steampipe-plugin-hackernews.plugin: [TRACE] 1678072857737: creating query data
2023-03-06 03:20:57.351 UTC [INFO]  steampipe-plugin-hackernews.plugin: [INFO]  1678072857737: cacheEnabled, trying cache get (hackernews-1678072857737)
2023-03-06 03:20:57.351 UTC [TRACE] steampipe-plugin-hackernews.plugin: [TRACE] 1678072857737: QueryCache Get - indexBucketKey index__hackernewshackernews_new, quals
2023-03-06 03:20:57.351 UTC [TRACE] steampipe-plugin-hackernews.plugin: [TRACE] 1678072857737: QueryCache getCachedQueryResult - table hackernews_new, connectionName hackernews
2023-03-06 03:20:57.351 UTC [TRACE] steampipe-plugin-hackernews.plugin: [TRACE] 1678072857737: index bucket key: index__hackernewshackernews_new ttlSeconds 300 limit: -1
2023-03-06 03:20:57.351 UTC [TRACE] steampipe-plugin-hackernews.plugin: [TRACE] 1678072857737: doGet cache miss
2023-03-06 03:20:57.351 UTC [TRACE] steampipe-plugin-hackernews.plugin: [TRACE] 1678072857737: getCachedIndexBucket - no item retrieved for cache key index__hackernewshackernews_new
2023-03-06 03:20:57.351 UTC [TRACE] steampipe-plugin-hackernews.plugin: [TRACE] 1678072857737: getCachedQueryResult returned CACHE MISS - checking for pending transfers
2023-03-06 03:20:57.351 UTC [TRACE] steampipe-plugin-hackernews.plugin: [TRACE] 1678072857737: getPendingResultItem indexBucketKey index__hackernewshackernews_new, columns [id title time by score dead deleted descendants kids parent parts poll text type url _ctx], limit -1
2023-03-06 03:20:57.351 UTC [TRACE] steampipe-plugin-hackernews.plugin: [TRACE] 1678072857737: no pending index item - add pending result, indexBucketKey index__hackernewshackernews_new
2023-03-06 03:20:57.351 UTC [TRACE] steampipe-plugin-hackernews.plugin: [TRACE] 1678072857737: addPendingResult (hackernews-1678072857737) indexBucketKey index__hackernewshackernews_new, columns [id title time by score dead deleted descendants kids parent parts poll text type url _ctx], limit -1
2023-03-06 03:20:57.351 UTC [TRACE] steampipe-plugin-hackernews.plugin: [TRACE] 1678072857737: no index bucket found - creating one
2023-03-06 03:20:57.351 UTC [TRACE] steampipe-plugin-hackernews.plugin: [TRACE] 1678072857737: pendingIndexItem Lock count before 0
2023-03-06 03:20:57.351 UTC [TRACE] steampipe-plugin-hackernews.plugin: [TRACE] 1678072857737: addPendingResult added pending index item to bucket, (hackernews-1678072857737) indexBucketKey index__hackernewshackernews_new, resultKeyRoot hackernewshackernews_newid,title,time,by,score,dead,deleted,descendants,kids,parent,parts,poll,text,type,url,_ctx-1, pending item : 0xc00040c210
2023-03-06 03:20:57.351 UTC [TRACE] steampipe-plugin-hackernews.plugin: [TRACE] 1678072857737: **** pending items (hackernews-1678072857737)****
2023-03-06 03:20:57.351 UTC [TRACE] steampipe-plugin-hackernews.plugin: [TRACE] 1678072857737: key: index__hackernewshackernews_new: item: 0xc00040c210, count: 1, key:hackernewshackernews_newid,title,time,by,score,dead,deleted,descendants,kids,parent,parts,poll,text,type,url,_ctx-1
2023-03-06 03:20:57.351 UTC [TRACE] steampipe-plugin-hackernews.plugin: [TRACE] 1678072857737: ********
2023-03-06 03:20:57.351 UTC [TRACE] steampipe-plugin-hackernews.plugin: [TRACE] 1678072857737: getPendingResultItem returning <nil>
2023-03-06 03:20:57.351 UTC [INFO]  steampipe-plugin-hackernews.plugin: [INFO]  1678072857737: CACHE MISS
2023-03-06 03:20:57.351 UTC [TRACE] steampipe-plugin-hackernews.plugin: [TRACE] 1678072857737: cache MISS
2023-03-06 03:20:57.351 UTC [INFO]  steampipe-plugin-hackernews.plugin: [INFO]  1678072857737: queryCacheGet returned CACHE MISS (hackernews-1678072857737)
2023-03-06 03:20:57.351 UTC [TRACE] steampipe-plugin-hackernews.plugin: [TRACE] 1678072857737: StartSet (hackernews-1678072857737)
2023-03-06 03:20:57.351 UTC [TRACE] steampipe-plugin-hackernews.plugin: [TRACE] 1678072857737: calling fetchItems, table: hackernews_new, matrixItem: [], limit: -1,  connectionCallId: hackernews-1678072857737"
2023-03-06 03:20:57.351 UTC [TRACE] steampipe-plugin-hackernews.plugin: [TRACE] 1678072857737: buildRowsAsync connectionCallId: hackernews-1678072857737
2023-03-06 03:20:57.351 UTC [TRACE] steampipe-plugin-hackernews.plugin: [TRACE] 1678072857737: streamRows connectionCallId: hackernews-1678072857737
2023-03-06 03:20:57.351 UTC [TRACE] steampipe-plugin-hackernews.plugin: [TRACE] 1678072857737: QueryData streamRows (hackernews-1678072857737)
2023-03-06 03:20:57.351 UTC [TRACE] steampipe-plugin-hackernews.plugin: [TRACE] 1678072857737: executeListCall START (hackernews-1678072857737)
2023-03-06 03:20:57.351 UTC [TRACE] steampipe-plugin-hackernews.plugin: [TRACE] 1678072857737: GetUnsatisfiedKeyColumns for columns
2023-03-06 03:20:57.351 UTC [TRACE] steampipe-plugin-hackernews.plugin: [TRACE] 1678072857737: doList (hackernews-1678072857737)
2023-03-06 03:20:57.351 UTC [TRACE] steampipe-plugin-hackernews.plugin: [TRACE] 1678072857737: doList: no matrix item
2023-03-06 03:20:57.580 UTC [TRACE] steampipe-plugin-hackernews.plugin: [TRACE] 1678072857737: QueryData.fetchComplete
2023-03-06 03:20:57.580 UTC [TRACE] steampipe-plugin-hackernews.plugin: [TRACE] 1678072857737: executeListCall COMPLETE (hackernews-1678072857737)
2023-03-06 03:20:57.580 UTC [TRACE] steampipe-plugin-hackernews.plugin: [TRACE] 1678072857737: rowData chan returned nil - wait for rows to complete (hackernews-1678072857737)
2023-03-06 03:20:57.605 UTC [TRACE] stdio: received data: channel=STDOUT len=16
2023-03-06 03:20:57.605 UTC [TRACE] stdio: waiting for stdio data
2023-03-06 03:20:57.738 UTC [TRACE] stdio: received data: channel=STDOUT len=1024
2023-03-06 03:20:57.738 UTC [TRACE] stdio: waiting for stdio data
2023-03-06 03:20:57.768 UTC [TRACE] stdio: received data: channel=STDOUT len=683
2023-03-06 03:20:57.768 UTC [TRACE] stdio: waiting for stdio data
2023-03-06 03:20:57.877 UTC [TRACE] stdio: received data: channel=STDOUT len=1024
2023-03-06 03:20:57.877 UTC [TRACE] stdio: waiting for stdio data
2023-03-06 03:20:57.926 UTC [TRACE] stdio: received data: channel=STDOUT len=1024
2023-03-06 03:20:57.926 UTC [TRACE] stdio: waiting for stdio data
2023-03-06 03:20:57.939 UTC [TRACE] steampipe-plugin-hackernews.plugin: [TRACE] 1678072857737: buildRowsAsync goroutine returning (hackernews-1678072857737)
2023-03-06 03:20:57.939 UTC [TRACE] steampipe-plugin-hackernews.plugin: [TRACE] 1678072857737: streamRows - nil row, stop streaming (hackernews-1678072857737)
2023-03-06 03:20:57.939 UTC [TRACE] steampipe-plugin-hackernews.plugin: [TRACE] 1678072857737: ------------------------------------
2023-03-06 03:20:57.939 UTC [TRACE] steampipe-plugin-hackernews.plugin: [TRACE] 1678072857737: Concurrency Summary
2023-03-06 03:20:57.939 UTC [TRACE] steampipe-plugin-hackernews.plugin: [TRACE] 1678072857737: ------------------------------------
2023-03-06 03:20:57.939 UTC [TRACE] steampipe-plugin-hackernews.plugin: [TRACE] 1678072857737: getItem                       : 200
2023-03-06 03:20:57.939 UTC [TRACE] steampipe-plugin-hackernews.plugin: [TRACE] 1678072857737: ------------------------------------
2023-03-06 03:20:57.939 UTC [TRACE] steampipe-plugin-hackernews.plugin: [TRACE] 1678072857737: Total                         : 200
2023-03-06 03:20:57.939 UTC [TRACE] steampipe-plugin-hackernews.plugin: [TRACE] 1678072857737: ------------------------------------
2023-03-06 03:20:57.939 UTC [TRACE] steampipe-plugin-hackernews.plugin: [TRACE] 1678072857737: QueryData streamRows DONE (hackernews-1678072857737)
2023-03-06 03:20:57.939 UTC [TRACE] steampipe-plugin-hackernews.plugin: [TRACE] 1678072857737: EndSet (hackernews-1678072857737) table hackernews_new
2023-03-06 03:20:57.939 UTC [TRACE] steampipe-plugin-hackernews.plugin: [TRACE] 1678072857737: QueryCache writePageToCache: 500 rows, pageCount 1, page key hackernewshackernews_newid,title,time,by,score,dead,deleted,descendants,kids,parent,parts,poll,text,type,url,_ctx-1-0
2023-03-06 03:20:57.947 UTC [TRACE] steampipe-plugin-hackernews.plugin: [TRACE] 1678072857737: writePageToCache Set - result written
2023-03-06 03:20:57.947 UTC [TRACE] steampipe-plugin-hackernews.plugin: [TRACE] 1678072857737: QueryCache EndSet - result written
2023-03-06 03:20:57.947 UTC [TRACE] steampipe-plugin-hackernews.plugin: [TRACE] 1678072857737: doGet cache miss
2023-03-06 03:20:57.947 UTC [TRACE] steampipe-plugin-hackernews.plugin: [TRACE] 1678072857737: getCachedIndexBucket - no item retrieved for cache key index__hackernewshackernews_new
2023-03-06 03:20:57.947 UTC [TRACE] steampipe-plugin-hackernews.plugin: [TRACE] 1678072857737: getCachedIndexBucket returned cache miss
2023-03-06 03:20:57.947 UTC [TRACE] steampipe-plugin-hackernews.plugin: [TRACE] 1678072857737: QueryCache EndSet - Added index item (0xc01ac09380) to bucket (0xc01a8bfb18), page count 1,  key root hackernewshackernews_newid,title,time,by,score,dead,deleted,descendants,kids,parent,parts,poll,text,type,url,_ctx-1
2023-03-06 03:20:57.947 UTC [TRACE] steampipe-plugin-hackernews.plugin: [TRACE] 1678072857737: cacheSetIndexBucket index__hackernewshackernews_new
2023-03-06 03:20:57.947 UTC [TRACE] steampipe-plugin-hackernews.plugin: [TRACE] 1678072857737: QueryCache EndSet - IndexBucket written
2023-03-06 03:20:57.947 UTC [TRACE] steampipe-plugin-hackernews.plugin: [TRACE] 1678072857737: EndSet DEFER (hackernews-1678072857737) table hackernews_new
2023-03-06 03:20:57.947 UTC [TRACE] steampipe-plugin-hackernews.plugin: [TRACE] 1678072857737: calling pendingItemComplete (hackernews-1678072857737)
2023-03-06 03:20:57.947 UTC [TRACE] steampipe-plugin-hackernews.plugin: [TRACE] 1678072857737: pendingItemComplete (hackernews-1678072857737) indexBucketKey index__hackernewshackernews_new, columns [id title time by score dead deleted descendants kids parent parts poll text type url _ctx], limit -1
2023-03-06 03:20:57.947 UTC [TRACE] steampipe-plugin-hackernews.plugin: [TRACE] 1678072857737: got pending index bucket, (hackernews-1678072857737) len 1
2023-03-06 03:20:57.947 UTC [TRACE] steampipe-plugin-hackernews.plugin: [TRACE] 1678072857737: SatisfiesLimit limit -1, no item limit - satisfied
2023-03-06 03:20:57.947 UTC [TRACE] steampipe-plugin-hackernews.plugin: [TRACE] 1678072857737: found pending index item to satisfy columns id,title,time,by,score,dead,deleted,descendants,kids,parent,parts,poll,text,type,url,_ctx, limit -1
2023-03-06 03:20:57.947 UTC [TRACE] steampipe-plugin-hackernews.plugin: [TRACE] 1678072857737: found completed pending item (hackernews-1678072857737) 0xc00040c210, key hackernewshackernews_newid,title,time,by,score,dead,deleted,descendants,kids,parent,parts,poll,text,type,url,_ctx-1 - removing from map as it is complete
2023-03-06 03:20:57.947 UTC [TRACE] steampipe-plugin-hackernews.plugin: [TRACE] 1678072857737: pendingIndexItem Unlock count before 1 key hackernewshackernews_newid,title,time,by,score,dead,deleted,descendants,kids,parent,parts,poll,text,type,url,_ctx-1
2023-03-06 03:20:57.947 UTC [TRACE] steampipe-plugin-hackernews.plugin: [TRACE] 1678072857737: deleted from pending, (hackernews-1678072857737) len 0
2023-03-06 03:20:57.947 UTC [TRACE] steampipe-plugin-hackernews.plugin: [TRACE] 1678072857737: pending bucket now empty - deleting key index__hackernewshackernews_new
2023-03-06 03:20:57.948 UTC [TRACE] steampipe-plugin-hackernews.plugin: [TRACE] 1678072857737: pendingItemComplete done (hackernews-1678072857737)
2023-03-06 03:20:57.948 UTC [TRACE] steampipe-plugin-hackernews.plugin: [TRACE] 1678072857737: cache set succeeded
2023-03-06 03:20:57.948 UTC [TRACE] steampipe-plugin-hackernews.plugin: [TRACE] 1678072857737: End execute span
2023-03-06 03:20:57.948 UTC [TRACE] steampipe-plugin-hackernews.plugin: [TRACE] 1678072857737: executeForConnection DEFER (hackernews-1678072857737)
2023-03-06 03:20:57.948 UTC [TRACE] steampipe-plugin-hackernews.plugin: [TRACE] 1678072857737: Execute complete callId: hackernews-1678072857737 table: hackernews_new
2023-03-06 03:20:57.948 UTC [TRACE] steampipe-plugin-hackernews.plugin: [TRACE] 1678072857737: executeForConnection hackernews returned
2023-03-06 03:20:57.948 UTC [TRACE] steampipe-plugin-hackernews.plugin: [TRACE] 1678072857737: output wg complete - send nil row
2023-03-06 03:20:57.948 UTC [TRACE] steampipe-plugin-hackernews.plugin: [TRACE] 1678072857737: empty row on output channel - we are done
2023-03-06 03:20:57.948 UTC [INFO]  steampipe-plugin-hackernews.plugin: [INFO]  1678072857737: Plugin Execute complete (1678072857737)
2023-03-06 03:20:57.989 UTC [TRACE] PluginManager Shutdown
2023-03-06 03:20:57.989 UTC [TRACE] killing plugin csv (1967)
2023-03-06 03:20:57.990 UTC [DEBUG] stdio: received EOF, stopping recv loop: err="rpc error: code = Unavailable desc = error reading from server: EOF"
2023-03-06 03:20:57.990 UTC [TRACE] steampipe-plugin-csv.plugin: [TRACE] FLUSHING instrumentation
2023-03-06 03:20:57.990 UTC [TRACE] steampipe-plugin-csv.plugin: [TRACE] Shutdown instrumentation
2023-03-06 03:20:57.991 UTC [INFO]  plugin process exited: path=/home/runner/.steampipe/plugins/hub.steampipe.io/plugins/turbot/csv@latest/steampipe-plugin-csv.plugin pid=1967
2023-03-06 03:20:57.991 UTC [DEBUG] plugin exited
2023-03-06 03:20:57.991 UTC [TRACE] killing plugin hackernews (1990)
2023-03-06 03:20:57.991 UTC [TRACE] steampipe-plugin-hackernews.plugin: [TRACE] 1678072857737: FLUSHING instrumentation
2023-03-06 03:20:57.991 UTC [TRACE] steampipe-plugin-hackernews.plugin: [TRACE] 1678072857737: Shutdown instrumentation
2023-03-06 03:20:57.992 UTC [DEBUG] stdio: received EOF, stopping recv loop: err="rpc error: code = Unavailable desc = error reading from server: EOF"
2023-03-06 03:20:57.994 UTC [INFO]  plugin process exited: path=/home/runner/.steampipe/plugins/hub.steampipe.io/plugins/turbot/hackernews@latest/steampipe-plugin-hackernews.plugin pid=1990
2023-03-06 03:20:57.994 UTC [DEBUG] plugin exited
2023-03-06 03:21:04.750 UTC [WARN]  steampipe-plugin-csv.plugin: [WARN]  1678072864405: getKeyColumnsForTable found no schema for table '/home/runner/work/steampipe-samples/steampipe-samples/all/hackernews/hn.csv'
2023-03-06 03:21:49.483 UTC [WARN]  steampipe-plugin-csv.plugin: [WARN]  1678072909853: getKeyColumnsForTable found no schema for table '/home/runner/work/steampipe-samples/steampipe-samples/all/hackernews/hn.csv'
2023-03-06 03:24:07.772 UTC [ERROR] steampipe-plugin-csv.plugin: [ERROR] csv.tableCSV: header_parse_error=EOF path=/home/runner/work/steampipe-samples/steampipe-samples/all/hackernews/new_sc.csv header=[]
2023-03-06 03:24:07.772 UTC [ERROR] steampipe-plugin-csv.plugin: [ERROR] csv.PluginTables: create_table_error="failed to parse file header /home/runner/work/steampipe-samples/steampipe-samples/all/hackernews/new_sc.csv: EOF" path=/home/runner/work/steampipe-samples/steampipe-samples/all/hackernews/new_sc.csv
2023-03-06 03:24:07.772 UTC [WARN]  failed to set connection config: failed to parse file header /home/runner/work/steampipe-samples/steampipe-samples/all/hackernews/new_sc.csv: EOF
2023-03-06 03:24:08.643 UTC [WARN]  steampipe-plugin-csv.plugin: [WARN]  167807304822: getKeyColumnsForTable found no schema for table '/home/runner/work/steampipe-samples/steampipe-samples/all/hackernews/new_sc.csv'
2023-03-06 03:24:14.417 UTC [ERROR] steampipe-plugin-csv.plugin: [ERROR] csv.tableCSV: header_parse_error=EOF path=/home/runner/work/steampipe-samples/steampipe-samples/all/hackernews/hn_items_all.csv header=[]
2023-03-06 03:24:14.417 UTC [ERROR] steampipe-plugin-csv.plugin: [ERROR] csv.PluginTables: create_table_error="failed to parse file header /home/runner/work/steampipe-samples/steampipe-samples/all/hackernews/hn_items_all.csv: EOF" path=/home/runner/work/steampipe-samples/steampipe-samples/all/hackernews/hn_items_all.csv
2023-03-06 03:24:14.417 UTC [WARN]  failed to set connection config: failed to parse file header /home/runner/work/steampipe-samples/steampipe-samples/all/hackernews/hn_items_all.csv: EOF
