2023-01-06 19:17:53.835 UTC [INFO]  starting plugin manager
2023-01-06 19:17:53.836 UTC [TRACE] loaded config map: csv,github,hackernews,net
2023-01-06 19:17:53.836 UTC [TRACE] NewPluginManager
2023-01-06 19:17:53.836 UTC [TRACE] PluginManager setPluginCacheSizeMap: 4 connections.
2023-01-06 19:17:53.836 UTC [TRACE] Total cache size 0Mb
2023-01-06 19:17:53.836 UTC [INFO]  starting connection watcher
2023-01-06 19:17:53.836 UTC [INFO]  created ConnectionWatcher
2023-01-06 19:17:53.836 UTC [TRACE] about to serve
2023-01-06 19:17:53.903 UTC [TRACE] PluginManager Get, connections: '[csv]'
2023-01-06 19:17:53.903 UTC [TRACE] PluginManager getPlugin hub.steampipe.io/plugins/turbot/csv@latest connection 'csv'
2023-01-06 19:17:53.903 UTC [TRACE] PluginManager 0xc000510a00 plugin hub.steampipe.io/plugins/turbot/csv@latest (csv) NOT started or starting - start now
2023-01-06 19:17:53.903 UTC [TRACE] ************ start plugin csv ********************
2023-01-06 19:17:53.903 UTC [TRACE] ************ plugin path /home/runner/.steampipe/plugins/hub.steampipe.io/plugins/turbot/csv@latest/steampipe-plugin-csv.plugin ********************
2023-01-06 19:17:53.937 UTC [TRACE] handleFileWatcherEvent ignoring first event
2023-01-06 19:17:53.971 UTC [DEBUG] starting plugin: path=/home/runner/.steampipe/plugins/hub.steampipe.io/plugins/turbot/csv@latest/steampipe-plugin-csv.plugin args=["/home/runner/.steampipe/plugins/hub.steampipe.io/plugins/turbot/csv@latest/steampipe-plugin-csv.plugin"]
2023-01-06 19:17:53.971 UTC [DEBUG] plugin started: path=/home/runner/.steampipe/plugins/hub.steampipe.io/plugins/turbot/csv@latest/steampipe-plugin-csv.plugin pid=2056
2023-01-06 19:17:53.971 UTC [DEBUG] waiting for RPC address: path=/home/runner/.steampipe/plugins/hub.steampipe.io/plugins/turbot/csv@latest/steampipe-plugin-csv.plugin
2023-01-06 19:17:53.980 UTC [INFO]  steampipe-plugin-csv.plugin: [INFO]  Initialise plugin 'steampipe-plugin-csv', using sdk version 4.1.8
2023-01-06 19:17:53.980 UTC [TRACE] steampipe-plugin-csv.plugin: [TRACE] no DefaultRetryConfig defined - creating empty
2023-01-06 19:17:53.980 UTC [TRACE] steampipe-plugin-csv.plugin: [TRACE] no DefaultIgnoreConfig defined - creating empty
2023-01-06 19:17:53.980 UTC [TRACE] steampipe-plugin-csv.plugin: [TRACE] telemetry.Init service 'steampipe-plugin-csv', tracingEnabled: false, metricsEnabled: false
2023-01-06 19:17:53.980 UTC [TRACE] steampipe-plugin-csv.plugin: [TRACE] metrics and tracing disabled' - returning
2023-01-06 19:17:53.981 UTC [DEBUG] steampipe-plugin-csv.plugin: plugin address: address=/tmp/plugin1339647588 network=unix timestamp=2023-01-06T19:17:53.981Z
2023-01-06 19:17:53.981 UTC [DEBUG] using plugin: version=0
2023-01-06 19:17:53.981 UTC [TRACE] NewPluginClient for plugin hub.steampipe.io/plugins/turbot/csv@latest
2023-01-06 19:17:53.982 UTC [TRACE] stdio: waiting for stdio data
2023-01-06 19:17:53.982 UTC [TRACE] supportedOperations: query_cache:true multiple_connections:true
2023-01-06 19:17:53.983 UTC [TRACE] steampipe-plugin-csv.plugin: [TRACE] SetAllConnectionConfigs setting 1 configs
2023-01-06 19:17:53.983 UTC [TRACE] steampipe-plugin-csv.plugin: [TRACE] connection csv build schema and table map
2023-01-06 19:17:53.983 UTC [DEBUG] steampipe-plugin-csv.plugin: [DEBUG] csv.tableCSV: path=/home/runner/work/steampipe-samples/steampipe-samples/all/hackernews/hn_items_all.csv detected_encoding=Unknown
2023-01-06 19:17:53.983 UTC [DEBUG] steampipe-plugin-csv.plugin: [DEBUG] csv.tableCSV: path=/home/runner/work/steampipe-samples/steampipe-samples/all/hackernews/new_sc.csv detected_encoding=Unknown
2023-01-06 19:17:53.983 UTC [DEBUG] steampipe-plugin-csv.plugin: [DEBUG] csv.tableCSV: path=/home/runner/work/steampipe-samples/steampipe-samples/all/hackernews/people.csv detected_encoding=Unknown
2023-01-06 19:17:53.983 UTC [TRACE] steampipe-plugin-csv.plugin: [TRACE] initialise table /home/runner/work/steampipe-samples/steampipe-samples/all/hackernews/hn_items_all.csv
2023-01-06 19:17:53.983 UTC [TRACE] steampipe-plugin-csv.plugin: [TRACE] no DefaultRetryConfig defined - creating empty
2023-01-06 19:17:53.983 UTC [TRACE] steampipe-plugin-csv.plugin: [TRACE] no DefaultIgnoreConfig defined - creating empty
2023-01-06 19:17:53.983 UTC [TRACE] steampipe-plugin-csv.plugin: [TRACE] apply plugin defaults for DefaultRetryConfig
2023-01-06 19:17:53.983 UTC [TRACE] steampipe-plugin-csv.plugin: [TRACE] apply plugin defaults for DefaultIgnoreConfig, table &{<nil> <nil>} plugin &{<nil> <nil>}
2023-01-06 19:17:53.983 UTC [TRACE] steampipe-plugin-csv.plugin: [TRACE] DefaultRetryConfig:
2023-01-06 19:17:53.983 UTC [TRACE] steampipe-plugin-csv.plugin: [TRACE] DefaultIgnoreConfig:
2023-01-06 19:17:53.983 UTC [TRACE] steampipe-plugin-csv.plugin: [TRACE] t.List.initialise
2023-01-06 19:17:53.983 UTC [TRACE] steampipe-plugin-csv.plugin: [TRACE] ListConfig.initialise table /home/runner/work/steampipe-samples/steampipe-samples/all/hackernews/hn_items_all.csv
2023-01-06 19:17:53.983 UTC [TRACE] steampipe-plugin-csv.plugin: [TRACE] ListConfig.initialise complete: RetryConfig: , IgnoreConfig
2023-01-06 19:17:53.983 UTC [TRACE] steampipe-plugin-csv.plugin: [TRACE] back from initialiseHydrateConfigs
2023-01-06 19:17:53.984 UTC [TRACE] steampipe-plugin-csv.plugin: [TRACE] initialise table /home/runner/work/steampipe-samples/steampipe-samples/all/hackernews/hn_items_all.csv COMPLETE
2023-01-06 19:17:53.984 UTC [TRACE] steampipe-plugin-csv.plugin: [TRACE] initialise table /home/runner/work/steampipe-samples/steampipe-samples/all/hackernews/new_sc.csv
2023-01-06 19:17:53.984 UTC [TRACE] steampipe-plugin-csv.plugin: [TRACE] no DefaultRetryConfig defined - creating empty
2023-01-06 19:17:53.984 UTC [TRACE] steampipe-plugin-csv.plugin: [TRACE] no DefaultIgnoreConfig defined - creating empty
2023-01-06 19:17:53.984 UTC [TRACE] steampipe-plugin-csv.plugin: [TRACE] apply plugin defaults for DefaultRetryConfig
2023-01-06 19:17:53.984 UTC [TRACE] steampipe-plugin-csv.plugin: [TRACE] apply plugin defaults for DefaultIgnoreConfig, table &{<nil> <nil>} plugin &{<nil> <nil>}
2023-01-06 19:17:53.984 UTC [TRACE] steampipe-plugin-csv.plugin: [TRACE] DefaultRetryConfig:
2023-01-06 19:17:53.984 UTC [TRACE] steampipe-plugin-csv.plugin: [TRACE] DefaultIgnoreConfig:
2023-01-06 19:17:53.984 UTC [TRACE] steampipe-plugin-csv.plugin: [TRACE] t.List.initialise
2023-01-06 19:17:53.984 UTC [TRACE] steampipe-plugin-csv.plugin: [TRACE] ListConfig.initialise table /home/runner/work/steampipe-samples/steampipe-samples/all/hackernews/new_sc.csv
2023-01-06 19:17:53.984 UTC [TRACE] steampipe-plugin-csv.plugin: [TRACE] ListConfig.initialise complete: RetryConfig: , IgnoreConfig
2023-01-06 19:17:53.984 UTC [TRACE] steampipe-plugin-csv.plugin: [TRACE] back from initialiseHydrateConfigs
2023-01-06 19:17:53.984 UTC [TRACE] steampipe-plugin-csv.plugin: [TRACE] initialise table /home/runner/work/steampipe-samples/steampipe-samples/all/hackernews/new_sc.csv COMPLETE
2023-01-06 19:17:53.984 UTC [TRACE] steampipe-plugin-csv.plugin: [TRACE] initialise table /home/runner/work/steampipe-samples/steampipe-samples/all/hackernews/people.csv
2023-01-06 19:17:53.984 UTC [TRACE] steampipe-plugin-csv.plugin: [TRACE] no DefaultRetryConfig defined - creating empty
2023-01-06 19:17:53.984 UTC [TRACE] steampipe-plugin-csv.plugin: [TRACE] no DefaultIgnoreConfig defined - creating empty
2023-01-06 19:17:53.984 UTC [TRACE] steampipe-plugin-csv.plugin: [TRACE] apply plugin defaults for DefaultRetryConfig
2023-01-06 19:17:53.984 UTC [TRACE] steampipe-plugin-csv.plugin: [TRACE] apply plugin defaults for DefaultIgnoreConfig, table &{<nil> <nil>} plugin &{<nil> <nil>}
2023-01-06 19:17:53.984 UTC [TRACE] steampipe-plugin-csv.plugin: [TRACE] DefaultRetryConfig:
2023-01-06 19:17:53.984 UTC [TRACE] steampipe-plugin-csv.plugin: [TRACE] DefaultIgnoreConfig:
2023-01-06 19:17:53.984 UTC [TRACE] steampipe-plugin-csv.plugin: [TRACE] t.List.initialise
2023-01-06 19:17:53.984 UTC [TRACE] steampipe-plugin-csv.plugin: [TRACE] ListConfig.initialise table /home/runner/work/steampipe-samples/steampipe-samples/all/hackernews/people.csv
2023-01-06 19:17:53.984 UTC [TRACE] steampipe-plugin-csv.plugin: [TRACE] ListConfig.initialise complete: RetryConfig: , IgnoreConfig
2023-01-06 19:17:53.984 UTC [TRACE] steampipe-plugin-csv.plugin: [TRACE] back from initialiseHydrateConfigs
2023-01-06 19:17:53.984 UTC [TRACE] steampipe-plugin-csv.plugin: [TRACE] initialise table /home/runner/work/steampipe-samples/steampipe-samples/all/hackernews/people.csv COMPLETE
2023-01-06 19:17:53.984 UTC [TRACE] steampipe-plugin-csv.plugin: [TRACE] validate plugin steampipe-plugin-csv, required columns []
2023-01-06 19:17:53.984 UTC [TRACE] steampipe-plugin-csv.plugin: [TRACE] validate DefaultRetryConfig
2023-01-06 19:17:53.984 UTC [TRACE] steampipe-plugin-csv.plugin: [TRACE] validate DefaultIgnoreConfig
2023-01-06 19:17:53.984 UTC [TRACE] steampipe-plugin-csv.plugin: [TRACE] validate table names
2023-01-06 19:17:53.984 UTC [TRACE] steampipe-plugin-csv.plugin: [TRACE] plugin has 0 validation errors
2023-01-06 19:17:53.984 UTC [TRACE] steampipe-plugin-csv.plugin: [TRACE] Plugin ensureCache creating cache, maxCacheStorageMb 0
2023-01-06 19:17:53.984 UTC [TRACE] steampipe-plugin-csv.plugin: [TRACE] createCacheStore for plugin 'steampipe-plugin-csv' setting max size to 0Mb, Shards: 2, max shard size: 0
2023-01-06 19:17:53.997 UTC [INFO]  steampipe-plugin-csv.plugin: [INFO]  query cache created
2023-01-06 19:17:53.997 UTC [DEBUG] steampipe-plugin-csv.plugin: [DEBUG] SetAllConnectionConfigs finished
2023-01-06 19:17:53.997 UTC [TRACE] PluginManager getPlugin complete, returning reattach config with PID: 2056
2023-01-06 19:17:53.997 UTC [TRACE] PluginManager Get returning reattach_map:{key:"csv" value:{protocol:"grpc" addr:{Network:"unix" Address:"/tmp/plugin1339647588"} pid:2056 supported_operations:{query_cache:true multiple_connections:true} connections:"csv" plugin:"hub.steampipe.io/plugins/turbot/csv@latest"}}
2023-01-06 19:17:54.075 UTC [TRACE] PluginManager Get, connections: '[csv]'
2023-01-06 19:17:54.075 UTC [TRACE] PluginManager getPlugin hub.steampipe.io/plugins/turbot/csv@latest connection 'csv'
2023-01-06 19:17:54.075 UTC [TRACE] connection csv found in connectionPluginMap
2023-01-06 19:17:54.075 UTC [TRACE] initialized: 2056
2023-01-06 19:17:54.075 UTC [TRACE] initialized: 2056
2023-01-06 19:17:54.075 UTC [TRACE] connection csv is loaded, check for running PID
2023-01-06 19:17:54.075 UTC [TRACE] PluginManager found 'csv' in map, pid 2056
2023-01-06 19:17:54.075 UTC [TRACE] PluginManager Get returning reattach_map:{key:"csv" value:{protocol:"grpc" addr:{Network:"unix" Address:"/tmp/plugin1339647588"} pid:2056 supported_operations:{query_cache:true multiple_connections:true} connections:"csv" plugin:"hub.steampipe.io/plugins/turbot/csv@latest"}}
2023-01-06 19:17:54.222 UTC [TRACE] PluginManager Get, connections: '[hackernews]'
2023-01-06 19:17:54.222 UTC [TRACE] PluginManager getPlugin hub.steampipe.io/plugins/turbot/hackernews@latest connection 'hackernews'
2023-01-06 19:17:54.222 UTC [TRACE] PluginManager 0xc000510a00 plugin hub.steampipe.io/plugins/turbot/hackernews@latest (hackernews) NOT started or starting - start now
2023-01-06 19:17:54.222 UTC [TRACE] ************ start plugin hackernews ********************
2023-01-06 19:17:54.222 UTC [TRACE] ************ plugin path /home/runner/.steampipe/plugins/hub.steampipe.io/plugins/turbot/hackernews@latest/steampipe-plugin-hackernews.plugin ********************
2023-01-06 19:17:54.292 UTC [DEBUG] starting plugin: path=/home/runner/.steampipe/plugins/hub.steampipe.io/plugins/turbot/hackernews@latest/steampipe-plugin-hackernews.plugin args=["/home/runner/.steampipe/plugins/hub.steampipe.io/plugins/turbot/hackernews@latest/steampipe-plugin-hackernews.plugin"]
2023-01-06 19:17:54.292 UTC [DEBUG] plugin started: path=/home/runner/.steampipe/plugins/hub.steampipe.io/plugins/turbot/hackernews@latest/steampipe-plugin-hackernews.plugin pid=2079
2023-01-06 19:17:54.292 UTC [DEBUG] waiting for RPC address: path=/home/runner/.steampipe/plugins/hub.steampipe.io/plugins/turbot/hackernews@latest/steampipe-plugin-hackernews.plugin
2023-01-06 19:17:54.300 UTC [INFO]  steampipe-plugin-hackernews.plugin: [INFO]  Initialise plugin 'steampipe-plugin-hackernews', using sdk version 4.1.7
2023-01-06 19:17:54.300 UTC [TRACE] steampipe-plugin-hackernews.plugin: [TRACE] defaulting SchemaMode to SchemaModeStatic
2023-01-06 19:17:54.300 UTC [TRACE] steampipe-plugin-hackernews.plugin: [TRACE] no DefaultRetryConfig defined - creating empty
2023-01-06 19:17:54.300 UTC [TRACE] steampipe-plugin-hackernews.plugin: [TRACE] no DefaultIgnoreConfig defined - creating empty
2023-01-06 19:17:54.300 UTC [TRACE] steampipe-plugin-hackernews.plugin: [TRACE] Setting Ulimit: ulimit=2560
2023-01-06 19:17:54.300 UTC [TRACE] steampipe-plugin-hackernews.plugin: [TRACE] telemetry.Init service 'steampipe-plugin-hackernews', tracingEnabled: false, metricsEnabled: false
2023-01-06 19:17:54.300 UTC [TRACE] steampipe-plugin-hackernews.plugin: [TRACE] metrics and tracing disabled' - returning
2023-01-06 19:17:54.301 UTC [DEBUG] steampipe-plugin-hackernews.plugin: plugin address: address=/tmp/plugin291704847 network=unix timestamp=2023-01-06T19:17:54.300Z
2023-01-06 19:17:54.301 UTC [DEBUG] using plugin: version=0
2023-01-06 19:17:54.301 UTC [TRACE] NewPluginClient for plugin hub.steampipe.io/plugins/turbot/hackernews@latest
2023-01-06 19:17:54.301 UTC [TRACE] stdio: waiting for stdio data
2023-01-06 19:17:54.302 UTC [TRACE] supportedOperations: query_cache:true multiple_connections:true
2023-01-06 19:17:54.303 UTC [TRACE] steampipe-plugin-hackernews.plugin: [TRACE] SetAllConnectionConfigs setting 1 configs
2023-01-06 19:17:54.303 UTC [TRACE] steampipe-plugin-hackernews.plugin: [TRACE] connection hackernews build schema and table map
2023-01-06 19:17:54.303 UTC [TRACE] steampipe-plugin-hackernews.plugin: [TRACE] initialise table hackernews_job
2023-01-06 19:17:54.303 UTC [TRACE] steampipe-plugin-hackernews.plugin: [TRACE] no DefaultRetryConfig defined - creating empty
2023-01-06 19:17:54.303 UTC [TRACE] steampipe-plugin-hackernews.plugin: [TRACE] no DefaultIgnoreConfig defined - creating empty
2023-01-06 19:17:54.303 UTC [TRACE] steampipe-plugin-hackernews.plugin: [TRACE] apply plugin defaults for DefaultRetryConfig
2023-01-06 19:17:54.303 UTC [TRACE] steampipe-plugin-hackernews.plugin: [TRACE] apply plugin defaults for DefaultIgnoreConfig, table &{<nil> <nil>} plugin &{<nil> <nil>}
2023-01-06 19:17:54.303 UTC [TRACE] steampipe-plugin-hackernews.plugin: [TRACE] DefaultRetryConfig:
2023-01-06 19:17:54.303 UTC [TRACE] steampipe-plugin-hackernews.plugin: [TRACE] DefaultIgnoreConfig:
2023-01-06 19:17:54.303 UTC [TRACE] steampipe-plugin-hackernews.plugin: [TRACE] t.Get.initialise
2023-01-06 19:17:54.303 UTC [TRACE] steampipe-plugin-hackernews.plugin: [TRACE] GetConfig.initialise table hackernews_job
2023-01-06 19:17:54.303 UTC [TRACE] steampipe-plugin-hackernews.plugin: [TRACE] GetConfig.initialise complete: RetryConfig: , IgnoreConfig:
2023-01-06 19:17:54.303 UTC [TRACE] steampipe-plugin-hackernews.plugin: [TRACE] t.List.initialise
2023-01-06 19:17:54.303 UTC [TRACE] steampipe-plugin-hackernews.plugin: [TRACE] ListConfig.initialise table hackernews_job
2023-01-06 19:17:54.303 UTC [TRACE] steampipe-plugin-hackernews.plugin: [TRACE] ListConfig.initialise complete: RetryConfig: , IgnoreConfig
2023-01-06 19:17:54.303 UTC [TRACE] steampipe-plugin-hackernews.plugin: [TRACE] HydrateConfig.initialise func getItem, table hackernews_job
2023-01-06 19:17:54.303 UTC [TRACE] steampipe-plugin-hackernews.plugin: [TRACE] HydrateConfig.initialise complete: RetryConfig: , IgnoreConfig:
2023-01-06 19:17:54.303 UTC [TRACE] steampipe-plugin-hackernews.plugin: [TRACE] back from initialiseHydrateConfigs
2023-01-06 19:17:54.303 UTC [TRACE] steampipe-plugin-hackernews.plugin: [TRACE] initialise table hackernews_job COMPLETE
2023-01-06 19:17:54.303 UTC [TRACE] steampipe-plugin-hackernews.plugin: [TRACE] initialise table hackernews_new
2023-01-06 19:17:54.303 UTC [TRACE] steampipe-plugin-hackernews.plugin: [TRACE] no DefaultRetryConfig defined - creating empty
2023-01-06 19:17:54.303 UTC [TRACE] steampipe-plugin-hackernews.plugin: [TRACE] no DefaultIgnoreConfig defined - creating empty
2023-01-06 19:17:54.303 UTC [TRACE] steampipe-plugin-hackernews.plugin: [TRACE] apply plugin defaults for DefaultRetryConfig
2023-01-06 19:17:54.303 UTC [TRACE] steampipe-plugin-hackernews.plugin: [TRACE] apply plugin defaults for DefaultIgnoreConfig, table &{<nil> <nil>} plugin &{<nil> <nil>}
2023-01-06 19:17:54.303 UTC [TRACE] steampipe-plugin-hackernews.plugin: [TRACE] DefaultRetryConfig:
2023-01-06 19:17:54.303 UTC [TRACE] steampipe-plugin-hackernews.plugin: [TRACE] DefaultIgnoreConfig:
2023-01-06 19:17:54.303 UTC [TRACE] steampipe-plugin-hackernews.plugin: [TRACE] t.Get.initialise
2023-01-06 19:17:54.303 UTC [TRACE] steampipe-plugin-hackernews.plugin: [TRACE] GetConfig.initialise table hackernews_new
2023-01-06 19:17:54.303 UTC [TRACE] steampipe-plugin-hackernews.plugin: [TRACE] GetConfig.initialise complete: RetryConfig: , IgnoreConfig:
2023-01-06 19:17:54.303 UTC [TRACE] steampipe-plugin-hackernews.plugin: [TRACE] t.List.initialise
2023-01-06 19:17:54.303 UTC [TRACE] steampipe-plugin-hackernews.plugin: [TRACE] ListConfig.initialise table hackernews_new
2023-01-06 19:17:54.303 UTC [TRACE] steampipe-plugin-hackernews.plugin: [TRACE] ListConfig.initialise complete: RetryConfig: , IgnoreConfig
2023-01-06 19:17:54.303 UTC [TRACE] steampipe-plugin-hackernews.plugin: [TRACE] HydrateConfig.initialise func getItem, table hackernews_new
2023-01-06 19:17:54.303 UTC [TRACE] steampipe-plugin-hackernews.plugin: [TRACE] HydrateConfig.initialise complete: RetryConfig: , IgnoreConfig:
2023-01-06 19:17:54.303 UTC [TRACE] steampipe-plugin-hackernews.plugin: [TRACE] back from initialiseHydrateConfigs
2023-01-06 19:17:54.303 UTC [TRACE] steampipe-plugin-hackernews.plugin: [TRACE] initialise table hackernews_new COMPLETE
2023-01-06 19:17:54.303 UTC [TRACE] steampipe-plugin-hackernews.plugin: [TRACE] initialise table hackernews_show_hn
2023-01-06 19:17:54.303 UTC [TRACE] steampipe-plugin-hackernews.plugin: [TRACE] no DefaultRetryConfig defined - creating empty
2023-01-06 19:17:54.303 UTC [TRACE] steampipe-plugin-hackernews.plugin: [TRACE] no DefaultIgnoreConfig defined - creating empty
2023-01-06 19:17:54.303 UTC [TRACE] steampipe-plugin-hackernews.plugin: [TRACE] apply plugin defaults for DefaultRetryConfig
2023-01-06 19:17:54.303 UTC [TRACE] steampipe-plugin-hackernews.plugin: [TRACE] apply plugin defaults for DefaultIgnoreConfig, table &{<nil> <nil>} plugin &{<nil> <nil>}
2023-01-06 19:17:54.303 UTC [TRACE] steampipe-plugin-hackernews.plugin: [TRACE] DefaultRetryConfig:
2023-01-06 19:17:54.303 UTC [TRACE] steampipe-plugin-hackernews.plugin: [TRACE] DefaultIgnoreConfig:
2023-01-06 19:17:54.303 UTC [TRACE] steampipe-plugin-hackernews.plugin: [TRACE] t.Get.initialise
2023-01-06 19:17:54.303 UTC [TRACE] steampipe-plugin-hackernews.plugin: [TRACE] GetConfig.initialise table hackernews_show_hn
2023-01-06 19:17:54.303 UTC [TRACE] steampipe-plugin-hackernews.plugin: [TRACE] GetConfig.initialise complete: RetryConfig: , IgnoreConfig:
2023-01-06 19:17:54.303 UTC [TRACE] steampipe-plugin-hackernews.plugin: [TRACE] t.List.initialise
2023-01-06 19:17:54.303 UTC [TRACE] steampipe-plugin-hackernews.plugin: [TRACE] ListConfig.initialise table hackernews_show_hn
2023-01-06 19:17:54.303 UTC [TRACE] steampipe-plugin-hackernews.plugin: [TRACE] ListConfig.initialise complete: RetryConfig: , IgnoreConfig
2023-01-06 19:17:54.303 UTC [TRACE] steampipe-plugin-hackernews.plugin: [TRACE] HydrateConfig.initialise func getItem, table hackernews_show_hn
2023-01-06 19:17:54.303 UTC [TRACE] steampipe-plugin-hackernews.plugin: [TRACE] HydrateConfig.initialise complete: RetryConfig: , IgnoreConfig:
2023-01-06 19:17:54.303 UTC [TRACE] steampipe-plugin-hackernews.plugin: [TRACE] back from initialiseHydrateConfigs
2023-01-06 19:17:54.303 UTC [TRACE] steampipe-plugin-hackernews.plugin: [TRACE] initialise table hackernews_show_hn COMPLETE
2023-01-06 19:17:54.303 UTC [TRACE] steampipe-plugin-hackernews.plugin: [TRACE] initialise table hackernews_top
2023-01-06 19:17:54.303 UTC [TRACE] steampipe-plugin-hackernews.plugin: [TRACE] no DefaultRetryConfig defined - creating empty
2023-01-06 19:17:54.303 UTC [TRACE] steampipe-plugin-hackernews.plugin: [TRACE] no DefaultIgnoreConfig defined - creating empty
2023-01-06 19:17:54.303 UTC [TRACE] steampipe-plugin-hackernews.plugin: [TRACE] apply plugin defaults for DefaultRetryConfig
2023-01-06 19:17:54.303 UTC [TRACE] steampipe-plugin-hackernews.plugin: [TRACE] apply plugin defaults for DefaultIgnoreConfig, table &{<nil> <nil>} plugin &{<nil> <nil>}
2023-01-06 19:17:54.303 UTC [TRACE] steampipe-plugin-hackernews.plugin: [TRACE] DefaultRetryConfig:
2023-01-06 19:17:54.303 UTC [TRACE] steampipe-plugin-hackernews.plugin: [TRACE] DefaultIgnoreConfig:
2023-01-06 19:17:54.303 UTC [TRACE] steampipe-plugin-hackernews.plugin: [TRACE] t.Get.initialise
2023-01-06 19:17:54.303 UTC [TRACE] steampipe-plugin-hackernews.plugin: [TRACE] GetConfig.initialise table hackernews_top
2023-01-06 19:17:54.303 UTC [TRACE] steampipe-plugin-hackernews.plugin: [TRACE] GetConfig.initialise complete: RetryConfig: , IgnoreConfig:
2023-01-06 19:17:54.303 UTC [TRACE] steampipe-plugin-hackernews.plugin: [TRACE] t.List.initialise
2023-01-06 19:17:54.303 UTC [TRACE] steampipe-plugin-hackernews.plugin: [TRACE] ListConfig.initialise table hackernews_top
2023-01-06 19:17:54.303 UTC [TRACE] steampipe-plugin-hackernews.plugin: [TRACE] ListConfig.initialise complete: RetryConfig: , IgnoreConfig
2023-01-06 19:17:54.303 UTC [TRACE] steampipe-plugin-hackernews.plugin: [TRACE] HydrateConfig.initialise func getItem, table hackernews_top
2023-01-06 19:17:54.303 UTC [TRACE] steampipe-plugin-hackernews.plugin: [TRACE] HydrateConfig.initialise complete: RetryConfig: , IgnoreConfig:
2023-01-06 19:17:54.303 UTC [TRACE] steampipe-plugin-hackernews.plugin: [TRACE] back from initialiseHydrateConfigs
2023-01-06 19:17:54.303 UTC [TRACE] steampipe-plugin-hackernews.plugin: [TRACE] initialise table hackernews_top COMPLETE
2023-01-06 19:17:54.303 UTC [TRACE] steampipe-plugin-hackernews.plugin: [TRACE] initialise table hackernews_user
2023-01-06 19:17:54.303 UTC [TRACE] steampipe-plugin-hackernews.plugin: [TRACE] no DefaultRetryConfig defined - creating empty
2023-01-06 19:17:54.303 UTC [TRACE] steampipe-plugin-hackernews.plugin: [TRACE] no DefaultIgnoreConfig defined - creating empty
2023-01-06 19:17:54.303 UTC [TRACE] steampipe-plugin-hackernews.plugin: [TRACE] apply plugin defaults for DefaultRetryConfig
2023-01-06 19:17:54.303 UTC [TRACE] steampipe-plugin-hackernews.plugin: [TRACE] apply plugin defaults for DefaultIgnoreConfig, table &{<nil> <nil>} plugin &{<nil> <nil>}
2023-01-06 19:17:54.303 UTC [TRACE] steampipe-plugin-hackernews.plugin: [TRACE] DefaultRetryConfig:
2023-01-06 19:17:54.303 UTC [TRACE] steampipe-plugin-hackernews.plugin: [TRACE] DefaultIgnoreConfig:
2023-01-06 19:17:54.303 UTC [TRACE] steampipe-plugin-hackernews.plugin: [TRACE] t.List.initialise
2023-01-06 19:17:54.303 UTC [TRACE] steampipe-plugin-hackernews.plugin: [TRACE] ListConfig.initialise table hackernews_user
2023-01-06 19:17:54.303 UTC [TRACE] steampipe-plugin-hackernews.plugin: [TRACE] ListConfig.initialise complete: RetryConfig: , IgnoreConfig
2023-01-06 19:17:54.303 UTC [TRACE] steampipe-plugin-hackernews.plugin: [TRACE] back from initialiseHydrateConfigs
2023-01-06 19:17:54.303 UTC [TRACE] steampipe-plugin-hackernews.plugin: [TRACE] initialise table hackernews_user COMPLETE
2023-01-06 19:17:54.303 UTC [TRACE] steampipe-plugin-hackernews.plugin: [TRACE] initialise table hackernews_ask_hn
2023-01-06 19:17:54.303 UTC [TRACE] steampipe-plugin-hackernews.plugin: [TRACE] no DefaultRetryConfig defined - creating empty
2023-01-06 19:17:54.303 UTC [TRACE] steampipe-plugin-hackernews.plugin: [TRACE] no DefaultIgnoreConfig defined - creating empty
2023-01-06 19:17:54.303 UTC [TRACE] steampipe-plugin-hackernews.plugin: [TRACE] apply plugin defaults for DefaultRetryConfig
2023-01-06 19:17:54.303 UTC [TRACE] steampipe-plugin-hackernews.plugin: [TRACE] apply plugin defaults for DefaultIgnoreConfig, table &{<nil> <nil>} plugin &{<nil> <nil>}
2023-01-06 19:17:54.303 UTC [TRACE] steampipe-plugin-hackernews.plugin: [TRACE] DefaultRetryConfig:
2023-01-06 19:17:54.303 UTC [TRACE] steampipe-plugin-hackernews.plugin: [TRACE] DefaultIgnoreConfig:
2023-01-06 19:17:54.303 UTC [TRACE] steampipe-plugin-hackernews.plugin: [TRACE] t.Get.initialise
2023-01-06 19:17:54.303 UTC [TRACE] steampipe-plugin-hackernews.plugin: [TRACE] GetConfig.initialise table hackernews_ask_hn
2023-01-06 19:17:54.303 UTC [TRACE] steampipe-plugin-hackernews.plugin: [TRACE] GetConfig.initialise complete: RetryConfig: , IgnoreConfig:
2023-01-06 19:17:54.303 UTC [TRACE] steampipe-plugin-hackernews.plugin: [TRACE] t.List.initialise
2023-01-06 19:17:54.303 UTC [TRACE] steampipe-plugin-hackernews.plugin: [TRACE] ListConfig.initialise table hackernews_ask_hn
2023-01-06 19:17:54.303 UTC [TRACE] steampipe-plugin-hackernews.plugin: [TRACE] ListConfig.initialise complete: RetryConfig: , IgnoreConfig
2023-01-06 19:17:54.303 UTC [TRACE] steampipe-plugin-hackernews.plugin: [TRACE] HydrateConfig.initialise func getItem, table hackernews_ask_hn
2023-01-06 19:17:54.303 UTC [TRACE] steampipe-plugin-hackernews.plugin: [TRACE] HydrateConfig.initialise complete: RetryConfig: , IgnoreConfig:
2023-01-06 19:17:54.303 UTC [TRACE] steampipe-plugin-hackernews.plugin: [TRACE] back from initialiseHydrateConfigs
2023-01-06 19:17:54.303 UTC [TRACE] steampipe-plugin-hackernews.plugin: [TRACE] initialise table hackernews_ask_hn COMPLETE
2023-01-06 19:17:54.303 UTC [TRACE] steampipe-plugin-hackernews.plugin: [TRACE] initialise table hackernews_best
2023-01-06 19:17:54.303 UTC [TRACE] steampipe-plugin-hackernews.plugin: [TRACE] no DefaultRetryConfig defined - creating empty
2023-01-06 19:17:54.303 UTC [TRACE] steampipe-plugin-hackernews.plugin: [TRACE] no DefaultIgnoreConfig defined - creating empty
2023-01-06 19:17:54.303 UTC [TRACE] steampipe-plugin-hackernews.plugin: [TRACE] apply plugin defaults for DefaultRetryConfig
2023-01-06 19:17:54.303 UTC [TRACE] steampipe-plugin-hackernews.plugin: [TRACE] apply plugin defaults for DefaultIgnoreConfig, table &{<nil> <nil>} plugin &{<nil> <nil>}
2023-01-06 19:17:54.303 UTC [TRACE] steampipe-plugin-hackernews.plugin: [TRACE] DefaultRetryConfig:
2023-01-06 19:17:54.303 UTC [TRACE] steampipe-plugin-hackernews.plugin: [TRACE] DefaultIgnoreConfig:
2023-01-06 19:17:54.303 UTC [TRACE] steampipe-plugin-hackernews.plugin: [TRACE] t.Get.initialise
2023-01-06 19:17:54.303 UTC [TRACE] steampipe-plugin-hackernews.plugin: [TRACE] GetConfig.initialise table hackernews_best
2023-01-06 19:17:54.303 UTC [TRACE] steampipe-plugin-hackernews.plugin: [TRACE] GetConfig.initialise complete: RetryConfig: , IgnoreConfig:
2023-01-06 19:17:54.303 UTC [TRACE] steampipe-plugin-hackernews.plugin: [TRACE] t.List.initialise
2023-01-06 19:17:54.303 UTC [TRACE] steampipe-plugin-hackernews.plugin: [TRACE] ListConfig.initialise table hackernews_best
2023-01-06 19:17:54.303 UTC [TRACE] steampipe-plugin-hackernews.plugin: [TRACE] ListConfig.initialise complete: RetryConfig: , IgnoreConfig
2023-01-06 19:17:54.303 UTC [TRACE] steampipe-plugin-hackernews.plugin: [TRACE] HydrateConfig.initialise func getItem, table hackernews_best
2023-01-06 19:17:54.303 UTC [TRACE] steampipe-plugin-hackernews.plugin: [TRACE] HydrateConfig.initialise complete: RetryConfig: , IgnoreConfig:
2023-01-06 19:17:54.303 UTC [TRACE] steampipe-plugin-hackernews.plugin: [TRACE] back from initialiseHydrateConfigs
2023-01-06 19:17:54.303 UTC [TRACE] steampipe-plugin-hackernews.plugin: [TRACE] initialise table hackernews_best COMPLETE
2023-01-06 19:17:54.303 UTC [TRACE] steampipe-plugin-hackernews.plugin: [TRACE] initialise table hackernews_item
2023-01-06 19:17:54.303 UTC [TRACE] steampipe-plugin-hackernews.plugin: [TRACE] no DefaultRetryConfig defined - creating empty
2023-01-06 19:17:54.303 UTC [TRACE] steampipe-plugin-hackernews.plugin: [TRACE] no DefaultIgnoreConfig defined - creating empty
2023-01-06 19:17:54.303 UTC [TRACE] steampipe-plugin-hackernews.plugin: [TRACE] apply plugin defaults for DefaultRetryConfig
2023-01-06 19:17:54.303 UTC [TRACE] steampipe-plugin-hackernews.plugin: [TRACE] apply plugin defaults for DefaultIgnoreConfig, table &{<nil> <nil>} plugin &{<nil> <nil>}
2023-01-06 19:17:54.303 UTC [TRACE] steampipe-plugin-hackernews.plugin: [TRACE] DefaultRetryConfig:
2023-01-06 19:17:54.303 UTC [TRACE] steampipe-plugin-hackernews.plugin: [TRACE] DefaultIgnoreConfig:
2023-01-06 19:17:54.303 UTC [TRACE] steampipe-plugin-hackernews.plugin: [TRACE] t.Get.initialise
2023-01-06 19:17:54.303 UTC [TRACE] steampipe-plugin-hackernews.plugin: [TRACE] GetConfig.initialise table hackernews_item
2023-01-06 19:17:54.303 UTC [TRACE] steampipe-plugin-hackernews.plugin: [TRACE] GetConfig.initialise complete: RetryConfig: , IgnoreConfig:
2023-01-06 19:17:54.303 UTC [TRACE] steampipe-plugin-hackernews.plugin: [TRACE] t.List.initialise
2023-01-06 19:17:54.303 UTC [TRACE] steampipe-plugin-hackernews.plugin: [TRACE] ListConfig.initialise table hackernews_item
2023-01-06 19:17:54.303 UTC [TRACE] steampipe-plugin-hackernews.plugin: [TRACE] ListConfig.initialise complete: RetryConfig: , IgnoreConfig
2023-01-06 19:17:54.303 UTC [TRACE] steampipe-plugin-hackernews.plugin: [TRACE] HydrateConfig.initialise func getItem, table hackernews_item
2023-01-06 19:17:54.303 UTC [TRACE] steampipe-plugin-hackernews.plugin: [TRACE] HydrateConfig.initialise complete: RetryConfig: , IgnoreConfig:
2023-01-06 19:17:54.303 UTC [TRACE] steampipe-plugin-hackernews.plugin: [TRACE] back from initialiseHydrateConfigs
2023-01-06 19:17:54.303 UTC [TRACE] steampipe-plugin-hackernews.plugin: [TRACE] initialise table hackernews_item COMPLETE
2023-01-06 19:17:54.303 UTC [TRACE] steampipe-plugin-hackernews.plugin: [TRACE] validate plugin steampipe-plugin-hackernews, required columns []
2023-01-06 19:17:54.303 UTC [TRACE] steampipe-plugin-hackernews.plugin: [TRACE] validate DefaultRetryConfig
2023-01-06 19:17:54.303 UTC [TRACE] steampipe-plugin-hackernews.plugin: [TRACE] validate DefaultIgnoreConfig
2023-01-06 19:17:54.303 UTC [TRACE] steampipe-plugin-hackernews.plugin: [TRACE] validate table names
2023-01-06 19:17:54.303 UTC [TRACE] steampipe-plugin-hackernews.plugin: [TRACE] plugin has 0 validation errors
2023-01-06 19:17:54.303 UTC [TRACE] steampipe-plugin-hackernews.plugin: [TRACE] Plugin ensureCache creating cache, maxCacheStorageMb 0
2023-01-06 19:17:54.303 UTC [TRACE] steampipe-plugin-hackernews.plugin: [TRACE] createCacheStore for plugin 'steampipe-plugin-hackernews' setting max size to 0Mb, Shards: 2, max shard size: 0
2023-01-06 19:17:54.314 UTC [INFO]  steampipe-plugin-hackernews.plugin: [INFO]  query cache created
2023-01-06 19:17:54.315 UTC [DEBUG] steampipe-plugin-hackernews.plugin: [DEBUG] SetAllConnectionConfigs finished
2023-01-06 19:17:54.315 UTC [TRACE] PluginManager getPlugin complete, returning reattach config with PID: 2079
2023-01-06 19:17:54.315 UTC [TRACE] PluginManager Get returning reattach_map:{key:"hackernews" value:{protocol:"grpc" addr:{Network:"unix" Address:"/tmp/plugin291704847"} pid:2079 supported_operations:{query_cache:true multiple_connections:true} connections:"hackernews" plugin:"hub.steampipe.io/plugins/turbot/hackernews@latest"}}
2023-01-06 19:17:54.318 UTC [INFO]  steampipe-plugin-hackernews.plugin: [INFO]  1673032674651: Plugin Execute (1673032674651)
2023-01-06 19:17:54.318 UTC [TRACE] steampipe-plugin-hackernews.plugin: [TRACE] 1673032674651: No memory limit set
2023-01-06 19:17:54.318 UTC [INFO]  steampipe-plugin-hackernews.plugin: [INFO]  1673032674651: Plugin Execute, setting memory limit to -1Mb
2023-01-06 19:17:54.318 UTC [TRACE] steampipe-plugin-hackernews.plugin: [TRACE] 1673032674651: calling ExtractContextFromCarrier
2023-01-06 19:17:54.318 UTC [INFO]  steampipe-plugin-hackernews.plugin: [INFO]  1673032674651: Setting max concurrent connections to 25
2023-01-06 19:17:54.318 UTC [TRACE] steampipe-plugin-hackernews.plugin: [TRACE] 1673032674651: executeForConnection callId: 1673032674651, connectionCallId: hackernews-1673032674651, connection: hackernews table: hackernews_new cols: id,title,time,by,score,dead,deleted,descendants,kids,parent,parts,poll,text,type,url,_ctx
2023-01-06 19:17:54.318 UTC [TRACE] steampipe-plugin-hackernews.plugin: [TRACE] 1673032674651: got connection data
2023-01-06 19:17:54.318 UTC [TRACE] steampipe-plugin-hackernews.plugin: [TRACE] 1673032674651: Got query context, table: hackernews_new, cols: [id title time by score dead deleted descendants kids parent parts poll text type url _ctx]
2023-01-06 19:17:54.318 UTC [TRACE] steampipe-plugin-hackernews.plugin: [TRACE] 1673032674651: Start execute span
2023-01-06 19:17:54.318 UTC [INFO]  steampipe-plugin-hackernews.plugin: [INFO]  1673032674651: Setting free memory interval to 100 rows
2023-01-06 19:17:54.318 UTC [TRACE] steampipe-plugin-hackernews.plugin: [TRACE] 1673032674651: setFetchType map[time:quals:{fieldName:"time"  string_value:">"  value:{timestamp_value:{seconds:1673029074  nanos:205687000}}}]
2023-01-06 19:17:54.319 UTC [TRACE] steampipe-plugin-hackernews.plugin: [TRACE] 1673032674651: getMatchingQuals column:'id' operator: =
2023-01-06 19:17:54.319 UTC [TRACE] steampipe-plugin-hackernews.plugin: [TRACE] 1673032674651: getMatchingQuals returning false - qualMap does not contain any quals for column id
2023-01-06 19:17:54.319 UTC [TRACE] steampipe-plugin-hackernews.plugin: [TRACE] 1673032674651: GetUnsatisfiedKeyColumns for columns column:'id' operator: =
2023-01-06 19:17:54.320 UTC [TRACE] steampipe-plugin-hackernews.plugin: [TRACE] 1673032674651: key column NOT satisfied column:'id' operator: =
2023-01-06 19:17:54.320 UTC [TRACE] steampipe-plugin-hackernews.plugin: [TRACE] 1673032674651: satisfied: map[any_of: optional: required:]
2023-01-06 19:17:54.320 UTC [TRACE] steampipe-plugin-hackernews.plugin: [TRACE] 1673032674651: unsatisfied: map[any_of: optional: required:column:'id' operator: =]
2023-01-06 19:17:54.321 UTC [TRACE] steampipe-plugin-hackernews.plugin: [TRACE] 1673032674651: unsatisfied required KeyColumns: column:'id' operator: =
2023-01-06 19:17:54.321 UTC [TRACE] steampipe-plugin-hackernews.plugin: [TRACE] 1673032674651: Set fetchType to fetchTypeList
2023-01-06 19:17:54.321 UTC [TRACE] steampipe-plugin-hackernews.plugin: [TRACE] 1673032674651: Equals key column quals:
2023-01-06 19:17:54.321 UTC [DEBUG] steampipe-plugin-hackernews.plugin: {}
2023-01-06 19:17:54.321 UTC [TRACE] steampipe-plugin-hackernews.plugin: [TRACE] 1673032674651: All key column quals:
2023-01-06 19:17:54.321 UTC [DEBUG] steampipe-plugin-hackernews.plugin: {}
2023-01-06 19:17:54.321 UTC [TRACE] steampipe-plugin-hackernews.plugin: [TRACE] 1673032674651: GetMatrixItem
2023-01-06 19:17:54.321 UTC [TRACE] steampipe-plugin-hackernews.plugin: [TRACE] 1673032674651: creating query data
2023-01-06 19:17:54.321 UTC [INFO]  steampipe-plugin-hackernews.plugin: [INFO]  1673032674651: cacheEnabled, trying cache get (hackernews-1673032674651)
2023-01-06 19:17:54.321 UTC [TRACE] steampipe-plugin-hackernews.plugin: [TRACE] 1673032674651: QueryCache Get - indexBucketKey index__hackernewshackernews_new, quals
2023-01-06 19:17:54.321 UTC [TRACE] steampipe-plugin-hackernews.plugin: [TRACE] 1673032674651: QueryCache getCachedQueryResult - table hackernews_new, connectionName hackernews
2023-01-06 19:17:54.321 UTC [TRACE] steampipe-plugin-hackernews.plugin: [TRACE] 1673032674651: index bucket key: index__hackernewshackernews_new ttlSeconds 300 limit: -1
2023-01-06 19:17:54.321 UTC [TRACE] steampipe-plugin-hackernews.plugin: [TRACE] 1673032674651: doGet cache miss
2023-01-06 19:17:54.321 UTC [TRACE] steampipe-plugin-hackernews.plugin: [TRACE] 1673032674651: getCachedIndexBucket - no item retrieved for cache key index__hackernewshackernews_new
2023-01-06 19:17:54.321 UTC [TRACE] steampipe-plugin-hackernews.plugin: [TRACE] 1673032674651: getCachedQueryResult returned CACHE MISS - checking for pending transfers
2023-01-06 19:17:54.321 UTC [TRACE] steampipe-plugin-hackernews.plugin: [TRACE] 1673032674651: getPendingResultItem indexBucketKey index__hackernewshackernews_new, columns [id title time by score dead deleted descendants kids parent parts poll text type url _ctx], limit -1
2023-01-06 19:17:54.321 UTC [TRACE] steampipe-plugin-hackernews.plugin: [TRACE] 1673032674651: no pending index item - add pending result, indexBucketKey index__hackernewshackernews_new
2023-01-06 19:17:54.321 UTC [TRACE] steampipe-plugin-hackernews.plugin: [TRACE] 1673032674651: addPendingResult (hackernews-1673032674651) indexBucketKey index__hackernewshackernews_new, columns [id title time by score dead deleted descendants kids parent parts poll text type url _ctx], limit -1
2023-01-06 19:17:54.321 UTC [TRACE] steampipe-plugin-hackernews.plugin: [TRACE] 1673032674651: no index bucket found - creating one
2023-01-06 19:17:54.321 UTC [TRACE] steampipe-plugin-hackernews.plugin: [TRACE] 1673032674651: pendingIndexItem Lock count before 0
2023-01-06 19:17:54.321 UTC [TRACE] steampipe-plugin-hackernews.plugin: [TRACE] 1673032674651: addPendingResult added pending index item to bucket, (hackernews-1673032674651) indexBucketKey index__hackernewshackernews_new, resultKeyRoot hackernewshackernews_newid,title,time,by,score,dead,deleted,descendants,kids,parent,parts,poll,text,type,url,_ctx-1, pending item : 0xc0003b8c60
2023-01-06 19:17:54.321 UTC [TRACE] steampipe-plugin-hackernews.plugin: [TRACE] 1673032674651: **** pending items (hackernews-1673032674651)****
2023-01-06 19:17:54.321 UTC [TRACE] steampipe-plugin-hackernews.plugin: [TRACE] 1673032674651: key: index__hackernewshackernews_new: item: 0xc0003b8c60, count: 1, key:hackernewshackernews_newid,title,time,by,score,dead,deleted,descendants,kids,parent,parts,poll,text,type,url,_ctx-1
2023-01-06 19:17:54.321 UTC [TRACE] steampipe-plugin-hackernews.plugin: [TRACE] 1673032674651: ********
2023-01-06 19:17:54.321 UTC [TRACE] steampipe-plugin-hackernews.plugin: [TRACE] 1673032674651: getPendingResultItem returning <nil>
2023-01-06 19:17:54.321 UTC [INFO]  steampipe-plugin-hackernews.plugin: [INFO]  1673032674651: CACHE MISS
2023-01-06 19:17:54.321 UTC [TRACE] steampipe-plugin-hackernews.plugin: [TRACE] 1673032674651: cache MISS
2023-01-06 19:17:54.321 UTC [INFO]  steampipe-plugin-hackernews.plugin: [INFO]  1673032674651: queryCacheGet returned CACHE MISS (hackernews-1673032674651)
2023-01-06 19:17:54.321 UTC [TRACE] steampipe-plugin-hackernews.plugin: [TRACE] 1673032674651: StartSet (hackernews-1673032674651)
2023-01-06 19:17:54.321 UTC [TRACE] steampipe-plugin-hackernews.plugin: [TRACE] 1673032674651: calling fetchItems, table: hackernews_new, matrixItem: [], limit: -1,  connectionCallId: hackernews-1673032674651"
2023-01-06 19:17:54.321 UTC [TRACE] steampipe-plugin-hackernews.plugin: [TRACE] 1673032674651: buildRowsAsync connectionCallId: hackernews-1673032674651
2023-01-06 19:17:54.321 UTC [TRACE] steampipe-plugin-hackernews.plugin: [TRACE] 1673032674651: streamRows connectionCallId: hackernews-1673032674651
2023-01-06 19:17:54.321 UTC [TRACE] steampipe-plugin-hackernews.plugin: [TRACE] 1673032674651: QueryData streamRows (hackernews-1673032674651)
2023-01-06 19:17:54.321 UTC [TRACE] steampipe-plugin-hackernews.plugin: [TRACE] 1673032674651: executeListCall START (hackernews-1673032674651)
2023-01-06 19:17:54.321 UTC [TRACE] steampipe-plugin-hackernews.plugin: [TRACE] 1673032674651: GetUnsatisfiedKeyColumns for columns
2023-01-06 19:17:54.321 UTC [TRACE] steampipe-plugin-hackernews.plugin: [TRACE] 1673032674651: doList (hackernews-1673032674651)
2023-01-06 19:17:54.321 UTC [TRACE] steampipe-plugin-hackernews.plugin: [TRACE] 1673032674651: doList: no matrix item
2023-01-06 19:17:54.495 UTC [TRACE] steampipe-plugin-hackernews.plugin: [TRACE] 1673032674651: QueryData.fetchComplete
2023-01-06 19:17:54.495 UTC [TRACE] steampipe-plugin-hackernews.plugin: [TRACE] 1673032674651: executeListCall COMPLETE (hackernews-1673032674651)
2023-01-06 19:17:54.495 UTC [TRACE] steampipe-plugin-hackernews.plugin: [TRACE] 1673032674651: rowData chan returned nil - wait for rows to complete (hackernews-1673032674651)
2023-01-06 19:17:54.584 UTC [TRACE] stdio: received data: channel=STDOUT len=20
2023-01-06 19:17:54.584 UTC [TRACE] stdio: waiting for stdio data
2023-01-06 19:17:54.647 UTC [TRACE] stdio: received data: channel=STDOUT len=304
2023-01-06 19:17:54.647 UTC [TRACE] stdio: waiting for stdio data
2023-01-06 19:17:54.661 UTC [TRACE] stdio: received data: channel=STDOUT len=203
2023-01-06 19:17:54.661 UTC [TRACE] stdio: waiting for stdio data
2023-01-06 19:17:54.663 UTC [TRACE] stdio: received data: channel=STDOUT len=591
2023-01-06 19:17:54.663 UTC [TRACE] stdio: waiting for stdio data
2023-01-06 19:17:54.718 UTC [TRACE] stdio: received data: channel=STDOUT len=34
2023-01-06 19:17:54.718 UTC [TRACE] stdio: waiting for stdio data
2023-01-06 19:17:54.721 UTC [TRACE] stdio: received data: channel=STDOUT len=1024
2023-01-06 19:17:54.721 UTC [TRACE] stdio: waiting for stdio data
2023-01-06 19:17:54.784 UTC [TRACE] stdio: received data: channel=STDOUT len=271
2023-01-06 19:17:54.784 UTC [TRACE] stdio: waiting for stdio data
2023-01-06 19:17:54.829 UTC [TRACE] stdio: received data: channel=STDOUT len=1024
2023-01-06 19:17:54.829 UTC [TRACE] stdio: waiting for stdio data
2023-01-06 19:17:54.875 UTC [TRACE] stdio: received data: channel=STDOUT len=147
2023-01-06 19:17:54.875 UTC [TRACE] stdio: waiting for stdio data
2023-01-06 19:17:54.891 UTC [TRACE] steampipe-plugin-hackernews.plugin: [TRACE] 1673032674651: buildRowsAsync goroutine returning (hackernews-1673032674651)
2023-01-06 19:17:54.892 UTC [TRACE] steampipe-plugin-hackernews.plugin: [TRACE] 1673032674651: streamRows - nil row, stop streaming (hackernews-1673032674651)
2023-01-06 19:17:54.892 UTC [TRACE] steampipe-plugin-hackernews.plugin: [TRACE] 1673032674651: ------------------------------------
2023-01-06 19:17:54.892 UTC [TRACE] steampipe-plugin-hackernews.plugin: [TRACE] 1673032674651: Concurrency Summary
2023-01-06 19:17:54.892 UTC [TRACE] steampipe-plugin-hackernews.plugin: [TRACE] 1673032674651: ------------------------------------
2023-01-06 19:17:54.892 UTC [TRACE] steampipe-plugin-hackernews.plugin: [TRACE] 1673032674651: getItem                       : 200
2023-01-06 19:17:54.892 UTC [TRACE] steampipe-plugin-hackernews.plugin: [TRACE] 1673032674651: ------------------------------------
2023-01-06 19:17:54.892 UTC [TRACE] steampipe-plugin-hackernews.plugin: [TRACE] 1673032674651: Total                         : 200
2023-01-06 19:17:54.892 UTC [TRACE] steampipe-plugin-hackernews.plugin: [TRACE] 1673032674651: ------------------------------------
2023-01-06 19:17:54.892 UTC [TRACE] steampipe-plugin-hackernews.plugin: [TRACE] 1673032674651: QueryData streamRows DONE (hackernews-1673032674651)
2023-01-06 19:17:54.892 UTC [TRACE] steampipe-plugin-hackernews.plugin: [TRACE] 1673032674651: EndSet (hackernews-1673032674651) table hackernews_new
2023-01-06 19:17:54.892 UTC [TRACE] steampipe-plugin-hackernews.plugin: [TRACE] 1673032674651: QueryCache writePageToCache: 500 rows, pageCount 1, page key hackernewshackernews_newid,title,time,by,score,dead,deleted,descendants,kids,parent,parts,poll,text,type,url,_ctx-1-0
2023-01-06 19:17:54.899 UTC [TRACE] steampipe-plugin-hackernews.plugin: [TRACE] 1673032674651: writePageToCache Set - result written
2023-01-06 19:17:54.899 UTC [TRACE] steampipe-plugin-hackernews.plugin: [TRACE] 1673032674651: QueryCache EndSet - result written
2023-01-06 19:17:54.899 UTC [TRACE] steampipe-plugin-hackernews.plugin: [TRACE] 1673032674651: doGet cache miss
2023-01-06 19:17:54.899 UTC [TRACE] steampipe-plugin-hackernews.plugin: [TRACE] 1673032674651: getCachedIndexBucket - no item retrieved for cache key index__hackernewshackernews_new
2023-01-06 19:17:54.899 UTC [TRACE] steampipe-plugin-hackernews.plugin: [TRACE] 1673032674651: getCachedIndexBucket returned cache miss
2023-01-06 19:17:54.899 UTC [TRACE] steampipe-plugin-hackernews.plugin: [TRACE] 1673032674651: QueryCache EndSet - Added index item (0xc01afd3c20) to bucket (0xc01afc84e0), page count 1,  key root hackernewshackernews_newid,title,time,by,score,dead,deleted,descendants,kids,parent,parts,poll,text,type,url,_ctx-1
2023-01-06 19:17:54.899 UTC [TRACE] steampipe-plugin-hackernews.plugin: [TRACE] 1673032674651: cacheSetIndexBucket index__hackernewshackernews_new
2023-01-06 19:17:54.899 UTC [TRACE] steampipe-plugin-hackernews.plugin: [TRACE] 1673032674651: QueryCache EndSet - IndexBucket written
2023-01-06 19:17:54.899 UTC [TRACE] steampipe-plugin-hackernews.plugin: [TRACE] 1673032674651: EndSet DEFER (hackernews-1673032674651) table hackernews_new
2023-01-06 19:17:54.899 UTC [TRACE] steampipe-plugin-hackernews.plugin: [TRACE] 1673032674651: calling pendingItemComplete (hackernews-1673032674651)
2023-01-06 19:17:54.899 UTC [TRACE] steampipe-plugin-hackernews.plugin: [TRACE] 1673032674651: pendingItemComplete (hackernews-1673032674651) indexBucketKey index__hackernewshackernews_new, columns [id title time by score dead deleted descendants kids parent parts poll text type url _ctx], limit -1
2023-01-06 19:17:54.899 UTC [TRACE] steampipe-plugin-hackernews.plugin: [TRACE] 1673032674651: got pending index bucket, (hackernews-1673032674651) len 1
2023-01-06 19:17:54.899 UTC [TRACE] steampipe-plugin-hackernews.plugin: [TRACE] 1673032674651: SatisfiesLimit limit -1, no item limit - satisfied
2023-01-06 19:17:54.899 UTC [TRACE] steampipe-plugin-hackernews.plugin: [TRACE] 1673032674651: found pending index item to satisfy columns id,title,time,by,score,dead,deleted,descendants,kids,parent,parts,poll,text,type,url,_ctx, limit -1
2023-01-06 19:17:54.899 UTC [TRACE] steampipe-plugin-hackernews.plugin: [TRACE] 1673032674651: found completed pending item (hackernews-1673032674651) 0xc0003b8c60, key hackernewshackernews_newid,title,time,by,score,dead,deleted,descendants,kids,parent,parts,poll,text,type,url,_ctx-1 - removing from map as it is complete
2023-01-06 19:17:54.899 UTC [TRACE] steampipe-plugin-hackernews.plugin: [TRACE] 1673032674651: pendingIndexItem Unlock count before 1 key hackernewshackernews_newid,title,time,by,score,dead,deleted,descendants,kids,parent,parts,poll,text,type,url,_ctx-1
2023-01-06 19:17:54.899 UTC [TRACE] steampipe-plugin-hackernews.plugin: [TRACE] 1673032674651: deleted from pending, (hackernews-1673032674651) len 0
2023-01-06 19:17:54.899 UTC [TRACE] steampipe-plugin-hackernews.plugin: [TRACE] 1673032674651: pending bucket now empty - deleting key index__hackernewshackernews_new
2023-01-06 19:17:54.899 UTC [TRACE] steampipe-plugin-hackernews.plugin: [TRACE] 1673032674651: pendingItemComplete done (hackernews-1673032674651)
2023-01-06 19:17:54.899 UTC [TRACE] steampipe-plugin-hackernews.plugin: [TRACE] 1673032674651: cache set succeeded
2023-01-06 19:17:54.899 UTC [TRACE] steampipe-plugin-hackernews.plugin: [TRACE] 1673032674651: End execute span
2023-01-06 19:17:54.899 UTC [TRACE] steampipe-plugin-hackernews.plugin: [TRACE] 1673032674651: executeForConnection DEFER (hackernews-1673032674651)
2023-01-06 19:17:54.899 UTC [TRACE] steampipe-plugin-hackernews.plugin: [TRACE] 1673032674651: Execute complete callId: hackernews-1673032674651 table: hackernews_new
2023-01-06 19:17:54.899 UTC [TRACE] steampipe-plugin-hackernews.plugin: [TRACE] 1673032674651: executeForConnection hackernews returned
2023-01-06 19:17:54.899 UTC [TRACE] steampipe-plugin-hackernews.plugin: [TRACE] 1673032674651: output wg complete - send nil row
2023-01-06 19:17:54.899 UTC [TRACE] steampipe-plugin-hackernews.plugin: [TRACE] 1673032674651: empty row on output channel - we are done
2023-01-06 19:17:54.899 UTC [INFO]  steampipe-plugin-hackernews.plugin: [INFO]  1673032674651: Plugin Execute complete (1673032674651)
2023-01-06 19:17:54.900 UTC [TRACE] stdio: received data: channel=STDOUT len=33
2023-01-06 19:17:54.900 UTC [TRACE] stdio: waiting for stdio data
2023-01-06 19:17:54.963 UTC [TRACE] PluginManager Shutdown
2023-01-06 19:17:54.963 UTC [TRACE] killing plugin csv (2056)
2023-01-06 19:17:54.964 UTC [TRACE] steampipe-plugin-csv.plugin: [TRACE] FLUSHING instrumentation
2023-01-06 19:17:54.965 UTC [TRACE] steampipe-plugin-csv.plugin: [TRACE] Shutdown instrumentation
2023-01-06 19:17:54.965 UTC [DEBUG] stdio: received EOF, stopping recv loop: err="rpc error: code = Unavailable desc = error reading from server: EOF"
2023-01-06 19:17:54.965 UTC [INFO]  plugin process exited: path=/home/runner/.steampipe/plugins/hub.steampipe.io/plugins/turbot/csv@latest/steampipe-plugin-csv.plugin pid=2056
2023-01-06 19:17:54.965 UTC [DEBUG] plugin exited
2023-01-06 19:17:54.965 UTC [TRACE] killing plugin hackernews (2079)
2023-01-06 19:17:54.965 UTC [DEBUG] stdio: received EOF, stopping recv loop: err="rpc error: code = Unavailable desc = error reading from server: EOF"
2023-01-06 19:17:54.965 UTC [TRACE] steampipe-plugin-hackernews.plugin: [TRACE] 1673032674651: FLUSHING instrumentation
2023-01-06 19:17:54.965 UTC [TRACE] steampipe-plugin-hackernews.plugin: [TRACE] 1673032674651: Shutdown instrumentation
2023-01-06 19:17:54.967 UTC [INFO]  plugin process exited: path=/home/runner/.steampipe/plugins/hub.steampipe.io/plugins/turbot/hackernews@latest/steampipe-plugin-hackernews.plugin pid=2079
2023-01-06 19:17:54.967 UTC [DEBUG] plugin exited
2023-01-06 19:18:00.548 UTC [WARN]  steampipe-plugin-csv.plugin: [WARN]  1673032680166: getKeyColumnsForTable found no schema for table '/home/runner/work/steampipe-samples/steampipe-samples/all/hackernews/hn.csv'
2023-01-06 19:18:32.213 UTC [WARN]  steampipe-plugin-csv.plugin: [WARN]  1673032712653: getKeyColumnsForTable found no schema for table '/home/runner/work/steampipe-samples/steampipe-samples/all/hackernews/hn.csv'
2023-01-06 19:20:46.187 UTC [ERROR] steampipe-plugin-csv.plugin: [ERROR] csv.tableCSV: header_parse_error=EOF path=/home/runner/work/steampipe-samples/steampipe-samples/all/hackernews/new_sc.csv header=[]
2023-01-06 19:20:46.188 UTC [ERROR] steampipe-plugin-csv.plugin: [ERROR] csv.PluginTables: create_table_error="failed to parse file header /home/runner/work/steampipe-samples/steampipe-samples/all/hackernews/new_sc.csv: EOF" path=/home/runner/work/steampipe-samples/steampipe-samples/all/hackernews/new_sc.csv
2023-01-06 19:20:46.188 UTC [WARN]  failed to set connection config: failed to parse file header /home/runner/work/steampipe-samples/steampipe-samples/all/hackernews/new_sc.csv: EOF
2023-01-06 19:20:47.561 UTC [WARN]  steampipe-plugin-csv.plugin: [WARN]  167303284786: getKeyColumnsForTable found no schema for table '/home/runner/work/steampipe-samples/steampipe-samples/all/hackernews/new_sc.csv'
2023-01-06 19:20:54.709 UTC [ERROR] steampipe-plugin-csv.plugin: [ERROR] csv.tableCSV: header_parse_error=EOF path=/home/runner/work/steampipe-samples/steampipe-samples/all/hackernews/hn_items_all.csv header=[]
2023-01-06 19:20:54.709 UTC [ERROR] steampipe-plugin-csv.plugin: [ERROR] csv.PluginTables: create_table_error="failed to parse file header /home/runner/work/steampipe-samples/steampipe-samples/all/hackernews/hn_items_all.csv: EOF" path=/home/runner/work/steampipe-samples/steampipe-samples/all/hackernews/hn_items_all.csv
2023-01-06 19:20:54.709 UTC [WARN]  failed to set connection config: failed to parse file header /home/runner/work/steampipe-samples/steampipe-samples/all/hackernews/hn_items_all.csv: EOF
2023-01-06 19:20:56.157 UTC [ERROR] steampipe-plugin-csv.plugin: [ERROR] csv.tableCSV: header_parse_error=EOF path=/home/runner/work/steampipe-samples/steampipe-samples/all/hackernews/people.csv header=[]
2023-01-06 19:20:56.157 UTC [ERROR] steampipe-plugin-csv.plugin: [ERROR] csv.PluginTables: create_table_error="failed to parse file header /home/runner/work/steampipe-samples/steampipe-samples/all/hackernews/people.csv: EOF" path=/home/runner/work/steampipe-samples/steampipe-samples/all/hackernews/people.csv
2023-01-06 19:20:56.158 UTC [WARN]  failed to set connection config: failed to parse file header /home/runner/work/steampipe-samples/steampipe-samples/all/hackernews/people.csv: EOF
