2023-01-15 14:18:24.641 UTC [INFO]  starting plugin manager
2023-01-15 14:18:24.642 UTC [TRACE] loaded config map: csv,github,hackernews,net
2023-01-15 14:18:24.642 UTC [TRACE] NewPluginManager
2023-01-15 14:18:24.642 UTC [TRACE] PluginManager setPluginCacheSizeMap: 4 connections.
2023-01-15 14:18:24.642 UTC [TRACE] Total cache size 0Mb
2023-01-15 14:18:24.642 UTC [INFO]  starting connection watcher
2023-01-15 14:18:24.642 UTC [INFO]  created ConnectionWatcher
2023-01-15 14:18:24.642 UTC [TRACE] about to serve
2023-01-15 14:18:24.699 UTC [TRACE] PluginManager Get, connections: '[csv]'
2023-01-15 14:18:24.699 UTC [TRACE] PluginManager getPlugin hub.steampipe.io/plugins/turbot/csv@latest connection 'csv'
2023-01-15 14:18:24.699 UTC [TRACE] PluginManager 0xc0004f6a00 plugin hub.steampipe.io/plugins/turbot/csv@latest (csv) NOT started or starting - start now
2023-01-15 14:18:24.699 UTC [TRACE] ************ start plugin csv ********************
2023-01-15 14:18:24.699 UTC [TRACE] ************ plugin path /home/runner/.steampipe/plugins/hub.steampipe.io/plugins/turbot/csv@latest/steampipe-plugin-csv.plugin ********************
2023-01-15 14:18:24.758 UTC [DEBUG] starting plugin: path=/home/runner/.steampipe/plugins/hub.steampipe.io/plugins/turbot/csv@latest/steampipe-plugin-csv.plugin args=["/home/runner/.steampipe/plugins/hub.steampipe.io/plugins/turbot/csv@latest/steampipe-plugin-csv.plugin"]
2023-01-15 14:18:24.758 UTC [DEBUG] plugin started: path=/home/runner/.steampipe/plugins/hub.steampipe.io/plugins/turbot/csv@latest/steampipe-plugin-csv.plugin pid=1989
2023-01-15 14:18:24.758 UTC [DEBUG] waiting for RPC address: path=/home/runner/.steampipe/plugins/hub.steampipe.io/plugins/turbot/csv@latest/steampipe-plugin-csv.plugin
2023-01-15 14:18:24.766 UTC [INFO]  steampipe-plugin-csv.plugin: [INFO]  Initialise plugin 'steampipe-plugin-csv', using sdk version 4.1.8
2023-01-15 14:18:24.766 UTC [TRACE] steampipe-plugin-csv.plugin: [TRACE] no DefaultRetryConfig defined - creating empty
2023-01-15 14:18:24.766 UTC [TRACE] steampipe-plugin-csv.plugin: [TRACE] no DefaultIgnoreConfig defined - creating empty
2023-01-15 14:18:24.766 UTC [TRACE] steampipe-plugin-csv.plugin: [TRACE] telemetry.Init service 'steampipe-plugin-csv', tracingEnabled: false, metricsEnabled: false
2023-01-15 14:18:24.766 UTC [TRACE] steampipe-plugin-csv.plugin: [TRACE] metrics and tracing disabled' - returning
2023-01-15 14:18:24.767 UTC [DEBUG] steampipe-plugin-csv.plugin: plugin address: address=/tmp/plugin2431958148 network=unix timestamp=2023-01-15T14:18:24.767Z
2023-01-15 14:18:24.768 UTC [DEBUG] using plugin: version=0
2023-01-15 14:18:24.768 UTC [TRACE] NewPluginClient for plugin hub.steampipe.io/plugins/turbot/csv@latest
2023-01-15 14:18:24.769 UTC [TRACE] stdio: waiting for stdio data
2023-01-15 14:18:24.770 UTC [TRACE] supportedOperations: query_cache:true multiple_connections:true
2023-01-15 14:18:24.770 UTC [TRACE] steampipe-plugin-csv.plugin: [TRACE] SetAllConnectionConfigs setting 1 configs
2023-01-15 14:18:24.770 UTC [TRACE] steampipe-plugin-csv.plugin: [TRACE] connection csv build schema and table map
2023-01-15 14:18:24.771 UTC [DEBUG] steampipe-plugin-csv.plugin: [DEBUG] csv.tableCSV: path=/home/runner/work/steampipe-samples/steampipe-samples/all/hackernews/hn_items_all.csv detected_encoding=Unknown
2023-01-15 14:18:24.771 UTC [DEBUG] steampipe-plugin-csv.plugin: [DEBUG] csv.tableCSV: path=/home/runner/work/steampipe-samples/steampipe-samples/all/hackernews/new_sc.csv detected_encoding=Unknown
2023-01-15 14:18:24.771 UTC [DEBUG] steampipe-plugin-csv.plugin: [DEBUG] csv.tableCSV: path=/home/runner/work/steampipe-samples/steampipe-samples/all/hackernews/people.csv detected_encoding=Unknown
2023-01-15 14:18:24.771 UTC [TRACE] steampipe-plugin-csv.plugin: [TRACE] initialise table /home/runner/work/steampipe-samples/steampipe-samples/all/hackernews/hn_items_all.csv
2023-01-15 14:18:24.771 UTC [TRACE] steampipe-plugin-csv.plugin: [TRACE] no DefaultRetryConfig defined - creating empty
2023-01-15 14:18:24.771 UTC [TRACE] steampipe-plugin-csv.plugin: [TRACE] no DefaultIgnoreConfig defined - creating empty
2023-01-15 14:18:24.771 UTC [TRACE] steampipe-plugin-csv.plugin: [TRACE] apply plugin defaults for DefaultRetryConfig
2023-01-15 14:18:24.771 UTC [TRACE] steampipe-plugin-csv.plugin: [TRACE] apply plugin defaults for DefaultIgnoreConfig, table &{<nil> <nil>} plugin &{<nil> <nil>}
2023-01-15 14:18:24.771 UTC [TRACE] steampipe-plugin-csv.plugin: [TRACE] DefaultRetryConfig:
2023-01-15 14:18:24.771 UTC [TRACE] steampipe-plugin-csv.plugin: [TRACE] DefaultIgnoreConfig:
2023-01-15 14:18:24.771 UTC [TRACE] steampipe-plugin-csv.plugin: [TRACE] t.List.initialise
2023-01-15 14:18:24.771 UTC [TRACE] steampipe-plugin-csv.plugin: [TRACE] ListConfig.initialise table /home/runner/work/steampipe-samples/steampipe-samples/all/hackernews/hn_items_all.csv
2023-01-15 14:18:24.771 UTC [TRACE] steampipe-plugin-csv.plugin: [TRACE] ListConfig.initialise complete: RetryConfig: , IgnoreConfig
2023-01-15 14:18:24.771 UTC [TRACE] steampipe-plugin-csv.plugin: [TRACE] back from initialiseHydrateConfigs
2023-01-15 14:18:24.771 UTC [TRACE] steampipe-plugin-csv.plugin: [TRACE] initialise table /home/runner/work/steampipe-samples/steampipe-samples/all/hackernews/hn_items_all.csv COMPLETE
2023-01-15 14:18:24.771 UTC [TRACE] steampipe-plugin-csv.plugin: [TRACE] initialise table /home/runner/work/steampipe-samples/steampipe-samples/all/hackernews/new_sc.csv
2023-01-15 14:18:24.771 UTC [TRACE] steampipe-plugin-csv.plugin: [TRACE] no DefaultRetryConfig defined - creating empty
2023-01-15 14:18:24.771 UTC [TRACE] steampipe-plugin-csv.plugin: [TRACE] no DefaultIgnoreConfig defined - creating empty
2023-01-15 14:18:24.771 UTC [TRACE] steampipe-plugin-csv.plugin: [TRACE] apply plugin defaults for DefaultRetryConfig
2023-01-15 14:18:24.771 UTC [TRACE] steampipe-plugin-csv.plugin: [TRACE] apply plugin defaults for DefaultIgnoreConfig, table &{<nil> <nil>} plugin &{<nil> <nil>}
2023-01-15 14:18:24.771 UTC [TRACE] steampipe-plugin-csv.plugin: [TRACE] DefaultRetryConfig:
2023-01-15 14:18:24.771 UTC [TRACE] steampipe-plugin-csv.plugin: [TRACE] DefaultIgnoreConfig:
2023-01-15 14:18:24.771 UTC [TRACE] steampipe-plugin-csv.plugin: [TRACE] t.List.initialise
2023-01-15 14:18:24.771 UTC [TRACE] steampipe-plugin-csv.plugin: [TRACE] ListConfig.initialise table /home/runner/work/steampipe-samples/steampipe-samples/all/hackernews/new_sc.csv
2023-01-15 14:18:24.771 UTC [TRACE] steampipe-plugin-csv.plugin: [TRACE] ListConfig.initialise complete: RetryConfig: , IgnoreConfig
2023-01-15 14:18:24.771 UTC [TRACE] steampipe-plugin-csv.plugin: [TRACE] back from initialiseHydrateConfigs
2023-01-15 14:18:24.771 UTC [TRACE] steampipe-plugin-csv.plugin: [TRACE] initialise table /home/runner/work/steampipe-samples/steampipe-samples/all/hackernews/new_sc.csv COMPLETE
2023-01-15 14:18:24.771 UTC [TRACE] steampipe-plugin-csv.plugin: [TRACE] initialise table /home/runner/work/steampipe-samples/steampipe-samples/all/hackernews/people.csv
2023-01-15 14:18:24.771 UTC [TRACE] steampipe-plugin-csv.plugin: [TRACE] no DefaultRetryConfig defined - creating empty
2023-01-15 14:18:24.771 UTC [TRACE] steampipe-plugin-csv.plugin: [TRACE] no DefaultIgnoreConfig defined - creating empty
2023-01-15 14:18:24.771 UTC [TRACE] steampipe-plugin-csv.plugin: [TRACE] apply plugin defaults for DefaultRetryConfig
2023-01-15 14:18:24.771 UTC [TRACE] steampipe-plugin-csv.plugin: [TRACE] apply plugin defaults for DefaultIgnoreConfig, table &{<nil> <nil>} plugin &{<nil> <nil>}
2023-01-15 14:18:24.771 UTC [TRACE] steampipe-plugin-csv.plugin: [TRACE] DefaultRetryConfig:
2023-01-15 14:18:24.771 UTC [TRACE] steampipe-plugin-csv.plugin: [TRACE] DefaultIgnoreConfig:
2023-01-15 14:18:24.771 UTC [TRACE] steampipe-plugin-csv.plugin: [TRACE] t.List.initialise
2023-01-15 14:18:24.771 UTC [TRACE] steampipe-plugin-csv.plugin: [TRACE] ListConfig.initialise table /home/runner/work/steampipe-samples/steampipe-samples/all/hackernews/people.csv
2023-01-15 14:18:24.771 UTC [TRACE] steampipe-plugin-csv.plugin: [TRACE] ListConfig.initialise complete: RetryConfig: , IgnoreConfig
2023-01-15 14:18:24.771 UTC [TRACE] steampipe-plugin-csv.plugin: [TRACE] back from initialiseHydrateConfigs
2023-01-15 14:18:24.771 UTC [TRACE] steampipe-plugin-csv.plugin: [TRACE] initialise table /home/runner/work/steampipe-samples/steampipe-samples/all/hackernews/people.csv COMPLETE
2023-01-15 14:18:24.771 UTC [TRACE] steampipe-plugin-csv.plugin: [TRACE] validate plugin steampipe-plugin-csv, required columns []
2023-01-15 14:18:24.771 UTC [TRACE] steampipe-plugin-csv.plugin: [TRACE] validate DefaultRetryConfig
2023-01-15 14:18:24.771 UTC [TRACE] steampipe-plugin-csv.plugin: [TRACE] validate DefaultIgnoreConfig
2023-01-15 14:18:24.771 UTC [TRACE] steampipe-plugin-csv.plugin: [TRACE] validate table names
2023-01-15 14:18:24.771 UTC [TRACE] steampipe-plugin-csv.plugin: [TRACE] plugin has 0 validation errors
2023-01-15 14:18:24.771 UTC [TRACE] steampipe-plugin-csv.plugin: [TRACE] Plugin ensureCache creating cache, maxCacheStorageMb 0
2023-01-15 14:18:24.771 UTC [TRACE] steampipe-plugin-csv.plugin: [TRACE] createCacheStore for plugin 'steampipe-plugin-csv' setting max size to 0Mb, Shards: 2, max shard size: 0
2023-01-15 14:18:24.783 UTC [INFO]  steampipe-plugin-csv.plugin: [INFO]  query cache created
2023-01-15 14:18:24.783 UTC [DEBUG] steampipe-plugin-csv.plugin: [DEBUG] SetAllConnectionConfigs finished
2023-01-15 14:18:24.784 UTC [TRACE] PluginManager getPlugin complete, returning reattach config with PID: 1989
2023-01-15 14:18:24.784 UTC [TRACE] PluginManager Get returning reattach_map:{key:"csv" value:{protocol:"grpc" addr:{Network:"unix" Address:"/tmp/plugin2431958148"} pid:1989 supported_operations:{query_cache:true multiple_connections:true} connections:"csv" plugin:"hub.steampipe.io/plugins/turbot/csv@latest"}}
2023-01-15 14:18:24.871 UTC [TRACE] PluginManager Get, connections: '[csv]'
2023-01-15 14:18:24.871 UTC [TRACE] PluginManager getPlugin hub.steampipe.io/plugins/turbot/csv@latest connection 'csv'
2023-01-15 14:18:24.871 UTC [TRACE] connection csv found in connectionPluginMap
2023-01-15 14:18:24.871 UTC [TRACE] initialized: 1989
2023-01-15 14:18:24.871 UTC [TRACE] initialized: 1989
2023-01-15 14:18:24.871 UTC [TRACE] connection csv is loaded, check for running PID
2023-01-15 14:18:24.872 UTC [TRACE] PluginManager found 'csv' in map, pid 1989
2023-01-15 14:18:24.872 UTC [TRACE] PluginManager Get returning reattach_map:{key:"csv" value:{protocol:"grpc" addr:{Network:"unix" Address:"/tmp/plugin2431958148"} pid:1989 supported_operations:{query_cache:true multiple_connections:true} connections:"csv" plugin:"hub.steampipe.io/plugins/turbot/csv@latest"}}
2023-01-15 14:18:25.021 UTC [TRACE] PluginManager Get, connections: '[hackernews]'
2023-01-15 14:18:25.021 UTC [TRACE] PluginManager getPlugin hub.steampipe.io/plugins/turbot/hackernews@latest connection 'hackernews'
2023-01-15 14:18:25.021 UTC [TRACE] PluginManager 0xc0004f6a00 plugin hub.steampipe.io/plugins/turbot/hackernews@latest (hackernews) NOT started or starting - start now
2023-01-15 14:18:25.021 UTC [TRACE] ************ start plugin hackernews ********************
2023-01-15 14:18:25.021 UTC [TRACE] ************ plugin path /home/runner/.steampipe/plugins/hub.steampipe.io/plugins/turbot/hackernews@latest/steampipe-plugin-hackernews.plugin ********************
2023-01-15 14:18:25.077 UTC [DEBUG] starting plugin: path=/home/runner/.steampipe/plugins/hub.steampipe.io/plugins/turbot/hackernews@latest/steampipe-plugin-hackernews.plugin args=["/home/runner/.steampipe/plugins/hub.steampipe.io/plugins/turbot/hackernews@latest/steampipe-plugin-hackernews.plugin"]
2023-01-15 14:18:25.078 UTC [DEBUG] plugin started: path=/home/runner/.steampipe/plugins/hub.steampipe.io/plugins/turbot/hackernews@latest/steampipe-plugin-hackernews.plugin pid=2014
2023-01-15 14:18:25.078 UTC [DEBUG] waiting for RPC address: path=/home/runner/.steampipe/plugins/hub.steampipe.io/plugins/turbot/hackernews@latest/steampipe-plugin-hackernews.plugin
2023-01-15 14:18:25.087 UTC [INFO]  steampipe-plugin-hackernews.plugin: [INFO]  Initialise plugin 'steampipe-plugin-hackernews', using sdk version 4.1.7
2023-01-15 14:18:25.087 UTC [TRACE] steampipe-plugin-hackernews.plugin: [TRACE] defaulting SchemaMode to SchemaModeStatic
2023-01-15 14:18:25.087 UTC [TRACE] steampipe-plugin-hackernews.plugin: [TRACE] no DefaultRetryConfig defined - creating empty
2023-01-15 14:18:25.087 UTC [TRACE] steampipe-plugin-hackernews.plugin: [TRACE] no DefaultIgnoreConfig defined - creating empty
2023-01-15 14:18:25.087 UTC [TRACE] steampipe-plugin-hackernews.plugin: [TRACE] Setting Ulimit: ulimit=2560
2023-01-15 14:18:25.087 UTC [TRACE] steampipe-plugin-hackernews.plugin: [TRACE] telemetry.Init service 'steampipe-plugin-hackernews', tracingEnabled: false, metricsEnabled: false
2023-01-15 14:18:25.087 UTC [TRACE] steampipe-plugin-hackernews.plugin: [TRACE] metrics and tracing disabled' - returning
2023-01-15 14:18:25.087 UTC [DEBUG] using plugin: version=0
2023-01-15 14:18:25.087 UTC [TRACE] NewPluginClient for plugin hub.steampipe.io/plugins/turbot/hackernews@latest
2023-01-15 14:18:25.087 UTC [DEBUG] steampipe-plugin-hackernews.plugin: plugin address: address=/tmp/plugin2943710315 network=unix timestamp=2023-01-15T14:18:25.087Z
2023-01-15 14:18:25.088 UTC [TRACE] stdio: waiting for stdio data
2023-01-15 14:18:25.090 UTC [TRACE] supportedOperations: query_cache:true multiple_connections:true
2023-01-15 14:18:25.090 UTC [TRACE] steampipe-plugin-hackernews.plugin: [TRACE] SetAllConnectionConfigs setting 1 configs
2023-01-15 14:18:25.090 UTC [TRACE] steampipe-plugin-hackernews.plugin: [TRACE] connection hackernews build schema and table map
2023-01-15 14:18:25.090 UTC [TRACE] steampipe-plugin-hackernews.plugin: [TRACE] initialise table hackernews_user
2023-01-15 14:18:25.090 UTC [TRACE] steampipe-plugin-hackernews.plugin: [TRACE] no DefaultRetryConfig defined - creating empty
2023-01-15 14:18:25.090 UTC [TRACE] steampipe-plugin-hackernews.plugin: [TRACE] no DefaultIgnoreConfig defined - creating empty
2023-01-15 14:18:25.090 UTC [TRACE] steampipe-plugin-hackernews.plugin: [TRACE] apply plugin defaults for DefaultRetryConfig
2023-01-15 14:18:25.090 UTC [TRACE] steampipe-plugin-hackernews.plugin: [TRACE] apply plugin defaults for DefaultIgnoreConfig, table &{<nil> <nil>} plugin &{<nil> <nil>}
2023-01-15 14:18:25.090 UTC [TRACE] steampipe-plugin-hackernews.plugin: [TRACE] DefaultRetryConfig:
2023-01-15 14:18:25.090 UTC [TRACE] steampipe-plugin-hackernews.plugin: [TRACE] DefaultIgnoreConfig:
2023-01-15 14:18:25.090 UTC [TRACE] steampipe-plugin-hackernews.plugin: [TRACE] t.List.initialise
2023-01-15 14:18:25.090 UTC [TRACE] steampipe-plugin-hackernews.plugin: [TRACE] ListConfig.initialise table hackernews_user
2023-01-15 14:18:25.090 UTC [TRACE] steampipe-plugin-hackernews.plugin: [TRACE] ListConfig.initialise complete: RetryConfig: , IgnoreConfig
2023-01-15 14:18:25.090 UTC [TRACE] steampipe-plugin-hackernews.plugin: [TRACE] back from initialiseHydrateConfigs
2023-01-15 14:18:25.090 UTC [TRACE] steampipe-plugin-hackernews.plugin: [TRACE] initialise table hackernews_user COMPLETE
2023-01-15 14:18:25.090 UTC [TRACE] steampipe-plugin-hackernews.plugin: [TRACE] initialise table hackernews_ask_hn
2023-01-15 14:18:25.090 UTC [TRACE] steampipe-plugin-hackernews.plugin: [TRACE] no DefaultRetryConfig defined - creating empty
2023-01-15 14:18:25.090 UTC [TRACE] steampipe-plugin-hackernews.plugin: [TRACE] no DefaultIgnoreConfig defined - creating empty
2023-01-15 14:18:25.090 UTC [TRACE] steampipe-plugin-hackernews.plugin: [TRACE] apply plugin defaults for DefaultRetryConfig
2023-01-15 14:18:25.090 UTC [TRACE] steampipe-plugin-hackernews.plugin: [TRACE] apply plugin defaults for DefaultIgnoreConfig, table &{<nil> <nil>} plugin &{<nil> <nil>}
2023-01-15 14:18:25.090 UTC [TRACE] steampipe-plugin-hackernews.plugin: [TRACE] DefaultRetryConfig:
2023-01-15 14:18:25.090 UTC [TRACE] steampipe-plugin-hackernews.plugin: [TRACE] DefaultIgnoreConfig:
2023-01-15 14:18:25.090 UTC [TRACE] steampipe-plugin-hackernews.plugin: [TRACE] t.Get.initialise
2023-01-15 14:18:25.090 UTC [TRACE] steampipe-plugin-hackernews.plugin: [TRACE] GetConfig.initialise table hackernews_ask_hn
2023-01-15 14:18:25.090 UTC [TRACE] steampipe-plugin-hackernews.plugin: [TRACE] GetConfig.initialise complete: RetryConfig: , IgnoreConfig:
2023-01-15 14:18:25.090 UTC [TRACE] steampipe-plugin-hackernews.plugin: [TRACE] t.List.initialise
2023-01-15 14:18:25.090 UTC [TRACE] steampipe-plugin-hackernews.plugin: [TRACE] ListConfig.initialise table hackernews_ask_hn
2023-01-15 14:18:25.090 UTC [TRACE] steampipe-plugin-hackernews.plugin: [TRACE] ListConfig.initialise complete: RetryConfig: , IgnoreConfig
2023-01-15 14:18:25.090 UTC [TRACE] steampipe-plugin-hackernews.plugin: [TRACE] HydrateConfig.initialise func getItem, table hackernews_ask_hn
2023-01-15 14:18:25.090 UTC [TRACE] steampipe-plugin-hackernews.plugin: [TRACE] HydrateConfig.initialise complete: RetryConfig: , IgnoreConfig:
2023-01-15 14:18:25.090 UTC [TRACE] steampipe-plugin-hackernews.plugin: [TRACE] back from initialiseHydrateConfigs
2023-01-15 14:18:25.090 UTC [TRACE] steampipe-plugin-hackernews.plugin: [TRACE] initialise table hackernews_ask_hn COMPLETE
2023-01-15 14:18:25.090 UTC [TRACE] steampipe-plugin-hackernews.plugin: [TRACE] initialise table hackernews_best
2023-01-15 14:18:25.090 UTC [TRACE] steampipe-plugin-hackernews.plugin: [TRACE] no DefaultRetryConfig defined - creating empty
2023-01-15 14:18:25.090 UTC [TRACE] steampipe-plugin-hackernews.plugin: [TRACE] no DefaultIgnoreConfig defined - creating empty
2023-01-15 14:18:25.090 UTC [TRACE] steampipe-plugin-hackernews.plugin: [TRACE] apply plugin defaults for DefaultRetryConfig
2023-01-15 14:18:25.090 UTC [TRACE] steampipe-plugin-hackernews.plugin: [TRACE] apply plugin defaults for DefaultIgnoreConfig, table &{<nil> <nil>} plugin &{<nil> <nil>}
2023-01-15 14:18:25.090 UTC [TRACE] steampipe-plugin-hackernews.plugin: [TRACE] DefaultRetryConfig:
2023-01-15 14:18:25.090 UTC [TRACE] steampipe-plugin-hackernews.plugin: [TRACE] DefaultIgnoreConfig:
2023-01-15 14:18:25.090 UTC [TRACE] steampipe-plugin-hackernews.plugin: [TRACE] t.Get.initialise
2023-01-15 14:18:25.090 UTC [TRACE] steampipe-plugin-hackernews.plugin: [TRACE] GetConfig.initialise table hackernews_best
2023-01-15 14:18:25.090 UTC [TRACE] steampipe-plugin-hackernews.plugin: [TRACE] GetConfig.initialise complete: RetryConfig: , IgnoreConfig:
2023-01-15 14:18:25.090 UTC [TRACE] steampipe-plugin-hackernews.plugin: [TRACE] t.List.initialise
2023-01-15 14:18:25.090 UTC [TRACE] steampipe-plugin-hackernews.plugin: [TRACE] ListConfig.initialise table hackernews_best
2023-01-15 14:18:25.090 UTC [TRACE] steampipe-plugin-hackernews.plugin: [TRACE] ListConfig.initialise complete: RetryConfig: , IgnoreConfig
2023-01-15 14:18:25.090 UTC [TRACE] steampipe-plugin-hackernews.plugin: [TRACE] HydrateConfig.initialise func getItem, table hackernews_best
2023-01-15 14:18:25.090 UTC [TRACE] steampipe-plugin-hackernews.plugin: [TRACE] HydrateConfig.initialise complete: RetryConfig: , IgnoreConfig:
2023-01-15 14:18:25.090 UTC [TRACE] steampipe-plugin-hackernews.plugin: [TRACE] back from initialiseHydrateConfigs
2023-01-15 14:18:25.090 UTC [TRACE] steampipe-plugin-hackernews.plugin: [TRACE] initialise table hackernews_best COMPLETE
2023-01-15 14:18:25.090 UTC [TRACE] steampipe-plugin-hackernews.plugin: [TRACE] initialise table hackernews_item
2023-01-15 14:18:25.090 UTC [TRACE] steampipe-plugin-hackernews.plugin: [TRACE] no DefaultRetryConfig defined - creating empty
2023-01-15 14:18:25.090 UTC [TRACE] steampipe-plugin-hackernews.plugin: [TRACE] no DefaultIgnoreConfig defined - creating empty
2023-01-15 14:18:25.090 UTC [TRACE] steampipe-plugin-hackernews.plugin: [TRACE] apply plugin defaults for DefaultRetryConfig
2023-01-15 14:18:25.090 UTC [TRACE] steampipe-plugin-hackernews.plugin: [TRACE] apply plugin defaults for DefaultIgnoreConfig, table &{<nil> <nil>} plugin &{<nil> <nil>}
2023-01-15 14:18:25.090 UTC [TRACE] steampipe-plugin-hackernews.plugin: [TRACE] DefaultRetryConfig:
2023-01-15 14:18:25.090 UTC [TRACE] steampipe-plugin-hackernews.plugin: [TRACE] DefaultIgnoreConfig:
2023-01-15 14:18:25.090 UTC [TRACE] steampipe-plugin-hackernews.plugin: [TRACE] t.Get.initialise
2023-01-15 14:18:25.090 UTC [TRACE] steampipe-plugin-hackernews.plugin: [TRACE] GetConfig.initialise table hackernews_item
2023-01-15 14:18:25.090 UTC [TRACE] steampipe-plugin-hackernews.plugin: [TRACE] GetConfig.initialise complete: RetryConfig: , IgnoreConfig:
2023-01-15 14:18:25.090 UTC [TRACE] steampipe-plugin-hackernews.plugin: [TRACE] t.List.initialise
2023-01-15 14:18:25.090 UTC [TRACE] steampipe-plugin-hackernews.plugin: [TRACE] ListConfig.initialise table hackernews_item
2023-01-15 14:18:25.090 UTC [TRACE] steampipe-plugin-hackernews.plugin: [TRACE] ListConfig.initialise complete: RetryConfig: , IgnoreConfig
2023-01-15 14:18:25.090 UTC [TRACE] steampipe-plugin-hackernews.plugin: [TRACE] HydrateConfig.initialise func getItem, table hackernews_item
2023-01-15 14:18:25.090 UTC [TRACE] steampipe-plugin-hackernews.plugin: [TRACE] HydrateConfig.initialise complete: RetryConfig: , IgnoreConfig:
2023-01-15 14:18:25.090 UTC [TRACE] steampipe-plugin-hackernews.plugin: [TRACE] back from initialiseHydrateConfigs
2023-01-15 14:18:25.090 UTC [TRACE] steampipe-plugin-hackernews.plugin: [TRACE] initialise table hackernews_item COMPLETE
2023-01-15 14:18:25.090 UTC [TRACE] steampipe-plugin-hackernews.plugin: [TRACE] initialise table hackernews_job
2023-01-15 14:18:25.090 UTC [TRACE] steampipe-plugin-hackernews.plugin: [TRACE] no DefaultRetryConfig defined - creating empty
2023-01-15 14:18:25.090 UTC [TRACE] steampipe-plugin-hackernews.plugin: [TRACE] no DefaultIgnoreConfig defined - creating empty
2023-01-15 14:18:25.090 UTC [TRACE] steampipe-plugin-hackernews.plugin: [TRACE] apply plugin defaults for DefaultRetryConfig
2023-01-15 14:18:25.090 UTC [TRACE] steampipe-plugin-hackernews.plugin: [TRACE] apply plugin defaults for DefaultIgnoreConfig, table &{<nil> <nil>} plugin &{<nil> <nil>}
2023-01-15 14:18:25.090 UTC [TRACE] steampipe-plugin-hackernews.plugin: [TRACE] DefaultRetryConfig:
2023-01-15 14:18:25.090 UTC [TRACE] steampipe-plugin-hackernews.plugin: [TRACE] DefaultIgnoreConfig:
2023-01-15 14:18:25.090 UTC [TRACE] steampipe-plugin-hackernews.plugin: [TRACE] t.Get.initialise
2023-01-15 14:18:25.090 UTC [TRACE] steampipe-plugin-hackernews.plugin: [TRACE] GetConfig.initialise table hackernews_job
2023-01-15 14:18:25.090 UTC [TRACE] steampipe-plugin-hackernews.plugin: [TRACE] GetConfig.initialise complete: RetryConfig: , IgnoreConfig:
2023-01-15 14:18:25.090 UTC [TRACE] steampipe-plugin-hackernews.plugin: [TRACE] t.List.initialise
2023-01-15 14:18:25.090 UTC [TRACE] steampipe-plugin-hackernews.plugin: [TRACE] ListConfig.initialise table hackernews_job
2023-01-15 14:18:25.090 UTC [TRACE] steampipe-plugin-hackernews.plugin: [TRACE] ListConfig.initialise complete: RetryConfig: , IgnoreConfig
2023-01-15 14:18:25.090 UTC [TRACE] steampipe-plugin-hackernews.plugin: [TRACE] HydrateConfig.initialise func getItem, table hackernews_job
2023-01-15 14:18:25.090 UTC [TRACE] steampipe-plugin-hackernews.plugin: [TRACE] HydrateConfig.initialise complete: RetryConfig: , IgnoreConfig:
2023-01-15 14:18:25.090 UTC [TRACE] steampipe-plugin-hackernews.plugin: [TRACE] back from initialiseHydrateConfigs
2023-01-15 14:18:25.090 UTC [TRACE] steampipe-plugin-hackernews.plugin: [TRACE] initialise table hackernews_job COMPLETE
2023-01-15 14:18:25.090 UTC [TRACE] steampipe-plugin-hackernews.plugin: [TRACE] initialise table hackernews_new
2023-01-15 14:18:25.090 UTC [TRACE] steampipe-plugin-hackernews.plugin: [TRACE] no DefaultRetryConfig defined - creating empty
2023-01-15 14:18:25.090 UTC [TRACE] steampipe-plugin-hackernews.plugin: [TRACE] no DefaultIgnoreConfig defined - creating empty
2023-01-15 14:18:25.090 UTC [TRACE] steampipe-plugin-hackernews.plugin: [TRACE] apply plugin defaults for DefaultRetryConfig
2023-01-15 14:18:25.090 UTC [TRACE] steampipe-plugin-hackernews.plugin: [TRACE] apply plugin defaults for DefaultIgnoreConfig, table &{<nil> <nil>} plugin &{<nil> <nil>}
2023-01-15 14:18:25.090 UTC [TRACE] steampipe-plugin-hackernews.plugin: [TRACE] DefaultRetryConfig:
2023-01-15 14:18:25.090 UTC [TRACE] steampipe-plugin-hackernews.plugin: [TRACE] DefaultIgnoreConfig:
2023-01-15 14:18:25.090 UTC [TRACE] steampipe-plugin-hackernews.plugin: [TRACE] t.Get.initialise
2023-01-15 14:18:25.090 UTC [TRACE] steampipe-plugin-hackernews.plugin: [TRACE] GetConfig.initialise table hackernews_new
2023-01-15 14:18:25.090 UTC [TRACE] steampipe-plugin-hackernews.plugin: [TRACE] GetConfig.initialise complete: RetryConfig: , IgnoreConfig:
2023-01-15 14:18:25.090 UTC [TRACE] steampipe-plugin-hackernews.plugin: [TRACE] t.List.initialise
2023-01-15 14:18:25.090 UTC [TRACE] steampipe-plugin-hackernews.plugin: [TRACE] ListConfig.initialise table hackernews_new
2023-01-15 14:18:25.090 UTC [TRACE] steampipe-plugin-hackernews.plugin: [TRACE] ListConfig.initialise complete: RetryConfig: , IgnoreConfig
2023-01-15 14:18:25.090 UTC [TRACE] steampipe-plugin-hackernews.plugin: [TRACE] HydrateConfig.initialise func getItem, table hackernews_new
2023-01-15 14:18:25.090 UTC [TRACE] steampipe-plugin-hackernews.plugin: [TRACE] HydrateConfig.initialise complete: RetryConfig: , IgnoreConfig:
2023-01-15 14:18:25.090 UTC [TRACE] steampipe-plugin-hackernews.plugin: [TRACE] back from initialiseHydrateConfigs
2023-01-15 14:18:25.090 UTC [TRACE] steampipe-plugin-hackernews.plugin: [TRACE] initialise table hackernews_new COMPLETE
2023-01-15 14:18:25.090 UTC [TRACE] steampipe-plugin-hackernews.plugin: [TRACE] initialise table hackernews_show_hn
2023-01-15 14:18:25.090 UTC [TRACE] steampipe-plugin-hackernews.plugin: [TRACE] no DefaultRetryConfig defined - creating empty
2023-01-15 14:18:25.090 UTC [TRACE] steampipe-plugin-hackernews.plugin: [TRACE] no DefaultIgnoreConfig defined - creating empty
2023-01-15 14:18:25.090 UTC [TRACE] steampipe-plugin-hackernews.plugin: [TRACE] apply plugin defaults for DefaultRetryConfig
2023-01-15 14:18:25.090 UTC [TRACE] steampipe-plugin-hackernews.plugin: [TRACE] apply plugin defaults for DefaultIgnoreConfig, table &{<nil> <nil>} plugin &{<nil> <nil>}
2023-01-15 14:18:25.090 UTC [TRACE] steampipe-plugin-hackernews.plugin: [TRACE] DefaultRetryConfig:
2023-01-15 14:18:25.090 UTC [TRACE] steampipe-plugin-hackernews.plugin: [TRACE] DefaultIgnoreConfig:
2023-01-15 14:18:25.090 UTC [TRACE] steampipe-plugin-hackernews.plugin: [TRACE] t.Get.initialise
2023-01-15 14:18:25.090 UTC [TRACE] steampipe-plugin-hackernews.plugin: [TRACE] GetConfig.initialise table hackernews_show_hn
2023-01-15 14:18:25.090 UTC [TRACE] steampipe-plugin-hackernews.plugin: [TRACE] GetConfig.initialise complete: RetryConfig: , IgnoreConfig:
2023-01-15 14:18:25.090 UTC [TRACE] steampipe-plugin-hackernews.plugin: [TRACE] t.List.initialise
2023-01-15 14:18:25.090 UTC [TRACE] steampipe-plugin-hackernews.plugin: [TRACE] ListConfig.initialise table hackernews_show_hn
2023-01-15 14:18:25.090 UTC [TRACE] steampipe-plugin-hackernews.plugin: [TRACE] ListConfig.initialise complete: RetryConfig: , IgnoreConfig
2023-01-15 14:18:25.090 UTC [TRACE] steampipe-plugin-hackernews.plugin: [TRACE] HydrateConfig.initialise func getItem, table hackernews_show_hn
2023-01-15 14:18:25.090 UTC [TRACE] steampipe-plugin-hackernews.plugin: [TRACE] HydrateConfig.initialise complete: RetryConfig: , IgnoreConfig:
2023-01-15 14:18:25.090 UTC [TRACE] steampipe-plugin-hackernews.plugin: [TRACE] back from initialiseHydrateConfigs
2023-01-15 14:18:25.090 UTC [TRACE] steampipe-plugin-hackernews.plugin: [TRACE] initialise table hackernews_show_hn COMPLETE
2023-01-15 14:18:25.090 UTC [TRACE] steampipe-plugin-hackernews.plugin: [TRACE] initialise table hackernews_top
2023-01-15 14:18:25.090 UTC [TRACE] steampipe-plugin-hackernews.plugin: [TRACE] no DefaultRetryConfig defined - creating empty
2023-01-15 14:18:25.090 UTC [TRACE] steampipe-plugin-hackernews.plugin: [TRACE] no DefaultIgnoreConfig defined - creating empty
2023-01-15 14:18:25.090 UTC [TRACE] steampipe-plugin-hackernews.plugin: [TRACE] apply plugin defaults for DefaultRetryConfig
2023-01-15 14:18:25.090 UTC [TRACE] steampipe-plugin-hackernews.plugin: [TRACE] apply plugin defaults for DefaultIgnoreConfig, table &{<nil> <nil>} plugin &{<nil> <nil>}
2023-01-15 14:18:25.090 UTC [TRACE] steampipe-plugin-hackernews.plugin: [TRACE] DefaultRetryConfig:
2023-01-15 14:18:25.090 UTC [TRACE] steampipe-plugin-hackernews.plugin: [TRACE] DefaultIgnoreConfig:
2023-01-15 14:18:25.090 UTC [TRACE] steampipe-plugin-hackernews.plugin: [TRACE] t.Get.initialise
2023-01-15 14:18:25.090 UTC [TRACE] steampipe-plugin-hackernews.plugin: [TRACE] GetConfig.initialise table hackernews_top
2023-01-15 14:18:25.090 UTC [TRACE] steampipe-plugin-hackernews.plugin: [TRACE] GetConfig.initialise complete: RetryConfig: , IgnoreConfig:
2023-01-15 14:18:25.090 UTC [TRACE] steampipe-plugin-hackernews.plugin: [TRACE] t.List.initialise
2023-01-15 14:18:25.090 UTC [TRACE] steampipe-plugin-hackernews.plugin: [TRACE] ListConfig.initialise table hackernews_top
2023-01-15 14:18:25.090 UTC [TRACE] steampipe-plugin-hackernews.plugin: [TRACE] ListConfig.initialise complete: RetryConfig: , IgnoreConfig
2023-01-15 14:18:25.090 UTC [TRACE] steampipe-plugin-hackernews.plugin: [TRACE] HydrateConfig.initialise func getItem, table hackernews_top
2023-01-15 14:18:25.090 UTC [TRACE] steampipe-plugin-hackernews.plugin: [TRACE] HydrateConfig.initialise complete: RetryConfig: , IgnoreConfig:
2023-01-15 14:18:25.090 UTC [TRACE] steampipe-plugin-hackernews.plugin: [TRACE] back from initialiseHydrateConfigs
2023-01-15 14:18:25.090 UTC [TRACE] steampipe-plugin-hackernews.plugin: [TRACE] initialise table hackernews_top COMPLETE
2023-01-15 14:18:25.090 UTC [TRACE] steampipe-plugin-hackernews.plugin: [TRACE] validate plugin steampipe-plugin-hackernews, required columns []
2023-01-15 14:18:25.090 UTC [TRACE] steampipe-plugin-hackernews.plugin: [TRACE] validate DefaultRetryConfig
2023-01-15 14:18:25.090 UTC [TRACE] steampipe-plugin-hackernews.plugin: [TRACE] validate DefaultIgnoreConfig
2023-01-15 14:18:25.090 UTC [TRACE] steampipe-plugin-hackernews.plugin: [TRACE] validate table names
2023-01-15 14:18:25.090 UTC [TRACE] steampipe-plugin-hackernews.plugin: [TRACE] plugin has 0 validation errors
2023-01-15 14:18:25.090 UTC [TRACE] steampipe-plugin-hackernews.plugin: [TRACE] Plugin ensureCache creating cache, maxCacheStorageMb 0
2023-01-15 14:18:25.090 UTC [TRACE] steampipe-plugin-hackernews.plugin: [TRACE] createCacheStore for plugin 'steampipe-plugin-hackernews' setting max size to 0Mb, Shards: 2, max shard size: 0
2023-01-15 14:18:25.102 UTC [INFO]  steampipe-plugin-hackernews.plugin: [INFO]  query cache created
2023-01-15 14:18:25.102 UTC [DEBUG] steampipe-plugin-hackernews.plugin: [DEBUG] SetAllConnectionConfigs finished
2023-01-15 14:18:25.102 UTC [TRACE] PluginManager getPlugin complete, returning reattach config with PID: 2014
2023-01-15 14:18:25.102 UTC [TRACE] PluginManager Get returning reattach_map:{key:"hackernews" value:{protocol:"grpc" addr:{Network:"unix" Address:"/tmp/plugin2943710315"} pid:2014 supported_operations:{query_cache:true multiple_connections:true} connections:"hackernews" plugin:"hub.steampipe.io/plugins/turbot/hackernews@latest"}}
2023-01-15 14:18:25.110 UTC [INFO]  steampipe-plugin-hackernews.plugin: [INFO]  1673792305921: Plugin Execute (1673792305921)
2023-01-15 14:18:25.110 UTC [TRACE] steampipe-plugin-hackernews.plugin: [TRACE] 1673792305921: No memory limit set
2023-01-15 14:18:25.110 UTC [INFO]  steampipe-plugin-hackernews.plugin: [INFO]  1673792305921: Plugin Execute, setting memory limit to -1Mb
2023-01-15 14:18:25.110 UTC [TRACE] steampipe-plugin-hackernews.plugin: [TRACE] 1673792305921: calling ExtractContextFromCarrier
2023-01-15 14:18:25.110 UTC [INFO]  steampipe-plugin-hackernews.plugin: [INFO]  1673792305921: Setting max concurrent connections to 25
2023-01-15 14:18:25.110 UTC [TRACE] steampipe-plugin-hackernews.plugin: [TRACE] 1673792305921: executeForConnection callId: 1673792305921, connectionCallId: hackernews-1673792305921, connection: hackernews table: hackernews_new cols: id,title,time,by,score,dead,deleted,descendants,kids,parent,parts,poll,text,type,url,_ctx
2023-01-15 14:18:25.110 UTC [TRACE] steampipe-plugin-hackernews.plugin: [TRACE] 1673792305921: got connection data
2023-01-15 14:18:25.110 UTC [TRACE] steampipe-plugin-hackernews.plugin: [TRACE] 1673792305921: Got query context, table: hackernews_new, cols: [id title time by score dead deleted descendants kids parent parts poll text type url _ctx]
2023-01-15 14:18:25.110 UTC [TRACE] steampipe-plugin-hackernews.plugin: [TRACE] 1673792305921: Start execute span
2023-01-15 14:18:25.110 UTC [INFO]  steampipe-plugin-hackernews.plugin: [INFO]  1673792305921: Setting free memory interval to 100 rows
2023-01-15 14:18:25.110 UTC [TRACE] steampipe-plugin-hackernews.plugin: [TRACE] 1673792305921: setFetchType map[time:quals:{fieldName:"time"  string_value:">"  value:{timestamp_value:{seconds:1673788705  nanos:1357000}}}]
2023-01-15 14:18:25.111 UTC [TRACE] steampipe-plugin-hackernews.plugin: [TRACE] 1673792305921: getMatchingQuals column:'id' operator: =
2023-01-15 14:18:25.111 UTC [TRACE] steampipe-plugin-hackernews.plugin: [TRACE] 1673792305921: getMatchingQuals returning false - qualMap does not contain any quals for column id
2023-01-15 14:18:25.112 UTC [TRACE] steampipe-plugin-hackernews.plugin: [TRACE] 1673792305921: GetUnsatisfiedKeyColumns for columns column:'id' operator: =
2023-01-15 14:18:25.112 UTC [TRACE] steampipe-plugin-hackernews.plugin: [TRACE] 1673792305921: key column NOT satisfied column:'id' operator: =
2023-01-15 14:18:25.112 UTC [TRACE] steampipe-plugin-hackernews.plugin: [TRACE] 1673792305921: satisfied: map[any_of: optional: required:]
2023-01-15 14:18:25.113 UTC [TRACE] steampipe-plugin-hackernews.plugin: [TRACE] 1673792305921: unsatisfied: map[any_of: optional: required:column:'id' operator: =]
2023-01-15 14:18:25.113 UTC [TRACE] steampipe-plugin-hackernews.plugin: [TRACE] 1673792305921: unsatisfied required KeyColumns: column:'id' operator: =
2023-01-15 14:18:25.113 UTC [TRACE] steampipe-plugin-hackernews.plugin: [TRACE] 1673792305921: Set fetchType to fetchTypeList
2023-01-15 14:18:25.113 UTC [TRACE] steampipe-plugin-hackernews.plugin: [TRACE] 1673792305921: Equals key column quals:
2023-01-15 14:18:25.113 UTC [DEBUG] steampipe-plugin-hackernews.plugin: {}
2023-01-15 14:18:25.113 UTC [TRACE] steampipe-plugin-hackernews.plugin: [TRACE] 1673792305921: All key column quals:
2023-01-15 14:18:25.113 UTC [DEBUG] steampipe-plugin-hackernews.plugin: {}
2023-01-15 14:18:25.113 UTC [TRACE] steampipe-plugin-hackernews.plugin: [TRACE] 1673792305921: GetMatrixItem
2023-01-15 14:18:25.113 UTC [TRACE] steampipe-plugin-hackernews.plugin: [TRACE] 1673792305921: creating query data
2023-01-15 14:18:25.113 UTC [INFO]  steampipe-plugin-hackernews.plugin: [INFO]  1673792305921: cacheEnabled, trying cache get (hackernews-1673792305921)
2023-01-15 14:18:25.113 UTC [TRACE] steampipe-plugin-hackernews.plugin: [TRACE] 1673792305921: QueryCache Get - indexBucketKey index__hackernewshackernews_new, quals
2023-01-15 14:18:25.113 UTC [TRACE] steampipe-plugin-hackernews.plugin: [TRACE] 1673792305921: QueryCache getCachedQueryResult - table hackernews_new, connectionName hackernews
2023-01-15 14:18:25.113 UTC [TRACE] steampipe-plugin-hackernews.plugin: [TRACE] 1673792305921: index bucket key: index__hackernewshackernews_new ttlSeconds 300 limit: -1
2023-01-15 14:18:25.113 UTC [TRACE] steampipe-plugin-hackernews.plugin: [TRACE] 1673792305921: doGet cache miss
2023-01-15 14:18:25.113 UTC [TRACE] steampipe-plugin-hackernews.plugin: [TRACE] 1673792305921: getCachedIndexBucket - no item retrieved for cache key index__hackernewshackernews_new
2023-01-15 14:18:25.113 UTC [TRACE] steampipe-plugin-hackernews.plugin: [TRACE] 1673792305921: getCachedQueryResult returned CACHE MISS - checking for pending transfers
2023-01-15 14:18:25.114 UTC [TRACE] steampipe-plugin-hackernews.plugin: [TRACE] 1673792305921: getPendingResultItem indexBucketKey index__hackernewshackernews_new, columns [id title time by score dead deleted descendants kids parent parts poll text type url _ctx], limit -1
2023-01-15 14:18:25.114 UTC [TRACE] steampipe-plugin-hackernews.plugin: [TRACE] 1673792305921: no pending index item - add pending result, indexBucketKey index__hackernewshackernews_new
2023-01-15 14:18:25.114 UTC [TRACE] steampipe-plugin-hackernews.plugin: [TRACE] 1673792305921: addPendingResult (hackernews-1673792305921) indexBucketKey index__hackernewshackernews_new, columns [id title time by score dead deleted descendants kids parent parts poll text type url _ctx], limit -1
2023-01-15 14:18:25.114 UTC [TRACE] steampipe-plugin-hackernews.plugin: [TRACE] 1673792305921: no index bucket found - creating one
2023-01-15 14:18:25.114 UTC [TRACE] steampipe-plugin-hackernews.plugin: [TRACE] 1673792305921: pendingIndexItem Lock count before 0
2023-01-15 14:18:25.114 UTC [TRACE] steampipe-plugin-hackernews.plugin: [TRACE] 1673792305921: addPendingResult added pending index item to bucket, (hackernews-1673792305921) indexBucketKey index__hackernewshackernews_new, resultKeyRoot hackernewshackernews_newid,title,time,by,score,dead,deleted,descendants,kids,parent,parts,poll,text,type,url,_ctx-1, pending item : 0xc000338ab0
2023-01-15 14:18:25.114 UTC [TRACE] steampipe-plugin-hackernews.plugin: [TRACE] 1673792305921: **** pending items (hackernews-1673792305921)****
2023-01-15 14:18:25.114 UTC [TRACE] steampipe-plugin-hackernews.plugin: [TRACE] 1673792305921: key: index__hackernewshackernews_new: item: 0xc000338ab0, count: 1, key:hackernewshackernews_newid,title,time,by,score,dead,deleted,descendants,kids,parent,parts,poll,text,type,url,_ctx-1
2023-01-15 14:18:25.114 UTC [TRACE] steampipe-plugin-hackernews.plugin: [TRACE] 1673792305921: ********
2023-01-15 14:18:25.114 UTC [TRACE] steampipe-plugin-hackernews.plugin: [TRACE] 1673792305921: getPendingResultItem returning <nil>
2023-01-15 14:18:25.114 UTC [INFO]  steampipe-plugin-hackernews.plugin: [INFO]  1673792305921: CACHE MISS
2023-01-15 14:18:25.114 UTC [TRACE] steampipe-plugin-hackernews.plugin: [TRACE] 1673792305921: cache MISS
2023-01-15 14:18:25.114 UTC [INFO]  steampipe-plugin-hackernews.plugin: [INFO]  1673792305921: queryCacheGet returned CACHE MISS (hackernews-1673792305921)
2023-01-15 14:18:25.114 UTC [TRACE] steampipe-plugin-hackernews.plugin: [TRACE] 1673792305921: StartSet (hackernews-1673792305921)
2023-01-15 14:18:25.114 UTC [TRACE] steampipe-plugin-hackernews.plugin: [TRACE] 1673792305921: calling fetchItems, table: hackernews_new, matrixItem: [], limit: -1,  connectionCallId: hackernews-1673792305921"
2023-01-15 14:18:25.114 UTC [TRACE] steampipe-plugin-hackernews.plugin: [TRACE] 1673792305921: buildRowsAsync connectionCallId: hackernews-1673792305921
2023-01-15 14:18:25.114 UTC [TRACE] steampipe-plugin-hackernews.plugin: [TRACE] 1673792305921: streamRows connectionCallId: hackernews-1673792305921
2023-01-15 14:18:25.114 UTC [TRACE] steampipe-plugin-hackernews.plugin: [TRACE] 1673792305921: QueryData streamRows (hackernews-1673792305921)
2023-01-15 14:18:25.114 UTC [TRACE] steampipe-plugin-hackernews.plugin: [TRACE] 1673792305921: executeListCall START (hackernews-1673792305921)
2023-01-15 14:18:25.114 UTC [TRACE] steampipe-plugin-hackernews.plugin: [TRACE] 1673792305921: GetUnsatisfiedKeyColumns for columns
2023-01-15 14:18:25.114 UTC [TRACE] steampipe-plugin-hackernews.plugin: [TRACE] 1673792305921: doList (hackernews-1673792305921)
2023-01-15 14:18:25.114 UTC [TRACE] steampipe-plugin-hackernews.plugin: [TRACE] 1673792305921: doList: no matrix item
2023-01-15 14:18:25.291 UTC [TRACE] steampipe-plugin-hackernews.plugin: [TRACE] 1673792305921: QueryData.fetchComplete
2023-01-15 14:18:25.291 UTC [TRACE] steampipe-plugin-hackernews.plugin: [TRACE] 1673792305921: executeListCall COMPLETE (hackernews-1673792305921)
2023-01-15 14:18:25.291 UTC [TRACE] steampipe-plugin-hackernews.plugin: [TRACE] 1673792305921: rowData chan returned nil - wait for rows to complete (hackernews-1673792305921)
2023-01-15 14:18:25.298 UTC [TRACE] stdio: received data: channel=STDOUT len=22
2023-01-15 14:18:25.298 UTC [TRACE] stdio: waiting for stdio data
2023-01-15 14:18:25.391 UTC [TRACE] stdio: received data: channel=STDOUT len=317
2023-01-15 14:18:25.391 UTC [TRACE] stdio: waiting for stdio data
2023-01-15 14:18:25.440 UTC [TRACE] stdio: received data: channel=STDOUT len=704
2023-01-15 14:18:25.440 UTC [TRACE] stdio: waiting for stdio data
2023-01-15 14:18:25.503 UTC [TRACE] stdio: received data: channel=STDOUT len=1024
2023-01-15 14:18:25.503 UTC [TRACE] stdio: waiting for stdio data
2023-01-15 14:18:25.537 UTC [TRACE] stdio: received data: channel=STDOUT len=295
2023-01-15 14:18:25.537 UTC [TRACE] stdio: waiting for stdio data
2023-01-15 14:18:25.571 UTC [TRACE] stdio: received data: channel=STDOUT len=682
2023-01-15 14:18:25.571 UTC [TRACE] stdio: waiting for stdio data
2023-01-15 14:18:25.617 UTC [TRACE] stdio: received data: channel=STDOUT len=1024
2023-01-15 14:18:25.617 UTC [TRACE] stdio: waiting for stdio data
2023-01-15 14:18:25.656 UTC [TRACE] steampipe-plugin-hackernews.plugin: [TRACE] 1673792305921: buildRowsAsync goroutine returning (hackernews-1673792305921)
2023-01-15 14:18:25.657 UTC [TRACE] steampipe-plugin-hackernews.plugin: [TRACE] 1673792305921: streamRows - nil row, stop streaming (hackernews-1673792305921)
2023-01-15 14:18:25.657 UTC [TRACE] steampipe-plugin-hackernews.plugin: [TRACE] 1673792305921: ------------------------------------
2023-01-15 14:18:25.657 UTC [TRACE] steampipe-plugin-hackernews.plugin: [TRACE] 1673792305921: Concurrency Summary
2023-01-15 14:18:25.657 UTC [TRACE] steampipe-plugin-hackernews.plugin: [TRACE] 1673792305921: ------------------------------------
2023-01-15 14:18:25.657 UTC [TRACE] steampipe-plugin-hackernews.plugin: [TRACE] 1673792305921: getItem                       : 200
2023-01-15 14:18:25.657 UTC [TRACE] steampipe-plugin-hackernews.plugin: [TRACE] 1673792305921: ------------------------------------
2023-01-15 14:18:25.657 UTC [TRACE] steampipe-plugin-hackernews.plugin: [TRACE] 1673792305921: Total                         : 200
2023-01-15 14:18:25.657 UTC [TRACE] steampipe-plugin-hackernews.plugin: [TRACE] 1673792305921: ------------------------------------
2023-01-15 14:18:25.657 UTC [TRACE] steampipe-plugin-hackernews.plugin: [TRACE] 1673792305921: QueryData streamRows DONE (hackernews-1673792305921)
2023-01-15 14:18:25.657 UTC [TRACE] steampipe-plugin-hackernews.plugin: [TRACE] 1673792305921: EndSet (hackernews-1673792305921) table hackernews_new
2023-01-15 14:18:25.657 UTC [TRACE] steampipe-plugin-hackernews.plugin: [TRACE] 1673792305921: QueryCache writePageToCache: 500 rows, pageCount 1, page key hackernewshackernews_newid,title,time,by,score,dead,deleted,descendants,kids,parent,parts,poll,text,type,url,_ctx-1-0
2023-01-15 14:18:25.666 UTC [TRACE] steampipe-plugin-hackernews.plugin: [TRACE] 1673792305921: writePageToCache Set - result written
2023-01-15 14:18:25.666 UTC [TRACE] steampipe-plugin-hackernews.plugin: [TRACE] 1673792305921: QueryCache EndSet - result written
2023-01-15 14:18:25.666 UTC [TRACE] steampipe-plugin-hackernews.plugin: [TRACE] 1673792305921: doGet cache miss
2023-01-15 14:18:25.666 UTC [TRACE] steampipe-plugin-hackernews.plugin: [TRACE] 1673792305921: getCachedIndexBucket - no item retrieved for cache key index__hackernewshackernews_new
2023-01-15 14:18:25.666 UTC [TRACE] steampipe-plugin-hackernews.plugin: [TRACE] 1673792305921: getCachedIndexBucket returned cache miss
2023-01-15 14:18:25.666 UTC [TRACE] steampipe-plugin-hackernews.plugin: [TRACE] 1673792305921: QueryCache EndSet - Added index item (0xc014320840) to bucket (0xc01afe6d98), page count 1,  key root hackernewshackernews_newid,title,time,by,score,dead,deleted,descendants,kids,parent,parts,poll,text,type,url,_ctx-1
2023-01-15 14:18:25.666 UTC [TRACE] steampipe-plugin-hackernews.plugin: [TRACE] 1673792305921: cacheSetIndexBucket index__hackernewshackernews_new
2023-01-15 14:18:25.666 UTC [TRACE] steampipe-plugin-hackernews.plugin: [TRACE] 1673792305921: QueryCache EndSet - IndexBucket written
2023-01-15 14:18:25.666 UTC [TRACE] steampipe-plugin-hackernews.plugin: [TRACE] 1673792305921: EndSet DEFER (hackernews-1673792305921) table hackernews_new
2023-01-15 14:18:25.666 UTC [TRACE] steampipe-plugin-hackernews.plugin: [TRACE] 1673792305921: calling pendingItemComplete (hackernews-1673792305921)
2023-01-15 14:18:25.666 UTC [TRACE] steampipe-plugin-hackernews.plugin: [TRACE] 1673792305921: pendingItemComplete (hackernews-1673792305921) indexBucketKey index__hackernewshackernews_new, columns [id title time by score dead deleted descendants kids parent parts poll text type url _ctx], limit -1
2023-01-15 14:18:25.666 UTC [TRACE] steampipe-plugin-hackernews.plugin: [TRACE] 1673792305921: got pending index bucket, (hackernews-1673792305921) len 1
2023-01-15 14:18:25.666 UTC [TRACE] steampipe-plugin-hackernews.plugin: [TRACE] 1673792305921: SatisfiesLimit limit -1, no item limit - satisfied
2023-01-15 14:18:25.666 UTC [TRACE] steampipe-plugin-hackernews.plugin: [TRACE] 1673792305921: found pending index item to satisfy columns id,title,time,by,score,dead,deleted,descendants,kids,parent,parts,poll,text,type,url,_ctx, limit -1
2023-01-15 14:18:25.666 UTC [TRACE] steampipe-plugin-hackernews.plugin: [TRACE] 1673792305921: found completed pending item (hackernews-1673792305921) 0xc000338ab0, key hackernewshackernews_newid,title,time,by,score,dead,deleted,descendants,kids,parent,parts,poll,text,type,url,_ctx-1 - removing from map as it is complete
2023-01-15 14:18:25.666 UTC [TRACE] steampipe-plugin-hackernews.plugin: [TRACE] 1673792305921: pendingIndexItem Unlock count before 1 key hackernewshackernews_newid,title,time,by,score,dead,deleted,descendants,kids,parent,parts,poll,text,type,url,_ctx-1
2023-01-15 14:18:25.666 UTC [TRACE] steampipe-plugin-hackernews.plugin: [TRACE] 1673792305921: deleted from pending, (hackernews-1673792305921) len 0
2023-01-15 14:18:25.666 UTC [TRACE] steampipe-plugin-hackernews.plugin: [TRACE] 1673792305921: pending bucket now empty - deleting key index__hackernewshackernews_new
2023-01-15 14:18:25.666 UTC [TRACE] steampipe-plugin-hackernews.plugin: [TRACE] 1673792305921: pendingItemComplete done (hackernews-1673792305921)
2023-01-15 14:18:25.666 UTC [TRACE] steampipe-plugin-hackernews.plugin: [TRACE] 1673792305921: cache set succeeded
2023-01-15 14:18:25.666 UTC [TRACE] steampipe-plugin-hackernews.plugin: [TRACE] 1673792305921: End execute span
2023-01-15 14:18:25.666 UTC [TRACE] steampipe-plugin-hackernews.plugin: [TRACE] 1673792305921: executeForConnection DEFER (hackernews-1673792305921)
2023-01-15 14:18:25.666 UTC [TRACE] steampipe-plugin-hackernews.plugin: [TRACE] 1673792305921: Execute complete callId: hackernews-1673792305921 table: hackernews_new
2023-01-15 14:18:25.666 UTC [TRACE] steampipe-plugin-hackernews.plugin: [TRACE] 1673792305921: executeForConnection hackernews returned
2023-01-15 14:18:25.666 UTC [TRACE] steampipe-plugin-hackernews.plugin: [TRACE] 1673792305921: output wg complete - send nil row
2023-01-15 14:18:25.666 UTC [TRACE] steampipe-plugin-hackernews.plugin: [TRACE] 1673792305921: empty row on output channel - we are done
2023-01-15 14:18:25.666 UTC [INFO]  steampipe-plugin-hackernews.plugin: [INFO]  1673792305921: Plugin Execute complete (1673792305921)
2023-01-15 14:18:25.667 UTC [TRACE] stdio: received data: channel=STDOUT len=61
2023-01-15 14:18:25.667 UTC [TRACE] stdio: waiting for stdio data
2023-01-15 14:18:25.729 UTC [TRACE] PluginManager Shutdown
2023-01-15 14:18:25.729 UTC [TRACE] killing plugin csv (1989)
2023-01-15 14:18:25.729 UTC [DEBUG] stdio: received EOF, stopping recv loop: err="rpc error: code = Unavailable desc = error reading from server: EOF"
2023-01-15 14:18:25.729 UTC [TRACE] steampipe-plugin-csv.plugin: [TRACE] FLUSHING instrumentation
2023-01-15 14:18:25.729 UTC [TRACE] steampipe-plugin-csv.plugin: [TRACE] Shutdown instrumentation
2023-01-15 14:18:25.730 UTC [INFO]  plugin process exited: path=/home/runner/.steampipe/plugins/hub.steampipe.io/plugins/turbot/csv@latest/steampipe-plugin-csv.plugin pid=1989
2023-01-15 14:18:25.731 UTC [DEBUG] plugin exited
2023-01-15 14:18:25.731 UTC [TRACE] killing plugin hackernews (2014)
2023-01-15 14:18:25.731 UTC [TRACE] steampipe-plugin-hackernews.plugin: [TRACE] 1673792305921: FLUSHING instrumentation
2023-01-15 14:18:25.731 UTC [TRACE] steampipe-plugin-hackernews.plugin: [TRACE] 1673792305921: Shutdown instrumentation
2023-01-15 14:18:25.731 UTC [DEBUG] stdio: received EOF, stopping recv loop: err="rpc error: code = Unavailable desc = error reading from server: EOF"
2023-01-15 14:18:25.734 UTC [INFO]  plugin process exited: path=/home/runner/.steampipe/plugins/hub.steampipe.io/plugins/turbot/hackernews@latest/steampipe-plugin-hackernews.plugin pid=2014
2023-01-15 14:18:25.734 UTC [DEBUG] plugin exited
2023-01-15 14:18:31.086 UTC [WARN]  steampipe-plugin-csv.plugin: [WARN]  1673792311655: getKeyColumnsForTable found no schema for table '/home/runner/work/steampipe-samples/steampipe-samples/all/hackernews/hn.csv'
2023-01-15 14:19:04.776 UTC [WARN]  steampipe-plugin-csv.plugin: [WARN]  1673792344476: getKeyColumnsForTable found no schema for table '/home/runner/work/steampipe-samples/steampipe-samples/all/hackernews/hn.csv'
2023-01-15 14:21:17.127 UTC [ERROR] steampipe-plugin-csv.plugin: [ERROR] csv.tableCSV: header_parse_error=EOF path=/home/runner/work/steampipe-samples/steampipe-samples/all/hackernews/new_sc.csv header=[]
2023-01-15 14:21:17.127 UTC [ERROR] steampipe-plugin-csv.plugin: [ERROR] csv.PluginTables: create_table_error="failed to parse file header /home/runner/work/steampipe-samples/steampipe-samples/all/hackernews/new_sc.csv: EOF" path=/home/runner/work/steampipe-samples/steampipe-samples/all/hackernews/new_sc.csv
2023-01-15 14:21:17.127 UTC [WARN]  failed to set connection config: failed to parse file header /home/runner/work/steampipe-samples/steampipe-samples/all/hackernews/new_sc.csv: EOF
2023-01-15 14:21:18.330 UTC [WARN]  steampipe-plugin-csv.plugin: [WARN]  1673792478329: getKeyColumnsForTable found no schema for table '/home/runner/work/steampipe-samples/steampipe-samples/all/hackernews/new_sc.csv'
2023-01-15 14:21:24.864 UTC [ERROR] steampipe-plugin-csv.plugin: [ERROR] csv.tableCSV: header_parse_error=EOF path=/home/runner/work/steampipe-samples/steampipe-samples/all/hackernews/hn_items_all.csv header=[]
2023-01-15 14:21:24.864 UTC [ERROR] steampipe-plugin-csv.plugin: [ERROR] csv.PluginTables: create_table_error="failed to parse file header /home/runner/work/steampipe-samples/steampipe-samples/all/hackernews/hn_items_all.csv: EOF" path=/home/runner/work/steampipe-samples/steampipe-samples/all/hackernews/hn_items_all.csv
2023-01-15 14:21:24.864 UTC [WARN]  failed to set connection config: failed to parse file header /home/runner/work/steampipe-samples/steampipe-samples/all/hackernews/hn_items_all.csv: EOF
2023-01-15 14:21:26.113 UTC [ERROR] steampipe-plugin-csv.plugin: [ERROR] csv.tableCSV: header_parse_error=EOF path=/home/runner/work/steampipe-samples/steampipe-samples/all/hackernews/people.csv header=[]
2023-01-15 14:21:26.113 UTC [ERROR] steampipe-plugin-csv.plugin: [ERROR] csv.PluginTables: create_table_error="failed to parse file header /home/runner/work/steampipe-samples/steampipe-samples/all/hackernews/people.csv: EOF" path=/home/runner/work/steampipe-samples/steampipe-samples/all/hackernews/people.csv
2023-01-15 14:21:26.113 UTC [WARN]  failed to set connection config: failed to parse file header /home/runner/work/steampipe-samples/steampipe-samples/all/hackernews/people.csv: EOF
